MK860761.1	SRA:ERR3376861.56828880.1	99.338	151	1	0	3944	4094	1	151	1.38e-68	274
MK860761.1	SRA:ERR3376861.10470290.2	99.338	151	1	0	3927	4077	1	151	1.38e-68	274
MK860761.1	SRA:ERR3376861.217230969.1	100.000	147	0	0	7332	7478	1	147	4.95e-68	272
MK860761.1	SRA:ERR3376861.160434190.1	99.333	150	1	0	3924	4073	1	150	4.95e-68	272
MK860761.1	SRA:ERR3376861.141051118.1	99.333	150	1	0	7341	7490	1	150	4.95e-68	272
MK860761.1	SRA:ERR3376861.247264049.1	99.329	149	1	0	7322	7470	149	1	1.78e-67	270
MK860761.1	SRA:ERR3376861.160434190.2	99.329	149	1	0	3946	4094	150	2	1.78e-67	270
MK860761.1	SRA:ERR3376861.160426022.2	99.329	149	1	0	3946	4094	150	2	1.78e-67	270
MK860761.1	SRA:ERR3376861.57800686.2	99.324	148	1	0	7336	7483	1	148	6.40e-67	268
MK860761.1	SRA:ERR3376861.57800686.1	99.324	148	1	0	7336	7483	148	1	6.40e-67	268
MK860761.1	SRA:ERR3376861.160426022.1	98.667	150	2	0	3924	4073	1	150	2.30e-66	267
MK860761.1	SRA:ERR3376861.1408475.1	98.013	151	3	0	3978	4128	1	151	2.98e-65	263
MK860761.1	SRA:ERR3376861.118610461.1	97.987	149	3	0	3973	4121	149	1	3.85e-64	259
MK860761.1	SRA:ERR3376861.179585929.1	99.286	140	1	0	7322	7461	12	151	1.79e-62	254
MK860761.1	SRA:ERR3376861.179585602.1	99.286	140	1	0	7322	7461	12	151	1.79e-62	254
MK860761.1	SRA:ERR3376861.247264049.2	99.265	136	1	0	3924	4059	136	1	3.00e-60	246
MK860761.1	SRA:ERR3376861.187026320.2	96.000	150	6	0	3924	4073	1	150	3.00e-60	246
MK860761.1	SRA:ERR3376861.246467273.1	96.000	150	6	0	4050	4199	1	150	1.08e-59	244
MK860761.1	SRA:ERR3376861.203584776.2	97.222	144	4	0	7322	7465	144	1	1.08e-59	244
MK860761.1	SRA:ERR3376861.157836192.2	100.000	131	0	0	7342	7472	131	1	3.88e-59	243
MK860761.1	SRA:ERR3376861.157836192.1	100.000	131	0	0	7342	7472	1	131	3.88e-59	243
MK860761.1	SRA:ERR3376861.56828880.2	95.946	148	6	0	4044	4191	148	1	1.39e-58	241
MK860761.1	SRA:ERR3376861.106109339.1	95.333	150	7	0	8599	8748	1	150	5.02e-58	239
MK860761.1	SRA:ERR3376861.1408475.2	95.302	149	7	0	4079	4227	151	3	1.80e-57	237
MK860761.1	SRA:ERR3376861.106493528.2	97.810	137	1	1	7363	7497	151	15	6.49e-57	235
MK860761.1	SRA:ERR3376861.10470290.1	94.702	151	8	0	4101	4251	151	1	6.49e-57	235
MK860761.1	SRA:ERR3376861.114745977.2	94.667	150	8	0	4089	4238	1	150	2.33e-56	233
MK860761.1	SRA:ERR3376861.114744491.2	94.667	150	8	0	4089	4238	1	150	2.33e-56	233
MK860761.1	SRA:ERR3376861.89949301.1	96.454	141	5	0	8608	8748	147	7	2.33e-56	233
MK860761.1	SRA:ERR3376861.60926317.1	94.595	148	8	0	4096	4243	1	148	3.02e-55	230
MK860761.1	SRA:ERR3376861.60925453.1	94.595	148	8	0	4096	4243	1	148	3.02e-55	230
MK860761.1	SRA:ERR3376861.60924787.1	94.595	148	8	0	4096	4243	1	148	3.02e-55	230
MK860761.1	SRA:ERR3376861.223698849.1	94.000	150	9	0	4093	4242	1	150	1.09e-54	228
MK860761.1	SRA:ERR3376861.21030135.1	94.558	147	8	0	4107	4253	1	147	1.09e-54	228
MK860761.1	SRA:ERR3376861.100603621.2	97.015	134	4	0	4019	4152	1	134	3.91e-54	226
MK860761.1	SRA:ERR3376861.100603621.1	97.015	134	4	0	4019	4152	134	1	3.91e-54	226
MK860761.1	SRA:ERR3376861.89335194.1	96.124	129	5	0	8620	8748	1	129	1.09e-49	211
MK860761.1	SRA:ERR3376861.42864184.2	99.145	117	1	0	7375	7491	1	117	1.09e-49	211
MK860761.1	SRA:ERR3376861.42864184.1	97.581	124	1	1	7375	7496	131	8	1.09e-49	211
MK860761.1	SRA:ERR3376861.245064425.1	99.138	116	1	0	3935	4050	1	116	3.93e-49	209
MK860761.1	SRA:ERR3376861.240539611.1	98.319	119	2	0	7365	7483	1	119	3.93e-49	209
MK860761.1	SRA:ERR3376861.135446114.1	96.774	124	4	0	8620	8743	1	124	1.41e-48	207
MK860761.1	SRA:ERR3376861.25752799.1	99.115	113	1	0	7322	7434	37	149	1.83e-47	204
MK860761.1	SRA:ERR3376861.25752692.1	99.115	113	1	0	7322	7434	37	149	1.83e-47	204
MK860761.1	SRA:ERR3376861.15982430.2	94.656	131	7	0	4039	4169	132	2	1.83e-47	204
MK860761.1	SRA:ERR3376861.15982430.1	94.656	131	7	0	4039	4169	2	132	1.83e-47	204
MK860761.1	SRA:ERR3376861.188906033.2	100.000	109	0	0	3924	4032	109	1	6.58e-47	202
MK860761.1	SRA:ERR3376861.203584776.1	99.091	110	1	0	7322	7431	42	151	8.51e-46	198
MK860761.1	SRA:ERR3376861.112613388.2	93.077	130	9	0	8560	8689	21	150	1.42e-43	191
MK860761.1	SRA:ERR3376861.21362896.2	99.057	106	1	0	3971	4076	1	106	1.42e-43	191
MK860761.1	SRA:ERR3376861.21362896.1	99.057	106	1	0	3971	4076	147	42	1.42e-43	191
MK860761.1	SRA:ERR3376861.250800820.2	89.796	147	15	0	4096	4242	3	149	5.12e-43	189
MK860761.1	SRA:ERR3376861.60926317.2	91.852	135	10	1	4132	4265	151	17	1.84e-42	187
MK860761.1	SRA:ERR3376861.60925453.2	91.852	135	10	1	4132	4265	151	17	1.84e-42	187
MK860761.1	SRA:ERR3376861.60924787.2	91.852	135	10	1	4132	4265	151	17	1.84e-42	187
MK860761.1	SRA:ERR3376861.123912291.2	100.000	100	0	0	7346	7445	1	100	6.63e-42	185
MK860761.1	SRA:ERR3376861.123912291.1	100.000	100	0	0	7346	7445	101	2	6.63e-42	185
MK860761.1	SRA:ERR3376861.109615756.2	99.029	103	1	0	7322	7424	103	1	6.63e-42	185
MK860761.1	SRA:ERR3376861.109615756.1	99.029	103	1	0	7322	7424	16	118	6.63e-42	185
MK860761.1	SRA:ERR3376861.33269163.2	97.273	110	1	1	7390	7497	1	110	6.63e-42	185
MK860761.1	SRA:ERR3376861.114745977.1	91.729	133	10	1	4134	4265	151	19	2.38e-41	183
MK860761.1	SRA:ERR3376861.114744491.1	91.729	133	10	1	4134	4265	151	19	2.38e-41	183
MK860761.1	SRA:ERR3376861.118610461.2	99.010	101	1	0	7322	7422	101	1	8.58e-41	182
MK860761.1	SRA:ERR3376861.179585929.2	97.196	107	1	1	7393	7497	151	45	3.08e-40	180
MK860761.1	SRA:ERR3376861.179585602.2	97.196	107	1	1	7393	7497	151	45	3.08e-40	180
MK860761.1	SRA:ERR3376861.148269383.2	96.330	109	4	0	8640	8748	1	109	3.08e-40	180
MK860761.1	SRA:ERR3376861.119447438.2	96.296	108	4	0	8641	8748	131	24	1.11e-39	178
MK860761.1	SRA:ERR3376861.119447438.1	96.296	108	4	0	8641	8748	14	121	1.11e-39	178
MK860761.1	SRA:ERR3376861.120787196.1	98.980	98	1	0	7322	7419	98	1	3.99e-39	176
MK860761.1	SRA:ERR3376861.168018569.2	96.226	106	4	0	8643	8748	1	106	1.43e-38	174
MK860761.1	SRA:ERR3376861.168016771.2	96.226	106	4	0	8643	8748	1	106	1.43e-38	174
MK860761.1	SRA:ERR3376861.168016432.2	96.226	106	4	0	8643	8748	1	106	1.43e-38	174
MK860761.1	SRA:ERR3376861.69595144.1	98.969	97	1	0	7322	7418	97	1	1.43e-38	174
MK860761.1	SRA:ERR3376861.245064425.2	98.913	92	1	0	3959	4050	150	59	8.64e-36	165
MK860761.1	SRA:ERR3376861.211794983.1	96.040	101	4	0	8622	8722	101	1	8.64e-36	165
MK860761.1	SRA:ERR3376861.188091975.2	96.040	101	4	0	8648	8748	1	101	8.64e-36	165
MK860761.1	SRA:ERR3376861.120787196.2	98.913	92	1	0	7322	7413	60	151	8.64e-36	165
MK860761.1	SRA:ERR3376861.88759166.1	92.241	116	9	0	8560	8675	36	151	8.64e-36	165
MK860761.1	SRA:ERR3376861.88759166.1	94.000	50	1	1	7450	7497	1	50	1.50e-08	75.0
MK860761.1	SRA:ERR3376861.112613388.1	96.000	100	4	0	8649	8748	151	52	3.11e-35	163
MK860761.1	SRA:ERR3376861.250800820.1	89.764	127	12	1	4140	4265	150	24	1.12e-34	161
MK860761.1	SRA:ERR3376861.215847361.2	96.907	97	1	1	7403	7497	138	42	1.12e-34	161
MK860761.1	SRA:ERR3376861.215847361.1	96.907	97	1	1	7403	7497	1	97	1.12e-34	161
MK860761.1	SRA:ERR3376861.113011347.2	98.876	89	1	0	3971	4059	1	89	4.02e-34	159
MK860761.1	SRA:ERR3376861.113011347.2	100.000	41	0	0	3941	3981	126	86	4.16e-09	76.8
MK860761.1	SRA:ERR3376861.113011347.1	98.876	89	1	0	3971	4059	126	38	4.02e-34	159
MK860761.1	SRA:ERR3376861.113011347.1	100.000	41	0	0	3941	3981	1	41	4.16e-09	76.8
MK860761.1	SRA:ERR3376861.71818125.1	91.453	117	9	1	4150	4265	3	119	4.02e-34	159
MK860761.1	SRA:ERR3376861.168018569.1	96.774	93	3	0	8656	8748	150	58	5.20e-33	156
MK860761.1	SRA:ERR3376861.168016771.1	96.774	93	3	0	8656	8748	150	58	5.20e-33	156
MK860761.1	SRA:ERR3376861.168016432.1	96.774	93	3	0	8656	8748	150	58	5.20e-33	156
MK860761.1	SRA:ERR3376861.161018759.1	95.833	96	4	0	8653	8748	24	119	5.20e-33	156
MK860761.1	SRA:ERR3376861.161016735.1	95.833	96	4	0	8653	8748	24	119	5.20e-33	156
MK860761.1	SRA:ERR3376861.134366566.2	95.833	96	4	0	8653	8748	40	135	5.20e-33	156
MK860761.1	SRA:ERR3376861.33269163.1	93.269	104	7	0	8563	8666	104	1	1.87e-32	154
MK860761.1	SRA:ERR3376861.33269163.1	94.828	58	1	1	7442	7497	150	93	5.35e-13	89.8
MK860761.1	SRA:ERR3376861.252101961.1	96.739	92	1	1	7408	7497	1	92	6.72e-32	152
MK860761.1	SRA:ERR3376861.252101329.1	96.739	92	1	1	7408	7497	1	92	6.72e-32	152
MK860761.1	SRA:ERR3376861.160221913.2	98.824	85	1	0	7402	7486	85	1	6.72e-32	152
MK860761.1	SRA:ERR3376861.160221913.1	98.824	85	1	0	7402	7486	1	85	6.72e-32	152
MK860761.1	SRA:ERR3376861.25752799.2	96.739	92	1	1	7408	7497	150	59	6.72e-32	152
MK860761.1	SRA:ERR3376861.25752692.2	96.739	92	1	1	7408	7497	150	59	6.72e-32	152
MK860761.1	SRA:ERR3376861.92066910.1	94.792	96	5	0	8648	8743	151	56	2.42e-31	150
MK860761.1	SRA:ERR3376861.252101961.2	93.069	101	7	0	8563	8663	101	1	8.70e-31	148
MK860761.1	SRA:ERR3376861.252101961.2	95.161	62	1	1	7438	7497	151	90	3.20e-15	97.1
MK860761.1	SRA:ERR3376861.252101329.2	93.069	101	7	0	8563	8663	101	1	8.70e-31	148
MK860761.1	SRA:ERR3376861.252101329.2	95.161	62	1	1	7438	7497	151	90	3.20e-15	97.1
MK860761.1	SRA:ERR3376861.89949301.2	92.233	103	8	0	8560	8662	49	151	3.13e-30	147
MK860761.1	SRA:ERR3376861.89949301.2	95.238	63	1	1	7437	7497	1	63	8.88e-16	99.0
MK860761.1	SRA:ERR3376861.261716277.2	96.552	87	3	0	8662	8748	150	64	1.13e-29	145
MK860761.1	SRA:ERR3376861.229032158.2	90.741	108	10	0	4151	4258	110	3	1.13e-29	145
MK860761.1	SRA:ERR3376861.229032158.1	90.741	108	10	0	4151	4258	8	115	1.13e-29	145
MK860761.1	SRA:ERR3376861.145533331.2	96.552	87	3	0	4029	4115	1	87	1.13e-29	145
MK860761.1	SRA:ERR3376861.145533331.1	96.552	87	3	0	4029	4115	125	39	1.13e-29	145
MK860761.1	SRA:ERR3376861.123597852.2	100.000	78	0	0	3924	4001	78	1	1.13e-29	145
MK860761.1	SRA:ERR3376861.123597852.1	100.000	78	0	0	3924	4001	12	89	1.13e-29	145
MK860761.1	SRA:ERR3376861.158461192.2	96.512	86	3	0	8663	8748	1	86	4.05e-29	143
MK860761.1	SRA:ERR3376861.158461192.1	96.512	86	3	0	8663	8748	120	35	4.05e-29	143
MK860761.1	SRA:ERR3376861.23395166.2	91.346	104	8	1	4163	4265	1	104	1.46e-28	141
MK860761.1	SRA:ERR3376861.135128436.1	91.000	100	9	0	4143	4242	1	100	5.23e-28	139
MK860761.1	SRA:ERR3376861.217230969.2	93.478	92	6	0	8563	8654	94	3	1.88e-27	137
MK860761.1	SRA:ERR3376861.217230969.2	95.652	69	1	1	7431	7497	151	83	4.10e-19	110
MK860761.1	SRA:ERR3376861.191517528.2	98.684	76	1	0	7322	7397	76	151	6.77e-27	135
MK860761.1	SRA:ERR3376861.191517528.2	100.000	31	0	0	3924	3954	31	1	0.002	58.4
MK860761.1	SRA:ERR3376861.98622438.2	100.000	73	0	0	3924	3996	68	140	6.77e-27	135
MK860761.1	SRA:ERR3376861.98622438.1	100.000	73	0	0	3924	3996	73	1	6.77e-27	135
MK860761.1	SRA:ERR3376861.217490252.2	98.649	74	1	0	7322	7395	74	1	8.76e-26	132
MK860761.1	SRA:ERR3376861.217490252.1	98.649	74	1	0	7322	7395	53	126	8.76e-26	132
MK860761.1	SRA:ERR3376861.188091975.1	97.403	77	2	0	8672	8748	150	74	8.76e-26	132
MK860761.1	SRA:ERR3376861.49318763.2	98.649	74	1	0	7322	7395	74	1	8.76e-26	132
MK860761.1	SRA:ERR3376861.49318763.1	98.649	74	1	0	7322	7395	67	140	8.76e-26	132
MK860761.1	SRA:ERR3376861.226853525.2	96.203	79	2	1	4058	4135	80	2	1.13e-24	128
MK860761.1	SRA:ERR3376861.226853525.1	96.203	79	2	1	4058	4135	1	79	1.13e-24	128
MK860761.1	SRA:ERR3376861.134366566.1	97.333	75	2	0	8674	8748	151	77	1.13e-24	128
MK860761.1	SRA:ERR3376861.206745296.2	97.297	74	2	0	8675	8748	108	35	4.08e-24	126
MK860761.1	SRA:ERR3376861.206745296.1	97.297	74	2	0	8675	8748	1	74	4.08e-24	126
MK860761.1	SRA:ERR3376861.240420174.1	92.135	89	6	1	4178	4265	9	97	1.47e-23	124
MK860761.1	SRA:ERR3376861.240420086.1	92.135	89	6	1	4178	4265	9	97	1.47e-23	124
MK860761.1	SRA:ERR3376861.191517528.1	97.260	73	2	0	8676	8748	1	73	1.47e-23	124
MK860761.1	SRA:ERR3376861.191517528.1	94.828	58	3	0	8617	8674	151	94	1.49e-13	91.6
MK860761.1	SRA:ERR3376861.53455579.2	97.260	73	2	0	8665	8737	73	1	1.47e-23	124
MK860761.1	SRA:ERR3376861.53455579.1	97.260	73	2	0	8665	8737	13	85	1.47e-23	124
MK860761.1	SRA:ERR3376861.187026320.1	96.053	76	2	1	4073	4147	151	76	5.27e-23	122
MK860761.1	SRA:ERR3376861.117456684.2	96.000	75	3	0	8626	8700	3	77	5.27e-23	122
MK860761.1	SRA:ERR3376861.117456684.1	96.000	75	3	0	8626	8700	75	1	5.27e-23	122
MK860761.1	SRA:ERR3376861.70070186.2	96.000	75	3	0	8626	8700	3	77	5.27e-23	122
MK860761.1	SRA:ERR3376861.70070186.1	96.000	75	3	0	8626	8700	75	1	5.27e-23	122
MK860761.1	SRA:ERR3376861.135537904.2	97.143	70	2	0	8679	8748	121	52	6.82e-22	119
MK860761.1	SRA:ERR3376861.20873095.2	95.946	74	1	1	7426	7497	93	20	6.82e-22	119
MK860761.1	SRA:ERR3376861.20873095.1	95.946	74	1	1	7426	7497	1	74	6.82e-22	119
MK860761.1	SRA:ERR3376861.113323011.2	95.890	73	1	1	7427	7497	88	16	2.45e-21	117
MK860761.1	SRA:ERR3376861.113323011.1	95.890	73	1	1	7427	7497	1	73	2.45e-21	117
MK860761.1	SRA:ERR3376861.192041873.1	93.421	76	5	0	8585	8660	1	76	3.17e-20	113
MK860761.1	SRA:ERR3376861.192041871.1	93.421	76	5	0	8585	8660	1	76	3.17e-20	113
MK860761.1	SRA:ERR3376861.157569654.2	98.438	64	1	0	4018	4081	1	64	3.17e-20	113
MK860761.1	SRA:ERR3376861.157569654.1	98.438	64	1	0	4018	4081	113	50	3.17e-20	113
MK860761.1	SRA:ERR3376861.135537904.1	95.714	70	3	0	8679	8748	56	125	3.17e-20	113
MK860761.1	SRA:ERR3376861.29908598.1	96.970	66	2	0	8683	8748	1	66	1.14e-19	111
MK860761.1	SRA:ERR3376861.16884187.2	96.825	63	2	0	4084	4146	1	63	5.31e-18	106
MK860761.1	SRA:ERR3376861.16884187.1	96.825	63	2	0	4084	4146	136	74	5.31e-18	106
MK860761.1	SRA:ERR3376861.106493528.1	100.000	56	0	0	3946	4001	1	56	1.91e-17	104
MK860761.1	SRA:ERR3376861.177381964.1	95.312	64	3	0	8661	8724	64	1	6.87e-17	102
MK860761.1	SRA:ERR3376861.18330595.1	98.305	59	0	1	7415	7472	151	93	6.87e-17	102
MK860761.1	SRA:ERR3376861.188906033.1	98.214	56	1	0	7322	7377	56	1	8.88e-16	99.0
MK860761.1	SRA:ERR3376861.188906033.1	100.000	51	0	0	3924	3974	101	151	1.15e-14	95.3
MK860761.1	SRA:ERR3376861.54352244.2	98.182	55	1	0	7322	7376	55	1	3.20e-15	97.1
MK860761.1	SRA:ERR3376861.69595144.2	98.148	54	1	0	7322	7375	98	151	1.15e-14	95.3
MK860761.1	SRA:ERR3376861.54352244.1	96.364	55	2	0	7322	7376	87	141	1.49e-13	91.6
MK860761.1	SRA:ERR3376861.54352244.1	100.000	40	0	0	3924	3963	42	3	1.50e-08	75.0
MK860761.1	SRA:ERR3376861.244314605.2	96.226	53	2	0	8618	8670	54	2	1.92e-12	87.9
MK860761.1	SRA:ERR3376861.244314605.1	96.226	53	2	0	8618	8670	77	129	1.92e-12	87.9
MK860761.1	SRA:ERR3376861.189319327.2	100.000	47	0	0	7398	7444	1	47	1.92e-12	87.9
MK860761.1	SRA:ERR3376861.189319327.1	100.000	47	0	0	7398	7444	47	1	1.92e-12	87.9
MK860761.1	SRA:ERR3376861.189317722.2	100.000	47	0	0	7398	7444	1	47	1.92e-12	87.9
MK860761.1	SRA:ERR3376861.189317722.1	100.000	47	0	0	7398	7444	47	1	1.92e-12	87.9
MK860761.1	SRA:ERR3376861.120575024.2	98.000	50	1	0	4111	4160	114	65	1.92e-12	87.9
MK860761.1	SRA:ERR3376861.120575024.1	98.000	50	1	0	4111	4160	1	50	1.92e-12	87.9
MK860761.1	SRA:ERR3376861.224819194.2	100.000	46	0	0	3924	3969	46	1	6.92e-12	86.1
MK860761.1	SRA:ERR3376861.224819194.1	100.000	46	0	0	3924	3969	85	130	6.92e-12	86.1
MK860761.1	SRA:ERR3376861.171141955.2	96.154	52	2	0	4026	4077	1	52	6.92e-12	86.1
MK860761.1	SRA:ERR3376861.171141955.1	96.154	52	2	0	4026	4077	105	54	6.92e-12	86.1
MK860761.1	SRA:ERR3376861.48019030.2	100.000	46	0	0	8697	8742	46	1	6.92e-12	86.1
MK860761.1	SRA:ERR3376861.48019030.1	100.000	46	0	0	8697	8742	106	151	6.92e-12	86.1
MK860761.1	SRA:ERR3376861.57678271.1	97.872	47	1	0	8702	8748	1	47	8.95e-11	82.4
MK860761.1	SRA:ERR3376861.13472566.2	97.727	44	1	0	7391	7434	1	44	4.16e-09	76.8
MK860761.1	SRA:ERR3376861.13472566.1	97.727	44	1	0	7391	7434	111	68	4.16e-09	76.8
MK860761.1	SRA:ERR3376861.13465781.2	97.727	44	1	0	7391	7434	1	44	4.16e-09	76.8
MK860761.1	SRA:ERR3376861.13465781.1	97.727	44	1	0	7391	7434	111	68	4.16e-09	76.8
MK860761.1	SRA:ERR3376861.177331660.2	100.000	38	0	0	3964	4001	53	16	1.94e-07	71.3
MK860761.1	SRA:ERR3376861.177331660.1	100.000	38	0	0	3964	4001	1	38	1.94e-07	71.3
MK860761.1	SRA:ERR3376861.105353443.2	97.561	41	1	0	7451	7491	1	41	1.94e-07	71.3
MK860761.1	SRA:ERR3376861.105353443.1	97.561	41	1	0	7451	7491	113	73	1.94e-07	71.3
MK860761.1	SRA:ERR3376861.211794983.2	95.122	41	2	0	8622	8662	110	150	9.01e-06	65.8
MK860761.1	SRA:ERR3376861.61914945.2	97.297	37	1	0	8626	8662	72	108	3.24e-05	63.9
MK860761.1	SRA:ERR3376861.61914945.1	97.297	37	1	0	8626	8662	37	1	3.24e-05	63.9
MK860761.1	SRA:ERR3376861.38996859.1	97.297	37	1	0	8712	8748	1	37	3.24e-05	63.9
MK860761.1	SRA:ERR3376861.38993738.1	97.297	37	1	0	8712	8748	1	37	3.24e-05	63.9
MK860761.1	SRA:ERR3376861.38993624.1	97.297	37	1	0	8712	8748	1	37	3.24e-05	63.9
MK860761.1	SRA:ERR3376861.67432297.2	100.000	33	0	0	8703	8735	33	1	1.17e-04	62.1
MK860761.1	SRA:ERR3376861.67422925.2	100.000	33	0	0	8703	8735	33	1	1.17e-04	62.1
MK860761.1	SRA:ERR3376861.188569950.2	100.000	32	0	0	4043	4074	68	37	4.19e-04	60.2
MK860761.1	SRA:ERR3376861.188569950.1	100.000	32	0	0	4043	4074	1	32	4.19e-04	60.2
MK860761.1	SRA:ERR3376861.30665079.2	100.000	32	0	0	8703	8734	32	1	4.19e-04	60.2
MK860761.1	SRA:ERR3376861.30665079.1	100.000	32	0	0	8703	8734	59	90	4.19e-04	60.2
MK860761.1	SRA:ERR3376861.30663235.2	100.000	32	0	0	8703	8734	32	1	4.19e-04	60.2
MK860761.1	SRA:ERR3376861.30663235.1	100.000	32	0	0	8703	8734	59	90	4.19e-04	60.2
MK860761.1	SRA:ERR3376861.198444725.2	96.970	33	1	0	8716	8748	22	54	0.005	56.5
MK860761.1	SRA:ERR3376861.198441570.2	96.970	33	1	0	8716	8748	22	54	0.005	56.5
