MK860761.1	SRA:ERR3376860.202338803.2	99.338	151	1	0	3926	4076	151	1	1.43e-68	274
MK860761.1	SRA:ERR3376860.202338679.2	99.338	151	1	0	3926	4076	151	1	1.43e-68	274
MK860761.1	SRA:ERR3376860.202338803.1	99.333	150	1	0	3924	4073	1	150	5.16e-68	272
MK860761.1	SRA:ERR3376860.202338679.1	99.333	150	1	0	3924	4073	1	150	5.16e-68	272
MK860761.1	SRA:ERR3376860.49958312.1	99.329	149	1	0	7342	7490	1	149	1.86e-67	270
MK860761.1	SRA:ERR3376860.29794842.2	98.000	150	3	0	3975	4124	150	1	1.12e-64	261
MK860761.1	SRA:ERR3376860.25246800.1	98.639	147	2	0	3948	4094	1	147	1.12e-64	261
MK860761.1	SRA:ERR3376860.25246273.1	98.639	147	2	0	3948	4094	1	147	1.12e-64	261
MK860761.1	SRA:ERR3376860.166391144.1	97.987	149	3	0	3973	4121	149	1	4.02e-64	259
MK860761.1	SRA:ERR3376860.273336604.1	97.333	150	4	0	3955	4104	1	150	5.20e-63	255
MK860761.1	SRA:ERR3376860.25246800.2	96.689	151	5	0	4013	4163	151	1	6.72e-62	252
MK860761.1	SRA:ERR3376860.25246273.2	96.689	151	5	0	4013	4163	151	1	6.72e-62	252
MK860761.1	SRA:ERR3376860.273336604.2	96.026	151	6	0	4051	4201	151	1	3.13e-60	246
MK860761.1	SRA:ERR3376860.213508890.1	99.265	136	1	0	3949	4084	1	136	3.13e-60	246
MK860761.1	SRA:ERR3376860.150769695.2	99.259	135	1	0	7357	7491	138	4	1.13e-59	244
MK860761.1	SRA:ERR3376860.150769695.1	99.259	135	1	0	7357	7491	1	135	1.13e-59	244
MK860761.1	SRA:ERR3376860.141441560.1	99.248	133	1	0	3924	4056	19	151	1.46e-58	241
MK860761.1	SRA:ERR3376860.141441560.2	95.302	149	7	0	4079	4227	151	3	1.88e-57	237
MK860761.1	SRA:ERR3376860.126031000.2	95.302	149	7	0	4079	4227	151	3	1.88e-57	237
MK860761.1	SRA:ERR3376860.44352119.1	95.270	148	7	0	8578	8725	3	150	6.77e-57	235
MK860761.1	SRA:ERR3376860.83700140.1	94.667	150	8	0	4082	4231	1	150	2.44e-56	233
MK860761.1	SRA:ERR3376860.49958312.2	94.040	151	9	0	8565	8715	151	1	3.15e-55	230
MK860761.1	SRA:ERR3376860.3877927.2	94.040	151	9	0	8568	8718	1	151	3.15e-55	230
MK860761.1	SRA:ERR3376860.231572844.2	94.558	147	8	0	4092	4238	1	147	1.13e-54	228
MK860761.1	SRA:ERR3376860.169190292.2	97.727	132	3	0	7355	7486	1	132	1.13e-54	228
MK860761.1	SRA:ERR3376860.169190292.1	97.727	132	3	0	7355	7486	132	1	1.13e-54	228
MK860761.1	SRA:ERR3376860.72930154.2	97.727	132	3	0	7355	7486	1	132	1.13e-54	228
MK860761.1	SRA:ERR3376860.72930154.1	97.727	132	3	0	7355	7486	132	1	1.13e-54	228
MK860761.1	SRA:ERR3376860.62831283.2	93.333	150	10	0	8560	8709	2	151	5.27e-53	222
MK860761.1	SRA:ERR3376860.62831282.2	93.333	150	10	0	8560	8709	2	151	5.27e-53	222
MK860761.1	SRA:ERR3376860.153622286.2	95.588	136	6	0	4061	4196	1	136	6.82e-52	219
MK860761.1	SRA:ERR3376860.153622286.1	95.588	136	6	0	4061	4196	136	1	6.82e-52	219
MK860761.1	SRA:ERR3376860.273238559.2	93.617	141	9	0	8608	8748	150	10	1.14e-49	211
MK860761.1	SRA:ERR3376860.83700140.2	92.568	148	10	1	4119	4265	151	4	1.14e-49	211
MK860761.1	SRA:ERR3376860.44352119.2	96.721	122	4	0	8627	8748	150	29	1.91e-47	204
MK860761.1	SRA:ERR3376860.270235681.2	92.806	139	9	1	4128	4265	148	10	2.47e-46	200
MK860761.1	SRA:ERR3376860.100092539.2	97.391	115	3	0	4005	4119	115	1	3.20e-45	196
MK860761.1	SRA:ERR3376860.100092539.1	97.391	115	3	0	4005	4119	1	115	3.20e-45	196
MK860761.1	SRA:ERR3376860.252838378.2	97.368	114	1	1	7386	7497	1	114	4.13e-44	193
MK860761.1	SRA:ERR3376860.87587273.2	92.537	134	10	0	4128	4261	134	1	4.13e-44	193
MK860761.1	SRA:ERR3376860.87587273.1	93.130	131	9	0	4128	4258	1	131	4.13e-44	193
MK860761.1	SRA:ERR3376860.41437378.2	97.321	112	3	0	4030	4141	112	1	1.49e-43	191
MK860761.1	SRA:ERR3376860.41437378.1	97.321	112	3	0	4030	4141	1	112	1.49e-43	191
MK860761.1	SRA:ERR3376860.90809188.2	99.048	105	1	0	7322	7426	43	147	5.35e-43	189
MK860761.1	SRA:ERR3376860.53212539.1	91.912	136	10	1	4131	4265	151	16	5.35e-43	189
MK860761.1	SRA:ERR3376860.252838378.1	96.460	113	4	0	8614	8726	151	39	1.92e-42	187
MK860761.1	SRA:ERR3376860.90809188.1	98.095	105	2	0	7322	7426	105	1	2.49e-41	183
MK860761.1	SRA:ERR3376860.226249500.1	97.222	108	1	1	7392	7497	150	43	8.95e-41	182
MK860761.1	SRA:ERR3376860.267382361.1	100.000	97	0	0	3924	4020	97	1	3.22e-40	180
MK860761.1	SRA:ERR3376860.267382020.1	100.000	97	0	0	3924	4020	97	1	3.22e-40	180
MK860761.1	SRA:ERR3376860.141476465.2	100.000	96	0	0	7352	7447	5	100	1.16e-39	178
MK860761.1	SRA:ERR3376860.141476465.1	100.000	96	0	0	7352	7447	96	1	1.16e-39	178
MK860761.1	SRA:ERR3376860.186201049.2	91.473	129	10	1	4138	4265	1	129	4.16e-39	176
MK860761.1	SRA:ERR3376860.108165122.2	100.000	94	0	0	3930	4023	94	1	1.50e-38	174
MK860761.1	SRA:ERR3376860.108165122.2	94.595	74	1	3	4009	4080	79	151	1.19e-19	111
MK860761.1	SRA:ERR3376860.29794842.1	98.947	95	1	0	7322	7416	95	1	1.94e-37	171
MK860761.1	SRA:ERR3376860.226249500.2	98.913	92	1	0	7322	7413	58	149	9.01e-36	165
MK860761.1	SRA:ERR3376860.3877927.1	96.040	101	4	0	8648	8748	151	51	9.01e-36	165
MK860761.1	SRA:ERR3376860.271240472.2	95.050	101	5	0	4069	4169	102	2	4.19e-34	159
MK860761.1	SRA:ERR3376860.126454268.2	90.833	120	10	1	4147	4265	1	120	4.19e-34	159
MK860761.1	SRA:ERR3376860.126454268.1	91.453	117	9	1	4150	4265	131	15	4.19e-34	159
MK860761.1	SRA:ERR3376860.99327569.2	94.231	104	6	0	4131	4234	104	1	4.19e-34	159
MK860761.1	SRA:ERR3376860.266675948.1	95.000	100	4	1	3985	4083	100	1	5.42e-33	156
MK860761.1	SRA:ERR3376860.266674773.1	95.000	100	4	1	3985	4083	100	1	5.42e-33	156
MK860761.1	SRA:ERR3376860.206341145.1	94.175	103	5	1	4125	4227	1	102	5.42e-33	156
MK860761.1	SRA:ERR3376860.273238559.1	92.523	107	8	0	8560	8666	45	151	1.95e-32	154
MK860761.1	SRA:ERR3376860.189912141.2	98.837	86	1	0	7322	7407	103	18	1.95e-32	154
MK860761.1	SRA:ERR3376860.189912141.1	98.837	86	1	0	7322	7407	33	118	1.95e-32	154
MK860761.1	SRA:ERR3376860.148704683.2	96.774	93	1	1	7407	7497	118	26	1.95e-32	154
MK860761.1	SRA:ERR3376860.148704683.1	96.774	93	1	1	7407	7497	1	93	1.95e-32	154
MK860761.1	SRA:ERR3376860.135283768.1	96.703	91	3	0	4069	4159	91	1	7.01e-32	152
MK860761.1	SRA:ERR3376860.24334935.2	97.674	86	2	0	4009	4094	44	129	9.07e-31	148
MK860761.1	SRA:ERR3376860.24334935.2	93.878	49	3	0	4121	4169	51	3	1.56e-08	75.0
MK860761.1	SRA:ERR3376860.24334935.1	98.795	83	1	0	4012	4094	84	2	9.07e-31	148
MK860761.1	SRA:ERR3376860.24334935.1	93.878	49	3	0	4121	4169	80	128	1.56e-08	75.0
MK860761.1	SRA:ERR3376860.135283768.2	95.604	91	4	0	4069	4159	1	91	3.26e-30	147
MK860761.1	SRA:ERR3376860.63359555.2	93.814	97	6	0	8583	8679	97	1	3.26e-30	147
MK860761.1	SRA:ERR3376860.63359555.1	93.814	97	6	0	8583	8679	25	121	3.26e-30	147
MK860761.1	SRA:ERR3376860.63358139.2	93.814	97	6	0	8583	8679	97	1	3.26e-30	147
MK860761.1	SRA:ERR3376860.63358139.1	93.814	97	6	0	8583	8679	25	121	3.26e-30	147
MK860761.1	SRA:ERR3376860.57591049.1	98.780	82	1	0	7322	7403	82	1	3.26e-30	147
MK860761.1	SRA:ERR3376860.57590516.1	98.780	82	1	0	7322	7403	82	1	3.26e-30	147
MK860761.1	SRA:ERR3376860.166391144.2	100.000	77	0	0	3924	4000	74	150	4.22e-29	143
MK860761.1	SRA:ERR3376860.96085462.1	90.741	108	9	1	4159	4265	1	108	4.22e-29	143
MK860761.1	SRA:ERR3376860.108165122.1	93.684	95	3	3	4009	4101	94	1	5.46e-28	139
MK860761.1	SRA:ERR3376860.108165122.1	100.000	73	0	0	3930	4002	79	151	7.06e-27	135
MK860761.1	SRA:ERR3376860.175488875.1	92.708	96	6	1	4171	4265	2	97	1.96e-27	137
MK860761.1	SRA:ERR3376860.175488760.1	92.708	96	6	1	4171	4265	2	97	1.96e-27	137
MK860761.1	SRA:ERR3376860.266942840.2	98.684	76	1	0	7322	7397	50	125	7.06e-27	135
MK860761.1	SRA:ERR3376860.266942840.1	98.684	76	1	0	7322	7397	76	1	7.06e-27	135
MK860761.1	SRA:ERR3376860.113347739.1	96.296	81	3	0	8668	8748	1	81	2.54e-26	134
MK860761.1	SRA:ERR3376860.6566264.2	98.667	75	1	0	3974	4048	1	75	2.54e-26	134
MK860761.1	SRA:ERR3376860.6566264.1	98.667	75	1	0	3974	4048	144	70	2.54e-26	134
MK860761.1	SRA:ERR3376860.255003632.2	100.000	69	0	0	3928	3996	69	1	1.18e-24	128
MK860761.1	SRA:ERR3376860.255003632.1	100.000	69	0	0	3928	3996	69	137	1.18e-24	128
MK860761.1	SRA:ERR3376860.53212539.2	97.297	74	2	0	4039	4112	78	151	4.25e-24	126
MK860761.1	SRA:ERR3376860.213664222.2	96.104	77	1	1	7423	7497	1	77	1.53e-23	124
MK860761.1	SRA:ERR3376860.148175440.2	98.571	70	1	0	4024	4093	70	1	1.53e-23	124
MK860761.1	SRA:ERR3376860.148175440.1	98.571	70	1	0	4024	4093	28	97	1.53e-23	124
MK860761.1	SRA:ERR3376860.148170483.2	98.571	70	1	0	4024	4093	70	1	1.53e-23	124
MK860761.1	SRA:ERR3376860.148170483.1	98.571	70	1	0	4024	4093	28	97	1.53e-23	124
MK860761.1	SRA:ERR3376860.57591049.2	100.000	66	0	0	3924	3989	66	1	5.50e-23	122
MK860761.1	SRA:ERR3376860.57591049.2	97.561	41	1	0	7322	7362	111	151	2.02e-07	71.3
MK860761.1	SRA:ERR3376860.57590516.2	100.000	66	0	0	3924	3989	66	1	5.50e-23	122
MK860761.1	SRA:ERR3376860.57590516.2	97.561	41	1	0	7322	7362	111	151	2.02e-07	71.3
MK860761.1	SRA:ERR3376860.267382361.2	98.507	67	1	0	7322	7388	67	1	7.11e-22	119
MK860761.1	SRA:ERR3376860.267382361.2	100.000	40	0	0	3924	3963	112	151	1.56e-08	75.0
MK860761.1	SRA:ERR3376860.267382020.2	98.507	67	1	0	7322	7388	67	1	7.11e-22	119
MK860761.1	SRA:ERR3376860.267382020.2	100.000	40	0	0	3924	3963	112	151	1.56e-08	75.0
MK860761.1	SRA:ERR3376860.271240472.1	97.059	68	2	0	4069	4136	84	151	9.20e-21	115
MK860761.1	SRA:ERR3376860.206341145.2	92.593	81	5	1	4150	4230	149	70	9.20e-21	115
MK860761.1	SRA:ERR3376860.47594253.2	98.462	65	0	1	7331	7395	82	19	3.31e-20	113
MK860761.1	SRA:ERR3376860.47594253.1	98.462	65	0	1	7331	7395	2	65	3.31e-20	113
MK860761.1	SRA:ERR3376860.168527434.1	98.361	61	1	0	8683	8743	61	1	1.54e-18	108
MK860761.1	SRA:ERR3376860.249004370.2	98.305	59	1	0	7322	7380	92	150	1.99e-17	104
MK860761.1	SRA:ERR3376860.249004370.2	100.000	47	0	0	3924	3970	47	1	2.01e-12	87.9
MK860761.1	SRA:ERR3376860.249004085.2	98.305	59	1	0	7322	7380	92	150	1.99e-17	104
MK860761.1	SRA:ERR3376860.249004085.2	100.000	47	0	0	3924	3970	47	1	2.01e-12	87.9
MK860761.1	SRA:ERR3376860.242194266.2	98.305	59	1	0	4025	4083	1	59	1.99e-17	104
MK860761.1	SRA:ERR3376860.242194266.1	98.305	59	1	0	4025	4083	67	9	1.99e-17	104
MK860761.1	SRA:ERR3376860.213664222.1	95.385	65	1	1	7435	7497	150	86	7.17e-17	102
MK860761.1	SRA:ERR3376860.135166810.2	96.721	61	1	1	8681	8741	60	1	2.58e-16	100
MK860761.1	SRA:ERR3376860.23801516.2	100.000	52	0	0	3926	3977	64	115	3.33e-15	97.1
MK860761.1	SRA:ERR3376860.23801516.1	100.000	52	0	0	3926	3977	52	1	3.33e-15	97.1
MK860761.1	SRA:ERR3376860.23799896.2	100.000	52	0	0	3926	3977	64	115	3.33e-15	97.1
MK860761.1	SRA:ERR3376860.23799896.1	100.000	52	0	0	3926	3977	52	1	3.33e-15	97.1
MK860761.1	SRA:ERR3376860.113347739.2	96.491	57	2	0	8692	8748	150	94	1.20e-14	95.3
MK860761.1	SRA:ERR3376860.95167488.2	98.148	54	1	0	8680	8733	56	109	1.20e-14	95.3
MK860761.1	SRA:ERR3376860.95167488.1	98.148	54	1	0	8680	8733	54	1	1.20e-14	95.3
MK860761.1	SRA:ERR3376860.274151126.1	100.000	49	0	0	3924	3972	49	1	1.55e-13	91.6
MK860761.1	SRA:ERR3376860.246221965.2	100.000	49	0	0	3924	3972	49	1	1.55e-13	91.6
MK860761.1	SRA:ERR3376860.246221965.1	100.000	49	0	0	3924	3972	48	96	1.55e-13	91.6
MK860761.1	SRA:ERR3376860.246221741.2	100.000	49	0	0	3924	3972	49	1	1.55e-13	91.6
MK860761.1	SRA:ERR3376860.246221741.1	100.000	49	0	0	3924	3972	48	96	1.55e-13	91.6
MK860761.1	SRA:ERR3376860.126891590.2	98.077	52	1	0	8697	8748	95	146	1.55e-13	91.6
MK860761.1	SRA:ERR3376860.126891590.1	98.077	52	1	0	8697	8748	85	34	1.55e-13	91.6
MK860761.1	SRA:ERR3376860.126889996.2	98.077	52	1	0	8697	8748	95	146	1.55e-13	91.6
MK860761.1	SRA:ERR3376860.126889996.1	98.077	52	1	0	8697	8748	85	34	1.55e-13	91.6
MK860761.1	SRA:ERR3376860.175667738.2	98.039	51	1	0	7322	7372	89	139	5.58e-13	89.8
MK860761.1	SRA:ERR3376860.175667738.1	98.039	51	1	0	7322	7372	64	14	5.58e-13	89.8
MK860761.1	SRA:ERR3376860.108596532.2	96.296	54	2	0	8695	8748	1	54	5.58e-13	89.8
MK860761.1	SRA:ERR3376860.163849322.2	98.000	50	1	0	8699	8748	1	50	2.01e-12	87.9
MK860761.1	SRA:ERR3376860.163849322.1	98.000	50	1	0	8699	8748	95	46	2.01e-12	87.9
MK860761.1	SRA:ERR3376860.119063673.2	100.000	47	0	0	7424	7470	1	47	2.01e-12	87.9
MK860761.1	SRA:ERR3376860.119063673.1	100.000	47	0	0	7424	7470	110	64	2.01e-12	87.9
MK860761.1	SRA:ERR3376860.201344086.1	93.103	58	4	0	4119	4176	95	38	7.22e-12	86.1
MK860761.1	SRA:ERR3376860.166527042.1	96.154	52	2	0	8608	8659	1	52	7.22e-12	86.1
MK860761.1	SRA:ERR3376860.30030361.1	100.000	45	0	0	3958	4002	1	45	2.60e-11	84.2
MK860761.1	SRA:ERR3376860.79688905.2	97.727	44	1	0	8691	8734	61	18	4.34e-09	76.8
MK860761.1	SRA:ERR3376860.79688905.1	97.727	44	1	0	8691	8734	1	44	4.34e-09	76.8
MK860761.1	SRA:ERR3376860.108596532.1	97.619	42	1	0	8707	8748	150	109	5.62e-08	73.1
MK860761.1	SRA:ERR3376860.30030361.2	95.556	45	2	0	3958	4002	116	72	5.62e-08	73.1
MK860761.1	SRA:ERR3376860.180748217.1	100.000	38	0	0	4171	4208	38	1	2.02e-07	71.3
MK860761.1	SRA:ERR3376860.180737426.1	100.000	38	0	0	4171	4208	38	1	2.02e-07	71.3
MK860761.1	SRA:ERR3376860.35145847.1	95.349	43	2	0	8618	8660	43	1	7.27e-07	69.4
MK860761.1	SRA:ERR3376860.191477969.2	97.436	39	1	0	4008	4046	1	39	2.61e-06	67.6
MK860761.1	SRA:ERR3376860.249004370.1	100.000	35	0	0	7362	7396	150	116	9.40e-06	65.8
MK860761.1	SRA:ERR3376860.249004085.1	100.000	35	0	0	7362	7396	150	116	9.40e-06	65.8
MK860761.1	SRA:ERR3376860.180748217.2	97.368	38	1	0	4171	4208	100	137	9.40e-06	65.8
MK860761.1	SRA:ERR3376860.180737426.2	97.368	38	1	0	4171	4208	100	137	9.40e-06	65.8
MK860761.1	SRA:ERR3376860.160154622.2	100.000	30	0	0	3979	4008	1	30	0.006	56.5
MK860761.1	SRA:ERR3376860.8990295.2	96.970	33	1	0	3924	3956	13	45	0.006	56.5
MK860761.1	SRA:ERR3376860.171832375.2	100.000	28	0	0	4062	4089	23	50	0.073	52.8
MK860761.1	SRA:ERR3376860.171832375.1	100.000	28	0	0	4062	4089	28	1	0.073	52.8
MK860761.1	SRA:ERR3376860.123811041.2	100.000	26	0	0	4122	4147	1	26	0.95	49.1
