MK860761.1	SRA:ERR3376858.254524367.2	99.338	151	1	0	7336	7486	1	151	1.48e-68	274
MK860761.1	SRA:ERR3376858.73719504.1	99.338	151	1	0	7337	7487	1	151	1.48e-68	274
MK860761.1	SRA:ERR3376858.236727262.2	98.013	151	3	0	3968	4118	1	151	3.20e-65	263
MK860761.1	SRA:ERR3376858.236727262.1	98.013	151	3	0	3986	4136	151	1	3.20e-65	263
MK860761.1	SRA:ERR3376858.156371175.2	98.013	151	3	0	3983	4133	1	151	3.20e-65	263
MK860761.1	SRA:ERR3376858.41140958.1	98.013	151	3	0	3953	4103	1	151	3.20e-65	263
MK860761.1	SRA:ERR3376858.244336538.2	97.959	147	3	0	3948	4094	1	147	5.35e-63	255
MK860761.1	SRA:ERR3376858.91315788.2	99.291	141	1	0	3945	4085	1	141	5.35e-63	255
MK860761.1	SRA:ERR3376858.91315788.1	99.291	141	1	0	3945	4085	141	1	5.35e-63	255
MK860761.1	SRA:ERR3376858.28242352.1	97.315	149	4	0	4012	4160	1	149	1.92e-62	254
MK860761.1	SRA:ERR3376858.144629712.1	99.281	139	1	0	3924	4062	13	151	6.92e-62	252
MK860761.1	SRA:ERR3376858.156371175.1	96.000	150	6	0	4053	4202	150	1	1.16e-59	244
MK860761.1	SRA:ERR3376858.165256392.1	95.364	151	7	0	4069	4219	1	151	1.50e-58	241
MK860761.1	SRA:ERR3376858.26472554.1	95.364	151	7	0	4061	4211	151	1	1.50e-58	241
MK860761.1	SRA:ERR3376858.244336538.1	95.333	150	7	0	4069	4218	150	1	5.39e-58	239
MK860761.1	SRA:ERR3376858.38153600.2	95.333	150	7	0	4024	4173	1	150	5.39e-58	239
MK860761.1	SRA:ERR3376858.35651356.1	95.333	150	7	0	8599	8748	1	150	5.39e-58	239
MK860761.1	SRA:ERR3376858.22150272.1	95.302	149	7	0	8578	8726	149	1	1.94e-57	237
MK860761.1	SRA:ERR3376858.236151196.1	99.231	130	1	0	7322	7451	22	151	6.97e-57	235
MK860761.1	SRA:ERR3376858.236145193.1	99.231	130	1	0	7322	7451	22	151	6.97e-57	235
MK860761.1	SRA:ERR3376858.165256392.2	94.702	151	8	0	4102	4252	151	1	6.97e-57	235
MK860761.1	SRA:ERR3376858.28242352.2	94.702	151	8	0	4088	4238	151	1	6.97e-57	235
MK860761.1	SRA:ERR3376858.73719504.2	96.454	141	5	0	8608	8748	150	10	2.51e-56	233
MK860761.1	SRA:ERR3376858.269078113.2	94.040	151	9	0	8582	8732	1	151	3.24e-55	230
MK860761.1	SRA:ERR3376858.123229028.1	99.213	127	1	0	7322	7448	25	151	3.24e-55	230
MK860761.1	SRA:ERR3376858.38153600.1	94.040	151	9	0	4106	4256	151	1	3.24e-55	230
MK860761.1	SRA:ERR3376858.26472554.2	95.775	142	5	1	3946	4087	10	150	1.17e-54	228
MK860761.1	SRA:ERR3376858.208020820.1	99.187	123	1	0	3924	4046	123	1	5.43e-53	222
MK860761.1	SRA:ERR3376858.166407706.2	95.652	138	6	0	8600	8737	138	1	5.43e-53	222
MK860761.1	SRA:ERR3376858.166407706.1	95.652	138	6	0	8600	8737	1	138	5.43e-53	222
MK860761.1	SRA:ERR3376858.186620314.2	93.750	144	9	0	8563	8706	144	1	2.53e-51	217
MK860761.1	SRA:ERR3376858.54298697.2	92.715	151	10	1	4116	4265	1	151	2.53e-51	217
MK860761.1	SRA:ERR3376858.54298575.2	92.715	151	10	1	4116	4265	1	151	2.53e-51	217
MK860761.1	SRA:ERR3376858.21341448.2	92.715	151	10	1	4115	4264	1	151	2.53e-51	217
MK860761.1	SRA:ERR3376858.21341333.2	92.715	151	10	1	4115	4264	1	151	2.53e-51	217
MK860761.1	SRA:ERR3376858.154946524.1	94.891	137	7	0	4075	4211	137	1	9.08e-51	215
MK860761.1	SRA:ERR3376858.142733472.2	98.374	123	1	1	3959	4081	149	28	9.08e-51	215
MK860761.1	SRA:ERR3376858.254524367.1	97.541	122	1	1	7378	7497	149	28	1.52e-48	207
MK860761.1	SRA:ERR3376858.144629712.2	96.774	124	4	0	4028	4151	151	28	1.52e-48	207
MK860761.1	SRA:ERR3376858.142733472.1	100.000	112	0	0	3924	4035	40	151	1.52e-48	207
MK860761.1	SRA:ERR3376858.123229028.2	97.521	121	1	1	7379	7497	151	31	5.47e-48	206
MK860761.1	SRA:ERR3376858.48789195.2	92.908	141	10	0	8560	8700	11	151	5.47e-48	206
MK860761.1	SRA:ERR3376858.48788980.2	92.908	141	10	0	8560	8700	11	151	5.47e-48	206
MK860761.1	SRA:ERR3376858.236151196.2	97.436	117	1	1	7383	7497	151	35	9.15e-46	198
MK860761.1	SRA:ERR3376858.236145193.2	97.436	117	1	1	7383	7497	151	35	9.15e-46	198
MK860761.1	SRA:ERR3376858.265390169.2	95.161	124	6	0	4085	4208	1	124	3.29e-45	196
MK860761.1	SRA:ERR3376858.109620141.2	93.233	133	9	0	8560	8692	19	151	3.29e-45	196
MK860761.1	SRA:ERR3376858.109616807.2	93.233	133	9	0	8560	8692	19	151	3.29e-45	196
MK860761.1	SRA:ERR3376858.261113455.2	97.391	115	1	1	7385	7497	1	115	1.18e-44	195
MK860761.1	SRA:ERR3376858.216352336.2	97.391	115	1	1	7385	7497	1	115	1.18e-44	195
MK860761.1	SRA:ERR3376858.47925177.2	96.552	116	4	0	8633	8748	131	16	4.26e-44	193
MK860761.1	SRA:ERR3376858.47925177.1	96.552	116	4	0	8633	8748	1	116	4.26e-44	193
MK860761.1	SRA:ERR3376858.114627628.2	100.000	103	0	0	3924	4026	103	1	1.53e-43	191
MK860761.1	SRA:ERR3376858.181172458.2	96.429	112	4	0	8637	8748	1	112	7.12e-42	185
MK860761.1	SRA:ERR3376858.181172234.2	96.429	112	4	0	8637	8748	1	112	7.12e-42	185
MK860761.1	SRA:ERR3376858.109620141.1	94.215	121	7	0	8599	8719	147	27	7.12e-42	185
MK860761.1	SRA:ERR3376858.109616807.1	94.215	121	7	0	8599	8719	147	27	7.12e-42	185
MK860761.1	SRA:ERR3376858.3816314.1	91.791	134	10	1	4133	4265	1	134	7.12e-42	185
MK860761.1	SRA:ERR3376858.3816071.1	91.791	134	10	1	4133	4265	1	134	7.12e-42	185
MK860761.1	SRA:ERR3376858.225774458.2	100.000	99	0	0	3924	4022	99	1	2.56e-41	183
MK860761.1	SRA:ERR3376858.238584052.2	91.667	132	10	1	4136	4266	1	132	9.21e-41	182
MK860761.1	SRA:ERR3376858.101144351.2	93.443	122	8	0	8563	8684	122	1	9.21e-41	182
MK860761.1	SRA:ERR3376858.181171891.2	95.536	112	5	0	8637	8748	1	112	3.31e-40	180
MK860761.1	SRA:ERR3376858.48789195.1	96.330	109	4	0	8640	8748	151	43	3.31e-40	180
MK860761.1	SRA:ERR3376858.48788980.1	96.330	109	4	0	8640	8748	151	43	3.31e-40	180
MK860761.1	SRA:ERR3376858.126896740.2	92.683	123	9	0	8560	8682	27	149	1.19e-39	178
MK860761.1	SRA:ERR3376858.239178192.2	98.947	95	1	0	7322	7416	95	1	1.99e-37	171
MK860761.1	SRA:ERR3376858.239178192.1	98.947	95	1	0	7322	7416	12	106	1.99e-37	171
MK860761.1	SRA:ERR3376858.184146301.1	98.947	95	1	0	7322	7416	57	151	1.99e-37	171
MK860761.1	SRA:ERR3376858.114627628.1	100.000	92	0	0	3924	4015	59	150	1.99e-37	171
MK860761.1	SRA:ERR3376858.56088759.2	100.000	91	0	0	7331	7421	91	1	7.17e-37	169
MK860761.1	SRA:ERR3376858.282205135.1	92.793	111	8	0	8560	8670	41	151	1.20e-34	161
MK860761.1	SRA:ERR3376858.282205135.1	94.545	55	1	1	7445	7497	1	55	2.67e-11	84.2
MK860761.1	SRA:ERR3376858.261113455.1	93.519	108	7	0	8563	8670	108	1	1.20e-34	161
MK860761.1	SRA:ERR3376858.261113455.1	94.545	55	1	1	7445	7497	151	97	2.67e-11	84.2
MK860761.1	SRA:ERR3376858.238584052.1	91.525	118	9	1	4150	4266	150	33	1.20e-34	161
MK860761.1	SRA:ERR3376858.224068637.2	86.301	146	20	0	3949	4094	1	146	4.32e-34	159
MK860761.1	SRA:ERR3376858.216352336.1	93.458	107	7	0	8563	8669	107	1	4.32e-34	159
MK860761.1	SRA:ERR3376858.216352336.1	94.643	56	1	1	7444	7497	151	96	7.43e-12	86.1
MK860761.1	SRA:ERR3376858.142381929.2	96.842	95	1	1	7405	7497	129	35	1.55e-33	158
MK860761.1	SRA:ERR3376858.142381929.1	96.842	95	1	1	7405	7497	1	95	1.55e-33	158
MK860761.1	SRA:ERR3376858.142381620.2	96.842	95	1	1	7405	7497	129	35	1.55e-33	158
MK860761.1	SRA:ERR3376858.142381620.1	96.842	95	1	1	7405	7497	1	95	1.55e-33	158
MK860761.1	SRA:ERR3376858.43819455.2	95.876	97	4	0	8652	8748	137	41	1.55e-33	158
MK860761.1	SRA:ERR3376858.43819455.1	95.876	97	4	0	8652	8748	1	97	1.55e-33	158
MK860761.1	SRA:ERR3376858.268285196.2	96.809	94	1	1	7406	7497	128	35	5.58e-33	156
MK860761.1	SRA:ERR3376858.268285196.1	96.809	94	1	1	7406	7497	32	125	5.58e-33	156
MK860761.1	SRA:ERR3376858.182122763.1	91.304	115	9	1	4152	4265	1	115	5.58e-33	156
MK860761.1	SRA:ERR3376858.42766906.2	94.118	102	6	0	4071	4172	102	1	5.58e-33	156
MK860761.1	SRA:ERR3376858.42766906.1	94.949	99	5	0	4071	4169	26	124	5.58e-33	156
MK860761.1	SRA:ERR3376858.81791839.2	96.739	92	3	0	8647	8738	55	146	2.01e-32	154
MK860761.1	SRA:ERR3376858.81791839.1	96.739	92	3	0	8647	8738	92	1	2.01e-32	154
MK860761.1	SRA:ERR3376858.186620314.1	92.453	106	8	0	8560	8665	46	151	7.22e-32	152
MK860761.1	SRA:ERR3376858.186620314.1	95.000	60	1	1	7440	7497	1	60	4.44e-14	93.5
MK860761.1	SRA:ERR3376858.32435512.1	97.727	88	2	0	3989	4076	88	1	7.22e-32	152
MK860761.1	SRA:ERR3376858.217554000.2	95.699	93	4	0	8656	8748	104	12	2.60e-31	150
MK860761.1	SRA:ERR3376858.208020820.2	93.069	101	7	0	8563	8663	101	1	9.34e-31	148
MK860761.1	SRA:ERR3376858.208020820.2	95.161	62	1	1	7438	7497	151	90	3.43e-15	97.1
MK860761.1	SRA:ERR3376858.120815996.2	96.591	88	3	0	4030	4117	88	1	3.36e-30	147
MK860761.1	SRA:ERR3376858.120815996.1	96.591	88	3	0	4030	4117	19	106	3.36e-30	147
MK860761.1	SRA:ERR3376858.162978339.2	95.506	89	4	0	8619	8707	89	1	4.35e-29	143
MK860761.1	SRA:ERR3376858.162978339.1	95.506	89	4	0	8619	8707	57	145	4.35e-29	143
MK860761.1	SRA:ERR3376858.32602558.2	98.750	80	1	0	7322	7401	121	42	4.35e-29	143
MK860761.1	SRA:ERR3376858.22150272.2	96.552	87	1	1	7413	7497	1	87	4.35e-29	143
MK860761.1	SRA:ERR3376858.236602226.2	97.561	82	2	0	4039	4120	82	1	1.56e-28	141
MK860761.1	SRA:ERR3376858.236602226.1	97.561	82	2	0	4039	4120	2	83	1.56e-28	141
MK860761.1	SRA:ERR3376858.220049378.2	96.429	84	1	1	7416	7497	104	21	2.02e-27	137
MK860761.1	SRA:ERR3376858.220049378.2	100.000	30	0	0	7396	7425	99	128	0.006	56.5
MK860761.1	SRA:ERR3376858.220049378.1	96.429	84	1	1	7416	7497	25	108	2.02e-27	137
MK860761.1	SRA:ERR3376858.220049378.1	100.000	30	0	0	7396	7425	30	1	0.006	56.5
MK860761.1	SRA:ERR3376858.65510701.1	92.632	95	7	0	4168	4262	1	95	2.02e-27	137
MK860761.1	SRA:ERR3376858.265205905.1	96.341	82	3	0	8667	8748	1	82	7.27e-27	135
MK860761.1	SRA:ERR3376858.46976437.2	100.000	73	0	0	7404	7476	132	60	7.27e-27	135
MK860761.1	SRA:ERR3376858.46976437.1	100.000	73	0	0	7404	7476	1	73	7.27e-27	135
MK860761.1	SRA:ERR3376858.3816314.2	92.632	95	6	1	4172	4265	151	57	7.27e-27	135
MK860761.1	SRA:ERR3376858.3816071.2	92.632	95	6	1	4172	4265	151	57	7.27e-27	135
MK860761.1	SRA:ERR3376858.227821139.1	92.473	93	6	1	4174	4265	151	59	9.41e-26	132
MK860761.1	SRA:ERR3376858.269078113.1	97.368	76	2	0	8673	8748	151	76	3.38e-25	130
MK860761.1	SRA:ERR3376858.3578955.1	93.182	88	6	0	8567	8654	90	3	3.38e-25	130
MK860761.1	SRA:ERR3376858.217554000.1	95.000	80	4	0	8661	8740	69	148	4.38e-24	126
MK860761.1	SRA:ERR3376858.73125593.2	100.000	68	0	0	3943	4010	68	1	4.38e-24	126
MK860761.1	SRA:ERR3376858.63851015.2	90.625	96	8	1	4171	4265	8	103	4.38e-24	126
MK860761.1	SRA:ERR3376858.225774458.1	98.571	70	1	0	7322	7391	70	1	1.57e-23	124
MK860761.1	SRA:ERR3376858.225774458.1	100.000	37	0	0	3924	3960	115	151	7.48e-07	69.4
MK860761.1	SRA:ERR3376858.159369266.2	97.260	73	2	0	8676	8748	1	73	1.57e-23	124
MK860761.1	SRA:ERR3376858.159369266.1	97.260	73	2	0	8676	8748	113	41	1.57e-23	124
MK860761.1	SRA:ERR3376858.29857452.2	96.104	77	2	1	7337	7413	76	1	1.57e-23	124
MK860761.1	SRA:ERR3376858.29857452.1	96.104	77	2	1	7337	7413	3	78	1.57e-23	124
MK860761.1	SRA:ERR3376858.45328438.2	97.143	70	2	0	8679	8748	77	8	7.33e-22	119
MK860761.1	SRA:ERR3376858.45328438.1	97.143	70	2	0	8679	8748	55	124	7.33e-22	119
MK860761.1	SRA:ERR3376858.118030346.1	95.890	73	1	1	7427	7497	1	73	2.63e-21	117
MK860761.1	SRA:ERR3376858.32435512.2	97.059	68	2	0	3989	4056	84	151	9.48e-21	115
MK860761.1	SRA:ERR3376858.16960943.2	97.059	68	2	0	4039	4106	2	69	9.48e-21	115
MK860761.1	SRA:ERR3376858.16960943.1	97.059	68	2	0	4039	4106	68	1	9.48e-21	115
MK860761.1	SRA:ERR3376858.78747889.2	100.000	61	0	0	7416	7476	1	61	3.41e-20	113
MK860761.1	SRA:ERR3376858.78747889.1	100.000	61	0	0	7416	7476	61	1	3.41e-20	113
MK860761.1	SRA:ERR3376858.75076089.2	97.015	67	2	0	8682	8748	1	67	3.41e-20	113
MK860761.1	SRA:ERR3376858.32602558.1	98.438	64	1	0	7322	7385	88	151	3.41e-20	113
MK860761.1	SRA:ERR3376858.32602558.1	100.000	43	0	0	3924	3966	43	1	3.46e-10	80.5
MK860761.1	SRA:ERR3376858.118030346.2	94.444	72	2	1	7428	7497	150	79	4.41e-19	110
MK860761.1	SRA:ERR3376858.70639708.1	92.308	78	4	2	4088	4165	1	76	4.41e-19	110
MK860761.1	SRA:ERR3376858.130487911.2	100.000	58	0	0	3924	3981	58	1	1.59e-18	108
MK860761.1	SRA:ERR3376858.130487911.2	97.959	49	1	0	7322	7370	103	151	7.43e-12	86.1
MK860761.1	SRA:ERR3376858.137285326.2	100.000	56	0	0	4039	4094	16	71	2.05e-17	104
MK860761.1	SRA:ERR3376858.137285326.1	100.000	56	0	0	4039	4094	58	3	2.05e-17	104
MK860761.1	SRA:ERR3376858.137284345.2	100.000	56	0	0	4039	4094	16	71	2.05e-17	104
MK860761.1	SRA:ERR3376858.137284345.1	100.000	56	0	0	4039	4094	58	3	2.05e-17	104
MK860761.1	SRA:ERR3376858.171440346.2	96.721	61	2	0	4029	4089	1	61	7.38e-17	102
MK860761.1	SRA:ERR3376858.171440346.1	96.721	61	2	0	4029	4089	88	28	7.38e-17	102
MK860761.1	SRA:ERR3376858.264066635.2	96.667	60	2	0	8689	8748	57	116	2.65e-16	100
MK860761.1	SRA:ERR3376858.264066635.1	96.667	60	2	0	8689	8748	132	73	2.65e-16	100
MK860761.1	SRA:ERR3376858.265390169.1	93.750	64	4	0	4145	4208	149	86	3.43e-15	97.1
MK860761.1	SRA:ERR3376858.265958894.2	98.113	53	1	0	7326	7378	53	1	4.44e-14	93.5
MK860761.1	SRA:ERR3376858.265958894.2	87.805	82	6	4	7337	7415	16	96	4.44e-14	93.5
MK860761.1	SRA:ERR3376858.265958894.1	87.805	82	6	4	7337	7415	81	1	4.44e-14	93.5
MK860761.1	SRA:ERR3376858.265958894.1	98.113	53	1	0	7326	7378	44	96	4.44e-14	93.5
MK860761.1	SRA:ERR3376858.265958893.2	98.113	53	1	0	7326	7378	53	1	4.44e-14	93.5
MK860761.1	SRA:ERR3376858.265958893.2	87.805	82	6	4	7337	7415	16	96	4.44e-14	93.5
MK860761.1	SRA:ERR3376858.265958893.1	87.805	82	7	3	7337	7415	82	1	4.44e-14	93.5
MK860761.1	SRA:ERR3376858.265958893.1	96.226	53	2	0	7326	7378	44	96	2.07e-12	87.9
MK860761.1	SRA:ERR3376858.265958779.2	98.113	53	1	0	7326	7378	53	1	4.44e-14	93.5
MK860761.1	SRA:ERR3376858.265958779.2	87.805	82	6	4	7337	7415	16	96	4.44e-14	93.5
MK860761.1	SRA:ERR3376858.265958779.1	87.805	82	6	4	7337	7415	81	1	4.44e-14	93.5
MK860761.1	SRA:ERR3376858.265958779.1	98.113	53	1	0	7326	7378	44	96	4.44e-14	93.5
MK860761.1	SRA:ERR3376858.56088759.1	96.429	56	2	0	7325	7380	96	151	4.44e-14	93.5
MK860761.1	SRA:ERR3376858.282032675.2	98.077	52	1	0	8697	8748	76	127	1.60e-13	91.6
MK860761.1	SRA:ERR3376858.282032675.1	98.077	52	1	0	8697	8748	73	22	1.60e-13	91.6
MK860761.1	SRA:ERR3376858.184146301.2	98.039	51	1	0	8698	8748	150	100	5.74e-13	89.8
MK860761.1	SRA:ERR3376858.234799468.2	98.000	50	1	0	8699	8748	124	75	2.07e-12	87.9
MK860761.1	SRA:ERR3376858.234799468.1	98.000	50	1	0	8699	8748	1	50	2.07e-12	87.9
MK860761.1	SRA:ERR3376858.184977002.2	94.643	56	3	0	8599	8654	3	58	2.07e-12	87.9
MK860761.1	SRA:ERR3376858.184977002.1	93.220	59	4	0	8599	8657	120	62	2.07e-12	87.9
MK860761.1	SRA:ERR3376858.75076089.1	98.000	50	1	0	8699	8748	150	101	2.07e-12	87.9
MK860761.1	SRA:ERR3376858.165360011.2	100.000	46	0	0	3926	3971	46	1	7.43e-12	86.1
MK860761.1	SRA:ERR3376858.165360011.1	100.000	46	0	0	3926	3971	84	129	7.43e-12	86.1
MK860761.1	SRA:ERR3376858.98802429.2	100.000	45	0	0	3962	4006	56	12	2.67e-11	84.2
MK860761.1	SRA:ERR3376858.98802429.1	100.000	45	0	0	3962	4006	1	45	2.67e-11	84.2
MK860761.1	SRA:ERR3376858.98800318.2	100.000	45	0	0	3962	4006	56	12	2.67e-11	84.2
MK860761.1	SRA:ERR3376858.98800318.1	100.000	45	0	0	3962	4006	1	45	2.67e-11	84.2
MK860761.1	SRA:ERR3376858.268082615.2	94.231	52	1	1	7448	7497	96	45	1.24e-09	78.7
MK860761.1	SRA:ERR3376858.268082615.1	94.231	52	1	1	7448	7497	1	52	1.24e-09	78.7
MK860761.1	SRA:ERR3376858.238091000.2	97.727	44	1	0	8705	8748	1	44	4.47e-09	76.8
MK860761.1	SRA:ERR3376858.161377242.2	97.561	41	1	0	8708	8748	1	41	2.08e-07	71.3
MK860761.1	SRA:ERR3376858.252545781.1	100.000	37	0	0	3924	3960	11	47	7.48e-07	69.4
MK860761.1	SRA:ERR3376858.8602044.2	100.000	37	0	0	7408	7444	37	1	7.48e-07	69.4
MK860761.1	SRA:ERR3376858.229996745.1	97.436	39	1	0	8710	8748	51	13	2.69e-06	67.6
MK860761.1	SRA:ERR3376858.86765559.1	97.436	39	1	0	8710	8748	1	39	2.69e-06	67.6
MK860761.1	SRA:ERR3376858.229996745.2	97.297	37	1	0	8712	8748	3	39	3.48e-05	63.9
MK860761.1	SRA:ERR3376858.101333958.2	91.489	47	1	2	3977	4022	122	78	1.25e-04	62.1
MK860761.1	SRA:ERR3376858.101333958.1	91.489	47	1	2	3977	4022	1	45	1.25e-04	62.1
MK860761.1	SRA:ERR3376858.120733864.1	96.970	33	1	0	8716	8748	51	83	0.006	56.5
