MK860761.1	SRA:ERR3376859.247791031.1	99.338	151	1	0	7322	7472	1	151	1.50e-68	274
MK860761.1	SRA:ERR3376859.187658883.2	99.338	151	1	0	3933	4083	1	151	1.50e-68	274
MK860761.1	SRA:ERR3376859.146871315.1	99.338	151	1	0	3928	4078	1	151	1.50e-68	274
MK860761.1	SRA:ERR3376859.120860519.1	100.000	148	0	0	7331	7478	1	148	1.50e-68	274
MK860761.1	SRA:ERR3376859.52962034.2	99.338	151	1	0	3943	4093	151	1	1.50e-68	274
MK860761.1	SRA:ERR3376859.236375885.2	100.000	147	0	0	7332	7478	1	147	5.41e-68	272
MK860761.1	SRA:ERR3376859.52962034.1	99.329	149	1	0	3939	4087	1	149	1.95e-67	270
MK860761.1	SRA:ERR3376859.177426049.2	99.324	148	1	0	7344	7491	150	3	7.00e-67	268
MK860761.1	SRA:ERR3376859.46796230.1	99.324	148	1	0	3924	4071	4	151	7.00e-67	268
MK860761.1	SRA:ERR3376859.176633685.1	98.013	151	3	0	3978	4128	151	1	3.26e-65	263
MK860761.1	SRA:ERR3376859.165875928.1	98.013	151	3	0	3997	4147	151	1	3.26e-65	263
MK860761.1	SRA:ERR3376859.192077371.2	98.013	151	1	1	7349	7497	151	1	1.17e-64	261
MK860761.1	SRA:ERR3376859.58019086.1	98.000	150	3	0	3999	4148	1	150	1.17e-64	261
MK860761.1	SRA:ERR3376859.45572035.1	99.306	144	1	0	3951	4094	1	144	1.17e-64	261
MK860761.1	SRA:ERR3376859.5789601.1	99.306	144	1	0	3924	4067	8	151	1.17e-64	261
MK860761.1	SRA:ERR3376859.95322889.2	99.301	143	1	0	3924	4066	143	1	4.21e-64	259
MK860761.1	SRA:ERR3376859.217359265.2	97.351	151	4	0	4007	4157	151	1	1.52e-63	257
MK860761.1	SRA:ERR3376859.146871315.2	97.973	148	3	0	3954	4101	148	1	1.52e-63	257
MK860761.1	SRA:ERR3376859.64362704.2	97.333	150	4	0	3999	4148	1	150	5.45e-63	255
MK860761.1	SRA:ERR3376859.246781511.1	99.286	140	1	0	7322	7461	12	151	1.96e-62	254
MK860761.1	SRA:ERR3376859.29387271.1	97.315	149	4	0	4012	4160	1	149	1.96e-62	254
MK860761.1	SRA:ERR3376859.181727385.1	99.281	139	1	0	3924	4062	13	151	7.05e-62	252
MK860761.1	SRA:ERR3376859.176633685.2	99.281	139	1	0	3924	4062	13	151	7.05e-62	252
MK860761.1	SRA:ERR3376859.3509091.1	96.689	151	5	0	4014	4164	1	151	7.05e-62	252
MK860761.1	SRA:ERR3376859.80773055.2	100.000	135	0	0	7340	7474	135	1	2.54e-61	250
MK860761.1	SRA:ERR3376859.80773055.1	100.000	135	0	0	7340	7474	1	135	2.54e-61	250
MK860761.1	SRA:ERR3376859.43614368.1	99.275	138	1	0	3924	4061	138	1	2.54e-61	250
MK860761.1	SRA:ERR3376859.38691413.1	97.931	145	1	1	7355	7497	1	145	2.54e-61	250
MK860761.1	SRA:ERR3376859.38690145.1	97.931	145	1	1	7355	7497	1	145	2.54e-61	250
MK860761.1	SRA:ERR3376859.233249103.2	96.644	149	5	0	4016	4164	1	149	9.12e-61	248
MK860761.1	SRA:ERR3376859.272651395.1	96.026	151	6	0	4049	4199	1	151	3.28e-60	246
MK860761.1	SRA:ERR3376859.207603932.2	98.561	139	2	0	3959	4097	141	3	3.28e-60	246
MK860761.1	SRA:ERR3376859.133628503.1	96.026	151	6	0	4019	4169	1	151	3.28e-60	246
MK860761.1	SRA:ERR3376859.133626899.1	96.026	151	6	0	4019	4169	1	151	3.28e-60	246
MK860761.1	SRA:ERR3376859.233249103.1	95.973	149	6	0	4058	4206	149	1	4.24e-59	243
MK860761.1	SRA:ERR3376859.229335711.2	95.973	149	6	0	4047	4195	1	149	4.24e-59	243
MK860761.1	SRA:ERR3376859.229335711.1	95.973	149	6	0	4047	4195	149	1	4.24e-59	243
MK860761.1	SRA:ERR3376859.155676973.2	99.254	134	1	0	7322	7455	14	147	4.24e-59	243
MK860761.1	SRA:ERR3376859.155676973.1	99.254	134	1	0	7322	7455	134	1	4.24e-59	243
MK860761.1	SRA:ERR3376859.133628503.2	95.973	149	6	0	4039	4187	149	1	4.24e-59	243
MK860761.1	SRA:ERR3376859.133626899.2	95.973	149	6	0	4039	4187	149	1	4.24e-59	243
MK860761.1	SRA:ERR3376859.203023100.2	95.364	151	7	0	8582	8732	151	1	1.53e-58	241
MK860761.1	SRA:ERR3376859.91945197.2	95.946	148	6	0	4061	4208	1	148	1.53e-58	241
MK860761.1	SRA:ERR3376859.86813483.1	95.364	151	7	0	8578	8728	151	1	1.53e-58	241
MK860761.1	SRA:ERR3376859.46796230.2	95.364	151	7	0	4032	4182	151	1	1.53e-58	241
MK860761.1	SRA:ERR3376859.5789601.2	95.364	151	7	0	4034	4184	151	1	1.53e-58	241
MK860761.1	SRA:ERR3376859.253570038.2	95.890	146	6	0	4053	4198	1	146	1.97e-57	237
MK860761.1	SRA:ERR3376859.253570038.1	95.890	146	6	0	4053	4198	146	1	1.97e-57	237
MK860761.1	SRA:ERR3376859.201829687.2	95.302	149	7	0	8599	8747	149	1	1.97e-57	237
MK860761.1	SRA:ERR3376859.29387271.2	95.302	149	7	0	4025	4173	149	1	1.97e-57	237
MK860761.1	SRA:ERR3376859.246781511.2	97.810	137	1	1	7363	7497	151	15	7.10e-57	235
MK860761.1	SRA:ERR3376859.177207358.2	95.270	148	7	0	8578	8725	3	150	7.10e-57	235
MK860761.1	SRA:ERR3376859.3509091.2	94.702	151	8	0	4080	4230	151	1	7.10e-57	235
MK860761.1	SRA:ERR3376859.248382574.2	94.667	150	8	0	4104	4253	151	2	2.55e-56	233
MK860761.1	SRA:ERR3376859.217359265.1	99.225	129	1	0	3924	4052	23	151	2.55e-56	233
MK860761.1	SRA:ERR3376859.86688299.1	96.454	141	5	0	8608	8748	148	8	2.55e-56	233
MK860761.1	SRA:ERR3376859.86686565.1	96.454	141	5	0	8608	8748	148	8	2.55e-56	233
MK860761.1	SRA:ERR3376859.19979281.2	96.454	141	5	0	8608	8748	149	9	2.55e-56	233
MK860761.1	SRA:ERR3376859.127579539.1	94.631	149	8	0	4090	4238	1	149	9.18e-56	231
MK860761.1	SRA:ERR3376859.282766319.2	96.403	139	5	0	8608	8746	139	1	3.30e-55	230
MK860761.1	SRA:ERR3376859.282766319.1	97.059	136	4	0	8608	8743	2	137	3.30e-55	230
MK860761.1	SRA:ERR3376859.272651395.2	94.040	151	9	0	4091	4241	151	1	3.30e-55	230
MK860761.1	SRA:ERR3376859.236375885.1	95.172	145	7	0	8578	8722	145	1	3.30e-55	230
MK860761.1	SRA:ERR3376859.156418197.2	99.213	127	1	0	7322	7448	25	151	3.30e-55	230
MK860761.1	SRA:ERR3376859.91945197.1	94.040	151	9	0	4092	4242	151	1	3.30e-55	230
MK860761.1	SRA:ERR3376859.45572035.2	95.172	145	7	0	4099	4243	145	1	3.30e-55	230
MK860761.1	SRA:ERR3376859.2598422.1	99.213	127	1	0	3924	4050	147	21	3.30e-55	230
MK860761.1	SRA:ERR3376859.179745260.2	94.000	150	9	0	8563	8712	150	1	1.19e-54	228
MK860761.1	SRA:ERR3376859.124009271.2	99.206	126	1	0	7322	7447	126	1	1.19e-54	228
MK860761.1	SRA:ERR3376859.86688299.2	94.000	150	9	0	8569	8718	1	150	1.19e-54	228
MK860761.1	SRA:ERR3376859.86686565.2	94.000	150	9	0	8569	8718	1	150	1.19e-54	228
MK860761.1	SRA:ERR3376859.248619464.1	96.296	135	5	0	8614	8748	1	135	5.53e-53	222
MK860761.1	SRA:ERR3376859.207603932.1	99.187	123	1	0	3924	4046	29	151	5.53e-53	222
MK860761.1	SRA:ERR3376859.201829687.1	93.333	150	10	0	8560	8709	2	151	5.53e-53	222
MK860761.1	SRA:ERR3376859.279427445.2	99.180	122	1	0	7322	7443	122	1	1.99e-52	220
MK860761.1	SRA:ERR3376859.279427445.1	99.180	122	1	0	7322	7443	30	151	1.99e-52	220
MK860761.1	SRA:ERR3376859.228785417.2	99.174	121	1	0	3924	4044	28	148	7.15e-52	219
MK860761.1	SRA:ERR3376859.228785417.1	99.174	121	1	0	3924	4044	133	13	7.15e-52	219
MK860761.1	SRA:ERR3376859.219269065.1	96.923	130	4	0	4031	4160	132	3	7.15e-52	219
MK860761.1	SRA:ERR3376859.187658883.1	93.243	148	10	0	4114	4261	151	4	7.15e-52	219
MK860761.1	SRA:ERR3376859.2477480.2	96.241	133	5	0	8616	8748	151	19	7.15e-52	219
MK860761.1	SRA:ERR3376859.150589032.1	96.212	132	5	0	8617	8748	151	20	2.57e-51	217
MK860761.1	SRA:ERR3376859.150588920.1	96.212	132	5	0	8617	8748	151	20	2.57e-51	217
MK860761.1	SRA:ERR3376859.110348061.1	99.167	120	1	0	3924	4043	120	1	2.57e-51	217
MK860761.1	SRA:ERR3376859.38691413.2	93.750	144	9	0	8563	8706	144	1	2.57e-51	217
MK860761.1	SRA:ERR3376859.38690145.2	93.750	144	9	0	8563	8706	144	1	2.57e-51	217
MK860761.1	SRA:ERR3376859.45146460.1	93.103	145	10	0	4099	4243	145	1	3.33e-50	213
MK860761.1	SRA:ERR3376859.13993185.2	96.154	130	5	0	8619	8748	1	130	3.33e-50	213
MK860761.1	SRA:ERR3376859.13993184.2	96.154	130	5	0	8619	8748	1	130	3.33e-50	213
MK860761.1	SRA:ERR3376859.13870789.2	96.850	127	4	0	4039	4165	127	1	3.33e-50	213
MK860761.1	SRA:ERR3376859.282802605.2	93.617	141	9	0	4118	4258	1	141	1.20e-49	211
MK860761.1	SRA:ERR3376859.95322889.1	100.000	114	0	0	3924	4037	35	148	1.20e-49	211
MK860761.1	SRA:ERR3376859.166788695.2	92.517	147	10	1	4120	4265	1	147	4.30e-49	209
MK860761.1	SRA:ERR3376859.28500881.2	96.094	128	5	0	8621	8748	142	15	4.30e-49	209
MK860761.1	SRA:ERR3376859.28500881.1	96.094	128	5	0	8621	8748	1	128	4.30e-49	209
MK860761.1	SRA:ERR3376859.13870789.1	97.541	122	3	0	4039	4160	27	148	4.30e-49	209
MK860761.1	SRA:ERR3376859.59648274.2	91.892	148	12	0	4111	4258	1	148	1.55e-48	207
MK860761.1	SRA:ERR3376859.276554608.2	96.748	123	4	0	8626	8748	2	124	5.57e-48	206
MK860761.1	SRA:ERR3376859.276554608.1	96.748	123	4	0	8626	8748	150	28	5.57e-48	206
MK860761.1	SRA:ERR3376859.224727137.2	95.312	128	6	0	4096	4223	1	128	2.00e-47	204
MK860761.1	SRA:ERR3376859.224727137.1	96.000	125	5	0	4099	4223	125	1	2.00e-47	204
MK860761.1	SRA:ERR3376859.209676353.2	96.721	122	4	0	8608	8729	3	124	2.00e-47	204
MK860761.1	SRA:ERR3376859.209676353.1	96.721	122	4	0	8608	8729	122	1	2.00e-47	204
MK860761.1	SRA:ERR3376859.192077371.1	99.115	113	1	0	7322	7434	37	149	2.00e-47	204
MK860761.1	SRA:ERR3376859.239952201.2	97.458	118	3	0	7322	7439	34	151	7.20e-47	202
MK860761.1	SRA:ERR3376859.150057665.2	95.276	127	6	0	8622	8748	1	127	7.20e-47	202
MK860761.1	SRA:ERR3376859.110348061.2	100.000	109	0	0	3924	4032	43	151	7.20e-47	202
MK860761.1	SRA:ERR3376859.182295994.1	93.939	132	8	0	8565	8696	1	132	2.59e-46	200
MK860761.1	SRA:ERR3376859.177618695.1	99.099	111	1	0	7322	7432	111	1	2.59e-46	200
MK860761.1	SRA:ERR3376859.119087987.1	99.099	111	1	0	3984	4094	1	111	2.59e-46	200
MK860761.1	SRA:ERR3376859.211297637.1	93.233	133	9	0	8560	8692	19	151	3.35e-45	196
MK860761.1	SRA:ERR3376859.197928450.1	97.368	114	1	1	7386	7497	1	114	4.33e-44	193
MK860761.1	SRA:ERR3376859.143539583.2	92.029	138	10	1	4129	4265	1	138	4.33e-44	193
MK860761.1	SRA:ERR3376859.165875928.2	99.057	106	1	0	7322	7427	106	1	1.56e-43	191
MK860761.1	SRA:ERR3376859.24111759.1	100.000	103	0	0	3924	4026	103	1	1.56e-43	191
MK860761.1	SRA:ERR3376859.203023100.1	97.321	112	1	1	7388	7497	1	112	5.61e-43	189
MK860761.1	SRA:ERR3376859.21777914.1	99.029	103	1	0	3973	4075	1	103	7.25e-42	185
MK860761.1	SRA:ERR3376859.8776316.2	100.000	100	0	0	3924	4023	100	1	7.25e-42	185
MK860761.1	SRA:ERR3376859.8776316.1	100.000	100	0	0	3924	4023	17	116	7.25e-42	185
MK860761.1	SRA:ERR3376859.123899450.1	96.364	110	4	0	8639	8748	1	110	9.38e-41	182
MK860761.1	SRA:ERR3376859.226782185.1	89.928	139	14	0	8563	8701	139	1	3.37e-40	180
MK860761.1	SRA:ERR3376859.21777914.2	98.058	103	2	0	3973	4075	103	1	3.37e-40	180
MK860761.1	SRA:ERR3376859.222483275.1	100.000	96	0	0	3924	4019	96	1	1.21e-39	178
MK860761.1	SRA:ERR3376859.150589032.2	92.683	123	9	0	8560	8682	27	149	1.21e-39	178
MK860761.1	SRA:ERR3376859.150588920.2	92.683	123	9	0	8560	8682	27	149	1.21e-39	178
MK860761.1	SRA:ERR3376859.81781221.1	100.000	96	0	0	3924	4019	96	1	1.21e-39	178
MK860761.1	SRA:ERR3376859.64362704.1	93.333	120	8	0	4134	4253	151	32	1.21e-39	178
MK860761.1	SRA:ERR3376859.197928450.2	96.262	107	4	0	8642	8748	150	44	4.36e-39	176
MK860761.1	SRA:ERR3376859.74501722.2	97.143	105	2	1	7337	7441	104	1	4.36e-39	176
MK860761.1	SRA:ERR3376859.74501722.1	97.143	105	2	1	7337	7441	3	106	4.36e-39	176
MK860761.1	SRA:ERR3376859.266530976.1	97.087	103	1	1	7397	7497	1	103	5.65e-38	172
MK860761.1	SRA:ERR3376859.266530631.1	97.087	103	1	1	7397	7497	1	103	5.65e-38	172
MK860761.1	SRA:ERR3376859.174654985.2	93.162	117	8	0	8563	8679	117	1	5.65e-38	172
MK860761.1	SRA:ERR3376859.124009271.1	98.958	96	1	0	7322	7417	56	151	5.65e-38	172
MK860761.1	SRA:ERR3376859.115685742.2	97.059	102	3	0	4058	4159	146	45	5.65e-38	172
MK860761.1	SRA:ERR3376859.115685742.1	97.059	102	3	0	4058	4159	1	102	5.65e-38	172
MK860761.1	SRA:ERR3376859.32067073.2	96.190	105	4	0	8644	8748	1	105	5.65e-38	172
MK860761.1	SRA:ERR3376859.119487139.2	98.947	95	1	0	7379	7473	1	95	2.03e-37	171
MK860761.1	SRA:ERR3376859.119487139.1	98.947	95	1	0	7379	7473	95	1	2.03e-37	171
MK860761.1	SRA:ERR3376859.2598422.2	100.000	92	0	0	3924	4015	59	150	2.03e-37	171
MK860761.1	SRA:ERR3376859.1595236.1	97.059	102	1	1	7398	7497	1	102	2.03e-37	171
MK860761.1	SRA:ERR3376859.198450149.2	91.129	124	10	1	4143	4265	22	145	2.63e-36	167
MK860761.1	SRA:ERR3376859.198450149.1	91.129	124	10	1	4143	4265	141	18	2.63e-36	167
MK860761.1	SRA:ERR3376859.2477480.1	96.970	99	1	1	7401	7497	1	99	9.45e-36	165
MK860761.1	SRA:ERR3376859.279928331.2	96.907	97	3	0	3924	4020	97	1	3.40e-35	163
MK860761.1	SRA:ERR3376859.121509479.1	96.939	98	1	1	7402	7497	1	98	3.40e-35	163
MK860761.1	SRA:ERR3376859.247791031.2	93.519	108	7	0	8563	8670	108	1	1.22e-34	161
MK860761.1	SRA:ERR3376859.247791031.2	94.545	55	1	1	7445	7497	151	97	2.72e-11	84.2
MK860761.1	SRA:ERR3376859.40154272.2	95.960	99	4	0	8650	8748	151	53	1.22e-34	161
MK860761.1	SRA:ERR3376859.1595236.2	96.907	97	1	1	7403	7497	149	53	1.22e-34	161
MK860761.1	SRA:ERR3376859.226557829.2	100.000	86	0	0	3924	4009	86	1	4.40e-34	159
MK860761.1	SRA:ERR3376859.195196893.1	100.000	86	0	0	3924	4009	86	1	4.40e-34	159
MK860761.1	SRA:ERR3376859.35475355.2	91.453	117	9	1	4150	4265	3	119	4.40e-34	159
MK860761.1	SRA:ERR3376859.142599019.2	96.842	95	1	1	7405	7497	1	95	1.58e-33	158
MK860761.1	SRA:ERR3376859.111378752.2	96.842	95	1	1	7405	7497	119	25	1.58e-33	158
MK860761.1	SRA:ERR3376859.111378752.1	96.842	95	1	1	7405	7497	1	95	1.58e-33	158
MK860761.1	SRA:ERR3376859.86813483.2	100.000	85	0	0	3924	4008	85	1	1.58e-33	158
MK860761.1	SRA:ERR3376859.41086680.2	96.809	94	3	0	8637	8730	94	1	1.58e-33	158
MK860761.1	SRA:ERR3376859.41086680.1	96.809	94	3	0	8637	8730	1	94	1.58e-33	158
MK860761.1	SRA:ERR3376859.119087987.2	98.851	87	1	0	4008	4094	151	65	5.69e-33	156
MK860761.1	SRA:ERR3376859.143958505.1	95.789	95	4	0	4070	4164	95	1	2.05e-32	154
MK860761.1	SRA:ERR3376859.234056741.1	89.831	118	11	1	4149	4265	17	134	2.65e-31	150
MK860761.1	SRA:ERR3376859.234056740.1	89.831	118	11	1	4149	4265	17	134	2.65e-31	150
MK860761.1	SRA:ERR3376859.234056630.1	89.831	118	11	1	4149	4265	17	134	2.65e-31	150
MK860761.1	SRA:ERR3376859.162295019.2	98.810	84	1	0	3959	4042	1	84	2.65e-31	150
MK860761.1	SRA:ERR3376859.162295019.1	98.810	84	1	0	3959	4042	84	1	2.65e-31	150
MK860761.1	SRA:ERR3376859.279928331.1	100.000	80	0	0	3924	4003	72	151	9.51e-31	148
MK860761.1	SRA:ERR3376859.43427934.1	90.991	111	9	1	4156	4265	1	111	9.51e-31	148
MK860761.1	SRA:ERR3376859.104741382.2	98.780	82	1	0	3972	4053	1	82	3.42e-30	147
MK860761.1	SRA:ERR3376859.104741382.1	98.780	82	1	0	3972	4053	82	1	3.42e-30	147
MK860761.1	SRA:ERR3376859.104741240.2	98.780	82	1	0	3972	4053	1	82	3.42e-30	147
MK860761.1	SRA:ERR3376859.104741240.1	98.780	82	1	0	3972	4053	82	1	3.42e-30	147
MK860761.1	SRA:ERR3376859.104739634.2	98.780	82	1	0	3972	4053	1	82	3.42e-30	147
MK860761.1	SRA:ERR3376859.104739634.1	98.780	82	1	0	3972	4053	82	1	3.42e-30	147
MK860761.1	SRA:ERR3376859.50799147.1	96.591	88	3	0	8661	8748	1	88	3.42e-30	147
MK860761.1	SRA:ERR3376859.239952201.1	96.591	88	1	1	7412	7497	151	64	1.23e-29	145
MK860761.1	SRA:ERR3376859.40154272.1	92.929	99	7	0	8567	8665	53	151	1.23e-29	145
MK860761.1	SRA:ERR3376859.282802605.1	91.429	105	8	1	4162	4265	150	46	4.43e-29	143
MK860761.1	SRA:ERR3376859.222483275.2	98.750	80	1	0	7322	7401	80	1	4.43e-29	143
MK860761.1	SRA:ERR3376859.177207358.1	96.512	86	3	0	8663	8748	151	66	4.43e-29	143
MK860761.1	SRA:ERR3376859.166788695.1	91.429	105	8	1	4162	4265	148	44	4.43e-29	143
MK860761.1	SRA:ERR3376859.143958505.2	93.684	95	6	0	4070	4164	1	95	4.43e-29	143
MK860761.1	SRA:ERR3376859.50799147.2	96.512	86	3	0	8663	8748	151	66	4.43e-29	143
MK860761.1	SRA:ERR3376859.256196496.2	100.000	75	0	0	3949	4023	122	48	5.73e-28	139
MK860761.1	SRA:ERR3376859.256196496.1	100.000	75	0	0	3949	4023	1	75	5.73e-28	139
MK860761.1	SRA:ERR3376859.151709896.2	97.531	81	2	0	4067	4147	81	1	5.73e-28	139
MK860761.1	SRA:ERR3376859.133911211.2	96.429	84	3	0	8626	8709	3	86	5.73e-28	139
MK860761.1	SRA:ERR3376859.133911211.1	96.429	84	3	0	8626	8709	84	1	5.73e-28	139
MK860761.1	SRA:ERR3376859.19979281.1	96.471	85	1	1	7415	7497	1	85	5.73e-28	139
MK860761.1	SRA:ERR3376859.266530976.2	93.478	92	6	0	8563	8654	94	3	2.06e-27	137
MK860761.1	SRA:ERR3376859.266530976.2	95.652	69	1	1	7431	7497	151	83	4.49e-19	110
MK860761.1	SRA:ERR3376859.266530631.2	93.478	92	6	0	8563	8654	94	3	2.06e-27	137
MK860761.1	SRA:ERR3376859.266530631.2	95.652	69	1	1	7431	7497	151	83	4.49e-19	110
MK860761.1	SRA:ERR3376859.172168456.2	98.701	77	1	0	4018	4094	1	77	2.06e-27	137
MK860761.1	SRA:ERR3376859.149198094.2	93.478	92	6	0	8591	8682	93	2	2.06e-27	137
MK860761.1	SRA:ERR3376859.149198094.1	93.478	92	6	0	8591	8682	1	92	2.06e-27	137
MK860761.1	SRA:ERR3376859.149196799.2	93.478	92	6	0	8591	8682	93	2	2.06e-27	137
MK860761.1	SRA:ERR3376859.149196799.1	93.478	92	6	0	8591	8682	1	92	2.06e-27	137
MK860761.1	SRA:ERR3376859.121509479.2	93.478	92	6	0	8563	8654	94	3	2.06e-27	137
MK860761.1	SRA:ERR3376859.121509479.2	95.652	69	1	1	7431	7497	151	83	4.49e-19	110
MK860761.1	SRA:ERR3376859.81781221.2	97.500	80	2	0	7322	7401	80	1	2.06e-27	137
MK860761.1	SRA:ERR3376859.80552066.2	96.386	83	3	0	8666	8748	1	83	2.06e-27	137
MK860761.1	SRA:ERR3376859.219269065.2	96.341	82	3	0	4031	4112	70	151	7.41e-27	135
MK860761.1	SRA:ERR3376859.195196893.2	100.000	73	0	0	3924	3996	79	151	7.41e-27	135
MK860761.1	SRA:ERR3376859.158814998.2	96.341	82	3	0	8614	8695	134	53	7.41e-27	135
MK860761.1	SRA:ERR3376859.158814998.2	100.000	58	0	0	7370	7427	1	58	1.61e-18	108
MK860761.1	SRA:ERR3376859.158814998.1	96.341	82	3	0	8614	8695	1	82	7.41e-27	135
MK860761.1	SRA:ERR3376859.158814998.1	100.000	58	0	0	7370	7427	134	77	1.61e-18	108
MK860761.1	SRA:ERR3376859.26942758.2	98.684	76	1	0	7322	7397	76	1	7.41e-27	135
MK860761.1	SRA:ERR3376859.26942758.2	100.000	31	0	0	3924	3954	121	151	0.002	58.4
MK860761.1	SRA:ERR3376859.243027764.2	98.667	75	1	0	3992	4066	75	1	2.66e-26	134
MK860761.1	SRA:ERR3376859.243027764.1	98.667	75	1	0	3992	4066	1	75	2.66e-26	134
MK860761.1	SRA:ERR3376859.172168456.1	97.403	77	2	0	4018	4094	118	42	9.58e-26	132
MK860761.1	SRA:ERR3376859.117819553.1	90.909	99	8	1	4168	4265	1	99	9.58e-26	132
MK860761.1	SRA:ERR3376859.13993185.1	97.403	77	2	0	8672	8748	148	72	9.58e-26	132
MK860761.1	SRA:ERR3376859.13993184.1	97.403	77	2	0	8672	8748	148	72	9.58e-26	132
MK860761.1	SRA:ERR3376859.4863742.2	97.403	77	2	0	8672	8748	111	35	9.58e-26	132
MK860761.1	SRA:ERR3376859.4863742.1	97.403	77	2	0	8672	8748	3	79	9.58e-26	132
MK860761.1	SRA:ERR3376859.161267343.2	97.333	75	2	0	4059	4133	75	1	1.24e-24	128
MK860761.1	SRA:ERR3376859.161267343.1	97.333	75	2	0	4059	4133	37	111	1.24e-24	128
MK860761.1	SRA:ERR3376859.285598851.1	100.000	68	0	0	3924	3991	68	1	4.46e-24	126
MK860761.1	SRA:ERR3376859.120860519.2	96.154	78	1	1	7422	7497	150	73	4.46e-24	126
MK860761.1	SRA:ERR3376859.83330149.1	100.000	68	0	0	3924	3991	68	1	4.46e-24	126
MK860761.1	SRA:ERR3376859.80552066.1	96.104	77	3	0	8672	8748	148	72	4.46e-24	126
MK860761.1	SRA:ERR3376859.24111759.2	100.000	68	0	0	3924	3991	84	151	4.46e-24	126
MK860761.1	SRA:ERR3376859.24111759.2	97.436	39	1	0	7322	7360	39	1	2.74e-06	67.6
MK860761.1	SRA:ERR3376859.103834317.2	96.053	76	2	1	8673	8748	62	136	5.77e-23	122
MK860761.1	SRA:ERR3376859.103834317.1	96.053	76	2	1	8673	8748	85	11	5.77e-23	122
MK860761.1	SRA:ERR3376859.43614368.2	98.551	69	1	0	7322	7390	69	1	5.77e-23	122
MK860761.1	SRA:ERR3376859.43614368.2	100.000	37	0	0	3924	3960	114	150	7.62e-07	69.4
MK860761.1	SRA:ERR3376859.275276268.2	100.000	65	0	0	3924	3988	87	151	2.07e-22	121
MK860761.1	SRA:ERR3376859.275276268.2	97.619	42	1	0	7322	7363	42	1	5.89e-08	73.1
MK860761.1	SRA:ERR3376859.275276268.1	100.000	65	0	0	3924	3988	65	1	2.07e-22	121
MK860761.1	SRA:ERR3376859.275276268.1	97.619	42	1	0	7322	7363	110	151	5.89e-08	73.1
MK860761.1	SRA:ERR3376859.179745260.1	96.000	75	1	1	7425	7497	1	75	2.07e-22	121
MK860761.1	SRA:ERR3376859.156418197.1	96.000	75	1	1	7425	7497	151	77	2.07e-22	121
MK860761.1	SRA:ERR3376859.250413487.1	98.507	67	1	0	7425	7491	1	67	7.46e-22	119
MK860761.1	SRA:ERR3376859.194858447.2	97.143	70	2	0	8679	8748	74	5	7.46e-22	119
MK860761.1	SRA:ERR3376859.181727385.2	97.143	70	2	0	4079	4148	148	79	7.46e-22	119
MK860761.1	SRA:ERR3376859.157040840.2	100.000	64	0	0	7335	7398	1	64	7.46e-22	119
MK860761.1	SRA:ERR3376859.157040840.1	100.000	64	0	0	7335	7398	116	53	7.46e-22	119
MK860761.1	SRA:ERR3376859.53123839.1	98.507	67	1	0	7322	7388	67	1	7.46e-22	119
MK860761.1	SRA:ERR3376859.53123839.1	100.000	40	0	0	3924	3963	112	151	1.64e-08	75.0
MK860761.1	SRA:ERR3376859.50426031.2	97.101	69	2	0	8680	8748	1	69	2.68e-21	117
MK860761.1	SRA:ERR3376859.50426031.1	97.101	69	2	0	8680	8748	147	79	2.68e-21	117
MK860761.1	SRA:ERR3376859.50423006.2	97.101	69	2	0	8680	8748	1	69	2.68e-21	117
MK860761.1	SRA:ERR3376859.50423006.1	97.101	69	2	0	8680	8748	147	79	2.68e-21	117
MK860761.1	SRA:ERR3376859.15593403.2	97.101	69	2	0	8680	8748	1	69	2.68e-21	117
MK860761.1	SRA:ERR3376859.15593403.1	97.101	69	2	0	8680	8748	104	36	2.68e-21	117
MK860761.1	SRA:ERR3376859.200009967.1	97.059	68	2	0	8681	8748	1	68	9.65e-21	115
MK860761.1	SRA:ERR3376859.191899933.2	97.059	68	2	0	8681	8748	1	68	9.65e-21	115
MK860761.1	SRA:ERR3376859.84730702.2	95.833	72	1	1	7428	7497	1	72	9.65e-21	115
MK860761.1	SRA:ERR3376859.84730702.1	95.833	72	1	1	7428	7497	74	3	9.65e-21	115
MK860761.1	SRA:ERR3376859.177426049.1	100.000	61	0	0	3924	3984	61	1	3.47e-20	113
MK860761.1	SRA:ERR3376859.177426049.1	97.826	46	1	0	7322	7367	106	151	3.52e-10	80.5
MK860761.1	SRA:ERR3376859.211957627.1	96.923	65	2	0	8684	8748	151	87	4.49e-19	110
MK860761.1	SRA:ERR3376859.277546583.2	100.000	58	0	0	7416	7473	1	58	1.61e-18	108
MK860761.1	SRA:ERR3376859.277546583.1	100.000	58	0	0	7416	7473	58	1	1.61e-18	108
MK860761.1	SRA:ERR3376859.53123839.2	98.361	61	1	0	7322	7382	90	150	1.61e-18	108
MK860761.1	SRA:ERR3376859.53123839.2	100.000	45	0	0	3924	3968	45	1	2.72e-11	84.2
MK860761.1	SRA:ERR3376859.98661091.2	96.825	63	2	0	8686	8748	1	63	5.81e-18	106
MK860761.1	SRA:ERR3376859.243585535.2	96.774	62	2	0	8687	8748	1	62	2.09e-17	104
MK860761.1	SRA:ERR3376859.176291225.2	100.000	56	0	0	7404	7459	1	56	2.09e-17	104
MK860761.1	SRA:ERR3376859.176291225.1	100.000	56	0	0	7404	7459	56	1	2.09e-17	104
MK860761.1	SRA:ERR3376859.96560082.1	95.385	65	3	0	4083	4147	1	65	2.09e-17	104
MK860761.1	SRA:ERR3376859.26942758.1	100.000	56	0	0	3924	3979	56	1	2.09e-17	104
MK860761.1	SRA:ERR3376859.26942758.1	98.039	51	1	0	7322	7372	101	151	5.85e-13	89.8
MK860761.1	SRA:ERR3376859.226557829.1	100.000	53	0	0	3924	3976	98	150	9.72e-16	99.0
MK860761.1	SRA:ERR3376859.214502974.2	98.214	56	1	0	4033	4088	72	127	9.72e-16	99.0
MK860761.1	SRA:ERR3376859.214502974.1	98.214	56	1	0	4033	4088	56	1	9.72e-16	99.0
MK860761.1	SRA:ERR3376859.201916942.2	98.182	55	1	0	7322	7376	25	79	3.50e-15	97.1
MK860761.1	SRA:ERR3376859.201916942.1	98.182	55	1	0	7322	7376	55	1	3.50e-15	97.1
MK860761.1	SRA:ERR3376859.284503206.1	96.364	55	2	0	8694	8748	1	55	1.63e-13	91.6
MK860761.1	SRA:ERR3376859.284502329.1	96.364	55	2	0	8694	8748	1	55	1.63e-13	91.6
MK860761.1	SRA:ERR3376859.254945506.2	96.364	55	2	0	3994	4048	1	55	1.63e-13	91.6
MK860761.1	SRA:ERR3376859.254945506.1	96.364	55	2	0	3994	4048	116	62	1.63e-13	91.6
MK860761.1	SRA:ERR3376859.240537120.1	100.000	48	0	0	3964	4011	1	48	5.85e-13	89.8
MK860761.1	SRA:ERR3376859.237700720.2	96.296	54	2	0	8695	8748	1	54	5.85e-13	89.8
MK860761.1	SRA:ERR3376859.73252659.1	98.039	51	1	0	8698	8748	1	51	5.85e-13	89.8
MK860761.1	SRA:ERR3376859.20078803.1	98.039	51	1	0	8698	8748	1	51	5.85e-13	89.8
MK860761.1	SRA:ERR3376859.150057665.1	97.917	48	1	0	8701	8748	151	104	2.72e-11	84.2
MK860761.1	SRA:ERR3376859.144046033.2	94.444	54	3	0	8695	8748	1	54	2.72e-11	84.2
MK860761.1	SRA:ERR3376859.109512747.2	97.778	45	1	0	8704	8748	1	45	1.27e-09	78.7
MK860761.1	SRA:ERR3376859.8493418.2	100.000	42	0	0	3949	3990	41	82	1.27e-09	78.7
MK860761.1	SRA:ERR3376859.8493418.1	100.000	42	0	0	3949	3990	42	1	1.27e-09	78.7
MK860761.1	SRA:ERR3376859.203778530.2	87.692	65	6	2	4040	4103	64	1	4.55e-09	76.8
MK860761.1	SRA:ERR3376859.47743503.2	95.745	47	2	0	8618	8664	47	1	4.55e-09	76.8
MK860761.1	SRA:ERR3376859.248619464.2	97.619	42	1	0	8707	8748	150	109	5.89e-08	73.1
MK860761.1	SRA:ERR3376859.191899933.1	97.619	42	1	0	8707	8748	151	110	5.89e-08	73.1
MK860761.1	SRA:ERR3376859.18200172.1	97.436	39	1	0	8710	8748	1	39	2.74e-06	67.6
MK860761.1	SRA:ERR3376859.96560082.2	97.222	36	1	0	4112	4147	151	116	1.28e-04	62.1
MK860761.1	SRA:ERR3376859.36485425.2	92.308	39	3	0	4063	4101	102	140	0.006	56.5
MK860761.1	SRA:ERR3376859.36485425.1	94.444	36	2	0	4066	4101	36	1	0.006	56.5
MK860761.1	SRA:ERR3376859.83538673.2	100.000	29	0	0	3924	3952	29	1	0.021	54.7
MK860761.1	SRA:ERR3376859.83538673.1	100.000	29	0	0	3924	3952	79	107	0.021	54.7
MK860761.1	SRA:ERR3376859.151709896.1	100.000	28	0	0	4067	4094	123	150	0.077	52.8
