CFAV-Bangkok_Thailand_2015	SRA:SRR6123596.12798950.1	100.000	33	0	0	7357	7389	3	35	6.23e-07	62.1
CFAV-Bangkok_Thailand_2015	SRA:SRR6123596.6166408.1	100.000	33	0	0	7367	7399	2	34	6.23e-07	62.1
CFAV-Bangkok_Thailand_2015	SRA:SRR6123596.4391227.1	100.000	33	0	0	7357	7389	3	35	6.23e-07	62.1
CFAV-Bangkok_Thailand_2015	SRA:SRR6123596.4062438.1	100.000	33	0	0	7357	7389	3	35	6.23e-07	62.1
CFAV-Bangkok_Thailand_2015	SRA:SRR6123596.13598204.1	100.000	31	0	0	8686	8716	3	33	8.06e-06	58.4
CFAV-Bangkok_Thailand_2015	SRA:SRR6123596.13465799.1	100.000	31	0	0	4089	4119	35	5	8.06e-06	58.4
CFAV-Bangkok_Thailand_2015	SRA:SRR6123596.10131127.1	100.000	31	0	0	4089	4119	35	5	8.06e-06	58.4
CFAV-Bangkok_Thailand_2015	SRA:SRR6123596.7638694.1	100.000	31	0	0	4089	4119	35	5	8.06e-06	58.4
CFAV-Bangkok_Thailand_2015	SRA:SRR6123596.6409724.1	100.000	31	0	0	8686	8716	3	33	8.06e-06	58.4
CFAV-Bangkok_Thailand_2015	SRA:SRR6123596.7259024.1	100.000	30	0	0	7431	7460	3	32	2.90e-05	56.5
CFAV-Bangkok_Thailand_2015	SRA:SRR6123596.5966565.1	100.000	30	0	0	7431	7460	3	32	2.90e-05	56.5
CFAV-Bangkok_Thailand_2015	SRA:SRR6123596.4998144.1	100.000	30	0	0	7359	7388	5	34	2.90e-05	56.5
CFAV-Bangkok_Thailand_2015	SRA:SRR6123596.2736744.1	100.000	30	0	0	7431	7460	3	32	2.90e-05	56.5
CFAV-Bangkok_Thailand_2015	SRA:SRR6123596.2205680.1	100.000	30	0	0	7359	7388	5	34	2.90e-05	56.5
CFAV-Bangkok_Thailand_2015	SRA:SRR6123596.12548294.1	94.444	36	1	1	4084	4119	39	5	1.04e-04	54.7
CFAV-Bangkok_Thailand_2015	SRA:SRR6123596.9933885.1	100.000	29	0	0	3910	3938	32	4	1.04e-04	54.7
CFAV-Bangkok_Thailand_2015	SRA:SRR6123596.8830029.1	96.970	33	0	1	4087	4119	36	5	1.04e-04	54.7
CFAV-Bangkok_Thailand_2015	SRA:SRR6123596.8217898.1	100.000	29	0	0	3922	3950	33	5	1.04e-04	54.7
CFAV-Bangkok_Thailand_2015	SRA:SRR6123596.7603148.1	94.444	36	1	1	4084	4119	39	5	1.04e-04	54.7
CFAV-Bangkok_Thailand_2015	SRA:SRR6123596.12594945.1	100.000	28	0	0	3922	3949	32	5	3.75e-04	52.8
CFAV-Bangkok_Thailand_2015	SRA:SRR6123596.10441287.1	100.000	28	0	0	3965	3992	31	4	3.75e-04	52.8
CFAV-Bangkok_Thailand_2015	SRA:SRR6123596.8081411.1	100.000	28	0	0	3922	3949	32	5	3.75e-04	52.8
CFAV-Bangkok_Thailand_2015	SRA:SRR6123596.6127961.1	100.000	28	0	0	3922	3949	32	5	3.75e-04	52.8
CFAV-Bangkok_Thailand_2015	SRA:SRR6123596.4032608.1	100.000	28	0	0	3965	3992	31	4	3.75e-04	52.8
CFAV-Bangkok_Thailand_2015	SRA:SRR6123596.3503824.1	100.000	28	0	0	3965	3992	31	4	3.75e-04	52.8
CFAV-Bangkok_Thailand_2015	SRA:SRR6123596.2809066.1	100.000	28	0	0	3922	3949	32	5	3.75e-04	52.8
