CFAV-Bangkok_Thailand_2015	SRA:SRR6123591.12506648.1	100.000	36	0	0	4087	4122	40	5	1.51e-08	67.6
CFAV-Bangkok_Thailand_2015	SRA:SRR6123591.5306113.1	100.000	36	0	0	4087	4122	40	5	1.51e-08	67.6
CFAV-Bangkok_Thailand_2015	SRA:SRR6123591.5029652.1	100.000	36	0	0	4087	4122	40	5	1.51e-08	67.6
CFAV-Bangkok_Thailand_2015	SRA:SRR6123591.4836540.1	100.000	36	0	0	4087	4122	40	5	1.51e-08	67.6
CFAV-Bangkok_Thailand_2015	SRA:SRR6123591.4446226.1	100.000	36	0	0	4087	4122	40	5	1.51e-08	67.6
CFAV-Bangkok_Thailand_2015	SRA:SRR6123591.14652624.1	100.000	33	0	0	7353	7385	3	35	7.02e-07	62.1
CFAV-Bangkok_Thailand_2015	SRA:SRR6123591.13383983.1	100.000	33	0	0	7353	7385	3	35	7.02e-07	62.1
CFAV-Bangkok_Thailand_2015	SRA:SRR6123591.12568296.1	100.000	33	0	0	7353	7385	3	35	7.02e-07	62.1
CFAV-Bangkok_Thailand_2015	SRA:SRR6123591.9453238.1	97.222	36	1	0	4087	4122	40	5	7.02e-07	62.1
CFAV-Bangkok_Thailand_2015	SRA:SRR6123591.8851674.1	100.000	33	0	0	7353	7385	3	35	7.02e-07	62.1
CFAV-Bangkok_Thailand_2015	SRA:SRR6123591.7191178.1	100.000	33	0	0	7353	7385	3	35	7.02e-07	62.1
CFAV-Bangkok_Thailand_2015	SRA:SRR6123591.5303629.1	100.000	32	0	0	4088	4119	34	3	2.53e-06	60.2
CFAV-Bangkok_Thailand_2015	SRA:SRR6123591.12150999.1	97.143	35	0	1	3959	3992	38	4	9.08e-06	58.4
CFAV-Bangkok_Thailand_2015	SRA:SRR6123591.11675667.1	100.000	31	0	0	3961	3991	35	5	9.08e-06	58.4
CFAV-Bangkok_Thailand_2015	SRA:SRR6123591.10405955.1	100.000	31	0	0	4096	4126	33	3	9.08e-06	58.4
CFAV-Bangkok_Thailand_2015	SRA:SRR6123591.9607915.1	97.143	35	0	1	3959	3992	38	4	9.08e-06	58.4
CFAV-Bangkok_Thailand_2015	SRA:SRR6123591.316366.1	100.000	31	0	0	4096	4126	33	3	9.08e-06	58.4
CFAV-Bangkok_Thailand_2015	SRA:SRR6123591.5855461.1	100.000	30	0	0	3921	3950	33	4	3.27e-05	56.5
CFAV-Bangkok_Thailand_2015	SRA:SRR6123591.9559544.1	100.000	29	0	0	3974	4002	33	5	1.17e-04	54.7
CFAV-Bangkok_Thailand_2015	SRA:SRR6123591.8876912.1	100.000	29	0	0	3988	4016	33	5	1.17e-04	54.7
CFAV-Bangkok_Thailand_2015	SRA:SRR6123591.7875094.1	96.875	32	1	0	3906	3937	36	5	1.17e-04	54.7
CFAV-Bangkok_Thailand_2015	SRA:SRR6123591.7533243.1	100.000	29	0	0	3915	3943	33	5	1.17e-04	54.7
CFAV-Bangkok_Thailand_2015	SRA:SRR6123591.3990834.1	100.000	29	0	0	7355	7383	5	33	1.17e-04	54.7
CFAV-Bangkok_Thailand_2015	SRA:SRR6123591.3798568.1	100.000	29	0	0	3988	4016	33	5	1.17e-04	54.7
CFAV-Bangkok_Thailand_2015	SRA:SRR6123591.3452253.1	100.000	29	0	0	3988	4016	33	5	1.17e-04	54.7
CFAV-Bangkok_Thailand_2015	SRA:SRR6123591.3204473.1	96.875	32	1	0	3906	3937	36	5	1.17e-04	54.7
CFAV-Bangkok_Thailand_2015	SRA:SRR6123591.1396919.1	100.000	29	0	0	3988	4016	33	5	1.17e-04	54.7
CFAV-Bangkok_Thailand_2015	SRA:SRR6123591.14675531.1	100.000	28	0	0	8688	8715	5	32	4.23e-04	52.8
CFAV-Bangkok_Thailand_2015	SRA:SRR6123591.9612018.1	100.000	28	0	0	4096	4123	32	5	4.23e-04	52.8
CFAV-Bangkok_Thailand_2015	SRA:SRR6123591.9100477.1	100.000	28	0	0	4096	4123	32	5	4.23e-04	52.8
CFAV-Bangkok_Thailand_2015	SRA:SRR6123591.6918310.1	100.000	28	0	0	7313	7340	7	34	4.23e-04	52.8
CFAV-Bangkok_Thailand_2015	SRA:SRR6123591.6332961.1	100.000	28	0	0	4096	4123	32	5	4.23e-04	52.8
CFAV-Bangkok_Thailand_2015	SRA:SRR6123591.4624427.1	100.000	28	0	0	4029	4056	32	5	4.23e-04	52.8
CFAV-Bangkok_Thailand_2015	SRA:SRR6123591.3092128.1	100.000	28	0	0	8688	8715	5	32	4.23e-04	52.8
CFAV-Bangkok_Thailand_2015	SRA:SRR6123591.1096711.1	100.000	28	0	0	3922	3949	32	5	4.23e-04	52.8
