CFAV-Bangkok_Thailand_2015	SRA:SRR6123587.8842856.1	100.000	32	0	0	4088	4119	36	5	2.30e-06	60.2
CFAV-Bangkok_Thailand_2015	SRA:SRR6123587.8080270.1	100.000	32	0	0	4088	4119	36	5	2.30e-06	60.2
CFAV-Bangkok_Thailand_2015	SRA:SRR6123587.6617060.1	100.000	32	0	0	4088	4119	36	5	2.30e-06	60.2
CFAV-Bangkok_Thailand_2015	SRA:SRR6123587.1842431.1	100.000	32	0	0	4088	4119	36	5	2.30e-06	60.2
CFAV-Bangkok_Thailand_2015	SRA:SRR6123587.8418307.1	97.143	35	0	1	4087	4120	35	1	8.29e-06	58.4
CFAV-Bangkok_Thailand_2015	SRA:SRR6123587.4246808.1	97.143	35	0	1	4087	4120	35	1	8.29e-06	58.4
CFAV-Bangkok_Thailand_2015	SRA:SRR6123587.4212633.1	97.143	35	0	1	4087	4120	35	1	8.29e-06	58.4
CFAV-Bangkok_Thailand_2015	SRA:SRR6123587.2600795.1	97.143	35	0	1	4087	4120	35	1	8.29e-06	58.4
CFAV-Bangkok_Thailand_2015	SRA:SRR6123587.2576200.1	97.143	35	0	1	4087	4120	35	1	8.29e-06	58.4
CFAV-Bangkok_Thailand_2015	SRA:SRR6123587.1812309.1	97.143	35	0	1	4087	4120	35	1	8.29e-06	58.4
CFAV-Bangkok_Thailand_2015	SRA:SRR6123587.348229.1	97.143	35	0	1	4087	4120	35	1	8.29e-06	58.4
CFAV-Bangkok_Thailand_2015	SRA:SRR6123587.12923858.1	100.000	30	0	0	3909	3938	33	4	2.98e-05	56.5
CFAV-Bangkok_Thailand_2015	SRA:SRR6123587.12173989.1	100.000	30	0	0	3909	3938	33	4	2.98e-05	56.5
CFAV-Bangkok_Thailand_2015	SRA:SRR6123587.12171421.1	100.000	30	0	0	3909	3938	33	4	2.98e-05	56.5
CFAV-Bangkok_Thailand_2015	SRA:SRR6123587.11707123.1	100.000	30	0	0	3909	3938	33	4	2.98e-05	56.5
CFAV-Bangkok_Thailand_2015	SRA:SRR6123587.10883000.1	100.000	30	0	0	3909	3938	33	4	2.98e-05	56.5
CFAV-Bangkok_Thailand_2015	SRA:SRR6123587.10067610.1	100.000	30	0	0	8688	8717	5	34	2.98e-05	56.5
CFAV-Bangkok_Thailand_2015	SRA:SRR6123587.9952030.1	100.000	30	0	0	3909	3938	33	4	2.98e-05	56.5
CFAV-Bangkok_Thailand_2015	SRA:SRR6123587.9772577.1	100.000	30	0	0	3909	3938	33	4	2.98e-05	56.5
CFAV-Bangkok_Thailand_2015	SRA:SRR6123587.9469063.1	100.000	30	0	0	3909	3938	33	4	2.98e-05	56.5
CFAV-Bangkok_Thailand_2015	SRA:SRR6123587.3954974.1	100.000	30	0	0	3909	3938	33	4	2.98e-05	56.5
CFAV-Bangkok_Thailand_2015	SRA:SRR6123587.3282852.1	100.000	30	0	0	3909	3938	33	4	2.98e-05	56.5
CFAV-Bangkok_Thailand_2015	SRA:SRR6123587.2907302.1	100.000	30	0	0	8688	8717	5	34	2.98e-05	56.5
CFAV-Bangkok_Thailand_2015	SRA:SRR6123587.2780385.1	100.000	30	0	0	3909	3938	33	4	2.98e-05	56.5
CFAV-Bangkok_Thailand_2015	SRA:SRR6123587.1698080.1	100.000	30	0	0	3932	3961	34	5	2.98e-05	56.5
CFAV-Bangkok_Thailand_2015	SRA:SRR6123587.12154101.1	100.000	29	0	0	3909	3937	33	5	1.07e-04	54.7
CFAV-Bangkok_Thailand_2015	SRA:SRR6123587.10358586.1	100.000	29	0	0	3960	3988	33	5	1.07e-04	54.7
CFAV-Bangkok_Thailand_2015	SRA:SRR6123587.9914948.1	100.000	29	0	0	3960	3988	33	5	1.07e-04	54.7
CFAV-Bangkok_Thailand_2015	SRA:SRR6123587.7726136.1	100.000	29	0	0	3909	3937	33	5	1.07e-04	54.7
CFAV-Bangkok_Thailand_2015	SRA:SRR6123587.7450929.1	100.000	29	0	0	3909	3937	33	5	1.07e-04	54.7
CFAV-Bangkok_Thailand_2015	SRA:SRR6123587.4906526.1	100.000	29	0	0	3960	3988	33	5	1.07e-04	54.7
CFAV-Bangkok_Thailand_2015	SRA:SRR6123587.3879243.1	100.000	29	0	0	3986	4014	33	5	1.07e-04	54.7
CFAV-Bangkok_Thailand_2015	SRA:SRR6123587.720703.1	100.000	29	0	0	3986	4014	33	5	1.07e-04	54.7
CFAV-Bangkok_Thailand_2015	SRA:SRR6123587.90883.1	100.000	29	0	0	3909	3937	33	5	1.07e-04	54.7
CFAV-Bangkok_Thailand_2015	SRA:SRR6123587.13366489.1	100.000	28	0	0	4158	4185	31	4	3.86e-04	52.8
CFAV-Bangkok_Thailand_2015	SRA:SRR6123587.12919918.1	96.774	31	1	0	3928	3958	32	2	3.86e-04	52.8
CFAV-Bangkok_Thailand_2015	SRA:SRR6123587.12468978.1	100.000	28	0	0	4158	4185	31	4	3.86e-04	52.8
CFAV-Bangkok_Thailand_2015	SRA:SRR6123587.10443021.1	96.774	31	1	0	3928	3958	32	2	3.86e-04	52.8
CFAV-Bangkok_Thailand_2015	SRA:SRR6123587.10372855.1	96.774	31	1	0	3928	3958	32	2	3.86e-04	52.8
CFAV-Bangkok_Thailand_2015	SRA:SRR6123587.5851315.1	96.875	32	0	1	3922	3952	32	1	3.86e-04	52.8
CFAV-Bangkok_Thailand_2015	SRA:SRR6123587.5711606.1	96.774	31	1	0	3928	3958	32	2	3.86e-04	52.8
CFAV-Bangkok_Thailand_2015	SRA:SRR6123587.5522424.1	96.875	32	0	1	3922	3952	32	1	3.86e-04	52.8
CFAV-Bangkok_Thailand_2015	SRA:SRR6123587.5381086.1	96.774	31	1	0	3928	3958	32	2	3.86e-04	52.8
CFAV-Bangkok_Thailand_2015	SRA:SRR6123587.5332339.1	96.774	31	1	0	3928	3958	32	2	3.86e-04	52.8
CFAV-Bangkok_Thailand_2015	SRA:SRR6123587.4425778.1	96.875	32	0	1	3922	3952	32	1	3.86e-04	52.8
CFAV-Bangkok_Thailand_2015	SRA:SRR6123587.1375272.1	96.875	32	0	1	3922	3952	32	1	3.86e-04	52.8
