CFAV-Bangkok_Thailand_2015	SRA:SRR6123590.9941879.1	100.000	32	0	0	7359	7390	5	36	2.57e-06	60.2
CFAV-Bangkok_Thailand_2015	SRA:SRR6123590.7114679.1	100.000	32	0	0	3962	3993	34	3	2.57e-06	60.2
CFAV-Bangkok_Thailand_2015	SRA:SRR6123590.861974.1	100.000	32	0	0	8606	8637	2	33	2.57e-06	60.2
CFAV-Bangkok_Thailand_2015	SRA:SRR6123590.6953734.1	100.000	31	0	0	7359	7389	5	35	9.25e-06	58.4
CFAV-Bangkok_Thailand_2015	SRA:SRR6123590.6720454.1	100.000	31	0	0	4090	4120	32	2	9.25e-06	58.4
CFAV-Bangkok_Thailand_2015	SRA:SRR6123590.6572823.1	100.000	31	0	0	8606	8636	2	32	9.25e-06	58.4
CFAV-Bangkok_Thailand_2015	SRA:SRR6123590.2121839.1	100.000	31	0	0	8606	8636	2	32	9.25e-06	58.4
CFAV-Bangkok_Thailand_2015	SRA:SRR6123590.14756134.1	100.000	30	0	0	7403	7432	5	34	3.33e-05	56.5
CFAV-Bangkok_Thailand_2015	SRA:SRR6123590.9183302.1	97.059	34	0	1	3930	3963	34	2	3.33e-05	56.5
CFAV-Bangkok_Thailand_2015	SRA:SRR6123590.9158246.1	97.059	34	0	1	3930	3963	34	2	3.33e-05	56.5
CFAV-Bangkok_Thailand_2015	SRA:SRR6123590.8780138.1	100.000	30	0	0	7403	7432	5	34	3.33e-05	56.5
CFAV-Bangkok_Thailand_2015	SRA:SRR6123590.1634162.1	100.000	30	0	0	7400	7429	5	34	3.33e-05	56.5
CFAV-Bangkok_Thailand_2015	SRA:SRR6123590.1157108.1	97.059	34	0	1	3930	3963	34	2	3.33e-05	56.5
CFAV-Bangkok_Thailand_2015	SRA:SRR6123590.16099536.1	100.000	29	0	0	7370	7398	5	33	1.20e-04	54.7
CFAV-Bangkok_Thailand_2015	SRA:SRR6123590.15123274.1	100.000	29	0	0	3922	3950	32	4	1.20e-04	54.7
CFAV-Bangkok_Thailand_2015	SRA:SRR6123590.12466905.1	100.000	29	0	0	7388	7416	3	31	1.20e-04	54.7
CFAV-Bangkok_Thailand_2015	SRA:SRR6123590.12278555.1	96.875	32	1	0	4092	4123	35	4	1.20e-04	54.7
CFAV-Bangkok_Thailand_2015	SRA:SRR6123590.10757674.1	100.000	29	0	0	3922	3950	32	4	1.20e-04	54.7
CFAV-Bangkok_Thailand_2015	SRA:SRR6123590.6418656.1	100.000	29	0	0	7388	7416	3	31	1.20e-04	54.7
CFAV-Bangkok_Thailand_2015	SRA:SRR6123590.5262774.1	100.000	29	0	0	7400	7428	5	33	1.20e-04	54.7
CFAV-Bangkok_Thailand_2015	SRA:SRR6123590.4848447.1	100.000	29	0	0	7388	7416	3	31	1.20e-04	54.7
CFAV-Bangkok_Thailand_2015	SRA:SRR6123590.4690623.1	100.000	29	0	0	4088	4116	33	5	1.20e-04	54.7
CFAV-Bangkok_Thailand_2015	SRA:SRR6123590.961714.1	100.000	29	0	0	3922	3950	32	4	1.20e-04	54.7
CFAV-Bangkok_Thailand_2015	SRA:SRR6123590.15808216.1	100.000	28	0	0	3966	3993	31	4	4.30e-04	52.8
CFAV-Bangkok_Thailand_2015	SRA:SRR6123590.14962422.1	100.000	28	0	0	4101	4128	32	5	4.30e-04	52.8
CFAV-Bangkok_Thailand_2015	SRA:SRR6123590.14098979.1	100.000	28	0	0	4090	4117	32	5	4.30e-04	52.8
CFAV-Bangkok_Thailand_2015	SRA:SRR6123590.12934265.1	100.000	28	0	0	4092	4119	32	5	4.30e-04	52.8
CFAV-Bangkok_Thailand_2015	SRA:SRR6123590.11990260.1	100.000	28	0	0	4092	4119	32	5	4.30e-04	52.8
CFAV-Bangkok_Thailand_2015	SRA:SRR6123590.11693360.1	100.000	28	0	0	3955	3982	32	5	4.30e-04	52.8
CFAV-Bangkok_Thailand_2015	SRA:SRR6123590.10653459.1	100.000	28	0	0	4092	4119	32	5	4.30e-04	52.8
CFAV-Bangkok_Thailand_2015	SRA:SRR6123590.9492592.1	100.000	28	0	0	3922	3949	32	5	4.30e-04	52.8
CFAV-Bangkok_Thailand_2015	SRA:SRR6123590.7967418.1	100.000	28	0	0	8623	8650	5	32	4.30e-04	52.8
CFAV-Bangkok_Thailand_2015	SRA:SRR6123590.7595934.1	100.000	28	0	0	3922	3949	32	5	4.30e-04	52.8
CFAV-Bangkok_Thailand_2015	SRA:SRR6123590.7470893.1	100.000	28	0	0	3916	3943	32	5	4.30e-04	52.8
CFAV-Bangkok_Thailand_2015	SRA:SRR6123590.7364223.1	100.000	28	0	0	4101	4128	32	5	4.30e-04	52.8
CFAV-Bangkok_Thailand_2015	SRA:SRR6123590.6220450.1	100.000	28	0	0	3966	3993	31	4	4.30e-04	52.8
CFAV-Bangkok_Thailand_2015	SRA:SRR6123590.5791289.1	100.000	28	0	0	3916	3943	32	5	4.30e-04	52.8
CFAV-Bangkok_Thailand_2015	SRA:SRR6123590.4614714.1	100.000	28	0	0	3910	3937	32	5	4.30e-04	52.8
CFAV-Bangkok_Thailand_2015	SRA:SRR6123590.4189998.1	100.000	28	0	0	8623	8650	5	32	4.30e-04	52.8
CFAV-Bangkok_Thailand_2015	SRA:SRR6123590.3969598.1	100.000	28	0	0	8623	8650	5	32	4.30e-04	52.8
CFAV-Bangkok_Thailand_2015	SRA:SRR6123590.2945904.1	100.000	28	0	0	3922	3949	32	5	4.30e-04	52.8
CFAV-Bangkok_Thailand_2015	SRA:SRR6123590.141530.1	100.000	28	0	0	3916	3943	32	5	4.30e-04	52.8
