CFAV-Bangkok_Thailand_2015	SRA:SRR6123595.15021395.1	100.000	31	0	0	7359	7389	5	35	9.94e-06	58.4
CFAV-Bangkok_Thailand_2015	SRA:SRR6123595.13380853.1	100.000	31	0	0	7359	7389	5	35	9.94e-06	58.4
CFAV-Bangkok_Thailand_2015	SRA:SRR6123595.15961782.1	100.000	30	0	0	3962	3991	34	5	3.57e-05	56.5
CFAV-Bangkok_Thailand_2015	SRA:SRR6123595.5332272.1	100.000	30	0	0	7370	7399	5	34	3.57e-05	56.5
CFAV-Bangkok_Thailand_2015	SRA:SRR6123595.3436427.1	96.970	33	1	0	7367	7399	2	34	3.57e-05	56.5
CFAV-Bangkok_Thailand_2015	SRA:SRR6123595.3330291.1	100.000	30	0	0	3954	3983	33	4	3.57e-05	56.5
CFAV-Bangkok_Thailand_2015	SRA:SRR6123595.1637884.1	100.000	30	0	0	3962	3991	34	5	3.57e-05	56.5
CFAV-Bangkok_Thailand_2015	SRA:SRR6123595.8056114.1	100.000	29	0	0	3933	3961	33	5	1.29e-04	54.7
CFAV-Bangkok_Thailand_2015	SRA:SRR6123595.5098807.1	100.000	29	0	0	3915	3943	33	5	1.29e-04	54.7
CFAV-Bangkok_Thailand_2015	SRA:SRR6123595.2827846.1	100.000	29	0	0	3922	3950	32	4	1.29e-04	54.7
CFAV-Bangkok_Thailand_2015	SRA:SRR6123595.2353693.1	100.000	29	0	0	3915	3943	33	5	1.29e-04	54.7
CFAV-Bangkok_Thailand_2015	SRA:SRR6123595.604049.1	96.875	32	1	0	3938	3969	32	1	1.29e-04	54.7
CFAV-Bangkok_Thailand_2015	SRA:SRR6123595.11554869.1	96.774	31	1	0	3916	3946	32	2	4.62e-04	52.8
CFAV-Bangkok_Thailand_2015	SRA:SRR6123595.7973959.1	100.000	28	0	0	7402	7429	4	31	4.62e-04	52.8
CFAV-Bangkok_Thailand_2015	SRA:SRR6123595.5847795.1	100.000	28	0	0	7354	7381	4	31	4.62e-04	52.8
CFAV-Bangkok_Thailand_2015	SRA:SRR6123595.3511548.1	100.000	28	0	0	3922	3949	32	5	4.62e-04	52.8
CFAV-Bangkok_Thailand_2015	SRA:SRR6123595.1690099.1	100.000	28	0	0	3922	3949	32	5	4.62e-04	52.8
CFAV-Bangkok_Thailand_2015	SRA:SRR6123595.338689.1	100.000	28	0	0	8689	8716	4	31	4.62e-04	52.8
CFAV-Bangkok_Thailand_2015	SRA:SRR6123595.36482.1	100.000	28	0	0	3922	3949	32	5	4.62e-04	52.8
CFAV-Bangkok_Thailand_2015	SRA:SRR6123595.13342884.1	96.429	28	1	0	3989	4016	32	5	0.006	49.1
