CFAV-Bangkok_Thailand_2015	SRA:SRR7430938.43189103.1	100.000	32	0	0	3912	3943	37	6	6.67e-06	60.2
CFAV-Bangkok_Thailand_2015	SRA:SRR7430938.37088861.1	100.000	31	0	0	4089	4119	37	7	2.40e-05	58.4
CFAV-Bangkok_Thailand_2015	SRA:SRR7430938.26610778.1	97.143	35	0	1	3915	3948	35	1	2.40e-05	58.4
CFAV-Bangkok_Thailand_2015	SRA:SRR7430938.26923668.1	100.000	30	0	0	3915	3944	35	6	8.63e-05	56.5
CFAV-Bangkok_Thailand_2015	SRA:SRR7430938.6251107.1	100.000	30	0	0	3915	3944	35	6	8.63e-05	56.5
CFAV-Bangkok_Thailand_2015	SRA:SRR7430938.40484206.1	100.000	29	0	0	3991	4019	36	8	3.10e-04	54.7
CFAV-Bangkok_Thailand_2015	SRA:SRR7430938.36649937.1	100.000	29	0	0	3991	4019	36	8	3.10e-04	54.7
CFAV-Bangkok_Thailand_2015	SRA:SRR7430938.13092504.1	100.000	29	0	0	8608	8636	7	35	3.10e-04	54.7
CFAV-Bangkok_Thailand_2015	SRA:SRR7430938.8007001.1	100.000	29	0	0	3991	4019	36	8	3.10e-04	54.7
CFAV-Bangkok_Thailand_2015	SRA:SRR7430938.6708740.1	100.000	29	0	0	3991	4019	36	8	3.10e-04	54.7
CFAV-Bangkok_Thailand_2015	SRA:SRR7430938.6272776.1	100.000	29	0	0	8608	8636	7	35	3.10e-04	54.7
CFAV-Bangkok_Thailand_2015	SRA:SRR7430938.4548571.1	100.000	29	0	0	8608	8636	7	35	3.10e-04	54.7
CFAV-Bangkok_Thailand_2015	SRA:SRR7430938.42195256.1	100.000	28	0	0	7399	7426	7	34	0.001	52.8
CFAV-Bangkok_Thailand_2015	SRA:SRR7430938.36443064.1	100.000	28	0	0	7399	7426	7	34	0.001	52.8
CFAV-Bangkok_Thailand_2015	SRA:SRR7430938.26930460.1	100.000	28	0	0	7400	7427	7	34	0.001	52.8
CFAV-Bangkok_Thailand_2015	SRA:SRR7430938.20581063.1	100.000	28	0	0	7400	7427	7	34	0.001	52.8
CFAV-Bangkok_Thailand_2015	SRA:SRR7430938.19618159.1	100.000	28	0	0	7400	7427	7	34	0.001	52.8
CFAV-Bangkok_Thailand_2015	SRA:SRR7430938.14753742.1	100.000	28	0	0	7399	7426	7	34	0.001	52.8
CFAV-Bangkok_Thailand_2015	SRA:SRR7430938.14548734.1	100.000	28	0	0	7400	7427	7	34	0.001	52.8
CFAV-Bangkok_Thailand_2015	SRA:SRR7430938.9819781.1	100.000	28	0	0	4092	4119	34	7	0.001	52.8
CFAV-Bangkok_Thailand_2015	SRA:SRR7430938.5558112.1	100.000	28	0	0	4092	4119	34	7	0.001	52.8
CFAV-Bangkok_Thailand_2015	SRA:SRR7430938.2433576.1	100.000	28	0	0	7399	7426	7	34	0.001	52.8
CFAV-Bangkok_Thailand_2015	SRA:SRR7430938.698911.1	100.000	28	0	0	7399	7426	7	34	0.001	52.8
