CFAV-Bangkok_Thailand_2015	SRA:SRR8606542.12138528.1	100.000	30	0	0	3732	3761	30	1	1.31e-06	56.5
CFAV-Bangkok_Thailand_2015	SRA:SRR8606542.9508488.1	100.000	30	0	0	3732	3761	30	1	1.31e-06	56.5
CFAV-Bangkok_Thailand_2015	SRA:SRR8606542.9141199.1	100.000	30	0	0	3732	3761	30	1	1.31e-06	56.5
CFAV-Bangkok_Thailand_2015	SRA:SRR8606542.8940937.1	100.000	30	0	0	3659	3688	30	1	1.31e-06	56.5
CFAV-Bangkok_Thailand_2015	SRA:SRR8606542.7094449.1	100.000	30	0	0	3732	3761	30	1	1.31e-06	56.5
CFAV-Bangkok_Thailand_2015	SRA:SRR8606542.5783891.1	100.000	30	0	0	3732	3761	30	1	1.31e-06	56.5
CFAV-Bangkok_Thailand_2015	SRA:SRR8606542.5467379.1	100.000	30	0	0	3732	3761	30	1	1.31e-06	56.5
CFAV-Bangkok_Thailand_2015	SRA:SRR8606542.2425775.1	100.000	30	0	0	3594	3623	30	1	1.31e-06	56.5
CFAV-Bangkok_Thailand_2015	SRA:SRR8606542.12391957.1	100.000	29	0	0	7370	7398	1	29	4.71e-06	54.7
CFAV-Bangkok_Thailand_2015	SRA:SRR8606542.11702269.1	100.000	29	0	0	3732	3760	29	1	4.71e-06	54.7
CFAV-Bangkok_Thailand_2015	SRA:SRR8606542.8966842.1	100.000	29	0	0	3732	3760	29	1	4.71e-06	54.7
CFAV-Bangkok_Thailand_2015	SRA:SRR8606542.8462831.1	100.000	29	0	0	3915	3943	29	1	4.71e-06	54.7
CFAV-Bangkok_Thailand_2015	SRA:SRR8606542.8460518.1	100.000	29	0	0	3915	3943	29	1	4.71e-06	54.7
CFAV-Bangkok_Thailand_2015	SRA:SRR8606542.7659859.1	100.000	29	0	0	3732	3760	29	1	4.71e-06	54.7
CFAV-Bangkok_Thailand_2015	SRA:SRR8606542.5946317.1	100.000	29	0	0	7370	7398	1	29	4.71e-06	54.7
CFAV-Bangkok_Thailand_2015	SRA:SRR8606542.5628973.1	100.000	29	0	0	3915	3943	29	1	4.71e-06	54.7
CFAV-Bangkok_Thailand_2015	SRA:SRR8606542.4285105.1	100.000	29	0	0	3983	4011	29	1	4.71e-06	54.7
CFAV-Bangkok_Thailand_2015	SRA:SRR8606542.13544236.1	100.000	28	0	0	3814	3841	28	1	1.69e-05	52.8
CFAV-Bangkok_Thailand_2015	SRA:SRR8606542.5275540.1	100.000	28	0	0	3701	3728	28	1	1.69e-05	52.8
CFAV-Bangkok_Thailand_2015	SRA:SRR8606542.9133183.1	100.000	27	0	0	3933	3959	27	1	6.09e-05	51.0
CFAV-Bangkok_Thailand_2015	SRA:SRR8606542.7708800.1	100.000	27	0	0	3978	4004	27	1	6.09e-05	51.0
