CFAV-Bangkok_Thailand_2015	SRA:SRR8921129.41399934.1	99.338	151	1	0	3571	3721	1	151	3.14e-69	274
CFAV-Bangkok_Thailand_2015	SRA:SRR8921129.41399934.2	99.329	149	1	0	3580	3728	150	2	4.07e-68	270
CFAV-Bangkok_Thailand_2015	SRA:SRR8921129.32387074.1	99.329	149	1	0	3925	4073	1	149	4.07e-68	270
CFAV-Bangkok_Thailand_2015	SRA:SRR8921129.37905426.2	98.675	151	2	0	1015	1165	151	1	1.46e-67	268
CFAV-Bangkok_Thailand_2015	SRA:SRR8921129.37883148.2	98.675	151	2	0	1015	1165	151	1	1.46e-67	268
CFAV-Bangkok_Thailand_2015	SRA:SRR8921129.3771045.2	98.675	151	2	0	3608	3758	151	1	1.46e-67	268
CFAV-Bangkok_Thailand_2015	SRA:SRR8921129.3771045.1	98.675	151	2	0	3585	3735	1	151	1.46e-67	268
CFAV-Bangkok_Thailand_2015	SRA:SRR8921129.35163020.1	99.310	145	1	0	3570	3714	1	145	6.81e-66	263
CFAV-Bangkok_Thailand_2015	SRA:SRR8921129.46848105.2	98.000	150	3	0	1563	1712	150	1	2.45e-65	261
CFAV-Bangkok_Thailand_2015	SRA:SRR8921129.37905426.1	98.639	147	2	0	951	1097	1	147	2.45e-65	261
CFAV-Bangkok_Thailand_2015	SRA:SRR8921129.37883740.1	98.639	147	2	0	951	1097	1	147	2.45e-65	261
CFAV-Bangkok_Thailand_2015	SRA:SRR8921129.37883148.1	98.639	147	2	0	951	1097	1	147	2.45e-65	261
CFAV-Bangkok_Thailand_2015	SRA:SRR8921129.11170614.1	98.000	150	3	0	699	848	1	150	2.45e-65	261
CFAV-Bangkok_Thailand_2015	SRA:SRR8921129.37883740.2	97.351	151	4	0	1015	1165	151	1	3.17e-64	257
CFAV-Bangkok_Thailand_2015	SRA:SRR8921129.35163020.2	98.621	145	2	0	3570	3714	145	1	3.17e-64	257
CFAV-Bangkok_Thailand_2015	SRA:SRR8921129.12913498.1	97.351	151	4	0	1666	1816	1	151	3.17e-64	257
CFAV-Bangkok_Thailand_2015	SRA:SRR8921129.11170614.2	97.351	151	4	0	732	882	151	1	3.17e-64	257
CFAV-Bangkok_Thailand_2015	SRA:SRR8921129.5107222.2	97.351	151	4	0	1179	1329	151	1	3.17e-64	257
CFAV-Bangkok_Thailand_2015	SRA:SRR8921129.5107222.1	97.959	147	3	0	1176	1322	3	149	1.14e-63	255
CFAV-Bangkok_Thailand_2015	SRA:SRR8921129.51378862.1	97.945	146	3	0	2194	2339	6	151	4.10e-63	254
CFAV-Bangkok_Thailand_2015	SRA:SRR8921129.48424504.1	96.689	151	5	0	1103	1253	1	151	1.47e-62	252
CFAV-Bangkok_Thailand_2015	SRA:SRR8921129.38714722.2	96.689	151	5	0	2856	3006	151	1	1.47e-62	252
CFAV-Bangkok_Thailand_2015	SRA:SRR8921129.38714722.1	96.689	151	5	0	2854	3004	1	151	1.47e-62	252
CFAV-Bangkok_Thailand_2015	SRA:SRR8921129.38714093.2	96.689	151	5	0	2856	3006	151	1	1.47e-62	252
CFAV-Bangkok_Thailand_2015	SRA:SRR8921129.38714093.1	96.689	151	5	0	2854	3004	1	151	1.47e-62	252
CFAV-Bangkok_Thailand_2015	SRA:SRR8921129.35721521.2	96.689	151	5	0	2865	3015	151	1	1.47e-62	252
CFAV-Bangkok_Thailand_2015	SRA:SRR8921129.35719237.2	96.689	151	5	0	2865	3015	151	1	1.47e-62	252
CFAV-Bangkok_Thailand_2015	SRA:SRR8921129.48430594.2	96.667	150	5	0	1161	1310	150	1	5.30e-62	250
CFAV-Bangkok_Thailand_2015	SRA:SRR8921129.48424504.2	96.667	150	5	0	1161	1310	150	1	5.30e-62	250
CFAV-Bangkok_Thailand_2015	SRA:SRR8921129.48083885.1	96.667	150	5	0	1729	1878	1	150	5.30e-62	250
CFAV-Bangkok_Thailand_2015	SRA:SRR8921129.46848105.1	96.667	150	5	0	1563	1712	1	150	5.30e-62	250
CFAV-Bangkok_Thailand_2015	SRA:SRR8921129.32387074.2	96.667	150	5	0	4002	4151	151	2	5.30e-62	250
CFAV-Bangkok_Thailand_2015	SRA:SRR8921129.56057943.1	96.026	151	6	0	556	706	1	151	6.85e-61	246
CFAV-Bangkok_Thailand_2015	SRA:SRR8921129.48430594.1	96.026	151	6	0	1103	1253	1	151	6.85e-61	246
CFAV-Bangkok_Thailand_2015	SRA:SRR8921129.40288515.2	96.026	151	6	0	1258	1408	151	1	6.85e-61	246
CFAV-Bangkok_Thailand_2015	SRA:SRR8921129.35721521.1	96.026	151	6	0	2802	2952	1	151	6.85e-61	246
CFAV-Bangkok_Thailand_2015	SRA:SRR8921129.30938501.2	96.026	151	6	0	592	742	151	1	6.85e-61	246
CFAV-Bangkok_Thailand_2015	SRA:SRR8921129.30934962.2	96.026	151	6	0	592	742	151	1	6.85e-61	246
CFAV-Bangkok_Thailand_2015	SRA:SRR8921129.30931736.2	96.026	151	6	0	592	742	151	1	6.85e-61	246
CFAV-Bangkok_Thailand_2015	SRA:SRR8921129.30928782.2	96.026	151	6	0	592	742	151	1	6.85e-61	246
CFAV-Bangkok_Thailand_2015	SRA:SRR8921129.30919298.2	96.026	151	6	0	592	742	151	1	6.85e-61	246
CFAV-Bangkok_Thailand_2015	SRA:SRR8921129.9141622.1	96.026	151	6	0	556	706	1	151	6.85e-61	246
CFAV-Bangkok_Thailand_2015	SRA:SRR8921129.4417960.1	96.026	151	6	0	2331	2481	1	151	6.85e-61	246
CFAV-Bangkok_Thailand_2015	SRA:SRR8921129.4359560.1	96.026	151	6	0	1262	1412	1	151	6.85e-61	246
CFAV-Bangkok_Thailand_2015	SRA:SRR8921129.54334300.2	96.000	150	6	0	2668	2817	150	1	2.46e-60	244
CFAV-Bangkok_Thailand_2015	SRA:SRR8921129.51378862.2	96.000	150	6	0	2330	2479	150	1	2.46e-60	244
CFAV-Bangkok_Thailand_2015	SRA:SRR8921129.40288515.1	96.000	150	6	0	1255	1404	1	150	2.46e-60	244
CFAV-Bangkok_Thailand_2015	SRA:SRR8921129.12913498.2	96.000	150	6	0	1684	1833	150	1	2.46e-60	244
CFAV-Bangkok_Thailand_2015	SRA:SRR8921129.9141622.2	96.000	150	6	0	578	727	150	1	2.46e-60	244
CFAV-Bangkok_Thailand_2015	SRA:SRR8921129.54334300.1	95.973	149	6	0	2548	2696	1	149	8.87e-60	243
CFAV-Bangkok_Thailand_2015	SRA:SRR8921129.51386973.2	95.973	149	6	0	541	689	149	1	8.87e-60	243
CFAV-Bangkok_Thailand_2015	SRA:SRR8921129.51381595.2	95.973	149	6	0	541	689	149	1	8.87e-60	243
CFAV-Bangkok_Thailand_2015	SRA:SRR8921129.34728006.2	95.973	149	6	0	532	680	151	3	8.87e-60	243
CFAV-Bangkok_Thailand_2015	SRA:SRR8921129.30934962.1	95.973	149	6	0	543	691	1	149	8.87e-60	243
CFAV-Bangkok_Thailand_2015	SRA:SRR8921129.30931736.1	95.973	149	6	0	543	691	1	149	8.87e-60	243
CFAV-Bangkok_Thailand_2015	SRA:SRR8921129.30928782.1	95.973	149	6	0	543	691	1	149	8.87e-60	243
CFAV-Bangkok_Thailand_2015	SRA:SRR8921129.20375144.2	95.973	149	6	0	532	680	151	3	8.87e-60	243
CFAV-Bangkok_Thailand_2015	SRA:SRR8921129.10368771.1	95.973	149	6	0	467	615	1	149	8.87e-60	243
CFAV-Bangkok_Thailand_2015	SRA:SRR8921129.51386973.1	95.364	151	7	0	519	669	1	151	3.19e-59	241
CFAV-Bangkok_Thailand_2015	SRA:SRR8921129.51381595.1	95.364	151	7	0	519	669	1	151	3.19e-59	241
CFAV-Bangkok_Thailand_2015	SRA:SRR8921129.39455241.2	96.552	145	5	0	889	1033	145	1	3.19e-59	241
CFAV-Bangkok_Thailand_2015	SRA:SRR8921129.39455241.1	96.552	145	5	0	889	1033	2	146	3.19e-59	241
CFAV-Bangkok_Thailand_2015	SRA:SRR8921129.35719237.1	95.364	151	7	0	2802	2952	1	151	3.19e-59	241
CFAV-Bangkok_Thailand_2015	SRA:SRR8921129.34728006.1	95.364	151	7	0	494	644	1	151	3.19e-59	241
CFAV-Bangkok_Thailand_2015	SRA:SRR8921129.23260888.1	95.364	151	7	0	1891	2041	1	151	3.19e-59	241
CFAV-Bangkok_Thailand_2015	SRA:SRR8921129.23249850.1	95.364	151	7	0	1891	2041	1	151	3.19e-59	241
CFAV-Bangkok_Thailand_2015	SRA:SRR8921129.20375144.1	95.364	151	7	0	494	644	1	151	3.19e-59	241
CFAV-Bangkok_Thailand_2015	SRA:SRR8921129.10368771.2	95.364	151	7	0	520	670	151	1	3.19e-59	241
CFAV-Bangkok_Thailand_2015	SRA:SRR8921129.27651283.1	95.333	150	7	0	2339	2488	2	151	1.15e-58	239
CFAV-Bangkok_Thailand_2015	SRA:SRR8921129.4359560.2	95.333	150	7	0	1333	1482	150	1	1.15e-58	239
CFAV-Bangkok_Thailand_2015	SRA:SRR8921129.56057943.2	95.302	149	7	0	607	755	151	3	4.12e-58	237
CFAV-Bangkok_Thailand_2015	SRA:SRR8921129.52423076.2	94.702	151	8	0	2651	2801	151	1	1.48e-57	235
CFAV-Bangkok_Thailand_2015	SRA:SRR8921129.52422678.2	94.702	151	8	0	2651	2801	151	1	1.48e-57	235
CFAV-Bangkok_Thailand_2015	SRA:SRR8921129.48083885.2	94.702	151	8	0	1752	1902	151	1	1.48e-57	235
CFAV-Bangkok_Thailand_2015	SRA:SRR8921129.39005135.2	94.702	151	8	0	3386	3536	151	1	1.48e-57	235
CFAV-Bangkok_Thailand_2015	SRA:SRR8921129.39005135.1	94.702	151	8	0	3367	3517	1	151	1.48e-57	235
CFAV-Bangkok_Thailand_2015	SRA:SRR8921129.4360367.2	94.667	150	8	0	1333	1482	150	1	5.34e-57	233
CFAV-Bangkok_Thailand_2015	SRA:SRR8921129.30938501.1	94.631	149	8	0	543	691	1	149	1.92e-56	231
CFAV-Bangkok_Thailand_2015	SRA:SRR8921129.30919298.1	94.631	149	8	0	543	691	1	149	1.92e-56	231
CFAV-Bangkok_Thailand_2015	SRA:SRR8921129.52423076.1	94.040	151	9	0	2644	2794	1	151	6.90e-56	230
CFAV-Bangkok_Thailand_2015	SRA:SRR8921129.52422678.1	94.040	151	9	0	2644	2794	1	151	6.90e-56	230
CFAV-Bangkok_Thailand_2015	SRA:SRR8921129.27651283.2	94.040	151	9	0	2370	2520	151	1	6.90e-56	230
CFAV-Bangkok_Thailand_2015	SRA:SRR8921129.4360367.1	94.040	151	9	0	1262	1412	1	151	6.90e-56	230
CFAV-Bangkok_Thailand_2015	SRA:SRR8921129.40160044.2	96.350	137	5	0	2800	2936	138	2	8.93e-55	226
CFAV-Bangkok_Thailand_2015	SRA:SRR8921129.40160044.1	96.350	137	5	0	2800	2936	1	137	8.93e-55	226
CFAV-Bangkok_Thailand_2015	SRA:SRR8921129.4417960.2	93.377	151	10	0	2356	2506	151	1	3.21e-54	224
CFAV-Bangkok_Thailand_2015	SRA:SRR8921129.13258649.2	96.970	132	4	0	2836	2967	132	1	1.15e-53	222
CFAV-Bangkok_Thailand_2015	SRA:SRR8921129.13258649.1	96.296	135	5	0	2833	2967	1	135	1.15e-53	222
CFAV-Bangkok_Thailand_2015	SRA:SRR8921129.40690683.2	96.241	133	5	0	544	676	133	1	1.49e-52	219
CFAV-Bangkok_Thailand_2015	SRA:SRR8921129.40690683.1	96.241	133	5	0	544	676	1	133	1.49e-52	219
CFAV-Bangkok_Thailand_2015	SRA:SRR8921129.23260888.2	92.715	151	11	0	1923	2073	151	1	1.49e-52	219
CFAV-Bangkok_Thailand_2015	SRA:SRR8921129.23249850.2	92.715	151	11	0	1923	2073	151	1	1.49e-52	219
CFAV-Bangkok_Thailand_2015	SRA:SRR8921129.21911165.2	96.923	130	4	0	3129	3258	130	1	1.49e-52	219
CFAV-Bangkok_Thailand_2015	SRA:SRR8921129.21911165.1	96.923	130	4	0	3129	3258	1	130	1.49e-52	219
CFAV-Bangkok_Thailand_2015	SRA:SRR8921129.38778418.2	97.619	126	3	0	349	474	126	1	5.37e-52	217
CFAV-Bangkok_Thailand_2015	SRA:SRR8921129.38778418.1	97.619	126	3	0	349	474	1	126	5.37e-52	217
CFAV-Bangkok_Thailand_2015	SRA:SRR8921129.22295238.2	93.836	146	6	1	1264	1409	143	1	5.37e-52	217
CFAV-Bangkok_Thailand_2015	SRA:SRR8921129.12954991.2	93.836	146	6	1	1264	1409	143	1	5.37e-52	217
CFAV-Bangkok_Thailand_2015	SRA:SRR8921129.12954991.1	93.836	146	6	1	1264	1409	1	143	5.37e-52	217
CFAV-Bangkok_Thailand_2015	SRA:SRR8921129.12946363.2	93.836	146	6	1	1264	1409	143	1	5.37e-52	217
CFAV-Bangkok_Thailand_2015	SRA:SRR8921129.12946363.1	93.836	146	6	1	1264	1409	1	143	5.37e-52	217
CFAV-Bangkok_Thailand_2015	SRA:SRR8921129.75283.2	99.153	118	1	0	7356	7473	1	118	6.95e-51	213
CFAV-Bangkok_Thailand_2015	SRA:SRR8921129.75283.1	99.153	118	1	0	7356	7473	122	5	6.95e-51	213
CFAV-Bangkok_Thailand_2015	SRA:SRR8921129.19563967.2	96.800	125	4	0	2844	2968	127	3	8.99e-50	209
CFAV-Bangkok_Thailand_2015	SRA:SRR8921129.19563967.1	96.800	125	4	0	2844	2968	1	125	8.99e-50	209
CFAV-Bangkok_Thailand_2015	SRA:SRR8921129.22295238.1	92.466	146	8	1	1264	1409	1	143	1.16e-48	206
CFAV-Bangkok_Thailand_2015	SRA:SRR8921129.7911023.2	95.349	129	6	0	1355	1483	129	1	1.16e-48	206
CFAV-Bangkok_Thailand_2015	SRA:SRR8921129.7911023.1	95.349	129	6	0	1355	1483	1	129	1.16e-48	206
CFAV-Bangkok_Thailand_2015	SRA:SRR8921129.46404383.2	94.656	131	7	0	497	627	131	1	4.18e-48	204
CFAV-Bangkok_Thailand_2015	SRA:SRR8921129.46404383.1	94.656	131	7	0	497	627	1	131	4.18e-48	204
CFAV-Bangkok_Thailand_2015	SRA:SRR8921129.40270069.2	95.902	122	5	0	608	729	122	1	1.95e-46	198
CFAV-Bangkok_Thailand_2015	SRA:SRR8921129.40270069.1	95.902	122	5	0	608	729	1	122	1.95e-46	198
CFAV-Bangkok_Thailand_2015	SRA:SRR8921129.35585858.2	98.131	107	2	0	316	422	107	1	4.21e-43	187
CFAV-Bangkok_Thailand_2015	SRA:SRR8921129.15942672.2	99.038	104	1	0	316	419	105	2	4.21e-43	187
CFAV-Bangkok_Thailand_2015	SRA:SRR8921129.22745081.2	95.575	113	5	0	599	711	113	1	1.96e-41	182
CFAV-Bangkok_Thailand_2015	SRA:SRR8921129.22745081.1	95.575	113	5	0	599	711	1	113	1.96e-41	182
CFAV-Bangkok_Thailand_2015	SRA:SRR8921129.8002808.2	95.495	111	5	0	1824	1934	111	1	2.54e-40	178
CFAV-Bangkok_Thailand_2015	SRA:SRR8921129.8002808.1	95.495	111	5	0	1824	1934	1	111	2.54e-40	178
CFAV-Bangkok_Thailand_2015	SRA:SRR8921129.36753694.1	94.393	107	6	0	8545	8651	107	1	1.97e-36	165
CFAV-Bangkok_Thailand_2015	SRA:SRR8921129.36753694.1	94.545	55	1	1	7426	7478	151	97	5.69e-12	84.2
CFAV-Bangkok_Thailand_2015	SRA:SRR8921129.36753694.2	93.396	106	7	0	8542	8647	46	151	3.30e-34	158
CFAV-Bangkok_Thailand_2015	SRA:SRR8921129.36753694.2	98.077	52	1	0	7422	7473	1	52	3.40e-14	91.6
CFAV-Bangkok_Thailand_2015	SRA:SRR8921129.35585858.1	98.851	87	1	0	316	402	65	151	1.19e-33	156
CFAV-Bangkok_Thailand_2015	SRA:SRR8921129.39741963.1	94.253	87	5	0	1907	1993	1	87	5.57e-27	134
CFAV-Bangkok_Thailand_2015	SRA:SRR8921129.39741963.1	97.917	48	1	0	2565	2612	84	131	5.69e-12	84.2
CFAV-Bangkok_Thailand_2015	SRA:SRR8921129.52119048.2	97.333	75	2	0	8656	8730	1	75	2.59e-25	128
CFAV-Bangkok_Thailand_2015	SRA:SRR8921129.38288600.1	93.976	83	5	0	1910	1992	1	83	9.32e-25	126
CFAV-Bangkok_Thailand_2015	SRA:SRR8921129.52119048.1	96.000	75	3	0	8656	8730	123	49	1.21e-23	122
CFAV-Bangkok_Thailand_2015	SRA:SRR8921129.38288600.2	93.590	78	5	0	1915	1992	150	73	5.61e-22	117
CFAV-Bangkok_Thailand_2015	SRA:SRR8921129.5229641.2	96.667	60	2	0	8671	8730	1	60	5.65e-17	100
CFAV-Bangkok_Thailand_2015	SRA:SRR8921129.5229641.1	96.667	60	2	0	8671	8730	124	65	5.65e-17	100
