CFAV-Bangkok_Thailand_2015	SRA:SRR8921132.7867906.2	99.338	151	1	0	3544	3694	151	1	2.49e-69	274
CFAV-Bangkok_Thailand_2015	SRA:SRR8921132.19695669.2	98.675	151	2	0	3965	4115	151	1	1.16e-67	268
CFAV-Bangkok_Thailand_2015	SRA:SRR8921132.19695669.1	99.324	148	1	0	3932	4079	2	149	1.16e-67	268
CFAV-Bangkok_Thailand_2015	SRA:SRR8921132.19694604.2	98.675	151	2	0	3965	4115	151	1	1.16e-67	268
CFAV-Bangkok_Thailand_2015	SRA:SRR8921132.19694604.1	99.324	148	1	0	3932	4079	2	149	1.16e-67	268
CFAV-Bangkok_Thailand_2015	SRA:SRR8921132.23035962.2	98.013	151	3	0	746	896	151	1	5.38e-66	263
CFAV-Bangkok_Thailand_2015	SRA:SRR8921132.9865395.1	97.987	149	3	0	1225	1373	1	149	6.97e-65	259
CFAV-Bangkok_Thailand_2015	SRA:SRR8921132.42772629.1	97.351	151	4	0	1523	1673	1	151	2.51e-64	257
CFAV-Bangkok_Thailand_2015	SRA:SRR8921132.37565618.1	97.959	147	3	0	2217	2363	1	147	9.01e-64	255
CFAV-Bangkok_Thailand_2015	SRA:SRR8921132.13992927.2	97.959	147	3	0	2970	3116	147	1	9.01e-64	255
CFAV-Bangkok_Thailand_2015	SRA:SRR8921132.13979992.2	97.959	147	3	0	2970	3116	147	1	9.01e-64	255
CFAV-Bangkok_Thailand_2015	SRA:SRR8921132.4713107.2	97.315	149	4	0	3447	3595	149	1	3.24e-63	254
CFAV-Bangkok_Thailand_2015	SRA:SRR8921132.4681424.2	97.315	149	4	0	3447	3595	149	1	3.24e-63	254
CFAV-Bangkok_Thailand_2015	SRA:SRR8921132.39974149.1	96.689	151	5	0	2495	2645	1	151	1.17e-62	252
CFAV-Bangkok_Thailand_2015	SRA:SRR8921132.31317813.1	96.689	151	5	0	2761	2911	1	151	1.17e-62	252
CFAV-Bangkok_Thailand_2015	SRA:SRR8921132.13992927.1	96.689	151	5	0	2755	2905	1	151	1.17e-62	252
CFAV-Bangkok_Thailand_2015	SRA:SRR8921132.13979992.1	96.689	151	5	0	2755	2905	1	151	1.17e-62	252
CFAV-Bangkok_Thailand_2015	SRA:SRR8921132.11826317.2	96.689	151	5	0	2856	3006	151	1	1.17e-62	252
CFAV-Bangkok_Thailand_2015	SRA:SRR8921132.11825777.2	96.689	151	5	0	2856	3006	151	1	1.17e-62	252
CFAV-Bangkok_Thailand_2015	SRA:SRR8921132.5139751.1	96.689	151	5	0	370	520	1	151	1.17e-62	252
CFAV-Bangkok_Thailand_2015	SRA:SRR8921132.5111845.1	96.689	151	5	0	370	520	1	151	1.17e-62	252
CFAV-Bangkok_Thailand_2015	SRA:SRR8921132.25011888.2	96.667	150	5	0	1394	1543	150	1	4.19e-62	250
CFAV-Bangkok_Thailand_2015	SRA:SRR8921132.21054909.2	96.667	150	5	0	2785	2934	150	1	4.19e-62	250
CFAV-Bangkok_Thailand_2015	SRA:SRR8921132.16732507.2	96.667	150	5	0	2920	3069	150	1	4.19e-62	250
CFAV-Bangkok_Thailand_2015	SRA:SRR8921132.11843647.2	96.667	150	5	0	2857	3006	150	1	4.19e-62	250
CFAV-Bangkok_Thailand_2015	SRA:SRR8921132.42755920.2	96.644	149	5	0	2786	2934	149	1	1.51e-61	248
CFAV-Bangkok_Thailand_2015	SRA:SRR8921132.28865370.1	96.644	149	5	0	2316	2464	1	149	1.51e-61	248
CFAV-Bangkok_Thailand_2015	SRA:SRR8921132.28862940.1	96.644	149	5	0	2316	2464	1	149	1.51e-61	248
CFAV-Bangkok_Thailand_2015	SRA:SRR8921132.25011888.1	96.644	149	5	0	1368	1516	2	150	1.51e-61	248
CFAV-Bangkok_Thailand_2015	SRA:SRR8921132.22478724.2	96.644	149	5	0	1354	1502	151	3	1.51e-61	248
CFAV-Bangkok_Thailand_2015	SRA:SRR8921132.21053598.2	96.644	149	5	0	2786	2934	149	1	1.51e-61	248
CFAV-Bangkok_Thailand_2015	SRA:SRR8921132.21053313.2	96.644	149	5	0	2786	2934	149	1	1.51e-61	248
CFAV-Bangkok_Thailand_2015	SRA:SRR8921132.21047295.2	96.644	149	5	0	2786	2934	149	1	1.51e-61	248
CFAV-Bangkok_Thailand_2015	SRA:SRR8921132.17174839.1	96.644	149	5	0	2316	2464	1	149	1.51e-61	248
CFAV-Bangkok_Thailand_2015	SRA:SRR8921132.14560962.1	96.644	149	5	0	2316	2464	1	149	1.51e-61	248
CFAV-Bangkok_Thailand_2015	SRA:SRR8921132.39974149.2	96.026	151	6	0	2537	2687	151	1	5.42e-61	246
CFAV-Bangkok_Thailand_2015	SRA:SRR8921132.34819258.2	96.026	151	6	0	2537	2687	151	1	5.42e-61	246
CFAV-Bangkok_Thailand_2015	SRA:SRR8921132.34812103.2	96.026	151	6	0	2537	2687	151	1	5.42e-61	246
CFAV-Bangkok_Thailand_2015	SRA:SRR8921132.34633827.2	96.026	151	6	0	2538	2688	151	1	5.42e-61	246
CFAV-Bangkok_Thailand_2015	SRA:SRR8921132.34631463.2	96.026	151	6	0	2538	2688	151	1	5.42e-61	246
CFAV-Bangkok_Thailand_2015	SRA:SRR8921132.31271013.2	96.026	151	6	0	1129	1279	151	1	5.42e-61	246
CFAV-Bangkok_Thailand_2015	SRA:SRR8921132.31271013.1	96.026	151	6	0	1071	1221	1	151	5.42e-61	246
CFAV-Bangkok_Thailand_2015	SRA:SRR8921132.22478724.1	96.026	151	6	0	1252	1402	1	151	5.42e-61	246
CFAV-Bangkok_Thailand_2015	SRA:SRR8921132.13796940.1	96.026	151	6	0	553	703	1	151	5.42e-61	246
CFAV-Bangkok_Thailand_2015	SRA:SRR8921132.11843647.1	96.026	151	6	0	2833	2983	1	151	5.42e-61	246
CFAV-Bangkok_Thailand_2015	SRA:SRR8921132.11826317.1	96.026	151	6	0	2833	2983	1	151	5.42e-61	246
CFAV-Bangkok_Thailand_2015	SRA:SRR8921132.11825777.1	96.026	151	6	0	2833	2983	1	151	5.42e-61	246
CFAV-Bangkok_Thailand_2015	SRA:SRR8921132.10865698.2	96.026	151	6	0	546	696	151	1	5.42e-61	246
CFAV-Bangkok_Thailand_2015	SRA:SRR8921132.9760199.1	96.026	151	6	0	2293	2443	1	151	5.42e-61	246
CFAV-Bangkok_Thailand_2015	SRA:SRR8921132.9751747.1	96.026	151	6	0	2293	2443	1	151	5.42e-61	246
CFAV-Bangkok_Thailand_2015	SRA:SRR8921132.4713107.1	96.026	151	6	0	3276	3426	1	151	5.42e-61	246
CFAV-Bangkok_Thailand_2015	SRA:SRR8921132.4681424.1	96.026	151	6	0	3276	3426	1	151	5.42e-61	246
CFAV-Bangkok_Thailand_2015	SRA:SRR8921132.589641.1	96.026	151	6	0	2535	2685	1	151	5.42e-61	246
CFAV-Bangkok_Thailand_2015	SRA:SRR8921132.37565618.2	96.000	150	6	0	2333	2482	150	1	1.95e-60	244
CFAV-Bangkok_Thailand_2015	SRA:SRR8921132.34820969.1	96.000	150	6	0	2533	2682	1	150	1.95e-60	244
CFAV-Bangkok_Thailand_2015	SRA:SRR8921132.34819258.1	96.000	150	6	0	2533	2682	1	150	1.95e-60	244
CFAV-Bangkok_Thailand_2015	SRA:SRR8921132.34812103.1	96.000	150	6	0	2533	2682	1	150	1.95e-60	244
CFAV-Bangkok_Thailand_2015	SRA:SRR8921132.33925770.1	96.000	150	6	0	1720	1869	1	150	1.95e-60	244
CFAV-Bangkok_Thailand_2015	SRA:SRR8921132.31317813.2	96.000	150	6	0	2798	2947	150	1	1.95e-60	244
CFAV-Bangkok_Thailand_2015	SRA:SRR8921132.18587819.1	96.000	150	6	0	3272	3421	2	151	1.95e-60	244
CFAV-Bangkok_Thailand_2015	SRA:SRR8921132.9278524.1	96.000	150	6	0	2168	2317	1	150	1.95e-60	244
CFAV-Bangkok_Thailand_2015	SRA:SRR8921132.23035962.1	95.973	149	6	0	543	691	1	149	7.01e-60	243
CFAV-Bangkok_Thailand_2015	SRA:SRR8921132.42755920.1	95.364	151	7	0	2565	2715	1	151	2.52e-59	241
CFAV-Bangkok_Thailand_2015	SRA:SRR8921132.39711092.2	95.364	151	7	0	2903	3053	151	1	2.52e-59	241
CFAV-Bangkok_Thailand_2015	SRA:SRR8921132.39711092.1	95.364	151	7	0	2711	2861	1	151	2.52e-59	241
CFAV-Bangkok_Thailand_2015	SRA:SRR8921132.34820969.2	95.364	151	7	0	2537	2687	151	1	2.52e-59	241
CFAV-Bangkok_Thailand_2015	SRA:SRR8921132.34633827.1	95.364	151	7	0	2443	2593	1	151	2.52e-59	241
CFAV-Bangkok_Thailand_2015	SRA:SRR8921132.34631463.1	95.364	151	7	0	2443	2593	1	151	2.52e-59	241
CFAV-Bangkok_Thailand_2015	SRA:SRR8921132.33002193.1	95.364	151	7	0	2448	2598	1	151	2.52e-59	241
CFAV-Bangkok_Thailand_2015	SRA:SRR8921132.33000538.1	95.364	151	7	0	2448	2598	1	151	2.52e-59	241
CFAV-Bangkok_Thailand_2015	SRA:SRR8921132.21054909.1	95.364	151	7	0	2565	2715	1	151	2.52e-59	241
CFAV-Bangkok_Thailand_2015	SRA:SRR8921132.21053598.1	95.364	151	7	0	2565	2715	1	151	2.52e-59	241
CFAV-Bangkok_Thailand_2015	SRA:SRR8921132.21047295.1	95.364	151	7	0	2565	2715	1	151	2.52e-59	241
CFAV-Bangkok_Thailand_2015	SRA:SRR8921132.18587819.2	95.364	151	7	0	3330	3480	151	1	2.52e-59	241
CFAV-Bangkok_Thailand_2015	SRA:SRR8921132.10865698.1	95.364	151	7	0	538	688	1	151	2.52e-59	241
CFAV-Bangkok_Thailand_2015	SRA:SRR8921132.5139751.2	95.364	151	7	0	393	543	151	1	2.52e-59	241
CFAV-Bangkok_Thailand_2015	SRA:SRR8921132.5111845.2	95.364	151	7	0	393	543	151	1	2.52e-59	241
CFAV-Bangkok_Thailand_2015	SRA:SRR8921132.9865395.2	95.333	150	7	0	1342	1491	150	1	9.07e-59	239
CFAV-Bangkok_Thailand_2015	SRA:SRR8921132.14706132.2	95.302	149	7	0	2007	2155	149	1	3.26e-58	237
CFAV-Bangkok_Thailand_2015	SRA:SRR8921132.14706132.1	95.302	149	7	0	2007	2155	1	149	3.26e-58	237
CFAV-Bangkok_Thailand_2015	SRA:SRR8921132.8896803.1	95.890	146	6	0	526	671	3	148	3.26e-58	237
CFAV-Bangkok_Thailand_2015	SRA:SRR8921132.33925770.2	94.702	151	8	0	1749	1899	151	1	1.17e-57	235
CFAV-Bangkok_Thailand_2015	SRA:SRR8921132.33002193.2	94.702	151	8	0	2454	2604	151	1	1.17e-57	235
CFAV-Bangkok_Thailand_2015	SRA:SRR8921132.33000538.2	94.702	151	8	0	2454	2604	151	1	1.17e-57	235
CFAV-Bangkok_Thailand_2015	SRA:SRR8921132.21053313.1	94.702	151	8	0	2565	2715	1	151	1.17e-57	235
CFAV-Bangkok_Thailand_2015	SRA:SRR8921132.16732507.1	95.270	148	7	0	2836	2983	3	150	1.17e-57	235
CFAV-Bangkok_Thailand_2015	SRA:SRR8921132.7867906.1	94.702	151	8	0	3399	3549	1	151	1.17e-57	235
CFAV-Bangkok_Thailand_2015	SRA:SRR8921132.5949734.1	94.702	151	8	0	538	688	1	151	1.17e-57	235
CFAV-Bangkok_Thailand_2015	SRA:SRR8921132.42217243.2	94.667	150	8	0	3367	3516	150	1	4.22e-57	233
CFAV-Bangkok_Thailand_2015	SRA:SRR8921132.42217243.1	94.667	150	8	0	3367	3516	1	150	4.22e-57	233
CFAV-Bangkok_Thailand_2015	SRA:SRR8921132.41407125.1	94.631	149	8	0	1849	1997	1	149	1.52e-56	231
CFAV-Bangkok_Thailand_2015	SRA:SRR8921132.9307315.2	95.804	143	6	0	427	569	143	1	1.52e-56	231
CFAV-Bangkok_Thailand_2015	SRA:SRR8921132.9307315.1	95.804	143	6	0	427	569	1	143	1.52e-56	231
CFAV-Bangkok_Thailand_2015	SRA:SRR8921132.9278524.2	94.631	149	8	0	2341	2489	149	1	1.52e-56	231
CFAV-Bangkok_Thailand_2015	SRA:SRR8921132.589641.2	94.631	149	8	0	2581	2729	150	2	1.52e-56	231
CFAV-Bangkok_Thailand_2015	SRA:SRR8921132.33673200.1	94.040	151	9	0	3367	3517	1	151	5.46e-56	230
CFAV-Bangkok_Thailand_2015	SRA:SRR8921132.5949734.2	94.040	151	9	0	546	696	151	1	5.46e-56	230
CFAV-Bangkok_Thailand_2015	SRA:SRR8921132.35602911.1	94.000	150	9	0	1807	1956	1	150	1.96e-55	228
CFAV-Bangkok_Thailand_2015	SRA:SRR8921132.28865370.2	93.960	149	9	0	2352	2500	151	3	7.06e-55	226
CFAV-Bangkok_Thailand_2015	SRA:SRR8921132.28862940.2	93.960	149	9	0	2352	2500	151	3	7.06e-55	226
CFAV-Bangkok_Thailand_2015	SRA:SRR8921132.17174839.2	93.960	149	9	0	2352	2500	151	3	7.06e-55	226
CFAV-Bangkok_Thailand_2015	SRA:SRR8921132.14560962.2	93.960	149	9	0	2352	2500	151	3	7.06e-55	226
CFAV-Bangkok_Thailand_2015	SRA:SRR8921132.7803187.1	93.960	149	9	0	1828	1976	1	149	7.06e-55	226
CFAV-Bangkok_Thailand_2015	SRA:SRR8921132.35602911.2	93.377	151	10	0	1808	1958	151	1	2.54e-54	224
CFAV-Bangkok_Thailand_2015	SRA:SRR8921132.7803187.2	93.919	148	9	0	1841	1988	149	2	2.54e-54	224
CFAV-Bangkok_Thailand_2015	SRA:SRR8921132.36387024.2	95.620	137	6	0	1294	1430	137	1	3.29e-53	220
CFAV-Bangkok_Thailand_2015	SRA:SRR8921132.36387024.1	95.620	137	6	0	1294	1430	1	137	3.29e-53	220
CFAV-Bangkok_Thailand_2015	SRA:SRR8921132.34465260.2	95.620	137	6	0	1294	1430	137	1	3.29e-53	220
CFAV-Bangkok_Thailand_2015	SRA:SRR8921132.34465260.1	95.620	137	6	0	1294	1430	1	137	3.29e-53	220
CFAV-Bangkok_Thailand_2015	SRA:SRR8921132.34391962.2	95.620	137	6	0	1294	1430	137	1	3.29e-53	220
CFAV-Bangkok_Thailand_2015	SRA:SRR8921132.34391962.1	95.620	137	6	0	1294	1430	1	137	3.29e-53	220
CFAV-Bangkok_Thailand_2015	SRA:SRR8921132.1451825.2	93.706	143	9	0	2384	2526	143	1	1.53e-51	215
CFAV-Bangkok_Thailand_2015	SRA:SRR8921132.1451825.1	93.706	143	9	0	2384	2526	1	143	1.53e-51	215
CFAV-Bangkok_Thailand_2015	SRA:SRR8921132.34291341.2	96.154	130	5	0	424	553	130	1	5.50e-51	213
CFAV-Bangkok_Thailand_2015	SRA:SRR8921132.34291341.1	96.154	130	5	0	424	553	3	132	5.50e-51	213
CFAV-Bangkok_Thailand_2015	SRA:SRR8921132.34288561.2	96.154	130	5	0	424	553	130	1	5.50e-51	213
CFAV-Bangkok_Thailand_2015	SRA:SRR8921132.34288561.1	96.154	130	5	0	424	553	3	132	5.50e-51	213
CFAV-Bangkok_Thailand_2015	SRA:SRR8921132.14302734.2	93.525	139	9	0	2646	2784	139	1	2.56e-49	207
CFAV-Bangkok_Thailand_2015	SRA:SRR8921132.14302734.1	93.525	139	9	0	2646	2784	1	139	2.56e-49	207
CFAV-Bangkok_Thailand_2015	SRA:SRR8921132.9751747.2	95.763	118	5	0	2504	2621	150	33	2.58e-44	191
CFAV-Bangkok_Thailand_2015	SRA:SRR8921132.42772629.2	94.309	123	7	0	1738	1860	150	28	9.27e-44	189
CFAV-Bangkok_Thailand_2015	SRA:SRR8921132.28534073.2	96.396	111	4	0	497	607	111	1	4.31e-42	183
CFAV-Bangkok_Thailand_2015	SRA:SRR8921132.28534073.1	96.396	111	4	0	497	607	1	111	4.31e-42	183
CFAV-Bangkok_Thailand_2015	SRA:SRR8921132.30694826.2	98.980	98	1	0	7376	7473	1	98	7.22e-40	176
CFAV-Bangkok_Thailand_2015	SRA:SRR8921132.26193563.2	97.115	104	3	0	733	836	104	1	7.22e-40	176
CFAV-Bangkok_Thailand_2015	SRA:SRR8921132.26193563.1	96.262	107	4	0	730	836	1	107	7.22e-40	176
CFAV-Bangkok_Thailand_2015	SRA:SRR8921132.29728442.2	94.643	112	6	0	598	709	112	1	2.60e-39	174
CFAV-Bangkok_Thailand_2015	SRA:SRR8921132.29728442.1	94.643	112	6	0	598	709	2	113	2.60e-39	174
CFAV-Bangkok_Thailand_2015	SRA:SRR8921132.29949493.2	95.370	108	5	0	2047	2154	108	1	9.33e-39	172
CFAV-Bangkok_Thailand_2015	SRA:SRR8921132.29949493.1	95.370	108	5	0	2047	2154	1	108	9.33e-39	172
CFAV-Bangkok_Thailand_2015	SRA:SRR8921132.39161875.2	94.545	110	6	0	1992	2101	110	1	3.36e-38	171
CFAV-Bangkok_Thailand_2015	SRA:SRR8921132.39161875.1	94.545	110	6	0	1992	2101	1	110	3.36e-38	171
CFAV-Bangkok_Thailand_2015	SRA:SRR8921132.13873629.2	98.925	93	1	0	3950	4042	93	1	4.34e-37	167
CFAV-Bangkok_Thailand_2015	SRA:SRR8921132.13873629.1	98.925	93	1	0	3950	4042	1	93	4.34e-37	167
CFAV-Bangkok_Thailand_2015	SRA:SRR8921132.14039213.2	97.753	89	2	0	3285	3373	89	1	3.38e-33	154
CFAV-Bangkok_Thailand_2015	SRA:SRR8921132.7731258.2	100.000	82	0	0	3557	3638	150	69	1.22e-32	152
CFAV-Bangkok_Thailand_2015	SRA:SRR8921132.7731258.2	95.714	70	3	0	2809	2878	70	1	5.74e-21	113
CFAV-Bangkok_Thailand_2015	SRA:SRR8921132.30694826.1	93.939	99	6	0	8545	8643	99	1	4.37e-32	150
CFAV-Bangkok_Thailand_2015	SRA:SRR8921132.30694826.1	95.238	63	1	1	7418	7478	151	89	1.61e-16	99.0
CFAV-Bangkok_Thailand_2015	SRA:SRR8921132.3031609.1	97.468	79	2	0	8594	8672	80	2	1.22e-27	135
CFAV-Bangkok_Thailand_2015	SRA:SRR8921132.3031609.2	96.203	79	3	0	8594	8672	6	84	5.70e-26	130
CFAV-Bangkok_Thailand_2015	SRA:SRR8921132.28064013.2	100.000	37	0	0	316	352	37	1	1.26e-07	69.4
