CFAV-Bangkok_Thailand_2015	SRA:SRR8606538.11929446.1	100.000	30	0	0	3962	3991	30	1	7.72e-07	56.5
CFAV-Bangkok_Thailand_2015	SRA:SRR8606538.11925710.1	100.000	30	0	0	3962	3991	30	1	7.72e-07	56.5
CFAV-Bangkok_Thailand_2015	SRA:SRR8606538.11893855.1	100.000	30	0	0	3732	3761	30	1	7.72e-07	56.5
CFAV-Bangkok_Thailand_2015	SRA:SRR8606538.10597041.1	100.000	30	0	0	3732	3761	30	1	7.72e-07	56.5
CFAV-Bangkok_Thailand_2015	SRA:SRR8606538.8408479.1	100.000	30	0	0	3732	3761	30	1	7.72e-07	56.5
CFAV-Bangkok_Thailand_2015	SRA:SRR8606538.7796317.1	100.000	30	0	0	3732	3761	30	1	7.72e-07	56.5
CFAV-Bangkok_Thailand_2015	SRA:SRR8606538.6366650.1	100.000	30	0	0	3662	3691	30	1	7.72e-07	56.5
CFAV-Bangkok_Thailand_2015	SRA:SRR8606538.6189641.1	100.000	30	0	0	3732	3761	30	1	7.72e-07	56.5
CFAV-Bangkok_Thailand_2015	SRA:SRR8606538.5775759.1	100.000	30	0	0	3732	3761	30	1	7.72e-07	56.5
CFAV-Bangkok_Thailand_2015	SRA:SRR8606538.5774226.1	100.000	30	0	0	3732	3761	30	1	7.72e-07	56.5
CFAV-Bangkok_Thailand_2015	SRA:SRR8606538.3822710.1	100.000	30	0	0	3732	3761	30	1	7.72e-07	56.5
CFAV-Bangkok_Thailand_2015	SRA:SRR8606538.11175332.1	100.000	29	0	0	3922	3950	29	1	2.78e-06	54.7
CFAV-Bangkok_Thailand_2015	SRA:SRR8606538.7543519.1	100.000	29	0	0	3915	3943	29	1	2.78e-06	54.7
CFAV-Bangkok_Thailand_2015	SRA:SRR8606538.7415609.1	100.000	29	0	0	7370	7398	1	29	2.78e-06	54.7
CFAV-Bangkok_Thailand_2015	SRA:SRR8606538.7030530.1	100.000	29	0	0	3983	4011	29	1	2.78e-06	54.7
CFAV-Bangkok_Thailand_2015	SRA:SRR8606538.5440687.1	100.000	29	0	0	3732	3760	29	1	2.78e-06	54.7
CFAV-Bangkok_Thailand_2015	SRA:SRR8606538.4370825.1	100.000	29	0	0	3915	3943	29	1	2.78e-06	54.7
CFAV-Bangkok_Thailand_2015	SRA:SRR8606538.1788740.1	100.000	29	0	0	3813	3841	29	1	2.78e-06	54.7
CFAV-Bangkok_Thailand_2015	SRA:SRR8606538.991491.1	100.000	29	0	0	4045	4073	29	1	2.78e-06	54.7
CFAV-Bangkok_Thailand_2015	SRA:SRR8606538.8973420.1	100.000	28	0	0	3667	3694	28	1	9.99e-06	52.8
CFAV-Bangkok_Thailand_2015	SRA:SRR8606538.7930887.1	100.000	28	0	0	3732	3759	28	1	9.99e-06	52.8
CFAV-Bangkok_Thailand_2015	SRA:SRR8606538.7853334.1	100.000	28	0	0	3667	3694	28	1	9.99e-06	52.8
CFAV-Bangkok_Thailand_2015	SRA:SRR8606538.7716774.1	100.000	28	0	0	3732	3759	28	1	9.99e-06	52.8
CFAV-Bangkok_Thailand_2015	SRA:SRR8606538.6578940.1	100.000	28	0	0	3667	3694	28	1	9.99e-06	52.8
CFAV-Bangkok_Thailand_2015	SRA:SRR8606538.4649794.1	100.000	28	0	0	3667	3694	28	1	9.99e-06	52.8
CFAV-Bangkok_Thailand_2015	SRA:SRR8606538.2506160.1	100.000	28	0	0	3667	3694	28	1	9.99e-06	52.8
CFAV-Bangkok_Thailand_2015	SRA:SRR8606538.2402487.1	100.000	28	0	0	3732	3759	28	1	9.99e-06	52.8
CFAV-Bangkok_Thailand_2015	SRA:SRR8606538.2012131.1	100.000	28	0	0	3667	3694	28	1	9.99e-06	52.8
CFAV-Bangkok_Thailand_2015	SRA:SRR8606538.1425895.1	100.000	28	0	0	3922	3949	28	1	9.99e-06	52.8
CFAV-Bangkok_Thailand_2015	SRA:SRR8606538.877787.1	100.000	28	0	0	3701	3728	30	3	9.99e-06	52.8
CFAV-Bangkok_Thailand_2015	SRA:SRR8606538.422662.1	100.000	28	0	0	3732	3759	28	1	9.99e-06	52.8
CFAV-Bangkok_Thailand_2015	SRA:SRR8606538.354795.1	100.000	28	0	0	4092	4119	28	1	9.99e-06	52.8
CFAV-Bangkok_Thailand_2015	SRA:SRR8606538.7817517.1	100.000	27	0	0	7359	7385	1	27	3.59e-05	51.0
