CFAV-Bangkok_Thailand_2015	SRA:SRR8921123.37246089.1	99.333	150	1	0	3907	4056	1	150	1.06e-68	272
CFAV-Bangkok_Thailand_2015	SRA:SRR8921123.37246089.2	98.675	151	2	0	3969	4119	151	1	1.37e-67	268
CFAV-Bangkok_Thailand_2015	SRA:SRR8921123.33037957.2	98.013	151	3	0	2974	3124	151	1	6.36e-66	263
CFAV-Bangkok_Thailand_2015	SRA:SRR8921123.21140864.2	98.013	151	3	0	1659	1809	151	1	6.36e-66	263
CFAV-Bangkok_Thailand_2015	SRA:SRR8921123.5100137.2	98.000	150	3	0	1563	1712	150	1	2.29e-65	261
CFAV-Bangkok_Thailand_2015	SRA:SRR8921123.33037957.1	97.351	151	4	0	2964	3114	1	151	2.96e-64	257
CFAV-Bangkok_Thailand_2015	SRA:SRR8921123.21892103.2	97.351	151	4	0	1618	1768	151	1	2.96e-64	257
CFAV-Bangkok_Thailand_2015	SRA:SRR8921123.21889198.2	97.351	151	4	0	1618	1768	151	1	2.96e-64	257
CFAV-Bangkok_Thailand_2015	SRA:SRR8921123.44471792.1	99.291	141	1	0	974	1114	1	141	1.06e-63	255
CFAV-Bangkok_Thailand_2015	SRA:SRR8921123.12909350.2	97.351	151	3	1	1552	1701	151	1	1.06e-63	255
CFAV-Bangkok_Thailand_2015	SRA:SRR8921123.5144416.2	97.333	150	4	0	3468	3617	150	1	1.06e-63	255
CFAV-Bangkok_Thailand_2015	SRA:SRR8921123.36273506.1	96.689	151	5	0	354	504	1	151	1.38e-62	252
CFAV-Bangkok_Thailand_2015	SRA:SRR8921123.21892103.1	97.297	148	4	0	1583	1730	1	148	1.38e-62	252
CFAV-Bangkok_Thailand_2015	SRA:SRR8921123.21889198.1	97.297	148	4	0	1583	1730	1	148	1.38e-62	252
CFAV-Bangkok_Thailand_2015	SRA:SRR8921123.5100137.1	96.689	151	5	0	1410	1560	1	151	1.38e-62	252
CFAV-Bangkok_Thailand_2015	SRA:SRR8921123.1856437.2	96.689	151	5	0	592	742	151	1	1.38e-62	252
CFAV-Bangkok_Thailand_2015	SRA:SRR8921123.44471792.2	98.582	141	2	0	974	1114	141	1	4.95e-62	250
CFAV-Bangkok_Thailand_2015	SRA:SRR8921123.37703645.2	96.026	151	6	0	2163	2313	151	1	6.41e-61	246
CFAV-Bangkok_Thailand_2015	SRA:SRR8921123.36273506.2	96.026	151	6	0	448	598	151	1	6.41e-61	246
CFAV-Bangkok_Thailand_2015	SRA:SRR8921123.36195628.1	96.026	151	6	0	885	1035	1	151	6.41e-61	246
CFAV-Bangkok_Thailand_2015	SRA:SRR8921123.7629529.2	96.026	151	6	0	660	810	151	1	6.41e-61	246
CFAV-Bangkok_Thailand_2015	SRA:SRR8921123.6952094.2	96.026	151	6	0	2118	2268	151	1	6.41e-61	246
CFAV-Bangkok_Thailand_2015	SRA:SRR8921123.6952094.1	96.026	151	6	0	2022	2172	1	151	6.41e-61	246
CFAV-Bangkok_Thailand_2015	SRA:SRR8921123.4548267.1	96.026	151	6	0	1678	1828	1	151	6.41e-61	246
CFAV-Bangkok_Thailand_2015	SRA:SRR8921123.35012402.1	96.000	150	6	0	433	582	2	151	2.30e-60	244
CFAV-Bangkok_Thailand_2015	SRA:SRR8921123.34866087.1	96.000	150	6	0	433	582	2	151	2.30e-60	244
CFAV-Bangkok_Thailand_2015	SRA:SRR8921123.23248005.2	96.000	150	6	0	3346	3495	150	1	2.30e-60	244
CFAV-Bangkok_Thailand_2015	SRA:SRR8921123.23248005.1	96.000	150	6	0	3346	3495	1	150	2.30e-60	244
CFAV-Bangkok_Thailand_2015	SRA:SRR8921123.21140864.1	96.000	150	6	0	1475	1624	1	150	2.30e-60	244
CFAV-Bangkok_Thailand_2015	SRA:SRR8921123.12909350.1	96.026	151	5	1	1481	1630	1	151	2.30e-60	244
CFAV-Bangkok_Thailand_2015	SRA:SRR8921123.35012402.2	95.973	149	6	0	436	584	149	1	8.29e-60	243
CFAV-Bangkok_Thailand_2015	SRA:SRR8921123.34866087.2	95.973	149	6	0	436	584	149	1	8.29e-60	243
CFAV-Bangkok_Thailand_2015	SRA:SRR8921123.7629529.1	95.973	149	6	0	543	691	1	149	8.29e-60	243
CFAV-Bangkok_Thailand_2015	SRA:SRR8921123.36195628.2	97.183	142	4	0	924	1065	151	10	2.98e-59	241
CFAV-Bangkok_Thailand_2015	SRA:SRR8921123.32633162.1	95.364	151	7	0	2665	2815	1	151	2.98e-59	241
CFAV-Bangkok_Thailand_2015	SRA:SRR8921123.27024975.1	95.364	151	7	0	399	549	1	151	2.98e-59	241
CFAV-Bangkok_Thailand_2015	SRA:SRR8921123.17253999.2	95.364	151	7	0	2262	2412	151	1	2.98e-59	241
CFAV-Bangkok_Thailand_2015	SRA:SRR8921123.5144416.1	95.364	151	7	0	3301	3451	1	151	2.98e-59	241
CFAV-Bangkok_Thailand_2015	SRA:SRR8921123.1856437.1	95.364	151	7	0	505	655	1	151	2.98e-59	241
CFAV-Bangkok_Thailand_2015	SRA:SRR8921123.225834.1	95.364	151	7	0	2263	2413	1	151	2.98e-59	241
CFAV-Bangkok_Thailand_2015	SRA:SRR8921123.214487.1	95.364	151	7	0	2263	2413	1	151	2.98e-59	241
CFAV-Bangkok_Thailand_2015	SRA:SRR8921123.37703645.1	95.333	150	7	0	2128	2277	1	150	1.07e-58	239
CFAV-Bangkok_Thailand_2015	SRA:SRR8921123.47779122.2	95.862	145	6	0	2538	2682	145	1	1.39e-57	235
CFAV-Bangkok_Thailand_2015	SRA:SRR8921123.47779122.1	95.862	145	6	0	2538	2682	1	145	1.39e-57	235
CFAV-Bangkok_Thailand_2015	SRA:SRR8921123.32633162.2	95.270	148	7	0	2698	2845	148	1	1.39e-57	235
CFAV-Bangkok_Thailand_2015	SRA:SRR8921123.12844897.2	95.862	145	6	0	2538	2682	145	1	1.39e-57	235
CFAV-Bangkok_Thailand_2015	SRA:SRR8921123.12844897.1	95.862	145	6	0	2538	2682	1	145	1.39e-57	235
CFAV-Bangkok_Thailand_2015	SRA:SRR8921123.17253999.1	94.667	150	8	0	2257	2406	2	151	4.99e-57	233
CFAV-Bangkok_Thailand_2015	SRA:SRR8921123.27024975.2	94.631	149	8	0	493	641	149	1	1.79e-56	231
CFAV-Bangkok_Thailand_2015	SRA:SRR8921123.16173681.2	94.000	150	9	0	8542	8691	1	150	2.32e-55	228
CFAV-Bangkok_Thailand_2015	SRA:SRR8921123.16173681.1	94.558	147	8	0	8545	8691	147	1	2.32e-55	228
CFAV-Bangkok_Thailand_2015	SRA:SRR8921123.4548267.2	94.000	150	9	0	1856	2005	150	1	2.32e-55	228
CFAV-Bangkok_Thailand_2015	SRA:SRR8921123.225834.2	94.000	150	9	0	2346	2495	150	1	2.32e-55	228
CFAV-Bangkok_Thailand_2015	SRA:SRR8921123.214487.2	95.139	144	7	0	2346	2489	150	7	2.32e-55	228
CFAV-Bangkok_Thailand_2015	SRA:SRR8921123.50929170.2	94.444	144	8	0	1908	2051	144	1	1.08e-53	222
CFAV-Bangkok_Thailand_2015	SRA:SRR8921123.50929170.1	94.444	144	8	0	1908	2051	1	144	1.08e-53	222
CFAV-Bangkok_Thailand_2015	SRA:SRR8921123.50895797.2	94.444	144	8	0	1908	2051	144	1	1.08e-53	222
CFAV-Bangkok_Thailand_2015	SRA:SRR8921123.50895797.1	94.444	144	8	0	1908	2051	1	144	1.08e-53	222
CFAV-Bangkok_Thailand_2015	SRA:SRR8921123.24847707.2	94.444	144	8	0	1908	2051	144	1	1.08e-53	222
CFAV-Bangkok_Thailand_2015	SRA:SRR8921123.24847707.1	94.444	144	8	0	1908	2051	1	144	1.08e-53	222
CFAV-Bangkok_Thailand_2015	SRA:SRR8921123.37940250.2	93.289	149	10	0	2630	2778	149	1	3.88e-53	220
CFAV-Bangkok_Thailand_2015	SRA:SRR8921123.37939554.2	93.289	149	10	0	2630	2778	149	1	3.88e-53	220
CFAV-Bangkok_Thailand_2015	SRA:SRR8921123.37936142.2	93.289	149	10	0	2630	2778	149	1	3.88e-53	220
CFAV-Bangkok_Thailand_2015	SRA:SRR8921123.11928938.2	96.947	131	4	0	2786	2916	131	1	3.88e-53	220
CFAV-Bangkok_Thailand_2015	SRA:SRR8921123.51015710.2	94.853	136	7	0	2658	2793	136	1	6.50e-51	213
CFAV-Bangkok_Thailand_2015	SRA:SRR8921123.51015710.1	94.853	136	7	0	2658	2793	1	136	6.50e-51	213
CFAV-Bangkok_Thailand_2015	SRA:SRR8921123.39461828.2	95.489	133	6	0	462	594	133	1	6.50e-51	213
CFAV-Bangkok_Thailand_2015	SRA:SRR8921123.39461828.1	95.489	133	6	0	462	594	1	133	6.50e-51	213
CFAV-Bangkok_Thailand_2015	SRA:SRR8921123.44725748.1	95.455	132	6	0	2069	2200	1	132	2.34e-50	211
CFAV-Bangkok_Thailand_2015	SRA:SRR8921123.29072900.2	96.825	126	4	0	641	766	126	1	2.34e-50	211
CFAV-Bangkok_Thailand_2015	SRA:SRR8921123.29072900.1	96.825	126	4	0	641	766	1	126	2.34e-50	211
CFAV-Bangkok_Thailand_2015	SRA:SRR8921123.28887160.2	96.825	126	4	0	641	766	126	1	2.34e-50	211
CFAV-Bangkok_Thailand_2015	SRA:SRR8921123.28887160.1	96.032	126	5	0	641	766	1	126	1.09e-48	206
CFAV-Bangkok_Thailand_2015	SRA:SRR8921123.32292034.2	95.082	122	6	0	8562	8683	1	122	8.47e-45	193
CFAV-Bangkok_Thailand_2015	SRA:SRR8921123.32292034.1	95.082	122	6	0	8562	8683	122	1	8.47e-45	193
CFAV-Bangkok_Thailand_2015	SRA:SRR8921123.10314785.2	96.460	113	4	0	2806	2918	113	1	3.94e-43	187
CFAV-Bangkok_Thailand_2015	SRA:SRR8921123.10314785.1	96.460	113	4	0	2806	2918	1	113	3.94e-43	187
CFAV-Bangkok_Thailand_2015	SRA:SRR8921123.11928938.1	97.273	110	2	1	2982	3090	1	110	1.42e-42	185
CFAV-Bangkok_Thailand_2015	SRA:SRR8921123.11928938.1	95.918	49	2	0	2786	2834	103	151	6.88e-11	80.5
CFAV-Bangkok_Thailand_2015	SRA:SRR8921123.30692226.2	95.536	112	5	0	2032	2143	112	1	6.59e-41	180
CFAV-Bangkok_Thailand_2015	SRA:SRR8921123.30692226.1	93.388	121	8	0	2023	2143	18	138	6.59e-41	180
CFAV-Bangkok_Thailand_2015	SRA:SRR8921123.11679742.2	97.143	105	3	0	8626	8730	1	105	2.37e-40	178
CFAV-Bangkok_Thailand_2015	SRA:SRR8921123.37940250.1	97.030	101	3	0	2824	2924	1	101	3.97e-38	171
CFAV-Bangkok_Thailand_2015	SRA:SRR8921123.37940250.1	98.077	52	1	0	2565	2616	99	150	3.18e-14	91.6
CFAV-Bangkok_Thailand_2015	SRA:SRR8921123.37939554.1	97.030	101	3	0	2824	2924	1	101	3.97e-38	171
CFAV-Bangkok_Thailand_2015	SRA:SRR8921123.37939554.1	98.077	52	1	0	2565	2616	99	150	3.18e-14	91.6
CFAV-Bangkok_Thailand_2015	SRA:SRR8921123.37936142.1	97.030	101	3	0	2824	2924	1	101	3.97e-38	171
CFAV-Bangkok_Thailand_2015	SRA:SRR8921123.37936142.1	98.077	52	1	0	2565	2616	99	150	3.18e-14	91.6
CFAV-Bangkok_Thailand_2015	SRA:SRR8921123.11679742.1	96.552	87	3	0	8644	8730	151	65	2.40e-30	145
CFAV-Bangkok_Thailand_2015	SRA:SRR8921123.12738633.2	98.113	53	1	0	316	368	53	1	8.83e-15	93.5
CFAV-Bangkok_Thailand_2015	SRA:SRR8921123.12738633.1	98.113	53	1	0	316	368	68	120	8.83e-15	93.5
CFAV-Bangkok_Thailand_2015	SRA:SRR8921123.7082572.2	93.220	59	4	0	472	530	59	1	4.11e-13	87.9
CFAV-Bangkok_Thailand_2015	SRA:SRR8921123.7082572.2	94.340	53	3	0	669	721	109	57	1.91e-11	82.4
CFAV-Bangkok_Thailand_2015	SRA:SRR8921123.7081918.2	93.220	59	4	0	472	530	59	1	4.11e-13	87.9
CFAV-Bangkok_Thailand_2015	SRA:SRR8921123.7081918.2	94.340	53	3	0	669	721	109	57	1.91e-11	82.4
