CFAV-Bangkok_Thailand_2015	SRA:SRR8921126.26352898.1	99.338	151	1	0	984	1134	1	151	3.45e-69	274
CFAV-Bangkok_Thailand_2015	SRA:SRR8921126.26347408.1	99.338	151	1	0	984	1134	1	151	3.45e-69	274
CFAV-Bangkok_Thailand_2015	SRA:SRR8921126.59382480.1	99.329	149	1	0	3539	3687	3	151	4.46e-68	270
CFAV-Bangkok_Thailand_2015	SRA:SRR8921126.59382480.2	98.675	151	2	0	3598	3748	151	1	1.60e-67	268
CFAV-Bangkok_Thailand_2015	SRA:SRR8921126.26352898.2	98.675	151	2	0	1005	1155	151	1	1.60e-67	268
CFAV-Bangkok_Thailand_2015	SRA:SRR8921126.26347408.2	98.675	151	2	0	1005	1155	151	1	1.60e-67	268
CFAV-Bangkok_Thailand_2015	SRA:SRR8921126.15400877.2	98.675	151	2	0	958	1108	151	1	1.60e-67	268
CFAV-Bangkok_Thailand_2015	SRA:SRR8921126.15400877.1	98.675	151	2	0	945	1095	1	151	1.60e-67	268
CFAV-Bangkok_Thailand_2015	SRA:SRR8921126.9328254.2	98.675	151	2	0	958	1108	151	1	1.60e-67	268
CFAV-Bangkok_Thailand_2015	SRA:SRR8921126.9328254.1	98.675	151	2	0	945	1095	1	151	1.60e-67	268
CFAV-Bangkok_Thailand_2015	SRA:SRR8921126.25962122.2	98.667	150	2	0	1545	1694	150	1	5.77e-67	267
CFAV-Bangkok_Thailand_2015	SRA:SRR8921126.21121959.2	98.667	150	2	0	3169	3318	150	1	5.77e-67	267
CFAV-Bangkok_Thailand_2015	SRA:SRR8921126.62424766.2	98.658	149	2	0	3590	3738	149	1	2.08e-66	265
CFAV-Bangkok_Thailand_2015	SRA:SRR8921126.46237016.1	98.013	151	3	0	1023	1173	1	151	7.47e-66	263
CFAV-Bangkok_Thailand_2015	SRA:SRR8921126.54637366.1	98.000	150	3	0	699	848	1	150	2.69e-65	261
CFAV-Bangkok_Thailand_2015	SRA:SRR8921126.29233382.2	98.000	150	3	0	1173	1322	151	2	2.69e-65	261
CFAV-Bangkok_Thailand_2015	SRA:SRR8921126.7621108.1	98.000	150	3	0	699	848	1	150	2.69e-65	261
CFAV-Bangkok_Thailand_2015	SRA:SRR8921126.53046053.1	97.987	149	3	0	1156	1304	1	149	9.66e-65	259
CFAV-Bangkok_Thailand_2015	SRA:SRR8921126.63867924.1	97.351	151	4	0	721	871	1	151	3.47e-64	257
CFAV-Bangkok_Thailand_2015	SRA:SRR8921126.62424766.1	97.351	151	4	0	3483	3633	1	151	3.47e-64	257
CFAV-Bangkok_Thailand_2015	SRA:SRR8921126.53046053.2	97.973	148	3	0	1193	1340	149	2	3.47e-64	257
CFAV-Bangkok_Thailand_2015	SRA:SRR8921126.29233382.1	97.351	151	4	0	1144	1294	1	151	3.47e-64	257
CFAV-Bangkok_Thailand_2015	SRA:SRR8921126.25962122.1	97.351	151	4	0	1524	1674	1	151	3.47e-64	257
CFAV-Bangkok_Thailand_2015	SRA:SRR8921126.14379033.1	97.351	151	4	0	3010	3160	1	151	3.47e-64	257
CFAV-Bangkok_Thailand_2015	SRA:SRR8921126.59149304.2	97.333	150	4	0	3460	3609	150	1	1.25e-63	255
CFAV-Bangkok_Thailand_2015	SRA:SRR8921126.59148880.2	97.333	150	4	0	3460	3609	150	1	1.25e-63	255
CFAV-Bangkok_Thailand_2015	SRA:SRR8921126.27146004.2	97.333	150	4	0	3460	3609	150	1	1.25e-63	255
CFAV-Bangkok_Thailand_2015	SRA:SRR8921126.27144230.2	97.333	150	4	0	3460	3609	150	1	1.25e-63	255
CFAV-Bangkok_Thailand_2015	SRA:SRR8921126.51170110.2	99.286	140	1	0	1007	1146	140	1	4.49e-63	254
CFAV-Bangkok_Thailand_2015	SRA:SRR8921126.51170110.1	99.286	140	1	0	1007	1146	1	140	4.49e-63	254
CFAV-Bangkok_Thailand_2015	SRA:SRR8921126.46591771.2	99.286	140	1	0	1003	1142	140	1	4.49e-63	254
CFAV-Bangkok_Thailand_2015	SRA:SRR8921126.35833340.2	97.315	149	4	0	3460	3608	150	2	4.49e-63	254
CFAV-Bangkok_Thailand_2015	SRA:SRR8921126.61315555.1	96.689	151	5	0	1306	1456	1	151	1.62e-62	252
CFAV-Bangkok_Thailand_2015	SRA:SRR8921126.58803927.1	96.689	151	5	0	557	707	1	151	1.62e-62	252
CFAV-Bangkok_Thailand_2015	SRA:SRR8921126.49283219.2	96.689	151	5	0	565	715	151	1	1.62e-62	252
CFAV-Bangkok_Thailand_2015	SRA:SRR8921126.48967337.2	96.689	151	5	0	2753	2903	151	1	1.62e-62	252
CFAV-Bangkok_Thailand_2015	SRA:SRR8921126.48958032.2	96.689	151	5	0	2753	2903	151	1	1.62e-62	252
CFAV-Bangkok_Thailand_2015	SRA:SRR8921126.38005966.2	96.689	151	5	0	2080	2230	151	1	1.62e-62	252
CFAV-Bangkok_Thailand_2015	SRA:SRR8921126.25293493.1	96.689	151	5	0	557	707	1	151	1.62e-62	252
CFAV-Bangkok_Thailand_2015	SRA:SRR8921126.21384073.2	96.689	151	5	0	592	742	151	1	1.62e-62	252
CFAV-Bangkok_Thailand_2015	SRA:SRR8921126.21384073.1	96.689	151	5	0	564	714	1	151	1.62e-62	252
CFAV-Bangkok_Thailand_2015	SRA:SRR8921126.61315555.2	96.667	150	5	0	1313	1462	150	1	5.81e-62	250
CFAV-Bangkok_Thailand_2015	SRA:SRR8921126.21121959.1	96.667	150	5	0	3071	3220	1	150	5.81e-62	250
CFAV-Bangkok_Thailand_2015	SRA:SRR8921126.14379033.2	96.667	150	5	0	3043	3192	150	1	5.81e-62	250
CFAV-Bangkok_Thailand_2015	SRA:SRR8921126.46591771.1	97.902	143	3	0	1000	1142	1	143	2.09e-61	248
CFAV-Bangkok_Thailand_2015	SRA:SRR8921126.54637366.2	96.026	151	6	0	817	967	151	1	7.52e-61	246
CFAV-Bangkok_Thailand_2015	SRA:SRR8921126.52793028.1	96.026	151	6	0	1704	1854	1	151	7.52e-61	246
CFAV-Bangkok_Thailand_2015	SRA:SRR8921126.38005966.1	96.026	151	6	0	2022	2172	1	151	7.52e-61	246
CFAV-Bangkok_Thailand_2015	SRA:SRR8921126.36071234.2	96.026	151	6	0	3350	3500	151	1	7.52e-61	246
CFAV-Bangkok_Thailand_2015	SRA:SRR8921126.15008290.2	96.026	151	6	0	565	715	151	1	7.52e-61	246
CFAV-Bangkok_Thailand_2015	SRA:SRR8921126.11703253.1	96.026	151	6	0	875	1025	1	151	7.52e-61	246
CFAV-Bangkok_Thailand_2015	SRA:SRR8921126.11347012.2	96.622	148	5	0	380	527	151	4	7.52e-61	246
CFAV-Bangkok_Thailand_2015	SRA:SRR8921126.11319261.2	96.026	151	6	0	380	530	151	1	7.52e-61	246
CFAV-Bangkok_Thailand_2015	SRA:SRR8921126.11318599.2	96.026	151	6	0	380	530	151	1	7.52e-61	246
CFAV-Bangkok_Thailand_2015	SRA:SRR8921126.11316568.2	96.026	151	6	0	380	530	151	1	7.52e-61	246
CFAV-Bangkok_Thailand_2015	SRA:SRR8921126.11315479.2	96.026	151	6	0	380	530	151	1	7.52e-61	246
CFAV-Bangkok_Thailand_2015	SRA:SRR8921126.11312610.2	96.026	151	6	0	380	530	151	1	7.52e-61	246
CFAV-Bangkok_Thailand_2015	SRA:SRR8921126.9450812.2	96.026	151	6	0	821	971	151	1	7.52e-61	246
CFAV-Bangkok_Thailand_2015	SRA:SRR8921126.7621108.2	96.026	151	6	0	817	967	151	1	7.52e-61	246
CFAV-Bangkok_Thailand_2015	SRA:SRR8921126.3421258.1	96.026	151	6	0	1709	1859	1	151	7.52e-61	246
CFAV-Bangkok_Thailand_2015	SRA:SRR8921126.63867924.2	96.000	150	6	0	843	992	150	1	2.70e-60	244
CFAV-Bangkok_Thailand_2015	SRA:SRR8921126.59149304.1	96.000	150	6	0	3426	3575	1	150	2.70e-60	244
CFAV-Bangkok_Thailand_2015	SRA:SRR8921126.59148880.1	96.000	150	6	0	3426	3575	1	150	2.70e-60	244
CFAV-Bangkok_Thailand_2015	SRA:SRR8921126.52793028.2	96.000	150	6	0	1713	1862	150	1	2.70e-60	244
CFAV-Bangkok_Thailand_2015	SRA:SRR8921126.35833340.1	96.000	150	6	0	3426	3575	1	150	2.70e-60	244
CFAV-Bangkok_Thailand_2015	SRA:SRR8921126.27146004.1	96.000	150	6	0	3426	3575	1	150	2.70e-60	244
CFAV-Bangkok_Thailand_2015	SRA:SRR8921126.27144230.1	96.000	150	6	0	3426	3575	1	150	2.70e-60	244
CFAV-Bangkok_Thailand_2015	SRA:SRR8921126.19061254.2	97.222	144	4	0	1239	1382	144	1	2.70e-60	244
CFAV-Bangkok_Thailand_2015	SRA:SRR8921126.19061254.1	97.222	144	4	0	1239	1382	1	144	2.70e-60	244
CFAV-Bangkok_Thailand_2015	SRA:SRR8921126.11703253.2	96.000	150	6	0	884	1033	150	1	2.70e-60	244
CFAV-Bangkok_Thailand_2015	SRA:SRR8921126.46237016.2	96.575	146	5	0	1067	1212	146	1	9.73e-60	243
CFAV-Bangkok_Thailand_2015	SRA:SRR8921126.33340287.2	97.857	140	3	0	696	835	140	1	9.73e-60	243
CFAV-Bangkok_Thailand_2015	SRA:SRR8921126.33340287.1	97.857	140	3	0	696	835	1	140	9.73e-60	243
CFAV-Bangkok_Thailand_2015	SRA:SRR8921126.12294556.2	96.575	146	5	0	732	877	146	1	9.73e-60	243
CFAV-Bangkok_Thailand_2015	SRA:SRR8921126.12294556.1	96.575	146	5	0	732	877	1	146	9.73e-60	243
CFAV-Bangkok_Thailand_2015	SRA:SRR8921126.49283219.1	95.364	151	7	0	503	653	1	151	3.50e-59	241
CFAV-Bangkok_Thailand_2015	SRA:SRR8921126.48967337.1	95.364	151	7	0	2710	2860	1	151	3.50e-59	241
CFAV-Bangkok_Thailand_2015	SRA:SRR8921126.36070138.2	95.364	151	7	0	3350	3500	151	1	3.50e-59	241
CFAV-Bangkok_Thailand_2015	SRA:SRR8921126.34827895.2	95.946	148	6	0	1480	1627	148	1	3.50e-59	241
CFAV-Bangkok_Thailand_2015	SRA:SRR8921126.32979052.1	95.364	151	7	0	3327	3477	1	151	3.50e-59	241
CFAV-Bangkok_Thailand_2015	SRA:SRR8921126.32709683.2	95.364	151	7	0	2701	2851	151	1	3.50e-59	241
CFAV-Bangkok_Thailand_2015	SRA:SRR8921126.15008290.1	95.364	151	7	0	503	653	1	151	3.50e-59	241
CFAV-Bangkok_Thailand_2015	SRA:SRR8921126.9450812.1	95.946	148	6	0	820	967	1	148	3.50e-59	241
CFAV-Bangkok_Thailand_2015	SRA:SRR8921126.1322607.2	95.364	151	7	0	510	660	151	1	3.50e-59	241
CFAV-Bangkok_Thailand_2015	SRA:SRR8921126.1322607.1	95.946	148	6	0	392	539	1	148	3.50e-59	241
CFAV-Bangkok_Thailand_2015	SRA:SRR8921126.1315881.2	95.364	151	7	0	510	660	151	1	3.50e-59	241
CFAV-Bangkok_Thailand_2015	SRA:SRR8921126.1315881.1	95.946	148	6	0	392	539	1	148	3.50e-59	241
CFAV-Bangkok_Thailand_2015	SRA:SRR8921126.61694040.2	96.528	144	5	0	2250	2393	146	3	1.26e-58	239
CFAV-Bangkok_Thailand_2015	SRA:SRR8921126.61692912.2	96.528	144	5	0	2250	2393	146	3	1.26e-58	239
CFAV-Bangkok_Thailand_2015	SRA:SRR8921126.58803927.2	97.163	141	4	0	639	779	151	11	1.26e-58	239
CFAV-Bangkok_Thailand_2015	SRA:SRR8921126.30940066.1	95.333	150	7	0	2533	2682	1	150	1.26e-58	239
CFAV-Bangkok_Thailand_2015	SRA:SRR8921126.25293493.2	97.163	141	4	0	639	779	151	11	1.26e-58	239
CFAV-Bangkok_Thailand_2015	SRA:SRR8921126.48958032.1	94.702	151	8	0	2710	2860	1	151	1.63e-57	235
CFAV-Bangkok_Thailand_2015	SRA:SRR8921126.45633701.2	94.702	151	8	0	4056	4206	151	1	1.63e-57	235
CFAV-Bangkok_Thailand_2015	SRA:SRR8921126.44667231.2	94.702	151	8	0	1824	1974	151	1	1.63e-57	235
CFAV-Bangkok_Thailand_2015	SRA:SRR8921126.43721863.2	97.122	139	4	0	1240	1378	139	1	1.63e-57	235
CFAV-Bangkok_Thailand_2015	SRA:SRR8921126.43721863.1	97.122	139	4	0	1240	1378	3	141	1.63e-57	235
CFAV-Bangkok_Thailand_2015	SRA:SRR8921126.30940066.2	94.702	151	8	0	2559	2709	151	1	1.63e-57	235
CFAV-Bangkok_Thailand_2015	SRA:SRR8921126.3421258.2	94.702	151	8	0	1826	1976	151	1	1.63e-57	235
CFAV-Bangkok_Thailand_2015	SRA:SRR8921126.45633701.1	94.667	150	8	0	4054	4203	1	150	5.85e-57	233
CFAV-Bangkok_Thailand_2015	SRA:SRR8921126.23298735.2	95.833	144	6	0	2890	3033	144	1	5.85e-57	233
CFAV-Bangkok_Thailand_2015	SRA:SRR8921126.23298735.1	95.833	144	6	0	2890	3033	1	144	5.85e-57	233
CFAV-Bangkok_Thailand_2015	SRA:SRR8921126.16955623.1	94.667	150	8	0	2456	2605	1	150	5.85e-57	233
CFAV-Bangkok_Thailand_2015	SRA:SRR8921126.5643159.2	98.473	131	2	0	966	1096	131	1	5.85e-57	233
CFAV-Bangkok_Thailand_2015	SRA:SRR8921126.45616368.1	95.205	146	7	0	2581	2726	1	146	2.11e-56	231
CFAV-Bangkok_Thailand_2015	SRA:SRR8921126.28688778.1	99.219	128	1	0	7304	7431	128	1	2.11e-56	231
CFAV-Bangkok_Thailand_2015	SRA:SRR8921126.16955623.2	94.631	149	8	0	2461	2609	149	1	2.11e-56	231
CFAV-Bangkok_Thailand_2015	SRA:SRR8921126.12587809.1	94.667	150	7	1	2401	2550	1	149	2.11e-56	231
CFAV-Bangkok_Thailand_2015	SRA:SRR8921126.51326642.1	94.040	151	9	0	1833	1983	1	151	7.57e-56	230
CFAV-Bangkok_Thailand_2015	SRA:SRR8921126.44667231.1	94.040	151	9	0	1810	1960	1	151	7.57e-56	230
CFAV-Bangkok_Thailand_2015	SRA:SRR8921126.19366243.1	94.040	151	9	0	1833	1983	1	151	7.57e-56	230
CFAV-Bangkok_Thailand_2015	SRA:SRR8921126.5643159.1	97.744	133	3	0	964	1096	2	134	7.57e-56	230
CFAV-Bangkok_Thailand_2015	SRA:SRR8921126.3570608.1	95.172	145	7	0	2454	2598	1	145	7.57e-56	230
CFAV-Bangkok_Thailand_2015	SRA:SRR8921126.51326642.2	94.558	147	8	0	1840	1986	147	1	2.72e-55	228
CFAV-Bangkok_Thailand_2015	SRA:SRR8921126.32979052.2	94.000	150	9	0	3357	3506	150	1	2.72e-55	228
CFAV-Bangkok_Thailand_2015	SRA:SRR8921126.23299197.1	95.139	144	7	0	2890	3033	1	144	2.72e-55	228
CFAV-Bangkok_Thailand_2015	SRA:SRR8921126.19366243.2	94.558	147	8	0	1840	1986	147	1	2.72e-55	228
CFAV-Bangkok_Thailand_2015	SRA:SRR8921126.19354327.2	94.558	147	8	0	1840	1986	147	1	2.72e-55	228
CFAV-Bangkok_Thailand_2015	SRA:SRR8921126.32709683.1	93.960	149	9	0	2646	2794	1	149	9.80e-55	226
CFAV-Bangkok_Thailand_2015	SRA:SRR8921126.30311257.2	95.105	143	7	0	2446	2588	143	1	9.80e-55	226
CFAV-Bangkok_Thailand_2015	SRA:SRR8921126.30311257.1	95.105	143	7	0	2446	2588	1	143	9.80e-55	226
CFAV-Bangkok_Thailand_2015	SRA:SRR8921126.2096271.2	96.350	137	5	0	802	938	137	1	9.80e-55	226
CFAV-Bangkok_Thailand_2015	SRA:SRR8921126.2096271.1	97.015	134	4	0	802	935	1	134	9.80e-55	226
CFAV-Bangkok_Thailand_2015	SRA:SRR8921126.45616368.2	93.377	151	10	0	2594	2744	151	1	3.52e-54	224
CFAV-Bangkok_Thailand_2015	SRA:SRR8921126.42107206.1	93.919	148	9	0	392	539	1	148	3.52e-54	224
CFAV-Bangkok_Thailand_2015	SRA:SRR8921126.19354327.1	93.377	151	10	0	1833	1983	1	151	3.52e-54	224
CFAV-Bangkok_Thailand_2015	SRA:SRR8921126.3570608.2	94.483	145	8	0	2454	2598	146	2	3.52e-54	224
CFAV-Bangkok_Thailand_2015	SRA:SRR8921126.42107206.2	93.333	150	10	0	511	660	150	1	1.27e-53	222
CFAV-Bangkok_Thailand_2015	SRA:SRR8921126.23299197.2	94.444	144	8	0	2890	3033	144	1	1.27e-53	222
CFAV-Bangkok_Thailand_2015	SRA:SRR8921126.12587809.2	93.333	150	10	0	2401	2550	151	2	1.27e-53	222
CFAV-Bangkok_Thailand_2015	SRA:SRR8921126.28339760.2	93.197	147	10	0	2593	2739	147	1	5.90e-52	217
CFAV-Bangkok_Thailand_2015	SRA:SRR8921126.28339760.1	93.197	147	10	0	2593	2739	1	147	5.90e-52	217
CFAV-Bangkok_Thailand_2015	SRA:SRR8921126.22470122.2	96.212	132	5	0	601	732	132	1	5.90e-52	217
CFAV-Bangkok_Thailand_2015	SRA:SRR8921126.22470122.1	96.212	132	5	0	601	732	1	132	5.90e-52	217
CFAV-Bangkok_Thailand_2015	SRA:SRR8921126.61446495.2	96.875	128	4	0	1409	1536	128	1	2.12e-51	215
CFAV-Bangkok_Thailand_2015	SRA:SRR8921126.61443996.2	96.875	128	4	0	1409	1536	128	1	2.12e-51	215
CFAV-Bangkok_Thailand_2015	SRA:SRR8921126.54271154.2	96.154	130	5	0	1318	1447	130	1	7.63e-51	213
CFAV-Bangkok_Thailand_2015	SRA:SRR8921126.54271154.1	96.154	130	5	0	1318	1447	1	130	7.63e-51	213
CFAV-Bangkok_Thailand_2015	SRA:SRR8921126.54269574.2	96.154	130	5	0	1318	1447	130	1	7.63e-51	213
CFAV-Bangkok_Thailand_2015	SRA:SRR8921126.54269574.1	96.154	130	5	0	1318	1447	1	130	7.63e-51	213
CFAV-Bangkok_Thailand_2015	SRA:SRR8921126.7300479.2	94.245	139	8	0	1813	1951	139	1	7.63e-51	213
CFAV-Bangkok_Thailand_2015	SRA:SRR8921126.7300479.1	93.662	142	9	0	1810	1951	1	142	7.63e-51	213
CFAV-Bangkok_Thailand_2015	SRA:SRR8921126.7297618.2	94.245	139	8	0	1813	1951	139	1	7.63e-51	213
CFAV-Bangkok_Thailand_2015	SRA:SRR8921126.7297618.1	93.662	142	9	0	1810	1951	1	142	7.63e-51	213
CFAV-Bangkok_Thailand_2015	SRA:SRR8921126.60083920.2	95.455	132	6	0	2023	2154	132	1	2.74e-50	211
CFAV-Bangkok_Thailand_2015	SRA:SRR8921126.60083920.1	95.455	132	6	0	2023	2154	1	132	2.74e-50	211
CFAV-Bangkok_Thailand_2015	SRA:SRR8921126.32079865.2	96.094	128	5	0	1430	1557	128	1	9.86e-50	209
CFAV-Bangkok_Thailand_2015	SRA:SRR8921126.32079865.1	96.094	128	5	0	1430	1557	1	128	9.86e-50	209
CFAV-Bangkok_Thailand_2015	SRA:SRR8921126.45142756.2	94.737	133	7	0	2446	2578	133	1	3.55e-49	207
CFAV-Bangkok_Thailand_2015	SRA:SRR8921126.45142756.1	94.737	133	7	0	2446	2578	1	133	3.55e-49	207
CFAV-Bangkok_Thailand_2015	SRA:SRR8921126.7041421.2	95.349	129	6	0	3379	3507	129	1	1.28e-48	206
CFAV-Bangkok_Thailand_2015	SRA:SRR8921126.7041421.1	95.349	129	6	0	3379	3507	1	129	1.28e-48	206
CFAV-Bangkok_Thailand_2015	SRA:SRR8921126.56390719.2	99.115	113	1	0	3612	3724	113	1	4.59e-48	204
CFAV-Bangkok_Thailand_2015	SRA:SRR8921126.56390719.1	99.115	113	1	0	3612	3724	1	113	4.59e-48	204
CFAV-Bangkok_Thailand_2015	SRA:SRR8921126.35472042.2	99.115	113	1	0	3576	3688	113	1	4.59e-48	204
CFAV-Bangkok_Thailand_2015	SRA:SRR8921126.35472042.1	99.115	113	1	0	3576	3688	1	113	4.59e-48	204
CFAV-Bangkok_Thailand_2015	SRA:SRR8921126.35398192.2	99.115	113	1	0	3576	3688	113	1	4.59e-48	204
CFAV-Bangkok_Thailand_2015	SRA:SRR8921126.35398192.1	99.115	113	1	0	3576	3688	1	113	4.59e-48	204
CFAV-Bangkok_Thailand_2015	SRA:SRR8921126.21009308.2	96.000	125	5	0	425	549	125	1	4.59e-48	204
CFAV-Bangkok_Thailand_2015	SRA:SRR8921126.6587929.2	95.312	128	6	0	2331	2458	128	1	4.59e-48	204
CFAV-Bangkok_Thailand_2015	SRA:SRR8921126.60528432.2	94.615	130	7	0	2440	2569	130	1	1.65e-47	202
CFAV-Bangkok_Thailand_2015	SRA:SRR8921126.60528432.1	94.615	130	7	0	2440	2569	1	130	1.65e-47	202
CFAV-Bangkok_Thailand_2015	SRA:SRR8921126.21009308.1	95.200	125	6	0	425	549	1	125	2.14e-46	198
CFAV-Bangkok_Thailand_2015	SRA:SRR8921126.21525128.2	94.400	125	7	0	3324	3448	125	1	9.93e-45	193
CFAV-Bangkok_Thailand_2015	SRA:SRR8921126.21525128.1	94.400	125	7	0	3324	3448	1	125	9.93e-45	193
CFAV-Bangkok_Thailand_2015	SRA:SRR8921126.6520810.2	95.798	119	5	0	2336	2454	119	1	9.93e-45	193
CFAV-Bangkok_Thailand_2015	SRA:SRR8921126.6520810.1	95.798	119	5	0	2336	2454	1	119	9.93e-45	193
CFAV-Bangkok_Thailand_2015	SRA:SRR8921126.44103281.2	95.041	121	6	0	3422	3542	121	1	3.57e-44	191
CFAV-Bangkok_Thailand_2015	SRA:SRR8921126.44103281.1	95.041	121	6	0	3422	3542	1	121	3.57e-44	191
CFAV-Bangkok_Thailand_2015	SRA:SRR8921126.40615312.2	94.915	118	6	0	2428	2545	118	1	1.66e-42	185
CFAV-Bangkok_Thailand_2015	SRA:SRR8921126.40615312.1	94.915	118	6	0	2428	2545	1	118	1.66e-42	185
CFAV-Bangkok_Thailand_2015	SRA:SRR8921126.40615311.2	94.915	118	6	0	2428	2545	118	1	1.66e-42	185
CFAV-Bangkok_Thailand_2015	SRA:SRR8921126.40615311.1	94.915	118	6	0	2428	2545	1	118	1.66e-42	185
CFAV-Bangkok_Thailand_2015	SRA:SRR8921126.40612712.2	94.915	118	6	0	2428	2545	118	1	1.66e-42	185
CFAV-Bangkok_Thailand_2015	SRA:SRR8921126.40612712.1	94.915	118	6	0	2428	2545	1	118	1.66e-42	185
CFAV-Bangkok_Thailand_2015	SRA:SRR8921126.27726891.2	97.248	109	3	0	1540	1648	109	1	1.66e-42	185
CFAV-Bangkok_Thailand_2015	SRA:SRR8921126.27726891.1	97.248	109	3	0	1540	1648	1	109	1.66e-42	185
CFAV-Bangkok_Thailand_2015	SRA:SRR8921126.15544168.2	98.113	106	2	0	2194	2299	106	1	1.66e-42	185
CFAV-Bangkok_Thailand_2015	SRA:SRR8921126.15544168.1	98.113	106	2	0	2194	2299	6	111	1.66e-42	185
CFAV-Bangkok_Thailand_2015	SRA:SRR8921126.15543759.2	98.113	106	2	0	2194	2299	106	1	1.66e-42	185
CFAV-Bangkok_Thailand_2015	SRA:SRR8921126.15543759.1	98.113	106	2	0	2194	2299	6	111	1.66e-42	185
CFAV-Bangkok_Thailand_2015	SRA:SRR8921126.39478639.2	95.575	113	5	0	2049	2161	113	1	2.15e-41	182
CFAV-Bangkok_Thailand_2015	SRA:SRR8921126.39478639.1	95.575	113	5	0	2049	2161	1	113	2.15e-41	182
CFAV-Bangkok_Thailand_2015	SRA:SRR8921126.50163712.1	98.058	103	2	0	3534	3636	1	103	7.73e-41	180
CFAV-Bangkok_Thailand_2015	SRA:SRR8921126.50163712.2	97.087	103	3	0	3534	3636	103	1	3.60e-39	174
CFAV-Bangkok_Thailand_2015	SRA:SRR8921126.41270603.1	93.805	113	7	0	2396	2508	1	113	4.65e-38	171
CFAV-Bangkok_Thailand_2015	SRA:SRR8921126.15732455.2	96.117	103	4	0	2731	2833	103	1	1.67e-37	169
CFAV-Bangkok_Thailand_2015	SRA:SRR8921126.15732455.1	96.117	103	4	0	2731	2833	2	104	1.67e-37	169
CFAV-Bangkok_Thailand_2015	SRA:SRR8921126.56268563.2	97.826	92	2	0	1238	1329	92	1	1.01e-34	159
CFAV-Bangkok_Thailand_2015	SRA:SRR8921126.56268563.1	97.826	92	2	0	1238	1329	1	92	1.01e-34	159
CFAV-Bangkok_Thailand_2015	SRA:SRR8921126.54919710.2	94.059	101	6	0	467	567	101	1	4.69e-33	154
CFAV-Bangkok_Thailand_2015	SRA:SRR8921126.51776463.2	94.059	101	6	0	598	698	150	50	4.69e-33	154
CFAV-Bangkok_Thailand_2015	SRA:SRR8921126.51776463.2	96.491	57	2	0	411	467	57	1	2.88e-15	95.3
CFAV-Bangkok_Thailand_2015	SRA:SRR8921126.51776463.1	94.059	101	6	0	598	698	1	101	4.69e-33	154
CFAV-Bangkok_Thailand_2015	SRA:SRR8921126.51776463.1	96.491	57	2	0	411	467	94	150	2.88e-15	95.3
CFAV-Bangkok_Thailand_2015	SRA:SRR8921126.17853844.2	94.059	101	6	0	598	698	150	50	4.69e-33	154
CFAV-Bangkok_Thailand_2015	SRA:SRR8921126.17853844.2	96.491	57	2	0	411	467	57	1	2.88e-15	95.3
CFAV-Bangkok_Thailand_2015	SRA:SRR8921126.17853844.1	94.059	101	6	0	598	698	1	101	4.69e-33	154
CFAV-Bangkok_Thailand_2015	SRA:SRR8921126.17853844.1	96.491	57	2	0	411	467	94	150	2.88e-15	95.3
CFAV-Bangkok_Thailand_2015	SRA:SRR8921126.17851316.2	94.059	101	6	0	598	698	150	50	4.69e-33	154
CFAV-Bangkok_Thailand_2015	SRA:SRR8921126.17851316.2	96.491	57	2	0	411	467	57	1	2.88e-15	95.3
CFAV-Bangkok_Thailand_2015	SRA:SRR8921126.17851316.1	94.059	101	6	0	598	698	1	101	4.69e-33	154
CFAV-Bangkok_Thailand_2015	SRA:SRR8921126.17851316.1	96.491	57	2	0	411	467	94	150	2.88e-15	95.3
CFAV-Bangkok_Thailand_2015	SRA:SRR8921126.17803523.2	94.059	101	6	0	598	698	150	50	4.69e-33	154
CFAV-Bangkok_Thailand_2015	SRA:SRR8921126.17803523.2	96.491	57	2	0	411	467	57	1	2.88e-15	95.3
CFAV-Bangkok_Thailand_2015	SRA:SRR8921126.17803523.1	94.059	101	6	0	598	698	1	101	4.69e-33	154
CFAV-Bangkok_Thailand_2015	SRA:SRR8921126.17803523.1	96.491	57	2	0	411	467	94	150	2.88e-15	95.3
CFAV-Bangkok_Thailand_2015	SRA:SRR8921126.25887861.2	98.810	84	1	0	316	399	84	1	6.06e-32	150
CFAV-Bangkok_Thailand_2015	SRA:SRR8921126.25887861.1	98.810	84	1	0	316	399	64	147	6.06e-32	150
CFAV-Bangkok_Thailand_2015	SRA:SRR8921126.41270603.2	91.589	107	9	0	2402	2508	107	1	2.18e-31	148
CFAV-Bangkok_Thailand_2015	SRA:SRR8921126.28688778.2	98.701	77	1	0	7304	7380	74	150	4.72e-28	137
CFAV-Bangkok_Thailand_2015	SRA:SRR8921126.28688778.2	100.000	29	0	0	3906	3934	29	1	0.005	54.7
CFAV-Bangkok_Thailand_2015	SRA:SRR8921126.48935738.2	96.154	78	3	0	721	798	138	61	2.84e-25	128
CFAV-Bangkok_Thailand_2015	SRA:SRR8921126.48935738.2	100.000	36	0	0	316	351	36	1	6.28e-07	67.6
CFAV-Bangkok_Thailand_2015	SRA:SRR8921126.48935738.1	96.154	78	3	0	721	798	1	78	2.84e-25	128
CFAV-Bangkok_Thailand_2015	SRA:SRR8921126.48935738.1	100.000	36	0	0	316	351	103	138	6.28e-07	67.6
CFAV-Bangkok_Thailand_2015	SRA:SRR8921126.61610669.2	97.260	73	2	0	2217	2289	73	1	3.68e-24	124
CFAV-Bangkok_Thailand_2015	SRA:SRR8921126.61610669.1	97.260	73	2	0	2217	2289	1	73	3.68e-24	124
CFAV-Bangkok_Thailand_2015	SRA:SRR8921126.54919710.1	96.552	58	2	0	467	524	93	150	8.01e-16	97.1
CFAV-Bangkok_Thailand_2015	SRA:SRR8921126.34827895.1	100.000	31	0	0	1443	1473	121	151	3.78e-04	58.4
