CFAV-Bangkok_Thailand_2015	SRA:SRR8921127.67620533.2	98.675	151	2	0	1200	1350	151	1	1.82e-67	268
CFAV-Bangkok_Thailand_2015	SRA:SRR8921127.51393151.2	98.675	151	2	0	3585	3735	151	1	1.82e-67	268
CFAV-Bangkok_Thailand_2015	SRA:SRR8921127.51393151.1	99.324	148	1	0	3581	3728	1	148	1.82e-67	268
CFAV-Bangkok_Thailand_2015	SRA:SRR8921127.56990796.2	98.013	151	3	0	1659	1809	151	1	8.45e-66	263
CFAV-Bangkok_Thailand_2015	SRA:SRR8921127.67620533.1	98.000	150	3	0	1173	1322	1	150	3.04e-65	261
CFAV-Bangkok_Thailand_2015	SRA:SRR8921127.67500559.1	97.351	151	4	0	327	477	1	151	3.93e-64	257
CFAV-Bangkok_Thailand_2015	SRA:SRR8921127.2071294.2	97.351	151	4	0	3479	3629	151	1	3.93e-64	257
CFAV-Bangkok_Thailand_2015	SRA:SRR8921127.58204898.2	97.315	149	4	0	2959	3107	149	1	5.09e-63	254
CFAV-Bangkok_Thailand_2015	SRA:SRR8921127.69389288.1	96.689	151	5	0	1425	1575	1	151	1.83e-62	252
CFAV-Bangkok_Thailand_2015	SRA:SRR8921127.69389287.1	96.689	151	5	0	1425	1575	1	151	1.83e-62	252
CFAV-Bangkok_Thailand_2015	SRA:SRR8921127.65697359.2	96.689	151	5	0	2187	2337	151	1	1.83e-62	252
CFAV-Bangkok_Thailand_2015	SRA:SRR8921127.65686914.2	96.689	151	5	0	2187	2337	151	1	1.83e-62	252
CFAV-Bangkok_Thailand_2015	SRA:SRR8921127.56990796.1	96.689	151	5	0	1431	1581	1	151	1.83e-62	252
CFAV-Bangkok_Thailand_2015	SRA:SRR8921127.38939437.2	96.689	151	5	0	2847	2997	151	1	1.83e-62	252
CFAV-Bangkok_Thailand_2015	SRA:SRR8921127.37387579.2	96.689	151	5	0	2942	3092	151	1	1.83e-62	252
CFAV-Bangkok_Thailand_2015	SRA:SRR8921127.21432475.1	96.689	151	5	0	562	712	1	151	1.83e-62	252
CFAV-Bangkok_Thailand_2015	SRA:SRR8921127.13134681.1	96.689	151	5	0	1343	1493	1	151	1.83e-62	252
CFAV-Bangkok_Thailand_2015	SRA:SRR8921127.43932471.2	96.667	150	5	0	2517	2666	151	2	6.58e-62	250
CFAV-Bangkok_Thailand_2015	SRA:SRR8921127.32683690.1	96.667	150	5	0	2188	2337	1	150	6.58e-62	250
CFAV-Bangkok_Thailand_2015	SRA:SRR8921127.65105086.2	96.644	149	5	0	1506	1654	149	1	2.37e-61	248
CFAV-Bangkok_Thailand_2015	SRA:SRR8921127.65105086.1	96.644	149	5	0	1506	1654	1	149	2.37e-61	248
CFAV-Bangkok_Thailand_2015	SRA:SRR8921127.13134681.2	96.644	149	5	0	1369	1517	151	3	2.37e-61	248
CFAV-Bangkok_Thailand_2015	SRA:SRR8921127.65697359.1	96.026	151	6	0	2171	2321	1	151	8.51e-61	246
CFAV-Bangkok_Thailand_2015	SRA:SRR8921127.65686914.1	96.026	151	6	0	2171	2321	1	151	8.51e-61	246
CFAV-Bangkok_Thailand_2015	SRA:SRR8921127.54973453.2	96.026	151	6	0	2883	3033	151	1	8.51e-61	246
CFAV-Bangkok_Thailand_2015	SRA:SRR8921127.54973453.1	96.026	151	6	0	2880	3030	1	151	8.51e-61	246
CFAV-Bangkok_Thailand_2015	SRA:SRR8921127.44784748.2	96.622	148	5	0	2731	2878	148	1	8.51e-61	246
CFAV-Bangkok_Thailand_2015	SRA:SRR8921127.38950335.2	96.026	151	6	0	2847	2997	151	1	8.51e-61	246
CFAV-Bangkok_Thailand_2015	SRA:SRR8921127.38938216.2	96.026	151	6	0	2847	2997	151	1	8.51e-61	246
CFAV-Bangkok_Thailand_2015	SRA:SRR8921127.37974991.2	96.026	151	6	0	643	793	151	1	8.51e-61	246
CFAV-Bangkok_Thailand_2015	SRA:SRR8921127.37948912.2	96.026	151	6	0	643	793	151	1	8.51e-61	246
CFAV-Bangkok_Thailand_2015	SRA:SRR8921127.32683690.2	96.026	151	6	0	2262	2412	151	1	8.51e-61	246
CFAV-Bangkok_Thailand_2015	SRA:SRR8921127.19676898.2	96.622	148	5	0	2731	2878	148	1	8.51e-61	246
CFAV-Bangkok_Thailand_2015	SRA:SRR8921127.19676898.1	96.622	148	5	0	2731	2878	2	149	8.51e-61	246
CFAV-Bangkok_Thailand_2015	SRA:SRR8921127.4003909.2	96.026	151	6	0	2883	3033	151	1	8.51e-61	246
CFAV-Bangkok_Thailand_2015	SRA:SRR8921127.4003909.1	96.026	151	6	0	2880	3030	1	151	8.51e-61	246
CFAV-Bangkok_Thailand_2015	SRA:SRR8921127.69389287.2	96.000	150	6	0	1443	1592	150	1	3.06e-60	244
CFAV-Bangkok_Thailand_2015	SRA:SRR8921127.38939437.1	96.000	150	6	0	2803	2952	1	150	3.06e-60	244
CFAV-Bangkok_Thailand_2015	SRA:SRR8921127.38938216.1	96.000	150	6	0	2803	2952	1	150	3.06e-60	244
CFAV-Bangkok_Thailand_2015	SRA:SRR8921127.70306261.1	95.973	149	6	0	2731	2879	3	151	1.10e-59	243
CFAV-Bangkok_Thailand_2015	SRA:SRR8921127.69389288.2	95.973	149	6	0	1444	1592	149	1	1.10e-59	243
CFAV-Bangkok_Thailand_2015	SRA:SRR8921127.58204898.1	95.973	149	6	0	2893	3041	1	149	1.10e-59	243
CFAV-Bangkok_Thailand_2015	SRA:SRR8921127.37974991.1	95.973	149	6	0	607	755	1	149	1.10e-59	243
CFAV-Bangkok_Thailand_2015	SRA:SRR8921127.37948912.1	95.973	149	6	0	607	755	1	149	1.10e-59	243
CFAV-Bangkok_Thailand_2015	SRA:SRR8921127.17942875.1	95.455	154	4	1	1325	1478	1	151	1.10e-59	243
CFAV-Bangkok_Thailand_2015	SRA:SRR8921127.67500559.2	95.946	148	6	0	436	583	148	1	3.96e-59	241
CFAV-Bangkok_Thailand_2015	SRA:SRR8921127.54167012.1	95.364	151	7	0	2056	2206	1	151	3.96e-59	241
CFAV-Bangkok_Thailand_2015	SRA:SRR8921127.43932471.1	95.364	151	7	0	2448	2598	1	151	3.96e-59	241
CFAV-Bangkok_Thailand_2015	SRA:SRR8921127.28313686.2	95.946	148	6	0	8583	8730	1	148	3.96e-59	241
CFAV-Bangkok_Thailand_2015	SRA:SRR8921127.15512939.2	99.248	133	1	0	3199	3331	133	1	3.96e-59	241
CFAV-Bangkok_Thailand_2015	SRA:SRR8921127.13494361.2	97.842	139	3	0	1564	1702	139	1	3.96e-59	241
CFAV-Bangkok_Thailand_2015	SRA:SRR8921127.13494361.1	97.842	139	3	0	1564	1702	1	139	3.96e-59	241
CFAV-Bangkok_Thailand_2015	SRA:SRR8921127.58807911.2	95.302	149	7	0	2656	2804	149	1	5.12e-58	237
CFAV-Bangkok_Thailand_2015	SRA:SRR8921127.69075821.2	95.270	148	7	0	2698	2845	148	1	1.84e-57	235
CFAV-Bangkok_Thailand_2015	SRA:SRR8921127.69075821.1	94.702	151	8	0	2676	2826	1	151	1.84e-57	235
CFAV-Bangkok_Thailand_2015	SRA:SRR8921127.61739781.1	94.702	151	8	0	2412	2562	1	151	1.84e-57	235
CFAV-Bangkok_Thailand_2015	SRA:SRR8921127.28289498.2	95.270	148	7	0	8583	8730	1	148	1.84e-57	235
CFAV-Bangkok_Thailand_2015	SRA:SRR8921127.17942875.2	94.771	153	5	1	1326	1478	150	1	1.84e-57	235
CFAV-Bangkok_Thailand_2015	SRA:SRR8921127.2071294.1	94.702	151	8	0	3372	3522	1	151	1.84e-57	235
CFAV-Bangkok_Thailand_2015	SRA:SRR8921127.41261538.2	99.219	128	1	0	1014	1141	128	1	2.38e-56	231
CFAV-Bangkok_Thailand_2015	SRA:SRR8921127.41261538.1	99.219	128	1	0	1014	1141	1	128	2.38e-56	231
CFAV-Bangkok_Thailand_2015	SRA:SRR8921127.60720081.1	94.040	151	9	0	3384	3534	1	151	8.57e-56	230
CFAV-Bangkok_Thailand_2015	SRA:SRR8921127.58807911.1	94.040	151	9	0	2619	2769	1	151	8.57e-56	230
CFAV-Bangkok_Thailand_2015	SRA:SRR8921127.1859681.1	94.595	148	8	0	1829	1976	1	148	8.57e-56	230
CFAV-Bangkok_Thailand_2015	SRA:SRR8921127.69111615.2	99.206	126	1	0	3906	4031	126	1	3.08e-55	228
CFAV-Bangkok_Thailand_2015	SRA:SRR8921127.38950335.1	94.000	150	9	0	2803	2952	1	150	3.08e-55	228
CFAV-Bangkok_Thailand_2015	SRA:SRR8921127.61739781.2	93.960	149	9	0	2518	2666	151	3	1.11e-54	226
CFAV-Bangkok_Thailand_2015	SRA:SRR8921127.47645559.2	97.692	130	3	0	2062	2191	134	5	3.99e-54	224
CFAV-Bangkok_Thailand_2015	SRA:SRR8921127.47645559.1	96.324	136	5	0	2056	2191	1	136	3.99e-54	224
CFAV-Bangkok_Thailand_2015	SRA:SRR8921127.47611690.2	97.692	130	3	0	2062	2191	134	5	3.99e-54	224
CFAV-Bangkok_Thailand_2015	SRA:SRR8921127.47611690.1	96.324	136	5	0	2056	2191	1	136	3.99e-54	224
CFAV-Bangkok_Thailand_2015	SRA:SRR8921127.26815081.2	93.377	151	10	0	2942	3092	151	1	3.99e-54	224
CFAV-Bangkok_Thailand_2015	SRA:SRR8921127.5728823.2	97.692	130	3	0	2062	2191	134	5	3.99e-54	224
CFAV-Bangkok_Thailand_2015	SRA:SRR8921127.5728823.1	96.324	136	5	0	2056	2191	1	136	3.99e-54	224
CFAV-Bangkok_Thailand_2015	SRA:SRR8921127.70108062.2	95.652	138	6	0	462	599	138	1	1.43e-53	222
CFAV-Bangkok_Thailand_2015	SRA:SRR8921127.24317191.2	93.878	147	9	0	1856	2002	147	1	1.43e-53	222
CFAV-Bangkok_Thailand_2015	SRA:SRR8921127.24317191.1	93.878	147	9	0	1856	2002	1	147	1.43e-53	222
CFAV-Bangkok_Thailand_2015	SRA:SRR8921127.24306042.2	93.878	147	9	0	1856	2002	147	1	1.43e-53	222
CFAV-Bangkok_Thailand_2015	SRA:SRR8921127.24306042.1	93.878	147	9	0	1856	2002	1	147	1.43e-53	222
CFAV-Bangkok_Thailand_2015	SRA:SRR8921127.54167012.2	92.715	151	11	0	2131	2281	151	1	1.86e-52	219
CFAV-Bangkok_Thailand_2015	SRA:SRR8921127.70108062.1	94.928	138	7	0	462	599	1	138	6.67e-52	217
CFAV-Bangkok_Thailand_2015	SRA:SRR8921127.61548655.2	95.556	135	6	0	3407	3541	135	1	6.67e-52	217
CFAV-Bangkok_Thailand_2015	SRA:SRR8921127.61548655.1	95.556	135	6	0	3407	3541	3	137	6.67e-52	217
CFAV-Bangkok_Thailand_2015	SRA:SRR8921127.5366438.2	95.556	135	6	0	2668	2802	135	1	6.67e-52	217
CFAV-Bangkok_Thailand_2015	SRA:SRR8921127.5366438.1	95.556	135	6	0	2668	2802	2	136	6.67e-52	217
CFAV-Bangkok_Thailand_2015	SRA:SRR8921127.1859681.2	92.667	150	11	0	1914	2063	150	1	6.67e-52	217
CFAV-Bangkok_Thailand_2015	SRA:SRR8921127.4429957.2	99.130	115	1	0	3169	3283	115	1	4.02e-49	207
CFAV-Bangkok_Thailand_2015	SRA:SRR8921127.4429957.1	99.130	115	1	0	3169	3283	1	115	4.02e-49	207
CFAV-Bangkok_Thailand_2015	SRA:SRR8921127.60720081.2	96.667	120	4	0	3447	3566	150	31	6.72e-47	200
CFAV-Bangkok_Thailand_2015	SRA:SRR8921127.60720081.2	100.000	33	0	0	3248	3280	33	1	3.31e-05	62.1
CFAV-Bangkok_Thailand_2015	SRA:SRR8921127.50494562.2	98.246	114	2	0	1384	1497	114	1	6.72e-47	200
CFAV-Bangkok_Thailand_2015	SRA:SRR8921127.50494562.1	97.436	117	3	0	1381	1497	1	117	6.72e-47	200
CFAV-Bangkok_Thailand_2015	SRA:SRR8921127.51264873.2	98.230	113	2	0	1225	1337	113	1	2.42e-46	198
CFAV-Bangkok_Thailand_2015	SRA:SRR8921127.51264873.1	98.230	113	2	0	1225	1337	1	113	2.42e-46	198
CFAV-Bangkok_Thailand_2015	SRA:SRR8921127.26814826.2	91.096	146	13	0	2942	3087	151	6	2.42e-46	198
CFAV-Bangkok_Thailand_2015	SRA:SRR8921127.15488641.2	98.230	113	2	0	1225	1337	113	1	2.42e-46	198
CFAV-Bangkok_Thailand_2015	SRA:SRR8921127.15488641.1	98.230	113	2	0	1225	1337	1	113	2.42e-46	198
CFAV-Bangkok_Thailand_2015	SRA:SRR8921127.294810.2	94.488	127	7	0	1808	1934	127	1	8.69e-46	196
CFAV-Bangkok_Thailand_2015	SRA:SRR8921127.294810.1	94.488	127	7	0	1808	1934	2	128	8.69e-46	196
CFAV-Bangkok_Thailand_2015	SRA:SRR8921127.271539.2	94.488	127	7	0	1808	1934	127	1	8.69e-46	196
CFAV-Bangkok_Thailand_2015	SRA:SRR8921127.271539.1	94.488	127	7	0	1808	1934	2	128	8.69e-46	196
CFAV-Bangkok_Thailand_2015	SRA:SRR8921127.4767217.2	96.522	115	4	0	2791	2905	115	1	4.04e-44	191
CFAV-Bangkok_Thailand_2015	SRA:SRR8921127.4767217.1	96.522	115	4	0	2791	2905	1	115	4.04e-44	191
CFAV-Bangkok_Thailand_2015	SRA:SRR8921127.28313686.1	97.297	111	3	0	8620	8730	151	41	1.45e-43	189
CFAV-Bangkok_Thailand_2015	SRA:SRR8921127.28289498.1	97.297	111	3	0	8620	8730	151	41	1.45e-43	189
CFAV-Bangkok_Thailand_2015	SRA:SRR8921127.60744336.2	94.118	119	7	0	1829	1947	119	1	2.43e-41	182
CFAV-Bangkok_Thailand_2015	SRA:SRR8921127.60744336.1	94.118	119	7	0	1829	1947	1	119	2.43e-41	182
CFAV-Bangkok_Thailand_2015	SRA:SRR8921127.38513719.2	94.118	119	7	0	1823	1941	119	1	2.43e-41	182
CFAV-Bangkok_Thailand_2015	SRA:SRR8921127.38513719.1	94.118	119	7	0	1823	1941	1	119	2.43e-41	182
CFAV-Bangkok_Thailand_2015	SRA:SRR8921127.38489031.2	94.118	119	7	0	1823	1941	119	1	2.43e-41	182
CFAV-Bangkok_Thailand_2015	SRA:SRR8921127.38489031.1	94.118	119	7	0	1823	1941	1	119	2.43e-41	182
CFAV-Bangkok_Thailand_2015	SRA:SRR8921127.45975682.1	98.020	101	2	0	424	524	2	102	1.13e-39	176
CFAV-Bangkok_Thailand_2015	SRA:SRR8921127.13014411.2	96.262	107	4	0	3423	3529	107	1	1.13e-39	176
CFAV-Bangkok_Thailand_2015	SRA:SRR8921127.13014411.1	96.262	107	4	0	3423	3529	1	107	1.13e-39	176
CFAV-Bangkok_Thailand_2015	SRA:SRR8921127.69111615.1	100.000	94	0	0	3906	3999	58	151	4.07e-39	174
CFAV-Bangkok_Thailand_2015	SRA:SRR8921127.45975682.2	97.030	101	3	0	424	524	102	2	5.27e-38	171
CFAV-Bangkok_Thailand_2015	SRA:SRR8921127.38563036.2	93.519	108	7	0	1803	1910	108	1	3.17e-35	161
CFAV-Bangkok_Thailand_2015	SRA:SRR8921127.38563036.1	93.519	108	7	0	1803	1910	1	108	3.17e-35	161
CFAV-Bangkok_Thailand_2015	SRA:SRR8921127.15512939.1	100.000	65	0	0	3199	3263	86	150	5.38e-23	121
CFAV-Bangkok_Thailand_2015	SRA:SRR8921127.4027574.2	97.297	37	1	0	8694	8730	1	37	9.20e-06	63.9
CFAV-Bangkok_Thailand_2015	SRA:SRR8921127.4027574.1	97.297	37	1	0	8694	8730	124	88	9.20e-06	63.9
CFAV-Bangkok_Thailand_2015	SRA:SRR8921127.6504812.2	96.875	32	1	0	9820	9851	101	132	0.006	54.7
