CFAV-Bangkok_Thailand_2015	SRA:SRR8921125.45877977.1	99.333	150	1	0	3183	3332	1	150	1.28e-68	272
CFAV-Bangkok_Thailand_2015	SRA:SRR8921125.65268363.2	98.658	149	2	0	956	1104	149	1	2.14e-66	265
CFAV-Bangkok_Thailand_2015	SRA:SRR8921125.65268363.1	98.658	149	2	0	956	1104	1	149	2.14e-66	265
CFAV-Bangkok_Thailand_2015	SRA:SRR8921125.65251682.2	98.658	149	2	0	956	1104	149	1	2.14e-66	265
CFAV-Bangkok_Thailand_2015	SRA:SRR8921125.65251682.1	98.658	149	2	0	956	1104	1	149	2.14e-66	265
CFAV-Bangkok_Thailand_2015	SRA:SRR8921125.65236429.2	98.658	149	2	0	956	1104	149	1	2.14e-66	265
CFAV-Bangkok_Thailand_2015	SRA:SRR8921125.65236429.1	98.658	149	2	0	956	1104	1	149	2.14e-66	265
CFAV-Bangkok_Thailand_2015	SRA:SRR8921125.50439460.2	97.351	151	4	0	3115	3265	151	1	3.58e-64	257
CFAV-Bangkok_Thailand_2015	SRA:SRR8921125.50439460.1	97.351	151	4	0	3099	3249	1	151	3.58e-64	257
CFAV-Bangkok_Thailand_2015	SRA:SRR8921125.54507022.1	96.689	151	5	0	1672	1822	1	151	1.67e-62	252
CFAV-Bangkok_Thailand_2015	SRA:SRR8921125.30774368.2	96.689	151	5	0	591	741	151	1	1.67e-62	252
CFAV-Bangkok_Thailand_2015	SRA:SRR8921125.30774368.1	96.689	151	5	0	556	706	1	151	1.67e-62	252
CFAV-Bangkok_Thailand_2015	SRA:SRR8921125.28084338.2	96.689	151	5	0	575	725	151	1	1.67e-62	252
CFAV-Bangkok_Thailand_2015	SRA:SRR8921125.17381708.2	96.689	151	5	0	802	952	151	1	1.67e-62	252
CFAV-Bangkok_Thailand_2015	SRA:SRR8921125.17381708.1	97.297	148	4	0	740	887	1	148	1.67e-62	252
CFAV-Bangkok_Thailand_2015	SRA:SRR8921125.17358422.2	96.689	151	5	0	802	952	151	1	1.67e-62	252
CFAV-Bangkok_Thailand_2015	SRA:SRR8921125.17358422.1	97.297	148	4	0	740	887	1	148	1.67e-62	252
CFAV-Bangkok_Thailand_2015	SRA:SRR8921125.50941702.2	96.667	150	5	0	628	777	150	1	5.99e-62	250
CFAV-Bangkok_Thailand_2015	SRA:SRR8921125.21708821.2	96.667	150	5	0	851	1000	150	1	5.99e-62	250
CFAV-Bangkok_Thailand_2015	SRA:SRR8921125.10362259.1	97.917	144	3	0	1225	1368	1	144	5.99e-62	250
CFAV-Bangkok_Thailand_2015	SRA:SRR8921125.17527375.2	96.644	149	5	0	2308	2456	149	1	2.16e-61	248
CFAV-Bangkok_Thailand_2015	SRA:SRR8921125.54863327.2	98.561	139	2	0	3586	3724	139	1	7.75e-61	246
CFAV-Bangkok_Thailand_2015	SRA:SRR8921125.54507022.2	96.026	151	6	0	1708	1858	151	1	7.75e-61	246
CFAV-Bangkok_Thailand_2015	SRA:SRR8921125.45841313.2	96.026	151	6	0	3410	3560	151	1	7.75e-61	246
CFAV-Bangkok_Thailand_2015	SRA:SRR8921125.23861224.1	96.026	151	6	0	427	577	1	151	7.75e-61	246
CFAV-Bangkok_Thailand_2015	SRA:SRR8921125.21708821.1	96.026	151	6	0	822	972	1	151	7.75e-61	246
CFAV-Bangkok_Thailand_2015	SRA:SRR8921125.1863360.1	96.026	151	6	0	3271	3421	1	151	7.75e-61	246
CFAV-Bangkok_Thailand_2015	SRA:SRR8921125.49218950.2	97.857	140	3	0	764	903	142	3	1.00e-59	243
CFAV-Bangkok_Thailand_2015	SRA:SRR8921125.49218950.1	97.857	140	3	0	764	903	1	140	1.00e-59	243
CFAV-Bangkok_Thailand_2015	SRA:SRR8921125.38100638.1	95.973	149	6	0	588	736	1	149	1.00e-59	243
CFAV-Bangkok_Thailand_2015	SRA:SRR8921125.26925243.1	98.540	137	2	0	3536	3672	1	137	1.00e-59	243
CFAV-Bangkok_Thailand_2015	SRA:SRR8921125.52640491.2	95.364	151	7	0	3087	3237	151	1	3.61e-59	241
CFAV-Bangkok_Thailand_2015	SRA:SRR8921125.45877977.2	95.946	148	6	0	3280	3427	148	1	3.61e-59	241
CFAV-Bangkok_Thailand_2015	SRA:SRR8921125.45841313.1	95.364	151	7	0	3317	3467	1	151	3.61e-59	241
CFAV-Bangkok_Thailand_2015	SRA:SRR8921125.28084338.1	95.364	151	7	0	505	655	1	151	3.61e-59	241
CFAV-Bangkok_Thailand_2015	SRA:SRR8921125.23883226.1	95.364	151	7	0	2263	2413	1	151	3.61e-59	241
CFAV-Bangkok_Thailand_2015	SRA:SRR8921125.330151.1	95.946	148	6	0	533	680	1	148	3.61e-59	241
CFAV-Bangkok_Thailand_2015	SRA:SRR8921125.38100638.2	95.302	149	7	0	604	752	149	1	4.67e-58	237
CFAV-Bangkok_Thailand_2015	SRA:SRR8921125.23883226.2	96.503	143	5	0	2275	2417	143	1	4.67e-58	237
CFAV-Bangkok_Thailand_2015	SRA:SRR8921125.1863360.2	95.302	149	7	0	3301	3449	149	1	4.67e-58	237
CFAV-Bangkok_Thailand_2015	SRA:SRR8921125.36539101.2	94.702	151	8	0	1821	1971	151	1	1.68e-57	235
CFAV-Bangkok_Thailand_2015	SRA:SRR8921125.36539101.1	94.702	151	8	0	1758	1908	1	151	1.68e-57	235
CFAV-Bangkok_Thailand_2015	SRA:SRR8921125.32595402.1	95.270	148	7	0	2137	2284	1	148	1.68e-57	235
CFAV-Bangkok_Thailand_2015	SRA:SRR8921125.25456385.2	94.702	151	8	0	2651	2801	151	1	1.68e-57	235
CFAV-Bangkok_Thailand_2015	SRA:SRR8921125.8507436.2	95.270	148	7	0	2137	2284	148	1	1.68e-57	235
CFAV-Bangkok_Thailand_2015	SRA:SRR8921125.8507436.1	95.270	148	7	0	2137	2284	1	148	1.68e-57	235
CFAV-Bangkok_Thailand_2015	SRA:SRR8921125.2087231.2	95.270	148	7	0	2137	2284	148	1	1.68e-57	235
CFAV-Bangkok_Thailand_2015	SRA:SRR8921125.2087231.1	95.270	148	7	0	2137	2284	1	148	1.68e-57	235
CFAV-Bangkok_Thailand_2015	SRA:SRR8921125.52640491.1	94.667	150	8	0	3026	3175	1	150	6.04e-57	233
CFAV-Bangkok_Thailand_2015	SRA:SRR8921125.23861224.2	94.667	150	8	0	487	636	150	1	6.04e-57	233
CFAV-Bangkok_Thailand_2015	SRA:SRR8921125.64885676.1	94.631	149	8	0	1824	1972	1	149	2.17e-56	231
CFAV-Bangkok_Thailand_2015	SRA:SRR8921125.64880048.1	94.631	149	8	0	1824	1972	1	149	2.17e-56	231
CFAV-Bangkok_Thailand_2015	SRA:SRR8921125.34582970.2	94.631	149	8	0	8542	8690	3	151	2.17e-56	231
CFAV-Bangkok_Thailand_2015	SRA:SRR8921125.32595402.2	94.595	148	8	0	2137	2284	148	1	7.81e-56	230
CFAV-Bangkok_Thailand_2015	SRA:SRR8921125.64885676.2	94.000	150	9	0	1831	1980	150	1	2.81e-55	228
CFAV-Bangkok_Thailand_2015	SRA:SRR8921125.64880048.2	94.000	150	9	0	1831	1980	150	1	2.81e-55	228
CFAV-Bangkok_Thailand_2015	SRA:SRR8921125.44198053.2	98.438	128	2	0	937	1064	128	1	1.01e-54	226
CFAV-Bangkok_Thailand_2015	SRA:SRR8921125.12856602.2	95.683	139	6	0	657	795	139	1	3.63e-54	224
CFAV-Bangkok_Thailand_2015	SRA:SRR8921125.12856602.1	95.683	139	6	0	657	795	1	139	3.63e-54	224
CFAV-Bangkok_Thailand_2015	SRA:SRR8921125.18140531.2	98.387	124	2	0	1176	1299	124	1	1.69e-52	219
CFAV-Bangkok_Thailand_2015	SRA:SRR8921125.18140531.1	98.387	124	2	0	1176	1299	1	124	1.69e-52	219
CFAV-Bangkok_Thailand_2015	SRA:SRR8921125.34408173.1	98.374	123	2	0	3173	3295	1	123	6.08e-52	217
CFAV-Bangkok_Thailand_2015	SRA:SRR8921125.44198053.1	96.875	128	4	0	937	1064	1	128	2.19e-51	215
CFAV-Bangkok_Thailand_2015	SRA:SRR8921125.25456385.1	92.617	149	11	0	2646	2794	1	149	2.19e-51	215
CFAV-Bangkok_Thailand_2015	SRA:SRR8921125.62233264.2	96.124	129	5	0	2533	2661	129	1	2.83e-50	211
CFAV-Bangkok_Thailand_2015	SRA:SRR8921125.62233264.1	96.124	129	5	0	2533	2661	1	129	2.83e-50	211
CFAV-Bangkok_Thailand_2015	SRA:SRR8921125.64574941.2	95.385	130	6	0	885	1014	130	1	3.66e-49	207
CFAV-Bangkok_Thailand_2015	SRA:SRR8921125.64574941.1	95.385	130	6	0	885	1014	1	130	3.66e-49	207
CFAV-Bangkok_Thailand_2015	SRA:SRR8921125.28550997.1	96.721	122	4	0	1723	1844	1	122	4.73e-48	204
CFAV-Bangkok_Thailand_2015	SRA:SRR8921125.28550027.2	96.721	122	4	0	1723	1844	123	2	4.73e-48	204
CFAV-Bangkok_Thailand_2015	SRA:SRR8921125.28550027.1	96.721	122	4	0	1723	1844	1	122	4.73e-48	204
CFAV-Bangkok_Thailand_2015	SRA:SRR8921125.28550997.2	95.902	122	5	0	1723	1844	123	2	2.20e-46	198
CFAV-Bangkok_Thailand_2015	SRA:SRR8921125.15153356.2	98.230	113	2	0	1384	1496	113	1	2.20e-46	198
CFAV-Bangkok_Thailand_2015	SRA:SRR8921125.15153356.1	98.230	113	2	0	1384	1496	2	114	2.20e-46	198
CFAV-Bangkok_Thailand_2015	SRA:SRR8921125.10188892.2	90.066	151	15	0	2553	2703	151	1	7.92e-46	196
CFAV-Bangkok_Thailand_2015	SRA:SRR8921125.13442853.1	95.000	120	6	0	2715	2834	2	121	1.33e-43	189
CFAV-Bangkok_Thailand_2015	SRA:SRR8921125.13437014.2	95.000	120	6	0	2715	2834	123	4	1.33e-43	189
CFAV-Bangkok_Thailand_2015	SRA:SRR8921125.13437014.1	95.000	120	6	0	2715	2834	2	121	1.33e-43	189
CFAV-Bangkok_Thailand_2015	SRA:SRR8921125.56453184.1	95.575	113	5	0	2098	2210	1	113	2.22e-41	182
CFAV-Bangkok_Thailand_2015	SRA:SRR8921125.34918431.2	96.330	109	4	0	496	604	109	1	7.98e-41	180
CFAV-Bangkok_Thailand_2015	SRA:SRR8921125.51864875.2	98.990	99	1	0	7375	7473	1	99	2.87e-40	178
CFAV-Bangkok_Thailand_2015	SRA:SRR8921125.51864875.1	97.170	106	1	1	7375	7478	150	45	2.87e-40	178
CFAV-Bangkok_Thailand_2015	SRA:SRR8921125.21826475.1	97.170	106	1	1	7375	7478	150	45	2.87e-40	178
CFAV-Bangkok_Thailand_2015	SRA:SRR8921125.56453184.2	94.690	113	6	0	2098	2210	113	1	1.03e-39	176
CFAV-Bangkok_Thailand_2015	SRA:SRR8921125.34918431.1	95.413	109	5	0	496	604	2	110	3.71e-39	174
CFAV-Bangkok_Thailand_2015	SRA:SRR8921125.13442853.2	91.870	123	10	0	2715	2837	123	1	1.33e-38	172
CFAV-Bangkok_Thailand_2015	SRA:SRR8921125.58209707.2	93.805	113	7	0	2623	2735	116	4	4.80e-38	171
CFAV-Bangkok_Thailand_2015	SRA:SRR8921125.58209707.1	93.805	113	7	0	2623	2735	1	113	4.80e-38	171
CFAV-Bangkok_Thailand_2015	SRA:SRR8921125.15240495.1	97.938	97	2	0	383	479	1	97	1.73e-37	169
CFAV-Bangkok_Thailand_2015	SRA:SRR8921125.50941702.1	93.269	104	7	0	469	572	46	149	4.83e-33	154
CFAV-Bangkok_Thailand_2015	SRA:SRR8921125.50941702.1	100.000	50	0	0	1244	1293	2	51	1.07e-14	93.5
CFAV-Bangkok_Thailand_2015	SRA:SRR8921125.21826475.2	93.939	99	6	0	7375	7473	1	99	6.25e-32	150
CFAV-Bangkok_Thailand_2015	SRA:SRR8921125.34582970.1	97.403	77	2	0	8654	8730	149	73	2.26e-26	132
CFAV-Bangkok_Thailand_2015	SRA:SRR8921125.38007095.2	96.970	66	2	0	432	497	66	1	2.95e-20	111
CFAV-Bangkok_Thailand_2015	SRA:SRR8921125.38007095.1	96.970	66	2	0	432	497	33	98	2.95e-20	111
CFAV-Bangkok_Thailand_2015	SRA:SRR8921125.15240495.2	100.000	44	0	0	436	479	148	105	2.31e-11	82.4
CFAV-Bangkok_Thailand_2015	SRA:SRR8921125.42582809.2	97.297	37	1	0	8694	8730	1	37	8.38e-06	63.9
CFAV-Bangkok_Thailand_2015	SRA:SRR8921125.42582809.1	97.297	37	1	0	8694	8730	144	108	8.38e-06	63.9
