CFAV-Bangkok_Thailand_2015	SRA:SRR9693050.13916825.2	100.000	101	0	0	10527	10627	1	101	7.03e-44	187
CFAV-Bangkok_Thailand_2015	SRA:SRR9693050.13916825.1	100.000	101	0	0	10533	10633	101	1	7.03e-44	187
CFAV-Bangkok_Thailand_2015	SRA:SRR9693050.13604731.2	100.000	101	0	0	3592	3692	1	101	7.03e-44	187
CFAV-Bangkok_Thailand_2015	SRA:SRR9693050.11439315.1	100.000	101	0	0	10528	10628	101	1	7.03e-44	187
CFAV-Bangkok_Thailand_2015	SRA:SRR9693050.10902208.2	100.000	101	0	0	7288	7388	1	101	7.03e-44	187
CFAV-Bangkok_Thailand_2015	SRA:SRR9693050.10406871.1	100.000	101	0	0	10532	10632	101	1	7.03e-44	187
CFAV-Bangkok_Thailand_2015	SRA:SRR9693050.5061195.1	100.000	101	0	0	7340	7440	101	1	7.03e-44	187
CFAV-Bangkok_Thailand_2015	SRA:SRR9693050.1969460.2	100.000	101	0	0	7298	7398	1	101	7.03e-44	187
CFAV-Bangkok_Thailand_2015	SRA:SRR9693050.1969460.1	100.000	101	0	0	7315	7415	101	1	7.03e-44	187
CFAV-Bangkok_Thailand_2015	SRA:SRR9693050.1112008.1	100.000	101	0	0	7339	7439	101	1	7.03e-44	187
CFAV-Bangkok_Thailand_2015	SRA:SRR9693050.13305267.2	99.010	101	1	0	3705	3805	1	101	3.27e-42	182
CFAV-Bangkok_Thailand_2015	SRA:SRR9693050.11182871.2	99.010	101	1	0	3182	3282	1	101	3.27e-42	182
CFAV-Bangkok_Thailand_2015	SRA:SRR9693050.10902208.1	99.010	101	1	0	7372	7472	101	1	3.27e-42	182
CFAV-Bangkok_Thailand_2015	SRA:SRR9693050.10406871.2	99.010	101	1	0	10497	10597	1	101	3.27e-42	182
CFAV-Bangkok_Thailand_2015	SRA:SRR9693050.9576261.1	99.010	101	1	0	9111	9211	101	1	3.27e-42	182
CFAV-Bangkok_Thailand_2015	SRA:SRR9693050.8331674.2	99.010	101	1	0	3181	3281	1	101	3.27e-42	182
CFAV-Bangkok_Thailand_2015	SRA:SRR9693050.8331674.1	99.010	101	1	0	3191	3291	101	1	3.27e-42	182
CFAV-Bangkok_Thailand_2015	SRA:SRR9693050.8138384.2	99.010	101	1	0	6474	6574	1	101	3.27e-42	182
CFAV-Bangkok_Thailand_2015	SRA:SRR9693050.7576972.2	99.010	101	1	0	3182	3282	1	101	3.27e-42	182
CFAV-Bangkok_Thailand_2015	SRA:SRR9693050.6914228.1	99.010	101	1	0	3912	4012	101	1	3.27e-42	182
CFAV-Bangkok_Thailand_2015	SRA:SRR9693050.2514691.2	99.010	101	1	0	284	384	1	101	3.27e-42	182
CFAV-Bangkok_Thailand_2015	SRA:SRR9693050.2404782.2	99.010	101	1	0	3182	3282	1	101	3.27e-42	182
CFAV-Bangkok_Thailand_2015	SRA:SRR9693050.590323.1	99.010	101	1	0	6500	6600	101	1	3.27e-42	182
CFAV-Bangkok_Thailand_2015	SRA:SRR9693050.11280745.1	99.000	100	1	0	6518	6617	101	2	1.18e-41	180
CFAV-Bangkok_Thailand_2015	SRA:SRR9693050.8662197.1	99.000	100	1	0	10487	10586	101	2	1.18e-41	180
CFAV-Bangkok_Thailand_2015	SRA:SRR9693050.4005854.1	99.000	100	1	0	9092	9191	101	2	1.18e-41	180
CFAV-Bangkok_Thailand_2015	SRA:SRR9693050.2984146.1	99.000	100	1	0	5191	5290	101	2	1.18e-41	180
CFAV-Bangkok_Thailand_2015	SRA:SRR9693050.13199602.2	98.990	99	1	0	2083	2181	1	99	4.23e-41	178
CFAV-Bangkok_Thailand_2015	SRA:SRR9693050.9043232.1	98.990	99	1	0	6830	6928	101	3	4.23e-41	178
CFAV-Bangkok_Thailand_2015	SRA:SRR9693050.2189004.2	98.990	99	1	0	5620	5718	3	101	4.23e-41	178
CFAV-Bangkok_Thailand_2015	SRA:SRR9693050.2187211.2	98.990	99	1	0	5620	5718	3	101	4.23e-41	178
CFAV-Bangkok_Thailand_2015	SRA:SRR9693050.14666774.1	98.020	101	2	0	5219	5319	101	1	1.52e-40	176
CFAV-Bangkok_Thailand_2015	SRA:SRR9693050.14373179.2	98.020	101	2	0	9232	9332	1	101	1.52e-40	176
CFAV-Bangkok_Thailand_2015	SRA:SRR9693050.13951447.2	98.020	101	2	0	5214	5314	1	101	1.52e-40	176
CFAV-Bangkok_Thailand_2015	SRA:SRR9693050.13950814.2	98.020	101	2	0	5214	5314	1	101	1.52e-40	176
CFAV-Bangkok_Thailand_2015	SRA:SRR9693050.13901866.1	98.020	101	2	0	5613	5713	101	1	1.52e-40	176
CFAV-Bangkok_Thailand_2015	SRA:SRR9693050.12713571.2	98.020	101	2	0	1251	1351	1	101	1.52e-40	176
CFAV-Bangkok_Thailand_2015	SRA:SRR9693050.11358888.2	98.020	101	2	0	1558	1658	1	101	1.52e-40	176
CFAV-Bangkok_Thailand_2015	SRA:SRR9693050.11305882.1	98.020	101	2	0	1557	1657	101	1	1.52e-40	176
CFAV-Bangkok_Thailand_2015	SRA:SRR9693050.11147574.1	98.020	101	2	0	2090	2190	101	1	1.52e-40	176
CFAV-Bangkok_Thailand_2015	SRA:SRR9693050.10787738.2	98.020	101	2	0	1209	1309	1	101	1.52e-40	176
CFAV-Bangkok_Thailand_2015	SRA:SRR9693050.10451652.2	98.020	101	2	0	7073	7173	1	101	1.52e-40	176
CFAV-Bangkok_Thailand_2015	SRA:SRR9693050.10235687.1	98.020	101	2	0	4986	5086	101	1	1.52e-40	176
CFAV-Bangkok_Thailand_2015	SRA:SRR9693050.9857564.2	98.020	101	2	0	6888	6988	1	101	1.52e-40	176
CFAV-Bangkok_Thailand_2015	SRA:SRR9693050.9816283.2	98.020	101	2	0	1022	1122	1	101	1.52e-40	176
CFAV-Bangkok_Thailand_2015	SRA:SRR9693050.9392768.1	98.020	101	2	0	4447	4547	101	1	1.52e-40	176
CFAV-Bangkok_Thailand_2015	SRA:SRR9693050.8964390.1	98.020	101	2	0	1557	1657	101	1	1.52e-40	176
CFAV-Bangkok_Thailand_2015	SRA:SRR9693050.8766560.1	98.020	101	2	0	1255	1355	101	1	1.52e-40	176
CFAV-Bangkok_Thailand_2015	SRA:SRR9693050.8662197.2	98.020	101	2	0	10440	10540	1	101	1.52e-40	176
CFAV-Bangkok_Thailand_2015	SRA:SRR9693050.8138384.1	98.020	101	2	0	6643	6743	101	1	1.52e-40	176
CFAV-Bangkok_Thailand_2015	SRA:SRR9693050.8060173.1	98.020	101	2	0	5703	5803	101	1	1.52e-40	176
CFAV-Bangkok_Thailand_2015	SRA:SRR9693050.8026323.2	98.020	101	2	0	307	407	1	101	1.52e-40	176
CFAV-Bangkok_Thailand_2015	SRA:SRR9693050.7678707.2	98.020	101	2	0	4825	4925	1	101	1.52e-40	176
CFAV-Bangkok_Thailand_2015	SRA:SRR9693050.7576972.1	98.020	101	2	0	3212	3312	101	1	1.52e-40	176
CFAV-Bangkok_Thailand_2015	SRA:SRR9693050.7342672.1	98.020	101	2	0	9283	9383	101	1	1.52e-40	176
CFAV-Bangkok_Thailand_2015	SRA:SRR9693050.7073977.2	98.020	101	2	0	257	357	1	101	1.52e-40	176
CFAV-Bangkok_Thailand_2015	SRA:SRR9693050.6253028.1	98.020	101	2	0	7223	7323	101	1	1.52e-40	176
CFAV-Bangkok_Thailand_2015	SRA:SRR9693050.6174095.1	98.020	101	2	0	2220	2320	101	1	1.52e-40	176
CFAV-Bangkok_Thailand_2015	SRA:SRR9693050.5858343.2	98.020	101	2	0	1245	1345	1	101	1.52e-40	176
CFAV-Bangkok_Thailand_2015	SRA:SRR9693050.5850840.2	98.020	101	2	0	10028	10128	1	101	1.52e-40	176
CFAV-Bangkok_Thailand_2015	SRA:SRR9693050.5410127.2	98.020	101	2	0	3731	3831	1	101	1.52e-40	176
CFAV-Bangkok_Thailand_2015	SRA:SRR9693050.5320294.1	98.020	101	2	0	8122	8222	101	1	1.52e-40	176
CFAV-Bangkok_Thailand_2015	SRA:SRR9693050.5098401.2	98.020	101	2	0	5598	5698	1	101	1.52e-40	176
CFAV-Bangkok_Thailand_2015	SRA:SRR9693050.5061195.2	98.020	101	2	0	7234	7334	1	101	1.52e-40	176
CFAV-Bangkok_Thailand_2015	SRA:SRR9693050.4644539.2	98.020	101	2	0	1238	1338	1	101	1.52e-40	176
CFAV-Bangkok_Thailand_2015	SRA:SRR9693050.4448213.2	98.020	101	2	0	5161	5261	1	101	1.52e-40	176
CFAV-Bangkok_Thailand_2015	SRA:SRR9693050.4354726.1	98.020	101	2	0	7076	7176	101	1	1.52e-40	176
CFAV-Bangkok_Thailand_2015	SRA:SRR9693050.3525485.2	98.020	101	2	0	3999	4099	1	101	1.52e-40	176
CFAV-Bangkok_Thailand_2015	SRA:SRR9693050.3525485.1	98.020	101	2	0	4045	4145	101	1	1.52e-40	176
CFAV-Bangkok_Thailand_2015	SRA:SRR9693050.3478431.2	98.020	101	2	0	7584	7684	1	101	1.52e-40	176
CFAV-Bangkok_Thailand_2015	SRA:SRR9693050.3478431.1	98.980	98	1	0	7618	7715	98	1	1.52e-40	176
CFAV-Bangkok_Thailand_2015	SRA:SRR9693050.2984146.2	98.020	101	2	0	5162	5262	1	101	1.52e-40	176
CFAV-Bangkok_Thailand_2015	SRA:SRR9693050.2791339.2	98.020	101	2	0	3211	3311	1	101	1.52e-40	176
CFAV-Bangkok_Thailand_2015	SRA:SRR9693050.2791339.1	98.020	101	2	0	3212	3312	101	1	1.52e-40	176
CFAV-Bangkok_Thailand_2015	SRA:SRR9693050.2605976.2	98.020	101	2	0	1036	1136	1	101	1.52e-40	176
CFAV-Bangkok_Thailand_2015	SRA:SRR9693050.2404782.1	98.020	101	2	0	3212	3312	101	1	1.52e-40	176
CFAV-Bangkok_Thailand_2015	SRA:SRR9693050.2189004.1	98.020	101	2	0	5680	5780	101	1	1.52e-40	176
CFAV-Bangkok_Thailand_2015	SRA:SRR9693050.2187211.1	98.020	101	2	0	5680	5780	101	1	1.52e-40	176
CFAV-Bangkok_Thailand_2015	SRA:SRR9693050.1751443.2	98.020	101	2	0	271	371	1	101	1.52e-40	176
CFAV-Bangkok_Thailand_2015	SRA:SRR9693050.1288514.1	98.020	101	2	0	274	374	101	1	1.52e-40	176
CFAV-Bangkok_Thailand_2015	SRA:SRR9693050.918308.1	98.020	101	2	0	9076	9176	101	1	1.52e-40	176
CFAV-Bangkok_Thailand_2015	SRA:SRR9693050.450900.2	98.020	101	2	0	3934	4034	1	101	1.52e-40	176
CFAV-Bangkok_Thailand_2015	SRA:SRR9693050.450900.1	98.020	101	2	0	3952	4052	101	1	1.52e-40	176
CFAV-Bangkok_Thailand_2015	SRA:SRR9693050.305904.2	98.020	101	2	0	1254	1354	1	101	1.52e-40	176
CFAV-Bangkok_Thailand_2015	SRA:SRR9693050.192057.1	98.020	101	2	0	1007	1107	101	1	1.52e-40	176
CFAV-Bangkok_Thailand_2015	SRA:SRR9693050.148939.1	98.020	101	2	0	4447	4547	101	1	1.52e-40	176
CFAV-Bangkok_Thailand_2015	SRA:SRR9693050.55474.2	98.020	101	2	0	9440	9540	1	101	1.52e-40	176
CFAV-Bangkok_Thailand_2015	SRA:SRR9693050.11328803.2	98.000	100	2	0	10054	10153	1	100	5.48e-40	174
CFAV-Bangkok_Thailand_2015	SRA:SRR9693050.9392768.2	98.000	100	2	0	4438	4537	2	101	5.48e-40	174
CFAV-Bangkok_Thailand_2015	SRA:SRR9693050.8097916.1	98.000	100	2	0	7055	7154	100	1	5.48e-40	174
CFAV-Bangkok_Thailand_2015	SRA:SRR9693050.8096523.1	98.969	97	1	0	1198	1294	98	2	5.48e-40	174
CFAV-Bangkok_Thailand_2015	SRA:SRR9693050.940349.1	98.000	100	2	0	3957	4056	101	2	5.48e-40	174
CFAV-Bangkok_Thailand_2015	SRA:SRR9693050.13403199.2	97.980	99	2	0	6644	6742	1	99	1.97e-39	172
CFAV-Bangkok_Thailand_2015	SRA:SRR9693050.11182871.1	97.980	99	2	0	3220	3318	101	3	1.97e-39	172
CFAV-Bangkok_Thailand_2015	SRA:SRR9693050.10862115.2	97.980	99	2	0	5827	5925	3	101	1.97e-39	172
CFAV-Bangkok_Thailand_2015	SRA:SRR9693050.9519959.2	97.980	99	2	0	1220	1318	1	99	1.97e-39	172
CFAV-Bangkok_Thailand_2015	SRA:SRR9693050.8267864.2	97.980	99	2	0	1050	1148	1	99	1.97e-39	172
CFAV-Bangkok_Thailand_2015	SRA:SRR9693050.8098676.2	97.980	99	2	0	4438	4536	3	101	1.97e-39	172
CFAV-Bangkok_Thailand_2015	SRA:SRR9693050.6746237.2	97.980	99	2	0	2207	2305	3	101	1.97e-39	172
CFAV-Bangkok_Thailand_2015	SRA:SRR9693050.3268084.1	97.980	99	2	0	8137	8235	99	1	1.97e-39	172
CFAV-Bangkok_Thailand_2015	SRA:SRR9693050.1268548.1	97.980	99	2	0	8137	8235	99	1	1.97e-39	172
CFAV-Bangkok_Thailand_2015	SRA:SRR9693050.1184733.1	97.980	99	2	0	4399	4497	99	1	1.97e-39	172
CFAV-Bangkok_Thailand_2015	SRA:SRR9693050.918308.2	97.980	99	2	0	9043	9141	3	101	1.97e-39	172
CFAV-Bangkok_Thailand_2015	SRA:SRR9693050.847090.2	97.980	99	2	0	5827	5925	3	101	1.97e-39	172
CFAV-Bangkok_Thailand_2015	SRA:SRR9693050.14793579.2	97.030	101	3	0	3587	3687	101	1	7.08e-39	171
CFAV-Bangkok_Thailand_2015	SRA:SRR9693050.14666774.2	97.030	101	3	0	5009	5109	1	101	7.08e-39	171
CFAV-Bangkok_Thailand_2015	SRA:SRR9693050.14391278.2	97.030	101	3	0	9399	9499	1	101	7.08e-39	171
CFAV-Bangkok_Thailand_2015	SRA:SRR9693050.14299752.2	97.030	101	3	0	3053	3153	1	101	7.08e-39	171
CFAV-Bangkok_Thailand_2015	SRA:SRR9693050.14122734.1	97.030	101	3	0	802	902	101	1	7.08e-39	171
CFAV-Bangkok_Thailand_2015	SRA:SRR9693050.13991342.1	97.030	101	3	0	7144	7244	101	1	7.08e-39	171
CFAV-Bangkok_Thailand_2015	SRA:SRR9693050.13901866.2	97.030	101	3	0	5592	5692	1	101	7.08e-39	171
CFAV-Bangkok_Thailand_2015	SRA:SRR9693050.13679090.1	97.030	101	3	0	2047	2147	101	1	7.08e-39	171
CFAV-Bangkok_Thailand_2015	SRA:SRR9693050.13604731.1	97.030	101	3	0	3785	3885	101	1	7.08e-39	171
CFAV-Bangkok_Thailand_2015	SRA:SRR9693050.13604449.2	97.030	101	3	0	7420	7520	1	101	7.08e-39	171
CFAV-Bangkok_Thailand_2015	SRA:SRR9693050.13305267.1	97.030	101	3	0	3816	3916	101	1	7.08e-39	171
CFAV-Bangkok_Thailand_2015	SRA:SRR9693050.13199602.1	97.030	101	3	0	2158	2258	101	1	7.08e-39	171
CFAV-Bangkok_Thailand_2015	SRA:SRR9693050.12831691.1	97.030	101	3	0	3189	3289	101	1	7.08e-39	171
CFAV-Bangkok_Thailand_2015	SRA:SRR9693050.12714205.1	97.030	101	3	0	9345	9445	101	1	7.08e-39	171
CFAV-Bangkok_Thailand_2015	SRA:SRR9693050.12367313.2	97.030	101	3	0	2375	2475	1	101	7.08e-39	171
CFAV-Bangkok_Thailand_2015	SRA:SRR9693050.12218945.1	97.030	101	3	0	8609	8709	101	1	7.08e-39	171
CFAV-Bangkok_Thailand_2015	SRA:SRR9693050.12137617.2	97.030	101	3	0	3052	3152	1	101	7.08e-39	171
CFAV-Bangkok_Thailand_2015	SRA:SRR9693050.11597360.2	97.030	101	3	0	9422	9522	1	101	7.08e-39	171
CFAV-Bangkok_Thailand_2015	SRA:SRR9693050.11522648.2	97.030	101	3	0	8913	9013	1	101	7.08e-39	171
CFAV-Bangkok_Thailand_2015	SRA:SRR9693050.11439315.2	97.030	101	3	0	10370	10470	1	101	7.08e-39	171
CFAV-Bangkok_Thailand_2015	SRA:SRR9693050.11311216.2	97.030	101	3	0	6044	6144	1	101	7.08e-39	171
CFAV-Bangkok_Thailand_2015	SRA:SRR9693050.11305882.2	97.030	101	3	0	1520	1620	1	101	7.08e-39	171
CFAV-Bangkok_Thailand_2015	SRA:SRR9693050.11285833.2	97.030	101	3	0	3059	3159	1	101	7.08e-39	171
CFAV-Bangkok_Thailand_2015	SRA:SRR9693050.11147574.2	97.030	101	3	0	2025	2125	1	101	7.08e-39	171
CFAV-Bangkok_Thailand_2015	SRA:SRR9693050.10929037.1	97.030	101	3	0	4665	4765	101	1	7.08e-39	171
CFAV-Bangkok_Thailand_2015	SRA:SRR9693050.10862812.1	97.030	101	3	0	8921	9021	101	1	7.08e-39	171
CFAV-Bangkok_Thailand_2015	SRA:SRR9693050.10861813.1	97.030	101	3	0	8921	9021	101	1	7.08e-39	171
CFAV-Bangkok_Thailand_2015	SRA:SRR9693050.10716321.2	97.030	101	3	0	2025	2125	1	101	7.08e-39	171
CFAV-Bangkok_Thailand_2015	SRA:SRR9693050.10716321.1	97.030	101	3	0	2090	2190	101	1	7.08e-39	171
CFAV-Bangkok_Thailand_2015	SRA:SRR9693050.10600878.1	97.030	101	3	0	6030	6130	101	1	7.08e-39	171
CFAV-Bangkok_Thailand_2015	SRA:SRR9693050.10451652.1	97.030	101	3	0	7217	7317	101	1	7.08e-39	171
CFAV-Bangkok_Thailand_2015	SRA:SRR9693050.10144706.1	97.030	101	3	0	5225	5325	101	1	7.08e-39	171
CFAV-Bangkok_Thailand_2015	SRA:SRR9693050.9969113.2	97.030	101	3	0	1558	1658	1	101	7.08e-39	171
CFAV-Bangkok_Thailand_2015	SRA:SRR9693050.9907986.1	97.030	101	3	0	7216	7316	101	1	7.08e-39	171
CFAV-Bangkok_Thailand_2015	SRA:SRR9693050.9857564.1	97.030	101	3	0	7147	7247	101	1	7.08e-39	171
CFAV-Bangkok_Thailand_2015	SRA:SRR9693050.9576261.2	97.030	101	3	0	9001	9101	1	101	7.08e-39	171
CFAV-Bangkok_Thailand_2015	SRA:SRR9693050.9519959.1	97.959	98	2	0	1220	1317	98	1	7.08e-39	171
CFAV-Bangkok_Thailand_2015	SRA:SRR9693050.9431127.1	97.030	101	3	0	6028	6128	101	1	7.08e-39	171
CFAV-Bangkok_Thailand_2015	SRA:SRR9693050.9352373.2	97.030	101	3	0	5790	5890	1	101	7.08e-39	171
CFAV-Bangkok_Thailand_2015	SRA:SRR9693050.9352373.1	97.030	101	3	0	5793	5893	101	1	7.08e-39	171
CFAV-Bangkok_Thailand_2015	SRA:SRR9693050.9183429.1	97.030	101	3	0	8622	8722	101	1	7.08e-39	171
CFAV-Bangkok_Thailand_2015	SRA:SRR9693050.8766560.2	97.030	101	3	0	992	1092	1	101	7.08e-39	171
CFAV-Bangkok_Thailand_2015	SRA:SRR9693050.8267864.1	97.030	101	3	0	1261	1361	101	1	7.08e-39	171
CFAV-Bangkok_Thailand_2015	SRA:SRR9693050.8060173.2	97.030	101	3	0	5636	5736	1	101	7.08e-39	171
CFAV-Bangkok_Thailand_2015	SRA:SRR9693050.8049175.1	97.030	101	3	0	7050	7150	101	1	7.08e-39	171
CFAV-Bangkok_Thailand_2015	SRA:SRR9693050.7998932.2	97.030	101	3	0	304	404	1	101	7.08e-39	171
CFAV-Bangkok_Thailand_2015	SRA:SRR9693050.7342672.2	97.030	101	3	0	9195	9295	1	101	7.08e-39	171
CFAV-Bangkok_Thailand_2015	SRA:SRR9693050.7114305.2	97.030	101	3	0	2527	2627	1	101	7.08e-39	171
CFAV-Bangkok_Thailand_2015	SRA:SRR9693050.7077858.2	97.030	101	3	0	4070	4170	1	101	7.08e-39	171
CFAV-Bangkok_Thailand_2015	SRA:SRR9693050.7077737.2	97.030	101	3	0	4070	4170	1	101	7.08e-39	171
CFAV-Bangkok_Thailand_2015	SRA:SRR9693050.7038231.2	97.030	101	3	0	9357	9457	1	101	7.08e-39	171
CFAV-Bangkok_Thailand_2015	SRA:SRR9693050.6836040.1	97.030	101	3	0	7050	7150	101	1	7.08e-39	171
CFAV-Bangkok_Thailand_2015	SRA:SRR9693050.6781850.1	97.030	101	3	0	7048	7148	101	1	7.08e-39	171
CFAV-Bangkok_Thailand_2015	SRA:SRR9693050.6765535.1	97.030	101	3	0	9153	9253	101	1	7.08e-39	171
CFAV-Bangkok_Thailand_2015	SRA:SRR9693050.6712418.2	97.030	101	3	0	506	606	1	101	7.08e-39	171
CFAV-Bangkok_Thailand_2015	SRA:SRR9693050.6365120.2	97.030	101	3	0	8913	9013	1	101	7.08e-39	171
CFAV-Bangkok_Thailand_2015	SRA:SRR9693050.6174095.2	97.030	101	3	0	2187	2287	1	101	7.08e-39	171
CFAV-Bangkok_Thailand_2015	SRA:SRR9693050.6146705.2	97.030	101	3	0	5795	5895	1	101	7.08e-39	171
CFAV-Bangkok_Thailand_2015	SRA:SRR9693050.5896860.2	97.030	101	3	0	6044	6144	1	101	7.08e-39	171
CFAV-Bangkok_Thailand_2015	SRA:SRR9693050.5896860.1	97.030	101	3	0	6151	6251	101	1	7.08e-39	171
CFAV-Bangkok_Thailand_2015	SRA:SRR9693050.5410127.1	97.030	101	3	0	3809	3909	101	1	7.08e-39	171
CFAV-Bangkok_Thailand_2015	SRA:SRR9693050.5402325.2	97.030	101	3	0	6127	6227	1	101	7.08e-39	171
CFAV-Bangkok_Thailand_2015	SRA:SRR9693050.5402325.1	97.030	101	3	0	6177	6277	101	1	7.08e-39	171
CFAV-Bangkok_Thailand_2015	SRA:SRR9693050.5098401.1	97.030	101	3	0	5652	5752	101	1	7.08e-39	171
CFAV-Bangkok_Thailand_2015	SRA:SRR9693050.5075550.1	97.030	101	3	0	6028	6128	101	1	7.08e-39	171
CFAV-Bangkok_Thailand_2015	SRA:SRR9693050.4687871.1	97.030	101	3	0	6409	6509	101	1	7.08e-39	171
CFAV-Bangkok_Thailand_2015	SRA:SRR9693050.4489658.2	97.030	101	3	0	1190	1290	1	101	7.08e-39	171
CFAV-Bangkok_Thailand_2015	SRA:SRR9693050.4489658.1	97.030	101	3	0	1194	1294	101	1	7.08e-39	171
CFAV-Bangkok_Thailand_2015	SRA:SRR9693050.4395866.2	97.030	101	3	0	3173	3273	1	101	7.08e-39	171
CFAV-Bangkok_Thailand_2015	SRA:SRR9693050.4395866.1	97.030	101	3	0	3191	3291	101	1	7.08e-39	171
CFAV-Bangkok_Thailand_2015	SRA:SRR9693050.3851223.1	97.030	101	3	0	3447	3547	101	1	7.08e-39	171
CFAV-Bangkok_Thailand_2015	SRA:SRR9693050.3569127.1	97.030	101	3	0	6030	6130	101	1	7.08e-39	171
CFAV-Bangkok_Thailand_2015	SRA:SRR9693050.3125223.2	97.030	101	3	0	10315	10415	1	101	7.08e-39	171
CFAV-Bangkok_Thailand_2015	SRA:SRR9693050.3125223.1	97.030	101	3	0	10413	10513	101	1	7.08e-39	171
CFAV-Bangkok_Thailand_2015	SRA:SRR9693050.2951938.1	97.030	101	3	0	3151	3251	101	1	7.08e-39	171
CFAV-Bangkok_Thailand_2015	SRA:SRR9693050.2447069.2	97.030	101	3	0	8978	9078	1	101	7.08e-39	171
CFAV-Bangkok_Thailand_2015	SRA:SRR9693050.2447069.1	97.030	101	3	0	9027	9127	101	1	7.08e-39	171
CFAV-Bangkok_Thailand_2015	SRA:SRR9693050.1716257.2	97.030	101	3	0	3703	3803	1	101	7.08e-39	171
CFAV-Bangkok_Thailand_2015	SRA:SRR9693050.1716257.1	97.030	101	3	0	3737	3837	101	1	7.08e-39	171
CFAV-Bangkok_Thailand_2015	SRA:SRR9693050.1184733.2	97.030	101	3	0	4336	4436	1	101	7.08e-39	171
CFAV-Bangkok_Thailand_2015	SRA:SRR9693050.1112008.2	97.030	101	3	0	7207	7307	1	101	7.08e-39	171
CFAV-Bangkok_Thailand_2015	SRA:SRR9693050.1063010.1	97.030	101	3	0	5542	5642	101	1	7.08e-39	171
CFAV-Bangkok_Thailand_2015	SRA:SRR9693050.940349.2	97.030	101	3	0	3808	3908	1	101	7.08e-39	171
CFAV-Bangkok_Thailand_2015	SRA:SRR9693050.847090.1	97.030	101	3	0	5858	5958	101	1	7.08e-39	171
CFAV-Bangkok_Thailand_2015	SRA:SRR9693050.829539.2	97.030	101	3	0	3794	3894	101	1	7.08e-39	171
CFAV-Bangkok_Thailand_2015	SRA:SRR9693050.305904.1	97.030	101	3	0	1261	1361	101	1	7.08e-39	171
CFAV-Bangkok_Thailand_2015	SRA:SRR9693050.223039.1	97.030	101	3	0	2063	2163	101	1	7.08e-39	171
CFAV-Bangkok_Thailand_2015	SRA:SRR9693050.90403.2	97.030	101	3	0	2291	2391	1	101	7.08e-39	171
CFAV-Bangkok_Thailand_2015	SRA:SRR9693050.14431444.2	97.000	100	3	0	517	616	1	100	2.55e-38	169
CFAV-Bangkok_Thailand_2015	SRA:SRR9693050.11629097.1	97.000	100	3	0	7107	7206	101	2	2.55e-38	169
CFAV-Bangkok_Thailand_2015	SRA:SRR9693050.10781483.2	97.000	100	3	0	8680	8779	2	101	2.55e-38	169
CFAV-Bangkok_Thailand_2015	SRA:SRR9693050.10686612.1	97.938	97	2	0	8383	8479	98	2	2.55e-38	169
CFAV-Bangkok_Thailand_2015	SRA:SRR9693050.9649301.1	97.000	100	3	0	5225	5324	101	2	2.55e-38	169
CFAV-Bangkok_Thailand_2015	SRA:SRR9693050.6146705.1	97.000	100	3	0	5840	5939	101	2	2.55e-38	169
CFAV-Bangkok_Thailand_2015	SRA:SRR9693050.5225914.2	97.000	100	3	0	9340	9439	2	101	2.55e-38	169
CFAV-Bangkok_Thailand_2015	SRA:SRR9693050.4765574.2	97.000	100	3	0	802	901	2	101	2.55e-38	169
CFAV-Bangkok_Thailand_2015	SRA:SRR9693050.4687871.2	97.000	100	3	0	6353	6452	1	100	2.55e-38	169
CFAV-Bangkok_Thailand_2015	SRA:SRR9693050.13604449.1	96.970	99	3	0	7422	7520	101	3	9.16e-38	167
CFAV-Bangkok_Thailand_2015	SRA:SRR9693050.9110349.1	96.970	99	3	0	10351	10449	101	3	9.16e-38	167
CFAV-Bangkok_Thailand_2015	SRA:SRR9693050.4964446.1	96.970	99	3	0	657	755	101	3	9.16e-38	167
CFAV-Bangkok_Thailand_2015	SRA:SRR9693050.4617181.2	96.970	99	3	0	1038	1136	1	99	9.16e-38	167
CFAV-Bangkok_Thailand_2015	SRA:SRR9693050.3939901.2	96.970	99	3	0	8299	8397	3	101	9.16e-38	167
CFAV-Bangkok_Thailand_2015	SRA:SRR9693050.2747934.2	96.970	99	3	0	9340	9438	3	101	9.16e-38	167
CFAV-Bangkok_Thailand_2015	SRA:SRR9693050.223039.2	96.970	99	3	0	2061	2159	3	101	9.16e-38	167
CFAV-Bangkok_Thailand_2015	SRA:SRR9693050.90403.1	96.970	99	3	0	2323	2421	99	1	9.16e-38	167
CFAV-Bangkok_Thailand_2015	SRA:SRR9693050.14513755.2	96.040	101	4	0	3393	3493	1	101	3.30e-37	165
CFAV-Bangkok_Thailand_2015	SRA:SRR9693050.14431444.1	96.040	101	4	0	569	669	101	1	3.30e-37	165
CFAV-Bangkok_Thailand_2015	SRA:SRR9693050.14375768.2	96.040	101	4	0	9873	9973	1	101	3.30e-37	165
CFAV-Bangkok_Thailand_2015	SRA:SRR9693050.14375768.1	96.040	101	4	0	9896	9996	101	1	3.30e-37	165
CFAV-Bangkok_Thailand_2015	SRA:SRR9693050.14373179.1	96.040	101	4	0	9333	9433	101	1	3.30e-37	165
CFAV-Bangkok_Thailand_2015	SRA:SRR9693050.14235073.1	96.040	101	4	0	5003	5103	101	1	3.30e-37	165
CFAV-Bangkok_Thailand_2015	SRA:SRR9693050.14231921.1	96.040	101	4	0	5003	5103	101	1	3.30e-37	165
CFAV-Bangkok_Thailand_2015	SRA:SRR9693050.14136109.2	96.040	101	4	0	9356	9456	1	101	3.30e-37	165
CFAV-Bangkok_Thailand_2015	SRA:SRR9693050.12714205.2	97.895	95	2	0	9223	9317	7	101	3.30e-37	165
CFAV-Bangkok_Thailand_2015	SRA:SRR9693050.12577188.1	96.040	101	4	0	4785	4885	101	1	3.30e-37	165
CFAV-Bangkok_Thailand_2015	SRA:SRR9693050.12367313.1	96.040	101	4	0	2444	2544	101	1	3.30e-37	165
CFAV-Bangkok_Thailand_2015	SRA:SRR9693050.12137617.1	96.040	101	4	0	3072	3172	101	1	3.30e-37	165
CFAV-Bangkok_Thailand_2015	SRA:SRR9693050.11661605.1	96.040	101	4	0	2391	2491	101	1	3.30e-37	165
CFAV-Bangkok_Thailand_2015	SRA:SRR9693050.11522648.1	96.040	101	4	0	8957	9057	101	1	3.30e-37	165
CFAV-Bangkok_Thailand_2015	SRA:SRR9693050.11328803.1	96.040	101	4	0	10113	10213	101	1	3.30e-37	165
CFAV-Bangkok_Thailand_2015	SRA:SRR9693050.11311216.1	96.040	101	4	0	6117	6217	101	1	3.30e-37	165
CFAV-Bangkok_Thailand_2015	SRA:SRR9693050.11280745.2	96.040	101	4	0	6402	6502	1	101	3.30e-37	165
CFAV-Bangkok_Thailand_2015	SRA:SRR9693050.10686612.2	96.040	101	4	0	8327	8427	1	101	3.30e-37	165
CFAV-Bangkok_Thailand_2015	SRA:SRR9693050.10600878.2	96.040	101	4	0	6001	6101	1	101	3.30e-37	165
CFAV-Bangkok_Thailand_2015	SRA:SRR9693050.10336647.2	96.040	101	4	0	8656	8756	1	101	3.30e-37	165
CFAV-Bangkok_Thailand_2015	SRA:SRR9693050.10301162.2	96.040	101	4	0	510	610	1	101	3.30e-37	165
CFAV-Bangkok_Thailand_2015	SRA:SRR9693050.10083869.2	96.040	101	4	0	10316	10416	1	101	3.30e-37	165
CFAV-Bangkok_Thailand_2015	SRA:SRR9693050.9431127.2	96.040	101	4	0	6012	6112	1	101	3.30e-37	165
CFAV-Bangkok_Thailand_2015	SRA:SRR9693050.9043232.2	96.040	101	4	0	6806	6906	1	101	3.30e-37	165
CFAV-Bangkok_Thailand_2015	SRA:SRR9693050.8837956.1	96.040	101	4	0	8669	8769	101	1	3.30e-37	165
CFAV-Bangkok_Thailand_2015	SRA:SRR9693050.8836044.1	96.040	101	4	0	8669	8769	101	1	3.30e-37	165
CFAV-Bangkok_Thailand_2015	SRA:SRR9693050.8593752.2	96.040	101	4	0	1851	1951	1	101	3.30e-37	165
CFAV-Bangkok_Thailand_2015	SRA:SRR9693050.8518554.2	96.040	101	4	0	8385	8485	1	101	3.30e-37	165
CFAV-Bangkok_Thailand_2015	SRA:SRR9693050.8464914.2	96.040	101	4	0	2397	2497	1	101	3.30e-37	165
CFAV-Bangkok_Thailand_2015	SRA:SRR9693050.7992493.1	96.040	101	4	0	1281	1381	101	1	3.30e-37	165
CFAV-Bangkok_Thailand_2015	SRA:SRR9693050.7038231.1	96.040	101	4	0	9374	9474	101	1	3.30e-37	165
CFAV-Bangkok_Thailand_2015	SRA:SRR9693050.7025791.1	96.040	101	4	0	9872	9972	101	1	3.30e-37	165
CFAV-Bangkok_Thailand_2015	SRA:SRR9693050.6765535.2	96.040	101	4	0	9016	9116	1	101	3.30e-37	165
CFAV-Bangkok_Thailand_2015	SRA:SRR9693050.6746237.1	96.040	101	4	0	2319	2419	101	1	3.30e-37	165
CFAV-Bangkok_Thailand_2015	SRA:SRR9693050.6712418.1	96.040	101	4	0	544	644	101	1	3.30e-37	165
CFAV-Bangkok_Thailand_2015	SRA:SRR9693050.6441979.2	96.040	101	4	0	2807	2907	1	101	3.30e-37	165
CFAV-Bangkok_Thailand_2015	SRA:SRR9693050.6365120.1	96.040	101	4	0	8957	9057	101	1	3.30e-37	165
CFAV-Bangkok_Thailand_2015	SRA:SRR9693050.5850840.1	96.040	101	4	0	10115	10215	101	1	3.30e-37	165
CFAV-Bangkok_Thailand_2015	SRA:SRR9693050.5815118.1	96.040	101	4	0	9893	9993	101	1	3.30e-37	165
CFAV-Bangkok_Thailand_2015	SRA:SRR9693050.5734093.1	96.040	101	4	0	544	644	101	1	3.30e-37	165
CFAV-Bangkok_Thailand_2015	SRA:SRR9693050.5708407.2	96.040	101	4	0	1270	1370	1	101	3.30e-37	165
CFAV-Bangkok_Thailand_2015	SRA:SRR9693050.5517588.1	96.040	101	4	0	668	768	101	1	3.30e-37	165
CFAV-Bangkok_Thailand_2015	SRA:SRR9693050.5075550.2	96.040	101	4	0	6012	6112	1	101	3.30e-37	165
CFAV-Bangkok_Thailand_2015	SRA:SRR9693050.4964446.2	96.040	101	4	0	619	719	1	101	3.30e-37	165
CFAV-Bangkok_Thailand_2015	SRA:SRR9693050.4905541.1	96.040	101	4	0	5002	5102	101	1	3.30e-37	165
CFAV-Bangkok_Thailand_2015	SRA:SRR9693050.4836628.2	96.040	101	4	0	6003	6103	1	101	3.30e-37	165
CFAV-Bangkok_Thailand_2015	SRA:SRR9693050.4836628.1	96.040	101	4	0	6030	6130	101	1	3.30e-37	165
CFAV-Bangkok_Thailand_2015	SRA:SRR9693050.4775945.1	96.040	101	4	0	2805	2905	101	1	3.30e-37	165
CFAV-Bangkok_Thailand_2015	SRA:SRR9693050.4255408.2	96.040	101	4	0	2773	2873	1	101	3.30e-37	165
CFAV-Bangkok_Thailand_2015	SRA:SRR9693050.4048817.1	96.040	101	4	0	8317	8417	101	1	3.30e-37	165
CFAV-Bangkok_Thailand_2015	SRA:SRR9693050.4005854.2	96.040	101	4	0	8951	9051	1	101	3.30e-37	165
CFAV-Bangkok_Thailand_2015	SRA:SRR9693050.3950337.1	96.040	101	4	0	2798	2898	101	1	3.30e-37	165
CFAV-Bangkok_Thailand_2015	SRA:SRR9693050.3939901.1	96.040	101	4	0	8324	8424	101	1	3.30e-37	165
CFAV-Bangkok_Thailand_2015	SRA:SRR9693050.3912692.1	96.040	101	4	0	815	915	101	1	3.30e-37	165
CFAV-Bangkok_Thailand_2015	SRA:SRR9693050.3851223.2	96.040	101	4	0	3389	3489	1	101	3.30e-37	165
CFAV-Bangkok_Thailand_2015	SRA:SRR9693050.3785737.2	96.040	101	4	0	3053	3153	1	101	3.30e-37	165
CFAV-Bangkok_Thailand_2015	SRA:SRR9693050.3591553.2	96.040	101	4	0	3318	3418	1	101	3.30e-37	165
CFAV-Bangkok_Thailand_2015	SRA:SRR9693050.3529145.1	96.040	101	4	0	1896	1996	101	1	3.30e-37	165
CFAV-Bangkok_Thailand_2015	SRA:SRR9693050.3318934.2	96.040	101	4	0	814	914	1	101	3.30e-37	165
CFAV-Bangkok_Thailand_2015	SRA:SRR9693050.3071791.2	96.040	101	4	0	6899	6999	1	101	3.30e-37	165
CFAV-Bangkok_Thailand_2015	SRA:SRR9693050.2951938.2	96.040	101	4	0	3133	3233	1	101	3.30e-37	165
CFAV-Bangkok_Thailand_2015	SRA:SRR9693050.2823096.2	96.040	101	4	0	3386	3486	1	101	3.30e-37	165
CFAV-Bangkok_Thailand_2015	SRA:SRR9693050.2823096.1	96.040	101	4	0	3391	3491	101	1	3.30e-37	165
CFAV-Bangkok_Thailand_2015	SRA:SRR9693050.1888457.2	96.040	101	4	0	10099	10199	1	101	3.30e-37	165
CFAV-Bangkok_Thailand_2015	SRA:SRR9693050.1429928.1	96.040	101	4	0	4621	4721	101	1	3.30e-37	165
CFAV-Bangkok_Thailand_2015	SRA:SRR9693050.829539.1	96.040	101	4	0	3755	3855	1	101	3.30e-37	165
CFAV-Bangkok_Thailand_2015	SRA:SRR9693050.471884.1	96.040	101	4	0	4999	5099	101	1	3.30e-37	165
CFAV-Bangkok_Thailand_2015	SRA:SRR9693050.308196.1	96.040	101	4	0	4344	4444	101	1	3.30e-37	165
CFAV-Bangkok_Thailand_2015	SRA:SRR9693050.55474.1	96.040	101	4	0	9488	9588	101	1	3.30e-37	165
CFAV-Bangkok_Thailand_2015	SRA:SRR9693050.15508.2	96.040	101	4	0	1871	1971	1	101	3.30e-37	165
CFAV-Bangkok_Thailand_2015	SRA:SRR9693050.14235073.2	96.907	97	3	0	4982	5078	5	101	1.19e-36	163
CFAV-Bangkok_Thailand_2015	SRA:SRR9693050.14231921.2	96.907	97	3	0	4982	5078	5	101	1.19e-36	163
CFAV-Bangkok_Thailand_2015	SRA:SRR9693050.14136109.1	96.907	97	3	0	9397	9493	98	2	1.19e-36	163
CFAV-Bangkok_Thailand_2015	SRA:SRR9693050.10083869.1	96.000	100	4	0	10330	10429	100	1	1.19e-36	163
CFAV-Bangkok_Thailand_2015	SRA:SRR9693050.8247481.2	96.000	100	4	0	5973	6072	2	101	1.19e-36	163
CFAV-Bangkok_Thailand_2015	SRA:SRR9693050.8247481.1	96.000	100	4	0	6009	6108	101	2	1.19e-36	163
CFAV-Bangkok_Thailand_2015	SRA:SRR9693050.7882933.1	96.000	100	4	0	3104	3203	101	2	1.19e-36	163
CFAV-Bangkok_Thailand_2015	SRA:SRR9693050.7114305.1	96.000	100	4	0	2589	2688	101	2	1.19e-36	163
CFAV-Bangkok_Thailand_2015	SRA:SRR9693050.7073977.1	96.000	100	4	0	338	437	101	2	1.19e-36	163
CFAV-Bangkok_Thailand_2015	SRA:SRR9693050.6032427.1	96.907	97	3	0	6910	7006	101	5	1.19e-36	163
CFAV-Bangkok_Thailand_2015	SRA:SRR9693050.5815118.2	96.000	100	4	0	9863	9962	1	100	1.19e-36	163
CFAV-Bangkok_Thailand_2015	SRA:SRR9693050.3785737.1	96.000	100	4	0	3077	3176	101	2	1.19e-36	163
CFAV-Bangkok_Thailand_2015	SRA:SRR9693050.3569127.2	96.000	100	4	0	6001	6100	2	101	1.19e-36	163
CFAV-Bangkok_Thailand_2015	SRA:SRR9693050.3405135.1	96.000	100	4	0	2800	2899	101	2	1.19e-36	163
CFAV-Bangkok_Thailand_2015	SRA:SRR9693050.2782853.2	96.000	100	4	0	6652	6751	2	101	1.19e-36	163
CFAV-Bangkok_Thailand_2015	SRA:SRR9693050.2649113.2	96.000	100	4	0	695	794	1	100	1.19e-36	163
CFAV-Bangkok_Thailand_2015	SRA:SRR9693050.14335503.1	95.960	99	4	0	5055	5153	101	3	4.26e-36	161
CFAV-Bangkok_Thailand_2015	SRA:SRR9693050.12624124.2	95.960	99	4	0	10142	10240	1	99	4.26e-36	161
CFAV-Bangkok_Thailand_2015	SRA:SRR9693050.11992963.1	95.960	99	4	0	2402	2500	101	3	4.26e-36	161
CFAV-Bangkok_Thailand_2015	SRA:SRR9693050.10790395.2	96.000	100	3	1	8925	9024	1	99	4.26e-36	161
CFAV-Bangkok_Thailand_2015	SRA:SRR9693050.6676488.1	95.960	99	4	0	4375	4473	101	3	4.26e-36	161
CFAV-Bangkok_Thailand_2015	SRA:SRR9693050.5734093.2	95.960	99	4	0	424	522	3	101	4.26e-36	161
CFAV-Bangkok_Thailand_2015	SRA:SRR9693050.95304.1	96.875	96	3	0	3789	3884	96	1	4.26e-36	161
CFAV-Bangkok_Thailand_2015	SRA:SRR9693050.14257790.2	95.050	101	5	0	10180	10280	1	101	1.53e-35	159
CFAV-Bangkok_Thailand_2015	SRA:SRR9693050.14257790.1	95.050	101	5	0	10197	10297	101	1	1.53e-35	159
CFAV-Bangkok_Thailand_2015	SRA:SRR9693050.13838971.1	95.050	101	5	0	8853	8953	101	1	1.53e-35	159
CFAV-Bangkok_Thailand_2015	SRA:SRR9693050.12789025.2	95.050	101	5	0	859	959	1	101	1.53e-35	159
CFAV-Bangkok_Thailand_2015	SRA:SRR9693050.12713571.1	95.050	101	5	0	1287	1387	101	1	1.53e-35	159
CFAV-Bangkok_Thailand_2015	SRA:SRR9693050.12577188.2	95.050	101	5	0	4762	4862	1	101	1.53e-35	159
CFAV-Bangkok_Thailand_2015	SRA:SRR9693050.11723085.2	95.050	101	5	0	6268	6368	1	101	1.53e-35	159
CFAV-Bangkok_Thailand_2015	SRA:SRR9693050.11661605.2	95.050	101	5	0	2339	2439	1	101	1.53e-35	159
CFAV-Bangkok_Thailand_2015	SRA:SRR9693050.11629097.2	95.050	101	5	0	7037	7137	1	101	1.53e-35	159
CFAV-Bangkok_Thailand_2015	SRA:SRR9693050.10900555.1	95.050	101	5	0	444	544	101	1	1.53e-35	159
CFAV-Bangkok_Thailand_2015	SRA:SRR9693050.10297513.1	95.918	98	4	0	3394	3491	98	1	1.53e-35	159
CFAV-Bangkok_Thailand_2015	SRA:SRR9693050.10144706.2	95.050	101	5	0	5121	5221	1	101	1.53e-35	159
CFAV-Bangkok_Thailand_2015	SRA:SRR9693050.9907986.2	95.050	101	5	0	7158	7258	1	101	1.53e-35	159
CFAV-Bangkok_Thailand_2015	SRA:SRR9693050.9110349.2	95.050	101	5	0	10195	10295	1	101	1.53e-35	159
CFAV-Bangkok_Thailand_2015	SRA:SRR9693050.9043551.2	95.050	101	5	0	2538	2638	1	101	1.53e-35	159
CFAV-Bangkok_Thailand_2015	SRA:SRR9693050.8837956.2	95.918	98	4	0	8653	8750	1	98	1.53e-35	159
CFAV-Bangkok_Thailand_2015	SRA:SRR9693050.8836044.2	95.918	98	4	0	8653	8750	1	98	1.53e-35	159
CFAV-Bangkok_Thailand_2015	SRA:SRR9693050.8464914.1	95.050	101	5	0	2420	2520	101	1	1.53e-35	159
CFAV-Bangkok_Thailand_2015	SRA:SRR9693050.8257679.2	95.050	101	5	0	9323	9423	1	101	1.53e-35	159
CFAV-Bangkok_Thailand_2015	SRA:SRR9693050.8257679.1	95.918	98	4	0	9484	9581	98	1	1.53e-35	159
CFAV-Bangkok_Thailand_2015	SRA:SRR9693050.8098676.1	95.050	101	5	0	4584	4684	101	1	1.53e-35	159
CFAV-Bangkok_Thailand_2015	SRA:SRR9693050.8049175.2	95.050	101	5	0	7034	7134	1	101	1.53e-35	159
CFAV-Bangkok_Thailand_2015	SRA:SRR9693050.8026323.1	95.050	101	5	0	348	448	101	1	1.53e-35	159
CFAV-Bangkok_Thailand_2015	SRA:SRR9693050.7998932.1	95.050	101	5	0	340	440	101	1	1.53e-35	159
CFAV-Bangkok_Thailand_2015	SRA:SRR9693050.7946417.2	95.050	101	5	0	415	515	1	101	1.53e-35	159
CFAV-Bangkok_Thailand_2015	SRA:SRR9693050.7946417.1	95.050	101	5	0	483	583	101	1	1.53e-35	159
CFAV-Bangkok_Thailand_2015	SRA:SRR9693050.7025791.2	95.050	101	5	0	9837	9937	1	101	1.53e-35	159
CFAV-Bangkok_Thailand_2015	SRA:SRR9693050.6949992.2	95.050	101	5	0	840	940	1	101	1.53e-35	159
CFAV-Bangkok_Thailand_2015	SRA:SRR9693050.6836040.2	95.050	101	5	0	7034	7134	1	101	1.53e-35	159
CFAV-Bangkok_Thailand_2015	SRA:SRR9693050.5858343.1	95.050	101	5	0	1289	1389	101	1	1.53e-35	159
CFAV-Bangkok_Thailand_2015	SRA:SRR9693050.5708407.1	95.050	101	5	0	1285	1385	101	1	1.53e-35	159
CFAV-Bangkok_Thailand_2015	SRA:SRR9693050.5225914.1	96.842	95	3	0	9397	9491	95	1	1.53e-35	159
CFAV-Bangkok_Thailand_2015	SRA:SRR9693050.4607827.2	95.050	101	5	0	1906	2006	1	101	1.53e-35	159
CFAV-Bangkok_Thailand_2015	SRA:SRR9693050.4255408.1	95.050	101	5	0	2880	2980	101	1	1.53e-35	159
CFAV-Bangkok_Thailand_2015	SRA:SRR9693050.3961773.2	95.050	101	5	0	1367	1467	1	101	1.53e-35	159
CFAV-Bangkok_Thailand_2015	SRA:SRR9693050.3961773.1	95.050	101	5	0	1405	1505	101	1	1.53e-35	159
CFAV-Bangkok_Thailand_2015	SRA:SRR9693050.3950337.2	95.050	101	5	0	2786	2886	1	101	1.53e-35	159
CFAV-Bangkok_Thailand_2015	SRA:SRR9693050.3744342.2	95.050	101	5	0	4473	4573	1	101	1.53e-35	159
CFAV-Bangkok_Thailand_2015	SRA:SRR9693050.3744342.1	95.050	101	5	0	4539	4639	101	1	1.53e-35	159
CFAV-Bangkok_Thailand_2015	SRA:SRR9693050.3626005.1	95.050	101	5	0	444	544	101	1	1.53e-35	159
CFAV-Bangkok_Thailand_2015	SRA:SRR9693050.3600486.2	95.918	98	4	0	2467	2564	1	98	1.53e-35	159
CFAV-Bangkok_Thailand_2015	SRA:SRR9693050.3591553.1	95.050	101	5	0	3381	3481	101	1	1.53e-35	159
CFAV-Bangkok_Thailand_2015	SRA:SRR9693050.3318934.1	95.050	101	5	0	865	965	101	1	1.53e-35	159
CFAV-Bangkok_Thailand_2015	SRA:SRR9693050.3287018.2	98.876	89	1	0	6843	6931	1	89	1.53e-35	159
CFAV-Bangkok_Thailand_2015	SRA:SRR9693050.3287018.1	98.876	89	1	0	6842	6930	89	1	1.53e-35	159
CFAV-Bangkok_Thailand_2015	SRA:SRR9693050.3279525.2	95.050	101	5	0	4560	4660	1	101	1.53e-35	159
CFAV-Bangkok_Thailand_2015	SRA:SRR9693050.3279525.1	95.050	101	5	0	4619	4719	101	1	1.53e-35	159
CFAV-Bangkok_Thailand_2015	SRA:SRR9693050.3143771.2	95.050	101	5	0	9323	9423	1	101	1.53e-35	159
CFAV-Bangkok_Thailand_2015	SRA:SRR9693050.3143771.1	95.918	98	4	0	9484	9581	98	1	1.53e-35	159
CFAV-Bangkok_Thailand_2015	SRA:SRR9693050.2747934.1	95.050	101	5	0	9389	9489	101	1	1.53e-35	159
CFAV-Bangkok_Thailand_2015	SRA:SRR9693050.2514691.1	95.050	101	5	0	340	440	101	1	1.53e-35	159
CFAV-Bangkok_Thailand_2015	SRA:SRR9693050.2140380.2	95.050	101	5	0	5910	6010	1	101	1.53e-35	159
CFAV-Bangkok_Thailand_2015	SRA:SRR9693050.2076709.2	96.842	95	3	0	6052	6146	1	95	1.53e-35	159
CFAV-Bangkok_Thailand_2015	SRA:SRR9693050.1932816.1	95.050	101	5	0	346	446	1	101	1.53e-35	159
CFAV-Bangkok_Thailand_2015	SRA:SRR9693050.1519215.2	95.050	101	5	0	1266	1366	1	101	1.53e-35	159
CFAV-Bangkok_Thailand_2015	SRA:SRR9693050.1519215.1	95.050	101	5	0	1290	1390	101	1	1.53e-35	159
CFAV-Bangkok_Thailand_2015	SRA:SRR9693050.1429928.2	95.050	101	5	0	4547	4647	1	101	1.53e-35	159
CFAV-Bangkok_Thailand_2015	SRA:SRR9693050.1180637.2	95.918	98	4	0	2778	2875	1	98	1.53e-35	159
CFAV-Bangkok_Thailand_2015	SRA:SRR9693050.1063010.2	95.918	98	4	0	5497	5594	1	98	1.53e-35	159
CFAV-Bangkok_Thailand_2015	SRA:SRR9693050.752862.2	95.050	101	5	0	8730	8830	1	101	1.53e-35	159
CFAV-Bangkok_Thailand_2015	SRA:SRR9693050.752862.1	95.050	101	5	0	8743	8843	101	1	1.53e-35	159
CFAV-Bangkok_Thailand_2015	SRA:SRR9693050.590323.2	95.050	101	5	0	6316	6416	1	101	1.53e-35	159
CFAV-Bangkok_Thailand_2015	SRA:SRR9693050.466988.2	95.050	101	5	0	1704	1804	1	101	1.53e-35	159
CFAV-Bangkok_Thailand_2015	SRA:SRR9693050.308196.2	95.050	101	5	0	4206	4306	1	101	1.53e-35	159
CFAV-Bangkok_Thailand_2015	SRA:SRR9693050.257719.1	95.050	101	5	0	1455	1555	101	1	1.53e-35	159
CFAV-Bangkok_Thailand_2015	SRA:SRR9693050.95304.2	96.842	95	3	0	3790	3884	1	95	1.53e-35	159
CFAV-Bangkok_Thailand_2015	SRA:SRR9693050.12473490.1	95.000	100	5	0	9010	9109	101	2	5.51e-35	158
CFAV-Bangkok_Thailand_2015	SRA:SRR9693050.4905541.2	96.809	94	3	0	4982	5075	8	101	5.51e-35	158
CFAV-Bangkok_Thailand_2015	SRA:SRR9693050.3405135.2	95.000	100	5	0	2737	2836	2	101	5.51e-35	158
CFAV-Bangkok_Thailand_2015	SRA:SRR9693050.2605976.1	95.000	100	5	0	1095	1194	100	1	5.51e-35	158
CFAV-Bangkok_Thailand_2015	SRA:SRR9693050.2076709.1	96.809	94	3	0	6052	6145	94	1	5.51e-35	158
CFAV-Bangkok_Thailand_2015	SRA:SRR9693050.15508.1	95.000	100	5	0	1909	2008	101	2	5.51e-35	158
CFAV-Bangkok_Thailand_2015	SRA:SRR9693050.11723085.1	94.949	99	5	0	6321	6419	101	3	1.98e-34	156
CFAV-Bangkok_Thailand_2015	SRA:SRR9693050.10409057.1	94.949	99	5	0	4242	4340	99	1	1.98e-34	156
CFAV-Bangkok_Thailand_2015	SRA:SRR9693050.9649301.2	94.949	99	5	0	5146	5244	3	101	1.98e-34	156
CFAV-Bangkok_Thailand_2015	SRA:SRR9693050.7855772.2	95.833	96	4	0	7043	7138	6	101	1.98e-34	156
CFAV-Bangkok_Thailand_2015	SRA:SRR9693050.6786390.2	95.833	96	4	0	7033	7128	2	97	1.98e-34	156
CFAV-Bangkok_Thailand_2015	SRA:SRR9693050.6786390.1	95.833	96	4	0	7033	7128	96	1	1.98e-34	156
CFAV-Bangkok_Thailand_2015	SRA:SRR9693050.4644539.1	94.949	99	5	0	1289	1387	101	3	1.98e-34	156
CFAV-Bangkok_Thailand_2015	SRA:SRR9693050.3641508.1	94.949	99	5	0	8191	8289	99	1	1.98e-34	156
CFAV-Bangkok_Thailand_2015	SRA:SRR9693050.3626005.2	94.949	99	5	0	393	491	2	100	1.98e-34	156
CFAV-Bangkok_Thailand_2015	SRA:SRR9693050.148939.2	95.833	96	4	0	4341	4436	1	96	1.98e-34	156
CFAV-Bangkok_Thailand_2015	SRA:SRR9693050.13403199.1	94.059	101	6	0	6728	6828	101	1	7.13e-34	154
CFAV-Bangkok_Thailand_2015	SRA:SRR9693050.12267315.1	94.118	102	5	1	7797	7898	101	1	7.13e-34	154
CFAV-Bangkok_Thailand_2015	SRA:SRR9693050.10900555.2	94.059	101	6	0	431	531	1	101	7.13e-34	154
CFAV-Bangkok_Thailand_2015	SRA:SRR9693050.10862812.2	94.059	101	6	0	8875	8975	1	101	7.13e-34	154
CFAV-Bangkok_Thailand_2015	SRA:SRR9693050.10862115.1	94.059	101	6	0	5931	6031	101	1	7.13e-34	154
CFAV-Bangkok_Thailand_2015	SRA:SRR9693050.10861813.2	94.059	101	6	0	8875	8975	1	101	7.13e-34	154
CFAV-Bangkok_Thailand_2015	SRA:SRR9693050.10781483.1	94.059	101	6	0	8827	8927	101	1	7.13e-34	154
CFAV-Bangkok_Thailand_2015	SRA:SRR9693050.10336647.1	94.898	98	5	0	8812	8909	98	1	7.13e-34	154
CFAV-Bangkok_Thailand_2015	SRA:SRR9693050.10301162.1	94.059	101	6	0	589	689	101	1	7.13e-34	154
CFAV-Bangkok_Thailand_2015	SRA:SRR9693050.8964390.2	94.059	101	6	0	1449	1549	1	101	7.13e-34	154
CFAV-Bangkok_Thailand_2015	SRA:SRR9693050.7992493.2	94.059	101	6	0	1131	1231	1	101	7.13e-34	154
CFAV-Bangkok_Thailand_2015	SRA:SRR9693050.7077858.1	94.898	98	5	0	4123	4220	101	4	7.13e-34	154
CFAV-Bangkok_Thailand_2015	SRA:SRR9693050.7077737.1	94.898	98	5	0	4123	4220	101	4	7.13e-34	154
CFAV-Bangkok_Thailand_2015	SRA:SRR9693050.6781850.2	94.059	101	6	0	7018	7118	1	101	7.13e-34	154
CFAV-Bangkok_Thailand_2015	SRA:SRR9693050.6623761.2	94.059	101	6	0	2756	2856	1	101	7.13e-34	154
CFAV-Bangkok_Thailand_2015	SRA:SRR9693050.6623714.2	94.059	101	6	0	2756	2856	1	101	7.13e-34	154
CFAV-Bangkok_Thailand_2015	SRA:SRR9693050.6441979.1	96.739	92	3	0	2827	2918	92	1	7.13e-34	154
CFAV-Bangkok_Thailand_2015	SRA:SRR9693050.6032427.2	94.059	101	6	0	6726	6826	1	101	7.13e-34	154
CFAV-Bangkok_Thailand_2015	SRA:SRR9693050.4911780.1	94.059	101	6	0	5141	5241	101	1	7.13e-34	154
CFAV-Bangkok_Thailand_2015	SRA:SRR9693050.2782853.1	94.059	101	6	0	6716	6816	101	1	7.13e-34	154
CFAV-Bangkok_Thailand_2015	SRA:SRR9693050.2649113.1	94.059	101	6	0	730	830	101	1	7.13e-34	154
CFAV-Bangkok_Thailand_2015	SRA:SRR9693050.2175326.1	94.059	101	6	0	1378	1478	101	1	7.13e-34	154
CFAV-Bangkok_Thailand_2015	SRA:SRR9693050.257719.2	94.059	101	6	0	1385	1485	1	101	7.13e-34	154
CFAV-Bangkok_Thailand_2015	SRA:SRR9693050.13042864.1	94.000	100	6	0	2716	2815	101	2	2.57e-33	152
CFAV-Bangkok_Thailand_2015	SRA:SRR9693050.13042351.1	94.000	100	6	0	2716	2815	101	2	2.57e-33	152
CFAV-Bangkok_Thailand_2015	SRA:SRR9693050.8518554.1	94.000	100	6	0	8475	8574	101	2	2.57e-33	152
CFAV-Bangkok_Thailand_2015	SRA:SRR9693050.8151791.2	94.000	100	6	0	7743	7842	2	101	2.57e-33	152
CFAV-Bangkok_Thailand_2015	SRA:SRR9693050.7565190.1	94.000	100	6	0	6278	6377	1	100	2.57e-33	152
CFAV-Bangkok_Thailand_2015	SRA:SRR9693050.5589904.1	94.000	100	6	0	2716	2815	101	2	2.57e-33	152
CFAV-Bangkok_Thailand_2015	SRA:SRR9693050.1888457.1	95.745	94	4	0	10170	10263	94	1	2.57e-33	152
CFAV-Bangkok_Thailand_2015	SRA:SRR9693050.1751443.1	94.000	100	6	0	434	533	101	2	2.57e-33	152
CFAV-Bangkok_Thailand_2015	SRA:SRR9693050.14122734.2	93.939	99	6	0	745	843	3	101	9.23e-33	150
CFAV-Bangkok_Thailand_2015	SRA:SRR9693050.12267315.2	93.939	99	6	0	7792	7890	3	101	9.23e-33	150
CFAV-Bangkok_Thailand_2015	SRA:SRR9693050.10297513.2	93.939	99	6	0	3331	3429	1	99	9.23e-33	150
CFAV-Bangkok_Thailand_2015	SRA:SRR9693050.9816283.1	93.939	99	6	0	1101	1199	101	3	9.23e-33	150
CFAV-Bangkok_Thailand_2015	SRA:SRR9693050.6623761.1	93.939	99	6	0	2916	3014	101	3	9.23e-33	150
CFAV-Bangkok_Thailand_2015	SRA:SRR9693050.6623714.1	93.939	99	6	0	2916	3014	101	3	9.23e-33	150
CFAV-Bangkok_Thailand_2015	SRA:SRR9693050.2140380.1	93.939	99	6	0	5929	6027	99	1	9.23e-33	150
CFAV-Bangkok_Thailand_2015	SRA:SRR9693050.13991342.2	93.069	101	7	0	7006	7106	1	101	3.32e-32	148
CFAV-Bangkok_Thailand_2015	SRA:SRR9693050.13679090.2	93.069	101	7	0	1994	2094	1	101	3.32e-32	148
CFAV-Bangkok_Thailand_2015	SRA:SRR9693050.12624124.1	95.652	92	4	0	10170	10261	92	1	3.32e-32	148
CFAV-Bangkok_Thailand_2015	SRA:SRR9693050.12218945.2	93.069	101	7	0	8549	8649	1	101	3.32e-32	148
CFAV-Bangkok_Thailand_2015	SRA:SRR9693050.10409057.2	93.069	101	7	0	4231	4331	1	101	3.32e-32	148
CFAV-Bangkok_Thailand_2015	SRA:SRR9693050.8151791.1	93.069	101	7	0	7777	7877	101	1	3.32e-32	148
CFAV-Bangkok_Thailand_2015	SRA:SRR9693050.7565190.2	93.069	101	7	0	6280	6380	101	1	3.32e-32	148
CFAV-Bangkok_Thailand_2015	SRA:SRR9693050.7373999.2	93.069	101	7	0	1940	2040	1	101	3.32e-32	148
CFAV-Bangkok_Thailand_2015	SRA:SRR9693050.5927211.1	93.069	101	7	0	1981	2081	101	1	3.32e-32	148
CFAV-Bangkok_Thailand_2015	SRA:SRR9693050.4775945.2	93.069	101	7	0	2686	2786	1	101	3.32e-32	148
CFAV-Bangkok_Thailand_2015	SRA:SRR9693050.3912692.2	93.069	101	7	0	757	857	1	101	3.32e-32	148
CFAV-Bangkok_Thailand_2015	SRA:SRR9693050.1932816.2	93.069	101	7	0	434	534	101	1	3.32e-32	148
CFAV-Bangkok_Thailand_2015	SRA:SRR9693050.1180637.1	93.069	101	7	0	2902	3002	101	1	3.32e-32	148
CFAV-Bangkok_Thailand_2015	SRA:SRR9693050.9269731.1	94.681	94	5	0	3436	3529	94	1	1.19e-31	147
CFAV-Bangkok_Thailand_2015	SRA:SRR9693050.4448213.1	93.000	100	7	0	5269	5368	101	2	1.19e-31	147
CFAV-Bangkok_Thailand_2015	SRA:SRR9693050.4617181.1	92.929	99	7	0	1322	1420	101	3	4.29e-31	145
CFAV-Bangkok_Thailand_2015	SRA:SRR9693050.9151145.1	92.079	101	8	0	1809	1909	101	1	1.54e-30	143
CFAV-Bangkok_Thailand_2015	SRA:SRR9693050.7373999.1	92.857	98	7	0	1983	2080	101	4	1.54e-30	143
CFAV-Bangkok_Thailand_2015	SRA:SRR9693050.5927211.2	92.079	101	8	0	1931	2031	1	101	1.54e-30	143
CFAV-Bangkok_Thailand_2015	SRA:SRR9693050.4821538.1	97.590	83	2	0	5857	5939	84	2	1.54e-30	143
CFAV-Bangkok_Thailand_2015	SRA:SRR9693050.8593752.1	92.784	97	7	0	1936	2032	98	2	5.55e-30	141
CFAV-Bangkok_Thailand_2015	SRA:SRR9693050.4821538.2	97.561	82	2	0	5858	5939	1	82	5.55e-30	141
CFAV-Bangkok_Thailand_2015	SRA:SRR9693050.14335503.2	94.444	90	5	0	4887	4976	1	90	2.00e-29	139
CFAV-Bangkok_Thailand_2015	SRA:SRR9693050.12473490.2	93.548	93	6	0	8931	9023	1	93	2.00e-29	139
CFAV-Bangkok_Thailand_2015	SRA:SRR9693050.12066375.2	98.701	77	1	0	3691	3767	1	77	7.18e-29	137
CFAV-Bangkok_Thailand_2015	SRA:SRR9693050.12066375.1	98.701	77	1	0	3691	3767	77	1	7.18e-29	137
CFAV-Bangkok_Thailand_2015	SRA:SRR9693050.11597360.1	91.089	101	9	0	9509	9609	101	1	7.18e-29	137
CFAV-Bangkok_Thailand_2015	SRA:SRR9693050.6253028.2	91.000	100	9	0	7178	7277	2	101	2.58e-28	135
CFAV-Bangkok_Thailand_2015	SRA:SRR9693050.4607827.1	91.753	97	8	0	1984	2080	101	5	2.58e-28	135
CFAV-Bangkok_Thailand_2015	SRA:SRR9693050.2672526.2	93.407	91	6	0	1396	1486	8	98	2.58e-28	135
CFAV-Bangkok_Thailand_2015	SRA:SRR9693050.2672526.1	94.318	88	5	0	1399	1486	89	2	2.58e-28	135
CFAV-Bangkok_Thailand_2015	SRA:SRR9693050.8489246.1	94.048	84	5	0	6730	6813	84	1	4.32e-26	128
CFAV-Bangkok_Thailand_2015	SRA:SRR9693050.8489246.2	94.805	77	4	0	6732	6808	1	77	7.24e-24	121
CFAV-Bangkok_Thailand_2015	SRA:SRR9693050.4354726.2	84.848	99	15	0	7020	7118	3	101	9.43e-18	100
CFAV-Bangkok_Thailand_2015	SRA:SRR9693050.10115256.1	95.082	61	3	0	1924	1984	41	101	1.22e-16	97.1
CFAV-Bangkok_Thailand_2015	SRA:SRR9693050.1305846.1	98.039	51	1	0	6908	6958	90	40	2.04e-14	89.8
CFAV-Bangkok_Thailand_2015	SRA:SRR9693050.1305846.2	98.000	50	1	0	6909	6958	1	50	7.34e-14	87.9
