CFAV-Bangkok_Thailand_2015	SRA:SRR9693053.23560521.2	100.000	101	0	0	3590	3690	1	101	1.13e-43	187
CFAV-Bangkok_Thailand_2015	SRA:SRR9693053.23449089.2	100.000	101	0	0	7289	7389	1	101	1.13e-43	187
CFAV-Bangkok_Thailand_2015	SRA:SRR9693053.23449089.1	100.000	101	0	0	7335	7435	101	1	1.13e-43	187
CFAV-Bangkok_Thailand_2015	SRA:SRR9693053.23399959.2	100.000	101	0	0	7353	7453	1	101	1.13e-43	187
CFAV-Bangkok_Thailand_2015	SRA:SRR9693053.23379375.2	100.000	101	0	0	7353	7453	1	101	1.13e-43	187
CFAV-Bangkok_Thailand_2015	SRA:SRR9693053.22276946.2	100.000	101	0	0	3589	3689	1	101	1.13e-43	187
CFAV-Bangkok_Thailand_2015	SRA:SRR9693053.22276946.1	100.000	101	0	0	3599	3699	101	1	1.13e-43	187
CFAV-Bangkok_Thailand_2015	SRA:SRR9693053.22194917.1	100.000	101	0	0	10515	10615	101	1	1.13e-43	187
CFAV-Bangkok_Thailand_2015	SRA:SRR9693053.22034061.1	100.000	101	0	0	7262	7362	101	1	1.13e-43	187
CFAV-Bangkok_Thailand_2015	SRA:SRR9693053.21190715.1	100.000	101	0	0	3583	3683	101	1	1.13e-43	187
CFAV-Bangkok_Thailand_2015	SRA:SRR9693053.21105048.2	100.000	101	0	0	10516	10616	1	101	1.13e-43	187
CFAV-Bangkok_Thailand_2015	SRA:SRR9693053.21105048.1	100.000	101	0	0	10529	10629	101	1	1.13e-43	187
CFAV-Bangkok_Thailand_2015	SRA:SRR9693053.20947703.1	100.000	101	0	0	10518	10618	101	1	1.13e-43	187
CFAV-Bangkok_Thailand_2015	SRA:SRR9693053.20490508.1	100.000	101	0	0	3595	3695	101	1	1.13e-43	187
CFAV-Bangkok_Thailand_2015	SRA:SRR9693053.20457644.2	100.000	101	0	0	3577	3677	1	101	1.13e-43	187
CFAV-Bangkok_Thailand_2015	SRA:SRR9693053.20457644.1	100.000	101	0	0	3594	3694	101	1	1.13e-43	187
CFAV-Bangkok_Thailand_2015	SRA:SRR9693053.20337217.1	100.000	101	0	0	10533	10633	101	1	1.13e-43	187
CFAV-Bangkok_Thailand_2015	SRA:SRR9693053.20327674.1	100.000	101	0	0	10528	10628	101	1	1.13e-43	187
CFAV-Bangkok_Thailand_2015	SRA:SRR9693053.20297248.2	100.000	101	0	0	7261	7361	1	101	1.13e-43	187
CFAV-Bangkok_Thailand_2015	SRA:SRR9693053.20203789.1	100.000	101	0	0	3596	3696	101	1	1.13e-43	187
CFAV-Bangkok_Thailand_2015	SRA:SRR9693053.20082332.2	100.000	101	0	0	7358	7458	1	101	1.13e-43	187
CFAV-Bangkok_Thailand_2015	SRA:SRR9693053.19967013.1	100.000	101	0	0	10533	10633	101	1	1.13e-43	187
CFAV-Bangkok_Thailand_2015	SRA:SRR9693053.19567212.2	100.000	101	0	0	10524	10624	1	101	1.13e-43	187
CFAV-Bangkok_Thailand_2015	SRA:SRR9693053.19567212.1	100.000	101	0	0	10526	10626	101	1	1.13e-43	187
CFAV-Bangkok_Thailand_2015	SRA:SRR9693053.19545320.1	100.000	101	0	0	3595	3695	101	1	1.13e-43	187
CFAV-Bangkok_Thailand_2015	SRA:SRR9693053.19312212.2	100.000	101	0	0	7319	7419	1	101	1.13e-43	187
CFAV-Bangkok_Thailand_2015	SRA:SRR9693053.19283915.1	100.000	101	0	0	10532	10632	101	1	1.13e-43	187
CFAV-Bangkok_Thailand_2015	SRA:SRR9693053.19072449.1	100.000	101	0	0	10529	10629	101	1	1.13e-43	187
CFAV-Bangkok_Thailand_2015	SRA:SRR9693053.18994129.1	100.000	101	0	0	10532	10632	101	1	1.13e-43	187
CFAV-Bangkok_Thailand_2015	SRA:SRR9693053.18388250.2	100.000	101	0	0	9975	10075	1	101	1.13e-43	187
CFAV-Bangkok_Thailand_2015	SRA:SRR9693053.18300946.1	100.000	101	0	0	10526	10626	101	1	1.13e-43	187
CFAV-Bangkok_Thailand_2015	SRA:SRR9693053.18211007.2	100.000	101	0	0	3581	3681	1	101	1.13e-43	187
CFAV-Bangkok_Thailand_2015	SRA:SRR9693053.18211007.1	100.000	101	0	0	3594	3694	101	1	1.13e-43	187
CFAV-Bangkok_Thailand_2015	SRA:SRR9693053.18180022.2	100.000	101	0	0	9978	10078	1	101	1.13e-43	187
CFAV-Bangkok_Thailand_2015	SRA:SRR9693053.18033965.2	100.000	101	0	0	9982	10082	1	101	1.13e-43	187
CFAV-Bangkok_Thailand_2015	SRA:SRR9693053.17576148.1	100.000	101	0	0	10528	10628	101	1	1.13e-43	187
CFAV-Bangkok_Thailand_2015	SRA:SRR9693053.17444796.2	100.000	101	0	0	7326	7426	1	101	1.13e-43	187
CFAV-Bangkok_Thailand_2015	SRA:SRR9693053.17444796.1	100.000	101	0	0	7356	7456	101	1	1.13e-43	187
CFAV-Bangkok_Thailand_2015	SRA:SRR9693053.17237561.2	100.000	101	0	0	3611	3711	1	101	1.13e-43	187
CFAV-Bangkok_Thailand_2015	SRA:SRR9693053.16944520.2	100.000	101	0	0	7264	7364	1	101	1.13e-43	187
CFAV-Bangkok_Thailand_2015	SRA:SRR9693053.16861754.2	100.000	101	0	0	3608	3708	1	101	1.13e-43	187
CFAV-Bangkok_Thailand_2015	SRA:SRR9693053.16632434.1	100.000	101	0	0	6488	6588	101	1	1.13e-43	187
CFAV-Bangkok_Thailand_2015	SRA:SRR9693053.16398953.1	100.000	101	0	0	10532	10632	101	1	1.13e-43	187
CFAV-Bangkok_Thailand_2015	SRA:SRR9693053.16212462.1	100.000	101	0	0	3563	3663	101	1	1.13e-43	187
CFAV-Bangkok_Thailand_2015	SRA:SRR9693053.16051087.2	100.000	101	0	0	3590	3690	1	101	1.13e-43	187
CFAV-Bangkok_Thailand_2015	SRA:SRR9693053.16051087.1	100.000	101	0	0	3595	3695	101	1	1.13e-43	187
CFAV-Bangkok_Thailand_2015	SRA:SRR9693053.15792880.2	100.000	101	0	0	7314	7414	1	101	1.13e-43	187
CFAV-Bangkok_Thailand_2015	SRA:SRR9693053.15785440.2	100.000	101	0	0	3571	3671	1	101	1.13e-43	187
CFAV-Bangkok_Thailand_2015	SRA:SRR9693053.15413138.1	100.000	101	0	0	3603	3703	101	1	1.13e-43	187
CFAV-Bangkok_Thailand_2015	SRA:SRR9693053.15165629.1	100.000	101	0	0	10533	10633	101	1	1.13e-43	187
CFAV-Bangkok_Thailand_2015	SRA:SRR9693053.14636313.1	100.000	101	0	0	10533	10633	101	1	1.13e-43	187
CFAV-Bangkok_Thailand_2015	SRA:SRR9693053.14344837.2	100.000	101	0	0	7341	7441	1	101	1.13e-43	187
CFAV-Bangkok_Thailand_2015	SRA:SRR9693053.14124289.1	100.000	101	0	0	7356	7456	101	1	1.13e-43	187
CFAV-Bangkok_Thailand_2015	SRA:SRR9693053.13896492.2	100.000	101	0	0	3578	3678	1	101	1.13e-43	187
CFAV-Bangkok_Thailand_2015	SRA:SRR9693053.13896492.1	100.000	101	0	0	3583	3683	101	1	1.13e-43	187
CFAV-Bangkok_Thailand_2015	SRA:SRR9693053.13600074.2	100.000	101	0	0	3559	3659	1	101	1.13e-43	187
CFAV-Bangkok_Thailand_2015	SRA:SRR9693053.13600074.1	100.000	101	0	0	3603	3703	101	1	1.13e-43	187
CFAV-Bangkok_Thailand_2015	SRA:SRR9693053.13598481.1	100.000	101	0	0	3603	3703	101	1	1.13e-43	187
CFAV-Bangkok_Thailand_2015	SRA:SRR9693053.13487458.1	100.000	101	0	0	3605	3705	101	1	1.13e-43	187
CFAV-Bangkok_Thailand_2015	SRA:SRR9693053.13343594.1	100.000	101	0	0	9978	10078	101	1	1.13e-43	187
CFAV-Bangkok_Thailand_2015	SRA:SRR9693053.13343245.1	100.000	101	0	0	9978	10078	101	1	1.13e-43	187
CFAV-Bangkok_Thailand_2015	SRA:SRR9693053.13339512.1	100.000	101	0	0	10532	10632	101	1	1.13e-43	187
CFAV-Bangkok_Thailand_2015	SRA:SRR9693053.13214139.2	100.000	101	0	0	3592	3692	1	101	1.13e-43	187
CFAV-Bangkok_Thailand_2015	SRA:SRR9693053.12739785.2	100.000	101	0	0	7337	7437	1	101	1.13e-43	187
CFAV-Bangkok_Thailand_2015	SRA:SRR9693053.12739785.1	100.000	101	0	0	7357	7457	101	1	1.13e-43	187
CFAV-Bangkok_Thailand_2015	SRA:SRR9693053.12653059.2	100.000	101	0	0	3579	3679	1	101	1.13e-43	187
CFAV-Bangkok_Thailand_2015	SRA:SRR9693053.12446173.1	100.000	101	0	0	10528	10628	101	1	1.13e-43	187
CFAV-Bangkok_Thailand_2015	SRA:SRR9693053.12408981.1	100.000	101	0	0	7333	7433	101	1	1.13e-43	187
CFAV-Bangkok_Thailand_2015	SRA:SRR9693053.12011914.2	100.000	101	0	0	3597	3697	1	101	1.13e-43	187
CFAV-Bangkok_Thailand_2015	SRA:SRR9693053.11956110.1	100.000	101	0	0	7288	7388	101	1	1.13e-43	187
CFAV-Bangkok_Thailand_2015	SRA:SRR9693053.11943137.2	100.000	101	0	0	7329	7429	1	101	1.13e-43	187
CFAV-Bangkok_Thailand_2015	SRA:SRR9693053.11940472.2	100.000	101	0	0	7301	7401	1	101	1.13e-43	187
CFAV-Bangkok_Thailand_2015	SRA:SRR9693053.11792621.2	100.000	101	0	0	10552	10652	1	101	1.13e-43	187
CFAV-Bangkok_Thailand_2015	SRA:SRR9693053.11642053.1	100.000	101	0	0	3595	3695	101	1	1.13e-43	187
CFAV-Bangkok_Thailand_2015	SRA:SRR9693053.11006623.1	100.000	101	0	0	3559	3659	101	1	1.13e-43	187
CFAV-Bangkok_Thailand_2015	SRA:SRR9693053.11006469.1	100.000	101	0	0	3559	3659	101	1	1.13e-43	187
CFAV-Bangkok_Thailand_2015	SRA:SRR9693053.10984806.1	100.000	101	0	0	3581	3681	101	1	1.13e-43	187
CFAV-Bangkok_Thailand_2015	SRA:SRR9693053.10943509.1	100.000	101	0	0	3601	3701	101	1	1.13e-43	187
CFAV-Bangkok_Thailand_2015	SRA:SRR9693053.10746024.1	100.000	101	0	0	10529	10629	101	1	1.13e-43	187
CFAV-Bangkok_Thailand_2015	SRA:SRR9693053.10489634.1	100.000	101	0	0	3570	3670	101	1	1.13e-43	187
CFAV-Bangkok_Thailand_2015	SRA:SRR9693053.10253828.2	100.000	101	0	0	10551	10651	1	101	1.13e-43	187
CFAV-Bangkok_Thailand_2015	SRA:SRR9693053.9448280.2	100.000	101	0	0	7277	7377	1	101	1.13e-43	187
CFAV-Bangkok_Thailand_2015	SRA:SRR9693053.9435203.1	100.000	101	0	0	10533	10633	101	1	1.13e-43	187
CFAV-Bangkok_Thailand_2015	SRA:SRR9693053.9180425.1	100.000	101	0	0	10523	10623	101	1	1.13e-43	187
CFAV-Bangkok_Thailand_2015	SRA:SRR9693053.9137242.1	100.000	101	0	0	10528	10628	101	1	1.13e-43	187
CFAV-Bangkok_Thailand_2015	SRA:SRR9693053.8390140.2	100.000	101	0	0	6489	6589	1	101	1.13e-43	187
CFAV-Bangkok_Thailand_2015	SRA:SRR9693053.8390140.1	100.000	101	0	0	6489	6589	101	1	1.13e-43	187
CFAV-Bangkok_Thailand_2015	SRA:SRR9693053.8171417.1	100.000	101	0	0	10511	10611	101	1	1.13e-43	187
CFAV-Bangkok_Thailand_2015	SRA:SRR9693053.7744351.1	100.000	101	0	0	3560	3660	101	1	1.13e-43	187
CFAV-Bangkok_Thailand_2015	SRA:SRR9693053.7615645.1	100.000	101	0	0	7283	7383	101	1	1.13e-43	187
CFAV-Bangkok_Thailand_2015	SRA:SRR9693053.7378607.2	100.000	101	0	0	10518	10618	1	101	1.13e-43	187
CFAV-Bangkok_Thailand_2015	SRA:SRR9693053.7378607.1	100.000	101	0	0	10532	10632	101	1	1.13e-43	187
CFAV-Bangkok_Thailand_2015	SRA:SRR9693053.7183949.1	100.000	101	0	0	3588	3688	101	1	1.13e-43	187
CFAV-Bangkok_Thailand_2015	SRA:SRR9693053.6890613.2	100.000	101	0	0	3597	3697	1	101	1.13e-43	187
CFAV-Bangkok_Thailand_2015	SRA:SRR9693053.6860034.2	100.000	101	0	0	3618	3718	1	101	1.13e-43	187
CFAV-Bangkok_Thailand_2015	SRA:SRR9693053.6353910.1	100.000	101	0	0	10528	10628	101	1	1.13e-43	187
CFAV-Bangkok_Thailand_2015	SRA:SRR9693053.6345600.2	100.000	101	0	0	3611	3711	1	101	1.13e-43	187
CFAV-Bangkok_Thailand_2015	SRA:SRR9693053.6305845.1	100.000	101	0	0	10528	10628	101	1	1.13e-43	187
CFAV-Bangkok_Thailand_2015	SRA:SRR9693053.6041458.1	100.000	101	0	0	10525	10625	101	1	1.13e-43	187
CFAV-Bangkok_Thailand_2015	SRA:SRR9693053.5846303.1	100.000	101	0	0	10528	10628	101	1	1.13e-43	187
CFAV-Bangkok_Thailand_2015	SRA:SRR9693053.4597605.2	100.000	101	0	0	10514	10614	1	101	1.13e-43	187
CFAV-Bangkok_Thailand_2015	SRA:SRR9693053.4597605.1	100.000	101	0	0	10533	10633	101	1	1.13e-43	187
CFAV-Bangkok_Thailand_2015	SRA:SRR9693053.4219122.2	100.000	101	0	0	3581	3681	1	101	1.13e-43	187
CFAV-Bangkok_Thailand_2015	SRA:SRR9693053.4073631.2	100.000	101	0	0	7353	7453	1	101	1.13e-43	187
CFAV-Bangkok_Thailand_2015	SRA:SRR9693053.3964349.2	100.000	101	0	0	3559	3659	1	101	1.13e-43	187
CFAV-Bangkok_Thailand_2015	SRA:SRR9693053.3874772.1	100.000	101	0	0	9975	10075	101	1	1.13e-43	187
CFAV-Bangkok_Thailand_2015	SRA:SRR9693053.3831729.2	100.000	101	0	0	3588	3688	1	101	1.13e-43	187
CFAV-Bangkok_Thailand_2015	SRA:SRR9693053.3780342.2	100.000	101	0	0	3618	3718	1	101	1.13e-43	187
CFAV-Bangkok_Thailand_2015	SRA:SRR9693053.2781851.2	100.000	101	0	0	10514	10614	1	101	1.13e-43	187
CFAV-Bangkok_Thailand_2015	SRA:SRR9693053.2781851.1	100.000	101	0	0	10533	10633	101	1	1.13e-43	187
CFAV-Bangkok_Thailand_2015	SRA:SRR9693053.2414278.1	100.000	101	0	0	3594	3694	101	1	1.13e-43	187
CFAV-Bangkok_Thailand_2015	SRA:SRR9693053.1834719.1	100.000	101	0	0	10528	10628	101	1	1.13e-43	187
CFAV-Bangkok_Thailand_2015	SRA:SRR9693053.1788625.1	100.000	101	0	0	10533	10633	101	1	1.13e-43	187
CFAV-Bangkok_Thailand_2015	SRA:SRR9693053.1703120.1	100.000	101	0	0	3583	3683	101	1	1.13e-43	187
CFAV-Bangkok_Thailand_2015	SRA:SRR9693053.1626669.1	100.000	101	0	0	7314	7414	101	1	1.13e-43	187
CFAV-Bangkok_Thailand_2015	SRA:SRR9693053.1278691.1	100.000	101	0	0	3559	3659	101	1	1.13e-43	187
CFAV-Bangkok_Thailand_2015	SRA:SRR9693053.1268737.1	100.000	101	0	0	3559	3659	101	1	1.13e-43	187
CFAV-Bangkok_Thailand_2015	SRA:SRR9693053.1264874.1	100.000	101	0	0	7283	7383	101	1	1.13e-43	187
CFAV-Bangkok_Thailand_2015	SRA:SRR9693053.1201878.1	100.000	101	0	0	10533	10633	101	1	1.13e-43	187
CFAV-Bangkok_Thailand_2015	SRA:SRR9693053.1074157.1	100.000	101	0	0	10534	10634	101	1	1.13e-43	187
CFAV-Bangkok_Thailand_2015	SRA:SRR9693053.1050057.2	100.000	101	0	0	7345	7445	1	101	1.13e-43	187
CFAV-Bangkok_Thailand_2015	SRA:SRR9693053.971114.2	100.000	101	0	0	3581	3681	1	101	1.13e-43	187
CFAV-Bangkok_Thailand_2015	SRA:SRR9693053.900992.1	100.000	101	0	0	9977	10077	101	1	1.13e-43	187
CFAV-Bangkok_Thailand_2015	SRA:SRR9693053.725204.2	100.000	101	0	0	3590	3690	1	101	1.13e-43	187
CFAV-Bangkok_Thailand_2015	SRA:SRR9693053.618521.1	100.000	101	0	0	7339	7439	101	1	1.13e-43	187
CFAV-Bangkok_Thailand_2015	SRA:SRR9693053.490264.1	100.000	101	0	0	10533	10633	101	1	1.13e-43	187
CFAV-Bangkok_Thailand_2015	SRA:SRR9693053.267754.2	100.000	101	0	0	6490	6590	1	101	1.13e-43	187
CFAV-Bangkok_Thailand_2015	SRA:SRR9693053.189437.1	100.000	101	0	0	10532	10632	101	1	1.13e-43	187
CFAV-Bangkok_Thailand_2015	SRA:SRR9693053.23251219.2	100.000	100	0	0	10509	10608	2	101	4.06e-43	185
CFAV-Bangkok_Thailand_2015	SRA:SRR9693053.22136615.1	100.000	100	0	0	6488	6587	100	1	4.06e-43	185
CFAV-Bangkok_Thailand_2015	SRA:SRR9693053.15594476.2	100.000	100	0	0	3556	3655	2	101	4.06e-43	185
CFAV-Bangkok_Thailand_2015	SRA:SRR9693053.14832431.1	100.000	100	0	0	10512	10611	101	2	4.06e-43	185
CFAV-Bangkok_Thailand_2015	SRA:SRR9693053.8171417.2	100.000	100	0	0	10509	10608	2	101	4.06e-43	185
CFAV-Bangkok_Thailand_2015	SRA:SRR9693053.7099612.1	100.000	100	0	0	6488	6587	100	1	4.06e-43	185
CFAV-Bangkok_Thailand_2015	SRA:SRR9693053.5916516.1	100.000	100	0	0	10534	10633	101	2	4.06e-43	185
CFAV-Bangkok_Thailand_2015	SRA:SRR9693053.2733744.1	100.000	100	0	0	7288	7387	101	2	4.06e-43	185
CFAV-Bangkok_Thailand_2015	SRA:SRR9693053.18605554.2	100.000	99	0	0	3630	3728	1	99	1.46e-42	183
CFAV-Bangkok_Thailand_2015	SRA:SRR9693053.17416284.1	100.000	99	0	0	6488	6586	99	1	1.46e-42	183
CFAV-Bangkok_Thailand_2015	SRA:SRR9693053.16944520.1	100.000	99	0	0	7316	7414	101	3	1.46e-42	183
CFAV-Bangkok_Thailand_2015	SRA:SRR9693053.15028920.1	100.000	99	0	0	10509	10607	99	1	1.46e-42	183
CFAV-Bangkok_Thailand_2015	SRA:SRR9693053.10565906.2	100.000	99	0	0	3630	3728	1	99	1.46e-42	183
CFAV-Bangkok_Thailand_2015	SRA:SRR9693053.9852194.2	100.000	99	0	0	3630	3728	1	99	1.46e-42	183
CFAV-Bangkok_Thailand_2015	SRA:SRR9693053.7744351.2	100.000	99	0	0	3556	3654	3	101	1.46e-42	183
CFAV-Bangkok_Thailand_2015	SRA:SRR9693053.23752899.1	99.010	101	1	0	7622	7722	101	1	5.26e-42	182
CFAV-Bangkok_Thailand_2015	SRA:SRR9693053.23691071.2	99.010	101	1	0	10456	10556	1	101	5.26e-42	182
CFAV-Bangkok_Thailand_2015	SRA:SRR9693053.23691071.1	99.010	101	1	0	10482	10582	101	1	5.26e-42	182
CFAV-Bangkok_Thailand_2015	SRA:SRR9693053.23627365.2	99.010	101	1	0	3686	3786	1	101	5.26e-42	182
CFAV-Bangkok_Thailand_2015	SRA:SRR9693053.23610478.2	99.010	101	1	0	3903	4003	1	101	5.26e-42	182
CFAV-Bangkok_Thailand_2015	SRA:SRR9693053.23596350.1	99.010	101	1	0	6828	6928	101	1	5.26e-42	182
CFAV-Bangkok_Thailand_2015	SRA:SRR9693053.23560521.1	99.010	101	1	0	3667	3767	101	1	5.26e-42	182
CFAV-Bangkok_Thailand_2015	SRA:SRR9693053.23560260.1	99.010	101	1	0	287	387	101	1	5.26e-42	182
CFAV-Bangkok_Thailand_2015	SRA:SRR9693053.23558140.1	99.010	101	1	0	5627	5727	101	1	5.26e-42	182
CFAV-Bangkok_Thailand_2015	SRA:SRR9693053.23550931.2	99.010	101	1	0	4023	4123	1	101	5.26e-42	182
CFAV-Bangkok_Thailand_2015	SRA:SRR9693053.23505548.1	99.010	101	1	0	3188	3288	101	1	5.26e-42	182
CFAV-Bangkok_Thailand_2015	SRA:SRR9693053.23492562.2	99.010	101	1	0	10475	10575	1	101	5.26e-42	182
CFAV-Bangkok_Thailand_2015	SRA:SRR9693053.23492562.1	99.010	101	1	0	10482	10582	101	1	5.26e-42	182
CFAV-Bangkok_Thailand_2015	SRA:SRR9693053.23454501.1	99.010	101	1	0	5191	5291	101	1	5.26e-42	182
CFAV-Bangkok_Thailand_2015	SRA:SRR9693053.23436377.2	99.010	101	1	0	284	384	1	101	5.26e-42	182
CFAV-Bangkok_Thailand_2015	SRA:SRR9693053.23399959.1	99.010	101	1	0	7369	7469	101	1	5.26e-42	182
CFAV-Bangkok_Thailand_2015	SRA:SRR9693053.23392187.2	99.010	101	1	0	3639	3739	1	101	5.26e-42	182
CFAV-Bangkok_Thailand_2015	SRA:SRR9693053.23392187.1	99.010	101	1	0	3667	3767	101	1	5.26e-42	182
CFAV-Bangkok_Thailand_2015	SRA:SRR9693053.23333196.2	99.010	101	1	0	3746	3846	1	101	5.26e-42	182
CFAV-Bangkok_Thailand_2015	SRA:SRR9693053.23333196.1	99.010	101	1	0	3889	3989	101	1	5.26e-42	182
CFAV-Bangkok_Thailand_2015	SRA:SRR9693053.23332860.2	99.010	101	1	0	3746	3846	1	101	5.26e-42	182
CFAV-Bangkok_Thailand_2015	SRA:SRR9693053.23332860.1	99.010	101	1	0	3889	3989	101	1	5.26e-42	182
CFAV-Bangkok_Thailand_2015	SRA:SRR9693053.23218408.2	99.010	101	1	0	3899	3999	1	101	5.26e-42	182
CFAV-Bangkok_Thailand_2015	SRA:SRR9693053.23205366.1	99.010	101	1	0	10490	10590	101	1	5.26e-42	182
CFAV-Bangkok_Thailand_2015	SRA:SRR9693053.23205365.1	99.010	101	1	0	10490	10590	101	1	5.26e-42	182
CFAV-Bangkok_Thailand_2015	SRA:SRR9693053.23163456.2	99.010	101	1	0	283	383	1	101	5.26e-42	182
CFAV-Bangkok_Thailand_2015	SRA:SRR9693053.23151061.2	99.010	101	1	0	5191	5291	1	101	5.26e-42	182
CFAV-Bangkok_Thailand_2015	SRA:SRR9693053.23118445.2	99.010	101	1	0	3652	3752	1	101	5.26e-42	182
CFAV-Bangkok_Thailand_2015	SRA:SRR9693053.23118445.1	99.010	101	1	0	3705	3805	101	1	5.26e-42	182
CFAV-Bangkok_Thailand_2015	SRA:SRR9693053.23115305.2	99.010	101	1	0	3879	3979	1	101	5.26e-42	182
CFAV-Bangkok_Thailand_2015	SRA:SRR9693053.23115305.1	99.010	101	1	0	4024	4124	101	1	5.26e-42	182
CFAV-Bangkok_Thailand_2015	SRA:SRR9693053.23111117.2	99.010	101	1	0	10475	10575	1	101	5.26e-42	182
CFAV-Bangkok_Thailand_2015	SRA:SRR9693053.23111117.1	99.010	101	1	0	10496	10596	101	1	5.26e-42	182
CFAV-Bangkok_Thailand_2015	SRA:SRR9693053.22963159.2	99.010	101	1	0	9992	10092	1	101	5.26e-42	182
CFAV-Bangkok_Thailand_2015	SRA:SRR9693053.22937566.1	99.010	101	1	0	6516	6616	101	1	5.26e-42	182
CFAV-Bangkok_Thailand_2015	SRA:SRR9693053.22905423.1	99.010	101	1	0	10483	10583	101	1	5.26e-42	182
CFAV-Bangkok_Thailand_2015	SRA:SRR9693053.22773860.2	99.010	101	1	0	6843	6943	1	101	5.26e-42	182
CFAV-Bangkok_Thailand_2015	SRA:SRR9693053.22770155.2	99.010	101	1	0	3905	4005	1	101	5.26e-42	182
CFAV-Bangkok_Thailand_2015	SRA:SRR9693053.22770155.1	99.010	101	1	0	3912	4012	101	1	5.26e-42	182
CFAV-Bangkok_Thailand_2015	SRA:SRR9693053.22695893.2	99.010	101	1	0	3698	3798	1	101	5.26e-42	182
CFAV-Bangkok_Thailand_2015	SRA:SRR9693053.22675589.1	99.010	101	1	0	3541	3641	101	1	5.26e-42	182
CFAV-Bangkok_Thailand_2015	SRA:SRR9693053.22668677.1	99.010	101	1	0	6497	6597	101	1	5.26e-42	182
CFAV-Bangkok_Thailand_2015	SRA:SRR9693053.22652625.1	99.010	101	1	0	3541	3641	101	1	5.26e-42	182
CFAV-Bangkok_Thailand_2015	SRA:SRR9693053.22637476.1	99.010	101	1	0	9110	9210	101	1	5.26e-42	182
CFAV-Bangkok_Thailand_2015	SRA:SRR9693053.22635113.2	99.010	101	1	0	7571	7671	1	101	5.26e-42	182
CFAV-Bangkok_Thailand_2015	SRA:SRR9693053.22623452.2	99.010	101	1	0	9086	9186	1	101	5.26e-42	182
CFAV-Bangkok_Thailand_2015	SRA:SRR9693053.22612639.1	99.010	101	1	0	3191	3291	101	1	5.26e-42	182
CFAV-Bangkok_Thailand_2015	SRA:SRR9693053.22429152.1	99.010	101	1	0	9110	9210	101	1	5.26e-42	182
CFAV-Bangkok_Thailand_2015	SRA:SRR9693053.22401088.1	99.010	101	1	0	3887	3987	101	1	5.26e-42	182
CFAV-Bangkok_Thailand_2015	SRA:SRR9693053.22276147.2	99.010	101	1	0	6504	6604	1	101	5.26e-42	182
CFAV-Bangkok_Thailand_2015	SRA:SRR9693053.22276147.1	99.010	101	1	0	6515	6615	101	1	5.26e-42	182
CFAV-Bangkok_Thailand_2015	SRA:SRR9693053.22194917.2	99.010	101	1	0	10481	10581	1	101	5.26e-42	182
CFAV-Bangkok_Thailand_2015	SRA:SRR9693053.21998229.1	99.010	101	1	0	10482	10582	101	1	5.26e-42	182
CFAV-Bangkok_Thailand_2015	SRA:SRR9693053.21913388.2	99.010	101	1	0	9223	9323	1	101	5.26e-42	182
CFAV-Bangkok_Thailand_2015	SRA:SRR9693053.21835562.2	99.010	101	1	0	289	389	1	101	5.26e-42	182
CFAV-Bangkok_Thailand_2015	SRA:SRR9693053.21787415.1	99.010	101	1	0	6842	6942	101	1	5.26e-42	182
CFAV-Bangkok_Thailand_2015	SRA:SRR9693053.21771624.1	99.010	101	1	0	9108	9208	101	1	5.26e-42	182
CFAV-Bangkok_Thailand_2015	SRA:SRR9693053.21770474.2	99.010	101	1	0	5190	5290	1	101	5.26e-42	182
CFAV-Bangkok_Thailand_2015	SRA:SRR9693053.21726434.2	99.010	101	1	0	7676	7776	1	101	5.26e-42	182
CFAV-Bangkok_Thailand_2015	SRA:SRR9693053.21726434.1	99.010	101	1	0	7677	7777	101	1	5.26e-42	182
CFAV-Bangkok_Thailand_2015	SRA:SRR9693053.21725433.2	99.010	101	1	0	7676	7776	1	101	5.26e-42	182
CFAV-Bangkok_Thailand_2015	SRA:SRR9693053.21725433.1	99.010	101	1	0	7677	7777	101	1	5.26e-42	182
CFAV-Bangkok_Thailand_2015	SRA:SRR9693053.21678773.2	99.010	101	1	0	3704	3804	1	101	5.26e-42	182
CFAV-Bangkok_Thailand_2015	SRA:SRR9693053.21660511.2	99.010	101	1	0	5196	5296	1	101	5.26e-42	182
CFAV-Bangkok_Thailand_2015	SRA:SRR9693053.21633056.1	99.010	101	1	0	3894	3994	101	1	5.26e-42	182
CFAV-Bangkok_Thailand_2015	SRA:SRR9693053.21606680.1	99.010	101	1	0	9090	9190	101	1	5.26e-42	182
CFAV-Bangkok_Thailand_2015	SRA:SRR9693053.21559801.1	99.010	101	1	0	3541	3641	101	1	5.26e-42	182
CFAV-Bangkok_Thailand_2015	SRA:SRR9693053.21490749.1	99.010	101	1	0	6841	6941	101	1	5.26e-42	182
CFAV-Bangkok_Thailand_2015	SRA:SRR9693053.21443005.1	99.010	101	1	0	9108	9208	101	1	5.26e-42	182
CFAV-Bangkok_Thailand_2015	SRA:SRR9693053.21418276.2	99.010	101	1	0	3187	3287	1	101	5.26e-42	182
CFAV-Bangkok_Thailand_2015	SRA:SRR9693053.21347849.1	99.010	101	1	0	7548	7648	101	1	5.26e-42	182
CFAV-Bangkok_Thailand_2015	SRA:SRR9693053.21266514.1	99.010	101	1	0	284	384	101	1	5.26e-42	182
CFAV-Bangkok_Thailand_2015	SRA:SRR9693053.21243952.2	99.010	101	1	0	3183	3283	1	101	5.26e-42	182
CFAV-Bangkok_Thailand_2015	SRA:SRR9693053.21222498.2	99.010	101	1	0	7533	7633	1	101	5.26e-42	182
CFAV-Bangkok_Thailand_2015	SRA:SRR9693053.21213068.1	99.010	101	1	0	6459	6559	101	1	5.26e-42	182
CFAV-Bangkok_Thailand_2015	SRA:SRR9693053.21208833.1	99.010	101	1	0	291	391	101	1	5.26e-42	182
CFAV-Bangkok_Thailand_2015	SRA:SRR9693053.21143720.2	99.010	101	1	0	3643	3743	1	101	5.26e-42	182
CFAV-Bangkok_Thailand_2015	SRA:SRR9693053.21114372.1	99.010	101	1	0	3188	3288	101	1	5.26e-42	182
CFAV-Bangkok_Thailand_2015	SRA:SRR9693053.21052363.1	99.010	101	1	0	3542	3642	101	1	5.26e-42	182
CFAV-Bangkok_Thailand_2015	SRA:SRR9693053.21000711.1	99.010	101	1	0	287	387	101	1	5.26e-42	182
CFAV-Bangkok_Thailand_2015	SRA:SRR9693053.20975843.2	99.010	101	1	0	287	387	1	101	5.26e-42	182
CFAV-Bangkok_Thailand_2015	SRA:SRR9693053.20947703.2	99.010	101	1	0	10475	10575	1	101	5.26e-42	182
CFAV-Bangkok_Thailand_2015	SRA:SRR9693053.20923250.2	99.010	101	1	0	5214	5314	1	101	5.26e-42	182
CFAV-Bangkok_Thailand_2015	SRA:SRR9693053.20872877.2	99.010	101	1	0	5187	5287	1	101	5.26e-42	182
CFAV-Bangkok_Thailand_2015	SRA:SRR9693053.20869696.2	99.010	101	1	0	289	389	1	101	5.26e-42	182
CFAV-Bangkok_Thailand_2015	SRA:SRR9693053.20721284.2	99.010	101	1	0	3697	3797	1	101	5.26e-42	182
CFAV-Bangkok_Thailand_2015	SRA:SRR9693053.20673850.1	99.010	101	1	0	9083	9183	101	1	5.26e-42	182
CFAV-Bangkok_Thailand_2015	SRA:SRR9693053.20572839.2	99.010	101	1	0	5187	5287	1	101	5.26e-42	182
CFAV-Bangkok_Thailand_2015	SRA:SRR9693053.20555460.2	99.010	101	1	0	3188	3288	1	101	5.26e-42	182
CFAV-Bangkok_Thailand_2015	SRA:SRR9693053.20518422.2	99.010	101	1	0	5189	5289	1	101	5.26e-42	182
CFAV-Bangkok_Thailand_2015	SRA:SRR9693053.20490508.2	99.010	101	1	0	3541	3641	1	101	5.26e-42	182
CFAV-Bangkok_Thailand_2015	SRA:SRR9693053.20420915.1	99.010	101	1	0	3911	4011	101	1	5.26e-42	182
CFAV-Bangkok_Thailand_2015	SRA:SRR9693053.20413019.1	99.010	101	1	0	4024	4124	101	1	5.26e-42	182
CFAV-Bangkok_Thailand_2015	SRA:SRR9693053.20401153.2	99.010	101	1	0	9990	10090	1	101	5.26e-42	182
CFAV-Bangkok_Thailand_2015	SRA:SRR9693053.20347023.1	99.010	101	1	0	3540	3640	101	1	5.26e-42	182
CFAV-Bangkok_Thailand_2015	SRA:SRR9693053.20327674.2	99.010	101	1	0	10486	10586	1	101	5.26e-42	182
CFAV-Bangkok_Thailand_2015	SRA:SRR9693053.20302866.1	99.010	101	1	0	7640	7740	101	1	5.26e-42	182
CFAV-Bangkok_Thailand_2015	SRA:SRR9693053.20299422.2	99.010	101	1	0	6460	6560	1	101	5.26e-42	182
CFAV-Bangkok_Thailand_2015	SRA:SRR9693053.20297248.1	99.010	101	1	0	7375	7475	101	1	5.26e-42	182
CFAV-Bangkok_Thailand_2015	SRA:SRR9693053.20183491.1	99.010	101	1	0	3889	3989	101	1	5.26e-42	182
CFAV-Bangkok_Thailand_2015	SRA:SRR9693053.20155197.2	99.010	101	1	0	3681	3781	1	101	5.26e-42	182
CFAV-Bangkok_Thailand_2015	SRA:SRR9693053.20155197.1	99.010	101	1	0	3702	3802	101	1	5.26e-42	182
CFAV-Bangkok_Thailand_2015	SRA:SRR9693053.20147676.1	99.010	101	1	0	3898	3998	101	1	5.26e-42	182
CFAV-Bangkok_Thailand_2015	SRA:SRR9693053.20126706.1	99.010	101	1	0	7625	7725	101	1	5.26e-42	182
CFAV-Bangkok_Thailand_2015	SRA:SRR9693053.20100633.2	99.010	101	1	0	5191	5291	1	101	5.26e-42	182
CFAV-Bangkok_Thailand_2015	SRA:SRR9693053.19882307.2	99.010	101	1	0	3666	3766	1	101	5.26e-42	182
CFAV-Bangkok_Thailand_2015	SRA:SRR9693053.19848898.1	99.010	101	1	0	291	391	101	1	5.26e-42	182
CFAV-Bangkok_Thailand_2015	SRA:SRR9693053.19833019.1	99.010	101	1	0	6479	6579	101	1	5.26e-42	182
CFAV-Bangkok_Thailand_2015	SRA:SRR9693053.19756947.2	99.010	101	1	0	5191	5291	1	101	5.26e-42	182
CFAV-Bangkok_Thailand_2015	SRA:SRR9693053.19700452.1	99.010	101	1	0	6869	6969	101	1	5.26e-42	182
CFAV-Bangkok_Thailand_2015	SRA:SRR9693053.19553882.2	99.010	101	1	0	6870	6970	1	101	5.26e-42	182
CFAV-Bangkok_Thailand_2015	SRA:SRR9693053.19548553.2	99.010	101	1	0	3188	3288	1	101	5.26e-42	182
CFAV-Bangkok_Thailand_2015	SRA:SRR9693053.19417485.1	99.010	101	1	0	5628	5728	101	1	5.26e-42	182
CFAV-Bangkok_Thailand_2015	SRA:SRR9693053.19388218.2	99.010	101	1	0	3899	3999	1	101	5.26e-42	182
CFAV-Bangkok_Thailand_2015	SRA:SRR9693053.19337225.2	99.010	101	1	0	3182	3282	1	101	5.26e-42	182
CFAV-Bangkok_Thailand_2015	SRA:SRR9693053.19312212.1	99.010	101	1	0	7372	7472	101	1	5.26e-42	182
CFAV-Bangkok_Thailand_2015	SRA:SRR9693053.19285808.1	99.010	101	1	0	10472	10572	101	1	5.26e-42	182
CFAV-Bangkok_Thailand_2015	SRA:SRR9693053.19285807.1	99.010	101	1	0	10472	10572	101	1	5.26e-42	182
CFAV-Bangkok_Thailand_2015	SRA:SRR9693053.19276606.1	99.010	101	1	0	5627	5727	101	1	5.26e-42	182
CFAV-Bangkok_Thailand_2015	SRA:SRR9693053.19252135.1	99.010	101	1	0	6480	6580	101	1	5.26e-42	182
CFAV-Bangkok_Thailand_2015	SRA:SRR9693053.19224724.1	99.010	101	1	0	5626	5726	101	1	5.26e-42	182
CFAV-Bangkok_Thailand_2015	SRA:SRR9693053.19223697.2	99.010	101	1	0	3919	4019	1	101	5.26e-42	182
CFAV-Bangkok_Thailand_2015	SRA:SRR9693053.19192357.2	99.010	101	1	0	6867	6967	1	101	5.26e-42	182
CFAV-Bangkok_Thailand_2015	SRA:SRR9693053.19165164.2	99.010	101	1	0	3666	3766	1	101	5.26e-42	182
CFAV-Bangkok_Thailand_2015	SRA:SRR9693053.19165164.1	99.010	101	1	0	3738	3838	101	1	5.26e-42	182
CFAV-Bangkok_Thailand_2015	SRA:SRR9693053.19090010.2	99.010	101	1	0	6468	6568	1	101	5.26e-42	182
CFAV-Bangkok_Thailand_2015	SRA:SRR9693053.19072449.2	99.010	101	1	0	10498	10598	1	101	5.26e-42	182
CFAV-Bangkok_Thailand_2015	SRA:SRR9693053.19044730.1	99.010	101	1	0	3188	3288	101	1	5.26e-42	182
CFAV-Bangkok_Thailand_2015	SRA:SRR9693053.19041580.1	99.010	101	1	0	3889	3989	101	1	5.26e-42	182
CFAV-Bangkok_Thailand_2015	SRA:SRR9693053.18994129.2	99.010	101	1	0	10499	10599	1	101	5.26e-42	182
CFAV-Bangkok_Thailand_2015	SRA:SRR9693053.18935179.2	99.010	101	1	0	3188	3288	1	101	5.26e-42	182
CFAV-Bangkok_Thailand_2015	SRA:SRR9693053.18905432.1	99.010	101	1	0	3868	3968	101	1	5.26e-42	182
CFAV-Bangkok_Thailand_2015	SRA:SRR9693053.18895529.2	99.010	101	1	0	10473	10573	1	101	5.26e-42	182
CFAV-Bangkok_Thailand_2015	SRA:SRR9693053.18895529.1	99.010	101	1	0	10485	10585	101	1	5.26e-42	182
CFAV-Bangkok_Thailand_2015	SRA:SRR9693053.18885661.2	99.010	101	1	0	5209	5309	1	101	5.26e-42	182
CFAV-Bangkok_Thailand_2015	SRA:SRR9693053.18838120.2	99.010	101	1	0	3899	3999	1	101	5.26e-42	182
CFAV-Bangkok_Thailand_2015	SRA:SRR9693053.18721860.1	99.010	101	1	0	10454	10554	101	1	5.26e-42	182
CFAV-Bangkok_Thailand_2015	SRA:SRR9693053.18683022.2	99.010	101	1	0	3656	3756	1	101	5.26e-42	182
CFAV-Bangkok_Thailand_2015	SRA:SRR9693053.18672352.1	99.010	101	1	0	3183	3283	101	1	5.26e-42	182
CFAV-Bangkok_Thailand_2015	SRA:SRR9693053.18605554.1	99.010	101	1	0	3682	3782	101	1	5.26e-42	182
CFAV-Bangkok_Thailand_2015	SRA:SRR9693053.18460358.2	99.010	101	1	0	5209	5309	1	101	5.26e-42	182
CFAV-Bangkok_Thailand_2015	SRA:SRR9693053.18414923.1	99.010	101	1	0	3909	4009	101	1	5.26e-42	182
CFAV-Bangkok_Thailand_2015	SRA:SRR9693053.18353334.2	99.010	101	1	0	5172	5272	1	101	5.26e-42	182
CFAV-Bangkok_Thailand_2015	SRA:SRR9693053.18300946.2	99.010	101	1	0	10500	10600	1	101	5.26e-42	182
CFAV-Bangkok_Thailand_2015	SRA:SRR9693053.18258568.2	99.010	101	1	0	6480	6580	1	101	5.26e-42	182
CFAV-Bangkok_Thailand_2015	SRA:SRR9693053.18255234.2	99.010	101	1	0	6866	6966	1	101	5.26e-42	182
CFAV-Bangkok_Thailand_2015	SRA:SRR9693053.18181746.2	99.010	101	1	0	3871	3971	1	101	5.26e-42	182
CFAV-Bangkok_Thailand_2015	SRA:SRR9693053.18181746.1	99.010	101	1	0	3914	4014	101	1	5.26e-42	182
CFAV-Bangkok_Thailand_2015	SRA:SRR9693053.18180022.1	99.010	101	1	0	9994	10094	101	1	5.26e-42	182
CFAV-Bangkok_Thailand_2015	SRA:SRR9693053.18063082.1	99.010	101	1	0	3915	4015	101	1	5.26e-42	182
CFAV-Bangkok_Thailand_2015	SRA:SRR9693053.18012598.2	99.010	101	1	0	7377	7477	1	101	5.26e-42	182
CFAV-Bangkok_Thailand_2015	SRA:SRR9693053.18012598.1	99.010	101	1	0	7532	7632	101	1	5.26e-42	182
CFAV-Bangkok_Thailand_2015	SRA:SRR9693053.17948044.1	99.010	101	1	0	3187	3287	101	1	5.26e-42	182
CFAV-Bangkok_Thailand_2015	SRA:SRR9693053.17852657.2	99.010	101	1	0	3695	3795	1	101	5.26e-42	182
CFAV-Bangkok_Thailand_2015	SRA:SRR9693053.17852657.1	99.010	101	1	0	3738	3838	101	1	5.26e-42	182
CFAV-Bangkok_Thailand_2015	SRA:SRR9693053.17834985.1	99.010	101	1	0	3678	3778	101	1	5.26e-42	182
CFAV-Bangkok_Thailand_2015	SRA:SRR9693053.17830089.1	99.010	101	1	0	3541	3641	101	1	5.26e-42	182
CFAV-Bangkok_Thailand_2015	SRA:SRR9693053.17795966.2	99.010	101	1	0	5209	5309	1	101	5.26e-42	182
CFAV-Bangkok_Thailand_2015	SRA:SRR9693053.17778184.1	99.010	101	1	0	9971	10071	101	1	5.26e-42	182
CFAV-Bangkok_Thailand_2015	SRA:SRR9693053.17726498.2	99.010	101	1	0	3697	3797	1	101	5.26e-42	182
CFAV-Bangkok_Thailand_2015	SRA:SRR9693053.17726498.1	99.010	101	1	0	3889	3989	101	1	5.26e-42	182
CFAV-Bangkok_Thailand_2015	SRA:SRR9693053.17719816.1	99.010	101	1	0	3184	3284	101	1	5.26e-42	182
CFAV-Bangkok_Thailand_2015	SRA:SRR9693053.17538681.2	99.010	101	1	0	5187	5287	1	101	5.26e-42	182
CFAV-Bangkok_Thailand_2015	SRA:SRR9693053.17508380.2	99.010	101	1	0	7634	7734	1	101	5.26e-42	182
CFAV-Bangkok_Thailand_2015	SRA:SRR9693053.17442247.2	99.010	101	1	0	5195	5295	1	101	5.26e-42	182
CFAV-Bangkok_Thailand_2015	SRA:SRR9693053.17408560.1	99.010	101	1	0	6516	6616	101	1	5.26e-42	182
CFAV-Bangkok_Thailand_2015	SRA:SRR9693053.17353690.2	99.010	101	1	0	3704	3804	1	101	5.26e-42	182
CFAV-Bangkok_Thailand_2015	SRA:SRR9693053.17344446.2	99.010	101	1	0	3651	3751	1	101	5.26e-42	182
CFAV-Bangkok_Thailand_2015	SRA:SRR9693053.17344446.1	99.010	101	1	0	3669	3769	101	1	5.26e-42	182
CFAV-Bangkok_Thailand_2015	SRA:SRR9693053.17329298.2	99.010	101	1	0	6479	6579	1	101	5.26e-42	182
CFAV-Bangkok_Thailand_2015	SRA:SRR9693053.17329298.1	99.010	101	1	0	6484	6584	101	1	5.26e-42	182
CFAV-Bangkok_Thailand_2015	SRA:SRR9693053.17300443.2	99.010	101	1	0	5187	5287	1	101	5.26e-42	182
CFAV-Bangkok_Thailand_2015	SRA:SRR9693053.17298500.1	99.010	101	1	0	3541	3641	101	1	5.26e-42	182
CFAV-Bangkok_Thailand_2015	SRA:SRR9693053.17243235.2	99.010	101	1	0	3549	3649	1	101	5.26e-42	182
CFAV-Bangkok_Thailand_2015	SRA:SRR9693053.17242497.2	99.010	101	1	0	3663	3763	1	101	5.26e-42	182
CFAV-Bangkok_Thailand_2015	SRA:SRR9693053.17206374.1	99.010	101	1	0	5174	5274	101	1	5.26e-42	182
CFAV-Bangkok_Thailand_2015	SRA:SRR9693053.17190577.2	99.010	101	1	0	7684	7784	1	101	5.26e-42	182
CFAV-Bangkok_Thailand_2015	SRA:SRR9693053.17164630.2	99.010	101	1	0	6499	6599	1	101	5.26e-42	182
CFAV-Bangkok_Thailand_2015	SRA:SRR9693053.17160006.2	99.010	101	1	0	5198	5298	1	101	5.26e-42	182
CFAV-Bangkok_Thailand_2015	SRA:SRR9693053.17157478.2	99.010	101	1	0	3730	3830	1	101	5.26e-42	182
CFAV-Bangkok_Thailand_2015	SRA:SRR9693053.17157478.1	99.010	101	1	0	3745	3845	101	1	5.26e-42	182
CFAV-Bangkok_Thailand_2015	SRA:SRR9693053.17103681.1	99.010	101	1	0	7372	7472	101	1	5.26e-42	182
CFAV-Bangkok_Thailand_2015	SRA:SRR9693053.17072897.1	99.010	101	1	0	5627	5727	101	1	5.26e-42	182
CFAV-Bangkok_Thailand_2015	SRA:SRR9693053.17021154.2	99.010	101	1	0	3653	3753	1	101	5.26e-42	182
CFAV-Bangkok_Thailand_2015	SRA:SRR9693053.17021154.1	99.010	101	1	0	3669	3769	101	1	5.26e-42	182
CFAV-Bangkok_Thailand_2015	SRA:SRR9693053.16900472.2	99.010	101	1	0	10484	10584	1	101	5.26e-42	182
CFAV-Bangkok_Thailand_2015	SRA:SRR9693053.16900472.1	99.010	101	1	0	10504	10604	101	1	5.26e-42	182
CFAV-Bangkok_Thailand_2015	SRA:SRR9693053.16686732.2	99.010	101	1	0	283	383	1	101	5.26e-42	182
CFAV-Bangkok_Thailand_2015	SRA:SRR9693053.16657824.1	99.010	101	1	0	9091	9191	101	1	5.26e-42	182
CFAV-Bangkok_Thailand_2015	SRA:SRR9693053.16580339.2	99.010	101	1	0	5181	5281	1	101	5.26e-42	182
CFAV-Bangkok_Thailand_2015	SRA:SRR9693053.16553040.2	99.010	101	1	0	3181	3281	1	101	5.26e-42	182
CFAV-Bangkok_Thailand_2015	SRA:SRR9693053.16553040.1	99.010	101	1	0	3191	3291	101	1	5.26e-42	182
CFAV-Bangkok_Thailand_2015	SRA:SRR9693053.16475440.2	99.010	101	1	0	10486	10586	1	101	5.26e-42	182
CFAV-Bangkok_Thailand_2015	SRA:SRR9693053.16475440.1	99.010	101	1	0	10488	10588	101	1	5.26e-42	182
CFAV-Bangkok_Thailand_2015	SRA:SRR9693053.16465355.1	99.010	101	1	0	291	391	101	1	5.26e-42	182
CFAV-Bangkok_Thailand_2015	SRA:SRR9693053.16447532.1	99.010	101	1	0	9087	9187	101	1	5.26e-42	182
CFAV-Bangkok_Thailand_2015	SRA:SRR9693053.16398953.2	99.010	101	1	0	10498	10598	1	101	5.26e-42	182
CFAV-Bangkok_Thailand_2015	SRA:SRR9693053.16395098.2	99.010	101	1	0	6833	6933	1	101	5.26e-42	182
CFAV-Bangkok_Thailand_2015	SRA:SRR9693053.16394864.2	99.010	101	1	0	6833	6933	1	101	5.26e-42	182
CFAV-Bangkok_Thailand_2015	SRA:SRR9693053.16311465.2	99.010	101	1	0	3902	4002	1	101	5.26e-42	182
CFAV-Bangkok_Thailand_2015	SRA:SRR9693053.16311465.1	99.010	101	1	0	3910	4010	101	1	5.26e-42	182
CFAV-Bangkok_Thailand_2015	SRA:SRR9693053.16259762.2	99.010	101	1	0	5167	5267	1	101	5.26e-42	182
CFAV-Bangkok_Thailand_2015	SRA:SRR9693053.16259762.1	99.010	101	1	0	5187	5287	101	1	5.26e-42	182
CFAV-Bangkok_Thailand_2015	SRA:SRR9693053.16243327.1	99.010	101	1	0	3188	3288	101	1	5.26e-42	182
CFAV-Bangkok_Thailand_2015	SRA:SRR9693053.16234225.1	99.010	101	1	0	3625	3725	101	1	5.26e-42	182
CFAV-Bangkok_Thailand_2015	SRA:SRR9693053.16223222.2	99.010	101	1	0	3879	3979	1	101	5.26e-42	182
CFAV-Bangkok_Thailand_2015	SRA:SRR9693053.16215026.1	99.010	101	1	0	3549	3649	101	1	5.26e-42	182
CFAV-Bangkok_Thailand_2015	SRA:SRR9693053.16098181.2	99.010	101	1	0	3182	3282	1	101	5.26e-42	182
CFAV-Bangkok_Thailand_2015	SRA:SRR9693053.16040549.2	99.010	101	1	0	3704	3804	1	101	5.26e-42	182
CFAV-Bangkok_Thailand_2015	SRA:SRR9693053.16006824.2	99.010	101	1	0	3641	3741	1	101	5.26e-42	182
CFAV-Bangkok_Thailand_2015	SRA:SRR9693053.16006824.1	99.010	101	1	0	3743	3843	101	1	5.26e-42	182
CFAV-Bangkok_Thailand_2015	SRA:SRR9693053.16002000.2	99.010	101	1	0	3667	3767	1	101	5.26e-42	182
CFAV-Bangkok_Thailand_2015	SRA:SRR9693053.15976652.2	99.010	101	1	0	5187	5287	1	101	5.26e-42	182
CFAV-Bangkok_Thailand_2015	SRA:SRR9693053.15976652.1	99.010	101	1	0	5190	5290	101	1	5.26e-42	182
CFAV-Bangkok_Thailand_2015	SRA:SRR9693053.15963735.2	99.010	101	1	0	10475	10575	1	101	5.26e-42	182
CFAV-Bangkok_Thailand_2015	SRA:SRR9693053.15963735.1	99.010	101	1	0	10488	10588	101	1	5.26e-42	182
CFAV-Bangkok_Thailand_2015	SRA:SRR9693053.15892054.1	99.010	101	1	0	7640	7740	101	1	5.26e-42	182
CFAV-Bangkok_Thailand_2015	SRA:SRR9693053.15867356.1	99.010	101	1	0	5191	5291	101	1	5.26e-42	182
CFAV-Bangkok_Thailand_2015	SRA:SRR9693053.15866867.1	99.010	101	1	0	3183	3283	101	1	5.26e-42	182
CFAV-Bangkok_Thailand_2015	SRA:SRR9693053.15835366.1	99.010	101	1	0	3915	4015	101	1	5.26e-42	182
CFAV-Bangkok_Thailand_2015	SRA:SRR9693053.15792880.1	99.010	101	1	0	7375	7475	101	1	5.26e-42	182
CFAV-Bangkok_Thailand_2015	SRA:SRR9693053.15785440.1	99.010	101	1	0	3669	3769	101	1	5.26e-42	182
CFAV-Bangkok_Thailand_2015	SRA:SRR9693053.15785230.2	99.010	101	1	0	10475	10575	1	101	5.26e-42	182
CFAV-Bangkok_Thailand_2015	SRA:SRR9693053.15772209.1	99.010	101	1	0	3889	3989	101	1	5.26e-42	182
CFAV-Bangkok_Thailand_2015	SRA:SRR9693053.15576085.1	99.010	101	1	0	3914	4014	101	1	5.26e-42	182
CFAV-Bangkok_Thailand_2015	SRA:SRR9693053.15573225.1	99.010	101	1	0	3914	4014	101	1	5.26e-42	182
CFAV-Bangkok_Thailand_2015	SRA:SRR9693053.15473965.1	99.010	101	1	0	3191	3291	101	1	5.26e-42	182
CFAV-Bangkok_Thailand_2015	SRA:SRR9693053.15457342.1	99.010	101	1	0	3911	4011	101	1	5.26e-42	182
CFAV-Bangkok_Thailand_2015	SRA:SRR9693053.15337419.2	99.010	101	1	0	5187	5287	1	101	5.26e-42	182
CFAV-Bangkok_Thailand_2015	SRA:SRR9693053.15329828.1	99.010	101	1	0	7688	7788	101	1	5.26e-42	182
CFAV-Bangkok_Thailand_2015	SRA:SRR9693053.15275869.1	99.010	101	1	0	10472	10572	101	1	5.26e-42	182
CFAV-Bangkok_Thailand_2015	SRA:SRR9693053.15262661.2	99.010	101	1	0	6531	6631	1	101	5.26e-42	182
CFAV-Bangkok_Thailand_2015	SRA:SRR9693053.15231316.2	99.010	101	1	0	3549	3649	1	101	5.26e-42	182
CFAV-Bangkok_Thailand_2015	SRA:SRR9693053.15231316.1	99.010	101	1	0	3549	3649	101	1	5.26e-42	182
CFAV-Bangkok_Thailand_2015	SRA:SRR9693053.15157140.1	99.010	101	1	0	6480	6580	101	1	5.26e-42	182
CFAV-Bangkok_Thailand_2015	SRA:SRR9693053.15146242.2	99.010	101	1	0	5198	5298	1	101	5.26e-42	182
CFAV-Bangkok_Thailand_2015	SRA:SRR9693053.15080616.2	99.010	101	1	0	3698	3798	1	101	5.26e-42	182
CFAV-Bangkok_Thailand_2015	SRA:SRR9693053.15028920.2	99.010	101	1	0	10497	10597	1	101	5.26e-42	182
CFAV-Bangkok_Thailand_2015	SRA:SRR9693053.15011791.2	99.010	101	1	0	10480	10580	1	101	5.26e-42	182
CFAV-Bangkok_Thailand_2015	SRA:SRR9693053.15011791.1	99.010	101	1	0	10486	10586	101	1	5.26e-42	182
CFAV-Bangkok_Thailand_2015	SRA:SRR9693053.14967941.2	99.010	101	1	0	6468	6568	1	101	5.26e-42	182
CFAV-Bangkok_Thailand_2015	SRA:SRR9693053.14967941.1	99.010	101	1	0	6480	6580	101	1	5.26e-42	182
CFAV-Bangkok_Thailand_2015	SRA:SRR9693053.14899195.2	99.010	101	1	0	6459	6559	1	101	5.26e-42	182
CFAV-Bangkok_Thailand_2015	SRA:SRR9693053.14899195.1	99.010	101	1	0	6463	6563	101	1	5.26e-42	182
CFAV-Bangkok_Thailand_2015	SRA:SRR9693053.14855574.1	99.010	101	1	0	6830	6930	101	1	5.26e-42	182
CFAV-Bangkok_Thailand_2015	SRA:SRR9693053.14759981.1	99.010	101	1	0	3189	3289	101	1	5.26e-42	182
CFAV-Bangkok_Thailand_2015	SRA:SRR9693053.14753088.2	99.010	101	1	0	3918	4018	1	101	5.26e-42	182
CFAV-Bangkok_Thailand_2015	SRA:SRR9693053.14682592.1	99.010	101	1	0	287	387	101	1	5.26e-42	182
CFAV-Bangkok_Thailand_2015	SRA:SRR9693053.14612297.2	99.010	101	1	0	10531	10631	1	101	5.26e-42	182
CFAV-Bangkok_Thailand_2015	SRA:SRR9693053.14551252.2	99.010	101	1	0	9082	9182	1	101	5.26e-42	182
CFAV-Bangkok_Thailand_2015	SRA:SRR9693053.14547040.1	99.010	101	1	0	3665	3765	101	1	5.26e-42	182
CFAV-Bangkok_Thailand_2015	SRA:SRR9693053.14535831.2	99.010	101	1	0	4028	4128	1	101	5.26e-42	182
CFAV-Bangkok_Thailand_2015	SRA:SRR9693053.14505652.2	99.010	101	1	0	9223	9323	1	101	5.26e-42	182
CFAV-Bangkok_Thailand_2015	SRA:SRR9693053.14371353.2	99.010	101	1	0	10453	10553	1	101	5.26e-42	182
CFAV-Bangkok_Thailand_2015	SRA:SRR9693053.14371353.1	99.010	101	1	0	10454	10554	101	1	5.26e-42	182
CFAV-Bangkok_Thailand_2015	SRA:SRR9693053.14339219.1	99.010	101	1	0	6828	6928	101	1	5.26e-42	182
CFAV-Bangkok_Thailand_2015	SRA:SRR9693053.14300647.1	99.010	101	1	0	5188	5288	101	1	5.26e-42	182
CFAV-Bangkok_Thailand_2015	SRA:SRR9693053.14291163.2	99.010	101	1	0	10481	10581	1	101	5.26e-42	182
CFAV-Bangkok_Thailand_2015	SRA:SRR9693053.14291163.1	99.010	101	1	0	10482	10582	101	1	5.26e-42	182
CFAV-Bangkok_Thailand_2015	SRA:SRR9693053.14252502.1	99.010	101	1	0	3887	3987	101	1	5.26e-42	182
CFAV-Bangkok_Thailand_2015	SRA:SRR9693053.14208109.1	99.010	101	1	0	10489	10589	101	1	5.26e-42	182
CFAV-Bangkok_Thailand_2015	SRA:SRR9693053.14125475.2	99.010	101	1	0	3182	3282	1	101	5.26e-42	182
CFAV-Bangkok_Thailand_2015	SRA:SRR9693053.14119683.2	99.010	101	1	0	9117	9217	1	101	5.26e-42	182
CFAV-Bangkok_Thailand_2015	SRA:SRR9693053.14104001.1	99.010	101	1	0	6819	6919	101	1	5.26e-42	182
CFAV-Bangkok_Thailand_2015	SRA:SRR9693053.14090764.1	99.010	101	1	0	6838	6938	101	1	5.26e-42	182
CFAV-Bangkok_Thailand_2015	SRA:SRR9693053.14015925.2	99.010	101	1	0	5194	5294	1	101	5.26e-42	182
CFAV-Bangkok_Thailand_2015	SRA:SRR9693053.13956339.1	99.010	101	1	0	6827	6927	101	1	5.26e-42	182
CFAV-Bangkok_Thailand_2015	SRA:SRR9693053.13940900.2	99.010	101	1	0	5182	5282	1	101	5.26e-42	182
CFAV-Bangkok_Thailand_2015	SRA:SRR9693053.13874966.1	99.010	101	1	0	6842	6942	101	1	5.26e-42	182
CFAV-Bangkok_Thailand_2015	SRA:SRR9693053.13810041.1	99.010	101	1	0	1201	1301	101	1	5.26e-42	182
CFAV-Bangkok_Thailand_2015	SRA:SRR9693053.13757994.2	99.010	101	1	0	7569	7669	1	101	5.26e-42	182
CFAV-Bangkok_Thailand_2015	SRA:SRR9693053.13740019.2	99.010	101	1	0	9090	9190	1	101	5.26e-42	182
CFAV-Bangkok_Thailand_2015	SRA:SRR9693053.13690677.2	99.010	101	1	0	9992	10092	1	101	5.26e-42	182
CFAV-Bangkok_Thailand_2015	SRA:SRR9693053.13628900.1	99.010	101	1	0	3669	3769	101	1	5.26e-42	182
CFAV-Bangkok_Thailand_2015	SRA:SRR9693053.13598481.2	99.010	101	1	0	3559	3659	1	101	5.26e-42	182
CFAV-Bangkok_Thailand_2015	SRA:SRR9693053.13581602.1	99.010	101	1	0	3677	3777	101	1	5.26e-42	182
CFAV-Bangkok_Thailand_2015	SRA:SRR9693053.13578020.1	99.010	101	1	0	3868	3968	101	1	5.26e-42	182
CFAV-Bangkok_Thailand_2015	SRA:SRR9693053.13574374.1	99.010	101	1	0	291	391	101	1	5.26e-42	182
CFAV-Bangkok_Thailand_2015	SRA:SRR9693053.13530408.1	99.010	101	1	0	3185	3285	101	1	5.26e-42	182
CFAV-Bangkok_Thailand_2015	SRA:SRR9693053.13528376.1	99.010	101	1	0	1203	1303	101	1	5.26e-42	182
CFAV-Bangkok_Thailand_2015	SRA:SRR9693053.13513036.2	99.010	101	1	0	6456	6556	1	101	5.26e-42	182
CFAV-Bangkok_Thailand_2015	SRA:SRR9693053.13513036.1	99.010	101	1	0	6456	6556	101	1	5.26e-42	182
CFAV-Bangkok_Thailand_2015	SRA:SRR9693053.13505059.2	99.010	101	1	0	284	384	1	101	5.26e-42	182
CFAV-Bangkok_Thailand_2015	SRA:SRR9693053.13496064.2	99.010	101	1	0	283	383	1	101	5.26e-42	182
CFAV-Bangkok_Thailand_2015	SRA:SRR9693053.13494202.2	99.010	101	1	0	7686	7786	1	101	5.26e-42	182
CFAV-Bangkok_Thailand_2015	SRA:SRR9693053.13487458.2	99.010	101	1	0	3551	3651	1	101	5.26e-42	182
CFAV-Bangkok_Thailand_2015	SRA:SRR9693053.13460211.2	99.010	101	1	0	5198	5298	1	101	5.26e-42	182
CFAV-Bangkok_Thailand_2015	SRA:SRR9693053.13459355.2	99.010	101	1	0	3638	3738	1	101	5.26e-42	182
CFAV-Bangkok_Thailand_2015	SRA:SRR9693053.13459355.1	99.010	101	1	0	3669	3769	101	1	5.26e-42	182
CFAV-Bangkok_Thailand_2015	SRA:SRR9693053.13360394.1	99.010	101	1	0	9085	9185	101	1	5.26e-42	182
CFAV-Bangkok_Thailand_2015	SRA:SRR9693053.13291242.1	99.010	101	1	0	6467	6567	101	1	5.26e-42	182
CFAV-Bangkok_Thailand_2015	SRA:SRR9693053.13214139.1	99.010	101	1	0	3672	3772	101	1	5.26e-42	182
CFAV-Bangkok_Thailand_2015	SRA:SRR9693053.13122247.2	99.010	101	1	0	6475	6575	1	101	5.26e-42	182
CFAV-Bangkok_Thailand_2015	SRA:SRR9693053.13122247.1	99.010	101	1	0	6481	6581	101	1	5.26e-42	182
CFAV-Bangkok_Thailand_2015	SRA:SRR9693053.13086689.2	99.010	101	1	0	6484	6584	1	101	5.26e-42	182
CFAV-Bangkok_Thailand_2015	SRA:SRR9693053.13086689.1	99.010	101	1	0	6522	6622	101	1	5.26e-42	182
CFAV-Bangkok_Thailand_2015	SRA:SRR9693053.13077209.2	99.010	101	1	0	3886	3986	1	101	5.26e-42	182
CFAV-Bangkok_Thailand_2015	SRA:SRR9693053.13077209.1	99.010	101	1	0	3889	3989	101	1	5.26e-42	182
CFAV-Bangkok_Thailand_2015	SRA:SRR9693053.13067967.1	99.010	101	1	0	290	390	101	1	5.26e-42	182
CFAV-Bangkok_Thailand_2015	SRA:SRR9693053.13042855.2	99.010	101	1	0	5209	5309	1	101	5.26e-42	182
CFAV-Bangkok_Thailand_2015	SRA:SRR9693053.12995066.2	99.010	101	1	0	3181	3281	1	101	5.26e-42	182
CFAV-Bangkok_Thailand_2015	SRA:SRR9693053.12977341.2	99.010	101	1	0	3916	4016	1	101	5.26e-42	182
CFAV-Bangkok_Thailand_2015	SRA:SRR9693053.12961806.2	99.010	101	1	0	10486	10586	1	101	5.26e-42	182
CFAV-Bangkok_Thailand_2015	SRA:SRR9693053.12852644.2	99.010	101	1	0	10473	10573	1	101	5.26e-42	182
CFAV-Bangkok_Thailand_2015	SRA:SRR9693053.12760636.1	99.010	101	1	0	3549	3649	101	1	5.26e-42	182
CFAV-Bangkok_Thailand_2015	SRA:SRR9693053.12750392.2	99.010	101	1	0	10462	10562	1	101	5.26e-42	182
CFAV-Bangkok_Thailand_2015	SRA:SRR9693053.12750392.1	99.010	101	1	0	10482	10582	101	1	5.26e-42	182
CFAV-Bangkok_Thailand_2015	SRA:SRR9693053.12718547.2	99.010	101	1	0	6456	6556	1	101	5.26e-42	182
CFAV-Bangkok_Thailand_2015	SRA:SRR9693053.12718547.1	99.010	101	1	0	6516	6616	101	1	5.26e-42	182
CFAV-Bangkok_Thailand_2015	SRA:SRR9693053.12608479.1	99.010	101	1	0	9089	9189	101	1	5.26e-42	182
CFAV-Bangkok_Thailand_2015	SRA:SRR9693053.12544918.1	99.010	101	1	0	10489	10589	101	1	5.26e-42	182
CFAV-Bangkok_Thailand_2015	SRA:SRR9693053.12502947.1	99.010	101	1	0	3568	3668	101	1	5.26e-42	182
CFAV-Bangkok_Thailand_2015	SRA:SRR9693053.12498250.1	99.010	101	1	0	10521	10621	101	1	5.26e-42	182
CFAV-Bangkok_Thailand_2015	SRA:SRR9693053.12446173.2	99.010	101	1	0	10524	10624	1	101	5.26e-42	182
CFAV-Bangkok_Thailand_2015	SRA:SRR9693053.12408981.2	99.010	101	1	0	7305	7405	1	101	5.26e-42	182
CFAV-Bangkok_Thailand_2015	SRA:SRR9693053.12164175.2	99.010	101	1	0	6818	6918	1	101	5.26e-42	182
CFAV-Bangkok_Thailand_2015	SRA:SRR9693053.12164175.1	99.010	101	1	0	6830	6930	101	1	5.26e-42	182
CFAV-Bangkok_Thailand_2015	SRA:SRR9693053.12116457.2	99.010	101	1	0	4024	4124	1	101	5.26e-42	182
CFAV-Bangkok_Thailand_2015	SRA:SRR9693053.12101229.2	99.010	101	1	0	3866	3966	1	101	5.26e-42	182
CFAV-Bangkok_Thailand_2015	SRA:SRR9693053.12101229.1	99.010	101	1	0	3911	4011	101	1	5.26e-42	182
CFAV-Bangkok_Thailand_2015	SRA:SRR9693053.11894249.1	99.010	101	1	0	7570	7670	101	1	5.26e-42	182
CFAV-Bangkok_Thailand_2015	SRA:SRR9693053.11821065.1	99.010	101	1	0	3873	3973	101	1	5.26e-42	182
CFAV-Bangkok_Thailand_2015	SRA:SRR9693053.11785458.2	99.010	101	1	0	3705	3805	1	101	5.26e-42	182
CFAV-Bangkok_Thailand_2015	SRA:SRR9693053.11714819.2	99.010	101	1	0	9223	9323	1	101	5.26e-42	182
CFAV-Bangkok_Thailand_2015	SRA:SRR9693053.11712014.2	99.010	101	1	0	3704	3804	1	101	5.26e-42	182
CFAV-Bangkok_Thailand_2015	SRA:SRR9693053.11597200.2	99.010	101	1	0	9086	9186	1	101	5.26e-42	182
CFAV-Bangkok_Thailand_2015	SRA:SRR9693053.11567223.1	99.010	101	1	0	10482	10582	101	1	5.26e-42	182
CFAV-Bangkok_Thailand_2015	SRA:SRR9693053.11565588.1	99.010	101	1	0	9090	9190	101	1	5.26e-42	182
CFAV-Bangkok_Thailand_2015	SRA:SRR9693053.11558650.2	99.010	101	1	0	3703	3803	1	101	5.26e-42	182
CFAV-Bangkok_Thailand_2015	SRA:SRR9693053.11550983.1	99.010	101	1	0	3189	3289	101	1	5.26e-42	182
CFAV-Bangkok_Thailand_2015	SRA:SRR9693053.11505265.2	99.010	101	1	0	3886	3986	1	101	5.26e-42	182
CFAV-Bangkok_Thailand_2015	SRA:SRR9693053.11505265.1	99.010	101	1	0	3910	4010	101	1	5.26e-42	182
CFAV-Bangkok_Thailand_2015	SRA:SRR9693053.11490823.2	99.010	101	1	0	5187	5287	1	101	5.26e-42	182
CFAV-Bangkok_Thailand_2015	SRA:SRR9693053.11382547.1	99.010	101	1	0	7372	7472	101	1	5.26e-42	182
CFAV-Bangkok_Thailand_2015	SRA:SRR9693053.11361836.2	99.010	101	1	0	9971	10071	1	101	5.26e-42	182
CFAV-Bangkok_Thailand_2015	SRA:SRR9693053.11361836.1	99.010	101	1	0	9995	10095	101	1	5.26e-42	182
CFAV-Bangkok_Thailand_2015	SRA:SRR9693053.11303866.2	99.010	101	1	0	3656	3756	1	101	5.26e-42	182
CFAV-Bangkok_Thailand_2015	SRA:SRR9693053.11303866.1	99.010	101	1	0	3669	3769	101	1	5.26e-42	182
CFAV-Bangkok_Thailand_2015	SRA:SRR9693053.11221309.1	99.010	101	1	0	9225	9325	101	1	5.26e-42	182
CFAV-Bangkok_Thailand_2015	SRA:SRR9693053.11214326.2	99.010	101	1	0	6846	6946	1	101	5.26e-42	182
CFAV-Bangkok_Thailand_2015	SRA:SRR9693053.11187294.1	99.010	101	1	0	6828	6928	101	1	5.26e-42	182
CFAV-Bangkok_Thailand_2015	SRA:SRR9693053.11123309.2	99.010	101	1	0	3183	3283	1	101	5.26e-42	182
CFAV-Bangkok_Thailand_2015	SRA:SRR9693053.11123309.1	99.010	101	1	0	3183	3283	101	1	5.26e-42	182
CFAV-Bangkok_Thailand_2015	SRA:SRR9693053.11095953.2	99.010	101	1	0	6082	6182	1	101	5.26e-42	182
CFAV-Bangkok_Thailand_2015	SRA:SRR9693053.11028305.2	99.010	101	1	0	10473	10573	1	101	5.26e-42	182
CFAV-Bangkok_Thailand_2015	SRA:SRR9693053.11028305.1	99.010	101	1	0	10489	10589	101	1	5.26e-42	182
CFAV-Bangkok_Thailand_2015	SRA:SRR9693053.10943509.2	99.010	101	1	0	3550	3650	1	101	5.26e-42	182
CFAV-Bangkok_Thailand_2015	SRA:SRR9693053.10863166.1	99.010	101	1	0	10482	10582	101	1	5.26e-42	182
CFAV-Bangkok_Thailand_2015	SRA:SRR9693053.10847278.2	99.010	101	1	0	3665	3765	1	101	5.26e-42	182
CFAV-Bangkok_Thailand_2015	SRA:SRR9693053.10838607.2	99.010	101	1	0	3184	3284	1	101	5.26e-42	182
CFAV-Bangkok_Thailand_2015	SRA:SRR9693053.10822139.2	99.010	101	1	0	5214	5314	1	101	5.26e-42	182
CFAV-Bangkok_Thailand_2015	SRA:SRR9693053.10808735.2	99.010	101	1	0	3679	3779	1	101	5.26e-42	182
CFAV-Bangkok_Thailand_2015	SRA:SRR9693053.10746024.2	99.010	101	1	0	10481	10581	1	101	5.26e-42	182
CFAV-Bangkok_Thailand_2015	SRA:SRR9693053.10678852.2	99.010	101	1	0	7682	7782	1	101	5.26e-42	182
CFAV-Bangkok_Thailand_2015	SRA:SRR9693053.10676361.2	99.010	101	1	0	3884	3984	1	101	5.26e-42	182
CFAV-Bangkok_Thailand_2015	SRA:SRR9693053.10676361.1	99.010	101	1	0	3909	4009	101	1	5.26e-42	182
CFAV-Bangkok_Thailand_2015	SRA:SRR9693053.10669107.2	99.010	101	1	0	3182	3282	1	101	5.26e-42	182
