MK860761.1	SRA:ERR3376863.263420016.2	99.338	151	1	0	7335	7485	151	1	1.39e-68	274
MK860761.1	SRA:ERR3376863.263418789.2	99.338	151	1	0	7335	7485	151	1	1.39e-68	274
MK860761.1	SRA:ERR3376863.98807245.1	99.338	151	1	0	3941	4091	151	1	1.39e-68	274
MK860761.1	SRA:ERR3376863.91529065.1	99.338	151	1	0	3930	4080	151	1	1.39e-68	274
MK860761.1	SRA:ERR3376863.63453609.1	99.338	151	1	0	3934	4084	1	151	1.39e-68	274
MK860761.1	SRA:ERR3376863.51853788.2	99.338	151	1	0	7337	7487	1	151	1.39e-68	274
MK860761.1	SRA:ERR3376863.146406877.1	99.329	149	1	0	7335	7483	1	149	1.79e-67	270
MK860761.1	SRA:ERR3376863.171958113.1	98.013	151	3	0	7327	7477	1	151	3.00e-65	263
MK860761.1	SRA:ERR3376863.145814647.1	98.000	150	3	0	3973	4122	150	1	1.08e-64	261
MK860761.1	SRA:ERR3376863.10539431.2	98.000	150	3	0	3995	4144	150	1	1.08e-64	261
MK860761.1	SRA:ERR3376863.103464973.2	99.301	143	1	0	3924	4066	9	151	3.88e-64	259
MK860761.1	SRA:ERR3376863.245476910.2	97.351	151	4	0	3991	4141	1	151	1.40e-63	257
MK860761.1	SRA:ERR3376863.245476910.1	97.351	151	4	0	4006	4156	151	1	1.40e-63	257
MK860761.1	SRA:ERR3376863.95763168.2	97.333	150	4	0	4003	4152	150	1	5.02e-63	255
MK860761.1	SRA:ERR3376863.63453609.2	97.333	150	4	0	4011	4160	151	2	5.02e-63	255
MK860761.1	SRA:ERR3376863.179705716.2	99.270	137	1	0	7322	7458	137	1	8.40e-61	248
MK860761.1	SRA:ERR3376863.252182206.1	96.026	151	6	0	4055	4205	151	1	3.02e-60	246
MK860761.1	SRA:ERR3376863.137239256.2	99.265	136	1	0	3953	4088	1	136	3.02e-60	246
MK860761.1	SRA:ERR3376863.137239256.1	99.265	136	1	0	3953	4088	136	1	3.02e-60	246
MK860761.1	SRA:ERR3376863.134324754.1	96.026	151	6	0	4055	4205	1	151	3.02e-60	246
MK860761.1	SRA:ERR3376863.104523919.1	96.026	151	6	0	4053	4203	151	1	3.02e-60	246
MK860761.1	SRA:ERR3376863.155700729.1	96.000	150	6	0	4050	4199	1	150	1.09e-59	244
MK860761.1	SRA:ERR3376863.111486505.1	96.000	150	6	0	4050	4199	1	150	1.09e-59	244
MK860761.1	SRA:ERR3376863.111486270.1	96.000	150	6	0	4050	4199	1	150	1.09e-59	244
MK860761.1	SRA:ERR3376863.103464973.1	96.000	150	6	0	4051	4200	150	1	1.09e-59	244
MK860761.1	SRA:ERR3376863.31806986.2	96.000	150	6	0	4039	4188	2	151	1.09e-59	244
MK860761.1	SRA:ERR3376863.238260185.1	95.364	151	7	0	8582	8732	1	151	1.41e-58	241
MK860761.1	SRA:ERR3376863.190089347.2	95.364	151	7	0	8592	8742	151	1	1.41e-58	241
MK860761.1	SRA:ERR3376863.168811347.1	95.364	151	7	0	4023	4173	1	151	1.41e-58	241
MK860761.1	SRA:ERR3376863.162886683.2	96.552	145	5	0	4020	4164	1	145	1.41e-58	241
MK860761.1	SRA:ERR3376863.162886683.1	96.552	145	5	0	4020	4164	145	1	1.41e-58	241
MK860761.1	SRA:ERR3376863.155700729.2	95.364	151	7	0	4070	4220	151	1	1.41e-58	241
MK860761.1	SRA:ERR3376863.111486505.2	95.364	151	7	0	4070	4220	151	1	1.41e-58	241
MK860761.1	SRA:ERR3376863.111486270.2	95.364	151	7	0	4070	4220	151	1	1.41e-58	241
MK860761.1	SRA:ERR3376863.81338579.2	95.946	148	6	0	4046	4193	3	150	1.41e-58	241
MK860761.1	SRA:ERR3376863.51752119.2	95.364	151	7	0	4075	4225	1	151	1.41e-58	241
MK860761.1	SRA:ERR3376863.20464836.1	95.364	151	7	0	4070	4220	151	1	1.41e-58	241
MK860761.1	SRA:ERR3376863.241793101.2	95.333	150	7	0	4028	4177	1	150	5.06e-58	239
MK860761.1	SRA:ERR3376863.192680244.2	95.333	150	7	0	8599	8748	1	150	5.06e-58	239
MK860761.1	SRA:ERR3376863.190089347.1	95.333	150	7	0	8578	8727	2	151	5.06e-58	239
MK860761.1	SRA:ERR3376863.20464836.2	95.333	150	7	0	4020	4169	1	150	5.06e-58	239
MK860761.1	SRA:ERR3376863.10442276.1	95.333	150	7	0	4071	4220	1	150	5.06e-58	239
MK860761.1	SRA:ERR3376863.130107846.2	99.237	131	1	0	7322	7452	19	149	1.82e-57	237
MK860761.1	SRA:ERR3376863.81338579.1	95.302	149	7	0	4079	4227	151	3	1.82e-57	237
MK860761.1	SRA:ERR3376863.19362874.1	95.302	149	7	0	4079	4227	149	1	1.82e-57	237
MK860761.1	SRA:ERR3376863.8548848.1	99.237	131	1	0	3924	4054	131	1	1.82e-57	237
MK860761.1	SRA:ERR3376863.168811347.2	94.702	151	8	0	4082	4232	151	1	6.54e-57	235
MK860761.1	SRA:ERR3376863.130107846.1	99.231	130	1	0	7322	7451	131	2	6.54e-57	235
MK860761.1	SRA:ERR3376863.31806986.1	94.702	151	8	0	4102	4252	151	1	6.54e-57	235
MK860761.1	SRA:ERR3376863.23403642.2	95.270	148	7	0	8578	8725	148	1	6.54e-57	235
MK860761.1	SRA:ERR3376863.10442276.2	94.702	151	8	0	4085	4235	151	1	6.54e-57	235
MK860761.1	SRA:ERR3376863.247773580.1	95.804	143	6	0	4061	4203	143	1	8.46e-56	231
MK860761.1	SRA:ERR3376863.230979440.1	94.631	149	8	0	4105	4253	1	149	8.46e-56	231
MK860761.1	SRA:ERR3376863.230977818.1	94.631	149	8	0	4105	4253	1	149	8.46e-56	231
MK860761.1	SRA:ERR3376863.230977723.1	94.631	149	8	0	4105	4253	1	149	8.46e-56	231
MK860761.1	SRA:ERR3376863.97486523.2	95.205	146	7	0	4032	4177	146	1	8.46e-56	231
MK860761.1	SRA:ERR3376863.46976150.1	94.631	149	8	0	4079	4227	1	149	8.46e-56	231
MK860761.1	SRA:ERR3376863.40528575.2	95.804	143	6	0	4045	4187	143	1	8.46e-56	231
MK860761.1	SRA:ERR3376863.40528575.1	95.804	143	6	0	4045	4187	1	143	8.46e-56	231
MK860761.1	SRA:ERR3376863.230979440.2	94.040	151	9	0	4108	4258	151	1	3.04e-55	230
MK860761.1	SRA:ERR3376863.230977818.2	94.040	151	9	0	4108	4258	151	1	3.04e-55	230
MK860761.1	SRA:ERR3376863.230977723.2	94.040	151	9	0	4108	4258	151	1	3.04e-55	230
MK860761.1	SRA:ERR3376863.109824839.2	94.040	151	9	0	8571	8721	151	1	3.04e-55	230
MK860761.1	SRA:ERR3376863.260831346.2	96.377	138	5	0	8611	8748	1	138	1.09e-54	228
MK860761.1	SRA:ERR3376863.260831345.2	96.377	138	5	0	8611	8748	1	138	1.09e-54	228
MK860761.1	SRA:ERR3376863.247776063.2	95.745	141	6	0	4063	4203	1	141	1.09e-54	228
MK860761.1	SRA:ERR3376863.247776063.1	95.745	141	6	0	4063	4203	141	1	1.09e-54	228
MK860761.1	SRA:ERR3376863.223333451.1	99.206	126	1	0	3924	4049	126	1	1.09e-54	228
MK860761.1	SRA:ERR3376863.97486523.1	95.139	144	7	0	4032	4175	8	151	1.09e-54	228
MK860761.1	SRA:ERR3376863.7277372.1	97.744	133	1	1	7367	7497	1	133	1.09e-54	228
MK860761.1	SRA:ERR3376863.148056475.1	99.200	125	1	0	3924	4048	125	1	3.94e-54	226
MK860761.1	SRA:ERR3376863.51853788.1	97.727	132	1	1	7368	7497	151	20	3.94e-54	226
MK860761.1	SRA:ERR3376863.35223007.2	100.000	122	0	0	7342	7463	122	1	3.94e-54	226
MK860761.1	SRA:ERR3376863.35223007.1	100.000	122	0	0	7342	7463	1	122	3.94e-54	226
MK860761.1	SRA:ERR3376863.19362874.2	93.919	148	9	0	4061	4208	1	148	1.42e-53	224
MK860761.1	SRA:ERR3376863.251342285.1	97.692	130	1	1	7370	7497	1	130	5.09e-53	222
MK860761.1	SRA:ERR3376863.255875410.2	95.620	137	6	0	3958	4094	1	137	1.83e-52	220
MK860761.1	SRA:ERR3376863.203782620.2	96.269	134	5	0	8615	8748	1	134	1.83e-52	220
MK860761.1	SRA:ERR3376863.263851066.2	97.638	127	3	0	4022	4148	127	1	6.59e-52	219
MK860761.1	SRA:ERR3376863.263851066.1	97.638	127	3	0	4022	4148	1	127	6.59e-52	219
MK860761.1	SRA:ERR3376863.216061686.2	94.326	141	8	0	4091	4231	141	1	2.37e-51	217
MK860761.1	SRA:ERR3376863.216061686.1	94.326	141	8	0	4091	4231	1	141	2.37e-51	217
MK860761.1	SRA:ERR3376863.260259856.2	94.853	136	6	1	3967	4101	1	136	1.10e-49	211
MK860761.1	SRA:ERR3376863.175536693.2	96.124	129	5	0	8620	8748	151	23	1.10e-49	211
MK860761.1	SRA:ERR3376863.147672730.1	100.000	114	0	0	3924	4037	115	2	1.10e-49	211
MK860761.1	SRA:ERR3376863.47827950.2	96.850	127	3	1	3924	4049	2	128	1.10e-49	211
MK860761.1	SRA:ERR3376863.122468604.1	96.094	128	5	0	8621	8748	1	128	3.97e-49	209
MK860761.1	SRA:ERR3376863.11864382.2	97.541	122	3	0	4015	4136	1	122	3.97e-49	209
MK860761.1	SRA:ERR3376863.11864382.1	97.541	122	3	0	4015	4136	122	1	3.97e-49	209
MK860761.1	SRA:ERR3376863.208832291.1	96.774	124	4	0	8620	8743	125	2	1.43e-48	207
MK860761.1	SRA:ERR3376863.198623116.1	92.414	145	10	1	4122	4265	1	145	5.13e-48	206
MK860761.1	SRA:ERR3376863.198620247.1	92.414	145	10	1	4122	4265	1	145	5.13e-48	206
MK860761.1	SRA:ERR3376863.148411395.2	92.414	145	10	1	4122	4265	149	5	5.13e-48	206
MK860761.1	SRA:ERR3376863.19933324.2	92.414	145	10	1	4122	4265	145	1	5.13e-48	206
MK860761.1	SRA:ERR3376863.19933324.1	92.414	145	10	1	4122	4265	1	145	5.13e-48	206
MK860761.1	SRA:ERR3376863.134634255.2	94.030	134	8	0	8563	8696	134	1	1.84e-47	204
MK860761.1	SRA:ERR3376863.5995309.2	99.115	113	1	0	7322	7434	38	150	1.84e-47	204
MK860761.1	SRA:ERR3376863.260259856.1	96.721	122	3	1	3981	4101	151	30	6.64e-47	202
MK860761.1	SRA:ERR3376863.240397737.1	96.694	121	4	0	8628	8748	151	31	6.64e-47	202
MK860761.1	SRA:ERR3376863.91529065.2	94.656	131	5	1	7369	7497	151	21	6.64e-47	202
MK860761.1	SRA:ERR3376863.5995309.1	96.694	121	4	0	8628	8748	150	30	6.64e-47	202
MK860761.1	SRA:ERR3376863.255875410.1	94.574	129	7	0	3969	4097	151	23	2.39e-46	200
MK860761.1	SRA:ERR3376863.128528846.1	96.667	120	4	0	8629	8748	1	120	2.39e-46	200
MK860761.1	SRA:ERR3376863.70491410.1	96.667	120	4	0	8629	8748	1	120	2.39e-46	200
MK860761.1	SRA:ERR3376863.41675429.2	96.610	118	4	0	8631	8748	131	14	3.09e-45	196
MK860761.1	SRA:ERR3376863.263420016.1	99.074	108	1	0	7322	7429	44	151	1.11e-44	195
MK860761.1	SRA:ERR3376863.263418789.1	99.074	108	1	0	7322	7429	44	151	1.11e-44	195
MK860761.1	SRA:ERR3376863.183480730.2	92.086	139	10	1	4128	4265	141	3	1.11e-44	195
MK860761.1	SRA:ERR3376863.183480730.1	92.086	139	10	1	4128	4265	1	139	1.11e-44	195
MK860761.1	SRA:ERR3376863.183480380.2	92.086	139	10	1	4128	4265	141	3	1.11e-44	195
MK860761.1	SRA:ERR3376863.183480380.1	92.086	139	10	1	4128	4265	1	139	1.11e-44	195
MK860761.1	SRA:ERR3376863.161991401.2	94.400	125	7	0	8578	8702	23	147	3.99e-44	193
MK860761.1	SRA:ERR3376863.252728492.2	91.971	137	10	1	4130	4265	151	15	1.44e-43	191
MK860761.1	SRA:ERR3376863.247773580.2	90.845	142	13	0	4063	4204	1	142	1.44e-43	191
MK860761.1	SRA:ERR3376863.28463463.2	100.000	103	0	0	3924	4026	28	130	1.44e-43	191
MK860761.1	SRA:ERR3376863.28463463.1	100.000	103	0	0	3924	4026	103	1	1.44e-43	191
MK860761.1	SRA:ERR3376863.63049394.1	96.491	114	4	0	8635	8748	1	114	5.17e-43	189
MK860761.1	SRA:ERR3376863.181416249.2	100.000	101	0	0	3924	4024	1	101	1.86e-42	187
MK860761.1	SRA:ERR3376863.76231656.1	99.038	104	1	0	3991	4094	1	104	1.86e-42	187
MK860761.1	SRA:ERR3376863.52683342.1	97.273	110	3	0	4035	4144	1	110	1.86e-42	187
MK860761.1	SRA:ERR3376863.51699023.2	99.038	104	1	0	3944	4047	104	1	1.86e-42	187
MK860761.1	SRA:ERR3376863.98807245.2	97.248	109	3	0	3924	4032	43	151	6.68e-42	185
MK860761.1	SRA:ERR3376863.85825496.2	99.020	102	1	0	3985	4086	132	31	2.40e-41	183
MK860761.1	SRA:ERR3376863.85825496.1	99.020	102	1	0	3985	4086	1	102	2.40e-41	183
MK860761.1	SRA:ERR3376863.51752119.1	91.729	133	10	1	4134	4265	150	18	2.40e-41	183
MK860761.1	SRA:ERR3376863.126230984.2	97.222	108	1	1	7392	7497	1	108	8.64e-41	182
MK860761.1	SRA:ERR3376863.126230984.1	97.222	108	1	1	7392	7497	122	15	8.64e-41	182
MK860761.1	SRA:ERR3376863.52683342.2	96.364	110	4	0	4035	4144	110	1	8.64e-41	182
MK860761.1	SRA:ERR3376863.71766904.2	99.000	100	1	0	7322	7421	16	115	3.11e-40	180
MK860761.1	SRA:ERR3376863.71766904.1	99.000	100	1	0	7322	7421	100	1	3.11e-40	180
MK860761.1	SRA:ERR3376863.51699023.1	99.000	100	1	0	3944	4043	52	151	3.11e-40	180
MK860761.1	SRA:ERR3376863.42730723.1	94.783	115	6	0	4117	4231	1	115	3.11e-40	180
MK860761.1	SRA:ERR3376863.261034251.2	92.683	123	9	0	8560	8682	28	150	1.12e-39	178
MK860761.1	SRA:ERR3376863.245579237.1	97.170	106	1	1	7394	7497	1	106	1.12e-39	178
MK860761.1	SRA:ERR3376863.241793101.1	94.068	118	6	1	4066	4183	151	35	1.12e-39	178
MK860761.1	SRA:ERR3376863.223333451.2	100.000	96	0	0	3924	4019	54	149	1.12e-39	178
MK860761.1	SRA:ERR3376863.203782620.1	96.262	107	4	0	8642	8748	150	44	4.02e-39	176
MK860761.1	SRA:ERR3376863.181105230.1	91.473	129	10	1	4138	4265	151	23	4.02e-39	176
MK860761.1	SRA:ERR3376863.257784867.1	100.000	94	0	0	3924	4017	94	1	1.45e-38	174
MK860761.1	SRA:ERR3376863.252182206.2	100.000	94	0	0	3924	4017	58	151	1.45e-38	174
MK860761.1	SRA:ERR3376863.149611099.1	98.969	97	1	0	7322	7418	97	1	1.45e-38	174
MK860761.1	SRA:ERR3376863.134872668.1	98.969	97	1	0	7322	7418	97	1	1.45e-38	174
MK860761.1	SRA:ERR3376863.245579237.2	96.226	106	2	1	7394	7497	146	41	5.20e-38	172
MK860761.1	SRA:ERR3376863.193518303.2	94.545	110	6	0	8578	8687	110	1	1.87e-37	171
MK860761.1	SRA:ERR3376863.193518303.1	94.545	110	6	0	8578	8687	6	115	1.87e-37	171
MK860761.1	SRA:ERR3376863.242821451.2	97.030	101	1	1	7399	7497	116	16	6.73e-37	169
MK860761.1	SRA:ERR3376863.242821451.1	97.030	101	1	1	7399	7497	1	101	6.73e-37	169
MK860761.1	SRA:ERR3376863.104523919.2	97.000	100	3	0	4042	4141	52	151	6.73e-37	169
MK860761.1	SRA:ERR3376863.128528846.2	95.238	105	5	0	8644	8748	151	47	2.42e-36	167
MK860761.1	SRA:ERR3376863.103170803.2	97.000	100	1	1	7400	7497	114	15	2.42e-36	167
MK860761.1	SRA:ERR3376863.103170803.1	97.000	100	1	1	7400	7497	1	100	2.42e-36	167
MK860761.1	SRA:ERR3376863.131590317.1	92.920	113	8	0	8563	8675	113	1	8.71e-36	165
MK860761.1	SRA:ERR3376863.131590317.1	94.000	50	1	1	7450	7497	151	102	1.51e-08	75.0
MK860761.1	SRA:ERR3376863.148411395.1	100.000	88	0	0	3924	4011	64	151	3.13e-35	163
MK860761.1	SRA:ERR3376863.70491410.2	95.146	103	5	0	8646	8748	149	47	3.13e-35	163
MK860761.1	SRA:ERR3376863.41675429.1	96.907	97	3	0	8631	8727	55	151	3.13e-35	163
MK860761.1	SRA:ERR3376863.257994451.2	96.875	96	3	0	4025	4120	1	96	1.13e-34	161
MK860761.1	SRA:ERR3376863.257994451.1	96.875	96	3	0	4025	4120	96	1	1.13e-34	161
MK860761.1	SRA:ERR3376863.207864868.2	96.875	96	3	0	4056	4151	96	1	1.13e-34	161
MK860761.1	SRA:ERR3376863.207864868.1	97.849	93	2	0	4056	4148	1	93	1.13e-34	161
MK860761.1	SRA:ERR3376863.179705716.1	98.876	89	1	0	7322	7410	63	151	4.05e-34	159
MK860761.1	SRA:ERR3376863.146406877.2	96.875	96	1	1	7404	7497	151	56	4.05e-34	159
MK860761.1	SRA:ERR3376863.163026542.2	98.864	88	1	0	3981	4068	1	88	1.46e-33	158
MK860761.1	SRA:ERR3376863.163026542.1	98.864	88	1	0	3981	4068	146	59	1.46e-33	158
MK860761.1	SRA:ERR3376863.74108307.2	95.876	97	4	0	4068	4164	97	1	1.46e-33	158
MK860761.1	SRA:ERR3376863.74108307.1	95.876	97	4	0	4068	4164	30	126	1.46e-33	158
MK860761.1	SRA:ERR3376863.38502731.2	95.000	100	5	0	4114	4213	1	100	1.46e-33	158
MK860761.1	SRA:ERR3376863.38502731.1	95.000	100	5	0	4114	4213	100	1	1.46e-33	158
MK860761.1	SRA:ERR3376863.75485224.2	100.000	84	0	0	7378	7461	145	62	5.24e-33	156
MK860761.1	SRA:ERR3376863.75485224.1	100.000	84	0	0	7378	7461	1	84	5.24e-33	156
MK860761.1	SRA:ERR3376863.257281214.2	91.743	109	9	0	8560	8668	43	151	6.78e-32	152
MK860761.1	SRA:ERR3376863.257281214.2	94.737	57	1	1	7443	7497	1	57	1.94e-12	87.9
MK860761.1	SRA:ERR3376863.223789207.1	96.703	91	3	0	8658	8748	1	91	6.78e-32	152
MK860761.1	SRA:ERR3376863.246202739.2	98.795	83	1	0	7322	7404	53	135	8.77e-31	148
MK860761.1	SRA:ERR3376863.246202739.1	98.795	83	1	0	7322	7404	83	1	8.77e-31	148
MK860761.1	SRA:ERR3376863.109824839.1	96.667	90	1	1	7410	7497	1	90	8.77e-31	148
MK860761.1	SRA:ERR3376863.216541783.1	93.000	100	7	0	8563	8662	100	1	3.15e-30	147
MK860761.1	SRA:ERR3376863.216541783.1	93.651	63	2	1	7437	7497	151	89	4.17e-14	93.5
MK860761.1	SRA:ERR3376863.96913263.2	97.647	85	2	0	4062	4146	85	1	3.15e-30	147
MK860761.1	SRA:ERR3376863.96913263.1	97.647	85	2	0	4062	4146	1	85	3.15e-30	147
MK860761.1	SRA:ERR3376863.251342285.2	96.552	87	3	0	8662	8748	151	65	1.13e-29	145
MK860761.1	SRA:ERR3376863.201856041.2	100.000	78	0	0	3925	4002	78	1	1.13e-29	145
MK860761.1	SRA:ERR3376863.175536693.1	96.591	88	1	1	7412	7497	1	88	1.13e-29	145
MK860761.1	SRA:ERR3376863.8548848.2	96.591	88	1	1	7412	7497	150	63	1.13e-29	145
MK860761.1	SRA:ERR3376863.107582773.1	91.429	105	8	1	4162	4265	3	107	4.08e-29	143
MK860761.1	SRA:ERR3376863.107582438.1	91.429	105	8	1	4162	4265	3	107	4.08e-29	143
MK860761.1	SRA:ERR3376863.107582321.1	91.429	105	8	1	4162	4265	3	107	4.08e-29	143
MK860761.1	SRA:ERR3376863.107582083.1	91.429	105	8	1	4162	4265	3	107	4.08e-29	143
MK860761.1	SRA:ERR3376863.58516937.1	98.750	80	1	0	7322	7401	80	1	4.08e-29	143
MK860761.1	SRA:ERR3376863.2525057.2	94.624	93	4	1	4073	4165	1	92	4.08e-29	143
MK860761.1	SRA:ERR3376863.173567052.2	91.346	104	8	1	4163	4265	106	3	1.47e-28	141
MK860761.1	SRA:ERR3376863.173567052.1	91.346	104	8	1	4163	4265	1	104	1.47e-28	141
MK860761.1	SRA:ERR3376863.149259095.2	91.346	104	8	1	4163	4265	106	3	1.47e-28	141
MK860761.1	SRA:ERR3376863.149259095.1	91.346	104	8	1	4163	4265	1	104	1.47e-28	141
MK860761.1	SRA:ERR3376863.184157541.2	92.000	100	7	1	4167	4265	1	100	5.28e-28	139
MK860761.1	SRA:ERR3376863.134634255.1	96.429	84	3	0	8665	8748	106	23	5.28e-28	139
MK860761.1	SRA:ERR3376863.134634255.1	98.113	53	1	0	7426	7478	99	151	4.17e-14	93.5
MK860761.1	SRA:ERR3376863.49547622.2	96.429	84	3	0	8665	8748	133	50	5.28e-28	139
MK860761.1	SRA:ERR3376863.49547622.1	96.429	84	3	0	8665	8748	1	84	5.28e-28	139
MK860761.1	SRA:ERR3376863.31548864.1	97.531	81	2	0	4066	4146	1	81	5.28e-28	139
MK860761.1	SRA:ERR3376863.16557300.2	98.718	78	1	0	7322	7399	78	1	5.28e-28	139
MK860761.1	SRA:ERR3376863.16557300.1	98.718	78	1	0	7322	7399	62	139	5.28e-28	139
MK860761.1	SRA:ERR3376863.33265937.2	93.478	92	6	0	8563	8654	94	3	1.90e-27	137
MK860761.1	SRA:ERR3376863.33265937.2	95.588	68	1	1	7432	7497	150	83	1.49e-18	108
MK860761.1	SRA:ERR3376863.33265937.1	92.632	95	7	0	8560	8654	54	148	1.90e-27	137
MK860761.1	SRA:ERR3376863.33265937.1	95.588	68	1	1	7432	7497	1	68	1.49e-18	108
MK860761.1	SRA:ERR3376863.23403642.1	92.632	95	7	0	8560	8654	57	151	1.90e-27	137
MK860761.1	SRA:ERR3376863.23403642.1	95.775	71	1	1	7429	7497	1	71	3.20e-20	113
MK860761.1	SRA:ERR3376863.1919423.2	92.708	96	6	1	4171	4265	3	98	1.90e-27	137
MK860761.1	SRA:ERR3376863.252728492.1	98.684	76	1	0	7322	7397	76	1	6.83e-27	135
MK860761.1	SRA:ERR3376863.252728492.1	100.000	31	0	0	3924	3954	121	151	0.002	58.4
MK860761.1	SRA:ERR3376863.182375687.2	97.468	79	2	0	3924	4002	57	135	6.83e-27	135
MK860761.1	SRA:ERR3376863.182369372.2	97.468	79	2	0	3924	4002	57	135	6.83e-27	135
MK860761.1	SRA:ERR3376863.119884751.2	100.000	73	0	0	7406	7478	1	73	6.83e-27	135
MK860761.1	SRA:ERR3376863.119884751.1	100.000	73	0	0	7406	7478	98	26	6.83e-27	135
MK860761.1	SRA:ERR3376863.79994696.2	96.341	82	3	0	8667	8748	1	82	6.83e-27	135
MK860761.1	SRA:ERR3376863.105594024.2	94.253	87	5	0	4172	4258	1	87	2.46e-26	134
MK860761.1	SRA:ERR3376863.105594024.1	94.253	87	5	0	4172	4258	87	1	2.46e-26	134
MK860761.1	SRA:ERR3376863.241210050.2	98.649	74	1	0	4017	4090	74	1	8.83e-26	132
MK860761.1	SRA:ERR3376863.241210050.1	98.649	74	1	0	4017	4090	59	132	8.83e-26	132
MK860761.1	SRA:ERR3376863.238124810.1	97.403	77	2	0	8672	8748	3	79	8.83e-26	132
MK860761.1	SRA:ERR3376863.122468604.2	97.403	77	2	0	8672	8748	150	74	8.83e-26	132
MK860761.1	SRA:ERR3376863.117075071.2	97.403	77	2	0	8672	8748	1	77	8.83e-26	132
MK860761.1	SRA:ERR3376863.104532782.2	100.000	71	0	0	3967	4037	72	2	8.83e-26	132
MK860761.1	SRA:ERR3376863.104532782.2	96.552	58	2	0	4167	4224	69	126	3.22e-15	97.1
MK860761.1	SRA:ERR3376863.104532782.1	100.000	71	0	0	3967	4037	55	125	8.83e-26	132
MK860761.1	SRA:ERR3376863.104532782.1	96.552	58	2	0	4167	4224	58	1	3.22e-15	97.1
MK860761.1	SRA:ERR3376863.240338482.1	94.118	85	5	0	4143	4227	87	3	3.18e-25	130
MK860761.1	SRA:ERR3376863.240330819.1	94.118	85	5	0	4143	4227	87	3	3.18e-25	130
MK860761.1	SRA:ERR3376863.117075071.1	97.368	76	2	0	8673	8748	151	76	3.18e-25	130
MK860761.1	SRA:ERR3376863.105401527.2	92.391	92	6	1	4175	4265	142	51	3.18e-25	130
MK860761.1	SRA:ERR3376863.105401527.1	92.391	92	6	1	4175	4265	1	92	3.18e-25	130
MK860761.1	SRA:ERR3376863.7277372.2	97.368	76	2	0	8673	8748	150	75	3.18e-25	130
MK860761.1	SRA:ERR3376863.44941483.2	97.333	75	2	0	8674	8748	1	75	1.14e-24	128
MK860761.1	SRA:ERR3376863.44941483.1	97.333	75	2	0	8674	8748	130	56	1.14e-24	128
MK860761.1	SRA:ERR3376863.148056475.2	98.592	71	1	0	7322	7392	71	1	4.11e-24	126
MK860761.1	SRA:ERR3376863.148056475.2	100.000	36	0	0	3924	3959	116	151	2.53e-06	67.6
MK860761.1	SRA:ERR3376863.783992.2	100.000	68	0	0	7384	7451	68	1	4.11e-24	126
MK860761.1	SRA:ERR3376863.783992.1	100.000	68	0	0	7384	7451	1	68	4.11e-24	126
MK860761.1	SRA:ERR3376863.247996066.2	97.260	73	2	0	8676	8748	2	74	1.48e-23	124
MK860761.1	SRA:ERR3376863.182375687.1	97.260	73	2	0	3930	4002	150	78	1.48e-23	124
MK860761.1	SRA:ERR3376863.182369372.1	97.260	73	2	0	3930	4002	150	78	1.48e-23	124
MK860761.1	SRA:ERR3376863.180937355.2	92.135	89	6	1	4178	4265	1	89	1.48e-23	124
MK860761.1	SRA:ERR3376863.158279469.2	97.260	73	2	0	4039	4111	97	25	1.48e-23	124
MK860761.1	SRA:ERR3376863.158279469.1	97.260	73	2	0	4039	4111	3	75	1.48e-23	124
MK860761.1	SRA:ERR3376863.149611099.2	98.571	70	1	0	7322	7391	79	148	1.48e-23	124
MK860761.1	SRA:ERR3376863.149611099.2	100.000	34	0	0	3924	3957	34	1	3.27e-05	63.9
MK860761.1	SRA:ERR3376863.138668111.2	97.260	73	2	0	8676	8748	1	73	1.48e-23	124
MK860761.1	SRA:ERR3376863.134872668.2	98.571	70	1	0	7322	7391	79	148	1.48e-23	124
MK860761.1	SRA:ERR3376863.134872668.2	100.000	34	0	0	3924	3957	34	1	3.27e-05	63.9
MK860761.1	SRA:ERR3376863.95763168.1	98.571	70	1	0	7322	7391	70	1	1.48e-23	124
MK860761.1	SRA:ERR3376863.95763168.1	100.000	37	0	0	3924	3960	115	151	7.02e-07	69.4
MK860761.1	SRA:ERR3376863.163824946.2	94.872	78	4	0	4131	4208	78	1	5.31e-23	122
MK860761.1	SRA:ERR3376863.163824946.1	94.872	78	4	0	4131	4208	65	142	5.31e-23	122
MK860761.1	SRA:ERR3376863.148167775.2	98.551	69	1	0	4022	4090	1	69	5.31e-23	122
MK860761.1	SRA:ERR3376863.148167775.1	98.551	69	1	0	4022	4090	124	56	5.31e-23	122
MK860761.1	SRA:ERR3376863.148166441.2	98.551	69	1	0	4022	4090	1	69	5.31e-23	122
MK860761.1	SRA:ERR3376863.148166441.1	98.551	69	1	0	4022	4090	124	56	5.31e-23	122
MK860761.1	SRA:ERR3376863.14698961.1	93.827	81	4	1	4032	4111	81	1	1.91e-22	121
MK860761.1	SRA:ERR3376863.214985399.2	91.860	86	6	1	4181	4265	129	44	6.87e-22	119
MK860761.1	SRA:ERR3376863.214985399.1	91.860	86	6	1	4181	4265	1	86	6.87e-22	119
MK860761.1	SRA:ERR3376863.214982069.2	91.860	86	6	1	4181	4265	129	44	6.87e-22	119
MK860761.1	SRA:ERR3376863.214982069.1	91.860	86	6	1	4181	4265	1	86	6.87e-22	119
MK860761.1	SRA:ERR3376863.201856041.1	100.000	64	0	0	3925	3988	88	151	6.87e-22	119
MK860761.1	SRA:ERR3376863.147459446.1	91.860	86	6	1	4181	4265	1	86	6.87e-22	119
MK860761.1	SRA:ERR3376863.142309579.2	97.143	70	2	0	8679	8748	1	70	6.87e-22	119
MK860761.1	SRA:ERR3376863.77468633.1	93.671	79	5	0	4180	4258	1	79	6.87e-22	119
MK860761.1	SRA:ERR3376863.204234204.1	98.485	66	1	0	7426	7491	1	66	2.47e-21	117
MK860761.1	SRA:ERR3376863.10539431.1	100.000	63	0	0	3924	3986	89	151	2.47e-21	117
MK860761.1	SRA:ERR3376863.10539431.1	97.727	44	1	0	7322	7365	44	1	4.20e-09	76.8
MK860761.1	SRA:ERR3376863.230203412.1	98.462	65	1	0	3981	4045	1	65	8.89e-21	115
MK860761.1	SRA:ERR3376863.194036311.2	98.462	65	1	0	3981	4045	1	65	8.89e-21	115
MK860761.1	SRA:ERR3376863.194036311.1	98.462	65	1	0	3981	4045	65	1	8.89e-21	115
MK860761.1	SRA:ERR3376863.147672730.2	95.833	72	1	1	7428	7497	150	79	8.89e-21	115
MK860761.1	SRA:ERR3376863.97638564.2	100.000	62	0	0	3940	4001	1	62	8.89e-21	115
MK860761.1	SRA:ERR3376863.97638564.1	100.000	62	0	0	3940	4001	135	74	8.89e-21	115
MK860761.1	SRA:ERR3376863.66355613.2	100.000	62	0	0	3924	3985	58	119	8.89e-21	115
MK860761.1	SRA:ERR3376863.66355613.1	100.000	62	0	0	3924	3985	62	1	8.89e-21	115
MK860761.1	SRA:ERR3376863.111127580.2	95.775	71	1	1	7429	7497	1	71	3.20e-20	113
MK860761.1	SRA:ERR3376863.111127580.1	95.775	71	1	1	7429	7497	137	67	3.20e-20	113
MK860761.1	SRA:ERR3376863.58516937.2	98.438	64	1	0	7322	7385	88	151	3.20e-20	113
MK860761.1	SRA:ERR3376863.58516937.2	100.000	43	0	0	3924	3966	43	1	3.24e-10	80.5
MK860761.1	SRA:ERR3376863.154746665.2	94.444	72	4	0	4107	4178	1	72	1.15e-19	111
MK860761.1	SRA:ERR3376863.154746665.1	94.444	72	4	0	4107	4178	105	34	1.15e-19	111
MK860761.1	SRA:ERR3376863.115918325.2	98.413	63	1	0	8679	8741	15	77	1.15e-19	111
MK860761.1	SRA:ERR3376863.115918325.1	98.413	63	1	0	8679	8741	63	1	1.15e-19	111
MK860761.1	SRA:ERR3376863.223789207.2	96.923	65	2	0	8684	8748	151	87	4.14e-19	110
MK860761.1	SRA:ERR3376863.114708555.1	96.923	65	2	0	8684	8748	1	65	4.14e-19	110
MK860761.1	SRA:ERR3376863.181648114.2	94.286	70	3	1	8679	8748	133	65	5.35e-18	106
MK860761.1	SRA:ERR3376863.181648114.1	94.286	70	3	1	8679	8748	4	72	5.35e-18	106
MK860761.1	SRA:ERR3376863.236789245.1	100.000	56	0	0	3924	3979	69	14	1.92e-17	104
MK860761.1	SRA:ERR3376863.236789245.1	97.368	38	1	0	7322	7359	114	151	9.08e-06	65.8
MK860761.1	SRA:ERR3376863.26179885.2	100.000	56	0	0	7364	7419	56	1	1.92e-17	104
MK860761.1	SRA:ERR3376863.26179885.2	98.113	53	1	0	7322	7374	82	134	4.17e-14	93.5
MK860761.1	SRA:ERR3376863.26179885.1	100.000	56	0	0	7364	7419	79	134	1.92e-17	104
MK860761.1	SRA:ERR3376863.26179885.1	98.113	53	1	0	7322	7374	53	1	4.17e-14	93.5
MK860761.1	SRA:ERR3376863.26178699.2	100.000	56	0	0	7364	7419	56	1	1.92e-17	104
MK860761.1	SRA:ERR3376863.26178699.2	98.113	53	1	0	7322	7374	82	134	4.17e-14	93.5
MK860761.1	SRA:ERR3376863.26178699.1	100.000	56	0	0	7364	7419	79	134	1.92e-17	104
MK860761.1	SRA:ERR3376863.26178699.1	98.113	53	1	0	7322	7374	53	1	4.17e-14	93.5
MK860761.1	SRA:ERR3376863.257784867.2	100.000	55	0	0	3924	3978	97	151	6.92e-17	102
MK860761.1	SRA:ERR3376863.257784867.2	98.077	52	1	0	7322	7373	52	1	1.50e-13	91.6
MK860761.1	SRA:ERR3376863.257046969.2	95.385	65	1	1	7435	7497	140	76	6.92e-17	102
MK860761.1	SRA:ERR3376863.257046969.1	95.385	65	1	1	7435	7497	1	65	6.92e-17	102
MK860761.1	SRA:ERR3376863.236789245.2	100.000	55	0	0	3924	3978	97	151	6.92e-17	102
MK860761.1	SRA:ERR3376863.236789245.2	98.077	52	1	0	7322	7373	52	1	1.50e-13	91.6
MK860761.1	SRA:ERR3376863.161991401.1	96.721	61	2	0	8688	8748	151	91	6.92e-17	102
MK860761.1	SRA:ERR3376863.145814647.2	98.276	58	1	0	7322	7379	58	1	6.92e-17	102
MK860761.1	SRA:ERR3376863.145814647.2	100.000	49	0	0	3924	3972	103	151	1.50e-13	91.6
MK860761.1	SRA:ERR3376863.48980096.2	100.000	55	0	0	4040	4094	56	2	6.92e-17	102
MK860761.1	SRA:ERR3376863.181105230.2	94.030	67	2	2	4058	4124	87	151	2.49e-16	100
MK860761.1	SRA:ERR3376863.130711101.2	98.246	57	1	0	7322	7378	57	1	2.49e-16	100
MK860761.1	SRA:ERR3376863.130711101.1	98.246	57	1	0	7322	7378	45	101	2.49e-16	100
MK860761.1	SRA:ERR3376863.37402387.2	95.238	63	3	0	4091	4153	63	1	2.49e-16	100
MK860761.1	SRA:ERR3376863.37402387.2	100.000	32	0	0	4177	4208	58	89	4.23e-04	60.2
MK860761.1	SRA:ERR3376863.108280189.1	95.238	63	1	1	7437	7497	1	63	8.96e-16	99.0
MK860761.1	SRA:ERR3376863.88052220.1	96.610	59	2	0	8690	8748	1	59	8.96e-16	99.0
MK860761.1	SRA:ERR3376863.261348939.1	98.182	55	1	0	4033	4087	55	1	3.22e-15	97.1
MK860761.1	SRA:ERR3376863.142720469.1	98.182	55	1	0	4106	4160	1	55	3.22e-15	97.1
MK860761.1	SRA:ERR3376863.47827950.1	93.846	65	3	1	3986	4049	151	87	3.22e-15	97.1
MK860761.1	SRA:ERR3376863.133554670.2	98.148	54	1	0	8687	8740	54	1	1.16e-14	95.3
MK860761.1	SRA:ERR3376863.133554670.1	95.000	60	3	0	8681	8740	24	83	1.16e-14	95.3
MK860761.1	SRA:ERR3376863.58624310.1	96.491	57	2	0	8692	8748	1	57	1.16e-14	95.3
MK860761.1	SRA:ERR3376863.37402387.1	93.651	63	4	0	4091	4153	30	92	1.16e-14	95.3
MK860761.1	SRA:ERR3376863.37402387.1	97.143	35	1	0	4177	4211	35	1	4.23e-04	60.2
MK860761.1	SRA:ERR3376863.142720469.2	98.113	53	1	0	4106	4158	56	4	4.17e-14	93.5
MK860761.1	SRA:ERR3376863.76587476.2	100.000	50	0	0	3924	3973	20	69	4.17e-14	93.5
MK860761.1	SRA:ERR3376863.76587476.1	100.000	50	0	0	3924	3973	50	1	4.17e-14	93.5
MK860761.1	SRA:ERR3376863.261348939.2	93.443	61	4	0	4027	4087	29	89	1.50e-13	91.6
MK860761.1	SRA:ERR3376863.74736918.1	100.000	49	0	0	7391	7439	1	49	1.50e-13	91.6
MK860761.1	SRA:ERR3376863.108280189.2	94.828	58	1	1	7442	7497	150	93	5.39e-13	89.8
MK860761.1	SRA:ERR3376863.88052220.2	98.039	51	1	0	8698	8748	148	98	5.39e-13	89.8
MK860761.1	SRA:ERR3376863.84280992.2	98.039	51	1	0	8698	8748	1	51	5.39e-13	89.8
MK860761.1	SRA:ERR3376863.162811774.2	96.226	53	2	0	4049	4101	53	1	1.94e-12	87.9
MK860761.1	SRA:ERR3376863.162811774.1	96.226	53	2	0	4049	4101	74	126	1.94e-12	87.9
MK860761.1	SRA:ERR3376863.130816292.1	100.000	46	0	0	3951	3996	46	1	6.97e-12	86.1
MK860761.1	SRA:ERR3376863.95704731.1	97.959	49	1	0	8700	8748	1	49	6.97e-12	86.1
MK860761.1	SRA:ERR3376863.61954700.2	97.959	49	1	0	7435	7483	88	136	6.97e-12	86.1
MK860761.1	SRA:ERR3376863.61954700.1	97.959	49	1	0	7435	7483	49	1	6.97e-12	86.1
MK860761.1	SRA:ERR3376863.114708555.2	97.872	47	1	0	8702	8748	151	105	9.02e-11	82.4
MK860761.1	SRA:ERR3376863.131590317.2	94.340	53	1	1	7447	7497	1	53	3.24e-10	80.5
MK860761.1	SRA:ERR3376863.27935701.2	100.000	43	0	0	4044	4086	43	1	3.24e-10	80.5
MK860761.1	SRA:ERR3376863.26196908.2	97.826	46	1	0	7322	7367	64	109	3.24e-10	80.5
MK860761.1	SRA:ERR3376863.26196908.1	97.826	46	1	0	7322	7367	46	1	3.24e-10	80.5
MK860761.1	SRA:ERR3376863.110876564.2	100.000	41	0	0	4039	4079	1	41	4.20e-09	76.8
MK860761.1	SRA:ERR3376863.110876564.1	100.000	41	0	0	4039	4079	102	62	4.20e-09	76.8
MK860761.1	SRA:ERR3376863.110875795.2	100.000	41	0	0	4039	4079	1	41	4.20e-09	76.8
MK860761.1	SRA:ERR3376863.110875795.1	100.000	41	0	0	4039	4079	102	62	4.20e-09	76.8
MK860761.1	SRA:ERR3376863.60490008.2	97.727	44	1	0	4174	4217	45	88	4.20e-09	76.8
MK860761.1	SRA:ERR3376863.60490008.1	97.727	44	1	0	4174	4217	44	1	4.20e-09	76.8
MK860761.1	SRA:ERR3376863.213110550.2	95.652	46	2	0	8698	8743	50	95	1.51e-08	75.0
MK860761.1	SRA:ERR3376863.213110550.1	95.652	46	2	0	8698	8743	47	2	1.51e-08	75.0
MK860761.1	SRA:ERR3376863.238260185.2	97.619	42	1	0	8707	8748	150	109	5.43e-08	73.1
MK860761.1	SRA:ERR3376863.85161847.2	97.561	41	1	0	8708	8748	1	41	1.95e-07	71.3
MK860761.1	SRA:ERR3376863.85161847.1	97.561	41	1	0	8708	8748	97	57	1.95e-07	71.3
MK860761.1	SRA:ERR3376863.62794698.2	100.000	38	0	0	3944	3981	38	1	1.95e-07	71.3
MK860761.1	SRA:ERR3376863.62794698.1	100.000	38	0	0	3944	3981	9	46	1.95e-07	71.3
MK860761.1	SRA:ERR3376863.41864016.2	97.436	39	1	0	3965	4003	1	39	2.53e-06	67.6
MK860761.1	SRA:ERR3376863.215696394.2	97.297	37	1	0	8712	8748	1	37	3.27e-05	63.9
MK860761.1	SRA:ERR3376863.215696394.1	97.297	37	1	0	8712	8748	83	47	3.27e-05	63.9
MK860761.1	SRA:ERR3376863.79994696.1	97.222	36	1	0	8713	8748	151	116	1.18e-04	62.1
MK860761.1	SRA:ERR3376863.230203412.2	97.059	34	1	0	4012	4045	151	118	0.002	58.4
MK860761.1	SRA:ERR3376863.130816292.2	94.444	36	0	1	3946	3979	114	149	0.020	54.7
