MK860761.1	SRA:ERR3376857.31528110.1	99.338	151	1	0	7336	7486	1	151	1.45e-68	274
MK860761.1	SRA:ERR3376857.269370522.1	98.013	151	3	0	3978	4128	1	151	3.14e-65	263
MK860761.1	SRA:ERR3376857.196682911.2	98.013	151	3	0	3983	4133	151	1	3.14e-65	263
MK860761.1	SRA:ERR3376857.196681737.2	98.013	151	3	0	3983	4133	151	1	3.14e-65	263
MK860761.1	SRA:ERR3376857.179423995.1	98.013	151	3	0	3978	4128	1	151	3.14e-65	263
MK860761.1	SRA:ERR3376857.179423994.1	98.013	151	3	0	3978	4128	1	151	3.14e-65	263
MK860761.1	SRA:ERR3376857.179423993.1	98.013	151	3	0	3978	4128	1	151	3.14e-65	263
MK860761.1	SRA:ERR3376857.196682911.1	98.000	150	3	0	3972	4121	1	150	1.13e-64	261
MK860761.1	SRA:ERR3376857.196681737.1	98.000	150	3	0	3972	4121	1	150	1.13e-64	261
MK860761.1	SRA:ERR3376857.139377972.1	97.987	149	3	0	3988	4136	1	149	4.06e-64	259
MK860761.1	SRA:ERR3376857.267772796.2	97.351	151	4	0	4008	4158	151	1	1.46e-63	257
MK860761.1	SRA:ERR3376857.166727787.1	97.973	148	3	0	3959	4106	148	1	1.46e-63	257
MK860761.1	SRA:ERR3376857.133386253.1	99.286	140	1	0	7322	7461	11	150	1.89e-62	254
MK860761.1	SRA:ERR3376857.213620302.1	97.902	143	1	1	7357	7497	1	143	3.16e-60	246
MK860761.1	SRA:ERR3376857.193588011.1	96.000	150	6	0	4053	4202	150	1	1.14e-59	244
MK860761.1	SRA:ERR3376857.155754069.2	96.000	150	6	0	4050	4199	1	150	1.14e-59	244
MK860761.1	SRA:ERR3376857.221814188.2	95.364	151	7	0	4064	4214	151	1	1.47e-58	241
MK860761.1	SRA:ERR3376857.221814188.1	95.364	151	7	0	4023	4173	1	151	1.47e-58	241
MK860761.1	SRA:ERR3376857.174790562.2	95.364	151	7	0	4068	4218	1	151	1.47e-58	241
MK860761.1	SRA:ERR3376857.174790561.2	95.364	151	7	0	4068	4218	1	151	1.47e-58	241
MK860761.1	SRA:ERR3376857.173226061.2	95.364	151	7	0	4064	4214	151	1	1.47e-58	241
MK860761.1	SRA:ERR3376857.173226061.1	95.364	151	7	0	4023	4173	1	151	1.47e-58	241
MK860761.1	SRA:ERR3376857.140150405.2	98.529	136	2	0	3924	4059	136	1	1.47e-58	241
MK860761.1	SRA:ERR3376857.1987669.2	94.702	151	8	0	4068	4218	1	151	6.85e-57	235
MK860761.1	SRA:ERR3376857.126200282.1	94.667	150	8	0	4082	4231	1	150	2.46e-56	233
MK860761.1	SRA:ERR3376857.166727787.2	99.219	128	1	0	7322	7449	128	1	8.85e-56	231
MK860761.1	SRA:ERR3376857.174790562.1	95.172	145	7	0	4099	4243	147	3	3.18e-55	230
MK860761.1	SRA:ERR3376857.174790561.1	95.172	145	7	0	4099	4243	147	3	3.18e-55	230
MK860761.1	SRA:ERR3376857.115203537.1	94.040	151	9	0	8570	8720	1	151	3.18e-55	230
MK860761.1	SRA:ERR3376857.10472293.2	97.727	132	3	0	3987	4118	1	132	1.15e-54	228
MK860761.1	SRA:ERR3376857.10472293.1	97.727	132	3	0	3987	4118	132	1	1.15e-54	228
MK860761.1	SRA:ERR3376857.232208844.1	99.200	125	1	0	7322	7446	27	151	4.12e-54	226
MK860761.1	SRA:ERR3376857.133386253.2	97.727	132	1	1	7368	7497	151	20	4.12e-54	226
MK860761.1	SRA:ERR3376857.70027680.2	93.960	149	9	0	8563	8711	149	1	4.12e-54	226
MK860761.1	SRA:ERR3376857.139377972.2	95.683	139	6	0	4031	4169	151	13	1.48e-53	224
MK860761.1	SRA:ERR3376857.1987669.1	94.483	145	8	0	4099	4243	147	3	1.48e-53	224
MK860761.1	SRA:ERR3376857.155754069.1	93.243	148	10	0	4114	4261	151	4	6.89e-52	219
MK860761.1	SRA:ERR3376857.267772796.1	100.000	114	0	0	3924	4037	35	148	1.15e-49	211
MK860761.1	SRA:ERR3376857.247261695.1	92.568	148	10	1	4119	4265	1	148	1.15e-49	211
MK860761.1	SRA:ERR3376857.247261599.1	92.568	148	10	1	4119	4265	1	148	1.15e-49	211
MK860761.1	SRA:ERR3376857.238297840.2	92.568	148	10	1	4119	4265	150	3	1.15e-49	211
MK860761.1	SRA:ERR3376857.169215581.1	99.138	116	1	0	7332	7447	116	1	4.15e-49	209
MK860761.1	SRA:ERR3376857.124453530.2	99.130	115	1	0	7322	7436	115	1	1.49e-48	207
MK860761.1	SRA:ERR3376857.124453530.1	100.000	112	0	0	3924	4035	112	1	1.49e-48	207
MK860761.1	SRA:ERR3376857.115203537.2	96.748	123	4	0	8626	8748	148	26	5.37e-48	206
MK860761.1	SRA:ERR3376857.193588011.2	97.479	119	3	0	4041	4159	33	151	1.93e-47	204
MK860761.1	SRA:ERR3376857.202563428.1	98.261	115	1	1	3934	4048	1	114	2.50e-46	200
MK860761.1	SRA:ERR3376857.179829550.2	99.083	109	1	0	7381	7489	1	109	3.23e-45	196
MK860761.1	SRA:ERR3376857.13479608.2	98.198	111	2	0	3935	4045	130	20	1.16e-44	195
MK860761.1	SRA:ERR3376857.13479608.1	98.198	111	2	0	3935	4045	1	111	1.16e-44	195
MK860761.1	SRA:ERR3376857.133160498.1	97.368	114	1	1	7386	7497	1	114	4.18e-44	193
MK860761.1	SRA:ERR3376857.233998407.2	99.048	105	1	0	3943	4047	105	1	5.41e-43	189
MK860761.1	SRA:ERR3376857.233998407.1	99.048	105	1	0	3943	4047	1	105	5.41e-43	189
MK860761.1	SRA:ERR3376857.81634536.2	100.000	101	0	0	3924	4024	101	1	1.94e-42	187
MK860761.1	SRA:ERR3376857.29315922.2	97.273	110	1	1	7390	7497	1	110	6.99e-42	185
MK860761.1	SRA:ERR3376857.243443400.1	96.364	110	4	0	8639	8748	151	42	9.04e-41	182
MK860761.1	SRA:ERR3376857.190457408.2	96.364	110	4	0	8639	8748	1	110	9.04e-41	182
MK860761.1	SRA:ERR3376857.190457407.2	96.364	110	4	0	8639	8748	1	110	9.04e-41	182
MK860761.1	SRA:ERR3376857.146361469.2	93.388	121	8	0	8563	8683	121	1	3.25e-40	180
MK860761.1	SRA:ERR3376857.146361359.2	93.388	121	8	0	8563	8683	121	1	3.25e-40	180
MK860761.1	SRA:ERR3376857.146361357.2	93.388	121	8	0	8563	8683	121	1	3.25e-40	180
MK860761.1	SRA:ERR3376857.146360627.2	93.388	121	8	0	8563	8683	121	1	3.25e-40	180
MK860761.1	SRA:ERR3376857.29315922.1	97.196	107	1	1	7393	7497	151	45	3.25e-40	180
MK860761.1	SRA:ERR3376857.109641829.2	96.296	108	4	0	8608	8715	108	1	1.17e-39	178
MK860761.1	SRA:ERR3376857.109641829.1	96.296	108	4	0	8608	8715	1	108	1.17e-39	178
MK860761.1	SRA:ERR3376857.197940303.1	93.277	119	8	0	4120	4238	33	151	4.21e-39	176
MK860761.1	SRA:ERR3376857.20730393.1	94.643	112	6	0	8578	8689	112	1	1.51e-38	174
MK860761.1	SRA:ERR3376857.205348576.1	94.393	107	6	0	7322	7428	107	1	5.44e-38	172
MK860761.1	SRA:ERR3376857.238297840.1	95.283	106	5	0	4043	4148	45	150	7.04e-37	169
MK860761.1	SRA:ERR3376857.81634536.1	98.936	94	1	0	7322	7415	94	1	7.04e-37	169
MK860761.1	SRA:ERR3376857.20730393.2	93.750	112	7	0	8578	8689	17	128	7.04e-37	169
MK860761.1	SRA:ERR3376857.239238157.1	98.913	92	1	0	3956	4047	1	92	9.11e-36	165
MK860761.1	SRA:ERR3376857.239236974.1	98.913	92	1	0	3956	4047	1	92	9.11e-36	165
MK860761.1	SRA:ERR3376857.225934389.2	100.000	89	0	0	3932	4020	89	1	9.11e-36	165
MK860761.1	SRA:ERR3376857.225934389.1	100.000	89	0	0	3932	4020	25	113	9.11e-36	165
MK860761.1	SRA:ERR3376857.180557987.2	96.970	99	1	1	7401	7497	113	15	9.11e-36	165
MK860761.1	SRA:ERR3376857.180557987.1	96.970	99	1	1	7401	7497	1	99	9.11e-36	165
MK860761.1	SRA:ERR3376857.202563428.2	97.895	95	1	1	3954	4048	148	55	3.28e-35	163
MK860761.1	SRA:ERR3376857.133160498.2	96.907	97	1	1	7403	7497	149	53	1.18e-34	161
MK860761.1	SRA:ERR3376857.166305016.2	93.458	107	7	0	8563	8669	145	39	4.24e-34	159
MK860761.1	SRA:ERR3376857.166305016.2	100.000	43	0	0	7391	7433	1	43	3.39e-10	80.5
MK860761.1	SRA:ERR3376857.166305016.1	92.727	110	8	0	8560	8669	21	130	4.24e-34	159
MK860761.1	SRA:ERR3376857.31528110.2	93.458	107	7	0	8563	8669	107	1	4.24e-34	159
MK860761.1	SRA:ERR3376857.31528110.2	94.643	56	1	1	7444	7497	151	96	7.30e-12	86.1
MK860761.1	SRA:ERR3376857.104126492.2	91.304	115	9	1	4151	4264	1	115	5.48e-33	156
MK860761.1	SRA:ERR3376857.104126492.1	91.304	115	9	1	4151	4264	123	9	5.48e-33	156
MK860761.1	SRA:ERR3376857.232208844.2	93.333	105	4	2	7381	7483	151	48	7.09e-32	152
MK860761.1	SRA:ERR3376857.224019404.1	91.150	113	9	1	4154	4265	1	113	7.09e-32	152
MK860761.1	SRA:ERR3376857.217647473.2	95.652	92	3	1	8657	8748	43	133	3.30e-30	147
MK860761.1	SRA:ERR3376857.217647473.1	95.652	92	3	1	8657	8748	101	11	3.30e-30	147
MK860761.1	SRA:ERR3376857.148111016.1	92.079	101	8	0	8560	8660	23	123	4.27e-29	143
MK860761.1	SRA:ERR3376857.148111016.1	100.000	32	0	0	7442	7473	149	118	4.42e-04	60.2
MK860761.1	SRA:ERR3376857.140566129.1	92.079	101	8	0	8560	8660	23	123	4.27e-29	143
MK860761.1	SRA:ERR3376857.140566129.1	100.000	32	0	0	7442	7473	149	118	4.42e-04	60.2
MK860761.1	SRA:ERR3376857.140566019.1	92.079	101	8	0	8560	8660	23	123	4.27e-29	143
MK860761.1	SRA:ERR3376857.140566019.1	100.000	32	0	0	7442	7473	149	118	4.42e-04	60.2
MK860761.1	SRA:ERR3376857.21753172.2	93.684	95	6	0	4143	4237	57	151	4.27e-29	143
MK860761.1	SRA:ERR3376857.21753172.2	96.721	61	2	0	4088	4148	62	2	7.24e-17	102
MK860761.1	SRA:ERR3376857.21753172.1	93.684	95	6	0	4143	4237	95	1	4.27e-29	143
MK860761.1	SRA:ERR3376857.21753172.1	96.721	61	2	0	4088	4148	90	150	7.24e-17	102
MK860761.1	SRA:ERR3376857.21753043.2	93.684	95	6	0	4143	4237	57	151	4.27e-29	143
MK860761.1	SRA:ERR3376857.21753043.2	96.721	61	2	0	4088	4148	62	2	7.24e-17	102
MK860761.1	SRA:ERR3376857.21753043.1	93.684	95	6	0	4143	4237	95	1	4.27e-29	143
MK860761.1	SRA:ERR3376857.21753043.1	96.721	61	2	0	4088	4148	90	150	7.24e-17	102
MK860761.1	SRA:ERR3376857.246064963.2	92.784	97	7	0	8563	8659	97	1	1.54e-28	141
MK860761.1	SRA:ERR3376857.196685342.2	98.734	79	1	0	3998	4076	79	1	1.54e-28	141
MK860761.1	SRA:ERR3376857.196685342.1	98.734	79	1	0	3998	4076	36	114	1.54e-28	141
MK860761.1	SRA:ERR3376857.219346682.1	98.718	78	1	0	3969	4046	151	74	5.52e-28	139
MK860761.1	SRA:ERR3376857.219346682.1	96.000	75	3	0	4086	4160	1	75	5.56e-23	122
MK860761.1	SRA:ERR3376857.116083449.2	100.000	75	0	0	3924	3998	75	1	5.52e-28	139
MK860761.1	SRA:ERR3376857.116083449.1	100.000	75	0	0	3924	3998	40	114	5.52e-28	139
MK860761.1	SRA:ERR3376857.70027680.1	91.919	99	8	0	8560	8658	52	150	5.52e-28	139
MK860761.1	SRA:ERR3376857.70027680.1	95.455	66	1	1	7434	7497	1	66	2.01e-17	104
MK860761.1	SRA:ERR3376857.7909223.2	92.000	100	7	1	4167	4265	3	102	5.52e-28	139
MK860761.1	SRA:ERR3376857.219346682.2	100.000	74	0	0	3924	3997	77	150	1.99e-27	137
MK860761.1	SRA:ERR3376857.146361469.1	92.632	95	7	0	8560	8654	57	151	1.99e-27	137
MK860761.1	SRA:ERR3376857.146361469.1	95.775	71	1	1	7429	7497	1	71	3.35e-20	113
MK860761.1	SRA:ERR3376857.146361359.1	92.632	95	7	0	8560	8654	57	151	1.99e-27	137
MK860761.1	SRA:ERR3376857.146361359.1	95.775	71	1	1	7429	7497	1	71	3.35e-20	113
MK860761.1	SRA:ERR3376857.146361357.1	92.632	95	7	0	8560	8654	57	151	1.99e-27	137
MK860761.1	SRA:ERR3376857.146361357.1	95.775	71	1	1	7429	7497	1	71	3.35e-20	113
MK860761.1	SRA:ERR3376857.146360627.1	92.632	95	7	0	8560	8654	57	151	1.99e-27	137
MK860761.1	SRA:ERR3376857.146360627.1	95.775	71	1	1	7429	7497	1	71	3.35e-20	113
MK860761.1	SRA:ERR3376857.48511745.2	92.708	96	6	1	4171	4265	149	54	1.99e-27	137
MK860761.1	SRA:ERR3376857.48511328.2	92.708	96	6	1	4171	4265	149	54	1.99e-27	137
MK860761.1	SRA:ERR3376857.246064963.1	91.000	100	9	0	8560	8659	25	124	7.14e-27	135
MK860761.1	SRA:ERR3376857.213868826.2	100.000	73	0	0	3924	3996	1	73	7.14e-27	135
MK860761.1	SRA:ERR3376857.213868826.1	100.000	73	0	0	3924	3996	73	1	7.14e-27	135
MK860761.1	SRA:ERR3376857.213868730.2	100.000	73	0	0	3924	3996	1	73	7.14e-27	135
MK860761.1	SRA:ERR3376857.213868730.1	100.000	73	0	0	3924	3996	73	1	7.14e-27	135
MK860761.1	SRA:ERR3376857.96206935.2	98.684	76	1	0	3974	4049	1	76	7.14e-27	135
MK860761.1	SRA:ERR3376857.96205915.2	98.684	76	1	0	3974	4049	1	76	7.14e-27	135
MK860761.1	SRA:ERR3376857.48511745.1	94.318	88	5	0	4171	4258	61	148	7.14e-27	135
MK860761.1	SRA:ERR3376857.48511328.1	94.318	88	5	0	4171	4258	61	148	7.14e-27	135
MK860761.1	SRA:ERR3376857.62135060.2	94.253	87	5	0	4141	4227	1	87	2.57e-26	134
MK860761.1	SRA:ERR3376857.62135060.1	94.253	87	5	0	4141	4227	88	2	2.57e-26	134
MK860761.1	SRA:ERR3376857.171369198.2	98.649	74	1	0	7322	7395	74	1	9.24e-26	132
MK860761.1	SRA:ERR3376857.171369198.1	98.649	74	1	0	7322	7395	33	106	9.24e-26	132
MK860761.1	SRA:ERR3376857.250345499.2	96.203	79	3	0	4027	4105	79	1	3.32e-25	130
MK860761.1	SRA:ERR3376857.250345499.1	96.203	79	3	0	4027	4105	1	79	3.32e-25	130
MK860761.1	SRA:ERR3376857.129634584.1	92.391	92	6	1	4175	4265	1	92	3.32e-25	130
MK860761.1	SRA:ERR3376857.205348576.2	96.104	77	3	0	3924	4000	77	1	1.20e-24	128
MK860761.1	SRA:ERR3376857.148111016.2	100.000	69	0	0	7405	7473	1	69	1.20e-24	128
MK860761.1	SRA:ERR3376857.148111016.2	93.976	83	5	0	8578	8660	146	64	4.30e-24	126
MK860761.1	SRA:ERR3376857.140566129.2	100.000	69	0	0	7405	7473	1	69	1.20e-24	128
MK860761.1	SRA:ERR3376857.140566019.2	100.000	69	0	0	7405	7473	1	69	1.20e-24	128
MK860761.1	SRA:ERR3376857.75173536.2	92.222	90	7	0	8571	8660	1	90	1.20e-24	128
MK860761.1	SRA:ERR3376857.75173536.1	92.222	90	7	0	8571	8660	144	55	1.20e-24	128
MK860761.1	SRA:ERR3376857.68614983.2	97.333	75	2	0	8669	8743	1	75	1.20e-24	128
MK860761.1	SRA:ERR3376857.68614983.1	98.611	72	1	0	8672	8743	104	33	1.20e-24	128
MK860761.1	SRA:ERR3376857.139341271.1	97.297	74	2	0	8675	8748	143	70	4.30e-24	126
MK860761.1	SRA:ERR3376857.41764361.1	97.297	74	2	0	8675	8748	121	48	4.30e-24	126
MK860761.1	SRA:ERR3376857.270280212.2	94.937	79	4	0	4052	4130	79	1	1.55e-23	124
MK860761.1	SRA:ERR3376857.270279809.2	94.937	79	4	0	4052	4130	79	1	1.55e-23	124
MK860761.1	SRA:ERR3376857.269370522.2	93.827	81	3	2	4082	4161	151	72	2.00e-22	121
MK860761.1	SRA:ERR3376857.213620302.2	94.872	78	2	1	7422	7497	150	73	2.00e-22	121
MK860761.1	SRA:ERR3376857.179423995.2	93.827	81	3	2	4082	4161	151	72	2.00e-22	121
MK860761.1	SRA:ERR3376857.179423994.2	93.827	81	3	2	4082	4161	151	72	2.00e-22	121
MK860761.1	SRA:ERR3376857.179423993.2	93.827	81	3	2	4082	4161	151	72	2.00e-22	121
MK860761.1	SRA:ERR3376857.145107386.2	97.059	68	2	0	4051	4118	68	1	9.30e-21	115
MK860761.1	SRA:ERR3376857.145107386.1	97.059	68	2	0	4051	4118	66	133	9.30e-21	115
MK860761.1	SRA:ERR3376857.140150405.1	98.462	65	1	0	7322	7386	65	1	9.30e-21	115
MK860761.1	SRA:ERR3376857.140150405.1	100.000	42	0	0	3924	3965	110	151	1.22e-09	78.7
MK860761.1	SRA:ERR3376857.219314567.2	98.438	64	1	0	7322	7385	64	1	3.35e-20	113
MK860761.1	SRA:ERR3376857.219314567.2	100.000	43	0	0	3924	3966	109	151	3.39e-10	80.5
MK860761.1	SRA:ERR3376857.75469665.2	97.015	67	2	0	8682	8748	1	67	3.35e-20	113
MK860761.1	SRA:ERR3376857.223941485.2	95.522	67	1	1	7433	7497	1	67	5.60e-18	106
MK860761.1	SRA:ERR3376857.223941485.1	95.522	67	1	1	7433	7497	112	46	5.60e-18	106
MK860761.1	SRA:ERR3376857.163796997.2	96.774	62	2	0	4065	4126	1	62	2.01e-17	104
MK860761.1	SRA:ERR3376857.163796997.1	96.774	62	2	0	4065	4126	137	76	2.01e-17	104
MK860761.1	SRA:ERR3376857.219314567.1	100.000	55	0	0	3924	3978	55	1	7.24e-17	102
MK860761.1	SRA:ERR3376857.219314567.1	98.077	52	1	0	7322	7373	100	151	1.57e-13	91.6
MK860761.1	SRA:ERR3376857.6258940.2	100.000	53	0	0	4042	4094	55	3	9.37e-16	99.0
MK860761.1	SRA:ERR3376857.6258940.1	100.000	53	0	0	4042	4094	66	118	9.37e-16	99.0
MK860761.1	SRA:ERR3376857.41809307.2	98.182	55	1	0	7322	7376	55	1	3.37e-15	97.1
MK860761.1	SRA:ERR3376857.41809307.1	98.182	55	1	0	7322	7376	19	73	3.37e-15	97.1
MK860761.1	SRA:ERR3376857.29730436.2	96.552	58	2	0	4064	4121	58	1	3.37e-15	97.1
MK860761.1	SRA:ERR3376857.29730436.1	96.552	58	2	0	4064	4121	12	69	3.37e-15	97.1
MK860761.1	SRA:ERR3376857.135410774.2	100.000	51	0	0	3924	3974	51	1	1.21e-14	95.3
MK860761.1	SRA:ERR3376857.135410774.2	94.872	39	1	1	7326	7363	149	111	4.42e-04	60.2
MK860761.1	SRA:ERR3376857.148915402.2	92.063	63	5	0	8686	8748	47	109	5.64e-13	89.8
MK860761.1	SRA:ERR3376857.148915402.1	98.039	51	1	0	8698	8748	53	3	5.64e-13	89.8
MK860761.1	SRA:ERR3376857.135410774.1	100.000	46	0	0	3924	3969	106	151	7.30e-12	86.1
MK860761.1	SRA:ERR3376857.135410774.1	95.349	43	1	1	7322	7363	4	46	2.64e-06	67.6
MK860761.1	SRA:ERR3376857.197816385.2	97.917	48	1	0	8691	8738	55	102	2.62e-11	84.2
MK860761.1	SRA:ERR3376857.197816385.1	97.917	48	1	0	8691	8738	48	1	2.62e-11	84.2
MK860761.1	SRA:ERR3376857.17624638.1	97.917	48	1	0	4002	4049	53	100	2.62e-11	84.2
MK860761.1	SRA:ERR3376857.156288707.2	97.826	46	1	0	7322	7367	57	102	3.39e-10	80.5
MK860761.1	SRA:ERR3376857.156288707.1	97.826	46	1	0	7322	7367	46	1	3.39e-10	80.5
MK860761.1	SRA:ERR3376857.136596237.2	100.000	43	0	0	7424	7466	1	43	3.39e-10	80.5
MK860761.1	SRA:ERR3376857.136596237.1	100.000	43	0	0	7424	7466	140	98	3.39e-10	80.5
MK860761.1	SRA:ERR3376857.167798472.1	95.918	49	1	1	8701	8748	126	78	1.22e-09	78.7
MK860761.1	SRA:ERR3376857.237051392.2	95.652	46	2	0	4060	4105	1	46	1.58e-08	75.0
MK860761.1	SRA:ERR3376857.237051392.1	92.308	52	4	0	4060	4111	76	25	1.58e-08	75.0
MK860761.1	SRA:ERR3376857.167798472.2	97.727	44	0	1	8701	8743	106	149	1.58e-08	75.0
MK860761.1	SRA:ERR3376857.31221900.1	97.674	43	1	0	8706	8748	1	43	1.58e-08	75.0
MK860761.1	SRA:ERR3376857.221671453.1	100.000	39	0	0	3938	3976	1	39	5.68e-08	73.1
MK860761.1	SRA:ERR3376857.180872752.1	100.000	39	0	0	3938	3976	1	39	5.68e-08	73.1
MK860761.1	SRA:ERR3376857.88422785.2	100.000	38	0	0	3924	3961	15	52	2.04e-07	71.3
MK860761.1	SRA:ERR3376857.88422785.1	100.000	38	0	0	3924	3961	38	1	2.04e-07	71.3
MK860761.1	SRA:ERR3376857.270280212.1	95.349	43	2	0	4052	4094	108	150	7.35e-07	69.4
MK860761.1	SRA:ERR3376857.270279809.1	95.349	43	2	0	4052	4094	108	150	7.35e-07	69.4
MK860761.1	SRA:ERR3376857.86769407.1	97.500	40	1	0	8709	8748	1	40	7.35e-07	69.4
MK860761.1	SRA:ERR3376857.166523311.2	97.436	39	1	0	8710	8748	135	97	2.64e-06	67.6
MK860761.1	SRA:ERR3376857.166523311.1	97.436	39	1	0	8710	8748	1	39	2.64e-06	67.6
MK860761.1	SRA:ERR3376857.164395874.2	97.436	39	1	0	8710	8748	135	97	2.64e-06	67.6
MK860761.1	SRA:ERR3376857.164395874.1	97.436	39	1	0	8710	8748	1	39	2.64e-06	67.6
MK860761.1	SRA:ERR3376857.265204415.2	90.000	50	5	0	4035	4084	1	50	9.50e-06	65.8
MK860761.1	SRA:ERR3376857.22182305.2	100.000	29	0	0	3924	3952	18	46	0.021	54.7
