MK860761.1	SRA:ERR3376856.199517971.1	100.000	148	0	0	7331	7478	3	150	1.58e-68	274
MK860761.1	SRA:ERR3376856.175826182.1	99.333	150	1	0	7342	7491	151	2	5.67e-68	272
MK860761.1	SRA:ERR3376856.175823037.1	99.333	150	1	0	7342	7491	151	2	5.67e-68	272
MK860761.1	SRA:ERR3376856.155508293.2	99.324	148	1	0	3936	4083	148	1	7.33e-67	268
MK860761.1	SRA:ERR3376856.205733501.2	99.320	147	1	0	7322	7468	147	1	2.64e-66	267
MK860761.1	SRA:ERR3376856.171979864.2	99.320	147	1	0	7322	7468	147	1	2.64e-66	267
MK860761.1	SRA:ERR3376856.19371098.2	99.320	147	1	0	3924	4070	147	1	2.64e-66	267
MK860761.1	SRA:ERR3376856.15756648.1	98.000	150	3	0	3966	4115	150	1	1.23e-64	261
MK860761.1	SRA:ERR3376856.175133473.2	97.351	151	4	0	3993	4143	151	1	1.59e-63	257
MK860761.1	SRA:ERR3376856.175133473.1	97.887	142	3	0	3986	4127	10	151	3.43e-60	246
MK860761.1	SRA:ERR3376856.286382036.1	95.364	151	7	0	8587	8737	1	151	1.60e-58	241
MK860761.1	SRA:ERR3376856.266234269.2	95.364	151	7	0	4067	4217	1	151	1.60e-58	241
MK860761.1	SRA:ERR3376856.285552033.2	97.810	137	3	0	4000	4136	137	1	2.07e-57	237
MK860761.1	SRA:ERR3376856.285552033.1	97.810	137	3	0	4000	4136	1	137	2.07e-57	237
MK860761.1	SRA:ERR3376856.236574571.2	99.237	131	1	0	7322	7452	131	1	2.07e-57	237
MK860761.1	SRA:ERR3376856.288184786.2	97.794	136	3	0	3969	4104	1	136	7.43e-57	235
MK860761.1	SRA:ERR3376856.288184786.1	97.794	136	3	0	3969	4104	136	1	7.43e-57	235
MK860761.1	SRA:ERR3376856.286382036.2	95.862	145	6	0	8599	8743	146	2	7.43e-57	235
MK860761.1	SRA:ERR3376856.266239767.2	94.702	151	8	0	4100	4250	1	151	7.43e-57	235
MK860761.1	SRA:ERR3376856.242792063.2	94.702	151	8	0	4083	4233	1	151	7.43e-57	235
MK860761.1	SRA:ERR3376856.205733501.1	99.231	130	1	0	7322	7451	20	149	7.43e-57	235
MK860761.1	SRA:ERR3376856.171979864.1	99.231	130	1	0	7322	7451	20	149	7.43e-57	235
MK860761.1	SRA:ERR3376856.157192494.2	94.702	151	8	0	4084	4234	1	151	7.43e-57	235
MK860761.1	SRA:ERR3376856.136352593.1	94.702	151	8	0	4086	4236	1	151	7.43e-57	235
MK860761.1	SRA:ERR3376856.56896685.2	94.702	151	8	0	4080	4230	151	1	7.43e-57	235
MK860761.1	SRA:ERR3376856.303675164.1	97.794	136	1	1	7364	7497	139	4	2.67e-56	233
MK860761.1	SRA:ERR3376856.247167155.2	99.219	128	1	0	3958	4085	1	128	9.62e-56	231
MK860761.1	SRA:ERR3376856.247167155.1	99.219	128	1	0	3958	4085	128	1	9.62e-56	231
MK860761.1	SRA:ERR3376856.288183562.1	94.595	148	8	0	4106	4253	1	148	3.46e-55	230
MK860761.1	SRA:ERR3376856.266234269.1	95.172	145	7	0	4099	4243	147	3	3.46e-55	230
MK860761.1	SRA:ERR3376856.235486629.2	94.521	146	8	0	4104	4249	6	151	4.47e-54	226
MK860761.1	SRA:ERR3376856.90543634.2	97.727	132	1	1	7368	7497	1	132	4.47e-54	226
MK860761.1	SRA:ERR3376856.137876440.2	95.683	139	6	0	4031	4169	1	139	1.61e-53	224
MK860761.1	SRA:ERR3376856.137876440.1	95.683	139	6	0	4031	4169	140	2	1.61e-53	224
MK860761.1	SRA:ERR3376856.31648748.2	96.324	136	5	0	8613	8748	150	15	1.61e-53	224
MK860761.1	SRA:ERR3376856.303675164.2	99.187	123	1	0	7364	7486	29	151	5.79e-53	222
MK860761.1	SRA:ERR3376856.238082094.1	93.333	150	10	0	4112	4261	151	2	5.79e-53	222
MK860761.1	SRA:ERR3376856.157192494.1	93.333	150	10	0	4112	4261	151	2	5.79e-53	222
MK860761.1	SRA:ERR3376856.166297699.2	99.180	122	1	0	3961	4082	1	122	2.08e-52	220
MK860761.1	SRA:ERR3376856.166297699.1	99.180	122	1	0	3961	4082	122	1	2.08e-52	220
MK860761.1	SRA:ERR3376856.28960482.2	97.674	129	1	1	7371	7497	150	22	2.08e-52	220
MK860761.1	SRA:ERR3376856.263187125.2	97.638	127	1	1	7373	7497	141	15	2.69e-51	217
MK860761.1	SRA:ERR3376856.263187125.1	97.638	127	1	1	7373	7497	1	127	2.69e-51	217
MK860761.1	SRA:ERR3376856.166183715.2	99.167	120	1	0	3949	4068	1	120	2.69e-51	217
MK860761.1	SRA:ERR3376856.166183715.1	99.153	118	1	0	3951	4068	150	33	3.48e-50	213
MK860761.1	SRA:ERR3376856.72029934.1	95.489	133	6	0	4068	4200	133	1	3.48e-50	213
MK860761.1	SRA:ERR3376856.52979241.1	95.489	133	6	0	4068	4200	133	1	3.48e-50	213
MK860761.1	SRA:ERR3376856.28960482.1	97.600	125	2	1	7337	7461	27	150	3.48e-50	213
MK860761.1	SRA:ERR3376856.28960482.1	98.113	53	0	1	7337	7389	52	1	1.70e-13	91.6
MK860761.1	SRA:ERR3376856.215327998.1	97.541	122	1	1	7378	7497	150	29	1.62e-48	207
MK860761.1	SRA:ERR3376856.144064573.2	98.305	118	2	0	7322	7439	34	151	1.62e-48	207
MK860761.1	SRA:ERR3376856.144064572.2	98.305	118	2	0	7322	7439	34	151	1.62e-48	207
MK860761.1	SRA:ERR3376856.225087882.1	92.414	145	10	1	4122	4265	149	5	5.83e-48	206
MK860761.1	SRA:ERR3376856.303015868.1	99.115	113	1	0	7322	7434	39	151	2.10e-47	204
MK860761.1	SRA:ERR3376856.274345614.2	93.431	137	9	0	8566	8702	137	1	2.10e-47	204
MK860761.1	SRA:ERR3376856.274345614.1	93.431	137	9	0	8566	8702	1	137	2.10e-47	204
MK860761.1	SRA:ERR3376856.256183178.1	96.721	122	4	0	8627	8748	1	122	2.10e-47	204
MK860761.1	SRA:ERR3376856.17518920.1	92.308	143	10	1	4124	4265	1	143	7.54e-47	202
MK860761.1	SRA:ERR3376856.215327998.2	98.230	113	2	0	7322	7434	39	151	9.75e-46	198
MK860761.1	SRA:ERR3376856.175224120.2	100.000	107	0	0	3924	4030	107	1	9.75e-46	198
MK860761.1	SRA:ERR3376856.175224120.1	100.000	107	0	0	3924	4030	11	117	9.75e-46	198
MK860761.1	SRA:ERR3376856.86269103.1	97.345	113	3	0	4025	4137	113	1	4.54e-44	193
MK860761.1	SRA:ERR3376856.86268628.1	97.345	113	3	0	4025	4137	113	1	4.54e-44	193
MK860761.1	SRA:ERR3376856.232386314.2	99.057	106	1	0	7322	7427	15	120	1.63e-43	191
MK860761.1	SRA:ERR3376856.232386314.1	99.057	106	1	0	7322	7427	106	1	1.63e-43	191
MK860761.1	SRA:ERR3376856.297113601.2	94.309	123	7	0	4071	4193	123	1	5.87e-43	189
MK860761.1	SRA:ERR3376856.235486629.1	91.912	136	10	1	4131	4265	151	16	5.87e-43	189
MK860761.1	SRA:ERR3376856.175826182.2	99.038	104	1	0	7322	7425	48	151	2.11e-42	187
MK860761.1	SRA:ERR3376856.175823037.2	99.038	104	1	0	7322	7425	48	151	2.11e-42	187
MK860761.1	SRA:ERR3376856.36303559.1	99.038	104	1	0	7322	7425	48	151	2.11e-42	187
MK860761.1	SRA:ERR3376856.14429090.2	99.038	104	1	0	7366	7469	112	9	2.11e-42	187
MK860761.1	SRA:ERR3376856.14429090.1	100.000	101	0	0	7366	7466	1	101	2.11e-42	187
MK860761.1	SRA:ERR3376856.19292985.2	93.548	124	8	0	8563	8686	124	1	7.59e-42	185
MK860761.1	SRA:ERR3376856.19292985.1	92.857	126	9	0	8560	8685	25	150	2.73e-41	183
MK860761.1	SRA:ERR3376856.227684399.2	100.000	98	0	0	7352	7449	98	1	9.82e-41	182
MK860761.1	SRA:ERR3376856.227684399.1	100.000	98	0	0	7352	7449	4	101	9.82e-41	182
MK860761.1	SRA:ERR3376856.227682973.2	100.000	98	0	0	7352	7449	98	1	9.82e-41	182
MK860761.1	SRA:ERR3376856.227682973.1	100.000	98	0	0	7352	7449	4	101	9.82e-41	182
MK860761.1	SRA:ERR3376856.151469274.2	95.575	113	5	0	4096	4208	3	115	9.82e-41	182
MK860761.1	SRA:ERR3376856.151469274.1	96.364	110	4	0	4099	4208	115	6	9.82e-41	182
MK860761.1	SRA:ERR3376856.72029934.2	94.828	116	6	0	4068	4183	35	150	9.82e-41	182
MK860761.1	SRA:ERR3376856.52979241.2	94.828	116	6	0	4068	4183	35	150	9.82e-41	182
MK860761.1	SRA:ERR3376856.200806443.2	96.330	109	4	0	8640	8748	115	7	3.53e-40	180
MK860761.1	SRA:ERR3376856.200806443.1	96.330	109	4	0	8640	8748	1	109	3.53e-40	180
MK860761.1	SRA:ERR3376856.106303120.2	97.196	107	1	1	7393	7497	1	107	3.53e-40	180
MK860761.1	SRA:ERR3376856.155508293.1	100.000	96	0	0	3924	4019	53	148	1.27e-39	178
MK860761.1	SRA:ERR3376856.266239767.1	92.683	123	8	1	4134	4256	151	30	4.57e-39	176
MK860761.1	SRA:ERR3376856.242792063.1	93.277	119	8	0	4129	4247	151	33	4.57e-39	176
MK860761.1	SRA:ERR3376856.258037974.2	98.980	98	0	1	7367	7464	97	1	1.64e-38	174
MK860761.1	SRA:ERR3376856.19371098.1	98.969	97	1	0	7322	7418	97	1	1.64e-38	174
MK860761.1	SRA:ERR3376856.271098434.2	100.000	93	0	0	7355	7447	93	1	5.91e-38	172
MK860761.1	SRA:ERR3376856.271098434.1	100.000	93	0	0	7355	7447	1	93	5.91e-38	172
MK860761.1	SRA:ERR3376856.144064572.1	93.162	117	8	0	8563	8679	117	1	5.91e-38	172
MK860761.1	SRA:ERR3376856.30970577.2	94.595	111	6	0	4062	4172	111	1	5.91e-38	172
MK860761.1	SRA:ERR3376856.298303295.1	96.117	103	4	0	8646	8748	1	103	7.65e-37	169
MK860761.1	SRA:ERR3376856.268539976.2	94.545	110	4	2	8641	8748	148	39	7.65e-37	169
MK860761.1	SRA:ERR3376856.76340619.1	93.043	115	8	0	8563	8677	115	1	7.65e-37	169
MK860761.1	SRA:ERR3376856.186831115.1	96.117	103	3	1	4057	4159	1	102	2.75e-36	167
MK860761.1	SRA:ERR3376856.149170204.1	97.938	97	1	1	7395	7491	98	3	2.75e-36	167
MK860761.1	SRA:ERR3376856.144064573.1	92.308	117	9	0	8563	8679	117	1	2.75e-36	167
MK860761.1	SRA:ERR3376856.136352593.2	91.129	124	10	1	4143	4265	149	26	2.75e-36	167
MK860761.1	SRA:ERR3376856.55925641.2	100.000	89	0	0	3936	4024	1	89	9.89e-36	165
MK860761.1	SRA:ERR3376856.55925641.1	100.000	89	0	0	3936	4024	89	1	9.89e-36	165
MK860761.1	SRA:ERR3376856.30970577.1	100.000	89	0	0	3924	4012	89	1	9.89e-36	165
MK860761.1	SRA:ERR3376856.30970577.1	95.745	47	2	0	4062	4108	105	151	4.77e-09	76.8
MK860761.1	SRA:ERR3376856.25460164.2	100.000	89	0	0	7346	7434	89	1	9.89e-36	165
MK860761.1	SRA:ERR3376856.25460164.1	100.000	89	0	0	7346	7434	1	89	9.89e-36	165
MK860761.1	SRA:ERR3376856.289553554.2	90.984	122	10	1	4145	4265	1	122	3.56e-35	163
MK860761.1	SRA:ERR3376856.67054918.2	91.453	117	9	1	4150	4265	140	24	4.60e-34	159
MK860761.1	SRA:ERR3376856.67054918.1	91.453	117	9	1	4150	4265	3	119	4.60e-34	159
MK860761.1	SRA:ERR3376856.56896685.1	100.000	86	0	0	3924	4009	65	150	4.60e-34	159
MK860761.1	SRA:ERR3376856.17518920.2	91.453	117	9	1	4150	4265	147	31	4.60e-34	159
MK860761.1	SRA:ERR3376856.281403063.2	93.396	106	7	0	4138	4243	106	1	1.66e-33	158
MK860761.1	SRA:ERR3376856.281403063.2	93.617	47	3	0	4088	4134	96	142	2.22e-07	71.3
MK860761.1	SRA:ERR3376856.86751848.2	91.964	112	9	0	8571	8682	1	112	1.66e-33	158
MK860761.1	SRA:ERR3376856.86751848.1	91.964	112	9	0	8571	8682	143	32	1.66e-33	158
MK860761.1	SRA:ERR3376856.15756648.2	100.000	85	0	0	3924	4008	67	151	1.66e-33	158
MK860761.1	SRA:ERR3376856.281403063.1	92.523	107	8	0	4138	4244	37	143	2.14e-32	154
MK860761.1	SRA:ERR3376856.281403063.1	93.617	47	3	0	4088	4134	47	1	2.22e-07	71.3
MK860761.1	SRA:ERR3376856.267489146.1	94.059	101	6	0	4126	4226	101	1	2.14e-32	154
MK860761.1	SRA:ERR3376856.233733778.2	96.703	91	3	0	8658	8748	1	91	7.70e-32	152
MK860761.1	SRA:ERR3376856.258037974.1	98.824	85	0	1	7367	7451	67	150	2.77e-31	150
MK860761.1	SRA:ERR3376856.86318938.2	91.071	112	9	1	4155	4265	1	112	2.77e-31	150
MK860761.1	SRA:ERR3376856.86318938.1	91.071	112	9	1	4155	4265	117	6	2.77e-31	150
MK860761.1	SRA:ERR3376856.82008492.2	95.699	93	4	0	8656	8748	2	94	2.77e-31	150
MK860761.1	SRA:ERR3376856.76340619.2	92.381	105	8	0	8560	8664	47	151	2.77e-31	150
MK860761.1	SRA:ERR3376856.76340619.2	95.082	61	1	1	7439	7497	1	61	1.32e-14	95.3
MK860761.1	SRA:ERR3376856.136814382.2	90.826	109	9	1	4158	4265	111	3	1.29e-29	145
MK860761.1	SRA:ERR3376856.136814382.1	90.826	109	9	1	4158	4265	1	109	1.29e-29	145
MK860761.1	SRA:ERR3376856.136813663.2	90.826	109	9	1	4158	4265	111	3	1.29e-29	145
MK860761.1	SRA:ERR3376856.136813663.1	90.826	109	9	1	4158	4265	1	109	1.29e-29	145
MK860761.1	SRA:ERR3376856.105766224.1	92.929	99	7	0	8563	8661	99	1	1.29e-29	145
MK860761.1	SRA:ERR3376856.105766224.1	95.312	64	1	1	7436	7497	151	88	2.83e-16	100
MK860761.1	SRA:ERR3376856.251751273.2	92.857	98	7	0	4150	4247	98	1	4.63e-29	143
MK860761.1	SRA:ERR3376856.251751273.1	92.079	101	8	0	4147	4247	1	101	4.63e-29	143
MK860761.1	SRA:ERR3376856.251751000.2	92.857	98	7	0	4150	4247	98	1	4.63e-29	143
MK860761.1	SRA:ERR3376856.251751000.1	92.079	101	8	0	4147	4247	1	101	4.63e-29	143
MK860761.1	SRA:ERR3376856.119097835.2	96.512	86	3	0	4034	4119	26	111	4.63e-29	143
MK860761.1	SRA:ERR3376856.119097835.1	96.512	86	3	0	4034	4119	86	1	4.63e-29	143
MK860761.1	SRA:ERR3376856.119094537.2	96.512	86	3	0	4034	4119	26	111	4.63e-29	143
MK860761.1	SRA:ERR3376856.119094537.1	96.512	86	3	0	4034	4119	86	1	4.63e-29	143
MK860761.1	SRA:ERR3376856.51231042.2	92.000	100	8	0	4162	4261	103	4	1.67e-28	141
MK860761.1	SRA:ERR3376856.51231042.1	92.784	97	7	0	4162	4258	3	99	1.67e-28	141
MK860761.1	SRA:ERR3376856.51208887.2	92.000	100	8	0	4162	4261	103	4	1.67e-28	141
MK860761.1	SRA:ERR3376856.51208887.1	92.784	97	7	0	4162	4258	3	99	1.67e-28	141
MK860761.1	SRA:ERR3376856.36303559.2	96.512	86	1	1	7414	7497	151	66	1.67e-28	141
MK860761.1	SRA:ERR3376856.303015868.2	92.708	96	7	0	8563	8658	96	1	6.00e-28	139
MK860761.1	SRA:ERR3376856.303015868.2	95.385	65	1	1	7435	7497	149	85	7.87e-17	102
MK860761.1	SRA:ERR3376856.94692231.1	91.919	99	7	1	4168	4265	1	99	2.16e-27	137
MK860761.1	SRA:ERR3376856.90543634.1	93.478	92	6	0	8563	8654	94	3	2.16e-27	137
MK860761.1	SRA:ERR3376856.90543634.1	95.652	69	1	1	7431	7497	151	83	4.70e-19	110
MK860761.1	SRA:ERR3376856.58398701.2	96.429	84	1	1	7416	7497	131	48	2.16e-27	137
MK860761.1	SRA:ERR3376856.267489146.2	90.196	102	10	0	4126	4227	1	102	2.79e-26	134
MK860761.1	SRA:ERR3376856.186831115.2	92.553	94	6	1	4173	4265	2	95	2.79e-26	134
MK860761.1	SRA:ERR3376856.141172033.2	97.436	78	2	0	8665	8742	54	131	2.79e-26	134
MK860761.1	SRA:ERR3376856.141172033.1	97.436	78	2	0	8665	8742	78	1	2.79e-26	134
MK860761.1	SRA:ERR3376856.31648748.1	96.341	82	1	1	7418	7497	1	82	2.79e-26	134
MK860761.1	SRA:ERR3376856.135603538.2	95.181	83	4	0	8665	8747	90	8	1.00e-25	132
MK860761.1	SRA:ERR3376856.135603538.1	95.181	83	4	0	8665	8747	1	83	1.00e-25	132
MK860761.1	SRA:ERR3376856.98571006.2	97.403	77	2	0	8667	8743	1	77	1.00e-25	132
MK860761.1	SRA:ERR3376856.98571006.1	97.403	77	2	0	8667	8743	134	58	1.00e-25	132
MK860761.1	SRA:ERR3376856.98570629.2	97.403	77	2	0	8667	8743	1	77	1.00e-25	132
MK860761.1	SRA:ERR3376856.98570629.1	97.403	77	2	0	8667	8743	134	58	1.00e-25	132
MK860761.1	SRA:ERR3376856.58398701.1	95.238	84	2	1	7416	7497	26	109	1.00e-25	132
MK860761.1	SRA:ERR3376856.58398701.1	100.000	31	0	0	7396	7426	31	1	0.002	58.4
MK860761.1	SRA:ERR3376856.57794134.2	97.403	77	2	0	8667	8743	12	88	1.00e-25	132
MK860761.1	SRA:ERR3376856.297113601.1	96.203	79	3	0	4068	4146	73	151	3.61e-25	130
MK860761.1	SRA:ERR3376856.170907061.2	97.333	75	2	0	7417	7491	1	75	1.30e-24	128
MK860761.1	SRA:ERR3376856.105766224.2	96.104	77	1	1	7423	7497	1	77	1.68e-23	124
MK860761.1	SRA:ERR3376856.219497296.1	97.222	72	2	0	8677	8748	28	99	6.04e-23	122
MK860761.1	SRA:ERR3376856.246552623.2	98.529	68	1	0	8676	8743	1	68	2.17e-22	121
MK860761.1	SRA:ERR3376856.246552623.1	98.529	68	1	0	8676	8743	83	16	2.17e-22	121
MK860761.1	SRA:ERR3376856.236574571.1	98.507	67	1	0	7322	7388	85	151	7.81e-22	119
MK860761.1	SRA:ERR3376856.236574571.1	100.000	40	0	0	3924	3963	40	1	1.71e-08	75.0
MK860761.1	SRA:ERR3376856.224741891.2	98.507	67	1	0	7322	7388	11	77	7.81e-22	119
MK860761.1	SRA:ERR3376856.224741891.1	98.507	67	1	0	7322	7388	83	17	7.81e-22	119
MK860761.1	SRA:ERR3376856.160372282.2	93.671	79	5	0	8588	8666	150	72	7.81e-22	119
MK860761.1	SRA:ERR3376856.160372282.2	95.455	66	1	1	7434	7497	1	66	2.19e-17	104
MK860761.1	SRA:ERR3376856.160372282.1	93.671	79	5	0	8588	8666	1	79	7.81e-22	119
MK860761.1	SRA:ERR3376856.160372282.1	95.455	66	1	1	7434	7497	150	85	2.19e-17	104
MK860761.1	SRA:ERR3376856.84448395.2	94.805	77	3	1	4039	4115	18	93	7.81e-22	119
MK860761.1	SRA:ERR3376856.84448395.1	94.805	77	3	1	4039	4115	76	1	7.81e-22	119
MK860761.1	SRA:ERR3376856.112792626.2	97.101	69	2	0	8680	8748	1	69	2.81e-21	117
MK860761.1	SRA:ERR3376856.112792626.1	97.101	69	2	0	8680	8748	143	75	2.81e-21	117
MK860761.1	SRA:ERR3376856.168282812.2	95.588	68	1	1	7432	7497	1	68	1.69e-18	108
MK860761.1	SRA:ERR3376856.168282812.1	95.588	68	1	1	7432	7497	148	81	1.69e-18	108
MK860761.1	SRA:ERR3376856.112197493.2	96.875	64	2	0	4039	4102	11	74	1.69e-18	108
MK860761.1	SRA:ERR3376856.112197493.1	96.875	64	2	0	4039	4102	64	1	1.69e-18	108
MK860761.1	SRA:ERR3376856.93109220.2	96.875	64	2	0	4039	4102	11	74	1.69e-18	108
MK860761.1	SRA:ERR3376856.93109220.1	96.875	64	2	0	4039	4102	64	1	1.69e-18	108
MK860761.1	SRA:ERR3376856.82766226.2	96.875	64	2	0	8685	8748	1	64	1.69e-18	108
MK860761.1	SRA:ERR3376856.82766226.1	96.875	64	2	0	8685	8748	100	37	1.69e-18	108
MK860761.1	SRA:ERR3376856.64001507.2	95.522	67	1	1	7433	7497	1	67	6.08e-18	106
MK860761.1	SRA:ERR3376856.64001507.1	95.522	67	1	1	7433	7497	136	70	6.08e-18	106
MK860761.1	SRA:ERR3376856.133101219.2	98.305	59	1	0	4026	4084	107	49	2.19e-17	104
MK860761.1	SRA:ERR3376856.133101219.1	98.305	59	1	0	4026	4084	1	59	2.19e-17	104
MK860761.1	SRA:ERR3376856.200890110.2	95.385	65	2	1	4083	4146	1	65	7.87e-17	102
MK860761.1	SRA:ERR3376856.200890110.1	90.123	81	5	3	4083	4162	93	15	7.87e-17	102
MK860761.1	SRA:ERR3376856.240305144.2	100.000	53	0	0	7421	7473	1	53	1.02e-15	99.0
MK860761.1	SRA:ERR3376856.240305144.1	100.000	53	0	0	7421	7473	65	13	1.02e-15	99.0
MK860761.1	SRA:ERR3376856.75614355.2	100.000	53	0	0	3949	4001	1	53	1.02e-15	99.0
MK860761.1	SRA:ERR3376856.75614355.1	100.000	53	0	0	3949	4001	69	17	1.02e-15	99.0
MK860761.1	SRA:ERR3376856.110194033.2	98.182	55	1	0	4025	4079	1	55	3.66e-15	97.1
MK860761.1	SRA:ERR3376856.110194033.2	100.000	36	0	0	3985	4020	87	52	2.87e-06	67.6
MK860761.1	SRA:ERR3376856.110194033.1	98.182	55	1	0	4025	4079	87	33	3.66e-15	97.1
MK860761.1	SRA:ERR3376856.110194033.1	100.000	36	0	0	3985	4020	1	36	2.87e-06	67.6
MK860761.1	SRA:ERR3376856.249535891.2	96.491	57	2	0	8692	8748	1	57	1.32e-14	95.3
MK860761.1	SRA:ERR3376856.249535891.1	96.491	57	2	0	8692	8748	123	67	1.32e-14	95.3
MK860761.1	SRA:ERR3376856.211835712.2	95.000	60	3	0	8689	8748	148	89	1.32e-14	95.3
MK860761.1	SRA:ERR3376856.127632034.2	96.429	56	2	0	4082	4137	130	75	4.73e-14	93.5
MK860761.1	SRA:ERR3376856.127632034.1	96.429	56	2	0	4082	4137	1	56	4.73e-14	93.5
MK860761.1	SRA:ERR3376856.124670855.2	96.364	55	2	0	8689	8743	123	69	1.70e-13	91.6
MK860761.1	SRA:ERR3376856.219497296.2	98.039	51	1	0	8698	8748	149	99	6.12e-13	89.8
MK860761.1	SRA:ERR3376856.115868685.1	100.000	46	0	0	7419	7464	1	46	7.92e-12	86.1
MK860761.1	SRA:ERR3376856.115862782.1	100.000	46	0	0	7419	7464	1	46	7.92e-12	86.1
MK860761.1	SRA:ERR3376856.274112203.2	94.444	54	3	0	3948	4001	1	54	2.85e-11	84.2
MK860761.1	SRA:ERR3376856.274112203.1	94.444	54	3	0	3948	4001	99	46	2.85e-11	84.2
MK860761.1	SRA:ERR3376856.197777372.2	100.000	45	0	0	8697	8741	105	149	2.85e-11	84.2
MK860761.1	SRA:ERR3376856.197777372.1	100.000	45	0	0	8697	8741	45	1	2.85e-11	84.2
MK860761.1	SRA:ERR3376856.197777266.2	100.000	45	0	0	8697	8741	105	149	2.85e-11	84.2
MK860761.1	SRA:ERR3376856.197777266.1	100.000	45	0	0	8697	8741	45	1	2.85e-11	84.2
MK860761.1	SRA:ERR3376856.197776762.2	100.000	45	0	0	8697	8741	105	149	2.85e-11	84.2
MK860761.1	SRA:ERR3376856.197776762.1	100.000	45	0	0	8697	8741	45	1	2.85e-11	84.2
MK860761.1	SRA:ERR3376856.184111056.2	96.078	51	2	0	4063	4113	65	115	2.85e-11	84.2
MK860761.1	SRA:ERR3376856.184111056.1	96.078	51	2	0	4063	4113	51	1	2.85e-11	84.2
MK860761.1	SRA:ERR3376856.184110537.2	96.078	51	2	0	4063	4113	65	115	2.85e-11	84.2
MK860761.1	SRA:ERR3376856.184110537.1	96.078	51	2	0	4063	4113	51	1	2.85e-11	84.2
MK860761.1	SRA:ERR3376856.123713173.1	97.917	48	1	0	8701	8748	1	48	2.85e-11	84.2
MK860761.1	SRA:ERR3376856.20410011.2	97.872	47	1	0	8702	8748	93	47	1.02e-10	82.4
MK860761.1	SRA:ERR3376856.20410011.1	97.872	47	1	0	8702	8748	1	47	1.02e-10	82.4
MK860761.1	SRA:ERR3376856.115868685.2	100.000	39	0	0	7426	7464	151	113	6.17e-08	73.1
MK860761.1	SRA:ERR3376856.115862782.2	100.000	39	0	0	7426	7464	151	113	6.17e-08	73.1
MK860761.1	SRA:ERR3376856.149170204.2	97.368	38	0	1	7395	7432	115	151	3.71e-05	63.9
MK860761.1	SRA:ERR3376856.122639711.2	97.297	37	1	0	7325	7361	37	1	3.71e-05	63.9
MK860761.1	SRA:ERR3376856.122639711.1	97.297	37	1	0	7325	7361	50	86	3.71e-05	63.9
MK860761.1	SRA:ERR3376856.287369658.1	100.000	30	0	0	7403	7432	30	1	0.006	56.5
MK860761.1	SRA:ERR3376856.211400475.2	100.000	29	0	0	3924	3952	29	1	0.022	54.7
MK860761.1	SRA:ERR3376856.211400474.2	100.000	29	0	0	3924	3952	29	1	0.022	54.7
MK860761.1	SRA:ERR3376856.23160808.2	100.000	29	0	0	7435	7463	29	1	0.022	54.7
MK860761.1	SRA:ERR3376856.23160808.1	100.000	29	0	0	7435	7463	20	48	0.022	54.7
MK860761.1	SRA:ERR3376856.211400475.1	100.000	28	0	0	3924	3951	124	151	0.080	52.8
