MK860761.1	SRA:SRR6490536.20247012.1	100.000	76	0	0	7372	7447	1	76	6.55e-30	141
MK860761.1	SRA:SRR6490536.17343077.2	100.000	76	0	0	7350	7425	76	1	6.55e-30	141
MK860761.1	SRA:SRR6490536.16556786.2	100.000	76	0	0	3935	4010	1	76	6.55e-30	141
MK860761.1	SRA:SRR6490536.9535684.1	100.000	75	0	0	7386	7460	75	1	2.36e-29	139
MK860761.1	SRA:SRR6490536.16556786.1	98.684	76	1	0	3986	4061	76	1	3.05e-28	135
MK860761.1	SRA:SRR6490536.16029299.2	98.684	76	1	0	4013	4088	1	76	3.05e-28	135
MK860761.1	SRA:SRR6490536.12281928.1	98.667	75	1	0	7322	7396	2	76	1.10e-27	134
MK860761.1	SRA:SRR6490536.15925223.1	97.368	76	2	0	4057	4132	76	1	1.42e-26	130
MK860761.1	SRA:SRR6490536.12281928.2	97.368	76	2	0	8663	8738	76	1	1.42e-26	130
MK860761.1	SRA:SRR6490536.15925223.2	97.297	74	2	0	4046	4119	1	74	1.83e-25	126
MK860761.1	SRA:SRR6490536.8894759.1	96.053	76	3	0	4050	4125	76	1	6.60e-25	124
MK860761.1	SRA:SRR6490536.2138449.2	96.000	75	1	1	7425	7497	76	2	8.53e-24	121
MK860761.1	SRA:SRR6490536.16029299.1	94.737	76	4	0	4104	4179	76	1	3.07e-23	119
MK860761.1	SRA:SRR6490536.25172299.2	94.595	74	4	0	8604	8677	74	1	3.97e-22	115
MK860761.1	SRA:SRR6490536.6844109.1	97.015	67	2	0	8682	8748	1	67	1.43e-21	113
MK860761.1	SRA:SRR6490536.25172299.1	98.148	54	1	0	7322	7375	21	74	5.17e-16	95.3
MK860761.1	SRA:SRR6490536.23752687.1	98.148	54	1	0	7322	7375	21	74	5.17e-16	95.3
MK860761.1	SRA:SRR6490536.17343077.1	98.148	54	1	0	7322	7375	21	74	5.17e-16	95.3
MK860761.1	SRA:SRR6490536.9535684.2	98.148	54	1	0	7322	7375	21	74	5.17e-16	95.3
MK860761.1	SRA:SRR6490536.8894759.2	100.000	43	0	0	3924	3966	34	76	1.45e-11	80.5
MK860761.1	SRA:SRR6490536.6641159.1	97.561	41	1	0	7322	7362	36	76	8.72e-09	71.3
MK860761.1	SRA:SRR6490536.2138449.1	97.436	39	1	0	7322	7360	38	76	1.13e-07	67.6
