MK860761.1	SRA:SRR871499.165734943.2	100.000	99	0	0	7380	7478	1	99	1.18e-41	183
MK860761.1	SRA:SRR871499.54313426.2	100.000	99	0	0	3931	4029	1	99	1.18e-41	183
MK860761.1	SRA:SRR871499.47937936.2	100.000	99	0	0	7380	7478	1	99	1.18e-41	183
MK860761.1	SRA:SRR871499.46362196.2	100.000	99	0	0	7346	7444	1	99	1.18e-41	183
MK860761.1	SRA:SRR871499.62158743.1	97.980	99	2	0	3623	3721	1	99	2.55e-38	172
MK860761.1	SRA:SRR871499.71777625.1	100.000	92	0	0	3924	4015	92	1	9.18e-38	171
MK860761.1	SRA:SRR871499.135676627.2	96.970	99	3	0	8628	8726	1	99	1.19e-36	167
MK860761.1	SRA:SRR871499.67046170.2	96.970	99	3	0	4009	4107	99	1	1.19e-36	167
MK860761.1	SRA:SRR871499.53903916.2	96.970	99	3	0	3767	3865	1	99	1.19e-36	167
MK860761.1	SRA:SRR871499.10683923.1	96.970	99	3	0	3709	3807	99	1	1.19e-36	167
MK860761.1	SRA:SRR871499.196122613.2	95.960	99	4	0	8628	8726	1	99	5.53e-35	161
MK860761.1	SRA:SRR871499.177839766.1	95.960	99	4	0	3623	3721	1	99	5.53e-35	161
MK860761.1	SRA:SRR871499.173144384.2	95.960	99	4	0	8628	8726	1	99	5.53e-35	161
MK860761.1	SRA:SRR871499.62158743.2	95.960	99	4	0	3796	3894	99	1	5.53e-35	161
MK860761.1	SRA:SRR871499.54313426.1	94.949	99	5	0	4122	4220	99	1	2.57e-33	156
MK860761.1	SRA:SRR871499.187194641.2	98.824	85	1	0	7322	7406	15	99	3.33e-32	152
MK860761.1	SRA:SRR871499.180386940.1	94.845	97	5	0	4012	4108	97	1	3.33e-32	152
MK860761.1	SRA:SRR871499.47937936.1	94.845	97	5	0	8600	8696	99	3	3.33e-32	152
MK860761.1	SRA:SRR871499.62228102.1	96.629	89	1	1	7411	7497	99	11	1.55e-30	147
MK860761.1	SRA:SRR871499.46362196.1	92.929	99	7	0	8563	8661	99	1	5.57e-30	145
MK860761.1	SRA:SRR871499.71777625.2	98.551	69	1	0	7322	7390	69	1	2.61e-23	122
MK860761.1	SRA:SRR871499.180386940.2	100.000	60	0	0	3924	3983	40	99	5.65e-20	111
MK860761.1	SRA:SRR871499.67046170.1	100.000	59	0	0	3924	3982	41	99	2.03e-19	110
MK860761.1	SRA:SRR871499.62228102.2	100.000	29	0	0	3924	3952	29	1	0.010	54.7
