MK860761.1	SRA:SRR871497.156929794.1	100.000	99	0	0	7368	7466	1	99	1.45e-41	183
MK860761.1	SRA:SRR871497.97315868.1	100.000	99	0	0	7368	7466	1	99	1.45e-41	183
MK860761.1	SRA:SRR871497.16668577.2	100.000	99	0	0	3938	4036	99	1	1.45e-41	183
MK860761.1	SRA:SRR871497.151686237.2	100.000	97	0	0	7331	7427	3	99	1.88e-40	180
MK860761.1	SRA:SRR871497.157124072.1	100.000	96	0	0	7383	7478	1	96	6.75e-40	178
MK860761.1	SRA:SRR871497.148956319.1	100.000	96	0	0	7383	7478	1	96	6.75e-40	178
MK860761.1	SRA:SRR871497.102101857.1	98.990	99	1	0	3953	4051	1	99	6.75e-40	178
MK860761.1	SRA:SRR871497.92312067.2	98.990	99	1	0	3676	3774	99	1	6.75e-40	178
MK860761.1	SRA:SRR871497.54557012.1	98.990	99	1	0	3992	4090	1	99	6.75e-40	178
MK860761.1	SRA:SRR871497.6988938.1	100.000	96	0	0	7383	7478	1	96	6.75e-40	178
MK860761.1	SRA:SRR871497.251142124.2	98.980	98	1	0	3682	3779	1	98	2.43e-39	176
MK860761.1	SRA:SRR871497.189743148.1	97.980	99	2	0	7325	7423	99	1	8.73e-39	174
MK860761.1	SRA:SRR871497.230793614.1	97.980	99	2	0	3686	3784	1	99	3.14e-38	172
MK860761.1	SRA:SRR871497.229266848.1	97.980	99	2	0	3668	3766	99	1	3.14e-38	172
MK860761.1	SRA:SRR871497.227008252.1	97.980	99	2	0	3639	3737	1	99	3.14e-38	172
MK860761.1	SRA:SRR871497.163489231.1	97.980	99	2	0	3671	3769	99	1	3.14e-38	172
MK860761.1	SRA:SRR871497.133663178.1	97.980	99	2	0	3678	3776	99	1	3.14e-38	172
MK860761.1	SRA:SRR871497.129589917.1	97.980	99	2	0	3633	3731	99	1	3.14e-38	172
MK860761.1	SRA:SRR871497.128836449.1	97.980	99	2	0	3639	3737	1	99	3.14e-38	172
MK860761.1	SRA:SRR871497.121556666.2	97.980	99	2	0	3659	3757	99	1	3.14e-38	172
MK860761.1	SRA:SRR871497.116804138.2	98.958	96	1	0	3684	3779	1	96	3.14e-38	172
MK860761.1	SRA:SRR871497.111361755.1	97.980	99	2	0	3639	3737	1	99	3.14e-38	172
MK860761.1	SRA:SRR871497.105089454.1	97.980	99	2	0	3658	3756	99	1	3.14e-38	172
MK860761.1	SRA:SRR871497.103247130.2	97.980	99	2	0	4048	4146	99	1	3.14e-38	172
MK860761.1	SRA:SRR871497.70925349.1	97.980	99	2	0	3609	3707	99	1	3.14e-38	172
MK860761.1	SRA:SRR871497.55008895.1	97.980	99	2	0	3636	3734	99	1	3.14e-38	172
MK860761.1	SRA:SRR871497.42313689.1	97.980	99	2	0	3659	3757	1	99	3.14e-38	172
MK860761.1	SRA:SRR871497.37168834.1	97.980	99	2	0	3671	3769	99	1	3.14e-38	172
MK860761.1	SRA:SRR871497.19479111.1	97.980	99	2	0	3619	3717	99	1	3.14e-38	172
MK860761.1	SRA:SRR871497.19191432.1	97.980	99	2	0	3628	3726	99	1	3.14e-38	172
MK860761.1	SRA:SRR871497.16971786.2	97.980	99	2	0	3659	3757	99	1	3.14e-38	172
MK860761.1	SRA:SRR871497.135986958.1	98.947	95	1	0	4000	4094	1	95	1.13e-37	171
MK860761.1	SRA:SRR871497.16668577.1	98.947	95	1	0	7397	7491	99	5	1.13e-37	171
MK860761.1	SRA:SRR871497.207994834.1	96.970	99	3	0	3686	3784	1	99	4.06e-37	169
MK860761.1	SRA:SRR871497.200029085.1	96.970	99	3	0	3609	3707	99	1	4.06e-37	169
MK860761.1	SRA:SRR871497.171450379.1	96.970	99	3	0	3992	4090	1	99	4.06e-37	169
MK860761.1	SRA:SRR871497.227008252.2	96.970	99	3	0	3750	3848	99	1	1.46e-36	167
MK860761.1	SRA:SRR871497.186773581.2	96.970	99	3	0	3654	3752	99	1	1.46e-36	167
MK860761.1	SRA:SRR871497.184640369.2	96.970	99	3	0	3709	3807	1	99	1.46e-36	167
MK860761.1	SRA:SRR871497.180385608.2	96.970	99	3	0	8629	8727	1	99	1.46e-36	167
MK860761.1	SRA:SRR871497.173532151.2	96.970	99	3	0	4014	4112	1	99	1.46e-36	167
MK860761.1	SRA:SRR871497.159946338.1	96.970	99	3	0	3655	3753	1	99	1.46e-36	167
MK860761.1	SRA:SRR871497.139181801.2	96.970	99	3	0	4035	4133	1	99	1.46e-36	167
MK860761.1	SRA:SRR871497.128836449.2	96.970	99	3	0	3750	3848	99	1	1.46e-36	167
MK860761.1	SRA:SRR871497.111361755.2	96.970	99	3	0	3750	3848	99	1	1.46e-36	167
MK860761.1	SRA:SRR871497.102101857.2	96.970	99	3	0	4058	4156	99	1	1.46e-36	167
MK860761.1	SRA:SRR871497.88220382.2	96.970	99	3	0	4014	4112	1	99	1.46e-36	167
MK860761.1	SRA:SRR871497.67616139.2	96.970	99	3	0	8645	8743	1	99	1.46e-36	167
MK860761.1	SRA:SRR871497.62940098.1	96.970	99	3	0	3753	3851	1	99	1.46e-36	167
MK860761.1	SRA:SRR871497.61423107.1	96.970	99	3	0	4030	4128	99	1	1.46e-36	167
MK860761.1	SRA:SRR871497.59796994.1	96.970	99	3	0	4030	4128	99	1	1.46e-36	167
MK860761.1	SRA:SRR871497.44249532.1	96.970	99	3	0	3755	3853	1	99	1.46e-36	167
MK860761.1	SRA:SRR871497.28111874.2	96.970	99	3	0	3761	3859	1	99	1.46e-36	167
MK860761.1	SRA:SRR871497.141240336.2	96.939	98	3	0	3924	4021	2	99	5.25e-36	165
MK860761.1	SRA:SRR871497.96688845.1	98.913	92	1	0	7322	7413	92	1	5.25e-36	165
MK860761.1	SRA:SRR871497.80347065.2	95.960	99	4	0	3626	3724	99	1	5.25e-36	165
MK860761.1	SRA:SRR871497.230609261.2	98.901	91	1	0	7322	7412	91	1	1.89e-35	163
MK860761.1	SRA:SRR871497.131763311.2	96.907	97	3	0	3771	3867	99	3	1.89e-35	163
MK860761.1	SRA:SRR871497.116804138.1	96.907	97	3	0	3806	3902	99	3	1.89e-35	163
MK860761.1	SRA:SRR871497.230793614.2	95.960	99	4	0	3792	3890	99	1	6.79e-35	161
MK860761.1	SRA:SRR871497.207994834.2	95.960	99	4	0	3792	3890	99	1	6.79e-35	161
MK860761.1	SRA:SRR871497.145309787.1	95.960	99	4	0	4066	4164	99	1	6.79e-35	161
MK860761.1	SRA:SRR871497.136297236.1	96.875	96	3	0	3786	3881	1	96	6.79e-35	161
MK860761.1	SRA:SRR871497.135986958.2	95.960	99	4	0	4104	4202	99	1	6.79e-35	161
MK860761.1	SRA:SRR871497.114220705.1	95.960	99	4	0	4066	4164	99	1	6.79e-35	161
MK860761.1	SRA:SRR871497.53368779.1	95.960	99	4	0	3743	3841	1	99	6.79e-35	161
MK860761.1	SRA:SRR871497.46995195.2	95.960	99	4	0	3811	3909	1	99	6.79e-35	161
MK860761.1	SRA:SRR871497.38451891.1	95.960	99	4	0	3773	3871	1	99	6.79e-35	161
MK860761.1	SRA:SRR871497.80889245.2	94.949	99	5	0	3635	3733	99	1	2.44e-34	159
MK860761.1	SRA:SRR871497.16679961.2	95.918	98	4	0	8608	8705	98	1	2.44e-34	159
MK860761.1	SRA:SRR871497.242346398.2	96.774	93	3	0	8656	8748	97	5	3.16e-33	156
MK860761.1	SRA:SRR871497.171450379.2	94.949	99	5	0	4123	4221	99	1	3.16e-33	156
MK860761.1	SRA:SRR871497.54557012.2	94.949	99	5	0	4123	4221	99	1	3.16e-33	156
MK860761.1	SRA:SRR871497.50713808.1	95.833	96	4	0	3819	3914	1	96	3.16e-33	156
MK860761.1	SRA:SRR871497.42313689.2	94.949	99	5	0	3820	3918	99	1	3.16e-33	156
MK860761.1	SRA:SRR871497.25388952.1	95.833	96	4	0	3819	3914	1	96	3.16e-33	156
MK860761.1	SRA:SRR871497.17775448.2	94.949	99	5	0	3822	3920	1	99	3.16e-33	156
MK860761.1	SRA:SRR871497.94686545.1	96.774	93	1	1	7407	7497	1	93	1.14e-32	154
MK860761.1	SRA:SRR871497.6988938.2	94.845	97	5	0	8599	8695	97	1	4.09e-32	152
MK860761.1	SRA:SRR871497.156929794.2	93.939	99	6	0	8590	8688	99	1	1.47e-31	150
MK860761.1	SRA:SRR871497.141240336.1	93.939	99	6	0	4032	4130	99	1	1.47e-31	150
MK860761.1	SRA:SRR871497.97315868.2	93.939	99	6	0	8590	8688	99	1	1.47e-31	150
MK860761.1	SRA:SRR871497.88220382.1	93.939	99	6	0	4133	4231	99	1	1.47e-31	150
MK860761.1	SRA:SRR871497.94476187.1	98.795	83	1	0	7322	7404	83	1	5.29e-31	148
MK860761.1	SRA:SRR871497.94476187.2	100.000	79	0	0	3924	4002	79	1	1.90e-30	147
MK860761.1	SRA:SRR871497.72263539.2	96.629	89	1	1	7411	7497	99	11	1.90e-30	147
MK860761.1	SRA:SRR871497.16679961.1	96.629	89	1	1	7411	7497	1	89	1.90e-30	147
MK860761.1	SRA:SRR871497.148956319.2	94.624	93	5	0	8578	8670	95	3	6.84e-30	145
MK860761.1	SRA:SRR871497.94686545.2	92.929	99	7	0	8567	8665	99	1	6.84e-30	145
MK860761.1	SRA:SRR871497.230609261.1	100.000	76	0	0	3924	3999	76	1	8.85e-29	141
MK860761.1	SRA:SRR871497.96688845.2	100.000	75	0	0	3924	3998	75	1	3.18e-28	139
MK860761.1	SRA:SRR871497.245807121.2	92.708	96	6	1	4171	4265	3	98	1.14e-27	137
MK860761.1	SRA:SRR871497.251160415.2	94.382	89	3	1	7411	7497	99	11	4.12e-27	135
MK860761.1	SRA:SRR871497.7250095.2	96.250	80	3	0	3733	3812	80	1	5.33e-26	132
MK860761.1	SRA:SRR871497.7250095.1	96.203	79	3	0	3735	3813	1	79	1.92e-25	130
MK860761.1	SRA:SRR871497.212963431.1	97.333	75	2	0	8674	8748	99	25	6.89e-25	128
MK860761.1	SRA:SRR871497.184640369.1	95.000	80	4	0	3847	3926	99	20	6.89e-25	128
MK860761.1	SRA:SRR871497.103247130.1	98.611	72	1	0	7322	7393	72	1	6.89e-25	128
MK860761.1	SRA:SRR871497.89535976.2	97.222	72	2	0	8677	8748	1	72	3.21e-23	122
MK860761.1	SRA:SRR871497.144201947.2	97.101	69	2	0	3596	3664	69	1	1.49e-21	117
MK860761.1	SRA:SRR871497.1994772.2	97.101	69	2	0	3596	3664	69	1	1.49e-21	117
MK860761.1	SRA:SRR871497.151686237.1	95.833	72	1	1	7428	7497	99	28	5.36e-21	115
MK860761.1	SRA:SRR871497.251160415.1	98.413	63	1	0	7322	7384	37	99	6.94e-20	111
MK860761.1	SRA:SRR871497.224339090.1	98.413	63	1	0	7322	7384	37	99	6.94e-20	111
MK860761.1	SRA:SRR871497.72263539.1	98.413	63	1	0	7322	7384	37	99	6.94e-20	111
MK860761.1	SRA:SRR871497.92187426.2	98.361	61	1	0	3596	3656	62	2	8.98e-19	108
MK860761.1	SRA:SRR871497.61423107.2	98.361	61	1	0	7322	7382	61	1	8.98e-19	108
MK860761.1	SRA:SRR871497.225496179.2	98.333	60	1	0	3596	3655	60	1	3.23e-18	106
MK860761.1	SRA:SRR871497.59796994.2	96.721	61	2	0	7322	7382	61	1	4.18e-17	102
MK860761.1	SRA:SRR871497.163489231.2	98.214	56	1	0	3596	3651	44	99	5.40e-16	99.0
MK860761.1	SRA:SRR871497.37168834.2	98.214	56	1	0	3596	3651	44	99	5.40e-16	99.0
MK860761.1	SRA:SRR871497.120544502.2	98.148	54	1	0	3596	3649	54	1	6.99e-15	95.3
MK860761.1	SRA:SRR871497.189743148.2	100.000	50	0	0	3924	3973	50	1	2.51e-14	93.5
MK860761.1	SRA:SRR871497.57550042.2	98.077	52	1	0	3596	3647	52	1	9.04e-14	91.6
MK860761.1	SRA:SRR871497.131763311.1	97.826	46	1	0	3596	3641	54	99	1.96e-10	80.5
MK860761.1	SRA:SRR871497.133663178.2	97.619	42	1	0	3596	3637	58	99	3.27e-08	73.1
MK860761.1	SRA:SRR871497.64410447.1	97.222	36	1	0	8713	8748	1	36	7.09e-05	62.1
MK860761.1	SRA:SRR871497.44554454.1	96.970	33	1	0	3596	3628	33	1	0.003	56.5
