MK860761.1	SRA:ERR3376864.281972705.2	99.338	151	1	0	7336	7486	1	151	1.55e-68	274
MK860761.1	SRA:ERR3376864.281972428.2	99.338	151	1	0	7336	7486	1	151	1.55e-68	274
MK860761.1	SRA:ERR3376864.282524833.1	99.329	149	1	0	3943	4091	1	149	2.00e-67	270
MK860761.1	SRA:ERR3376864.282520972.1	99.329	149	1	0	3943	4091	1	149	2.00e-67	270
MK860761.1	SRA:ERR3376864.282520971.1	99.329	149	1	0	3943	4091	1	149	2.00e-67	270
MK860761.1	SRA:ERR3376864.7294267.2	99.320	147	1	0	3926	4072	151	5	2.59e-66	267
MK860761.1	SRA:ERR3376864.281972705.1	99.315	146	1	0	7346	7491	151	6	9.33e-66	265
MK860761.1	SRA:ERR3376864.281972428.1	99.315	146	1	0	7346	7491	151	6	9.33e-66	265
MK860761.1	SRA:ERR3376864.40373904.2	99.315	146	1	0	7322	7467	146	1	9.33e-66	265
MK860761.1	SRA:ERR3376864.295709864.2	98.013	151	3	0	3996	4146	1	151	3.35e-65	263
MK860761.1	SRA:ERR3376864.290612674.1	98.013	151	3	0	3974	4124	1	151	3.35e-65	263
MK860761.1	SRA:ERR3376864.290611306.1	98.013	151	3	0	3974	4124	1	151	3.35e-65	263
MK860761.1	SRA:ERR3376864.234670644.1	98.013	151	3	0	3997	4147	1	151	3.35e-65	263
MK860761.1	SRA:ERR3376864.115862273.1	97.973	148	3	0	4000	4147	148	1	1.56e-63	257
MK860761.1	SRA:ERR3376864.267731353.2	96.689	151	5	0	4014	4164	1	151	7.26e-62	252
MK860761.1	SRA:ERR3376864.267731098.2	96.689	151	5	0	4014	4164	1	151	7.26e-62	252
MK860761.1	SRA:ERR3376864.41179261.2	99.275	138	1	0	3950	4087	138	1	2.61e-61	250
MK860761.1	SRA:ERR3376864.41179261.1	99.275	138	1	0	3950	4087	1	138	2.61e-61	250
MK860761.1	SRA:ERR3376864.9133333.1	97.917	144	1	1	7356	7497	1	144	9.39e-61	248
MK860761.1	SRA:ERR3376864.9133204.1	97.917	144	1	1	7356	7497	1	144	9.39e-61	248
MK860761.1	SRA:ERR3376864.105710713.1	96.026	151	6	0	4047	4197	151	1	3.38e-60	246
MK860761.1	SRA:ERR3376864.105709179.1	96.026	151	6	0	4047	4197	151	1	3.38e-60	246
MK860761.1	SRA:ERR3376864.105709049.1	96.026	151	6	0	4047	4197	151	1	3.38e-60	246
MK860761.1	SRA:ERR3376864.9133333.2	97.902	143	1	1	7357	7497	151	9	3.38e-60	246
MK860761.1	SRA:ERR3376864.9133204.2	97.902	143	1	1	7357	7497	151	9	3.38e-60	246
MK860761.1	SRA:ERR3376864.62554488.2	95.973	149	6	0	4053	4201	1	149	4.37e-59	243
MK860761.1	SRA:ERR3376864.282524833.2	99.248	133	1	0	3962	4094	151	19	1.57e-58	241
MK860761.1	SRA:ERR3376864.282520972.2	99.248	133	1	0	3962	4094	151	19	1.57e-58	241
MK860761.1	SRA:ERR3376864.282520971.2	99.248	133	1	0	3962	4094	151	19	1.57e-58	241
MK860761.1	SRA:ERR3376864.274285045.1	95.364	151	7	0	4031	4181	1	151	1.57e-58	241
MK860761.1	SRA:ERR3376864.274282166.1	95.364	151	7	0	4031	4181	1	151	1.57e-58	241
MK860761.1	SRA:ERR3376864.267731353.1	95.364	151	7	0	4071	4221	151	1	1.57e-58	241
MK860761.1	SRA:ERR3376864.267731098.1	95.364	151	7	0	4071	4221	151	1	1.57e-58	241
MK860761.1	SRA:ERR3376864.58274603.2	95.364	151	7	0	4073	4223	151	1	1.57e-58	241
MK860761.1	SRA:ERR3376864.264072277.2	97.826	138	3	0	3991	4128	1	138	5.65e-58	239
MK860761.1	SRA:ERR3376864.264072277.1	97.826	138	3	0	3991	4128	138	1	5.65e-58	239
MK860761.1	SRA:ERR3376864.264071546.2	97.826	138	3	0	3991	4128	1	138	5.65e-58	239
MK860761.1	SRA:ERR3376864.264071546.1	97.826	138	3	0	3991	4128	138	1	5.65e-58	239
MK860761.1	SRA:ERR3376864.284228208.2	97.826	138	1	1	7362	7497	147	10	2.03e-57	237
MK860761.1	SRA:ERR3376864.284228208.1	97.826	138	1	1	7362	7497	9	146	2.03e-57	237
MK860761.1	SRA:ERR3376864.121813041.1	95.302	149	7	0	8600	8748	1	149	2.03e-57	237
MK860761.1	SRA:ERR3376864.295709864.1	94.702	151	8	0	4086	4236	151	1	7.31e-57	235
MK860761.1	SRA:ERR3376864.234374800.1	94.702	151	8	0	4099	4249	151	1	7.31e-57	235
MK860761.1	SRA:ERR3376864.129107957.1	94.667	150	8	0	4104	4253	1	150	2.63e-56	233
MK860761.1	SRA:ERR3376864.253070996.2	94.040	151	9	0	4066	4216	151	1	3.40e-55	230
MK860761.1	SRA:ERR3376864.29357764.1	94.595	148	8	0	4106	4253	1	148	3.40e-55	230
MK860761.1	SRA:ERR3376864.292352532.2	99.206	126	1	0	3924	4049	126	1	1.22e-54	228
MK860761.1	SRA:ERR3376864.264541581.2	99.200	125	1	0	3927	4051	1	125	4.40e-54	226
MK860761.1	SRA:ERR3376864.264541581.1	99.200	125	1	0	3927	4051	128	4	4.40e-54	226
MK860761.1	SRA:ERR3376864.251084613.2	93.960	149	9	0	8563	8711	149	1	4.40e-54	226
MK860761.1	SRA:ERR3376864.272038623.1	97.674	129	1	1	7371	7497	150	22	2.05e-52	220
MK860761.1	SRA:ERR3376864.7294267.1	100.000	114	0	0	3924	4037	37	150	1.23e-49	211
MK860761.1	SRA:ERR3376864.105710713.2	96.800	125	4	0	4035	4159	27	151	4.43e-49	209
MK860761.1	SRA:ERR3376864.105709179.2	96.800	125	4	0	4035	4159	27	151	4.43e-49	209
MK860761.1	SRA:ERR3376864.105709049.2	96.800	125	4	0	4035	4159	27	151	4.43e-49	209
MK860761.1	SRA:ERR3376864.290612674.2	92.414	145	10	1	4122	4265	150	6	5.73e-48	206
MK860761.1	SRA:ERR3376864.290611306.2	92.414	145	10	1	4122	4265	150	6	5.73e-48	206
MK860761.1	SRA:ERR3376864.234670644.2	92.414	145	10	1	4122	4265	150	6	5.73e-48	206
MK860761.1	SRA:ERR3376864.29053874.2	99.123	114	1	0	3960	4073	1	114	5.73e-48	206
MK860761.1	SRA:ERR3376864.29053874.1	99.123	114	1	0	3960	4073	114	1	5.73e-48	206
MK860761.1	SRA:ERR3376864.251084613.1	93.431	137	9	0	8560	8696	14	150	2.06e-47	204
MK860761.1	SRA:ERR3376864.94083291.1	94.531	128	7	0	8615	8742	1	128	9.59e-46	198
MK860761.1	SRA:ERR3376864.186232241.1	95.161	124	6	0	4080	4203	1	124	3.45e-45	196
MK860761.1	SRA:ERR3376864.122098874.2	97.414	116	1	1	7384	7497	1	116	3.45e-45	196
MK860761.1	SRA:ERR3376864.122098874.1	97.391	115	1	1	7385	7497	151	37	1.24e-44	195
MK860761.1	SRA:ERR3376864.293410593.2	94.958	119	6	0	4059	4177	11	129	2.08e-42	187
MK860761.1	SRA:ERR3376864.293410593.1	94.958	119	6	0	4059	4177	119	1	2.08e-42	187
MK860761.1	SRA:ERR3376864.31933938.2	97.273	110	1	1	7390	7497	1	110	7.47e-42	185
MK860761.1	SRA:ERR3376864.31933938.1	97.273	110	1	1	7390	7497	148	39	7.47e-42	185
MK860761.1	SRA:ERR3376864.31930261.2	97.273	110	1	1	7390	7497	1	110	7.47e-42	185
MK860761.1	SRA:ERR3376864.31930261.1	97.273	110	1	1	7390	7497	148	39	7.47e-42	185
MK860761.1	SRA:ERR3376864.14107100.2	92.913	127	9	0	8560	8686	6	132	7.47e-42	185
MK860761.1	SRA:ERR3376864.141010199.2	99.020	102	1	0	3992	4093	122	21	2.69e-41	183
MK860761.1	SRA:ERR3376864.141010199.1	99.020	102	1	0	3992	4093	1	102	2.69e-41	183
MK860761.1	SRA:ERR3376864.250382945.1	94.828	116	6	0	8633	8748	133	18	9.66e-41	182
MK860761.1	SRA:ERR3376864.250382809.1	94.828	116	6	0	8633	8748	133	18	9.66e-41	182
MK860761.1	SRA:ERR3376864.102277691.1	97.222	108	1	1	7392	7497	1	108	9.66e-41	182
MK860761.1	SRA:ERR3376864.103606483.2	99.000	100	1	0	7322	7421	24	123	3.47e-40	180
MK860761.1	SRA:ERR3376864.103606483.1	99.000	100	1	0	7322	7421	100	1	3.47e-40	180
MK860761.1	SRA:ERR3376864.103606482.2	99.000	100	1	0	7322	7421	24	123	3.47e-40	180
MK860761.1	SRA:ERR3376864.103606482.1	99.000	100	1	0	7322	7421	100	1	3.47e-40	180
MK860761.1	SRA:ERR3376864.286277533.2	100.000	96	0	0	3924	4019	54	149	1.25e-39	178
MK860761.1	SRA:ERR3376864.241096609.1	98.980	98	1	0	7322	7419	98	1	4.50e-39	176
MK860761.1	SRA:ERR3376864.34164646.2	96.262	107	4	0	8642	8748	142	36	4.50e-39	176
MK860761.1	SRA:ERR3376864.34164646.1	96.262	107	4	0	8642	8748	1	107	4.50e-39	176
MK860761.1	SRA:ERR3376864.286277533.1	95.413	109	5	0	4058	4166	150	42	1.62e-38	174
MK860761.1	SRA:ERR3376864.234374800.2	94.643	112	6	0	4070	4181	40	151	1.62e-38	174
MK860761.1	SRA:ERR3376864.203489258.2	93.162	117	8	0	8564	8680	117	1	5.81e-38	172
MK860761.1	SRA:ERR3376864.203489258.1	93.162	117	8	0	8564	8680	1	117	5.81e-38	172
MK860761.1	SRA:ERR3376864.155049407.2	96.190	105	4	0	8644	8748	1	105	5.81e-38	172
MK860761.1	SRA:ERR3376864.272038623.2	100.000	92	0	0	3924	4015	60	151	2.09e-37	171
MK860761.1	SRA:ERR3376864.251520641.2	92.500	120	8	1	4056	4174	120	1	2.09e-37	171
MK860761.1	SRA:ERR3376864.250382945.2	95.327	107	5	0	8633	8739	45	151	2.09e-37	171
MK860761.1	SRA:ERR3376864.250382809.2	95.327	107	5	0	8633	8739	45	151	2.09e-37	171
MK860761.1	SRA:ERR3376864.289498922.1	97.030	101	1	1	7399	7497	1	101	7.52e-37	169
MK860761.1	SRA:ERR3376864.145700058.2	100.000	90	0	0	3928	4017	90	1	2.71e-36	167
MK860761.1	SRA:ERR3376864.145700058.1	100.000	90	0	0	3928	4017	5	94	2.71e-36	167
MK860761.1	SRA:ERR3376864.126800737.2	96.000	100	4	0	8649	8748	1	100	3.50e-35	163
MK860761.1	SRA:ERR3376864.241096609.2	100.000	87	0	0	3924	4010	87	1	1.26e-34	161
MK860761.1	SRA:ERR3376864.190243762.2	92.793	111	8	0	4143	4253	34	144	1.26e-34	161
MK860761.1	SRA:ERR3376864.190243762.2	94.872	39	2	0	4088	4126	39	1	1.31e-04	62.1
MK860761.1	SRA:ERR3376864.190243762.1	92.793	111	8	0	4143	4253	111	1	1.26e-34	161
MK860761.1	SRA:ERR3376864.190243762.1	94.872	39	2	0	4088	4126	106	144	1.31e-04	62.1
MK860761.1	SRA:ERR3376864.126800737.1	95.918	98	4	0	8651	8748	151	54	4.53e-34	159
MK860761.1	SRA:ERR3376864.40373904.1	98.876	89	1	0	7322	7410	63	151	4.53e-34	159
MK860761.1	SRA:ERR3376864.184182280.2	96.809	94	3	0	4062	4155	94	1	1.63e-33	158
MK860761.1	SRA:ERR3376864.184182280.1	96.809	94	3	0	4062	4155	52	145	1.63e-33	158
MK860761.1	SRA:ERR3376864.289498922.2	96.774	93	3	0	8656	8748	150	58	5.86e-33	156
MK860761.1	SRA:ERR3376864.267018685.1	96.774	93	3	0	8656	8748	3	95	5.86e-33	156
MK860761.1	SRA:ERR3376864.155878626.2	98.851	87	1	0	7322	7408	87	1	5.86e-33	156
MK860761.1	SRA:ERR3376864.52167810.2	96.774	93	3	0	8656	8748	145	53	5.86e-33	156
MK860761.1	SRA:ERR3376864.52167810.1	96.774	93	3	0	8656	8748	1	93	5.86e-33	156
MK860761.1	SRA:ERR3376864.159927481.2	100.000	83	0	0	3924	4006	36	118	2.11e-32	154
MK860761.1	SRA:ERR3376864.159927481.1	100.000	83	0	0	3924	4006	83	1	2.11e-32	154
MK860761.1	SRA:ERR3376864.156660645.2	91.818	110	9	0	4141	4250	1	110	2.11e-32	154
MK860761.1	SRA:ERR3376864.156660645.1	91.818	110	9	0	4141	4250	127	18	2.11e-32	154
MK860761.1	SRA:ERR3376864.239691040.2	93.204	103	7	0	8563	8665	103	1	7.58e-32	152
MK860761.1	SRA:ERR3376864.239691040.2	93.878	49	1	1	7451	7497	140	92	6.07e-08	73.1
MK860761.1	SRA:ERR3376864.239690693.2	93.204	103	7	0	8563	8665	103	1	7.58e-32	152
MK860761.1	SRA:ERR3376864.239690693.2	93.878	49	1	1	7451	7497	140	92	6.07e-08	73.1
MK860761.1	SRA:ERR3376864.239686881.2	93.204	103	7	0	8563	8665	103	1	7.58e-32	152
MK860761.1	SRA:ERR3376864.20674337.1	96.703	91	3	0	4031	4121	31	121	7.58e-32	152
MK860761.1	SRA:ERR3376864.20671135.1	96.703	91	3	0	4031	4121	31	121	7.58e-32	152
MK860761.1	SRA:ERR3376864.20664504.1	96.703	91	3	0	4031	4121	31	121	7.58e-32	152
MK860761.1	SRA:ERR3376864.14107100.1	93.878	98	6	0	8589	8686	151	54	9.80e-31	148
MK860761.1	SRA:ERR3376864.59962664.1	96.591	88	3	0	4025	4112	98	11	3.52e-30	147
MK860761.1	SRA:ERR3376864.20674337.2	96.591	88	3	0	4034	4121	88	1	3.52e-30	147
MK860761.1	SRA:ERR3376864.20671135.2	96.591	88	3	0	4034	4121	88	1	3.52e-30	147
MK860761.1	SRA:ERR3376864.20664504.2	96.591	88	3	0	4034	4121	88	1	3.52e-30	147
MK860761.1	SRA:ERR3376864.186232241.2	95.556	90	4	0	4114	4203	151	62	1.27e-29	145
MK860761.1	SRA:ERR3376864.292352532.1	100.000	77	0	0	3924	4000	74	150	4.56e-29	143
MK860761.1	SRA:ERR3376864.165639095.1	90.741	108	9	1	4159	4265	1	108	4.56e-29	143
MK860761.1	SRA:ERR3376864.148688064.2	98.765	81	0	1	7390	7470	1	80	4.56e-29	143
MK860761.1	SRA:ERR3376864.100311328.2	92.079	101	8	0	8560	8660	9	109	4.56e-29	143
MK860761.1	SRA:ERR3376864.100311328.1	92.857	98	7	0	8563	8660	114	17	4.56e-29	143
MK860761.1	SRA:ERR3376864.262349624.1	97.500	80	2	0	7411	7490	1	80	2.12e-27	137
MK860761.1	SRA:ERR3376864.255428360.2	98.701	77	1	0	7322	7398	77	1	2.12e-27	137
MK860761.1	SRA:ERR3376864.255428360.1	98.701	77	1	0	7322	7398	58	134	2.12e-27	137
MK860761.1	SRA:ERR3376864.95918752.2	93.478	92	6	0	8563	8654	94	3	2.12e-27	137
MK860761.1	SRA:ERR3376864.95917951.2	93.478	92	6	0	8563	8654	94	3	2.12e-27	137
MK860761.1	SRA:ERR3376864.5746190.1	92.708	96	6	1	4171	4265	150	55	2.12e-27	137
MK860761.1	SRA:ERR3376864.239691040.1	96.341	82	3	0	8667	8748	133	52	7.63e-27	135
MK860761.1	SRA:ERR3376864.239690693.1	96.341	82	3	0	8667	8748	133	52	7.63e-27	135
MK860761.1	SRA:ERR3376864.239686881.1	96.341	82	3	0	8667	8748	133	52	7.63e-27	135
MK860761.1	SRA:ERR3376864.167196014.2	96.386	83	1	1	7417	7497	1	83	7.63e-27	135
MK860761.1	SRA:ERR3376864.167196014.1	96.386	83	1	1	7417	7497	91	9	7.63e-27	135
MK860761.1	SRA:ERR3376864.59962664.2	94.318	88	5	0	4025	4112	1	88	7.63e-27	135
MK860761.1	SRA:ERR3376864.124411784.2	92.553	94	6	1	4173	4265	124	31	2.74e-26	134
MK860761.1	SRA:ERR3376864.124411784.1	92.553	94	6	1	4173	4265	1	94	2.74e-26	134
MK860761.1	SRA:ERR3376864.5746190.2	87.931	116	10	4	4140	4253	36	149	2.74e-26	134
MK860761.1	SRA:ERR3376864.5746190.2	93.651	63	4	0	4140	4202	63	1	1.29e-14	95.3
MK860761.1	SRA:ERR3376864.262348740.1	94.253	87	3	2	7413	7497	3	89	9.87e-26	132
MK860761.1	SRA:ERR3376864.196183611.1	100.000	71	0	0	7379	7449	71	1	9.87e-26	132
MK860761.1	SRA:ERR3376864.74545255.2	96.250	80	3	0	8669	8748	1	80	9.87e-26	132
MK860761.1	SRA:ERR3376864.20697367.2	100.000	71	0	0	3950	4020	1	71	9.87e-26	132
MK860761.1	SRA:ERR3376864.20697367.1	100.000	71	0	0	3950	4020	122	52	9.87e-26	132
MK860761.1	SRA:ERR3376864.20697367.1	98.182	55	1	0	4025	4079	1	55	3.60e-15	97.1
MK860761.1	SRA:ERR3376864.261327359.1	93.976	83	5	0	8626	8708	2	84	4.59e-24	126
MK860761.1	SRA:ERR3376864.196183611.2	98.592	71	1	0	7379	7449	1	71	4.59e-24	126
MK860761.1	SRA:ERR3376864.194667475.2	92.222	90	6	1	4177	4265	5	94	4.59e-24	126
MK860761.1	SRA:ERR3376864.102277691.2	96.154	78	1	1	7422	7497	150	73	4.59e-24	126
MK860761.1	SRA:ERR3376864.66538115.2	96.104	77	1	1	7423	7497	102	26	1.65e-23	124
MK860761.1	SRA:ERR3376864.66538115.1	96.104	77	1	1	7423	7497	1	77	1.65e-23	124
MK860761.1	SRA:ERR3376864.252947715.2	92.045	88	6	1	4179	4265	111	24	5.94e-23	122
MK860761.1	SRA:ERR3376864.252947715.1	92.045	88	6	1	4179	4265	1	88	5.94e-23	122
MK860761.1	SRA:ERR3376864.82414550.2	96.053	76	0	3	3950	4023	1	75	2.14e-22	121
MK860761.1	SRA:ERR3376864.82414550.1	96.053	76	0	3	3950	4023	83	9	2.14e-22	121
MK860761.1	SRA:ERR3376864.59303184.2	98.485	66	1	0	7322	7387	66	1	2.76e-21	117
MK860761.1	SRA:ERR3376864.59303184.2	100.000	41	0	0	3924	3964	111	151	4.69e-09	76.8
MK860761.1	SRA:ERR3376864.59302096.2	98.485	66	1	0	7322	7387	66	1	2.76e-21	117
MK860761.1	SRA:ERR3376864.59302096.2	100.000	41	0	0	3924	3964	111	151	4.69e-09	76.8
MK860761.1	SRA:ERR3376864.6888062.2	95.890	73	1	1	7427	7497	1	73	2.76e-21	117
MK860761.1	SRA:ERR3376864.6888061.2	95.890	73	1	1	7427	7497	1	73	2.76e-21	117
MK860761.1	SRA:ERR3376864.253070996.1	96.970	66	2	0	3947	4012	86	151	1.29e-19	111
MK860761.1	SRA:ERR3376864.218958891.1	98.413	63	1	0	7322	7384	63	1	1.29e-19	111
MK860761.1	SRA:ERR3376864.118842546.2	96.923	65	2	0	4070	4134	55	119	4.62e-19	110
MK860761.1	SRA:ERR3376864.118842546.1	96.923	65	2	0	4070	4134	65	1	4.62e-19	110
MK860761.1	SRA:ERR3376864.17380459.2	98.387	62	1	0	4029	4090	151	90	4.62e-19	110
MK860761.1	SRA:ERR3376864.17380459.1	98.387	62	1	0	4029	4090	1	62	4.62e-19	110
MK860761.1	SRA:ERR3376864.17380455.2	98.387	62	1	0	4029	4090	151	90	4.62e-19	110
MK860761.1	SRA:ERR3376864.17380455.1	98.387	62	1	0	4029	4090	1	62	4.62e-19	110
MK860761.1	SRA:ERR3376864.149211384.1	98.333	60	1	0	4030	4089	60	1	5.98e-18	106
MK860761.1	SRA:ERR3376864.59303184.1	100.000	56	0	0	3924	3979	56	1	2.15e-17	104
MK860761.1	SRA:ERR3376864.59303184.1	98.039	51	1	0	7322	7372	101	151	6.02e-13	89.8
MK860761.1	SRA:ERR3376864.59302096.1	100.000	56	0	0	3924	3979	56	1	2.15e-17	104
MK860761.1	SRA:ERR3376864.59302096.1	98.039	51	1	0	7322	7372	101	151	6.02e-13	89.8
MK860761.1	SRA:ERR3376864.7674053.2	100.000	56	0	0	7332	7387	1	56	2.15e-17	104
MK860761.1	SRA:ERR3376864.7674053.1	100.000	56	0	0	7332	7387	56	1	2.15e-17	104
MK860761.1	SRA:ERR3376864.267018685.2	96.491	57	2	0	8692	8748	150	94	1.29e-14	95.3
MK860761.1	SRA:ERR3376864.240684663.2	90.278	72	7	0	8595	8666	1	72	1.29e-14	95.3
MK860761.1	SRA:ERR3376864.240684663.1	90.278	72	7	0	8595	8666	130	59	1.29e-14	95.3
MK860761.1	SRA:ERR3376864.30825822.1	98.148	54	1	0	4039	4092	54	1	1.29e-14	95.3
MK860761.1	SRA:ERR3376864.256286915.1	96.429	56	2	0	8693	8748	1	56	4.66e-14	93.5
MK860761.1	SRA:ERR3376864.256285732.1	96.429	56	2	0	8693	8748	1	56	4.66e-14	93.5
MK860761.1	SRA:ERR3376864.160080524.2	100.000	49	0	0	7420	7468	101	53	1.67e-13	91.6
MK860761.1	SRA:ERR3376864.160080524.1	100.000	49	0	0	7420	7468	1	49	1.67e-13	91.6
MK860761.1	SRA:ERR3376864.65863394.2	96.364	55	2	0	4067	4121	96	150	1.67e-13	91.6
MK860761.1	SRA:ERR3376864.65863018.2	96.364	55	2	0	4067	4121	96	150	1.67e-13	91.6
MK860761.1	SRA:ERR3376864.287378834.2	94.545	55	1	1	7445	7497	96	42	2.80e-11	84.2
MK860761.1	SRA:ERR3376864.287378834.1	94.545	55	1	1	7445	7497	1	55	2.80e-11	84.2
MK860761.1	SRA:ERR3376864.255665862.2	100.000	45	0	0	7428	7472	1	45	2.80e-11	84.2
MK860761.1	SRA:ERR3376864.255665862.1	100.000	45	0	0	7428	7472	120	76	2.80e-11	84.2
MK860761.1	SRA:ERR3376864.279148895.2	100.000	44	0	0	3989	4032	44	1	1.01e-10	82.4
MK860761.1	SRA:ERR3376864.279148895.1	100.000	44	0	0	3989	4032	1	44	1.01e-10	82.4
MK860761.1	SRA:ERR3376864.74699136.2	97.872	47	1	0	8702	8748	1	47	1.01e-10	82.4
MK860761.1	SRA:ERR3376864.74699136.1	97.872	47	1	0	8702	8748	83	37	1.01e-10	82.4
MK860761.1	SRA:ERR3376864.29428692.2	100.000	44	0	0	3924	3967	86	129	1.01e-10	82.4
MK860761.1	SRA:ERR3376864.29428692.1	100.000	44	0	0	3924	3967	44	1	1.01e-10	82.4
MK860761.1	SRA:ERR3376864.22801592.2	97.872	47	1	0	8702	8748	1	47	1.01e-10	82.4
MK860761.1	SRA:ERR3376864.22801592.1	97.872	47	1	0	8702	8748	116	70	1.01e-10	82.4
MK860761.1	SRA:ERR3376864.284739343.2	97.778	45	1	0	7322	7366	45	1	1.30e-09	78.7
MK860761.1	SRA:ERR3376864.284739343.1	97.778	45	1	0	7322	7366	51	95	1.30e-09	78.7
MK860761.1	SRA:ERR3376864.232423632.2	97.778	45	1	0	8626	8670	42	86	1.30e-09	78.7
MK860761.1	SRA:ERR3376864.232423632.1	97.778	45	1	0	8626	8670	45	1	1.30e-09	78.7
MK860761.1	SRA:ERR3376864.232423358.2	97.778	45	1	0	8626	8670	42	86	1.30e-09	78.7
MK860761.1	SRA:ERR3376864.232423358.1	97.778	45	1	0	8626	8670	45	1	1.30e-09	78.7
MK860761.1	SRA:ERR3376864.82918588.2	94.118	51	3	0	4050	4100	51	1	1.30e-09	78.7
MK860761.1	SRA:ERR3376864.212131740.2	97.727	44	1	0	8705	8748	1	44	4.69e-09	76.8
MK860761.1	SRA:ERR3376864.212130749.2	97.727	44	1	0	8705	8748	1	44	4.69e-09	76.8
MK860761.1	SRA:ERR3376864.26348977.2	100.000	36	0	0	8708	8743	1	36	2.82e-06	67.6
MK860761.1	SRA:ERR3376864.26348977.1	100.000	36	0	0	8708	8743	92	57	2.82e-06	67.6
MK860761.1	SRA:ERR3376864.26348011.2	100.000	36	0	0	8708	8743	1	36	2.82e-06	67.6
MK860761.1	SRA:ERR3376864.26348011.1	100.000	36	0	0	8708	8743	92	57	2.82e-06	67.6
MK860761.1	SRA:ERR3376864.148688064.1	97.436	39	0	1	7432	7470	151	114	1.02e-05	65.8
MK860761.1	SRA:ERR3376864.55648030.1	100.000	34	0	0	4039	4072	34	1	3.65e-05	63.9
MK860761.1	SRA:ERR3376864.188607520.2	100.000	31	0	0	3924	3954	31	1	0.002	58.4
MK860761.1	SRA:ERR3376864.188607520.1	100.000	31	0	0	3924	3954	67	97	0.002	58.4
MK860761.1	SRA:ERR3376864.188603501.2	100.000	31	0	0	3924	3954	31	1	0.002	58.4
MK860761.1	SRA:ERR3376864.188603501.1	100.000	31	0	0	3924	3954	67	97	0.002	58.4
