MK860761.1	SRA:ERR3376865.68608842.2	99.338	151	1	0	3936	4086	151	1	1.23e-68	274
MK860761.1	SRA:ERR3376865.33766104.2	100.000	148	0	0	7331	7478	3	150	1.23e-68	274
MK860761.1	SRA:ERR3376865.66680642.1	99.333	150	1	0	7338	7487	1	150	4.43e-68	272
MK860761.1	SRA:ERR3376865.23705542.2	97.987	149	3	0	3959	4107	1	149	3.45e-64	259
MK860761.1	SRA:ERR3376865.23705542.1	97.987	149	3	0	3959	4107	149	1	3.45e-64	259
MK860761.1	SRA:ERR3376865.100954256.1	97.973	148	3	0	3959	4106	148	1	1.24e-63	257
MK860761.1	SRA:ERR3376865.42229710.1	97.987	149	1	1	7351	7497	150	2	1.24e-63	257
MK860761.1	SRA:ERR3376865.156754760.1	97.945	146	3	0	3961	4106	1	146	1.60e-62	254
MK860761.1	SRA:ERR3376865.75963257.1	97.945	146	1	1	7354	7497	151	6	5.77e-62	252
MK860761.1	SRA:ERR3376865.156754760.2	97.260	146	4	0	3961	4106	146	1	7.47e-61	248
MK860761.1	SRA:ERR3376865.210239573.2	96.026	151	6	0	4041	4191	1	151	2.69e-60	246
MK860761.1	SRA:ERR3376865.190182590.1	96.026	151	6	0	4019	4169	1	151	2.69e-60	246
MK860761.1	SRA:ERR3376865.24885105.2	96.026	151	6	0	4046	4196	151	1	2.69e-60	246
MK860761.1	SRA:ERR3376865.24885105.1	96.026	151	6	0	4041	4191	1	151	2.69e-60	246
MK860761.1	SRA:ERR3376865.24884628.2	96.026	151	6	0	4046	4196	151	1	2.69e-60	246
MK860761.1	SRA:ERR3376865.24884628.1	96.026	151	6	0	4041	4191	1	151	2.69e-60	246
MK860761.1	SRA:ERR3376865.210239573.1	95.364	151	7	0	4066	4216	151	1	1.25e-58	241
MK860761.1	SRA:ERR3376865.132742784.1	99.242	132	1	0	7322	7453	132	1	4.49e-58	239
MK860761.1	SRA:ERR3376865.87190168.1	95.333	150	7	0	8586	8735	150	1	4.49e-58	239
MK860761.1	SRA:ERR3376865.35135583.2	99.237	131	1	0	3949	4079	1	131	1.62e-57	237
MK860761.1	SRA:ERR3376865.17383303.2	95.302	149	7	0	4079	4227	1	149	1.62e-57	237
MK860761.1	SRA:ERR3376865.17383200.2	95.302	149	7	0	4079	4227	1	149	1.62e-57	237
MK860761.1	SRA:ERR3376865.156139253.1	94.702	151	8	0	7335	7485	151	1	5.81e-57	235
MK860761.1	SRA:ERR3376865.178351961.1	94.667	150	8	0	4104	4253	1	150	2.09e-56	233
MK860761.1	SRA:ERR3376865.91159302.1	96.454	141	5	0	8608	8748	3	143	2.09e-56	233
MK860761.1	SRA:ERR3376865.42229710.2	99.219	128	1	0	7322	7449	24	151	7.52e-56	231
MK860761.1	SRA:ERR3376865.27817138.2	94.631	149	8	0	4079	4227	151	3	7.52e-56	231
MK860761.1	SRA:ERR3376865.205404635.1	95.172	145	7	0	8578	8722	145	1	2.70e-55	230
MK860761.1	SRA:ERR3376865.24779141.1	95.745	141	6	0	8608	8748	2	142	9.73e-55	228
MK860761.1	SRA:ERR3376865.27815497.2	93.960	149	9	0	4079	4227	151	3	3.50e-54	226
MK860761.1	SRA:ERR3376865.227643018.1	93.919	148	9	0	4099	4246	148	1	1.26e-53	224
MK860761.1	SRA:ERR3376865.156139168.1	93.377	151	10	0	7335	7485	151	1	1.26e-53	224
MK860761.1	SRA:ERR3376865.25727697.1	97.674	129	1	1	7371	7497	150	22	1.63e-52	220
MK860761.1	SRA:ERR3376865.206558647.2	99.174	121	1	0	3924	4044	121	1	5.85e-52	219
MK860761.1	SRA:ERR3376865.74907293.2	93.243	148	10	0	4114	4261	151	4	5.85e-52	219
MK860761.1	SRA:ERR3376865.74906461.2	93.243	148	10	0	4114	4261	151	4	5.85e-52	219
MK860761.1	SRA:ERR3376865.83319471.2	96.875	128	4	0	7322	7449	128	1	7.57e-51	215
MK860761.1	SRA:ERR3376865.49951405.1	99.160	119	1	0	3924	4042	119	1	7.57e-51	215
MK860761.1	SRA:ERR3376865.127232683.1	96.124	129	5	0	8620	8748	1	129	9.80e-50	211
MK860761.1	SRA:ERR3376865.75963257.2	100.000	114	0	0	3924	4037	116	3	9.80e-50	211
MK860761.1	SRA:ERR3376865.68608842.1	100.000	114	0	0	3924	4037	36	149	9.80e-50	211
MK860761.1	SRA:ERR3376865.227643018.2	91.946	149	12	0	4066	4214	1	149	3.52e-49	209
MK860761.1	SRA:ERR3376865.40529270.1	93.525	139	9	0	8563	8701	139	1	1.27e-48	207
MK860761.1	SRA:ERR3376865.40524139.1	93.525	139	9	0	8563	8701	139	1	1.27e-48	207
MK860761.1	SRA:ERR3376865.206558647.1	99.099	111	1	0	7322	7432	111	1	2.12e-46	200
MK860761.1	SRA:ERR3376865.142085047.2	96.667	120	4	0	8629	8748	1	120	2.12e-46	200
MK860761.1	SRA:ERR3376865.40529270.2	93.333	135	9	0	8560	8694	17	151	2.12e-46	200
MK860761.1	SRA:ERR3376865.40524139.2	93.333	135	9	0	8560	8694	17	151	2.12e-46	200
MK860761.1	SRA:ERR3376865.17383303.1	92.754	138	10	0	4124	4261	151	14	2.12e-46	200
MK860761.1	SRA:ERR3376865.17383200.1	92.754	138	10	0	4124	4261	151	14	2.12e-46	200
MK860761.1	SRA:ERR3376865.66680642.2	97.436	117	1	1	7383	7497	150	34	7.63e-46	198
MK860761.1	SRA:ERR3376865.227071588.2	99.074	108	1	0	7384	7491	1	108	9.87e-45	195
MK860761.1	SRA:ERR3376865.227071588.1	99.074	108	1	0	7384	7491	132	25	9.87e-45	195
MK860761.1	SRA:ERR3376865.74907293.1	95.082	122	6	0	4069	4190	30	151	3.55e-44	193
MK860761.1	SRA:ERR3376865.74906461.1	95.082	122	6	0	4069	4190	30	151	3.55e-44	193
MK860761.1	SRA:ERR3376865.48924538.2	94.400	125	7	0	8578	8702	125	1	3.55e-44	193
MK860761.1	SRA:ERR3376865.48924538.1	94.400	125	7	0	8578	8702	4	128	3.55e-44	193
MK860761.1	SRA:ERR3376865.39208616.2	97.368	114	1	1	7386	7497	1	114	3.55e-44	193
MK860761.1	SRA:ERR3376865.103002012.1	93.130	131	8	1	8563	8693	137	8	1.28e-43	191
MK860761.1	SRA:ERR3376865.83319471.1	95.763	118	5	0	7322	7439	34	151	1.28e-43	191
MK860761.1	SRA:ERR3376865.202403673.1	91.912	136	10	1	4131	4265	1	136	4.59e-43	189
MK860761.1	SRA:ERR3376865.180406198.2	96.460	113	4	0	8636	8748	134	22	1.65e-42	187
MK860761.1	SRA:ERR3376865.180406198.1	96.460	113	4	0	8636	8748	1	113	1.65e-42	187
MK860761.1	SRA:ERR3376865.33766104.1	97.222	108	1	1	7392	7497	150	43	7.68e-41	182
MK860761.1	SRA:ERR3376865.67161299.2	97.170	106	1	1	7394	7497	1	106	9.94e-40	178
MK860761.1	SRA:ERR3376865.19185651.2	91.538	130	10	1	4137	4265	150	21	9.94e-40	178
MK860761.1	SRA:ERR3376865.228176492.1	96.262	107	4	0	8642	8748	1	107	3.57e-39	176
MK860761.1	SRA:ERR3376865.195984388.2	91.406	128	10	1	4139	4265	6	133	1.29e-38	174
MK860761.1	SRA:ERR3376865.195984388.1	91.406	128	10	1	4139	4265	131	4	1.29e-38	174
MK860761.1	SRA:ERR3376865.190182590.2	96.226	106	4	0	4099	4204	149	44	1.29e-38	174
MK860761.1	SRA:ERR3376865.144216484.2	100.000	94	0	0	3924	4017	94	1	1.29e-38	174
MK860761.1	SRA:ERR3376865.144216484.1	100.000	94	0	0	3924	4017	43	136	1.29e-38	174
MK860761.1	SRA:ERR3376865.62031655.2	96.226	106	4	0	8643	8748	1	106	1.29e-38	174
MK860761.1	SRA:ERR3376865.49951405.2	100.000	94	0	0	3924	4017	56	149	1.29e-38	174
MK860761.1	SRA:ERR3376865.232382363.2	93.162	117	8	0	8632	8748	126	10	4.62e-38	172
MK860761.1	SRA:ERR3376865.82448278.2	98.958	96	1	0	3999	4094	1	96	4.62e-38	172
MK860761.1	SRA:ERR3376865.82448278.1	97.980	99	2	0	3999	4097	114	16	4.62e-38	172
MK860761.1	SRA:ERR3376865.67161299.1	96.226	106	2	1	7394	7497	135	30	4.62e-38	172
MK860761.1	SRA:ERR3376865.40348882.2	91.339	127	10	1	4140	4265	150	24	4.62e-38	172
MK860761.1	SRA:ERR3376865.149936239.2	97.059	102	1	1	7398	7497	1	102	1.66e-37	171
MK860761.1	SRA:ERR3376865.149936239.1	97.059	102	1	1	7398	7497	124	23	1.66e-37	171
MK860761.1	SRA:ERR3376865.25727697.2	98.947	95	1	0	7322	7416	57	151	1.66e-37	171
MK860761.1	SRA:ERR3376865.155957979.1	96.117	103	4	0	4030	4132	103	1	5.98e-37	169
MK860761.1	SRA:ERR3376865.230563717.2	96.970	99	1	1	7401	7497	1	99	7.74e-36	165
MK860761.1	SRA:ERR3376865.230563717.1	96.970	99	1	1	7401	7497	143	45	7.74e-36	165
MK860761.1	SRA:ERR3376865.199952127.2	94.393	107	6	0	8583	8689	120	14	7.74e-36	165
MK860761.1	SRA:ERR3376865.199952127.1	94.393	107	6	0	8583	8689	1	107	7.74e-36	165
MK860761.1	SRA:ERR3376865.103002012.2	92.241	116	9	0	8560	8675	35	150	7.74e-36	165
MK860761.1	SRA:ERR3376865.103002012.2	93.878	49	1	1	7451	7497	1	49	4.82e-08	73.1
MK860761.1	SRA:ERR3376865.232382363.1	96.907	97	3	0	8632	8728	53	149	2.78e-35	163
MK860761.1	SRA:ERR3376865.184885859.2	96.939	98	1	1	7402	7497	24	121	2.78e-35	163
MK860761.1	SRA:ERR3376865.184885859.1	96.939	98	1	1	7402	7497	112	15	2.78e-35	163
MK860761.1	SRA:ERR3376865.73405976.2	100.000	88	0	0	3924	4011	25	112	2.78e-35	163
MK860761.1	SRA:ERR3376865.73405976.1	100.000	88	0	0	3924	4011	88	1	2.78e-35	163
MK860761.1	SRA:ERR3376865.204128524.2	100.000	87	0	0	7358	7444	1	87	1.00e-34	161
MK860761.1	SRA:ERR3376865.204128524.1	100.000	87	0	0	7358	7444	87	1	1.00e-34	161
MK860761.1	SRA:ERR3376865.19185741.1	95.960	99	4	0	4066	4164	52	150	1.00e-34	161
MK860761.1	SRA:ERR3376865.19185651.1	95.960	99	4	0	4066	4164	52	150	1.00e-34	161
MK860761.1	SRA:ERR3376865.21216441.2	100.000	86	0	0	3945	4030	1	86	3.60e-34	159
MK860761.1	SRA:ERR3376865.21216441.1	100.000	86	0	0	3945	4030	86	1	3.60e-34	159
MK860761.1	SRA:ERR3376865.28026188.1	92.593	108	8	0	8560	8667	44	151	4.66e-33	156
MK860761.1	SRA:ERR3376865.28026188.1	94.828	58	1	1	7442	7497	1	58	4.79e-13	89.8
MK860761.1	SRA:ERR3376865.104742908.1	91.150	113	9	1	4154	4265	1	113	6.02e-32	152
MK860761.1	SRA:ERR3376865.191251351.1	93.137	102	7	0	8569	8670	49	150	2.17e-31	150
MK860761.1	SRA:ERR3376865.191251351.1	98.148	54	1	0	8675	8728	54	1	1.03e-14	95.3
MK860761.1	SRA:ERR3376865.191251351.2	91.589	107	9	0	8569	8675	107	1	7.79e-31	148
MK860761.1	SRA:ERR3376865.121965194.2	96.552	87	3	0	8662	8748	1	87	1.01e-29	145
MK860761.1	SRA:ERR3376865.121965194.1	96.552	87	3	0	8662	8748	102	16	1.01e-29	145
MK860761.1	SRA:ERR3376865.60463805.2	98.765	81	1	0	7403	7483	1	81	1.01e-29	145
MK860761.1	SRA:ERR3376865.60463805.1	98.765	81	1	0	7403	7483	102	22	1.01e-29	145
MK860761.1	SRA:ERR3376865.206661577.1	96.552	87	1	1	7413	7497	142	56	3.62e-29	143
MK860761.1	SRA:ERR3376865.202403673.2	92.000	100	7	1	4167	4265	148	49	4.69e-28	139
MK860761.1	SRA:ERR3376865.220220130.2	92.708	96	6	1	4171	4265	121	26	1.69e-27	137
MK860761.1	SRA:ERR3376865.220220130.1	92.708	96	6	1	4171	4265	1	96	1.69e-27	137
MK860761.1	SRA:ERR3376865.206661577.2	95.402	87	2	1	7413	7497	1	87	1.69e-27	137
MK860761.1	SRA:ERR3376865.62287017.2	96.386	83	1	1	7417	7497	31	113	6.07e-27	135
MK860761.1	SRA:ERR3376865.62286448.2	96.386	83	1	1	7417	7497	31	113	6.07e-27	135
MK860761.1	SRA:ERR3376865.40348882.1	94.253	87	5	0	4024	4110	65	151	2.18e-26	134
MK860761.1	SRA:ERR3376865.2019600.2	93.333	90	6	0	4142	4231	90	1	2.18e-26	134
MK860761.1	SRA:ERR3376865.2019600.1	93.333	90	6	0	4142	4231	1	90	2.18e-26	134
MK860761.1	SRA:ERR3376865.29189417.2	96.250	80	3	0	8669	8748	1	80	7.85e-26	132
MK860761.1	SRA:ERR3376865.28026188.2	97.403	77	2	0	8672	8748	148	72	7.85e-26	132
MK860761.1	SRA:ERR3376865.104715455.2	98.611	72	1	0	3971	4042	72	1	1.01e-24	128
MK860761.1	SRA:ERR3376865.104715455.1	98.611	72	1	0	3971	4042	1	72	1.01e-24	128
MK860761.1	SRA:ERR3376865.104706502.2	98.611	72	1	0	3971	4042	72	1	1.01e-24	128
MK860761.1	SRA:ERR3376865.104706502.1	98.611	72	1	0	3971	4042	1	72	1.01e-24	128
MK860761.1	SRA:ERR3376865.62287017.1	96.154	78	1	1	7422	7497	150	73	3.65e-24	126
MK860761.1	SRA:ERR3376865.62286448.1	96.154	78	1	1	7422	7497	150	73	3.65e-24	126
MK860761.1	SRA:ERR3376865.6208630.2	97.297	74	2	0	4068	4141	74	1	3.65e-24	126
MK860761.1	SRA:ERR3376865.6208548.2	97.297	74	2	0	4068	4141	74	1	3.65e-24	126
MK860761.1	SRA:ERR3376865.81497346.2	98.571	70	1	0	8673	8742	70	1	1.31e-23	124
MK860761.1	SRA:ERR3376865.211824239.1	92.045	88	6	1	4179	4265	1	88	4.72e-23	122
MK860761.1	SRA:ERR3376865.205404635.2	96.053	76	1	1	7424	7497	1	76	4.72e-23	122
MK860761.1	SRA:ERR3376865.188768773.2	92.771	83	6	0	4093	4175	1	83	1.70e-22	121
MK860761.1	SRA:ERR3376865.188768773.1	94.805	77	4	0	4099	4175	81	5	1.70e-22	121
MK860761.1	SRA:ERR3376865.139882462.2	98.529	68	1	0	4027	4094	68	1	1.70e-22	121
MK860761.1	SRA:ERR3376865.139882462.1	97.183	71	2	0	4024	4094	52	122	1.70e-22	121
MK860761.1	SRA:ERR3376865.64202145.2	97.183	71	2	0	8667	8737	71	1	1.70e-22	121
MK860761.1	SRA:ERR3376865.48060224.1	94.805	77	4	0	8578	8654	3	79	1.70e-22	121
MK860761.1	SRA:ERR3376865.18931546.1	97.183	71	2	0	8678	8748	1	71	1.70e-22	121
MK860761.1	SRA:ERR3376865.177202846.2	97.143	70	2	0	4068	4137	70	1	6.11e-22	119
MK860761.1	SRA:ERR3376865.87190168.2	95.946	74	1	1	7426	7497	1	74	6.11e-22	119
MK860761.1	SRA:ERR3376865.86013784.2	98.507	67	1	0	3986	4052	67	1	6.11e-22	119
MK860761.1	SRA:ERR3376865.86013784.1	98.507	67	1	0	3986	4052	41	107	6.11e-22	119
MK860761.1	SRA:ERR3376865.176116089.2	95.833	72	3	0	4082	4153	1	72	2.20e-21	117
MK860761.1	SRA:ERR3376865.176116089.1	95.833	72	3	0	4082	4153	143	72	2.20e-21	117
MK860761.1	SRA:ERR3376865.24779141.2	97.059	68	2	0	8681	8748	150	83	7.90e-21	115
MK860761.1	SRA:ERR3376865.18931546.2	97.015	67	2	0	8682	8748	151	85	2.84e-20	113
MK860761.1	SRA:ERR3376865.188663447.1	96.970	66	2	0	8683	8748	1	66	1.02e-19	111
MK860761.1	SRA:ERR3376865.72216685.1	94.444	72	4	0	4035	4106	72	1	1.02e-19	111
MK860761.1	SRA:ERR3376865.27817138.1	98.413	63	1	0	7322	7384	63	1	1.02e-19	111
MK860761.1	SRA:ERR3376865.27817138.1	100.000	43	0	0	3924	3966	108	150	2.88e-10	80.5
MK860761.1	SRA:ERR3376865.27815497.1	98.413	63	1	0	7322	7384	63	1	1.02e-19	111
MK860761.1	SRA:ERR3376865.27815497.1	100.000	43	0	0	3924	3966	108	150	2.88e-10	80.5
MK860761.1	SRA:ERR3376865.100954256.2	98.387	62	1	0	3924	3985	90	151	3.68e-19	110
MK860761.1	SRA:ERR3376865.100954256.2	97.778	45	1	0	7322	7366	45	1	1.04e-09	78.7
MK860761.1	SRA:ERR3376865.48060224.2	91.250	80	7	0	8578	8657	141	62	3.68e-19	110
MK860761.1	SRA:ERR3376865.197214573.1	98.361	61	1	0	7322	7382	61	1	1.32e-18	108
MK860761.1	SRA:ERR3376865.197214573.1	100.000	46	0	0	3924	3969	106	151	6.20e-12	86.1
MK860761.1	SRA:ERR3376865.142085047.1	96.875	64	2	0	8685	8748	151	88	1.32e-18	108
MK860761.1	SRA:ERR3376865.47169506.1	96.875	64	2	0	8685	8748	1	64	1.32e-18	108
MK860761.1	SRA:ERR3376865.72216685.2	98.333	60	1	0	4035	4094	92	151	4.76e-18	106
MK860761.1	SRA:ERR3376865.233309227.1	92.958	71	3	2	8680	8748	104	34	6.15e-17	102
MK860761.1	SRA:ERR3376865.6208630.1	96.721	61	2	0	4068	4128	91	151	6.15e-17	102
MK860761.1	SRA:ERR3376865.6208548.1	96.721	61	2	0	4068	4128	91	151	6.15e-17	102
MK860761.1	SRA:ERR3376865.221169376.2	98.246	57	1	0	4023	4079	57	1	2.21e-16	100
MK860761.1	SRA:ERR3376865.221169376.1	98.246	57	1	0	4023	4079	1	57	2.21e-16	100
MK860761.1	SRA:ERR3376865.132742784.2	98.246	57	1	0	7322	7378	95	151	2.21e-16	100
MK860761.1	SRA:ERR3376865.132742784.2	100.000	50	0	0	3924	3973	50	1	3.70e-14	93.5
MK860761.1	SRA:ERR3376865.110280383.2	98.214	56	1	0	7322	7377	56	1	7.96e-16	99.0
MK860761.1	SRA:ERR3376865.233309227.2	91.549	71	4	2	8680	8748	1	71	2.86e-15	97.1
MK860761.1	SRA:ERR3376865.205209039.2	100.000	52	0	0	3950	4001	68	17	2.86e-15	97.1
MK860761.1	SRA:ERR3376865.205209039.1	100.000	52	0	0	3950	4001	1	52	2.86e-15	97.1
MK860761.1	SRA:ERR3376865.147906228.2	98.182	55	1	0	7419	7473	94	40	2.86e-15	97.1
MK860761.1	SRA:ERR3376865.147906228.1	98.182	55	1	0	7419	7473	1	55	2.86e-15	97.1
MK860761.1	SRA:ERR3376865.97357776.2	100.000	51	0	0	3942	3992	1	51	1.03e-14	95.3
MK860761.1	SRA:ERR3376865.97357776.1	100.000	51	0	0	3942	3992	51	1	1.03e-14	95.3
MK860761.1	SRA:ERR3376865.130074996.2	100.000	50	0	0	4043	4092	74	123	3.70e-14	93.5
MK860761.1	SRA:ERR3376865.130074996.1	100.000	50	0	0	4043	4092	50	1	3.70e-14	93.5
MK860761.1	SRA:ERR3376865.31915587.2	98.113	53	1	0	4024	4076	106	54	3.70e-14	93.5
MK860761.1	SRA:ERR3376865.31915587.1	98.113	53	1	0	4024	4076	1	53	3.70e-14	93.5
MK860761.1	SRA:ERR3376865.188663447.2	96.364	55	2	0	8694	8748	150	96	1.33e-13	91.6
MK860761.1	SRA:ERR3376865.127232683.2	96.364	55	2	0	8694	8748	151	97	1.33e-13	91.6
MK860761.1	SRA:ERR3376865.94650234.1	94.828	58	3	0	3991	4048	1	58	1.33e-13	91.6
MK860761.1	SRA:ERR3376865.88939407.2	98.039	51	1	0	7322	7372	89	139	4.79e-13	89.8
MK860761.1	SRA:ERR3376865.88939407.2	100.000	44	0	0	3924	3967	44	1	8.01e-11	82.4
MK860761.1	SRA:ERR3376865.88939407.1	98.039	51	1	0	7322	7372	51	1	4.79e-13	89.8
MK860761.1	SRA:ERR3376865.88939407.1	100.000	44	0	0	3924	3967	96	139	8.01e-11	82.4
MK860761.1	SRA:ERR3376865.135012852.2	97.959	49	1	0	8700	8748	1	49	6.20e-12	86.1
MK860761.1	SRA:ERR3376865.171465211.2	100.000	44	0	0	3973	4016	1	44	8.01e-11	82.4
MK860761.1	SRA:ERR3376865.171465211.1	100.000	44	0	0	3973	4016	44	1	8.01e-11	82.4
MK860761.1	SRA:ERR3376865.35135583.1	100.000	39	0	0	4041	4079	151	113	4.82e-08	73.1
MK860761.1	SRA:ERR3376865.197718006.2	100.000	38	0	0	4039	4076	3	40	1.73e-07	71.3
MK860761.1	SRA:ERR3376865.197718006.1	100.000	38	0	0	4039	4076	66	29	1.73e-07	71.3
MK860761.1	SRA:ERR3376865.47028979.1	97.368	38	1	0	4119	4156	1	38	8.07e-06	65.8
MK860761.1	SRA:ERR3376865.47028591.1	97.368	38	1	0	4119	4156	1	38	8.07e-06	65.8
MK860761.1	SRA:ERR3376865.224182877.2	100.000	33	0	0	8704	8736	80	112	1.04e-04	62.1
MK860761.1	SRA:ERR3376865.224182877.1	100.000	33	0	0	8704	8736	33	1	1.04e-04	62.1
MK860761.1	SRA:ERR3376865.160246686.2	94.737	38	2	0	8711	8748	112	149	3.75e-04	60.2
MK860761.1	SRA:ERR3376865.76676804.2	97.143	35	1	0	8714	8748	120	86	3.75e-04	60.2
MK860761.1	SRA:ERR3376865.76676804.1	97.143	35	1	0	8714	8748	1	35	3.75e-04	60.2
MK860761.1	SRA:ERR3376865.48308661.2	97.143	35	1	0	8714	8748	1	35	3.75e-04	60.2
MK860761.1	SRA:ERR3376865.133745896.2	100.000	31	0	0	8707	8737	1	31	0.001	58.4
MK860761.1	SRA:ERR3376865.133745896.1	100.000	31	0	0	8707	8737	101	71	0.001	58.4
MK860761.1	SRA:ERR3376865.171074654.1	96.970	33	1	0	8716	8748	1	33	0.005	56.5
MK860761.1	SRA:ERR3376865.234378927.2	100.000	29	0	0	7406	7434	29	1	0.017	54.7
MK860761.1	SRA:ERR3376865.234378927.1	100.000	29	0	0	7406	7434	47	75	0.017	54.7
MK860761.1	SRA:ERR3376865.234377893.2	100.000	29	0	0	7406	7434	29	1	0.017	54.7
MK860761.1	SRA:ERR3376865.234377893.1	100.000	29	0	0	7406	7434	47	75	0.017	54.7
