MK860761.1	SRA:ERR3376862.148657956.1	99.338	151	1	0	7327	7477	1	151	1.41e-68	274
MK860761.1	SRA:ERR3376862.148657625.1	99.338	151	1	0	7327	7477	1	151	1.41e-68	274
MK860761.1	SRA:ERR3376862.93684069.2	99.338	151	1	0	3930	4080	1	151	1.41e-68	274
MK860761.1	SRA:ERR3376862.51448924.2	99.338	151	1	0	3929	4079	1	151	1.41e-68	274
MK860761.1	SRA:ERR3376862.215003013.1	99.333	150	1	0	3943	4092	1	150	5.06e-68	272
MK860761.1	SRA:ERR3376862.253138506.2	99.329	149	1	0	7324	7472	1	149	1.82e-67	270
MK860761.1	SRA:ERR3376862.18041290.2	98.675	151	2	0	7322	7472	1	151	6.55e-67	268
MK860761.1	SRA:ERR3376862.58542264.1	99.315	146	1	0	3949	4094	1	146	8.47e-66	265
MK860761.1	SRA:ERR3376862.252252499.1	98.013	151	3	0	3960	4110	151	1	3.05e-65	263
MK860761.1	SRA:ERR3376862.96637252.1	98.013	151	3	0	3998	4148	1	151	3.05e-65	263
MK860761.1	SRA:ERR3376862.51448924.1	98.013	151	3	0	3997	4147	151	1	3.05e-65	263
MK860761.1	SRA:ERR3376862.18798362.2	98.013	151	3	0	3986	4136	1	151	3.05e-65	263
MK860761.1	SRA:ERR3376862.77515890.2	98.000	150	3	0	3954	4103	150	1	1.10e-64	261
MK860761.1	SRA:ERR3376862.57932467.2	98.000	150	3	0	3954	4103	150	1	1.10e-64	261
MK860761.1	SRA:ERR3376862.26349771.1	99.306	144	1	0	3924	4067	144	1	1.10e-64	261
MK860761.1	SRA:ERR3376862.149816097.2	97.987	149	3	0	4000	4148	151	3	3.94e-64	259
MK860761.1	SRA:ERR3376862.148262219.1	97.987	149	3	0	3988	4136	1	149	3.94e-64	259
MK860761.1	SRA:ERR3376862.93684069.1	97.351	151	4	0	4009	4159	151	1	1.42e-63	257
MK860761.1	SRA:ERR3376862.33432719.1	97.351	151	4	0	3986	4136	1	151	1.42e-63	257
MK860761.1	SRA:ERR3376862.124990675.2	97.959	147	1	1	7353	7497	1	147	1.83e-62	254
MK860761.1	SRA:ERR3376862.124990576.2	97.959	147	1	1	7353	7497	1	147	1.83e-62	254
MK860761.1	SRA:ERR3376862.268689371.2	97.931	145	3	0	3950	4094	3	147	6.59e-62	252
MK860761.1	SRA:ERR3376862.168068479.2	97.931	145	3	0	3963	4107	1	145	6.59e-62	252
MK860761.1	SRA:ERR3376862.168068479.1	97.931	145	3	0	3963	4107	149	5	6.59e-62	252
MK860761.1	SRA:ERR3376862.168066154.2	97.931	145	3	0	3963	4107	1	145	6.59e-62	252
MK860761.1	SRA:ERR3376862.168066154.1	97.931	145	3	0	3963	4107	149	5	6.59e-62	252
MK860761.1	SRA:ERR3376862.232937341.2	99.275	138	1	0	3924	4061	138	1	2.37e-61	250
MK860761.1	SRA:ERR3376862.77515890.1	99.275	138	1	0	3924	4061	14	151	2.37e-61	250
MK860761.1	SRA:ERR3376862.57932467.1	99.275	138	1	0	3924	4061	14	151	2.37e-61	250
MK860761.1	SRA:ERR3376862.42528924.1	96.667	150	5	0	4010	4159	1	150	2.37e-61	250
MK860761.1	SRA:ERR3376862.268689371.1	96.026	151	6	0	4051	4201	151	1	3.07e-60	246
MK860761.1	SRA:ERR3376862.220351234.2	96.026	151	6	0	4048	4198	151	1	3.07e-60	246
MK860761.1	SRA:ERR3376862.125249131.2	96.026	151	6	0	4057	4207	1	151	3.07e-60	246
MK860761.1	SRA:ERR3376862.22257834.1	96.026	151	6	0	4047	4197	1	151	3.07e-60	246
MK860761.1	SRA:ERR3376862.214581765.1	99.259	135	1	0	3924	4058	17	151	1.10e-59	244
MK860761.1	SRA:ERR3376862.214581765.2	95.973	149	6	0	4051	4199	149	1	3.97e-59	243
MK860761.1	SRA:ERR3376862.26349771.2	99.254	134	1	0	7322	7455	134	1	3.97e-59	243
MK860761.1	SRA:ERR3376862.222742233.1	95.364	151	7	0	4061	4211	151	1	1.43e-58	241
MK860761.1	SRA:ERR3376862.174731652.1	95.364	151	7	0	4027	4177	1	151	1.43e-58	241
MK860761.1	SRA:ERR3376862.159949602.1	95.364	151	7	0	8590	8740	1	151	1.43e-58	241
MK860761.1	SRA:ERR3376862.58542264.2	95.364	151	7	0	4022	4172	151	1	1.43e-58	241
MK860761.1	SRA:ERR3376862.22257834.2	95.364	151	7	0	4062	4212	151	1	1.43e-58	241
MK860761.1	SRA:ERR3376862.124990675.1	95.333	150	7	0	8599	8748	150	1	5.13e-58	239
MK860761.1	SRA:ERR3376862.124990576.1	95.333	150	7	0	8599	8748	150	1	5.13e-58	239
MK860761.1	SRA:ERR3376862.42774463.2	95.333	150	7	0	8599	8748	151	2	5.13e-58	239
MK860761.1	SRA:ERR3376862.10340184.1	95.333	150	7	0	8599	8748	1	150	5.13e-58	239
MK860761.1	SRA:ERR3376862.229926703.2	99.237	131	1	0	7322	7452	16	146	1.85e-57	237
MK860761.1	SRA:ERR3376862.229926703.1	99.237	131	1	0	7322	7452	131	1	1.85e-57	237
MK860761.1	SRA:ERR3376862.229923826.2	99.237	131	1	0	7322	7452	16	146	1.85e-57	237
MK860761.1	SRA:ERR3376862.229923826.1	99.237	131	1	0	7322	7452	131	1	1.85e-57	237
MK860761.1	SRA:ERR3376862.166076451.2	99.231	130	1	0	3924	4053	130	1	6.64e-57	235
MK860761.1	SRA:ERR3376862.96637252.2	94.702	151	8	0	4080	4230	151	1	6.64e-57	235
MK860761.1	SRA:ERR3376862.18798362.1	94.702	151	8	0	4086	4236	151	1	6.64e-57	235
MK860761.1	SRA:ERR3376862.18041290.1	94.702	151	8	0	8582	8732	151	1	6.64e-57	235
MK860761.1	SRA:ERR3376862.187480225.1	99.225	129	1	0	7322	7450	129	1	2.39e-56	233
MK860761.1	SRA:ERR3376862.148262219.2	94.667	150	8	0	4089	4238	151	2	2.39e-56	233
MK860761.1	SRA:ERR3376862.137619796.2	98.496	133	1	1	3955	4087	1	132	2.39e-56	233
MK860761.1	SRA:ERR3376862.137619796.1	98.496	133	1	1	3955	4087	134	3	2.39e-56	233
MK860761.1	SRA:ERR3376862.174731652.2	94.040	151	9	0	4107	4257	151	1	3.09e-55	230
MK860761.1	SRA:ERR3376862.149408296.1	94.040	151	9	0	4032	4182	151	1	3.09e-55	230
MK860761.1	SRA:ERR3376862.134046978.1	94.040	151	9	0	8572	8722	1	151	3.09e-55	230
MK860761.1	SRA:ERR3376862.233992022.2	99.206	126	1	0	3924	4049	9	134	1.11e-54	228
MK860761.1	SRA:ERR3376862.233991776.2	99.206	126	1	0	3924	4049	9	134	1.11e-54	228
MK860761.1	SRA:ERR3376862.187480225.2	99.206	126	1	0	7322	7447	26	151	1.11e-54	228
MK860761.1	SRA:ERR3376862.51086617.1	96.377	138	5	0	8611	8748	1	138	1.11e-54	228
MK860761.1	SRA:ERR3376862.38029864.2	94.521	146	8	0	4108	4253	146	1	4.00e-54	226
MK860761.1	SRA:ERR3376862.209290601.2	97.710	131	1	1	7369	7497	1	131	1.44e-53	224
MK860761.1	SRA:ERR3376862.159369713.1	93.377	151	10	0	8560	8710	1	151	1.44e-53	224
MK860761.1	SRA:ERR3376862.180241401.1	97.692	130	1	1	7370	7497	1	130	5.17e-53	222
MK860761.1	SRA:ERR3376862.67552226.1	97.674	129	1	1	7371	7497	151	23	1.86e-52	220
MK860761.1	SRA:ERR3376862.67552128.1	97.674	129	1	1	7371	7497	151	23	1.86e-52	220
MK860761.1	SRA:ERR3376862.38029864.1	93.836	146	9	0	4108	4253	1	146	1.86e-52	220
MK860761.1	SRA:ERR3376862.206872760.1	99.174	121	1	0	3924	4044	127	7	6.69e-52	219
MK860761.1	SRA:ERR3376862.74397549.2	93.197	147	8	1	7353	7497	1	147	8.65e-51	215
MK860761.1	SRA:ERR3376862.182562728.1	99.153	118	1	0	3924	4041	118	1	3.11e-50	213
MK860761.1	SRA:ERR3376862.31175336.2	99.153	118	1	0	7322	7439	34	151	3.11e-50	213
MK860761.1	SRA:ERR3376862.153470472.2	96.124	129	5	0	8620	8748	134	6	1.12e-49	211
MK860761.1	SRA:ERR3376862.104453441.2	100.000	114	0	0	3924	4037	115	2	1.12e-49	211
MK860761.1	SRA:ERR3376862.200042418.2	94.118	136	8	0	4118	4253	1	136	1.45e-48	207
MK860761.1	SRA:ERR3376862.200042418.1	94.118	136	8	0	4118	4253	136	1	1.45e-48	207
MK860761.1	SRA:ERR3376862.180241401.2	97.541	122	1	1	7378	7497	150	29	1.45e-48	207
MK860761.1	SRA:ERR3376862.233992022.1	99.123	114	1	0	3936	4049	150	37	5.21e-48	206
MK860761.1	SRA:ERR3376862.233991776.1	99.123	114	1	0	3936	4049	150	37	5.21e-48	206
MK860761.1	SRA:ERR3376862.42528924.2	92.414	145	10	1	4122	4265	151	7	5.21e-48	206
MK860761.1	SRA:ERR3376862.232510398.2	93.431	137	9	0	8560	8696	13	149	1.87e-47	204
MK860761.1	SRA:ERR3376862.232509114.2	93.431	137	9	0	8560	8696	13	149	1.87e-47	204
MK860761.1	SRA:ERR3376862.159949602.2	96.721	122	4	0	8627	8748	150	29	1.87e-47	204
MK860761.1	SRA:ERR3376862.177115762.2	100.000	108	0	0	3924	4031	44	151	2.42e-46	200
MK860761.1	SRA:ERR3376862.104066348.2	100.000	108	0	0	3924	4031	44	151	2.42e-46	200
MK860761.1	SRA:ERR3376862.104064938.2	100.000	108	0	0	3924	4031	44	151	2.42e-46	200
MK860761.1	SRA:ERR3376862.102773528.2	99.099	111	1	0	7322	7432	41	151	2.42e-46	200
MK860761.1	SRA:ERR3376862.148657956.2	93.893	131	8	0	8563	8693	131	1	8.71e-46	198
MK860761.1	SRA:ERR3376862.148657625.2	93.893	131	8	0	8563	8693	131	1	8.71e-46	198
MK860761.1	SRA:ERR3376862.146552937.2	97.414	116	3	0	8628	8743	117	2	8.71e-46	198
MK860761.1	SRA:ERR3376862.146552937.1	97.414	116	3	0	8628	8743	1	116	8.71e-46	198
MK860761.1	SRA:ERR3376862.119479510.1	99.074	108	1	0	3985	4092	1	108	1.13e-44	195
MK860761.1	SRA:ERR3376862.206872760.2	97.368	114	1	1	7386	7497	151	38	4.05e-44	193
MK860761.1	SRA:ERR3376862.131674753.2	95.000	120	6	0	4072	4191	1	120	5.24e-43	189
MK860761.1	SRA:ERR3376862.122647286.1	91.912	136	10	1	4131	4265	3	138	5.24e-43	189
MK860761.1	SRA:ERR3376862.222742233.2	96.429	112	4	0	4048	4159	40	151	6.78e-42	185
MK860761.1	SRA:ERR3376862.163181712.2	99.038	104	0	1	3924	4026	127	24	6.78e-42	185
MK860761.1	SRA:ERR3376862.69784530.2	97.248	109	3	0	8635	8743	1	109	6.78e-42	185
MK860761.1	SRA:ERR3376862.69784530.1	96.429	112	4	0	8635	8746	112	1	6.78e-42	185
MK860761.1	SRA:ERR3376862.102773528.1	97.222	108	1	1	7392	7497	150	43	8.77e-41	182
MK860761.1	SRA:ERR3376862.260168818.1	100.000	97	0	0	3924	4020	97	1	3.15e-40	180
MK860761.1	SRA:ERR3376862.254101140.1	92.683	123	9	0	8560	8682	27	149	1.13e-39	178
MK860761.1	SRA:ERR3376862.182562728.2	98.980	98	1	0	7322	7419	98	1	4.08e-39	176
MK860761.1	SRA:ERR3376862.159369713.2	96.262	107	4	0	8642	8748	150	44	4.08e-39	176
MK860761.1	SRA:ERR3376862.33131773.1	96.262	107	4	0	8642	8748	1	107	4.08e-39	176
MK860761.1	SRA:ERR3376862.107160302.1	98.969	97	1	0	7322	7418	97	1	1.47e-38	174
MK860761.1	SRA:ERR3376862.31175336.1	93.220	118	8	0	8563	8680	118	1	1.47e-38	174
MK860761.1	SRA:ERR3376862.260168818.2	100.000	92	0	0	3924	4015	59	150	1.90e-37	171
MK860761.1	SRA:ERR3376862.149986067.2	100.000	92	0	0	3924	4015	92	1	1.90e-37	171
MK860761.1	SRA:ERR3376862.149986067.1	100.000	92	0	0	3924	4015	23	114	1.90e-37	171
MK860761.1	SRA:ERR3376862.149816097.1	100.000	92	0	0	3924	4015	59	150	1.90e-37	171
MK860761.1	SRA:ERR3376862.149408296.2	94.495	109	6	0	3924	4032	38	146	6.83e-37	169
MK860761.1	SRA:ERR3376862.247764660.2	97.917	96	2	0	4053	4148	96	1	2.46e-36	167
MK860761.1	SRA:ERR3376862.247764660.1	97.917	96	2	0	4053	4148	1	96	2.46e-36	167
MK860761.1	SRA:ERR3376862.157292596.2	96.078	102	4	0	4041	4142	102	1	2.46e-36	167
MK860761.1	SRA:ERR3376862.77230030.2	92.982	114	8	0	8563	8676	114	1	2.46e-36	167
MK860761.1	SRA:ERR3376862.180267181.2	100.000	89	0	0	7336	7424	1	89	8.83e-36	165
MK860761.1	SRA:ERR3376862.180267181.1	100.000	89	0	0	7336	7424	89	1	8.83e-36	165
MK860761.1	SRA:ERR3376862.136729909.2	96.040	101	4	0	4102	4202	101	1	8.83e-36	165
MK860761.1	SRA:ERR3376862.136729909.1	96.040	101	4	0	4102	4202	1	101	8.83e-36	165
MK860761.1	SRA:ERR3376862.104453441.1	100.000	89	0	0	3924	4012	63	151	8.83e-36	165
MK860761.1	SRA:ERR3376862.86100426.1	100.000	89	0	0	3949	4037	1	89	8.83e-36	165
MK860761.1	SRA:ERR3376862.42774463.1	92.920	113	8	0	8588	8700	39	151	8.83e-36	165
MK860761.1	SRA:ERR3376862.89656683.2	91.453	117	9	1	4150	4265	3	119	4.11e-34	159
MK860761.1	SRA:ERR3376862.254101140.2	95.876	97	4	0	8652	8748	151	55	1.48e-33	158
MK860761.1	SRA:ERR3376862.153903763.2	95.000	100	5	0	8649	8748	141	42	1.48e-33	158
MK860761.1	SRA:ERR3376862.11775307.2	96.842	95	1	1	7405	7497	40	134	1.48e-33	158
MK860761.1	SRA:ERR3376862.11775307.1	96.842	95	1	1	7405	7497	144	50	1.48e-33	158
MK860761.1	SRA:ERR3376862.237390613.2	98.851	87	1	0	7322	7408	87	1	5.32e-33	156
MK860761.1	SRA:ERR3376862.237390613.1	100.000	84	0	0	3924	4007	84	1	5.32e-33	156
MK860761.1	SRA:ERR3376862.232510398.1	96.774	93	3	0	8656	8748	151	59	5.32e-33	156
MK860761.1	SRA:ERR3376862.232509114.1	96.774	93	3	0	8656	8748	151	59	5.32e-33	156
MK860761.1	SRA:ERR3376862.217513049.2	98.851	87	1	0	4005	4091	1	87	5.32e-33	156
MK860761.1	SRA:ERR3376862.217510750.2	98.851	87	1	0	4005	4091	1	87	5.32e-33	156
MK860761.1	SRA:ERR3376862.257040005.2	96.703	91	3	0	8642	8732	91	1	6.88e-32	152
MK860761.1	SRA:ERR3376862.134046978.2	96.703	91	3	0	8658	8748	151	61	6.88e-32	152
MK860761.1	SRA:ERR3376862.67552128.2	100.000	82	0	0	3924	4005	82	1	6.88e-32	152
MK860761.1	SRA:ERR3376862.51086617.2	96.703	91	3	0	8658	8748	151	61	6.88e-32	152
MK860761.1	SRA:ERR3376862.88740451.1	96.667	90	3	0	4066	4155	1	90	2.47e-31	150
MK860761.1	SRA:ERR3376862.88720058.1	96.667	90	3	0	4066	4155	1	90	2.47e-31	150
MK860761.1	SRA:ERR3376862.266300920.2	97.647	85	2	0	4046	4130	85	1	3.20e-30	147
MK860761.1	SRA:ERR3376862.266300920.1	97.647	85	2	0	4046	4130	23	107	3.20e-30	147
MK860761.1	SRA:ERR3376862.138010561.2	96.591	88	3	0	8661	8748	1	88	3.20e-30	147
MK860761.1	SRA:ERR3376862.53486640.1	90.909	110	9	1	4157	4265	1	110	3.20e-30	147
MK860761.1	SRA:ERR3376862.76877573.2	96.591	88	1	1	7412	7497	105	18	1.15e-29	145
MK860761.1	SRA:ERR3376862.76877573.1	96.591	88	1	1	7412	7497	1	88	1.15e-29	145
MK860761.1	SRA:ERR3376862.107160302.2	100.000	77	0	0	3924	4000	77	1	4.14e-29	143
MK860761.1	SRA:ERR3376862.77230030.1	100.000	77	0	0	3924	4000	77	1	4.14e-29	143
MK860761.1	SRA:ERR3376862.33432719.2	91.429	105	8	1	4162	4265	148	44	4.14e-29	143
MK860761.1	SRA:ERR3376862.67552226.2	97.561	82	2	0	3924	4005	82	1	1.49e-28	141
MK860761.1	SRA:ERR3376862.53487577.2	91.346	104	8	1	4163	4265	151	48	1.49e-28	141
MK860761.1	SRA:ERR3376862.53486640.2	91.346	104	8	1	4163	4265	151	48	1.49e-28	141
MK860761.1	SRA:ERR3376862.249009175.2	96.429	84	1	1	7416	7497	1	84	1.93e-27	137
MK860761.1	SRA:ERR3376862.249009175.1	96.429	84	1	1	7416	7497	103	20	1.93e-27	137
MK860761.1	SRA:ERR3376862.69900994.2	100.000	74	0	0	3943	4016	1	74	1.93e-27	137
MK860761.1	SRA:ERR3376862.69900994.1	100.000	74	0	0	3943	4016	74	1	1.93e-27	137
MK860761.1	SRA:ERR3376862.33131773.2	96.386	83	3	0	8666	8748	151	69	1.93e-27	137
MK860761.1	SRA:ERR3376862.21023826.2	91.919	99	7	1	4168	4265	1	99	1.93e-27	137
MK860761.1	SRA:ERR3376862.12723293.2	92.708	96	6	1	4171	4265	133	38	1.93e-27	137
MK860761.1	SRA:ERR3376862.12723293.1	92.708	96	6	1	4171	4265	3	98	1.93e-27	137
MK860761.1	SRA:ERR3376862.235687743.2	94.253	87	5	0	4152	4238	1	87	2.49e-26	134
MK860761.1	SRA:ERR3376862.235687743.1	93.333	90	6	0	4152	4241	90	1	2.49e-26	134
MK860761.1	SRA:ERR3376862.109410862.2	96.341	82	1	1	7418	7497	120	39	2.49e-26	134
MK860761.1	SRA:ERR3376862.109410862.1	96.341	82	1	1	7418	7497	1	82	2.49e-26	134
MK860761.1	SRA:ERR3376862.93482725.1	97.436	78	2	0	4069	4146	1	78	2.49e-26	134
MK860761.1	SRA:ERR3376862.205077031.2	96.250	80	3	0	7412	7491	1	80	8.96e-26	132
MK860761.1	SRA:ERR3376862.137958760.2	95.122	82	4	0	4175	4256	106	25	3.22e-25	130
MK860761.1	SRA:ERR3376862.137958760.1	95.122	82	4	0	4175	4256	1	82	3.22e-25	130
MK860761.1	SRA:ERR3376862.122114602.2	100.000	69	0	0	3924	3992	69	1	1.16e-24	128
MK860761.1	SRA:ERR3376862.29972281.1	96.154	78	3	0	8618	8695	79	2	1.16e-24	128
MK860761.1	SRA:ERR3376862.166076451.1	100.000	68	0	0	3924	3991	83	150	4.17e-24	126
MK860761.1	SRA:ERR3376862.166076451.1	97.368	38	1	0	7322	7359	38	1	9.22e-06	65.8
MK860761.1	SRA:ERR3376862.163181712.1	100.000	68	0	0	3924	3991	83	150	4.17e-24	126
MK860761.1	SRA:ERR3376862.163181712.1	97.368	38	1	0	7322	7359	38	1	9.22e-06	65.8
MK860761.1	SRA:ERR3376862.45135099.1	97.333	75	1	1	7335	7408	1	75	4.17e-24	126
MK860761.1	SRA:ERR3376862.252252499.2	100.000	67	0	0	3924	3990	85	151	1.50e-23	124
MK860761.1	SRA:ERR3376862.252252499.2	97.500	40	1	0	7322	7361	40	1	7.13e-07	69.4
MK860761.1	SRA:ERR3376862.131674753.1	93.902	82	5	0	4154	4235	1	82	1.50e-23	124
MK860761.1	SRA:ERR3376862.131674753.1	94.521	73	4	0	4119	4191	150	78	3.25e-20	113
MK860761.1	SRA:ERR3376862.75760712.2	93.827	81	5	0	4142	4222	81	1	5.39e-23	122
MK860761.1	SRA:ERR3376862.75760712.1	93.827	81	5	0	4142	4222	1	81	5.39e-23	122
MK860761.1	SRA:ERR3376862.24754380.1	98.551	69	1	0	3994	4062	1	69	5.39e-23	122
MK860761.1	SRA:ERR3376862.195642624.1	97.183	71	2	0	8678	8748	1	71	1.94e-22	121
MK860761.1	SRA:ERR3376862.149110831.2	100.000	65	0	0	3937	4001	1	65	1.94e-22	121
MK860761.1	SRA:ERR3376862.149103993.2	100.000	65	0	0	3937	4001	1	65	1.94e-22	121
MK860761.1	SRA:ERR3376862.122114602.1	100.000	63	0	0	3924	3986	88	150	2.51e-21	117
MK860761.1	SRA:ERR3376862.161323500.2	98.462	65	1	0	7322	7386	77	141	9.02e-21	115
MK860761.1	SRA:ERR3376862.161323500.2	100.000	32	0	0	3924	3955	32	1	4.29e-04	60.2
MK860761.1	SRA:ERR3376862.161323500.1	98.462	65	1	0	7322	7386	65	1	9.02e-21	115
MK860761.1	SRA:ERR3376862.161323500.1	100.000	32	0	0	3924	3955	110	141	4.29e-04	60.2
MK860761.1	SRA:ERR3376862.161295755.2	98.462	65	1	0	7322	7386	77	141	9.02e-21	115
MK860761.1	SRA:ERR3376862.161295755.2	100.000	32	0	0	3924	3955	32	1	4.29e-04	60.2
MK860761.1	SRA:ERR3376862.161295755.1	98.462	65	1	0	7322	7386	65	1	9.02e-21	115
MK860761.1	SRA:ERR3376862.161295755.1	100.000	32	0	0	3924	3955	110	141	4.29e-04	60.2
MK860761.1	SRA:ERR3376862.12063054.1	100.000	62	0	0	3924	3985	90	151	9.02e-21	115
MK860761.1	SRA:ERR3376862.12063054.1	97.778	45	1	0	7322	7366	45	1	1.18e-09	78.7
MK860761.1	SRA:ERR3376862.8018684.2	96.875	64	2	0	8685	8748	1	64	1.51e-18	108
MK860761.1	SRA:ERR3376862.257282608.2	95.455	66	3	0	3935	4000	1	66	5.43e-18	106
MK860761.1	SRA:ERR3376862.152132559.2	96.825	63	2	0	8686	8748	1	63	5.43e-18	106
MK860761.1	SRA:ERR3376862.152132559.1	96.825	63	2	0	8686	8748	131	69	5.43e-18	106
MK860761.1	SRA:ERR3376862.90258356.2	98.333	60	1	0	7322	7381	14	73	5.43e-18	106
MK860761.1	SRA:ERR3376862.90258356.1	98.333	60	1	0	7322	7381	60	1	5.43e-18	106
MK860761.1	SRA:ERR3376862.28770164.2	100.000	57	0	0	3924	3980	57	1	5.43e-18	106
MK860761.1	SRA:ERR3376862.28770164.1	100.000	57	0	0	3924	3980	87	143	5.43e-18	106
MK860761.1	SRA:ERR3376862.220351234.1	98.333	60	0	1	4035	4094	93	151	1.95e-17	104
MK860761.1	SRA:ERR3376862.113521170.2	94.118	68	4	0	8599	8666	11	78	1.95e-17	104
MK860761.1	SRA:ERR3376862.113521170.1	94.118	68	4	0	8599	8666	68	1	1.95e-17	104
MK860761.1	SRA:ERR3376862.258480638.2	96.721	61	2	0	8608	8668	61	1	7.03e-17	102
MK860761.1	SRA:ERR3376862.258480638.1	94.030	67	4	0	8602	8668	53	119	7.03e-17	102
MK860761.1	SRA:ERR3376862.104150816.2	96.721	61	2	0	4088	4148	62	2	7.03e-17	102
MK860761.1	SRA:ERR3376862.104150816.1	96.721	61	2	0	4088	4148	28	88	7.03e-17	102
MK860761.1	SRA:ERR3376862.104148237.2	96.721	61	2	0	4088	4148	62	2	7.03e-17	102
MK860761.1	SRA:ERR3376862.104148237.1	96.721	61	2	0	4088	4148	28	88	7.03e-17	102
MK860761.1	SRA:ERR3376862.232937341.1	100.000	53	0	0	3924	3976	99	151	9.09e-16	99.0
MK860761.1	SRA:ERR3376862.232937341.1	98.148	54	1	0	7322	7375	54	1	1.18e-14	95.3
MK860761.1	SRA:ERR3376862.215003013.2	100.000	53	0	0	4040	4092	148	96	9.09e-16	99.0
MK860761.1	SRA:ERR3376862.148604379.2	100.000	53	0	0	3924	3976	44	96	9.09e-16	99.0
MK860761.1	SRA:ERR3376862.148604379.1	100.000	53	0	0	3924	3976	53	1	9.09e-16	99.0
MK860761.1	SRA:ERR3376862.89646645.1	96.610	59	2	0	8690	8748	1	59	9.09e-16	99.0
MK860761.1	SRA:ERR3376862.45135099.2	96.610	59	1	1	7351	7408	150	92	3.27e-15	97.1
MK860761.1	SRA:ERR3376862.25363051.2	96.552	58	2	0	8691	8748	77	134	3.27e-15	97.1
MK860761.1	SRA:ERR3376862.25363051.1	96.552	58	2	0	8691	8748	140	83	3.27e-15	97.1
MK860761.1	SRA:ERR3376862.12063054.2	100.000	52	0	0	3943	3994	151	100	3.27e-15	97.1
MK860761.1	SRA:ERR3376862.149110831.1	98.148	54	1	0	7322	7375	54	1	1.18e-14	95.3
MK860761.1	SRA:ERR3376862.149110831.1	100.000	33	0	0	3969	4001	151	119	1.19e-04	62.1
MK860761.1	SRA:ERR3376862.149103993.1	98.148	54	1	0	7322	7375	54	1	1.18e-14	95.3
MK860761.1	SRA:ERR3376862.149103993.1	100.000	33	0	0	3969	4001	151	119	1.19e-04	62.1
MK860761.1	SRA:ERR3376862.81479408.2	100.000	51	0	0	4044	4094	56	106	1.18e-14	95.3
MK860761.1	SRA:ERR3376862.81479408.1	100.000	51	0	0	4044	4094	51	1	1.18e-14	95.3
MK860761.1	SRA:ERR3376862.253138506.1	100.000	49	0	0	3924	3972	49	1	1.52e-13	91.6
MK860761.1	SRA:ERR3376862.148168265.2	94.915	59	1	1	7441	7497	1	59	1.52e-13	91.6
MK860761.1	SRA:ERR3376862.148168265.1	94.915	59	1	1	7441	7497	125	67	1.52e-13	91.6
MK860761.1	SRA:ERR3376862.56655335.2	93.443	61	4	0	8595	8655	1	61	1.52e-13	91.6
MK860761.1	SRA:ERR3376862.56655335.1	93.443	61	4	0	8595	8655	138	78	1.52e-13	91.6
MK860761.1	SRA:ERR3376862.56655221.2	93.443	61	4	0	8595	8655	1	61	1.52e-13	91.6
MK860761.1	SRA:ERR3376862.56655221.1	93.443	61	4	0	8595	8655	138	78	1.52e-13	91.6
MK860761.1	SRA:ERR3376862.56654009.2	93.443	61	4	0	8595	8655	1	61	1.52e-13	91.6
MK860761.1	SRA:ERR3376862.56654009.1	93.443	61	4	0	8595	8655	138	78	1.52e-13	91.6
MK860761.1	SRA:ERR3376862.56652540.2	93.443	61	4	0	8595	8655	1	61	1.52e-13	91.6
MK860761.1	SRA:ERR3376862.56652540.1	93.443	61	4	0	8595	8655	138	78	1.52e-13	91.6
MK860761.1	SRA:ERR3376862.232518685.2	98.039	51	1	0	8698	8748	127	77	5.47e-13	89.8
MK860761.1	SRA:ERR3376862.232518685.1	98.039	51	1	0	8698	8748	2	52	5.47e-13	89.8
MK860761.1	SRA:ERR3376862.232509785.2	98.039	51	1	0	8698	8748	127	77	5.47e-13	89.8
MK860761.1	SRA:ERR3376862.232509785.1	98.039	51	1	0	8698	8748	2	52	5.47e-13	89.8
MK860761.1	SRA:ERR3376862.182562945.1	96.296	54	2	0	8695	8748	1	54	5.47e-13	89.8
MK860761.1	SRA:ERR3376862.104410093.2	98.039	51	1	0	8698	8748	3	53	5.47e-13	89.8
MK860761.1	SRA:ERR3376862.88740451.2	98.039	51	1	0	4105	4155	151	101	5.47e-13	89.8
MK860761.1	SRA:ERR3376862.88720058.2	98.039	51	1	0	4105	4155	151	101	5.47e-13	89.8
MK860761.1	SRA:ERR3376862.32487772.1	98.039	51	1	0	8698	8748	3	53	5.47e-13	89.8
MK860761.1	SRA:ERR3376862.8018684.1	98.039	51	1	0	8698	8748	148	98	5.47e-13	89.8
MK860761.1	SRA:ERR3376862.10340184.2	98.000	50	1	0	8699	8748	150	101	1.97e-12	87.9
MK860761.1	SRA:ERR3376862.68377206.2	94.643	56	1	1	7444	7497	100	45	7.08e-12	86.1
MK860761.1	SRA:ERR3376862.68377206.1	94.643	56	1	1	7444	7497	15	70	7.08e-12	86.1
MK860761.1	SRA:ERR3376862.257282608.1	97.917	48	1	0	7322	7369	48	1	2.54e-11	84.2
MK860761.1	SRA:ERR3376862.257282608.1	100.000	36	0	0	3966	4001	148	113	2.56e-06	67.6
MK860761.1	SRA:ERR3376862.92792820.2	97.917	48	1	0	8684	8731	48	1	2.54e-11	84.2
MK860761.1	SRA:ERR3376862.252690496.1	97.872	47	1	0	7322	7368	47	1	9.15e-11	82.4
MK860761.1	SRA:ERR3376862.225533464.1	95.918	49	1	1	4000	4048	1	48	1.18e-09	78.7
MK860761.1	SRA:ERR3376862.189877754.2	97.778	45	1	0	8702	8746	45	1	1.18e-09	78.7
MK860761.1	SRA:ERR3376862.147064322.2	94.231	52	1	1	7448	7497	78	27	1.18e-09	78.7
MK860761.1	SRA:ERR3376862.147064322.1	94.231	52	1	1	7448	7497	1	52	1.18e-09	78.7
MK860761.1	SRA:ERR3376862.174913809.2	94.118	51	1	1	7449	7497	1	51	4.26e-09	76.8
MK860761.1	SRA:ERR3376862.234994781.2	100.000	40	0	0	4042	4081	40	1	1.53e-08	75.0
MK860761.1	SRA:ERR3376862.235704049.1	97.619	42	1	0	8707	8748	1	42	5.51e-08	73.1
MK860761.1	SRA:ERR3376862.194820055.2	93.617	47	3	0	8702	8748	57	11	1.98e-07	71.3
MK860761.1	SRA:ERR3376862.194819374.2	93.617	47	3	0	8702	8748	57	11	1.98e-07	71.3
MK860761.1	SRA:ERR3376862.58941941.2	100.000	38	0	0	3924	3961	38	1	1.98e-07	71.3
MK860761.1	SRA:ERR3376862.58941941.2	100.000	36	0	0	7337	7372	122	87	2.56e-06	67.6
MK860761.1	SRA:ERR3376862.58941941.1	100.000	38	0	0	3924	3961	85	122	1.98e-07	71.3
MK860761.1	SRA:ERR3376862.58941941.1	100.000	36	0	0	7337	7372	1	36	2.56e-06	67.6
MK860761.1	SRA:ERR3376862.111500560.2	100.000	35	0	0	3924	3958	35	1	9.22e-06	65.8
MK860761.1	SRA:ERR3376862.48146910.1	100.000	35	0	0	7443	7477	1	35	9.22e-06	65.8
MK860761.1	SRA:ERR3376862.235704049.2	97.297	37	1	0	8712	8748	151	115	3.32e-05	63.9
MK860761.1	SRA:ERR3376862.4579721.2	97.297	37	1	0	8712	8748	1	37	3.32e-05	63.9
MK860761.1	SRA:ERR3376862.4579721.1	97.297	37	1	0	8712	8748	123	87	3.32e-05	63.9
MK860761.1	SRA:ERR3376862.46556967.2	100.000	33	0	0	7397	7429	1	33	1.19e-04	62.1
MK860761.1	SRA:ERR3376862.101317663.2	94.444	36	2	0	3924	3959	38	3	0.006	56.5
MK860761.1	SRA:ERR3376862.101317663.1	100.000	30	0	0	3924	3953	41	70	0.006	56.5
MK860761.1	SRA:ERR3376862.93482725.2	100.000	30	0	0	4117	4146	149	120	0.006	56.5
MK860761.1	SRA:ERR3376862.43655814.2	94.595	37	1	1	3924	3959	51	15	0.006	56.5
MK860761.1	SRA:ERR3376862.43655814.1	94.595	37	1	1	3924	3959	37	73	0.006	56.5
MK860761.1	SRA:ERR3376862.97729419.2	100.000	29	0	0	7447	7475	29	1	0.020	54.7
MK860761.1	SRA:ERR3376862.234994781.1	94.118	34	2	0	4036	4069	118	151	0.072	52.8
