CFAV-Bangkok_Thailand_2015	SRA:ERX1788126.23958560.1	100.000	76	0	0	5873	5948	1	76	1.02e-29	141
CFAV-Bangkok_Thailand_2015	SRA:ERX1788126.15825841.2	100.000	76	0	0	2062	2137	76	1	1.02e-29	141
CFAV-Bangkok_Thailand_2015	SRA:ERX1788126.14662857.1	100.000	76	0	0	3584	3659	1	76	1.02e-29	141
CFAV-Bangkok_Thailand_2015	SRA:ERX1788126.13817562.2	100.000	76	0	0	3237	3312	76	1	1.02e-29	141
CFAV-Bangkok_Thailand_2015	SRA:ERX1788126.26549991.2	100.000	75	0	0	2065	2139	75	1	3.66e-29	139
CFAV-Bangkok_Thailand_2015	SRA:ERX1788126.13379074.2	100.000	75	0	0	5238	5312	75	1	3.66e-29	139
CFAV-Bangkok_Thailand_2015	SRA:ERX1788126.37246926.2	98.684	76	1	0	763	838	76	1	4.73e-28	135
CFAV-Bangkok_Thailand_2015	SRA:ERX1788126.35831327.1	98.684	76	1	0	4031	4106	1	76	4.73e-28	135
CFAV-Bangkok_Thailand_2015	SRA:ERX1788126.34875624.2	98.684	76	1	0	966	1041	76	1	4.73e-28	135
CFAV-Bangkok_Thailand_2015	SRA:ERX1788126.31379565.2	98.684	76	1	0	3683	3758	76	1	4.73e-28	135
CFAV-Bangkok_Thailand_2015	SRA:ERX1788126.31379565.1	100.000	73	0	0	3656	3728	1	73	4.73e-28	135
CFAV-Bangkok_Thailand_2015	SRA:ERX1788126.31013872.2	98.684	76	1	0	5517	5592	76	1	4.73e-28	135
CFAV-Bangkok_Thailand_2015	SRA:ERX1788126.23958560.2	98.684	76	1	0	6025	6100	76	1	4.73e-28	135
CFAV-Bangkok_Thailand_2015	SRA:ERX1788126.22117795.2	98.684	76	1	0	5597	5672	76	1	4.73e-28	135
CFAV-Bangkok_Thailand_2015	SRA:ERX1788126.21274946.2	98.684	76	1	0	5036	5111	76	1	4.73e-28	135
CFAV-Bangkok_Thailand_2015	SRA:ERX1788126.18671300.2	98.684	76	1	0	987	1062	76	1	4.73e-28	135
CFAV-Bangkok_Thailand_2015	SRA:ERX1788126.18310021.2	98.684	76	1	0	5257	5332	76	1	4.73e-28	135
CFAV-Bangkok_Thailand_2015	SRA:ERX1788126.18310021.1	98.684	76	1	0	5003	5078	1	76	4.73e-28	135
CFAV-Bangkok_Thailand_2015	SRA:ERX1788126.14662857.2	100.000	73	0	0	3641	3713	73	1	4.73e-28	135
CFAV-Bangkok_Thailand_2015	SRA:ERX1788126.14301650.2	98.684	76	1	0	5251	5326	76	1	4.73e-28	135
CFAV-Bangkok_Thailand_2015	SRA:ERX1788126.10479726.2	98.684	76	1	0	3855	3930	76	1	4.73e-28	135
CFAV-Bangkok_Thailand_2015	SRA:ERX1788126.9095196.2	98.684	76	1	0	4999	5074	76	1	4.73e-28	135
CFAV-Bangkok_Thailand_2015	SRA:ERX1788126.8783988.2	98.684	76	1	0	5196	5271	76	1	4.73e-28	135
CFAV-Bangkok_Thailand_2015	SRA:ERX1788126.7619329.2	98.684	76	1	0	2178	2253	76	1	4.73e-28	135
CFAV-Bangkok_Thailand_2015	SRA:ERX1788126.543215.2	98.684	76	1	0	3888	3963	76	1	4.73e-28	135
CFAV-Bangkok_Thailand_2015	SRA:ERX1788126.42402748.1	98.667	75	1	0	5009	5083	1	75	1.70e-27	134
CFAV-Bangkok_Thailand_2015	SRA:ERX1788126.29417655.1	98.667	75	1	0	817	891	1	75	1.70e-27	134
CFAV-Bangkok_Thailand_2015	SRA:ERX1788126.24900721.1	98.667	75	1	0	5000	5074	1	75	1.70e-27	134
CFAV-Bangkok_Thailand_2015	SRA:ERX1788126.17983569.1	98.667	75	1	0	4997	5071	1	75	1.70e-27	134
CFAV-Bangkok_Thailand_2015	SRA:ERX1788126.543215.1	98.667	75	1	0	3874	3948	1	75	1.70e-27	134
CFAV-Bangkok_Thailand_2015	SRA:ERX1788126.28093266.1	100.000	71	0	0	2824	2894	1	71	6.12e-27	132
CFAV-Bangkok_Thailand_2015	SRA:ERX1788126.41200102.2	97.368	76	2	0	5711	5786	76	1	2.20e-26	130
CFAV-Bangkok_Thailand_2015	SRA:ERX1788126.36050889.2	97.368	76	2	0	5266	5341	76	1	2.20e-26	130
CFAV-Bangkok_Thailand_2015	SRA:ERX1788126.35273173.2	97.368	76	2	0	6252	6327	76	1	2.20e-26	130
CFAV-Bangkok_Thailand_2015	SRA:ERX1788126.33919070.2	97.368	76	2	0	5726	5801	76	1	2.20e-26	130
CFAV-Bangkok_Thailand_2015	SRA:ERX1788126.24686053.2	97.368	76	2	0	3201	3276	76	1	2.20e-26	130
CFAV-Bangkok_Thailand_2015	SRA:ERX1788126.23643776.2	97.368	76	2	0	5059	5134	76	1	2.20e-26	130
CFAV-Bangkok_Thailand_2015	SRA:ERX1788126.22612026.1	97.368	76	2	0	2544	2619	1	76	2.20e-26	130
CFAV-Bangkok_Thailand_2015	SRA:ERX1788126.15991827.2	98.630	73	1	0	6242	6314	73	1	2.20e-26	130
CFAV-Bangkok_Thailand_2015	SRA:ERX1788126.15825841.1	97.368	76	2	0	2022	2097	1	76	2.20e-26	130
CFAV-Bangkok_Thailand_2015	SRA:ERX1788126.14298922.2	97.368	76	2	0	3045	3120	76	1	2.20e-26	130
CFAV-Bangkok_Thailand_2015	SRA:ERX1788126.13379074.1	97.368	76	2	0	5187	5262	1	76	2.20e-26	130
CFAV-Bangkok_Thailand_2015	SRA:ERX1788126.10726454.1	97.368	76	2	0	6301	6376	1	76	2.20e-26	130
CFAV-Bangkok_Thailand_2015	SRA:ERX1788126.9259102.2	97.368	76	2	0	6084	6159	76	1	2.20e-26	130
CFAV-Bangkok_Thailand_2015	SRA:ERX1788126.9062101.1	97.368	76	2	0	943	1018	1	76	2.20e-26	130
CFAV-Bangkok_Thailand_2015	SRA:ERX1788126.8297483.2	97.368	76	2	0	5178	5253	76	1	2.20e-26	130
CFAV-Bangkok_Thailand_2015	SRA:ERX1788126.6998728.1	97.368	76	2	0	6225	6300	1	76	2.20e-26	130
CFAV-Bangkok_Thailand_2015	SRA:ERX1788126.5795052.1	97.368	76	2	0	5904	5979	1	76	2.20e-26	130
CFAV-Bangkok_Thailand_2015	SRA:ERX1788126.4975206.2	97.368	76	2	0	3520	3595	76	1	2.20e-26	130
CFAV-Bangkok_Thailand_2015	SRA:ERX1788126.36050889.1	97.333	75	2	0	5160	5234	2	76	7.91e-26	128
CFAV-Bangkok_Thailand_2015	SRA:ERX1788126.22670642.2	97.333	75	2	0	6387	6461	75	1	7.91e-26	128
CFAV-Bangkok_Thailand_2015	SRA:ERX1788126.10479726.1	97.333	75	2	0	3792	3866	1	75	7.91e-26	128
CFAV-Bangkok_Thailand_2015	SRA:ERX1788126.8386301.2	97.333	75	2	0	2773	2847	75	1	7.91e-26	128
CFAV-Bangkok_Thailand_2015	SRA:ERX1788126.8068249.2	97.333	75	2	0	6419	6493	75	1	7.91e-26	128
CFAV-Bangkok_Thailand_2015	SRA:ERX1788126.41374760.2	97.297	74	2	0	6037	6110	76	3	2.85e-25	126
CFAV-Bangkok_Thailand_2015	SRA:ERX1788126.34476291.2	97.297	74	2	0	4323	4396	74	1	2.85e-25	126
CFAV-Bangkok_Thailand_2015	SRA:ERX1788126.33919070.1	97.297	74	2	0	5674	5747	2	75	2.85e-25	126
CFAV-Bangkok_Thailand_2015	SRA:ERX1788126.22117795.1	97.297	74	2	0	5491	5564	1	74	2.85e-25	126
CFAV-Bangkok_Thailand_2015	SRA:ERX1788126.6998728.2	97.297	74	2	0	6292	6365	74	1	2.85e-25	126
CFAV-Bangkok_Thailand_2015	SRA:ERX1788126.41200102.1	96.053	76	3	0	5558	5633	1	76	1.02e-24	124
CFAV-Bangkok_Thailand_2015	SRA:ERX1788126.39627974.2	96.053	76	3	0	4978	5053	76	1	1.02e-24	124
CFAV-Bangkok_Thailand_2015	SRA:ERX1788126.35273173.1	96.053	76	3	0	6147	6222	1	76	1.02e-24	124
CFAV-Bangkok_Thailand_2015	SRA:ERX1788126.34688483.1	96.053	76	3	0	6443	6518	1	76	1.02e-24	124
CFAV-Bangkok_Thailand_2015	SRA:ERX1788126.31275309.2	98.571	70	1	0	4985	5054	70	1	1.02e-24	124
CFAV-Bangkok_Thailand_2015	SRA:ERX1788126.17105853.1	96.053	76	3	0	6147	6222	1	76	1.02e-24	124
CFAV-Bangkok_Thailand_2015	SRA:ERX1788126.15991827.1	96.053	76	3	0	6148	6223	1	76	1.02e-24	124
CFAV-Bangkok_Thailand_2015	SRA:ERX1788126.14335596.2	96.053	76	3	0	4532	4607	76	1	1.02e-24	124
CFAV-Bangkok_Thailand_2015	SRA:ERX1788126.14335596.1	97.260	73	2	0	4362	4434	1	73	1.02e-24	124
CFAV-Bangkok_Thailand_2015	SRA:ERX1788126.14298922.1	96.053	76	3	0	2769	2844	1	76	1.02e-24	124
CFAV-Bangkok_Thailand_2015	SRA:ERX1788126.14097592.1	96.053	76	3	0	4028	4103	1	76	1.02e-24	124
CFAV-Bangkok_Thailand_2015	SRA:ERX1788126.6942821.1	96.053	76	3	0	1907	1982	1	76	1.02e-24	124
CFAV-Bangkok_Thailand_2015	SRA:ERX1788126.3362617.2	96.053	76	3	0	6207	6282	76	1	1.02e-24	124
CFAV-Bangkok_Thailand_2015	SRA:ERX1788126.3362617.1	96.053	76	3	0	6148	6223	1	76	1.02e-24	124
CFAV-Bangkok_Thailand_2015	SRA:ERX1788126.168161.1	96.053	76	3	0	1908	1983	1	76	1.02e-24	124
CFAV-Bangkok_Thailand_2015	SRA:ERX1788126.70180.1	96.053	76	3	0	4059	4134	1	76	1.02e-24	124
CFAV-Bangkok_Thailand_2015	SRA:ERX1788126.37772.2	96.053	76	3	0	990	1065	76	1	1.02e-24	124
CFAV-Bangkok_Thailand_2015	SRA:ERX1788126.37772.1	96.053	76	3	0	854	929	1	76	1.02e-24	124
CFAV-Bangkok_Thailand_2015	SRA:ERX1788126.30947871.2	96.000	75	3	0	5985	6059	75	1	3.68e-24	122
CFAV-Bangkok_Thailand_2015	SRA:ERX1788126.24686053.1	96.000	75	3	0	3146	3220	1	75	3.68e-24	122
CFAV-Bangkok_Thailand_2015	SRA:ERX1788126.13817562.1	96.000	75	3	0	3156	3230	1	75	3.68e-24	122
CFAV-Bangkok_Thailand_2015	SRA:ERX1788126.4874413.2	96.000	75	3	0	5478	5552	75	1	3.68e-24	122
CFAV-Bangkok_Thailand_2015	SRA:ERX1788126.3300002.1	97.222	72	2	0	2385	2456	1	72	3.68e-24	122
CFAV-Bangkok_Thailand_2015	SRA:ERX1788126.37246926.1	95.946	74	3	0	735	808	1	74	1.32e-23	121
CFAV-Bangkok_Thailand_2015	SRA:ERX1788126.14301650.1	95.946	74	3	0	5092	5165	2	75	1.32e-23	121
CFAV-Bangkok_Thailand_2015	SRA:ERX1788126.8683302.1	95.946	74	3	0	2494	2567	3	76	1.32e-23	121
CFAV-Bangkok_Thailand_2015	SRA:ERX1788126.8297483.1	95.946	74	3	0	5092	5165	2	75	1.32e-23	121
CFAV-Bangkok_Thailand_2015	SRA:ERX1788126.41374760.1	93.421	76	5	0	5904	5979	1	76	4.76e-23	119
CFAV-Bangkok_Thailand_2015	SRA:ERX1788126.35831327.2	94.737	76	4	0	4145	4220	76	1	4.76e-23	119
CFAV-Bangkok_Thailand_2015	SRA:ERX1788126.30947871.1	94.737	76	4	0	5947	6022	1	76	4.76e-23	119
CFAV-Bangkok_Thailand_2015	SRA:ERX1788126.24900721.2	94.737	76	4	0	5100	5175	76	1	4.76e-23	119
CFAV-Bangkok_Thailand_2015	SRA:ERX1788126.18630194.2	94.737	76	4	0	4407	4482	76	1	4.76e-23	119
CFAV-Bangkok_Thailand_2015	SRA:ERX1788126.16354253.1	95.890	73	3	0	5317	5389	3	75	4.76e-23	119
CFAV-Bangkok_Thailand_2015	SRA:ERX1788126.8783988.1	94.737	76	4	0	5150	5225	1	76	4.76e-23	119
CFAV-Bangkok_Thailand_2015	SRA:ERX1788126.7619329.1	94.737	76	4	0	2003	2078	1	76	4.76e-23	119
CFAV-Bangkok_Thailand_2015	SRA:ERX1788126.1701108.1	95.890	73	3	0	2354	2426	1	73	4.76e-23	119
CFAV-Bangkok_Thailand_2015	SRA:ERX1788126.42402748.2	94.667	75	4	0	5100	5174	75	1	1.71e-22	117
CFAV-Bangkok_Thailand_2015	SRA:ERX1788126.17983569.2	94.667	75	4	0	5099	5173	75	1	1.71e-22	117
CFAV-Bangkok_Thailand_2015	SRA:ERX1788126.70180.2	94.667	75	4	0	4152	4226	75	1	1.71e-22	117
CFAV-Bangkok_Thailand_2015	SRA:ERX1788126.34688483.2	98.462	65	1	0	6493	6557	76	12	6.16e-22	115
CFAV-Bangkok_Thailand_2015	SRA:ERX1788126.17105853.2	95.775	71	3	0	6199	6269	71	1	6.16e-22	115
CFAV-Bangkok_Thailand_2015	SRA:ERX1788126.3104295.2	94.595	74	4	0	4303	4376	74	1	6.16e-22	115
CFAV-Bangkok_Thailand_2015	SRA:ERX1788126.8386301.1	93.421	76	5	0	2718	2793	1	76	2.22e-21	113
CFAV-Bangkok_Thailand_2015	SRA:ERX1788126.8068249.1	93.421	76	5	0	6342	6417	1	76	2.22e-21	113
CFAV-Bangkok_Thailand_2015	SRA:ERX1788126.4975206.1	93.333	75	5	0	3456	3530	1	75	7.97e-21	111
CFAV-Bangkok_Thailand_2015	SRA:ERX1788126.21274946.1	94.366	71	4	0	4948	5018	4	74	2.87e-20	110
CFAV-Bangkok_Thailand_2015	SRA:ERX1788126.168161.2	94.366	71	4	0	1990	2060	73	3	2.87e-20	110
CFAV-Bangkok_Thailand_2015	SRA:ERX1788126.26549991.1	92.105	76	6	0	1981	2056	1	76	1.03e-19	108
CFAV-Bangkok_Thailand_2015	SRA:ERX1788126.9259102.1	92.105	76	6	0	6001	6076	1	76	1.03e-19	108
CFAV-Bangkok_Thailand_2015	SRA:ERX1788126.10726454.2	91.781	73	6	0	6431	6503	73	1	4.80e-18	102
NC_001564	SRA:ERX1788126.41200102.2	100.000	76	0	0	5718	5793	76	1	1.02e-29	141
NC_001564	SRA:ERX1788126.35831327.1	100.000	76	0	0	4038	4113	1	76	1.02e-29	141
NC_001564	SRA:ERX1788126.24900721.2	100.000	76	0	0	5107	5182	76	1	1.02e-29	141
NC_001564	SRA:ERX1788126.22117795.1	100.000	76	0	0	5498	5573	1	76	1.02e-29	141
NC_001564	SRA:ERX1788126.14662857.1	100.000	76	0	0	3591	3666	1	76	1.02e-29	141
NC_001564	SRA:ERX1788126.14301650.1	100.000	76	0	0	5098	5173	1	76	1.02e-29	141
NC_001564	SRA:ERX1788126.14298922.1	100.000	76	0	0	2776	2851	1	76	1.02e-29	141
NC_001564	SRA:ERX1788126.8386301.2	100.000	76	0	0	2779	2854	76	1	1.02e-29	141
NC_001564	SRA:ERX1788126.8297483.1	100.000	76	0	0	5098	5173	1	76	1.02e-29	141
NC_001564	SRA:ERX1788126.4975206.2	100.000	76	0	0	3527	3602	76	1	1.02e-29	141
NC_001564	SRA:ERX1788126.3300002.2	100.000	76	0	0	2609	2684	76	1	1.02e-29	141
NC_001564	SRA:ERX1788126.42402748.2	100.000	75	0	0	5107	5181	75	1	3.66e-29	139
NC_001564	SRA:ERX1788126.22670642.2	100.000	75	0	0	6394	6468	75	1	3.66e-29	139
NC_001564	SRA:ERX1788126.17983569.2	100.000	75	0	0	5106	5180	75	1	3.66e-29	139
NC_001564	SRA:ERX1788126.14301650.2	100.000	75	0	0	5258	5332	76	2	3.66e-29	139
NC_001564	SRA:ERX1788126.13379074.2	100.000	75	0	0	5245	5319	75	1	3.66e-29	139
NC_001564	SRA:ERX1788126.8783988.2	100.000	75	0	0	5204	5278	75	1	3.66e-29	139
NC_001564	SRA:ERX1788126.4874413.2	100.000	75	0	0	5485	5559	75	1	3.66e-29	139
NC_001564	SRA:ERX1788126.37246926.1	100.000	74	0	0	742	815	1	74	1.32e-28	137
NC_001564	SRA:ERX1788126.33919070.1	100.000	74	0	0	5681	5754	2	75	1.32e-28	137
NC_001564	SRA:ERX1788126.31379565.1	100.000	74	0	0	3663	3736	1	74	1.32e-28	137
NC_001564	SRA:ERX1788126.37246926.2	98.684	76	1	0	770	845	76	1	4.74e-28	135
NC_001564	SRA:ERX1788126.35831327.2	98.684	76	1	0	4152	4227	76	1	4.74e-28	135
NC_001564	SRA:ERX1788126.34875624.2	98.684	76	1	0	973	1048	76	1	4.74e-28	135
NC_001564	SRA:ERX1788126.34875624.1	98.684	76	1	0	889	964	1	76	4.74e-28	135
NC_001564	SRA:ERX1788126.33919070.2	98.684	76	1	0	5733	5808	76	1	4.74e-28	135
NC_001564	SRA:ERX1788126.31013872.2	98.684	76	1	0	5524	5599	76	1	4.74e-28	135
NC_001564	SRA:ERX1788126.31013872.1	98.684	76	1	0	5390	5465	1	76	4.74e-28	135
NC_001564	SRA:ERX1788126.30947871.1	98.684	76	1	0	5954	6029	1	76	4.74e-28	135
NC_001564	SRA:ERX1788126.29417655.2	98.684	76	1	0	899	974	76	1	4.74e-28	135
NC_001564	SRA:ERX1788126.24412106.1	98.684	76	1	0	2641	2716	1	76	4.74e-28	135
NC_001564	SRA:ERX1788126.23643776.2	100.000	73	0	0	5069	5141	73	1	4.74e-28	135
NC_001564	SRA:ERX1788126.22612026.1	98.684	76	1	0	2551	2626	1	76	4.74e-28	135
NC_001564	SRA:ERX1788126.22117795.2	98.684	76	1	0	5604	5679	76	1	4.74e-28	135
NC_001564	SRA:ERX1788126.21274946.2	98.684	76	1	0	5043	5118	76	1	4.74e-28	135
NC_001564	SRA:ERX1788126.18671300.2	98.684	76	1	0	994	1069	76	1	4.74e-28	135
NC_001564	SRA:ERX1788126.18310021.2	98.684	76	1	0	5264	5339	76	1	4.74e-28	135
NC_001564	SRA:ERX1788126.14662857.2	100.000	73	0	0	3648	3720	73	1	4.74e-28	135
NC_001564	SRA:ERX1788126.9062101.1	98.684	76	1	0	950	1025	1	76	4.74e-28	135
NC_001564	SRA:ERX1788126.8683302.2	98.684	76	1	0	2591	2666	76	1	4.74e-28	135
NC_001564	SRA:ERX1788126.8683302.1	98.684	76	1	0	2499	2574	1	76	4.74e-28	135
NC_001564	SRA:ERX1788126.7619329.2	98.684	76	1	0	2185	2260	76	1	4.74e-28	135
NC_001564	SRA:ERX1788126.4874413.1	98.684	76	1	0	5390	5465	1	76	4.74e-28	135
NC_001564	SRA:ERX1788126.1701108.1	98.684	76	1	0	2361	2436	1	76	4.74e-28	135
NC_001564	SRA:ERX1788126.70180.1	98.684	76	1	0	4066	4141	1	76	4.74e-28	135
NC_001564	SRA:ERX1788126.30947871.2	98.667	75	1	0	5992	6066	75	1	1.70e-27	134
NC_001564	SRA:ERX1788126.18671300.1	98.667	75	1	0	891	965	1	75	1.70e-27	134
NC_001564	SRA:ERX1788126.10479726.1	100.000	72	0	0	3799	3870	1	72	1.70e-27	134
NC_001564	SRA:ERX1788126.8068249.2	98.667	75	1	0	6426	6500	75	1	1.70e-27	134
NC_001564	SRA:ERX1788126.70180.2	98.667	75	1	0	4159	4233	75	1	1.70e-27	134
NC_001564	SRA:ERX1788126.29431737.1	98.649	74	1	0	5388	5461	1	74	6.13e-27	132
NC_001564	SRA:ERX1788126.6998728.2	98.649	74	1	0	6299	6372	74	1	6.13e-27	132
NC_001564	SRA:ERX1788126.41200102.1	97.368	76	2	0	5565	5640	1	76	2.20e-26	130
NC_001564	SRA:ERX1788126.36050889.2	97.368	76	2	0	5273	5348	76	1	2.20e-26	130
NC_001564	SRA:ERX1788126.36050889.1	97.368	76	2	0	5166	5241	1	76	2.20e-26	130
NC_001564	SRA:ERX1788126.34688483.1	97.368	76	2	0	6450	6525	1	76	2.20e-26	130
NC_001564	SRA:ERX1788126.34476291.1	97.368	76	2	0	4229	4304	1	76	2.20e-26	130
NC_001564	SRA:ERX1788126.27507265.1	97.368	76	2	0	950	1025	1	76	2.20e-26	130
NC_001564	SRA:ERX1788126.23958560.2	97.368	76	2	0	6032	6107	76	1	2.20e-26	130
NC_001564	SRA:ERX1788126.23958560.1	97.368	76	2	0	5880	5955	1	76	2.20e-26	130
NC_001564	SRA:ERX1788126.22670642.1	97.368	76	2	0	6272	6347	1	76	2.20e-26	130
NC_001564	SRA:ERX1788126.22612026.2	97.368	76	2	0	2612	2687	76	1	2.20e-26	130
NC_001564	SRA:ERX1788126.21274946.1	98.630	73	1	0	4953	5025	2	74	2.20e-26	130
NC_001564	SRA:ERX1788126.14335596.2	97.368	76	2	0	4539	4614	76	1	2.20e-26	130
NC_001564	SRA:ERX1788126.14298922.2	97.368	76	2	0	3052	3127	76	1	2.20e-26	130
NC_001564	SRA:ERX1788126.14097592.1	97.368	76	2	0	4035	4110	1	76	2.20e-26	130
NC_001564	SRA:ERX1788126.13817562.2	97.368	76	2	0	3244	3319	76	1	2.20e-26	130
NC_001564	SRA:ERX1788126.13379074.1	97.368	76	2	0	5194	5269	1	76	2.20e-26	130
NC_001564	SRA:ERX1788126.10726454.1	97.368	76	2	0	6308	6383	1	76	2.20e-26	130
NC_001564	SRA:ERX1788126.10479726.2	97.368	76	2	0	3862	3937	76	1	2.20e-26	130
NC_001564	SRA:ERX1788126.9259102.2	97.368	76	2	0	6091	6166	76	1	2.20e-26	130
NC_001564	SRA:ERX1788126.8783988.1	97.368	76	2	0	5157	5232	1	76	2.20e-26	130
NC_001564	SRA:ERX1788126.8386301.1	97.368	76	2	0	2725	2800	1	76	2.20e-26	130
NC_001564	SRA:ERX1788126.8297483.2	97.368	76	2	0	5185	5260	76	1	2.20e-26	130
NC_001564	SRA:ERX1788126.5795052.1	97.368	76	2	0	5911	5986	1	76	2.20e-26	130
NC_001564	SRA:ERX1788126.543215.2	97.368	76	2	0	3895	3970	76	1	2.20e-26	130
NC_001564	SRA:ERX1788126.31404907.1	98.611	72	1	0	5404	5475	1	72	7.93e-26	128
NC_001564	SRA:ERX1788126.29431737.2	97.333	75	2	0	5443	5517	75	1	7.93e-26	128
NC_001564	SRA:ERX1788126.29417655.1	97.333	75	2	0	824	898	1	75	7.93e-26	128
NC_001564	SRA:ERX1788126.24686053.2	97.333	75	2	0	3209	3283	75	1	7.93e-26	128
NC_001564	SRA:ERX1788126.3300002.1	98.611	72	1	0	2392	2463	1	72	7.93e-26	128
NC_001564	SRA:ERX1788126.3104295.1	97.333	75	2	0	4243	4317	1	75	7.93e-26	128
NC_001564	SRA:ERX1788126.543215.1	97.333	75	2	0	3881	3955	1	75	7.93e-26	128
NC_001564	SRA:ERX1788126.37772.2	97.333	75	2	0	998	1072	75	1	7.93e-26	128
NC_001564	SRA:ERX1788126.28093266.1	98.592	71	1	0	2831	2901	1	71	2.85e-25	126
NC_001564	SRA:ERX1788126.39627974.2	96.053	76	3	0	4985	5060	76	1	1.03e-24	124
NC_001564	SRA:ERX1788126.35273173.1	96.053	76	3	0	6154	6229	1	76	1.03e-24	124
NC_001564	SRA:ERX1788126.31275309.2	96.053	76	3	0	4986	5061	76	1	1.03e-24	124
NC_001564	SRA:ERX1788126.28093266.2	96.053	76	3	0	2884	2959	76	1	1.03e-24	124
NC_001564	SRA:ERX1788126.18630194.2	96.053	76	3	0	4414	4489	76	1	1.03e-24	124
NC_001564	SRA:ERX1788126.18310021.1	96.053	76	3	0	5010	5085	1	76	1.03e-24	124
NC_001564	SRA:ERX1788126.17105853.1	96.053	76	3	0	6154	6229	1	76	1.03e-24	124
NC_001564	SRA:ERX1788126.15991827.1	96.053	76	3	0	6155	6230	1	76	1.03e-24	124
NC_001564	SRA:ERX1788126.15825841.2	96.053	76	3	0	2069	2144	76	1	1.03e-24	124
NC_001564	SRA:ERX1788126.15825841.1	96.053	76	3	0	2029	2104	1	76	1.03e-24	124
NC_001564	SRA:ERX1788126.14335596.1	97.260	73	2	0	4369	4441	1	73	1.03e-24	124
NC_001564	SRA:ERX1788126.13817562.1	96.053	76	3	0	3163	3238	1	76	1.03e-24	124
NC_001564	SRA:ERX1788126.9095196.2	96.053	76	3	0	5006	5081	76	1	1.03e-24	124
NC_001564	SRA:ERX1788126.6942821.1	96.053	76	3	0	1914	1989	1	76	1.03e-24	124
NC_001564	SRA:ERX1788126.3362617.2	96.053	76	3	0	6214	6289	76	1	1.03e-24	124
NC_001564	SRA:ERX1788126.3362617.1	96.053	76	3	0	6155	6230	1	76	1.03e-24	124
NC_001564	SRA:ERX1788126.168161.1	96.053	76	3	0	1915	1990	1	76	1.03e-24	124
NC_001564	SRA:ERX1788126.37772.1	96.053	76	3	0	861	936	1	76	1.03e-24	124
NC_001564	SRA:ERX1788126.42402748.1	96.000	75	3	0	5016	5090	1	75	3.69e-24	122
NC_001564	SRA:ERX1788126.26549991.2	96.000	75	3	0	2072	2146	75	1	3.69e-24	122
NC_001564	SRA:ERX1788126.24900721.1	96.000	75	3	0	5007	5081	1	75	3.69e-24	122
NC_001564	SRA:ERX1788126.24686053.1	96.000	75	3	0	3153	3227	1	75	3.69e-24	122
NC_001564	SRA:ERX1788126.17983569.1	96.000	75	3	0	5004	5078	1	75	3.69e-24	122
NC_001564	SRA:ERX1788126.34476291.2	95.946	74	3	0	4330	4403	74	1	1.33e-23	121
NC_001564	SRA:ERX1788126.168161.2	95.946	74	3	0	1994	2067	76	3	1.33e-23	121
NC_001564	SRA:ERX1788126.41374760.1	93.421	76	5	0	5911	5986	1	76	4.77e-23	119
NC_001564	SRA:ERX1788126.35273173.2	94.737	76	4	0	6259	6334	76	1	4.77e-23	119
NC_001564	SRA:ERX1788126.31404907.2	94.737	76	4	0	5571	5646	76	1	4.77e-23	119
NC_001564	SRA:ERX1788126.31379565.2	94.737	76	4	0	3690	3765	76	1	4.77e-23	119
NC_001564	SRA:ERX1788126.28794212.1	94.737	76	4	0	4406	4481	1	76	4.77e-23	119
NC_001564	SRA:ERX1788126.24412106.2	94.737	76	4	0	2698	2773	76	1	4.77e-23	119
NC_001564	SRA:ERX1788126.17105853.2	95.890	73	3	0	6204	6276	73	1	4.77e-23	119
NC_001564	SRA:ERX1788126.1701108.2	94.737	76	4	0	2434	2509	76	1	4.77e-23	119
NC_001564	SRA:ERX1788126.16354253.1	94.667	75	4	0	5322	5396	1	75	1.72e-22	117
NC_001564	SRA:ERX1788126.41374760.2	94.595	74	4	0	6044	6117	76	3	6.17e-22	115
NC_001564	SRA:ERX1788126.34688483.2	98.462	65	1	0	6500	6564	76	12	6.17e-22	115
NC_001564	SRA:ERX1788126.7619329.1	94.595	74	4	0	2010	2083	1	74	6.17e-22	115
NC_001564	SRA:ERX1788126.10726454.2	93.151	73	5	0	6438	6510	73	1	1.03e-19	108
NC_001564	SRA:ERX1788126.9062101.2	94.444	54	3	0	1816	1869	54	1	1.74e-12	84.2
NC_001564	SRA:ERX1788126.8327208.1	97.917	48	0	1	4621	4667	1	48	6.26e-12	82.4
NC_001564	SRA:ERX1788126.27507265.2	92.593	54	4	0	1816	1869	54	1	8.10e-11	78.7
NC_001564	SRA:ERX1788126.9095196.1	97.674	43	1	0	4953	4995	34	76	1.05e-09	75.0
CFAV-Cairns_Australia_2014	SRA:ERX1788126.41200102.1	100.000	76	0	0	5564	5639	1	76	1.02e-29	141
CFAV-Cairns_Australia_2014	SRA:ERX1788126.35831327.1	100.000	76	0	0	4037	4112	1	76	1.02e-29	141
CFAV-Cairns_Australia_2014	SRA:ERX1788126.34875624.1	100.000	76	0	0	888	963	1	76	1.02e-29	141
CFAV-Cairns_Australia_2014	SRA:ERX1788126.34476291.1	100.000	76	0	0	4228	4303	1	76	1.02e-29	141
CFAV-Cairns_Australia_2014	SRA:ERX1788126.33919070.2	100.000	76	0	0	5732	5807	76	1	1.02e-29	141
CFAV-Cairns_Australia_2014	SRA:ERX1788126.31379565.2	100.000	76	0	0	3689	3764	76	1	1.02e-29	141
CFAV-Cairns_Australia_2014	SRA:ERX1788126.31379565.1	100.000	76	0	0	3662	3737	1	76	1.02e-29	141
CFAV-Cairns_Australia_2014	SRA:ERX1788126.31013872.2	100.000	76	0	0	5523	5598	76	1	1.02e-29	141
CFAV-Cairns_Australia_2014	SRA:ERX1788126.31013872.1	100.000	76	0	0	5389	5464	1	76	1.02e-29	141
CFAV-Cairns_Australia_2014	SRA:ERX1788126.29417655.2	100.000	76	0	0	898	973	76	1	1.02e-29	141
CFAV-Cairns_Australia_2014	SRA:ERX1788126.22117795.2	100.000	76	0	0	5603	5678	76	1	1.02e-29	141
CFAV-Cairns_Australia_2014	SRA:ERX1788126.22117795.1	100.000	76	0	0	5497	5572	1	76	1.02e-29	141
CFAV-Cairns_Australia_2014	SRA:ERX1788126.14662857.1	100.000	76	0	0	3590	3665	1	76	1.02e-29	141
CFAV-Cairns_Australia_2014	SRA:ERX1788126.4874413.1	100.000	76	0	0	5389	5464	1	76	1.02e-29	141
CFAV-Cairns_Australia_2014	SRA:ERX1788126.3300002.2	100.000	76	0	0	2608	2683	76	1	1.02e-29	141
CFAV-Cairns_Australia_2014	SRA:ERX1788126.31404907.1	100.000	75	0	0	5403	5477	1	75	3.66e-29	139
CFAV-Cairns_Australia_2014	SRA:ERX1788126.29431737.2	100.000	75	0	0	5442	5516	75	1	3.66e-29	139
CFAV-Cairns_Australia_2014	SRA:ERX1788126.22670642.2	100.000	75	0	0	6393	6467	75	1	3.66e-29	139
CFAV-Cairns_Australia_2014	SRA:ERX1788126.18671300.1	100.000	75	0	0	890	964	1	75	3.66e-29	139
CFAV-Cairns_Australia_2014	SRA:ERX1788126.8783988.2	100.000	75	0	0	5203	5277	75	1	3.66e-29	139
CFAV-Cairns_Australia_2014	SRA:ERX1788126.4874413.2	100.000	75	0	0	5484	5558	75	1	3.66e-29	139
CFAV-Cairns_Australia_2014	SRA:ERX1788126.70180.2	100.000	75	0	0	4158	4232	75	1	3.66e-29	139
CFAV-Cairns_Australia_2014	SRA:ERX1788126.29431737.1	100.000	74	0	0	5387	5460	1	74	1.32e-28	137
CFAV-Cairns_Australia_2014	SRA:ERX1788126.6998728.2	100.000	74	0	0	6298	6371	74	1	1.32e-28	137
CFAV-Cairns_Australia_2014	SRA:ERX1788126.41200102.2	98.684	76	1	0	5717	5792	76	1	4.74e-28	135
CFAV-Cairns_Australia_2014	SRA:ERX1788126.39627974.2	98.684	76	1	0	4984	5059	76	1	4.74e-28	135
CFAV-Cairns_Australia_2014	SRA:ERX1788126.37246926.2	98.684	76	1	0	769	844	76	1	4.74e-28	135
CFAV-Cairns_Australia_2014	SRA:ERX1788126.35831327.2	98.684	76	1	0	4151	4226	76	1	4.74e-28	135
CFAV-Cairns_Australia_2014	SRA:ERX1788126.35273173.2	98.684	76	1	0	6258	6333	76	1	4.74e-28	135
CFAV-Cairns_Australia_2014	SRA:ERX1788126.35273173.1	98.684	76	1	0	6153	6228	1	76	4.74e-28	135
CFAV-Cairns_Australia_2014	SRA:ERX1788126.34875624.2	98.684	76	1	0	972	1047	76	1	4.74e-28	135
CFAV-Cairns_Australia_2014	SRA:ERX1788126.31275309.2	98.684	76	1	0	4985	5060	76	1	4.74e-28	135
CFAV-Cairns_Australia_2014	SRA:ERX1788126.22670642.1	98.684	76	1	0	6271	6346	1	76	4.74e-28	135
CFAV-Cairns_Australia_2014	SRA:ERX1788126.21274946.2	98.684	76	1	0	5042	5117	76	1	4.74e-28	135
CFAV-Cairns_Australia_2014	SRA:ERX1788126.18671300.2	98.684	76	1	0	993	1068	76	1	4.74e-28	135
CFAV-Cairns_Australia_2014	SRA:ERX1788126.17105853.1	98.684	76	1	0	6153	6228	1	76	4.74e-28	135
CFAV-Cairns_Australia_2014	SRA:ERX1788126.15991827.1	98.684	76	1	0	6154	6229	1	76	4.74e-28	135
CFAV-Cairns_Australia_2014	SRA:ERX1788126.14662857.2	100.000	73	0	0	3647	3719	73	1	4.74e-28	135
CFAV-Cairns_Australia_2014	SRA:ERX1788126.14335596.1	98.684	76	1	0	4368	4443	1	76	4.74e-28	135
CFAV-Cairns_Australia_2014	SRA:ERX1788126.14301650.1	98.684	76	1	0	5097	5172	1	76	4.74e-28	135
CFAV-Cairns_Australia_2014	SRA:ERX1788126.14298922.1	98.684	76	1	0	2775	2850	1	76	4.74e-28	135
CFAV-Cairns_Australia_2014	SRA:ERX1788126.10726454.1	98.684	76	1	0	6307	6382	1	76	4.74e-28	135
CFAV-Cairns_Australia_2014	SRA:ERX1788126.9259102.2	98.684	76	1	0	6090	6165	76	1	4.74e-28	135
CFAV-Cairns_Australia_2014	SRA:ERX1788126.9095196.2	98.684	76	1	0	5005	5080	76	1	4.74e-28	135
CFAV-Cairns_Australia_2014	SRA:ERX1788126.9062101.1	98.684	76	1	0	949	1024	1	76	4.74e-28	135
CFAV-Cairns_Australia_2014	SRA:ERX1788126.8683302.2	98.684	76	1	0	2590	2665	76	1	4.74e-28	135
CFAV-Cairns_Australia_2014	SRA:ERX1788126.8683302.1	98.684	76	1	0	2498	2573	1	76	4.74e-28	135
CFAV-Cairns_Australia_2014	SRA:ERX1788126.8386301.2	98.684	76	1	0	2778	2853	76	1	4.74e-28	135
CFAV-Cairns_Australia_2014	SRA:ERX1788126.8297483.1	98.684	76	1	0	5097	5172	1	76	4.74e-28	135
CFAV-Cairns_Australia_2014	SRA:ERX1788126.7619329.2	98.684	76	1	0	2184	2259	76	1	4.74e-28	135
CFAV-Cairns_Australia_2014	SRA:ERX1788126.4975206.2	98.684	76	1	0	3526	3601	76	1	4.74e-28	135
CFAV-Cairns_Australia_2014	SRA:ERX1788126.3362617.2	98.684	76	1	0	6213	6288	76	1	4.74e-28	135
CFAV-Cairns_Australia_2014	SRA:ERX1788126.3362617.1	98.684	76	1	0	6154	6229	1	76	4.74e-28	135
CFAV-Cairns_Australia_2014	SRA:ERX1788126.42402748.2	98.667	75	1	0	5106	5180	75	1	1.70e-27	134
CFAV-Cairns_Australia_2014	SRA:ERX1788126.29417655.1	98.667	75	1	0	823	897	1	75	1.70e-27	134
CFAV-Cairns_Australia_2014	SRA:ERX1788126.24900721.2	98.667	75	1	0	5106	5180	76	2	1.70e-27	134
CFAV-Cairns_Australia_2014	SRA:ERX1788126.24900721.1	98.667	75	1	0	5006	5080	1	75	1.70e-27	134
CFAV-Cairns_Australia_2014	SRA:ERX1788126.17983569.2	98.667	75	1	0	5105	5179	75	1	1.70e-27	134
CFAV-Cairns_Australia_2014	SRA:ERX1788126.17983569.1	98.667	75	1	0	5003	5077	1	75	1.70e-27	134
CFAV-Cairns_Australia_2014	SRA:ERX1788126.14301650.2	98.667	75	1	0	5257	5331	76	2	1.70e-27	134
CFAV-Cairns_Australia_2014	SRA:ERX1788126.13379074.2	98.667	75	1	0	5244	5318	75	1	1.70e-27	134
CFAV-Cairns_Australia_2014	SRA:ERX1788126.10479726.1	100.000	72	0	0	3798	3869	1	72	1.70e-27	134
CFAV-Cairns_Australia_2014	SRA:ERX1788126.8068249.2	98.667	75	1	0	6425	6499	75	1	1.70e-27	134
CFAV-Cairns_Australia_2014	SRA:ERX1788126.3104295.1	98.667	75	1	0	4242	4316	1	75	1.70e-27	134
CFAV-Cairns_Australia_2014	SRA:ERX1788126.543215.1	98.667	75	1	0	3880	3954	1	75	1.70e-27	134
CFAV-Cairns_Australia_2014	SRA:ERX1788126.37246926.1	98.649	74	1	0	741	814	1	74	6.13e-27	132
CFAV-Cairns_Australia_2014	SRA:ERX1788126.28093266.1	100.000	71	0	0	2830	2900	1	71	6.13e-27	132
CFAV-Cairns_Australia_2014	SRA:ERX1788126.10479726.2	98.649	74	1	0	3861	3934	76	3	6.13e-27	132
CFAV-Cairns_Australia_2014	SRA:ERX1788126.543215.2	98.649	74	1	0	3894	3967	76	3	6.13e-27	132
CFAV-Cairns_Australia_2014	SRA:ERX1788126.36050889.2	97.368	76	2	0	5272	5347	76	1	2.21e-26	130
CFAV-Cairns_Australia_2014	SRA:ERX1788126.31404907.2	97.368	76	2	0	5570	5645	76	1	2.21e-26	130
CFAV-Cairns_Australia_2014	SRA:ERX1788126.28794212.1	97.368	76	2	0	4405	4480	1	76	2.21e-26	130
CFAV-Cairns_Australia_2014	SRA:ERX1788126.28093266.2	97.368	76	2	0	2883	2958	76	1	2.21e-26	130
CFAV-Cairns_Australia_2014	SRA:ERX1788126.27507265.1	97.368	76	2	0	949	1024	1	76	2.21e-26	130
CFAV-Cairns_Australia_2014	SRA:ERX1788126.23958560.2	97.368	76	2	0	6031	6106	76	1	2.21e-26	130
CFAV-Cairns_Australia_2014	SRA:ERX1788126.23958560.1	97.368	76	2	0	5879	5954	1	76	2.21e-26	130
CFAV-Cairns_Australia_2014	SRA:ERX1788126.23643776.2	97.368	76	2	0	5065	5140	76	1	2.21e-26	130
CFAV-Cairns_Australia_2014	SRA:ERX1788126.22612026.2	97.368	76	2	0	2611	2686	76	1	2.21e-26	130
CFAV-Cairns_Australia_2014	SRA:ERX1788126.21274946.1	98.630	73	1	0	4952	5024	2	74	2.21e-26	130
CFAV-Cairns_Australia_2014	SRA:ERX1788126.18630194.2	97.368	76	2	0	4413	4488	76	1	2.21e-26	130
CFAV-Cairns_Australia_2014	SRA:ERX1788126.18310021.2	97.368	76	2	0	5263	5338	76	1	2.21e-26	130
CFAV-Cairns_Australia_2014	SRA:ERX1788126.18310021.1	98.630	73	1	0	5009	5081	1	73	2.21e-26	130
CFAV-Cairns_Australia_2014	SRA:ERX1788126.17105853.2	98.630	73	1	0	6203	6275	73	1	2.21e-26	130
CFAV-Cairns_Australia_2014	SRA:ERX1788126.15991827.2	98.630	73	1	0	6248	6320	73	1	2.21e-26	130
CFAV-Cairns_Australia_2014	SRA:ERX1788126.14298922.2	97.368	76	2	0	3051	3126	76	1	2.21e-26	130
CFAV-Cairns_Australia_2014	SRA:ERX1788126.14097592.1	97.368	76	2	0	4034	4109	1	76	2.21e-26	130
CFAV-Cairns_Australia_2014	SRA:ERX1788126.13817562.2	97.368	76	2	0	3243	3318	76	1	2.21e-26	130
CFAV-Cairns_Australia_2014	SRA:ERX1788126.8386301.1	97.368	76	2	0	2724	2799	1	76	2.21e-26	130
CFAV-Cairns_Australia_2014	SRA:ERX1788126.6998728.1	97.368	76	2	0	6231	6306	1	76	2.21e-26	130
CFAV-Cairns_Australia_2014	SRA:ERX1788126.6942821.1	98.630	73	1	0	1913	1985	1	73	2.21e-26	130
CFAV-Cairns_Australia_2014	SRA:ERX1788126.1701108.1	97.368	76	2	0	2360	2435	1	76	2.21e-26	130
CFAV-Cairns_Australia_2014	SRA:ERX1788126.168161.1	97.368	76	2	0	1914	1989	1	76	2.21e-26	130
CFAV-Cairns_Australia_2014	SRA:ERX1788126.70180.1	97.368	76	2	0	4065	4140	1	76	2.21e-26	130
CFAV-Cairns_Australia_2014	SRA:ERX1788126.37772.1	97.368	76	2	0	860	935	1	76	2.21e-26	130
CFAV-Cairns_Australia_2014	SRA:ERX1788126.42402748.1	97.333	75	2	0	5015	5089	1	75	7.93e-26	128
CFAV-Cairns_Australia_2014	SRA:ERX1788126.30947871.2	97.333	75	2	0	5991	6065	75	1	7.93e-26	128
CFAV-Cairns_Australia_2014	SRA:ERX1788126.26549991.2	97.333	75	2	0	2071	2145	75	1	7.93e-26	128
CFAV-Cairns_Australia_2014	SRA:ERX1788126.24686053.1	97.333	75	2	0	3152	3226	1	75	7.93e-26	128
CFAV-Cairns_Australia_2014	SRA:ERX1788126.13817562.1	97.333	75	2	0	3162	3236	1	75	7.93e-26	128
CFAV-Cairns_Australia_2014	SRA:ERX1788126.3300002.1	98.611	72	1	0	2391	2462	1	72	7.93e-26	128
CFAV-Cairns_Australia_2014	SRA:ERX1788126.37772.2	97.333	75	2	0	997	1071	75	1	7.93e-26	128
CFAV-Cairns_Australia_2014	SRA:ERX1788126.34476291.2	97.297	74	2	0	4329	4402	74	1	2.85e-25	126
CFAV-Cairns_Australia_2014	SRA:ERX1788126.33919070.1	97.297	74	2	0	5680	5753	2	75	2.85e-25	126
CFAV-Cairns_Australia_2014	SRA:ERX1788126.3104295.2	97.297	74	2	0	4309	4382	74	1	2.85e-25	126
CFAV-Cairns_Australia_2014	SRA:ERX1788126.34688483.1	96.053	76	3	0	6449	6524	1	76	1.03e-24	124
CFAV-Cairns_Australia_2014	SRA:ERX1788126.30947871.1	96.053	76	3	0	5953	6028	1	76	1.03e-24	124
CFAV-Cairns_Australia_2014	SRA:ERX1788126.24686053.2	96.053	76	3	0	3207	3282	76	1	1.03e-24	124
CFAV-Cairns_Australia_2014	SRA:ERX1788126.24412106.1	96.053	76	3	0	2640	2715	1	76	1.03e-24	124
CFAV-Cairns_Australia_2014	SRA:ERX1788126.15825841.2	97.260	73	2	0	2071	2143	73	1	1.03e-24	124
CFAV-Cairns_Australia_2014	SRA:ERX1788126.14335596.2	96.053	76	3	0	4538	4613	76	1	1.03e-24	124
CFAV-Cairns_Australia_2014	SRA:ERX1788126.13379074.1	96.053	76	3	0	5193	5268	1	76	1.03e-24	124
CFAV-Cairns_Australia_2014	SRA:ERX1788126.8297483.2	96.053	76	3	0	5184	5259	76	1	1.03e-24	124
CFAV-Cairns_Australia_2014	SRA:ERX1788126.8068249.1	96.053	76	3	0	6348	6423	1	76	1.03e-24	124
CFAV-Cairns_Australia_2014	SRA:ERX1788126.5795052.1	96.053	76	3	0	5910	5985	1	76	1.03e-24	124
CFAV-Cairns_Australia_2014	SRA:ERX1788126.1701108.2	96.053	76	3	0	2433	2508	76	1	1.03e-24	124
CFAV-Cairns_Australia_2014	SRA:ERX1788126.16354253.1	96.000	75	3	0	5321	5395	1	75	3.69e-24	122
CFAV-Cairns_Australia_2014	SRA:ERX1788126.41374760.2	95.946	74	3	0	6043	6116	76	3	1.33e-23	121
CFAV-Cairns_Australia_2014	SRA:ERX1788126.36050889.1	94.737	76	4	0	5165	5240	1	76	4.77e-23	119
CFAV-Cairns_Australia_2014	SRA:ERX1788126.8783988.1	94.737	76	4	0	5156	5231	1	76	4.77e-23	119
CFAV-Cairns_Australia_2014	SRA:ERX1788126.4975206.1	94.667	75	4	0	3462	3536	1	75	1.72e-22	117
CFAV-Cairns_Australia_2014	SRA:ERX1788126.41374760.1	92.105	76	6	0	5910	5985	1	76	2.22e-21	113
CFAV-Cairns_Australia_2014	SRA:ERX1788126.24412106.2	92.105	76	6	0	2697	2772	76	1	1.03e-19	108
CFAV-Cairns_Australia_2014	SRA:ERX1788126.34688483.2	95.385	65	3	0	6499	6563	76	12	1.34e-18	104
CFAV-Cairns_Australia_2014	SRA:ERX1788126.9259102.1	91.892	74	6	0	6007	6080	1	74	1.34e-18	104
CFAV-Cairns_Australia_2014	SRA:ERX1788126.9062101.2	98.077	52	1	0	1815	1866	54	3	1.04e-14	91.6
CFAV-Cairns_Australia_2014	SRA:ERX1788126.27507265.2	96.154	52	2	0	1815	1866	54	3	4.84e-13	86.1
CFAV-Cairns_Australia_2014	SRA:ERX1788126.9095196.1	97.674	43	1	0	4952	4994	34	76	1.05e-09	75.0
CFAV-Cairns_Australia_2014	SRA:ERX1788126.8327208.1	93.750	48	2	1	4620	4666	1	48	1.36e-08	71.3
CFAV-Macapa2_Brazil_2017	SRA:ERX1788126.37246926.2	100.000	76	0	0	770	845	76	1	1.02e-29	141
CFAV-Macapa2_Brazil_2017	SRA:ERX1788126.31013872.1	100.000	76	0	0	5390	5465	1	76	1.02e-29	141
CFAV-Macapa2_Brazil_2017	SRA:ERX1788126.18671300.2	100.000	76	0	0	994	1069	76	1	1.02e-29	141
CFAV-Macapa2_Brazil_2017	SRA:ERX1788126.4874413.1	100.000	76	0	0	5390	5465	1	76	1.02e-29	141
CFAV-Macapa2_Brazil_2017	SRA:ERX1788126.42402748.1	100.000	75	0	0	5016	5090	1	75	3.66e-29	139
CFAV-Macapa2_Brazil_2017	SRA:ERX1788126.31404907.1	100.000	75	0	0	5404	5478	1	75	3.66e-29	139
CFAV-Macapa2_Brazil_2017	SRA:ERX1788126.29431737.2	100.000	75	0	0	5443	5517	75	1	3.66e-29	139
CFAV-Macapa2_Brazil_2017	SRA:ERX1788126.13379074.2	100.000	75	0	0	5245	5319	75	1	3.66e-29	139
CFAV-Macapa2_Brazil_2017	SRA:ERX1788126.4874413.2	100.000	75	0	0	5485	5559	75	1	3.66e-29	139
CFAV-Macapa2_Brazil_2017	SRA:ERX1788126.29431737.1	100.000	74	0	0	5388	5461	1	74	1.32e-28	137
CFAV-Macapa2_Brazil_2017	SRA:ERX1788126.18310021.1	100.000	74	0	0	5012	5085	3	76	1.32e-28	137
CFAV-Macapa2_Brazil_2017	SRA:ERX1788126.39627974.2	98.684	76	1	0	4985	5060	76	1	4.74e-28	135
CFAV-Macapa2_Brazil_2017	SRA:ERX1788126.35831327.1	98.684	76	1	0	4038	4113	1	76	4.74e-28	135
CFAV-Macapa2_Brazil_2017	SRA:ERX1788126.34875624.2	98.684	76	1	0	973	1048	76	1	4.74e-28	135
CFAV-Macapa2_Brazil_2017	SRA:ERX1788126.31379565.2	98.684	76	1	0	3690	3765	76	1	4.74e-28	135
CFAV-Macapa2_Brazil_2017	SRA:ERX1788126.31275309.2	98.684	76	1	0	4986	5061	76	1	4.74e-28	135
CFAV-Macapa2_Brazil_2017	SRA:ERX1788126.31013872.2	98.684	76	1	0	5524	5599	76	1	4.74e-28	135
CFAV-Macapa2_Brazil_2017	SRA:ERX1788126.28093266.2	98.684	76	1	0	2884	2959	76	1	4.74e-28	135
CFAV-Macapa2_Brazil_2017	SRA:ERX1788126.28093266.1	100.000	73	0	0	2831	2903	1	73	4.74e-28	135
CFAV-Macapa2_Brazil_2017	SRA:ERX1788126.23958560.1	98.684	76	1	0	5880	5955	1	76	4.74e-28	135
CFAV-Macapa2_Brazil_2017	SRA:ERX1788126.22117795.1	98.684	76	1	0	5498	5573	1	76	4.74e-28	135
CFAV-Macapa2_Brazil_2017	SRA:ERX1788126.18310021.2	98.684	76	1	0	5264	5339	76	1	4.74e-28	135
CFAV-Macapa2_Brazil_2017	SRA:ERX1788126.14301650.2	98.684	76	1	0	5258	5333	76	1	4.74e-28	135
CFAV-Macapa2_Brazil_2017	SRA:ERX1788126.13817562.2	98.684	76	1	0	3244	3319	76	1	4.74e-28	135
CFAV-Macapa2_Brazil_2017	SRA:ERX1788126.9095196.2	98.684	76	1	0	5006	5081	76	1	4.74e-28	135
CFAV-Macapa2_Brazil_2017	SRA:ERX1788126.9062101.1	98.684	76	1	0	950	1025	1	76	4.74e-28	135
CFAV-Macapa2_Brazil_2017	SRA:ERX1788126.8683302.2	98.684	76	1	0	2591	2666	76	1	4.74e-28	135
CFAV-Macapa2_Brazil_2017	SRA:ERX1788126.4975206.2	98.684	76	1	0	3527	3602	76	1	4.74e-28	135
CFAV-Macapa2_Brazil_2017	SRA:ERX1788126.3300002.2	98.684	76	1	0	2609	2684	76	1	4.74e-28	135
CFAV-Macapa2_Brazil_2017	SRA:ERX1788126.70180.1	98.684	76	1	0	4066	4141	1	76	4.74e-28	135
CFAV-Macapa2_Brazil_2017	SRA:ERX1788126.24900721.1	98.667	75	1	0	5007	5081	1	75	1.70e-27	134
CFAV-Macapa2_Brazil_2017	SRA:ERX1788126.22670642.2	98.667	75	1	0	6394	6468	75	1	1.70e-27	134
CFAV-Macapa2_Brazil_2017	SRA:ERX1788126.22670642.1	98.667	75	1	0	6273	6347	2	76	1.70e-27	134
CFAV-Macapa2_Brazil_2017	SRA:ERX1788126.17983569.1	98.667	75	1	0	5004	5078	1	75	1.70e-27	134
CFAV-Macapa2_Brazil_2017	SRA:ERX1788126.37246926.1	98.649	74	1	0	742	815	1	74	6.13e-27	132
CFAV-Macapa2_Brazil_2017	SRA:ERX1788126.31379565.1	98.649	74	1	0	3665	3738	3	76	6.13e-27	132
CFAV-Macapa2_Brazil_2017	SRA:ERX1788126.8783988.2	98.649	74	1	0	5205	5278	74	1	6.13e-27	132
CFAV-Macapa2_Brazil_2017	SRA:ERX1788126.6998728.2	98.649	74	1	0	6299	6372	74	1	6.13e-27	132
CFAV-Macapa2_Brazil_2017	SRA:ERX1788126.543215.2	98.649	74	1	0	3895	3968	76	3	6.13e-27	132
CFAV-Macapa2_Brazil_2017	SRA:ERX1788126.41200102.2	97.368	76	2	0	5718	5793	76	1	2.21e-26	130
CFAV-Macapa2_Brazil_2017	SRA:ERX1788126.41200102.1	97.368	76	2	0	5565	5640	1	76	2.21e-26	130
CFAV-Macapa2_Brazil_2017	SRA:ERX1788126.36050889.2	97.368	76	2	0	5273	5348	76	1	2.21e-26	130
CFAV-Macapa2_Brazil_2017	SRA:ERX1788126.33919070.2	97.368	76	2	0	5733	5808	76	1	2.21e-26	130
CFAV-Macapa2_Brazil_2017	SRA:ERX1788126.29417655.2	97.368	76	2	0	899	974	76	1	2.21e-26	130
CFAV-Macapa2_Brazil_2017	SRA:ERX1788126.27507265.1	97.368	76	2	0	950	1025	1	76	2.21e-26	130
CFAV-Macapa2_Brazil_2017	SRA:ERX1788126.26549991.1	97.368	76	2	0	1988	2063	1	76	2.21e-26	130
CFAV-Macapa2_Brazil_2017	SRA:ERX1788126.24412106.1	97.368	76	2	0	2641	2716	1	76	2.21e-26	130
CFAV-Macapa2_Brazil_2017	SRA:ERX1788126.22612026.1	97.368	76	2	0	2551	2626	1	76	2.21e-26	130
CFAV-Macapa2_Brazil_2017	SRA:ERX1788126.22117795.2	97.368	76	2	0	5604	5679	76	1	2.21e-26	130
CFAV-Macapa2_Brazil_2017	SRA:ERX1788126.21274946.2	97.368	76	2	0	5043	5118	76	1	2.21e-26	130
CFAV-Macapa2_Brazil_2017	SRA:ERX1788126.14335596.2	97.368	76	2	0	4539	4614	76	1	2.21e-26	130
CFAV-Macapa2_Brazil_2017	SRA:ERX1788126.13379074.1	97.368	76	2	0	5194	5269	1	76	2.21e-26	130
CFAV-Macapa2_Brazil_2017	SRA:ERX1788126.10726454.1	97.368	76	2	0	6308	6383	1	76	2.21e-26	130
CFAV-Macapa2_Brazil_2017	SRA:ERX1788126.10479726.2	97.368	76	2	0	3862	3937	76	1	2.21e-26	130
CFAV-Macapa2_Brazil_2017	SRA:ERX1788126.8683302.1	97.368	76	2	0	2499	2574	1	76	2.21e-26	130
CFAV-Macapa2_Brazil_2017	SRA:ERX1788126.37772.2	97.368	76	2	0	997	1072	76	1	2.21e-26	130
CFAV-Macapa2_Brazil_2017	SRA:ERX1788126.34875624.1	97.333	75	2	0	890	964	2	76	7.93e-26	128
CFAV-Macapa2_Brazil_2017	SRA:ERX1788126.24900721.2	97.333	75	2	0	5108	5182	75	1	7.93e-26	128
CFAV-Macapa2_Brazil_2017	SRA:ERX1788126.18671300.1	97.333	75	2	0	891	965	1	75	7.93e-26	128
CFAV-Macapa2_Brazil_2017	SRA:ERX1788126.10479726.1	98.611	72	1	0	3799	3870	1	72	7.93e-26	128
CFAV-Macapa2_Brazil_2017	SRA:ERX1788126.8068249.2	97.333	75	2	0	6426	6500	75	1	7.93e-26	128
CFAV-Macapa2_Brazil_2017	SRA:ERX1788126.543215.1	97.333	75	2	0	3881	3955	1	75	7.93e-26	128
CFAV-Macapa2_Brazil_2017	SRA:ERX1788126.42402748.2	97.297	74	2	0	5108	5181	74	1	2.85e-25	126
CFAV-Macapa2_Brazil_2017	SRA:ERX1788126.34476291.2	97.297	74	2	0	4330	4403	74	1	2.85e-25	126
CFAV-Macapa2_Brazil_2017	SRA:ERX1788126.33919070.1	97.297	74	2	0	5681	5754	2	75	2.85e-25	126
CFAV-Macapa2_Brazil_2017	SRA:ERX1788126.17983569.2	98.592	71	1	0	5108	5178	73	3	2.85e-25	126
CFAV-Macapa2_Brazil_2017	SRA:ERX1788126.3104295.2	97.297	74	2	0	4310	4383	74	1	2.85e-25	126
CFAV-Macapa2_Brazil_2017	SRA:ERX1788126.168161.2	97.297	74	2	0	1994	2067	76	3	2.85e-25	126
CFAV-Macapa2_Brazil_2017	SRA:ERX1788126.35273173.2	96.053	76	3	0	6259	6334	76	1	1.03e-24	124
CFAV-Macapa2_Brazil_2017	SRA:ERX1788126.34688483.1	96.053	76	3	0	6450	6525	1	76	1.03e-24	124
CFAV-Macapa2_Brazil_2017	SRA:ERX1788126.23643776.2	96.053	76	3	0	5066	5141	76	1	1.03e-24	124
CFAV-Macapa2_Brazil_2017	SRA:ERX1788126.22612026.2	97.260	73	2	0	2615	2687	73	1	1.03e-24	124
CFAV-Macapa2_Brazil_2017	SRA:ERX1788126.14662857.1	97.260	73	2	0	3591	3663	1	73	1.03e-24	124
CFAV-Macapa2_Brazil_2017	SRA:ERX1788126.14301650.1	96.053	76	3	0	5098	5173	1	76	1.03e-24	124
CFAV-Macapa2_Brazil_2017	SRA:ERX1788126.14298922.1	96.053	76	3	0	2776	2851	1	76	1.03e-24	124
CFAV-Macapa2_Brazil_2017	SRA:ERX1788126.14097592.1	96.053	76	3	0	4035	4110	1	76	1.03e-24	124
CFAV-Macapa2_Brazil_2017	SRA:ERX1788126.8386301.2	96.053	76	3	0	2779	2854	76	1	1.03e-24	124
CFAV-Macapa2_Brazil_2017	SRA:ERX1788126.8297483.2	96.053	76	3	0	5185	5260	76	1	1.03e-24	124
CFAV-Macapa2_Brazil_2017	SRA:ERX1788126.8297483.1	96.053	76	3	0	5098	5173	1	76	1.03e-24	124
CFAV-Macapa2_Brazil_2017	SRA:ERX1788126.8068249.1	96.053	76	3	0	6349	6424	1	76	1.03e-24	124
CFAV-Macapa2_Brazil_2017	SRA:ERX1788126.6942821.1	96.053	76	3	0	1914	1989	1	76	1.03e-24	124
CFAV-Macapa2_Brazil_2017	SRA:ERX1788126.5795052.1	96.053	76	3	0	5911	5986	1	76	1.03e-24	124
CFAV-Macapa2_Brazil_2017	SRA:ERX1788126.1701108.1	96.053	76	3	0	2361	2436	1	76	1.03e-24	124
CFAV-Macapa2_Brazil_2017	SRA:ERX1788126.168161.1	96.053	76	3	0	1915	1990	1	76	1.03e-24	124
CFAV-Macapa2_Brazil_2017	SRA:ERX1788126.30947871.2	96.000	75	3	0	5992	6066	75	1	3.69e-24	122
CFAV-Macapa2_Brazil_2017	SRA:ERX1788126.29417655.1	96.000	75	3	0	824	898	1	75	3.69e-24	122
CFAV-Macapa2_Brazil_2017	SRA:ERX1788126.16354253.1	96.000	75	3	0	5322	5396	1	75	3.69e-24	122
CFAV-Macapa2_Brazil_2017	SRA:ERX1788126.3300002.1	97.222	72	2	0	2392	2463	1	72	3.69e-24	122
CFAV-Macapa2_Brazil_2017	SRA:ERX1788126.70180.2	96.000	75	3	0	4159	4233	75	1	3.69e-24	122
CFAV-Macapa2_Brazil_2017	SRA:ERX1788126.9259102.2	95.946	74	3	0	6091	6164	76	3	1.33e-23	121
CFAV-Macapa2_Brazil_2017	SRA:ERX1788126.7619329.1	95.946	74	3	0	2010	2083	1	74	1.33e-23	121
CFAV-Macapa2_Brazil_2017	SRA:ERX1788126.35831327.2	94.737	76	4	0	4152	4227	76	1	4.77e-23	119
CFAV-Macapa2_Brazil_2017	SRA:ERX1788126.35273173.1	94.737	76	4	0	6154	6229	1	76	4.77e-23	119
CFAV-Macapa2_Brazil_2017	SRA:ERX1788126.24686053.1	97.143	70	2	0	3153	3222	1	70	4.77e-23	119
CFAV-Macapa2_Brazil_2017	SRA:ERX1788126.17105853.1	94.737	76	4	0	6154	6229	1	76	4.77e-23	119
CFAV-Macapa2_Brazil_2017	SRA:ERX1788126.15991827.1	94.737	76	4	0	6155	6230	1	76	4.77e-23	119
CFAV-Macapa2_Brazil_2017	SRA:ERX1788126.15825841.1	94.737	76	4	0	2029	2104	1	76	4.77e-23	119
CFAV-Macapa2_Brazil_2017	SRA:ERX1788126.14662857.2	97.143	70	2	0	3651	3720	70	1	4.77e-23	119
CFAV-Macapa2_Brazil_2017	SRA:ERX1788126.7619329.2	94.737	76	4	0	2185	2260	76	1	4.77e-23	119
CFAV-Macapa2_Brazil_2017	SRA:ERX1788126.3362617.1	94.737	76	4	0	6155	6230	1	76	4.77e-23	119
CFAV-Macapa2_Brazil_2017	SRA:ERX1788126.21274946.1	94.667	75	4	0	4953	5027	2	76	1.72e-22	117
CFAV-Macapa2_Brazil_2017	SRA:ERX1788126.13817562.1	94.667	75	4	0	3163	3237	1	75	1.72e-22	117
CFAV-Macapa2_Brazil_2017	SRA:ERX1788126.34688483.2	98.462	65	1	0	6500	6564	76	12	6.17e-22	115
CFAV-Macapa2_Brazil_2017	SRA:ERX1788126.31404907.2	93.421	76	5	0	5571	5646	76	1	2.22e-21	113
CFAV-Macapa2_Brazil_2017	SRA:ERX1788126.24686053.2	93.421	76	5	0	3208	3283	76	1	2.22e-21	113
CFAV-Macapa2_Brazil_2017	SRA:ERX1788126.1701108.2	93.421	76	5	0	2434	2509	76	1	2.22e-21	113
CFAV-Macapa2_Brazil_2017	SRA:ERX1788126.35889576.1	93.333	75	5	0	2019	2093	1	75	7.99e-21	111
CFAV-Macapa2_Brazil_2017	SRA:ERX1788126.14335596.1	93.151	73	5	0	4369	4441	1	73	1.03e-19	108
CFAV-Macapa2_Brazil_2017	SRA:ERX1788126.8386301.1	92.105	76	6	0	2725	2800	1	76	1.03e-19	108
CFAV-KC_Cambodia_2015	SRA:ERX1788126.35831327.1	100.000	76	0	0	4049	4124	1	76	1.02e-29	141
CFAV-KC_Cambodia_2015	SRA:ERX1788126.31379565.2	100.000	76	0	0	3701	3776	76	1	1.02e-29	141
CFAV-KC_Cambodia_2015	SRA:ERX1788126.23958560.1	100.000	76	0	0	5891	5966	1	76	1.02e-29	141
CFAV-KC_Cambodia_2015	SRA:ERX1788126.14298922.1	100.000	76	0	0	2787	2862	1	76	1.02e-29	141
CFAV-KC_Cambodia_2015	SRA:ERX1788126.13817562.2	100.000	76	0	0	3255	3330	76	1	1.02e-29	141
CFAV-KC_Cambodia_2015	SRA:ERX1788126.8386301.2	100.000	76	0	0	2790	2865	76	1	1.02e-29	141
CFAV-KC_Cambodia_2015	SRA:ERX1788126.29431737.2	100.000	75	0	0	5454	5528	75	1	3.67e-29	139
CFAV-KC_Cambodia_2015	SRA:ERX1788126.31379565.1	100.000	74	0	0	3676	3749	3	76	1.32e-28	137
CFAV-KC_Cambodia_2015	SRA:ERX1788126.36050889.2	98.684	76	1	0	5284	5359	76	1	4.75e-28	135
CFAV-KC_Cambodia_2015	SRA:ERX1788126.18671300.2	98.684	76	1	0	1005	1080	76	1	4.75e-28	135
CFAV-KC_Cambodia_2015	SRA:ERX1788126.4975206.2	98.684	76	1	0	3538	3613	76	1	4.75e-28	135
CFAV-KC_Cambodia_2015	SRA:ERX1788126.70180.1	98.684	76	1	0	4077	4152	1	76	4.75e-28	135
CFAV-KC_Cambodia_2015	SRA:ERX1788126.31404907.1	98.667	75	1	0	5415	5489	1	75	1.71e-27	134
CFAV-KC_Cambodia_2015	SRA:ERX1788126.13379074.2	98.649	74	1	0	5257	5330	74	1	6.14e-27	132
CFAV-KC_Cambodia_2015	SRA:ERX1788126.41200102.2	97.368	76	2	0	5729	5804	76	1	2.21e-26	130
CFAV-KC_Cambodia_2015	SRA:ERX1788126.36050889.1	97.368	76	2	0	5177	5252	1	76	2.21e-26	130
CFAV-KC_Cambodia_2015	SRA:ERX1788126.34875624.2	97.368	76	2	0	984	1059	76	1	2.21e-26	130
CFAV-KC_Cambodia_2015	SRA:ERX1788126.34875624.1	97.368	76	2	0	900	975	1	76	2.21e-26	130
CFAV-KC_Cambodia_2015	SRA:ERX1788126.33919070.2	97.368	76	2	0	5744	5819	76	1	2.21e-26	130
CFAV-KC_Cambodia_2015	SRA:ERX1788126.31013872.1	97.368	76	2	0	5401	5476	1	76	2.21e-26	130
CFAV-KC_Cambodia_2015	SRA:ERX1788126.29417655.2	97.368	76	2	0	910	985	76	1	2.21e-26	130
CFAV-KC_Cambodia_2015	SRA:ERX1788126.28093266.1	98.630	73	1	0	2842	2914	1	73	2.21e-26	130
CFAV-KC_Cambodia_2015	SRA:ERX1788126.23958560.2	97.368	76	2	0	6043	6118	76	1	2.21e-26	130
CFAV-KC_Cambodia_2015	SRA:ERX1788126.18310021.2	97.368	76	2	0	5275	5350	76	1	2.21e-26	130
CFAV-KC_Cambodia_2015	SRA:ERX1788126.18310021.1	97.368	76	2	0	5021	5096	1	76	2.21e-26	130
CFAV-KC_Cambodia_2015	SRA:ERX1788126.17105853.2	98.630	73	1	0	6215	6287	73	1	2.21e-26	130
CFAV-KC_Cambodia_2015	SRA:ERX1788126.14662857.2	98.630	73	1	0	3659	3731	73	1	2.21e-26	130
CFAV-KC_Cambodia_2015	SRA:ERX1788126.14301650.2	97.368	76	2	0	5269	5344	76	1	2.21e-26	130
CFAV-KC_Cambodia_2015	SRA:ERX1788126.14097592.1	97.368	76	2	0	4046	4121	1	76	2.21e-26	130
CFAV-KC_Cambodia_2015	SRA:ERX1788126.10726454.1	97.368	76	2	0	6319	6394	1	76	2.21e-26	130
CFAV-KC_Cambodia_2015	SRA:ERX1788126.9095196.2	97.368	76	2	0	5017	5092	76	1	2.21e-26	130
CFAV-KC_Cambodia_2015	SRA:ERX1788126.9062101.1	97.368	76	2	0	961	1036	1	76	2.21e-26	130
CFAV-KC_Cambodia_2015	SRA:ERX1788126.8783988.1	97.368	76	2	0	5168	5243	1	76	2.21e-26	130
CFAV-KC_Cambodia_2015	SRA:ERX1788126.8683302.2	97.368	76	2	0	2602	2677	76	1	2.21e-26	130
CFAV-KC_Cambodia_2015	SRA:ERX1788126.8297483.2	97.368	76	2	0	5196	5271	76	1	2.21e-26	130
CFAV-KC_Cambodia_2015	SRA:ERX1788126.5795052.1	97.368	76	2	0	5922	5997	1	76	2.21e-26	130
CFAV-KC_Cambodia_2015	SRA:ERX1788126.4874413.1	97.368	76	2	0	5401	5476	1	76	2.21e-26	130
CFAV-KC_Cambodia_2015	SRA:ERX1788126.3362617.2	97.368	76	2	0	6225	6300	76	1	2.21e-26	130
CFAV-KC_Cambodia_2015	SRA:ERX1788126.3300002.2	97.403	77	1	1	2619	2695	76	1	2.21e-26	130
CFAV-KC_Cambodia_2015	SRA:ERX1788126.42402748.1	97.333	75	2	0	5027	5101	1	75	7.94e-26	128
CFAV-KC_Cambodia_2015	SRA:ERX1788126.29417655.1	97.333	75	2	0	835	909	1	75	7.94e-26	128
CFAV-KC_Cambodia_2015	SRA:ERX1788126.24900721.1	97.333	75	2	0	5018	5092	1	75	7.94e-26	128
CFAV-KC_Cambodia_2015	SRA:ERX1788126.18671300.1	97.333	75	2	0	902	976	1	75	7.94e-26	128
CFAV-KC_Cambodia_2015	SRA:ERX1788126.17983569.1	97.333	75	2	0	5015	5089	1	75	7.94e-26	128
CFAV-KC_Cambodia_2015	SRA:ERX1788126.13379074.1	97.333	75	2	0	5205	5279	1	75	7.94e-26	128
CFAV-KC_Cambodia_2015	SRA:ERX1788126.10479726.1	98.611	72	1	0	3810	3881	1	72	7.94e-26	128
CFAV-KC_Cambodia_2015	SRA:ERX1788126.4874413.2	97.333	75	2	0	5496	5570	75	1	7.94e-26	128
CFAV-KC_Cambodia_2015	SRA:ERX1788126.70180.2	97.333	75	2	0	4170	4244	75	1	7.94e-26	128
CFAV-KC_Cambodia_2015	SRA:ERX1788126.29431737.1	97.297	74	2	0	5399	5472	1	74	2.86e-25	126
CFAV-KC_Cambodia_2015	SRA:ERX1788126.14301650.1	97.297	74	2	0	5110	5183	2	75	2.86e-25	126
CFAV-KC_Cambodia_2015	SRA:ERX1788126.8297483.1	97.297	74	2	0	5110	5183	2	75	2.86e-25	126
CFAV-KC_Cambodia_2015	SRA:ERX1788126.543215.2	97.297	74	2	0	3906	3979	76	3	2.86e-25	126
CFAV-KC_Cambodia_2015	SRA:ERX1788126.37246926.2	97.260	73	2	0	784	856	73	1	1.03e-24	124
CFAV-KC_Cambodia_2015	SRA:ERX1788126.35831327.2	98.571	70	1	0	4169	4238	70	1	1.03e-24	124
CFAV-KC_Cambodia_2015	SRA:ERX1788126.27507265.1	96.053	76	3	0	961	1036	1	76	1.03e-24	124
CFAV-KC_Cambodia_2015	SRA:ERX1788126.24900721.2	96.053	76	3	0	5118	5193	76	1	1.03e-24	124
CFAV-KC_Cambodia_2015	SRA:ERX1788126.23643776.2	96.053	76	3	0	5077	5152	76	1	1.03e-24	124
CFAV-KC_Cambodia_2015	SRA:ERX1788126.22612026.2	96.053	76	3	0	2623	2698	76	1	1.03e-24	124
CFAV-KC_Cambodia_2015	SRA:ERX1788126.21274946.2	96.053	76	3	0	5054	5129	76	1	1.03e-24	124
CFAV-KC_Cambodia_2015	SRA:ERX1788126.14662857.1	97.260	73	2	0	3602	3674	1	73	1.03e-24	124
CFAV-KC_Cambodia_2015	SRA:ERX1788126.8783988.2	96.053	76	3	0	5214	5289	76	1	1.03e-24	124
CFAV-KC_Cambodia_2015	SRA:ERX1788126.37772.1	96.053	76	3	0	872	947	1	76	1.03e-24	124
CFAV-KC_Cambodia_2015	SRA:ERX1788126.42402748.2	96.000	75	3	0	5118	5192	75	1	3.69e-24	122
CFAV-KC_Cambodia_2015	SRA:ERX1788126.34476291.2	97.222	72	2	0	4343	4414	72	1	3.69e-24	122
CFAV-KC_Cambodia_2015	SRA:ERX1788126.24412106.1	96.000	75	3	0	2652	2726	1	75	3.69e-24	122
CFAV-KC_Cambodia_2015	SRA:ERX1788126.17983569.2	96.000	75	3	0	5117	5191	75	1	3.69e-24	122
CFAV-KC_Cambodia_2015	SRA:ERX1788126.15825841.1	96.000	75	3	0	2040	2114	1	75	3.69e-24	122
CFAV-KC_Cambodia_2015	SRA:ERX1788126.543215.1	96.000	75	3	0	3892	3966	1	75	3.69e-24	122
CFAV-KC_Cambodia_2015	SRA:ERX1788126.6998728.2	95.946	74	3	0	6310	6383	74	1	1.33e-23	121
CFAV-KC_Cambodia_2015	SRA:ERX1788126.41374760.1	93.421	76	5	0	5922	5997	1	76	4.78e-23	119
CFAV-KC_Cambodia_2015	SRA:ERX1788126.35273173.1	94.737	76	4	0	6165	6240	1	76	4.78e-23	119
CFAV-KC_Cambodia_2015	SRA:ERX1788126.34688483.1	94.737	76	4	0	6461	6536	1	76	4.78e-23	119
CFAV-KC_Cambodia_2015	SRA:ERX1788126.28093266.2	94.737	76	4	0	2895	2970	76	1	4.78e-23	119
CFAV-KC_Cambodia_2015	SRA:ERX1788126.22612026.1	94.737	76	4	0	2562	2637	1	76	4.78e-23	119
CFAV-KC_Cambodia_2015	SRA:ERX1788126.22117795.2	94.737	76	4	0	5615	5690	76	1	4.78e-23	119
CFAV-KC_Cambodia_2015	SRA:ERX1788126.17105853.1	94.737	76	4	0	6165	6240	1	76	4.78e-23	119
CFAV-KC_Cambodia_2015	SRA:ERX1788126.15991827.1	94.737	76	4	0	6166	6241	1	76	4.78e-23	119
CFAV-KC_Cambodia_2015	SRA:ERX1788126.8386301.1	94.737	76	4	0	2736	2811	1	76	4.78e-23	119
CFAV-KC_Cambodia_2015	SRA:ERX1788126.3362617.1	94.737	76	4	0	6166	6241	1	76	4.78e-23	119
CFAV-KC_Cambodia_2015	SRA:ERX1788126.30947871.2	95.833	72	3	0	6006	6077	72	1	1.72e-22	117
CFAV-KC_Cambodia_2015	SRA:ERX1788126.9259102.2	95.833	72	3	0	6102	6173	76	5	1.72e-22	117
CFAV-KC_Cambodia_2015	SRA:ERX1788126.8068249.2	94.667	75	4	0	6437	6511	75	1	1.72e-22	117
CFAV-KC_Cambodia_2015	SRA:ERX1788126.33919070.1	94.595	74	4	0	5692	5765	2	75	6.18e-22	115
CFAV-KC_Cambodia_2015	SRA:ERX1788126.15825841.2	94.595	74	4	0	2080	2153	76	3	6.18e-22	115
CFAV-KC_Cambodia_2015	SRA:ERX1788126.3104295.2	94.595	74	4	0	4321	4394	74	1	6.18e-22	115
CFAV-KC_Cambodia_2015	SRA:ERX1788126.24686053.2	93.421	76	5	0	3219	3294	76	1	2.22e-21	113
CFAV-KC_Cambodia_2015	SRA:ERX1788126.22670642.1	93.421	76	5	0	6283	6358	1	76	2.22e-21	113
CFAV-KC_Cambodia_2015	SRA:ERX1788126.14335596.2	95.714	70	3	0	4556	4625	70	1	2.22e-21	113
CFAV-KC_Cambodia_2015	SRA:ERX1788126.14335596.1	94.521	73	4	0	4380	4452	1	73	2.22e-21	113
CFAV-KC_Cambodia_2015	SRA:ERX1788126.9259102.1	93.421	76	5	0	6019	6094	1	76	2.22e-21	113
CFAV-KC_Cambodia_2015	SRA:ERX1788126.35889576.1	93.333	75	5	0	2030	2104	1	75	8.00e-21	111
CFAV-KC_Cambodia_2015	SRA:ERX1788126.22670642.2	93.333	75	5	0	6405	6479	75	1	8.00e-21	111
CFAV-KC_Cambodia_2015	SRA:ERX1788126.8068249.1	93.333	75	5	0	6360	6434	1	75	8.00e-21	111
CFAV-KC_Cambodia_2015	SRA:ERX1788126.6998728.1	93.333	75	5	0	6243	6317	1	75	8.00e-21	111
CFAV-KC_Cambodia_2015	SRA:ERX1788126.4975206.1	93.333	75	5	0	3474	3548	1	75	8.00e-21	111
CFAV-KC_Cambodia_2015	SRA:ERX1788126.1701108.2	94.444	72	4	0	2445	2516	76	5	8.00e-21	111
CFAV-KC_Cambodia_2015	SRA:ERX1788126.37246926.1	93.243	74	5	0	753	826	1	74	2.88e-20	110
CFAV-KC_Cambodia_2015	SRA:ERX1788126.26549991.2	93.243	74	5	0	2083	2156	75	2	2.88e-20	110
CFAV-KC_Cambodia_2015	SRA:ERX1788126.15991827.2	93.151	73	5	0	6260	6332	73	1	1.03e-19	108
CFAV-KC_Cambodia_2015	SRA:ERX1788126.1701108.1	92.105	76	6	0	2372	2447	1	76	1.03e-19	108
CFAV-KC_Cambodia_2015	SRA:ERX1788126.34688483.2	95.385	65	3	0	6511	6575	76	12	1.34e-18	104
CFAV-KC_Cambodia_2015	SRA:ERX1788126.3104295.1	92.857	70	5	0	4256	4325	3	72	4.81e-18	102
CFAV-KC_Cambodia_2015	SRA:ERX1788126.34476291.1	91.549	71	6	0	4240	4310	1	71	6.23e-17	99.0
CFAV-KC_Cambodia_2015	SRA:ERX1788126.9062101.2	98.148	54	1	0	1827	1880	54	1	8.05e-16	95.3
CFAV-KC_Cambodia_2015	SRA:ERX1788126.27507265.2	96.296	54	2	0	1827	1880	54	1	3.75e-14	89.8
CFAV-KC_Cambodia_2015	SRA:ERX1788126.8327208.1	97.872	47	0	1	4633	4678	2	48	2.26e-11	80.5
CFAV-Zik_Uganda_2016	SRA:ERX1788126.31379565.2	100.000	76	0	0	3701	3776	76	1	1.02e-29	141
CFAV-Zik_Uganda_2016	SRA:ERX1788126.31013872.2	100.000	76	0	0	5535	5610	76	1	1.02e-29	141
CFAV-Zik_Uganda_2016	SRA:ERX1788126.24900721.2	100.000	76	0	0	5118	5193	76	1	1.02e-29	141
CFAV-Zik_Uganda_2016	SRA:ERX1788126.23958560.1	100.000	76	0	0	5891	5966	1	76	1.02e-29	141
CFAV-Zik_Uganda_2016	SRA:ERX1788126.23643776.2	100.000	76	0	0	5077	5152	76	1	1.02e-29	141
CFAV-Zik_Uganda_2016	SRA:ERX1788126.22117795.1	100.000	76	0	0	5509	5584	1	76	1.02e-29	141
CFAV-Zik_Uganda_2016	SRA:ERX1788126.14335596.2	100.000	76	0	0	4550	4625	76	1	1.02e-29	141
CFAV-Zik_Uganda_2016	SRA:ERX1788126.14301650.1	100.000	76	0	0	5109	5184	1	76	1.02e-29	141
CFAV-Zik_Uganda_2016	SRA:ERX1788126.14298922.1	100.000	76	0	0	2787	2862	1	76	1.02e-29	141
CFAV-Zik_Uganda_2016	SRA:ERX1788126.13379074.1	100.000	76	0	0	5205	5280	1	76	1.02e-29	141
CFAV-Zik_Uganda_2016	SRA:ERX1788126.8783988.2	100.000	76	0	0	5214	5289	76	1	1.02e-29	141
CFAV-Zik_Uganda_2016	SRA:ERX1788126.8683302.1	100.000	76	0	0	2510	2585	1	76	1.02e-29	141
CFAV-Zik_Uganda_2016	SRA:ERX1788126.8386301.2	100.000	76	0	0	2790	2865	76	1	1.02e-29	141
CFAV-Zik_Uganda_2016	SRA:ERX1788126.8297483.1	100.000	76	0	0	5109	5184	1	76	1.02e-29	141
CFAV-Zik_Uganda_2016	SRA:ERX1788126.42402748.2	100.000	75	0	0	5118	5192	75	1	3.67e-29	139
CFAV-Zik_Uganda_2016	SRA:ERX1788126.17983569.2	100.000	75	0	0	5117	5191	75	1	3.67e-29	139
CFAV-Zik_Uganda_2016	SRA:ERX1788126.14301650.2	100.000	75	0	0	5269	5343	76	2	3.67e-29	139
CFAV-Zik_Uganda_2016	SRA:ERX1788126.13379074.2	100.000	75	0	0	5256	5330	75	1	3.67e-29	139
CFAV-Zik_Uganda_2016	SRA:ERX1788126.4874413.2	100.000	75	0	0	5496	5570	75	1	3.67e-29	139
CFAV-Zik_Uganda_2016	SRA:ERX1788126.31379565.1	100.000	74	0	0	3676	3749	3	76	1.32e-28	137
CFAV-Zik_Uganda_2016	SRA:ERX1788126.41200102.1	98.684	76	1	0	5576	5651	1	76	4.75e-28	135
CFAV-Zik_Uganda_2016	SRA:ERX1788126.39627974.2	98.684	76	1	0	4996	5071	76	1	4.75e-28	135
CFAV-Zik_Uganda_2016	SRA:ERX1788126.36050889.2	98.684	76	1	0	5284	5359	76	1	4.75e-28	135
CFAV-Zik_Uganda_2016	SRA:ERX1788126.36050889.1	98.684	76	1	0	5177	5252	1	76	4.75e-28	135
CFAV-Zik_Uganda_2016	SRA:ERX1788126.35831327.1	98.684	76	1	0	4049	4124	1	76	4.75e-28	135
CFAV-Zik_Uganda_2016	SRA:ERX1788126.35273173.2	98.684	76	1	0	6270	6345	76	1	4.75e-28	135
CFAV-Zik_Uganda_2016	SRA:ERX1788126.35273173.1	98.684	76	1	0	6165	6240	1	76	4.75e-28	135
CFAV-Zik_Uganda_2016	SRA:ERX1788126.31275309.2	98.684	76	1	0	4997	5072	76	1	4.75e-28	135
CFAV-Zik_Uganda_2016	SRA:ERX1788126.22670642.1	98.684	76	1	0	6283	6358	1	76	4.75e-28	135
CFAV-Zik_Uganda_2016	SRA:ERX1788126.21274946.2	98.684	76	1	0	5054	5129	76	1	4.75e-28	135
CFAV-Zik_Uganda_2016	SRA:ERX1788126.18310021.2	98.684	76	1	0	5275	5350	76	1	4.75e-28	135
CFAV-Zik_Uganda_2016	SRA:ERX1788126.17105853.1	98.684	76	1	0	6165	6240	1	76	4.75e-28	135
CFAV-Zik_Uganda_2016	SRA:ERX1788126.15991827.1	98.684	76	1	0	6166	6241	1	76	4.75e-28	135
CFAV-Zik_Uganda_2016	SRA:ERX1788126.9259102.2	98.684	76	1	0	6102	6177	76	1	4.75e-28	135
CFAV-Zik_Uganda_2016	SRA:ERX1788126.8783988.1	98.684	76	1	0	5168	5243	1	76	4.75e-28	135
CFAV-Zik_Uganda_2016	SRA:ERX1788126.8297483.2	98.684	76	1	0	5196	5271	76	1	4.75e-28	135
CFAV-Zik_Uganda_2016	SRA:ERX1788126.5795052.1	98.684	76	1	0	5922	5997	1	76	4.75e-28	135
CFAV-Zik_Uganda_2016	SRA:ERX1788126.4975206.2	98.684	76	1	0	3538	3613	76	1	4.75e-28	135
CFAV-Zik_Uganda_2016	SRA:ERX1788126.3362617.1	98.684	76	1	0	6166	6241	1	76	4.75e-28	135
CFAV-Zik_Uganda_2016	SRA:ERX1788126.543215.2	98.684	76	1	0	3906	3981	76	1	4.75e-28	135
CFAV-Zik_Uganda_2016	SRA:ERX1788126.34875624.2	98.667	75	1	0	985	1059	75	1	1.71e-27	134
CFAV-Zik_Uganda_2016	SRA:ERX1788126.10479726.2	98.667	75	1	0	3873	3947	76	2	1.71e-27	134
CFAV-Zik_Uganda_2016	SRA:ERX1788126.8068249.2	98.667	75	1	0	6437	6511	75	1	1.71e-27	134
CFAV-Zik_Uganda_2016	SRA:ERX1788126.3300002.1	100.000	72	0	0	2403	2474	1	72	1.71e-27	134
CFAV-Zik_Uganda_2016	SRA:ERX1788126.543215.1	98.667	75	1	0	3892	3966	1	75	1.71e-27	134
CFAV-Zik_Uganda_2016	SRA:ERX1788126.37246926.1	98.649	74	1	0	753	826	1	74	6.14e-27	132
CFAV-Zik_Uganda_2016	SRA:ERX1788126.22670642.2	98.649	74	1	0	6406	6479	74	1	6.14e-27	132
CFAV-Zik_Uganda_2016	SRA:ERX1788126.37246926.2	97.368	76	2	0	781	856	76	1	2.21e-26	130
CFAV-Zik_Uganda_2016	SRA:ERX1788126.34688483.1	97.368	76	2	0	6461	6536	1	76	2.21e-26	130
CFAV-Zik_Uganda_2016	SRA:ERX1788126.33919070.2	97.368	76	2	0	5744	5819	76	1	2.21e-26	130
CFAV-Zik_Uganda_2016	SRA:ERX1788126.31013872.1	97.368	76	2	0	5401	5476	1	76	2.21e-26	130
CFAV-Zik_Uganda_2016	SRA:ERX1788126.28093266.2	97.368	76	2	0	2895	2970	76	1	2.21e-26	130
CFAV-Zik_Uganda_2016	SRA:ERX1788126.23958560.2	97.368	76	2	0	6043	6118	76	1	2.21e-26	130
CFAV-Zik_Uganda_2016	SRA:ERX1788126.22612026.1	97.368	76	2	0	2562	2637	1	76	2.21e-26	130
CFAV-Zik_Uganda_2016	SRA:ERX1788126.22117795.2	97.368	76	2	0	5615	5690	76	1	2.21e-26	130
CFAV-Zik_Uganda_2016	SRA:ERX1788126.21274946.1	98.630	73	1	0	4964	5036	2	74	2.21e-26	130
CFAV-Zik_Uganda_2016	SRA:ERX1788126.18671300.2	97.368	76	2	0	1005	1080	76	1	2.21e-26	130
CFAV-Zik_Uganda_2016	SRA:ERX1788126.18310021.1	97.368	76	2	0	5021	5096	1	76	2.21e-26	130
CFAV-Zik_Uganda_2016	SRA:ERX1788126.15991827.2	98.630	73	1	0	6260	6332	73	1	2.21e-26	130
CFAV-Zik_Uganda_2016	SRA:ERX1788126.15825841.2	97.368	76	2	0	2080	2155	76	1	2.21e-26	130
CFAV-Zik_Uganda_2016	SRA:ERX1788126.14662857.2	98.630	73	1	0	3659	3731	73	1	2.21e-26	130
CFAV-Zik_Uganda_2016	SRA:ERX1788126.14662857.1	98.630	73	1	0	3602	3674	1	73	2.21e-26	130
CFAV-Zik_Uganda_2016	SRA:ERX1788126.14298922.2	97.368	76	2	0	3063	3138	76	1	2.21e-26	130
CFAV-Zik_Uganda_2016	SRA:ERX1788126.13817562.2	97.368	76	2	0	3255	3330	76	1	2.21e-26	130
CFAV-Zik_Uganda_2016	SRA:ERX1788126.9095196.2	97.368	76	2	0	5017	5092	76	1	2.21e-26	130
CFAV-Zik_Uganda_2016	SRA:ERX1788126.8683302.2	97.368	76	2	0	2602	2677	76	1	2.21e-26	130
CFAV-Zik_Uganda_2016	SRA:ERX1788126.4874413.1	97.368	76	2	0	5401	5476	1	76	2.21e-26	130
CFAV-Zik_Uganda_2016	SRA:ERX1788126.3362617.2	97.368	76	2	0	6225	6300	76	1	2.21e-26	130
CFAV-Zik_Uganda_2016	SRA:ERX1788126.3300002.2	97.368	76	2	0	2620	2695	76	1	2.21e-26	130
CFAV-Zik_Uganda_2016	SRA:ERX1788126.70180.1	97.368	76	2	0	4077	4152	1	76	2.21e-26	130
CFAV-Zik_Uganda_2016	SRA:ERX1788126.42402748.1	97.333	75	2	0	5027	5101	1	75	7.94e-26	128
CFAV-Zik_Uganda_2016	SRA:ERX1788126.31404907.1	97.333	75	2	0	5415	5489	1	75	7.94e-26	128
CFAV-Zik_Uganda_2016	SRA:ERX1788126.30947871.2	97.333	75	2	0	6003	6077	75	1	7.94e-26	128
CFAV-Zik_Uganda_2016	SRA:ERX1788126.29431737.2	97.333	75	2	0	5454	5528	75	1	7.94e-26	128
CFAV-Zik_Uganda_2016	SRA:ERX1788126.26549991.2	97.333	75	2	0	2083	2157	75	1	7.94e-26	128
CFAV-Zik_Uganda_2016	SRA:ERX1788126.24900721.1	97.333	75	2	0	5018	5092	1	75	7.94e-26	128
CFAV-Zik_Uganda_2016	SRA:ERX1788126.24686053.1	97.333	75	2	0	3164	3238	1	75	7.94e-26	128
CFAV-Zik_Uganda_2016	SRA:ERX1788126.17983569.1	97.333	75	2	0	5015	5089	1	75	7.94e-26	128
CFAV-Zik_Uganda_2016	SRA:ERX1788126.13817562.1	97.333	75	2	0	3174	3248	1	75	7.94e-26	128
CFAV-Zik_Uganda_2016	SRA:ERX1788126.10479726.1	98.611	72	1	0	3810	3881	1	72	7.94e-26	128
CFAV-Zik_Uganda_2016	SRA:ERX1788126.29431737.1	98.592	71	1	0	5399	5469	1	71	2.86e-25	126
CFAV-Zik_Uganda_2016	SRA:ERX1788126.29417655.2	97.297	74	2	0	910	983	76	3	2.86e-25	126
CFAV-Zik_Uganda_2016	SRA:ERX1788126.6998728.2	97.297	74	2	0	6310	6383	74	1	2.86e-25	126
CFAV-Zik_Uganda_2016	SRA:ERX1788126.41374760.1	94.737	76	4	0	5922	5997	1	76	1.03e-24	124
CFAV-Zik_Uganda_2016	SRA:ERX1788126.41200102.2	96.053	76	3	0	5729	5804	76	1	1.03e-24	124
CFAV-Zik_Uganda_2016	SRA:ERX1788126.34875624.1	97.260	73	2	0	900	972	1	73	1.03e-24	124
CFAV-Zik_Uganda_2016	SRA:ERX1788126.31404907.2	96.053	76	3	0	5582	5657	76	1	1.03e-24	124
CFAV-Zik_Uganda_2016	SRA:ERX1788126.30947871.1	96.053	76	3	0	5965	6040	1	76	1.03e-24	124
CFAV-Zik_Uganda_2016	SRA:ERX1788126.28093266.1	97.260	73	2	0	2842	2914	1	73	1.03e-24	124
CFAV-Zik_Uganda_2016	SRA:ERX1788126.24686053.2	96.053	76	3	0	3219	3294	76	1	1.03e-24	124
CFAV-Zik_Uganda_2016	SRA:ERX1788126.17105853.2	97.260	73	2	0	6215	6287	73	1	1.03e-24	124
CFAV-Zik_Uganda_2016	SRA:ERX1788126.15825841.1	96.053	76	3	0	2040	2115	1	76	1.03e-24	124
CFAV-Zik_Uganda_2016	SRA:ERX1788126.14097592.1	96.053	76	3	0	4046	4121	1	76	1.03e-24	124
CFAV-Zik_Uganda_2016	SRA:ERX1788126.10726454.1	96.053	76	3	0	6319	6394	1	76	1.03e-24	124
CFAV-Zik_Uganda_2016	SRA:ERX1788126.9062101.1	96.053	76	3	0	961	1036	1	76	1.03e-24	124
CFAV-Zik_Uganda_2016	SRA:ERX1788126.6998728.1	96.053	76	3	0	6243	6318	1	76	1.03e-24	124
CFAV-Zik_Uganda_2016	SRA:ERX1788126.1701108.1	96.053	76	3	0	2372	2447	1	76	1.03e-24	124
CFAV-Zik_Uganda_2016	SRA:ERX1788126.18671300.1	96.000	75	3	0	902	976	1	75	3.69e-24	122
CFAV-Zik_Uganda_2016	SRA:ERX1788126.41374760.2	95.946	74	3	0	6055	6128	76	3	1.33e-23	121
CFAV-Zik_Uganda_2016	SRA:ERX1788126.168161.2	95.946	74	3	0	2005	2078	76	3	1.33e-23	121
CFAV-Zik_Uganda_2016	SRA:ERX1788126.26549991.1	94.737	76	4	0	1999	2074	1	76	4.78e-23	119
CFAV-Zik_Uganda_2016	SRA:ERX1788126.7619329.1	94.737	76	4	0	2021	2096	1	76	4.78e-23	119
CFAV-Zik_Uganda_2016	SRA:ERX1788126.37772.2	94.737	76	4	0	1008	1083	76	1	4.78e-23	119
CFAV-Zik_Uganda_2016	SRA:ERX1788126.16354253.1	94.667	75	4	0	5333	5407	1	75	1.72e-22	117
CFAV-Zik_Uganda_2016	SRA:ERX1788126.14335596.1	95.833	72	3	0	4381	4452	2	73	1.72e-22	117
CFAV-Zik_Uganda_2016	SRA:ERX1788126.22612026.2	94.595	74	4	0	2623	2696	76	3	6.18e-22	115
CFAV-Zik_Uganda_2016	SRA:ERX1788126.24412106.1	93.421	76	5	0	2652	2727	1	76	2.22e-21	113
CFAV-Zik_Uganda_2016	SRA:ERX1788126.18630194.2	93.421	76	5	0	4425	4500	76	1	2.22e-21	113
CFAV-Zik_Uganda_2016	SRA:ERX1788126.9259102.1	93.421	76	5	0	6019	6094	1	76	2.22e-21	113
CFAV-Zik_Uganda_2016	SRA:ERX1788126.8386301.1	93.421	76	5	0	2736	2811	1	76	2.22e-21	113
CFAV-Zik_Uganda_2016	SRA:ERX1788126.4975206.1	94.444	72	4	0	3474	3545	1	72	8.00e-21	111
CFAV-Zik_Uganda_2016	SRA:ERX1788126.34688483.2	98.387	62	1	0	6514	6575	73	12	2.88e-20	110
CFAV-Zik_Uganda_2016	SRA:ERX1788126.3104295.2	93.243	74	5	0	4321	4394	74	1	2.88e-20	110
CFAV-Zik_Uganda_2016	SRA:ERX1788126.28794212.1	92.105	76	6	0	4417	4492	1	76	1.03e-19	108
CFAV-Zik_Uganda_2016	SRA:ERX1788126.10726454.2	93.151	73	5	0	6449	6521	73	1	1.03e-19	108
CFAV-Zik_Uganda_2016	SRA:ERX1788126.7619329.2	92.105	76	6	0	2196	2271	76	1	1.03e-19	108
CFAV-Zik_Uganda_2016	SRA:ERX1788126.9062101.2	98.148	54	1	0	1827	1880	54	1	8.05e-16	95.3
CFAV-Zik_Uganda_2016	SRA:ERX1788126.27507265.2	96.296	54	2	0	1827	1880	54	1	3.75e-14	89.8
CFAV-Zik_Uganda_2016	SRA:ERX1788126.8327208.1	97.917	48	0	1	4632	4678	1	48	6.27e-12	82.4
CFAV-Zik_Uganda_2016	SRA:ERX1788126.9095196.1	97.674	43	1	0	4964	5006	34	76	1.05e-09	75.0
