CFAV-Bangkok_Thailand_2015	SRA:ERX240768.15217295.1	100.000	76	0	0	3899	3974	1	76	3.28e-30	141
CFAV-Bangkok_Thailand_2015	SRA:ERX240768.9595918.1	100.000	76	0	0	3552	3627	76	1	3.28e-30	141
CFAV-Bangkok_Thailand_2015	SRA:ERX240768.6695366.1	100.000	76	0	0	3914	3989	76	1	3.28e-30	141
CFAV-Bangkok_Thailand_2015	SRA:ERX240768.4684817.1	100.000	76	0	0	5624	5699	1	76	3.28e-30	141
CFAV-Bangkok_Thailand_2015	SRA:ERX240768.877604.1	100.000	76	0	0	3552	3627	76	1	3.28e-30	141
CFAV-Bangkok_Thailand_2015	SRA:ERX240768.25822245.1	98.684	76	1	0	5033	5108	1	76	1.53e-28	135
CFAV-Bangkok_Thailand_2015	SRA:ERX240768.21704059.1	98.684	76	1	0	3816	3891	76	1	1.53e-28	135
CFAV-Bangkok_Thailand_2015	SRA:ERX240768.21428024.1	98.684	76	1	0	5515	5590	1	76	1.53e-28	135
CFAV-Bangkok_Thailand_2015	SRA:ERX240768.20100157.1	98.684	76	1	0	2150	2225	76	1	1.53e-28	135
CFAV-Bangkok_Thailand_2015	SRA:ERX240768.18038334.1	98.684	76	1	0	5033	5108	1	76	1.53e-28	135
CFAV-Bangkok_Thailand_2015	SRA:ERX240768.15266973.1	98.684	76	1	0	5221	5296	1	76	1.53e-28	135
CFAV-Bangkok_Thailand_2015	SRA:ERX240768.15171280.1	98.684	76	1	0	2309	2384	76	1	1.53e-28	135
CFAV-Bangkok_Thailand_2015	SRA:ERX240768.14311402.1	98.684	76	1	0	5256	5331	76	1	1.53e-28	135
CFAV-Bangkok_Thailand_2015	SRA:ERX240768.14169621.1	98.684	76	1	0	5258	5333	1	76	1.53e-28	135
CFAV-Bangkok_Thailand_2015	SRA:ERX240768.13781381.1	98.684	76	1	0	3552	3627	76	1	1.53e-28	135
CFAV-Bangkok_Thailand_2015	SRA:ERX240768.13350371.1	98.684	76	1	0	3816	3891	76	1	1.53e-28	135
CFAV-Bangkok_Thailand_2015	SRA:ERX240768.13161916.1	98.684	76	1	0	2832	2907	1	76	1.53e-28	135
CFAV-Bangkok_Thailand_2015	SRA:ERX240768.11042074.1	98.684	76	1	0	5515	5590	1	76	1.53e-28	135
CFAV-Bangkok_Thailand_2015	SRA:ERX240768.10898660.1	98.684	76	1	0	2062	2137	76	1	1.53e-28	135
CFAV-Bangkok_Thailand_2015	SRA:ERX240768.9551280.1	98.684	76	1	0	3747	3822	76	1	1.53e-28	135
CFAV-Bangkok_Thailand_2015	SRA:ERX240768.8321560.1	98.684	76	1	0	766	841	1	76	1.53e-28	135
CFAV-Bangkok_Thailand_2015	SRA:ERX240768.7549042.1	98.684	76	1	0	3859	3934	76	1	1.53e-28	135
CFAV-Bangkok_Thailand_2015	SRA:ERX240768.7156660.1	98.684	76	1	0	5014	5089	1	76	1.53e-28	135
CFAV-Bangkok_Thailand_2015	SRA:ERX240768.7012801.1	98.684	76	1	0	997	1072	1	76	1.53e-28	135
CFAV-Bangkok_Thailand_2015	SRA:ERX240768.5892644.1	98.684	76	1	0	3663	3738	1	76	1.53e-28	135
CFAV-Bangkok_Thailand_2015	SRA:ERX240768.4141844.1	98.684	76	1	0	3663	3738	1	76	1.53e-28	135
CFAV-Bangkok_Thailand_2015	SRA:ERX240768.1456077.1	98.684	76	1	0	2832	2907	1	76	1.53e-28	135
CFAV-Bangkok_Thailand_2015	SRA:ERX240768.1429097.1	98.684	76	1	0	6033	6108	1	76	1.53e-28	135
CFAV-Bangkok_Thailand_2015	SRA:ERX240768.538620.1	98.684	76	1	0	3690	3765	76	1	1.53e-28	135
CFAV-Bangkok_Thailand_2015	SRA:ERX240768.26372437.1	98.667	75	1	0	6025	6099	2	76	5.49e-28	134
CFAV-Bangkok_Thailand_2015	SRA:ERX240768.26290336.1	98.667	75	1	0	2824	2898	2	76	5.49e-28	134
CFAV-Bangkok_Thailand_2015	SRA:ERX240768.23169800.1	100.000	72	0	0	2290	2361	1	72	5.49e-28	134
CFAV-Bangkok_Thailand_2015	SRA:ERX240768.20728040.1	98.667	75	1	0	3680	3754	2	76	5.49e-28	134
CFAV-Bangkok_Thailand_2015	SRA:ERX240768.10421696.1	100.000	72	0	0	2290	2361	1	72	5.49e-28	134
CFAV-Bangkok_Thailand_2015	SRA:ERX240768.6655033.1	98.667	75	1	0	2824	2898	2	76	5.49e-28	134
CFAV-Bangkok_Thailand_2015	SRA:ERX240768.1050891.1	98.667	75	1	0	5260	5334	1	75	5.49e-28	134
CFAV-Bangkok_Thailand_2015	SRA:ERX240768.24205498.1	97.368	76	2	0	2150	2225	76	1	1.97e-27	132
CFAV-Bangkok_Thailand_2015	SRA:ERX240768.26156292.1	97.368	76	2	0	4324	4399	76	1	7.10e-27	130
CFAV-Bangkok_Thailand_2015	SRA:ERX240768.25745598.1	97.368	76	2	0	6077	6152	1	76	7.10e-27	130
CFAV-Bangkok_Thailand_2015	SRA:ERX240768.25447617.1	97.368	76	2	0	2040	2115	76	1	7.10e-27	130
CFAV-Bangkok_Thailand_2015	SRA:ERX240768.22877843.1	97.368	76	2	0	3080	3155	1	76	7.10e-27	130
CFAV-Bangkok_Thailand_2015	SRA:ERX240768.22754950.1	97.368	76	2	0	6368	6443	76	1	7.10e-27	130
CFAV-Bangkok_Thailand_2015	SRA:ERX240768.21639540.1	97.368	76	2	0	6348	6423	76	1	7.10e-27	130
CFAV-Bangkok_Thailand_2015	SRA:ERX240768.19998999.1	97.368	76	2	0	6359	6434	76	1	7.10e-27	130
CFAV-Bangkok_Thailand_2015	SRA:ERX240768.18970088.1	97.368	76	2	0	937	1012	1	76	7.10e-27	130
CFAV-Bangkok_Thailand_2015	SRA:ERX240768.18526743.1	97.368	76	2	0	937	1012	1	76	7.10e-27	130
CFAV-Bangkok_Thailand_2015	SRA:ERX240768.17955102.1	97.368	76	2	0	4335	4410	76	1	7.10e-27	130
CFAV-Bangkok_Thailand_2015	SRA:ERX240768.17797810.1	97.368	76	2	0	3834	3909	76	1	7.10e-27	130
CFAV-Bangkok_Thailand_2015	SRA:ERX240768.17640232.1	97.368	76	2	0	4325	4400	76	1	7.10e-27	130
CFAV-Bangkok_Thailand_2015	SRA:ERX240768.16851028.1	97.368	76	2	0	6350	6425	76	1	7.10e-27	130
CFAV-Bangkok_Thailand_2015	SRA:ERX240768.15686447.1	97.368	76	2	0	2026	2101	76	1	7.10e-27	130
CFAV-Bangkok_Thailand_2015	SRA:ERX240768.15129028.1	97.368	76	2	0	4324	4399	76	1	7.10e-27	130
CFAV-Bangkok_Thailand_2015	SRA:ERX240768.14553829.1	97.368	76	2	0	937	1012	1	76	7.10e-27	130
CFAV-Bangkok_Thailand_2015	SRA:ERX240768.13416604.1	97.368	76	2	0	6348	6423	76	1	7.10e-27	130
CFAV-Bangkok_Thailand_2015	SRA:ERX240768.13263561.1	97.368	76	2	0	2816	2891	1	76	7.10e-27	130
CFAV-Bangkok_Thailand_2015	SRA:ERX240768.13190800.1	97.368	76	2	0	3680	3755	1	76	7.10e-27	130
CFAV-Bangkok_Thailand_2015	SRA:ERX240768.12983867.1	97.368	76	2	0	2792	2867	1	76	7.10e-27	130
CFAV-Bangkok_Thailand_2015	SRA:ERX240768.12190590.1	97.368	76	2	0	5001	5076	1	76	7.10e-27	130
CFAV-Bangkok_Thailand_2015	SRA:ERX240768.10536645.1	97.368	76	2	0	3528	3603	76	1	7.10e-27	130
CFAV-Bangkok_Thailand_2015	SRA:ERX240768.9876652.1	97.368	76	2	0	3834	3909	76	1	7.10e-27	130
CFAV-Bangkok_Thailand_2015	SRA:ERX240768.8463173.1	97.368	76	2	0	2571	2646	1	76	7.10e-27	130
CFAV-Bangkok_Thailand_2015	SRA:ERX240768.8028723.1	97.368	76	2	0	3056	3131	1	76	7.10e-27	130
CFAV-Bangkok_Thailand_2015	SRA:ERX240768.7332538.1	97.368	76	2	0	6348	6423	76	1	7.10e-27	130
CFAV-Bangkok_Thailand_2015	SRA:ERX240768.4561363.1	97.368	76	2	0	3797	3872	1	76	7.10e-27	130
CFAV-Bangkok_Thailand_2015	SRA:ERX240768.4358142.1	97.368	76	2	0	937	1012	1	76	7.10e-27	130
CFAV-Bangkok_Thailand_2015	SRA:ERX240768.3385377.1	97.368	76	2	0	2950	3025	76	1	7.10e-27	130
CFAV-Bangkok_Thailand_2015	SRA:ERX240768.2816080.1	97.368	76	2	0	2792	2867	1	76	7.10e-27	130
CFAV-Bangkok_Thailand_2015	SRA:ERX240768.2150887.1	97.368	76	2	0	943	1018	1	76	7.10e-27	130
CFAV-Bangkok_Thailand_2015	SRA:ERX240768.1844313.1	97.368	76	2	0	4325	4400	76	1	7.10e-27	130
CFAV-Bangkok_Thailand_2015	SRA:ERX240768.13050.1	97.368	76	2	0	6227	6302	76	1	7.10e-27	130
CFAV-Bangkok_Thailand_2015	SRA:ERX240768.25758499.1	97.333	75	2	0	2854	2928	2	76	2.55e-26	128
CFAV-Bangkok_Thailand_2015	SRA:ERX240768.23861171.1	97.333	75	2	0	4068	4142	1	75	2.55e-26	128
CFAV-Bangkok_Thailand_2015	SRA:ERX240768.15866029.1	97.333	75	2	0	2368	2442	75	1	2.55e-26	128
CFAV-Bangkok_Thailand_2015	SRA:ERX240768.1493930.1	97.333	75	2	0	937	1011	2	76	2.55e-26	128
CFAV-Bangkok_Thailand_2015	SRA:ERX240768.1286405.1	97.333	75	2	0	2368	2442	75	1	2.55e-26	128
CFAV-Bangkok_Thailand_2015	SRA:ERX240768.25200113.1	96.053	76	3	0	2915	2990	76	1	3.30e-25	124
CFAV-Bangkok_Thailand_2015	SRA:ERX240768.25027006.1	96.053	76	3	0	917	992	1	76	3.30e-25	124
CFAV-Bangkok_Thailand_2015	SRA:ERX240768.24959425.1	96.053	76	3	0	4355	4430	76	1	3.30e-25	124
CFAV-Bangkok_Thailand_2015	SRA:ERX240768.22870223.1	96.053	76	3	0	2900	2975	76	1	3.30e-25	124
CFAV-Bangkok_Thailand_2015	SRA:ERX240768.22721475.1	96.053	76	3	0	5716	5791	1	76	3.30e-25	124
CFAV-Bangkok_Thailand_2015	SRA:ERX240768.20678464.1	96.053	76	3	0	6005	6080	76	1	3.30e-25	124
CFAV-Bangkok_Thailand_2015	SRA:ERX240768.18959531.1	96.053	76	3	0	5043	5118	1	76	3.30e-25	124
CFAV-Bangkok_Thailand_2015	SRA:ERX240768.18353507.1	96.053	76	3	0	2816	2891	1	76	3.30e-25	124
CFAV-Bangkok_Thailand_2015	SRA:ERX240768.17070715.1	96.053	76	3	0	6337	6412	76	1	3.30e-25	124
CFAV-Bangkok_Thailand_2015	SRA:ERX240768.15786353.1	96.053	76	3	0	3145	3220	1	76	3.30e-25	124
CFAV-Bangkok_Thailand_2015	SRA:ERX240768.10148076.1	96.053	76	3	0	5358	5433	76	1	3.30e-25	124
CFAV-Bangkok_Thailand_2015	SRA:ERX240768.8762143.1	97.260	73	2	0	3184	3256	73	1	3.30e-25	124
CFAV-Bangkok_Thailand_2015	SRA:ERX240768.7812100.1	96.053	76	3	0	4062	4137	1	76	3.30e-25	124
CFAV-Bangkok_Thailand_2015	SRA:ERX240768.7156583.1	96.053	76	3	0	2916	2991	76	1	3.30e-25	124
CFAV-Bangkok_Thailand_2015	SRA:ERX240768.3088174.1	96.053	76	3	0	3144	3219	76	1	3.30e-25	124
CFAV-Bangkok_Thailand_2015	SRA:ERX240768.1665976.1	96.053	76	3	0	4978	5053	76	1	3.30e-25	124
CFAV-Bangkok_Thailand_2015	SRA:ERX240768.1472705.1	96.053	76	3	0	6208	6283	1	76	3.30e-25	124
CFAV-Bangkok_Thailand_2015	SRA:ERX240768.1145017.1	96.053	76	3	0	4062	4137	1	76	3.30e-25	124
CFAV-Bangkok_Thailand_2015	SRA:ERX240768.20431685.1	96.000	75	3	0	2916	2990	76	2	1.19e-24	122
CFAV-Bangkok_Thailand_2015	SRA:ERX240768.17111848.1	98.551	69	1	0	6214	6282	69	1	1.19e-24	122
CFAV-Bangkok_Thailand_2015	SRA:ERX240768.25777942.1	95.946	74	3	0	3316	3389	3	76	4.27e-24	121
CFAV-Bangkok_Thailand_2015	SRA:ERX240768.24002763.1	95.946	74	3	0	3839	3912	74	1	4.27e-24	121
CFAV-Bangkok_Thailand_2015	SRA:ERX240768.6408706.1	95.946	74	3	0	4309	4382	74	1	4.27e-24	121
CFAV-Bangkok_Thailand_2015	SRA:ERX240768.23262241.1	94.737	76	4	0	5991	6066	76	1	1.54e-23	119
CFAV-Bangkok_Thailand_2015	SRA:ERX240768.21475081.1	94.737	76	4	0	4385	4460	1	76	1.54e-23	119
CFAV-Bangkok_Thailand_2015	SRA:ERX240768.18848720.1	94.737	76	4	0	4319	4394	76	1	1.54e-23	119
CFAV-Bangkok_Thailand_2015	SRA:ERX240768.18445914.1	94.737	76	4	0	5148	5223	1	76	1.54e-23	119
CFAV-Bangkok_Thailand_2015	SRA:ERX240768.17996833.1	95.890	73	3	0	5795	5867	1	73	1.54e-23	119
CFAV-Bangkok_Thailand_2015	SRA:ERX240768.14556553.1	94.737	76	4	0	4302	4377	76	1	1.54e-23	119
CFAV-Bangkok_Thailand_2015	SRA:ERX240768.12918236.1	94.737	76	4	0	5109	5184	1	76	1.54e-23	119
CFAV-Bangkok_Thailand_2015	SRA:ERX240768.12490472.1	94.737	76	4	0	4269	4344	76	1	1.54e-23	119
CFAV-Bangkok_Thailand_2015	SRA:ERX240768.10350278.1	94.737	76	4	0	4355	4430	76	1	1.54e-23	119
CFAV-Bangkok_Thailand_2015	SRA:ERX240768.9552787.1	94.737	76	4	0	5109	5184	1	76	1.54e-23	119
CFAV-Bangkok_Thailand_2015	SRA:ERX240768.7552930.1	94.737	76	4	0	5991	6066	76	1	1.54e-23	119
CFAV-Bangkok_Thailand_2015	SRA:ERX240768.6820964.1	94.737	76	4	0	5148	5223	1	76	1.54e-23	119
CFAV-Bangkok_Thailand_2015	SRA:ERX240768.4190798.1	95.890	73	3	0	5945	6017	1	73	1.54e-23	119
CFAV-Bangkok_Thailand_2015	SRA:ERX240768.2168885.1	94.737	76	4	0	4384	4459	76	1	1.54e-23	119
CFAV-Bangkok_Thailand_2015	SRA:ERX240768.2087116.1	94.737	76	4	0	4283	4358	76	1	1.54e-23	119
CFAV-Bangkok_Thailand_2015	SRA:ERX240768.1701465.1	94.737	76	4	0	5109	5184	1	76	1.54e-23	119
CFAV-Bangkok_Thailand_2015	SRA:ERX240768.1587466.1	94.737	76	4	0	4283	4358	76	1	1.54e-23	119
CFAV-Bangkok_Thailand_2015	SRA:ERX240768.1199490.1	94.737	76	4	0	4400	4475	76	1	1.54e-23	119
CFAV-Bangkok_Thailand_2015	SRA:ERX240768.23541299.1	98.462	65	1	0	767	831	1	65	1.99e-22	115
CFAV-Bangkok_Thailand_2015	SRA:ERX240768.21350623.1	94.595	74	4	0	3316	3389	3	76	1.99e-22	115
CFAV-Bangkok_Thailand_2015	SRA:ERX240768.19609381.1	94.595	74	4	0	6139	6212	76	3	1.99e-22	115
CFAV-Bangkok_Thailand_2015	SRA:ERX240768.19188133.1	93.421	76	5	0	3394	3469	1	76	7.15e-22	113
CFAV-Bangkok_Thailand_2015	SRA:ERX240768.18121742.1	93.421	76	5	0	1995	2070	76	1	7.15e-22	113
CFAV-Bangkok_Thailand_2015	SRA:ERX240768.9408674.1	93.421	76	5	0	5370	5445	76	1	7.15e-22	113
CFAV-Bangkok_Thailand_2015	SRA:ERX240768.3684993.1	93.421	76	5	0	4954	5029	1	76	7.15e-22	113
CFAV-Bangkok_Thailand_2015	SRA:ERX240768.12975178.1	93.333	75	5	0	5126	5200	2	76	2.57e-21	111
CFAV-Bangkok_Thailand_2015	SRA:ERX240768.10154394.1	93.151	73	5	0	3333	3405	1	73	3.33e-20	108
CFAV-Bangkok_Thailand_2015	SRA:ERX240768.21991153.1	100.000	57	0	0	6501	6557	1	57	1.20e-19	106
CFAV-Bangkok_Thailand_2015	SRA:ERX240768.5596130.1	91.892	74	6	0	4180	4253	1	74	4.30e-19	104
CFAV-Bangkok_Thailand_2015	SRA:ERX240768.14497574.1	91.781	73	6	0	2428	2500	75	3	1.55e-18	102
CFAV-Bangkok_Thailand_2015	SRA:ERX240768.8441540.1	91.781	73	6	0	2428	2500	75	3	1.55e-18	102
CFAV-Bangkok_Thailand_2015	SRA:ERX240768.21210996.1	93.939	66	4	0	1809	1874	66	1	5.56e-18	100
CFAV-Bangkok_Thailand_2015	SRA:ERX240768.16274198.1	93.103	58	4	0	4385	4442	1	58	1.56e-13	86.1
CFAV-Bangkok_Thailand_2015	SRA:ERX240768.25718117.1	94.444	54	3	0	2419	2472	61	8	5.60e-13	84.2
CFAV-Bangkok_Thailand_2015	SRA:ERX240768.15246548.1	100.000	44	0	0	4381	4424	1	44	2.02e-12	82.4
CFAV-Bangkok_Thailand_2015	SRA:ERX240768.21808047.1	97.826	46	1	0	7304	7349	31	76	7.25e-12	80.5
CFAV-Bangkok_Thailand_2015	SRA:ERX240768.2036264.1	97.826	46	1	0	7304	7349	31	76	7.25e-12	80.5
CFAV-Bangkok_Thailand_2015	SRA:ERX240768.24359085.1	97.727	44	1	0	2107	2150	76	33	9.38e-11	76.8
CFAV-Bangkok_Thailand_2015	SRA:ERX240768.21665274.1	100.000	30	0	0	1058	1087	1	30	1.22e-04	56.5
CFAV-Bangkok_Thailand_2015	SRA:ERX240768.14517400.1	100.000	30	0	0	1058	1087	1	30	1.22e-04	56.5
NC_001564	SRA:ERX240768.25200113.1	100.000	76	0	0	2922	2997	76	1	3.29e-30	141
NC_001564	SRA:ERX240768.15866029.1	100.000	76	0	0	2374	2449	76	1	3.29e-30	141
NC_001564	SRA:ERX240768.15266973.1	100.000	76	0	0	5228	5303	1	76	3.29e-30	141
NC_001564	SRA:ERX240768.12918236.1	100.000	76	0	0	5116	5191	1	76	3.29e-30	141
NC_001564	SRA:ERX240768.10536645.1	100.000	76	0	0	3535	3610	76	1	3.29e-30	141
NC_001564	SRA:ERX240768.10148076.1	100.000	76	0	0	5365	5440	76	1	3.29e-30	141
NC_001564	SRA:ERX240768.9595918.1	100.000	76	0	0	3559	3634	76	1	3.29e-30	141
NC_001564	SRA:ERX240768.9552787.1	100.000	76	0	0	5116	5191	1	76	3.29e-30	141
NC_001564	SRA:ERX240768.7156583.1	100.000	76	0	0	2923	2998	76	1	3.29e-30	141
NC_001564	SRA:ERX240768.7012801.1	100.000	76	0	0	1004	1079	1	76	3.29e-30	141
NC_001564	SRA:ERX240768.4684817.1	100.000	76	0	0	5631	5706	1	76	3.29e-30	141
NC_001564	SRA:ERX240768.3385377.1	100.000	76	0	0	2957	3032	76	1	3.29e-30	141
NC_001564	SRA:ERX240768.1701465.1	100.000	76	0	0	5116	5191	1	76	3.29e-30	141
NC_001564	SRA:ERX240768.1286405.1	100.000	76	0	0	2374	2449	76	1	3.29e-30	141
NC_001564	SRA:ERX240768.877604.1	100.000	76	0	0	3559	3634	76	1	3.29e-30	141
NC_001564	SRA:ERX240768.23861171.1	100.000	75	0	0	4075	4149	1	75	1.18e-29	139
NC_001564	SRA:ERX240768.20431685.1	100.000	75	0	0	2923	2997	76	2	1.18e-29	139
NC_001564	SRA:ERX240768.12983867.1	100.000	74	0	0	2799	2872	1	74	4.25e-29	137
NC_001564	SRA:ERX240768.2816080.1	100.000	74	0	0	2799	2872	1	74	4.25e-29	137
NC_001564	SRA:ERX240768.25822245.1	98.684	76	1	0	5040	5115	1	76	1.53e-28	135
NC_001564	SRA:ERX240768.25027006.1	100.000	73	0	0	924	996	1	73	1.53e-28	135
NC_001564	SRA:ERX240768.22877843.1	98.684	76	1	0	3087	3162	1	76	1.53e-28	135
NC_001564	SRA:ERX240768.22754950.1	98.684	76	1	0	6375	6450	76	1	1.53e-28	135
NC_001564	SRA:ERX240768.22721475.1	98.684	76	1	0	5723	5798	1	76	1.53e-28	135
NC_001564	SRA:ERX240768.21704059.1	98.684	76	1	0	3823	3898	76	1	1.53e-28	135
NC_001564	SRA:ERX240768.21428024.1	98.684	76	1	0	5522	5597	1	76	1.53e-28	135
NC_001564	SRA:ERX240768.20100157.1	98.684	76	1	0	2157	2232	76	1	1.53e-28	135
NC_001564	SRA:ERX240768.18970088.1	98.684	76	1	0	944	1019	1	76	1.53e-28	135
NC_001564	SRA:ERX240768.18526743.1	98.684	76	1	0	944	1019	1	76	1.53e-28	135
NC_001564	SRA:ERX240768.18038334.1	98.684	76	1	0	5040	5115	1	76	1.53e-28	135
NC_001564	SRA:ERX240768.15171280.1	98.684	76	1	0	2316	2391	76	1	1.53e-28	135
NC_001564	SRA:ERX240768.14553829.1	98.684	76	1	0	944	1019	1	76	1.53e-28	135
NC_001564	SRA:ERX240768.14311402.1	98.684	76	1	0	5263	5338	76	1	1.53e-28	135
NC_001564	SRA:ERX240768.14169621.1	98.684	76	1	0	5265	5340	1	76	1.53e-28	135
NC_001564	SRA:ERX240768.13781381.1	98.684	76	1	0	3559	3634	76	1	1.53e-28	135
NC_001564	SRA:ERX240768.13350371.1	98.684	76	1	0	3823	3898	76	1	1.53e-28	135
NC_001564	SRA:ERX240768.13263561.1	98.684	76	1	0	2823	2898	1	76	1.53e-28	135
NC_001564	SRA:ERX240768.11042074.1	98.684	76	1	0	5522	5597	1	76	1.53e-28	135
NC_001564	SRA:ERX240768.9408674.1	98.684	76	1	0	5377	5452	76	1	1.53e-28	135
NC_001564	SRA:ERX240768.8463173.1	98.684	76	1	0	2578	2653	1	76	1.53e-28	135
NC_001564	SRA:ERX240768.8321560.1	98.684	76	1	0	773	848	1	76	1.53e-28	135
NC_001564	SRA:ERX240768.7812100.1	98.684	76	1	0	4069	4144	1	76	1.53e-28	135
NC_001564	SRA:ERX240768.6695366.1	98.684	76	1	0	3921	3996	76	1	1.53e-28	135
NC_001564	SRA:ERX240768.5892644.1	98.684	76	1	0	3670	3745	1	76	1.53e-28	135
NC_001564	SRA:ERX240768.5596130.1	98.684	76	1	0	4187	4262	1	76	1.53e-28	135
NC_001564	SRA:ERX240768.4561363.1	98.684	76	1	0	3804	3879	1	76	1.53e-28	135
NC_001564	SRA:ERX240768.4358142.1	98.684	76	1	0	944	1019	1	76	1.53e-28	135
NC_001564	SRA:ERX240768.4190798.1	98.684	76	1	0	5952	6027	1	76	1.53e-28	135
NC_001564	SRA:ERX240768.4141844.1	98.684	76	1	0	3670	3745	1	76	1.53e-28	135
NC_001564	SRA:ERX240768.2150887.1	98.684	76	1	0	950	1025	1	76	1.53e-28	135
NC_001564	SRA:ERX240768.1493930.1	98.684	76	1	0	943	1018	1	76	1.53e-28	135
NC_001564	SRA:ERX240768.1145017.1	98.684	76	1	0	4069	4144	1	76	1.53e-28	135
NC_001564	SRA:ERX240768.9551280.1	100.000	72	0	0	3758	3829	72	1	5.50e-28	134
NC_001564	SRA:ERX240768.24205498.1	97.368	76	2	0	2157	2232	76	1	1.98e-27	132
NC_001564	SRA:ERX240768.22870223.1	98.649	74	1	0	2909	2982	74	1	1.98e-27	132
NC_001564	SRA:ERX240768.1050891.1	98.649	74	1	0	5267	5340	1	74	1.98e-27	132
NC_001564	SRA:ERX240768.26372437.1	97.368	76	2	0	6031	6106	1	76	7.11e-27	130
NC_001564	SRA:ERX240768.26290336.1	97.368	76	2	0	2830	2905	1	76	7.11e-27	130
NC_001564	SRA:ERX240768.25745598.1	97.368	76	2	0	6084	6159	1	76	7.11e-27	130
NC_001564	SRA:ERX240768.24959425.1	97.368	76	2	0	4362	4437	76	1	7.11e-27	130
NC_001564	SRA:ERX240768.23262241.1	97.368	76	2	0	5998	6073	76	1	7.11e-27	130
NC_001564	SRA:ERX240768.21639540.1	97.368	76	2	0	6355	6430	76	1	7.11e-27	130
NC_001564	SRA:ERX240768.20678464.1	97.368	76	2	0	6012	6087	76	1	7.11e-27	130
NC_001564	SRA:ERX240768.19998999.1	97.368	76	2	0	6366	6441	76	1	7.11e-27	130
NC_001564	SRA:ERX240768.18959531.1	97.368	76	2	0	5050	5125	1	76	7.11e-27	130
NC_001564	SRA:ERX240768.18445914.1	97.368	76	2	0	5155	5230	1	76	7.11e-27	130
NC_001564	SRA:ERX240768.17955102.1	97.368	76	2	0	4342	4417	76	1	7.11e-27	130
NC_001564	SRA:ERX240768.17797810.1	97.368	76	2	0	3841	3916	76	1	7.11e-27	130
NC_001564	SRA:ERX240768.17070715.1	97.368	76	2	0	6344	6419	76	1	7.11e-27	130
NC_001564	SRA:ERX240768.16851028.1	97.368	76	2	0	6357	6432	76	1	7.11e-27	130
NC_001564	SRA:ERX240768.15217295.1	97.368	76	2	0	3906	3981	1	76	7.11e-27	130
NC_001564	SRA:ERX240768.13833394.1	97.368	76	2	0	5405	5480	76	1	7.11e-27	130
NC_001564	SRA:ERX240768.13416604.1	97.368	76	2	0	6355	6430	76	1	7.11e-27	130
NC_001564	SRA:ERX240768.12395697.1	97.368	76	2	0	5135	5210	76	1	7.11e-27	130
NC_001564	SRA:ERX240768.9876652.1	97.368	76	2	0	3841	3916	76	1	7.11e-27	130
NC_001564	SRA:ERX240768.8028723.1	97.368	76	2	0	3063	3138	1	76	7.11e-27	130
NC_001564	SRA:ERX240768.7552930.1	97.368	76	2	0	5998	6073	76	1	7.11e-27	130
NC_001564	SRA:ERX240768.7332538.1	97.368	76	2	0	6355	6430	76	1	7.11e-27	130
NC_001564	SRA:ERX240768.6820964.1	97.368	76	2	0	5155	5230	1	76	7.11e-27	130
NC_001564	SRA:ERX240768.6655033.1	97.368	76	2	0	2830	2905	1	76	7.11e-27	130
NC_001564	SRA:ERX240768.23169800.1	98.611	72	1	0	2297	2368	1	72	2.56e-26	128
NC_001564	SRA:ERX240768.10421696.1	98.611	72	1	0	2297	2368	1	72	2.56e-26	128
NC_001564	SRA:ERX240768.26156292.1	96.053	76	3	0	4331	4406	76	1	3.31e-25	124
NC_001564	SRA:ERX240768.25447617.1	96.053	76	3	0	2047	2122	76	1	3.31e-25	124
NC_001564	SRA:ERX240768.21475081.1	96.053	76	3	0	4392	4467	1	76	3.31e-25	124
NC_001564	SRA:ERX240768.19188133.1	96.053	76	3	0	3401	3476	1	76	3.31e-25	124
NC_001564	SRA:ERX240768.17640232.1	96.053	76	3	0	4332	4407	76	1	3.31e-25	124
NC_001564	SRA:ERX240768.16291421.1	96.053	76	3	0	5809	5884	1	76	3.31e-25	124
NC_001564	SRA:ERX240768.15786353.1	96.053	76	3	0	3152	3227	1	76	3.31e-25	124
NC_001564	SRA:ERX240768.15686447.1	96.053	76	3	0	2033	2108	76	1	3.31e-25	124
NC_001564	SRA:ERX240768.15129028.1	96.053	76	3	0	4331	4406	76	1	3.31e-25	124
NC_001564	SRA:ERX240768.14497574.1	96.053	76	3	0	2434	2509	76	1	3.31e-25	124
NC_001564	SRA:ERX240768.13161916.1	96.053	76	3	0	2839	2914	1	76	3.31e-25	124
NC_001564	SRA:ERX240768.10350278.1	96.053	76	3	0	4362	4437	76	1	3.31e-25	124
NC_001564	SRA:ERX240768.8441540.1	96.053	76	3	0	2434	2509	76	1	3.31e-25	124
NC_001564	SRA:ERX240768.8404659.1	96.053	76	3	0	5298	5373	1	76	3.31e-25	124
NC_001564	SRA:ERX240768.7549042.1	96.053	76	3	0	3866	3941	76	1	3.31e-25	124
NC_001564	SRA:ERX240768.7156660.1	96.053	76	3	0	5021	5096	1	76	3.31e-25	124
NC_001564	SRA:ERX240768.5363111.1	96.053	76	3	0	1951	2026	76	1	3.31e-25	124
NC_001564	SRA:ERX240768.5332182.1	96.053	76	3	0	6181	6256	1	76	3.31e-25	124
NC_001564	SRA:ERX240768.3684993.1	96.053	76	3	0	4961	5036	1	76	3.31e-25	124
NC_001564	SRA:ERX240768.3088174.1	96.053	76	3	0	3151	3226	76	1	3.31e-25	124
NC_001564	SRA:ERX240768.2277912.1	96.053	76	3	0	5809	5884	1	76	3.31e-25	124
NC_001564	SRA:ERX240768.2168885.1	96.053	76	3	0	4391	4466	76	1	3.31e-25	124
NC_001564	SRA:ERX240768.1844313.1	96.053	76	3	0	4332	4407	76	1	3.31e-25	124
NC_001564	SRA:ERX240768.1665976.1	96.053	76	3	0	4985	5060	76	1	3.31e-25	124
NC_001564	SRA:ERX240768.1472705.1	96.053	76	3	0	6215	6290	1	76	3.31e-25	124
NC_001564	SRA:ERX240768.1456077.1	96.053	76	3	0	2839	2914	1	76	3.31e-25	124
NC_001564	SRA:ERX240768.1429097.1	96.053	76	3	0	6040	6115	1	76	3.31e-25	124
NC_001564	SRA:ERX240768.1199490.1	96.053	76	3	0	4407	4482	76	1	3.31e-25	124
NC_001564	SRA:ERX240768.12975178.1	96.000	75	3	0	5133	5207	2	76	1.19e-24	122
NC_001564	SRA:ERX240768.25777942.1	95.946	74	3	0	3323	3396	3	76	4.28e-24	121
NC_001564	SRA:ERX240768.17996833.1	97.183	71	2	0	5804	5874	3	73	4.28e-24	121
NC_001564	SRA:ERX240768.23541299.1	98.529	68	0	1	774	840	1	68	1.54e-23	119
NC_001564	SRA:ERX240768.19282115.1	94.737	76	4	0	4269	4344	76	1	1.54e-23	119
NC_001564	SRA:ERX240768.18121742.1	94.737	76	4	0	2002	2077	76	1	1.54e-23	119
NC_001564	SRA:ERX240768.17111848.1	95.890	73	3	0	6217	6289	73	1	1.54e-23	119
NC_001564	SRA:ERX240768.16332062.1	94.737	76	4	0	4269	4344	76	1	1.54e-23	119
NC_001564	SRA:ERX240768.12190590.1	94.737	76	4	0	5008	5083	1	76	1.54e-23	119
NC_001564	SRA:ERX240768.10898660.1	94.737	76	4	0	2069	2144	76	1	1.54e-23	119
NC_001564	SRA:ERX240768.10154394.1	95.890	73	3	0	3340	3412	1	73	1.54e-23	119
NC_001564	SRA:ERX240768.538620.1	94.737	76	4	0	3697	3772	76	1	1.54e-23	119
NC_001564	SRA:ERX240768.25758499.1	94.667	75	4	0	2861	2935	2	76	5.54e-23	117
NC_001564	SRA:ERX240768.20728040.1	94.667	75	4	0	3687	3761	2	76	5.54e-23	117
NC_001564	SRA:ERX240768.21350623.1	94.595	74	4	0	3323	3396	3	76	1.99e-22	115
NC_001564	SRA:ERX240768.13190800.1	93.421	76	5	0	3687	3762	1	76	7.16e-22	113
NC_001564	SRA:ERX240768.8762143.1	97.015	67	2	0	3197	3263	67	1	7.16e-22	113
NC_001564	SRA:ERX240768.5990806.1	100.000	60	0	0	4238	4297	1	60	2.58e-21	111
NC_001564	SRA:ERX240768.249194.1	96.970	66	2	0	6273	6338	1	66	2.58e-21	111
NC_001564	SRA:ERX240768.21991153.1	100.000	57	0	0	6508	6564	1	57	1.20e-19	106
NC_001564	SRA:ERX240768.21210996.1	95.455	66	3	0	1816	1881	66	1	1.20e-19	106
NC_001564	SRA:ERX240768.12218498.1	94.286	70	3	1	4599	4667	1	70	1.20e-19	106
NC_001564	SRA:ERX240768.19354596.1	96.429	56	2	0	4261	4316	1	56	9.33e-16	93.5
NC_001564	SRA:ERX240768.16274198.1	96.364	55	2	0	4392	4446	1	55	3.36e-15	91.6
NC_001564	SRA:ERX240768.15246548.1	97.959	49	1	0	4388	4436	1	49	1.56e-13	86.1
NC_001564	SRA:ERX240768.25718117.1	92.982	57	4	0	2426	2482	61	5	5.62e-13	84.2
NC_001564	SRA:ERX240768.21808047.1	97.826	46	1	0	7311	7356	31	76	7.27e-12	80.5
NC_001564	SRA:ERX240768.2036264.1	97.826	46	1	0	7311	7356	31	76	7.27e-12	80.5
NC_001564	SRA:ERX240768.21665274.1	100.000	30	0	0	1065	1094	1	30	1.22e-04	56.5
NC_001564	SRA:ERX240768.14517400.1	100.000	30	0	0	1065	1094	1	30	1.22e-04	56.5
CFAV-Cairns_Australia_2014	SRA:ERX240768.22877843.1	100.000	76	0	0	3086	3161	1	76	3.29e-30	141
CFAV-Cairns_Australia_2014	SRA:ERX240768.21428024.1	100.000	76	0	0	5521	5596	1	76	3.29e-30	141
CFAV-Cairns_Australia_2014	SRA:ERX240768.15266973.1	100.000	76	0	0	5227	5302	1	76	3.29e-30	141
CFAV-Cairns_Australia_2014	SRA:ERX240768.15171280.1	100.000	76	0	0	2315	2390	76	1	3.29e-30	141
CFAV-Cairns_Australia_2014	SRA:ERX240768.13833394.1	100.000	76	0	0	5404	5479	76	1	3.29e-30	141
CFAV-Cairns_Australia_2014	SRA:ERX240768.13263561.1	100.000	76	0	0	2822	2897	1	76	3.29e-30	141
CFAV-Cairns_Australia_2014	SRA:ERX240768.11042074.1	100.000	76	0	0	5521	5596	1	76	3.29e-30	141
CFAV-Cairns_Australia_2014	SRA:ERX240768.10148076.1	100.000	76	0	0	5364	5439	76	1	3.29e-30	141
CFAV-Cairns_Australia_2014	SRA:ERX240768.9551280.1	100.000	76	0	0	3753	3828	76	1	3.29e-30	141
CFAV-Cairns_Australia_2014	SRA:ERX240768.7012801.1	100.000	76	0	0	1003	1078	1	76	3.29e-30	141
CFAV-Cairns_Australia_2014	SRA:ERX240768.5892644.1	100.000	76	0	0	3669	3744	1	76	3.29e-30	141
CFAV-Cairns_Australia_2014	SRA:ERX240768.5596130.1	100.000	76	0	0	4186	4261	1	76	3.29e-30	141
CFAV-Cairns_Australia_2014	SRA:ERX240768.4684817.1	100.000	76	0	0	5630	5705	1	76	3.29e-30	141
CFAV-Cairns_Australia_2014	SRA:ERX240768.4141844.1	100.000	76	0	0	3669	3744	1	76	3.29e-30	141
CFAV-Cairns_Australia_2014	SRA:ERX240768.538620.1	100.000	76	0	0	3696	3771	76	1	3.29e-30	141
CFAV-Cairns_Australia_2014	SRA:ERX240768.20728040.1	100.000	75	0	0	3686	3760	2	76	1.18e-29	139
CFAV-Cairns_Australia_2014	SRA:ERX240768.26290336.1	98.684	76	1	0	2829	2904	1	76	1.53e-28	135
CFAV-Cairns_Australia_2014	SRA:ERX240768.25822245.1	98.684	76	1	0	5039	5114	1	76	1.53e-28	135
CFAV-Cairns_Australia_2014	SRA:ERX240768.25745598.1	98.684	76	1	0	6083	6158	1	76	1.53e-28	135
CFAV-Cairns_Australia_2014	SRA:ERX240768.25200113.1	98.684	76	1	0	2921	2996	76	1	1.53e-28	135
CFAV-Cairns_Australia_2014	SRA:ERX240768.25027006.1	100.000	73	0	0	923	995	1	73	1.53e-28	135
CFAV-Cairns_Australia_2014	SRA:ERX240768.24959425.1	98.684	76	1	0	4361	4436	76	1	1.53e-28	135
CFAV-Cairns_Australia_2014	SRA:ERX240768.22754950.1	98.684	76	1	0	6374	6449	76	1	1.53e-28	135
CFAV-Cairns_Australia_2014	SRA:ERX240768.21704059.1	98.684	76	1	0	3822	3897	76	1	1.53e-28	135
CFAV-Cairns_Australia_2014	SRA:ERX240768.21639540.1	98.684	76	1	0	6354	6429	76	1	1.53e-28	135
CFAV-Cairns_Australia_2014	SRA:ERX240768.21475081.1	98.684	76	1	0	4391	4466	1	76	1.53e-28	135
CFAV-Cairns_Australia_2014	SRA:ERX240768.20100157.1	98.684	76	1	0	2156	2231	76	1	1.53e-28	135
CFAV-Cairns_Australia_2014	SRA:ERX240768.19998999.1	98.684	76	1	0	6365	6440	76	1	1.53e-28	135
CFAV-Cairns_Australia_2014	SRA:ERX240768.19282115.1	98.684	76	1	0	4268	4343	76	1	1.53e-28	135
CFAV-Cairns_Australia_2014	SRA:ERX240768.18970088.1	98.684	76	1	0	943	1018	1	76	1.53e-28	135
CFAV-Cairns_Australia_2014	SRA:ERX240768.18526743.1	98.684	76	1	0	943	1018	1	76	1.53e-28	135
CFAV-Cairns_Australia_2014	SRA:ERX240768.18353507.1	98.684	76	1	0	2822	2897	1	76	1.53e-28	135
CFAV-Cairns_Australia_2014	SRA:ERX240768.18038334.1	98.684	76	1	0	5039	5114	1	76	1.53e-28	135
CFAV-Cairns_Australia_2014	SRA:ERX240768.17996833.1	100.000	73	0	0	5801	5873	1	73	1.53e-28	135
CFAV-Cairns_Australia_2014	SRA:ERX240768.17797810.1	98.684	76	1	0	3840	3915	76	1	1.53e-28	135
CFAV-Cairns_Australia_2014	SRA:ERX240768.17070715.1	98.684	76	1	0	6343	6418	76	1	1.53e-28	135
CFAV-Cairns_Australia_2014	SRA:ERX240768.16851028.1	98.684	76	1	0	6356	6431	76	1	1.53e-28	135
CFAV-Cairns_Australia_2014	SRA:ERX240768.16332062.1	98.684	76	1	0	4268	4343	76	1	1.53e-28	135
CFAV-Cairns_Australia_2014	SRA:ERX240768.16291421.1	98.684	76	1	0	5808	5883	1	76	1.53e-28	135
CFAV-Cairns_Australia_2014	SRA:ERX240768.15866029.1	98.684	76	1	0	2373	2448	76	1	1.53e-28	135
CFAV-Cairns_Australia_2014	SRA:ERX240768.14553829.1	98.684	76	1	0	943	1018	1	76	1.53e-28	135
CFAV-Cairns_Australia_2014	SRA:ERX240768.13416604.1	98.684	76	1	0	6354	6429	76	1	1.53e-28	135
CFAV-Cairns_Australia_2014	SRA:ERX240768.13350371.1	98.684	76	1	0	3822	3897	76	1	1.53e-28	135
CFAV-Cairns_Australia_2014	SRA:ERX240768.13190800.1	98.684	76	1	0	3686	3761	1	76	1.53e-28	135
CFAV-Cairns_Australia_2014	SRA:ERX240768.12983867.1	98.684	76	1	0	2798	2873	1	76	1.53e-28	135
CFAV-Cairns_Australia_2014	SRA:ERX240768.10536645.1	98.684	76	1	0	3534	3609	76	1	1.53e-28	135
CFAV-Cairns_Australia_2014	SRA:ERX240768.9876652.1	98.684	76	1	0	3840	3915	76	1	1.53e-28	135
CFAV-Cairns_Australia_2014	SRA:ERX240768.9595918.1	98.684	76	1	0	3558	3633	76	1	1.53e-28	135
CFAV-Cairns_Australia_2014	SRA:ERX240768.9408674.1	98.684	76	1	0	5376	5451	76	1	1.53e-28	135
CFAV-Cairns_Australia_2014	SRA:ERX240768.8321560.1	98.684	76	1	0	772	847	1	76	1.53e-28	135
CFAV-Cairns_Australia_2014	SRA:ERX240768.7332538.1	98.684	76	1	0	6354	6429	76	1	1.53e-28	135
CFAV-Cairns_Australia_2014	SRA:ERX240768.7156583.1	98.684	76	1	0	2922	2997	76	1	1.53e-28	135
CFAV-Cairns_Australia_2014	SRA:ERX240768.6655033.1	98.684	76	1	0	2829	2904	1	76	1.53e-28	135
CFAV-Cairns_Australia_2014	SRA:ERX240768.4561363.1	98.684	76	1	0	3803	3878	1	76	1.53e-28	135
CFAV-Cairns_Australia_2014	SRA:ERX240768.4358142.1	98.684	76	1	0	943	1018	1	76	1.53e-28	135
CFAV-Cairns_Australia_2014	SRA:ERX240768.2816080.1	98.684	76	1	0	2798	2873	1	76	1.53e-28	135
CFAV-Cairns_Australia_2014	SRA:ERX240768.2277912.1	98.684	76	1	0	5808	5883	1	76	1.53e-28	135
CFAV-Cairns_Australia_2014	SRA:ERX240768.2168885.1	98.684	76	1	0	4390	4465	76	1	1.53e-28	135
CFAV-Cairns_Australia_2014	SRA:ERX240768.2150887.1	98.684	76	1	0	949	1024	1	76	1.53e-28	135
CFAV-Cairns_Australia_2014	SRA:ERX240768.1665976.1	98.684	76	1	0	4984	5059	76	1	1.53e-28	135
CFAV-Cairns_Australia_2014	SRA:ERX240768.1493930.1	98.684	76	1	0	942	1017	1	76	1.53e-28	135
CFAV-Cairns_Australia_2014	SRA:ERX240768.1472705.1	98.684	76	1	0	6214	6289	1	76	1.53e-28	135
CFAV-Cairns_Australia_2014	SRA:ERX240768.1286405.1	98.684	76	1	0	2373	2448	76	1	1.53e-28	135
CFAV-Cairns_Australia_2014	SRA:ERX240768.1199490.1	98.684	76	1	0	4406	4481	76	1	1.53e-28	135
CFAV-Cairns_Australia_2014	SRA:ERX240768.877604.1	98.684	76	1	0	3558	3633	76	1	1.53e-28	135
CFAV-Cairns_Australia_2014	SRA:ERX240768.23861171.1	98.667	75	1	0	4074	4148	1	75	5.50e-28	134
CFAV-Cairns_Australia_2014	SRA:ERX240768.23169800.1	100.000	72	0	0	2296	2367	1	72	5.50e-28	134
CFAV-Cairns_Australia_2014	SRA:ERX240768.20431685.1	98.667	75	1	0	2922	2996	76	2	5.50e-28	134
CFAV-Cairns_Australia_2014	SRA:ERX240768.10421696.1	100.000	72	0	0	2296	2367	1	72	5.50e-28	134
CFAV-Cairns_Australia_2014	SRA:ERX240768.8463173.1	98.667	75	1	0	2578	2652	2	76	5.50e-28	134
CFAV-Cairns_Australia_2014	SRA:ERX240768.24205498.1	97.368	76	2	0	2156	2231	76	1	1.98e-27	132
CFAV-Cairns_Australia_2014	SRA:ERX240768.22870223.1	98.649	74	1	0	2908	2981	74	1	1.98e-27	132
CFAV-Cairns_Australia_2014	SRA:ERX240768.26372437.1	97.368	76	2	0	6030	6105	1	76	7.11e-27	130
CFAV-Cairns_Australia_2014	SRA:ERX240768.26156292.1	97.368	76	2	0	4330	4405	76	1	7.11e-27	130
CFAV-Cairns_Australia_2014	SRA:ERX240768.22721475.1	97.368	76	2	0	5722	5797	1	76	7.11e-27	130
CFAV-Cairns_Australia_2014	SRA:ERX240768.17955102.1	97.368	76	2	0	4341	4416	76	1	7.11e-27	130
CFAV-Cairns_Australia_2014	SRA:ERX240768.17640232.1	97.368	76	2	0	4331	4406	76	1	7.11e-27	130
CFAV-Cairns_Australia_2014	SRA:ERX240768.17111848.1	98.630	73	1	0	6216	6288	73	1	7.11e-27	130
CFAV-Cairns_Australia_2014	SRA:ERX240768.15786353.1	97.368	76	2	0	3151	3226	1	76	7.11e-27	130
CFAV-Cairns_Australia_2014	SRA:ERX240768.15217295.1	97.368	76	2	0	3905	3980	1	76	7.11e-27	130
CFAV-Cairns_Australia_2014	SRA:ERX240768.15129028.1	97.368	76	2	0	4330	4405	76	1	7.11e-27	130
CFAV-Cairns_Australia_2014	SRA:ERX240768.14497574.1	97.368	76	2	0	2433	2508	76	1	7.11e-27	130
CFAV-Cairns_Australia_2014	SRA:ERX240768.14311402.1	97.368	76	2	0	5262	5337	76	1	7.11e-27	130
CFAV-Cairns_Australia_2014	SRA:ERX240768.14169621.1	97.368	76	2	0	5264	5339	1	76	7.11e-27	130
CFAV-Cairns_Australia_2014	SRA:ERX240768.13781381.1	97.368	76	2	0	3558	3633	76	1	7.11e-27	130
CFAV-Cairns_Australia_2014	SRA:ERX240768.13161916.1	97.368	76	2	0	2838	2913	1	76	7.11e-27	130
CFAV-Cairns_Australia_2014	SRA:ERX240768.12918236.1	97.368	76	2	0	5115	5190	1	76	7.11e-27	130
CFAV-Cairns_Australia_2014	SRA:ERX240768.12490472.1	97.368	76	2	0	4275	4350	76	1	7.11e-27	130
CFAV-Cairns_Australia_2014	SRA:ERX240768.10350278.1	97.368	76	2	0	4361	4436	76	1	7.11e-27	130
CFAV-Cairns_Australia_2014	SRA:ERX240768.9552787.1	97.368	76	2	0	5115	5190	1	76	7.11e-27	130
CFAV-Cairns_Australia_2014	SRA:ERX240768.8441540.1	97.368	76	2	0	2433	2508	76	1	7.11e-27	130
CFAV-Cairns_Australia_2014	SRA:ERX240768.8028723.1	97.368	76	2	0	3062	3137	1	76	7.11e-27	130
CFAV-Cairns_Australia_2014	SRA:ERX240768.7812100.1	97.368	76	2	0	4068	4143	1	76	7.11e-27	130
CFAV-Cairns_Australia_2014	SRA:ERX240768.7549042.1	97.368	76	2	0	3865	3940	76	1	7.11e-27	130
CFAV-Cairns_Australia_2014	SRA:ERX240768.7156660.1	97.368	76	2	0	5020	5095	1	76	7.11e-27	130
CFAV-Cairns_Australia_2014	SRA:ERX240768.6695366.1	97.368	76	2	0	3920	3995	76	1	7.11e-27	130
CFAV-Cairns_Australia_2014	SRA:ERX240768.6408706.1	97.368	76	2	0	4313	4388	76	1	7.11e-27	130
CFAV-Cairns_Australia_2014	SRA:ERX240768.5332182.1	97.368	76	2	0	6180	6255	1	76	7.11e-27	130
CFAV-Cairns_Australia_2014	SRA:ERX240768.3684993.1	97.368	76	2	0	4960	5035	1	76	7.11e-27	130
CFAV-Cairns_Australia_2014	SRA:ERX240768.3385377.1	97.368	76	2	0	2956	3031	76	1	7.11e-27	130
CFAV-Cairns_Australia_2014	SRA:ERX240768.3088174.1	97.368	76	2	0	3150	3225	76	1	7.11e-27	130
CFAV-Cairns_Australia_2014	SRA:ERX240768.1844313.1	97.368	76	2	0	4331	4406	76	1	7.11e-27	130
CFAV-Cairns_Australia_2014	SRA:ERX240768.1701465.1	97.368	76	2	0	5115	5190	1	76	7.11e-27	130
CFAV-Cairns_Australia_2014	SRA:ERX240768.1456077.1	97.368	76	2	0	2838	2913	1	76	7.11e-27	130
CFAV-Cairns_Australia_2014	SRA:ERX240768.1429097.1	97.368	76	2	0	6039	6114	1	76	7.11e-27	130
CFAV-Cairns_Australia_2014	SRA:ERX240768.1145017.1	97.368	76	2	0	4068	4143	1	76	7.11e-27	130
CFAV-Cairns_Australia_2014	SRA:ERX240768.1050891.1	97.368	76	2	0	5266	5341	1	76	7.11e-27	130
CFAV-Cairns_Australia_2014	SRA:ERX240768.13050.1	97.368	76	2	0	6233	6308	76	1	7.11e-27	130
CFAV-Cairns_Australia_2014	SRA:ERX240768.25758499.1	97.333	75	2	0	2860	2934	2	76	2.56e-26	128
CFAV-Cairns_Australia_2014	SRA:ERX240768.23843798.1	97.333	75	2	0	5311	5385	75	1	2.56e-26	128
CFAV-Cairns_Australia_2014	SRA:ERX240768.14556553.1	97.333	75	2	0	4309	4383	75	1	2.56e-26	128
CFAV-Cairns_Australia_2014	SRA:ERX240768.12190590.1	97.333	75	2	0	5007	5081	1	75	2.56e-26	128
CFAV-Cairns_Australia_2014	SRA:ERX240768.25777942.1	97.297	74	2	0	3322	3395	3	76	9.20e-26	126
CFAV-Cairns_Australia_2014	SRA:ERX240768.24288511.1	96.053	76	3	0	4277	4352	76	1	9.20e-26	126
CFAV-Cairns_Australia_2014	SRA:ERX240768.24002763.1	97.297	74	2	0	3845	3918	74	1	9.20e-26	126
CFAV-Cairns_Australia_2014	SRA:ERX240768.25447617.1	96.053	76	3	0	2046	2121	76	1	3.31e-25	124
CFAV-Cairns_Australia_2014	SRA:ERX240768.23262241.1	96.053	76	3	0	5997	6072	76	1	3.31e-25	124
CFAV-Cairns_Australia_2014	SRA:ERX240768.21844255.1	96.053	76	3	0	4331	4406	76	1	3.31e-25	124
CFAV-Cairns_Australia_2014	SRA:ERX240768.19609381.1	96.053	76	3	0	6145	6220	76	1	3.31e-25	124
CFAV-Cairns_Australia_2014	SRA:ERX240768.18959531.1	96.053	76	3	0	5049	5124	1	76	3.31e-25	124
CFAV-Cairns_Australia_2014	SRA:ERX240768.10898660.1	97.260	73	2	0	2071	2143	73	1	3.31e-25	124
CFAV-Cairns_Australia_2014	SRA:ERX240768.8404659.1	96.053	76	3	0	5297	5372	1	76	3.31e-25	124
CFAV-Cairns_Australia_2014	SRA:ERX240768.7552930.1	96.053	76	3	0	5997	6072	76	1	3.31e-25	124
CFAV-Cairns_Australia_2014	SRA:ERX240768.5363111.1	96.053	76	3	0	1950	2025	76	1	3.31e-25	124
CFAV-Cairns_Australia_2014	SRA:ERX240768.4190798.1	97.260	73	2	0	5951	6023	1	73	3.31e-25	124
CFAV-Cairns_Australia_2014	SRA:ERX240768.2087116.1	96.053	76	3	0	4289	4364	76	1	3.31e-25	124
CFAV-Cairns_Australia_2014	SRA:ERX240768.1587466.1	96.053	76	3	0	4289	4364	76	1	3.31e-25	124
CFAV-Cairns_Australia_2014	SRA:ERX240768.21350623.1	95.946	74	3	0	3322	3395	3	76	4.28e-24	121
CFAV-Cairns_Australia_2014	SRA:ERX240768.20678464.1	94.737	76	4	0	6011	6086	76	1	1.54e-23	119
CFAV-Cairns_Australia_2014	SRA:ERX240768.19188133.1	94.737	76	4	0	3400	3475	1	76	1.54e-23	119
CFAV-Cairns_Australia_2014	SRA:ERX240768.12395697.1	94.737	76	4	0	5134	5209	76	1	1.54e-23	119
CFAV-Cairns_Australia_2014	SRA:ERX240768.10154394.1	95.890	73	3	0	3339	3411	1	73	1.54e-23	119
CFAV-Cairns_Australia_2014	SRA:ERX240768.249194.1	98.485	66	1	0	6272	6337	1	66	5.54e-23	117
CFAV-Cairns_Australia_2014	SRA:ERX240768.23541299.1	98.462	65	1	0	773	837	1	65	1.99e-22	115
CFAV-Cairns_Australia_2014	SRA:ERX240768.21210996.1	96.970	66	2	0	1815	1880	66	1	2.58e-21	111
CFAV-Cairns_Australia_2014	SRA:ERX240768.12975178.1	93.333	75	5	0	5132	5206	2	76	2.58e-21	111
CFAV-Cairns_Australia_2014	SRA:ERX240768.5990806.1	100.000	60	0	0	4237	4296	1	60	2.58e-21	111
CFAV-Cairns_Australia_2014	SRA:ERX240768.16274198.1	98.276	58	1	0	4391	4448	1	58	1.55e-18	102
CFAV-Cairns_Australia_2014	SRA:ERX240768.12218498.1	92.857	70	4	1	4598	4666	1	70	5.58e-18	100
CFAV-Cairns_Australia_2014	SRA:ERX240768.19354596.1	98.214	56	1	0	4260	4315	1	56	2.01e-17	99.0
CFAV-Cairns_Australia_2014	SRA:ERX240768.21991153.1	96.491	57	2	0	6507	6563	1	57	2.60e-16	95.3
CFAV-Cairns_Australia_2014	SRA:ERX240768.25718117.1	94.737	57	3	0	2425	2481	61	5	1.21e-14	89.8
CFAV-Cairns_Australia_2014	SRA:ERX240768.15246548.1	97.959	49	1	0	4387	4435	1	49	1.56e-13	86.1
CFAV-Cairns_Australia_2014	SRA:ERX240768.15246548.1	92.308	39	3	0	4358	4396	76	38	1.22e-04	56.5
CFAV-Cairns_Australia_2014	SRA:ERX240768.21808047.1	97.826	46	1	0	7310	7355	31	76	7.27e-12	80.5
CFAV-Cairns_Australia_2014	SRA:ERX240768.2036264.1	97.826	46	1	0	7310	7355	31	76	7.27e-12	80.5
CFAV-Cairns_Australia_2014	SRA:ERX240768.21665274.1	100.000	30	0	0	1064	1093	1	30	1.22e-04	56.5
CFAV-Cairns_Australia_2014	SRA:ERX240768.14517400.1	100.000	30	0	0	1064	1093	1	30	1.22e-04	56.5
CFAV-Macapa2_Brazil_2017	SRA:ERX240768.26290336.1	100.000	76	0	0	2830	2905	1	76	3.29e-30	141
CFAV-Macapa2_Brazil_2017	SRA:ERX240768.22754950.1	100.000	76	0	0	6375	6450	76	1	3.29e-30	141
CFAV-Macapa2_Brazil_2017	SRA:ERX240768.19998999.1	100.000	76	0	0	6366	6441	76	1	3.29e-30	141
CFAV-Macapa2_Brazil_2017	SRA:ERX240768.16851028.1	100.000	76	0	0	6357	6432	76	1	3.29e-30	141
CFAV-Macapa2_Brazil_2017	SRA:ERX240768.13833394.1	100.000	76	0	0	5405	5480	76	1	3.29e-30	141
CFAV-Macapa2_Brazil_2017	SRA:ERX240768.13263561.1	100.000	76	0	0	2823	2898	1	76	3.29e-30	141
CFAV-Macapa2_Brazil_2017	SRA:ERX240768.12983867.1	100.000	76	0	0	2799	2874	1	76	3.29e-30	141
CFAV-Macapa2_Brazil_2017	SRA:ERX240768.10536645.1	100.000	76	0	0	3535	3610	76	1	3.29e-30	141
CFAV-Macapa2_Brazil_2017	SRA:ERX240768.10148076.1	100.000	76	0	0	5365	5440	76	1	3.29e-30	141
CFAV-Macapa2_Brazil_2017	SRA:ERX240768.9595918.1	100.000	76	0	0	3559	3634	76	1	3.29e-30	141
CFAV-Macapa2_Brazil_2017	SRA:ERX240768.8321560.1	100.000	76	0	0	773	848	1	76	3.29e-30	141
CFAV-Macapa2_Brazil_2017	SRA:ERX240768.7156660.1	100.000	76	0	0	5021	5096	1	76	3.29e-30	141
CFAV-Macapa2_Brazil_2017	SRA:ERX240768.7012801.1	100.000	76	0	0	1004	1079	1	76	3.29e-30	141
CFAV-Macapa2_Brazil_2017	SRA:ERX240768.6655033.1	100.000	76	0	0	2830	2905	1	76	3.29e-30	141
CFAV-Macapa2_Brazil_2017	SRA:ERX240768.2816080.1	100.000	76	0	0	2799	2874	1	76	3.29e-30	141
CFAV-Macapa2_Brazil_2017	SRA:ERX240768.877604.1	100.000	76	0	0	3559	3634	76	1	3.29e-30	141
CFAV-Macapa2_Brazil_2017	SRA:ERX240768.21639540.1	100.000	75	0	0	6356	6430	75	1	1.18e-29	139
CFAV-Macapa2_Brazil_2017	SRA:ERX240768.13416604.1	100.000	75	0	0	6356	6430	75	1	1.18e-29	139
CFAV-Macapa2_Brazil_2017	SRA:ERX240768.7332538.1	100.000	75	0	0	6356	6430	75	1	1.18e-29	139
CFAV-Macapa2_Brazil_2017	SRA:ERX240768.25027006.1	98.684	76	1	0	924	999	1	76	1.53e-28	135
CFAV-Macapa2_Brazil_2017	SRA:ERX240768.21428024.1	98.684	76	1	0	5522	5597	1	76	1.53e-28	135
CFAV-Macapa2_Brazil_2017	SRA:ERX240768.20728040.1	100.000	73	0	0	3687	3759	2	74	1.53e-28	135
CFAV-Macapa2_Brazil_2017	SRA:ERX240768.18970088.1	98.684	76	1	0	944	1019	1	76	1.53e-28	135
CFAV-Macapa2_Brazil_2017	SRA:ERX240768.18526743.1	98.684	76	1	0	944	1019	1	76	1.53e-28	135
CFAV-Macapa2_Brazil_2017	SRA:ERX240768.18353507.1	98.684	76	1	0	2823	2898	1	76	1.53e-28	135
CFAV-Macapa2_Brazil_2017	SRA:ERX240768.17070715.1	98.684	76	1	0	6344	6419	76	1	1.53e-28	135
CFAV-Macapa2_Brazil_2017	SRA:ERX240768.15266973.1	98.684	76	1	0	5228	5303	1	76	1.53e-28	135
CFAV-Macapa2_Brazil_2017	SRA:ERX240768.14553829.1	98.684	76	1	0	944	1019	1	76	1.53e-28	135
CFAV-Macapa2_Brazil_2017	SRA:ERX240768.14311402.1	98.684	76	1	0	5263	5338	76	1	1.53e-28	135
CFAV-Macapa2_Brazil_2017	SRA:ERX240768.14169621.1	98.684	76	1	0	5265	5340	1	76	1.53e-28	135
CFAV-Macapa2_Brazil_2017	SRA:ERX240768.13781381.1	98.684	76	1	0	3559	3634	76	1	1.53e-28	135
CFAV-Macapa2_Brazil_2017	SRA:ERX240768.13161916.1	100.000	73	0	0	2839	2911	1	73	1.53e-28	135
CFAV-Macapa2_Brazil_2017	SRA:ERX240768.11042074.1	98.684	76	1	0	5522	5597	1	76	1.53e-28	135
CFAV-Macapa2_Brazil_2017	SRA:ERX240768.9408674.1	98.684	76	1	0	5377	5452	76	1	1.53e-28	135
CFAV-Macapa2_Brazil_2017	SRA:ERX240768.7812100.1	98.684	76	1	0	4069	4144	1	76	1.53e-28	135
CFAV-Macapa2_Brazil_2017	SRA:ERX240768.5892644.1	98.684	76	1	0	3670	3745	1	76	1.53e-28	135
CFAV-Macapa2_Brazil_2017	SRA:ERX240768.4358142.1	98.684	76	1	0	944	1019	1	76	1.53e-28	135
CFAV-Macapa2_Brazil_2017	SRA:ERX240768.4141844.1	98.684	76	1	0	3670	3745	1	76	1.53e-28	135
CFAV-Macapa2_Brazil_2017	SRA:ERX240768.2150887.1	98.684	76	1	0	950	1025	1	76	1.53e-28	135
CFAV-Macapa2_Brazil_2017	SRA:ERX240768.1665976.1	98.684	76	1	0	4985	5060	76	1	1.53e-28	135
CFAV-Macapa2_Brazil_2017	SRA:ERX240768.1493930.1	98.684	76	1	0	943	1018	1	76	1.53e-28	135
CFAV-Macapa2_Brazil_2017	SRA:ERX240768.1456077.1	100.000	73	0	0	2839	2911	1	73	1.53e-28	135
CFAV-Macapa2_Brazil_2017	SRA:ERX240768.1145017.1	98.684	76	1	0	4069	4144	1	76	1.53e-28	135
CFAV-Macapa2_Brazil_2017	SRA:ERX240768.1050891.1	98.684	76	1	0	5267	5342	1	76	1.53e-28	135
CFAV-Macapa2_Brazil_2017	SRA:ERX240768.25758499.1	98.667	75	1	0	2861	2935	2	76	5.50e-28	134
CFAV-Macapa2_Brazil_2017	SRA:ERX240768.26156292.1	97.368	76	2	0	4331	4406	76	1	7.11e-27	130
CFAV-Macapa2_Brazil_2017	SRA:ERX240768.25822245.1	97.368	76	2	0	5040	5115	1	76	7.11e-27	130
CFAV-Macapa2_Brazil_2017	SRA:ERX240768.22870223.1	97.368	76	2	0	2907	2982	76	1	7.11e-27	130
CFAV-Macapa2_Brazil_2017	SRA:ERX240768.19188133.1	97.368	76	2	0	3401	3476	1	76	7.11e-27	130
CFAV-Macapa2_Brazil_2017	SRA:ERX240768.18038334.1	97.368	76	2	0	5040	5115	1	76	7.11e-27	130
CFAV-Macapa2_Brazil_2017	SRA:ERX240768.17996833.1	97.368	76	2	0	5802	5877	1	76	7.11e-27	130
CFAV-Macapa2_Brazil_2017	SRA:ERX240768.17797810.1	97.368	76	2	0	3841	3916	76	1	7.11e-27	130
CFAV-Macapa2_Brazil_2017	SRA:ERX240768.17640232.1	97.368	76	2	0	4332	4407	76	1	7.11e-27	130
CFAV-Macapa2_Brazil_2017	SRA:ERX240768.16291421.1	97.368	76	2	0	5809	5884	1	76	7.11e-27	130
CFAV-Macapa2_Brazil_2017	SRA:ERX240768.15866029.1	97.368	76	2	0	2374	2449	76	1	7.11e-27	130
CFAV-Macapa2_Brazil_2017	SRA:ERX240768.15217295.1	97.368	76	2	0	3906	3981	1	76	7.11e-27	130
CFAV-Macapa2_Brazil_2017	SRA:ERX240768.15129028.1	97.368	76	2	0	4331	4406	76	1	7.11e-27	130
CFAV-Macapa2_Brazil_2017	SRA:ERX240768.14556553.1	97.368	76	2	0	4309	4384	76	1	7.11e-27	130
CFAV-Macapa2_Brazil_2017	SRA:ERX240768.13190800.1	98.630	73	1	0	3687	3759	1	73	7.11e-27	130
CFAV-Macapa2_Brazil_2017	SRA:ERX240768.12190590.1	97.368	76	2	0	5008	5083	1	76	7.11e-27	130
CFAV-Macapa2_Brazil_2017	SRA:ERX240768.9876652.1	97.368	76	2	0	3841	3916	76	1	7.11e-27	130
CFAV-Macapa2_Brazil_2017	SRA:ERX240768.8463173.1	97.368	76	2	0	2578	2653	1	76	7.11e-27	130
CFAV-Macapa2_Brazil_2017	SRA:ERX240768.6695366.1	97.368	76	2	0	3921	3996	76	1	7.11e-27	130
CFAV-Macapa2_Brazil_2017	SRA:ERX240768.6408706.1	97.368	76	2	0	4314	4389	76	1	7.11e-27	130
CFAV-Macapa2_Brazil_2017	SRA:ERX240768.5363111.1	97.368	76	2	0	1951	2026	76	1	7.11e-27	130
CFAV-Macapa2_Brazil_2017	SRA:ERX240768.4561363.1	97.368	76	2	0	3804	3879	1	76	7.11e-27	130
CFAV-Macapa2_Brazil_2017	SRA:ERX240768.2277912.1	97.368	76	2	0	5809	5884	1	76	7.11e-27	130
CFAV-Macapa2_Brazil_2017	SRA:ERX240768.1844313.1	97.368	76	2	0	4332	4407	76	1	7.11e-27	130
CFAV-Macapa2_Brazil_2017	SRA:ERX240768.1286405.1	97.368	76	2	0	2374	2449	76	1	7.11e-27	130
CFAV-Macapa2_Brazil_2017	SRA:ERX240768.538620.1	97.368	76	2	0	3697	3772	76	1	7.11e-27	130
CFAV-Macapa2_Brazil_2017	SRA:ERX240768.9551280.1	97.333	75	2	0	3754	3828	76	2	2.56e-26	128
CFAV-Macapa2_Brazil_2017	SRA:ERX240768.4684817.1	97.333	75	2	0	5631	5705	1	75	2.56e-26	128
CFAV-Macapa2_Brazil_2017	SRA:ERX240768.25777942.1	97.297	74	2	0	3323	3396	3	76	9.20e-26	126
CFAV-Macapa2_Brazil_2017	SRA:ERX240768.7640633.1	97.297	74	2	0	3377	3450	3	76	9.20e-26	126
CFAV-Macapa2_Brazil_2017	SRA:ERX240768.25200113.1	96.053	76	3	0	2922	2997	76	1	3.31e-25	124
CFAV-Macapa2_Brazil_2017	SRA:ERX240768.23861171.1	96.053	76	3	0	4075	4150	1	76	3.31e-25	124
CFAV-Macapa2_Brazil_2017	SRA:ERX240768.22877843.1	96.053	76	3	0	3087	3162	1	76	3.31e-25	124
CFAV-Macapa2_Brazil_2017	SRA:ERX240768.22721475.1	96.053	76	3	0	5723	5798	1	76	3.31e-25	124
CFAV-Macapa2_Brazil_2017	SRA:ERX240768.21844255.1	96.053	76	3	0	4332	4407	76	1	3.31e-25	124
CFAV-Macapa2_Brazil_2017	SRA:ERX240768.21704059.1	96.053	76	3	0	3823	3898	76	1	3.31e-25	124
CFAV-Macapa2_Brazil_2017	SRA:ERX240768.20100157.1	96.053	76	3	0	2157	2232	76	1	3.31e-25	124
CFAV-Macapa2_Brazil_2017	SRA:ERX240768.18959531.1	96.053	76	3	0	5050	5125	1	76	3.31e-25	124
CFAV-Macapa2_Brazil_2017	SRA:ERX240768.18121742.1	96.053	76	3	0	2002	2077	76	1	3.31e-25	124
CFAV-Macapa2_Brazil_2017	SRA:ERX240768.15171280.1	96.053	76	3	0	2316	2391	76	1	3.31e-25	124
CFAV-Macapa2_Brazil_2017	SRA:ERX240768.13350371.1	96.053	76	3	0	3823	3898	76	1	3.31e-25	124
CFAV-Macapa2_Brazil_2017	SRA:ERX240768.12918236.1	96.053	76	3	0	5116	5191	1	76	3.31e-25	124
CFAV-Macapa2_Brazil_2017	SRA:ERX240768.10154394.1	97.260	73	2	0	3340	3412	1	73	3.31e-25	124
CFAV-Macapa2_Brazil_2017	SRA:ERX240768.9552787.1	96.053	76	3	0	5116	5191	1	76	3.31e-25	124
CFAV-Macapa2_Brazil_2017	SRA:ERX240768.7549042.1	96.053	76	3	0	3866	3941	76	1	3.31e-25	124
CFAV-Macapa2_Brazil_2017	SRA:ERX240768.7156583.1	96.053	76	3	0	2923	2998	76	1	3.31e-25	124
CFAV-Macapa2_Brazil_2017	SRA:ERX240768.5596130.1	96.053	76	3	0	4187	4262	1	76	3.31e-25	124
CFAV-Macapa2_Brazil_2017	SRA:ERX240768.1701465.1	96.053	76	3	0	5116	5191	1	76	3.31e-25	124
CFAV-Macapa2_Brazil_2017	SRA:ERX240768.23262241.1	96.000	75	3	0	5998	6072	76	2	1.19e-24	122
CFAV-Macapa2_Brazil_2017	SRA:ERX240768.23169800.1	97.222	72	2	0	2297	2368	1	72	1.19e-24	122
CFAV-Macapa2_Brazil_2017	SRA:ERX240768.20431685.1	96.000	75	3	0	2923	2997	76	2	1.19e-24	122
CFAV-Macapa2_Brazil_2017	SRA:ERX240768.10421696.1	97.222	72	2	0	2297	2368	1	72	1.19e-24	122
CFAV-Macapa2_Brazil_2017	SRA:ERX240768.7552930.1	96.000	75	3	0	5998	6072	76	2	1.19e-24	122
CFAV-Macapa2_Brazil_2017	SRA:ERX240768.3088174.1	96.000	75	3	0	3151	3225	76	2	1.19e-24	122
CFAV-Macapa2_Brazil_2017	SRA:ERX240768.24205498.1	94.737	76	4	0	2157	2232	76	1	4.28e-24	121
CFAV-Macapa2_Brazil_2017	SRA:ERX240768.24002763.1	95.946	74	3	0	3846	3919	74	1	4.28e-24	121
CFAV-Macapa2_Brazil_2017	SRA:ERX240768.23541299.1	100.000	65	0	0	774	838	1	65	4.28e-24	121
CFAV-Macapa2_Brazil_2017	SRA:ERX240768.21350623.1	95.946	74	3	0	3323	3396	3	76	4.28e-24	121
CFAV-Macapa2_Brazil_2017	SRA:ERX240768.17955102.1	97.183	71	2	0	4342	4412	76	6	4.28e-24	121
CFAV-Macapa2_Brazil_2017	SRA:ERX240768.15786353.1	97.183	71	2	0	3152	3222	1	71	4.28e-24	121
CFAV-Macapa2_Brazil_2017	SRA:ERX240768.2087116.1	95.946	74	3	0	4292	4365	74	1	4.28e-24	121
CFAV-Macapa2_Brazil_2017	SRA:ERX240768.1587466.1	95.946	74	3	0	4292	4365	74	1	4.28e-24	121
CFAV-Macapa2_Brazil_2017	SRA:ERX240768.15686447.1	94.737	76	4	0	2033	2108	76	1	1.54e-23	119
CFAV-Macapa2_Brazil_2017	SRA:ERX240768.14497574.1	94.737	76	4	0	2434	2509	76	1	1.54e-23	119
CFAV-Macapa2_Brazil_2017	SRA:ERX240768.12395697.1	94.737	76	4	0	5135	5210	76	1	1.54e-23	119
CFAV-Macapa2_Brazil_2017	SRA:ERX240768.8441540.1	94.737	76	4	0	2434	2509	76	1	1.54e-23	119
CFAV-Macapa2_Brazil_2017	SRA:ERX240768.5332182.1	94.737	76	4	0	6181	6256	1	76	1.54e-23	119
CFAV-Macapa2_Brazil_2017	SRA:ERX240768.3684993.1	94.737	76	4	0	4961	5036	1	76	1.54e-23	119
CFAV-Macapa2_Brazil_2017	SRA:ERX240768.249194.1	98.485	66	1	0	6273	6338	1	66	5.54e-23	117
CFAV-Macapa2_Brazil_2017	SRA:ERX240768.25745598.1	95.775	71	3	0	6089	6159	6	76	1.99e-22	115
CFAV-Macapa2_Brazil_2017	SRA:ERX240768.20678464.1	94.595	74	4	0	6012	6085	76	3	1.99e-22	115
CFAV-Macapa2_Brazil_2017	SRA:ERX240768.12490472.1	94.595	74	4	0	4277	4350	75	2	1.99e-22	115
CFAV-Macapa2_Brazil_2017	SRA:ERX240768.24959425.1	93.421	76	5	0	4362	4437	76	1	7.16e-22	113
CFAV-Macapa2_Brazil_2017	SRA:ERX240768.20260882.1	94.444	72	4	0	3349	3420	5	76	2.58e-21	111
CFAV-Macapa2_Brazil_2017	SRA:ERX240768.12975178.1	93.333	75	5	0	5133	5207	2	76	2.58e-21	111
CFAV-Macapa2_Brazil_2017	SRA:ERX240768.1048055.1	94.444	72	4	0	3349	3420	5	76	2.58e-21	111
CFAV-Macapa2_Brazil_2017	SRA:ERX240768.24288511.1	92.105	76	6	0	4278	4353	76	1	9.27e-21	110
CFAV-Macapa2_Brazil_2017	SRA:ERX240768.19282115.1	93.243	74	5	0	4271	4344	74	1	9.27e-21	110
CFAV-Macapa2_Brazil_2017	SRA:ERX240768.16332062.1	93.243	74	5	0	4271	4344	74	1	9.27e-21	110
CFAV-Macapa2_Brazil_2017	SRA:ERX240768.10350278.1	92.105	76	6	0	4362	4437	76	1	3.33e-20	108
CFAV-Macapa2_Brazil_2017	SRA:ERX240768.21991153.1	98.246	57	1	0	6508	6564	1	57	5.58e-18	100
CFAV-Macapa2_Brazil_2017	SRA:ERX240768.21808047.1	95.122	41	2	0	7313	7353	33	73	2.03e-07	65.8
CFAV-Macapa2_Brazil_2017	SRA:ERX240768.2036264.1	95.122	41	2	0	7313	7353	33	73	2.03e-07	65.8
CFAV-Macapa2_Brazil_2017	SRA:ERX240768.21665274.1	100.000	30	0	0	1065	1094	1	30	1.22e-04	56.5
CFAV-Macapa2_Brazil_2017	SRA:ERX240768.15246548.1	92.308	39	3	0	4359	4397	76	38	1.22e-04	56.5
CFAV-Macapa2_Brazil_2017	SRA:ERX240768.14517400.1	100.000	30	0	0	1065	1094	1	30	1.22e-04	56.5
CFAV-KC_Cambodia_2015	SRA:ERX240768.23861171.1	100.000	76	0	0	4086	4161	1	76	3.29e-30	141
CFAV-KC_Cambodia_2015	SRA:ERX240768.12983867.1	100.000	76	0	0	2810	2885	1	76	3.29e-30	141
CFAV-KC_Cambodia_2015	SRA:ERX240768.5892644.1	100.000	76	0	0	3681	3756	1	76	3.29e-30	141
CFAV-KC_Cambodia_2015	SRA:ERX240768.4141844.1	100.000	76	0	0	3681	3756	1	76	3.29e-30	141
CFAV-KC_Cambodia_2015	SRA:ERX240768.2816080.1	100.000	76	0	0	2810	2885	1	76	3.29e-30	141
CFAV-KC_Cambodia_2015	SRA:ERX240768.20728040.1	100.000	75	0	0	3698	3772	2	76	1.18e-29	139
CFAV-KC_Cambodia_2015	SRA:ERX240768.26290336.1	98.684	76	1	0	2841	2916	1	76	1.53e-28	135
CFAV-KC_Cambodia_2015	SRA:ERX240768.18970088.1	98.684	76	1	0	955	1030	1	76	1.53e-28	135
CFAV-KC_Cambodia_2015	SRA:ERX240768.18526743.1	98.684	76	1	0	955	1030	1	76	1.53e-28	135
CFAV-KC_Cambodia_2015	SRA:ERX240768.17955102.1	98.684	76	1	0	4353	4428	76	1	1.53e-28	135
CFAV-KC_Cambodia_2015	SRA:ERX240768.14553829.1	98.684	76	1	0	955	1030	1	76	1.53e-28	135
CFAV-KC_Cambodia_2015	SRA:ERX240768.13833394.1	100.000	73	0	0	5419	5491	73	1	1.53e-28	135
CFAV-KC_Cambodia_2015	SRA:ERX240768.13263561.1	98.684	76	1	0	2834	2909	1	76	1.53e-28	135
CFAV-KC_Cambodia_2015	SRA:ERX240768.13190800.1	98.684	76	1	0	3698	3773	1	76	1.53e-28	135
CFAV-KC_Cambodia_2015	SRA:ERX240768.13161916.1	98.684	76	1	0	2850	2925	1	76	1.53e-28	135
CFAV-KC_Cambodia_2015	SRA:ERX240768.10536645.1	98.684	76	1	0	3546	3621	76	1	1.53e-28	135
CFAV-KC_Cambodia_2015	SRA:ERX240768.7812100.1	98.684	76	1	0	4080	4155	1	76	1.53e-28	135
CFAV-KC_Cambodia_2015	SRA:ERX240768.7012801.1	98.684	76	1	0	1015	1090	1	76	1.53e-28	135
CFAV-KC_Cambodia_2015	SRA:ERX240768.6655033.1	98.684	76	1	0	2841	2916	1	76	1.53e-28	135
CFAV-KC_Cambodia_2015	SRA:ERX240768.4358142.1	98.684	76	1	0	955	1030	1	76	1.53e-28	135
CFAV-KC_Cambodia_2015	SRA:ERX240768.1493930.1	98.684	76	1	0	954	1029	1	76	1.53e-28	135
CFAV-KC_Cambodia_2015	SRA:ERX240768.1456077.1	98.684	76	1	0	2850	2925	1	76	1.53e-28	135
CFAV-KC_Cambodia_2015	SRA:ERX240768.1145017.1	98.684	76	1	0	4080	4155	1	76	1.53e-28	135
CFAV-KC_Cambodia_2015	SRA:ERX240768.538620.1	98.684	76	1	0	3708	3783	76	1	1.53e-28	135
CFAV-KC_Cambodia_2015	SRA:ERX240768.26372437.1	97.368	76	2	0	6042	6117	1	76	7.12e-27	130
CFAV-KC_Cambodia_2015	SRA:ERX240768.25027006.1	97.368	76	2	0	935	1010	1	76	7.12e-27	130
CFAV-KC_Cambodia_2015	SRA:ERX240768.22877843.1	97.368	76	2	0	3098	3173	1	76	7.12e-27	130
CFAV-KC_Cambodia_2015	SRA:ERX240768.21704059.1	97.368	76	2	0	3834	3909	76	1	7.12e-27	130
CFAV-KC_Cambodia_2015	SRA:ERX240768.20678464.1	97.368	76	2	0	6023	6098	76	1	7.12e-27	130
CFAV-KC_Cambodia_2015	SRA:ERX240768.18445914.1	97.368	76	2	0	5166	5241	1	76	7.12e-27	130
CFAV-KC_Cambodia_2015	SRA:ERX240768.18353507.1	97.368	76	2	0	2834	2909	1	76	7.12e-27	130
CFAV-KC_Cambodia_2015	SRA:ERX240768.17640232.1	97.368	76	2	0	4343	4418	76	1	7.12e-27	130
CFAV-KC_Cambodia_2015	SRA:ERX240768.17070715.1	97.368	76	2	0	6355	6430	76	1	7.12e-27	130
CFAV-KC_Cambodia_2015	SRA:ERX240768.15266973.1	97.368	76	2	0	5239	5314	1	76	7.12e-27	130
CFAV-KC_Cambodia_2015	SRA:ERX240768.15217295.1	97.368	76	2	0	3917	3992	1	76	7.12e-27	130
CFAV-KC_Cambodia_2015	SRA:ERX240768.15171280.1	97.368	76	2	0	2327	2402	76	1	7.12e-27	130
CFAV-KC_Cambodia_2015	SRA:ERX240768.14311402.1	97.368	76	2	0	5274	5349	76	1	7.12e-27	130
CFAV-KC_Cambodia_2015	SRA:ERX240768.14169621.1	97.368	76	2	0	5276	5351	1	76	7.12e-27	130
CFAV-KC_Cambodia_2015	SRA:ERX240768.13350371.1	97.368	76	2	0	3834	3909	76	1	7.12e-27	130
CFAV-KC_Cambodia_2015	SRA:ERX240768.9595918.1	97.368	76	2	0	3570	3645	76	1	7.12e-27	130
CFAV-KC_Cambodia_2015	SRA:ERX240768.9551280.1	97.368	76	2	0	3765	3840	76	1	7.12e-27	130
CFAV-KC_Cambodia_2015	SRA:ERX240768.8321560.1	97.368	76	2	0	784	859	1	76	7.12e-27	130
CFAV-KC_Cambodia_2015	SRA:ERX240768.6820964.1	97.368	76	2	0	5166	5241	1	76	7.12e-27	130
CFAV-KC_Cambodia_2015	SRA:ERX240768.5332182.1	97.368	76	2	0	6192	6267	1	76	7.12e-27	130
CFAV-KC_Cambodia_2015	SRA:ERX240768.4561363.1	97.368	76	2	0	3815	3890	1	76	7.12e-27	130
CFAV-KC_Cambodia_2015	SRA:ERX240768.2150887.1	97.368	76	2	0	961	1036	1	76	7.12e-27	130
CFAV-KC_Cambodia_2015	SRA:ERX240768.1844313.1	97.368	76	2	0	4343	4418	76	1	7.12e-27	130
CFAV-KC_Cambodia_2015	SRA:ERX240768.1472705.1	97.368	76	2	0	6226	6301	1	76	7.12e-27	130
CFAV-KC_Cambodia_2015	SRA:ERX240768.1050891.1	97.368	76	2	0	5278	5353	1	76	7.12e-27	130
CFAV-KC_Cambodia_2015	SRA:ERX240768.877604.1	97.368	76	2	0	3570	3645	76	1	7.12e-27	130
CFAV-KC_Cambodia_2015	SRA:ERX240768.26156292.1	97.333	75	2	0	4343	4417	75	1	2.56e-26	128
CFAV-KC_Cambodia_2015	SRA:ERX240768.25758499.1	97.333	75	2	0	2872	2946	2	76	2.56e-26	128
CFAV-KC_Cambodia_2015	SRA:ERX240768.23169800.1	98.611	72	1	0	2308	2379	1	72	2.56e-26	128
CFAV-KC_Cambodia_2015	SRA:ERX240768.15129028.1	97.333	75	2	0	4343	4417	75	1	2.56e-26	128
CFAV-KC_Cambodia_2015	SRA:ERX240768.10421696.1	98.611	72	1	0	2308	2379	1	72	2.56e-26	128
CFAV-KC_Cambodia_2015	SRA:ERX240768.8463173.1	97.333	75	2	0	2590	2664	2	76	2.56e-26	128
CFAV-KC_Cambodia_2015	SRA:ERX240768.6695366.1	97.297	74	2	0	3934	4007	74	1	9.21e-26	126
CFAV-KC_Cambodia_2015	SRA:ERX240768.25822245.1	96.053	76	3	0	5051	5126	1	76	3.31e-25	124
CFAV-KC_Cambodia_2015	SRA:ERX240768.25447617.1	96.053	76	3	0	2058	2133	76	1	3.31e-25	124
CFAV-KC_Cambodia_2015	SRA:ERX240768.21844255.1	96.053	76	3	0	4343	4418	76	1	3.31e-25	124
CFAV-KC_Cambodia_2015	SRA:ERX240768.19998999.1	96.053	76	3	0	6377	6452	76	1	3.31e-25	124
CFAV-KC_Cambodia_2015	SRA:ERX240768.18959531.1	96.053	76	3	0	5061	5136	1	76	3.31e-25	124
CFAV-KC_Cambodia_2015	SRA:ERX240768.18038334.1	96.053	76	3	0	5051	5126	1	76	3.31e-25	124
CFAV-KC_Cambodia_2015	SRA:ERX240768.17996833.1	97.260	73	2	0	5813	5885	1	73	3.31e-25	124
CFAV-KC_Cambodia_2015	SRA:ERX240768.17797810.1	96.053	76	3	0	3852	3927	76	1	3.31e-25	124
CFAV-KC_Cambodia_2015	SRA:ERX240768.17111848.1	97.260	73	2	0	6228	6300	73	1	3.31e-25	124
CFAV-KC_Cambodia_2015	SRA:ERX240768.13781381.1	96.053	76	3	0	3570	3645	76	1	3.31e-25	124
CFAV-KC_Cambodia_2015	SRA:ERX240768.12395697.1	97.260	73	2	0	5149	5221	73	1	3.31e-25	124
CFAV-KC_Cambodia_2015	SRA:ERX240768.12190590.1	96.053	76	3	0	5019	5094	1	76	3.31e-25	124
CFAV-KC_Cambodia_2015	SRA:ERX240768.10154394.1	96.053	76	3	0	3351	3426	1	76	3.31e-25	124
CFAV-KC_Cambodia_2015	SRA:ERX240768.9876652.1	96.053	76	3	0	3852	3927	76	1	3.31e-25	124
CFAV-KC_Cambodia_2015	SRA:ERX240768.7156660.1	96.053	76	3	0	5032	5107	1	76	3.31e-25	124
CFAV-KC_Cambodia_2015	SRA:ERX240768.5363111.1	96.053	76	3	0	1962	2037	76	1	3.31e-25	124
CFAV-KC_Cambodia_2015	SRA:ERX240768.23262241.1	97.222	72	2	0	6013	6084	72	1	1.19e-24	122
CFAV-KC_Cambodia_2015	SRA:ERX240768.9408674.1	96.000	75	3	0	5389	5463	75	1	1.19e-24	122
CFAV-KC_Cambodia_2015	SRA:ERX240768.7552930.1	97.222	72	2	0	6013	6084	72	1	1.19e-24	122
CFAV-KC_Cambodia_2015	SRA:ERX240768.4684817.1	96.000	75	3	0	5642	5716	1	75	1.19e-24	122
CFAV-KC_Cambodia_2015	SRA:ERX240768.16851028.1	95.946	74	3	0	6370	6443	74	1	4.29e-24	121
CFAV-KC_Cambodia_2015	SRA:ERX240768.6408706.1	95.946	74	3	0	4327	4400	74	1	4.29e-24	121
CFAV-KC_Cambodia_2015	SRA:ERX240768.25745598.1	94.737	76	4	0	6095	6170	1	76	1.54e-23	119
CFAV-KC_Cambodia_2015	SRA:ERX240768.24959425.1	94.737	76	4	0	4373	4448	76	1	1.54e-23	119
CFAV-KC_Cambodia_2015	SRA:ERX240768.21639540.1	94.737	76	4	0	6366	6441	76	1	1.54e-23	119
CFAV-KC_Cambodia_2015	SRA:ERX240768.20100157.1	95.890	73	3	0	2171	2243	73	1	1.54e-23	119
CFAV-KC_Cambodia_2015	SRA:ERX240768.16291421.1	94.737	76	4	0	5820	5895	1	76	1.54e-23	119
CFAV-KC_Cambodia_2015	SRA:ERX240768.15686447.1	94.737	76	4	0	2044	2119	76	1	1.54e-23	119
CFAV-KC_Cambodia_2015	SRA:ERX240768.14556553.1	94.737	76	4	0	4320	4395	76	1	1.54e-23	119
CFAV-KC_Cambodia_2015	SRA:ERX240768.13416604.1	94.737	76	4	0	6366	6441	76	1	1.54e-23	119
CFAV-KC_Cambodia_2015	SRA:ERX240768.10148076.1	94.737	76	4	0	5376	5451	76	1	1.54e-23	119
CFAV-KC_Cambodia_2015	SRA:ERX240768.7332538.1	94.737	76	4	0	6366	6441	76	1	1.54e-23	119
CFAV-KC_Cambodia_2015	SRA:ERX240768.5596130.1	94.737	76	4	0	4198	4273	1	76	1.54e-23	119
CFAV-KC_Cambodia_2015	SRA:ERX240768.2277912.1	94.737	76	4	0	5820	5895	1	76	1.54e-23	119
CFAV-KC_Cambodia_2015	SRA:ERX240768.21210996.1	98.485	66	1	0	1827	1892	66	1	5.54e-23	117
CFAV-KC_Cambodia_2015	SRA:ERX240768.14497574.1	95.833	72	3	0	2445	2516	76	5	5.54e-23	117
CFAV-KC_Cambodia_2015	SRA:ERX240768.12975178.1	94.667	75	4	0	5144	5218	2	76	5.54e-23	117
CFAV-KC_Cambodia_2015	SRA:ERX240768.8441540.1	95.833	72	3	0	2445	2516	76	5	5.54e-23	117
CFAV-KC_Cambodia_2015	SRA:ERX240768.24205498.1	94.521	73	4	0	2171	2243	73	1	1.99e-22	115
CFAV-KC_Cambodia_2015	SRA:ERX240768.10898660.1	94.595	74	4	0	2080	2153	76	3	1.99e-22	115
CFAV-KC_Cambodia_2015	SRA:ERX240768.23541299.1	97.059	68	1	1	785	851	1	68	7.17e-22	113
CFAV-KC_Cambodia_2015	SRA:ERX240768.15866029.1	93.421	76	5	0	2385	2460	76	1	7.17e-22	113
CFAV-KC_Cambodia_2015	SRA:ERX240768.10350278.1	93.421	76	5	0	4373	4448	76	1	7.17e-22	113
CFAV-KC_Cambodia_2015	SRA:ERX240768.7640633.1	93.421	76	5	0	3386	3461	1	76	7.17e-22	113
CFAV-KC_Cambodia_2015	SRA:ERX240768.1286405.1	93.421	76	5	0	2385	2460	76	1	7.17e-22	113
CFAV-KC_Cambodia_2015	SRA:ERX240768.21475081.1	92.105	76	6	0	4403	4478	1	76	3.34e-20	108
CFAV-KC_Cambodia_2015	SRA:ERX240768.2168885.1	92.105	76	6	0	4402	4477	76	1	3.34e-20	108
CFAV-KC_Cambodia_2015	SRA:ERX240768.13050.1	92.105	76	6	0	6245	6320	76	1	3.34e-20	108
CFAV-KC_Cambodia_2015	SRA:ERX240768.20260882.1	93.056	72	5	0	3360	3431	5	76	1.20e-19	106
CFAV-KC_Cambodia_2015	SRA:ERX240768.1048055.1	93.056	72	5	0	3360	3431	5	76	1.20e-19	106
CFAV-KC_Cambodia_2015	SRA:ERX240768.12218498.1	92.857	70	4	1	4610	4678	1	70	5.58e-18	100
CFAV-KC_Cambodia_2015	SRA:ERX240768.249194.1	92.424	66	5	0	6284	6349	1	66	2.60e-16	95.3
CFAV-KC_Cambodia_2015	SRA:ERX240768.5990806.1	93.333	60	4	0	4249	4308	1	60	1.21e-14	89.8
CFAV-KC_Cambodia_2015	SRA:ERX240768.16274198.1	91.379	58	5	0	4403	4460	1	58	7.27e-12	80.5
CFAV-KC_Cambodia_2015	SRA:ERX240768.15246548.1	100.000	38	0	0	4399	4436	1	38	4.38e-09	71.3
CFAV-KC_Cambodia_2015	SRA:ERX240768.15246548.1	92.308	39	3	0	4370	4408	76	38	1.23e-04	56.5
CFAV-KC_Cambodia_2015	SRA:ERX240768.14517400.1	97.059	34	1	0	1827	1860	29	62	3.41e-05	58.4
CFAV-KC_Cambodia_2015	SRA:ERX240768.14517400.1	100.000	30	0	0	1076	1105	1	30	1.23e-04	56.5
CFAV-KC_Cambodia_2015	SRA:ERX240768.21665274.1	100.000	30	0	0	1076	1105	1	30	1.23e-04	56.5
CFAV-Zik_Uganda_2016	SRA:ERX240768.21428024.1	100.000	76	0	0	5533	5608	1	76	3.29e-30	141
CFAV-Zik_Uganda_2016	SRA:ERX240768.15866029.1	100.000	76	0	0	2385	2460	76	1	3.29e-30	141
CFAV-Zik_Uganda_2016	SRA:ERX240768.15266973.1	100.000	76	0	0	5239	5314	1	76	3.29e-30	141
CFAV-Zik_Uganda_2016	SRA:ERX240768.11042074.1	100.000	76	0	0	5533	5608	1	76	3.29e-30	141
CFAV-Zik_Uganda_2016	SRA:ERX240768.9595918.1	100.000	76	0	0	3570	3645	76	1	3.29e-30	141
CFAV-Zik_Uganda_2016	SRA:ERX240768.5892644.1	100.000	76	0	0	3681	3756	1	76	3.29e-30	141
CFAV-Zik_Uganda_2016	SRA:ERX240768.4141844.1	100.000	76	0	0	3681	3756	1	76	3.29e-30	141
CFAV-Zik_Uganda_2016	SRA:ERX240768.1286405.1	100.000	76	0	0	2385	2460	76	1	3.29e-30	141
CFAV-Zik_Uganda_2016	SRA:ERX240768.877604.1	100.000	76	0	0	3570	3645	76	1	3.29e-30	141
CFAV-Zik_Uganda_2016	SRA:ERX240768.20728040.1	100.000	75	0	0	3698	3772	2	76	1.18e-29	139
CFAV-Zik_Uganda_2016	SRA:ERX240768.12918236.1	100.000	75	0	0	5127	5201	1	75	1.18e-29	139
CFAV-Zik_Uganda_2016	SRA:ERX240768.10536645.1	100.000	75	0	0	3547	3621	75	1	1.18e-29	139
CFAV-Zik_Uganda_2016	SRA:ERX240768.9552787.1	100.000	75	0	0	5127	5201	1	75	1.18e-29	139
CFAV-Zik_Uganda_2016	SRA:ERX240768.1701465.1	100.000	75	0	0	5127	5201	1	75	1.18e-29	139
CFAV-Zik_Uganda_2016	SRA:ERX240768.25822245.1	98.684	76	1	0	5051	5126	1	76	1.53e-28	135
CFAV-Zik_Uganda_2016	SRA:ERX240768.22877843.1	98.684	76	1	0	3098	3173	1	76	1.53e-28	135
CFAV-Zik_Uganda_2016	SRA:ERX240768.21704059.1	98.684	76	1	0	3834	3909	76	1	1.53e-28	135
CFAV-Zik_Uganda_2016	SRA:ERX240768.18445914.1	98.684	76	1	0	5166	5241	1	76	1.53e-28	135
CFAV-Zik_Uganda_2016	SRA:ERX240768.18038334.1	98.684	76	1	0	5051	5126	1	76	1.53e-28	135
CFAV-Zik_Uganda_2016	SRA:ERX240768.17797810.1	98.684	76	1	0	3852	3927	76	1	1.53e-28	135
CFAV-Zik_Uganda_2016	SRA:ERX240768.15217295.1	98.684	76	1	0	3917	3992	1	76	1.53e-28	135
CFAV-Zik_Uganda_2016	SRA:ERX240768.14311402.1	98.684	76	1	0	5274	5349	76	1	1.53e-28	135
CFAV-Zik_Uganda_2016	SRA:ERX240768.14169621.1	98.684	76	1	0	5276	5351	1	76	1.53e-28	135
CFAV-Zik_Uganda_2016	SRA:ERX240768.13781381.1	98.684	76	1	0	3570	3645	76	1	1.53e-28	135
CFAV-Zik_Uganda_2016	SRA:ERX240768.13350371.1	98.684	76	1	0	3834	3909	76	1	1.53e-28	135
CFAV-Zik_Uganda_2016	SRA:ERX240768.13190800.1	98.684	76	1	0	3698	3773	1	76	1.53e-28	135
CFAV-Zik_Uganda_2016	SRA:ERX240768.12395697.1	98.684	76	1	0	5146	5221	76	1	1.53e-28	135
CFAV-Zik_Uganda_2016	SRA:ERX240768.10148076.1	98.684	76	1	0	5376	5451	76	1	1.53e-28	135
CFAV-Zik_Uganda_2016	SRA:ERX240768.9876652.1	98.684	76	1	0	3852	3927	76	1	1.53e-28	135
CFAV-Zik_Uganda_2016	SRA:ERX240768.8028723.1	98.684	76	1	0	3074	3149	1	76	1.53e-28	135
CFAV-Zik_Uganda_2016	SRA:ERX240768.6820964.1	98.684	76	1	0	5166	5241	1	76	1.53e-28	135
CFAV-Zik_Uganda_2016	SRA:ERX240768.6695366.1	98.684	76	1	0	3932	4007	76	1	1.53e-28	135
CFAV-Zik_Uganda_2016	SRA:ERX240768.1665976.1	98.684	76	1	0	4996	5071	76	1	1.53e-28	135
CFAV-Zik_Uganda_2016	SRA:ERX240768.1050891.1	98.684	76	1	0	5278	5353	1	76	1.53e-28	135
CFAV-Zik_Uganda_2016	SRA:ERX240768.538620.1	98.684	76	1	0	3708	3783	76	1	1.53e-28	135
CFAV-Zik_Uganda_2016	SRA:ERX240768.25777942.1	98.649	74	1	0	3334	3407	3	76	1.98e-27	132
CFAV-Zik_Uganda_2016	SRA:ERX240768.12983867.1	98.649	74	1	0	2810	2883	1	74	1.98e-27	132
CFAV-Zik_Uganda_2016	SRA:ERX240768.2816080.1	98.649	74	1	0	2810	2883	1	74	1.98e-27	132
CFAV-Zik_Uganda_2016	SRA:ERX240768.26372437.1	97.368	76	2	0	6042	6117	1	76	7.12e-27	130
CFAV-Zik_Uganda_2016	SRA:ERX240768.26290336.1	97.368	76	2	0	2841	2916	1	76	7.12e-27	130
CFAV-Zik_Uganda_2016	SRA:ERX240768.25027006.1	97.368	76	2	0	935	1010	1	76	7.12e-27	130
CFAV-Zik_Uganda_2016	SRA:ERX240768.23262241.1	97.368	76	2	0	6009	6084	76	1	7.12e-27	130
CFAV-Zik_Uganda_2016	SRA:ERX240768.22754950.1	97.368	76	2	0	6386	6461	76	1	7.12e-27	130
CFAV-Zik_Uganda_2016	SRA:ERX240768.19998999.1	97.368	76	2	0	6377	6452	76	1	7.12e-27	130
CFAV-Zik_Uganda_2016	SRA:ERX240768.19188133.1	97.368	76	2	0	3412	3487	1	76	7.12e-27	130
CFAV-Zik_Uganda_2016	SRA:ERX240768.18959531.1	97.368	76	2	0	5061	5136	1	76	7.12e-27	130
CFAV-Zik_Uganda_2016	SRA:ERX240768.17996833.1	98.630	73	1	0	5813	5885	1	73	7.12e-27	130
CFAV-Zik_Uganda_2016	SRA:ERX240768.16291421.1	97.368	76	2	0	5820	5895	1	76	7.12e-27	130
CFAV-Zik_Uganda_2016	SRA:ERX240768.15786353.1	97.368	76	2	0	3163	3238	1	76	7.12e-27	130
CFAV-Zik_Uganda_2016	SRA:ERX240768.15171280.1	97.368	76	2	0	2327	2402	76	1	7.12e-27	130
CFAV-Zik_Uganda_2016	SRA:ERX240768.13833394.1	97.368	76	2	0	5416	5491	76	1	7.12e-27	130
CFAV-Zik_Uganda_2016	SRA:ERX240768.13263561.1	97.368	76	2	0	2834	2909	1	76	7.12e-27	130
CFAV-Zik_Uganda_2016	SRA:ERX240768.10154394.1	98.630	73	1	0	3351	3423	1	73	7.12e-27	130
CFAV-Zik_Uganda_2016	SRA:ERX240768.9551280.1	97.368	76	2	0	3765	3840	76	1	7.12e-27	130
CFAV-Zik_Uganda_2016	SRA:ERX240768.9408674.1	97.368	76	2	0	5388	5463	76	1	7.12e-27	130
CFAV-Zik_Uganda_2016	SRA:ERX240768.8463173.1	97.368	76	2	0	2589	2664	1	76	7.12e-27	130
CFAV-Zik_Uganda_2016	SRA:ERX240768.8404659.1	97.368	76	2	0	5309	5384	1	76	7.12e-27	130
CFAV-Zik_Uganda_2016	SRA:ERX240768.8321560.1	97.368	76	2	0	784	859	1	76	7.12e-27	130
CFAV-Zik_Uganda_2016	SRA:ERX240768.7812100.1	97.368	76	2	0	4080	4155	1	76	7.12e-27	130
CFAV-Zik_Uganda_2016	SRA:ERX240768.7552930.1	97.368	76	2	0	6009	6084	76	1	7.12e-27	130
CFAV-Zik_Uganda_2016	SRA:ERX240768.7549042.1	97.368	76	2	0	3877	3952	76	1	7.12e-27	130
CFAV-Zik_Uganda_2016	SRA:ERX240768.7156660.1	97.368	76	2	0	5032	5107	1	76	7.12e-27	130
CFAV-Zik_Uganda_2016	SRA:ERX240768.6655033.1	97.368	76	2	0	2841	2916	1	76	7.12e-27	130
CFAV-Zik_Uganda_2016	SRA:ERX240768.4561363.1	97.368	76	2	0	3815	3890	1	76	7.12e-27	130
CFAV-Zik_Uganda_2016	SRA:ERX240768.3684993.1	97.368	76	2	0	4972	5047	1	76	7.12e-27	130
CFAV-Zik_Uganda_2016	SRA:ERX240768.3088174.1	97.368	76	2	0	3162	3237	76	1	7.12e-27	130
CFAV-Zik_Uganda_2016	SRA:ERX240768.2277912.1	97.368	76	2	0	5820	5895	1	76	7.12e-27	130
CFAV-Zik_Uganda_2016	SRA:ERX240768.1472705.1	97.368	76	2	0	6226	6301	1	76	7.12e-27	130
CFAV-Zik_Uganda_2016	SRA:ERX240768.1429097.1	97.368	76	2	0	6051	6126	1	76	7.12e-27	130
CFAV-Zik_Uganda_2016	SRA:ERX240768.1145017.1	97.368	76	2	0	4080	4155	1	76	7.12e-27	130
CFAV-Zik_Uganda_2016	SRA:ERX240768.25758499.1	97.333	75	2	0	2872	2946	2	76	2.56e-26	128
CFAV-Zik_Uganda_2016	SRA:ERX240768.23861171.1	97.333	75	2	0	4086	4160	1	75	2.56e-26	128
CFAV-Zik_Uganda_2016	SRA:ERX240768.23169800.1	98.611	72	1	0	2308	2379	1	72	2.56e-26	128
CFAV-Zik_Uganda_2016	SRA:ERX240768.20678464.1	97.333	75	2	0	6023	6097	76	2	2.56e-26	128
CFAV-Zik_Uganda_2016	SRA:ERX240768.13161916.1	97.333	75	2	0	2850	2924	1	75	2.56e-26	128
CFAV-Zik_Uganda_2016	SRA:ERX240768.12975178.1	97.333	75	2	0	5144	5218	2	76	2.56e-26	128
CFAV-Zik_Uganda_2016	SRA:ERX240768.10421696.1	98.611	72	1	0	2308	2379	1	72	2.56e-26	128
CFAV-Zik_Uganda_2016	SRA:ERX240768.1493930.1	97.333	75	2	0	954	1028	1	75	2.56e-26	128
CFAV-Zik_Uganda_2016	SRA:ERX240768.1456077.1	97.333	75	2	0	2850	2924	1	75	2.56e-26	128
CFAV-Zik_Uganda_2016	SRA:ERX240768.25745598.1	98.592	71	1	0	6100	6170	6	76	9.21e-26	126
CFAV-Zik_Uganda_2016	SRA:ERX240768.24002763.1	97.297	74	2	0	3857	3930	74	1	9.21e-26	126
CFAV-Zik_Uganda_2016	SRA:ERX240768.21350623.1	97.297	74	2	0	3334	3407	3	76	9.21e-26	126
CFAV-Zik_Uganda_2016	SRA:ERX240768.18970088.1	97.297	74	2	0	955	1028	1	74	9.21e-26	126
CFAV-Zik_Uganda_2016	SRA:ERX240768.18526743.1	97.297	74	2	0	955	1028	1	74	9.21e-26	126
CFAV-Zik_Uganda_2016	SRA:ERX240768.16851028.1	97.297	74	2	0	6370	6443	74	1	9.21e-26	126
CFAV-Zik_Uganda_2016	SRA:ERX240768.14553829.1	97.297	74	2	0	955	1028	1	74	9.21e-26	126
CFAV-Zik_Uganda_2016	SRA:ERX240768.4358142.1	97.297	74	2	0	955	1028	1	74	9.21e-26	126
CFAV-Zik_Uganda_2016	SRA:ERX240768.25200113.1	96.053	76	3	0	2933	3008	76	1	3.31e-25	124
CFAV-Zik_Uganda_2016	SRA:ERX240768.23843798.1	96.053	76	3	0	5322	5397	76	1	3.31e-25	124
CFAV-Zik_Uganda_2016	SRA:ERX240768.22870223.1	96.053	76	3	0	2918	2993	76	1	3.31e-25	124
CFAV-Zik_Uganda_2016	SRA:ERX240768.19609381.1	96.053	76	3	0	6157	6232	76	1	3.31e-25	124
CFAV-Zik_Uganda_2016	SRA:ERX240768.17111848.1	97.260	73	2	0	6228	6300	73	1	3.31e-25	124
CFAV-Zik_Uganda_2016	SRA:ERX240768.15686447.1	96.053	76	3	0	2044	2119	76	1	3.31e-25	124
CFAV-Zik_Uganda_2016	SRA:ERX240768.10898660.1	96.053	76	3	0	2080	2155	76	1	3.31e-25	124
CFAV-Zik_Uganda_2016	SRA:ERX240768.7640633.1	96.053	76	3	0	3386	3461	1	76	3.31e-25	124
CFAV-Zik_Uganda_2016	SRA:ERX240768.7156583.1	96.053	76	3	0	2934	3009	76	1	3.31e-25	124
CFAV-Zik_Uganda_2016	SRA:ERX240768.7012801.1	96.053	76	3	0	1015	1090	1	76	3.31e-25	124
CFAV-Zik_Uganda_2016	SRA:ERX240768.5332182.1	96.053	76	3	0	6192	6267	1	76	3.31e-25	124
CFAV-Zik_Uganda_2016	SRA:ERX240768.4190798.1	98.571	70	1	0	5963	6032	1	70	3.31e-25	124
CFAV-Zik_Uganda_2016	SRA:ERX240768.2150887.1	96.053	76	3	0	961	1036	1	76	3.31e-25	124
CFAV-Zik_Uganda_2016	SRA:ERX240768.13050.1	96.053	76	3	0	6245	6320	76	1	3.31e-25	124
CFAV-Zik_Uganda_2016	SRA:ERX240768.21639540.1	97.222	72	2	0	6370	6441	72	1	1.19e-24	122
CFAV-Zik_Uganda_2016	SRA:ERX240768.20431685.1	96.000	75	3	0	2934	3008	76	2	1.19e-24	122
CFAV-Zik_Uganda_2016	SRA:ERX240768.13416604.1	97.222	72	2	0	6370	6441	72	1	1.19e-24	122
CFAV-Zik_Uganda_2016	SRA:ERX240768.7332538.1	97.222	72	2	0	6370	6441	72	1	1.19e-24	122
CFAV-Zik_Uganda_2016	SRA:ERX240768.4684817.1	96.000	75	3	0	5642	5716	1	75	1.19e-24	122
CFAV-Zik_Uganda_2016	SRA:ERX240768.2087116.1	95.946	74	3	0	4301	4374	76	3	4.29e-24	121
CFAV-Zik_Uganda_2016	SRA:ERX240768.1587466.1	95.946	74	3	0	4301	4374	76	3	4.29e-24	121
CFAV-Zik_Uganda_2016	SRA:ERX240768.25447617.1	94.737	76	4	0	2058	2133	76	1	1.54e-23	119
CFAV-Zik_Uganda_2016	SRA:ERX240768.22721475.1	94.737	76	4	0	5734	5809	1	76	1.54e-23	119
CFAV-Zik_Uganda_2016	SRA:ERX240768.18121742.1	94.737	76	4	0	2013	2088	76	1	1.54e-23	119
CFAV-Zik_Uganda_2016	SRA:ERX240768.14497574.1	94.737	76	4	0	2445	2520	76	1	1.54e-23	119
CFAV-Zik_Uganda_2016	SRA:ERX240768.8762143.1	95.890	73	3	0	3202	3274	73	1	1.54e-23	119
CFAV-Zik_Uganda_2016	SRA:ERX240768.8441540.1	94.737	76	4	0	2445	2520	76	1	1.54e-23	119
CFAV-Zik_Uganda_2016	SRA:ERX240768.21210996.1	98.485	66	1	0	1827	1892	66	1	5.54e-23	117
CFAV-Zik_Uganda_2016	SRA:ERX240768.20260882.1	95.833	72	3	0	3360	3431	5	76	5.54e-23	117
CFAV-Zik_Uganda_2016	SRA:ERX240768.1048055.1	95.833	72	3	0	3360	3431	5	76	5.54e-23	117
CFAV-Zik_Uganda_2016	SRA:ERX240768.249194.1	98.485	66	1	0	6284	6349	1	66	5.54e-23	117
CFAV-Zik_Uganda_2016	SRA:ERX240768.24959425.1	93.506	77	4	1	4372	4448	76	1	7.17e-22	113
CFAV-Zik_Uganda_2016	SRA:ERX240768.21475081.1	93.421	76	5	0	4403	4478	1	76	7.17e-22	113
CFAV-Zik_Uganda_2016	SRA:ERX240768.20100157.1	93.421	76	5	0	2168	2243	76	1	7.17e-22	113
CFAV-Zik_Uganda_2016	SRA:ERX240768.14556553.1	93.421	76	5	0	4320	4395	76	1	7.17e-22	113
CFAV-Zik_Uganda_2016	SRA:ERX240768.6408706.1	93.421	76	5	0	4325	4400	76	1	7.17e-22	113
CFAV-Zik_Uganda_2016	SRA:ERX240768.2168885.1	93.421	76	5	0	4402	4477	76	1	7.17e-22	113
CFAV-Zik_Uganda_2016	SRA:ERX240768.1199490.1	93.421	76	5	0	4418	4493	76	1	7.17e-22	113
CFAV-Zik_Uganda_2016	SRA:ERX240768.12218498.1	95.714	70	2	1	4610	4678	1	70	2.58e-21	111
CFAV-Zik_Uganda_2016	SRA:ERX240768.24205498.1	92.105	76	6	0	2168	2243	76	1	9.28e-21	110
CFAV-Zik_Uganda_2016	SRA:ERX240768.23541299.1	96.923	65	2	0	785	849	1	65	9.28e-21	110
CFAV-Zik_Uganda_2016	SRA:ERX240768.18848720.1	90.789	76	7	0	4337	4412	76	1	1.55e-18	102
CFAV-Zik_Uganda_2016	SRA:ERX240768.21991153.1	98.246	57	1	0	6519	6575	1	57	5.58e-18	100
CFAV-Zik_Uganda_2016	SRA:ERX240768.25718117.1	94.737	57	3	0	2437	2493	61	5	1.21e-14	89.8
CFAV-Zik_Uganda_2016	SRA:ERX240768.16274198.1	96.000	50	2	0	4403	4452	1	50	2.02e-12	82.4
CFAV-Zik_Uganda_2016	SRA:ERX240768.15246548.1	95.918	49	2	0	4399	4447	1	49	7.27e-12	80.5
CFAV-Zik_Uganda_2016	SRA:ERX240768.21808047.1	93.478	46	3	0	7322	7367	31	76	1.57e-08	69.4
CFAV-Zik_Uganda_2016	SRA:ERX240768.2036264.1	93.478	46	3	0	7322	7367	31	76	1.57e-08	69.4
CFAV-Zik_Uganda_2016	SRA:ERX240768.14517400.1	100.000	33	0	0	1827	1859	29	61	2.63e-06	62.1
