CFAV-Bangkok_Thailand_2015	SRA:ERX240763.35749320.1	100.000	76	0	0	3902	3977	1	76	4.44e-30	141
CFAV-Bangkok_Thailand_2015	SRA:ERX240763.19642599.1	100.000	76	0	0	3613	3688	1	76	4.44e-30	141
CFAV-Bangkok_Thailand_2015	SRA:ERX240763.17109109.1	100.000	76	0	0	5643	5718	76	1	4.44e-30	141
CFAV-Bangkok_Thailand_2015	SRA:ERX240763.11993026.1	100.000	76	0	0	5643	5718	76	1	4.44e-30	141
CFAV-Bangkok_Thailand_2015	SRA:ERX240763.9338456.1	100.000	76	0	0	2062	2137	76	1	4.44e-30	141
CFAV-Bangkok_Thailand_2015	SRA:ERX240763.8229115.1	100.000	76	0	0	5643	5718	76	1	4.44e-30	141
CFAV-Bangkok_Thailand_2015	SRA:ERX240763.7602580.1	100.000	76	0	0	3618	3693	1	76	4.44e-30	141
CFAV-Bangkok_Thailand_2015	SRA:ERX240763.5539766.1	100.000	76	0	0	3902	3977	1	76	4.44e-30	141
CFAV-Bangkok_Thailand_2015	SRA:ERX240763.2591800.1	100.000	76	0	0	3904	3979	1	76	4.44e-30	141
CFAV-Bangkok_Thailand_2015	SRA:ERX240763.33739168.1	100.000	75	0	0	3775	3849	76	2	1.60e-29	139
CFAV-Bangkok_Thailand_2015	SRA:ERX240763.34683056.1	98.684	76	1	0	6118	6193	76	1	2.07e-28	135
CFAV-Bangkok_Thailand_2015	SRA:ERX240763.33054072.1	98.684	76	1	0	5602	5677	1	76	2.07e-28	135
CFAV-Bangkok_Thailand_2015	SRA:ERX240763.31462194.1	98.684	76	1	0	2058	2133	76	1	2.07e-28	135
CFAV-Bangkok_Thailand_2015	SRA:ERX240763.30689346.1	98.684	76	1	0	5602	5677	1	76	2.07e-28	135
CFAV-Bangkok_Thailand_2015	SRA:ERX240763.28979784.1	98.684	76	1	0	3613	3688	1	76	2.07e-28	135
CFAV-Bangkok_Thailand_2015	SRA:ERX240763.28905231.1	98.684	76	1	0	3952	4027	76	1	2.07e-28	135
CFAV-Bangkok_Thailand_2015	SRA:ERX240763.28178773.1	98.684	76	1	0	3994	4069	76	1	2.07e-28	135
CFAV-Bangkok_Thailand_2015	SRA:ERX240763.22154885.1	98.684	76	1	0	3952	4027	76	1	2.07e-28	135
CFAV-Bangkok_Thailand_2015	SRA:ERX240763.20767146.1	98.684	76	1	0	3952	4027	76	1	2.07e-28	135
CFAV-Bangkok_Thailand_2015	SRA:ERX240763.19631962.1	98.684	76	1	0	5602	5677	1	76	2.07e-28	135
CFAV-Bangkok_Thailand_2015	SRA:ERX240763.16850514.1	98.684	76	1	0	6134	6209	76	1	2.07e-28	135
CFAV-Bangkok_Thailand_2015	SRA:ERX240763.13311008.1	98.684	76	1	0	5602	5677	1	76	2.07e-28	135
CFAV-Bangkok_Thailand_2015	SRA:ERX240763.11620456.1	98.684	76	1	0	5602	5677	1	76	2.07e-28	135
CFAV-Bangkok_Thailand_2015	SRA:ERX240763.8281495.1	98.684	76	1	0	3952	4027	76	1	2.07e-28	135
CFAV-Bangkok_Thailand_2015	SRA:ERX240763.6668596.1	98.684	76	1	0	5607	5682	1	76	2.07e-28	135
CFAV-Bangkok_Thailand_2015	SRA:ERX240763.35178791.1	98.667	75	1	0	5225	5299	2	76	7.43e-28	134
CFAV-Bangkok_Thailand_2015	SRA:ERX240763.23248061.1	98.667	75	1	0	5845	5919	2	76	7.43e-28	134
CFAV-Bangkok_Thailand_2015	SRA:ERX240763.12518358.1	98.667	75	1	0	5845	5919	2	76	7.43e-28	134
CFAV-Bangkok_Thailand_2015	SRA:ERX240763.3285672.1	98.667	75	1	0	5845	5919	2	76	7.43e-28	134
CFAV-Bangkok_Thailand_2015	SRA:ERX240763.36157185.1	97.368	76	2	0	2185	2260	1	76	9.61e-27	130
CFAV-Bangkok_Thailand_2015	SRA:ERX240763.35525417.1	97.368	76	2	0	2818	2893	1	76	9.61e-27	130
CFAV-Bangkok_Thailand_2015	SRA:ERX240763.32441564.1	97.368	76	2	0	6418	6493	76	1	9.61e-27	130
CFAV-Bangkok_Thailand_2015	SRA:ERX240763.32097093.1	97.368	76	2	0	6294	6369	76	1	9.61e-27	130
CFAV-Bangkok_Thailand_2015	SRA:ERX240763.31532698.1	97.368	76	2	0	944	1019	1	76	9.61e-27	130
CFAV-Bangkok_Thailand_2015	SRA:ERX240763.29731291.1	97.368	76	2	0	3411	3486	1	76	9.61e-27	130
CFAV-Bangkok_Thailand_2015	SRA:ERX240763.29682105.1	97.368	76	2	0	6385	6460	76	1	9.61e-27	130
CFAV-Bangkok_Thailand_2015	SRA:ERX240763.29591272.1	97.368	76	2	0	953	1028	1	76	9.61e-27	130
CFAV-Bangkok_Thailand_2015	SRA:ERX240763.29386991.1	97.368	76	2	0	2818	2893	1	76	9.61e-27	130
CFAV-Bangkok_Thailand_2015	SRA:ERX240763.29260984.1	97.368	76	2	0	6092	6167	1	76	9.61e-27	130
CFAV-Bangkok_Thailand_2015	SRA:ERX240763.28207959.1	100.000	70	0	0	5734	5803	70	1	9.61e-27	130
CFAV-Bangkok_Thailand_2015	SRA:ERX240763.27123950.1	97.368	76	2	0	2740	2815	76	1	9.61e-27	130
CFAV-Bangkok_Thailand_2015	SRA:ERX240763.26824547.1	97.368	76	2	0	6251	6326	76	1	9.61e-27	130
CFAV-Bangkok_Thailand_2015	SRA:ERX240763.25237352.1	97.368	76	2	0	2818	2893	1	76	9.61e-27	130
CFAV-Bangkok_Thailand_2015	SRA:ERX240763.23341176.1	97.368	76	2	0	3411	3486	1	76	9.61e-27	130
CFAV-Bangkok_Thailand_2015	SRA:ERX240763.23264186.1	98.630	73	1	0	6242	6314	73	1	9.61e-27	130
CFAV-Bangkok_Thailand_2015	SRA:ERX240763.21933505.1	97.368	76	2	0	3411	3486	1	76	9.61e-27	130
CFAV-Bangkok_Thailand_2015	SRA:ERX240763.21917016.1	97.368	76	2	0	6251	6326	76	1	9.61e-27	130
CFAV-Bangkok_Thailand_2015	SRA:ERX240763.21391307.1	97.368	76	2	0	6385	6460	76	1	9.61e-27	130
CFAV-Bangkok_Thailand_2015	SRA:ERX240763.19348363.1	97.368	76	2	0	956	1031	1	76	9.61e-27	130
CFAV-Bangkok_Thailand_2015	SRA:ERX240763.19033748.1	98.630	73	1	0	6242	6314	73	1	9.61e-27	130
CFAV-Bangkok_Thailand_2015	SRA:ERX240763.18765401.1	98.630	73	1	0	6242	6314	73	1	9.61e-27	130
CFAV-Bangkok_Thailand_2015	SRA:ERX240763.17988238.1	97.368	76	2	0	6418	6493	76	1	9.61e-27	130
CFAV-Bangkok_Thailand_2015	SRA:ERX240763.16660348.1	97.368	76	2	0	2818	2893	1	76	9.61e-27	130
CFAV-Bangkok_Thailand_2015	SRA:ERX240763.15161419.1	97.368	76	2	0	2818	2893	1	76	9.61e-27	130
CFAV-Bangkok_Thailand_2015	SRA:ERX240763.12941692.1	97.368	76	2	0	944	1019	1	76	9.61e-27	130
CFAV-Bangkok_Thailand_2015	SRA:ERX240763.12651760.1	97.368	76	2	0	3411	3486	1	76	9.61e-27	130
CFAV-Bangkok_Thailand_2015	SRA:ERX240763.11680881.1	97.368	76	2	0	6418	6493	76	1	9.61e-27	130
CFAV-Bangkok_Thailand_2015	SRA:ERX240763.10393464.1	98.630	73	1	0	6242	6314	73	1	9.61e-27	130
CFAV-Bangkok_Thailand_2015	SRA:ERX240763.10121888.1	97.368	76	2	0	6418	6493	76	1	9.61e-27	130
CFAV-Bangkok_Thailand_2015	SRA:ERX240763.8522054.1	97.368	76	2	0	6251	6326	76	1	9.61e-27	130
CFAV-Bangkok_Thailand_2015	SRA:ERX240763.7248896.1	97.368	76	2	0	4320	4395	76	1	9.61e-27	130
CFAV-Bangkok_Thailand_2015	SRA:ERX240763.5965256.1	97.368	76	2	0	4320	4395	76	1	9.61e-27	130
CFAV-Bangkok_Thailand_2015	SRA:ERX240763.5622011.1	97.368	76	2	0	6092	6167	1	76	9.61e-27	130
CFAV-Bangkok_Thailand_2015	SRA:ERX240763.5502218.1	97.368	76	2	0	6251	6326	76	1	9.61e-27	130
CFAV-Bangkok_Thailand_2015	SRA:ERX240763.4393301.1	97.368	76	2	0	6251	6326	76	1	9.61e-27	130
CFAV-Bangkok_Thailand_2015	SRA:ERX240763.4042264.1	97.368	76	2	0	4320	4395	76	1	9.61e-27	130
CFAV-Bangkok_Thailand_2015	SRA:ERX240763.3451682.1	97.368	76	2	0	2812	2887	1	76	9.61e-27	130
CFAV-Bangkok_Thailand_2015	SRA:ERX240763.2786307.1	97.368	76	2	0	6118	6193	76	1	9.61e-27	130
CFAV-Bangkok_Thailand_2015	SRA:ERX240763.1616338.1	97.368	76	2	0	6076	6151	1	76	9.61e-27	130
CFAV-Bangkok_Thailand_2015	SRA:ERX240763.32380542.1	97.333	75	2	0	6422	6496	1	75	3.46e-26	128
CFAV-Bangkok_Thailand_2015	SRA:ERX240763.21275284.1	97.333	75	2	0	2812	2886	2	76	3.46e-26	128
CFAV-Bangkok_Thailand_2015	SRA:ERX240763.13239090.1	100.000	69	0	0	5878	5946	69	1	3.46e-26	128
CFAV-Bangkok_Thailand_2015	SRA:ERX240763.12201794.1	97.333	75	2	0	2812	2886	2	76	3.46e-26	128
CFAV-Bangkok_Thailand_2015	SRA:ERX240763.12103796.1	97.333	75	2	0	6422	6496	1	75	3.46e-26	128
CFAV-Bangkok_Thailand_2015	SRA:ERX240763.6946920.1	100.000	69	0	0	5878	5946	69	1	3.46e-26	128
CFAV-Bangkok_Thailand_2015	SRA:ERX240763.5084428.1	97.333	75	2	0	2812	2886	2	76	3.46e-26	128
CFAV-Bangkok_Thailand_2015	SRA:ERX240763.3048108.1	97.333	75	2	0	5167	5241	2	76	3.46e-26	128
CFAV-Bangkok_Thailand_2015	SRA:ERX240763.34830614.1	96.053	76	3	0	1910	1985	1	76	4.47e-25	124
CFAV-Bangkok_Thailand_2015	SRA:ERX240763.33114579.1	96.053	76	3	0	6285	6360	1	76	4.47e-25	124
CFAV-Bangkok_Thailand_2015	SRA:ERX240763.32436909.1	97.260	73	2	0	6316	6388	73	1	4.47e-25	124
CFAV-Bangkok_Thailand_2015	SRA:ERX240763.28976013.1	96.053	76	3	0	1910	1985	1	76	4.47e-25	124
CFAV-Bangkok_Thailand_2015	SRA:ERX240763.18928571.1	96.053	76	3	0	944	1019	1	76	4.47e-25	124
CFAV-Bangkok_Thailand_2015	SRA:ERX240763.17989487.1	96.053	76	3	0	3403	3478	76	1	4.47e-25	124
CFAV-Bangkok_Thailand_2015	SRA:ERX240763.17906485.1	96.053	76	3	0	2866	2941	76	1	4.47e-25	124
CFAV-Bangkok_Thailand_2015	SRA:ERX240763.13926304.1	96.053	76	3	0	6418	6493	76	1	4.47e-25	124
CFAV-Bangkok_Thailand_2015	SRA:ERX240763.12608267.1	96.053	76	3	0	3317	3392	1	76	4.47e-25	124
CFAV-Bangkok_Thailand_2015	SRA:ERX240763.9951454.1	96.053	76	3	0	3403	3478	76	1	4.47e-25	124
CFAV-Bangkok_Thailand_2015	SRA:ERX240763.8312502.1	96.053	76	3	0	3403	3478	76	1	4.47e-25	124
CFAV-Bangkok_Thailand_2015	SRA:ERX240763.8161439.1	97.260	73	2	0	6316	6388	73	1	4.47e-25	124
CFAV-Bangkok_Thailand_2015	SRA:ERX240763.5474350.1	96.053	76	3	0	5980	6055	1	76	4.47e-25	124
CFAV-Bangkok_Thailand_2015	SRA:ERX240763.4998231.1	96.053	76	3	0	2907	2982	76	1	4.47e-25	124
CFAV-Bangkok_Thailand_2015	SRA:ERX240763.4896254.1	96.053	76	3	0	5557	5632	1	76	4.47e-25	124
CFAV-Bangkok_Thailand_2015	SRA:ERX240763.2491458.1	96.053	76	3	0	2866	2941	76	1	4.47e-25	124
CFAV-Bangkok_Thailand_2015	SRA:ERX240763.28090159.1	97.222	72	2	0	4363	4434	76	5	1.61e-24	122
CFAV-Bangkok_Thailand_2015	SRA:ERX240763.25037952.1	97.222	72	2	0	4363	4434	76	5	1.61e-24	122
CFAV-Bangkok_Thailand_2015	SRA:ERX240763.13653690.1	97.222	72	2	0	4363	4434	76	5	1.61e-24	122
CFAV-Bangkok_Thailand_2015	SRA:ERX240763.19719113.1	96.000	75	2	1	927	1001	1	74	5.78e-24	121
CFAV-Bangkok_Thailand_2015	SRA:ERX240763.15968570.1	96.000	75	2	1	927	1001	1	74	5.78e-24	121
CFAV-Bangkok_Thailand_2015	SRA:ERX240763.9116183.1	95.946	74	3	0	3316	3389	3	76	5.78e-24	121
CFAV-Bangkok_Thailand_2015	SRA:ERX240763.6945029.1	98.529	68	1	0	4998	5065	9	76	5.78e-24	121
CFAV-Bangkok_Thailand_2015	SRA:ERX240763.3621855.1	98.529	68	1	0	4998	5065	9	76	5.78e-24	121
CFAV-Bangkok_Thailand_2015	SRA:ERX240763.33522963.1	94.737	76	4	0	4385	4460	1	76	2.08e-23	119
CFAV-Bangkok_Thailand_2015	SRA:ERX240763.27310170.1	97.143	70	2	0	5836	5905	4	73	2.08e-23	119
CFAV-Bangkok_Thailand_2015	SRA:ERX240763.23252676.1	94.737	76	4	0	3465	3540	76	1	2.08e-23	119
CFAV-Bangkok_Thailand_2015	SRA:ERX240763.11514643.1	94.737	76	4	0	2005	2080	1	76	2.08e-23	119
CFAV-Bangkok_Thailand_2015	SRA:ERX240763.10600518.1	94.737	76	4	0	4385	4460	1	76	2.08e-23	119
CFAV-Bangkok_Thailand_2015	SRA:ERX240763.10356223.1	94.737	76	4	0	5557	5632	1	76	2.08e-23	119
CFAV-Bangkok_Thailand_2015	SRA:ERX240763.5080868.1	94.737	76	4	0	4296	4371	76	1	2.08e-23	119
CFAV-Bangkok_Thailand_2015	SRA:ERX240763.779932.1	94.737	76	4	0	2005	2080	1	76	2.08e-23	119
CFAV-Bangkok_Thailand_2015	SRA:ERX240763.34194875.1	97.059	68	2	0	4427	4494	70	3	2.69e-22	115
CFAV-Bangkok_Thailand_2015	SRA:ERX240763.17805728.1	97.059	68	2	0	4427	4494	70	3	2.69e-22	115
CFAV-Bangkok_Thailand_2015	SRA:ERX240763.11123740.1	97.059	68	2	0	4427	4494	70	3	2.69e-22	115
CFAV-Bangkok_Thailand_2015	SRA:ERX240763.10565234.1	97.059	68	2	0	4427	4494	70	3	2.69e-22	115
CFAV-Bangkok_Thailand_2015	SRA:ERX240763.6488443.1	94.595	74	4	0	4159	4232	76	3	2.69e-22	115
CFAV-Bangkok_Thailand_2015	SRA:ERX240763.2412181.1	94.595	74	4	0	4302	4375	76	3	2.69e-22	115
CFAV-Bangkok_Thailand_2015	SRA:ERX240763.1929442.1	97.059	68	2	0	4427	4494	70	3	2.69e-22	115
CFAV-Bangkok_Thailand_2015	SRA:ERX240763.30924610.1	93.421	76	5	0	3391	3466	76	1	9.68e-22	113
CFAV-Bangkok_Thailand_2015	SRA:ERX240763.17501894.1	93.421	76	5	0	3391	3466	76	1	9.68e-22	113
CFAV-Bangkok_Thailand_2015	SRA:ERX240763.15602542.1	93.421	76	5	0	2005	2080	1	76	9.68e-22	113
CFAV-Bangkok_Thailand_2015	SRA:ERX240763.1910862.1	100.000	60	0	0	5743	5802	1	60	3.48e-21	111
CFAV-Bangkok_Thailand_2015	SRA:ERX240763.31620095.1	96.923	65	2	0	2030	2094	1	65	1.25e-20	110
CFAV-Bangkok_Thailand_2015	SRA:ERX240763.6137325.1	100.000	59	0	0	4361	4419	76	18	1.25e-20	110
CFAV-Bangkok_Thailand_2015	SRA:ERX240763.18268037.1	92.105	76	6	0	2470	2545	76	1	4.50e-20	108
CFAV-Bangkok_Thailand_2015	SRA:ERX240763.14980456.1	92.105	76	6	0	2470	2545	76	1	4.50e-20	108
CFAV-Bangkok_Thailand_2015	SRA:ERX240763.13096979.1	92.105	76	6	0	2470	2545	76	1	4.50e-20	108
CFAV-Bangkok_Thailand_2015	SRA:ERX240763.9153182.1	100.000	57	0	0	3906	3962	20	76	1.62e-19	106
CFAV-Bangkok_Thailand_2015	SRA:ERX240763.6488817.1	91.892	74	5	1	1990	2062	76	3	2.10e-18	102
CFAV-Bangkok_Thailand_2015	SRA:ERX240763.36449003.1	98.148	54	1	0	940	993	1	54	3.51e-16	95.3
CFAV-Bangkok_Thailand_2015	SRA:ERX240763.29984613.1	98.148	54	1	0	940	993	1	54	3.51e-16	95.3
CFAV-Bangkok_Thailand_2015	SRA:ERX240763.18921871.1	98.148	54	1	0	940	993	1	54	3.51e-16	95.3
CFAV-Bangkok_Thailand_2015	SRA:ERX240763.23636171.1	100.000	29	0	0	1059	1087	1	29	5.95e-04	54.7
NC_001564	SRA:ERX240763.29682105.1	100.000	76	0	0	6392	6467	76	1	4.45e-30	141
NC_001564	SRA:ERX240763.28905231.1	100.000	76	0	0	3959	4034	76	1	4.45e-30	141
NC_001564	SRA:ERX240763.28178773.1	100.000	76	0	0	4001	4076	76	1	4.45e-30	141
NC_001564	SRA:ERX240763.22154885.1	100.000	76	0	0	3959	4034	76	1	4.45e-30	141
NC_001564	SRA:ERX240763.21391307.1	100.000	76	0	0	6392	6467	76	1	4.45e-30	141
NC_001564	SRA:ERX240763.20767146.1	100.000	76	0	0	3959	4034	76	1	4.45e-30	141
NC_001564	SRA:ERX240763.19642599.1	100.000	76	0	0	3620	3695	1	76	4.45e-30	141
NC_001564	SRA:ERX240763.17109109.1	100.000	76	0	0	5650	5725	76	1	4.45e-30	141
NC_001564	SRA:ERX240763.11993026.1	100.000	76	0	0	5650	5725	76	1	4.45e-30	141
NC_001564	SRA:ERX240763.8281495.1	100.000	76	0	0	3959	4034	76	1	4.45e-30	141
NC_001564	SRA:ERX240763.8229115.1	100.000	76	0	0	5650	5725	76	1	4.45e-30	141
NC_001564	SRA:ERX240763.7602580.1	100.000	76	0	0	3625	3700	1	76	4.45e-30	141
NC_001564	SRA:ERX240763.35178791.1	100.000	75	0	0	5232	5306	2	76	1.60e-29	139
NC_001564	SRA:ERX240763.36157185.1	98.684	76	1	0	2192	2267	1	76	2.07e-28	135
NC_001564	SRA:ERX240763.35525417.1	98.684	76	1	0	2825	2900	1	76	2.07e-28	135
NC_001564	SRA:ERX240763.33755782.1	98.684	76	1	0	3495	3570	76	1	2.07e-28	135
NC_001564	SRA:ERX240763.33739168.1	98.684	76	1	0	3782	3857	76	1	2.07e-28	135
NC_001564	SRA:ERX240763.33054072.1	98.684	76	1	0	5609	5684	1	76	2.07e-28	135
NC_001564	SRA:ERX240763.32441564.1	98.684	76	1	0	6425	6500	76	1	2.07e-28	135
NC_001564	SRA:ERX240763.32097093.1	98.684	76	1	0	6301	6376	76	1	2.07e-28	135
NC_001564	SRA:ERX240763.31532698.1	98.684	76	1	0	951	1026	1	76	2.07e-28	135
NC_001564	SRA:ERX240763.30689346.1	98.684	76	1	0	5609	5684	1	76	2.07e-28	135
NC_001564	SRA:ERX240763.29591272.1	98.684	76	1	0	960	1035	1	76	2.07e-28	135
NC_001564	SRA:ERX240763.29386991.1	98.684	76	1	0	2825	2900	1	76	2.07e-28	135
NC_001564	SRA:ERX240763.28979784.1	98.684	76	1	0	3620	3695	1	76	2.07e-28	135
NC_001564	SRA:ERX240763.28356696.1	98.684	76	1	0	3495	3570	76	1	2.07e-28	135
NC_001564	SRA:ERX240763.28207959.1	98.684	76	1	0	5735	5810	76	1	2.07e-28	135
NC_001564	SRA:ERX240763.25237352.1	98.684	76	1	0	2825	2900	1	76	2.07e-28	135
NC_001564	SRA:ERX240763.23252676.1	98.684	76	1	0	3472	3547	76	1	2.07e-28	135
NC_001564	SRA:ERX240763.19771617.1	98.684	76	1	0	906	981	1	76	2.07e-28	135
NC_001564	SRA:ERX240763.19719113.1	98.684	76	1	0	935	1010	1	76	2.07e-28	135
NC_001564	SRA:ERX240763.19631962.1	98.684	76	1	0	5609	5684	1	76	2.07e-28	135
NC_001564	SRA:ERX240763.19348363.1	98.684	76	1	0	963	1038	1	76	2.07e-28	135
NC_001564	SRA:ERX240763.18268037.1	98.684	76	1	0	2477	2552	76	1	2.07e-28	135
NC_001564	SRA:ERX240763.17988238.1	98.684	76	1	0	6425	6500	76	1	2.07e-28	135
NC_001564	SRA:ERX240763.16660348.1	98.684	76	1	0	2825	2900	1	76	2.07e-28	135
NC_001564	SRA:ERX240763.15968570.1	98.684	76	1	0	935	1010	1	76	2.07e-28	135
NC_001564	SRA:ERX240763.15161419.1	98.684	76	1	0	2825	2900	1	76	2.07e-28	135
NC_001564	SRA:ERX240763.14980456.1	98.684	76	1	0	2477	2552	76	1	2.07e-28	135
NC_001564	SRA:ERX240763.13311008.1	98.684	76	1	0	5609	5684	1	76	2.07e-28	135
NC_001564	SRA:ERX240763.13096979.1	98.684	76	1	0	2477	2552	76	1	2.07e-28	135
NC_001564	SRA:ERX240763.12941692.1	98.684	76	1	0	951	1026	1	76	2.07e-28	135
NC_001564	SRA:ERX240763.11680881.1	98.684	76	1	0	6425	6500	76	1	2.07e-28	135
NC_001564	SRA:ERX240763.11620456.1	98.684	76	1	0	5609	5684	1	76	2.07e-28	135
NC_001564	SRA:ERX240763.10121888.1	98.684	76	1	0	6425	6500	76	1	2.07e-28	135
NC_001564	SRA:ERX240763.6668596.1	98.684	76	1	0	5614	5689	1	76	2.07e-28	135
NC_001564	SRA:ERX240763.6335807.1	98.684	76	1	0	906	981	1	76	2.07e-28	135
NC_001564	SRA:ERX240763.5474350.1	98.684	76	1	0	5987	6062	1	76	2.07e-28	135
NC_001564	SRA:ERX240763.4998231.1	98.684	76	1	0	2914	2989	76	1	2.07e-28	135
NC_001564	SRA:ERX240763.4038831.1	98.684	76	1	0	906	981	1	76	2.07e-28	135
NC_001564	SRA:ERX240763.3451682.1	98.684	76	1	0	2819	2894	1	76	2.07e-28	135
NC_001564	SRA:ERX240763.2774324.1	98.684	76	1	0	3495	3570	76	1	2.07e-28	135
NC_001564	SRA:ERX240763.630389.1	98.684	76	1	0	906	981	1	76	2.07e-28	135
NC_001564	SRA:ERX240763.33114579.1	98.667	75	1	0	6293	6367	2	76	7.45e-28	134
NC_001564	SRA:ERX240763.32380542.1	98.667	75	1	0	6429	6503	1	75	7.45e-28	134
NC_001564	SRA:ERX240763.21275284.1	98.667	75	1	0	2819	2893	2	76	7.45e-28	134
NC_001564	SRA:ERX240763.12201794.1	98.667	75	1	0	2819	2893	2	76	7.45e-28	134
NC_001564	SRA:ERX240763.12103796.1	98.667	75	1	0	6429	6503	1	75	7.45e-28	134
NC_001564	SRA:ERX240763.5084428.1	98.667	75	1	0	2819	2893	2	76	7.45e-28	134
NC_001564	SRA:ERX240763.6488443.1	98.649	74	1	0	4166	4239	76	3	2.68e-27	132
NC_001564	SRA:ERX240763.35749320.1	97.368	76	2	0	3909	3984	1	76	9.63e-27	130
NC_001564	SRA:ERX240763.32436909.1	97.368	76	2	0	6320	6395	76	1	9.63e-27	130
NC_001564	SRA:ERX240763.29731291.1	97.368	76	2	0	3418	3493	1	76	9.63e-27	130
NC_001564	SRA:ERX240763.27123950.1	97.368	76	2	0	2747	2822	76	1	9.63e-27	130
NC_001564	SRA:ERX240763.23341176.1	97.368	76	2	0	3418	3493	1	76	9.63e-27	130
NC_001564	SRA:ERX240763.21933505.1	97.368	76	2	0	3418	3493	1	76	9.63e-27	130
NC_001564	SRA:ERX240763.18928571.1	97.368	76	2	0	951	1026	1	76	9.63e-27	130
NC_001564	SRA:ERX240763.13926304.1	97.368	76	2	0	6425	6500	76	1	9.63e-27	130
NC_001564	SRA:ERX240763.12651760.1	97.368	76	2	0	3418	3493	1	76	9.63e-27	130
NC_001564	SRA:ERX240763.8161439.1	97.368	76	2	0	6320	6395	76	1	9.63e-27	130
NC_001564	SRA:ERX240763.5539766.1	97.368	76	2	0	3909	3984	1	76	9.63e-27	130
NC_001564	SRA:ERX240763.4896254.1	97.368	76	2	0	5564	5639	1	76	9.63e-27	130
NC_001564	SRA:ERX240763.3048108.1	97.368	76	2	0	5173	5248	1	76	9.63e-27	130
NC_001564	SRA:ERX240763.2591800.1	97.368	76	2	0	3911	3986	1	76	9.63e-27	130
NC_001564	SRA:ERX240763.1616338.1	97.368	76	2	0	6083	6158	1	76	9.63e-27	130
NC_001564	SRA:ERX240763.22213793.1	98.611	72	1	0	2468	2539	72	1	3.46e-26	128
NC_001564	SRA:ERX240763.4787316.1	98.611	72	1	0	2468	2539	72	1	3.46e-26	128
NC_001564	SRA:ERX240763.34830614.1	96.053	76	3	0	1917	1992	1	76	4.48e-25	124
NC_001564	SRA:ERX240763.34683056.1	96.053	76	3	0	6125	6200	76	1	4.48e-25	124
NC_001564	SRA:ERX240763.33522963.1	96.053	76	3	0	4392	4467	1	76	4.48e-25	124
NC_001564	SRA:ERX240763.30924610.1	96.053	76	3	0	3398	3473	76	1	4.48e-25	124
NC_001564	SRA:ERX240763.29260984.1	96.053	76	3	0	6099	6174	1	76	4.48e-25	124
NC_001564	SRA:ERX240763.28976013.1	96.053	76	3	0	1917	1992	1	76	4.48e-25	124
NC_001564	SRA:ERX240763.28090159.1	97.260	73	2	0	4373	4445	73	1	4.48e-25	124
NC_001564	SRA:ERX240763.25037952.1	97.260	73	2	0	4373	4445	73	1	4.48e-25	124
NC_001564	SRA:ERX240763.17989487.1	96.053	76	3	0	3410	3485	76	1	4.48e-25	124
NC_001564	SRA:ERX240763.17501894.1	96.053	76	3	0	3398	3473	76	1	4.48e-25	124
NC_001564	SRA:ERX240763.13653690.1	97.260	73	2	0	4373	4445	73	1	4.48e-25	124
NC_001564	SRA:ERX240763.12608267.1	96.053	76	3	0	3324	3399	1	76	4.48e-25	124
NC_001564	SRA:ERX240763.10600518.1	96.053	76	3	0	4392	4467	1	76	4.48e-25	124
NC_001564	SRA:ERX240763.10356223.1	96.053	76	3	0	5564	5639	1	76	4.48e-25	124
NC_001564	SRA:ERX240763.9951454.1	96.053	76	3	0	3410	3485	76	1	4.48e-25	124
NC_001564	SRA:ERX240763.9338456.1	96.053	76	3	0	2069	2144	76	1	4.48e-25	124
NC_001564	SRA:ERX240763.8312502.1	96.053	76	3	0	3410	3485	76	1	4.48e-25	124
NC_001564	SRA:ERX240763.8045754.1	96.053	76	3	0	5807	5882	1	76	4.48e-25	124
NC_001564	SRA:ERX240763.7248896.1	96.053	76	3	0	4327	4402	76	1	4.48e-25	124
NC_001564	SRA:ERX240763.5965256.1	96.053	76	3	0	4327	4402	76	1	4.48e-25	124
NC_001564	SRA:ERX240763.5622011.1	96.053	76	3	0	6099	6174	1	76	4.48e-25	124
NC_001564	SRA:ERX240763.4042264.1	96.053	76	3	0	4327	4402	76	1	4.48e-25	124
NC_001564	SRA:ERX240763.17906485.1	96.000	75	3	0	2874	2948	75	1	1.61e-24	122
NC_001564	SRA:ERX240763.7729769.1	96.000	75	3	0	2880	2954	2	76	1.61e-24	122
NC_001564	SRA:ERX240763.7573256.1	96.000	75	3	0	2880	2954	2	76	1.61e-24	122
NC_001564	SRA:ERX240763.2491458.1	96.000	75	3	0	2874	2948	75	1	1.61e-24	122
NC_001564	SRA:ERX240763.34194875.1	95.946	74	3	0	4428	4501	76	3	5.80e-24	121
NC_001564	SRA:ERX240763.17805728.1	95.946	74	3	0	4428	4501	76	3	5.80e-24	121
NC_001564	SRA:ERX240763.11123740.1	95.946	74	3	0	4428	4501	76	3	5.80e-24	121
NC_001564	SRA:ERX240763.10565234.1	95.946	74	3	0	4428	4501	76	3	5.80e-24	121
NC_001564	SRA:ERX240763.9116183.1	95.946	74	3	0	3323	3396	3	76	5.80e-24	121
NC_001564	SRA:ERX240763.1929442.1	95.946	74	3	0	4428	4501	76	3	5.80e-24	121
NC_001564	SRA:ERX240763.31462194.1	94.737	76	4	0	2065	2140	76	1	2.09e-23	119
NC_001564	SRA:ERX240763.30343178.1	94.737	76	4	0	4268	4343	1	76	2.09e-23	119
NC_001564	SRA:ERX240763.26824547.1	94.737	76	4	0	6258	6333	76	1	2.09e-23	119
NC_001564	SRA:ERX240763.23248061.1	94.737	76	4	0	5851	5926	1	76	2.09e-23	119
NC_001564	SRA:ERX240763.21917016.1	94.737	76	4	0	6258	6333	76	1	2.09e-23	119
NC_001564	SRA:ERX240763.12518358.1	94.737	76	4	0	5851	5926	1	76	2.09e-23	119
NC_001564	SRA:ERX240763.8522054.1	94.737	76	4	0	6258	6333	76	1	2.09e-23	119
NC_001564	SRA:ERX240763.5502218.1	94.737	76	4	0	6258	6333	76	1	2.09e-23	119
NC_001564	SRA:ERX240763.4393301.1	94.737	76	4	0	6258	6333	76	1	2.09e-23	119
NC_001564	SRA:ERX240763.3285672.1	94.737	76	4	0	5851	5926	1	76	2.09e-23	119
NC_001564	SRA:ERX240763.2786307.1	94.737	76	4	0	6125	6200	76	1	2.09e-23	119
NC_001564	SRA:ERX240763.13239090.1	97.101	69	2	0	5885	5953	69	1	7.50e-23	117
NC_001564	SRA:ERX240763.6946920.1	97.101	69	2	0	5885	5953	69	1	7.50e-23	117
NC_001564	SRA:ERX240763.11514643.1	93.421	76	5	0	2012	2087	1	76	9.70e-22	113
NC_001564	SRA:ERX240763.779932.1	93.421	76	5	0	2012	2087	1	76	9.70e-22	113
NC_001564	SRA:ERX240763.31620095.1	96.923	65	2	0	2037	2101	1	65	1.25e-20	110
NC_001564	SRA:ERX240763.6945029.1	95.588	68	3	0	5005	5072	9	76	1.25e-20	110
NC_001564	SRA:ERX240763.3621855.1	95.588	68	3	0	5005	5072	9	76	1.25e-20	110
NC_001564	SRA:ERX240763.15602542.1	94.286	70	4	0	2012	2081	1	70	4.51e-20	108
NC_001564	SRA:ERX240763.1910862.1	98.333	60	1	0	5750	5809	1	60	1.62e-19	106
NC_001564	SRA:ERX240763.6137325.1	98.305	59	1	0	4368	4426	76	18	5.84e-19	104
NC_001564	SRA:ERX240763.9153182.1	98.214	56	1	0	3914	3969	21	76	2.72e-17	99.0
NC_001564	SRA:ERX240763.23753273.1	100.000	52	0	0	5391	5442	1	52	9.77e-17	97.1
NC_001564	SRA:ERX240763.36449003.1	98.148	54	1	0	947	1000	1	54	3.51e-16	95.3
NC_001564	SRA:ERX240763.29984613.1	98.148	54	1	0	947	1000	1	54	3.51e-16	95.3
NC_001564	SRA:ERX240763.18921871.1	98.148	54	1	0	947	1000	1	54	3.51e-16	95.3
NC_001564	SRA:ERX240763.23636171.1	93.878	49	3	0	1816	1864	28	76	4.58e-10	75.0
NC_001564	SRA:ERX240763.23636171.1	100.000	29	0	0	1066	1094	1	29	5.96e-04	54.7
NC_001564	SRA:ERX240763.30620885.1	100.000	38	0	0	4953	4990	40	3	5.92e-09	71.3
CFAV-Cairns_Australia_2014	SRA:ERX240763.35525417.1	100.000	76	0	0	2824	2899	1	76	4.45e-30	141
CFAV-Cairns_Australia_2014	SRA:ERX240763.33755782.1	100.000	76	0	0	3494	3569	76	1	4.45e-30	141
CFAV-Cairns_Australia_2014	SRA:ERX240763.33054072.1	100.000	76	0	0	5608	5683	1	76	4.45e-30	141
CFAV-Cairns_Australia_2014	SRA:ERX240763.32097093.1	100.000	76	0	0	6300	6375	76	1	4.45e-30	141
CFAV-Cairns_Australia_2014	SRA:ERX240763.30689346.1	100.000	76	0	0	5608	5683	1	76	4.45e-30	141
CFAV-Cairns_Australia_2014	SRA:ERX240763.29682105.1	100.000	76	0	0	6391	6466	76	1	4.45e-30	141
CFAV-Cairns_Australia_2014	SRA:ERX240763.29386991.1	100.000	76	0	0	2824	2899	1	76	4.45e-30	141
CFAV-Cairns_Australia_2014	SRA:ERX240763.28356696.1	100.000	76	0	0	3494	3569	76	1	4.45e-30	141
CFAV-Cairns_Australia_2014	SRA:ERX240763.28207959.1	100.000	76	0	0	5734	5809	76	1	4.45e-30	141
CFAV-Cairns_Australia_2014	SRA:ERX240763.28178773.1	100.000	76	0	0	4000	4075	76	1	4.45e-30	141
CFAV-Cairns_Australia_2014	SRA:ERX240763.25237352.1	100.000	76	0	0	2824	2899	1	76	4.45e-30	141
CFAV-Cairns_Australia_2014	SRA:ERX240763.23252676.1	100.000	76	0	0	3471	3546	76	1	4.45e-30	141
CFAV-Cairns_Australia_2014	SRA:ERX240763.21391307.1	100.000	76	0	0	6391	6466	76	1	4.45e-30	141
CFAV-Cairns_Australia_2014	SRA:ERX240763.19771617.1	100.000	76	0	0	905	980	1	76	4.45e-30	141
CFAV-Cairns_Australia_2014	SRA:ERX240763.19642599.1	100.000	76	0	0	3619	3694	1	76	4.45e-30	141
CFAV-Cairns_Australia_2014	SRA:ERX240763.19631962.1	100.000	76	0	0	5608	5683	1	76	4.45e-30	141
CFAV-Cairns_Australia_2014	SRA:ERX240763.16660348.1	100.000	76	0	0	2824	2899	1	76	4.45e-30	141
CFAV-Cairns_Australia_2014	SRA:ERX240763.15161419.1	100.000	76	0	0	2824	2899	1	76	4.45e-30	141
CFAV-Cairns_Australia_2014	SRA:ERX240763.13311008.1	100.000	76	0	0	5608	5683	1	76	4.45e-30	141
CFAV-Cairns_Australia_2014	SRA:ERX240763.11620456.1	100.000	76	0	0	5608	5683	1	76	4.45e-30	141
CFAV-Cairns_Australia_2014	SRA:ERX240763.7602580.1	100.000	76	0	0	3624	3699	1	76	4.45e-30	141
CFAV-Cairns_Australia_2014	SRA:ERX240763.6668596.1	100.000	76	0	0	5613	5688	1	76	4.45e-30	141
CFAV-Cairns_Australia_2014	SRA:ERX240763.6335807.1	100.000	76	0	0	905	980	1	76	4.45e-30	141
CFAV-Cairns_Australia_2014	SRA:ERX240763.4896254.1	100.000	76	0	0	5563	5638	1	76	4.45e-30	141
CFAV-Cairns_Australia_2014	SRA:ERX240763.4038831.1	100.000	76	0	0	905	980	1	76	4.45e-30	141
CFAV-Cairns_Australia_2014	SRA:ERX240763.3451682.1	100.000	76	0	0	2818	2893	1	76	4.45e-30	141
CFAV-Cairns_Australia_2014	SRA:ERX240763.2774324.1	100.000	76	0	0	3494	3569	76	1	4.45e-30	141
CFAV-Cairns_Australia_2014	SRA:ERX240763.630389.1	100.000	76	0	0	905	980	1	76	4.45e-30	141
CFAV-Cairns_Australia_2014	SRA:ERX240763.35178791.1	100.000	75	0	0	5231	5305	2	76	1.60e-29	139
CFAV-Cairns_Australia_2014	SRA:ERX240763.21275284.1	100.000	75	0	0	2818	2892	2	76	1.60e-29	139
CFAV-Cairns_Australia_2014	SRA:ERX240763.12201794.1	100.000	75	0	0	2818	2892	2	76	1.60e-29	139
CFAV-Cairns_Australia_2014	SRA:ERX240763.5084428.1	100.000	75	0	0	2818	2892	2	76	1.60e-29	139
CFAV-Cairns_Australia_2014	SRA:ERX240763.6488443.1	100.000	74	0	0	4165	4238	76	3	5.76e-29	137
CFAV-Cairns_Australia_2014	SRA:ERX240763.34683056.1	98.684	76	1	0	6124	6199	76	1	2.07e-28	135
CFAV-Cairns_Australia_2014	SRA:ERX240763.33739168.1	98.684	76	1	0	3781	3856	76	1	2.07e-28	135
CFAV-Cairns_Australia_2014	SRA:ERX240763.33522963.1	98.684	76	1	0	4391	4466	1	76	2.07e-28	135
CFAV-Cairns_Australia_2014	SRA:ERX240763.33114579.1	98.684	76	1	0	6291	6366	1	76	2.07e-28	135
CFAV-Cairns_Australia_2014	SRA:ERX240763.32441564.1	98.684	76	1	0	6424	6499	76	1	2.07e-28	135
CFAV-Cairns_Australia_2014	SRA:ERX240763.32436909.1	98.684	76	1	0	6319	6394	76	1	2.07e-28	135
CFAV-Cairns_Australia_2014	SRA:ERX240763.31532698.1	98.684	76	1	0	950	1025	1	76	2.07e-28	135
CFAV-Cairns_Australia_2014	SRA:ERX240763.30343178.1	98.684	76	1	0	4267	4342	1	76	2.07e-28	135
CFAV-Cairns_Australia_2014	SRA:ERX240763.29591272.1	98.684	76	1	0	959	1034	1	76	2.07e-28	135
CFAV-Cairns_Australia_2014	SRA:ERX240763.29260984.1	98.684	76	1	0	6098	6173	1	76	2.07e-28	135
CFAV-Cairns_Australia_2014	SRA:ERX240763.28979784.1	98.684	76	1	0	3619	3694	1	76	2.07e-28	135
CFAV-Cairns_Australia_2014	SRA:ERX240763.28905231.1	98.684	76	1	0	3958	4033	76	1	2.07e-28	135
CFAV-Cairns_Australia_2014	SRA:ERX240763.28090159.1	98.684	76	1	0	4369	4444	76	1	2.07e-28	135
CFAV-Cairns_Australia_2014	SRA:ERX240763.26824547.1	98.684	76	1	0	6257	6332	76	1	2.07e-28	135
CFAV-Cairns_Australia_2014	SRA:ERX240763.25037952.1	98.684	76	1	0	4369	4444	76	1	2.07e-28	135
CFAV-Cairns_Australia_2014	SRA:ERX240763.23248061.1	98.684	76	1	0	5850	5925	1	76	2.07e-28	135
CFAV-Cairns_Australia_2014	SRA:ERX240763.22154885.1	98.684	76	1	0	3958	4033	76	1	2.07e-28	135
CFAV-Cairns_Australia_2014	SRA:ERX240763.21917016.1	98.684	76	1	0	6257	6332	76	1	2.07e-28	135
CFAV-Cairns_Australia_2014	SRA:ERX240763.20767146.1	98.684	76	1	0	3958	4033	76	1	2.07e-28	135
CFAV-Cairns_Australia_2014	SRA:ERX240763.19719113.1	98.684	76	1	0	934	1009	1	76	2.07e-28	135
CFAV-Cairns_Australia_2014	SRA:ERX240763.19348363.1	98.684	76	1	0	962	1037	1	76	2.07e-28	135
CFAV-Cairns_Australia_2014	SRA:ERX240763.18268037.1	98.684	76	1	0	2476	2551	76	1	2.07e-28	135
CFAV-Cairns_Australia_2014	SRA:ERX240763.17988238.1	98.684	76	1	0	6424	6499	76	1	2.07e-28	135
CFAV-Cairns_Australia_2014	SRA:ERX240763.16850514.1	98.684	76	1	0	6140	6215	76	1	2.07e-28	135
CFAV-Cairns_Australia_2014	SRA:ERX240763.15968570.1	98.684	76	1	0	934	1009	1	76	2.07e-28	135
CFAV-Cairns_Australia_2014	SRA:ERX240763.14980456.1	98.684	76	1	0	2476	2551	76	1	2.07e-28	135
CFAV-Cairns_Australia_2014	SRA:ERX240763.13653690.1	98.684	76	1	0	4369	4444	76	1	2.07e-28	135
CFAV-Cairns_Australia_2014	SRA:ERX240763.13096979.1	98.684	76	1	0	2476	2551	76	1	2.07e-28	135
CFAV-Cairns_Australia_2014	SRA:ERX240763.12941692.1	98.684	76	1	0	950	1025	1	76	2.07e-28	135
CFAV-Cairns_Australia_2014	SRA:ERX240763.12518358.1	98.684	76	1	0	5850	5925	1	76	2.07e-28	135
CFAV-Cairns_Australia_2014	SRA:ERX240763.11680881.1	98.684	76	1	0	6424	6499	76	1	2.07e-28	135
CFAV-Cairns_Australia_2014	SRA:ERX240763.10600518.1	98.684	76	1	0	4391	4466	1	76	2.07e-28	135
CFAV-Cairns_Australia_2014	SRA:ERX240763.10356223.1	98.684	76	1	0	5563	5638	1	76	2.07e-28	135
CFAV-Cairns_Australia_2014	SRA:ERX240763.10121888.1	98.684	76	1	0	6424	6499	76	1	2.07e-28	135
CFAV-Cairns_Australia_2014	SRA:ERX240763.8522054.1	98.684	76	1	0	6257	6332	76	1	2.07e-28	135
CFAV-Cairns_Australia_2014	SRA:ERX240763.8281495.1	98.684	76	1	0	3958	4033	76	1	2.07e-28	135
CFAV-Cairns_Australia_2014	SRA:ERX240763.8161439.1	98.684	76	1	0	6319	6394	76	1	2.07e-28	135
CFAV-Cairns_Australia_2014	SRA:ERX240763.8045754.1	98.684	76	1	0	5806	5881	1	76	2.07e-28	135
CFAV-Cairns_Australia_2014	SRA:ERX240763.5622011.1	98.684	76	1	0	6098	6173	1	76	2.07e-28	135
CFAV-Cairns_Australia_2014	SRA:ERX240763.5502218.1	98.684	76	1	0	6257	6332	76	1	2.07e-28	135
CFAV-Cairns_Australia_2014	SRA:ERX240763.4998231.1	98.684	76	1	0	2913	2988	76	1	2.07e-28	135
CFAV-Cairns_Australia_2014	SRA:ERX240763.4393301.1	98.684	76	1	0	6257	6332	76	1	2.07e-28	135
CFAV-Cairns_Australia_2014	SRA:ERX240763.3285672.1	98.684	76	1	0	5850	5925	1	76	2.07e-28	135
CFAV-Cairns_Australia_2014	SRA:ERX240763.1616338.1	98.684	76	1	0	6082	6157	1	76	2.07e-28	135
CFAV-Cairns_Australia_2014	SRA:ERX240763.32380542.1	98.667	75	1	0	6428	6502	1	75	7.45e-28	134
CFAV-Cairns_Australia_2014	SRA:ERX240763.17109109.1	98.667	75	1	0	5649	5723	76	2	7.45e-28	134
CFAV-Cairns_Australia_2014	SRA:ERX240763.12103796.1	98.667	75	1	0	6428	6502	1	75	7.45e-28	134
CFAV-Cairns_Australia_2014	SRA:ERX240763.11993026.1	98.667	75	1	0	5649	5723	76	2	7.45e-28	134
CFAV-Cairns_Australia_2014	SRA:ERX240763.8229115.1	98.667	75	1	0	5649	5723	76	2	7.45e-28	134
CFAV-Cairns_Australia_2014	SRA:ERX240763.36157185.1	98.649	74	1	0	2191	2264	1	74	2.68e-27	132
CFAV-Cairns_Australia_2014	SRA:ERX240763.35749320.1	97.368	76	2	0	3908	3983	1	76	9.63e-27	130
CFAV-Cairns_Australia_2014	SRA:ERX240763.34830614.1	97.368	76	2	0	1916	1991	1	76	9.63e-27	130
CFAV-Cairns_Australia_2014	SRA:ERX240763.29731291.1	97.368	76	2	0	3417	3492	1	76	9.63e-27	130
CFAV-Cairns_Australia_2014	SRA:ERX240763.28976013.1	97.368	76	2	0	1916	1991	1	76	9.63e-27	130
CFAV-Cairns_Australia_2014	SRA:ERX240763.23341176.1	97.368	76	2	0	3417	3492	1	76	9.63e-27	130
CFAV-Cairns_Australia_2014	SRA:ERX240763.23264186.1	98.630	73	1	0	6248	6320	73	1	9.63e-27	130
CFAV-Cairns_Australia_2014	SRA:ERX240763.21933505.1	97.368	76	2	0	3417	3492	1	76	9.63e-27	130
CFAV-Cairns_Australia_2014	SRA:ERX240763.19033748.1	98.630	73	1	0	6248	6320	73	1	9.63e-27	130
CFAV-Cairns_Australia_2014	SRA:ERX240763.18928571.1	97.368	76	2	0	950	1025	1	76	9.63e-27	130
CFAV-Cairns_Australia_2014	SRA:ERX240763.18765401.1	98.630	73	1	0	6248	6320	73	1	9.63e-27	130
CFAV-Cairns_Australia_2014	SRA:ERX240763.17906485.1	97.368	76	2	0	2872	2947	76	1	9.63e-27	130
CFAV-Cairns_Australia_2014	SRA:ERX240763.13926304.1	97.368	76	2	0	6424	6499	76	1	9.63e-27	130
CFAV-Cairns_Australia_2014	SRA:ERX240763.12651760.1	97.368	76	2	0	3417	3492	1	76	9.63e-27	130
CFAV-Cairns_Australia_2014	SRA:ERX240763.12608267.1	97.368	76	2	0	3323	3398	1	76	9.63e-27	130
CFAV-Cairns_Australia_2014	SRA:ERX240763.10393464.1	98.630	73	1	0	6248	6320	73	1	9.63e-27	130
CFAV-Cairns_Australia_2014	SRA:ERX240763.7248896.1	97.368	76	2	0	4326	4401	76	1	9.63e-27	130
CFAV-Cairns_Australia_2014	SRA:ERX240763.5965256.1	97.368	76	2	0	4326	4401	76	1	9.63e-27	130
CFAV-Cairns_Australia_2014	SRA:ERX240763.5539766.1	97.368	76	2	0	3908	3983	1	76	9.63e-27	130
CFAV-Cairns_Australia_2014	SRA:ERX240763.5474350.1	97.368	76	2	0	5986	6061	1	76	9.63e-27	130
CFAV-Cairns_Australia_2014	SRA:ERX240763.4042264.1	97.368	76	2	0	4326	4401	76	1	9.63e-27	130
CFAV-Cairns_Australia_2014	SRA:ERX240763.2786307.1	97.368	76	2	0	6124	6199	76	1	9.63e-27	130
CFAV-Cairns_Australia_2014	SRA:ERX240763.2591800.1	97.368	76	2	0	3910	3985	1	76	9.63e-27	130
CFAV-Cairns_Australia_2014	SRA:ERX240763.2491458.1	97.368	76	2	0	2872	2947	76	1	9.63e-27	130
CFAV-Cairns_Australia_2014	SRA:ERX240763.27310170.1	98.611	72	1	0	5840	5911	2	73	3.47e-26	128
CFAV-Cairns_Australia_2014	SRA:ERX240763.22213793.1	98.611	72	1	0	2467	2538	72	1	3.47e-26	128
CFAV-Cairns_Australia_2014	SRA:ERX240763.7729769.1	97.333	75	2	0	2879	2953	2	76	3.47e-26	128
CFAV-Cairns_Australia_2014	SRA:ERX240763.7573256.1	97.333	75	2	0	2879	2953	2	76	3.47e-26	128
CFAV-Cairns_Australia_2014	SRA:ERX240763.4787316.1	98.611	72	1	0	2467	2538	72	1	3.47e-26	128
CFAV-Cairns_Australia_2014	SRA:ERX240763.34194875.1	97.297	74	2	0	4427	4500	76	3	1.25e-25	126
CFAV-Cairns_Australia_2014	SRA:ERX240763.17805728.1	97.297	74	2	0	4427	4500	76	3	1.25e-25	126
CFAV-Cairns_Australia_2014	SRA:ERX240763.11123740.1	97.297	74	2	0	4427	4500	76	3	1.25e-25	126
CFAV-Cairns_Australia_2014	SRA:ERX240763.10565234.1	97.297	74	2	0	4427	4500	76	3	1.25e-25	126
CFAV-Cairns_Australia_2014	SRA:ERX240763.9116183.1	97.297	74	2	0	3322	3395	3	76	1.25e-25	126
CFAV-Cairns_Australia_2014	SRA:ERX240763.1929442.1	97.297	74	2	0	4427	4500	76	3	1.25e-25	126
CFAV-Cairns_Australia_2014	SRA:ERX240763.27123950.1	96.053	76	3	0	2746	2821	76	1	4.48e-25	124
CFAV-Cairns_Australia_2014	SRA:ERX240763.17989487.1	96.053	76	3	0	3409	3484	76	1	4.48e-25	124
CFAV-Cairns_Australia_2014	SRA:ERX240763.9951454.1	96.053	76	3	0	3409	3484	76	1	4.48e-25	124
CFAV-Cairns_Australia_2014	SRA:ERX240763.9338456.1	97.260	73	2	0	2071	2143	73	1	4.48e-25	124
CFAV-Cairns_Australia_2014	SRA:ERX240763.8312502.1	96.053	76	3	0	3409	3484	76	1	4.48e-25	124
CFAV-Cairns_Australia_2014	SRA:ERX240763.5080868.1	96.053	76	3	0	4302	4377	76	1	4.48e-25	124
CFAV-Cairns_Australia_2014	SRA:ERX240763.2412181.1	97.260	73	2	0	4309	4381	75	3	4.48e-25	124
CFAV-Cairns_Australia_2014	SRA:ERX240763.6945029.1	98.529	68	1	0	5004	5071	9	76	5.80e-24	121
CFAV-Cairns_Australia_2014	SRA:ERX240763.3621855.1	98.529	68	1	0	5004	5071	9	76	5.80e-24	121
CFAV-Cairns_Australia_2014	SRA:ERX240763.31462194.1	94.737	76	4	0	2064	2139	76	1	2.09e-23	119
CFAV-Cairns_Australia_2014	SRA:ERX240763.30924610.1	94.737	76	4	0	3397	3472	76	1	2.09e-23	119
CFAV-Cairns_Australia_2014	SRA:ERX240763.17501894.1	94.737	76	4	0	3397	3472	76	1	2.09e-23	119
CFAV-Cairns_Australia_2014	SRA:ERX240763.3048108.1	94.737	76	4	0	5172	5247	1	76	2.09e-23	119
CFAV-Cairns_Australia_2014	SRA:ERX240763.13239090.1	97.101	69	2	0	5884	5952	69	1	7.50e-23	117
CFAV-Cairns_Australia_2014	SRA:ERX240763.6946920.1	97.101	69	2	0	5884	5952	69	1	7.50e-23	117
CFAV-Cairns_Australia_2014	SRA:ERX240763.1910862.1	100.000	60	0	0	5749	5808	1	60	3.49e-21	111
CFAV-Cairns_Australia_2014	SRA:ERX240763.6137325.1	100.000	59	0	0	4367	4425	76	18	1.26e-20	110
CFAV-Cairns_Australia_2014	SRA:ERX240763.9153182.1	98.214	56	1	0	3912	3967	20	75	2.72e-17	99.0
CFAV-Cairns_Australia_2014	SRA:ERX240763.23753273.1	100.000	52	0	0	5390	5441	1	52	9.77e-17	97.1
CFAV-Cairns_Australia_2014	SRA:ERX240763.36449003.1	98.148	54	1	0	946	999	1	54	3.51e-16	95.3
CFAV-Cairns_Australia_2014	SRA:ERX240763.29984613.1	98.148	54	1	0	946	999	1	54	3.51e-16	95.3
CFAV-Cairns_Australia_2014	SRA:ERX240763.18921871.1	98.148	54	1	0	946	999	1	54	3.51e-16	95.3
CFAV-Cairns_Australia_2014	SRA:ERX240763.23636171.1	97.959	49	1	0	1815	1863	28	76	2.12e-13	86.1
CFAV-Cairns_Australia_2014	SRA:ERX240763.23636171.1	100.000	29	0	0	1065	1093	1	29	5.96e-04	54.7
CFAV-Cairns_Australia_2014	SRA:ERX240763.30620885.1	97.500	40	1	0	4952	4991	40	1	2.13e-08	69.4
CFAV-Macapa2_Brazil_2017	SRA:ERX240763.35525417.1	100.000	76	0	0	2825	2900	1	76	4.45e-30	141
CFAV-Macapa2_Brazil_2017	SRA:ERX240763.29386991.1	100.000	76	0	0	2825	2900	1	76	4.45e-30	141
CFAV-Macapa2_Brazil_2017	SRA:ERX240763.25237352.1	100.000	76	0	0	2825	2900	1	76	4.45e-30	141
CFAV-Macapa2_Brazil_2017	SRA:ERX240763.16660348.1	100.000	76	0	0	2825	2900	1	76	4.45e-30	141
CFAV-Macapa2_Brazil_2017	SRA:ERX240763.15161419.1	100.000	76	0	0	2825	2900	1	76	4.45e-30	141
CFAV-Macapa2_Brazil_2017	SRA:ERX240763.3451682.1	100.000	76	0	0	2819	2894	1	76	4.45e-30	141
CFAV-Macapa2_Brazil_2017	SRA:ERX240763.35178791.1	100.000	75	0	0	5232	5306	2	76	1.60e-29	139
CFAV-Macapa2_Brazil_2017	SRA:ERX240763.21275284.1	100.000	75	0	0	2819	2893	2	76	1.60e-29	139
CFAV-Macapa2_Brazil_2017	SRA:ERX240763.12201794.1	100.000	75	0	0	2819	2893	2	76	1.60e-29	139
CFAV-Macapa2_Brazil_2017	SRA:ERX240763.5084428.1	100.000	75	0	0	2819	2893	2	76	1.60e-29	139
CFAV-Macapa2_Brazil_2017	SRA:ERX240763.33755782.1	98.684	76	1	0	3495	3570	76	1	2.07e-28	135
CFAV-Macapa2_Brazil_2017	SRA:ERX240763.32436909.1	98.684	76	1	0	6320	6395	76	1	2.07e-28	135
CFAV-Macapa2_Brazil_2017	SRA:ERX240763.32097093.1	98.684	76	1	0	6301	6376	76	1	2.07e-28	135
CFAV-Macapa2_Brazil_2017	SRA:ERX240763.31532698.1	98.684	76	1	0	951	1026	1	76	2.07e-28	135
CFAV-Macapa2_Brazil_2017	SRA:ERX240763.29682105.1	98.684	76	1	0	6392	6467	76	1	2.07e-28	135
CFAV-Macapa2_Brazil_2017	SRA:ERX240763.29591272.1	98.684	76	1	0	960	1035	1	76	2.07e-28	135
CFAV-Macapa2_Brazil_2017	SRA:ERX240763.28356696.1	98.684	76	1	0	3495	3570	76	1	2.07e-28	135
CFAV-Macapa2_Brazil_2017	SRA:ERX240763.21391307.1	98.684	76	1	0	6392	6467	76	1	2.07e-28	135
CFAV-Macapa2_Brazil_2017	SRA:ERX240763.19719113.1	98.684	76	1	0	935	1010	1	76	2.07e-28	135
CFAV-Macapa2_Brazil_2017	SRA:ERX240763.19348363.1	98.684	76	1	0	963	1038	1	76	2.07e-28	135
CFAV-Macapa2_Brazil_2017	SRA:ERX240763.17906485.1	98.684	76	1	0	2873	2948	76	1	2.07e-28	135
CFAV-Macapa2_Brazil_2017	SRA:ERX240763.17109109.1	98.684	76	1	0	5650	5725	76	1	2.07e-28	135
CFAV-Macapa2_Brazil_2017	SRA:ERX240763.15968570.1	98.684	76	1	0	935	1010	1	76	2.07e-28	135
CFAV-Macapa2_Brazil_2017	SRA:ERX240763.12941692.1	98.684	76	1	0	951	1026	1	76	2.07e-28	135
CFAV-Macapa2_Brazil_2017	SRA:ERX240763.11993026.1	98.684	76	1	0	5650	5725	76	1	2.07e-28	135
CFAV-Macapa2_Brazil_2017	SRA:ERX240763.8229115.1	98.684	76	1	0	5650	5725	76	1	2.07e-28	135
CFAV-Macapa2_Brazil_2017	SRA:ERX240763.8161439.1	98.684	76	1	0	6320	6395	76	1	2.07e-28	135
CFAV-Macapa2_Brazil_2017	SRA:ERX240763.4998231.1	98.684	76	1	0	2914	2989	76	1	2.07e-28	135
CFAV-Macapa2_Brazil_2017	SRA:ERX240763.2774324.1	98.684	76	1	0	3495	3570	76	1	2.07e-28	135
CFAV-Macapa2_Brazil_2017	SRA:ERX240763.2491458.1	98.684	76	1	0	2873	2948	76	1	2.07e-28	135
CFAV-Macapa2_Brazil_2017	SRA:ERX240763.23248061.1	98.667	75	1	0	5852	5926	2	76	7.45e-28	134
CFAV-Macapa2_Brazil_2017	SRA:ERX240763.12518358.1	98.667	75	1	0	5852	5926	2	76	7.45e-28	134
CFAV-Macapa2_Brazil_2017	SRA:ERX240763.7729769.1	98.667	75	1	0	2880	2954	2	76	7.45e-28	134
CFAV-Macapa2_Brazil_2017	SRA:ERX240763.7573256.1	98.667	75	1	0	2880	2954	2	76	7.45e-28	134
CFAV-Macapa2_Brazil_2017	SRA:ERX240763.3285672.1	98.667	75	1	0	5852	5926	2	76	7.45e-28	134
CFAV-Macapa2_Brazil_2017	SRA:ERX240763.35749320.1	97.368	76	2	0	3909	3984	1	76	9.63e-27	130
CFAV-Macapa2_Brazil_2017	SRA:ERX240763.34683056.1	97.368	76	2	0	6125	6200	76	1	9.63e-27	130
CFAV-Macapa2_Brazil_2017	SRA:ERX240763.33739168.1	97.368	76	2	0	3782	3857	76	1	9.63e-27	130
CFAV-Macapa2_Brazil_2017	SRA:ERX240763.33114579.1	97.368	76	2	0	6292	6367	1	76	9.63e-27	130
CFAV-Macapa2_Brazil_2017	SRA:ERX240763.33054072.1	97.368	76	2	0	5609	5684	1	76	9.63e-27	130
CFAV-Macapa2_Brazil_2017	SRA:ERX240763.32441564.1	97.368	76	2	0	6425	6500	76	1	9.63e-27	130
CFAV-Macapa2_Brazil_2017	SRA:ERX240763.30924610.1	97.368	76	2	0	3398	3473	76	1	9.63e-27	130
CFAV-Macapa2_Brazil_2017	SRA:ERX240763.30689346.1	97.368	76	2	0	5609	5684	1	76	9.63e-27	130
CFAV-Macapa2_Brazil_2017	SRA:ERX240763.28207959.1	97.368	76	2	0	5735	5810	76	1	9.63e-27	130
CFAV-Macapa2_Brazil_2017	SRA:ERX240763.28178773.1	97.368	76	2	0	4001	4076	76	1	9.63e-27	130
CFAV-Macapa2_Brazil_2017	SRA:ERX240763.19771617.1	97.368	76	2	0	906	981	1	76	9.63e-27	130
CFAV-Macapa2_Brazil_2017	SRA:ERX240763.19631962.1	97.368	76	2	0	5609	5684	1	76	9.63e-27	130
CFAV-Macapa2_Brazil_2017	SRA:ERX240763.18928571.1	97.368	76	2	0	951	1026	1	76	9.63e-27	130
CFAV-Macapa2_Brazil_2017	SRA:ERX240763.18268037.1	97.368	76	2	0	2477	2552	76	1	9.63e-27	130
CFAV-Macapa2_Brazil_2017	SRA:ERX240763.17988238.1	97.368	76	2	0	6425	6500	76	1	9.63e-27	130
CFAV-Macapa2_Brazil_2017	SRA:ERX240763.17501894.1	97.368	76	2	0	3398	3473	76	1	9.63e-27	130
CFAV-Macapa2_Brazil_2017	SRA:ERX240763.14980456.1	97.368	76	2	0	2477	2552	76	1	9.63e-27	130
CFAV-Macapa2_Brazil_2017	SRA:ERX240763.13311008.1	97.368	76	2	0	5609	5684	1	76	9.63e-27	130
CFAV-Macapa2_Brazil_2017	SRA:ERX240763.13096979.1	97.368	76	2	0	2477	2552	76	1	9.63e-27	130
CFAV-Macapa2_Brazil_2017	SRA:ERX240763.12608267.1	97.368	76	2	0	3324	3399	1	76	9.63e-27	130
CFAV-Macapa2_Brazil_2017	SRA:ERX240763.11680881.1	97.368	76	2	0	6425	6500	76	1	9.63e-27	130
CFAV-Macapa2_Brazil_2017	SRA:ERX240763.11620456.1	97.368	76	2	0	5609	5684	1	76	9.63e-27	130
CFAV-Macapa2_Brazil_2017	SRA:ERX240763.10121888.1	97.368	76	2	0	6425	6500	76	1	9.63e-27	130
CFAV-Macapa2_Brazil_2017	SRA:ERX240763.8045754.1	97.368	76	2	0	5807	5882	1	76	9.63e-27	130
CFAV-Macapa2_Brazil_2017	SRA:ERX240763.7248896.1	97.368	76	2	0	4327	4402	76	1	9.63e-27	130
CFAV-Macapa2_Brazil_2017	SRA:ERX240763.6668596.1	97.368	76	2	0	5614	5689	1	76	9.63e-27	130
CFAV-Macapa2_Brazil_2017	SRA:ERX240763.6335807.1	97.368	76	2	0	906	981	1	76	9.63e-27	130
CFAV-Macapa2_Brazil_2017	SRA:ERX240763.5965256.1	97.368	76	2	0	4327	4402	76	1	9.63e-27	130
CFAV-Macapa2_Brazil_2017	SRA:ERX240763.5539766.1	97.368	76	2	0	3909	3984	1	76	9.63e-27	130
CFAV-Macapa2_Brazil_2017	SRA:ERX240763.5080868.1	97.368	76	2	0	4303	4378	76	1	9.63e-27	130
CFAV-Macapa2_Brazil_2017	SRA:ERX240763.4896254.1	97.368	76	2	0	5564	5639	1	76	9.63e-27	130
CFAV-Macapa2_Brazil_2017	SRA:ERX240763.4042264.1	97.368	76	2	0	4327	4402	76	1	9.63e-27	130
CFAV-Macapa2_Brazil_2017	SRA:ERX240763.4038831.1	97.368	76	2	0	906	981	1	76	9.63e-27	130
CFAV-Macapa2_Brazil_2017	SRA:ERX240763.2591800.1	97.368	76	2	0	3911	3986	1	76	9.63e-27	130
CFAV-Macapa2_Brazil_2017	SRA:ERX240763.630389.1	97.368	76	2	0	906	981	1	76	9.63e-27	130
CFAV-Macapa2_Brazil_2017	SRA:ERX240763.32380542.1	97.333	75	2	0	6429	6503	1	75	3.47e-26	128
CFAV-Macapa2_Brazil_2017	SRA:ERX240763.12103796.1	97.333	75	2	0	6429	6503	1	75	3.47e-26	128
CFAV-Macapa2_Brazil_2017	SRA:ERX240763.28905231.1	97.297	74	2	0	3959	4032	76	3	1.25e-25	126
CFAV-Macapa2_Brazil_2017	SRA:ERX240763.22154885.1	97.297	74	2	0	3959	4032	76	3	1.25e-25	126
CFAV-Macapa2_Brazil_2017	SRA:ERX240763.20767146.1	97.297	74	2	0	3959	4032	76	3	1.25e-25	126
CFAV-Macapa2_Brazil_2017	SRA:ERX240763.9116183.1	97.297	74	2	0	3323	3396	3	76	1.25e-25	126
CFAV-Macapa2_Brazil_2017	SRA:ERX240763.8281495.1	97.297	74	2	0	3959	4032	76	3	1.25e-25	126
CFAV-Macapa2_Brazil_2017	SRA:ERX240763.2412181.1	97.297	74	2	0	4309	4382	76	3	1.25e-25	126
CFAV-Macapa2_Brazil_2017	SRA:ERX240763.34830614.1	96.053	76	3	0	1917	1992	1	76	4.48e-25	124
CFAV-Macapa2_Brazil_2017	SRA:ERX240763.30222100.1	96.053	76	3	0	3373	3448	1	76	4.48e-25	124
CFAV-Macapa2_Brazil_2017	SRA:ERX240763.29731291.1	96.053	76	3	0	3418	3493	1	76	4.48e-25	124
CFAV-Macapa2_Brazil_2017	SRA:ERX240763.28976013.1	96.053	76	3	0	1917	1992	1	76	4.48e-25	124
CFAV-Macapa2_Brazil_2017	SRA:ERX240763.26824547.1	96.053	76	3	0	6258	6333	76	1	4.48e-25	124
CFAV-Macapa2_Brazil_2017	SRA:ERX240763.23341176.1	96.053	76	3	0	3418	3493	1	76	4.48e-25	124
CFAV-Macapa2_Brazil_2017	SRA:ERX240763.23252676.1	96.053	76	3	0	3472	3547	76	1	4.48e-25	124
CFAV-Macapa2_Brazil_2017	SRA:ERX240763.21933505.1	96.053	76	3	0	3418	3493	1	76	4.48e-25	124
CFAV-Macapa2_Brazil_2017	SRA:ERX240763.21917016.1	96.053	76	3	0	6258	6333	76	1	4.48e-25	124
CFAV-Macapa2_Brazil_2017	SRA:ERX240763.17989487.1	96.053	76	3	0	3410	3485	76	1	4.48e-25	124
CFAV-Macapa2_Brazil_2017	SRA:ERX240763.13926304.1	96.053	76	3	0	6425	6500	76	1	4.48e-25	124
CFAV-Macapa2_Brazil_2017	SRA:ERX240763.12651760.1	96.053	76	3	0	3418	3493	1	76	4.48e-25	124
CFAV-Macapa2_Brazil_2017	SRA:ERX240763.10356223.1	96.053	76	3	0	5564	5639	1	76	4.48e-25	124
CFAV-Macapa2_Brazil_2017	SRA:ERX240763.9951454.1	96.053	76	3	0	3410	3485	76	1	4.48e-25	124
CFAV-Macapa2_Brazil_2017	SRA:ERX240763.8522054.1	96.053	76	3	0	6258	6333	76	1	4.48e-25	124
CFAV-Macapa2_Brazil_2017	SRA:ERX240763.8312502.1	96.053	76	3	0	3410	3485	76	1	4.48e-25	124
CFAV-Macapa2_Brazil_2017	SRA:ERX240763.5502218.1	96.053	76	3	0	6258	6333	76	1	4.48e-25	124
CFAV-Macapa2_Brazil_2017	SRA:ERX240763.4393301.1	96.053	76	3	0	6258	6333	76	1	4.48e-25	124
CFAV-Macapa2_Brazil_2017	SRA:ERX240763.2786307.1	96.053	76	3	0	6125	6200	76	1	4.48e-25	124
CFAV-Macapa2_Brazil_2017	SRA:ERX240763.27310170.1	97.222	72	2	0	5841	5912	2	73	1.61e-24	122
CFAV-Macapa2_Brazil_2017	SRA:ERX240763.13239090.1	98.551	69	1	0	5885	5953	69	1	1.61e-24	122
CFAV-Macapa2_Brazil_2017	SRA:ERX240763.6946920.1	98.551	69	1	0	5885	5953	69	1	1.61e-24	122
CFAV-Macapa2_Brazil_2017	SRA:ERX240763.6945029.1	98.529	68	1	0	5005	5072	9	76	5.80e-24	121
CFAV-Macapa2_Brazil_2017	SRA:ERX240763.6488443.1	95.946	74	3	0	4166	4239	76	3	5.80e-24	121
CFAV-Macapa2_Brazil_2017	SRA:ERX240763.3621855.1	98.529	68	1	0	5005	5072	9	76	5.80e-24	121
CFAV-Macapa2_Brazil_2017	SRA:ERX240763.36157185.1	94.737	76	4	0	2192	2267	1	76	2.09e-23	119
CFAV-Macapa2_Brazil_2017	SRA:ERX240763.33823960.1	94.737	76	4	0	3354	3429	1	76	2.09e-23	119
CFAV-Macapa2_Brazil_2017	SRA:ERX240763.31548889.1	94.737	76	4	0	3354	3429	1	76	2.09e-23	119
CFAV-Macapa2_Brazil_2017	SRA:ERX240763.29260984.1	94.737	76	4	0	6099	6174	1	76	2.09e-23	119
CFAV-Macapa2_Brazil_2017	SRA:ERX240763.27123950.1	94.737	76	4	0	2747	2822	76	1	2.09e-23	119
CFAV-Macapa2_Brazil_2017	SRA:ERX240763.19082935.1	94.737	76	4	0	3354	3429	1	76	2.09e-23	119
CFAV-Macapa2_Brazil_2017	SRA:ERX240763.11514643.1	94.737	76	4	0	2012	2087	1	76	2.09e-23	119
CFAV-Macapa2_Brazil_2017	SRA:ERX240763.8336276.1	94.737	76	4	0	3354	3429	1	76	2.09e-23	119
CFAV-Macapa2_Brazil_2017	SRA:ERX240763.6488817.1	98.507	67	1	0	1997	2063	76	10	2.09e-23	119
CFAV-Macapa2_Brazil_2017	SRA:ERX240763.5622011.1	94.737	76	4	0	6099	6174	1	76	2.09e-23	119
CFAV-Macapa2_Brazil_2017	SRA:ERX240763.5474350.1	94.737	76	4	0	5987	6062	1	76	2.09e-23	119
CFAV-Macapa2_Brazil_2017	SRA:ERX240763.779932.1	94.737	76	4	0	2012	2087	1	76	2.09e-23	119
CFAV-Macapa2_Brazil_2017	SRA:ERX240763.22213793.1	95.833	72	3	0	2468	2539	72	1	7.50e-23	117
CFAV-Macapa2_Brazil_2017	SRA:ERX240763.4787316.1	95.833	72	3	0	2468	2539	72	1	7.50e-23	117
CFAV-Macapa2_Brazil_2017	SRA:ERX240763.15602542.1	95.714	70	3	0	2012	2081	1	70	9.70e-22	113
CFAV-Macapa2_Brazil_2017	SRA:ERX240763.10107690.1	97.015	67	2	0	1997	2063	76	10	9.70e-22	113
CFAV-Macapa2_Brazil_2017	SRA:ERX240763.1616338.1	93.421	76	5	0	6083	6158	1	76	9.70e-22	113
CFAV-Macapa2_Brazil_2017	SRA:ERX240763.30343178.1	92.105	76	6	0	4268	4343	1	76	4.51e-20	108
CFAV-Macapa2_Brazil_2017	SRA:ERX240763.28090159.1	92.105	76	6	0	4370	4445	76	1	4.51e-20	108
CFAV-Macapa2_Brazil_2017	SRA:ERX240763.25037952.1	92.105	76	6	0	4370	4445	76	1	4.51e-20	108
CFAV-Macapa2_Brazil_2017	SRA:ERX240763.13653690.1	92.105	76	6	0	4370	4445	76	1	4.51e-20	108
CFAV-Macapa2_Brazil_2017	SRA:ERX240763.1910862.1	98.333	60	1	0	5750	5809	1	60	1.62e-19	106
CFAV-Macapa2_Brazil_2017	SRA:ERX240763.31620095.1	93.846	65	4	0	2037	2101	1	65	2.72e-17	99.0
CFAV-Macapa2_Brazil_2017	SRA:ERX240763.9153182.1	98.214	56	1	0	3913	3968	20	75	2.72e-17	99.0
CFAV-Macapa2_Brazil_2017	SRA:ERX240763.23753273.1	100.000	52	0	0	5391	5442	1	52	9.77e-17	97.1
CFAV-Macapa2_Brazil_2017	SRA:ERX240763.36449003.1	98.148	54	1	0	947	1000	1	54	3.51e-16	95.3
CFAV-Macapa2_Brazil_2017	SRA:ERX240763.29984613.1	98.148	54	1	0	947	1000	1	54	3.51e-16	95.3
CFAV-Macapa2_Brazil_2017	SRA:ERX240763.18921871.1	98.148	54	1	0	947	1000	1	54	3.51e-16	95.3
CFAV-Macapa2_Brazil_2017	SRA:ERX240763.6137325.1	96.491	57	2	0	4368	4424	76	20	3.51e-16	95.3
CFAV-Macapa2_Brazil_2017	SRA:ERX240763.23636171.1	100.000	29	0	0	1066	1094	1	29	5.96e-04	54.7
CFAV-KC_Cambodia_2015	SRA:ERX240763.33739168.1	100.000	76	0	0	3793	3868	76	1	4.46e-30	141
CFAV-KC_Cambodia_2015	SRA:ERX240763.28178773.1	100.000	76	0	0	4012	4087	76	1	4.46e-30	141
CFAV-KC_Cambodia_2015	SRA:ERX240763.21275284.1	100.000	74	0	0	2830	2903	2	75	5.76e-29	137
CFAV-KC_Cambodia_2015	SRA:ERX240763.12201794.1	100.000	74	0	0	2830	2903	2	75	5.76e-29	137
CFAV-KC_Cambodia_2015	SRA:ERX240763.5084428.1	100.000	74	0	0	2830	2903	2	75	5.76e-29	137
CFAV-KC_Cambodia_2015	SRA:ERX240763.3451682.1	100.000	74	0	0	2830	2903	1	74	5.76e-29	137
CFAV-KC_Cambodia_2015	SRA:ERX240763.35525417.1	98.684	76	1	0	2836	2911	1	76	2.07e-28	135
CFAV-KC_Cambodia_2015	SRA:ERX240763.32436909.1	98.684	76	1	0	6331	6406	76	1	2.07e-28	135
CFAV-KC_Cambodia_2015	SRA:ERX240763.29386991.1	98.684	76	1	0	2836	2911	1	76	2.07e-28	135
CFAV-KC_Cambodia_2015	SRA:ERX240763.25237352.1	98.684	76	1	0	2836	2911	1	76	2.07e-28	135
CFAV-KC_Cambodia_2015	SRA:ERX240763.19719113.1	98.684	76	1	0	946	1021	1	76	2.07e-28	135
CFAV-KC_Cambodia_2015	SRA:ERX240763.16660348.1	98.684	76	1	0	2836	2911	1	76	2.07e-28	135
CFAV-KC_Cambodia_2015	SRA:ERX240763.15968570.1	98.684	76	1	0	946	1021	1	76	2.07e-28	135
CFAV-KC_Cambodia_2015	SRA:ERX240763.15161419.1	98.684	76	1	0	2836	2911	1	76	2.07e-28	135
CFAV-KC_Cambodia_2015	SRA:ERX240763.8161439.1	98.684	76	1	0	6331	6406	76	1	2.07e-28	135
CFAV-KC_Cambodia_2015	SRA:ERX240763.27123950.1	100.000	72	0	0	2762	2833	72	1	7.46e-28	134
CFAV-KC_Cambodia_2015	SRA:ERX240763.35749320.1	97.368	76	2	0	3920	3995	1	76	9.65e-27	130
CFAV-KC_Cambodia_2015	SRA:ERX240763.33755782.1	97.368	76	2	0	3506	3581	76	1	9.65e-27	130
CFAV-KC_Cambodia_2015	SRA:ERX240763.31532698.1	97.368	76	2	0	962	1037	1	76	9.65e-27	130
CFAV-KC_Cambodia_2015	SRA:ERX240763.29591272.1	97.368	76	2	0	971	1046	1	76	9.65e-27	130
CFAV-KC_Cambodia_2015	SRA:ERX240763.28905231.1	97.368	76	2	0	3970	4045	76	1	9.65e-27	130
CFAV-KC_Cambodia_2015	SRA:ERX240763.28356696.1	97.368	76	2	0	3506	3581	76	1	9.65e-27	130
CFAV-KC_Cambodia_2015	SRA:ERX240763.28207959.1	97.368	76	2	0	5746	5821	76	1	9.65e-27	130
CFAV-KC_Cambodia_2015	SRA:ERX240763.23252676.1	97.368	76	2	0	3483	3558	76	1	9.65e-27	130
CFAV-KC_Cambodia_2015	SRA:ERX240763.22154885.1	97.368	76	2	0	3970	4045	76	1	9.65e-27	130
CFAV-KC_Cambodia_2015	SRA:ERX240763.20767146.1	97.368	76	2	0	3970	4045	76	1	9.65e-27	130
CFAV-KC_Cambodia_2015	SRA:ERX240763.19771617.1	97.368	76	2	0	917	992	1	76	9.65e-27	130
CFAV-KC_Cambodia_2015	SRA:ERX240763.19348363.1	97.368	76	2	0	974	1049	1	76	9.65e-27	130
CFAV-KC_Cambodia_2015	SRA:ERX240763.12941692.1	97.368	76	2	0	962	1037	1	76	9.65e-27	130
CFAV-KC_Cambodia_2015	SRA:ERX240763.8281495.1	97.368	76	2	0	3970	4045	76	1	9.65e-27	130
CFAV-KC_Cambodia_2015	SRA:ERX240763.6335807.1	97.368	76	2	0	917	992	1	76	9.65e-27	130
CFAV-KC_Cambodia_2015	SRA:ERX240763.5539766.1	97.368	76	2	0	3920	3995	1	76	9.65e-27	130
CFAV-KC_Cambodia_2015	SRA:ERX240763.4038831.1	97.368	76	2	0	917	992	1	76	9.65e-27	130
CFAV-KC_Cambodia_2015	SRA:ERX240763.2774324.1	97.368	76	2	0	3506	3581	76	1	9.65e-27	130
CFAV-KC_Cambodia_2015	SRA:ERX240763.2591800.1	97.368	76	2	0	3922	3997	1	76	9.65e-27	130
CFAV-KC_Cambodia_2015	SRA:ERX240763.630389.1	97.368	76	2	0	917	992	1	76	9.65e-27	130
CFAV-KC_Cambodia_2015	SRA:ERX240763.35178791.1	97.333	75	2	0	5243	5317	2	76	3.47e-26	128
CFAV-KC_Cambodia_2015	SRA:ERX240763.13239090.1	100.000	69	0	0	5896	5964	69	1	3.47e-26	128
CFAV-KC_Cambodia_2015	SRA:ERX240763.6946920.1	100.000	69	0	0	5896	5964	69	1	3.47e-26	128
CFAV-KC_Cambodia_2015	SRA:ERX240763.3048108.1	97.333	75	2	0	5185	5259	2	76	3.47e-26	128
CFAV-KC_Cambodia_2015	SRA:ERX240763.32097093.1	97.297	74	2	0	6314	6387	74	1	1.25e-25	126
CFAV-KC_Cambodia_2015	SRA:ERX240763.33054072.1	96.053	76	3	0	5620	5695	1	76	4.49e-25	124
CFAV-KC_Cambodia_2015	SRA:ERX240763.30689346.1	96.053	76	3	0	5620	5695	1	76	4.49e-25	124
CFAV-KC_Cambodia_2015	SRA:ERX240763.23248061.1	96.053	76	3	0	5862	5937	1	76	4.49e-25	124
CFAV-KC_Cambodia_2015	SRA:ERX240763.19642599.1	96.053	76	3	0	3631	3706	1	76	4.49e-25	124
CFAV-KC_Cambodia_2015	SRA:ERX240763.19631962.1	96.053	76	3	0	5620	5695	1	76	4.49e-25	124
CFAV-KC_Cambodia_2015	SRA:ERX240763.18928571.1	96.053	76	3	0	962	1037	1	76	4.49e-25	124
CFAV-KC_Cambodia_2015	SRA:ERX240763.17906485.1	96.053	76	3	0	2884	2959	76	1	4.49e-25	124
CFAV-KC_Cambodia_2015	SRA:ERX240763.13311008.1	96.053	76	3	0	5620	5695	1	76	4.49e-25	124
CFAV-KC_Cambodia_2015	SRA:ERX240763.12518358.1	96.053	76	3	0	5862	5937	1	76	4.49e-25	124
CFAV-KC_Cambodia_2015	SRA:ERX240763.11620456.1	96.053	76	3	0	5620	5695	1	76	4.49e-25	124
CFAV-KC_Cambodia_2015	SRA:ERX240763.7602580.1	96.053	76	3	0	3636	3711	1	76	4.49e-25	124
CFAV-KC_Cambodia_2015	SRA:ERX240763.7248896.1	96.053	76	3	0	4338	4413	76	1	4.49e-25	124
CFAV-KC_Cambodia_2015	SRA:ERX240763.6668596.1	96.053	76	3	0	5625	5700	1	76	4.49e-25	124
CFAV-KC_Cambodia_2015	SRA:ERX240763.5965256.1	96.053	76	3	0	4338	4413	76	1	4.49e-25	124
CFAV-KC_Cambodia_2015	SRA:ERX240763.4042264.1	96.053	76	3	0	4338	4413	76	1	4.49e-25	124
CFAV-KC_Cambodia_2015	SRA:ERX240763.3285672.1	96.053	76	3	0	5862	5937	1	76	4.49e-25	124
CFAV-KC_Cambodia_2015	SRA:ERX240763.2491458.1	96.053	76	3	0	2884	2959	76	1	4.49e-25	124
CFAV-KC_Cambodia_2015	SRA:ERX240763.29731291.1	96.000	75	3	0	3429	3503	1	75	1.61e-24	122
CFAV-KC_Cambodia_2015	SRA:ERX240763.23341176.1	96.000	75	3	0	3429	3503	1	75	1.61e-24	122
CFAV-KC_Cambodia_2015	SRA:ERX240763.21933505.1	96.000	75	3	0	3429	3503	1	75	1.61e-24	122
CFAV-KC_Cambodia_2015	SRA:ERX240763.12651760.1	96.000	75	3	0	3429	3503	1	75	1.61e-24	122
CFAV-KC_Cambodia_2015	SRA:ERX240763.6488443.1	95.946	74	3	0	4177	4250	76	3	5.80e-24	121
CFAV-KC_Cambodia_2015	SRA:ERX240763.36157185.1	94.737	76	4	0	2203	2278	1	76	2.09e-23	119
CFAV-KC_Cambodia_2015	SRA:ERX240763.34683056.1	94.737	76	4	0	6136	6211	76	1	2.09e-23	119
CFAV-KC_Cambodia_2015	SRA:ERX240763.32441564.1	94.737	76	4	0	6436	6511	76	1	2.09e-23	119
CFAV-KC_Cambodia_2015	SRA:ERX240763.18268037.1	94.737	76	4	0	2488	2563	76	1	2.09e-23	119
CFAV-KC_Cambodia_2015	SRA:ERX240763.17988238.1	94.737	76	4	0	6436	6511	76	1	2.09e-23	119
CFAV-KC_Cambodia_2015	SRA:ERX240763.17109109.1	94.737	76	4	0	5661	5736	76	1	2.09e-23	119
CFAV-KC_Cambodia_2015	SRA:ERX240763.14980456.1	94.737	76	4	0	2488	2563	76	1	2.09e-23	119
CFAV-KC_Cambodia_2015	SRA:ERX240763.13096979.1	94.737	76	4	0	2488	2563	76	1	2.09e-23	119
CFAV-KC_Cambodia_2015	SRA:ERX240763.11993026.1	94.737	76	4	0	5661	5736	76	1	2.09e-23	119
CFAV-KC_Cambodia_2015	SRA:ERX240763.11680881.1	94.737	76	4	0	6436	6511	76	1	2.09e-23	119
CFAV-KC_Cambodia_2015	SRA:ERX240763.10121888.1	94.737	76	4	0	6436	6511	76	1	2.09e-23	119
CFAV-KC_Cambodia_2015	SRA:ERX240763.8229115.1	94.737	76	4	0	5661	5736	76	1	2.09e-23	119
CFAV-KC_Cambodia_2015	SRA:ERX240763.8045754.1	94.737	76	4	0	5818	5893	1	76	2.09e-23	119
CFAV-KC_Cambodia_2015	SRA:ERX240763.7729769.1	95.890	73	3	0	2891	2963	2	74	2.09e-23	119
CFAV-KC_Cambodia_2015	SRA:ERX240763.7573256.1	95.890	73	3	0	2891	2963	2	74	2.09e-23	119
CFAV-KC_Cambodia_2015	SRA:ERX240763.5474350.1	94.737	76	4	0	5998	6073	1	76	2.09e-23	119
CFAV-KC_Cambodia_2015	SRA:ERX240763.1616338.1	94.737	76	4	0	6094	6169	1	76	2.09e-23	119
CFAV-KC_Cambodia_2015	SRA:ERX240763.33823960.1	95.833	72	3	0	3369	3440	5	76	7.51e-23	117
CFAV-KC_Cambodia_2015	SRA:ERX240763.33114579.1	94.667	75	4	0	6304	6378	2	76	7.51e-23	117
CFAV-KC_Cambodia_2015	SRA:ERX240763.31548889.1	95.833	72	3	0	3369	3440	5	76	7.51e-23	117
CFAV-KC_Cambodia_2015	SRA:ERX240763.31462194.1	94.667	75	4	0	2077	2151	75	1	7.51e-23	117
CFAV-KC_Cambodia_2015	SRA:ERX240763.27310170.1	95.833	72	3	0	5852	5923	2	73	7.51e-23	117
CFAV-KC_Cambodia_2015	SRA:ERX240763.22213793.1	95.833	72	3	0	2479	2550	72	1	7.51e-23	117
CFAV-KC_Cambodia_2015	SRA:ERX240763.19082935.1	95.833	72	3	0	3369	3440	5	76	7.51e-23	117
CFAV-KC_Cambodia_2015	SRA:ERX240763.8336276.1	95.833	72	3	0	3369	3440	5	76	7.51e-23	117
CFAV-KC_Cambodia_2015	SRA:ERX240763.4787316.1	95.833	72	3	0	2479	2550	72	1	7.51e-23	117
CFAV-KC_Cambodia_2015	SRA:ERX240763.9338456.1	94.595	74	4	0	2080	2153	76	3	2.70e-22	115
CFAV-KC_Cambodia_2015	SRA:ERX240763.2412181.1	94.595	74	4	0	4320	4393	76	3	2.70e-22	115
CFAV-KC_Cambodia_2015	SRA:ERX240763.30222100.1	93.421	76	5	0	3384	3459	1	76	9.71e-22	113
CFAV-KC_Cambodia_2015	SRA:ERX240763.29682105.1	93.421	76	5	0	6403	6478	76	1	9.71e-22	113
CFAV-KC_Cambodia_2015	SRA:ERX240763.28090159.1	93.421	76	5	0	4381	4456	76	1	9.71e-22	113
CFAV-KC_Cambodia_2015	SRA:ERX240763.25037952.1	93.421	76	5	0	4381	4456	76	1	9.71e-22	113
CFAV-KC_Cambodia_2015	SRA:ERX240763.21391307.1	93.421	76	5	0	6403	6478	76	1	9.71e-22	113
CFAV-KC_Cambodia_2015	SRA:ERX240763.13926304.1	93.421	76	5	0	6436	6511	76	1	9.71e-22	113
CFAV-KC_Cambodia_2015	SRA:ERX240763.13653690.1	93.421	76	5	0	4381	4456	76	1	9.71e-22	113
CFAV-KC_Cambodia_2015	SRA:ERX240763.2786307.1	93.421	76	5	0	6136	6211	76	1	9.71e-22	113
CFAV-KC_Cambodia_2015	SRA:ERX240763.33522963.1	92.105	76	6	0	4403	4478	1	76	4.52e-20	108
CFAV-KC_Cambodia_2015	SRA:ERX240763.29260984.1	92.105	76	6	0	6110	6185	1	76	4.52e-20	108
CFAV-KC_Cambodia_2015	SRA:ERX240763.23264186.1	93.151	73	5	0	6260	6332	73	1	4.52e-20	108
CFAV-KC_Cambodia_2015	SRA:ERX240763.19033748.1	93.151	73	5	0	6260	6332	73	1	4.52e-20	108
CFAV-KC_Cambodia_2015	SRA:ERX240763.18765401.1	93.151	73	5	0	6260	6332	73	1	4.52e-20	108
CFAV-KC_Cambodia_2015	SRA:ERX240763.10600518.1	92.105	76	6	0	4403	4478	1	76	4.52e-20	108
CFAV-KC_Cambodia_2015	SRA:ERX240763.10393464.1	93.151	73	5	0	6260	6332	73	1	4.52e-20	108
CFAV-KC_Cambodia_2015	SRA:ERX240763.6137325.1	100.000	58	0	0	4379	4436	76	19	4.52e-20	108
CFAV-KC_Cambodia_2015	SRA:ERX240763.5622011.1	92.105	76	6	0	6110	6185	1	76	4.52e-20	108
CFAV-KC_Cambodia_2015	SRA:ERX240763.1910862.1	98.333	60	1	0	5761	5820	1	60	1.63e-19	106
CFAV-KC_Cambodia_2015	SRA:ERX240763.31620095.1	93.846	65	4	0	2048	2112	1	65	2.72e-17	99.0
CFAV-KC_Cambodia_2015	SRA:ERX240763.9153182.1	98.214	56	1	0	3924	3979	20	75	2.72e-17	99.0
CFAV-KC_Cambodia_2015	SRA:ERX240763.36449003.1	98.148	54	1	0	958	1011	1	54	3.52e-16	95.3
CFAV-KC_Cambodia_2015	SRA:ERX240763.29984613.1	98.148	54	1	0	958	1011	1	54	3.52e-16	95.3
CFAV-KC_Cambodia_2015	SRA:ERX240763.18921871.1	98.148	54	1	0	958	1011	1	54	3.52e-16	95.3
CFAV-KC_Cambodia_2015	SRA:ERX240763.23753273.1	98.000	50	1	0	5404	5453	3	52	5.89e-14	87.9
CFAV-KC_Cambodia_2015	SRA:ERX240763.23636171.1	97.959	49	1	0	1827	1875	28	76	2.12e-13	86.1
CFAV-KC_Cambodia_2015	SRA:ERX240763.23636171.1	100.000	29	0	0	1077	1105	1	29	5.97e-04	54.7
CFAV-Zik_Uganda_2016	SRA:ERX240763.33739168.1	100.000	76	0	0	3793	3868	76	1	4.46e-30	141
CFAV-Zik_Uganda_2016	SRA:ERX240763.35178791.1	100.000	75	0	0	5243	5317	2	76	1.60e-29	139
CFAV-Zik_Uganda_2016	SRA:ERX240763.35749320.1	98.684	76	1	0	3920	3995	1	76	2.07e-28	135
CFAV-Zik_Uganda_2016	SRA:ERX240763.34683056.1	98.684	76	1	0	6136	6211	76	1	2.07e-28	135
CFAV-Zik_Uganda_2016	SRA:ERX240763.32441564.1	98.684	76	1	0	6436	6511	76	1	2.07e-28	135
CFAV-Zik_Uganda_2016	SRA:ERX240763.29731291.1	98.684	76	1	0	3429	3504	1	76	2.07e-28	135
CFAV-Zik_Uganda_2016	SRA:ERX240763.29260984.1	98.684	76	1	0	6110	6185	1	76	2.07e-28	135
CFAV-Zik_Uganda_2016	SRA:ERX240763.28905231.1	98.684	76	1	0	3970	4045	76	1	2.07e-28	135
CFAV-Zik_Uganda_2016	SRA:ERX240763.26824547.1	98.684	76	1	0	6269	6344	76	1	2.07e-28	135
CFAV-Zik_Uganda_2016	SRA:ERX240763.23341176.1	98.684	76	1	0	3429	3504	1	76	2.07e-28	135
CFAV-Zik_Uganda_2016	SRA:ERX240763.22154885.1	98.684	76	1	0	3970	4045	76	1	2.07e-28	135
CFAV-Zik_Uganda_2016	SRA:ERX240763.21933505.1	98.684	76	1	0	3429	3504	1	76	2.07e-28	135
CFAV-Zik_Uganda_2016	SRA:ERX240763.21917016.1	98.684	76	1	0	6269	6344	76	1	2.07e-28	135
CFAV-Zik_Uganda_2016	SRA:ERX240763.20767146.1	98.684	76	1	0	3970	4045	76	1	2.07e-28	135
CFAV-Zik_Uganda_2016	SRA:ERX240763.17988238.1	98.684	76	1	0	6436	6511	76	1	2.07e-28	135
CFAV-Zik_Uganda_2016	SRA:ERX240763.16850514.1	98.684	76	1	0	6152	6227	76	1	2.07e-28	135
CFAV-Zik_Uganda_2016	SRA:ERX240763.12651760.1	98.684	76	1	0	3429	3504	1	76	2.07e-28	135
CFAV-Zik_Uganda_2016	SRA:ERX240763.12608267.1	98.684	76	1	0	3335	3410	1	76	2.07e-28	135
CFAV-Zik_Uganda_2016	SRA:ERX240763.11680881.1	98.684	76	1	0	6436	6511	76	1	2.07e-28	135
CFAV-Zik_Uganda_2016	SRA:ERX240763.10121888.1	98.684	76	1	0	6436	6511	76	1	2.07e-28	135
CFAV-Zik_Uganda_2016	SRA:ERX240763.8522054.1	98.684	76	1	0	6269	6344	76	1	2.07e-28	135
CFAV-Zik_Uganda_2016	SRA:ERX240763.8281495.1	98.684	76	1	0	3970	4045	76	1	2.07e-28	135
CFAV-Zik_Uganda_2016	SRA:ERX240763.5622011.1	98.684	76	1	0	6110	6185	1	76	2.07e-28	135
CFAV-Zik_Uganda_2016	SRA:ERX240763.5539766.1	98.684	76	1	0	3920	3995	1	76	2.07e-28	135
CFAV-Zik_Uganda_2016	SRA:ERX240763.5502218.1	98.684	76	1	0	6269	6344	76	1	2.07e-28	135
CFAV-Zik_Uganda_2016	SRA:ERX240763.4896254.1	98.684	76	1	0	5575	5650	1	76	2.07e-28	135
CFAV-Zik_Uganda_2016	SRA:ERX240763.4393301.1	98.684	76	1	0	6269	6344	76	1	2.07e-28	135
CFAV-Zik_Uganda_2016	SRA:ERX240763.3048108.1	98.684	76	1	0	5184	5259	1	76	2.07e-28	135
CFAV-Zik_Uganda_2016	SRA:ERX240763.2591800.1	98.684	76	1	0	3922	3997	1	76	2.07e-28	135
CFAV-Zik_Uganda_2016	SRA:ERX240763.17906485.1	98.667	75	1	0	2885	2959	75	1	7.46e-28	134
CFAV-Zik_Uganda_2016	SRA:ERX240763.7729769.1	98.667	75	1	0	2891	2965	2	76	7.46e-28	134
CFAV-Zik_Uganda_2016	SRA:ERX240763.7573256.1	98.667	75	1	0	2891	2965	2	76	7.46e-28	134
CFAV-Zik_Uganda_2016	SRA:ERX240763.2491458.1	98.667	75	1	0	2885	2959	75	1	7.46e-28	134
CFAV-Zik_Uganda_2016	SRA:ERX240763.9116183.1	98.649	74	1	0	3334	3407	3	76	2.68e-27	132
CFAV-Zik_Uganda_2016	SRA:ERX240763.35525417.1	97.368	76	2	0	2836	2911	1	76	9.65e-27	130
CFAV-Zik_Uganda_2016	SRA:ERX240763.33755782.1	97.368	76	2	0	3506	3581	76	1	9.65e-27	130
CFAV-Zik_Uganda_2016	SRA:ERX240763.33054072.1	97.368	76	2	0	5620	5695	1	76	9.65e-27	130
CFAV-Zik_Uganda_2016	SRA:ERX240763.32380542.1	98.630	73	1	0	6440	6512	1	73	9.65e-27	130
CFAV-Zik_Uganda_2016	SRA:ERX240763.32097093.1	97.368	76	2	0	6312	6387	76	1	9.65e-27	130
CFAV-Zik_Uganda_2016	SRA:ERX240763.30924610.1	97.368	76	2	0	3409	3484	76	1	9.65e-27	130
CFAV-Zik_Uganda_2016	SRA:ERX240763.30689346.1	97.368	76	2	0	5620	5695	1	76	9.65e-27	130
CFAV-Zik_Uganda_2016	SRA:ERX240763.29682105.1	98.630	73	1	0	6406	6478	73	1	9.65e-27	130
CFAV-Zik_Uganda_2016	SRA:ERX240763.29386991.1	97.368	76	2	0	2836	2911	1	76	9.65e-27	130
CFAV-Zik_Uganda_2016	SRA:ERX240763.28356696.1	97.368	76	2	0	3506	3581	76	1	9.65e-27	130
CFAV-Zik_Uganda_2016	SRA:ERX240763.28207959.1	97.368	76	2	0	5746	5821	76	1	9.65e-27	130
CFAV-Zik_Uganda_2016	SRA:ERX240763.28178773.1	97.368	76	2	0	4012	4087	76	1	9.65e-27	130
CFAV-Zik_Uganda_2016	SRA:ERX240763.25237352.1	97.368	76	2	0	2836	2911	1	76	9.65e-27	130
CFAV-Zik_Uganda_2016	SRA:ERX240763.23264186.1	98.630	73	1	0	6260	6332	73	1	9.65e-27	130
CFAV-Zik_Uganda_2016	SRA:ERX240763.23252676.1	97.368	76	2	0	3483	3558	76	1	9.65e-27	130
CFAV-Zik_Uganda_2016	SRA:ERX240763.23248061.1	97.368	76	2	0	5862	5937	1	76	9.65e-27	130
CFAV-Zik_Uganda_2016	SRA:ERX240763.21391307.1	98.630	73	1	0	6406	6478	73	1	9.65e-27	130
CFAV-Zik_Uganda_2016	SRA:ERX240763.19719113.1	97.368	76	2	0	946	1021	1	76	9.65e-27	130
CFAV-Zik_Uganda_2016	SRA:ERX240763.19642599.1	97.368	76	2	0	3631	3706	1	76	9.65e-27	130
CFAV-Zik_Uganda_2016	SRA:ERX240763.19631962.1	97.368	76	2	0	5620	5695	1	76	9.65e-27	130
CFAV-Zik_Uganda_2016	SRA:ERX240763.19348363.1	97.368	76	2	0	974	1049	1	76	9.65e-27	130
CFAV-Zik_Uganda_2016	SRA:ERX240763.19033748.1	98.630	73	1	0	6260	6332	73	1	9.65e-27	130
CFAV-Zik_Uganda_2016	SRA:ERX240763.18765401.1	98.630	73	1	0	6260	6332	73	1	9.65e-27	130
CFAV-Zik_Uganda_2016	SRA:ERX240763.18268037.1	97.368	76	2	0	2488	2563	76	1	9.65e-27	130
CFAV-Zik_Uganda_2016	SRA:ERX240763.17989487.1	97.368	76	2	0	3421	3496	76	1	9.65e-27	130
CFAV-Zik_Uganda_2016	SRA:ERX240763.17501894.1	97.368	76	2	0	3409	3484	76	1	9.65e-27	130
CFAV-Zik_Uganda_2016	SRA:ERX240763.16660348.1	97.368	76	2	0	2836	2911	1	76	9.65e-27	130
CFAV-Zik_Uganda_2016	SRA:ERX240763.15968570.1	97.368	76	2	0	946	1021	1	76	9.65e-27	130
CFAV-Zik_Uganda_2016	SRA:ERX240763.15161419.1	97.368	76	2	0	2836	2911	1	76	9.65e-27	130
CFAV-Zik_Uganda_2016	SRA:ERX240763.14980456.1	97.368	76	2	0	2488	2563	76	1	9.65e-27	130
CFAV-Zik_Uganda_2016	SRA:ERX240763.13926304.1	97.368	76	2	0	6436	6511	76	1	9.65e-27	130
CFAV-Zik_Uganda_2016	SRA:ERX240763.13311008.1	97.368	76	2	0	5620	5695	1	76	9.65e-27	130
CFAV-Zik_Uganda_2016	SRA:ERX240763.13096979.1	97.368	76	2	0	2488	2563	76	1	9.65e-27	130
CFAV-Zik_Uganda_2016	SRA:ERX240763.12518358.1	97.368	76	2	0	5862	5937	1	76	9.65e-27	130
CFAV-Zik_Uganda_2016	SRA:ERX240763.12103796.1	98.630	73	1	0	6440	6512	1	73	9.65e-27	130
CFAV-Zik_Uganda_2016	SRA:ERX240763.11620456.1	97.368	76	2	0	5620	5695	1	76	9.65e-27	130
CFAV-Zik_Uganda_2016	SRA:ERX240763.10393464.1	98.630	73	1	0	6260	6332	73	1	9.65e-27	130
CFAV-Zik_Uganda_2016	SRA:ERX240763.10356223.1	97.368	76	2	0	5575	5650	1	76	9.65e-27	130
CFAV-Zik_Uganda_2016	SRA:ERX240763.9951454.1	97.368	76	2	0	3421	3496	76	1	9.65e-27	130
CFAV-Zik_Uganda_2016	SRA:ERX240763.9338456.1	97.368	76	2	0	2080	2155	76	1	9.65e-27	130
CFAV-Zik_Uganda_2016	SRA:ERX240763.8312502.1	97.368	76	2	0	3421	3496	76	1	9.65e-27	130
CFAV-Zik_Uganda_2016	SRA:ERX240763.8045754.1	97.368	76	2	0	5818	5893	1	76	9.65e-27	130
CFAV-Zik_Uganda_2016	SRA:ERX240763.7602580.1	97.368	76	2	0	3636	3711	1	76	9.65e-27	130
CFAV-Zik_Uganda_2016	SRA:ERX240763.6668596.1	97.368	76	2	0	5625	5700	1	76	9.65e-27	130
CFAV-Zik_Uganda_2016	SRA:ERX240763.5474350.1	97.368	76	2	0	5998	6073	1	76	9.65e-27	130
CFAV-Zik_Uganda_2016	SRA:ERX240763.3451682.1	97.368	76	2	0	2830	2905	1	76	9.65e-27	130
CFAV-Zik_Uganda_2016	SRA:ERX240763.3285672.1	97.368	76	2	0	5862	5937	1	76	9.65e-27	130
CFAV-Zik_Uganda_2016	SRA:ERX240763.2786307.1	97.368	76	2	0	6136	6211	76	1	9.65e-27	130
CFAV-Zik_Uganda_2016	SRA:ERX240763.2774324.1	97.368	76	2	0	3506	3581	76	1	9.65e-27	130
CFAV-Zik_Uganda_2016	SRA:ERX240763.27123950.1	98.611	72	1	0	2762	2833	72	1	3.47e-26	128
CFAV-Zik_Uganda_2016	SRA:ERX240763.21275284.1	97.333	75	2	0	2830	2904	2	76	3.47e-26	128
CFAV-Zik_Uganda_2016	SRA:ERX240763.13239090.1	100.000	69	0	0	5896	5964	69	1	3.47e-26	128
CFAV-Zik_Uganda_2016	SRA:ERX240763.12201794.1	97.333	75	2	0	2830	2904	2	76	3.47e-26	128
CFAV-Zik_Uganda_2016	SRA:ERX240763.6946920.1	100.000	69	0	0	5896	5964	69	1	3.47e-26	128
CFAV-Zik_Uganda_2016	SRA:ERX240763.5084428.1	97.333	75	2	0	2830	2904	2	76	3.47e-26	128
CFAV-Zik_Uganda_2016	SRA:ERX240763.19771617.1	97.297	74	2	0	919	992	3	76	1.25e-25	126
CFAV-Zik_Uganda_2016	SRA:ERX240763.6335807.1	97.297	74	2	0	919	992	3	76	1.25e-25	126
CFAV-Zik_Uganda_2016	SRA:ERX240763.4998231.1	97.297	74	2	0	2926	2999	75	2	1.25e-25	126
CFAV-Zik_Uganda_2016	SRA:ERX240763.4038831.1	97.297	74	2	0	919	992	3	76	1.25e-25	126
CFAV-Zik_Uganda_2016	SRA:ERX240763.630389.1	97.297	74	2	0	919	992	3	76	1.25e-25	126
CFAV-Zik_Uganda_2016	SRA:ERX240763.33823960.1	96.053	76	3	0	3365	3440	1	76	4.49e-25	124
CFAV-Zik_Uganda_2016	SRA:ERX240763.33114579.1	96.053	76	3	0	6303	6378	1	76	4.49e-25	124
CFAV-Zik_Uganda_2016	SRA:ERX240763.31548889.1	96.053	76	3	0	3365	3440	1	76	4.49e-25	124
CFAV-Zik_Uganda_2016	SRA:ERX240763.31532698.1	96.053	76	3	0	962	1037	1	76	4.49e-25	124
CFAV-Zik_Uganda_2016	SRA:ERX240763.30222100.1	96.053	76	3	0	3384	3459	1	76	4.49e-25	124
CFAV-Zik_Uganda_2016	SRA:ERX240763.29591272.1	96.053	76	3	0	971	1046	1	76	4.49e-25	124
CFAV-Zik_Uganda_2016	SRA:ERX240763.19082935.1	96.053	76	3	0	3365	3440	1	76	4.49e-25	124
CFAV-Zik_Uganda_2016	SRA:ERX240763.12941692.1	96.053	76	3	0	962	1037	1	76	4.49e-25	124
CFAV-Zik_Uganda_2016	SRA:ERX240763.8336276.1	96.053	76	3	0	3365	3440	1	76	4.49e-25	124
CFAV-Zik_Uganda_2016	SRA:ERX240763.1616338.1	96.053	76	3	0	6094	6169	1	76	4.49e-25	124
CFAV-Zik_Uganda_2016	SRA:ERX240763.31462194.1	97.222	72	2	0	2080	2151	72	1	1.61e-24	122
CFAV-Zik_Uganda_2016	SRA:ERX240763.27310170.1	97.222	72	2	0	5852	5923	2	73	1.61e-24	122
CFAV-Zik_Uganda_2016	SRA:ERX240763.22213793.1	97.222	72	2	0	2479	2550	72	1	1.61e-24	122
CFAV-Zik_Uganda_2016	SRA:ERX240763.4787316.1	97.222	72	2	0	2479	2550	72	1	1.61e-24	122
CFAV-Zik_Uganda_2016	SRA:ERX240763.32436909.1	95.946	74	3	0	6331	6404	76	3	5.80e-24	121
CFAV-Zik_Uganda_2016	SRA:ERX240763.8161439.1	95.946	74	3	0	6331	6404	76	3	5.80e-24	121
CFAV-Zik_Uganda_2016	SRA:ERX240763.18928571.1	94.737	76	4	0	962	1037	1	76	2.09e-23	119
CFAV-Zik_Uganda_2016	SRA:ERX240763.11514643.1	94.737	76	4	0	2023	2098	1	76	2.09e-23	119
CFAV-Zik_Uganda_2016	SRA:ERX240763.779932.1	94.737	76	4	0	2023	2098	1	76	2.09e-23	119
CFAV-Zik_Uganda_2016	SRA:ERX240763.28090159.1	97.101	69	2	0	4384	4452	73	5	7.51e-23	117
CFAV-Zik_Uganda_2016	SRA:ERX240763.25037952.1	97.101	69	2	0	4384	4452	73	5	7.51e-23	117
CFAV-Zik_Uganda_2016	SRA:ERX240763.13653690.1	97.101	69	2	0	4384	4452	73	5	7.51e-23	117
CFAV-Zik_Uganda_2016	SRA:ERX240763.6945029.1	97.059	68	2	0	5016	5083	9	76	2.70e-22	115
CFAV-Zik_Uganda_2016	SRA:ERX240763.3621855.1	97.059	68	2	0	5016	5083	9	76	2.70e-22	115
CFAV-Zik_Uganda_2016	SRA:ERX240763.36157185.1	93.506	77	4	1	2202	2278	1	76	9.71e-22	113
CFAV-Zik_Uganda_2016	SRA:ERX240763.33522963.1	93.421	76	5	0	4403	4478	1	76	9.71e-22	113
CFAV-Zik_Uganda_2016	SRA:ERX240763.15602542.1	93.421	76	5	0	2023	2098	1	76	9.71e-22	113
CFAV-Zik_Uganda_2016	SRA:ERX240763.10600518.1	93.421	76	5	0	4403	4478	1	76	9.71e-22	113
CFAV-Zik_Uganda_2016	SRA:ERX240763.6488817.1	97.015	67	2	0	2008	2074	76	10	9.71e-22	113
CFAV-Zik_Uganda_2016	SRA:ERX240763.5080868.1	93.421	76	5	0	4314	4389	76	1	9.71e-22	113
CFAV-Zik_Uganda_2016	SRA:ERX240763.2412181.1	93.243	74	5	0	4320	4393	76	3	1.26e-20	110
CFAV-Zik_Uganda_2016	SRA:ERX240763.1910862.1	98.333	60	1	0	5761	5820	1	60	1.63e-19	106
CFAV-Zik_Uganda_2016	SRA:ERX240763.34194875.1	91.892	74	6	0	4439	4512	76	3	5.85e-19	104
CFAV-Zik_Uganda_2016	SRA:ERX240763.31620095.1	95.385	65	3	0	2048	2112	1	65	5.85e-19	104
CFAV-Zik_Uganda_2016	SRA:ERX240763.17805728.1	91.892	74	6	0	4439	4512	76	3	5.85e-19	104
CFAV-Zik_Uganda_2016	SRA:ERX240763.11123740.1	91.892	74	6	0	4439	4512	76	3	5.85e-19	104
CFAV-Zik_Uganda_2016	SRA:ERX240763.10565234.1	91.892	74	6	0	4439	4512	76	3	5.85e-19	104
CFAV-Zik_Uganda_2016	SRA:ERX240763.1929442.1	91.892	74	6	0	4439	4512	76	3	5.85e-19	104
CFAV-Zik_Uganda_2016	SRA:ERX240763.9153182.1	98.246	57	1	0	3924	3980	20	76	7.56e-18	100
CFAV-Zik_Uganda_2016	SRA:ERX240763.23753273.1	100.000	52	0	0	5402	5453	1	52	9.78e-17	97.1
CFAV-Zik_Uganda_2016	SRA:ERX240763.23636171.1	97.959	49	1	0	1827	1875	28	76	2.12e-13	86.1
CFAV-Zik_Uganda_2016	SRA:ERX240763.30620885.1	97.500	40	1	0	4964	5003	40	1	2.13e-08	69.4
