CFAV-Bangkok_Thailand_2015	SRA:SRR8996076.2930646.1	100.000	76	0	0	8653	8728	1	76	6.82e-31	141
CFAV-Bangkok_Thailand_2015	SRA:SRR8996076.2929629.1	100.000	76	0	0	8308	8383	1	76	6.82e-31	141
CFAV-Bangkok_Thailand_2015	SRA:SRR8996076.2929516.2	100.000	76	0	0	273	348	1	76	6.82e-31	141
CFAV-Bangkok_Thailand_2015	SRA:SRR8996076.2928564.1	100.000	76	0	0	1711	1786	1	76	6.82e-31	141
CFAV-Bangkok_Thailand_2015	SRA:SRR8996076.2926978.1	100.000	76	0	0	4755	4830	76	1	6.82e-31	141
CFAV-Bangkok_Thailand_2015	SRA:SRR8996076.2926219.2	100.000	76	0	0	3712	3787	1	76	6.82e-31	141
CFAV-Bangkok_Thailand_2015	SRA:SRR8996076.2925658.1	100.000	76	0	0	7841	7916	1	76	6.82e-31	141
CFAV-Bangkok_Thailand_2015	SRA:SRR8996076.2924740.2	100.000	76	0	0	5605	5680	76	1	6.82e-31	141
CFAV-Bangkok_Thailand_2015	SRA:SRR8996076.2924248.2	100.000	76	0	0	4989	5064	1	76	6.82e-31	141
CFAV-Bangkok_Thailand_2015	SRA:SRR8996076.2923374.2	100.000	76	0	0	6452	6527	76	1	6.82e-31	141
CFAV-Bangkok_Thailand_2015	SRA:SRR8996076.2923164.2	100.000	76	0	0	2281	2356	1	76	6.82e-31	141
CFAV-Bangkok_Thailand_2015	SRA:SRR8996076.2922996.1	100.000	76	0	0	5773	5848	1	76	6.82e-31	141
CFAV-Bangkok_Thailand_2015	SRA:SRR8996076.2921822.1	100.000	76	0	0	280	355	1	76	6.82e-31	141
CFAV-Bangkok_Thailand_2015	SRA:SRR8996076.2921776.1	100.000	76	0	0	9040	9115	76	1	6.82e-31	141
CFAV-Bangkok_Thailand_2015	SRA:SRR8996076.2919751.2	100.000	76	0	0	10266	10341	76	1	6.82e-31	141
CFAV-Bangkok_Thailand_2015	SRA:SRR8996076.2917248.2	100.000	76	0	0	4299	4374	76	1	6.82e-31	141
CFAV-Bangkok_Thailand_2015	SRA:SRR8996076.2916655.1	100.000	76	0	0	2274	2349	76	1	6.82e-31	141
CFAV-Bangkok_Thailand_2015	SRA:SRR8996076.2915777.2	100.000	76	0	0	4431	4506	1	76	6.82e-31	141
CFAV-Bangkok_Thailand_2015	SRA:SRR8996076.2914852.1	100.000	76	0	0	9023	9098	1	76	6.82e-31	141
CFAV-Bangkok_Thailand_2015	SRA:SRR8996076.2912598.1	100.000	76	0	0	5543	5618	76	1	6.82e-31	141
CFAV-Bangkok_Thailand_2015	SRA:SRR8996076.2912572.2	100.000	76	0	0	4409	4484	1	76	6.82e-31	141
CFAV-Bangkok_Thailand_2015	SRA:SRR8996076.2912022.2	100.000	76	0	0	7960	8035	1	76	6.82e-31	141
CFAV-Bangkok_Thailand_2015	SRA:SRR8996076.2911485.1	100.000	76	0	0	2284	2359	76	1	6.82e-31	141
CFAV-Bangkok_Thailand_2015	SRA:SRR8996076.2910149.2	100.000	76	0	0	4084	4159	76	1	6.82e-31	141
CFAV-Bangkok_Thailand_2015	SRA:SRR8996076.2909705.1	100.000	76	0	0	10369	10444	76	1	6.82e-31	141
CFAV-Bangkok_Thailand_2015	SRA:SRR8996076.2907963.1	100.000	76	0	0	7276	7351	1	76	6.82e-31	141
CFAV-Bangkok_Thailand_2015	SRA:SRR8996076.2906146.1	100.000	76	0	0	8399	8474	76	1	6.82e-31	141
CFAV-Bangkok_Thailand_2015	SRA:SRR8996076.2905697.1	100.000	76	0	0	8319	8394	76	1	6.82e-31	141
CFAV-Bangkok_Thailand_2015	SRA:SRR8996076.2904894.1	100.000	76	0	0	6846	6921	1	76	6.82e-31	141
CFAV-Bangkok_Thailand_2015	SRA:SRR8996076.2904829.2	100.000	76	0	0	8363	8438	76	1	6.82e-31	141
CFAV-Bangkok_Thailand_2015	SRA:SRR8996076.2904720.2	100.000	76	0	0	6342	6417	1	76	6.82e-31	141
CFAV-Bangkok_Thailand_2015	SRA:SRR8996076.2904720.1	100.000	76	0	0	6351	6426	76	1	6.82e-31	141
CFAV-Bangkok_Thailand_2015	SRA:SRR8996076.2898873.1	100.000	76	0	0	9021	9096	1	76	6.82e-31	141
CFAV-Bangkok_Thailand_2015	SRA:SRR8996076.2896318.1	100.000	76	0	0	6891	6966	1	76	6.82e-31	141
CFAV-Bangkok_Thailand_2015	SRA:SRR8996076.2895627.1	100.000	76	0	0	1219	1294	1	76	6.82e-31	141
CFAV-Bangkok_Thailand_2015	SRA:SRR8996076.2895041.1	100.000	76	0	0	7259	7334	76	1	6.82e-31	141
CFAV-Bangkok_Thailand_2015	SRA:SRR8996076.2892597.2	100.000	76	0	0	6277	6352	76	1	6.82e-31	141
CFAV-Bangkok_Thailand_2015	SRA:SRR8996076.2891860.1	100.000	76	0	0	5818	5893	1	76	6.82e-31	141
CFAV-Bangkok_Thailand_2015	SRA:SRR8996076.2889213.2	100.000	76	0	0	1115	1190	1	76	6.82e-31	141
CFAV-Bangkok_Thailand_2015	SRA:SRR8996076.2888977.2	100.000	76	0	0	6407	6482	76	1	6.82e-31	141
CFAV-Bangkok_Thailand_2015	SRA:SRR8996076.2887844.1	100.000	76	0	0	4098	4173	76	1	6.82e-31	141
CFAV-Bangkok_Thailand_2015	SRA:SRR8996076.2887019.1	100.000	76	0	0	400	475	76	1	6.82e-31	141
CFAV-Bangkok_Thailand_2015	SRA:SRR8996076.2886689.1	100.000	76	0	0	2042	2117	76	1	6.82e-31	141
CFAV-Bangkok_Thailand_2015	SRA:SRR8996076.2886672.1	100.000	76	0	0	7905	7980	76	1	6.82e-31	141
CFAV-Bangkok_Thailand_2015	SRA:SRR8996076.2886529.1	100.000	76	0	0	7831	7906	76	1	6.82e-31	141
CFAV-Bangkok_Thailand_2015	SRA:SRR8996076.2885915.1	100.000	76	0	0	9023	9098	76	1	6.82e-31	141
CFAV-Bangkok_Thailand_2015	SRA:SRR8996076.2884924.2	100.000	76	0	0	9432	9507	76	1	6.82e-31	141
CFAV-Bangkok_Thailand_2015	SRA:SRR8996076.2882990.2	100.000	76	0	0	9113	9188	1	76	6.82e-31	141
CFAV-Bangkok_Thailand_2015	SRA:SRR8996076.2882706.1	100.000	76	0	0	4763	4838	76	1	6.82e-31	141
CFAV-Bangkok_Thailand_2015	SRA:SRR8996076.2882256.1	100.000	76	0	0	6342	6417	1	76	6.82e-31	141
CFAV-Bangkok_Thailand_2015	SRA:SRR8996076.2882116.2	100.000	76	0	0	9060	9135	1	76	6.82e-31	141
CFAV-Bangkok_Thailand_2015	SRA:SRR8996076.2881943.1	100.000	76	0	0	5519	5594	76	1	6.82e-31	141
CFAV-Bangkok_Thailand_2015	SRA:SRR8996076.2881110.1	100.000	76	0	0	3915	3990	1	76	6.82e-31	141
CFAV-Bangkok_Thailand_2015	SRA:SRR8996076.2879822.2	100.000	76	0	0	4541	4616	76	1	6.82e-31	141
CFAV-Bangkok_Thailand_2015	SRA:SRR8996076.2879115.1	100.000	76	0	0	4108	4183	76	1	6.82e-31	141
CFAV-Bangkok_Thailand_2015	SRA:SRR8996076.2878683.2	100.000	76	0	0	5540	5615	76	1	6.82e-31	141
CFAV-Bangkok_Thailand_2015	SRA:SRR8996076.2876961.1	100.000	76	0	0	6342	6417	1	76	6.82e-31	141
CFAV-Bangkok_Thailand_2015	SRA:SRR8996076.2876707.1	100.000	76	0	0	9175	9250	76	1	6.82e-31	141
CFAV-Bangkok_Thailand_2015	SRA:SRR8996076.2876285.2	100.000	76	0	0	5533	5608	1	76	6.82e-31	141
CFAV-Bangkok_Thailand_2015	SRA:SRR8996076.2875706.1	100.000	76	0	0	9151	9226	76	1	6.82e-31	141
CFAV-Bangkok_Thailand_2015	SRA:SRR8996076.2875269.1	100.000	76	0	0	1111	1186	1	76	6.82e-31	141
CFAV-Bangkok_Thailand_2015	SRA:SRR8996076.2874697.1	100.000	76	0	0	7332	7407	76	1	6.82e-31	141
CFAV-Bangkok_Thailand_2015	SRA:SRR8996076.2874493.1	100.000	76	0	0	6350	6425	76	1	6.82e-31	141
CFAV-Bangkok_Thailand_2015	SRA:SRR8996076.2874177.2	100.000	76	0	0	8196	8271	1	76	6.82e-31	141
CFAV-Bangkok_Thailand_2015	SRA:SRR8996076.2873563.1	100.000	76	0	0	2050	2125	76	1	6.82e-31	141
CFAV-Bangkok_Thailand_2015	SRA:SRR8996076.2873536.1	100.000	76	0	0	6839	6914	76	1	6.82e-31	141
CFAV-Bangkok_Thailand_2015	SRA:SRR8996076.2873149.2	100.000	76	0	0	8366	8441	76	1	6.82e-31	141
CFAV-Bangkok_Thailand_2015	SRA:SRR8996076.2871939.1	100.000	76	0	0	3983	4058	1	76	6.82e-31	141
CFAV-Bangkok_Thailand_2015	SRA:SRR8996076.2871459.1	100.000	76	0	0	7730	7805	1	76	6.82e-31	141
CFAV-Bangkok_Thailand_2015	SRA:SRR8996076.2870151.1	100.000	76	0	0	6652	6727	76	1	6.82e-31	141
CFAV-Bangkok_Thailand_2015	SRA:SRR8996076.2870043.1	100.000	76	0	0	6415	6490	1	76	6.82e-31	141
CFAV-Bangkok_Thailand_2015	SRA:SRR8996076.2869663.2	100.000	76	0	0	8004	8079	76	1	6.82e-31	141
CFAV-Bangkok_Thailand_2015	SRA:SRR8996076.2868160.2	100.000	76	0	0	9906	9981	76	1	6.82e-31	141
CFAV-Bangkok_Thailand_2015	SRA:SRR8996076.2867726.2	100.000	76	0	0	1792	1867	1	76	6.82e-31	141
CFAV-Bangkok_Thailand_2015	SRA:SRR8996076.2864284.1	100.000	76	0	0	1659	1734	76	1	6.82e-31	141
CFAV-Bangkok_Thailand_2015	SRA:SRR8996076.2861607.1	100.000	76	0	0	3016	3091	76	1	6.82e-31	141
CFAV-Bangkok_Thailand_2015	SRA:SRR8996076.2857178.2	100.000	76	0	0	4750	4825	76	1	6.82e-31	141
CFAV-Bangkok_Thailand_2015	SRA:SRR8996076.2855824.2	100.000	76	0	0	6129	6204	76	1	6.82e-31	141
CFAV-Bangkok_Thailand_2015	SRA:SRR8996076.2855776.1	100.000	76	0	0	7985	8060	1	76	6.82e-31	141
CFAV-Bangkok_Thailand_2015	SRA:SRR8996076.2855121.1	100.000	76	0	0	3001	3076	76	1	6.82e-31	141
CFAV-Bangkok_Thailand_2015	SRA:SRR8996076.2854049.2	100.000	76	0	0	6450	6525	1	76	6.82e-31	141
CFAV-Bangkok_Thailand_2015	SRA:SRR8996076.2853296.2	100.000	76	0	0	1691	1766	1	76	6.82e-31	141
CFAV-Bangkok_Thailand_2015	SRA:SRR8996076.2849500.1	100.000	76	0	0	3736	3811	1	76	6.82e-31	141
CFAV-Bangkok_Thailand_2015	SRA:SRR8996076.2848172.1	100.000	76	0	0	8529	8604	1	76	6.82e-31	141
CFAV-Bangkok_Thailand_2015	SRA:SRR8996076.2848111.2	100.000	76	0	0	1620	1695	76	1	6.82e-31	141
CFAV-Bangkok_Thailand_2015	SRA:SRR8996076.2847238.1	100.000	76	0	0	1912	1987	76	1	6.82e-31	141
CFAV-Bangkok_Thailand_2015	SRA:SRR8996076.2846310.2	100.000	76	0	0	8281	8356	1	76	6.82e-31	141
CFAV-Bangkok_Thailand_2015	SRA:SRR8996076.2846210.1	100.000	76	0	0	6882	6957	1	76	6.82e-31	141
CFAV-Bangkok_Thailand_2015	SRA:SRR8996076.2846106.1	100.000	76	0	0	3578	3653	1	76	6.82e-31	141
CFAV-Bangkok_Thailand_2015	SRA:SRR8996076.2842585.2	100.000	76	0	0	2042	2117	76	1	6.82e-31	141
CFAV-Bangkok_Thailand_2015	SRA:SRR8996076.2841968.1	100.000	76	0	0	1635	1710	1	76	6.82e-31	141
CFAV-Bangkok_Thailand_2015	SRA:SRR8996076.2841791.1	100.000	76	0	0	376	451	76	1	6.82e-31	141
CFAV-Bangkok_Thailand_2015	SRA:SRR8996076.2841514.2	100.000	76	0	0	2057	2132	1	76	6.82e-31	141
CFAV-Bangkok_Thailand_2015	SRA:SRR8996076.2840817.1	100.000	76	0	0	5615	5690	76	1	6.82e-31	141
CFAV-Bangkok_Thailand_2015	SRA:SRR8996076.2840631.1	100.000	76	0	0	6277	6352	1	76	6.82e-31	141
CFAV-Bangkok_Thailand_2015	SRA:SRR8996076.2839162.1	100.000	76	0	0	4301	4376	76	1	6.82e-31	141
CFAV-Bangkok_Thailand_2015	SRA:SRR8996076.2839002.2	100.000	76	0	0	9108	9183	1	76	6.82e-31	141
CFAV-Bangkok_Thailand_2015	SRA:SRR8996076.2838600.2	100.000	76	0	0	4571	4646	1	76	6.82e-31	141
CFAV-Bangkok_Thailand_2015	SRA:SRR8996076.2836008.1	100.000	76	0	0	242	317	1	76	6.82e-31	141
CFAV-Bangkok_Thailand_2015	SRA:SRR8996076.2835626.2	100.000	76	0	0	1116	1191	76	1	6.82e-31	141
CFAV-Bangkok_Thailand_2015	SRA:SRR8996076.2833987.2	100.000	76	0	0	7289	7364	76	1	6.82e-31	141
CFAV-Bangkok_Thailand_2015	SRA:SRR8996076.2833579.1	100.000	76	0	0	3331	3406	76	1	6.82e-31	141
CFAV-Bangkok_Thailand_2015	SRA:SRR8996076.2833412.2	100.000	76	0	0	7064	7139	1	76	6.82e-31	141
CFAV-Bangkok_Thailand_2015	SRA:SRR8996076.2833345.1	100.000	76	0	0	3721	3796	1	76	6.82e-31	141
CFAV-Bangkok_Thailand_2015	SRA:SRR8996076.2830022.2	100.000	76	0	0	3981	4056	1	76	6.82e-31	141
CFAV-Bangkok_Thailand_2015	SRA:SRR8996076.2829211.2	100.000	76	0	0	7323	7398	1	76	6.82e-31	141
CFAV-Bangkok_Thailand_2015	SRA:SRR8996076.2828076.2	100.000	76	0	0	2681	2756	76	1	6.82e-31	141
CFAV-Bangkok_Thailand_2015	SRA:SRR8996076.2826677.2	100.000	76	0	0	6363	6438	76	1	6.82e-31	141
CFAV-Bangkok_Thailand_2015	SRA:SRR8996076.2825814.1	100.000	76	0	0	3736	3811	1	76	6.82e-31	141
CFAV-Bangkok_Thailand_2015	SRA:SRR8996076.2825106.2	100.000	76	0	0	7903	7978	76	1	6.82e-31	141
CFAV-Bangkok_Thailand_2015	SRA:SRR8996076.2823643.2	100.000	76	0	0	4406	4481	1	76	6.82e-31	141
CFAV-Bangkok_Thailand_2015	SRA:SRR8996076.2822826.2	100.000	76	0	0	10070	10145	1	76	6.82e-31	141
CFAV-Bangkok_Thailand_2015	SRA:SRR8996076.2819520.2	100.000	76	0	0	3768	3843	76	1	6.82e-31	141
CFAV-Bangkok_Thailand_2015	SRA:SRR8996076.2819370.2	100.000	76	0	0	5811	5886	1	76	6.82e-31	141
CFAV-Bangkok_Thailand_2015	SRA:SRR8996076.2818930.1	100.000	76	0	0	1927	2002	76	1	6.82e-31	141
CFAV-Bangkok_Thailand_2015	SRA:SRR8996076.2818466.2	100.000	76	0	0	2681	2756	76	1	6.82e-31	141
CFAV-Bangkok_Thailand_2015	SRA:SRR8996076.2818363.2	100.000	76	0	0	1920	1995	1	76	6.82e-31	141
CFAV-Bangkok_Thailand_2015	SRA:SRR8996076.2818254.1	100.000	76	0	0	10268	10343	1	76	6.82e-31	141
CFAV-Bangkok_Thailand_2015	SRA:SRR8996076.2816595.1	100.000	76	0	0	1619	1694	1	76	6.82e-31	141
CFAV-Bangkok_Thailand_2015	SRA:SRR8996076.2816095.2	100.000	76	0	0	7117	7192	1	76	6.82e-31	141
CFAV-Bangkok_Thailand_2015	SRA:SRR8996076.2813208.1	100.000	76	0	0	1409	1484	76	1	6.82e-31	141
CFAV-Bangkok_Thailand_2015	SRA:SRR8996076.2812903.1	100.000	76	0	0	6323	6398	76	1	6.82e-31	141
CFAV-Bangkok_Thailand_2015	SRA:SRR8996076.2812838.1	100.000	76	0	0	2344	2419	76	1	6.82e-31	141
CFAV-Bangkok_Thailand_2015	SRA:SRR8996076.2812756.1	100.000	76	0	0	920	995	1	76	6.82e-31	141
CFAV-Bangkok_Thailand_2015	SRA:SRR8996076.2811071.1	100.000	76	0	0	4438	4513	1	76	6.82e-31	141
CFAV-Bangkok_Thailand_2015	SRA:SRR8996076.2811034.2	100.000	76	0	0	2063	2138	1	76	6.82e-31	141
CFAV-Bangkok_Thailand_2015	SRA:SRR8996076.2810129.2	100.000	76	0	0	10304	10379	76	1	6.82e-31	141
CFAV-Bangkok_Thailand_2015	SRA:SRR8996076.2807412.1	100.000	76	0	0	8524	8599	76	1	6.82e-31	141
CFAV-Bangkok_Thailand_2015	SRA:SRR8996076.2806455.2	100.000	76	0	0	10268	10343	1	76	6.82e-31	141
CFAV-Bangkok_Thailand_2015	SRA:SRR8996076.2805197.1	100.000	76	0	0	415	490	76	1	6.82e-31	141
CFAV-Bangkok_Thailand_2015	SRA:SRR8996076.2805115.2	100.000	76	0	0	8534	8609	1	76	6.82e-31	141
CFAV-Bangkok_Thailand_2015	SRA:SRR8996076.2802995.1	100.000	76	0	0	10235	10310	1	76	6.82e-31	141
CFAV-Bangkok_Thailand_2015	SRA:SRR8996076.2801345.1	100.000	76	0	0	9128	9203	76	1	6.82e-31	141
CFAV-Bangkok_Thailand_2015	SRA:SRR8996076.2800815.1	100.000	76	0	0	1474	1549	1	76	6.82e-31	141
CFAV-Bangkok_Thailand_2015	SRA:SRR8996076.2799627.2	100.000	76	0	0	6556	6631	1	76	6.82e-31	141
CFAV-Bangkok_Thailand_2015	SRA:SRR8996076.2799395.1	100.000	76	0	0	2060	2135	76	1	6.82e-31	141
CFAV-Bangkok_Thailand_2015	SRA:SRR8996076.2797562.1	100.000	76	0	0	3712	3787	1	76	6.82e-31	141
CFAV-Bangkok_Thailand_2015	SRA:SRR8996076.2796438.1	100.000	76	0	0	6344	6419	1	76	6.82e-31	141
CFAV-Bangkok_Thailand_2015	SRA:SRR8996076.2793634.2	100.000	76	0	0	1659	1734	76	1	6.82e-31	141
CFAV-Bangkok_Thailand_2015	SRA:SRR8996076.2793272.2	100.000	76	0	0	9933	10008	1	76	6.82e-31	141
CFAV-Bangkok_Thailand_2015	SRA:SRR8996076.2788012.2	100.000	76	0	0	267	342	76	1	6.82e-31	141
CFAV-Bangkok_Thailand_2015	SRA:SRR8996076.2787969.1	100.000	76	0	0	5624	5699	1	76	6.82e-31	141
CFAV-Bangkok_Thailand_2015	SRA:SRR8996076.2786311.1	100.000	76	0	0	3770	3845	76	1	6.82e-31	141
CFAV-Bangkok_Thailand_2015	SRA:SRR8996076.2785838.2	100.000	76	0	0	6839	6914	76	1	6.82e-31	141
CFAV-Bangkok_Thailand_2015	SRA:SRR8996076.2782736.1	100.000	76	0	0	183	258	1	76	6.82e-31	141
CFAV-Bangkok_Thailand_2015	SRA:SRR8996076.2781896.1	100.000	76	0	0	9971	10046	1	76	6.82e-31	141
CFAV-Bangkok_Thailand_2015	SRA:SRR8996076.2780383.2	100.000	76	0	0	3719	3794	1	76	6.82e-31	141
CFAV-Bangkok_Thailand_2015	SRA:SRR8996076.2776785.2	100.000	76	0	0	5532	5607	1	76	6.82e-31	141
CFAV-Bangkok_Thailand_2015	SRA:SRR8996076.2775153.1	100.000	76	0	0	242	317	1	76	6.82e-31	141
CFAV-Bangkok_Thailand_2015	SRA:SRR8996076.2770985.2	100.000	76	0	0	8201	8276	1	76	6.82e-31	141
CFAV-Bangkok_Thailand_2015	SRA:SRR8996076.2769316.2	100.000	76	0	0	3742	3817	1	76	6.82e-31	141
CFAV-Bangkok_Thailand_2015	SRA:SRR8996076.2768283.1	100.000	76	0	0	5878	5953	1	76	6.82e-31	141
CFAV-Bangkok_Thailand_2015	SRA:SRR8996076.2765973.1	100.000	76	0	0	2042	2117	76	1	6.82e-31	141
CFAV-Bangkok_Thailand_2015	SRA:SRR8996076.2765437.1	100.000	76	0	0	6824	6899	76	1	6.82e-31	141
CFAV-Bangkok_Thailand_2015	SRA:SRR8996076.2763682.1	100.000	76	0	0	5974	6049	1	76	6.82e-31	141
CFAV-Bangkok_Thailand_2015	SRA:SRR8996076.2762631.1	100.000	76	0	0	1912	1987	76	1	6.82e-31	141
CFAV-Bangkok_Thailand_2015	SRA:SRR8996076.2762045.1	100.000	76	0	0	5878	5953	1	76	6.82e-31	141
CFAV-Bangkok_Thailand_2015	SRA:SRR8996076.2754876.1	100.000	76	0	0	8399	8474	76	1	6.82e-31	141
CFAV-Bangkok_Thailand_2015	SRA:SRR8996076.2753936.2	100.000	76	0	0	3555	3630	76	1	6.82e-31	141
CFAV-Bangkok_Thailand_2015	SRA:SRR8996076.2752910.2	100.000	76	0	0	3953	4028	1	76	6.82e-31	141
CFAV-Bangkok_Thailand_2015	SRA:SRR8996076.2752331.2	100.000	76	0	0	374	449	76	1	6.82e-31	141
CFAV-Bangkok_Thailand_2015	SRA:SRR8996076.2750340.2	100.000	76	0	0	5818	5893	1	76	6.82e-31	141
CFAV-Bangkok_Thailand_2015	SRA:SRR8996076.2748487.1	100.000	76	0	0	977	1052	1	76	6.82e-31	141
CFAV-Bangkok_Thailand_2015	SRA:SRR8996076.2747036.1	100.000	76	0	0	6125	6200	1	76	6.82e-31	141
CFAV-Bangkok_Thailand_2015	SRA:SRR8996076.2744079.1	100.000	76	0	0	6609	6684	76	1	6.82e-31	141
CFAV-Bangkok_Thailand_2015	SRA:SRR8996076.2741709.1	100.000	76	0	0	5856	5931	1	76	6.82e-31	141
CFAV-Bangkok_Thailand_2015	SRA:SRR8996076.2740378.2	100.000	76	0	0	3995	4070	1	76	6.82e-31	141
CFAV-Bangkok_Thailand_2015	SRA:SRR8996076.2740098.1	100.000	76	0	0	8194	8269	76	1	6.82e-31	141
CFAV-Bangkok_Thailand_2015	SRA:SRR8996076.2738942.1	100.000	76	0	0	7317	7392	1	76	6.82e-31	141
CFAV-Bangkok_Thailand_2015	SRA:SRR8996076.2737527.2	100.000	76	0	0	3585	3660	1	76	6.82e-31	141
CFAV-Bangkok_Thailand_2015	SRA:SRR8996076.2737456.1	100.000	76	0	0	2681	2756	76	1	6.82e-31	141
CFAV-Bangkok_Thailand_2015	SRA:SRR8996076.2734484.1	100.000	76	0	0	378	453	1	76	6.82e-31	141
CFAV-Bangkok_Thailand_2015	SRA:SRR8996076.2730006.1	100.000	76	0	0	6620	6695	76	1	6.82e-31	141
CFAV-Bangkok_Thailand_2015	SRA:SRR8996076.2728431.2	100.000	76	0	0	8337	8412	1	76	6.82e-31	141
CFAV-Bangkok_Thailand_2015	SRA:SRR8996076.2728009.2	100.000	76	0	0	7390	7465	1	76	6.82e-31	141
CFAV-Bangkok_Thailand_2015	SRA:SRR8996076.2723874.1	100.000	76	0	0	1405	1480	1	76	6.82e-31	141
CFAV-Bangkok_Thailand_2015	SRA:SRR8996076.2723167.2	100.000	76	0	0	3890	3965	76	1	6.82e-31	141
CFAV-Bangkok_Thailand_2015	SRA:SRR8996076.2720208.1	100.000	76	0	0	4403	4478	76	1	6.82e-31	141
CFAV-Bangkok_Thailand_2015	SRA:SRR8996076.2719068.1	100.000	76	0	0	408	483	1	76	6.82e-31	141
CFAV-Bangkok_Thailand_2015	SRA:SRR8996076.2715603.2	100.000	76	0	0	8311	8386	76	1	6.82e-31	141
CFAV-Bangkok_Thailand_2015	SRA:SRR8996076.2715239.1	100.000	76	0	0	9793	9868	1	76	6.82e-31	141
CFAV-Bangkok_Thailand_2015	SRA:SRR8996076.2713566.2	100.000	76	0	0	4450	4525	76	1	6.82e-31	141
CFAV-Bangkok_Thailand_2015	SRA:SRR8996076.2713558.2	100.000	76	0	0	4438	4513	1	76	6.82e-31	141
CFAV-Bangkok_Thailand_2015	SRA:SRR8996076.2712792.1	100.000	76	0	0	8529	8604	1	76	6.82e-31	141
CFAV-Bangkok_Thailand_2015	SRA:SRR8996076.2709897.1	100.000	76	0	0	6843	6918	1	76	6.82e-31	141
CFAV-Bangkok_Thailand_2015	SRA:SRR8996076.2707619.1	100.000	76	0	0	6839	6914	76	1	6.82e-31	141
CFAV-Bangkok_Thailand_2015	SRA:SRR8996076.2702992.1	100.000	76	0	0	3788	3863	76	1	6.82e-31	141
CFAV-Bangkok_Thailand_2015	SRA:SRR8996076.2701948.2	100.000	76	0	0	146	221	1	76	6.82e-31	141
CFAV-Bangkok_Thailand_2015	SRA:SRR8996076.2701628.2	100.000	76	0	0	10268	10343	76	1	6.82e-31	141
CFAV-Bangkok_Thailand_2015	SRA:SRR8996076.2701067.1	100.000	76	0	0	9407	9482	1	76	6.82e-31	141
CFAV-Bangkok_Thailand_2015	SRA:SRR8996076.2700949.1	100.000	76	0	0	6382	6457	1	76	6.82e-31	141
CFAV-Bangkok_Thailand_2015	SRA:SRR8996076.2696911.1	100.000	76	0	0	7648	7723	1	76	6.82e-31	141
CFAV-Bangkok_Thailand_2015	SRA:SRR8996076.2696598.2	100.000	76	0	0	4106	4181	1	76	6.82e-31	141
CFAV-Bangkok_Thailand_2015	SRA:SRR8996076.2695861.1	100.000	76	0	0	6650	6725	1	76	6.82e-31	141
CFAV-Bangkok_Thailand_2015	SRA:SRR8996076.2695512.1	100.000	76	0	0	6883	6958	1	76	6.82e-31	141
CFAV-Bangkok_Thailand_2015	SRA:SRR8996076.2688409.2	100.000	76	0	0	920	995	1	76	6.82e-31	141
CFAV-Bangkok_Thailand_2015	SRA:SRR8996076.2686010.1	100.000	76	0	0	4797	4872	76	1	6.82e-31	141
CFAV-Bangkok_Thailand_2015	SRA:SRR8996076.2684332.2	100.000	76	0	0	3736	3811	1	76	6.82e-31	141
CFAV-Bangkok_Thailand_2015	SRA:SRR8996076.2683840.1	100.000	76	0	0	9425	9500	76	1	6.82e-31	141
CFAV-Bangkok_Thailand_2015	SRA:SRR8996076.2681963.1	100.000	76	0	0	3007	3082	76	1	6.82e-31	141
CFAV-Bangkok_Thailand_2015	SRA:SRR8996076.2679369.2	100.000	76	0	0	6452	6527	76	1	6.82e-31	141
CFAV-Bangkok_Thailand_2015	SRA:SRR8996076.2678570.2	100.000	76	0	0	1669	1744	76	1	6.82e-31	141
CFAV-Bangkok_Thailand_2015	SRA:SRR8996076.2677661.2	100.000	76	0	0	5665	5740	76	1	6.82e-31	141
CFAV-Bangkok_Thailand_2015	SRA:SRR8996076.2676718.1	100.000	76	0	0	7953	8028	76	1	6.82e-31	141
CFAV-Bangkok_Thailand_2015	SRA:SRR8996076.2675614.1	100.000	76	0	0	1927	2002	1	76	6.82e-31	141
CFAV-Bangkok_Thailand_2015	SRA:SRR8996076.2672584.1	100.000	76	0	0	912	987	76	1	6.82e-31	141
CFAV-Bangkok_Thailand_2015	SRA:SRR8996076.2670762.2	100.000	76	0	0	626	701	76	1	6.82e-31	141
CFAV-Bangkok_Thailand_2015	SRA:SRR8996076.2667883.1	100.000	76	0	0	5878	5953	1	76	6.82e-31	141
CFAV-Bangkok_Thailand_2015	SRA:SRR8996076.2667697.2	100.000	76	0	0	3555	3630	76	1	6.82e-31	141
CFAV-Bangkok_Thailand_2015	SRA:SRR8996076.2666477.2	100.000	76	0	0	242	317	1	76	6.82e-31	141
CFAV-Bangkok_Thailand_2015	SRA:SRR8996076.2665637.1	100.000	76	0	0	6323	6398	76	1	6.82e-31	141
CFAV-Bangkok_Thailand_2015	SRA:SRR8996076.2665518.2	100.000	76	0	0	6129	6204	76	1	6.82e-31	141
CFAV-Bangkok_Thailand_2015	SRA:SRR8996076.2664719.2	100.000	76	0	0	3890	3965	76	1	6.82e-31	141
CFAV-Bangkok_Thailand_2015	SRA:SRR8996076.2663034.1	100.000	76	0	0	5597	5672	76	1	6.82e-31	141
CFAV-Bangkok_Thailand_2015	SRA:SRR8996076.2661037.2	100.000	76	0	0	7389	7464	76	1	6.82e-31	141
CFAV-Bangkok_Thailand_2015	SRA:SRR8996076.2660580.2	100.000	76	0	0	3781	3856	1	76	6.82e-31	141
CFAV-Bangkok_Thailand_2015	SRA:SRR8996076.2658691.1	100.000	76	0	0	4412	4487	76	1	6.82e-31	141
CFAV-Bangkok_Thailand_2015	SRA:SRR8996076.2657693.1	100.000	76	0	0	8265	8340	76	1	6.82e-31	141
CFAV-Bangkok_Thailand_2015	SRA:SRR8996076.2654115.1	100.000	76	0	0	3944	4019	1	76	6.82e-31	141
CFAV-Bangkok_Thailand_2015	SRA:SRR8996076.2653983.2	100.000	76	0	0	3637	3712	76	1	6.82e-31	141
CFAV-Bangkok_Thailand_2015	SRA:SRR8996076.2653870.1	100.000	76	0	0	10023	10098	76	1	6.82e-31	141
CFAV-Bangkok_Thailand_2015	SRA:SRR8996076.2653824.1	100.000	76	0	0	7362	7437	76	1	6.82e-31	141
CFAV-Bangkok_Thailand_2015	SRA:SRR8996076.2650795.1	100.000	76	0	0	7815	7890	1	76	6.82e-31	141
CFAV-Bangkok_Thailand_2015	SRA:SRR8996076.2647570.2	100.000	76	0	0	1940	2015	1	76	6.82e-31	141
CFAV-Bangkok_Thailand_2015	SRA:SRR8996076.2647422.1	100.000	76	0	0	7838	7913	1	76	6.82e-31	141
CFAV-Bangkok_Thailand_2015	SRA:SRR8996076.2647239.2	100.000	76	0	0	9427	9502	76	1	6.82e-31	141
CFAV-Bangkok_Thailand_2015	SRA:SRR8996076.2644772.2	100.000	76	0	0	1637	1712	76	1	6.82e-31	141
CFAV-Bangkok_Thailand_2015	SRA:SRR8996076.2644281.1	100.000	76	0	0	8689	8764	1	76	6.82e-31	141
CFAV-Bangkok_Thailand_2015	SRA:SRR8996076.2640241.2	100.000	76	0	0	7071	7146	76	1	6.82e-31	141
CFAV-Bangkok_Thailand_2015	SRA:SRR8996076.2638441.2	100.000	76	0	0	400	475	76	1	6.82e-31	141
CFAV-Bangkok_Thailand_2015	SRA:SRR8996076.2636333.2	100.000	76	0	0	7810	7885	1	76	6.82e-31	141
CFAV-Bangkok_Thailand_2015	SRA:SRR8996076.2632193.1	100.000	76	0	0	2274	2349	76	1	6.82e-31	141
CFAV-Bangkok_Thailand_2015	SRA:SRR8996076.2632182.1	100.000	76	0	0	6342	6417	1	76	6.82e-31	141
CFAV-Bangkok_Thailand_2015	SRA:SRR8996076.2631230.2	100.000	76	0	0	4775	4850	1	76	6.82e-31	141
CFAV-Bangkok_Thailand_2015	SRA:SRR8996076.2630774.1	100.000	76	0	0	3576	3651	1	76	6.82e-31	141
CFAV-Bangkok_Thailand_2015	SRA:SRR8996076.2629920.1	100.000	76	0	0	9766	9841	76	1	6.82e-31	141
CFAV-Bangkok_Thailand_2015	SRA:SRR8996076.2629629.1	100.000	76	0	0	9174	9249	1	76	6.82e-31	141
CFAV-Bangkok_Thailand_2015	SRA:SRR8996076.2629213.1	100.000	76	0	0	6344	6419	76	1	6.82e-31	141
CFAV-Bangkok_Thailand_2015	SRA:SRR8996076.2628994.1	100.000	76	0	0	6891	6966	1	76	6.82e-31	141
CFAV-Bangkok_Thailand_2015	SRA:SRR8996076.2628357.2	100.000	76	0	0	5818	5893	1	76	6.82e-31	141
CFAV-Bangkok_Thailand_2015	SRA:SRR8996076.2625670.2	100.000	76	0	0	1427	1502	1	76	6.82e-31	141
CFAV-Bangkok_Thailand_2015	SRA:SRR8996076.2625408.1	100.000	76	0	0	3995	4070	1	76	6.82e-31	141
CFAV-Bangkok_Thailand_2015	SRA:SRR8996076.2625225.1	100.000	76	0	0	7910	7985	76	1	6.82e-31	141
CFAV-Bangkok_Thailand_2015	SRA:SRR8996076.2624742.2	100.000	76	0	0	9611	9686	76	1	6.82e-31	141
CFAV-Bangkok_Thailand_2015	SRA:SRR8996076.2617505.2	100.000	76	0	0	10064	10139	76	1	6.82e-31	141
CFAV-Bangkok_Thailand_2015	SRA:SRR8996076.2616537.1	100.000	76	0	0	3935	4010	76	1	6.82e-31	141
CFAV-Bangkok_Thailand_2015	SRA:SRR8996076.2615330.2	100.000	76	0	0	3890	3965	76	1	6.82e-31	141
CFAV-Bangkok_Thailand_2015	SRA:SRR8996076.2615158.2	100.000	76	0	0	3670	3745	1	76	6.82e-31	141
CFAV-Bangkok_Thailand_2015	SRA:SRR8996076.2614903.2	100.000	76	0	0	4451	4526	1	76	6.82e-31	141
CFAV-Bangkok_Thailand_2015	SRA:SRR8996076.2614614.2	100.000	76	0	0	7271	7346	1	76	6.82e-31	141
CFAV-Bangkok_Thailand_2015	SRA:SRR8996076.2614152.1	100.000	76	0	0	7390	7465	1	76	6.82e-31	141
CFAV-Bangkok_Thailand_2015	SRA:SRR8996076.2609335.1	100.000	76	0	0	9101	9176	76	1	6.82e-31	141
CFAV-Bangkok_Thailand_2015	SRA:SRR8996076.2606250.1	100.000	76	0	0	3007	3082	76	1	6.82e-31	141
CFAV-Bangkok_Thailand_2015	SRA:SRR8996076.2605779.2	100.000	76	0	0	989	1064	76	1	6.82e-31	141
CFAV-Bangkok_Thailand_2015	SRA:SRR8996076.2604822.1	100.000	76	0	0	9417	9492	1	76	6.82e-31	141
CFAV-Bangkok_Thailand_2015	SRA:SRR8996076.2601086.1	100.000	76	0	0	7399	7474	1	76	6.82e-31	141
CFAV-Bangkok_Thailand_2015	SRA:SRR8996076.2599658.2	100.000	76	0	0	7070	7145	76	1	6.82e-31	141
CFAV-Bangkok_Thailand_2015	SRA:SRR8996076.2598937.1	100.000	76	0	0	6846	6921	1	76	6.82e-31	141
CFAV-Bangkok_Thailand_2015	SRA:SRR8996076.2597800.1	100.000	76	0	0	2230	2305	1	76	6.82e-31	141
CFAV-Bangkok_Thailand_2015	SRA:SRR8996076.2597700.2	100.000	76	0	0	3890	3965	76	1	6.82e-31	141
CFAV-Bangkok_Thailand_2015	SRA:SRR8996076.2596356.2	100.000	76	0	0	387	462	76	1	6.82e-31	141
CFAV-Bangkok_Thailand_2015	SRA:SRR8996076.2595844.1	100.000	76	0	0	6452	6527	76	1	6.82e-31	141
CFAV-Bangkok_Thailand_2015	SRA:SRR8996076.2593212.1	100.000	76	0	0	6275	6350	76	1	6.82e-31	141
CFAV-Bangkok_Thailand_2015	SRA:SRR8996076.2592006.2	100.000	76	0	0	6556	6631	1	76	6.82e-31	141
CFAV-Bangkok_Thailand_2015	SRA:SRR8996076.2589544.2	100.000	76	0	0	8393	8468	76	1	6.82e-31	141
CFAV-Bangkok_Thailand_2015	SRA:SRR8996076.2587225.2	100.000	76	0	0	6277	6352	76	1	6.82e-31	141
CFAV-Bangkok_Thailand_2015	SRA:SRR8996076.2587127.2	100.000	76	0	0	1514	1589	76	1	6.82e-31	141
CFAV-Bangkok_Thailand_2015	SRA:SRR8996076.2584130.1	100.000	76	0	0	3977	4052	1	76	6.82e-31	141
CFAV-Bangkok_Thailand_2015	SRA:SRR8996076.2583524.1	100.000	76	0	0	666	741	1	76	6.82e-31	141
CFAV-Bangkok_Thailand_2015	SRA:SRR8996076.2583135.2	100.000	76	0	0	4548	4623	1	76	6.82e-31	141
CFAV-Bangkok_Thailand_2015	SRA:SRR8996076.2582928.2	100.000	76	0	0	9775	9850	76	1	6.82e-31	141
CFAV-Bangkok_Thailand_2015	SRA:SRR8996076.2579489.1	100.000	76	0	0	7492	7567	1	76	6.82e-31	141
CFAV-Bangkok_Thailand_2015	SRA:SRR8996076.2578358.2	100.000	76	0	0	2202	2277	76	1	6.82e-31	141
CFAV-Bangkok_Thailand_2015	SRA:SRR8996076.2578190.1	100.000	76	0	0	2984	3059	76	1	6.82e-31	141
CFAV-Bangkok_Thailand_2015	SRA:SRR8996076.2576904.2	100.000	76	0	0	5753	5828	76	1	6.82e-31	141
CFAV-Bangkok_Thailand_2015	SRA:SRR8996076.2576206.1	100.000	76	0	0	4758	4833	76	1	6.82e-31	141
CFAV-Bangkok_Thailand_2015	SRA:SRR8996076.2574693.2	100.000	76	0	0	5856	5931	1	76	6.82e-31	141
CFAV-Bangkok_Thailand_2015	SRA:SRR8996076.2574687.2	100.000	76	0	0	5856	5931	1	76	6.82e-31	141
CFAV-Bangkok_Thailand_2015	SRA:SRR8996076.2574627.1	100.000	76	0	0	914	989	1	76	6.82e-31	141
CFAV-Bangkok_Thailand_2015	SRA:SRR8996076.2572937.1	100.000	76	0	0	4563	4638	1	76	6.82e-31	141
CFAV-Bangkok_Thailand_2015	SRA:SRR8996076.2571902.2	100.000	76	0	0	10241	10316	76	1	6.82e-31	141
CFAV-Bangkok_Thailand_2015	SRA:SRR8996076.2571247.1	100.000	76	0	0	6135	6210	1	76	6.82e-31	141
CFAV-Bangkok_Thailand_2015	SRA:SRR8996076.2555177.2	100.000	76	0	0	8311	8386	1	76	6.82e-31	141
CFAV-Bangkok_Thailand_2015	SRA:SRR8996076.2538544.1	100.000	76	0	0	8658	8733	1	76	6.82e-31	141
CFAV-Bangkok_Thailand_2015	SRA:SRR8996076.2529641.2	100.000	76	0	0	7834	7909	76	1	6.82e-31	141
CFAV-Bangkok_Thailand_2015	SRA:SRR8996076.2513267.2	100.000	76	0	0	7982	8057	1	76	6.82e-31	141
CFAV-Bangkok_Thailand_2015	SRA:SRR8996076.2510776.2	100.000	76	0	0	1929	2004	1	76	6.82e-31	141
CFAV-Bangkok_Thailand_2015	SRA:SRR8996076.2506614.1	100.000	76	0	0	7727	7802	76	1	6.82e-31	141
CFAV-Bangkok_Thailand_2015	SRA:SRR8996076.2503568.1	100.000	76	0	0	6822	6897	1	76	6.82e-31	141
CFAV-Bangkok_Thailand_2015	SRA:SRR8996076.2496522.2	100.000	76	0	0	6891	6966	1	76	6.82e-31	141
CFAV-Bangkok_Thailand_2015	SRA:SRR8996076.2492502.2	100.000	76	0	0	3970	4045	1	76	6.82e-31	141
CFAV-Bangkok_Thailand_2015	SRA:SRR8996076.2485396.2	100.000	76	0	0	7974	8049	76	1	6.82e-31	141
CFAV-Bangkok_Thailand_2015	SRA:SRR8996076.2485242.1	100.000	76	0	0	9612	9687	76	1	6.82e-31	141
CFAV-Bangkok_Thailand_2015	SRA:SRR8996076.2454600.2	100.000	76	0	0	6838	6913	1	76	6.82e-31	141
CFAV-Bangkok_Thailand_2015	SRA:SRR8996076.2436175.2	100.000	76	0	0	7910	7985	76	1	6.82e-31	141
CFAV-Bangkok_Thailand_2015	SRA:SRR8996076.2432913.2	100.000	76	0	0	10358	10433	76	1	6.82e-31	141
CFAV-Bangkok_Thailand_2015	SRA:SRR8996076.2427879.2	100.000	76	0	0	3695	3770	1	76	6.82e-31	141
CFAV-Bangkok_Thailand_2015	SRA:SRR8996076.2422793.2	100.000	76	0	0	5521	5596	1	76	6.82e-31	141
CFAV-Bangkok_Thailand_2015	SRA:SRR8996076.2414696.2	100.000	76	0	0	8214	8289	76	1	6.82e-31	141
CFAV-Bangkok_Thailand_2015	SRA:SRR8996076.2380062.2	100.000	76	0	0	6661	6736	1	76	6.82e-31	141
CFAV-Bangkok_Thailand_2015	SRA:SRR8996076.2367243.1	100.000	76	0	0	1659	1734	76	1	6.82e-31	141
CFAV-Bangkok_Thailand_2015	SRA:SRR8996076.2355855.1	100.000	76	0	0	1708	1783	1	76	6.82e-31	141
CFAV-Bangkok_Thailand_2015	SRA:SRR8996076.2345378.2	100.000	76	0	0	177	252	1	76	6.82e-31	141
CFAV-Bangkok_Thailand_2015	SRA:SRR8996076.2342931.1	100.000	76	0	0	6416	6491	76	1	6.82e-31	141
CFAV-Bangkok_Thailand_2015	SRA:SRR8996076.2331481.2	100.000	76	0	0	7984	8059	76	1	6.82e-31	141
CFAV-Bangkok_Thailand_2015	SRA:SRR8996076.2324130.2	100.000	76	0	0	5554	5629	76	1	6.82e-31	141
CFAV-Bangkok_Thailand_2015	SRA:SRR8996076.2319709.1	100.000	76	0	0	7953	8028	76	1	6.82e-31	141
CFAV-Bangkok_Thailand_2015	SRA:SRR8996076.2315216.2	100.000	76	0	0	6846	6921	1	76	6.82e-31	141
CFAV-Bangkok_Thailand_2015	SRA:SRR8996076.2299673.2	100.000	76	0	0	1711	1786	1	76	6.82e-31	141
CFAV-Bangkok_Thailand_2015	SRA:SRR8996076.2299673.1	100.000	76	0	0	1912	1987	76	1	6.82e-31	141
CFAV-Bangkok_Thailand_2015	SRA:SRR8996076.2270634.1	100.000	76	0	0	6458	6533	76	1	6.82e-31	141
CFAV-Bangkok_Thailand_2015	SRA:SRR8996076.2261603.1	100.000	76	0	0	9623	9698	1	76	6.82e-31	141
CFAV-Bangkok_Thailand_2015	SRA:SRR8996076.2257973.2	100.000	76	0	0	5856	5931	1	76	6.82e-31	141
CFAV-Bangkok_Thailand_2015	SRA:SRR8996076.2253761.1	100.000	76	0	0	8360	8435	76	1	6.82e-31	141
CFAV-Bangkok_Thailand_2015	SRA:SRR8996076.2231241.2	100.000	76	0	0	2292	2367	76	1	6.82e-31	141
CFAV-Bangkok_Thailand_2015	SRA:SRR8996076.2227605.1	100.000	76	0	0	2297	2372	76	1	6.82e-31	141
CFAV-Bangkok_Thailand_2015	SRA:SRR8996076.2223673.1	100.000	76	0	0	7989	8064	76	1	6.82e-31	141
CFAV-Bangkok_Thailand_2015	SRA:SRR8996076.2206261.2	100.000	76	0	0	1469	1544	76	1	6.82e-31	141
CFAV-Bangkok_Thailand_2015	SRA:SRR8996076.2201254.2	100.000	76	0	0	8275	8350	76	1	6.82e-31	141
CFAV-Bangkok_Thailand_2015	SRA:SRR8996076.2195439.2	100.000	76	0	0	1916	1991	76	1	6.82e-31	141
CFAV-Bangkok_Thailand_2015	SRA:SRR8996076.2190284.2	100.000	76	0	0	1231	1306	76	1	6.82e-31	141
CFAV-Bangkok_Thailand_2015	SRA:SRR8996076.2189175.2	100.000	76	0	0	3647	3722	1	76	6.82e-31	141
CFAV-Bangkok_Thailand_2015	SRA:SRR8996076.2168835.2	100.000	76	0	0	6883	6958	1	76	6.82e-31	141
CFAV-Bangkok_Thailand_2015	SRA:SRR8996076.2165597.2	100.000	76	0	0	7953	8028	76	1	6.82e-31	141
CFAV-Bangkok_Thailand_2015	SRA:SRR8996076.2155320.1	100.000	76	0	0	7347	7422	76	1	6.82e-31	141
CFAV-Bangkok_Thailand_2015	SRA:SRR8996076.2153567.2	100.000	76	0	0	7398	7473	1	76	6.82e-31	141
CFAV-Bangkok_Thailand_2015	SRA:SRR8996076.2136446.2	100.000	76	0	0	8396	8471	76	1	6.82e-31	141
CFAV-Bangkok_Thailand_2015	SRA:SRR8996076.2130281.1	100.000	76	0	0	7901	7976	76	1	6.82e-31	141
CFAV-Bangkok_Thailand_2015	SRA:SRR8996076.2108764.1	100.000	76	0	0	2645	2720	1	76	6.82e-31	141
CFAV-Bangkok_Thailand_2015	SRA:SRR8996076.2103639.2	100.000	76	0	0	208	283	76	1	6.82e-31	141
CFAV-Bangkok_Thailand_2015	SRA:SRR8996076.2102439.1	100.000	76	0	0	920	995	1	76	6.82e-31	141
CFAV-Bangkok_Thailand_2015	SRA:SRR8996076.2097589.1	100.000	76	0	0	7618	7693	76	1	6.82e-31	141
CFAV-Bangkok_Thailand_2015	SRA:SRR8996076.2097039.2	100.000	76	0	0	4763	4838	76	1	6.82e-31	141
CFAV-Bangkok_Thailand_2015	SRA:SRR8996076.2067966.1	100.000	76	0	0	2197	2272	1	76	6.82e-31	141
CFAV-Bangkok_Thailand_2015	SRA:SRR8996076.2065312.2	100.000	76	0	0	8350	8425	1	76	6.82e-31	141
CFAV-Bangkok_Thailand_2015	SRA:SRR8996076.2064565.2	100.000	76	0	0	7673	7748	1	76	6.82e-31	141
CFAV-Bangkok_Thailand_2015	SRA:SRR8996076.2058380.1	100.000	76	0	0	1709	1784	1	76	6.82e-31	141
CFAV-Bangkok_Thailand_2015	SRA:SRR8996076.2033822.2	100.000	76	0	0	3617	3692	76	1	6.82e-31	141
CFAV-Bangkok_Thailand_2015	SRA:SRR8996076.1975104.1	100.000	76	0	0	1253	1328	76	1	6.82e-31	141
CFAV-Bangkok_Thailand_2015	SRA:SRR8996076.1960007.2	100.000	76	0	0	3635	3710	76	1	6.82e-31	141
CFAV-Bangkok_Thailand_2015	SRA:SRR8996076.1957700.2	100.000	76	0	0	4766	4841	76	1	6.82e-31	141
CFAV-Bangkok_Thailand_2015	SRA:SRR8996076.1939784.2	100.000	76	0	0	8664	8739	1	76	6.82e-31	141
CFAV-Bangkok_Thailand_2015	SRA:SRR8996076.1938821.2	100.000	76	0	0	3016	3091	76	1	6.82e-31	141
CFAV-Bangkok_Thailand_2015	SRA:SRR8996076.1938208.2	100.000	76	0	0	2508	2583	76	1	6.82e-31	141
CFAV-Bangkok_Thailand_2015	SRA:SRR8996076.1925022.1	100.000	76	0	0	1912	1987	76	1	6.82e-31	141
CFAV-Bangkok_Thailand_2015	SRA:SRR8996076.1916935.2	100.000	76	0	0	9160	9235	1	76	6.82e-31	141
CFAV-Bangkok_Thailand_2015	SRA:SRR8996076.1904092.1	100.000	76	0	0	6458	6533	76	1	6.82e-31	141
CFAV-Bangkok_Thailand_2015	SRA:SRR8996076.1899774.2	100.000	76	0	0	9813	9888	1	76	6.82e-31	141
CFAV-Bangkok_Thailand_2015	SRA:SRR8996076.1897820.2	100.000	76	0	0	3712	3787	1	76	6.82e-31	141
CFAV-Bangkok_Thailand_2015	SRA:SRR8996076.1897168.1	100.000	76	0	0	7117	7192	1	76	6.82e-31	141
CFAV-Bangkok_Thailand_2015	SRA:SRR8996076.1889578.1	100.000	76	0	0	10291	10366	1	76	6.82e-31	141
CFAV-Bangkok_Thailand_2015	SRA:SRR8996076.1884914.2	100.000	76	0	0	920	995	1	76	6.82e-31	141
CFAV-Bangkok_Thailand_2015	SRA:SRR8996076.1871651.1	100.000	76	0	0	8205	8280	76	1	6.82e-31	141
CFAV-Bangkok_Thailand_2015	SRA:SRR8996076.1866658.1	100.000	76	0	0	7810	7885	1	76	6.82e-31	141
CFAV-Bangkok_Thailand_2015	SRA:SRR8996076.1855367.1	100.000	76	0	0	8243	8318	1	76	6.82e-31	141
CFAV-Bangkok_Thailand_2015	SRA:SRR8996076.1834231.1	100.000	76	0	0	9417	9492	1	76	6.82e-31	141
CFAV-Bangkok_Thailand_2015	SRA:SRR8996076.1809483.1	100.000	76	0	0	9446	9521	1	76	6.82e-31	141
CFAV-Bangkok_Thailand_2015	SRA:SRR8996076.1806630.1	100.000	76	0	0	4659	4734	1	76	6.82e-31	141
CFAV-Bangkok_Thailand_2015	SRA:SRR8996076.1804294.1	100.000	76	0	0	3646	3721	76	1	6.82e-31	141
CFAV-Bangkok_Thailand_2015	SRA:SRR8996076.1797186.1	100.000	76	0	0	3609	3684	76	1	6.82e-31	141
CFAV-Bangkok_Thailand_2015	SRA:SRR8996076.1795838.2	100.000	76	0	0	4409	4484	1	76	6.82e-31	141
CFAV-Bangkok_Thailand_2015	SRA:SRR8996076.1792086.2	100.000	76	0	0	5635	5710	76	1	6.82e-31	141
CFAV-Bangkok_Thailand_2015	SRA:SRR8996076.1790450.1	100.000	76	0	0	5506	5581	1	76	6.82e-31	141
CFAV-Bangkok_Thailand_2015	SRA:SRR8996076.1788737.2	100.000	76	0	0	2984	3059	76	1	6.82e-31	141
CFAV-Bangkok_Thailand_2015	SRA:SRR8996076.1787776.2	100.000	76	0	0	248	323	1	76	6.82e-31	141
CFAV-Bangkok_Thailand_2015	SRA:SRR8996076.1787194.2	100.000	76	0	0	6819	6894	76	1	6.82e-31	141
CFAV-Bangkok_Thailand_2015	SRA:SRR8996076.1778042.2	100.000	76	0	0	6621	6696	1	76	6.82e-31	141
CFAV-Bangkok_Thailand_2015	SRA:SRR8996076.1775648.1	100.000	76	0	0	4561	4636	1	76	6.82e-31	141
CFAV-Bangkok_Thailand_2015	SRA:SRR8996076.1749377.2	100.000	76	0	0	6129	6204	76	1	6.82e-31	141
CFAV-Bangkok_Thailand_2015	SRA:SRR8996076.1743740.2	100.000	76	0	0	6609	6684	76	1	6.82e-31	141
CFAV-Bangkok_Thailand_2015	SRA:SRR8996076.1719999.1	100.000	76	0	0	7119	7194	76	1	6.82e-31	141
CFAV-Bangkok_Thailand_2015	SRA:SRR8996076.1719918.2	100.000	76	0	0	7074	7149	1	76	6.82e-31	141
CFAV-Bangkok_Thailand_2015	SRA:SRR8996076.1703491.2	100.000	76	0	0	7953	8028	76	1	6.82e-31	141
CFAV-Bangkok_Thailand_2015	SRA:SRR8996076.1703252.2	100.000	76	0	0	8658	8733	1	76	6.82e-31	141
CFAV-Bangkok_Thailand_2015	SRA:SRR8996076.1695387.1	100.000	76	0	0	7726	7801	76	1	6.82e-31	141
CFAV-Bangkok_Thailand_2015	SRA:SRR8996076.1666784.1	100.000	76	0	0	189	264	1	76	6.82e-31	141
CFAV-Bangkok_Thailand_2015	SRA:SRR8996076.1637770.1	100.000	76	0	0	8318	8393	76	1	6.82e-31	141
CFAV-Bangkok_Thailand_2015	SRA:SRR8996076.1620523.2	100.000	76	0	0	3644	3719	1	76	6.82e-31	141
CFAV-Bangkok_Thailand_2015	SRA:SRR8996076.1609342.2	100.000	76	0	0	2625	2700	76	1	6.82e-31	141
CFAV-Bangkok_Thailand_2015	SRA:SRR8996076.1568670.2	100.000	76	0	0	8244	8319	76	1	6.82e-31	141
CFAV-Bangkok_Thailand_2015	SRA:SRR8996076.1565988.1	100.000	76	0	0	7085	7160	1	76	6.82e-31	141
CFAV-Bangkok_Thailand_2015	SRA:SRR8996076.1562081.1	100.000	76	0	0	7363	7438	76	1	6.82e-31	141
CFAV-Bangkok_Thailand_2015	SRA:SRR8996076.1561563.1	100.000	76	0	0	96	171	76	1	6.82e-31	141
CFAV-Bangkok_Thailand_2015	SRA:SRR8996076.1559854.2	100.000	76	0	0	6822	6897	1	76	6.82e-31	141
CFAV-Bangkok_Thailand_2015	SRA:SRR8996076.1543770.1	100.000	76	0	0	6661	6736	1	76	6.82e-31	141
CFAV-Bangkok_Thailand_2015	SRA:SRR8996076.1531412.1	100.000	76	0	0	6461	6536	1	76	6.82e-31	141
CFAV-Bangkok_Thailand_2015	SRA:SRR8996076.1525457.1	100.000	76	0	0	108	183	1	76	6.82e-31	141
CFAV-Bangkok_Thailand_2015	SRA:SRR8996076.1506485.2	100.000	76	0	0	6333	6408	76	1	6.82e-31	141
CFAV-Bangkok_Thailand_2015	SRA:SRR8996076.1493961.2	100.000	76	0	0	9408	9483	76	1	6.82e-31	141
CFAV-Bangkok_Thailand_2015	SRA:SRR8996076.1489031.2	100.000	76	0	0	9659	9734	1	76	6.82e-31	141
CFAV-Bangkok_Thailand_2015	SRA:SRR8996076.1485956.2	100.000	76	0	0	3754	3829	76	1	6.82e-31	141
CFAV-Bangkok_Thailand_2015	SRA:SRR8996076.1476554.2	100.000	76	0	0	5521	5596	1	76	6.82e-31	141
CFAV-Bangkok_Thailand_2015	SRA:SRR8996076.1454572.2	100.000	76	0	0	7926	8001	1	76	6.82e-31	141
CFAV-Bangkok_Thailand_2015	SRA:SRR8996076.1450084.2	100.000	76	0	0	7985	8060	1	76	6.82e-31	141
CFAV-Bangkok_Thailand_2015	SRA:SRR8996076.1449307.1	100.000	76	0	0	3639	3714	1	76	6.82e-31	141
CFAV-Bangkok_Thailand_2015	SRA:SRR8996076.1436208.1	100.000	76	0	0	5589	5664	1	76	6.82e-31	141
CFAV-Bangkok_Thailand_2015	SRA:SRR8996076.1433772.1	100.000	76	0	0	9806	9881	76	1	6.82e-31	141
CFAV-Bangkok_Thailand_2015	SRA:SRR8996076.1425251.1	100.000	76	0	0	1619	1694	1	76	6.82e-31	141
CFAV-Bangkok_Thailand_2015	SRA:SRR8996076.1413112.1	100.000	76	0	0	6875	6950	76	1	6.82e-31	141
CFAV-Bangkok_Thailand_2015	SRA:SRR8996076.1404464.2	100.000	76	0	0	5532	5607	1	76	6.82e-31	141
CFAV-Bangkok_Thailand_2015	SRA:SRR8996076.1393808.1	100.000	76	0	0	7956	8031	76	1	6.82e-31	141
CFAV-Bangkok_Thailand_2015	SRA:SRR8996076.1387949.2	100.000	76	0	0	10235	10310	1	76	6.82e-31	141
CFAV-Bangkok_Thailand_2015	SRA:SRR8996076.1352125.1	100.000	76	0	0	9814	9889	76	1	6.82e-31	141
CFAV-Bangkok_Thailand_2015	SRA:SRR8996076.1343625.2	100.000	76	0	0	4815	4890	1	76	6.82e-31	141
CFAV-Bangkok_Thailand_2015	SRA:SRR8996076.1341059.1	100.000	76	0	0	2973	3048	76	1	6.82e-31	141
CFAV-Bangkok_Thailand_2015	SRA:SRR8996076.1324275.1	100.000	76	0	0	4412	4487	76	1	6.82e-31	141
CFAV-Bangkok_Thailand_2015	SRA:SRR8996076.1312116.2	100.000	76	0	0	383	458	76	1	6.82e-31	141
CFAV-Bangkok_Thailand_2015	SRA:SRR8996076.1304941.2	100.000	76	0	0	5878	5953	1	76	6.82e-31	141
CFAV-Bangkok_Thailand_2015	SRA:SRR8996076.1299307.2	100.000	76	0	0	3730	3805	76	1	6.82e-31	141
CFAV-Bangkok_Thailand_2015	SRA:SRR8996076.1281214.1	100.000	76	0	0	5793	5868	1	76	6.82e-31	141
CFAV-Bangkok_Thailand_2015	SRA:SRR8996076.1280037.1	100.000	76	0	0	4667	4742	76	1	6.82e-31	141
CFAV-Bangkok_Thailand_2015	SRA:SRR8996076.1277245.1	100.000	76	0	0	5645	5720	1	76	6.82e-31	141
CFAV-Bangkok_Thailand_2015	SRA:SRR8996076.1274506.2	100.000	76	0	0	6625	6700	1	76	6.82e-31	141
CFAV-Bangkok_Thailand_2015	SRA:SRR8996076.1235969.2	100.000	76	0	0	185	260	76	1	6.82e-31	141
CFAV-Bangkok_Thailand_2015	SRA:SRR8996076.1233382.2	100.000	76	0	0	7919	7994	76	1	6.82e-31	141
CFAV-Bangkok_Thailand_2015	SRA:SRR8996076.1225494.2	100.000	76	0	0	7834	7909	76	1	6.82e-31	141
CFAV-Bangkok_Thailand_2015	SRA:SRR8996076.1225385.1	100.000	76	0	0	189	264	1	76	6.82e-31	141
CFAV-Bangkok_Thailand_2015	SRA:SRR8996076.1222869.2	100.000	76	0	0	4204	4279	1	76	6.82e-31	141
CFAV-Bangkok_Thailand_2015	SRA:SRR8996076.1221286.2	100.000	76	0	0	2033	2108	1	76	6.82e-31	141
CFAV-Bangkok_Thailand_2015	SRA:SRR8996076.1185736.2	100.000	76	0	0	6822	6897	1	76	6.82e-31	141
CFAV-Bangkok_Thailand_2015	SRA:SRR8996076.1181349.1	100.000	76	0	0	9616	9691	1	76	6.82e-31	141
CFAV-Bangkok_Thailand_2015	SRA:SRR8996076.1179881.1	100.000	76	0	0	2050	2125	76	1	6.82e-31	141
CFAV-Bangkok_Thailand_2015	SRA:SRR8996076.1170379.2	100.000	76	0	0	5854	5929	1	76	6.82e-31	141
CFAV-Bangkok_Thailand_2015	SRA:SRR8996076.1158194.1	100.000	76	0	0	5836	5911	76	1	6.82e-31	141
CFAV-Bangkok_Thailand_2015	SRA:SRR8996076.1157012.2	100.000	76	0	0	7398	7473	1	76	6.82e-31	141
CFAV-Bangkok_Thailand_2015	SRA:SRR8996076.1152753.1	100.000	76	0	0	6417	6492	1	76	6.82e-31	141
CFAV-Bangkok_Thailand_2015	SRA:SRR8996076.1148624.2	100.000	76	0	0	5818	5893	1	76	6.82e-31	141
CFAV-Bangkok_Thailand_2015	SRA:SRR8996076.1143104.1	100.000	76	0	0	9672	9747	76	1	6.82e-31	141
CFAV-Bangkok_Thailand_2015	SRA:SRR8996076.1137220.1	100.000	76	0	0	1200	1275	76	1	6.82e-31	141
CFAV-Bangkok_Thailand_2015	SRA:SRR8996076.1126973.2	100.000	76	0	0	6841	6916	1	76	6.82e-31	141
CFAV-Bangkok_Thailand_2015	SRA:SRR8996076.1126145.2	100.000	76	0	0	7901	7976	76	1	6.82e-31	141
CFAV-Bangkok_Thailand_2015	SRA:SRR8996076.1123572.1	100.000	76	0	0	9612	9687	76	1	6.82e-31	141
CFAV-Bangkok_Thailand_2015	SRA:SRR8996076.1110302.1	100.000	76	0	0	1461	1536	76	1	6.82e-31	141
CFAV-Bangkok_Thailand_2015	SRA:SRR8996076.1109704.2	100.000	76	0	0	6661	6736	1	76	6.82e-31	141
CFAV-Bangkok_Thailand_2015	SRA:SRR8996076.1099284.2	100.000	76	0	0	6592	6667	1	76	6.82e-31	141
CFAV-Bangkok_Thailand_2015	SRA:SRR8996076.1094937.2	100.000	76	0	0	10009	10084	76	1	6.82e-31	141
CFAV-Bangkok_Thailand_2015	SRA:SRR8996076.1090431.1	100.000	76	0	0	3275	3350	1	76	6.82e-31	141
CFAV-Bangkok_Thailand_2015	SRA:SRR8996076.1085465.2	100.000	76	0	0	3737	3812	1	76	6.82e-31	141
CFAV-Bangkok_Thailand_2015	SRA:SRR8996076.1085111.1	100.000	76	0	0	622	697	76	1	6.82e-31	141
CFAV-Bangkok_Thailand_2015	SRA:SRR8996076.1082699.1	100.000	76	0	0	7903	7978	76	1	6.82e-31	141
CFAV-Bangkok_Thailand_2015	SRA:SRR8996076.1079925.2	100.000	76	0	0	7354	7429	1	76	6.82e-31	141
CFAV-Bangkok_Thailand_2015	SRA:SRR8996076.1077856.1	100.000	76	0	0	8332	8407	76	1	6.82e-31	141
CFAV-Bangkok_Thailand_2015	SRA:SRR8996076.1071822.1	100.000	76	0	0	9926	10001	76	1	6.82e-31	141
CFAV-Bangkok_Thailand_2015	SRA:SRR8996076.1044669.1	100.000	76	0	0	5762	5837	76	1	6.82e-31	141
CFAV-Bangkok_Thailand_2015	SRA:SRR8996076.1022034.1	100.000	76	0	0	1932	2007	76	1	6.82e-31	141
CFAV-Bangkok_Thailand_2015	SRA:SRR8996076.1021037.1	100.000	76	0	0	2508	2583	76	1	6.82e-31	141
CFAV-Bangkok_Thailand_2015	SRA:SRR8996076.1020684.2	100.000	76	0	0	8244	8319	76	1	6.82e-31	141
CFAV-Bangkok_Thailand_2015	SRA:SRR8996076.1019358.1	100.000	76	0	0	5859	5934	76	1	6.82e-31	141
CFAV-Bangkok_Thailand_2015	SRA:SRR8996076.1018622.1	100.000	76	0	0	5631	5706	1	76	6.82e-31	141
CFAV-Bangkok_Thailand_2015	SRA:SRR8996076.1018025.2	100.000	76	0	0	6846	6921	1	76	6.82e-31	141
CFAV-Bangkok_Thailand_2015	SRA:SRR8996076.1006061.2	100.000	76	0	0	8228	8303	1	76	6.82e-31	141
CFAV-Bangkok_Thailand_2015	SRA:SRR8996076.1005377.1	100.000	76	0	0	146	221	1	76	6.82e-31	141
CFAV-Bangkok_Thailand_2015	SRA:SRR8996076.1005033.1	100.000	76	0	0	6360	6435	1	76	6.82e-31	141
CFAV-Bangkok_Thailand_2015	SRA:SRR8996076.1002809.1	100.000	76	0	0	3635	3710	1	76	6.82e-31	141
CFAV-Bangkok_Thailand_2015	SRA:SRR8996076.986908.1	100.000	76	0	0	7954	8029	1	76	6.82e-31	141
CFAV-Bangkok_Thailand_2015	SRA:SRR8996076.981082.2	100.000	76	0	0	7398	7473	1	76	6.82e-31	141
CFAV-Bangkok_Thailand_2015	SRA:SRR8996076.980253.1	100.000	76	0	0	6590	6665	76	1	6.82e-31	141
CFAV-Bangkok_Thailand_2015	SRA:SRR8996076.950601.2	100.000	76	0	0	9158	9233	76	1	6.82e-31	141
CFAV-Bangkok_Thailand_2015	SRA:SRR8996076.946587.2	100.000	76	0	0	9904	9979	1	76	6.82e-31	141
CFAV-Bangkok_Thailand_2015	SRA:SRR8996076.930722.1	100.000	76	0	0	3622	3697	1	76	6.82e-31	141
CFAV-Bangkok_Thailand_2015	SRA:SRR8996076.922172.2	100.000	76	0	0	10266	10341	1	76	6.82e-31	141
CFAV-Bangkok_Thailand_2015	SRA:SRR8996076.920363.2	100.000	76	0	0	3679	3754	76	1	6.82e-31	141
CFAV-Bangkok_Thailand_2015	SRA:SRR8996076.919612.1	100.000	76	0	0	6419	6494	1	76	6.82e-31	141
CFAV-Bangkok_Thailand_2015	SRA:SRR8996076.901627.2	100.000	76	0	0	6429	6504	76	1	6.82e-31	141
CFAV-Bangkok_Thailand_2015	SRA:SRR8996076.896017.1	100.000	76	0	0	5805	5880	76	1	6.82e-31	141
CFAV-Bangkok_Thailand_2015	SRA:SRR8996076.895565.2	100.000	76	0	0	6636	6711	1	76	6.82e-31	141
CFAV-Bangkok_Thailand_2015	SRA:SRR8996076.890720.2	100.000	76	0	0	4786	4861	1	76	6.82e-31	141
CFAV-Bangkok_Thailand_2015	SRA:SRR8996076.875610.2	100.000	76	0	0	265	340	76	1	6.82e-31	141
CFAV-Bangkok_Thailand_2015	SRA:SRR8996076.862907.2	100.000	76	0	0	10345	10420	1	76	6.82e-31	141
CFAV-Bangkok_Thailand_2015	SRA:SRR8996076.852121.2	100.000	76	0	0	1481	1556	1	76	6.82e-31	141
CFAV-Bangkok_Thailand_2015	SRA:SRR8996076.850735.2	100.000	76	0	0	3900	3975	1	76	6.82e-31	141
CFAV-Bangkok_Thailand_2015	SRA:SRR8996076.846971.2	100.000	76	0	0	7099	7174	76	1	6.82e-31	141
CFAV-Bangkok_Thailand_2015	SRA:SRR8996076.838576.2	100.000	76	0	0	2243	2318	1	76	6.82e-31	141
CFAV-Bangkok_Thailand_2015	SRA:SRR8996076.820067.1	100.000	76	0	0	6609	6684	76	1	6.82e-31	141
CFAV-Bangkok_Thailand_2015	SRA:SRR8996076.816564.1	100.000	76	0	0	1468	1543	76	1	6.82e-31	141
CFAV-Bangkok_Thailand_2015	SRA:SRR8996076.816098.2	100.000	76	0	0	3592	3667	1	76	6.82e-31	141
CFAV-Bangkok_Thailand_2015	SRA:SRR8996076.812457.1	100.000	76	0	0	1413	1488	76	1	6.82e-31	141
CFAV-Bangkok_Thailand_2015	SRA:SRR8996076.811011.2	100.000	76	0	0	3797	3872	1	76	6.82e-31	141
CFAV-Bangkok_Thailand_2015	SRA:SRR8996076.805044.2	100.000	76	0	0	9660	9735	76	1	6.82e-31	141
CFAV-Bangkok_Thailand_2015	SRA:SRR8996076.790040.2	100.000	76	0	0	4808	4883	1	76	6.82e-31	141
CFAV-Bangkok_Thailand_2015	SRA:SRR8996076.773621.2	100.000	76	0	0	10064	10139	76	1	6.82e-31	141
CFAV-Bangkok_Thailand_2015	SRA:SRR8996076.767729.2	100.000	76	0	0	3636	3711	1	76	6.82e-31	141
CFAV-Bangkok_Thailand_2015	SRA:SRR8996076.765656.2	100.000	76	0	0	6872	6947	1	76	6.82e-31	141
CFAV-Bangkok_Thailand_2015	SRA:SRR8996076.754111.2	100.000	76	0	0	7074	7149	1	76	6.82e-31	141
CFAV-Bangkok_Thailand_2015	SRA:SRR8996076.752451.1	100.000	76	0	0	1454	1529	76	1	6.82e-31	141
CFAV-Bangkok_Thailand_2015	SRA:SRR8996076.748007.2	100.000	76	0	0	6350	6425	76	1	6.82e-31	141
CFAV-Bangkok_Thailand_2015	SRA:SRR8996076.741426.1	100.000	76	0	0	3635	3710	76	1	6.82e-31	141
CFAV-Bangkok_Thailand_2015	SRA:SRR8996076.741019.2	100.000	76	0	0	1710	1785	76	1	6.82e-31	141
CFAV-Bangkok_Thailand_2015	SRA:SRR8996076.740199.1	100.000	76	0	0	3744	3819	1	76	6.82e-31	141
CFAV-Bangkok_Thailand_2015	SRA:SRR8996076.726088.2	100.000	76	0	0	208	283	76	1	6.82e-31	141
CFAV-Bangkok_Thailand_2015	SRA:SRR8996076.725973.2	100.000	76	0	0	10266	10341	1	76	6.82e-31	141
CFAV-Bangkok_Thailand_2015	SRA:SRR8996076.706125.2	100.000	76	0	0	9974	10049	76	1	6.82e-31	141
CFAV-Bangkok_Thailand_2015	SRA:SRR8996076.692328.2	100.000	76	0	0	1107	1182	1	76	6.82e-31	141
CFAV-Bangkok_Thailand_2015	SRA:SRR8996076.647938.1	100.000	76	0	0	1225	1300	1	76	6.82e-31	141
CFAV-Bangkok_Thailand_2015	SRA:SRR8996076.647166.1	100.000	76	0	0	1933	2008	76	1	6.82e-31	141
CFAV-Bangkok_Thailand_2015	SRA:SRR8996076.634744.2	100.000	76	0	0	6390	6465	76	1	6.82e-31	141
CFAV-Bangkok_Thailand_2015	SRA:SRR8996076.631779.1	100.000	76	0	0	3770	3845	76	1	6.82e-31	141
CFAV-Bangkok_Thailand_2015	SRA:SRR8996076.629758.1	100.000	76	0	0	1228	1303	1	76	6.82e-31	141
CFAV-Bangkok_Thailand_2015	SRA:SRR8996076.616616.1	100.000	76	0	0	9919	9994	1	76	6.82e-31	141
CFAV-Bangkok_Thailand_2015	SRA:SRR8996076.615102.1	100.000	76	0	0	5985	6060	76	1	6.82e-31	141
