CFAV-Bangkok_Thailand_2015	SRA:SRR8606567.15057863.1	100.000	30	0	0	7370	7399	1	30	1.24e-06	56.5
CFAV-Bangkok_Thailand_2015	SRA:SRR8606567.9129466.1	100.000	30	0	0	7359	7388	1	30	1.24e-06	56.5
CFAV-Bangkok_Thailand_2015	SRA:SRR8606567.5592273.1	100.000	30	0	0	3962	3991	30	1	1.24e-06	56.5
CFAV-Bangkok_Thailand_2015	SRA:SRR8606567.2851360.1	100.000	30	0	0	7359	7388	1	30	1.24e-06	56.5
CFAV-Bangkok_Thailand_2015	SRA:SRR8606567.2251783.1	100.000	30	0	0	7370	7399	1	30	1.24e-06	56.5
CFAV-Bangkok_Thailand_2015	SRA:SRR8606567.14954484.1	100.000	29	0	0	3732	3760	29	1	4.44e-06	54.7
CFAV-Bangkok_Thailand_2015	SRA:SRR8606567.14936112.1	100.000	29	0	0	8688	8716	1	29	4.44e-06	54.7
CFAV-Bangkok_Thailand_2015	SRA:SRR8606567.12218933.1	100.000	29	0	0	4096	4124	29	1	4.44e-06	54.7
CFAV-Bangkok_Thailand_2015	SRA:SRR8606567.5035567.1	100.000	29	0	0	4089	4117	29	1	4.44e-06	54.7
CFAV-Bangkok_Thailand_2015	SRA:SRR8606567.4445584.1	100.000	29	0	0	3915	3943	29	1	4.44e-06	54.7
CFAV-Bangkok_Thailand_2015	SRA:SRR8606567.2642674.1	100.000	29	0	0	8688	8716	1	29	4.44e-06	54.7
CFAV-Bangkok_Thailand_2015	SRA:SRR8606567.1945101.1	100.000	29	0	0	7370	7398	1	29	4.44e-06	54.7
CFAV-Bangkok_Thailand_2015	SRA:SRR8606567.1942734.1	100.000	29	0	0	7370	7398	1	29	4.44e-06	54.7
CFAV-Bangkok_Thailand_2015	SRA:SRR8606567.183278.1	100.000	29	0	0	3732	3760	29	1	4.44e-06	54.7
CFAV-Bangkok_Thailand_2015	SRA:SRR8606567.15467397.1	100.000	28	0	0	7433	7460	1	28	1.60e-05	52.8
CFAV-Bangkok_Thailand_2015	SRA:SRR8606567.15214895.1	100.000	28	0	0	3815	3842	28	1	1.60e-05	52.8
CFAV-Bangkok_Thailand_2015	SRA:SRR8606567.15131516.1	100.000	28	0	0	8609	8636	1	28	1.60e-05	52.8
CFAV-Bangkok_Thailand_2015	SRA:SRR8606567.14799457.1	100.000	28	0	0	4092	4119	28	1	1.60e-05	52.8
CFAV-Bangkok_Thailand_2015	SRA:SRR8606567.4376070.1	100.000	28	0	0	3915	3942	28	1	1.60e-05	52.8
CFAV-Bangkok_Thailand_2015	SRA:SRR8606567.3498132.1	100.000	28	0	0	4092	4119	28	1	1.60e-05	52.8
CFAV-Bangkok_Thailand_2015	SRA:SRR8606567.3249120.1	100.000	28	0	0	8609	8636	1	28	1.60e-05	52.8
CFAV-Bangkok_Thailand_2015	SRA:SRR8606567.12805357.1	100.000	27	0	0	3966	3992	27	1	5.75e-05	51.0
CFAV-Bangkok_Thailand_2015	SRA:SRR8606567.5958550.1	100.000	27	0	0	8609	8635	1	27	5.75e-05	51.0
CFAV-Bangkok_Thailand_2015	SRA:SRR8606567.2300446.1	100.000	27	0	0	4036	4062	27	1	5.75e-05	51.0
CFAV-Bangkok_Thailand_2015	SRA:SRR8606567.7992434.1	100.000	26	0	0	3966	3991	26	1	2.07e-04	49.1
