CFAV-Bangkok_Thailand_2015	SRA:SRR8606584.17852799.1	100.000	30	0	0	3732	3761	30	1	8.22e-07	56.5
CFAV-Bangkok_Thailand_2015	SRA:SRR8606584.17508935.1	100.000	30	0	0	3813	3842	30	1	8.22e-07	56.5
CFAV-Bangkok_Thailand_2015	SRA:SRR8606584.17508840.1	100.000	30	0	0	3813	3842	30	1	8.22e-07	56.5
CFAV-Bangkok_Thailand_2015	SRA:SRR8606584.17143897.1	100.000	30	0	0	3732	3761	30	1	8.22e-07	56.5
CFAV-Bangkok_Thailand_2015	SRA:SRR8606584.17143769.1	100.000	30	0	0	3732	3761	30	1	8.22e-07	56.5
CFAV-Bangkok_Thailand_2015	SRA:SRR8606584.15592989.1	100.000	30	0	0	3732	3761	30	1	8.22e-07	56.5
CFAV-Bangkok_Thailand_2015	SRA:SRR8606584.15575368.1	100.000	30	0	0	3732	3761	30	1	8.22e-07	56.5
CFAV-Bangkok_Thailand_2015	SRA:SRR8606584.14958081.1	100.000	30	0	0	3962	3991	30	1	8.22e-07	56.5
CFAV-Bangkok_Thailand_2015	SRA:SRR8606584.13229433.1	100.000	30	0	0	3732	3761	30	1	8.22e-07	56.5
CFAV-Bangkok_Thailand_2015	SRA:SRR8606584.13227046.1	100.000	30	0	0	3732	3761	30	1	8.22e-07	56.5
CFAV-Bangkok_Thailand_2015	SRA:SRR8606584.11575209.1	100.000	30	0	0	3662	3691	30	1	8.22e-07	56.5
CFAV-Bangkok_Thailand_2015	SRA:SRR8606584.6049243.1	100.000	30	0	0	3732	3761	30	1	8.22e-07	56.5
CFAV-Bangkok_Thailand_2015	SRA:SRR8606584.1673756.1	100.000	30	0	0	3662	3691	30	1	8.22e-07	56.5
CFAV-Bangkok_Thailand_2015	SRA:SRR8606584.610542.1	100.000	30	0	0	7399	7428	1	30	8.22e-07	56.5
CFAV-Bangkok_Thailand_2015	SRA:SRR8606584.16831581.1	100.000	29	0	0	3732	3760	29	1	2.96e-06	54.7
CFAV-Bangkok_Thailand_2015	SRA:SRR8606584.11947230.1	100.000	29	0	0	3662	3690	29	1	2.96e-06	54.7
CFAV-Bangkok_Thailand_2015	SRA:SRR8606584.10714520.1	100.000	29	0	0	3915	3943	29	1	2.96e-06	54.7
CFAV-Bangkok_Thailand_2015	SRA:SRR8606584.9144267.1	100.000	29	0	0	3813	3841	29	1	2.96e-06	54.7
CFAV-Bangkok_Thailand_2015	SRA:SRR8606584.8579662.1	100.000	29	0	0	3915	3943	29	1	2.96e-06	54.7
CFAV-Bangkok_Thailand_2015	SRA:SRR8606584.7088888.1	100.000	29	0	0	3813	3841	29	1	2.96e-06	54.7
CFAV-Bangkok_Thailand_2015	SRA:SRR8606584.3994302.1	100.000	29	0	0	7370	7398	1	29	2.96e-06	54.7
CFAV-Bangkok_Thailand_2015	SRA:SRR8606584.1181592.1	100.000	29	0	0	3915	3943	29	1	2.96e-06	54.7
CFAV-Bangkok_Thailand_2015	SRA:SRR8606584.1179691.1	100.000	29	0	0	3915	3943	29	1	2.96e-06	54.7
CFAV-Bangkok_Thailand_2015	SRA:SRR8606584.15781384.1	100.000	28	0	0	3732	3759	28	1	1.06e-05	52.8
CFAV-Bangkok_Thailand_2015	SRA:SRR8606584.14346486.1	100.000	28	0	0	3732	3759	28	1	1.06e-05	52.8
CFAV-Bangkok_Thailand_2015	SRA:SRR8606584.13468529.1	100.000	28	0	0	3658	3685	28	1	1.06e-05	52.8
CFAV-Bangkok_Thailand_2015	SRA:SRR8606584.12361931.1	100.000	28	0	0	3690	3717	28	1	1.06e-05	52.8
CFAV-Bangkok_Thailand_2015	SRA:SRR8606584.9657467.1	100.000	28	0	0	3732	3759	28	1	1.06e-05	52.8
CFAV-Bangkok_Thailand_2015	SRA:SRR8606584.9359524.1	100.000	28	0	0	3690	3717	28	1	1.06e-05	52.8
CFAV-Bangkok_Thailand_2015	SRA:SRR8606584.5544270.1	100.000	28	0	0	3732	3759	28	1	1.06e-05	52.8
CFAV-Bangkok_Thailand_2015	SRA:SRR8606584.5186538.1	100.000	28	0	0	3922	3949	28	1	1.06e-05	52.8
CFAV-Bangkok_Thailand_2015	SRA:SRR8606584.696007.1	100.000	28	0	0	8609	8636	1	28	1.06e-05	52.8
CFAV-Bangkok_Thailand_2015	SRA:SRR8606584.694933.1	100.000	28	0	0	8609	8636	1	28	1.06e-05	52.8
CFAV-Bangkok_Thailand_2015	SRA:SRR8606584.133448.1	100.000	28	0	0	3732	3759	28	1	1.06e-05	52.8
CFAV-Bangkok_Thailand_2015	SRA:SRR8606584.8745176.1	100.000	27	0	0	3813	3839	27	1	3.82e-05	51.0
CFAV-Bangkok_Thailand_2015	SRA:SRR8606584.3064045.1	100.000	27	0	0	3732	3758	27	1	3.82e-05	51.0
