CFAV-Bangkok_Thailand_2015	SRA:SRR8921131.9540213.2	99.333	150	1	0	7316	7465	1	150	7.16e-69	272
CFAV-Bangkok_Thailand_2015	SRA:SRR8921131.22172229.2	99.329	149	1	0	3539	3687	149	1	2.58e-68	270
CFAV-Bangkok_Thailand_2015	SRA:SRR8921131.13893060.1	99.315	146	1	0	1003	1148	2	147	1.20e-66	265
CFAV-Bangkok_Thailand_2015	SRA:SRR8921131.22172229.1	97.351	151	4	0	3452	3602	1	151	2.01e-64	257
CFAV-Bangkok_Thailand_2015	SRA:SRR8921131.13893060.2	97.351	151	4	0	1179	1329	151	1	2.01e-64	257
CFAV-Bangkok_Thailand_2015	SRA:SRR8921131.13543844.2	97.351	151	4	0	3210	3360	151	1	2.01e-64	257
CFAV-Bangkok_Thailand_2015	SRA:SRR8921131.32782877.1	97.333	150	4	0	3001	3150	1	150	7.21e-64	255
CFAV-Bangkok_Thailand_2015	SRA:SRR8921131.28772044.1	97.333	150	4	0	688	837	1	150	7.21e-64	255
CFAV-Bangkok_Thailand_2015	SRA:SRR8921131.9169185.2	97.959	147	3	0	1531	1677	147	1	7.21e-64	255
CFAV-Bangkok_Thailand_2015	SRA:SRR8921131.9167685.2	97.959	147	3	0	1531	1677	147	1	7.21e-64	255
CFAV-Bangkok_Thailand_2015	SRA:SRR8921131.9145838.2	97.959	147	3	0	1531	1677	147	1	7.21e-64	255
CFAV-Bangkok_Thailand_2015	SRA:SRR8921131.9122067.2	97.959	147	3	0	1531	1677	147	1	7.21e-64	255
CFAV-Bangkok_Thailand_2015	SRA:SRR8921131.32782877.2	97.945	146	3	0	3016	3161	148	3	2.59e-63	254
CFAV-Bangkok_Thailand_2015	SRA:SRR8921131.6227154.2	97.297	148	4	0	3502	3649	148	1	9.33e-63	252
CFAV-Bangkok_Thailand_2015	SRA:SRR8921131.9145838.1	96.667	150	5	0	1464	1613	1	150	3.36e-62	250
CFAV-Bangkok_Thailand_2015	SRA:SRR8921131.30080152.2	96.644	149	5	0	1510	1658	149	1	1.21e-61	248
CFAV-Bangkok_Thailand_2015	SRA:SRR8921131.30049798.2	96.644	149	5	0	1510	1658	149	1	1.21e-61	248
CFAV-Bangkok_Thailand_2015	SRA:SRR8921131.30039670.2	96.644	149	5	0	1510	1658	149	1	1.21e-61	248
CFAV-Bangkok_Thailand_2015	SRA:SRR8921131.24628846.1	96.644	149	5	0	1054	1202	2	150	1.21e-61	248
CFAV-Bangkok_Thailand_2015	SRA:SRR8921131.12631689.2	96.644	149	5	0	1510	1658	149	1	1.21e-61	248
CFAV-Bangkok_Thailand_2015	SRA:SRR8921131.8678448.1	96.026	151	6	0	3279	3429	1	151	4.34e-61	246
CFAV-Bangkok_Thailand_2015	SRA:SRR8921131.480068.2	96.026	151	6	0	2296	2446	151	1	4.34e-61	246
CFAV-Bangkok_Thailand_2015	SRA:SRR8921131.480068.1	96.026	151	6	0	2257	2407	1	151	4.34e-61	246
CFAV-Bangkok_Thailand_2015	SRA:SRR8921131.30080152.1	96.000	150	6	0	1476	1625	1	150	1.56e-60	244
CFAV-Bangkok_Thailand_2015	SRA:SRR8921131.30049798.1	96.000	150	6	0	1476	1625	1	150	1.56e-60	244
CFAV-Bangkok_Thailand_2015	SRA:SRR8921131.30039670.1	96.000	150	6	0	1476	1625	1	150	1.56e-60	244
CFAV-Bangkok_Thailand_2015	SRA:SRR8921131.24628846.2	96.000	150	6	0	1095	1244	150	1	1.56e-60	244
CFAV-Bangkok_Thailand_2015	SRA:SRR8921131.12631689.1	96.000	150	6	0	1476	1625	1	150	1.56e-60	244
CFAV-Bangkok_Thailand_2015	SRA:SRR8921131.9169185.1	96.000	150	6	0	1464	1613	1	150	1.56e-60	244
CFAV-Bangkok_Thailand_2015	SRA:SRR8921131.9167685.1	96.000	150	6	0	1464	1613	1	150	1.56e-60	244
CFAV-Bangkok_Thailand_2015	SRA:SRR8921131.9122067.1	96.000	150	6	0	1464	1613	1	150	1.56e-60	244
CFAV-Bangkok_Thailand_2015	SRA:SRR8921131.13543844.1	96.000	150	5	1	3061	3209	1	150	5.62e-60	243
CFAV-Bangkok_Thailand_2015	SRA:SRR8921131.28772044.2	95.364	151	7	0	843	993	151	1	2.02e-59	241
CFAV-Bangkok_Thailand_2015	SRA:SRR8921131.10691818.1	95.364	151	7	0	1736	1886	1	151	2.02e-59	241
CFAV-Bangkok_Thailand_2015	SRA:SRR8921131.10670565.1	95.364	151	7	0	1736	1886	1	151	2.02e-59	241
CFAV-Bangkok_Thailand_2015	SRA:SRR8921131.8678448.2	95.946	148	6	0	3282	3429	151	4	2.02e-59	241
CFAV-Bangkok_Thailand_2015	SRA:SRR8921131.25583088.2	94.702	151	8	0	2679	2829	151	1	9.40e-58	235
CFAV-Bangkok_Thailand_2015	SRA:SRR8921131.10219832.1	95.270	148	7	0	1740	1887	1	148	9.40e-58	235
CFAV-Bangkok_Thailand_2015	SRA:SRR8921131.6227154.1	94.702	151	8	0	3366	3516	1	151	9.40e-58	235
CFAV-Bangkok_Thailand_2015	SRA:SRR8921131.4215673.2	95.833	144	6	0	463	606	144	1	3.38e-57	233
CFAV-Bangkok_Thailand_2015	SRA:SRR8921131.4215673.1	95.833	144	6	0	463	606	1	144	3.38e-57	233
CFAV-Bangkok_Thailand_2015	SRA:SRR8921131.3386687.1	95.238	147	7	0	2343	2489	1	147	3.38e-57	233
CFAV-Bangkok_Thailand_2015	SRA:SRR8921131.5614713.2	94.040	151	9	0	2465	2615	151	1	4.37e-56	230
CFAV-Bangkok_Thailand_2015	SRA:SRR8921131.3386687.2	94.040	151	9	0	2379	2529	151	1	4.37e-56	230
CFAV-Bangkok_Thailand_2015	SRA:SRR8921131.25583088.1	94.000	150	9	0	2645	2794	1	150	1.57e-55	228
CFAV-Bangkok_Thailand_2015	SRA:SRR8921131.24723745.2	97.727	132	3	0	765	896	132	1	1.57e-55	228
CFAV-Bangkok_Thailand_2015	SRA:SRR8921131.24723745.1	97.727	132	3	0	765	896	1	132	1.57e-55	228
CFAV-Bangkok_Thailand_2015	SRA:SRR8921131.10691818.2	94.000	150	9	0	1831	1980	150	1	1.57e-55	228
CFAV-Bangkok_Thailand_2015	SRA:SRR8921131.10670565.2	94.000	150	9	0	1831	1980	150	1	1.57e-55	228
CFAV-Bangkok_Thailand_2015	SRA:SRR8921131.5614713.1	94.000	150	9	0	2456	2605	1	150	1.57e-55	228
CFAV-Bangkok_Thailand_2015	SRA:SRR8921131.22398619.2	95.420	131	6	0	472	602	131	1	5.70e-50	209
CFAV-Bangkok_Thailand_2015	SRA:SRR8921131.5117990.2	95.420	131	6	0	472	602	131	1	5.70e-50	209
CFAV-Bangkok_Thailand_2015	SRA:SRR8921131.12055059.2	93.846	130	8	0	8542	8671	11	140	4.44e-46	196
CFAV-Bangkok_Thailand_2015	SRA:SRR8921131.12055059.1	94.488	127	7	0	8545	8671	127	1	4.44e-46	196
CFAV-Bangkok_Thailand_2015	SRA:SRR8921131.9540213.1	96.552	87	1	1	7394	7478	150	64	5.86e-30	143
CFAV-Bangkok_Thailand_2015	SRA:SRR8921131.22398619.1	93.976	83	5	0	472	554	68	150	5.90e-25	126
CFAV-Bangkok_Thailand_2015	SRA:SRR8921131.22398619.1	95.714	70	3	0	652	721	1	70	4.59e-21	113
CFAV-Bangkok_Thailand_2015	SRA:SRR8921131.5117990.1	93.976	83	5	0	472	554	68	150	5.90e-25	126
CFAV-Bangkok_Thailand_2015	SRA:SRR8921131.5117990.1	95.714	70	3	0	652	721	1	70	4.59e-21	113
