CFAV-Bangkok_Thailand_2015	SRA:SRR8606559.9611956.1	100.000	30	0	0	3732	3761	30	1	5.77e-07	56.5
CFAV-Bangkok_Thailand_2015	SRA:SRR8606559.9377903.1	100.000	30	0	0	3732	3761	30	1	5.77e-07	56.5
CFAV-Bangkok_Thailand_2015	SRA:SRR8606559.8485353.1	100.000	30	0	0	3732	3761	30	1	5.77e-07	56.5
CFAV-Bangkok_Thailand_2015	SRA:SRR8606559.8470339.1	100.000	30	0	0	3732	3761	30	1	5.77e-07	56.5
CFAV-Bangkok_Thailand_2015	SRA:SRR8606559.4529612.1	100.000	30	0	0	3732	3761	30	1	5.77e-07	56.5
CFAV-Bangkok_Thailand_2015	SRA:SRR8606559.3471890.1	100.000	30	0	0	3732	3761	30	1	5.77e-07	56.5
CFAV-Bangkok_Thailand_2015	SRA:SRR8606559.625633.1	100.000	30	0	0	3914	3943	30	1	5.77e-07	56.5
CFAV-Bangkok_Thailand_2015	SRA:SRR8606559.13665754.1	100.000	29	0	0	3813	3841	29	1	2.07e-06	54.7
CFAV-Bangkok_Thailand_2015	SRA:SRR8606559.10214927.1	100.000	29	0	0	3922	3950	29	1	2.07e-06	54.7
CFAV-Bangkok_Thailand_2015	SRA:SRR8606559.6518155.1	100.000	29	0	0	7429	7457	1	29	2.07e-06	54.7
CFAV-Bangkok_Thailand_2015	SRA:SRR8606559.6019507.1	100.000	29	0	0	3732	3760	29	1	2.07e-06	54.7
CFAV-Bangkok_Thailand_2015	SRA:SRR8606559.5332998.1	100.000	29	0	0	3733	3761	29	1	2.07e-06	54.7
CFAV-Bangkok_Thailand_2015	SRA:SRR8606559.2734793.1	100.000	29	0	0	3732	3760	29	1	2.07e-06	54.7
CFAV-Bangkok_Thailand_2015	SRA:SRR8606559.14469557.1	100.000	28	0	0	3732	3759	28	1	7.46e-06	52.8
CFAV-Bangkok_Thailand_2015	SRA:SRR8606559.13762145.1	100.000	28	0	0	3732	3759	28	1	7.46e-06	52.8
CFAV-Bangkok_Thailand_2015	SRA:SRR8606559.13024567.1	100.000	28	0	0	3922	3949	28	1	7.46e-06	52.8
CFAV-Bangkok_Thailand_2015	SRA:SRR8606559.8900955.1	100.000	28	0	0	3814	3841	28	1	7.46e-06	52.8
CFAV-Bangkok_Thailand_2015	SRA:SRR8606559.8018545.1	100.000	28	0	0	3922	3949	28	1	7.46e-06	52.8
CFAV-Bangkok_Thailand_2015	SRA:SRR8606559.7516663.1	100.000	28	0	0	3732	3759	28	1	7.46e-06	52.8
CFAV-Bangkok_Thailand_2015	SRA:SRR8606559.5608250.1	100.000	28	0	0	4092	4119	28	1	7.46e-06	52.8
CFAV-Bangkok_Thailand_2015	SRA:SRR8606559.4555362.1	100.000	28	0	0	3922	3949	28	1	7.46e-06	52.8
CFAV-Bangkok_Thailand_2015	SRA:SRR8606559.4527077.1	100.000	28	0	0	8624	8651	1	28	7.46e-06	52.8
CFAV-Bangkok_Thailand_2015	SRA:SRR8606559.3403169.1	100.000	28	0	0	3667	3694	28	1	7.46e-06	52.8
CFAV-Bangkok_Thailand_2015	SRA:SRR8606559.14601981.1	100.000	27	0	0	3966	3992	27	1	2.68e-05	51.0
CFAV-Bangkok_Thailand_2015	SRA:SRR8606559.13071140.1	100.000	27	0	0	3582	3608	27	1	2.68e-05	51.0
CFAV-Bangkok_Thailand_2015	SRA:SRR8606559.11502352.1	100.000	27	0	0	3966	3992	27	1	2.68e-05	51.0
CFAV-Bangkok_Thailand_2015	SRA:SRR8606559.8070904.1	100.000	27	0	0	7373	7399	1	27	2.68e-05	51.0
CFAV-Bangkok_Thailand_2015	SRA:SRR8606559.15075222.1	100.000	26	0	0	3966	3991	26	1	9.65e-05	49.1
