CFAV-Bangkok_Thailand_2015	SRA:SRR8606573.8946302.1	100.000	30	0	0	3732	3761	30	1	1.15e-06	56.5
CFAV-Bangkok_Thailand_2015	SRA:SRR8606573.8110172.1	100.000	30	0	0	3962	3991	30	1	1.15e-06	56.5
CFAV-Bangkok_Thailand_2015	SRA:SRR8606573.8109021.1	100.000	30	0	0	3962	3991	30	1	1.15e-06	56.5
CFAV-Bangkok_Thailand_2015	SRA:SRR8606573.6374972.1	100.000	30	0	0	7359	7388	1	30	1.15e-06	56.5
CFAV-Bangkok_Thailand_2015	SRA:SRR8606573.5928006.1	100.000	30	0	0	3962	3991	30	1	1.15e-06	56.5
CFAV-Bangkok_Thailand_2015	SRA:SRR8606573.5181921.1	100.000	30	0	0	7370	7399	1	30	1.15e-06	56.5
CFAV-Bangkok_Thailand_2015	SRA:SRR8606573.4498429.1	100.000	30	0	0	3962	3991	30	1	1.15e-06	56.5
CFAV-Bangkok_Thailand_2015	SRA:SRR8606573.3639427.1	100.000	30	0	0	7359	7388	1	30	1.15e-06	56.5
CFAV-Bangkok_Thailand_2015	SRA:SRR8606573.3637874.1	100.000	30	0	0	7359	7388	1	30	1.15e-06	56.5
CFAV-Bangkok_Thailand_2015	SRA:SRR8606573.8896298.1	100.000	29	0	0	3915	3943	29	1	4.12e-06	54.7
CFAV-Bangkok_Thailand_2015	SRA:SRR8606573.8695769.1	100.000	29	0	0	4051	4079	29	1	4.12e-06	54.7
CFAV-Bangkok_Thailand_2015	SRA:SRR8606573.8114765.1	100.000	29	0	0	4051	4079	29	1	4.12e-06	54.7
CFAV-Bangkok_Thailand_2015	SRA:SRR8606573.5697450.1	100.000	29	0	0	3732	3760	29	1	4.12e-06	54.7
CFAV-Bangkok_Thailand_2015	SRA:SRR8606573.3940853.1	100.000	29	0	0	3915	3943	29	1	4.12e-06	54.7
CFAV-Bangkok_Thailand_2015	SRA:SRR8606573.2041763.1	100.000	29	0	0	3915	3943	29	1	4.12e-06	54.7
CFAV-Bangkok_Thailand_2015	SRA:SRR8606573.2039552.1	100.000	29	0	0	3915	3943	29	1	4.12e-06	54.7
CFAV-Bangkok_Thailand_2015	SRA:SRR8606573.9891047.1	100.000	28	0	0	8609	8636	1	28	1.48e-05	52.8
CFAV-Bangkok_Thailand_2015	SRA:SRR8606573.6103783.1	100.000	28	0	0	3922	3949	28	1	1.48e-05	52.8
CFAV-Bangkok_Thailand_2015	SRA:SRR8606573.5207216.1	100.000	28	0	0	3922	3949	28	1	1.48e-05	52.8
CFAV-Bangkok_Thailand_2015	SRA:SRR8606573.1154922.1	100.000	28	0	0	4092	4119	28	1	1.48e-05	52.8
CFAV-Bangkok_Thailand_2015	SRA:SRR8606573.8688762.1	100.000	27	0	0	3966	3992	27	1	5.34e-05	51.0
CFAV-Bangkok_Thailand_2015	SRA:SRR8606573.1713748.1	100.000	27	0	0	4092	4118	27	1	5.34e-05	51.0
