CFAV-Bangkok_Thailand_2015	SRA:SRR8455259.3404001.2	98.675	151	2	0	986	1136	1	151	7.26e-69	268
CFAV-Bangkok_Thailand_2015	SRA:SRR8455259.1831948.1	98.675	151	2	0	1537	1687	151	1	7.26e-69	268
CFAV-Bangkok_Thailand_2015	SRA:SRR8455259.1169078.1	98.675	151	2	0	10440	10590	1	151	7.26e-69	268
CFAV-Bangkok_Thailand_2015	SRA:SRR8455259.917192.1	98.675	151	2	0	1537	1687	151	1	7.26e-69	268
CFAV-Bangkok_Thailand_2015	SRA:SRR8455259.11964.1	98.675	151	2	0	3565	3715	151	1	7.26e-69	268
CFAV-Bangkok_Thailand_2015	SRA:SRR8455259.1876457.2	98.667	150	2	0	1538	1687	150	1	2.61e-68	267
CFAV-Bangkok_Thailand_2015	SRA:SRR8455259.1876457.1	98.667	150	2	0	1538	1687	1	150	2.61e-68	267
CFAV-Bangkok_Thailand_2015	SRA:SRR8455259.197137.2	98.667	150	2	0	10272	10421	150	1	2.61e-68	267
CFAV-Bangkok_Thailand_2015	SRA:SRR8455259.1833450.1	98.658	149	2	0	3898	4046	2	150	9.40e-68	265
CFAV-Bangkok_Thailand_2015	SRA:SRR8455259.3071672.1	98.013	151	3	0	6886	7036	1	151	3.38e-67	263
CFAV-Bangkok_Thailand_2015	SRA:SRR8455259.2806330.1	98.013	151	3	0	1537	1687	151	1	3.38e-67	263
CFAV-Bangkok_Thailand_2015	SRA:SRR8455259.2376980.1	98.013	151	3	0	6886	7036	1	151	3.38e-67	263
CFAV-Bangkok_Thailand_2015	SRA:SRR8455259.308396.1	98.013	151	3	0	6886	7036	1	151	3.38e-67	263
CFAV-Bangkok_Thailand_2015	SRA:SRR8455259.57653.2	98.013	151	3	0	986	1136	1	151	3.38e-67	263
CFAV-Bangkok_Thailand_2015	SRA:SRR8455259.3175.2	98.013	151	3	0	3870	4020	1	151	3.38e-67	263
CFAV-Bangkok_Thailand_2015	SRA:SRR8455259.1915011.2	98.000	150	3	0	10272	10421	150	1	1.22e-66	261
CFAV-Bangkok_Thailand_2015	SRA:SRR8455259.1833450.2	98.000	150	3	0	3958	4107	150	1	1.22e-66	261
CFAV-Bangkok_Thailand_2015	SRA:SRR8455259.1713846.1	98.000	150	3	0	1538	1687	150	1	1.22e-66	261
CFAV-Bangkok_Thailand_2015	SRA:SRR8455259.1029701.1	98.000	150	3	0	10433	10582	150	1	1.22e-66	261
CFAV-Bangkok_Thailand_2015	SRA:SRR8455259.3404001.1	97.351	151	4	0	1025	1175	151	1	1.57e-65	257
CFAV-Bangkok_Thailand_2015	SRA:SRR8455259.3341611.1	97.351	151	4	0	2206	2356	151	1	1.57e-65	257
CFAV-Bangkok_Thailand_2015	SRA:SRR8455259.2751843.1	97.351	151	4	0	5249	5399	1	151	1.57e-65	257
CFAV-Bangkok_Thailand_2015	SRA:SRR8455259.57653.1	97.351	151	4	0	1025	1175	151	1	1.57e-65	257
CFAV-Bangkok_Thailand_2015	SRA:SRR8455259.3370551.1	97.333	150	4	0	7238	7387	1	150	5.66e-65	255
CFAV-Bangkok_Thailand_2015	SRA:SRR8455259.3298136.2	97.333	150	4	0	7069	7218	1	150	5.66e-65	255
CFAV-Bangkok_Thailand_2015	SRA:SRR8455259.3298136.1	97.333	150	4	0	7069	7218	150	1	5.66e-65	255
CFAV-Bangkok_Thailand_2015	SRA:SRR8455259.3191343.1	97.333	150	4	0	1119	1268	1	150	5.66e-65	255
CFAV-Bangkok_Thailand_2015	SRA:SRR8455259.696005.1	97.333	150	4	0	3248	3397	1	150	5.66e-65	255
CFAV-Bangkok_Thailand_2015	SRA:SRR8455259.306290.1	97.333	150	4	0	3981	4130	1	150	5.66e-65	255
CFAV-Bangkok_Thailand_2015	SRA:SRR8455259.45672.1	97.333	150	4	0	6830	6979	1	150	5.66e-65	255
CFAV-Bangkok_Thailand_2015	SRA:SRR8455259.2455960.1	97.315	149	4	0	7238	7386	1	149	2.03e-64	254
CFAV-Bangkok_Thailand_2015	SRA:SRR8455259.2061708.1	97.315	149	4	0	7238	7386	1	149	2.03e-64	254
CFAV-Bangkok_Thailand_2015	SRA:SRR8455259.573717.1	97.315	149	4	0	3590	3738	1	149	2.03e-64	254
CFAV-Bangkok_Thailand_2015	SRA:SRR8455259.3196299.1	96.689	151	5	0	7696	7846	151	1	7.32e-64	252
CFAV-Bangkok_Thailand_2015	SRA:SRR8455259.2684622.2	96.689	151	5	0	7694	7844	151	1	7.32e-64	252
CFAV-Bangkok_Thailand_2015	SRA:SRR8455259.1976322.2	96.689	151	5	0	7694	7844	151	1	7.32e-64	252
CFAV-Bangkok_Thailand_2015	SRA:SRR8455259.1858936.2	96.689	151	5	0	2319	2469	151	1	7.32e-64	252
CFAV-Bangkok_Thailand_2015	SRA:SRR8455259.1347803.2	96.689	151	5	0	7694	7844	151	1	7.32e-64	252
CFAV-Bangkok_Thailand_2015	SRA:SRR8455259.759472.2	97.297	148	4	0	3932	4079	3	150	7.32e-64	252
CFAV-Bangkok_Thailand_2015	SRA:SRR8455259.724822.1	96.689	151	5	0	3788	3938	151	1	7.32e-64	252
CFAV-Bangkok_Thailand_2015	SRA:SRR8455259.573717.2	96.689	151	5	0	3611	3761	151	1	7.32e-64	252
CFAV-Bangkok_Thailand_2015	SRA:SRR8455259.512587.2	96.689	151	5	0	909	1059	1	151	7.32e-64	252
CFAV-Bangkok_Thailand_2015	SRA:SRR8455259.216186.1	96.689	151	5	0	3810	3960	151	1	7.32e-64	252
CFAV-Bangkok_Thailand_2015	SRA:SRR8455259.124426.1	96.689	151	5	0	9923	10073	1	151	7.32e-64	252
CFAV-Bangkok_Thailand_2015	SRA:SRR8455259.3412565.2	96.667	150	5	0	2277	2426	1	150	2.63e-63	250
CFAV-Bangkok_Thailand_2015	SRA:SRR8455259.3370551.2	97.917	144	3	0	7255	7398	144	1	2.63e-63	250
CFAV-Bangkok_Thailand_2015	SRA:SRR8455259.2740152.2	96.667	150	5	0	9724	9873	150	1	2.63e-63	250
CFAV-Bangkok_Thailand_2015	SRA:SRR8455259.2455960.2	97.917	144	3	0	7255	7398	144	1	2.63e-63	250
CFAV-Bangkok_Thailand_2015	SRA:SRR8455259.2319432.2	96.667	150	5	0	6820	6969	1	150	2.63e-63	250
CFAV-Bangkok_Thailand_2015	SRA:SRR8455259.2008148.1	96.667	150	5	0	9417	9566	1	150	2.63e-63	250
CFAV-Bangkok_Thailand_2015	SRA:SRR8455259.1918719.1	97.931	145	2	1	3934	4078	151	8	2.63e-63	250
CFAV-Bangkok_Thailand_2015	SRA:SRR8455259.1389756.2	97.279	147	4	0	3932	4078	3	149	2.63e-63	250
CFAV-Bangkok_Thailand_2015	SRA:SRR8455259.1279351.1	96.667	150	5	0	5249	5398	1	150	2.63e-63	250
CFAV-Bangkok_Thailand_2015	SRA:SRR8455259.916436.1	96.667	150	5	0	3855	4004	1	150	2.63e-63	250
CFAV-Bangkok_Thailand_2015	SRA:SRR8455259.727999.1	96.667	150	5	0	2275	2424	150	1	2.63e-63	250
CFAV-Bangkok_Thailand_2015	SRA:SRR8455259.124426.2	97.279	147	4	0	9946	10092	147	1	2.63e-63	250
CFAV-Bangkok_Thailand_2015	SRA:SRR8455259.2517823.1	96.644	149	5	0	2194	2342	3	151	9.46e-63	248
CFAV-Bangkok_Thailand_2015	SRA:SRR8455259.2116805.1	96.644	149	5	0	2204	2352	3	151	9.46e-63	248
CFAV-Bangkok_Thailand_2015	SRA:SRR8455259.2053239.2	98.571	140	2	0	3970	4109	145	6	9.46e-63	248
CFAV-Bangkok_Thailand_2015	SRA:SRR8455259.2053239.1	98.571	140	2	0	3970	4109	1	140	9.46e-63	248
CFAV-Bangkok_Thailand_2015	SRA:SRR8455259.1490635.2	96.644	149	5	0	6843	6991	1	149	9.46e-63	248
CFAV-Bangkok_Thailand_2015	SRA:SRR8455259.667710.1	96.644	149	5	0	2194	2342	3	151	9.46e-63	248
CFAV-Bangkok_Thailand_2015	SRA:SRR8455259.436659.1	98.571	140	2	0	3970	4109	1	140	9.46e-63	248
CFAV-Bangkok_Thailand_2015	SRA:SRR8455259.3200858.1	96.026	151	6	0	9153	9303	1	151	3.40e-62	246
CFAV-Bangkok_Thailand_2015	SRA:SRR8455259.3094200.2	96.622	148	5	0	979	1126	1	148	3.40e-62	246
CFAV-Bangkok_Thailand_2015	SRA:SRR8455259.3091652.1	96.026	151	6	0	6524	6674	1	151	3.40e-62	246
CFAV-Bangkok_Thailand_2015	SRA:SRR8455259.3030670.1	96.026	151	6	0	7777	7927	1	151	3.40e-62	246
CFAV-Bangkok_Thailand_2015	SRA:SRR8455259.2681525.1	96.026	151	6	0	9153	9303	1	151	3.40e-62	246
CFAV-Bangkok_Thailand_2015	SRA:SRR8455259.2577937.1	96.026	151	6	0	7771	7921	151	1	3.40e-62	246
CFAV-Bangkok_Thailand_2015	SRA:SRR8455259.2521190.1	96.026	151	6	0	9745	9895	151	1	3.40e-62	246
CFAV-Bangkok_Thailand_2015	SRA:SRR8455259.2486508.2	96.622	148	5	0	2317	2464	148	1	3.40e-62	246
CFAV-Bangkok_Thailand_2015	SRA:SRR8455259.2376980.2	96.026	151	6	0	6907	7057	151	1	3.40e-62	246
CFAV-Bangkok_Thailand_2015	SRA:SRR8455259.2318532.1	96.026	151	6	0	9745	9895	151	1	3.40e-62	246
CFAV-Bangkok_Thailand_2015	SRA:SRR8455259.2258154.1	96.026	151	6	0	5209	5359	151	1	3.40e-62	246
CFAV-Bangkok_Thailand_2015	SRA:SRR8455259.1911062.1	96.026	151	6	0	9153	9303	1	151	3.40e-62	246
CFAV-Bangkok_Thailand_2015	SRA:SRR8455259.1858936.1	96.026	151	6	0	2312	2462	1	151	3.40e-62	246
CFAV-Bangkok_Thailand_2015	SRA:SRR8455259.1742293.1	96.026	151	6	0	4388	4538	1	151	3.40e-62	246
CFAV-Bangkok_Thailand_2015	SRA:SRR8455259.1084041.1	96.026	151	6	0	7717	7867	1	151	3.40e-62	246
CFAV-Bangkok_Thailand_2015	SRA:SRR8455259.1029701.2	96.026	151	6	0	10429	10579	1	151	3.40e-62	246
CFAV-Bangkok_Thailand_2015	SRA:SRR8455259.1020271.2	96.026	151	6	0	2199	2349	151	1	3.40e-62	246
CFAV-Bangkok_Thailand_2015	SRA:SRR8455259.1005809.1	96.026	151	6	0	7714	7864	151	1	3.40e-62	246
CFAV-Bangkok_Thailand_2015	SRA:SRR8455259.952465.1	96.026	151	6	0	2296	2446	151	1	3.40e-62	246
CFAV-Bangkok_Thailand_2015	SRA:SRR8455259.617664.1	96.622	148	5	0	2317	2464	148	1	3.40e-62	246
CFAV-Bangkok_Thailand_2015	SRA:SRR8455259.327840.1	96.026	151	6	0	3788	3938	151	1	3.40e-62	246
CFAV-Bangkok_Thailand_2015	SRA:SRR8455259.216186.2	96.026	151	6	0	3799	3949	1	151	3.40e-62	246
CFAV-Bangkok_Thailand_2015	SRA:SRR8455259.127163.2	96.026	151	6	0	6907	7057	151	1	3.40e-62	246
CFAV-Bangkok_Thailand_2015	SRA:SRR8455259.3103684.2	96.599	147	5	0	757	903	2	148	1.22e-61	244
CFAV-Bangkok_Thailand_2015	SRA:SRR8455259.3094200.1	96.000	150	6	0	1057	1206	150	1	1.22e-61	244
CFAV-Bangkok_Thailand_2015	SRA:SRR8455259.3071672.2	96.000	150	6	0	6928	7077	150	1	1.22e-61	244
CFAV-Bangkok_Thailand_2015	SRA:SRR8455259.2980889.2	96.000	150	6	0	6602	6751	1	150	1.22e-61	244
CFAV-Bangkok_Thailand_2015	SRA:SRR8455259.2980889.1	96.000	150	6	0	6608	6757	150	1	1.22e-61	244
CFAV-Bangkok_Thailand_2015	SRA:SRR8455259.2423228.1	96.000	150	6	0	796	945	150	1	1.22e-61	244
CFAV-Bangkok_Thailand_2015	SRA:SRR8455259.2116805.2	96.000	150	6	0	2223	2372	150	1	1.22e-61	244
CFAV-Bangkok_Thailand_2015	SRA:SRR8455259.1788348.2	96.599	147	5	0	541	687	147	1	1.22e-61	244
CFAV-Bangkok_Thailand_2015	SRA:SRR8455259.1169443.1	96.000	150	6	0	6519	6668	1	150	1.22e-61	244
CFAV-Bangkok_Thailand_2015	SRA:SRR8455259.1046052.2	96.599	147	5	0	6882	7028	1	147	1.22e-61	244
CFAV-Bangkok_Thailand_2015	SRA:SRR8455259.1037593.2	96.000	150	6	0	3243	3392	1	150	1.22e-61	244
CFAV-Bangkok_Thailand_2015	SRA:SRR8455259.963332.1	96.000	150	6	0	796	945	150	1	1.22e-61	244
CFAV-Bangkok_Thailand_2015	SRA:SRR8455259.824606.1	96.000	150	6	0	1434	1583	150	1	1.22e-61	244
CFAV-Bangkok_Thailand_2015	SRA:SRR8455259.757712.2	96.599	147	5	0	9784	9930	3	149	1.22e-61	244
CFAV-Bangkok_Thailand_2015	SRA:SRR8455259.548062.1	97.222	144	4	0	2203	2346	8	151	1.22e-61	244
CFAV-Bangkok_Thailand_2015	SRA:SRR8455259.513402.1	96.000	150	6	0	9417	9566	1	150	1.22e-61	244
CFAV-Bangkok_Thailand_2015	SRA:SRR8455259.512587.1	96.000	150	6	0	1057	1206	150	1	1.22e-61	244
CFAV-Bangkok_Thailand_2015	SRA:SRR8455259.330221.1	96.000	150	6	0	4323	4472	1	150	1.22e-61	244
CFAV-Bangkok_Thailand_2015	SRA:SRR8455259.277974.1	96.000	150	6	0	7815	7964	1	150	1.22e-61	244
CFAV-Bangkok_Thailand_2015	SRA:SRR8455259.247667.1	96.000	150	6	0	9924	10073	1	150	1.22e-61	244
CFAV-Bangkok_Thailand_2015	SRA:SRR8455259.22281.1	96.000	150	6	0	3248	3397	1	150	1.22e-61	244
CFAV-Bangkok_Thailand_2015	SRA:SRR8455259.3061221.1	95.973	149	6	0	7673	7821	1	149	4.40e-61	243
CFAV-Bangkok_Thailand_2015	SRA:SRR8455259.2338753.2	95.973	149	6	0	3855	4003	1	149	4.40e-61	243
CFAV-Bangkok_Thailand_2015	SRA:SRR8455259.1169443.2	95.973	149	6	0	6536	6684	149	1	4.40e-61	243
CFAV-Bangkok_Thailand_2015	SRA:SRR8455259.757712.1	95.973	149	6	0	9806	9954	149	1	4.40e-61	243
CFAV-Bangkok_Thailand_2015	SRA:SRR8455259.436659.2	97.857	140	3	0	3970	4109	145	6	4.40e-61	243
CFAV-Bangkok_Thailand_2015	SRA:SRR8455259.192748.2	95.973	149	6	0	4389	4537	149	1	4.40e-61	243
CFAV-Bangkok_Thailand_2015	SRA:SRR8455259.3412565.1	95.364	151	7	0	2337	2487	151	1	1.58e-60	241
CFAV-Bangkok_Thailand_2015	SRA:SRR8455259.3150243.1	95.364	151	7	0	9745	9895	151	1	1.58e-60	241
CFAV-Bangkok_Thailand_2015	SRA:SRR8455259.2892534.1	95.364	151	7	0	551	701	151	1	1.58e-60	241
CFAV-Bangkok_Thailand_2015	SRA:SRR8455259.2876051.1	95.364	151	7	0	9745	9895	151	1	1.58e-60	241
CFAV-Bangkok_Thailand_2015	SRA:SRR8455259.2774570.2	95.364	151	7	0	4963	5113	151	1	1.58e-60	241
CFAV-Bangkok_Thailand_2015	SRA:SRR8455259.2759700.1	95.364	151	7	0	7777	7927	1	151	1.58e-60	241
CFAV-Bangkok_Thailand_2015	SRA:SRR8455259.2707170.1	95.364	151	7	0	1488	1638	151	1	1.58e-60	241
CFAV-Bangkok_Thailand_2015	SRA:SRR8455259.2684622.1	95.364	151	7	0	7661	7811	1	151	1.58e-60	241
CFAV-Bangkok_Thailand_2015	SRA:SRR8455259.2642341.1	95.364	151	7	0	6982	7132	1	151	1.58e-60	241
CFAV-Bangkok_Thailand_2015	SRA:SRR8455259.2550976.1	95.364	151	7	0	9323	9473	151	1	1.58e-60	241
CFAV-Bangkok_Thailand_2015	SRA:SRR8455259.2486508.1	95.946	148	6	0	2293	2440	1	148	1.58e-60	241
CFAV-Bangkok_Thailand_2015	SRA:SRR8455259.2455301.2	95.946	148	6	0	2262	2409	148	1	1.58e-60	241
CFAV-Bangkok_Thailand_2015	SRA:SRR8455259.2411400.1	96.552	145	5	0	9718	9862	145	1	1.58e-60	241
CFAV-Bangkok_Thailand_2015	SRA:SRR8455259.2319432.1	95.364	151	7	0	6917	7067	151	1	1.58e-60	241
CFAV-Bangkok_Thailand_2015	SRA:SRR8455259.2318404.1	95.364	151	7	0	4727	4877	1	151	1.58e-60	241
CFAV-Bangkok_Thailand_2015	SRA:SRR8455259.1994589.2	95.364	151	7	0	5173	5323	1	151	1.58e-60	241
CFAV-Bangkok_Thailand_2015	SRA:SRR8455259.1990801.2	95.364	151	7	0	2269	2419	151	1	1.58e-60	241
CFAV-Bangkok_Thailand_2015	SRA:SRR8455259.1990801.1	96.552	145	5	0	2194	2338	5	149	1.58e-60	241
CFAV-Bangkok_Thailand_2015	SRA:SRR8455259.1976322.1	95.364	151	7	0	7661	7811	1	151	1.58e-60	241
CFAV-Bangkok_Thailand_2015	SRA:SRR8455259.1791064.1	95.364	151	7	0	7019	7169	1	151	1.58e-60	241
CFAV-Bangkok_Thailand_2015	SRA:SRR8455259.1490635.1	95.364	151	7	0	6991	7141	151	1	1.58e-60	241
CFAV-Bangkok_Thailand_2015	SRA:SRR8455259.1389756.1	95.364	151	7	0	4025	4175	151	1	1.58e-60	241
CFAV-Bangkok_Thailand_2015	SRA:SRR8455259.1223882.1	95.364	151	7	0	4963	5113	151	1	1.58e-60	241
CFAV-Bangkok_Thailand_2015	SRA:SRR8455259.1084041.2	95.364	151	7	0	7729	7879	151	1	1.58e-60	241
CFAV-Bangkok_Thailand_2015	SRA:SRR8455259.1043828.1	95.364	151	7	0	1019	1169	151	1	1.58e-60	241
CFAV-Bangkok_Thailand_2015	SRA:SRR8455259.957626.1	95.946	148	6	0	3678	3825	1	148	1.58e-60	241
CFAV-Bangkok_Thailand_2015	SRA:SRR8455259.936973.1	95.364	151	7	0	8413	8563	151	1	1.58e-60	241
CFAV-Bangkok_Thailand_2015	SRA:SRR8455259.830540.1	95.946	148	6	0	7605	7752	1	148	1.58e-60	241
CFAV-Bangkok_Thailand_2015	SRA:SRR8455259.824606.2	95.364	151	7	0	1425	1575	1	151	1.58e-60	241
CFAV-Bangkok_Thailand_2015	SRA:SRR8455259.759472.1	95.364	151	7	0	4025	4175	151	1	1.58e-60	241
CFAV-Bangkok_Thailand_2015	SRA:SRR8455259.749661.2	95.395	152	5	1	7693	7844	150	1	1.58e-60	241
CFAV-Bangkok_Thailand_2015	SRA:SRR8455259.377503.2	95.364	151	7	0	1576	1726	1	151	1.58e-60	241
CFAV-Bangkok_Thailand_2015	SRA:SRR8455259.45672.2	95.364	151	7	0	6907	7057	151	1	1.58e-60	241
CFAV-Bangkok_Thailand_2015	SRA:SRR8455259.3112215.2	95.333	150	7	0	4388	4537	150	1	5.70e-60	239
CFAV-Bangkok_Thailand_2015	SRA:SRR8455259.2660191.1	95.333	150	7	0	9203	9352	2	151	5.70e-60	239
CFAV-Bangkok_Thailand_2015	SRA:SRR8455259.2061708.2	96.528	144	5	0	7255	7398	144	1	5.70e-60	239
CFAV-Bangkok_Thailand_2015	SRA:SRR8455259.1858285.1	95.333	150	7	0	7815	7964	1	150	5.70e-60	239
CFAV-Bangkok_Thailand_2015	SRA:SRR8455259.1791064.2	95.333	150	7	0	7020	7169	150	1	5.70e-60	239
CFAV-Bangkok_Thailand_2015	SRA:SRR8455259.1042704.1	95.333	150	7	0	6928	7077	150	1	5.70e-60	239
CFAV-Bangkok_Thailand_2015	SRA:SRR8455259.639640.1	95.333	150	7	0	9510	9659	1	150	5.70e-60	239
CFAV-Bangkok_Thailand_2015	SRA:SRR8455259.527586.1	95.333	150	7	0	7702	7851	150	1	5.70e-60	239
CFAV-Bangkok_Thailand_2015	SRA:SRR8455259.379460.1	95.333	150	7	0	3022	3171	1	150	5.70e-60	239
CFAV-Bangkok_Thailand_2015	SRA:SRR8455259.373913.2	95.918	147	6	0	4341	4487	147	1	5.70e-60	239
CFAV-Bangkok_Thailand_2015	SRA:SRR8455259.308396.2	95.333	150	7	0	6928	7077	150	1	5.70e-60	239
CFAV-Bangkok_Thailand_2015	SRA:SRR8455259.3463202.2	95.890	146	6	0	6524	6669	1	146	2.05e-59	237
CFAV-Bangkok_Thailand_2015	SRA:SRR8455259.3463202.1	95.890	146	6	0	6524	6669	146	1	2.05e-59	237
CFAV-Bangkok_Thailand_2015	SRA:SRR8455259.3441584.2	95.302	149	7	0	6129	6277	149	1	2.05e-59	237
CFAV-Bangkok_Thailand_2015	SRA:SRR8455259.2814625.1	95.890	146	6	0	9109	9254	3	148	2.05e-59	237
CFAV-Bangkok_Thailand_2015	SRA:SRR8455259.2810532.2	95.302	149	7	0	9195	9343	149	1	2.05e-59	237
CFAV-Bangkok_Thailand_2015	SRA:SRR8455259.2810532.1	95.890	146	6	0	9109	9254	3	148	2.05e-59	237
CFAV-Bangkok_Thailand_2015	SRA:SRR8455259.2727660.2	95.302	149	7	0	7038	7186	1	149	2.05e-59	237
CFAV-Bangkok_Thailand_2015	SRA:SRR8455259.2727660.1	95.302	149	7	0	7108	7256	149	1	2.05e-59	237
CFAV-Bangkok_Thailand_2015	SRA:SRR8455259.2660191.2	95.302	149	7	0	9295	9443	149	1	2.05e-59	237
CFAV-Bangkok_Thailand_2015	SRA:SRR8455259.2108019.1	95.890	146	6	0	6650	6795	1	146	2.05e-59	237
CFAV-Bangkok_Thailand_2015	SRA:SRR8455259.1975765.2	95.890	146	6	0	4978	5123	2	147	2.05e-59	237
CFAV-Bangkok_Thailand_2015	SRA:SRR8455259.1975765.1	95.890	146	6	0	4978	5123	146	1	2.05e-59	237
CFAV-Bangkok_Thailand_2015	SRA:SRR8455259.1919801.1	100.000	128	0	0	10491	10618	1	128	2.05e-59	237
CFAV-Bangkok_Thailand_2015	SRA:SRR8455259.1911062.2	95.890	146	6	0	9193	9338	148	3	2.05e-59	237
CFAV-Bangkok_Thailand_2015	SRA:SRR8455259.1887362.1	95.302	149	7	0	4960	5108	2	150	2.05e-59	237
CFAV-Bangkok_Thailand_2015	SRA:SRR8455259.1753971.2	95.302	149	7	0	5227	5375	1	149	2.05e-59	237
CFAV-Bangkok_Thailand_2015	SRA:SRR8455259.1753971.1	95.302	149	7	0	5227	5375	149	1	2.05e-59	237
CFAV-Bangkok_Thailand_2015	SRA:SRR8455259.1742293.2	95.302	149	7	0	4722	4870	149	1	2.05e-59	237
CFAV-Bangkok_Thailand_2015	SRA:SRR8455259.1170420.2	95.302	149	7	0	4388	4536	149	1	2.05e-59	237
CFAV-Bangkok_Thailand_2015	SRA:SRR8455259.40381.2	95.302	149	7	0	5242	5390	149	1	2.05e-59	237
CFAV-Bangkok_Thailand_2015	SRA:SRR8455259.3400987.1	95.270	148	7	0	7821	7968	1	148	7.37e-59	235
CFAV-Bangkok_Thailand_2015	SRA:SRR8455259.3150243.2	94.702	151	8	0	9691	9841	1	151	7.37e-59	235
CFAV-Bangkok_Thailand_2015	SRA:SRR8455259.3072816.2	94.702	151	8	0	9671	9821	151	1	7.37e-59	235
CFAV-Bangkok_Thailand_2015	SRA:SRR8455259.3041511.2	94.702	151	8	0	5518	5668	1	151	7.37e-59	235
CFAV-Bangkok_Thailand_2015	SRA:SRR8455259.3022273.2	94.702	151	8	0	9497	9647	1	151	7.37e-59	235
CFAV-Bangkok_Thailand_2015	SRA:SRR8455259.2979261.1	94.702	151	8	0	10203	10353	151	1	7.37e-59	235
CFAV-Bangkok_Thailand_2015	SRA:SRR8455259.2956041.2	94.702	151	8	0	5562	5712	151	1	7.37e-59	235
CFAV-Bangkok_Thailand_2015	SRA:SRR8455259.2774570.1	94.702	151	8	0	4907	5057	1	151	7.37e-59	235
CFAV-Bangkok_Thailand_2015	SRA:SRR8455259.2740152.1	94.702	151	8	0	9689	9839	1	151	7.37e-59	235
CFAV-Bangkok_Thailand_2015	SRA:SRR8455259.2616195.1	95.270	148	7	0	4798	4945	148	1	7.37e-59	235
CFAV-Bangkok_Thailand_2015	SRA:SRR8455259.2552567.2	94.702	151	8	0	5175	5325	1	151	7.37e-59	235
CFAV-Bangkok_Thailand_2015	SRA:SRR8455259.2385136.1	94.702	151	8	0	4914	5064	1	151	7.37e-59	235
CFAV-Bangkok_Thailand_2015	SRA:SRR8455259.2318532.2	94.702	151	8	0	9691	9841	1	151	7.37e-59	235
CFAV-Bangkok_Thailand_2015	SRA:SRR8455259.1887362.2	95.270	148	7	0	5011	5158	150	3	7.37e-59	235
CFAV-Bangkok_Thailand_2015	SRA:SRR8455259.1838634.1	94.702	151	8	0	8398	8548	1	151	7.37e-59	235
CFAV-Bangkok_Thailand_2015	SRA:SRR8455259.1495169.2	94.702	151	8	0	436	586	151	1	7.37e-59	235
CFAV-Bangkok_Thailand_2015	SRA:SRR8455259.1439355.1	94.702	151	8	0	1620	1770	151	1	7.37e-59	235
CFAV-Bangkok_Thailand_2015	SRA:SRR8455259.1347803.1	94.702	151	8	0	7661	7811	1	151	7.37e-59	235
CFAV-Bangkok_Thailand_2015	SRA:SRR8455259.1224676.1	94.702	151	8	0	9316	9466	1	151	7.37e-59	235
CFAV-Bangkok_Thailand_2015	SRA:SRR8455259.1066892.2	94.702	151	8	0	9668	9818	1	151	7.37e-59	235
CFAV-Bangkok_Thailand_2015	SRA:SRR8455259.1066892.1	94.702	151	8	0	9671	9821	151	1	7.37e-59	235
CFAV-Bangkok_Thailand_2015	SRA:SRR8455259.963332.2	94.702	151	8	0	694	844	1	151	7.37e-59	235
CFAV-Bangkok_Thailand_2015	SRA:SRR8455259.691947.1	94.702	151	8	0	1620	1770	151	1	7.37e-59	235
CFAV-Bangkok_Thailand_2015	SRA:SRR8455259.518379.1	94.702	151	8	0	4491	4641	151	1	7.37e-59	235
CFAV-Bangkok_Thailand_2015	SRA:SRR8455259.513402.2	94.702	151	8	0	9549	9699	151	1	7.37e-59	235
CFAV-Bangkok_Thailand_2015	SRA:SRR8455259.306290.2	94.702	151	8	0	4005	4155	151	1	7.37e-59	235
CFAV-Bangkok_Thailand_2015	SRA:SRR8455259.241256.1	94.702	151	8	0	7770	7920	151	1	7.37e-59	235
CFAV-Bangkok_Thailand_2015	SRA:SRR8455259.212382.1	94.702	151	8	0	4914	5064	1	151	7.37e-59	235
CFAV-Bangkok_Thailand_2015	SRA:SRR8455259.3178824.1	94.667	150	8	0	5160	5309	1	150	2.65e-58	233
CFAV-Bangkok_Thailand_2015	SRA:SRR8455259.3124170.1	95.238	147	7	0	1591	1737	5	151	2.65e-58	233
CFAV-Bangkok_Thailand_2015	SRA:SRR8455259.2956041.1	94.667	150	8	0	5561	5710	1	150	2.65e-58	233
CFAV-Bangkok_Thailand_2015	SRA:SRR8455259.2892534.2	94.667	150	8	0	522	671	1	150	2.65e-58	233
CFAV-Bangkok_Thailand_2015	SRA:SRR8455259.2423228.2	94.667	150	8	0	694	843	1	150	2.65e-58	233
CFAV-Bangkok_Thailand_2015	SRA:SRR8455259.1746358.1	94.667	150	8	0	10026	10175	150	1	2.65e-58	233
CFAV-Bangkok_Thailand_2015	SRA:SRR8455259.888164.1	94.667	150	8	0	5809	5958	1	150	2.65e-58	233
CFAV-Bangkok_Thailand_2015	SRA:SRR8455259.864184.1	95.238	147	7	0	8349	8495	5	151	2.65e-58	233
CFAV-Bangkok_Thailand_2015	SRA:SRR8455259.554761.1	94.667	150	8	0	5160	5309	1	150	2.65e-58	233
CFAV-Bangkok_Thailand_2015	SRA:SRR8455259.435947.1	94.667	150	8	0	2737	2886	150	1	2.65e-58	233
CFAV-Bangkok_Thailand_2015	SRA:SRR8455259.266401.1	94.667	150	8	0	8398	8547	1	150	2.65e-58	233
CFAV-Bangkok_Thailand_2015	SRA:SRR8455259.197137.1	96.454	141	5	0	10245	10385	8	148	2.65e-58	233
CFAV-Bangkok_Thailand_2015	SRA:SRR8455259.150753.1	94.667	150	8	0	4902	5051	1	150	2.65e-58	233
CFAV-Bangkok_Thailand_2015	SRA:SRR8455259.3431740.2	95.804	143	6	0	1006	1148	145	3	9.53e-58	231
CFAV-Bangkok_Thailand_2015	SRA:SRR8455259.3210476.1	94.631	149	8	0	9106	9254	2	150	9.53e-58	231
CFAV-Bangkok_Thailand_2015	SRA:SRR8455259.3200858.2	95.205	146	7	0	9193	9338	148	3	9.53e-58	231
CFAV-Bangkok_Thailand_2015	SRA:SRR8455259.3191343.2	96.429	140	5	0	1174	1313	150	11	9.53e-58	231
CFAV-Bangkok_Thailand_2015	SRA:SRR8455259.3091652.2	95.205	146	7	0	6539	6684	146	1	9.53e-58	231
CFAV-Bangkok_Thailand_2015	SRA:SRR8455259.2814625.2	94.631	149	8	0	9195	9343	149	1	9.53e-58	231
CFAV-Bangkok_Thailand_2015	SRA:SRR8455259.2681525.2	95.205	146	7	0	9193	9338	148	3	9.53e-58	231
CFAV-Bangkok_Thailand_2015	SRA:SRR8455259.2468367.1	94.631	149	8	0	5206	5354	149	1	9.53e-58	231
CFAV-Bangkok_Thailand_2015	SRA:SRR8455259.2354852.1	94.631	149	8	0	8818	8966	150	2	9.53e-58	231
CFAV-Bangkok_Thailand_2015	SRA:SRR8455259.1919801.2	99.219	128	1	0	10491	10618	128	1	9.53e-58	231
CFAV-Bangkok_Thailand_2015	SRA:SRR8455259.1788348.1	94.631	149	8	0	523	671	1	149	9.53e-58	231
CFAV-Bangkok_Thailand_2015	SRA:SRR8455259.1554920.2	94.631	149	8	0	2738	2886	1	149	9.53e-58	231
CFAV-Bangkok_Thailand_2015	SRA:SRR8455259.1365516.1	94.631	149	8	0	5198	5346	149	1	9.53e-58	231
CFAV-Bangkok_Thailand_2015	SRA:SRR8455259.1208079.1	94.631	149	8	0	9295	9443	149	1	9.53e-58	231
CFAV-Bangkok_Thailand_2015	SRA:SRR8455259.749661.1	94.118	153	7	1	7661	7813	1	151	9.53e-58	231
CFAV-Bangkok_Thailand_2015	SRA:SRR8455259.379861.1	94.631	149	8	0	8818	8966	150	2	9.53e-58	231
CFAV-Bangkok_Thailand_2015	SRA:SRR8455259.247667.2	94.631	149	8	0	10085	10233	149	1	9.53e-58	231
CFAV-Bangkok_Thailand_2015	SRA:SRR8455259.66857.2	94.631	149	8	0	5035	5183	149	1	9.53e-58	231
CFAV-Bangkok_Thailand_2015	SRA:SRR8455259.11964.2	96.429	140	5	0	3533	3672	9	148	9.53e-58	231
CFAV-Bangkok_Thailand_2015	SRA:SRR8455259.3431740.1	94.040	151	9	0	997	1147	1	151	3.43e-57	230
CFAV-Bangkok_Thailand_2015	SRA:SRR8455259.3191466.1	96.403	139	5	0	2281	2419	139	1	3.43e-57	230
CFAV-Bangkok_Thailand_2015	SRA:SRR8455259.3178824.2	94.595	148	8	0	5191	5338	148	1	3.43e-57	230
CFAV-Bangkok_Thailand_2015	SRA:SRR8455259.3116289.1	95.172	145	7	0	3957	4101	1	145	3.43e-57	230
CFAV-Bangkok_Thailand_2015	SRA:SRR8455259.2922343.1	94.040	151	9	0	5276	5426	1	151	3.43e-57	230
CFAV-Bangkok_Thailand_2015	SRA:SRR8455259.2876051.2	94.040	151	9	0	9691	9841	1	151	3.43e-57	230
CFAV-Bangkok_Thailand_2015	SRA:SRR8455259.2722389.1	94.040	151	9	0	9524	9674	1	151	3.43e-57	230
CFAV-Bangkok_Thailand_2015	SRA:SRR8455259.2650156.2	95.172	145	7	0	5027	5171	1	145	3.43e-57	230
CFAV-Bangkok_Thailand_2015	SRA:SRR8455259.2521190.2	94.040	151	9	0	9691	9841	1	151	3.43e-57	230
CFAV-Bangkok_Thailand_2015	SRA:SRR8455259.2442580.2	94.595	148	8	0	6906	7053	1	148	3.43e-57	230
CFAV-Bangkok_Thailand_2015	SRA:SRR8455259.2008148.2	94.040	151	9	0	9549	9699	151	1	3.43e-57	230
CFAV-Bangkok_Thailand_2015	SRA:SRR8455259.1994589.1	94.040	151	9	0	5278	5428	151	1	3.43e-57	230
CFAV-Bangkok_Thailand_2015	SRA:SRR8455259.1956284.2	94.040	151	9	0	6327	6477	1	151	3.43e-57	230
CFAV-Bangkok_Thailand_2015	SRA:SRR8455259.1928446.2	94.040	151	9	0	9532	9682	1	151	3.43e-57	230
CFAV-Bangkok_Thailand_2015	SRA:SRR8455259.1402785.1	94.040	151	9	0	4787	4937	1	151	3.43e-57	230
CFAV-Bangkok_Thailand_2015	SRA:SRR8455259.1046052.1	94.040	151	9	0	7021	7171	151	1	3.43e-57	230
CFAV-Bangkok_Thailand_2015	SRA:SRR8455259.809925.1	94.595	148	8	0	2252	2399	148	1	3.43e-57	230
CFAV-Bangkok_Thailand_2015	SRA:SRR8455259.518379.2	94.040	151	9	0	4438	4588	1	151	3.43e-57	230
CFAV-Bangkok_Thailand_2015	SRA:SRR8455259.472749.2	94.040	151	9	0	1072	1222	1	151	3.43e-57	230
CFAV-Bangkok_Thailand_2015	SRA:SRR8455259.472749.1	94.040	151	9	0	1356	1506	151	1	3.43e-57	230
CFAV-Bangkok_Thailand_2015	SRA:SRR8455259.449607.2	94.040	151	9	0	1272	1422	1	151	3.43e-57	230
CFAV-Bangkok_Thailand_2015	SRA:SRR8455259.449607.1	94.040	151	9	0	1307	1457	151	1	3.43e-57	230
CFAV-Bangkok_Thailand_2015	SRA:SRR8455259.429813.1	94.040	151	9	0	4917	5067	1	151	3.43e-57	230
CFAV-Bangkok_Thailand_2015	SRA:SRR8455259.330221.2	94.040	151	9	0	4454	4604	151	1	3.43e-57	230
CFAV-Bangkok_Thailand_2015	SRA:SRR8455259.265470.2	94.040	151	9	0	1651	1801	1	151	3.43e-57	230
CFAV-Bangkok_Thailand_2015	SRA:SRR8455259.3175.1	99.213	127	1	0	3946	4072	151	25	3.43e-57	230
CFAV-Bangkok_Thailand_2015	SRA:SRR8455259.3335677.1	94.000	150	9	0	6353	6502	150	1	1.23e-56	228
CFAV-Bangkok_Thailand_2015	SRA:SRR8455259.3300740.1	94.000	150	9	0	522	671	1	150	1.23e-56	228
CFAV-Bangkok_Thailand_2015	SRA:SRR8455259.3137184.1	94.000	150	9	0	2737	2886	150	1	1.23e-56	228
CFAV-Bangkok_Thailand_2015	SRA:SRR8455259.3103684.1	94.000	150	9	0	796	945	150	1	1.23e-56	228
CFAV-Bangkok_Thailand_2015	SRA:SRR8455259.3072816.1	94.000	150	9	0	9537	9686	1	150	1.23e-56	228
CFAV-Bangkok_Thailand_2015	SRA:SRR8455259.3022273.1	94.000	150	9	0	9532	9681	150	1	1.23e-56	228
CFAV-Bangkok_Thailand_2015	SRA:SRR8455259.2864889.1	94.000	150	9	0	5185	5334	151	2	1.23e-56	228
CFAV-Bangkok_Thailand_2015	SRA:SRR8455259.2616195.2	94.000	150	9	0	4788	4937	1	150	1.23e-56	228
CFAV-Bangkok_Thailand_2015	SRA:SRR8455259.2567859.1	94.000	150	9	0	4323	4472	1	150	1.23e-56	228
CFAV-Bangkok_Thailand_2015	SRA:SRR8455259.2322120.1	94.000	150	9	0	6353	6502	150	1	1.23e-56	228
CFAV-Bangkok_Thailand_2015	SRA:SRR8455259.2084286.1	95.139	144	7	0	1590	1733	145	2	1.23e-56	228
CFAV-Bangkok_Thailand_2015	SRA:SRR8455259.1989639.2	94.000	150	9	0	2260	2409	150	1	1.23e-56	228
CFAV-Bangkok_Thailand_2015	SRA:SRR8455259.1915011.1	95.745	141	6	0	10245	10385	8	148	1.23e-56	228
CFAV-Bangkok_Thailand_2015	SRA:SRR8455259.1890480.2	95.139	144	7	0	4764	4907	1	144	1.23e-56	228
CFAV-Bangkok_Thailand_2015	SRA:SRR8455259.1890480.1	95.139	144	7	0	4764	4907	144	1	1.23e-56	228
CFAV-Bangkok_Thailand_2015	SRA:SRR8455259.1572118.2	94.000	150	9	0	2970	3119	2	151	1.23e-56	228
CFAV-Bangkok_Thailand_2015	SRA:SRR8455259.1439355.2	95.745	141	6	0	1575	1715	10	150	1.23e-56	228
CFAV-Bangkok_Thailand_2015	SRA:SRR8455259.940325.1	95.139	144	7	0	7691	7834	144	1	1.23e-56	228
CFAV-Bangkok_Thailand_2015	SRA:SRR8455259.936973.2	94.558	147	8	0	8319	8465	1	147	1.23e-56	228
CFAV-Bangkok_Thailand_2015	SRA:SRR8455259.691947.2	95.745	141	6	0	1575	1715	10	150	1.23e-56	228
CFAV-Bangkok_Thailand_2015	SRA:SRR8455259.373913.1	94.558	147	8	0	4341	4487	1	147	1.23e-56	228
CFAV-Bangkok_Thailand_2015	SRA:SRR8455259.3337440.1	93.960	149	9	0	7828	7976	1	149	4.43e-56	226
CFAV-Bangkok_Thailand_2015	SRA:SRR8455259.3254358.2	100.000	122	0	0	10461	10582	122	1	4.43e-56	226
CFAV-Bangkok_Thailand_2015	SRA:SRR8455259.3254358.1	100.000	122	0	0	10461	10582	1	122	4.43e-56	226
CFAV-Bangkok_Thailand_2015	SRA:SRR8455259.2631591.1	93.960	149	9	0	5416	5564	149	1	4.43e-56	226
CFAV-Bangkok_Thailand_2015	SRA:SRR8455259.2502683.1	93.960	149	9	0	5416	5564	149	1	4.43e-56	226
CFAV-Bangkok_Thailand_2015	SRA:SRR8455259.2471831.2	93.960	149	9	0	5540	5688	151	3	4.43e-56	226
CFAV-Bangkok_Thailand_2015	SRA:SRR8455259.2442580.1	95.714	140	6	0	6986	7125	151	12	4.43e-56	226
CFAV-Bangkok_Thailand_2015	SRA:SRR8455259.2382961.2	95.105	143	7	0	2554	2696	2	144	4.43e-56	226
CFAV-Bangkok_Thailand_2015	SRA:SRR8455259.2017774.1	93.960	149	9	0	5206	5354	149	1	4.43e-56	226
CFAV-Bangkok_Thailand_2015	SRA:SRR8455259.2013624.1	93.960	149	9	0	5416	5564	149	1	4.43e-56	226
CFAV-Bangkok_Thailand_2015	SRA:SRR8455259.1773295.2	93.960	149	9	0	2981	3129	149	1	4.43e-56	226
CFAV-Bangkok_Thailand_2015	SRA:SRR8455259.1673866.1	93.960	149	9	0	5715	5863	1	149	4.43e-56	226
CFAV-Bangkok_Thailand_2015	SRA:SRR8455259.1554920.1	93.960	149	9	0	2738	2886	149	1	4.43e-56	226
CFAV-Bangkok_Thailand_2015	SRA:SRR8455259.955141.2	93.960	149	9	0	1585	1733	1	149	4.43e-56	226
CFAV-Bangkok_Thailand_2015	SRA:SRR8455259.786870.2	93.960	149	9	0	4802	4950	149	1	4.43e-56	226
CFAV-Bangkok_Thailand_2015	SRA:SRR8455259.683868.1	93.960	149	9	0	7856	8004	1	149	4.43e-56	226
CFAV-Bangkok_Thailand_2015	SRA:SRR8455259.436852.1	93.960	149	9	0	5155	5303	2	150	4.43e-56	226
CFAV-Bangkok_Thailand_2015	SRA:SRR8455259.377503.1	94.521	146	8	0	1699	1844	147	2	4.43e-56	226
CFAV-Bangkok_Thailand_2015	SRA:SRR8455259.327840.2	95.714	140	6	0	3586	3725	11	150	4.43e-56	226
CFAV-Bangkok_Thailand_2015	SRA:SRR8455259.211252.1	95.105	143	7	0	7717	7859	143	1	4.43e-56	226
CFAV-Bangkok_Thailand_2015	SRA:SRR8455259.3441584.1	93.377	151	10	0	6093	6243	1	151	1.59e-55	224
CFAV-Bangkok_Thailand_2015	SRA:SRR8455259.3435618.1	94.483	145	8	0	472	616	1	145	1.59e-55	224
CFAV-Bangkok_Thailand_2015	SRA:SRR8455259.3417412.1	93.919	148	9	0	4498	4645	148	1	1.59e-55	224
CFAV-Bangkok_Thailand_2015	SRA:SRR8455259.3395321.2	93.377	151	10	0	4786	4936	151	1	1.59e-55	224
CFAV-Bangkok_Thailand_2015	SRA:SRR8455259.3292481.1	93.377	151	10	0	1356	1506	151	1	1.59e-55	224
CFAV-Bangkok_Thailand_2015	SRA:SRR8455259.3191466.2	95.683	139	6	0	2281	2419	1	139	1.59e-55	224
CFAV-Bangkok_Thailand_2015	SRA:SRR8455259.2979261.2	93.377	151	10	0	10195	10345	1	151	1.59e-55	224
CFAV-Bangkok_Thailand_2015	SRA:SRR8455259.2864889.2	93.919	148	9	0	5156	5303	1	148	1.59e-55	224
CFAV-Bangkok_Thailand_2015	SRA:SRR8455259.2840854.2	95.070	142	7	0	4817	4958	1	142	1.59e-55	224
CFAV-Bangkok_Thailand_2015	SRA:SRR8455259.2840854.1	94.483	145	8	0	4817	4961	145	1	1.59e-55	224
CFAV-Bangkok_Thailand_2015	SRA:SRR8455259.2787861.1	93.377	151	10	0	7120	7270	1	151	1.59e-55	224
CFAV-Bangkok_Thailand_2015	SRA:SRR8455259.2730609.1	95.683	139	6	0	10421	10559	13	151	1.59e-55	224
CFAV-Bangkok_Thailand_2015	SRA:SRR8455259.2653243.2	93.377	151	10	0	2707	2857	1	151	1.59e-55	224
CFAV-Bangkok_Thailand_2015	SRA:SRR8455259.2650156.1	93.377	151	10	0	5052	5202	151	1	1.59e-55	224
CFAV-Bangkok_Thailand_2015	SRA:SRR8455259.2481951.2	93.377	151	10	0	2494	2644	1	151	1.59e-55	224
CFAV-Bangkok_Thailand_2015	SRA:SRR8455259.2471831.1	93.377	151	10	0	5466	5616	1	151	1.59e-55	224
CFAV-Bangkok_Thailand_2015	SRA:SRR8455259.2434475.2	93.377	151	10	0	2161	2311	1	151	1.59e-55	224
CFAV-Bangkok_Thailand_2015	SRA:SRR8455259.2401364.1	93.377	151	10	0	7858	8008	1	151	1.59e-55	224
CFAV-Bangkok_Thailand_2015	SRA:SRR8455259.2318404.2	94.483	145	8	0	4960	5104	145	1	1.59e-55	224
CFAV-Bangkok_Thailand_2015	SRA:SRR8455259.1964272.1	93.421	152	9	1	5623	5774	151	1	1.59e-55	224
CFAV-Bangkok_Thailand_2015	SRA:SRR8455259.1719055.1	93.919	148	9	0	2981	3128	148	1	1.59e-55	224
CFAV-Bangkok_Thailand_2015	SRA:SRR8455259.1560892.1	93.377	151	10	0	1781	1931	1	151	1.59e-55	224
CFAV-Bangkok_Thailand_2015	SRA:SRR8455259.1465743.2	96.324	136	5	0	7693	7828	1	136	1.59e-55	224
CFAV-Bangkok_Thailand_2015	SRA:SRR8455259.1465743.1	96.324	136	5	0	7693	7828	136	1	1.59e-55	224
CFAV-Bangkok_Thailand_2015	SRA:SRR8455259.1335018.1	93.377	151	10	0	4250	4400	151	1	1.59e-55	224
CFAV-Bangkok_Thailand_2015	SRA:SRR8455259.1208079.2	93.377	151	10	0	9273	9423	1	151	1.59e-55	224
CFAV-Bangkok_Thailand_2015	SRA:SRR8455259.1185787.1	93.377	151	10	0	6907	7057	151	1	1.59e-55	224
CFAV-Bangkok_Thailand_2015	SRA:SRR8455259.1094973.1	94.483	145	8	0	9297	9441	7	151	1.59e-55	224
CFAV-Bangkok_Thailand_2015	SRA:SRR8455259.957245.2	93.919	148	9	0	5440	5587	148	1	1.59e-55	224
CFAV-Bangkok_Thailand_2015	SRA:SRR8455259.786870.1	93.377	151	10	0	4692	4842	1	151	1.59e-55	224
CFAV-Bangkok_Thailand_2015	SRA:SRR8455259.727999.2	93.919	148	9	0	2188	2335	4	151	1.59e-55	224
CFAV-Bangkok_Thailand_2015	SRA:SRR8455259.639640.2	93.919	148	9	0	9529	9676	148	1	1.59e-55	224
CFAV-Bangkok_Thailand_2015	SRA:SRR8455259.554761.2	93.919	148	9	0	5191	5338	148	1	1.59e-55	224
CFAV-Bangkok_Thailand_2015	SRA:SRR8455259.516007.1	95.070	142	7	0	5012	5153	1	142	1.59e-55	224
CFAV-Bangkok_Thailand_2015	SRA:SRR8455259.273375.1	93.377	151	10	0	3044	3194	1	151	1.59e-55	224
CFAV-Bangkok_Thailand_2015	SRA:SRR8455259.207109.1	93.377	151	10	0	1356	1506	151	1	1.59e-55	224
CFAV-Bangkok_Thailand_2015	SRA:SRR8455259.166514.1	93.377	151	10	0	6342	6492	1	151	1.59e-55	224
CFAV-Bangkok_Thailand_2015	SRA:SRR8455259.3461527.1	93.333	150	10	0	5135	5284	150	1	5.74e-55	222
CFAV-Bangkok_Thailand_2015	SRA:SRR8455259.3432104.1	93.333	150	10	0	5116	5265	150	1	5.74e-55	222
CFAV-Bangkok_Thailand_2015	SRA:SRR8455259.3198341.1	93.333	150	10	0	9532	9681	150	1	5.74e-55	222
CFAV-Bangkok_Thailand_2015	SRA:SRR8455259.3196299.2	95.035	141	7	0	7671	7811	9	149	5.74e-55	222
CFAV-Bangkok_Thailand_2015	SRA:SRR8455259.3137184.2	94.444	144	8	0	2730	2873	8	151	5.74e-55	222
CFAV-Bangkok_Thailand_2015	SRA:SRR8455259.2987771.2	93.878	147	9	0	4830	4976	1	147	5.74e-55	222
CFAV-Bangkok_Thailand_2015	SRA:SRR8455259.2322120.2	93.878	147	9	0	6331	6477	1	147	5.74e-55	222
CFAV-Bangkok_Thailand_2015	SRA:SRR8455259.2067778.1	93.333	150	10	0	1908	2057	150	1	5.74e-55	222
CFAV-Bangkok_Thailand_2015	SRA:SRR8455259.1960419.2	93.333	150	10	0	6694	6843	151	2	5.74e-55	222
CFAV-Bangkok_Thailand_2015	SRA:SRR8455259.1713846.2	93.878	147	9	0	1306	1452	2	148	5.74e-55	222
CFAV-Bangkok_Thailand_2015	SRA:SRR8455259.1169078.2	99.187	123	1	0	10537	10659	148	26	5.74e-55	222
CFAV-Bangkok_Thailand_2015	SRA:SRR8455259.1042704.2	93.878	147	9	0	6789	6935	5	151	5.74e-55	222
CFAV-Bangkok_Thailand_2015	SRA:SRR8455259.940325.2	94.444	144	8	0	7691	7834	1	144	5.74e-55	222
CFAV-Bangkok_Thailand_2015	SRA:SRR8455259.809277.1	93.333	150	10	0	4429	4578	150	1	5.74e-55	222
CFAV-Bangkok_Thailand_2015	SRA:SRR8455259.435947.2	94.444	144	8	0	2730	2873	8	151	5.74e-55	222
CFAV-Bangkok_Thailand_2015	SRA:SRR8455259.170303.2	93.878	147	9	0	5043	5189	1	147	5.74e-55	222
CFAV-Bangkok_Thailand_2015	SRA:SRR8455259.142010.2	93.333	150	10	0	5822	5971	1	150	5.74e-55	222
CFAV-Bangkok_Thailand_2015	SRA:SRR8455259.3417412.2	93.836	146	9	0	4420	4565	1	146	2.06e-54	220
CFAV-Bangkok_Thailand_2015	SRA:SRR8455259.3075161.2	96.269	134	5	0	7672	7805	13	146	2.06e-54	220
CFAV-Bangkok_Thailand_2015	SRA:SRR8455259.3042932.2	93.289	149	10	0	8809	8957	3	151	2.06e-54	220
CFAV-Bangkok_Thailand_2015	SRA:SRR8455259.2919893.1	93.289	149	10	0	5092	5240	3	151	2.06e-54	220
CFAV-Bangkok_Thailand_2015	SRA:SRR8455259.2656662.2	93.289	149	10	0	3855	4003	1	149	2.06e-54	220
CFAV-Bangkok_Thailand_2015	SRA:SRR8455259.2629428.1	93.836	146	9	0	8804	8949	151	6	2.06e-54	220
CFAV-Bangkok_Thailand_2015	SRA:SRR8455259.2385136.2	95.620	137	6	0	4931	5067	149	13	2.06e-54	220
CFAV-Bangkok_Thailand_2015	SRA:SRR8455259.2148624.2	93.289	149	10	0	6129	6277	149	1	2.06e-54	220
CFAV-Bangkok_Thailand_2015	SRA:SRR8455259.2029665.1	93.289	149	10	0	5416	5564	149	1	2.06e-54	220
CFAV-Bangkok_Thailand_2015	SRA:SRR8455259.1981191.2	93.333	150	8	2	5167	5315	149	1	2.06e-54	220
CFAV-Bangkok_Thailand_2015	SRA:SRR8455259.1731410.1	93.289	149	10	0	4673	4821	1	149	2.06e-54	220
CFAV-Bangkok_Thailand_2015	SRA:SRR8455259.1599579.1	93.289	149	10	0	2788	2936	151	3	2.06e-54	220
CFAV-Bangkok_Thailand_2015	SRA:SRR8455259.1572118.1	93.289	149	10	0	3098	3246	149	1	2.06e-54	220
CFAV-Bangkok_Thailand_2015	SRA:SRR8455259.212382.2	95.620	137	6	0	4931	5067	149	13	2.06e-54	220
CFAV-Bangkok_Thailand_2015	SRA:SRR8455259.3435618.2	94.366	142	8	0	496	637	142	1	7.42e-54	219
CFAV-Bangkok_Thailand_2015	SRA:SRR8455259.3252562.2	92.715	151	11	0	5060	5210	1	151	7.42e-54	219
CFAV-Bangkok_Thailand_2015	SRA:SRR8455259.3223096.2	92.715	151	11	0	5307	5457	1	151	7.42e-54	219
CFAV-Bangkok_Thailand_2015	SRA:SRR8455259.2922343.2	92.715	151	11	0	5297	5447	151	1	7.42e-54	219
CFAV-Bangkok_Thailand_2015	SRA:SRR8455259.2552567.1	92.715	151	11	0	5309	5459	151	1	7.42e-54	219
CFAV-Bangkok_Thailand_2015	SRA:SRR8455259.2357930.1	92.715	151	11	0	2949	3099	151	1	7.42e-54	219
CFAV-Bangkok_Thailand_2015	SRA:SRR8455259.2108019.2	92.715	151	11	0	6706	6856	151	1	7.42e-54	219
CFAV-Bangkok_Thailand_2015	SRA:SRR8455259.2061595.1	93.243	148	10	0	5327	5474	148	1	7.42e-54	219
CFAV-Bangkok_Thailand_2015	SRA:SRR8455259.1719892.2	92.715	151	11	0	8315	8465	151	1	7.42e-54	219
CFAV-Bangkok_Thailand_2015	SRA:SRR8455259.1271046.1	92.715	151	11	0	2949	3099	151	1	7.42e-54	219
CFAV-Bangkok_Thailand_2015	SRA:SRR8455259.1017767.1	92.715	151	11	0	2119	2269	1	151	7.42e-54	219
CFAV-Bangkok_Thailand_2015	SRA:SRR8455259.928027.2	92.715	151	11	0	2717	2867	151	1	7.42e-54	219
CFAV-Bangkok_Thailand_2015	SRA:SRR8455259.916436.2	92.715	151	11	0	3973	4123	151	1	7.42e-54	219
CFAV-Bangkok_Thailand_2015	SRA:SRR8455259.627881.1	92.715	151	11	0	2411	2561	1	151	7.42e-54	219
CFAV-Bangkok_Thailand_2015	SRA:SRR8455259.192748.1	93.243	148	10	0	4251	4398	4	151	7.42e-54	219
CFAV-Bangkok_Thailand_2015	SRA:SRR8455259.170303.1	92.715	151	11	0	5081	5231	151	1	7.42e-54	219
CFAV-Bangkok_Thailand_2015	SRA:SRR8455259.166514.2	92.715	151	11	0	6437	6587	151	1	7.42e-54	219
CFAV-Bangkok_Thailand_2015	SRA:SRR8455259.40381.1	92.715	151	11	0	5067	5217	1	151	7.42e-54	219
CFAV-Bangkok_Thailand_2015	SRA:SRR8455259.19045.1	93.793	145	9	0	4799	4943	150	6	7.42e-54	219
CFAV-Bangkok_Thailand_2015	SRA:SRR8455259.3335677.2	92.667	150	11	0	6331	6480	1	150	2.67e-53	217
CFAV-Bangkok_Thailand_2015	SRA:SRR8455259.3300740.2	94.366	142	6	2	783	923	141	1	2.67e-53	217
CFAV-Bangkok_Thailand_2015	SRA:SRR8455259.3137365.2	93.750	144	9	0	7861	8004	1	144	2.67e-53	217
CFAV-Bangkok_Thailand_2015	SRA:SRR8455259.3074961.2	94.326	141	8	0	2989	3129	141	1	2.67e-53	217
CFAV-Bangkok_Thailand_2015	SRA:SRR8455259.3074019.2	96.899	129	4	0	7043	7171	4	132	2.67e-53	217
CFAV-Bangkok_Thailand_2015	SRA:SRR8455259.3061221.2	94.928	138	7	0	7739	7876	150	13	2.67e-53	217
CFAV-Bangkok_Thailand_2015	SRA:SRR8455259.2987771.1	96.212	132	5	0	4953	5084	150	19	2.67e-53	217
CFAV-Bangkok_Thailand_2015	SRA:SRR8455259.2730609.2	95.556	135	6	0	10459	10593	135	1	2.67e-53	217
CFAV-Bangkok_Thailand_2015	SRA:SRR8455259.2670764.2	96.899	129	4	0	7043	7171	4	132	2.67e-53	217
CFAV-Bangkok_Thailand_2015	SRA:SRR8455259.2670764.1	96.899	129	4	0	7043	7171	129	1	2.67e-53	217
CFAV-Bangkok_Thailand_2015	SRA:SRR8455259.2612651.2	92.667	150	11	0	231	380	1	150	2.67e-53	217
CFAV-Bangkok_Thailand_2015	SRA:SRR8455259.2434475.1	92.667	150	11	0	2402	2551	150	1	2.67e-53	217
CFAV-Bangkok_Thailand_2015	SRA:SRR8455259.2148797.1	92.667	150	11	0	1939	2088	150	1	2.67e-53	217
CFAV-Bangkok_Thailand_2015	SRA:SRR8455259.2088302.1	94.326	141	8	0	1593	1733	142	2	2.67e-53	217
CFAV-Bangkok_Thailand_2015	SRA:SRR8455259.1978115.1	92.667	150	11	0	3134	3283	1	150	2.67e-53	217
CFAV-Bangkok_Thailand_2015	SRA:SRR8455259.1971351.2	92.667	150	11	0	7769	7918	2	151	2.67e-53	217
CFAV-Bangkok_Thailand_2015	SRA:SRR8455259.1960419.1	92.667	150	11	0	6685	6834	1	150	2.67e-53	217
CFAV-Bangkok_Thailand_2015	SRA:SRR8455259.1831948.2	93.197	147	10	0	1306	1452	2	148	2.67e-53	217
CFAV-Bangkok_Thailand_2015	SRA:SRR8455259.1223344.1	98.374	123	2	0	1195	1317	1	123	2.67e-53	217
CFAV-Bangkok_Thailand_2015	SRA:SRR8455259.1215210.1	92.667	150	11	0	7845	7994	1	150	2.67e-53	217
CFAV-Bangkok_Thailand_2015	SRA:SRR8455259.1020271.1	92.667	150	11	0	2112	2261	1	150	2.67e-53	217
CFAV-Bangkok_Thailand_2015	SRA:SRR8455259.957626.2	92.667	150	11	0	3721	3870	150	1	2.67e-53	217
CFAV-Bangkok_Thailand_2015	SRA:SRR8455259.127163.1	92.667	150	11	0	6699	6848	1	150	2.67e-53	217
CFAV-Bangkok_Thailand_2015	SRA:SRR8455259.66857.1	92.667	150	11	0	4914	5063	1	150	2.67e-53	217
CFAV-Bangkok_Thailand_2015	SRA:SRR8455259.3073640.2	92.617	149	11	0	4810	4958	151	3	9.60e-53	215
CFAV-Bangkok_Thailand_2015	SRA:SRR8455259.2459795.2	92.617	149	11	0	8093	8241	1	149	9.60e-53	215
CFAV-Bangkok_Thailand_2015	SRA:SRR8455259.1981191.1	93.151	146	10	0	5131	5276	5	150	9.60e-53	215
CFAV-Bangkok_Thailand_2015	SRA:SRR8455259.1043828.2	93.706	143	9	0	922	1064	8	150	9.60e-53	215
CFAV-Bangkok_Thailand_2015	SRA:SRR8455259.1005809.2	95.522	134	6	0	7672	7805	16	149	9.60e-53	215
CFAV-Bangkok_Thailand_2015	SRA:SRR8455259.548062.2	92.617	149	11	0	2351	2499	149	1	9.60e-53	215
CFAV-Bangkok_Thailand_2015	SRA:SRR8455259.432657.1	92.617	149	11	0	5092	5240	2	150	9.60e-53	215
CFAV-Bangkok_Thailand_2015	SRA:SRR8455259.422289.2	93.706	143	9	0	5132	5274	3	145	9.60e-53	215
CFAV-Bangkok_Thailand_2015	SRA:SRR8455259.422289.1	93.706	143	9	0	5132	5274	143	1	9.60e-53	215
CFAV-Bangkok_Thailand_2015	SRA:SRR8455259.348369.2	96.183	131	5	0	7693	7823	131	1	9.60e-53	215
CFAV-Bangkok_Thailand_2015	SRA:SRR8455259.348369.1	96.183	131	5	0	7693	7823	1	131	9.60e-53	215
CFAV-Bangkok_Thailand_2015	SRA:SRR8455259.3412837.1	93.662	142	9	0	2760	2901	1	142	3.45e-52	213
CFAV-Bangkok_Thailand_2015	SRA:SRR8455259.3282184.1	94.853	136	7	0	4955	5090	150	15	3.45e-52	213
CFAV-Bangkok_Thailand_2015	SRA:SRR8455259.3074961.1	92.053	151	12	0	2775	2925	1	151	3.45e-52	213
CFAV-Bangkok_Thailand_2015	SRA:SRR8455259.3041511.1	94.853	136	7	0	5690	5825	151	16	3.45e-52	213
CFAV-Bangkok_Thailand_2015	SRA:SRR8455259.2722389.2	92.053	151	12	0	9586	9736	151	1	3.45e-52	213
CFAV-Bangkok_Thailand_2015	SRA:SRR8455259.2702181.2	92.053	151	12	0	8522	8672	151	1	3.45e-52	213
CFAV-Bangkok_Thailand_2015	SRA:SRR8455259.2642341.2	92.053	151	12	0	7184	7334	151	1	3.45e-52	213
CFAV-Bangkok_Thailand_2015	SRA:SRR8455259.2566301.1	93.103	145	10	0	2781	2925	6	150	3.45e-52	213
CFAV-Bangkok_Thailand_2015	SRA:SRR8455259.2482392.1	92.053	151	12	0	2411	2561	1	151	3.45e-52	213
CFAV-Bangkok_Thailand_2015	SRA:SRR8455259.2455301.1	93.662	142	9	0	2185	2326	10	151	3.45e-52	213
CFAV-Bangkok_Thailand_2015	SRA:SRR8455259.2392039.1	92.053	151	12	0	2416	2566	1	151	3.45e-52	213
CFAV-Bangkok_Thailand_2015	SRA:SRR8455259.1989639.1	93.662	142	9	0	2185	2326	10	151	3.45e-52	213
CFAV-Bangkok_Thailand_2015	SRA:SRR8455259.1928446.1	92.053	151	12	0	9639	9789	151	1	3.45e-52	213
CFAV-Bangkok_Thailand_2015	SRA:SRR8455259.1918719.2	99.153	118	1	0	3906	4023	34	151	3.45e-52	213
CFAV-Bangkok_Thailand_2015	SRA:SRR8455259.1773295.1	92.053	151	12	0	2775	2925	1	151	3.45e-52	213
CFAV-Bangkok_Thailand_2015	SRA:SRR8455259.1643978.2	92.568	148	11	0	4050	4197	2	149	3.45e-52	213
CFAV-Bangkok_Thailand_2015	SRA:SRR8455259.1643978.1	92.568	148	11	0	4050	4197	148	1	3.45e-52	213
CFAV-Bangkok_Thailand_2015	SRA:SRR8455259.1608225.2	99.153	118	1	0	3539	3656	1	118	3.45e-52	213
CFAV-Bangkok_Thailand_2015	SRA:SRR8455259.1608225.1	99.153	118	1	0	3539	3656	119	2	3.45e-52	213
CFAV-Bangkok_Thailand_2015	SRA:SRR8455259.1500101.2	92.053	151	12	0	5060	5210	1	151	3.45e-52	213
CFAV-Bangkok_Thailand_2015	SRA:SRR8455259.1426085.1	92.053	151	12	0	2802	2952	151	1	3.45e-52	213
CFAV-Bangkok_Thailand_2015	SRA:SRR8455259.1094973.2	92.053	151	12	0	9293	9443	151	1	3.45e-52	213
CFAV-Bangkok_Thailand_2015	SRA:SRR8455259.1092543.1	92.053	151	12	0	2775	2925	1	151	3.45e-52	213
CFAV-Bangkok_Thailand_2015	SRA:SRR8455259.864184.2	92.053	151	12	0	8522	8672	151	1	3.45e-52	213
CFAV-Bangkok_Thailand_2015	SRA:SRR8455259.483083.2	97.581	124	3	0	10296	10419	124	1	3.45e-52	213
CFAV-Bangkok_Thailand_2015	SRA:SRR8455259.483083.1	97.581	124	3	0	10296	10419	1	124	3.45e-52	213
CFAV-Bangkok_Thailand_2015	SRA:SRR8455259.436852.2	92.053	151	12	0	5278	5428	151	1	3.45e-52	213
CFAV-Bangkok_Thailand_2015	SRA:SRR8455259.428132.2	92.568	148	11	0	4050	4197	2	149	3.45e-52	213
CFAV-Bangkok_Thailand_2015	SRA:SRR8455259.428132.1	92.568	148	11	0	4050	4197	148	1	3.45e-52	213
CFAV-Bangkok_Thailand_2015	SRA:SRR8455259.424163.1	92.568	148	11	0	4050	4197	148	1	3.45e-52	213
CFAV-Bangkok_Thailand_2015	SRA:SRR8455259.386512.2	92.053	151	12	0	7871	8021	151	1	3.45e-52	213
CFAV-Bangkok_Thailand_2015	SRA:SRR8455259.207109.2	92.053	151	12	0	1257	1407	1	151	3.45e-52	213
CFAV-Bangkok_Thailand_2015	SRA:SRR8455259.150753.2	92.053	151	12	0	5051	5201	151	1	3.45e-52	213
CFAV-Bangkok_Thailand_2015	SRA:SRR8455259.3210476.2	92.000	150	12	0	9194	9343	150	1	1.24e-51	211
CFAV-Bangkok_Thailand_2015	SRA:SRR8455259.3137365.1	93.056	144	10	0	7861	8004	144	1	1.24e-51	211
CFAV-Bangkok_Thailand_2015	SRA:SRR8455259.3074019.1	96.124	129	5	0	7043	7171	129	1	1.24e-51	211
CFAV-Bangkok_Thailand_2015	SRA:SRR8455259.3073640.1	93.617	141	9	0	4710	4850	11	151	1.24e-51	211
CFAV-Bangkok_Thailand_2015	SRA:SRR8455259.2629428.2	92.000	150	12	0	8777	8926	2	151	1.24e-51	211
CFAV-Bangkok_Thailand_2015	SRA:SRR8455259.2517823.2	92.517	147	11	0	2359	2505	147	1	1.24e-51	211
CFAV-Bangkok_Thailand_2015	SRA:SRR8455259.2056075.2	92.517	147	11	0	7856	8002	1	147	1.24e-51	211
CFAV-Bangkok_Thailand_2015	SRA:SRR8455259.1769175.1	92.000	150	12	0	2775	2924	1	150	1.24e-51	211
CFAV-Bangkok_Thailand_2015	SRA:SRR8455259.1413962.1	97.561	123	3	0	1195	1317	1	123	1.24e-51	211
CFAV-Bangkok_Thailand_2015	SRA:SRR8455259.1402785.2	92.000	150	12	0	4869	5018	151	2	1.24e-51	211
CFAV-Bangkok_Thailand_2015	SRA:SRR8455259.1271046.2	92.517	147	11	0	2781	2927	5	151	1.24e-51	211
CFAV-Bangkok_Thailand_2015	SRA:SRR8455259.1170911.1	92.000	150	12	0	5075	5224	1	150	1.24e-51	211
CFAV-Bangkok_Thailand_2015	SRA:SRR8455259.1018907.2	94.815	135	7	0	3721	3855	1	135	1.24e-51	211
CFAV-Bangkok_Thailand_2015	SRA:SRR8455259.1018907.1	94.815	135	7	0	3721	3855	135	1	1.24e-51	211
CFAV-Bangkok_Thailand_2015	SRA:SRR8455259.667710.2	92.517	147	11	0	2359	2505	147	1	1.24e-51	211
CFAV-Bangkok_Thailand_2015	SRA:SRR8455259.527586.2	92.517	147	11	0	7674	7820	5	151	1.24e-51	211
CFAV-Bangkok_Thailand_2015	SRA:SRR8455259.424163.2	92.517	147	11	0	4050	4196	2	148	1.24e-51	211
CFAV-Bangkok_Thailand_2015	SRA:SRR8455259.379861.2	92.053	151	11	1	8790	8940	2	151	1.24e-51	211
CFAV-Bangkok_Thailand_2015	SRA:SRR8455259.356438.1	93.056	144	10	0	4907	5050	1	144	1.24e-51	211
CFAV-Bangkok_Thailand_2015	SRA:SRR8455259.294912.2	92.000	150	12	0	8523	8672	150	1	1.24e-51	211
CFAV-Bangkok_Thailand_2015	SRA:SRR8455259.294912.1	92.000	150	12	0	8523	8672	1	150	1.24e-51	211
CFAV-Bangkok_Thailand_2015	SRA:SRR8455259.235557.2	93.056	144	10	0	4243	4386	144	1	1.24e-51	211
CFAV-Bangkok_Thailand_2015	SRA:SRR8455259.45604.1	97.561	123	3	0	1195	1317	1	123	1.24e-51	211
CFAV-Bangkok_Thailand_2015	SRA:SRR8455259.3383642.2	95.420	131	6	0	9919	10049	131	1	4.47e-51	209
CFAV-Bangkok_Thailand_2015	SRA:SRR8455259.3383642.1	95.420	131	6	0	9919	10049	1	131	4.47e-51	209
CFAV-Bangkok_Thailand_2015	SRA:SRR8455259.3124170.2	94.161	137	8	0	1620	1756	151	15	4.47e-51	209
CFAV-Bangkok_Thailand_2015	SRA:SRR8455259.2948159.1	91.946	149	12	0	4960	5108	2	150	4.47e-51	209
CFAV-Bangkok_Thailand_2015	SRA:SRR8455259.2746197.1	93.007	143	10	0	3951	4093	2	144	4.47e-51	209
CFAV-Bangkok_Thailand_2015	SRA:SRR8455259.2648917.2	93.007	143	10	0	3031	3173	1	143	4.47e-51	209
CFAV-Bangkok_Thailand_2015	SRA:SRR8455259.2631591.2	93.007	143	10	0	5404	5546	8	150	4.47e-51	209
CFAV-Bangkok_Thailand_2015	SRA:SRR8455259.2484182.2	95.420	131	6	0	9919	10049	131	1	4.47e-51	209
CFAV-Bangkok_Thailand_2015	SRA:SRR8455259.2484182.1	95.420	131	6	0	9919	10049	1	131	4.47e-51	209
CFAV-Bangkok_Thailand_2015	SRA:SRR8455259.1566920.2	91.946	149	12	0	7856	8004	1	149	4.47e-51	209
CFAV-Bangkok_Thailand_2015	SRA:SRR8455259.1257092.1	92.466	146	11	0	1384	1529	148	3	4.47e-51	209
CFAV-Bangkok_Thailand_2015	SRA:SRR8455259.1037593.1	92.466	146	11	0	3343	3488	148	3	4.47e-51	209
CFAV-Bangkok_Thailand_2015	SRA:SRR8455259.721755.2	92.466	146	11	0	2954	3099	1	146	4.47e-51	209
CFAV-Bangkok_Thailand_2015	SRA:SRR8455259.721755.1	92.466	146	11	0	2954	3099	146	1	4.47e-51	209
CFAV-Bangkok_Thailand_2015	SRA:SRR8455259.265470.1	94.161	137	8	0	1708	1844	151	15	4.47e-51	209
CFAV-Bangkok_Thailand_2015	SRA:SRR8455259.211252.2	93.007	143	10	0	7717	7859	1	143	4.47e-51	209
CFAV-Bangkok_Thailand_2015	SRA:SRR8455259.3282184.2	91.391	151	13	0	4772	4922	1	151	1.61e-50	207
CFAV-Bangkok_Thailand_2015	SRA:SRR8455259.3164910.1	91.892	148	12	0	4688	4835	4	151	1.61e-50	207
