CFAV-Bangkok_Thailand_2015	SRA:SRR8921128.32552796.2	99.338	151	1	0	969	1119	151	1	2.77e-69	274
CFAV-Bangkok_Thailand_2015	SRA:SRR8921128.35737660.1	98.675	151	2	0	3170	3320	1	151	1.29e-67	268
CFAV-Bangkok_Thailand_2015	SRA:SRR8921128.35734736.1	98.675	151	2	0	3170	3320	1	151	1.29e-67	268
CFAV-Bangkok_Thailand_2015	SRA:SRR8921128.6842154.1	98.675	151	2	0	3203	3353	1	151	1.29e-67	268
CFAV-Bangkok_Thailand_2015	SRA:SRR8921128.16606219.1	99.320	147	1	0	7327	7473	151	5	4.63e-67	267
CFAV-Bangkok_Thailand_2015	SRA:SRR8921128.36381686.2	98.000	150	3	0	336	485	150	1	2.16e-65	261
CFAV-Bangkok_Thailand_2015	SRA:SRR8921128.21984668.1	98.000	150	3	0	2975	3124	1	150	2.16e-65	261
CFAV-Bangkok_Thailand_2015	SRA:SRR8921128.9907723.2	98.000	150	3	0	336	485	150	1	2.16e-65	261
CFAV-Bangkok_Thailand_2015	SRA:SRR8921128.36374104.2	97.987	149	3	0	336	484	150	2	7.75e-65	259
CFAV-Bangkok_Thailand_2015	SRA:SRR8921128.21984668.2	97.987	149	3	0	2978	3126	150	2	7.75e-65	259
CFAV-Bangkok_Thailand_2015	SRA:SRR8921128.21981026.2	97.987	149	3	0	2978	3126	150	2	7.75e-65	259
CFAV-Bangkok_Thailand_2015	SRA:SRR8921128.15448671.1	97.987	149	3	0	1218	1366	1	149	7.75e-65	259
CFAV-Bangkok_Thailand_2015	SRA:SRR8921128.38153338.2	97.351	151	4	0	3105	3255	151	1	2.79e-64	257
CFAV-Bangkok_Thailand_2015	SRA:SRR8921128.10150158.1	97.351	151	4	0	1635	1785	1	151	2.79e-64	257
CFAV-Bangkok_Thailand_2015	SRA:SRR8921128.2898218.2	97.973	148	3	0	3136	3283	148	1	2.79e-64	257
CFAV-Bangkok_Thailand_2015	SRA:SRR8921128.2898218.1	97.333	150	4	0	3117	3266	2	151	1.00e-63	255
CFAV-Bangkok_Thailand_2015	SRA:SRR8921128.38153338.1	97.945	146	3	0	3016	3161	3	148	3.61e-63	254
CFAV-Bangkok_Thailand_2015	SRA:SRR8921128.21981026.1	97.315	149	4	0	2976	3124	2	150	3.61e-63	254
CFAV-Bangkok_Thailand_2015	SRA:SRR8921128.51295793.1	96.689	151	5	0	2761	2911	1	151	1.30e-62	252
CFAV-Bangkok_Thailand_2015	SRA:SRR8921128.34666456.2	96.689	151	5	0	2083	2233	151	1	1.30e-62	252
CFAV-Bangkok_Thailand_2015	SRA:SRR8921128.18799403.2	96.689	151	5	0	2952	3102	151	1	1.30e-62	252
CFAV-Bangkok_Thailand_2015	SRA:SRR8921128.16042770.1	96.689	151	5	0	352	502	1	151	1.30e-62	252
CFAV-Bangkok_Thailand_2015	SRA:SRR8921128.11343134.2	96.689	151	5	0	1316	1466	151	1	1.30e-62	252
CFAV-Bangkok_Thailand_2015	SRA:SRR8921128.11343134.1	96.689	151	5	0	1306	1456	1	151	1.30e-62	252
CFAV-Bangkok_Thailand_2015	SRA:SRR8921128.11343133.2	96.689	151	5	0	1316	1466	151	1	1.30e-62	252
CFAV-Bangkok_Thailand_2015	SRA:SRR8921128.11343133.1	96.689	151	5	0	1306	1456	1	151	1.30e-62	252
CFAV-Bangkok_Thailand_2015	SRA:SRR8921128.3428937.2	96.689	151	5	0	1488	1638	151	1	1.30e-62	252
CFAV-Bangkok_Thailand_2015	SRA:SRR8921128.3428937.1	96.689	151	5	0	1430	1580	1	151	1.30e-62	252
CFAV-Bangkok_Thailand_2015	SRA:SRR8921128.3098846.1	96.689	151	5	0	2062	2212	1	151	1.30e-62	252
CFAV-Bangkok_Thailand_2015	SRA:SRR8921128.18799403.1	96.667	150	5	0	2865	3014	1	150	4.67e-62	250
CFAV-Bangkok_Thailand_2015	SRA:SRR8921128.17470710.2	96.667	150	5	0	1384	1533	150	1	4.67e-62	250
CFAV-Bangkok_Thailand_2015	SRA:SRR8921128.16042770.2	96.667	150	5	0	363	512	150	1	4.67e-62	250
CFAV-Bangkok_Thailand_2015	SRA:SRR8921128.33680524.1	98.571	140	2	0	3166	3305	2	141	1.68e-61	248
CFAV-Bangkok_Thailand_2015	SRA:SRR8921128.17470710.1	96.644	149	5	0	1368	1516	2	150	1.68e-61	248
CFAV-Bangkok_Thailand_2015	SRA:SRR8921128.9306911.2	97.260	146	4	0	3138	3283	146	1	1.68e-61	248
CFAV-Bangkok_Thailand_2015	SRA:SRR8921128.35737660.2	96.026	151	6	0	3270	3420	151	1	6.03e-61	246
CFAV-Bangkok_Thailand_2015	SRA:SRR8921128.35734736.2	96.026	151	6	0	3270	3420	151	1	6.03e-61	246
CFAV-Bangkok_Thailand_2015	SRA:SRR8921128.15448671.2	96.026	151	6	0	1258	1408	151	1	6.03e-61	246
CFAV-Bangkok_Thailand_2015	SRA:SRR8921128.13516042.1	96.026	151	6	0	2286	2436	1	151	6.03e-61	246
CFAV-Bangkok_Thailand_2015	SRA:SRR8921128.12073506.1	96.053	152	4	1	363	514	1	150	6.03e-61	246
CFAV-Bangkok_Thailand_2015	SRA:SRR8921128.10015143.1	96.026	151	6	0	3274	3424	1	151	6.03e-61	246
CFAV-Bangkok_Thailand_2015	SRA:SRR8921128.3098846.2	96.622	148	5	0	2108	2255	149	2	6.03e-61	246
CFAV-Bangkok_Thailand_2015	SRA:SRR8921128.51295793.2	96.000	150	6	0	2798	2947	150	1	2.17e-60	244
CFAV-Bangkok_Thailand_2015	SRA:SRR8921128.45853593.2	96.000	150	6	0	8581	8730	2	151	2.17e-60	244
CFAV-Bangkok_Thailand_2015	SRA:SRR8921128.32552796.1	96.000	150	6	0	818	967	1	150	2.17e-60	244
CFAV-Bangkok_Thailand_2015	SRA:SRR8921128.9306911.1	96.000	150	6	0	3117	3266	2	151	2.17e-60	244
CFAV-Bangkok_Thailand_2015	SRA:SRR8921128.33680524.2	97.857	140	3	0	3166	3305	140	1	7.81e-60	243
CFAV-Bangkok_Thailand_2015	SRA:SRR8921128.31379955.2	96.575	146	5	0	1096	1241	146	1	7.81e-60	243
CFAV-Bangkok_Thailand_2015	SRA:SRR8921128.31379955.1	96.575	146	5	0	1096	1241	1	146	7.81e-60	243
CFAV-Bangkok_Thailand_2015	SRA:SRR8921128.10015143.2	95.364	151	7	0	3296	3446	151	1	2.81e-59	241
CFAV-Bangkok_Thailand_2015	SRA:SRR8921128.13516042.2	95.918	147	6	0	2308	2454	147	1	1.01e-58	239
CFAV-Bangkok_Thailand_2015	SRA:SRR8921128.12073506.2	95.918	147	6	0	436	582	147	1	1.01e-58	239
CFAV-Bangkok_Thailand_2015	SRA:SRR8921128.19111774.2	95.302	149	7	0	2698	2846	149	1	3.63e-58	237
CFAV-Bangkok_Thailand_2015	SRA:SRR8921128.33205701.2	94.702	151	8	0	3369	3519	151	1	1.31e-57	235
CFAV-Bangkok_Thailand_2015	SRA:SRR8921128.27275468.2	94.702	151	8	0	2690	2840	151	1	1.31e-57	235
CFAV-Bangkok_Thailand_2015	SRA:SRR8921128.27271828.2	94.702	151	8	0	2690	2840	151	1	1.31e-57	235
CFAV-Bangkok_Thailand_2015	SRA:SRR8921128.19291090.2	94.702	151	8	0	2690	2840	151	1	1.31e-57	235
CFAV-Bangkok_Thailand_2015	SRA:SRR8921128.14621617.1	94.702	151	8	0	3274	3424	1	151	1.31e-57	235
CFAV-Bangkok_Thailand_2015	SRA:SRR8921128.6842154.2	95.270	148	7	0	3301	3448	148	1	1.31e-57	235
CFAV-Bangkok_Thailand_2015	SRA:SRR8921128.29460594.2	94.667	150	8	0	2454	2603	150	1	4.70e-57	233
CFAV-Bangkok_Thailand_2015	SRA:SRR8921128.29460594.1	94.667	150	8	0	2407	2556	1	150	4.70e-57	233
CFAV-Bangkok_Thailand_2015	SRA:SRR8921128.10435053.1	95.238	147	7	0	1741	1887	1	147	4.70e-57	233
CFAV-Bangkok_Thailand_2015	SRA:SRR8921128.33205701.1	94.040	151	9	0	3368	3518	1	151	1.69e-56	231
CFAV-Bangkok_Thailand_2015	SRA:SRR8921128.28642359.2	97.761	134	3	0	2207	2340	134	1	1.69e-56	231
CFAV-Bangkok_Thailand_2015	SRA:SRR8921128.28642359.1	97.761	134	3	0	2207	2340	1	134	1.69e-56	231
CFAV-Bangkok_Thailand_2015	SRA:SRR8921128.10150158.2	95.205	146	7	0	1733	1878	150	5	1.69e-56	231
CFAV-Bangkok_Thailand_2015	SRA:SRR8921128.49005746.2	96.403	139	5	0	2896	3034	139	1	6.08e-56	230
CFAV-Bangkok_Thailand_2015	SRA:SRR8921128.49005746.1	96.403	139	5	0	2896	3034	3	141	6.08e-56	230
CFAV-Bangkok_Thailand_2015	SRA:SRR8921128.29589859.1	94.040	151	9	0	1810	1960	1	151	6.08e-56	230
CFAV-Bangkok_Thailand_2015	SRA:SRR8921128.27285678.2	94.040	151	9	0	2690	2840	151	1	6.08e-56	230
CFAV-Bangkok_Thailand_2015	SRA:SRR8921128.27285678.1	94.595	148	8	0	2687	2834	1	148	6.08e-56	230
CFAV-Bangkok_Thailand_2015	SRA:SRR8921128.27275468.1	94.595	148	8	0	2687	2834	1	148	6.08e-56	230
CFAV-Bangkok_Thailand_2015	SRA:SRR8921128.27271828.1	94.595	148	8	0	2687	2834	1	148	6.08e-56	230
CFAV-Bangkok_Thailand_2015	SRA:SRR8921128.20705578.1	95.172	145	7	0	2582	2726	1	145	6.08e-56	230
CFAV-Bangkok_Thailand_2015	SRA:SRR8921128.20705576.1	95.172	145	7	0	2582	2726	1	145	6.08e-56	230
CFAV-Bangkok_Thailand_2015	SRA:SRR8921128.19291090.1	94.595	148	8	0	2687	2834	1	148	6.08e-56	230
CFAV-Bangkok_Thailand_2015	SRA:SRR8921128.19111774.1	94.595	148	8	0	2687	2834	2	149	6.08e-56	230
CFAV-Bangkok_Thailand_2015	SRA:SRR8921128.10435053.2	94.040	151	9	0	1850	2000	151	1	6.08e-56	230
CFAV-Bangkok_Thailand_2015	SRA:SRR8921128.4054708.2	94.000	150	9	0	1950	2099	150	1	2.19e-55	228
CFAV-Bangkok_Thailand_2015	SRA:SRR8921128.4053730.2	94.000	150	9	0	1950	2099	150	1	2.19e-55	228
CFAV-Bangkok_Thailand_2015	SRA:SRR8921128.40495725.2	97.710	131	3	0	3001	3131	133	3	7.86e-55	226
CFAV-Bangkok_Thailand_2015	SRA:SRR8921128.40495725.1	97.710	131	3	0	3001	3131	1	131	7.86e-55	226
CFAV-Bangkok_Thailand_2015	SRA:SRR8921128.36381686.1	97.710	131	3	0	316	446	20	150	7.86e-55	226
CFAV-Bangkok_Thailand_2015	SRA:SRR8921128.36374104.1	97.710	131	3	0	316	446	20	150	7.86e-55	226
CFAV-Bangkok_Thailand_2015	SRA:SRR8921128.33647427.2	98.438	128	2	0	3996	4123	128	1	7.86e-55	226
CFAV-Bangkok_Thailand_2015	SRA:SRR8921128.33647427.1	98.438	128	2	0	3996	4123	1	128	7.86e-55	226
CFAV-Bangkok_Thailand_2015	SRA:SRR8921128.9907723.1	97.710	131	3	0	316	446	20	150	7.86e-55	226
CFAV-Bangkok_Thailand_2015	SRA:SRR8921128.34666456.1	93.919	148	9	0	1939	2086	3	150	2.83e-54	224
CFAV-Bangkok_Thailand_2015	SRA:SRR8921128.14621617.2	93.919	148	9	0	3299	3446	148	1	2.83e-54	224
CFAV-Bangkok_Thailand_2015	SRA:SRR8921128.4054708.1	93.919	148	9	0	1910	2057	1	148	2.83e-54	224
CFAV-Bangkok_Thailand_2015	SRA:SRR8921128.4053730.1	93.919	148	9	0	1910	2057	1	148	2.83e-54	224
CFAV-Bangkok_Thailand_2015	SRA:SRR8921128.14919731.2	99.187	123	1	0	3183	3305	123	1	1.02e-53	222
CFAV-Bangkok_Thailand_2015	SRA:SRR8921128.14919731.1	99.187	123	1	0	3183	3305	1	123	1.02e-53	222
CFAV-Bangkok_Thailand_2015	SRA:SRR8921128.37821283.2	93.836	146	9	0	2447	2592	146	1	3.66e-53	220
CFAV-Bangkok_Thailand_2015	SRA:SRR8921128.9622712.2	98.400	125	2	0	1173	1297	126	2	3.66e-53	220
CFAV-Bangkok_Thailand_2015	SRA:SRR8921128.4301776.2	96.947	131	4	0	3009	3139	131	1	3.66e-53	220
CFAV-Bangkok_Thailand_2015	SRA:SRR8921128.4301776.1	96.947	131	4	0	3009	3139	1	131	3.66e-53	220
CFAV-Bangkok_Thailand_2015	SRA:SRR8921128.29589859.2	92.715	151	11	0	1919	2069	151	1	1.32e-52	219
CFAV-Bangkok_Thailand_2015	SRA:SRR8921128.37821283.1	93.103	145	10	0	2447	2591	2	146	6.12e-51	213
CFAV-Bangkok_Thailand_2015	SRA:SRR8921128.22572396.2	99.153	118	1	0	3166	3283	118	1	6.12e-51	213
CFAV-Bangkok_Thailand_2015	SRA:SRR8921128.22572396.1	98.347	121	2	0	3163	3283	3	123	6.12e-51	213
CFAV-Bangkok_Thailand_2015	SRA:SRR8921128.33038370.2	94.118	136	8	0	1969	2104	136	1	2.85e-49	207
CFAV-Bangkok_Thailand_2015	SRA:SRR8921128.14919546.1	96.774	124	4	0	3183	3306	1	124	2.85e-49	207
CFAV-Bangkok_Thailand_2015	SRA:SRR8921128.14919546.2	96.748	123	4	0	3183	3305	123	1	1.02e-48	206
CFAV-Bangkok_Thailand_2015	SRA:SRR8921128.33038370.1	93.382	136	9	0	1969	2104	1	136	3.68e-48	204
CFAV-Bangkok_Thailand_2015	SRA:SRR8921128.47217002.2	99.107	112	1	0	1031	1142	112	1	1.32e-47	202
CFAV-Bangkok_Thailand_2015	SRA:SRR8921128.47217002.1	99.107	112	1	0	1031	1142	1	112	1.32e-47	202
CFAV-Bangkok_Thailand_2015	SRA:SRR8921128.46967050.2	95.968	124	5	0	3069	3192	124	1	1.32e-47	202
CFAV-Bangkok_Thailand_2015	SRA:SRR8921128.46967050.1	95.968	124	5	0	3069	3192	1	124	1.32e-47	202
CFAV-Bangkok_Thailand_2015	SRA:SRR8921128.16606219.2	99.038	104	1	0	7304	7407	48	151	3.71e-43	187
CFAV-Bangkok_Thailand_2015	SRA:SRR8921128.49992873.2	95.652	115	5	0	597	711	115	1	1.33e-42	185
CFAV-Bangkok_Thailand_2015	SRA:SRR8921128.49992873.1	95.652	115	5	0	597	711	1	115	1.33e-42	185
CFAV-Bangkok_Thailand_2015	SRA:SRR8921128.49976754.2	95.652	115	5	0	597	711	115	1	1.33e-42	185
CFAV-Bangkok_Thailand_2015	SRA:SRR8921128.49976754.1	95.652	115	5	0	597	711	1	115	1.33e-42	185
CFAV-Bangkok_Thailand_2015	SRA:SRR8921128.45853593.1	97.248	109	3	0	8622	8730	151	43	1.33e-42	185
CFAV-Bangkok_Thailand_2015	SRA:SRR8921128.44273632.2	97.143	105	3	0	2494	2598	106	2	2.23e-40	178
CFAV-Bangkok_Thailand_2015	SRA:SRR8921128.44273632.1	97.143	105	3	0	2494	2598	3	107	2.23e-40	178
CFAV-Bangkok_Thailand_2015	SRA:SRR8921128.47732605.2	97.115	104	3	0	1525	1628	104	1	8.03e-40	176
CFAV-Bangkok_Thailand_2015	SRA:SRR8921128.47732605.1	97.115	104	3	0	1525	1628	1	104	8.03e-40	176
CFAV-Bangkok_Thailand_2015	SRA:SRR8921128.47924011.2	95.960	99	4	0	895	993	99	1	2.25e-35	161
CFAV-Bangkok_Thailand_2015	SRA:SRR8921128.47924011.1	95.960	99	4	0	895	993	1	99	2.25e-35	161
CFAV-Bangkok_Thailand_2015	SRA:SRR8921128.29287622.2	93.333	105	7	0	2447	2551	105	1	1.05e-33	156
CFAV-Bangkok_Thailand_2015	SRA:SRR8921128.29287622.1	93.333	105	7	0	2447	2551	1	105	1.05e-33	156
CFAV-Bangkok_Thailand_2015	SRA:SRR8921128.22323608.2	97.701	87	2	0	2549	2635	87	1	4.87e-32	150
CFAV-Bangkok_Thailand_2015	SRA:SRR8921128.22323608.1	97.701	87	2	0	2549	2635	1	87	4.87e-32	150
CFAV-Bangkok_Thailand_2015	SRA:SRR8921128.795015.2	97.561	82	2	0	3001	3082	82	1	2.93e-29	141
CFAV-Bangkok_Thailand_2015	SRA:SRR8921128.795015.2	100.000	35	0	0	3217	3251	115	81	1.81e-06	65.8
CFAV-Bangkok_Thailand_2015	SRA:SRR8921128.795015.1	97.561	82	2	0	3001	3082	34	115	2.93e-29	141
CFAV-Bangkok_Thailand_2015	SRA:SRR8921128.795015.1	100.000	35	0	0	3217	3251	1	35	1.81e-06	65.8
CFAV-Bangkok_Thailand_2015	SRA:SRR8921128.44466536.1	98.413	63	1	0	7304	7366	63	1	2.30e-20	111
CFAV-Bangkok_Thailand_2015	SRA:SRR8921128.14743236.2	97.143	35	1	0	8696	8730	1	35	8.44e-05	60.2
