CFAV-Bangkok_Thailand_2015	SRA:SRR8996077.7339599.2	100.000	76	0	0	1639	1714	76	1	1.72e-30	141
CFAV-Bangkok_Thailand_2015	SRA:SRR8996077.7339537.1	100.000	76	0	0	1801	1876	76	1	1.72e-30	141
CFAV-Bangkok_Thailand_2015	SRA:SRR8996077.7338903.2	100.000	76	0	0	3956	4031	76	1	1.72e-30	141
CFAV-Bangkok_Thailand_2015	SRA:SRR8996077.7336436.1	100.000	76	0	0	5780	5855	1	76	1.72e-30	141
CFAV-Bangkok_Thailand_2015	SRA:SRR8996077.7336068.2	100.000	76	0	0	9642	9717	1	76	1.72e-30	141
CFAV-Bangkok_Thailand_2015	SRA:SRR8996077.7335518.1	100.000	76	0	0	3608	3683	1	76	1.72e-30	141
CFAV-Bangkok_Thailand_2015	SRA:SRR8996077.7332878.2	100.000	76	0	0	509	584	76	1	1.72e-30	141
CFAV-Bangkok_Thailand_2015	SRA:SRR8996077.7332844.2	100.000	76	0	0	6650	6725	1	76	1.72e-30	141
CFAV-Bangkok_Thailand_2015	SRA:SRR8996077.7332390.1	100.000	76	0	0	1220	1295	1	76	1.72e-30	141
CFAV-Bangkok_Thailand_2015	SRA:SRR8996077.7331428.1	100.000	76	0	0	9813	9888	1	76	1.72e-30	141
CFAV-Bangkok_Thailand_2015	SRA:SRR8996077.7328132.2	100.000	76	0	0	3978	4053	1	76	1.72e-30	141
CFAV-Bangkok_Thailand_2015	SRA:SRR8996077.7327378.2	100.000	76	0	0	6349	6424	76	1	1.72e-30	141
CFAV-Bangkok_Thailand_2015	SRA:SRR8996077.7324510.1	100.000	76	0	0	3635	3710	76	1	1.72e-30	141
CFAV-Bangkok_Thailand_2015	SRA:SRR8996077.7324394.2	100.000	76	0	0	5884	5959	76	1	1.72e-30	141
CFAV-Bangkok_Thailand_2015	SRA:SRR8996077.7324307.1	100.000	76	0	0	6361	6436	1	76	1.72e-30	141
CFAV-Bangkok_Thailand_2015	SRA:SRR8996077.7323437.2	100.000	76	0	0	9437	9512	76	1	1.72e-30	141
CFAV-Bangkok_Thailand_2015	SRA:SRR8996077.7321210.2	100.000	76	0	0	956	1031	76	1	1.72e-30	141
CFAV-Bangkok_Thailand_2015	SRA:SRR8996077.7320534.1	100.000	76	0	0	415	490	76	1	1.72e-30	141
CFAV-Bangkok_Thailand_2015	SRA:SRR8996077.7319782.1	100.000	76	0	0	9131	9206	1	76	1.72e-30	141
CFAV-Bangkok_Thailand_2015	SRA:SRR8996077.7318664.1	100.000	76	0	0	9622	9697	1	76	1.72e-30	141
CFAV-Bangkok_Thailand_2015	SRA:SRR8996077.7316469.1	100.000	76	0	0	4201	4276	76	1	1.72e-30	141
CFAV-Bangkok_Thailand_2015	SRA:SRR8996077.7316058.2	100.000	76	0	0	6115	6190	76	1	1.72e-30	141
CFAV-Bangkok_Thailand_2015	SRA:SRR8996077.7314327.1	100.000	76	0	0	6452	6527	76	1	1.72e-30	141
CFAV-Bangkok_Thailand_2015	SRA:SRR8996077.7311950.2	100.000	76	0	0	3576	3651	1	76	1.72e-30	141
CFAV-Bangkok_Thailand_2015	SRA:SRR8996077.7310581.1	100.000	76	0	0	8541	8616	1	76	1.72e-30	141
CFAV-Bangkok_Thailand_2015	SRA:SRR8996077.7308348.2	100.000	76	0	0	6453	6528	76	1	1.72e-30	141
CFAV-Bangkok_Thailand_2015	SRA:SRR8996077.7303659.1	100.000	76	0	0	912	987	76	1	1.72e-30	141
CFAV-Bangkok_Thailand_2015	SRA:SRR8996077.7299015.1	100.000	76	0	0	6450	6525	1	76	1.72e-30	141
CFAV-Bangkok_Thailand_2015	SRA:SRR8996077.7297566.1	100.000	76	0	0	10064	10139	76	1	1.72e-30	141
CFAV-Bangkok_Thailand_2015	SRA:SRR8996077.7297219.2	100.000	76	0	0	7700	7775	1	76	1.72e-30	141
CFAV-Bangkok_Thailand_2015	SRA:SRR8996077.7295294.2	100.000	76	0	0	10246	10321	1	76	1.72e-30	141
CFAV-Bangkok_Thailand_2015	SRA:SRR8996077.7294752.2	100.000	76	0	0	9904	9979	1	76	1.72e-30	141
CFAV-Bangkok_Thailand_2015	SRA:SRR8996077.7294314.1	100.000	76	0	0	4808	4883	1	76	1.72e-30	141
CFAV-Bangkok_Thailand_2015	SRA:SRR8996077.7292137.1	100.000	76	0	0	8272	8347	76	1	1.72e-30	141
CFAV-Bangkok_Thailand_2015	SRA:SRR8996077.7288819.1	100.000	76	0	0	6557	6632	1	76	1.72e-30	141
CFAV-Bangkok_Thailand_2015	SRA:SRR8996077.7283614.1	100.000	76	0	0	7730	7805	1	76	1.72e-30	141
CFAV-Bangkok_Thailand_2015	SRA:SRR8996077.7280808.2	100.000	76	0	0	7264	7339	1	76	1.72e-30	141
CFAV-Bangkok_Thailand_2015	SRA:SRR8996077.7276725.2	100.000	76	0	0	7118	7193	76	1	1.72e-30	141
CFAV-Bangkok_Thailand_2015	SRA:SRR8996077.7274754.1	100.000	76	0	0	7953	8028	76	1	1.72e-30	141
CFAV-Bangkok_Thailand_2015	SRA:SRR8996077.7272003.1	100.000	76	0	0	3746	3821	1	76	1.72e-30	141
CFAV-Bangkok_Thailand_2015	SRA:SRR8996077.7271683.1	100.000	76	0	0	1117	1192	76	1	1.72e-30	141
CFAV-Bangkok_Thailand_2015	SRA:SRR8996077.7271544.2	100.000	76	0	0	7118	7193	76	1	1.72e-30	141
CFAV-Bangkok_Thailand_2015	SRA:SRR8996077.7271371.2	100.000	76	0	0	6558	6633	76	1	1.72e-30	141
CFAV-Bangkok_Thailand_2015	SRA:SRR8996077.7268323.2	100.000	76	0	0	9164	9239	76	1	1.72e-30	141
CFAV-Bangkok_Thailand_2015	SRA:SRR8996077.7265885.1	100.000	76	0	0	9904	9979	1	76	1.72e-30	141
CFAV-Bangkok_Thailand_2015	SRA:SRR8996077.7264126.1	100.000	76	0	0	7657	7732	76	1	1.72e-30	141
CFAV-Bangkok_Thailand_2015	SRA:SRR8996077.7264030.2	100.000	76	0	0	6453	6528	76	1	1.72e-30	141
CFAV-Bangkok_Thailand_2015	SRA:SRR8996077.7262166.2	100.000	76	0	0	7913	7988	76	1	1.72e-30	141
CFAV-Bangkok_Thailand_2015	SRA:SRR8996077.7262043.2	100.000	76	0	0	9660	9735	76	1	1.72e-30	141
CFAV-Bangkok_Thailand_2015	SRA:SRR8996077.7260766.1	100.000	76	0	0	1909	1984	1	76	1.72e-30	141
CFAV-Bangkok_Thailand_2015	SRA:SRR8996077.7259576.2	100.000	76	0	0	7656	7731	1	76	1.72e-30	141
CFAV-Bangkok_Thailand_2015	SRA:SRR8996077.7258236.2	100.000	76	0	0	4899	4974	1	76	1.72e-30	141
CFAV-Bangkok_Thailand_2015	SRA:SRR8996077.7251173.2	100.000	76	0	0	3920	3995	1	76	1.72e-30	141
CFAV-Bangkok_Thailand_2015	SRA:SRR8996077.7248623.1	100.000	76	0	0	8272	8347	76	1	1.72e-30	141
CFAV-Bangkok_Thailand_2015	SRA:SRR8996077.7247006.2	100.000	76	0	0	9441	9516	76	1	1.72e-30	141
CFAV-Bangkok_Thailand_2015	SRA:SRR8996077.7245250.2	100.000	76	0	0	5597	5672	1	76	1.72e-30	141
CFAV-Bangkok_Thailand_2015	SRA:SRR8996077.7243624.1	100.000	76	0	0	9452	9527	1	76	1.72e-30	141
CFAV-Bangkok_Thailand_2015	SRA:SRR8996077.7243537.2	100.000	76	0	0	9673	9748	76	1	1.72e-30	141
CFAV-Bangkok_Thailand_2015	SRA:SRR8996077.7243238.1	100.000	76	0	0	8689	8764	1	76	1.72e-30	141
CFAV-Bangkok_Thailand_2015	SRA:SRR8996077.7237811.2	100.000	76	0	0	9405	9480	1	76	1.72e-30	141
CFAV-Bangkok_Thailand_2015	SRA:SRR8996077.7237717.1	100.000	76	0	0	7985	8060	1	76	1.72e-30	141
CFAV-Bangkok_Thailand_2015	SRA:SRR8996077.7235708.1	100.000	76	0	0	9781	9856	1	76	1.72e-30	141
CFAV-Bangkok_Thailand_2015	SRA:SRR8996077.7235468.1	100.000	76	0	0	6871	6946	1	76	1.72e-30	141
CFAV-Bangkok_Thailand_2015	SRA:SRR8996077.7229224.1	100.000	76	0	0	9013	9088	76	1	1.72e-30	141
CFAV-Bangkok_Thailand_2015	SRA:SRR8996077.7228375.1	100.000	76	0	0	6361	6436	1	76	1.72e-30	141
CFAV-Bangkok_Thailand_2015	SRA:SRR8996077.7223308.2	100.000	76	0	0	5865	5940	1	76	1.72e-30	141
CFAV-Bangkok_Thailand_2015	SRA:SRR8996077.7220810.2	100.000	76	0	0	9101	9176	76	1	1.72e-30	141
CFAV-Bangkok_Thailand_2015	SRA:SRR8996077.7218503.2	100.000	76	0	0	7935	8010	1	76	1.72e-30	141
CFAV-Bangkok_Thailand_2015	SRA:SRR8996077.7215874.2	100.000	76	0	0	7067	7142	76	1	1.72e-30	141
CFAV-Bangkok_Thailand_2015	SRA:SRR8996077.7215784.1	100.000	76	0	0	637	712	76	1	1.72e-30	141
CFAV-Bangkok_Thailand_2015	SRA:SRR8996077.7214860.2	100.000	76	0	0	7953	8028	76	1	1.72e-30	141
CFAV-Bangkok_Thailand_2015	SRA:SRR8996077.7212899.2	100.000	76	0	0	5869	5944	76	1	1.72e-30	141
CFAV-Bangkok_Thailand_2015	SRA:SRR8996077.7212533.2	100.000	76	0	0	7834	7909	76	1	1.72e-30	141
CFAV-Bangkok_Thailand_2015	SRA:SRR8996077.7211561.2	100.000	76	0	0	9408	9483	76	1	1.72e-30	141
CFAV-Bangkok_Thailand_2015	SRA:SRR8996077.7208507.1	100.000	76	0	0	3554	3629	1	76	1.72e-30	141
CFAV-Bangkok_Thailand_2015	SRA:SRR8996077.7208368.2	100.000	76	0	0	7866	7941	1	76	1.72e-30	141
CFAV-Bangkok_Thailand_2015	SRA:SRR8996077.7205810.2	100.000	76	0	0	9782	9857	76	1	1.72e-30	141
CFAV-Bangkok_Thailand_2015	SRA:SRR8996077.7203103.1	100.000	76	0	0	7654	7729	1	76	1.72e-30	141
CFAV-Bangkok_Thailand_2015	SRA:SRR8996077.7202758.1	100.000	76	0	0	9641	9716	1	76	1.72e-30	141
CFAV-Bangkok_Thailand_2015	SRA:SRR8996077.7201237.2	100.000	76	0	0	7081	7156	76	1	1.72e-30	141
CFAV-Bangkok_Thailand_2015	SRA:SRR8996077.7201060.2	100.000	76	0	0	3969	4044	76	1	1.72e-30	141
CFAV-Bangkok_Thailand_2015	SRA:SRR8996077.7199932.1	100.000	76	0	0	9012	9087	76	1	1.72e-30	141
CFAV-Bangkok_Thailand_2015	SRA:SRR8996077.7199572.2	100.000	76	0	0	5521	5596	1	76	1.72e-30	141
CFAV-Bangkok_Thailand_2015	SRA:SRR8996077.7198898.2	100.000	76	0	0	5611	5686	1	76	1.72e-30	141
CFAV-Bangkok_Thailand_2015	SRA:SRR8996077.7195703.2	100.000	76	0	0	10390	10465	76	1	1.72e-30	141
CFAV-Bangkok_Thailand_2015	SRA:SRR8996077.7192864.2	100.000	76	0	0	7866	7941	1	76	1.72e-30	141
CFAV-Bangkok_Thailand_2015	SRA:SRR8996077.7188316.2	100.000	76	0	0	5547	5622	76	1	1.72e-30	141
CFAV-Bangkok_Thailand_2015	SRA:SRR8996077.7187900.1	100.000	76	0	0	2219	2294	1	76	1.72e-30	141
CFAV-Bangkok_Thailand_2015	SRA:SRR8996077.7185018.2	100.000	76	0	0	6661	6736	1	76	1.72e-30	141
CFAV-Bangkok_Thailand_2015	SRA:SRR8996077.7175612.2	100.000	76	0	0	9079	9154	1	76	1.72e-30	141
CFAV-Bangkok_Thailand_2015	SRA:SRR8996077.7173457.2	100.000	76	0	0	8522	8597	1	76	1.72e-30	141
CFAV-Bangkok_Thailand_2015	SRA:SRR8996077.7170460.2	100.000	76	0	0	8372	8447	1	76	1.72e-30	141
CFAV-Bangkok_Thailand_2015	SRA:SRR8996077.7168754.2	100.000	76	0	0	4819	4894	1	76	1.72e-30	141
CFAV-Bangkok_Thailand_2015	SRA:SRR8996077.7165319.1	100.000	76	0	0	8549	8624	1	76	1.72e-30	141
CFAV-Bangkok_Thailand_2015	SRA:SRR8996077.7162867.2	100.000	76	0	0	6123	6198	1	76	1.72e-30	141
CFAV-Bangkok_Thailand_2015	SRA:SRR8996077.7161768.2	100.000	76	0	0	146	221	1	76	1.72e-30	141
CFAV-Bangkok_Thailand_2015	SRA:SRR8996077.7159969.1	100.000	76	0	0	5770	5845	1	76	1.72e-30	141
CFAV-Bangkok_Thailand_2015	SRA:SRR8996077.7159788.2	100.000	76	0	0	3644	3719	1	76	1.72e-30	141
CFAV-Bangkok_Thailand_2015	SRA:SRR8996077.7159568.1	100.000	76	0	0	642	717	76	1	1.72e-30	141
CFAV-Bangkok_Thailand_2015	SRA:SRR8996077.7158015.1	100.000	76	0	0	5539	5614	1	76	1.72e-30	141
CFAV-Bangkok_Thailand_2015	SRA:SRR8996077.7155003.2	100.000	76	0	0	706	781	76	1	1.72e-30	141
CFAV-Bangkok_Thailand_2015	SRA:SRR8996077.7154527.2	100.000	76	0	0	10263	10338	1	76	1.72e-30	141
CFAV-Bangkok_Thailand_2015	SRA:SRR8996077.7153852.1	100.000	76	0	0	5865	5940	1	76	1.72e-30	141
CFAV-Bangkok_Thailand_2015	SRA:SRR8996077.7152359.1	100.000	76	0	0	1101	1176	76	1	1.72e-30	141
CFAV-Bangkok_Thailand_2015	SRA:SRR8996077.7151663.2	100.000	76	0	0	5616	5691	76	1	1.72e-30	141
CFAV-Bangkok_Thailand_2015	SRA:SRR8996077.7150164.1	100.000	76	0	0	2683	2758	1	76	1.72e-30	141
CFAV-Bangkok_Thailand_2015	SRA:SRR8996077.7147859.1	100.000	76	0	0	8534	8609	1	76	1.72e-30	141
CFAV-Bangkok_Thailand_2015	SRA:SRR8996077.7147702.2	100.000	76	0	0	7885	7960	76	1	1.72e-30	141
CFAV-Bangkok_Thailand_2015	SRA:SRR8996077.7146608.2	100.000	76	0	0	1920	1995	1	76	1.72e-30	141
CFAV-Bangkok_Thailand_2015	SRA:SRR8996077.7146520.1	100.000	76	0	0	5530	5605	76	1	1.72e-30	141
CFAV-Bangkok_Thailand_2015	SRA:SRR8996077.7146365.2	100.000	76	0	0	8529	8604	1	76	1.72e-30	141
CFAV-Bangkok_Thailand_2015	SRA:SRR8996077.7144168.1	100.000	76	0	0	2161	2236	1	76	1.72e-30	141
CFAV-Bangkok_Thailand_2015	SRA:SRR8996077.7143982.2	100.000	76	0	0	3709	3784	1	76	1.72e-30	141
CFAV-Bangkok_Thailand_2015	SRA:SRR8996077.7143283.2	100.000	76	0	0	3960	4035	1	76	1.72e-30	141
CFAV-Bangkok_Thailand_2015	SRA:SRR8996077.7142283.2	100.000	76	0	0	7677	7752	76	1	1.72e-30	141
CFAV-Bangkok_Thailand_2015	SRA:SRR8996077.7139928.1	100.000	76	0	0	1929	2004	1	76	1.72e-30	141
CFAV-Bangkok_Thailand_2015	SRA:SRR8996077.7139667.2	100.000	76	0	0	5530	5605	76	1	1.72e-30	141
CFAV-Bangkok_Thailand_2015	SRA:SRR8996077.7134750.1	100.000	76	0	0	7675	7750	1	76	1.72e-30	141
CFAV-Bangkok_Thailand_2015	SRA:SRR8996077.7134571.2	100.000	76	0	0	239	314	76	1	1.72e-30	141
CFAV-Bangkok_Thailand_2015	SRA:SRR8996077.7134253.1	100.000	76	0	0	8541	8616	1	76	1.72e-30	141
CFAV-Bangkok_Thailand_2015	SRA:SRR8996077.7132717.2	100.000	76	0	0	998	1073	1	76	1.72e-30	141
CFAV-Bangkok_Thailand_2015	SRA:SRR8996077.7129608.2	100.000	76	0	0	97	172	1	76	1.72e-30	141
CFAV-Bangkok_Thailand_2015	SRA:SRR8996077.7118772.1	100.000	76	0	0	9398	9473	76	1	1.72e-30	141
CFAV-Bangkok_Thailand_2015	SRA:SRR8996077.7117540.1	100.000	76	0	0	6650	6725	1	76	1.72e-30	141
CFAV-Bangkok_Thailand_2015	SRA:SRR8996077.7112573.1	100.000	76	0	0	6383	6458	76	1	1.72e-30	141
CFAV-Bangkok_Thailand_2015	SRA:SRR8996077.7106206.1	100.000	76	0	0	1525	1600	76	1	1.72e-30	141
CFAV-Bangkok_Thailand_2015	SRA:SRR8996077.7105706.2	100.000	76	0	0	8002	8077	76	1	1.72e-30	141
CFAV-Bangkok_Thailand_2015	SRA:SRR8996077.7104917.1	100.000	76	0	0	9049	9124	1	76	1.72e-30	141
CFAV-Bangkok_Thailand_2015	SRA:SRR8996077.7104354.2	100.000	76	0	0	8974	9049	1	76	1.72e-30	141
CFAV-Bangkok_Thailand_2015	SRA:SRR8996077.7102941.2	100.000	76	0	0	5984	6059	1	76	1.72e-30	141
CFAV-Bangkok_Thailand_2015	SRA:SRR8996077.7100912.1	100.000	76	0	0	3277	3352	1	76	1.72e-30	141
CFAV-Bangkok_Thailand_2015	SRA:SRR8996077.7098902.2	100.000	76	0	0	1616	1691	1	76	1.72e-30	141
CFAV-Bangkok_Thailand_2015	SRA:SRR8996077.7092734.2	100.000	76	0	0	8658	8733	1	76	1.72e-30	141
CFAV-Bangkok_Thailand_2015	SRA:SRR8996077.7091426.1	100.000	76	0	0	6649	6724	1	76	1.72e-30	141
CFAV-Bangkok_Thailand_2015	SRA:SRR8996077.7089718.2	100.000	76	0	0	1450	1525	76	1	1.72e-30	141
CFAV-Bangkok_Thailand_2015	SRA:SRR8996077.7088667.1	100.000	76	0	0	9078	9153	76	1	1.72e-30	141
CFAV-Bangkok_Thailand_2015	SRA:SRR8996077.7084755.1	100.000	76	0	0	6342	6417	1	76	1.72e-30	141
CFAV-Bangkok_Thailand_2015	SRA:SRR8996077.7078484.1	100.000	76	0	0	3603	3678	76	1	1.72e-30	141
CFAV-Bangkok_Thailand_2015	SRA:SRR8996077.7078379.1	100.000	76	0	0	1101	1176	76	1	1.72e-30	141
CFAV-Bangkok_Thailand_2015	SRA:SRR8996077.7071206.1	100.000	76	0	0	6888	6963	1	76	1.72e-30	141
CFAV-Bangkok_Thailand_2015	SRA:SRR8996077.7069960.2	100.000	76	0	0	8554	8629	1	76	1.72e-30	141
CFAV-Bangkok_Thailand_2015	SRA:SRR8996077.7067814.1	100.000	76	0	0	3721	3796	1	76	1.72e-30	141
CFAV-Bangkok_Thailand_2015	SRA:SRR8996077.7067132.2	100.000	76	0	0	4808	4883	1	76	1.72e-30	141
CFAV-Bangkok_Thailand_2015	SRA:SRR8996077.7065575.2	100.000	76	0	0	9079	9154	1	76	1.72e-30	141
CFAV-Bangkok_Thailand_2015	SRA:SRR8996077.7056836.2	100.000	76	0	0	7841	7916	1	76	1.72e-30	141
CFAV-Bangkok_Thailand_2015	SRA:SRR8996077.7055146.2	100.000	76	0	0	5755	5830	76	1	1.72e-30	141
CFAV-Bangkok_Thailand_2015	SRA:SRR8996077.7054049.2	100.000	76	0	0	3797	3872	1	76	1.72e-30	141
CFAV-Bangkok_Thailand_2015	SRA:SRR8996077.7050910.2	100.000	76	0	0	10266	10341	1	76	1.72e-30	141
CFAV-Bangkok_Thailand_2015	SRA:SRR8996077.7050828.1	100.000	76	0	0	9906	9981	76	1	1.72e-30	141
CFAV-Bangkok_Thailand_2015	SRA:SRR8996077.7049808.1	100.000	76	0	0	9413	9488	76	1	1.72e-30	141
CFAV-Bangkok_Thailand_2015	SRA:SRR8996077.7046968.1	100.000	76	0	0	8296	8371	76	1	1.72e-30	141
CFAV-Bangkok_Thailand_2015	SRA:SRR8996077.7044712.2	100.000	76	0	0	5526	5601	1	76	1.72e-30	141
CFAV-Bangkok_Thailand_2015	SRA:SRR8996077.7044576.2	100.000	76	0	0	10305	10380	1	76	1.72e-30	141
CFAV-Bangkok_Thailand_2015	SRA:SRR8996077.7042731.2	100.000	76	0	0	7398	7473	1	76	1.72e-30	141
CFAV-Bangkok_Thailand_2015	SRA:SRR8996077.7041647.1	100.000	76	0	0	7945	8020	76	1	1.72e-30	141
CFAV-Bangkok_Thailand_2015	SRA:SRR8996077.7035164.1	100.000	76	0	0	7937	8012	76	1	1.72e-30	141
CFAV-Bangkok_Thailand_2015	SRA:SRR8996077.7031820.2	100.000	76	0	0	4312	4387	1	76	1.72e-30	141
CFAV-Bangkok_Thailand_2015	SRA:SRR8996077.7028231.2	100.000	76	0	0	7810	7885	1	76	1.72e-30	141
CFAV-Bangkok_Thailand_2015	SRA:SRR8996077.7027566.1	100.000	76	0	0	5762	5837	1	76	1.72e-30	141
CFAV-Bangkok_Thailand_2015	SRA:SRR8996077.7025326.2	100.000	76	0	0	3970	4045	1	76	1.72e-30	141
CFAV-Bangkok_Thailand_2015	SRA:SRR8996077.7024074.1	100.000	76	0	0	9119	9194	76	1	1.72e-30	141
CFAV-Bangkok_Thailand_2015	SRA:SRR8996077.7024008.2	100.000	76	0	0	3344	3419	76	1	1.72e-30	141
CFAV-Bangkok_Thailand_2015	SRA:SRR8996077.7021773.2	100.000	76	0	0	6416	6491	76	1	1.72e-30	141
CFAV-Bangkok_Thailand_2015	SRA:SRR8996077.7021637.2	100.000	76	0	0	8975	9050	76	1	1.72e-30	141
CFAV-Bangkok_Thailand_2015	SRA:SRR8996077.7020942.1	100.000	76	0	0	8281	8356	1	76	1.72e-30	141
CFAV-Bangkok_Thailand_2015	SRA:SRR8996077.7019352.2	100.000	76	0	0	2281	2356	76	1	1.72e-30	141
CFAV-Bangkok_Thailand_2015	SRA:SRR8996077.7019235.2	100.000	76	0	0	8241	8316	1	76	1.72e-30	141
CFAV-Bangkok_Thailand_2015	SRA:SRR8996077.7018036.2	100.000	76	0	0	9463	9538	76	1	1.72e-30	141
CFAV-Bangkok_Thailand_2015	SRA:SRR8996077.7017900.2	100.000	76	0	0	7398	7473	1	76	1.72e-30	141
CFAV-Bangkok_Thailand_2015	SRA:SRR8996077.7016679.1	100.000	76	0	0	4299	4374	76	1	1.72e-30	141
CFAV-Bangkok_Thailand_2015	SRA:SRR8996077.7016216.1	100.000	76	0	0	7901	7976	76	1	1.72e-30	141
CFAV-Bangkok_Thailand_2015	SRA:SRR8996077.7014203.1	100.000	76	0	0	1472	1547	76	1	1.72e-30	141
CFAV-Bangkok_Thailand_2015	SRA:SRR8996077.7014133.1	100.000	76	0	0	1624	1699	1	76	1.72e-30	141
CFAV-Bangkok_Thailand_2015	SRA:SRR8996077.7013682.1	100.000	76	0	0	6434	6509	76	1	1.72e-30	141
CFAV-Bangkok_Thailand_2015	SRA:SRR8996077.7012617.2	100.000	76	0	0	7826	7901	76	1	1.72e-30	141
CFAV-Bangkok_Thailand_2015	SRA:SRR8996077.7012288.2	100.000	76	0	0	6137	6212	1	76	1.72e-30	141
CFAV-Bangkok_Thailand_2015	SRA:SRR8996077.7011249.2	100.000	76	0	0	7953	8028	76	1	1.72e-30	141
CFAV-Bangkok_Thailand_2015	SRA:SRR8996077.7008802.2	100.000	76	0	0	6839	6914	76	1	1.72e-30	141
CFAV-Bangkok_Thailand_2015	SRA:SRR8996077.7006632.1	100.000	76	0	0	4406	4481	1	76	1.72e-30	141
CFAV-Bangkok_Thailand_2015	SRA:SRR8996077.7005295.1	100.000	76	0	0	1107	1182	76	1	1.72e-30	141
CFAV-Bangkok_Thailand_2015	SRA:SRR8996077.7003282.2	100.000	76	0	0	2157	2232	76	1	1.72e-30	141
CFAV-Bangkok_Thailand_2015	SRA:SRR8996077.7003131.1	100.000	76	0	0	2042	2117	76	1	1.72e-30	141
CFAV-Bangkok_Thailand_2015	SRA:SRR8996077.7002636.2	100.000	76	0	0	8541	8616	1	76	1.72e-30	141
CFAV-Bangkok_Thailand_2015	SRA:SRR8996077.7001582.2	100.000	76	0	0	3336	3411	1	76	1.72e-30	141
CFAV-Bangkok_Thailand_2015	SRA:SRR8996077.7001518.1	100.000	76	0	0	6874	6949	76	1	1.72e-30	141
CFAV-Bangkok_Thailand_2015	SRA:SRR8996077.6993852.1	100.000	76	0	0	6394	6469	76	1	1.72e-30	141
CFAV-Bangkok_Thailand_2015	SRA:SRR8996077.6992483.2	100.000	76	0	0	9441	9516	76	1	1.72e-30	141
CFAV-Bangkok_Thailand_2015	SRA:SRR8996077.6991488.1	100.000	76	0	0	265	340	76	1	1.72e-30	141
CFAV-Bangkok_Thailand_2015	SRA:SRR8996077.6989810.2	100.000	76	0	0	3722	3797	76	1	1.72e-30	141
CFAV-Bangkok_Thailand_2015	SRA:SRR8996077.6988346.2	100.000	76	0	0	5571	5646	76	1	1.72e-30	141
CFAV-Bangkok_Thailand_2015	SRA:SRR8996077.6987130.1	100.000	76	0	0	8316	8391	76	1	1.72e-30	141
CFAV-Bangkok_Thailand_2015	SRA:SRR8996077.6987127.1	100.000	76	0	0	375	450	1	76	1.72e-30	141
CFAV-Bangkok_Thailand_2015	SRA:SRR8996077.6982942.2	100.000	76	0	0	626	701	76	1	1.72e-30	141
CFAV-Bangkok_Thailand_2015	SRA:SRR8996077.6982532.2	100.000	76	0	0	7656	7731	1	76	1.72e-30	141
CFAV-Bangkok_Thailand_2015	SRA:SRR8996077.6978470.2	100.000	76	0	0	4550	4625	76	1	1.72e-30	141
CFAV-Bangkok_Thailand_2015	SRA:SRR8996077.6977436.1	100.000	76	0	0	4758	4833	76	1	1.72e-30	141
CFAV-Bangkok_Thailand_2015	SRA:SRR8996077.6975479.1	100.000	76	0	0	1659	1734	76	1	1.72e-30	141
CFAV-Bangkok_Thailand_2015	SRA:SRR8996077.6970514.1	100.000	76	0	0	8664	8739	1	76	1.72e-30	141
CFAV-Bangkok_Thailand_2015	SRA:SRR8996077.6968535.1	100.000	76	0	0	6579	6654	1	76	1.72e-30	141
CFAV-Bangkok_Thailand_2015	SRA:SRR8996077.6965569.1	100.000	76	0	0	2994	3069	1	76	1.72e-30	141
CFAV-Bangkok_Thailand_2015	SRA:SRR8996077.6964979.1	100.000	76	0	0	8255	8330	76	1	1.72e-30	141
CFAV-Bangkok_Thailand_2015	SRA:SRR8996077.6964974.1	100.000	76	0	0	365	440	1	76	1.72e-30	141
CFAV-Bangkok_Thailand_2015	SRA:SRR8996077.6961459.2	100.000	76	0	0	1929	2004	1	76	1.72e-30	141
CFAV-Bangkok_Thailand_2015	SRA:SRR8996077.6959755.2	100.000	76	0	0	6342	6417	1	76	1.72e-30	141
CFAV-Bangkok_Thailand_2015	SRA:SRR8996077.6959427.2	100.000	76	0	0	7398	7473	1	76	1.72e-30	141
CFAV-Bangkok_Thailand_2015	SRA:SRR8996077.6959133.2	100.000	76	0	0	6650	6725	1	76	1.72e-30	141
CFAV-Bangkok_Thailand_2015	SRA:SRR8996077.6958678.1	100.000	76	0	0	2344	2419	76	1	1.72e-30	141
CFAV-Bangkok_Thailand_2015	SRA:SRR8996077.6957710.1	100.000	76	0	0	3995	4070	1	76	1.72e-30	141
CFAV-Bangkok_Thailand_2015	SRA:SRR8996077.6949286.1	100.000	76	0	0	8664	8739	1	76	1.72e-30	141
CFAV-Bangkok_Thailand_2015	SRA:SRR8996077.6941772.1	100.000	76	0	0	1635	1710	1	76	1.72e-30	141
CFAV-Bangkok_Thailand_2015	SRA:SRR8996077.6940912.1	100.000	76	0	0	8330	8405	1	76	1.72e-30	141
CFAV-Bangkok_Thailand_2015	SRA:SRR8996077.6939344.1	100.000	76	0	0	2210	2285	1	76	1.72e-30	141
CFAV-Bangkok_Thailand_2015	SRA:SRR8996077.6938596.1	100.000	76	0	0	1472	1547	76	1	1.72e-30	141
CFAV-Bangkok_Thailand_2015	SRA:SRR8996077.6937969.2	100.000	76	0	0	7953	8028	76	1	1.72e-30	141
CFAV-Bangkok_Thailand_2015	SRA:SRR8996077.6933665.1	100.000	76	0	0	6583	6658	76	1	1.72e-30	141
CFAV-Bangkok_Thailand_2015	SRA:SRR8996077.6931525.2	100.000	76	0	0	1499	1574	76	1	1.72e-30	141
CFAV-Bangkok_Thailand_2015	SRA:SRR8996077.6930506.2	100.000	76	0	0	9445	9520	1	76	1.72e-30	141
CFAV-Bangkok_Thailand_2015	SRA:SRR8996077.6926287.2	100.000	76	0	0	6306	6381	1	76	1.72e-30	141
CFAV-Bangkok_Thailand_2015	SRA:SRR8996077.6922896.2	100.000	76	0	0	1901	1976	1	76	1.72e-30	141
CFAV-Bangkok_Thailand_2015	SRA:SRR8996077.6922355.1	100.000	76	0	0	8007	8082	76	1	1.72e-30	141
CFAV-Bangkok_Thailand_2015	SRA:SRR8996077.6920153.2	100.000	76	0	0	3713	3788	1	76	1.72e-30	141
CFAV-Bangkok_Thailand_2015	SRA:SRR8996077.6919844.2	100.000	76	0	0	2021	2096	76	1	1.72e-30	141
CFAV-Bangkok_Thailand_2015	SRA:SRR8996077.6918176.2	100.000	76	0	0	7677	7752	76	1	1.72e-30	141
CFAV-Bangkok_Thailand_2015	SRA:SRR8996077.6917612.1	100.000	76	0	0	8207	8282	76	1	1.72e-30	141
CFAV-Bangkok_Thailand_2015	SRA:SRR8996077.6917350.1	100.000	76	0	0	6846	6921	1	76	1.72e-30	141
CFAV-Bangkok_Thailand_2015	SRA:SRR8996077.6917170.1	100.000	76	0	0	6883	6958	1	76	1.72e-30	141
CFAV-Bangkok_Thailand_2015	SRA:SRR8996077.6916419.1	100.000	76	0	0	1005	1080	1	76	1.72e-30	141
CFAV-Bangkok_Thailand_2015	SRA:SRR8996077.6913904.1	100.000	76	0	0	10308	10383	1	76	1.72e-30	141
CFAV-Bangkok_Thailand_2015	SRA:SRR8996077.6912685.1	100.000	76	0	0	8554	8629	1	76	1.72e-30	141
CFAV-Bangkok_Thailand_2015	SRA:SRR8996077.6908862.1	100.000	76	0	0	4319	4394	76	1	1.72e-30	141
CFAV-Bangkok_Thailand_2015	SRA:SRR8996077.6908322.2	100.000	76	0	0	7953	8028	76	1	1.72e-30	141
CFAV-Bangkok_Thailand_2015	SRA:SRR8996077.6907680.2	100.000	76	0	0	5521	5596	1	76	1.72e-30	141
CFAV-Bangkok_Thailand_2015	SRA:SRR8996077.6907374.2	100.000	76	0	0	6118	6193	1	76	1.72e-30	141
CFAV-Bangkok_Thailand_2015	SRA:SRR8996077.6906139.1	100.000	76	0	0	4450	4525	76	1	1.72e-30	141
CFAV-Bangkok_Thailand_2015	SRA:SRR8996077.6905886.2	100.000	76	0	0	3797	3872	1	76	1.72e-30	141
CFAV-Bangkok_Thailand_2015	SRA:SRR8996077.6901843.2	100.000	76	0	0	9435	9510	1	76	1.72e-30	141
CFAV-Bangkok_Thailand_2015	SRA:SRR8996077.6901263.2	100.000	76	0	0	3960	4035	1	76	1.72e-30	141
CFAV-Bangkok_Thailand_2015	SRA:SRR8996077.6894090.2	100.000	76	0	0	4108	4183	76	1	1.72e-30	141
CFAV-Bangkok_Thailand_2015	SRA:SRR8996077.6893565.2	100.000	76	0	0	7989	8064	76	1	1.72e-30	141
CFAV-Bangkok_Thailand_2015	SRA:SRR8996077.6892652.1	100.000	76	0	0	9796	9871	76	1	1.72e-30	141
CFAV-Bangkok_Thailand_2015	SRA:SRR8996077.6891635.2	100.000	76	0	0	9174	9249	76	1	1.72e-30	141
CFAV-Bangkok_Thailand_2015	SRA:SRR8996077.6886710.2	100.000	76	0	0	4189	4264	76	1	1.72e-30	141
CFAV-Bangkok_Thailand_2015	SRA:SRR8996077.6886053.1	100.000	76	0	0	1940	2015	1	76	1.72e-30	141
CFAV-Bangkok_Thailand_2015	SRA:SRR8996077.6884316.1	100.000	76	0	0	10241	10316	76	1	1.72e-30	141
CFAV-Bangkok_Thailand_2015	SRA:SRR8996077.6882871.2	100.000	76	0	0	9992	10067	1	76	1.72e-30	141
CFAV-Bangkok_Thailand_2015	SRA:SRR8996077.6882353.1	100.000	76	0	0	415	490	76	1	1.72e-30	141
CFAV-Bangkok_Thailand_2015	SRA:SRR8996077.6882221.1	100.000	76	0	0	3722	3797	76	1	1.72e-30	141
CFAV-Bangkok_Thailand_2015	SRA:SRR8996077.6881664.1	100.000	76	0	0	7293	7368	76	1	1.72e-30	141
CFAV-Bangkok_Thailand_2015	SRA:SRR8996077.6880591.2	100.000	76	0	0	6883	6958	1	76	1.72e-30	141
CFAV-Bangkok_Thailand_2015	SRA:SRR8996077.6880243.2	100.000	76	0	0	3896	3971	1	76	1.72e-30	141
CFAV-Bangkok_Thailand_2015	SRA:SRR8996077.6879204.1	100.000	76	0	0	5532	5607	1	76	1.72e-30	141
CFAV-Bangkok_Thailand_2015	SRA:SRR8996077.6878151.2	100.000	76	0	0	6579	6654	1	76	1.72e-30	141
CFAV-Bangkok_Thailand_2015	SRA:SRR8996077.6877946.1	100.000	76	0	0	3993	4068	1	76	1.72e-30	141
CFAV-Bangkok_Thailand_2015	SRA:SRR8996077.6875814.1	100.000	76	0	0	5813	5888	76	1	1.72e-30	141
CFAV-Bangkok_Thailand_2015	SRA:SRR8996077.6875181.2	100.000	76	0	0	3803	3878	76	1	1.72e-30	141
CFAV-Bangkok_Thailand_2015	SRA:SRR8996077.6873472.2	100.000	76	0	0	7976	8051	76	1	1.72e-30	141
CFAV-Bangkok_Thailand_2015	SRA:SRR8996077.6869047.2	100.000	76	0	0	6839	6914	76	1	1.72e-30	141
CFAV-Bangkok_Thailand_2015	SRA:SRR8996077.6868800.1	100.000	76	0	0	8985	9060	1	76	1.72e-30	141
CFAV-Bangkok_Thailand_2015	SRA:SRR8996077.6868661.2	100.000	76	0	0	9023	9098	1	76	1.72e-30	141
CFAV-Bangkok_Thailand_2015	SRA:SRR8996077.6868594.1	100.000	76	0	0	2976	3051	76	1	1.72e-30	141
CFAV-Bangkok_Thailand_2015	SRA:SRR8996077.6868572.1	100.000	76	0	0	1201	1276	1	76	1.72e-30	141
CFAV-Bangkok_Thailand_2015	SRA:SRR8996077.6868510.1	100.000	76	0	0	1625	1700	1	76	1.72e-30	141
CFAV-Bangkok_Thailand_2015	SRA:SRR8996077.6867878.1	100.000	76	0	0	7316	7391	1	76	1.72e-30	141
CFAV-Bangkok_Thailand_2015	SRA:SRR8996077.6865350.1	100.000	76	0	0	8272	8347	76	1	1.72e-30	141
CFAV-Bangkok_Thailand_2015	SRA:SRR8996077.6865305.2	100.000	76	0	0	1107	1182	1	76	1.72e-30	141
CFAV-Bangkok_Thailand_2015	SRA:SRR8996077.6865146.2	100.000	76	0	0	8007	8082	76	1	1.72e-30	141
CFAV-Bangkok_Thailand_2015	SRA:SRR8996077.6864925.2	100.000	76	0	0	9923	9998	1	76	1.72e-30	141
CFAV-Bangkok_Thailand_2015	SRA:SRR8996077.6863321.2	100.000	76	0	0	8241	8316	1	76	1.72e-30	141
CFAV-Bangkok_Thailand_2015	SRA:SRR8996077.6862617.1	100.000	76	0	0	9015	9090	76	1	1.72e-30	141
CFAV-Bangkok_Thailand_2015	SRA:SRR8996077.6862050.1	100.000	76	0	0	6277	6352	76	1	1.72e-30	141
CFAV-Bangkok_Thailand_2015	SRA:SRR8996077.6862046.1	100.000	76	0	0	3616	3691	1	76	1.72e-30	141
CFAV-Bangkok_Thailand_2015	SRA:SRR8996077.6861875.1	100.000	76	0	0	7933	8008	1	76	1.72e-30	141
CFAV-Bangkok_Thailand_2015	SRA:SRR8996077.6861771.1	100.000	76	0	0	3637	3712	1	76	1.72e-30	141
CFAV-Bangkok_Thailand_2015	SRA:SRR8996077.6861615.1	100.000	76	0	0	2681	2756	76	1	1.72e-30	141
CFAV-Bangkok_Thailand_2015	SRA:SRR8996077.6861569.1	100.000	76	0	0	1910	1985	1	76	1.72e-30	141
CFAV-Bangkok_Thailand_2015	SRA:SRR8996077.6861521.1	100.000	76	0	0	4571	4646	1	76	1.72e-30	141
CFAV-Bangkok_Thailand_2015	SRA:SRR8996077.6859457.2	100.000	76	0	0	5665	5740	76	1	1.72e-30	141
CFAV-Bangkok_Thailand_2015	SRA:SRR8996077.6858646.2	100.000	76	0	0	8274	8349	1	76	1.72e-30	141
CFAV-Bangkok_Thailand_2015	SRA:SRR8996077.6857451.1	100.000	76	0	0	909	984	76	1	1.72e-30	141
CFAV-Bangkok_Thailand_2015	SRA:SRR8996077.6857338.2	100.000	76	0	0	9079	9154	1	76	1.72e-30	141
CFAV-Bangkok_Thailand_2015	SRA:SRR8996077.6856610.1	100.000	76	0	0	408	483	1	76	1.72e-30	141
CFAV-Bangkok_Thailand_2015	SRA:SRR8996077.6856609.2	100.000	76	0	0	1201	1276	1	76	1.72e-30	141
CFAV-Bangkok_Thailand_2015	SRA:SRR8996077.6856246.1	100.000	76	0	0	3722	3797	76	1	1.72e-30	141
CFAV-Bangkok_Thailand_2015	SRA:SRR8996077.6856185.2	100.000	76	0	0	216	291	76	1	1.72e-30	141
CFAV-Bangkok_Thailand_2015	SRA:SRR8996077.6855749.1	100.000	76	0	0	6452	6527	76	1	1.72e-30	141
CFAV-Bangkok_Thailand_2015	SRA:SRR8996077.6854826.1	100.000	76	0	0	6843	6918	1	76	1.72e-30	141
CFAV-Bangkok_Thailand_2015	SRA:SRR8996077.6854219.2	100.000	76	0	0	1469	1544	76	1	1.72e-30	141
CFAV-Bangkok_Thailand_2015	SRA:SRR8996077.6854208.2	100.000	76	0	0	7953	8028	76	1	1.72e-30	141
CFAV-Bangkok_Thailand_2015	SRA:SRR8996077.6854083.1	100.000	76	0	0	4808	4883	1	76	1.72e-30	141
CFAV-Bangkok_Thailand_2015	SRA:SRR8996077.6852783.1	100.000	76	0	0	4412	4487	76	1	1.72e-30	141
CFAV-Bangkok_Thailand_2015	SRA:SRR8996077.6852199.1	100.000	76	0	0	108	183	1	76	1.72e-30	141
CFAV-Bangkok_Thailand_2015	SRA:SRR8996077.6852002.1	100.000	76	0	0	7264	7339	1	76	1.72e-30	141
CFAV-Bangkok_Thailand_2015	SRA:SRR8996077.6851688.1	100.000	76	0	0	6846	6921	1	76	1.72e-30	141
CFAV-Bangkok_Thailand_2015	SRA:SRR8996077.6851674.2	100.000	76	0	0	2049	2124	1	76	1.72e-30	141
CFAV-Bangkok_Thailand_2015	SRA:SRR8996077.6851359.1	100.000	76	0	0	9398	9473	76	1	1.72e-30	141
CFAV-Bangkok_Thailand_2015	SRA:SRR8996077.6850776.2	100.000	76	0	0	4441	4516	76	1	1.72e-30	141
CFAV-Bangkok_Thailand_2015	SRA:SRR8996077.6850070.1	100.000	76	0	0	1536	1611	1	76	1.72e-30	141
CFAV-Bangkok_Thailand_2015	SRA:SRR8996077.6850059.1	100.000	76	0	0	7390	7465	1	76	1.72e-30	141
CFAV-Bangkok_Thailand_2015	SRA:SRR8996077.6849770.2	100.000	76	0	0	3973	4048	1	76	1.72e-30	141
CFAV-Bangkok_Thailand_2015	SRA:SRR8996077.6849655.1	100.000	76	0	0	10325	10400	1	76	1.72e-30	141
CFAV-Bangkok_Thailand_2015	SRA:SRR8996077.6848181.2	100.000	76	0	0	10236	10311	1	76	1.72e-30	141
CFAV-Bangkok_Thailand_2015	SRA:SRR8996077.6847172.2	100.000	76	0	0	1016	1091	1	76	1.72e-30	141
CFAV-Bangkok_Thailand_2015	SRA:SRR8996077.6846679.2	100.000	76	0	0	1920	1995	1	76	1.72e-30	141
CFAV-Bangkok_Thailand_2015	SRA:SRR8996077.6846624.2	100.000	76	0	0	8296	8371	76	1	1.72e-30	141
CFAV-Bangkok_Thailand_2015	SRA:SRR8996077.6844826.1	100.000	76	0	0	2145	2220	76	1	1.72e-30	141
CFAV-Bangkok_Thailand_2015	SRA:SRR8996077.6844760.2	100.000	76	0	0	4902	4977	1	76	1.72e-30	141
CFAV-Bangkok_Thailand_2015	SRA:SRR8996077.6844589.2	100.000	76	0	0	7994	8069	76	1	1.72e-30	141
CFAV-Bangkok_Thailand_2015	SRA:SRR8996077.6844352.2	100.000	76	0	0	9398	9473	76	1	1.72e-30	141
CFAV-Bangkok_Thailand_2015	SRA:SRR8996077.6843688.1	100.000	76	0	0	7944	8019	1	76	1.72e-30	141
CFAV-Bangkok_Thailand_2015	SRA:SRR8996077.6843120.1	100.000	76	0	0	2663	2738	1	76	1.72e-30	141
CFAV-Bangkok_Thailand_2015	SRA:SRR8996077.6842243.1	100.000	76	0	0	3754	3829	76	1	1.72e-30	141
CFAV-Bangkok_Thailand_2015	SRA:SRR8996077.6841949.1	100.000	76	0	0	6661	6736	1	76	1.72e-30	141
CFAV-Bangkok_Thailand_2015	SRA:SRR8996077.6840830.1	100.000	76	0	0	6871	6946	1	76	1.72e-30	141
CFAV-Bangkok_Thailand_2015	SRA:SRR8996077.6840395.1	100.000	76	0	0	8272	8347	1	76	1.72e-30	141
CFAV-Bangkok_Thailand_2015	SRA:SRR8996077.6839298.1	100.000	76	0	0	8261	8336	1	76	1.72e-30	141
CFAV-Bangkok_Thailand_2015	SRA:SRR8996077.6838342.1	100.000	76	0	0	3354	3429	1	76	1.72e-30	141
CFAV-Bangkok_Thailand_2015	SRA:SRR8996077.6837338.1	100.000	76	0	0	8265	8340	76	1	1.72e-30	141
CFAV-Bangkok_Thailand_2015	SRA:SRR8996077.6836841.1	100.000	76	0	0	3624	3699	76	1	1.72e-30	141
CFAV-Bangkok_Thailand_2015	SRA:SRR8996077.6834484.2	100.000	76	0	0	9160	9235	1	76	1.72e-30	141
CFAV-Bangkok_Thailand_2015	SRA:SRR8996077.6833949.1	100.000	76	0	0	4550	4625	76	1	1.72e-30	141
CFAV-Bangkok_Thailand_2015	SRA:SRR8996077.6833160.1	100.000	76	0	0	7264	7339	1	76	1.72e-30	141
CFAV-Bangkok_Thailand_2015	SRA:SRR8996077.6832823.2	100.000	76	0	0	7645	7720	76	1	1.72e-30	141
CFAV-Bangkok_Thailand_2015	SRA:SRR8996077.6832746.2	100.000	76	0	0	503	578	1	76	1.72e-30	141
CFAV-Bangkok_Thailand_2015	SRA:SRR8996077.6831707.2	100.000	76	0	0	6424	6499	76	1	1.72e-30	141
CFAV-Bangkok_Thailand_2015	SRA:SRR8996077.6831237.1	100.000	76	0	0	267	342	76	1	1.72e-30	141
CFAV-Bangkok_Thailand_2015	SRA:SRR8996077.6831137.2	100.000	76	0	0	1620	1695	1	76	1.72e-30	141
CFAV-Bangkok_Thailand_2015	SRA:SRR8996077.6830786.2	100.000	76	0	0	5597	5672	1	76	1.72e-30	141
CFAV-Bangkok_Thailand_2015	SRA:SRR8996077.6830199.2	100.000	76	0	0	8261	8336	1	76	1.72e-30	141
CFAV-Bangkok_Thailand_2015	SRA:SRR8996077.6829294.1	100.000	76	0	0	8316	8391	76	1	1.72e-30	141
CFAV-Bangkok_Thailand_2015	SRA:SRR8996077.6829270.1	100.000	76	0	0	8002	8077	76	1	1.72e-30	141
CFAV-Bangkok_Thailand_2015	SRA:SRR8996077.6827080.2	100.000	76	0	0	9150	9225	1	76	1.72e-30	141
CFAV-Bangkok_Thailand_2015	SRA:SRR8996077.6826867.1	100.000	76	0	0	1896	1971	1	76	1.72e-30	141
CFAV-Bangkok_Thailand_2015	SRA:SRR8996077.6826491.1	100.000	76	0	0	626	701	76	1	1.72e-30	141
CFAV-Bangkok_Thailand_2015	SRA:SRR8996077.6826132.1	100.000	76	0	0	10271	10346	1	76	1.72e-30	141
CFAV-Bangkok_Thailand_2015	SRA:SRR8996077.6825276.1	100.000	76	0	0	8342	8417	76	1	1.72e-30	141
CFAV-Bangkok_Thailand_2015	SRA:SRR8996077.6825043.2	100.000	76	0	0	2681	2756	76	1	1.72e-30	141
CFAV-Bangkok_Thailand_2015	SRA:SRR8996077.6825037.2	100.000	76	0	0	7985	8060	1	76	1.72e-30	141
CFAV-Bangkok_Thailand_2015	SRA:SRR8996077.6824836.1	100.000	76	0	0	8532	8607	76	1	1.72e-30	141
CFAV-Bangkok_Thailand_2015	SRA:SRR8996077.6824558.2	100.000	76	0	0	108	183	1	76	1.72e-30	141
CFAV-Bangkok_Thailand_2015	SRA:SRR8996077.6822578.2	100.000	76	0	0	8703	8778	76	1	1.72e-30	141
CFAV-Bangkok_Thailand_2015	SRA:SRR8996077.6822212.2	100.000	76	0	0	1804	1879	76	1	1.72e-30	141
CFAV-Bangkok_Thailand_2015	SRA:SRR8996077.6820389.2	100.000	76	0	0	510	585	1	76	1.72e-30	141
CFAV-Bangkok_Thailand_2015	SRA:SRR8996077.6820097.2	100.000	76	0	0	8194	8269	76	1	1.72e-30	141
CFAV-Bangkok_Thailand_2015	SRA:SRR8996077.6820005.2	100.000	76	0	0	5857	5932	1	76	1.72e-30	141
CFAV-Bangkok_Thailand_2015	SRA:SRR8996077.6819700.2	100.000	76	0	0	7834	7909	76	1	1.72e-30	141
CFAV-Bangkok_Thailand_2015	SRA:SRR8996077.6819111.1	100.000	76	0	0	1113	1188	76	1	1.72e-30	141
CFAV-Bangkok_Thailand_2015	SRA:SRR8996077.6818852.2	100.000	76	0	0	3768	3843	76	1	1.72e-30	141
CFAV-Bangkok_Thailand_2015	SRA:SRR8996077.6818702.2	100.000	76	0	0	8301	8376	1	76	1.72e-30	141
CFAV-Bangkok_Thailand_2015	SRA:SRR8996077.6817952.1	100.000	76	0	0	7898	7973	1	76	1.72e-30	141
CFAV-Bangkok_Thailand_2015	SRA:SRR8996077.6817816.1	100.000	76	0	0	3712	3787	1	76	1.72e-30	141
CFAV-Bangkok_Thailand_2015	SRA:SRR8996077.6817198.1	100.000	76	0	0	3768	3843	76	1	1.72e-30	141
CFAV-Bangkok_Thailand_2015	SRA:SRR8996077.6816733.2	100.000	76	0	0	3637	3712	76	1	1.72e-30	141
CFAV-Bangkok_Thailand_2015	SRA:SRR8996077.6815222.1	100.000	76	0	0	7656	7731	1	76	1.72e-30	141
CFAV-Bangkok_Thailand_2015	SRA:SRR8996077.6814327.2	100.000	76	0	0	6377	6452	1	76	1.72e-30	141
CFAV-Bangkok_Thailand_2015	SRA:SRR8996077.6813814.2	100.000	76	0	0	9026	9101	1	76	1.72e-30	141
CFAV-Bangkok_Thailand_2015	SRA:SRR8996077.6812213.1	100.000	76	0	0	1619	1694	1	76	1.72e-30	141
CFAV-Bangkok_Thailand_2015	SRA:SRR8996077.6811196.1	100.000	76	0	0	8270	8345	76	1	1.72e-30	141
CFAV-Bangkok_Thailand_2015	SRA:SRR8996077.6810570.1	100.000	76	0	0	2312	2387	1	76	1.72e-30	141
CFAV-Bangkok_Thailand_2015	SRA:SRR8996077.6810400.1	100.000	76	0	0	9147	9222	1	76	1.72e-30	141
CFAV-Bangkok_Thailand_2015	SRA:SRR8996077.6809018.2	100.000	76	0	0	5835	5910	76	1	1.72e-30	141
CFAV-Bangkok_Thailand_2015	SRA:SRR8996077.6805867.1	100.000	76	0	0	2034	2109	76	1	1.72e-30	141
CFAV-Bangkok_Thailand_2015	SRA:SRR8996077.6802008.2	100.000	76	0	0	3660	3735	1	76	1.72e-30	141
CFAV-Bangkok_Thailand_2015	SRA:SRR8996077.6802008.1	100.000	76	0	0	3723	3798	76	1	1.72e-30	141
CFAV-Bangkok_Thailand_2015	SRA:SRR8996077.6801284.1	100.000	76	0	0	9656	9731	1	76	1.72e-30	141
CFAV-Bangkok_Thailand_2015	SRA:SRR8996077.6800332.2	100.000	76	0	0	8396	8471	76	1	1.72e-30	141
CFAV-Bangkok_Thailand_2015	SRA:SRR8996077.6798135.2	100.000	76	0	0	363	438	1	76	1.72e-30	141
CFAV-Bangkok_Thailand_2015	SRA:SRR8996077.6798081.1	100.000	76	0	0	3625	3700	1	76	1.72e-30	141
CFAV-Bangkok_Thailand_2015	SRA:SRR8996077.6796823.1	100.000	76	0	0	5530	5605	76	1	1.72e-30	141
CFAV-Bangkok_Thailand_2015	SRA:SRR8996077.6796109.2	100.000	76	0	0	6416	6491	76	1	1.72e-30	141
CFAV-Bangkok_Thailand_2015	SRA:SRR8996077.6796074.2	100.000	76	0	0	3983	4058	1	76	1.72e-30	141
CFAV-Bangkok_Thailand_2015	SRA:SRR8996077.6795848.2	100.000	76	0	0	6891	6966	1	76	1.72e-30	141
CFAV-Bangkok_Thailand_2015	SRA:SRR8996077.6794897.1	100.000	76	0	0	7271	7346	1	76	1.72e-30	141
CFAV-Bangkok_Thailand_2015	SRA:SRR8996077.6794503.1	100.000	76	0	0	10235	10310	1	76	1.72e-30	141
CFAV-Bangkok_Thailand_2015	SRA:SRR8996077.6794253.2	100.000	76	0	0	3304	3379	1	76	1.72e-30	141
CFAV-Bangkok_Thailand_2015	SRA:SRR8996077.6792254.2	100.000	76	0	0	9040	9115	76	1	1.72e-30	141
CFAV-Bangkok_Thailand_2015	SRA:SRR8996077.6790987.1	100.000	76	0	0	8541	8616	1	76	1.72e-30	141
CFAV-Bangkok_Thailand_2015	SRA:SRR8996077.6789944.2	100.000	76	0	0	9408	9483	1	76	1.72e-30	141
CFAV-Bangkok_Thailand_2015	SRA:SRR8996077.6789149.1	100.000	76	0	0	2173	2248	1	76	1.72e-30	141
CFAV-Bangkok_Thailand_2015	SRA:SRR8996077.6787525.1	100.000	76	0	0	2663	2738	1	76	1.72e-30	141
CFAV-Bangkok_Thailand_2015	SRA:SRR8996077.6785536.1	100.000	76	0	0	1472	1547	76	1	1.72e-30	141
CFAV-Bangkok_Thailand_2015	SRA:SRR8996077.6784022.1	100.000	76	0	0	6891	6966	1	76	1.72e-30	141
CFAV-Bangkok_Thailand_2015	SRA:SRR8996077.6781197.1	100.000	76	0	0	7910	7985	76	1	1.72e-30	141
CFAV-Bangkok_Thailand_2015	SRA:SRR8996077.6780481.2	100.000	76	0	0	3721	3796	1	76	1.72e-30	141
CFAV-Bangkok_Thailand_2015	SRA:SRR8996077.6780275.1	100.000	76	0	0	8316	8391	76	1	1.72e-30	141
CFAV-Bangkok_Thailand_2015	SRA:SRR8996077.6779968.1	100.000	76	0	0	10045	10120	1	76	1.72e-30	141
CFAV-Bangkok_Thailand_2015	SRA:SRR8996077.6777952.2	100.000	76	0	0	9424	9499	1	76	1.72e-30	141
CFAV-Bangkok_Thailand_2015	SRA:SRR8996077.6777001.2	100.000	76	0	0	1669	1744	76	1	1.72e-30	141
CFAV-Bangkok_Thailand_2015	SRA:SRR8996077.6776215.1	100.000	76	0	0	1469	1544	76	1	1.72e-30	141
CFAV-Bangkok_Thailand_2015	SRA:SRR8996077.6775596.1	100.000	76	0	0	2348	2423	1	76	1.72e-30	141
CFAV-Bangkok_Thailand_2015	SRA:SRR8996077.6775343.2	100.000	76	0	0	6557	6632	1	76	1.72e-30	141
CFAV-Bangkok_Thailand_2015	SRA:SRR8996077.6774936.2	100.000	76	0	0	7403	7478	1	76	1.72e-30	141
CFAV-Bangkok_Thailand_2015	SRA:SRR8996077.6774076.2	100.000	76	0	0	4083	4158	1	76	1.72e-30	141
CFAV-Bangkok_Thailand_2015	SRA:SRR8996077.6770024.1	100.000	76	0	0	1927	2002	1	76	1.72e-30	141
CFAV-Bangkok_Thailand_2015	SRA:SRR8996077.6769899.1	100.000	76	0	0	252	327	1	76	1.72e-30	141
CFAV-Bangkok_Thailand_2015	SRA:SRR8996077.6769707.1	100.000	76	0	0	1635	1710	1	76	1.72e-30	141
CFAV-Bangkok_Thailand_2015	SRA:SRR8996077.6768978.2	100.000	76	0	0	2020	2095	1	76	1.72e-30	141
CFAV-Bangkok_Thailand_2015	SRA:SRR8996077.6767988.1	100.000	76	0	0	378	453	76	1	1.72e-30	141
CFAV-Bangkok_Thailand_2015	SRA:SRR8996077.6767166.2	100.000	76	0	0	10411	10486	76	1	1.72e-30	141
CFAV-Bangkok_Thailand_2015	SRA:SRR8996077.6764187.2	100.000	76	0	0	9164	9239	76	1	1.72e-30	141
CFAV-Bangkok_Thailand_2015	SRA:SRR8996077.6763756.1	100.000	76	0	0	9082	9157	76	1	1.72e-30	141
CFAV-Bangkok_Thailand_2015	SRA:SRR8996077.6763669.1	100.000	76	0	0	7730	7805	1	76	1.72e-30	141
CFAV-Bangkok_Thailand_2015	SRA:SRR8996077.6763600.2	100.000	76	0	0	6416	6491	76	1	1.72e-30	141
CFAV-Bangkok_Thailand_2015	SRA:SRR8996077.6761241.2	100.000	76	0	0	8518	8593	76	1	1.72e-30	141
CFAV-Bangkok_Thailand_2015	SRA:SRR8996077.6760766.1	100.000	76	0	0	935	1010	1	76	1.72e-30	141
CFAV-Bangkok_Thailand_2015	SRA:SRR8996077.6760617.2	100.000	76	0	0	7306	7381	1	76	1.72e-30	141
CFAV-Bangkok_Thailand_2015	SRA:SRR8996077.6760440.2	100.000	76	0	0	1933	2008	76	1	1.72e-30	141
CFAV-Bangkok_Thailand_2015	SRA:SRR8996077.6760148.2	100.000	76	0	0	5592	5667	76	1	1.72e-30	141
CFAV-Bangkok_Thailand_2015	SRA:SRR8996077.6759359.1	100.000	76	0	0	9077	9152	1	76	1.72e-30	141
CFAV-Bangkok_Thailand_2015	SRA:SRR8996077.6758227.2	100.000	76	0	0	9412	9487	1	76	1.72e-30	141
CFAV-Bangkok_Thailand_2015	SRA:SRR8996077.6755401.2	100.000	76	0	0	8541	8616	1	76	1.72e-30	141
CFAV-Bangkok_Thailand_2015	SRA:SRR8996077.6754252.1	100.000	76	0	0	8211	8286	1	76	1.72e-30	141
CFAV-Bangkok_Thailand_2015	SRA:SRR8996077.6753749.2	100.000	76	0	0	1501	1576	76	1	1.72e-30	141
CFAV-Bangkok_Thailand_2015	SRA:SRR8996077.6753696.1	100.000	76	0	0	7720	7795	76	1	1.72e-30	141
CFAV-Bangkok_Thailand_2015	SRA:SRR8996077.6753439.1	100.000	76	0	0	3579	3654	76	1	1.72e-30	141
CFAV-Bangkok_Thailand_2015	SRA:SRR8996077.6752966.2	100.000	76	0	0	626	701	76	1	1.72e-30	141
CFAV-Bangkok_Thailand_2015	SRA:SRR8996077.6752390.2	100.000	76	0	0	2643	2718	1	76	1.72e-30	141
CFAV-Bangkok_Thailand_2015	SRA:SRR8996077.6751971.1	100.000	76	0	0	5635	5710	76	1	1.72e-30	141
CFAV-Bangkok_Thailand_2015	SRA:SRR8996077.6751033.2	100.000	76	0	0	7485	7560	1	76	1.72e-30	141
CFAV-Bangkok_Thailand_2015	SRA:SRR8996077.6750165.2	100.000	76	0	0	189	264	1	76	1.72e-30	141
CFAV-Bangkok_Thailand_2015	SRA:SRR8996077.6749094.1	100.000	76	0	0	9641	9716	1	76	1.72e-30	141
CFAV-Bangkok_Thailand_2015	SRA:SRR8996077.6748651.2	100.000	76	0	0	267	342	76	1	1.72e-30	141
CFAV-Bangkok_Thailand_2015	SRA:SRR8996077.6743314.1	100.000	76	0	0	6649	6724	1	76	1.72e-30	141
CFAV-Bangkok_Thailand_2015	SRA:SRR8996077.6741847.1	100.000	76	0	0	9440	9515	1	76	1.72e-30	141
CFAV-Bangkok_Thailand_2015	SRA:SRR8996077.6741010.1	100.000	76	0	0	3025	3100	1	76	1.72e-30	141
CFAV-Bangkok_Thailand_2015	SRA:SRR8996077.6740478.2	100.000	76	0	0	6118	6193	1	76	1.72e-30	141
CFAV-Bangkok_Thailand_2015	SRA:SRR8996077.6740468.2	100.000	76	0	0	7293	7368	76	1	1.72e-30	141
CFAV-Bangkok_Thailand_2015	SRA:SRR8996077.6740157.1	100.000	76	0	0	4412	4487	76	1	1.72e-30	141
CFAV-Bangkok_Thailand_2015	SRA:SRR8996077.6739931.2	100.000	76	0	0	8657	8732	1	76	1.72e-30	141
CFAV-Bangkok_Thailand_2015	SRA:SRR8996077.6738409.1	100.000	76	0	0	4811	4886	76	1	1.72e-30	141
CFAV-Bangkok_Thailand_2015	SRA:SRR8996077.6738295.2	100.000	76	0	0	5773	5848	1	76	1.72e-30	141
CFAV-Bangkok_Thailand_2015	SRA:SRR8996077.6737019.1	100.000	76	0	0	8545	8620	76	1	1.72e-30	141
CFAV-Bangkok_Thailand_2015	SRA:SRR8996077.6736905.2	100.000	76	0	0	7267	7342	76	1	1.72e-30	141
CFAV-Bangkok_Thailand_2015	SRA:SRR8996077.6736470.2	100.000	76	0	0	4550	4625	76	1	1.72e-30	141
CFAV-Bangkok_Thailand_2015	SRA:SRR8996077.6736244.2	100.000	76	0	0	1896	1971	1	76	1.72e-30	141
CFAV-Bangkok_Thailand_2015	SRA:SRR8996077.6736143.2	100.000	76	0	0	1901	1976	1	76	1.72e-30	141
CFAV-Bangkok_Thailand_2015	SRA:SRR8996077.6736071.1	100.000	76	0	0	7399	7474	1	76	1.72e-30	141
CFAV-Bangkok_Thailand_2015	SRA:SRR8996077.6735815.1	100.000	76	0	0	3797	3872	1	76	1.72e-30	141
CFAV-Bangkok_Thailand_2015	SRA:SRR8996077.6735655.1	100.000	76	0	0	3556	3631	76	1	1.72e-30	141
CFAV-Bangkok_Thailand_2015	SRA:SRR8996077.6734705.1	100.000	76	0	0	7911	7986	76	1	1.72e-30	141
CFAV-Bangkok_Thailand_2015	SRA:SRR8996077.6733063.1	100.000	76	0	0	7675	7750	1	76	1.72e-30	141
CFAV-Bangkok_Thailand_2015	SRA:SRR8996077.6732760.2	100.000	76	0	0	237	312	76	1	1.72e-30	141
CFAV-Bangkok_Thailand_2015	SRA:SRR8996077.6732656.2	100.000	76	0	0	5530	5605	76	1	1.72e-30	141
CFAV-Bangkok_Thailand_2015	SRA:SRR8996077.6732577.2	100.000	76	0	0	5835	5910	76	1	1.72e-30	141
CFAV-Bangkok_Thailand_2015	SRA:SRR8996077.6731100.1	100.000	76	0	0	4412	4487	76	1	1.72e-30	141
CFAV-Bangkok_Thailand_2015	SRA:SRR8996077.6731072.2	100.000	76	0	0	2021	2096	76	1	1.72e-30	141
CFAV-Bangkok_Thailand_2015	SRA:SRR8996077.6729643.1	100.000	76	0	0	1669	1744	76	1	1.72e-30	141
CFAV-Bangkok_Thailand_2015	SRA:SRR8996077.6729513.2	100.000	76	0	0	3722	3797	76	1	1.72e-30	141
CFAV-Bangkok_Thailand_2015	SRA:SRR8996077.6727187.2	100.000	76	0	0	6463	6538	76	1	1.72e-30	141
CFAV-Bangkok_Thailand_2015	SRA:SRR8996077.6726420.2	100.000	76	0	0	6421	6496	1	76	1.72e-30	141
CFAV-Bangkok_Thailand_2015	SRA:SRR8996077.6726357.1	100.000	76	0	0	2232	2307	76	1	1.72e-30	141
CFAV-Bangkok_Thailand_2015	SRA:SRR8996077.6723903.2	100.000	76	0	0	624	699	1	76	1.72e-30	141
CFAV-Bangkok_Thailand_2015	SRA:SRR8996077.6723836.2	100.000	76	0	0	7107	7182	1	76	1.72e-30	141
CFAV-Bangkok_Thailand_2015	SRA:SRR8996077.6723218.1	100.000	76	0	0	6442	6517	76	1	1.72e-30	141
CFAV-Bangkok_Thailand_2015	SRA:SRR8996077.6723002.1	100.000	76	0	0	10003	10078	76	1	1.72e-30	141
CFAV-Bangkok_Thailand_2015	SRA:SRR8996077.6721957.2	100.000	76	0	0	7856	7931	1	76	1.72e-30	141
CFAV-Bangkok_Thailand_2015	SRA:SRR8996077.6719672.2	100.000	76	0	0	3983	4058	1	76	1.72e-30	141
CFAV-Bangkok_Thailand_2015	SRA:SRR8996077.6719022.1	100.000	76	0	0	6442	6517	76	1	1.72e-30	141
CFAV-Bangkok_Thailand_2015	SRA:SRR8996077.6718616.1	100.000	76	0	0	7086	7161	76	1	1.72e-30	141
CFAV-Bangkok_Thailand_2015	SRA:SRR8996077.6718337.2	100.000	76	0	0	5580	5655	1	76	1.72e-30	141
CFAV-Bangkok_Thailand_2015	SRA:SRR8996077.6717904.1	100.000	76	0	0	3960	4035	1	76	1.72e-30	141
CFAV-Bangkok_Thailand_2015	SRA:SRR8996077.6717448.2	100.000	76	0	0	989	1064	1	76	1.72e-30	141
CFAV-Bangkok_Thailand_2015	SRA:SRR8996077.6715034.1	100.000	76	0	0	7618	7693	76	1	1.72e-30	141
CFAV-Bangkok_Thailand_2015	SRA:SRR8996077.6713944.1	100.000	76	0	0	4899	4974	1	76	1.72e-30	141
CFAV-Bangkok_Thailand_2015	SRA:SRR8996077.6713479.1	100.000	76	0	0	1479	1554	1	76	1.72e-30	141
CFAV-Bangkok_Thailand_2015	SRA:SRR8996077.6713152.1	100.000	76	0	0	10017	10092	76	1	1.72e-30	141
CFAV-Bangkok_Thailand_2015	SRA:SRR8996077.6712528.1	100.000	76	0	0	1712	1787	76	1	1.72e-30	141
CFAV-Bangkok_Thailand_2015	SRA:SRR8996077.6711349.2	100.000	76	0	0	4815	4890	1	76	1.72e-30	141
CFAV-Bangkok_Thailand_2015	SRA:SRR8996077.6710825.2	100.000	76	0	0	6579	6654	1	76	1.72e-30	141
CFAV-Bangkok_Thailand_2015	SRA:SRR8996077.6710710.2	100.000	76	0	0	8975	9050	76	1	1.72e-30	141
CFAV-Bangkok_Thailand_2015	SRA:SRR8996077.6710088.2	100.000	76	0	0	2318	2393	1	76	1.72e-30	141
CFAV-Bangkok_Thailand_2015	SRA:SRR8996077.6709818.2	100.000	76	0	0	600	675	76	1	1.72e-30	141
CFAV-Bangkok_Thailand_2015	SRA:SRR8996077.6709363.1	100.000	76	0	0	5764	5839	1	76	1.72e-30	141
CFAV-Bangkok_Thailand_2015	SRA:SRR8996077.6709221.1	100.000	76	0	0	3722	3797	76	1	1.72e-30	141
CFAV-Bangkok_Thailand_2015	SRA:SRR8996077.6709036.2	100.000	76	0	0	6871	6946	1	76	1.72e-30	141
CFAV-Bangkok_Thailand_2015	SRA:SRR8996077.6708808.1	100.000	76	0	0	1536	1611	1	76	1.72e-30	141
CFAV-Bangkok_Thailand_2015	SRA:SRR8996077.6708726.1	100.000	76	0	0	3344	3419	76	1	1.72e-30	141
CFAV-Bangkok_Thailand_2015	SRA:SRR8996077.6708541.1	100.000	76	0	0	252	327	1	76	1.72e-30	141
CFAV-Bangkok_Thailand_2015	SRA:SRR8996077.6707331.2	100.000	76	0	0	189	264	1	76	1.72e-30	141
CFAV-Bangkok_Thailand_2015	SRA:SRR8996077.6706984.1	100.000	76	0	0	3556	3631	76	1	1.72e-30	141
CFAV-Bangkok_Thailand_2015	SRA:SRR8996077.6706498.1	100.000	76	0	0	6129	6204	76	1	1.72e-30	141
CFAV-Bangkok_Thailand_2015	SRA:SRR8996077.6706319.1	100.000	76	0	0	9624	9699	76	1	1.72e-30	141
CFAV-Bangkok_Thailand_2015	SRA:SRR8996077.6705807.1	100.000	76	0	0	8272	8347	76	1	1.72e-30	141
CFAV-Bangkok_Thailand_2015	SRA:SRR8996077.6705806.1	100.000	76	0	0	9447	9522	76	1	1.72e-30	141
CFAV-Bangkok_Thailand_2015	SRA:SRR8996077.6704851.2	100.000	76	0	0	9971	10046	1	76	1.72e-30	141
CFAV-Bangkok_Thailand_2015	SRA:SRR8996077.6704688.2	100.000	76	0	0	1684	1759	76	1	1.72e-30	141
CFAV-Bangkok_Thailand_2015	SRA:SRR8996077.6704612.1	100.000	76	0	0	9795	9870	1	76	1.72e-30	141
CFAV-Bangkok_Thailand_2015	SRA:SRR8996077.6704328.2	100.000	76	0	0	1469	1544	76	1	1.72e-30	141
CFAV-Bangkok_Thailand_2015	SRA:SRR8996077.6702927.1	100.000	76	0	0	2647	2722	1	76	1.72e-30	141
CFAV-Bangkok_Thailand_2015	SRA:SRR8996077.6702492.2	100.000	76	0	0	3744	3819	1	76	1.72e-30	141
CFAV-Bangkok_Thailand_2015	SRA:SRR8996077.6702383.1	100.000	76	0	0	5540	5615	76	1	1.72e-30	141
CFAV-Bangkok_Thailand_2015	SRA:SRR8996077.6701185.2	100.000	76	0	0	1940	2015	1	76	1.72e-30	141
CFAV-Bangkok_Thailand_2015	SRA:SRR8996077.6700891.2	100.000	76	0	0	6617	6692	1	76	1.72e-30	141
CFAV-Bangkok_Thailand_2015	SRA:SRR8996077.6700528.1	100.000	76	0	0	600	675	76	1	1.72e-30	141
CFAV-Bangkok_Thailand_2015	SRA:SRR8996077.6700160.1	100.000	76	0	0	910	985	76	1	1.72e-30	141
CFAV-Bangkok_Thailand_2015	SRA:SRR8996077.6698416.1	100.000	76	0	0	5616	5691	76	1	1.72e-30	141
CFAV-Bangkok_Thailand_2015	SRA:SRR8996077.6696680.1	100.000	76	0	0	3721	3796	1	76	1.72e-30	141
CFAV-Bangkok_Thailand_2015	SRA:SRR8996077.6696568.1	100.000	76	0	0	6447	6522	76	1	1.72e-30	141
CFAV-Bangkok_Thailand_2015	SRA:SRR8996077.6696387.1	100.000	76	0	0	6662	6737	1	76	1.72e-30	141
CFAV-Bangkok_Thailand_2015	SRA:SRR8996077.6695190.1	100.000	76	0	0	1451	1526	76	1	1.72e-30	141
CFAV-Bangkok_Thailand_2015	SRA:SRR8996077.6692316.1	100.000	76	0	0	7711	7786	76	1	1.72e-30	141
