MK860761.1	SRA:SRR871496.190846189.2	100.000	99	0	0	7348	7446	1	99	1.22e-41	183
MK860761.1	SRA:SRR871496.164937244.1	100.000	99	0	0	7375	7473	1	99	1.22e-41	183
MK860761.1	SRA:SRR871496.23660326.2	100.000	99	0	0	7348	7446	1	99	1.22e-41	183
MK860761.1	SRA:SRR871496.178062290.1	100.000	97	0	0	7331	7427	3	99	1.58e-40	180
MK860761.1	SRA:SRR871496.170709975.1	98.990	99	1	0	3954	4052	1	99	5.67e-40	178
MK860761.1	SRA:SRR871496.106477575.2	98.990	99	1	0	3955	4053	1	99	5.67e-40	178
MK860761.1	SRA:SRR871496.92694477.2	98.990	99	1	0	3992	4090	1	99	5.67e-40	178
MK860761.1	SRA:SRR871496.86556819.1	98.990	99	1	0	3954	4052	1	99	5.67e-40	178
MK860761.1	SRA:SRR871496.77657968.1	98.990	99	1	0	3979	4077	99	1	5.67e-40	178
MK860761.1	SRA:SRR871496.22399147.1	98.990	99	1	0	3680	3778	99	1	5.67e-40	178
MK860761.1	SRA:SRR871496.206310330.1	97.980	99	2	0	3631	3729	99	1	2.64e-38	172
MK860761.1	SRA:SRR871496.154321954.1	97.980	99	2	0	3702	3800	1	99	2.64e-38	172
MK860761.1	SRA:SRR871496.35486641.1	97.980	99	2	0	3646	3744	1	99	2.64e-38	172
MK860761.1	SRA:SRR871496.2423674.1	97.980	99	2	0	3627	3725	1	99	2.64e-38	172
MK860761.1	SRA:SRR871496.95373301.1	98.936	94	1	0	4001	4094	1	94	3.42e-37	169
MK860761.1	SRA:SRR871496.199951214.1	96.970	99	3	0	3769	3867	1	99	1.23e-36	167
MK860761.1	SRA:SRR871496.179776400.1	96.970	99	3	0	4035	4133	1	99	1.23e-36	167
MK860761.1	SRA:SRR871496.160925039.2	96.970	99	3	0	3755	3853	1	99	1.23e-36	167
MK860761.1	SRA:SRR871496.154218685.1	96.970	99	3	0	3931	4029	1	99	1.23e-36	167
MK860761.1	SRA:SRR871496.111725721.2	96.970	99	3	0	3711	3809	1	99	1.23e-36	167
MK860761.1	SRA:SRR871496.89840685.2	96.970	99	3	0	8633	8731	1	99	1.23e-36	167
MK860761.1	SRA:SRR871496.86556819.2	96.970	99	3	0	4059	4157	99	1	1.23e-36	167
MK860761.1	SRA:SRR871496.76676590.2	96.970	99	3	0	4005	4103	99	1	1.23e-36	167
MK860761.1	SRA:SRR871496.62910096.2	96.970	99	3	0	3755	3853	1	99	1.23e-36	167
MK860761.1	SRA:SRR871496.52273017.2	96.970	99	3	0	4008	4106	99	1	1.23e-36	167
MK860761.1	SRA:SRR871496.51739514.2	96.970	99	3	0	3638	3736	99	1	1.23e-36	167
MK860761.1	SRA:SRR871496.17010072.2	96.970	99	3	0	8628	8726	1	99	1.23e-36	167
MK860761.1	SRA:SRR871496.5434602.1	96.970	99	3	0	3596	3694	99	1	1.23e-36	167
MK860761.1	SRA:SRR871496.106543267.2	98.913	92	1	0	7322	7413	92	1	4.42e-36	165
MK860761.1	SRA:SRR871496.190846189.1	95.960	99	4	0	8612	8710	99	1	5.71e-35	161
MK860761.1	SRA:SRR871496.170709975.2	95.960	99	4	0	4059	4157	99	1	5.71e-35	161
MK860761.1	SRA:SRR871496.154218685.2	95.960	99	4	0	4056	4154	99	1	5.71e-35	161
MK860761.1	SRA:SRR871496.106477575.1	95.960	99	4	0	4110	4208	99	1	5.71e-35	161
MK860761.1	SRA:SRR871496.102600766.1	95.960	99	4	0	3810	3908	1	99	5.71e-35	161
MK860761.1	SRA:SRR871496.87880713.2	95.960	99	4	0	3773	3871	1	99	5.71e-35	161
MK860761.1	SRA:SRR871496.70718847.1	95.960	99	4	0	3731	3829	99	1	5.71e-35	161
MK860761.1	SRA:SRR871496.33719323.1	95.960	99	4	0	3731	3829	99	1	5.71e-35	161
MK860761.1	SRA:SRR871496.23660326.1	95.960	99	4	0	8612	8710	99	1	5.71e-35	161
MK860761.1	SRA:SRR871496.193111527.1	95.918	98	4	0	8608	8705	98	1	2.06e-34	159
MK860761.1	SRA:SRR871496.92694477.1	94.949	99	5	0	4123	4221	99	1	2.66e-33	156
MK860761.1	SRA:SRR871496.90531248.2	95.833	96	4	0	3831	3926	1	96	2.66e-33	156
MK860761.1	SRA:SRR871496.52349058.1	94.949	99	5	0	4117	4215	1	99	2.66e-33	156
MK860761.1	SRA:SRR871496.44685839.1	94.949	99	5	0	3822	3920	1	99	2.66e-33	156
MK860761.1	SRA:SRR871496.2423674.2	95.833	96	4	0	3831	3926	99	4	2.66e-33	156
MK860761.1	SRA:SRR871496.60029747.2	96.774	93	1	1	7407	7497	1	93	9.56e-33	154
MK860761.1	SRA:SRR871496.175221986.2	94.792	96	5	0	3831	3926	1	96	1.24e-31	150
MK860761.1	SRA:SRR871496.95373301.2	93.878	98	6	0	4141	4238	99	2	4.45e-31	148
MK860761.1	SRA:SRR871496.85624518.2	98.795	83	1	0	7322	7404	83	1	4.45e-31	148
MK860761.1	SRA:SRR871496.193111527.2	96.629	89	1	1	7411	7497	1	89	1.60e-30	147
MK860761.1	SRA:SRR871496.85624518.1	100.000	79	0	0	3924	4002	79	1	1.60e-30	147
MK860761.1	SRA:SRR871496.109955280.2	92.929	99	7	0	8566	8664	99	1	5.76e-30	145
MK860761.1	SRA:SRR871496.71955871.1	92.929	99	7	0	4153	4251	1	99	5.76e-30	145
MK860761.1	SRA:SRR871496.60029747.1	92.929	99	7	0	8567	8665	99	1	5.76e-30	145
MK860761.1	SRA:SRR871496.583594.1	96.591	88	1	1	7412	7497	99	12	5.76e-30	145
MK860761.1	SRA:SRR871496.106543267.1	100.000	75	0	0	3924	3998	75	1	2.68e-28	139
MK860761.1	SRA:SRR871496.77709505.2	95.402	87	4	0	3840	3926	1	87	2.68e-28	139
MK860761.1	SRA:SRR871496.91998837.1	97.436	78	2	0	3596	3673	78	1	1.25e-26	134
MK860761.1	SRA:SRR871496.206644838.1	97.368	76	2	0	3596	3671	76	1	1.61e-25	130
MK860761.1	SRA:SRR871496.164937244.2	97.333	75	2	0	8674	8748	99	25	5.80e-25	128
MK860761.1	SRA:SRR871496.137696975.1	97.333	75	2	0	3596	3670	75	1	5.80e-25	128
MK860761.1	SRA:SRR871496.93188094.1	97.333	75	2	0	3596	3670	75	1	5.80e-25	128
MK860761.1	SRA:SRR871496.192549503.2	97.260	73	2	0	3596	3668	73	1	7.50e-24	124
MK860761.1	SRA:SRR871496.52273017.1	98.571	70	1	0	7322	7391	70	1	7.50e-24	124
MK860761.1	SRA:SRR871496.22399147.2	97.260	73	2	0	3596	3668	27	99	7.50e-24	124
MK860761.1	SRA:SRR871496.179761910.1	97.101	69	2	0	3596	3664	69	1	1.25e-21	117
MK860761.1	SRA:SRR871496.178062290.2	95.833	72	1	1	7428	7497	99	28	4.51e-21	115
MK860761.1	SRA:SRR871496.41437334.2	95.082	61	3	0	3596	3656	61	1	1.63e-15	97.1
MK860761.1	SRA:SRR871496.31052884.1	98.182	55	1	0	3596	3650	55	1	1.63e-15	97.1
MK860761.1	SRA:SRR871496.583594.2	98.000	50	1	0	7322	7371	50	99	9.84e-13	87.9
MK860761.1	SRA:SRR871496.77657968.2	100.000	44	0	0	3924	3967	56	99	4.58e-11	82.4
MK860761.1	SRA:SRR871496.182350745.2	95.556	45	2	0	3596	3640	45	1	2.75e-08	73.1
MK860761.1	SRA:SRR871496.109955280.1	100.000	32	0	0	3924	3955	32	1	2.14e-04	60.2
MK860761.1	SRA:SRR871496.88729662.2	96.970	33	1	0	3596	3628	33	1	0.003	56.5
MK860761.1	SRA:SRR871496.45100484.1	96.970	33	1	0	3596	3628	33	1	0.003	56.5
