CFAV-Bangkok_Thailand_2015	SRA:SRR8921130.47755550.2	99.324	148	1	0	3178	3325	148	1	1.34e-67	268
CFAV-Bangkok_Thailand_2015	SRA:SRR8921130.42531223.2	98.013	151	3	0	1649	1799	151	1	6.24e-66	263
CFAV-Bangkok_Thailand_2015	SRA:SRR8921130.19435493.2	98.013	151	3	0	330	480	151	1	6.24e-66	263
CFAV-Bangkok_Thailand_2015	SRA:SRR8921130.51606291.1	97.351	151	4	0	2999	3149	1	151	2.90e-64	257
CFAV-Bangkok_Thailand_2015	SRA:SRR8921130.50244677.1	97.351	151	4	0	686	836	1	151	2.90e-64	257
CFAV-Bangkok_Thailand_2015	SRA:SRR8921130.50243412.1	97.351	151	4	0	686	836	1	151	2.90e-64	257
CFAV-Bangkok_Thailand_2015	SRA:SRR8921130.49190217.1	97.351	151	4	0	1176	1326	1	151	2.90e-64	257
CFAV-Bangkok_Thailand_2015	SRA:SRR8921130.49158316.1	97.351	151	4	0	1176	1326	1	151	2.90e-64	257
CFAV-Bangkok_Thailand_2015	SRA:SRR8921130.49157748.1	97.351	151	4	0	1176	1326	1	151	2.90e-64	257
CFAV-Bangkok_Thailand_2015	SRA:SRR8921130.47755550.1	97.351	151	4	0	3158	3308	1	151	2.90e-64	257
CFAV-Bangkok_Thailand_2015	SRA:SRR8921130.20869150.2	97.351	151	4	0	768	918	151	1	2.90e-64	257
CFAV-Bangkok_Thailand_2015	SRA:SRR8921130.20868600.2	97.351	151	4	0	768	918	151	1	2.90e-64	257
CFAV-Bangkok_Thailand_2015	SRA:SRR8921130.17637259.2	97.351	151	4	0	752	902	151	1	2.90e-64	257
CFAV-Bangkok_Thailand_2015	SRA:SRR8921130.44799592.1	97.333	150	4	0	1177	1326	1	150	1.04e-63	255
CFAV-Bangkok_Thailand_2015	SRA:SRR8921130.44794054.1	97.333	150	4	0	1177	1326	1	150	1.04e-63	255
CFAV-Bangkok_Thailand_2015	SRA:SRR8921130.42531223.1	97.333	150	4	0	1638	1787	1	150	1.04e-63	255
CFAV-Bangkok_Thailand_2015	SRA:SRR8921130.20869150.1	97.333	150	4	0	688	837	1	150	1.04e-63	255
CFAV-Bangkok_Thailand_2015	SRA:SRR8921130.20868600.1	97.333	150	4	0	688	837	1	150	1.04e-63	255
CFAV-Bangkok_Thailand_2015	SRA:SRR8921130.17637259.1	97.333	150	4	0	677	826	1	150	1.04e-63	255
CFAV-Bangkok_Thailand_2015	SRA:SRR8921130.14784224.1	97.333	150	4	0	3009	3158	1	150	1.04e-63	255
CFAV-Bangkok_Thailand_2015	SRA:SRR8921130.36664629.2	97.315	149	4	0	2989	3137	149	1	3.76e-63	254
CFAV-Bangkok_Thailand_2015	SRA:SRR8921130.51986292.1	97.297	148	4	0	641	788	1	148	1.35e-62	252
CFAV-Bangkok_Thailand_2015	SRA:SRR8921130.49190217.2	96.689	151	5	0	1345	1495	151	1	1.35e-62	252
CFAV-Bangkok_Thailand_2015	SRA:SRR8921130.49157748.2	96.689	151	5	0	1345	1495	151	1	1.35e-62	252
CFAV-Bangkok_Thailand_2015	SRA:SRR8921130.17726419.2	96.689	151	5	0	2920	3070	151	1	1.35e-62	252
CFAV-Bangkok_Thailand_2015	SRA:SRR8921130.50244677.2	96.667	150	5	0	790	939	150	1	4.86e-62	250
CFAV-Bangkok_Thailand_2015	SRA:SRR8921130.50243412.2	96.667	150	5	0	790	939	150	1	4.86e-62	250
CFAV-Bangkok_Thailand_2015	SRA:SRR8921130.42298735.2	96.667	150	5	0	3071	3220	150	1	4.86e-62	250
CFAV-Bangkok_Thailand_2015	SRA:SRR8921130.42298735.1	96.667	150	5	0	3071	3220	1	150	4.86e-62	250
CFAV-Bangkok_Thailand_2015	SRA:SRR8921130.37731952.2	99.275	138	1	0	3906	4043	138	1	4.86e-62	250
CFAV-Bangkok_Thailand_2015	SRA:SRR8921130.50900157.2	96.026	151	6	0	3418	3568	151	1	6.29e-61	246
CFAV-Bangkok_Thailand_2015	SRA:SRR8921130.44895362.2	96.026	151	6	0	2875	3025	151	1	6.29e-61	246
CFAV-Bangkok_Thailand_2015	SRA:SRR8921130.44799592.2	96.026	151	6	0	1258	1408	151	1	6.29e-61	246
CFAV-Bangkok_Thailand_2015	SRA:SRR8921130.44794054.2	96.026	151	6	0	1258	1408	151	1	6.29e-61	246
CFAV-Bangkok_Thailand_2015	SRA:SRR8921130.17726419.1	96.026	151	6	0	2880	3030	1	151	6.29e-61	246
CFAV-Bangkok_Thailand_2015	SRA:SRR8921130.12352981.2	96.026	151	6	0	2800	2950	151	1	6.29e-61	246
CFAV-Bangkok_Thailand_2015	SRA:SRR8921130.12352981.1	96.026	151	6	0	2800	2950	1	151	6.29e-61	246
CFAV-Bangkok_Thailand_2015	SRA:SRR8921130.2605442.1	96.026	151	6	0	3420	3570	1	151	6.29e-61	246
CFAV-Bangkok_Thailand_2015	SRA:SRR8921130.51606291.2	96.599	147	5	0	3094	3240	147	1	2.26e-60	244
CFAV-Bangkok_Thailand_2015	SRA:SRR8921130.36664629.1	96.000	150	6	0	2885	3034	1	150	2.26e-60	244
CFAV-Bangkok_Thailand_2015	SRA:SRR8921130.43952.1	96.000	150	6	0	996	1145	1	150	2.26e-60	244
CFAV-Bangkok_Thailand_2015	SRA:SRR8921130.50900157.1	94.702	151	8	0	3367	3517	1	151	1.36e-57	235
CFAV-Bangkok_Thailand_2015	SRA:SRR8921130.49158316.2	94.702	151	8	0	1345	1495	151	1	1.36e-57	235
CFAV-Bangkok_Thailand_2015	SRA:SRR8921130.273028.1	94.702	151	8	0	4051	4201	1	151	1.36e-57	235
CFAV-Bangkok_Thailand_2015	SRA:SRR8921130.16114959.2	94.667	150	7	1	4042	4190	151	2	1.76e-56	231
CFAV-Bangkok_Thailand_2015	SRA:SRR8921130.44895362.1	95.172	145	7	0	2859	3003	7	151	6.33e-56	230
CFAV-Bangkok_Thailand_2015	SRA:SRR8921130.9266183.1	94.040	151	9	0	1831	1981	1	151	6.33e-56	230
CFAV-Bangkok_Thailand_2015	SRA:SRR8921130.33985533.2	95.745	141	6	0	2037	2177	143	3	2.28e-55	228
CFAV-Bangkok_Thailand_2015	SRA:SRR8921130.20165243.2	95.745	141	6	0	3289	3429	141	1	2.28e-55	228
CFAV-Bangkok_Thailand_2015	SRA:SRR8921130.20165243.1	95.745	141	6	0	3289	3429	3	143	2.28e-55	228
CFAV-Bangkok_Thailand_2015	SRA:SRR8921130.43952.2	93.960	149	9	0	1019	1167	149	1	8.19e-55	226
CFAV-Bangkok_Thailand_2015	SRA:SRR8921130.33985533.1	95.035	141	7	0	2037	2177	1	141	2.95e-54	224
CFAV-Bangkok_Thailand_2015	SRA:SRR8921130.37874636.2	95.035	141	7	0	2585	2725	141	1	1.06e-53	222
CFAV-Bangkok_Thailand_2015	SRA:SRR8921130.37874636.1	95.035	141	7	0	2585	2725	2	142	1.06e-53	222
CFAV-Bangkok_Thailand_2015	SRA:SRR8921130.37405606.2	95.035	141	7	0	2431	2571	141	1	1.06e-53	222
CFAV-Bangkok_Thailand_2015	SRA:SRR8921130.37405606.1	95.035	141	7	0	2431	2571	1	141	1.06e-53	222
CFAV-Bangkok_Thailand_2015	SRA:SRR8921130.9266183.2	93.289	149	10	0	1906	2054	149	1	3.81e-53	220
CFAV-Bangkok_Thailand_2015	SRA:SRR8921130.4057359.2	93.243	148	10	0	4081	4228	148	1	1.37e-52	219
CFAV-Bangkok_Thailand_2015	SRA:SRR8921130.4057359.1	93.793	145	9	0	4081	4225	1	145	1.37e-52	219
CFAV-Bangkok_Thailand_2015	SRA:SRR8921130.273028.2	93.793	145	9	0	4081	4225	146	2	1.37e-52	219
CFAV-Bangkok_Thailand_2015	SRA:SRR8921130.3673309.2	96.212	132	5	0	898	1029	132	1	4.93e-52	217
CFAV-Bangkok_Thailand_2015	SRA:SRR8921130.3673309.1	96.212	132	5	0	898	1029	1	132	4.93e-52	217
CFAV-Bangkok_Thailand_2015	SRA:SRR8921130.20025468.1	93.706	143	8	1	401	543	10	151	6.37e-51	213
CFAV-Bangkok_Thailand_2015	SRA:SRR8921130.37731952.1	100.000	114	0	0	3906	4019	37	150	2.29e-50	211
CFAV-Bangkok_Thailand_2015	SRA:SRR8921130.18026445.2	96.825	126	4	0	3121	3246	126	1	2.29e-50	211
CFAV-Bangkok_Thailand_2015	SRA:SRR8921130.18026445.1	96.825	126	4	0	3121	3246	1	126	2.29e-50	211
CFAV-Bangkok_Thailand_2015	SRA:SRR8921130.45972425.2	96.800	125	4	0	3439	3563	125	1	8.25e-50	209
CFAV-Bangkok_Thailand_2015	SRA:SRR8921130.45972425.1	96.800	125	4	0	3439	3563	1	125	8.25e-50	209
CFAV-Bangkok_Thailand_2015	SRA:SRR8921130.21362666.2	96.774	124	4	0	1327	1450	124	1	2.97e-49	207
CFAV-Bangkok_Thailand_2015	SRA:SRR8921130.21362666.1	96.774	124	4	0	1327	1450	1	124	2.97e-49	207
CFAV-Bangkok_Thailand_2015	SRA:SRR8921130.34507371.2	96.610	118	4	0	380	497	118	1	6.42e-46	196
CFAV-Bangkok_Thailand_2015	SRA:SRR8921130.34507371.1	96.610	118	4	0	380	497	1	118	6.42e-46	196
CFAV-Bangkok_Thailand_2015	SRA:SRR8921130.34507211.2	96.610	118	4	0	380	497	118	1	6.42e-46	196
CFAV-Bangkok_Thailand_2015	SRA:SRR8921130.34507211.1	96.610	118	4	0	380	497	1	118	6.42e-46	196
CFAV-Bangkok_Thailand_2015	SRA:SRR8921130.49126580.2	98.182	110	2	0	1408	1517	112	3	8.30e-45	193
CFAV-Bangkok_Thailand_2015	SRA:SRR8921130.14120091.2	93.651	126	8	0	8605	8730	1	126	1.07e-43	189
CFAV-Bangkok_Thailand_2015	SRA:SRR8921130.30463382.2	97.170	106	3	0	3009	3114	106	1	6.47e-41	180
CFAV-Bangkok_Thailand_2015	SRA:SRR8921130.30463382.1	97.170	106	3	0	3009	3114	1	106	6.47e-41	180
CFAV-Bangkok_Thailand_2015	SRA:SRR8921130.14120091.1	94.118	119	5	2	8613	8730	140	23	6.47e-41	180
CFAV-Bangkok_Thailand_2015	SRA:SRR8921130.36909355.2	94.017	117	7	0	1799	1915	117	1	2.33e-40	178
CFAV-Bangkok_Thailand_2015	SRA:SRR8921130.33879574.2	95.327	107	5	0	1852	1958	107	1	3.89e-38	171
CFAV-Bangkok_Thailand_2015	SRA:SRR8921130.33879574.1	95.327	107	5	0	1852	1958	1	107	3.89e-38	171
CFAV-Bangkok_Thailand_2015	SRA:SRR8921130.10854779.2	94.059	101	6	0	2678	2778	101	1	3.92e-33	154
CFAV-Bangkok_Thailand_2015	SRA:SRR8921130.10854779.1	94.059	101	6	0	2678	2778	1	101	3.92e-33	154
CFAV-Bangkok_Thailand_2015	SRA:SRR8921130.20025468.2	94.792	96	5	0	597	692	150	55	5.07e-32	150
CFAV-Bangkok_Thailand_2015	SRA:SRR8921130.20025468.2	98.182	55	1	0	2760	2814	55	1	6.70e-16	97.1
CFAV-Bangkok_Thailand_2015	SRA:SRR8921130.3164954.2	96.667	90	3	0	2866	2955	90	1	5.07e-32	150
CFAV-Bangkok_Thailand_2015	SRA:SRR8921130.3164954.1	96.667	90	3	0	2866	2955	1	90	5.07e-32	150
CFAV-Bangkok_Thailand_2015	SRA:SRR8921130.8656795.2	97.222	72	2	0	2731	2802	72	1	1.11e-23	122
CFAV-Bangkok_Thailand_2015	SRA:SRR8921130.8656795.1	96.000	75	3	0	2728	2802	3	77	1.11e-23	122
CFAV-Bangkok_Thailand_2015	SRA:SRR8921130.22329068.2	98.485	66	1	0	316	381	66	1	5.14e-22	117
CFAV-Bangkok_Thailand_2015	SRA:SRR8921130.22329068.1	98.485	66	1	0	316	381	78	143	5.14e-22	117
CFAV-Bangkok_Thailand_2015	SRA:SRR8921130.17969462.2	100.000	36	0	0	316	351	36	1	5.25e-07	67.6
