MK860761.1	SRA:SRR871500.33283064.2	100.000	99	0	0	3931	4029	1	99	9.60e-42	183
MK860761.1	SRA:SRR871500.5544154.1	100.000	99	0	0	7369	7467	1	99	9.60e-42	183
MK860761.1	SRA:SRR871500.133028538.1	98.990	99	1	0	3995	4093	1	99	4.47e-40	178
MK860761.1	SRA:SRR871500.102626151.1	98.990	99	1	0	3995	4093	1	99	4.47e-40	178
MK860761.1	SRA:SRR871500.32514539.2	98.990	99	1	0	3987	4085	1	99	4.47e-40	178
MK860761.1	SRA:SRR871500.161234545.1	97.980	99	2	0	3639	3737	1	99	2.08e-38	172
MK860761.1	SRA:SRR871500.127053122.2	97.980	99	2	0	3704	3802	1	99	2.08e-38	172
MK860761.1	SRA:SRR871500.92764538.1	97.980	99	2	0	3623	3721	1	99	2.08e-38	172
MK860761.1	SRA:SRR871500.4413326.1	97.980	99	2	0	3630	3728	99	1	2.08e-38	172
MK860761.1	SRA:SRR871500.68000888.1	100.000	92	0	0	3924	4015	92	1	7.47e-38	171
MK860761.1	SRA:SRR871500.44860345.2	96.970	99	3	0	3719	3817	1	99	9.67e-37	167
MK860761.1	SRA:SRR871500.19591261.2	96.970	99	3	0	8638	8736	1	99	9.67e-37	167
MK860761.1	SRA:SRR871500.107879023.2	96.907	97	3	0	8626	8722	3	99	1.25e-35	163
MK860761.1	SRA:SRR871500.8084042.2	96.907	97	3	0	3748	3844	97	1	1.25e-35	163
MK860761.1	SRA:SRR871500.6556359.2	96.907	97	3	0	8626	8722	3	99	1.25e-35	163
MK860761.1	SRA:SRR871500.147423413.1	95.960	99	4	0	3791	3889	1	99	4.50e-35	161
MK860761.1	SRA:SRR871500.133028538.2	95.960	99	4	0	4110	4208	99	1	4.50e-35	161
MK860761.1	SRA:SRR871500.110231033.1	95.960	99	4	0	3810	3908	1	99	4.50e-35	161
MK860761.1	SRA:SRR871500.102626151.2	95.960	99	4	0	4110	4208	99	1	4.50e-35	161
MK860761.1	SRA:SRR871500.92764538.2	95.960	99	4	0	3796	3894	99	1	4.50e-35	161
MK860761.1	SRA:SRR871500.68158246.1	95.960	99	4	0	3801	3899	99	1	4.50e-35	161
MK860761.1	SRA:SRR871500.161234545.2	94.949	99	5	0	3821	3919	99	1	2.09e-33	156
MK860761.1	SRA:SRR871500.100945817.2	94.949	99	5	0	3821	3919	1	99	2.09e-33	156
MK860761.1	SRA:SRR871500.33283064.1	94.949	99	5	0	4122	4220	99	1	2.09e-33	156
MK860761.1	SRA:SRR871500.38135655.2	98.824	85	1	0	7322	7406	15	99	2.71e-32	152
MK860761.1	SRA:SRR871500.99364074.1	93.939	99	6	0	3810	3908	1	99	9.74e-32	150
MK860761.1	SRA:SRR871500.5544154.2	96.552	87	3	0	8662	8748	99	13	4.53e-30	145
MK860761.1	SRA:SRR871500.32514539.1	92.553	94	6	1	4173	4265	99	6	9.81e-27	134
MK860761.1	SRA:SRR871500.109116909.2	97.403	77	2	0	8672	8748	98	22	3.53e-26	132
MK860761.1	SRA:SRR871500.68000888.2	98.551	69	1	0	7322	7390	69	1	2.12e-23	122
MK860761.1	SRA:SRR871500.109116909.1	95.946	74	1	1	7426	7497	1	74	2.75e-22	119
MK860761.1	SRA:SRR871500.8084042.1	98.361	61	1	0	3596	3656	36	96	5.94e-19	108
