CFAV-Bangkok_Thailand_2015	SRA:SRR8921124.14377506.1	99.333	150	1	0	976	1125	1	150	9.25e-69	272
CFAV-Bangkok_Thailand_2015	SRA:SRR8921124.37707843.2	99.329	149	1	0	3580	3728	151	3	3.33e-68	270
CFAV-Bangkok_Thailand_2015	SRA:SRR8921124.42415652.1	98.675	151	2	0	1019	1169	1	151	1.20e-67	268
CFAV-Bangkok_Thailand_2015	SRA:SRR8921124.38042215.1	98.013	151	3	0	1552	1702	1	151	5.57e-66	263
CFAV-Bangkok_Thailand_2015	SRA:SRR8921124.7982431.1	98.013	151	3	0	1659	1809	1	151	5.57e-66	263
CFAV-Bangkok_Thailand_2015	SRA:SRR8921124.7954281.1	98.013	151	3	0	1659	1809	1	151	5.57e-66	263
CFAV-Bangkok_Thailand_2015	SRA:SRR8921124.6700690.2	98.000	150	3	0	1552	1701	150	1	2.00e-65	261
CFAV-Bangkok_Thailand_2015	SRA:SRR8921124.7873362.2	97.987	149	3	0	1591	1739	149	1	7.20e-65	259
CFAV-Bangkok_Thailand_2015	SRA:SRR8921124.38042215.2	97.351	151	4	0	1582	1732	151	1	2.59e-64	257
CFAV-Bangkok_Thailand_2015	SRA:SRR8921124.14377506.2	97.351	151	4	0	1024	1174	151	1	2.59e-64	257
CFAV-Bangkok_Thailand_2015	SRA:SRR8921124.7873362.1	97.351	151	4	0	1578	1728	1	151	2.59e-64	257
CFAV-Bangkok_Thailand_2015	SRA:SRR8921124.6700690.1	97.351	151	4	0	1524	1674	1	151	2.59e-64	257
CFAV-Bangkok_Thailand_2015	SRA:SRR8921124.42415652.2	98.611	144	2	0	1026	1169	151	8	9.31e-64	255
CFAV-Bangkok_Thailand_2015	SRA:SRR8921124.19041325.2	97.333	150	4	0	760	909	150	1	9.31e-64	255
CFAV-Bangkok_Thailand_2015	SRA:SRR8921124.19041158.2	97.333	150	4	0	760	909	150	1	9.31e-64	255
CFAV-Bangkok_Thailand_2015	SRA:SRR8921124.42390894.1	99.286	140	1	0	979	1118	1	140	3.35e-63	254
CFAV-Bangkok_Thailand_2015	SRA:SRR8921124.42388569.1	99.286	140	1	0	979	1118	1	140	3.35e-63	254
CFAV-Bangkok_Thailand_2015	SRA:SRR8921124.38949071.2	99.286	140	1	0	979	1118	140	1	3.35e-63	254
CFAV-Bangkok_Thailand_2015	SRA:SRR8921124.38949071.1	99.286	140	1	0	979	1118	1	140	3.35e-63	254
CFAV-Bangkok_Thailand_2015	SRA:SRR8921124.38948465.2	99.286	140	1	0	979	1118	140	1	3.35e-63	254
CFAV-Bangkok_Thailand_2015	SRA:SRR8921124.38948465.1	99.286	140	1	0	979	1118	1	140	3.35e-63	254
CFAV-Bangkok_Thailand_2015	SRA:SRR8921124.39237540.1	96.689	151	5	0	1524	1674	1	151	1.20e-62	252
CFAV-Bangkok_Thailand_2015	SRA:SRR8921124.37605511.1	96.689	151	5	0	669	819	1	151	1.20e-62	252
CFAV-Bangkok_Thailand_2015	SRA:SRR8921124.28214102.1	96.689	151	5	0	352	502	1	151	1.20e-62	252
CFAV-Bangkok_Thailand_2015	SRA:SRR8921124.20063538.1	96.689	151	5	0	764	914	1	151	1.20e-62	252
CFAV-Bangkok_Thailand_2015	SRA:SRR8921124.12581778.2	96.689	151	5	0	2071	2221	151	1	1.20e-62	252
CFAV-Bangkok_Thailand_2015	SRA:SRR8921124.12581778.1	96.689	151	5	0	2069	2219	1	151	1.20e-62	252
CFAV-Bangkok_Thailand_2015	SRA:SRR8921124.7983490.1	96.689	151	5	0	1659	1809	1	151	1.20e-62	252
CFAV-Bangkok_Thailand_2015	SRA:SRR8921124.37605511.2	96.667	150	5	0	728	877	150	1	4.33e-62	250
CFAV-Bangkok_Thailand_2015	SRA:SRR8921124.42390894.2	98.571	140	2	0	979	1118	140	1	1.56e-61	248
CFAV-Bangkok_Thailand_2015	SRA:SRR8921124.42388569.2	98.571	140	2	0	979	1118	140	1	1.56e-61	248
CFAV-Bangkok_Thailand_2015	SRA:SRR8921124.17557989.1	96.644	149	5	0	1363	1511	2	150	1.56e-61	248
CFAV-Bangkok_Thailand_2015	SRA:SRR8921124.43013870.2	96.026	151	6	0	530	680	151	1	5.61e-61	246
CFAV-Bangkok_Thailand_2015	SRA:SRR8921124.39237540.2	96.026	151	6	0	1615	1765	151	1	5.61e-61	246
CFAV-Bangkok_Thailand_2015	SRA:SRR8921124.28815079.2	96.026	151	6	0	2876	3026	151	1	5.61e-61	246
CFAV-Bangkok_Thailand_2015	SRA:SRR8921124.28815079.1	96.026	151	6	0	2792	2942	1	151	5.61e-61	246
CFAV-Bangkok_Thailand_2015	SRA:SRR8921124.24202931.1	96.026	151	6	0	2880	3030	1	151	5.61e-61	246
CFAV-Bangkok_Thailand_2015	SRA:SRR8921124.20063538.2	96.026	151	6	0	868	1018	151	1	5.61e-61	246
CFAV-Bangkok_Thailand_2015	SRA:SRR8921124.19041325.1	96.026	151	6	0	601	751	1	151	5.61e-61	246
CFAV-Bangkok_Thailand_2015	SRA:SRR8921124.19041158.1	96.026	151	6	0	601	751	1	151	5.61e-61	246
CFAV-Bangkok_Thailand_2015	SRA:SRR8921124.17557989.2	96.026	151	6	0	1449	1599	151	1	5.61e-61	246
CFAV-Bangkok_Thailand_2015	SRA:SRR8921124.7982431.2	96.026	151	6	0	1718	1868	151	1	5.61e-61	246
CFAV-Bangkok_Thailand_2015	SRA:SRR8921124.7954281.2	96.026	151	6	0	1718	1868	151	1	5.61e-61	246
CFAV-Bangkok_Thailand_2015	SRA:SRR8921124.24202931.2	96.000	150	6	0	2910	3059	150	1	2.02e-60	244
CFAV-Bangkok_Thailand_2015	SRA:SRR8921124.17517754.2	96.000	150	6	0	2184	2333	150	1	2.02e-60	244
CFAV-Bangkok_Thailand_2015	SRA:SRR8921124.11685281.1	96.000	150	6	0	3272	3421	2	151	2.02e-60	244
CFAV-Bangkok_Thailand_2015	SRA:SRR8921124.17517754.1	95.973	149	6	0	2185	2333	2	150	7.25e-60	243
CFAV-Bangkok_Thailand_2015	SRA:SRR8921124.43013870.1	95.364	151	7	0	519	669	1	151	2.61e-59	241
CFAV-Bangkok_Thailand_2015	SRA:SRR8921124.38987220.2	95.946	148	6	0	556	703	148	1	2.61e-59	241
CFAV-Bangkok_Thailand_2015	SRA:SRR8921124.38983461.2	95.946	148	6	0	556	703	148	1	2.61e-59	241
CFAV-Bangkok_Thailand_2015	SRA:SRR8921124.33282872.1	95.364	151	7	0	463	613	1	151	2.61e-59	241
CFAV-Bangkok_Thailand_2015	SRA:SRR8921124.28214102.2	95.946	148	6	0	469	616	149	2	2.61e-59	241
CFAV-Bangkok_Thailand_2015	SRA:SRR8921124.11685281.2	95.364	151	7	0	3329	3479	151	1	2.61e-59	241
CFAV-Bangkok_Thailand_2015	SRA:SRR8921124.38987220.1	95.302	149	7	0	497	645	2	150	3.37e-58	237
CFAV-Bangkok_Thailand_2015	SRA:SRR8921124.38983461.1	95.302	149	7	0	497	645	2	150	3.37e-58	237
CFAV-Bangkok_Thailand_2015	SRA:SRR8921124.33282872.2	94.702	151	8	0	521	671	151	1	1.21e-57	235
CFAV-Bangkok_Thailand_2015	SRA:SRR8921124.27327078.1	95.105	143	7	0	2436	2578	1	143	7.30e-55	226
CFAV-Bangkok_Thailand_2015	SRA:SRR8921124.26922418.1	95.105	143	7	0	3367	3509	1	143	7.30e-55	226
CFAV-Bangkok_Thailand_2015	SRA:SRR8921124.38526594.1	93.377	151	10	0	2596	2746	1	151	2.63e-54	224
CFAV-Bangkok_Thailand_2015	SRA:SRR8921124.7983490.2	93.377	151	10	0	1718	1868	151	1	2.63e-54	224
CFAV-Bangkok_Thailand_2015	SRA:SRR8921124.29651058.2	95.652	138	6	0	2187	2324	138	1	9.45e-54	222
CFAV-Bangkok_Thailand_2015	SRA:SRR8921124.29651058.1	95.652	138	6	0	2187	2324	1	138	9.45e-54	222
CFAV-Bangkok_Thailand_2015	SRA:SRR8921124.1676412.2	96.923	130	4	0	3121	3250	132	3	1.22e-52	219
CFAV-Bangkok_Thailand_2015	SRA:SRR8921124.1676412.1	96.923	130	4	0	3121	3250	1	130	1.22e-52	219
CFAV-Bangkok_Thailand_2015	SRA:SRR8921124.20457027.2	95.385	130	6	0	401	530	130	1	2.65e-49	207
CFAV-Bangkok_Thailand_2015	SRA:SRR8921124.20457027.1	96.774	124	4	0	401	524	1	124	2.65e-49	207
CFAV-Bangkok_Thailand_2015	SRA:SRR8921124.22387259.2	97.500	120	3	0	1401	1520	120	1	9.51e-49	206
CFAV-Bangkok_Thailand_2015	SRA:SRR8921124.5717747.2	98.291	117	2	0	1581	1697	118	2	9.51e-49	206
CFAV-Bangkok_Thailand_2015	SRA:SRR8921124.5717747.1	98.291	117	2	0	1581	1697	1	117	9.51e-49	206
CFAV-Bangkok_Thailand_2015	SRA:SRR8921124.27327078.2	92.308	143	11	0	2436	2578	143	1	3.42e-48	204
CFAV-Bangkok_Thailand_2015	SRA:SRR8921124.21656109.2	94.783	115	6	0	877	991	115	1	5.77e-41	180
CFAV-Bangkok_Thailand_2015	SRA:SRR8921124.21656109.1	94.783	115	6	0	877	991	1	115	5.77e-41	180
CFAV-Bangkok_Thailand_2015	SRA:SRR8921124.38230793.2	96.429	56	2	0	3407	3462	139	84	7.73e-15	93.5
CFAV-Bangkok_Thailand_2015	SRA:SRR8921124.38230793.1	96.429	56	2	0	3407	3462	3	58	7.73e-15	93.5
CFAV-Bangkok_Thailand_2015	SRA:SRR8921124.31448078.2	100.000	29	0	0	316	344	29	1	0.004	54.7
CFAV-Bangkok_Thailand_2015	SRA:SRR8921124.31408645.2	100.000	29	0	0	316	344	29	1	0.004	54.7
