CFAV-Bangkok_Thailand_2015	SRA:SRR9693054.18132517.2	99.010	101	1	0	3886	3986	1	101	4.35e-42	182
CFAV-Bangkok_Thailand_2015	SRA:SRR9693054.18132517.1	99.010	101	1	0	3910	4010	101	1	4.35e-42	182
CFAV-Bangkok_Thailand_2015	SRA:SRR9693054.7040935.1	99.010	101	1	0	1200	1300	101	1	4.35e-42	182
CFAV-Bangkok_Thailand_2015	SRA:SRR9693054.19281656.1	98.020	101	2	0	5676	5776	101	1	2.02e-40	176
CFAV-Bangkok_Thailand_2015	SRA:SRR9693054.18941518.1	98.020	101	2	0	1538	1638	101	1	2.02e-40	176
CFAV-Bangkok_Thailand_2015	SRA:SRR9693054.13726296.1	98.020	101	2	0	9102	9202	101	1	2.02e-40	176
CFAV-Bangkok_Thailand_2015	SRA:SRR9693054.11431795.2	98.020	101	2	0	307	407	1	101	2.02e-40	176
CFAV-Bangkok_Thailand_2015	SRA:SRR9693054.1865382.2	98.020	101	2	0	3640	3740	101	1	2.02e-40	176
CFAV-Bangkok_Thailand_2015	SRA:SRR9693054.1865382.1	98.020	101	2	0	3607	3707	1	101	2.02e-40	176
CFAV-Bangkok_Thailand_2015	SRA:SRR9693054.1171748.2	98.000	100	2	0	1047	1146	2	101	7.28e-40	174
CFAV-Bangkok_Thailand_2015	SRA:SRR9693054.17487039.1	97.980	99	2	0	9943	10041	99	1	2.62e-39	172
CFAV-Bangkok_Thailand_2015	SRA:SRR9693054.13726296.2	97.980	99	2	0	9043	9141	3	101	2.62e-39	172
CFAV-Bangkok_Thailand_2015	SRA:SRR9693054.7109453.2	97.980	99	2	0	6027	6125	1	99	2.62e-39	172
CFAV-Bangkok_Thailand_2015	SRA:SRR9693054.1171748.1	97.980	99	2	0	1257	1355	101	3	2.62e-39	172
CFAV-Bangkok_Thailand_2015	SRA:SRR9693054.11529555.2	97.030	101	3	0	6630	6730	1	101	9.41e-39	171
CFAV-Bangkok_Thailand_2015	SRA:SRR9693054.11050293.2	97.030	101	3	0	506	606	1	101	9.41e-39	171
CFAV-Bangkok_Thailand_2015	SRA:SRR9693054.7109453.1	97.030	101	3	0	6150	6250	101	1	9.41e-39	171
CFAV-Bangkok_Thailand_2015	SRA:SRR9693054.6993344.2	97.030	101	3	0	630	730	1	101	9.41e-39	171
CFAV-Bangkok_Thailand_2015	SRA:SRR9693054.3217812.1	97.030	101	3	0	7216	7316	101	1	9.41e-39	171
CFAV-Bangkok_Thailand_2015	SRA:SRR9693054.11158196.1	97.000	100	3	0	6805	6904	100	1	3.39e-38	169
CFAV-Bangkok_Thailand_2015	SRA:SRR9693054.11503809.1	96.040	101	4	0	9892	9992	101	1	4.38e-37	165
CFAV-Bangkok_Thailand_2015	SRA:SRR9693054.11431795.1	96.040	101	4	0	364	464	101	1	4.38e-37	165
CFAV-Bangkok_Thailand_2015	SRA:SRR9693054.11050293.1	96.040	101	4	0	566	666	101	1	4.38e-37	165
CFAV-Bangkok_Thailand_2015	SRA:SRR9693054.3890961.1	96.040	101	4	0	7955	8055	101	1	4.38e-37	165
CFAV-Bangkok_Thailand_2015	SRA:SRR9693054.3396210.1	96.040	101	4	0	2795	2895	101	1	4.38e-37	165
CFAV-Bangkok_Thailand_2015	SRA:SRR9693054.6049609.2	96.040	101	3	1	8153	8252	1	101	1.58e-36	163
CFAV-Bangkok_Thailand_2015	SRA:SRR9693054.18941518.2	95.050	101	5	0	1464	1564	1	101	2.04e-35	159
CFAV-Bangkok_Thailand_2015	SRA:SRR9693054.11503809.2	95.050	101	5	0	9832	9932	1	101	2.04e-35	159
CFAV-Bangkok_Thailand_2015	SRA:SRR9693054.6993344.1	95.050	101	5	0	844	944	101	1	2.04e-35	159
CFAV-Bangkok_Thailand_2015	SRA:SRR9693054.3890961.2	95.918	98	4	0	7924	8021	2	99	2.04e-35	159
CFAV-Bangkok_Thailand_2015	SRA:SRR9693054.3217812.2	95.050	101	5	0	7161	7261	1	101	2.04e-35	159
CFAV-Bangkok_Thailand_2015	SRA:SRR9693054.1274999.1	95.050	101	5	0	7451	7551	101	1	2.04e-35	159
CFAV-Bangkok_Thailand_2015	SRA:SRR9693054.9838796.2	95.000	100	5	0	1680	1779	1	100	7.33e-35	158
CFAV-Bangkok_Thailand_2015	SRA:SRR9693054.5148475.2	95.000	100	5	0	1712	1811	1	100	7.33e-35	158
CFAV-Bangkok_Thailand_2015	SRA:SRR9693054.19281656.2	94.059	101	6	0	5479	5579	1	101	9.48e-34	154
CFAV-Bangkok_Thailand_2015	SRA:SRR9693054.11529555.1	94.059	101	6	0	6715	6815	101	1	9.48e-34	154
CFAV-Bangkok_Thailand_2015	SRA:SRR9693054.11158196.2	94.059	101	6	0	6737	6837	1	101	9.48e-34	154
CFAV-Bangkok_Thailand_2015	SRA:SRR9693054.10462267.2	94.059	101	6	0	785	885	1	101	9.48e-34	154
CFAV-Bangkok_Thailand_2015	SRA:SRR9693054.10462267.1	94.898	98	5	0	1099	1196	101	4	9.48e-34	154
CFAV-Bangkok_Thailand_2015	SRA:SRR9693054.2622224.1	95.745	94	4	0	10170	10263	94	1	3.41e-33	152
CFAV-Bangkok_Thailand_2015	SRA:SRR9693054.2622224.2	93.069	101	7	0	10151	10251	1	101	4.41e-32	148
CFAV-Bangkok_Thailand_2015	SRA:SRR9693054.17487039.2	92.929	99	7	0	9752	9850	3	101	5.71e-31	145
CFAV-Bangkok_Thailand_2015	SRA:SRR9693054.3396210.2	92.929	99	7	0	2731	2829	3	101	5.71e-31	145
CFAV-Bangkok_Thailand_2015	SRA:SRR9693054.9838796.1	96.341	82	2	1	1475	1555	82	1	1.24e-27	134
