CFAV-Bangkok_Thailand_2015	SRA:SRR9693052.22774720.2	100.000	101	0	0	3571	3671	1	101	1.08e-43	187
CFAV-Bangkok_Thailand_2015	SRA:SRR9693052.22710072.2	100.000	101	0	0	3588	3688	1	101	1.08e-43	187
CFAV-Bangkok_Thailand_2015	SRA:SRR9693052.22645053.1	100.000	101	0	0	7261	7361	101	1	1.08e-43	187
CFAV-Bangkok_Thailand_2015	SRA:SRR9693052.22634935.1	100.000	101	0	0	3605	3705	101	1	1.08e-43	187
CFAV-Bangkok_Thailand_2015	SRA:SRR9693052.22585411.1	100.000	101	0	0	3608	3708	101	1	1.08e-43	187
CFAV-Bangkok_Thailand_2015	SRA:SRR9693052.22584242.1	100.000	101	0	0	3608	3708	101	1	1.08e-43	187
CFAV-Bangkok_Thailand_2015	SRA:SRR9693052.22530717.2	100.000	101	0	0	7278	7378	1	101	1.08e-43	187
CFAV-Bangkok_Thailand_2015	SRA:SRR9693052.22530717.1	100.000	101	0	0	7282	7382	101	1	1.08e-43	187
CFAV-Bangkok_Thailand_2015	SRA:SRR9693052.22403235.1	100.000	101	0	0	9977	10077	101	1	1.08e-43	187
CFAV-Bangkok_Thailand_2015	SRA:SRR9693052.22383927.1	100.000	101	0	0	10528	10628	101	1	1.08e-43	187
CFAV-Bangkok_Thailand_2015	SRA:SRR9693052.22381859.1	100.000	101	0	0	3561	3661	101	1	1.08e-43	187
CFAV-Bangkok_Thailand_2015	SRA:SRR9693052.22356500.1	100.000	101	0	0	10528	10628	101	1	1.08e-43	187
CFAV-Bangkok_Thailand_2015	SRA:SRR9693052.22105468.2	100.000	101	0	0	9985	10085	1	101	1.08e-43	187
CFAV-Bangkok_Thailand_2015	SRA:SRR9693052.22095918.1	100.000	101	0	0	10532	10632	101	1	1.08e-43	187
CFAV-Bangkok_Thailand_2015	SRA:SRR9693052.22068783.2	100.000	101	0	0	7323	7423	1	101	1.08e-43	187
CFAV-Bangkok_Thailand_2015	SRA:SRR9693052.21949906.1	100.000	101	0	0	10533	10633	101	1	1.08e-43	187
CFAV-Bangkok_Thailand_2015	SRA:SRR9693052.21472433.1	100.000	101	0	0	7314	7414	101	1	1.08e-43	187
CFAV-Bangkok_Thailand_2015	SRA:SRR9693052.21395215.1	100.000	101	0	0	7340	7440	101	1	1.08e-43	187
CFAV-Bangkok_Thailand_2015	SRA:SRR9693052.21393553.2	100.000	101	0	0	3567	3667	1	101	1.08e-43	187
CFAV-Bangkok_Thailand_2015	SRA:SRR9693052.21290719.1	100.000	101	0	0	10533	10633	101	1	1.08e-43	187
CFAV-Bangkok_Thailand_2015	SRA:SRR9693052.21289026.1	100.000	101	0	0	10528	10628	101	1	1.08e-43	187
CFAV-Bangkok_Thailand_2015	SRA:SRR9693052.21220130.1	100.000	101	0	0	10512	10612	101	1	1.08e-43	187
CFAV-Bangkok_Thailand_2015	SRA:SRR9693052.21218616.1	100.000	101	0	0	10512	10612	101	1	1.08e-43	187
CFAV-Bangkok_Thailand_2015	SRA:SRR9693052.21217959.1	100.000	101	0	0	10512	10612	101	1	1.08e-43	187
CFAV-Bangkok_Thailand_2015	SRA:SRR9693052.21174179.1	100.000	101	0	0	10535	10635	101	1	1.08e-43	187
CFAV-Bangkok_Thailand_2015	SRA:SRR9693052.21077364.1	100.000	101	0	0	3595	3695	101	1	1.08e-43	187
CFAV-Bangkok_Thailand_2015	SRA:SRR9693052.21068703.2	100.000	101	0	0	3612	3712	1	101	1.08e-43	187
CFAV-Bangkok_Thailand_2015	SRA:SRR9693052.20896002.1	100.000	101	0	0	9978	10078	101	1	1.08e-43	187
CFAV-Bangkok_Thailand_2015	SRA:SRR9693052.20568619.1	100.000	101	0	0	9977	10077	101	1	1.08e-43	187
CFAV-Bangkok_Thailand_2015	SRA:SRR9693052.20442159.2	100.000	101	0	0	10514	10614	1	101	1.08e-43	187
CFAV-Bangkok_Thailand_2015	SRA:SRR9693052.20399931.1	100.000	101	0	0	3594	3694	101	1	1.08e-43	187
CFAV-Bangkok_Thailand_2015	SRA:SRR9693052.20354373.1	100.000	101	0	0	3605	3705	101	1	1.08e-43	187
CFAV-Bangkok_Thailand_2015	SRA:SRR9693052.20315159.1	100.000	101	0	0	10524	10624	101	1	1.08e-43	187
CFAV-Bangkok_Thailand_2015	SRA:SRR9693052.20233113.2	100.000	101	0	0	10514	10614	1	101	1.08e-43	187
CFAV-Bangkok_Thailand_2015	SRA:SRR9693052.20233113.1	100.000	101	0	0	10535	10635	101	1	1.08e-43	187
CFAV-Bangkok_Thailand_2015	SRA:SRR9693052.20215856.1	100.000	101	0	0	10528	10628	101	1	1.08e-43	187
CFAV-Bangkok_Thailand_2015	SRA:SRR9693052.20193155.1	100.000	101	0	0	10528	10628	101	1	1.08e-43	187
CFAV-Bangkok_Thailand_2015	SRA:SRR9693052.20089166.1	100.000	101	0	0	7296	7396	101	1	1.08e-43	187
CFAV-Bangkok_Thailand_2015	SRA:SRR9693052.20075504.1	100.000	101	0	0	3589	3689	101	1	1.08e-43	187
CFAV-Bangkok_Thailand_2015	SRA:SRR9693052.20060498.1	100.000	101	0	0	3599	3699	101	1	1.08e-43	187
CFAV-Bangkok_Thailand_2015	SRA:SRR9693052.20050541.1	100.000	101	0	0	7283	7383	101	1	1.08e-43	187
CFAV-Bangkok_Thailand_2015	SRA:SRR9693052.19986640.1	100.000	101	0	0	10521	10621	101	1	1.08e-43	187
CFAV-Bangkok_Thailand_2015	SRA:SRR9693052.19881990.1	100.000	101	0	0	10533	10633	101	1	1.08e-43	187
CFAV-Bangkok_Thailand_2015	SRA:SRR9693052.19878360.1	100.000	101	0	0	3560	3660	101	1	1.08e-43	187
CFAV-Bangkok_Thailand_2015	SRA:SRR9693052.19872666.1	100.000	101	0	0	7283	7383	101	1	1.08e-43	187
CFAV-Bangkok_Thailand_2015	SRA:SRR9693052.19776957.1	100.000	101	0	0	7340	7440	101	1	1.08e-43	187
CFAV-Bangkok_Thailand_2015	SRA:SRR9693052.19574299.2	100.000	101	0	0	7298	7398	1	101	1.08e-43	187
CFAV-Bangkok_Thailand_2015	SRA:SRR9693052.19540055.1	100.000	101	0	0	7283	7383	101	1	1.08e-43	187
CFAV-Bangkok_Thailand_2015	SRA:SRR9693052.19255475.2	100.000	101	0	0	3581	3681	1	101	1.08e-43	187
CFAV-Bangkok_Thailand_2015	SRA:SRR9693052.19255475.1	100.000	101	0	0	3595	3695	101	1	1.08e-43	187
CFAV-Bangkok_Thailand_2015	SRA:SRR9693052.19088188.2	100.000	101	0	0	9984	10084	1	101	1.08e-43	187
CFAV-Bangkok_Thailand_2015	SRA:SRR9693052.18863926.1	100.000	101	0	0	3595	3695	101	1	1.08e-43	187
CFAV-Bangkok_Thailand_2015	SRA:SRR9693052.18845562.2	100.000	101	0	0	9984	10084	1	101	1.08e-43	187
CFAV-Bangkok_Thailand_2015	SRA:SRR9693052.18700534.1	100.000	101	0	0	3561	3661	101	1	1.08e-43	187
CFAV-Bangkok_Thailand_2015	SRA:SRR9693052.18680875.1	100.000	101	0	0	7316	7416	101	1	1.08e-43	187
CFAV-Bangkok_Thailand_2015	SRA:SRR9693052.18599457.1	100.000	101	0	0	7316	7416	101	1	1.08e-43	187
CFAV-Bangkok_Thailand_2015	SRA:SRR9693052.18351818.2	100.000	101	0	0	10533	10633	1	101	1.08e-43	187
CFAV-Bangkok_Thailand_2015	SRA:SRR9693052.18296279.2	100.000	101	0	0	7332	7432	1	101	1.08e-43	187
CFAV-Bangkok_Thailand_2015	SRA:SRR9693052.18216029.1	100.000	101	0	0	10533	10633	101	1	1.08e-43	187
CFAV-Bangkok_Thailand_2015	SRA:SRR9693052.17754487.1	100.000	101	0	0	7261	7361	101	1	1.08e-43	187
CFAV-Bangkok_Thailand_2015	SRA:SRR9693052.17739245.1	100.000	101	0	0	10529	10629	101	1	1.08e-43	187
CFAV-Bangkok_Thailand_2015	SRA:SRR9693052.17678069.1	100.000	101	0	0	10528	10628	101	1	1.08e-43	187
CFAV-Bangkok_Thailand_2015	SRA:SRR9693052.17551508.1	100.000	101	0	0	10526	10626	101	1	1.08e-43	187
CFAV-Bangkok_Thailand_2015	SRA:SRR9693052.17397389.2	100.000	101	0	0	10549	10649	1	101	1.08e-43	187
CFAV-Bangkok_Thailand_2015	SRA:SRR9693052.17355634.1	100.000	101	0	0	7261	7361	101	1	1.08e-43	187
CFAV-Bangkok_Thailand_2015	SRA:SRR9693052.17169975.1	100.000	101	0	0	3568	3668	101	1	1.08e-43	187
CFAV-Bangkok_Thailand_2015	SRA:SRR9693052.17143504.1	100.000	101	0	0	7315	7415	101	1	1.08e-43	187
CFAV-Bangkok_Thailand_2015	SRA:SRR9693052.17025451.1	100.000	101	0	0	7339	7439	101	1	1.08e-43	187
CFAV-Bangkok_Thailand_2015	SRA:SRR9693052.17016487.2	100.000	101	0	0	9984	10084	1	101	1.08e-43	187
CFAV-Bangkok_Thailand_2015	SRA:SRR9693052.16754150.1	100.000	101	0	0	3607	3707	101	1	1.08e-43	187
CFAV-Bangkok_Thailand_2015	SRA:SRR9693052.16741775.2	100.000	101	0	0	7315	7415	1	101	1.08e-43	187
CFAV-Bangkok_Thailand_2015	SRA:SRR9693052.16708867.1	100.000	101	0	0	10533	10633	101	1	1.08e-43	187
CFAV-Bangkok_Thailand_2015	SRA:SRR9693052.16557459.2	100.000	101	0	0	3563	3663	1	101	1.08e-43	187
CFAV-Bangkok_Thailand_2015	SRA:SRR9693052.16452682.2	100.000	101	0	0	7354	7454	1	101	1.08e-43	187
CFAV-Bangkok_Thailand_2015	SRA:SRR9693052.16373954.1	100.000	101	0	0	10533	10633	101	1	1.08e-43	187
CFAV-Bangkok_Thailand_2015	SRA:SRR9693052.16364565.2	100.000	101	0	0	7336	7436	1	101	1.08e-43	187
CFAV-Bangkok_Thailand_2015	SRA:SRR9693052.16174706.1	100.000	101	0	0	10533	10633	101	1	1.08e-43	187
CFAV-Bangkok_Thailand_2015	SRA:SRR9693052.15996553.2	100.000	101	0	0	10533	10633	1	101	1.08e-43	187
CFAV-Bangkok_Thailand_2015	SRA:SRR9693052.15874288.2	100.000	101	0	0	3577	3677	1	101	1.08e-43	187
CFAV-Bangkok_Thailand_2015	SRA:SRR9693052.15794438.1	100.000	101	0	0	10533	10633	101	1	1.08e-43	187
CFAV-Bangkok_Thailand_2015	SRA:SRR9693052.15657258.2	100.000	101	0	0	3626	3726	1	101	1.08e-43	187
CFAV-Bangkok_Thailand_2015	SRA:SRR9693052.15604491.1	100.000	101	0	0	10533	10633	101	1	1.08e-43	187
CFAV-Bangkok_Thailand_2015	SRA:SRR9693052.15592621.1	100.000	101	0	0	3626	3726	101	1	1.08e-43	187
CFAV-Bangkok_Thailand_2015	SRA:SRR9693052.15575585.1	100.000	101	0	0	3559	3659	101	1	1.08e-43	187
CFAV-Bangkok_Thailand_2015	SRA:SRR9693052.15554962.1	100.000	101	0	0	7283	7383	101	1	1.08e-43	187
CFAV-Bangkok_Thailand_2015	SRA:SRR9693052.15339115.1	100.000	101	0	0	10529	10629	101	1	1.08e-43	187
CFAV-Bangkok_Thailand_2015	SRA:SRR9693052.15320638.1	100.000	101	0	0	10528	10628	101	1	1.08e-43	187
CFAV-Bangkok_Thailand_2015	SRA:SRR9693052.15242806.2	100.000	101	0	0	10514	10614	1	101	1.08e-43	187
CFAV-Bangkok_Thailand_2015	SRA:SRR9693052.15242806.1	100.000	101	0	0	10528	10628	101	1	1.08e-43	187
CFAV-Bangkok_Thailand_2015	SRA:SRR9693052.15143756.2	100.000	101	0	0	3622	3722	1	101	1.08e-43	187
CFAV-Bangkok_Thailand_2015	SRA:SRR9693052.15140078.2	100.000	101	0	0	3612	3712	1	101	1.08e-43	187
CFAV-Bangkok_Thailand_2015	SRA:SRR9693052.14990997.2	100.000	101	0	0	3611	3711	1	101	1.08e-43	187
CFAV-Bangkok_Thailand_2015	SRA:SRR9693052.14733029.2	100.000	101	0	0	3577	3677	1	101	1.08e-43	187
CFAV-Bangkok_Thailand_2015	SRA:SRR9693052.14603566.1	100.000	101	0	0	7272	7372	101	1	1.08e-43	187
CFAV-Bangkok_Thailand_2015	SRA:SRR9693052.14268883.1	100.000	101	0	0	3583	3683	101	1	1.08e-43	187
CFAV-Bangkok_Thailand_2015	SRA:SRR9693052.13987924.2	100.000	101	0	0	3611	3711	1	101	1.08e-43	187
CFAV-Bangkok_Thailand_2015	SRA:SRR9693052.13982141.2	100.000	101	0	0	9984	10084	1	101	1.08e-43	187
CFAV-Bangkok_Thailand_2015	SRA:SRR9693052.13964798.1	100.000	101	0	0	10528	10628	101	1	1.08e-43	187
CFAV-Bangkok_Thailand_2015	SRA:SRR9693052.13842322.2	100.000	101	0	0	7299	7399	1	101	1.08e-43	187
CFAV-Bangkok_Thailand_2015	SRA:SRR9693052.13842322.1	100.000	101	0	0	7329	7429	101	1	1.08e-43	187
CFAV-Bangkok_Thailand_2015	SRA:SRR9693052.13806593.1	100.000	101	0	0	9978	10078	101	1	1.08e-43	187
CFAV-Bangkok_Thailand_2015	SRA:SRR9693052.13459673.1	100.000	101	0	0	3599	3699	101	1	1.08e-43	187
CFAV-Bangkok_Thailand_2015	SRA:SRR9693052.13459274.2	100.000	101	0	0	7284	7384	1	101	1.08e-43	187
CFAV-Bangkok_Thailand_2015	SRA:SRR9693052.13410989.2	100.000	101	0	0	7319	7419	1	101	1.08e-43	187
CFAV-Bangkok_Thailand_2015	SRA:SRR9693052.13335724.1	100.000	101	0	0	10535	10635	101	1	1.08e-43	187
CFAV-Bangkok_Thailand_2015	SRA:SRR9693052.13285975.1	100.000	101	0	0	7340	7440	101	1	1.08e-43	187
CFAV-Bangkok_Thailand_2015	SRA:SRR9693052.13175581.1	100.000	101	0	0	7283	7383	101	1	1.08e-43	187
CFAV-Bangkok_Thailand_2015	SRA:SRR9693052.12890769.1	100.000	101	0	0	10534	10634	101	1	1.08e-43	187
CFAV-Bangkok_Thailand_2015	SRA:SRR9693052.12788763.1	100.000	101	0	0	10511	10611	101	1	1.08e-43	187
CFAV-Bangkok_Thailand_2015	SRA:SRR9693052.12739857.2	100.000	101	0	0	3592	3692	1	101	1.08e-43	187
CFAV-Bangkok_Thailand_2015	SRA:SRR9693052.12642791.1	100.000	101	0	0	10533	10633	101	1	1.08e-43	187
CFAV-Bangkok_Thailand_2015	SRA:SRR9693052.12568407.1	100.000	101	0	0	7315	7415	101	1	1.08e-43	187
CFAV-Bangkok_Thailand_2015	SRA:SRR9693052.12505346.1	100.000	101	0	0	3570	3670	101	1	1.08e-43	187
CFAV-Bangkok_Thailand_2015	SRA:SRR9693052.12505141.1	100.000	101	0	0	3570	3670	101	1	1.08e-43	187
CFAV-Bangkok_Thailand_2015	SRA:SRR9693052.12488602.1	100.000	101	0	0	10529	10629	101	1	1.08e-43	187
CFAV-Bangkok_Thailand_2015	SRA:SRR9693052.12413011.2	100.000	101	0	0	7324	7424	1	101	1.08e-43	187
CFAV-Bangkok_Thailand_2015	SRA:SRR9693052.11851246.2	100.000	101	0	0	10509	10609	1	101	1.08e-43	187
CFAV-Bangkok_Thailand_2015	SRA:SRR9693052.11840914.2	100.000	101	0	0	3584	3684	1	101	1.08e-43	187
CFAV-Bangkok_Thailand_2015	SRA:SRR9693052.11788431.2	100.000	101	0	0	3611	3711	1	101	1.08e-43	187
CFAV-Bangkok_Thailand_2015	SRA:SRR9693052.11748692.1	100.000	101	0	0	7283	7383	101	1	1.08e-43	187
CFAV-Bangkok_Thailand_2015	SRA:SRR9693052.11564035.1	100.000	101	0	0	10533	10633	101	1	1.08e-43	187
CFAV-Bangkok_Thailand_2015	SRA:SRR9693052.11250041.1	100.000	101	0	0	10533	10633	101	1	1.08e-43	187
CFAV-Bangkok_Thailand_2015	SRA:SRR9693052.11227601.1	100.000	101	0	0	3603	3703	101	1	1.08e-43	187
CFAV-Bangkok_Thailand_2015	SRA:SRR9693052.11200908.1	100.000	101	0	0	6490	6590	101	1	1.08e-43	187
CFAV-Bangkok_Thailand_2015	SRA:SRR9693052.11096563.1	100.000	101	0	0	7283	7383	101	1	1.08e-43	187
CFAV-Bangkok_Thailand_2015	SRA:SRR9693052.11095548.1	100.000	101	0	0	7283	7383	101	1	1.08e-43	187
CFAV-Bangkok_Thailand_2015	SRA:SRR9693052.11032519.1	100.000	101	0	0	10528	10628	101	1	1.08e-43	187
CFAV-Bangkok_Thailand_2015	SRA:SRR9693052.10748494.1	100.000	101	0	0	7287	7387	101	1	1.08e-43	187
CFAV-Bangkok_Thailand_2015	SRA:SRR9693052.10613733.1	100.000	101	0	0	7355	7455	101	1	1.08e-43	187
CFAV-Bangkok_Thailand_2015	SRA:SRR9693052.10609412.1	100.000	101	0	0	10533	10633	101	1	1.08e-43	187
CFAV-Bangkok_Thailand_2015	SRA:SRR9693052.10455502.2	100.000	101	0	0	10514	10614	1	101	1.08e-43	187
CFAV-Bangkok_Thailand_2015	SRA:SRR9693052.10455502.1	100.000	101	0	0	10533	10633	101	1	1.08e-43	187
CFAV-Bangkok_Thailand_2015	SRA:SRR9693052.10362469.2	100.000	101	0	0	7298	7398	1	101	1.08e-43	187
CFAV-Bangkok_Thailand_2015	SRA:SRR9693052.10288585.2	100.000	101	0	0	7335	7435	1	101	1.08e-43	187
CFAV-Bangkok_Thailand_2015	SRA:SRR9693052.10214532.2	100.000	101	0	0	3576	3676	1	101	1.08e-43	187
CFAV-Bangkok_Thailand_2015	SRA:SRR9693052.10058833.1	100.000	101	0	0	10533	10633	101	1	1.08e-43	187
CFAV-Bangkok_Thailand_2015	SRA:SRR9693052.10054142.1	100.000	101	0	0	10533	10633	101	1	1.08e-43	187
CFAV-Bangkok_Thailand_2015	SRA:SRR9693052.10049897.1	100.000	101	0	0	7286	7386	101	1	1.08e-43	187
CFAV-Bangkok_Thailand_2015	SRA:SRR9693052.9939831.1	100.000	101	0	0	7357	7457	101	1	1.08e-43	187
CFAV-Bangkok_Thailand_2015	SRA:SRR9693052.9904164.2	100.000	101	0	0	7319	7419	1	101	1.08e-43	187
CFAV-Bangkok_Thailand_2015	SRA:SRR9693052.9904164.1	100.000	101	0	0	7340	7440	101	1	1.08e-43	187
CFAV-Bangkok_Thailand_2015	SRA:SRR9693052.9839201.1	100.000	101	0	0	9975	10075	101	1	1.08e-43	187
CFAV-Bangkok_Thailand_2015	SRA:SRR9693052.9674760.1	100.000	101	0	0	10533	10633	101	1	1.08e-43	187
CFAV-Bangkok_Thailand_2015	SRA:SRR9693052.9660297.2	100.000	101	0	0	3576	3676	1	101	1.08e-43	187
CFAV-Bangkok_Thailand_2015	SRA:SRR9693052.9660297.1	100.000	101	0	0	3597	3697	101	1	1.08e-43	187
CFAV-Bangkok_Thailand_2015	SRA:SRR9693052.9620975.2	100.000	101	0	0	7256	7356	1	101	1.08e-43	187
CFAV-Bangkok_Thailand_2015	SRA:SRR9693052.9542788.1	100.000	101	0	0	7261	7361	101	1	1.08e-43	187
CFAV-Bangkok_Thailand_2015	SRA:SRR9693052.9508408.1	100.000	101	0	0	6490	6590	101	1	1.08e-43	187
CFAV-Bangkok_Thailand_2015	SRA:SRR9693052.9508063.1	100.000	101	0	0	10528	10628	101	1	1.08e-43	187
CFAV-Bangkok_Thailand_2015	SRA:SRR9693052.9456596.2	100.000	101	0	0	9980	10080	1	101	1.08e-43	187
CFAV-Bangkok_Thailand_2015	SRA:SRR9693052.9455287.2	100.000	101	0	0	3616	3716	1	101	1.08e-43	187
CFAV-Bangkok_Thailand_2015	SRA:SRR9693052.9218214.1	100.000	101	0	0	10533	10633	101	1	1.08e-43	187
CFAV-Bangkok_Thailand_2015	SRA:SRR9693052.9215510.1	100.000	101	0	0	10533	10633	101	1	1.08e-43	187
CFAV-Bangkok_Thailand_2015	SRA:SRR9693052.9072354.2	100.000	101	0	0	7260	7360	1	101	1.08e-43	187
CFAV-Bangkok_Thailand_2015	SRA:SRR9693052.9072353.2	100.000	101	0	0	7260	7360	1	101	1.08e-43	187
CFAV-Bangkok_Thailand_2015	SRA:SRR9693052.9065284.2	100.000	101	0	0	7336	7436	1	101	1.08e-43	187
CFAV-Bangkok_Thailand_2015	SRA:SRR9693052.9065284.1	100.000	101	0	0	7356	7456	101	1	1.08e-43	187
CFAV-Bangkok_Thailand_2015	SRA:SRR9693052.9060485.1	100.000	101	0	0	3563	3663	101	1	1.08e-43	187
CFAV-Bangkok_Thailand_2015	SRA:SRR9693052.9013077.1	100.000	101	0	0	9978	10078	101	1	1.08e-43	187
CFAV-Bangkok_Thailand_2015	SRA:SRR9693052.8986587.1	100.000	101	0	0	7343	7443	101	1	1.08e-43	187
CFAV-Bangkok_Thailand_2015	SRA:SRR9693052.8969882.2	100.000	101	0	0	7353	7453	1	101	1.08e-43	187
CFAV-Bangkok_Thailand_2015	SRA:SRR9693052.8814457.1	100.000	101	0	0	3596	3696	101	1	1.08e-43	187
CFAV-Bangkok_Thailand_2015	SRA:SRR9693052.8713655.1	100.000	101	0	0	10533	10633	101	1	1.08e-43	187
CFAV-Bangkok_Thailand_2015	SRA:SRR9693052.8650884.1	100.000	101	0	0	7314	7414	101	1	1.08e-43	187
CFAV-Bangkok_Thailand_2015	SRA:SRR9693052.8552483.1	100.000	101	0	0	10532	10632	101	1	1.08e-43	187
CFAV-Bangkok_Thailand_2015	SRA:SRR9693052.8332208.1	100.000	101	0	0	7339	7439	101	1	1.08e-43	187
CFAV-Bangkok_Thailand_2015	SRA:SRR9693052.8171773.1	100.000	101	0	0	7302	7402	101	1	1.08e-43	187
CFAV-Bangkok_Thailand_2015	SRA:SRR9693052.8045169.2	100.000	101	0	0	7330	7430	1	101	1.08e-43	187
CFAV-Bangkok_Thailand_2015	SRA:SRR9693052.8031950.2	100.000	101	0	0	3611	3711	1	101	1.08e-43	187
CFAV-Bangkok_Thailand_2015	SRA:SRR9693052.8028004.2	100.000	101	0	0	7275	7375	1	101	1.08e-43	187
CFAV-Bangkok_Thailand_2015	SRA:SRR9693052.8021972.2	100.000	101	0	0	7284	7384	1	101	1.08e-43	187
CFAV-Bangkok_Thailand_2015	SRA:SRR9693052.8021972.1	100.000	101	0	0	7314	7414	101	1	1.08e-43	187
CFAV-Bangkok_Thailand_2015	SRA:SRR9693052.7874215.1	100.000	101	0	0	3596	3696	101	1	1.08e-43	187
CFAV-Bangkok_Thailand_2015	SRA:SRR9693052.7747307.1	100.000	101	0	0	10511	10611	101	1	1.08e-43	187
CFAV-Bangkok_Thailand_2015	SRA:SRR9693052.7731593.2	100.000	101	0	0	3561	3661	1	101	1.08e-43	187
CFAV-Bangkok_Thailand_2015	SRA:SRR9693052.7650466.2	100.000	101	0	0	7277	7377	1	101	1.08e-43	187
CFAV-Bangkok_Thailand_2015	SRA:SRR9693052.7650466.1	100.000	101	0	0	7315	7415	101	1	1.08e-43	187
CFAV-Bangkok_Thailand_2015	SRA:SRR9693052.7635711.2	100.000	101	0	0	7256	7356	1	101	1.08e-43	187
CFAV-Bangkok_Thailand_2015	SRA:SRR9693052.7635711.1	100.000	101	0	0	7330	7430	101	1	1.08e-43	187
CFAV-Bangkok_Thailand_2015	SRA:SRR9693052.7579045.2	100.000	101	0	0	3611	3711	1	101	1.08e-43	187
CFAV-Bangkok_Thailand_2015	SRA:SRR9693052.7567660.2	100.000	101	0	0	7298	7398	1	101	1.08e-43	187
CFAV-Bangkok_Thailand_2015	SRA:SRR9693052.7546065.1	100.000	101	0	0	7354	7454	101	1	1.08e-43	187
CFAV-Bangkok_Thailand_2015	SRA:SRR9693052.7365140.1	100.000	101	0	0	9977	10077	101	1	1.08e-43	187
CFAV-Bangkok_Thailand_2015	SRA:SRR9693052.7044134.1	100.000	101	0	0	10534	10634	101	1	1.08e-43	187
CFAV-Bangkok_Thailand_2015	SRA:SRR9693052.6905778.1	100.000	101	0	0	7336	7436	101	1	1.08e-43	187
CFAV-Bangkok_Thailand_2015	SRA:SRR9693052.6827318.2	100.000	101	0	0	3585	3685	1	101	1.08e-43	187
CFAV-Bangkok_Thailand_2015	SRA:SRR9693052.6819028.1	100.000	101	0	0	6488	6588	101	1	1.08e-43	187
CFAV-Bangkok_Thailand_2015	SRA:SRR9693052.6599719.1	100.000	101	0	0	10533	10633	101	1	1.08e-43	187
CFAV-Bangkok_Thailand_2015	SRA:SRR9693052.6425539.1	100.000	101	0	0	3608	3708	101	1	1.08e-43	187
CFAV-Bangkok_Thailand_2015	SRA:SRR9693052.6353962.2	100.000	101	0	0	3576	3676	1	101	1.08e-43	187
CFAV-Bangkok_Thailand_2015	SRA:SRR9693052.6353962.1	100.000	101	0	0	3599	3699	101	1	1.08e-43	187
CFAV-Bangkok_Thailand_2015	SRA:SRR9693052.6287400.2	100.000	101	0	0	9984	10084	1	101	1.08e-43	187
CFAV-Bangkok_Thailand_2015	SRA:SRR9693052.6236101.1	100.000	101	0	0	7339	7439	101	1	1.08e-43	187
CFAV-Bangkok_Thailand_2015	SRA:SRR9693052.6183502.1	100.000	101	0	0	7330	7430	101	1	1.08e-43	187
CFAV-Bangkok_Thailand_2015	SRA:SRR9693052.6157182.1	100.000	101	0	0	3560	3660	101	1	1.08e-43	187
CFAV-Bangkok_Thailand_2015	SRA:SRR9693052.6142701.1	100.000	101	0	0	3626	3726	101	1	1.08e-43	187
CFAV-Bangkok_Thailand_2015	SRA:SRR9693052.6113620.2	100.000	101	0	0	10522	10622	1	101	1.08e-43	187
CFAV-Bangkok_Thailand_2015	SRA:SRR9693052.6113620.1	100.000	101	0	0	10533	10633	101	1	1.08e-43	187
CFAV-Bangkok_Thailand_2015	SRA:SRR9693052.6112121.2	100.000	101	0	0	10522	10622	1	101	1.08e-43	187
CFAV-Bangkok_Thailand_2015	SRA:SRR9693052.6112121.1	100.000	101	0	0	10533	10633	101	1	1.08e-43	187
CFAV-Bangkok_Thailand_2015	SRA:SRR9693052.6087149.1	100.000	101	0	0	3599	3699	101	1	1.08e-43	187
CFAV-Bangkok_Thailand_2015	SRA:SRR9693052.5947320.1	100.000	101	0	0	10532	10632	101	1	1.08e-43	187
CFAV-Bangkok_Thailand_2015	SRA:SRR9693052.5939158.1	100.000	101	0	0	3561	3661	101	1	1.08e-43	187
CFAV-Bangkok_Thailand_2015	SRA:SRR9693052.5913186.1	100.000	101	0	0	10529	10629	101	1	1.08e-43	187
CFAV-Bangkok_Thailand_2015	SRA:SRR9693052.5905916.1	100.000	101	0	0	3581	3681	101	1	1.08e-43	187
CFAV-Bangkok_Thailand_2015	SRA:SRR9693052.5456145.2	100.000	101	0	0	6489	6589	1	101	1.08e-43	187
CFAV-Bangkok_Thailand_2015	SRA:SRR9693052.5400421.2	100.000	101	0	0	6491	6591	1	101	1.08e-43	187
CFAV-Bangkok_Thailand_2015	SRA:SRR9693052.5321170.1	100.000	101	0	0	9978	10078	101	1	1.08e-43	187
CFAV-Bangkok_Thailand_2015	SRA:SRR9693052.5295501.2	100.000	101	0	0	3564	3664	1	101	1.08e-43	187
CFAV-Bangkok_Thailand_2015	SRA:SRR9693052.5276803.2	100.000	101	0	0	10533	10633	1	101	1.08e-43	187
CFAV-Bangkok_Thailand_2015	SRA:SRR9693052.5242475.2	100.000	101	0	0	3595	3695	1	101	1.08e-43	187
CFAV-Bangkok_Thailand_2015	SRA:SRR9693052.5229763.1	100.000	101	0	0	7283	7383	101	1	1.08e-43	187
CFAV-Bangkok_Thailand_2015	SRA:SRR9693052.5222111.1	100.000	101	0	0	7283	7383	101	1	1.08e-43	187
CFAV-Bangkok_Thailand_2015	SRA:SRR9693052.5053457.1	100.000	101	0	0	10528	10628	101	1	1.08e-43	187
CFAV-Bangkok_Thailand_2015	SRA:SRR9693052.4982811.2	100.000	101	0	0	9982	10082	1	101	1.08e-43	187
CFAV-Bangkok_Thailand_2015	SRA:SRR9693052.4907577.1	100.000	101	0	0	10532	10632	101	1	1.08e-43	187
CFAV-Bangkok_Thailand_2015	SRA:SRR9693052.4754908.2	100.000	101	0	0	7327	7427	1	101	1.08e-43	187
CFAV-Bangkok_Thailand_2015	SRA:SRR9693052.4714239.2	100.000	101	0	0	3619	3719	101	1	1.08e-43	187
CFAV-Bangkok_Thailand_2015	SRA:SRR9693052.4714239.1	100.000	101	0	0	3584	3684	1	101	1.08e-43	187
CFAV-Bangkok_Thailand_2015	SRA:SRR9693052.4631749.1	100.000	101	0	0	7283	7383	101	1	1.08e-43	187
CFAV-Bangkok_Thailand_2015	SRA:SRR9693052.4558054.1	100.000	101	0	0	10532	10632	101	1	1.08e-43	187
CFAV-Bangkok_Thailand_2015	SRA:SRR9693052.4534717.1	100.000	101	0	0	7356	7456	101	1	1.08e-43	187
CFAV-Bangkok_Thailand_2015	SRA:SRR9693052.4423149.1	100.000	101	0	0	7283	7383	101	1	1.08e-43	187
CFAV-Bangkok_Thailand_2015	SRA:SRR9693052.4397827.2	100.000	101	0	0	7326	7426	1	101	1.08e-43	187
CFAV-Bangkok_Thailand_2015	SRA:SRR9693052.4353693.1	100.000	101	0	0	10533	10633	101	1	1.08e-43	187
CFAV-Bangkok_Thailand_2015	SRA:SRR9693052.4326536.1	100.000	101	0	0	3616	3716	101	1	1.08e-43	187
CFAV-Bangkok_Thailand_2015	SRA:SRR9693052.4235499.1	100.000	101	0	0	3570	3670	101	1	1.08e-43	187
CFAV-Bangkok_Thailand_2015	SRA:SRR9693052.4059907.1	100.000	101	0	0	3567	3667	101	1	1.08e-43	187
CFAV-Bangkok_Thailand_2015	SRA:SRR9693052.4053296.1	100.000	101	0	0	10533	10633	101	1	1.08e-43	187
CFAV-Bangkok_Thailand_2015	SRA:SRR9693052.4029155.2	100.000	101	0	0	7258	7358	1	101	1.08e-43	187
CFAV-Bangkok_Thailand_2015	SRA:SRR9693052.4017586.1	100.000	101	0	0	3563	3663	101	1	1.08e-43	187
CFAV-Bangkok_Thailand_2015	SRA:SRR9693052.4000130.1	100.000	101	0	0	7288	7388	101	1	1.08e-43	187
CFAV-Bangkok_Thailand_2015	SRA:SRR9693052.3829913.1	100.000	101	0	0	6489	6589	101	1	1.08e-43	187
CFAV-Bangkok_Thailand_2015	SRA:SRR9693052.3810949.2	100.000	101	0	0	10532	10632	1	101	1.08e-43	187
CFAV-Bangkok_Thailand_2015	SRA:SRR9693052.3598852.2	100.000	101	0	0	10522	10622	1	101	1.08e-43	187
CFAV-Bangkok_Thailand_2015	SRA:SRR9693052.3598852.1	100.000	101	0	0	10533	10633	101	1	1.08e-43	187
CFAV-Bangkok_Thailand_2015	SRA:SRR9693052.3497124.1	100.000	101	0	0	3595	3695	101	1	1.08e-43	187
CFAV-Bangkok_Thailand_2015	SRA:SRR9693052.3455833.1	100.000	101	0	0	10528	10628	101	1	1.08e-43	187
CFAV-Bangkok_Thailand_2015	SRA:SRR9693052.3453013.1	100.000	101	0	0	10533	10633	101	1	1.08e-43	187
CFAV-Bangkok_Thailand_2015	SRA:SRR9693052.3369743.2	100.000	101	0	0	3578	3678	1	101	1.08e-43	187
CFAV-Bangkok_Thailand_2015	SRA:SRR9693052.3369743.1	100.000	101	0	0	3597	3697	101	1	1.08e-43	187
CFAV-Bangkok_Thailand_2015	SRA:SRR9693052.3358980.2	100.000	101	0	0	10524	10624	1	101	1.08e-43	187
CFAV-Bangkok_Thailand_2015	SRA:SRR9693052.3074212.1	100.000	101	0	0	7315	7415	101	1	1.08e-43	187
CFAV-Bangkok_Thailand_2015	SRA:SRR9693052.3002177.2	100.000	101	0	0	7266	7366	1	101	1.08e-43	187
CFAV-Bangkok_Thailand_2015	SRA:SRR9693052.2997715.1	100.000	101	0	0	10533	10633	101	1	1.08e-43	187
CFAV-Bangkok_Thailand_2015	SRA:SRR9693052.2858575.2	100.000	101	0	0	7272	7372	1	101	1.08e-43	187
CFAV-Bangkok_Thailand_2015	SRA:SRR9693052.2858575.1	100.000	101	0	0	7340	7440	101	1	1.08e-43	187
CFAV-Bangkok_Thailand_2015	SRA:SRR9693052.2826391.1	100.000	101	0	0	10528	10628	101	1	1.08e-43	187
CFAV-Bangkok_Thailand_2015	SRA:SRR9693052.2783861.2	100.000	101	0	0	3622	3722	1	101	1.08e-43	187
CFAV-Bangkok_Thailand_2015	SRA:SRR9693052.2579666.1	100.000	101	0	0	10510	10610	101	1	1.08e-43	187
CFAV-Bangkok_Thailand_2015	SRA:SRR9693052.2441406.1	100.000	101	0	0	10528	10628	101	1	1.08e-43	187
CFAV-Bangkok_Thailand_2015	SRA:SRR9693052.2217690.1	100.000	101	0	0	10528	10628	101	1	1.08e-43	187
CFAV-Bangkok_Thailand_2015	SRA:SRR9693052.2064870.1	100.000	101	0	0	10533	10633	101	1	1.08e-43	187
CFAV-Bangkok_Thailand_2015	SRA:SRR9693052.2024148.2	100.000	101	0	0	10544	10644	1	101	1.08e-43	187
CFAV-Bangkok_Thailand_2015	SRA:SRR9693052.2022692.1	100.000	101	0	0	10528	10628	101	1	1.08e-43	187
CFAV-Bangkok_Thailand_2015	SRA:SRR9693052.1971370.1	100.000	101	0	0	10528	10628	101	1	1.08e-43	187
CFAV-Bangkok_Thailand_2015	SRA:SRR9693052.1970783.1	100.000	101	0	0	10528	10628	101	1	1.08e-43	187
CFAV-Bangkok_Thailand_2015	SRA:SRR9693052.1929551.2	100.000	101	0	0	3611	3711	1	101	1.08e-43	187
CFAV-Bangkok_Thailand_2015	SRA:SRR9693052.1886261.2	100.000	101	0	0	3626	3726	1	101	1.08e-43	187
CFAV-Bangkok_Thailand_2015	SRA:SRR9693052.1884024.2	100.000	101	0	0	7301	7401	1	101	1.08e-43	187
CFAV-Bangkok_Thailand_2015	SRA:SRR9693052.1884024.1	100.000	101	0	0	7328	7428	101	1	1.08e-43	187
CFAV-Bangkok_Thailand_2015	SRA:SRR9693052.1875421.2	100.000	101	0	0	3587	3687	1	101	1.08e-43	187
CFAV-Bangkok_Thailand_2015	SRA:SRR9693052.1837904.1	100.000	101	0	0	10528	10628	101	1	1.08e-43	187
CFAV-Bangkok_Thailand_2015	SRA:SRR9693052.1789054.1	100.000	101	0	0	10533	10633	101	1	1.08e-43	187
CFAV-Bangkok_Thailand_2015	SRA:SRR9693052.1680221.2	100.000	101	0	0	3572	3672	1	101	1.08e-43	187
CFAV-Bangkok_Thailand_2015	SRA:SRR9693052.1680221.1	100.000	101	0	0	3607	3707	101	1	1.08e-43	187
CFAV-Bangkok_Thailand_2015	SRA:SRR9693052.1527404.1	100.000	101	0	0	10533	10633	101	1	1.08e-43	187
CFAV-Bangkok_Thailand_2015	SRA:SRR9693052.1410775.1	100.000	101	0	0	7315	7415	101	1	1.08e-43	187
CFAV-Bangkok_Thailand_2015	SRA:SRR9693052.1110046.1	100.000	101	0	0	10509	10609	101	1	1.08e-43	187
CFAV-Bangkok_Thailand_2015	SRA:SRR9693052.456080.1	100.000	101	0	0	7315	7415	101	1	1.08e-43	187
CFAV-Bangkok_Thailand_2015	SRA:SRR9693052.454268.2	100.000	101	0	0	7327	7427	1	101	1.08e-43	187
CFAV-Bangkok_Thailand_2015	SRA:SRR9693052.345117.2	100.000	101	0	0	7252	7352	1	101	1.08e-43	187
CFAV-Bangkok_Thailand_2015	SRA:SRR9693052.306382.1	100.000	101	0	0	7316	7416	101	1	1.08e-43	187
CFAV-Bangkok_Thailand_2015	SRA:SRR9693052.302516.2	100.000	101	0	0	9978	10078	1	101	1.08e-43	187
CFAV-Bangkok_Thailand_2015	SRA:SRR9693052.100213.1	100.000	101	0	0	7258	7358	101	1	1.08e-43	187
CFAV-Bangkok_Thailand_2015	SRA:SRR9693052.83059.2	100.000	101	0	0	3598	3698	1	101	1.08e-43	187
CFAV-Bangkok_Thailand_2015	SRA:SRR9693052.82921.2	100.000	101	0	0	3598	3698	1	101	1.08e-43	187
CFAV-Bangkok_Thailand_2015	SRA:SRR9693052.2031.1	100.000	101	0	0	10529	10629	101	1	1.08e-43	187
CFAV-Bangkok_Thailand_2015	SRA:SRR9693052.22437391.1	100.000	100	0	0	7340	7439	101	2	3.90e-43	185
CFAV-Bangkok_Thailand_2015	SRA:SRR9693052.22437081.1	100.000	100	0	0	7340	7439	101	2	3.90e-43	185
CFAV-Bangkok_Thailand_2015	SRA:SRR9693052.22356500.2	100.000	100	0	0	10509	10608	2	101	3.90e-43	185
CFAV-Bangkok_Thailand_2015	SRA:SRR9693052.21264999.1	100.000	100	0	0	3597	3696	101	2	3.90e-43	185
CFAV-Bangkok_Thailand_2015	SRA:SRR9693052.20401784.1	100.000	100	0	0	3622	3721	101	2	3.90e-43	185
CFAV-Bangkok_Thailand_2015	SRA:SRR9693052.20294561.1	100.000	100	0	0	6488	6587	100	1	3.90e-43	185
CFAV-Bangkok_Thailand_2015	SRA:SRR9693052.18869897.1	100.000	100	0	0	6490	6589	101	2	3.90e-43	185
CFAV-Bangkok_Thailand_2015	SRA:SRR9693052.18589042.1	100.000	100	0	0	6490	6589	101	2	3.90e-43	185
CFAV-Bangkok_Thailand_2015	SRA:SRR9693052.16702194.2	100.000	100	0	0	10509	10608	2	101	3.90e-43	185
CFAV-Bangkok_Thailand_2015	SRA:SRR9693052.16695267.1	100.000	100	0	0	10534	10633	101	2	3.90e-43	185
CFAV-Bangkok_Thailand_2015	SRA:SRR9693052.16373954.2	100.000	100	0	0	10509	10608	2	101	3.90e-43	185
CFAV-Bangkok_Thailand_2015	SRA:SRR9693052.15874288.1	100.000	100	0	0	3616	3715	101	2	3.90e-43	185
CFAV-Bangkok_Thailand_2015	SRA:SRR9693052.14862972.1	100.000	100	0	0	7316	7415	101	2	3.90e-43	185
CFAV-Bangkok_Thailand_2015	SRA:SRR9693052.13770205.1	100.000	100	0	0	7308	7407	101	2	3.90e-43	185
CFAV-Bangkok_Thailand_2015	SRA:SRR9693052.13391842.1	100.000	100	0	0	9981	10080	101	2	3.90e-43	185
CFAV-Bangkok_Thailand_2015	SRA:SRR9693052.12413011.1	100.000	100	0	0	7341	7440	101	2	3.90e-43	185
CFAV-Bangkok_Thailand_2015	SRA:SRR9693052.9809260.1	100.000	100	0	0	6488	6587	100	1	3.90e-43	185
CFAV-Bangkok_Thailand_2015	SRA:SRR9693052.9801612.1	100.000	100	0	0	10534	10633	101	2	3.90e-43	185
CFAV-Bangkok_Thailand_2015	SRA:SRR9693052.9544234.1	100.000	100	0	0	3561	3660	101	2	3.90e-43	185
CFAV-Bangkok_Thailand_2015	SRA:SRR9693052.9072354.1	100.000	100	0	0	7263	7362	101	2	3.90e-43	185
CFAV-Bangkok_Thailand_2015	SRA:SRR9693052.9072353.1	100.000	100	0	0	7263	7362	101	2	3.90e-43	185
CFAV-Bangkok_Thailand_2015	SRA:SRR9693052.8028004.1	100.000	100	0	0	7315	7414	101	2	3.90e-43	185
CFAV-Bangkok_Thailand_2015	SRA:SRR9693052.7266565.1	100.000	100	0	0	7263	7362	101	2	3.90e-43	185
CFAV-Bangkok_Thailand_2015	SRA:SRR9693052.6856517.1	100.000	100	0	0	10509	10608	100	1	3.90e-43	185
CFAV-Bangkok_Thailand_2015	SRA:SRR9693052.6472691.1	100.000	100	0	0	7288	7387	101	2	3.90e-43	185
CFAV-Bangkok_Thailand_2015	SRA:SRR9693052.6157182.2	100.000	100	0	0	3556	3655	2	101	3.90e-43	185
CFAV-Bangkok_Thailand_2015	SRA:SRR9693052.5649741.1	100.000	100	0	0	7361	7460	101	2	3.90e-43	185
CFAV-Bangkok_Thailand_2015	SRA:SRR9693052.5337234.1	100.000	100	0	0	7263	7362	101	2	3.90e-43	185
CFAV-Bangkok_Thailand_2015	SRA:SRR9693052.5258500.1	100.000	100	0	0	7288	7387	101	2	3.90e-43	185
CFAV-Bangkok_Thailand_2015	SRA:SRR9693052.5256331.1	100.000	100	0	0	6490	6589	101	2	3.90e-43	185
CFAV-Bangkok_Thailand_2015	SRA:SRR9693052.5097807.2	100.000	100	0	0	7255	7354	2	101	3.90e-43	185
CFAV-Bangkok_Thailand_2015	SRA:SRR9693052.4803582.1	100.000	100	0	0	6488	6587	100	1	3.90e-43	185
CFAV-Bangkok_Thailand_2015	SRA:SRR9693052.4504307.1	100.000	100	0	0	3557	3656	101	2	3.90e-43	185
CFAV-Bangkok_Thailand_2015	SRA:SRR9693052.3712177.1	100.000	100	0	0	10534	10633	101	2	3.90e-43	185
CFAV-Bangkok_Thailand_2015	SRA:SRR9693052.3002177.1	100.000	100	0	0	7316	7415	101	2	3.90e-43	185
CFAV-Bangkok_Thailand_2015	SRA:SRR9693052.2817227.2	100.000	100	0	0	7255	7354	2	101	3.90e-43	185
CFAV-Bangkok_Thailand_2015	SRA:SRR9693052.778209.1	100.000	100	0	0	6488	6587	100	1	3.90e-43	185
CFAV-Bangkok_Thailand_2015	SRA:SRR9693052.345117.1	100.000	100	0	0	7316	7415	101	2	3.90e-43	185
CFAV-Bangkok_Thailand_2015	SRA:SRR9693052.21904987.1	100.000	99	0	0	7332	7430	101	3	1.40e-42	183
CFAV-Bangkok_Thailand_2015	SRA:SRR9693052.19845487.2	100.000	99	0	0	3630	3728	1	99	1.40e-42	183
CFAV-Bangkok_Thailand_2015	SRA:SRR9693052.19842173.2	100.000	99	0	0	3630	3728	1	99	1.40e-42	183
CFAV-Bangkok_Thailand_2015	SRA:SRR9693052.18454614.1	100.000	99	0	0	10509	10607	99	1	1.40e-42	183
CFAV-Bangkok_Thailand_2015	SRA:SRR9693052.16570795.2	100.000	99	0	0	3630	3728	1	99	1.40e-42	183
CFAV-Bangkok_Thailand_2015	SRA:SRR9693052.16570498.2	100.000	99	0	0	3630	3728	1	99	1.40e-42	183
CFAV-Bangkok_Thailand_2015	SRA:SRR9693052.12438648.2	100.000	99	0	0	6493	6591	1	99	1.40e-42	183
CFAV-Bangkok_Thailand_2015	SRA:SRR9693052.4504505.1	100.000	99	0	0	3556	3654	99	1	1.40e-42	183
CFAV-Bangkok_Thailand_2015	SRA:SRR9693052.3642986.2	100.000	99	0	0	7362	7460	1	99	1.40e-42	183
CFAV-Bangkok_Thailand_2015	SRA:SRR9693052.3438137.1	100.000	99	0	0	9223	9321	99	1	1.40e-42	183
CFAV-Bangkok_Thailand_2015	SRA:SRR9693052.22795684.2	99.010	101	1	0	9997	10097	1	101	5.04e-42	182
CFAV-Bangkok_Thailand_2015	SRA:SRR9693052.22738332.2	99.010	101	1	0	6841	6941	1	101	5.04e-42	182
CFAV-Bangkok_Thailand_2015	SRA:SRR9693052.22724192.2	99.010	101	1	0	7619	7719	1	101	5.04e-42	182
CFAV-Bangkok_Thailand_2015	SRA:SRR9693052.22724192.1	99.010	101	1	0	7690	7790	101	1	5.04e-42	182
CFAV-Bangkok_Thailand_2015	SRA:SRR9693052.22702084.2	99.010	101	1	0	3183	3283	1	101	5.04e-42	182
CFAV-Bangkok_Thailand_2015	SRA:SRR9693052.22696021.2	99.010	101	1	0	4028	4128	1	101	5.04e-42	182
CFAV-Bangkok_Thailand_2015	SRA:SRR9693052.22516720.1	99.010	101	1	0	3912	4012	101	1	5.04e-42	182
CFAV-Bangkok_Thailand_2015	SRA:SRR9693052.22395408.1	100.000	98	0	0	7333	7430	101	4	5.04e-42	182
CFAV-Bangkok_Thailand_2015	SRA:SRR9693052.22323320.2	99.010	101	1	0	3686	3786	1	101	5.04e-42	182
CFAV-Bangkok_Thailand_2015	SRA:SRR9693052.22300637.2	99.010	101	1	0	3632	3732	1	101	5.04e-42	182
CFAV-Bangkok_Thailand_2015	SRA:SRR9693052.22300637.1	99.010	101	1	0	3706	3806	101	1	5.04e-42	182
CFAV-Bangkok_Thailand_2015	SRA:SRR9693052.22279932.2	99.010	101	1	0	286	386	1	101	5.04e-42	182
CFAV-Bangkok_Thailand_2015	SRA:SRR9693052.22266626.2	99.010	101	1	0	3677	3777	1	101	5.04e-42	182
CFAV-Bangkok_Thailand_2015	SRA:SRR9693052.22239089.2	99.010	101	1	0	7566	7666	1	101	5.04e-42	182
CFAV-Bangkok_Thailand_2015	SRA:SRR9693052.22239089.1	99.010	101	1	0	7623	7723	101	1	5.04e-42	182
CFAV-Bangkok_Thailand_2015	SRA:SRR9693052.22152962.2	99.010	101	1	0	6082	6182	1	101	5.04e-42	182
CFAV-Bangkok_Thailand_2015	SRA:SRR9693052.22095918.2	99.010	101	1	0	10474	10574	1	101	5.04e-42	182
CFAV-Bangkok_Thailand_2015	SRA:SRR9693052.22075681.2	99.010	101	1	0	3639	3739	1	101	5.04e-42	182
CFAV-Bangkok_Thailand_2015	SRA:SRR9693052.22054981.1	99.010	101	1	0	7572	7672	101	1	5.04e-42	182
CFAV-Bangkok_Thailand_2015	SRA:SRR9693052.22050879.2	99.010	101	1	0	3651	3751	1	101	5.04e-42	182
CFAV-Bangkok_Thailand_2015	SRA:SRR9693052.22006429.1	99.010	101	1	0	3191	3291	101	1	5.04e-42	182
CFAV-Bangkok_Thailand_2015	SRA:SRR9693052.21979097.2	99.010	101	1	0	5187	5287	1	101	5.04e-42	182
CFAV-Bangkok_Thailand_2015	SRA:SRR9693052.21949906.2	99.010	101	1	0	10489	10589	1	101	5.04e-42	182
CFAV-Bangkok_Thailand_2015	SRA:SRR9693052.21932910.2	99.010	101	1	0	3653	3753	1	101	5.04e-42	182
CFAV-Bangkok_Thailand_2015	SRA:SRR9693052.21923514.2	99.010	101	1	0	3686	3786	1	101	5.04e-42	182
CFAV-Bangkok_Thailand_2015	SRA:SRR9693052.21916627.2	99.010	101	1	0	6462	6562	1	101	5.04e-42	182
CFAV-Bangkok_Thailand_2015	SRA:SRR9693052.21804795.1	99.010	101	1	0	10486	10586	101	1	5.04e-42	182
CFAV-Bangkok_Thailand_2015	SRA:SRR9693052.21723115.1	99.010	101	1	0	3188	3288	101	1	5.04e-42	182
CFAV-Bangkok_Thailand_2015	SRA:SRR9693052.21688868.1	99.010	101	1	0	3552	3652	101	1	5.04e-42	182
CFAV-Bangkok_Thailand_2015	SRA:SRR9693052.21680918.1	99.010	101	1	0	3552	3652	101	1	5.04e-42	182
CFAV-Bangkok_Thailand_2015	SRA:SRR9693052.21624458.2	99.010	101	1	0	5209	5309	1	101	5.04e-42	182
CFAV-Bangkok_Thailand_2015	SRA:SRR9693052.21622579.2	99.010	101	1	0	5209	5309	1	101	5.04e-42	182
CFAV-Bangkok_Thailand_2015	SRA:SRR9693052.21583810.2	99.010	101	1	0	3182	3282	1	101	5.04e-42	182
CFAV-Bangkok_Thailand_2015	SRA:SRR9693052.21569983.1	99.010	101	1	0	3191	3291	101	1	5.04e-42	182
CFAV-Bangkok_Thailand_2015	SRA:SRR9693052.21556870.2	99.010	101	1	0	6484	6584	1	101	5.04e-42	182
CFAV-Bangkok_Thailand_2015	SRA:SRR9693052.21543079.2	99.010	101	1	0	7570	7670	1	101	5.04e-42	182
CFAV-Bangkok_Thailand_2015	SRA:SRR9693052.21532785.2	99.010	101	1	0	6828	6928	1	101	5.04e-42	182
CFAV-Bangkok_Thailand_2015	SRA:SRR9693052.21528376.2	99.010	101	1	0	6835	6935	1	101	5.04e-42	182
CFAV-Bangkok_Thailand_2015	SRA:SRR9693052.21497660.2	99.010	101	1	0	10456	10556	1	101	5.04e-42	182
CFAV-Bangkok_Thailand_2015	SRA:SRR9693052.21497660.1	99.010	101	1	0	10486	10586	101	1	5.04e-42	182
CFAV-Bangkok_Thailand_2015	SRA:SRR9693052.21475666.1	99.010	101	1	0	3694	3794	101	1	5.04e-42	182
CFAV-Bangkok_Thailand_2015	SRA:SRR9693052.21415493.2	99.010	101	1	0	7553	7653	1	101	5.04e-42	182
CFAV-Bangkok_Thailand_2015	SRA:SRR9693052.21415130.1	99.010	101	1	0	10487	10587	101	1	5.04e-42	182
CFAV-Bangkok_Thailand_2015	SRA:SRR9693052.21410834.2	99.010	101	1	0	5187	5287	1	101	5.04e-42	182
CFAV-Bangkok_Thailand_2015	SRA:SRR9693052.21393553.1	99.010	101	1	0	3669	3769	101	1	5.04e-42	182
CFAV-Bangkok_Thailand_2015	SRA:SRR9693052.21334098.2	99.010	101	1	0	3737	3837	1	101	5.04e-42	182
CFAV-Bangkok_Thailand_2015	SRA:SRR9693052.21292412.2	99.010	101	1	0	6843	6943	1	101	5.04e-42	182
CFAV-Bangkok_Thailand_2015	SRA:SRR9693052.21289026.2	99.010	101	1	0	10458	10558	1	101	5.04e-42	182
CFAV-Bangkok_Thailand_2015	SRA:SRR9693052.21283778.2	99.010	101	1	0	3652	3752	1	101	5.04e-42	182
CFAV-Bangkok_Thailand_2015	SRA:SRR9693052.21245970.1	99.010	101	1	0	7623	7723	101	1	5.04e-42	182
CFAV-Bangkok_Thailand_2015	SRA:SRR9693052.21220130.2	99.010	101	1	0	10487	10587	1	101	5.04e-42	182
CFAV-Bangkok_Thailand_2015	SRA:SRR9693052.21218616.2	99.010	101	1	0	10487	10587	1	101	5.04e-42	182
CFAV-Bangkok_Thailand_2015	SRA:SRR9693052.21217959.2	99.010	101	1	0	10487	10587	1	101	5.04e-42	182
CFAV-Bangkok_Thailand_2015	SRA:SRR9693052.21181646.2	99.010	101	1	0	7367	7467	1	101	5.04e-42	182
CFAV-Bangkok_Thailand_2015	SRA:SRR9693052.21174179.2	99.010	101	1	0	10491	10591	1	101	5.04e-42	182
CFAV-Bangkok_Thailand_2015	SRA:SRR9693052.21143268.1	99.010	101	1	0	10480	10580	101	1	5.04e-42	182
CFAV-Bangkok_Thailand_2015	SRA:SRR9693052.21132698.2	99.010	101	1	0	6866	6966	1	101	5.04e-42	182
CFAV-Bangkok_Thailand_2015	SRA:SRR9693052.21090779.1	99.010	101	1	0	6842	6942	101	1	5.04e-42	182
CFAV-Bangkok_Thailand_2015	SRA:SRR9693052.21077146.2	99.010	101	1	0	3905	4005	1	101	5.04e-42	182
CFAV-Bangkok_Thailand_2015	SRA:SRR9693052.21001942.1	99.010	101	1	0	291	391	101	1	5.04e-42	182
CFAV-Bangkok_Thailand_2015	SRA:SRR9693052.20986053.1	99.010	101	1	0	10505	10605	101	1	5.04e-42	182
CFAV-Bangkok_Thailand_2015	SRA:SRR9693052.20904893.1	99.010	101	1	0	6456	6556	101	1	5.04e-42	182
CFAV-Bangkok_Thailand_2015	SRA:SRR9693052.20895432.1	99.010	101	1	0	3911	4011	101	1	5.04e-42	182
CFAV-Bangkok_Thailand_2015	SRA:SRR9693052.20893270.1	99.010	101	1	0	3911	4011	101	1	5.04e-42	182
CFAV-Bangkok_Thailand_2015	SRA:SRR9693052.20860307.2	99.010	101	1	0	6474	6574	1	101	5.04e-42	182
CFAV-Bangkok_Thailand_2015	SRA:SRR9693052.20848994.1	99.010	101	1	0	3889	3989	101	1	5.04e-42	182
CFAV-Bangkok_Thailand_2015	SRA:SRR9693052.20813171.2	99.010	101	1	0	3702	3802	1	101	5.04e-42	182
CFAV-Bangkok_Thailand_2015	SRA:SRR9693052.20805014.1	99.010	101	1	0	10482	10582	101	1	5.04e-42	182
CFAV-Bangkok_Thailand_2015	SRA:SRR9693052.20786003.1	99.010	101	1	0	3549	3649	101	1	5.04e-42	182
CFAV-Bangkok_Thailand_2015	SRA:SRR9693052.20738757.1	99.010	101	1	0	3183	3283	101	1	5.04e-42	182
CFAV-Bangkok_Thailand_2015	SRA:SRR9693052.20715603.2	99.010	101	1	0	6818	6918	1	101	5.04e-42	182
CFAV-Bangkok_Thailand_2015	SRA:SRR9693052.20671640.1	99.010	101	1	0	6827	6927	101	1	5.04e-42	182
CFAV-Bangkok_Thailand_2015	SRA:SRR9693052.20589309.1	99.010	101	1	0	6459	6559	101	1	5.04e-42	182
CFAV-Bangkok_Thailand_2015	SRA:SRR9693052.20571676.2	99.010	101	1	0	3741	3841	1	101	5.04e-42	182
CFAV-Bangkok_Thailand_2015	SRA:SRR9693052.20571676.1	99.010	101	1	0	3874	3974	101	1	5.04e-42	182
CFAV-Bangkok_Thailand_2015	SRA:SRR9693052.20568619.2	99.010	101	1	0	9969	10069	1	101	5.04e-42	182
CFAV-Bangkok_Thailand_2015	SRA:SRR9693052.20521471.2	99.010	101	1	0	5189	5289	1	101	5.04e-42	182
CFAV-Bangkok_Thailand_2015	SRA:SRR9693052.20512205.1	99.010	101	1	0	3889	3989	101	1	5.04e-42	182
CFAV-Bangkok_Thailand_2015	SRA:SRR9693052.20464886.1	99.010	101	1	0	10482	10582	101	1	5.04e-42	182
CFAV-Bangkok_Thailand_2015	SRA:SRR9693052.20449012.2	99.010	101	1	0	3878	3978	1	101	5.04e-42	182
CFAV-Bangkok_Thailand_2015	SRA:SRR9693052.20350762.1	99.010	101	1	0	9991	10091	101	1	5.04e-42	182
CFAV-Bangkok_Thailand_2015	SRA:SRR9693052.20315159.2	99.010	101	1	0	10498	10598	1	101	5.04e-42	182
CFAV-Bangkok_Thailand_2015	SRA:SRR9693052.20294561.2	99.010	101	1	0	6474	6574	1	101	5.04e-42	182
CFAV-Bangkok_Thailand_2015	SRA:SRR9693052.20266664.1	99.010	101	1	0	6469	6569	101	1	5.04e-42	182
CFAV-Bangkok_Thailand_2015	SRA:SRR9693052.20227229.1	99.010	101	1	0	3186	3286	101	1	5.04e-42	182
CFAV-Bangkok_Thailand_2015	SRA:SRR9693052.20215856.2	99.010	101	1	0	10494	10594	1	101	5.04e-42	182
CFAV-Bangkok_Thailand_2015	SRA:SRR9693052.20193155.2	99.010	101	1	0	10488	10588	1	101	5.04e-42	182
CFAV-Bangkok_Thailand_2015	SRA:SRR9693052.20145967.1	99.010	101	1	0	9087	9187	101	1	5.04e-42	182
CFAV-Bangkok_Thailand_2015	SRA:SRR9693052.20122948.1	99.010	101	1	0	10482	10582	101	1	5.04e-42	182
CFAV-Bangkok_Thailand_2015	SRA:SRR9693052.20091506.2	99.010	101	1	0	10483	10583	1	101	5.04e-42	182
CFAV-Bangkok_Thailand_2015	SRA:SRR9693052.20091506.1	99.010	101	1	0	10486	10586	101	1	5.04e-42	182
CFAV-Bangkok_Thailand_2015	SRA:SRR9693052.20011007.2	99.010	101	1	0	3903	4003	1	101	5.04e-42	182
CFAV-Bangkok_Thailand_2015	SRA:SRR9693052.19961686.2	99.010	101	1	0	3878	3978	1	101	5.04e-42	182
CFAV-Bangkok_Thailand_2015	SRA:SRR9693052.19961686.1	99.010	101	1	0	3890	3990	101	1	5.04e-42	182
CFAV-Bangkok_Thailand_2015	SRA:SRR9693052.19951303.1	99.010	101	1	0	5626	5726	101	1	5.04e-42	182
CFAV-Bangkok_Thailand_2015	SRA:SRR9693052.19900085.1	99.010	101	1	0	10486	10586	101	1	5.04e-42	182
CFAV-Bangkok_Thailand_2015	SRA:SRR9693052.19878360.2	99.010	101	1	0	3549	3649	1	101	5.04e-42	182
CFAV-Bangkok_Thailand_2015	SRA:SRR9693052.19870150.2	99.010	101	1	0	283	383	1	101	5.04e-42	182
CFAV-Bangkok_Thailand_2015	SRA:SRR9693052.19855502.2	100.000	98	0	0	3573	3670	1	98	5.04e-42	182
CFAV-Bangkok_Thailand_2015	SRA:SRR9693052.19855502.1	99.010	101	1	0	3691	3791	101	1	5.04e-42	182
CFAV-Bangkok_Thailand_2015	SRA:SRR9693052.19828367.2	99.010	101	1	0	3903	4003	1	101	5.04e-42	182
CFAV-Bangkok_Thailand_2015	SRA:SRR9693052.19828367.1	99.010	101	1	0	3912	4012	101	1	5.04e-42	182
CFAV-Bangkok_Thailand_2015	SRA:SRR9693052.19814372.1	99.010	101	1	0	10454	10554	101	1	5.04e-42	182
CFAV-Bangkok_Thailand_2015	SRA:SRR9693052.19762646.1	99.010	101	1	0	3705	3805	101	1	5.04e-42	182
CFAV-Bangkok_Thailand_2015	SRA:SRR9693052.19759935.1	99.010	101	1	0	5188	5288	101	1	5.04e-42	182
CFAV-Bangkok_Thailand_2015	SRA:SRR9693052.19738154.1	99.010	101	1	0	7527	7627	101	1	5.04e-42	182
CFAV-Bangkok_Thailand_2015	SRA:SRR9693052.19729186.1	99.010	101	1	0	7624	7724	101	1	5.04e-42	182
CFAV-Bangkok_Thailand_2015	SRA:SRR9693052.19726309.1	99.010	101	1	0	10454	10554	101	1	5.04e-42	182
CFAV-Bangkok_Thailand_2015	SRA:SRR9693052.19614205.2	99.010	101	1	0	10481	10581	1	101	5.04e-42	182
CFAV-Bangkok_Thailand_2015	SRA:SRR9693052.19614205.1	99.010	101	1	0	10482	10582	101	1	5.04e-42	182
CFAV-Bangkok_Thailand_2015	SRA:SRR9693052.19493993.1	99.010	101	1	0	3868	3968	101	1	5.04e-42	182
CFAV-Bangkok_Thailand_2015	SRA:SRR9693052.19476638.1	99.010	101	1	0	10488	10588	101	1	5.04e-42	182
CFAV-Bangkok_Thailand_2015	SRA:SRR9693052.19420525.2	99.010	101	1	0	10481	10581	1	101	5.04e-42	182
CFAV-Bangkok_Thailand_2015	SRA:SRR9693052.19420525.1	99.010	101	1	0	10486	10586	101	1	5.04e-42	182
CFAV-Bangkok_Thailand_2015	SRA:SRR9693052.19403083.2	99.020	102	0	1	7686	7787	1	101	5.04e-42	182
CFAV-Bangkok_Thailand_2015	SRA:SRR9693052.19388289.2	99.010	101	1	0	3747	3847	1	101	5.04e-42	182
CFAV-Bangkok_Thailand_2015	SRA:SRR9693052.19388289.1	99.010	101	1	0	3881	3981	101	1	5.04e-42	182
CFAV-Bangkok_Thailand_2015	SRA:SRR9693052.19387254.1	99.010	101	1	0	6830	6930	101	1	5.04e-42	182
CFAV-Bangkok_Thailand_2015	SRA:SRR9693052.19381585.2	99.010	101	1	0	10494	10594	1	101	5.04e-42	182
CFAV-Bangkok_Thailand_2015	SRA:SRR9693052.19345753.1	99.010	101	1	0	6817	6917	101	1	5.04e-42	182
CFAV-Bangkok_Thailand_2015	SRA:SRR9693052.19331481.1	99.010	101	1	0	291	391	101	1	5.04e-42	182
CFAV-Bangkok_Thailand_2015	SRA:SRR9693052.19234630.1	99.010	101	1	0	10486	10586	101	1	5.04e-42	182
CFAV-Bangkok_Thailand_2015	SRA:SRR9693052.19190615.2	99.010	101	1	0	7572	7672	1	101	5.04e-42	182
CFAV-Bangkok_Thailand_2015	SRA:SRR9693052.19089720.1	99.010	101	1	0	10454	10554	101	1	5.04e-42	182
CFAV-Bangkok_Thailand_2015	SRA:SRR9693052.19075225.2	99.010	101	1	0	10473	10573	1	101	5.04e-42	182
CFAV-Bangkok_Thailand_2015	SRA:SRR9693052.19075225.1	99.010	101	1	0	10484	10584	101	1	5.04e-42	182
CFAV-Bangkok_Thailand_2015	SRA:SRR9693052.19062948.1	99.010	101	1	0	9111	9211	101	1	5.04e-42	182
CFAV-Bangkok_Thailand_2015	SRA:SRR9693052.19017873.2	99.010	101	1	0	6478	6578	1	101	5.04e-42	182
CFAV-Bangkok_Thailand_2015	SRA:SRR9693052.19001892.2	99.010	101	1	0	3670	3770	1	101	5.04e-42	182
CFAV-Bangkok_Thailand_2015	SRA:SRR9693052.18966812.1	99.010	101	1	0	283	383	101	1	5.04e-42	182
CFAV-Bangkok_Thailand_2015	SRA:SRR9693052.18945504.2	99.010	101	1	0	6496	6596	1	101	5.04e-42	182
CFAV-Bangkok_Thailand_2015	SRA:SRR9693052.18945504.1	99.010	101	1	0	6517	6617	101	1	5.04e-42	182
CFAV-Bangkok_Thailand_2015	SRA:SRR9693052.18869897.2	99.010	101	1	0	6461	6561	1	101	5.04e-42	182
CFAV-Bangkok_Thailand_2015	SRA:SRR9693052.18863476.2	99.010	101	1	0	6460	6560	1	101	5.04e-42	182
CFAV-Bangkok_Thailand_2015	SRA:SRR9693052.18589042.2	99.010	101	1	0	6456	6556	1	101	5.04e-42	182
CFAV-Bangkok_Thailand_2015	SRA:SRR9693052.18383398.1	99.010	101	1	0	6842	6942	101	1	5.04e-42	182
CFAV-Bangkok_Thailand_2015	SRA:SRR9693052.18275831.2	99.010	101	1	0	3899	3999	1	101	5.04e-42	182
CFAV-Bangkok_Thailand_2015	SRA:SRR9693052.18242247.2	99.010	101	1	0	7684	7784	1	101	5.04e-42	182
CFAV-Bangkok_Thailand_2015	SRA:SRR9693052.17739245.2	99.010	101	1	0	10494	10594	1	101	5.04e-42	182
CFAV-Bangkok_Thailand_2015	SRA:SRR9693052.17737069.1	99.010	101	1	0	3882	3982	101	1	5.04e-42	182
CFAV-Bangkok_Thailand_2015	SRA:SRR9693052.17678069.2	99.010	101	1	0	10451	10551	1	101	5.04e-42	182
CFAV-Bangkok_Thailand_2015	SRA:SRR9693052.17615499.2	99.010	101	1	0	9971	10071	1	101	5.04e-42	182
CFAV-Bangkok_Thailand_2015	SRA:SRR9693052.17474958.2	99.010	101	1	0	3641	3741	1	101	5.04e-42	182
CFAV-Bangkok_Thailand_2015	SRA:SRR9693052.17473634.2	99.010	101	1	0	3641	3741	1	101	5.04e-42	182
CFAV-Bangkok_Thailand_2015	SRA:SRR9693052.17136387.1	99.010	101	1	0	3912	4012	101	1	5.04e-42	182
CFAV-Bangkok_Thailand_2015	SRA:SRR9693052.17082484.1	99.010	101	1	0	9090	9190	101	1	5.04e-42	182
CFAV-Bangkok_Thailand_2015	SRA:SRR9693052.16569887.2	99.010	101	1	0	6846	6946	1	101	5.04e-42	182
CFAV-Bangkok_Thailand_2015	SRA:SRR9693052.16179108.1	99.010	101	1	0	10487	10587	101	1	5.04e-42	182
CFAV-Bangkok_Thailand_2015	SRA:SRR9693052.16164829.1	99.010	101	1	0	10452	10552	101	1	5.04e-42	182
CFAV-Bangkok_Thailand_2015	SRA:SRR9693052.15959161.2	99.010	101	1	0	3684	3784	1	101	5.04e-42	182
CFAV-Bangkok_Thailand_2015	SRA:SRR9693052.15748801.2	99.010	101	1	0	6464	6564	1	101	5.04e-42	182
CFAV-Bangkok_Thailand_2015	SRA:SRR9693052.15701452.2	99.010	101	1	0	3181	3281	1	101	5.04e-42	182
CFAV-Bangkok_Thailand_2015	SRA:SRR9693052.15700138.2	99.010	101	1	0	3181	3281	1	101	5.04e-42	182
CFAV-Bangkok_Thailand_2015	SRA:SRR9693052.15657258.1	99.010	101	1	0	3713	3813	101	1	5.04e-42	182
CFAV-Bangkok_Thailand_2015	SRA:SRR9693052.15308331.2	99.010	101	1	0	6455	6555	1	101	5.04e-42	182
CFAV-Bangkok_Thailand_2015	SRA:SRR9693052.15143756.1	99.010	101	1	0	3695	3795	101	1	5.04e-42	182
CFAV-Bangkok_Thailand_2015	SRA:SRR9693052.15066387.2	99.010	101	1	0	6455	6555	1	101	5.04e-42	182
CFAV-Bangkok_Thailand_2015	SRA:SRR9693052.14960828.2	99.010	101	1	0	10493	10593	1	101	5.04e-42	182
CFAV-Bangkok_Thailand_2015	SRA:SRR9693052.14392074.2	99.010	101	1	0	3663	3763	1	101	5.04e-42	182
CFAV-Bangkok_Thailand_2015	SRA:SRR9693052.14196834.2	99.010	101	1	0	7678	7778	1	101	5.04e-42	182
CFAV-Bangkok_Thailand_2015	SRA:SRR9693052.14110528.2	99.010	101	1	0	6478	6578	1	101	5.04e-42	182
CFAV-Bangkok_Thailand_2015	SRA:SRR9693052.14097940.1	99.010	101	1	0	3881	3981	101	1	5.04e-42	182
CFAV-Bangkok_Thailand_2015	SRA:SRR9693052.14095588.1	99.010	101	1	0	3881	3981	101	1	5.04e-42	182
CFAV-Bangkok_Thailand_2015	SRA:SRR9693052.13765728.1	99.010	101	1	0	1202	1302	101	1	5.04e-42	182
CFAV-Bangkok_Thailand_2015	SRA:SRR9693052.13678153.2	99.010	101	1	0	3653	3753	1	101	5.04e-42	182
CFAV-Bangkok_Thailand_2015	SRA:SRR9693052.13552600.1	99.010	101	1	0	9090	9190	101	1	5.04e-42	182
CFAV-Bangkok_Thailand_2015	SRA:SRR9693052.13533055.1	99.010	101	1	0	3867	3967	101	1	5.04e-42	182
CFAV-Bangkok_Thailand_2015	SRA:SRR9693052.13493472.2	99.010	101	1	0	3737	3837	1	101	5.04e-42	182
CFAV-Bangkok_Thailand_2015	SRA:SRR9693052.13306408.2	99.010	101	1	0	10467	10567	1	101	5.04e-42	182
CFAV-Bangkok_Thailand_2015	SRA:SRR9693052.13264886.1	99.010	101	1	0	6456	6556	101	1	5.04e-42	182
CFAV-Bangkok_Thailand_2015	SRA:SRR9693052.12952400.2	99.010	101	1	0	5629	5729	1	101	5.04e-42	182
CFAV-Bangkok_Thailand_2015	SRA:SRR9693052.12733014.2	99.010	101	1	0	6529	6629	1	101	5.04e-42	182
CFAV-Bangkok_Thailand_2015	SRA:SRR9693052.12666836.1	99.010	101	1	0	9996	10096	101	1	5.04e-42	182
CFAV-Bangkok_Thailand_2015	SRA:SRR9693052.12552906.1	99.010	101	1	0	290	390	101	1	5.04e-42	182
