CFAV-Bangkok_Thailand_2015	SRA:SRX1781439.43270777.1	98.630	73	1	0	977	1049	73	1	1.19e-26	130
CFAV-Bangkok_Thailand_2015	SRA:SRX1781439.36875158.1	98.611	72	1	0	1384	1455	72	1	4.28e-26	128
CFAV-Bangkok_Thailand_2015	SRA:SRX1781439.40241534.1	97.260	73	2	0	771	843	73	1	5.54e-25	124
CFAV-Bangkok_Thailand_2015	SRA:SRX1781439.25773004.1	97.260	73	2	0	3001	3073	1	73	5.54e-25	124
CFAV-Bangkok_Thailand_2015	SRA:SRX1781439.10553462.1	97.260	73	2	0	702	774	73	1	5.54e-25	124
CFAV-Bangkok_Thailand_2015	SRA:SRX1781439.19784290.1	97.222	72	2	0	2731	2802	2	73	1.99e-24	122
CFAV-Bangkok_Thailand_2015	SRA:SRX1781439.43708577.1	94.521	73	4	0	2491	2563	1	73	1.20e-21	113
NC_001564	SRA:SRX1781439.25773004.1	100.000	73	0	0	3008	3080	1	73	2.57e-28	135
NC_001564	SRA:SRX1781439.43708577.1	98.630	73	1	0	2498	2570	1	73	1.19e-26	130
NC_001564	SRA:SRX1781439.43270777.1	98.630	73	1	0	984	1056	73	1	1.19e-26	130
NC_001564	SRA:SRX1781439.36875158.1	98.630	73	1	0	1390	1462	73	1	1.19e-26	130
NC_001564	SRA:SRX1781439.19784290.1	98.630	73	1	0	2737	2809	1	73	1.19e-26	130
NC_001564	SRA:SRX1781439.40241534.1	97.260	73	2	0	778	850	73	1	5.55e-25	124
NC_001564	SRA:SRX1781439.10553462.1	97.260	73	2	0	709	781	73	1	5.55e-25	124
NC_001564	SRA:SRX1781439.34441056.1	95.890	73	3	0	2599	2671	1	73	2.58e-23	119
CFAV-Cairns_Australia_2014	SRA:SRX1781439.10553462.1	100.000	73	0	0	708	780	73	1	2.57e-28	135
CFAV-Cairns_Australia_2014	SRA:SRX1781439.43708577.1	98.630	73	1	0	2497	2569	1	73	1.19e-26	130
CFAV-Cairns_Australia_2014	SRA:SRX1781439.43270777.1	98.630	73	1	0	983	1055	73	1	1.19e-26	130
CFAV-Cairns_Australia_2014	SRA:SRX1781439.40241534.1	97.260	73	2	0	777	849	73	1	5.55e-25	124
CFAV-Cairns_Australia_2014	SRA:SRX1781439.36875158.1	97.260	73	2	0	1389	1461	73	1	5.55e-25	124
CFAV-Cairns_Australia_2014	SRA:SRX1781439.25773004.1	97.260	73	2	0	3007	3079	1	73	5.55e-25	124
CFAV-Cairns_Australia_2014	SRA:SRX1781439.19784290.1	97.260	73	2	0	2736	2808	1	73	5.55e-25	124
CFAV-Cairns_Australia_2014	SRA:SRX1781439.34441056.1	95.890	73	3	0	2598	2670	1	73	2.58e-23	119
CFAV-Macapa2_Brazil_2017	SRA:SRX1781439.43270777.1	98.630	73	1	0	984	1056	73	1	1.19e-26	130
CFAV-Macapa2_Brazil_2017	SRA:SRX1781439.40241534.1	98.630	73	1	0	778	850	73	1	1.19e-26	130
CFAV-Macapa2_Brazil_2017	SRA:SRX1781439.43708577.1	97.260	73	2	0	2498	2570	1	73	5.55e-25	124
CFAV-Macapa2_Brazil_2017	SRA:SRX1781439.36875158.1	97.260	73	2	0	1390	1462	73	1	5.55e-25	124
CFAV-Macapa2_Brazil_2017	SRA:SRX1781439.25773004.1	97.260	73	2	0	3008	3080	1	73	5.55e-25	124
CFAV-Macapa2_Brazil_2017	SRA:SRX1781439.10553462.1	98.571	70	1	0	712	781	70	1	5.55e-25	124
CFAV-Macapa2_Brazil_2017	SRA:SRX1781439.34441056.1	95.890	73	3	0	2599	2671	1	73	2.58e-23	119
CFAV-Macapa2_Brazil_2017	SRA:SRX1781439.19784290.1	95.890	73	3	0	2737	2809	1	73	2.58e-23	119
CFAV-Macapa2_Brazil_2017	SRA:SRX1781439.17085162.1	95.714	70	3	0	2003	2072	1	70	1.20e-21	113
CFAV-KC_Cambodia_2015	SRA:SRX1781439.19784290.1	98.611	72	1	0	2749	2820	2	73	4.30e-26	128
CFAV-KC_Cambodia_2015	SRA:SRX1781439.43270777.1	97.260	73	2	0	995	1067	73	1	5.56e-25	124
CFAV-KC_Cambodia_2015	SRA:SRX1781439.36875158.1	94.521	73	4	0	1401	1473	73	1	1.20e-21	113
CFAV-KC_Cambodia_2015	SRA:SRX1781439.34441056.1	94.521	73	4	0	2610	2682	1	73	1.20e-21	113
CFAV-KC_Cambodia_2015	SRA:SRX1781439.25773004.1	93.151	73	5	0	3019	3091	1	73	5.60e-20	108
CFAV-KC_Cambodia_2015	SRA:SRX1781439.17085162.1	94.286	70	4	0	2014	2083	1	70	5.60e-20	108
CFAV-KC_Cambodia_2015	SRA:SRX1781439.10553462.1	91.781	73	6	0	720	792	73	1	2.61e-18	102
CFAV-Zik_Uganda_2016	SRA:SRX1781439.43708577.1	100.000	73	0	0	2509	2581	1	73	2.57e-28	135
CFAV-Zik_Uganda_2016	SRA:SRX1781439.36875158.1	100.000	73	0	0	1401	1473	73	1	2.57e-28	135
CFAV-Zik_Uganda_2016	SRA:SRX1781439.25773004.1	98.630	73	1	0	3019	3091	1	73	1.20e-26	130
CFAV-Zik_Uganda_2016	SRA:SRX1781439.10553462.1	98.630	73	1	0	720	792	73	1	1.20e-26	130
CFAV-Zik_Uganda_2016	SRA:SRX1781439.43270777.1	98.592	71	1	0	995	1065	73	3	1.55e-25	126
CFAV-Zik_Uganda_2016	SRA:SRX1781439.19784290.1	97.222	72	2	0	2749	2820	2	73	2.00e-24	122
CFAV-Zik_Uganda_2016	SRA:SRX1781439.40241534.1	95.890	73	3	0	789	861	73	1	2.59e-23	119
CFAV-Zik_Uganda_2016	SRA:SRX1781439.34441056.1	95.890	73	3	0	2610	2682	1	73	2.59e-23	119
CFAV-Zik_Uganda_2016	SRA:SRX1781439.17085162.1	94.286	70	4	0	2014	2083	1	70	5.60e-20	108
