CFAV-Bangkok_Thailand_2015	SRA:SRX1897891.16178805.1	100.000	36	0	0	3981	4016	36	1	8.75e-08	67.6
CFAV-Bangkok_Thailand_2015	SRA:SRX1897891.11450616.1	100.000	32	0	0	7359	7390	1	32	1.46e-05	60.2
CFAV-Bangkok_Thailand_2015	SRA:SRX1897891.4321977.1	100.000	32	0	0	7359	7390	1	32	1.46e-05	60.2
CFAV-Bangkok_Thailand_2015	SRA:SRX1897891.1976800.1	100.000	32	0	0	7359	7390	1	32	1.46e-05	60.2
CFAV-Bangkok_Thailand_2015	SRA:SRX1897891.22558444.1	100.000	31	0	0	7359	7389	1	31	5.27e-05	58.4
CFAV-Bangkok_Thailand_2015	SRA:SRX1897891.15129554.1	100.000	31	0	0	7370	7400	1	31	5.27e-05	58.4
CFAV-Bangkok_Thailand_2015	SRA:SRX1897891.18690414.1	100.000	30	0	0	7359	7388	1	30	1.89e-04	56.5
CFAV-Bangkok_Thailand_2015	SRA:SRX1897891.11159265.1	100.000	30	0	0	7359	7388	1	30	1.89e-04	56.5
CFAV-Bangkok_Thailand_2015	SRA:SRX1897891.9242469.1	100.000	30	0	0	4153	4182	30	1	1.89e-04	56.5
CFAV-Bangkok_Thailand_2015	SRA:SRX1897891.24164279.1	100.000	29	0	0	8608	8636	1	29	6.81e-04	54.7
CFAV-Bangkok_Thailand_2015	SRA:SRX1897891.21699218.1	100.000	29	0	0	8608	8636	1	29	6.81e-04	54.7
CFAV-Bangkok_Thailand_2015	SRA:SRX1897891.16006758.1	100.000	29	0	0	4051	4079	29	1	6.81e-04	54.7
CFAV-Bangkok_Thailand_2015	SRA:SRX1897891.12840885.1	100.000	29	0	0	3960	3988	29	1	6.81e-04	54.7
CFAV-Bangkok_Thailand_2015	SRA:SRX1897891.12295897.1	100.000	29	0	0	8686	8714	1	29	6.81e-04	54.7
CFAV-Bangkok_Thailand_2015	SRA:SRX1897891.9228776.1	100.000	29	0	0	7413	7441	1	29	6.81e-04	54.7
CFAV-Bangkok_Thailand_2015	SRA:SRX1897891.5556270.1	100.000	29	0	0	3931	3959	29	1	6.81e-04	54.7
CFAV-Bangkok_Thailand_2015	SRA:SRX1897891.3986419.1	100.000	29	0	0	3960	3988	29	1	6.81e-04	54.7
CFAV-Bangkok_Thailand_2015	SRA:SRX1897891.26570684.1	100.000	28	0	0	3910	3937	28	1	0.002	52.8
CFAV-Bangkok_Thailand_2015	SRA:SRX1897891.25990283.1	100.000	28	0	0	3965	3992	28	1	0.002	52.8
CFAV-Bangkok_Thailand_2015	SRA:SRX1897891.22220714.1	100.000	28	0	0	4092	4119	28	1	0.002	52.8
CFAV-Bangkok_Thailand_2015	SRA:SRX1897891.21762811.1	100.000	28	0	0	4092	4119	28	1	0.002	52.8
CFAV-Bangkok_Thailand_2015	SRA:SRX1897891.20145781.1	100.000	28	0	0	3965	3992	28	1	0.002	52.8
CFAV-Bangkok_Thailand_2015	SRA:SRX1897891.18404661.1	100.000	28	0	0	8617	8644	1	28	0.002	52.8
CFAV-Bangkok_Thailand_2015	SRA:SRX1897891.18314941.1	100.000	28	0	0	8609	8636	1	28	0.002	52.8
CFAV-Bangkok_Thailand_2015	SRA:SRX1897891.14302344.1	100.000	28	0	0	7393	7420	1	28	0.002	52.8
CFAV-Bangkok_Thailand_2015	SRA:SRX1897891.12942210.1	100.000	28	0	0	3965	3992	28	1	0.002	52.8
CFAV-Bangkok_Thailand_2015	SRA:SRX1897891.12200393.1	100.000	28	0	0	3965	3992	28	1	0.002	52.8
CFAV-Bangkok_Thailand_2015	SRA:SRX1897891.2668387.1	100.000	27	0	0	8688	8714	1	27	0.009	51.0
CFAV-Bangkok_Thailand_2015	SRA:SRX1897891.9131890.1	100.000	25	0	0	3906	3930	25	1	0.11	47.3
NC_001564	SRA:SRX1897891.16178805.1	100.000	36	0	0	3988	4023	36	1	8.77e-08	67.6
NC_001564	SRA:SRX1897891.11450616.1	100.000	32	0	0	7366	7397	1	32	1.47e-05	60.2
NC_001564	SRA:SRX1897891.4321977.1	100.000	32	0	0	7366	7397	1	32	1.47e-05	60.2
NC_001564	SRA:SRX1897891.1976800.1	100.000	32	0	0	7366	7397	1	32	1.47e-05	60.2
NC_001564	SRA:SRX1897891.22558444.1	100.000	31	0	0	7366	7396	1	31	5.28e-05	58.4
NC_001564	SRA:SRX1897891.15129554.1	100.000	31	0	0	7377	7407	1	31	5.28e-05	58.4
NC_001564	SRA:SRX1897891.18690414.1	100.000	30	0	0	7366	7395	1	30	1.90e-04	56.5
NC_001564	SRA:SRX1897891.11159265.1	100.000	30	0	0	7366	7395	1	30	1.90e-04	56.5
NC_001564	SRA:SRX1897891.9242469.1	100.000	30	0	0	4160	4189	30	1	1.90e-04	56.5
NC_001564	SRA:SRX1897891.6799225.1	97.059	34	0	1	4107	4140	33	1	1.90e-04	56.5
NC_001564	SRA:SRX1897891.24164279.1	100.000	29	0	0	8615	8643	1	29	6.83e-04	54.7
NC_001564	SRA:SRX1897891.21699218.1	100.000	29	0	0	8615	8643	1	29	6.83e-04	54.7
NC_001564	SRA:SRX1897891.16006758.1	100.000	29	0	0	4058	4086	29	1	6.83e-04	54.7
NC_001564	SRA:SRX1897891.12840885.1	100.000	29	0	0	3967	3995	29	1	6.83e-04	54.7
NC_001564	SRA:SRX1897891.8789927.1	96.970	33	0	1	4107	4139	32	1	6.83e-04	54.7
NC_001564	SRA:SRX1897891.3986419.1	100.000	29	0	0	3967	3995	29	1	6.83e-04	54.7
NC_001564	SRA:SRX1897891.1527118.1	96.970	33	0	1	4107	4139	32	1	6.83e-04	54.7
NC_001564	SRA:SRX1897891.187528.1	100.000	29	0	0	4004	4032	29	1	6.83e-04	54.7
NC_001564	SRA:SRX1897891.26591798.1	100.000	28	0	0	8611	8638	1	28	0.002	52.8
NC_001564	SRA:SRX1897891.25990283.1	100.000	28	0	0	3972	3999	28	1	0.002	52.8
NC_001564	SRA:SRX1897891.22220714.1	100.000	28	0	0	4099	4126	28	1	0.002	52.8
NC_001564	SRA:SRX1897891.21762811.1	100.000	28	0	0	4099	4126	28	1	0.002	52.8
NC_001564	SRA:SRX1897891.20145781.1	100.000	28	0	0	3972	3999	28	1	0.002	52.8
NC_001564	SRA:SRX1897891.18404661.1	100.000	28	0	0	8624	8651	1	28	0.002	52.8
NC_001564	SRA:SRX1897891.18314941.1	100.000	28	0	0	8616	8643	1	28	0.002	52.8
NC_001564	SRA:SRX1897891.15737534.1	100.000	28	0	0	8611	8638	1	28	0.002	52.8
NC_001564	SRA:SRX1897891.14529111.1	100.000	28	0	0	4189	4216	28	1	0.002	52.8
NC_001564	SRA:SRX1897891.14302344.1	100.000	28	0	0	7400	7427	1	28	0.002	52.8
NC_001564	SRA:SRX1897891.13348724.1	100.000	28	0	0	8604	8631	1	28	0.002	52.8
NC_001564	SRA:SRX1897891.12942210.1	100.000	28	0	0	3972	3999	28	1	0.002	52.8
NC_001564	SRA:SRX1897891.12200393.1	100.000	28	0	0	3972	3999	28	1	0.002	52.8
NC_001564	SRA:SRX1897891.7892324.1	100.000	28	0	0	4189	4216	30	3	0.002	52.8
NC_001564	SRA:SRX1897891.6858450.1	100.000	28	0	0	4189	4216	30	3	0.002	52.8
NC_001564	SRA:SRX1897891.1423964.1	100.000	28	0	0	8675	8702	1	28	0.002	52.8
NC_001564	SRA:SRX1897891.1090306.1	100.000	28	0	0	8611	8638	1	28	0.002	52.8
NC_001564	SRA:SRX1897891.14768521.1	100.000	27	0	0	4167	4193	27	1	0.009	51.0
NC_001564	SRA:SRX1897891.5286114.1	100.000	27	0	0	8613	8639	1	27	0.009	51.0
CFAV-Cairns_Australia_2014	SRA:SRX1897891.16178805.1	100.000	36	0	0	3987	4022	36	1	8.77e-08	67.6
CFAV-Cairns_Australia_2014	SRA:SRX1897891.11450616.1	100.000	32	0	0	7365	7396	1	32	1.47e-05	60.2
CFAV-Cairns_Australia_2014	SRA:SRX1897891.4321977.1	100.000	32	0	0	7365	7396	1	32	1.47e-05	60.2
CFAV-Cairns_Australia_2014	SRA:SRX1897891.1976800.1	100.000	32	0	0	7365	7396	1	32	1.47e-05	60.2
CFAV-Cairns_Australia_2014	SRA:SRX1897891.22558444.1	100.000	31	0	0	7365	7395	1	31	5.28e-05	58.4
CFAV-Cairns_Australia_2014	SRA:SRX1897891.15129554.1	100.000	31	0	0	7376	7406	1	31	5.28e-05	58.4
CFAV-Cairns_Australia_2014	SRA:SRX1897891.18690414.1	100.000	30	0	0	7365	7394	1	30	1.90e-04	56.5
CFAV-Cairns_Australia_2014	SRA:SRX1897891.11159265.1	100.000	30	0	0	7365	7394	1	30	1.90e-04	56.5
CFAV-Cairns_Australia_2014	SRA:SRX1897891.9242469.1	100.000	30	0	0	4159	4188	30	1	1.90e-04	56.5
CFAV-Cairns_Australia_2014	SRA:SRX1897891.16006758.1	100.000	29	0	0	4057	4085	29	1	6.83e-04	54.7
CFAV-Cairns_Australia_2014	SRA:SRX1897891.9228776.1	100.000	29	0	0	7419	7447	1	29	6.83e-04	54.7
CFAV-Cairns_Australia_2014	SRA:SRX1897891.5556270.1	100.000	29	0	0	3937	3965	29	1	6.83e-04	54.7
CFAV-Cairns_Australia_2014	SRA:SRX1897891.187528.1	100.000	29	0	0	4003	4031	29	1	6.83e-04	54.7
CFAV-Cairns_Australia_2014	SRA:SRX1897891.25990283.1	100.000	28	0	0	3971	3998	28	1	0.002	52.8
CFAV-Cairns_Australia_2014	SRA:SRX1897891.20145781.1	100.000	28	0	0	3971	3998	28	1	0.002	52.8
CFAV-Cairns_Australia_2014	SRA:SRX1897891.14529111.1	100.000	28	0	0	4188	4215	28	1	0.002	52.8
CFAV-Cairns_Australia_2014	SRA:SRX1897891.14302344.1	100.000	28	0	0	7399	7426	1	28	0.002	52.8
CFAV-Cairns_Australia_2014	SRA:SRX1897891.12942210.1	100.000	28	0	0	3971	3998	28	1	0.002	52.8
CFAV-Cairns_Australia_2014	SRA:SRX1897891.12200393.1	100.000	28	0	0	3971	3998	28	1	0.002	52.8
CFAV-Cairns_Australia_2014	SRA:SRX1897891.7892324.1	100.000	28	0	0	4188	4215	30	3	0.002	52.8
CFAV-Cairns_Australia_2014	SRA:SRX1897891.6858450.1	100.000	28	0	0	4188	4215	30	3	0.002	52.8
CFAV-Cairns_Australia_2014	SRA:SRX1897891.14768521.1	100.000	27	0	0	4166	4192	27	1	0.009	51.0
CFAV-Macapa2_Brazil_2017	SRA:SRX1897891.16178805.1	100.000	36	0	0	3988	4023	36	1	8.77e-08	67.6
CFAV-Macapa2_Brazil_2017	SRA:SRX1897891.18690414.1	100.000	31	0	0	7366	7396	1	31	5.28e-05	58.4
CFAV-Macapa2_Brazil_2017	SRA:SRX1897891.11159265.1	100.000	31	0	0	7366	7396	1	31	5.28e-05	58.4
CFAV-Macapa2_Brazil_2017	SRA:SRX1897891.22558444.1	100.000	30	0	0	7366	7395	1	30	1.90e-04	56.5
CFAV-Macapa2_Brazil_2017	SRA:SRX1897891.11450616.1	100.000	30	0	0	7366	7395	1	30	1.90e-04	56.5
CFAV-Macapa2_Brazil_2017	SRA:SRX1897891.7892324.1	100.000	30	0	0	4189	4218	30	1	1.90e-04	56.5
CFAV-Macapa2_Brazil_2017	SRA:SRX1897891.6858450.1	100.000	30	0	0	4189	4218	30	1	1.90e-04	56.5
CFAV-Macapa2_Brazil_2017	SRA:SRX1897891.4321977.1	100.000	30	0	0	7366	7395	1	30	1.90e-04	56.5
CFAV-Macapa2_Brazil_2017	SRA:SRX1897891.1976800.1	100.000	30	0	0	7366	7395	1	30	1.90e-04	56.5
CFAV-Macapa2_Brazil_2017	SRA:SRX1897891.16006758.1	100.000	29	0	0	4058	4086	29	1	6.83e-04	54.7
CFAV-Macapa2_Brazil_2017	SRA:SRX1897891.25990283.1	100.000	28	0	0	3972	3999	28	1	0.002	52.8
CFAV-Macapa2_Brazil_2017	SRA:SRX1897891.20145781.1	100.000	28	0	0	3972	3999	28	1	0.002	52.8
CFAV-Macapa2_Brazil_2017	SRA:SRX1897891.14529111.1	100.000	28	0	0	4189	4216	28	1	0.002	52.8
CFAV-Macapa2_Brazil_2017	SRA:SRX1897891.12942210.1	100.000	28	0	0	3972	3999	28	1	0.002	52.8
CFAV-Macapa2_Brazil_2017	SRA:SRX1897891.12200393.1	100.000	28	0	0	3972	3999	28	1	0.002	52.8
CFAV-KC_Cambodia_2015	SRA:SRX1897891.16178805.1	100.000	36	0	0	3999	4034	36	1	8.78e-08	67.6
CFAV-KC_Cambodia_2015	SRA:SRX1897891.11450616.1	100.000	32	0	0	7377	7408	1	32	1.47e-05	60.2
CFAV-KC_Cambodia_2015	SRA:SRX1897891.4321977.1	100.000	32	0	0	7377	7408	1	32	1.47e-05	60.2
CFAV-KC_Cambodia_2015	SRA:SRX1897891.1976800.1	100.000	32	0	0	7377	7408	1	32	1.47e-05	60.2
CFAV-KC_Cambodia_2015	SRA:SRX1897891.22558444.1	100.000	31	0	0	7377	7407	1	31	5.28e-05	58.4
CFAV-KC_Cambodia_2015	SRA:SRX1897891.15129554.1	100.000	31	0	0	7388	7418	1	31	5.28e-05	58.4
CFAV-KC_Cambodia_2015	SRA:SRX1897891.18690414.1	100.000	30	0	0	7377	7406	1	30	1.90e-04	56.5
CFAV-KC_Cambodia_2015	SRA:SRX1897891.11159265.1	100.000	30	0	0	7377	7406	1	30	1.90e-04	56.5
CFAV-KC_Cambodia_2015	SRA:SRX1897891.9242469.1	100.000	30	0	0	4171	4200	30	1	1.90e-04	56.5
CFAV-KC_Cambodia_2015	SRA:SRX1897891.6799225.1	97.059	34	0	1	4118	4151	33	1	1.90e-04	56.5
CFAV-KC_Cambodia_2015	SRA:SRX1897891.24164279.1	100.000	29	0	0	8626	8654	1	29	6.84e-04	54.7
CFAV-KC_Cambodia_2015	SRA:SRX1897891.21699218.1	100.000	29	0	0	8626	8654	1	29	6.84e-04	54.7
CFAV-KC_Cambodia_2015	SRA:SRX1897891.16006758.1	100.000	29	0	0	4069	4097	29	1	6.84e-04	54.7
CFAV-KC_Cambodia_2015	SRA:SRX1897891.12295897.1	100.000	29	0	0	8704	8732	1	29	6.84e-04	54.7
CFAV-KC_Cambodia_2015	SRA:SRX1897891.8789927.1	96.970	33	0	1	4118	4150	32	1	6.84e-04	54.7
CFAV-KC_Cambodia_2015	SRA:SRX1897891.5556270.1	100.000	29	0	0	3949	3977	29	1	6.84e-04	54.7
CFAV-KC_Cambodia_2015	SRA:SRX1897891.1527118.1	96.970	33	0	1	4118	4150	32	1	6.84e-04	54.7
CFAV-KC_Cambodia_2015	SRA:SRX1897891.187528.1	100.000	29	0	0	4015	4043	29	1	6.84e-04	54.7
CFAV-KC_Cambodia_2015	SRA:SRX1897891.22220714.1	100.000	28	0	0	4110	4137	28	1	0.002	52.8
CFAV-KC_Cambodia_2015	SRA:SRX1897891.21762811.1	100.000	28	0	0	4110	4137	28	1	0.002	52.8
CFAV-KC_Cambodia_2015	SRA:SRX1897891.18404661.1	100.000	28	0	0	8635	8662	1	28	0.002	52.8
CFAV-KC_Cambodia_2015	SRA:SRX1897891.18314941.1	100.000	28	0	0	8627	8654	1	28	0.002	52.8
CFAV-KC_Cambodia_2015	SRA:SRX1897891.14302344.1	100.000	28	0	0	7411	7438	1	28	0.002	52.8
CFAV-KC_Cambodia_2015	SRA:SRX1897891.5286114.1	100.000	27	0	0	8624	8650	1	27	0.009	51.0
CFAV-KC_Cambodia_2015	SRA:SRX1897891.2668387.1	100.000	27	0	0	8706	8732	1	27	0.009	51.0
CFAV-Zik_Uganda_2016	SRA:SRX1897891.16178805.1	100.000	36	0	0	3999	4034	36	1	8.78e-08	67.6
CFAV-Zik_Uganda_2016	SRA:SRX1897891.6279558.1	100.000	30	0	0	8654	8683	1	30	1.90e-04	56.5
CFAV-Zik_Uganda_2016	SRA:SRX1897891.24164279.1	100.000	29	0	0	8626	8654	1	29	6.84e-04	54.7
CFAV-Zik_Uganda_2016	SRA:SRX1897891.21699218.1	100.000	29	0	0	8626	8654	1	29	6.84e-04	54.7
CFAV-Zik_Uganda_2016	SRA:SRX1897891.12840885.1	100.000	29	0	0	3978	4006	29	1	6.84e-04	54.7
CFAV-Zik_Uganda_2016	SRA:SRX1897891.9228776.1	100.000	29	0	0	7431	7459	1	29	6.84e-04	54.7
CFAV-Zik_Uganda_2016	SRA:SRX1897891.5556270.1	100.000	29	0	0	3949	3977	29	1	6.84e-04	54.7
CFAV-Zik_Uganda_2016	SRA:SRX1897891.3986419.1	100.000	29	0	0	3978	4006	29	1	6.84e-04	54.7
CFAV-Zik_Uganda_2016	SRA:SRX1897891.26591798.1	100.000	28	0	0	8622	8649	1	28	0.002	52.8
CFAV-Zik_Uganda_2016	SRA:SRX1897891.25990283.1	100.000	28	0	0	3983	4010	28	1	0.002	52.8
CFAV-Zik_Uganda_2016	SRA:SRX1897891.20145781.1	100.000	28	0	0	3983	4010	28	1	0.002	52.8
CFAV-Zik_Uganda_2016	SRA:SRX1897891.18404661.1	100.000	28	0	0	8635	8662	1	28	0.002	52.8
CFAV-Zik_Uganda_2016	SRA:SRX1897891.18314941.1	100.000	28	0	0	8627	8654	1	28	0.002	52.8
CFAV-Zik_Uganda_2016	SRA:SRX1897891.15737534.1	100.000	28	0	0	8622	8649	1	28	0.002	52.8
CFAV-Zik_Uganda_2016	SRA:SRX1897891.14302344.1	100.000	28	0	0	7411	7438	1	28	0.002	52.8
CFAV-Zik_Uganda_2016	SRA:SRX1897891.13348724.1	100.000	28	0	0	8615	8642	1	28	0.002	52.8
CFAV-Zik_Uganda_2016	SRA:SRX1897891.12942210.1	100.000	28	0	0	3983	4010	28	1	0.002	52.8
CFAV-Zik_Uganda_2016	SRA:SRX1897891.12200393.1	100.000	28	0	0	3983	4010	28	1	0.002	52.8
CFAV-Zik_Uganda_2016	SRA:SRX1897891.1423964.1	100.000	28	0	0	8686	8713	1	28	0.002	52.8
CFAV-Zik_Uganda_2016	SRA:SRX1897891.1090306.1	100.000	28	0	0	8622	8649	1	28	0.002	52.8
CFAV-Zik_Uganda_2016	SRA:SRX1897891.5286114.1	100.000	27	0	0	8624	8650	1	27	0.009	51.0
