CFAV-Bangkok_Thailand_2015	SRA:SRX1781440.9422891.1	100.000	73	0	0	3202	3274	1	73	1.88e-28	135
CFAV-Bangkok_Thailand_2015	SRA:SRX1781440.28122108.1	98.630	73	1	0	1410	1482	1	73	8.74e-27	130
CFAV-Bangkok_Thailand_2015	SRA:SRX1781440.17949345.1	98.630	73	1	0	2840	2912	1	73	8.74e-27	130
CFAV-Bangkok_Thailand_2015	SRA:SRX1781440.13957478.1	98.630	73	1	0	3255	3327	73	1	8.74e-27	130
CFAV-Bangkok_Thailand_2015	SRA:SRX1781440.5049075.1	98.630	73	1	0	996	1068	73	1	8.74e-27	130
CFAV-Bangkok_Thailand_2015	SRA:SRX1781440.22990158.1	98.611	72	1	0	1249	1320	2	73	3.14e-26	128
CFAV-Bangkok_Thailand_2015	SRA:SRX1781440.16530589.1	98.592	71	1	0	3532	3602	3	73	1.13e-25	126
CFAV-Bangkok_Thailand_2015	SRA:SRX1781440.33662716.1	97.260	73	2	0	1375	1447	73	1	4.07e-25	124
CFAV-Bangkok_Thailand_2015	SRA:SRX1781440.16963384.1	97.260	73	2	0	2259	2331	73	1	4.07e-25	124
CFAV-Bangkok_Thailand_2015	SRA:SRX1781440.14193518.1	97.260	73	2	0	644	716	73	1	4.07e-25	124
CFAV-Bangkok_Thailand_2015	SRA:SRX1781440.13039805.1	97.260	73	2	0	3585	3657	1	73	4.07e-25	124
CFAV-Bangkok_Thailand_2015	SRA:SRX1781440.8401480.1	97.260	73	2	0	3410	3482	73	1	4.07e-25	124
CFAV-Bangkok_Thailand_2015	SRA:SRX1781440.628467.1	97.260	73	2	0	1580	1652	73	1	4.07e-25	124
CFAV-Bangkok_Thailand_2015	SRA:SRX1781440.5138827.1	97.222	72	2	0	412	483	2	73	1.46e-24	122
CFAV-Bangkok_Thailand_2015	SRA:SRX1781440.31989437.1	97.183	71	2	0	2236	2306	73	3	5.26e-24	121
CFAV-Bangkok_Thailand_2015	SRA:SRX1781440.17219477.1	98.529	68	1	0	424	491	3	70	5.26e-24	121
CFAV-Bangkok_Thailand_2015	SRA:SRX1781440.33081842.1	95.890	73	3	0	563	635	1	73	1.89e-23	119
CFAV-Bangkok_Thailand_2015	SRA:SRX1781440.32808689.1	95.890	73	3	0	3502	3574	1	73	1.89e-23	119
CFAV-Bangkok_Thailand_2015	SRA:SRX1781440.31065442.1	95.890	73	3	0	3133	3205	1	73	1.89e-23	119
CFAV-Bangkok_Thailand_2015	SRA:SRX1781440.30432951.1	95.890	73	3	0	588	660	1	73	1.89e-23	119
CFAV-Bangkok_Thailand_2015	SRA:SRX1781440.22332191.1	95.890	73	3	0	1324	1396	1	73	1.89e-23	119
CFAV-Bangkok_Thailand_2015	SRA:SRX1781440.5393234.1	95.890	73	3	0	588	660	1	73	1.89e-23	119
CFAV-Bangkok_Thailand_2015	SRA:SRX1781440.27424698.1	95.775	71	3	0	3308	3378	71	1	6.81e-23	117
CFAV-Bangkok_Thailand_2015	SRA:SRX1781440.11215300.1	94.521	73	4	0	1777	1849	73	1	8.80e-22	113
CFAV-Bangkok_Thailand_2015	SRA:SRX1781440.29783040.1	94.444	72	4	0	1980	2051	1	72	3.17e-21	111
CFAV-Bangkok_Thailand_2015	SRA:SRX1781440.10209693.1	94.286	70	4	0	932	1001	1	70	4.10e-20	108
CFAV-Bangkok_Thailand_2015	SRA:SRX1781440.29372239.1	91.781	73	6	0	2448	2520	1	73	1.91e-18	102
NC_001564	SRA:SRX1781440.28122108.1	100.000	73	0	0	1417	1489	1	73	1.88e-28	135
NC_001564	SRA:SRX1781440.16530589.1	100.000	73	0	0	3537	3609	1	73	1.88e-28	135
NC_001564	SRA:SRX1781440.5049075.1	100.000	73	0	0	1003	1075	73	1	1.88e-28	135
NC_001564	SRA:SRX1781440.31989437.1	100.000	71	0	0	2243	2313	73	3	2.44e-27	132
NC_001564	SRA:SRX1781440.33662716.1	98.630	73	1	0	1382	1454	73	1	8.76e-27	130
NC_001564	SRA:SRX1781440.32808689.1	98.630	73	1	0	3509	3581	1	73	8.76e-27	130
NC_001564	SRA:SRX1781440.19405395.1	98.630	73	1	0	1148	1220	73	1	8.76e-27	130
NC_001564	SRA:SRX1781440.17219477.1	98.630	73	1	0	429	501	1	73	8.76e-27	130
NC_001564	SRA:SRX1781440.16963384.1	98.630	73	1	0	2266	2338	73	1	8.76e-27	130
NC_001564	SRA:SRX1781440.14193518.1	98.630	73	1	0	651	723	73	1	8.76e-27	130
NC_001564	SRA:SRX1781440.22990158.1	98.611	72	1	0	1256	1327	2	73	3.15e-26	128
NC_001564	SRA:SRX1781440.5138827.1	98.611	72	1	0	419	490	2	73	3.15e-26	128
NC_001564	SRA:SRX1781440.30432951.1	98.592	71	1	0	597	667	3	73	1.13e-25	126
NC_001564	SRA:SRX1781440.11816321.1	98.592	71	1	0	1952	2022	1	71	1.13e-25	126
NC_001564	SRA:SRX1781440.5393234.1	98.592	71	1	0	597	667	3	73	1.13e-25	126
NC_001564	SRA:SRX1781440.33081842.1	97.260	73	2	0	570	642	1	73	4.08e-25	124
NC_001564	SRA:SRX1781440.29372239.1	97.260	73	2	0	2455	2527	1	73	4.08e-25	124
NC_001564	SRA:SRX1781440.22332191.1	97.260	73	2	0	1331	1403	1	73	4.08e-25	124
NC_001564	SRA:SRX1781440.13957478.1	97.260	73	2	0	3262	3334	73	1	4.08e-25	124
NC_001564	SRA:SRX1781440.13039805.1	97.260	73	2	0	3592	3664	1	73	4.08e-25	124
NC_001564	SRA:SRX1781440.9422891.1	97.260	73	2	0	3209	3281	1	73	4.08e-25	124
NC_001564	SRA:SRX1781440.8401480.1	97.260	73	2	0	3417	3489	73	1	4.08e-25	124
NC_001564	SRA:SRX1781440.3393035.1	97.260	73	2	0	2618	2690	73	1	4.08e-25	124
NC_001564	SRA:SRX1781440.29783040.1	97.222	72	2	0	1987	2058	1	72	1.47e-24	122
NC_001564	SRA:SRX1781440.27424698.1	97.183	71	2	0	3315	3385	71	1	1.47e-24	122
NC_001564	SRA:SRX1781440.31065442.1	95.890	73	3	0	3140	3212	1	73	1.90e-23	119
NC_001564	SRA:SRX1781440.11215300.1	95.890	73	3	0	1784	1856	73	1	1.90e-23	119
NC_001564	SRA:SRX1781440.628467.1	95.890	73	3	0	1587	1659	73	1	1.90e-23	119
NC_001564	SRA:SRX1781440.17949345.1	95.714	70	3	0	2847	2916	1	70	8.82e-22	113
NC_001564	SRA:SRX1781440.17205116.1	93.151	73	5	0	1478	1550	73	1	4.10e-20	108
CFAV-Cairns_Australia_2014	SRA:SRX1781440.32808689.1	100.000	73	0	0	3508	3580	1	73	1.88e-28	135
CFAV-Cairns_Australia_2014	SRA:SRX1781440.19405395.1	100.000	73	0	0	1147	1219	73	1	1.88e-28	135
CFAV-Cairns_Australia_2014	SRA:SRX1781440.17219477.1	100.000	73	0	0	428	500	1	73	1.88e-28	135
CFAV-Cairns_Australia_2014	SRA:SRX1781440.5049075.1	100.000	73	0	0	1002	1074	73	1	1.88e-28	135
CFAV-Cairns_Australia_2014	SRA:SRX1781440.628467.1	100.000	73	0	0	1586	1658	73	1	1.88e-28	135
CFAV-Cairns_Australia_2014	SRA:SRX1781440.22990158.1	100.000	72	0	0	1255	1326	2	73	6.77e-28	134
CFAV-Cairns_Australia_2014	SRA:SRX1781440.5138827.1	100.000	72	0	0	418	489	2	73	6.77e-28	134
CFAV-Cairns_Australia_2014	SRA:SRX1781440.33081842.1	98.630	73	1	0	569	641	1	73	8.76e-27	130
CFAV-Cairns_Australia_2014	SRA:SRX1781440.31065442.1	98.630	73	1	0	3139	3211	1	73	8.76e-27	130
CFAV-Cairns_Australia_2014	SRA:SRX1781440.30432951.1	98.630	73	1	0	594	666	1	73	8.76e-27	130
CFAV-Cairns_Australia_2014	SRA:SRX1781440.29372239.1	98.630	73	1	0	2454	2526	1	73	8.76e-27	130
CFAV-Cairns_Australia_2014	SRA:SRX1781440.16530589.1	98.630	73	1	0	3536	3608	1	73	8.76e-27	130
CFAV-Cairns_Australia_2014	SRA:SRX1781440.14193518.1	98.630	73	1	0	650	722	73	1	8.76e-27	130
CFAV-Cairns_Australia_2014	SRA:SRX1781440.9422891.1	98.630	73	1	0	3208	3280	1	73	8.76e-27	130
CFAV-Cairns_Australia_2014	SRA:SRX1781440.5393234.1	98.630	73	1	0	594	666	1	73	8.76e-27	130
CFAV-Cairns_Australia_2014	SRA:SRX1781440.27424698.1	98.592	71	1	0	3314	3384	71	1	3.15e-26	128
CFAV-Cairns_Australia_2014	SRA:SRX1781440.16963384.1	98.611	72	1	0	2266	2337	72	1	3.15e-26	128
CFAV-Cairns_Australia_2014	SRA:SRX1781440.31989437.1	98.592	71	1	0	2242	2312	73	3	1.13e-25	126
CFAV-Cairns_Australia_2014	SRA:SRX1781440.11816321.1	98.592	71	1	0	1951	2021	1	71	1.13e-25	126
CFAV-Cairns_Australia_2014	SRA:SRX1781440.33662716.1	97.260	73	2	0	1381	1453	73	1	4.08e-25	124
CFAV-Cairns_Australia_2014	SRA:SRX1781440.28122108.1	97.260	73	2	0	1416	1488	1	73	4.08e-25	124
CFAV-Cairns_Australia_2014	SRA:SRX1781440.22332191.1	97.260	73	2	0	1330	1402	1	73	4.08e-25	124
CFAV-Cairns_Australia_2014	SRA:SRX1781440.17949345.1	97.260	73	2	0	2846	2918	1	73	4.08e-25	124
CFAV-Cairns_Australia_2014	SRA:SRX1781440.13039805.1	97.260	73	2	0	3591	3663	1	73	4.08e-25	124
CFAV-Cairns_Australia_2014	SRA:SRX1781440.11215300.1	97.260	73	2	0	1783	1855	73	1	4.08e-25	124
CFAV-Cairns_Australia_2014	SRA:SRX1781440.8401480.1	97.260	73	2	0	3416	3488	73	1	4.08e-25	124
CFAV-Cairns_Australia_2014	SRA:SRX1781440.3393035.1	97.260	73	2	0	2617	2689	73	1	4.08e-25	124
CFAV-Cairns_Australia_2014	SRA:SRX1781440.29783040.1	95.775	71	3	0	1987	2057	2	72	2.45e-22	115
CFAV-Cairns_Australia_2014	SRA:SRX1781440.17205116.1	95.714	70	3	0	1480	1549	70	1	8.82e-22	113
CFAV-Macapa2_Brazil_2017	SRA:SRX1781440.16530589.1	100.000	73	0	0	3537	3609	1	73	1.88e-28	135
CFAV-Macapa2_Brazil_2017	SRA:SRX1781440.5049075.1	100.000	73	0	0	1003	1075	73	1	1.88e-28	135
CFAV-Macapa2_Brazil_2017	SRA:SRX1781440.628467.1	100.000	73	0	0	1587	1659	73	1	1.88e-28	135
CFAV-Macapa2_Brazil_2017	SRA:SRX1781440.29783040.1	100.000	72	0	0	1987	2058	1	72	6.77e-28	134
CFAV-Macapa2_Brazil_2017	SRA:SRX1781440.32808689.1	98.630	73	1	0	3509	3581	1	73	8.76e-27	130
CFAV-Macapa2_Brazil_2017	SRA:SRX1781440.30432951.1	98.630	73	1	0	595	667	1	73	8.76e-27	130
CFAV-Macapa2_Brazil_2017	SRA:SRX1781440.17949345.1	98.630	73	1	0	2847	2919	1	73	8.76e-27	130
CFAV-Macapa2_Brazil_2017	SRA:SRX1781440.17219477.1	98.630	73	1	0	429	501	1	73	8.76e-27	130
CFAV-Macapa2_Brazil_2017	SRA:SRX1781440.11816321.1	98.630	73	1	0	1952	2024	1	73	8.76e-27	130
CFAV-Macapa2_Brazil_2017	SRA:SRX1781440.5393234.1	98.630	73	1	0	595	667	1	73	8.76e-27	130
CFAV-Macapa2_Brazil_2017	SRA:SRX1781440.22990158.1	98.611	72	1	0	1256	1327	2	73	3.15e-26	128
CFAV-Macapa2_Brazil_2017	SRA:SRX1781440.33662716.1	97.260	73	2	0	1382	1454	73	1	4.08e-25	124
CFAV-Macapa2_Brazil_2017	SRA:SRX1781440.33081842.1	97.260	73	2	0	570	642	1	73	4.08e-25	124
CFAV-Macapa2_Brazil_2017	SRA:SRX1781440.31065442.1	97.260	73	2	0	3140	3212	1	73	4.08e-25	124
CFAV-Macapa2_Brazil_2017	SRA:SRX1781440.29372239.1	97.260	73	2	0	2455	2527	1	73	4.08e-25	124
CFAV-Macapa2_Brazil_2017	SRA:SRX1781440.22332191.1	97.260	73	2	0	1331	1403	1	73	4.08e-25	124
CFAV-Macapa2_Brazil_2017	SRA:SRX1781440.19405395.1	97.260	73	2	0	1148	1220	73	1	4.08e-25	124
CFAV-Macapa2_Brazil_2017	SRA:SRX1781440.13957478.1	97.260	73	2	0	3262	3334	73	1	4.08e-25	124
CFAV-Macapa2_Brazil_2017	SRA:SRX1781440.13039805.1	97.222	72	2	0	3592	3663	1	72	1.47e-24	122
CFAV-Macapa2_Brazil_2017	SRA:SRX1781440.5138827.1	97.222	72	2	0	419	490	2	73	1.47e-24	122
CFAV-Macapa2_Brazil_2017	SRA:SRX1781440.31989437.1	97.183	71	2	0	2243	2313	73	3	5.27e-24	121
CFAV-Macapa2_Brazil_2017	SRA:SRX1781440.11215300.1	98.529	68	1	0	1787	1854	70	3	5.27e-24	121
CFAV-Macapa2_Brazil_2017	SRA:SRX1781440.3393035.1	97.183	71	2	0	2618	2688	73	3	5.27e-24	121
CFAV-Macapa2_Brazil_2017	SRA:SRX1781440.14193518.1	95.890	73	3	0	651	723	73	1	1.90e-23	119
CFAV-Macapa2_Brazil_2017	SRA:SRX1781440.9422891.1	95.890	73	3	0	3209	3281	1	73	1.90e-23	119
CFAV-Macapa2_Brazil_2017	SRA:SRX1781440.8401480.1	95.890	73	3	0	3417	3489	73	1	1.90e-23	119
CFAV-Macapa2_Brazil_2017	SRA:SRX1781440.16963384.1	94.521	73	4	0	2266	2338	73	1	8.82e-22	113
CFAV-Macapa2_Brazil_2017	SRA:SRX1781440.27424698.1	94.366	71	4	0	3315	3385	71	1	3.17e-21	111
CFAV-KC_Cambodia_2015	SRA:SRX1781440.22332191.1	100.000	73	0	0	1342	1414	1	73	1.89e-28	135
CFAV-KC_Cambodia_2015	SRA:SRX1781440.14193518.1	100.000	73	0	0	662	734	73	1	1.89e-28	135
CFAV-KC_Cambodia_2015	SRA:SRX1781440.17949345.1	98.630	73	1	0	2858	2930	1	73	8.77e-27	130
CFAV-KC_Cambodia_2015	SRA:SRX1781440.16530589.1	98.630	73	1	0	3548	3620	1	73	8.77e-27	130
CFAV-KC_Cambodia_2015	SRA:SRX1781440.5049075.1	98.630	73	1	0	1014	1086	73	1	8.77e-27	130
CFAV-KC_Cambodia_2015	SRA:SRX1781440.13957478.1	98.611	72	1	0	3273	3344	73	2	3.15e-26	128
CFAV-KC_Cambodia_2015	SRA:SRX1781440.32808689.1	97.260	73	2	0	3520	3592	1	73	4.08e-25	124
CFAV-KC_Cambodia_2015	SRA:SRX1781440.30432951.1	97.260	73	2	0	606	678	1	73	4.08e-25	124
CFAV-KC_Cambodia_2015	SRA:SRX1781440.17219477.1	97.260	73	2	0	440	512	1	73	4.08e-25	124
CFAV-KC_Cambodia_2015	SRA:SRX1781440.11816321.1	97.260	73	2	0	1963	2035	1	73	4.08e-25	124
CFAV-KC_Cambodia_2015	SRA:SRX1781440.11215300.1	97.260	73	2	0	1795	1867	73	1	4.08e-25	124
CFAV-KC_Cambodia_2015	SRA:SRX1781440.5393234.1	97.260	73	2	0	606	678	1	73	4.08e-25	124
CFAV-KC_Cambodia_2015	SRA:SRX1781440.628467.1	97.260	73	2	0	1598	1670	73	1	4.08e-25	124
CFAV-KC_Cambodia_2015	SRA:SRX1781440.29783040.1	97.222	72	2	0	1998	2069	1	72	1.47e-24	122
CFAV-KC_Cambodia_2015	SRA:SRX1781440.29372239.1	97.222	72	2	0	2466	2537	1	72	1.47e-24	122
CFAV-KC_Cambodia_2015	SRA:SRX1781440.22990158.1	97.222	72	2	0	1267	1338	2	73	1.47e-24	122
CFAV-KC_Cambodia_2015	SRA:SRX1781440.13039805.1	97.222	72	2	0	3603	3674	1	72	1.47e-24	122
CFAV-KC_Cambodia_2015	SRA:SRX1781440.5138827.1	97.222	72	2	0	430	501	2	73	1.47e-24	122
CFAV-KC_Cambodia_2015	SRA:SRX1781440.31989437.1	97.183	71	2	0	2254	2324	73	3	5.28e-24	121
CFAV-KC_Cambodia_2015	SRA:SRX1781440.19405395.1	98.529	68	1	0	1162	1229	70	3	5.28e-24	121
CFAV-KC_Cambodia_2015	SRA:SRX1781440.33662716.1	95.890	73	3	0	1393	1465	73	1	1.90e-23	119
CFAV-KC_Cambodia_2015	SRA:SRX1781440.9422891.1	95.890	73	3	0	3220	3292	1	73	1.90e-23	119
CFAV-KC_Cambodia_2015	SRA:SRX1781440.3393035.1	95.890	73	3	0	2629	2701	73	1	1.90e-23	119
CFAV-KC_Cambodia_2015	SRA:SRX1781440.28122108.1	95.833	72	3	0	1429	1500	2	73	6.83e-23	117
CFAV-KC_Cambodia_2015	SRA:SRX1781440.27424698.1	95.775	71	3	0	3326	3396	71	1	6.83e-23	117
CFAV-KC_Cambodia_2015	SRA:SRX1781440.8401480.1	95.833	72	3	0	3429	3500	72	1	6.83e-23	117
CFAV-KC_Cambodia_2015	SRA:SRX1781440.33081842.1	94.521	73	4	0	581	653	1	73	8.83e-22	113
CFAV-Zik_Uganda_2016	SRA:SRX1781440.19405395.1	100.000	73	0	0	1159	1231	73	1	1.89e-28	135
CFAV-Zik_Uganda_2016	SRA:SRX1781440.16530589.1	100.000	73	0	0	3548	3620	1	73	1.89e-28	135
CFAV-Zik_Uganda_2016	SRA:SRX1781440.33662716.1	100.000	70	0	0	1396	1465	70	1	8.77e-27	130
CFAV-Zik_Uganda_2016	SRA:SRX1781440.31065442.1	98.630	73	1	0	3151	3223	1	73	8.77e-27	130
CFAV-Zik_Uganda_2016	SRA:SRX1781440.16963384.1	98.630	73	1	0	2277	2349	73	1	8.77e-27	130
CFAV-Zik_Uganda_2016	SRA:SRX1781440.14193518.1	98.630	73	1	0	662	734	73	1	8.77e-27	130
CFAV-Zik_Uganda_2016	SRA:SRX1781440.9422891.1	98.630	73	1	0	3220	3292	1	73	8.77e-27	130
CFAV-Zik_Uganda_2016	SRA:SRX1781440.8401480.1	98.630	73	1	0	3428	3500	73	1	8.77e-27	130
CFAV-Zik_Uganda_2016	SRA:SRX1781440.628467.1	98.630	73	1	0	1598	1670	73	1	8.77e-27	130
CFAV-Zik_Uganda_2016	SRA:SRX1781440.27424698.1	98.592	71	1	0	3326	3396	71	1	3.15e-26	128
CFAV-Zik_Uganda_2016	SRA:SRX1781440.13039805.1	98.611	72	1	0	3603	3674	1	72	3.15e-26	128
CFAV-Zik_Uganda_2016	SRA:SRX1781440.31989437.1	98.592	71	1	0	2254	2324	73	3	1.13e-25	126
CFAV-Zik_Uganda_2016	SRA:SRX1781440.32808689.1	97.260	73	2	0	3520	3592	1	73	4.08e-25	124
CFAV-Zik_Uganda_2016	SRA:SRX1781440.29372239.1	97.260	73	2	0	2466	2538	1	73	4.08e-25	124
CFAV-Zik_Uganda_2016	SRA:SRX1781440.17205116.1	97.260	73	2	0	1489	1561	73	1	4.08e-25	124
CFAV-Zik_Uganda_2016	SRA:SRX1781440.13957478.1	97.260	73	2	0	3273	3345	73	1	4.08e-25	124
CFAV-Zik_Uganda_2016	SRA:SRX1781440.11816321.1	97.260	73	2	0	1963	2035	1	73	4.08e-25	124
CFAV-Zik_Uganda_2016	SRA:SRX1781440.29783040.1	97.222	72	2	0	1998	2069	1	72	1.47e-24	122
CFAV-Zik_Uganda_2016	SRA:SRX1781440.5138827.1	97.222	72	2	0	430	501	2	73	1.47e-24	122
CFAV-Zik_Uganda_2016	SRA:SRX1781440.17219477.1	97.183	71	2	0	440	510	1	71	5.28e-24	121
CFAV-Zik_Uganda_2016	SRA:SRX1781440.5049075.1	97.183	71	2	0	1014	1084	73	3	5.28e-24	121
CFAV-Zik_Uganda_2016	SRA:SRX1781440.28122108.1	95.890	73	3	0	1428	1500	1	73	1.90e-23	119
CFAV-Zik_Uganda_2016	SRA:SRX1781440.27875235.1	95.890	73	3	0	1499	1571	73	1	1.90e-23	119
CFAV-Zik_Uganda_2016	SRA:SRX1781440.22332191.1	95.890	73	3	0	1342	1414	1	73	1.90e-23	119
CFAV-Zik_Uganda_2016	SRA:SRX1781440.17949345.1	95.890	73	3	0	2858	2930	1	73	1.90e-23	119
CFAV-Zik_Uganda_2016	SRA:SRX1781440.14309668.1	95.890	73	3	0	1499	1571	73	1	1.90e-23	119
CFAV-Zik_Uganda_2016	SRA:SRX1781440.11215300.1	95.890	73	3	0	1795	1867	73	1	1.90e-23	119
CFAV-Zik_Uganda_2016	SRA:SRX1781440.22990158.1	95.833	72	3	0	1267	1338	2	73	6.83e-23	117
CFAV-Zik_Uganda_2016	SRA:SRX1781440.10209693.1	94.521	73	4	0	950	1022	1	73	8.83e-22	113
CFAV-Zik_Uganda_2016	SRA:SRX1781440.3393035.1	94.444	72	4	0	2629	2700	73	2	3.18e-21	111
CFAV-Zik_Uganda_2016	SRA:SRX1781440.3056547.1	93.151	73	5	0	2659	2731	73	1	4.11e-20	108
