CFAV-Bangkok_Thailand_2015	SRA:SRX2989887.2059215.1	100.000	35	0	0	4045	4079	35	1	5.05e-08	65.8
CFAV-Bangkok_Thailand_2015	SRA:SRX2989887.3676954.1	100.000	31	0	0	7370	7400	1	31	8.45e-06	58.4
CFAV-Bangkok_Thailand_2015	SRA:SRX2989887.211559.1	100.000	30	0	0	8624	8653	1	30	3.04e-05	56.5
CFAV-Bangkok_Thailand_2015	SRA:SRX2989887.5725136.1	100.000	29	0	0	4051	4079	29	1	1.09e-04	54.7
CFAV-Bangkok_Thailand_2015	SRA:SRX2989887.7448608.1	100.000	28	0	0	3922	3949	28	1	3.93e-04	52.8
CFAV-Bangkok_Thailand_2015	SRA:SRX2989887.3716197.1	100.000	28	0	0	8609	8636	1	28	3.93e-04	52.8
NC_001564	SRA:SRX2989887.2059215.1	100.000	35	0	0	4052	4086	35	1	5.06e-08	65.8
NC_001564	SRA:SRX2989887.9164650.1	100.000	31	0	0	4081	4111	31	1	8.47e-06	58.4
NC_001564	SRA:SRX2989887.3676954.1	100.000	31	0	0	7377	7407	1	31	8.47e-06	58.4
NC_001564	SRA:SRX2989887.211559.1	100.000	30	0	0	8631	8660	1	30	3.05e-05	56.5
NC_001564	SRA:SRX2989887.9196688.1	100.000	29	0	0	8661	8689	1	29	1.10e-04	54.7
NC_001564	SRA:SRX2989887.5725136.1	100.000	29	0	0	4058	4086	29	1	1.10e-04	54.7
NC_001564	SRA:SRX2989887.1821806.1	100.000	29	0	0	8661	8689	3	31	1.10e-04	54.7
NC_001564	SRA:SRX2989887.3716197.1	100.000	28	0	0	8616	8643	1	28	3.94e-04	52.8
CFAV-Cairns_Australia_2014	SRA:SRX2989887.2059215.1	100.000	35	0	0	4051	4085	35	1	5.06e-08	65.8
CFAV-Cairns_Australia_2014	SRA:SRX2989887.9164650.1	100.000	31	0	0	4080	4110	31	1	8.47e-06	58.4
CFAV-Cairns_Australia_2014	SRA:SRX2989887.3676954.1	100.000	31	0	0	7376	7406	1	31	8.47e-06	58.4
CFAV-Cairns_Australia_2014	SRA:SRX2989887.5725136.1	100.000	29	0	0	4057	4085	29	1	1.10e-04	54.7
CFAV-Macapa2_Brazil_2017	SRA:SRX2989887.2059215.1	100.000	35	0	0	4052	4086	35	1	5.06e-08	65.8
CFAV-Macapa2_Brazil_2017	SRA:SRX2989887.5725136.1	100.000	29	0	0	4058	4086	29	1	1.10e-04	54.7
CFAV-KC_Cambodia_2015	SRA:SRX2989887.2059215.1	100.000	35	0	0	4063	4097	35	1	5.07e-08	65.8
CFAV-KC_Cambodia_2015	SRA:SRX2989887.9164650.1	100.000	31	0	0	4092	4122	31	1	8.48e-06	58.4
CFAV-KC_Cambodia_2015	SRA:SRX2989887.3676954.1	100.000	31	0	0	7388	7418	1	31	8.48e-06	58.4
CFAV-KC_Cambodia_2015	SRA:SRX2989887.9196688.1	100.000	29	0	0	8672	8700	1	29	1.10e-04	54.7
CFAV-KC_Cambodia_2015	SRA:SRX2989887.5725136.1	100.000	29	0	0	4069	4097	29	1	1.10e-04	54.7
CFAV-KC_Cambodia_2015	SRA:SRX2989887.1821806.1	100.000	29	0	0	8672	8700	3	31	1.10e-04	54.7
CFAV-KC_Cambodia_2015	SRA:SRX2989887.7448608.1	100.000	28	0	0	3940	3967	28	1	3.95e-04	52.8
CFAV-KC_Cambodia_2015	SRA:SRX2989887.3716197.1	100.000	28	0	0	8627	8654	1	28	3.95e-04	52.8
CFAV-Zik_Uganda_2016	SRA:SRX2989887.9164650.1	100.000	31	0	0	4092	4122	31	1	8.48e-06	58.4
CFAV-Zik_Uganda_2016	SRA:SRX2989887.1821806.1	100.000	31	0	0	8670	8700	1	31	8.48e-06	58.4
CFAV-Zik_Uganda_2016	SRA:SRX2989887.9196688.1	100.000	29	0	0	8672	8700	1	29	1.10e-04	54.7
CFAV-Zik_Uganda_2016	SRA:SRX2989887.211559.1	100.000	29	0	0	8642	8670	1	29	1.10e-04	54.7
CFAV-Zik_Uganda_2016	SRA:SRX2989887.8832623.1	100.000	28	0	0	4219	4246	28	1	3.95e-04	52.8
CFAV-Zik_Uganda_2016	SRA:SRX2989887.3716197.1	100.000	28	0	0	8627	8654	1	28	3.95e-04	52.8
