CFAV-Bangkok_Thailand_2015	SRA:SRX2989897.9556815.1	100.000	32	0	0	3960	3991	32	1	2.05e-06	60.2
CFAV-Bangkok_Thailand_2015	SRA:SRX2989897.2908297.1	100.000	32	0	0	3960	3991	32	1	2.05e-06	60.2
CFAV-Bangkok_Thailand_2015	SRA:SRX2989897.724708.1	100.000	30	0	0	8688	8717	1	30	2.66e-05	56.5
CFAV-Bangkok_Thailand_2015	SRA:SRX2989897.1209371.1	100.000	29	0	0	3914	3942	29	1	9.56e-05	54.7
CFAV-Bangkok_Thailand_2015	SRA:SRX2989897.175882.1	100.000	29	0	0	4051	4079	29	1	9.56e-05	54.7
NC_001564	SRA:SRX2989897.6114790.1	97.297	37	1	0	6333	6369	43	7	1.59e-07	63.9
NC_001564	SRA:SRX2989897.9984286.1	100.000	32	0	0	4080	4111	32	1	2.06e-06	60.2
NC_001564	SRA:SRX2989897.9556815.1	100.000	32	0	0	3967	3998	32	1	2.06e-06	60.2
NC_001564	SRA:SRX2989897.2908297.1	100.000	32	0	0	3967	3998	32	1	2.06e-06	60.2
NC_001564	SRA:SRX2989897.8906687.1	100.000	29	0	0	8588	8616	2	30	9.58e-05	54.7
NC_001564	SRA:SRX2989897.175882.1	100.000	29	0	0	4058	4086	29	1	9.58e-05	54.7
CFAV-Cairns_Australia_2014	SRA:SRX2989897.6114790.1	97.368	38	1	0	6332	6369	43	6	4.43e-08	65.8
CFAV-Cairns_Australia_2014	SRA:SRX2989897.9984286.1	100.000	32	0	0	4079	4110	32	1	2.06e-06	60.2
CFAV-Cairns_Australia_2014	SRA:SRX2989897.9556815.1	100.000	29	0	0	3969	3997	29	1	9.58e-05	54.7
CFAV-Cairns_Australia_2014	SRA:SRX2989897.2908297.1	100.000	29	0	0	3969	3997	29	1	9.58e-05	54.7
CFAV-Cairns_Australia_2014	SRA:SRX2989897.175882.1	100.000	29	0	0	4057	4085	29	1	9.58e-05	54.7
CFAV-Macapa2_Brazil_2017	SRA:SRX2989897.9556815.1	100.000	29	0	0	3970	3998	29	1	9.58e-05	54.7
CFAV-Macapa2_Brazil_2017	SRA:SRX2989897.2908297.1	100.000	29	0	0	3970	3998	29	1	9.58e-05	54.7
CFAV-Macapa2_Brazil_2017	SRA:SRX2989897.175882.1	100.000	29	0	0	4058	4086	29	1	9.58e-05	54.7
CFAV-KC_Cambodia_2015	SRA:SRX2989897.9984286.1	100.000	32	0	0	4091	4122	32	1	2.06e-06	60.2
CFAV-KC_Cambodia_2015	SRA:SRX2989897.724708.1	100.000	30	0	0	8706	8735	1	30	2.67e-05	56.5
CFAV-KC_Cambodia_2015	SRA:SRX2989897.175882.1	100.000	29	0	0	4069	4097	29	1	9.59e-05	54.7
CFAV-Zik_Uganda_2016	SRA:SRX2989897.9984286.1	100.000	32	0	0	4091	4122	32	1	2.06e-06	60.2
CFAV-Zik_Uganda_2016	SRA:SRX2989897.9556815.1	100.000	32	0	0	3978	4009	32	1	2.06e-06	60.2
CFAV-Zik_Uganda_2016	SRA:SRX2989897.2908297.1	100.000	32	0	0	3978	4009	32	1	2.06e-06	60.2
