CFAV-Bangkok_Thailand_2015	SRA:SRX2451644.28223468.1	97.297	74	2	0	3809	3882	1	74	3.27e-25	126
CFAV-Bangkok_Thailand_2015	SRA:SRX2451644.49221044.1	94.737	76	4	0	8573	8648	76	1	5.48e-23	119
CFAV-Bangkok_Thailand_2015	SRA:SRX2451644.18610044.2	96.774	62	2	0	8669	8730	1	62	1.53e-18	104
NC_001564	SRA:SRX2451644.28223468.1	100.000	74	0	0	3816	3889	1	74	1.52e-28	137
NC_001564	SRA:SRX2451644.49221044.1	98.684	76	1	0	8580	8655	76	1	5.45e-28	135
NC_001564	SRA:SRX2451644.49221044.2	98.667	75	1	0	8567	8641	2	76	1.96e-27	134
NC_001564	SRA:SRX2451644.18610044.2	96.774	62	2	0	8676	8737	1	62	1.54e-18	104
CFAV-Cairns_Australia_2014	SRA:SRX2451644.28223468.1	100.000	74	0	0	3815	3888	1	74	1.52e-28	137
CFAV-Cairns_Australia_2014	SRA:SRX2451644.49221044.1	93.151	73	5	0	8582	8654	73	1	1.19e-19	108
CFAV-Cairns_Australia_2014	SRA:SRX2451644.49221044.2	90.667	75	7	0	8566	8640	2	76	1.99e-17	100
CFAV-Macapa2_Brazil_2017	SRA:SRX2451644.28223468.1	97.297	74	2	0	3816	3889	1	74	3.28e-25	126
CFAV-Macapa2_Brazil_2017	SRA:SRX2451644.49221044.1	93.421	76	5	0	8580	8655	76	1	2.55e-21	113
CFAV-Macapa2_Brazil_2017	SRA:SRX2451644.18610044.2	95.082	61	3	0	8677	8737	2	62	2.57e-16	97.1
CFAV-Macapa2_Brazil_2017	SRA:SRX2451644.32150045.2	93.333	60	3	1	4196	4254	1	60	1.55e-13	87.9
CFAV-KC_Cambodia_2015	SRA:SRX2451644.28223468.1	100.000	74	0	0	3827	3900	1	74	1.52e-28	137
CFAV-KC_Cambodia_2015	SRA:SRX2451644.49221044.2	97.333	75	2	0	8578	8652	2	76	9.13e-26	128
CFAV-KC_Cambodia_2015	SRA:SRX2451644.49221044.1	96.053	76	3	0	8591	8666	76	1	1.18e-24	124
CFAV-KC_Cambodia_2015	SRA:SRX2451644.18610044.2	96.774	62	2	0	8687	8748	1	62	1.54e-18	104
CFAV-Zik_Uganda_2016	SRA:SRX2451644.28223468.1	100.000	74	0	0	3827	3900	1	74	1.52e-28	137
CFAV-Zik_Uganda_2016	SRA:SRX2451644.49221044.2	97.368	76	2	0	8577	8652	1	76	2.54e-26	130
CFAV-Zik_Uganda_2016	SRA:SRX2451644.49221044.1	97.368	76	2	0	8591	8666	76	1	2.54e-26	130
CFAV-Zik_Uganda_2016	SRA:SRX2451644.18610044.2	96.774	62	2	0	8687	8748	1	62	1.54e-18	104
CFAV-Zik_Uganda_2016	SRA:SRX2451644.32150045.2	100.000	55	0	0	4207	4261	1	55	5.54e-18	102
