CFAV-Bangkok_Thailand_2015	SRA:SRX2451647.171641750.1	99.329	149	1	0	3906	4054	149	1	1.19e-67	270
CFAV-Bangkok_Thailand_2015	SRA:SRX2451647.122946698.1	97.333	150	4	0	3691	3840	1	150	3.33e-63	255
CFAV-Bangkok_Thailand_2015	SRA:SRX2451647.49409065.2	96.599	147	5	0	3748	3894	147	1	7.22e-60	244
CFAV-Bangkok_Thailand_2015	SRA:SRX2451647.49409065.1	96.599	147	5	0	3748	3894	1	147	7.22e-60	244
CFAV-Bangkok_Thailand_2015	SRA:SRX2451647.1281783.1	96.000	150	6	0	3759	3908	1	150	7.22e-60	244
CFAV-Bangkok_Thailand_2015	SRA:SRX2451647.109119044.2	95.302	149	6	1	4043	4190	1	149	4.34e-57	235
CFAV-Bangkok_Thailand_2015	SRA:SRX2451647.1281783.2	96.479	142	5	0	3767	3908	151	10	4.34e-57	235
CFAV-Bangkok_Thailand_2015	SRA:SRX2451647.122946698.2	95.804	143	6	0	3766	3908	151	9	5.62e-56	231
CFAV-Bangkok_Thailand_2015	SRA:SRX2451647.109119044.1	93.919	148	9	0	4073	4220	151	4	9.40e-54	224
CFAV-Bangkok_Thailand_2015	SRA:SRX2451647.133713141.1	99.153	118	1	0	7356	7473	1	118	2.04e-50	213
CFAV-Bangkok_Thailand_2015	SRA:SRX2451647.171641750.2	100.000	114	0	0	3906	4019	36	149	7.32e-50	211
CFAV-Bangkok_Thailand_2015	SRA:SRX2451647.17043286.2	96.032	126	5	0	3749	3874	126	1	3.41e-48	206
CFAV-Bangkok_Thailand_2015	SRA:SRX2451647.17043286.1	96.032	126	5	0	3749	3874	1	126	3.41e-48	206
CFAV-Bangkok_Thailand_2015	SRA:SRX2451647.133713141.2	94.309	123	7	0	8545	8667	123	1	3.43e-43	189
CFAV-Bangkok_Thailand_2015	SRA:SRX2451647.63932910.2	96.429	84	3	0	8647	8730	112	29	3.50e-28	139
CFAV-Bangkok_Thailand_2015	SRA:SRX2451647.63932910.1	96.429	84	3	0	8647	8730	1	84	3.50e-28	139
NC_001564	SRA:SRX2451647.171641750.1	99.324	148	1	0	3914	4061	148	1	4.29e-67	268
NC_001564	SRA:SRX2451647.109119044.2	98.000	150	3	0	4050	4199	1	150	7.18e-65	261
NC_001564	SRA:SRX2451647.1281783.1	98.639	147	2	0	3766	3912	1	147	7.18e-65	261
NC_001564	SRA:SRX2451647.109119044.1	97.333	150	4	0	4080	4229	151	2	3.34e-63	255
NC_001564	SRA:SRX2451647.49409065.2	98.611	144	2	0	3758	3901	144	1	3.34e-63	255
NC_001564	SRA:SRX2451647.49409065.1	98.611	144	2	0	3758	3901	4	147	3.34e-63	255
NC_001564	SRA:SRX2451647.1281783.2	98.592	142	2	0	3774	3915	151	10	4.32e-62	252
NC_001564	SRA:SRX2451647.122946698.2	97.902	143	3	0	3773	3915	151	9	5.59e-61	248
NC_001564	SRA:SRX2451647.122946698.1	96.000	150	6	0	3698	3847	1	150	7.23e-60	244
NC_001564	SRA:SRX2451647.17043286.2	98.387	124	2	0	3758	3881	124	1	4.38e-52	219
NC_001564	SRA:SRX2451647.17043286.1	98.387	124	2	0	3758	3881	3	126	4.38e-52	219
NC_001564	SRA:SRX2451647.133713141.1	97.619	126	1	1	7363	7486	1	126	5.67e-51	215
NC_001564	SRA:SRX2451647.171641750.2	99.130	115	1	0	3914	4028	37	151	9.49e-49	207
NC_001564	SRA:SRX2451647.171641750.2	97.368	38	1	0	6332	6369	1	38	6.04e-06	65.8
NC_001564	SRA:SRX2451647.133713141.2	96.032	126	5	0	8549	8674	126	1	3.41e-48	206
NC_001564	SRA:SRX2451647.133713141.2	94.872	39	0	1	7450	7486	150	112	2.81e-04	60.2
NC_001564	SRA:SRX2451647.63932910.2	96.429	84	3	0	8654	8737	112	29	3.51e-28	139
NC_001564	SRA:SRX2451647.63932910.1	96.429	84	3	0	8654	8737	1	84	3.51e-28	139
CFAV-Cairns_Australia_2014	SRA:SRX2451647.122946698.1	98.667	150	2	0	3697	3846	1	150	1.54e-66	267
CFAV-Cairns_Australia_2014	SRA:SRX2451647.1281783.1	98.667	150	2	0	3765	3914	1	150	1.54e-66	267
CFAV-Cairns_Australia_2014	SRA:SRX2451647.171641750.1	98.658	149	2	0	3912	4060	149	1	5.55e-66	265
CFAV-Cairns_Australia_2014	SRA:SRX2451647.49409065.2	98.639	147	2	0	3754	3900	147	1	7.18e-65	261
CFAV-Cairns_Australia_2014	SRA:SRX2451647.49409065.1	98.639	147	2	0	3754	3900	1	147	7.18e-65	261
CFAV-Cairns_Australia_2014	SRA:SRX2451647.1281783.2	99.296	142	1	0	3773	3914	151	10	9.29e-64	257
CFAV-Cairns_Australia_2014	SRA:SRX2451647.109119044.2	97.333	150	4	0	4049	4198	1	150	3.34e-63	255
CFAV-Cairns_Australia_2014	SRA:SRX2451647.122946698.2	98.601	143	2	0	3772	3914	151	9	1.20e-62	254
CFAV-Cairns_Australia_2014	SRA:SRX2451647.109119044.1	96.667	150	5	0	4079	4228	151	2	1.55e-61	250
CFAV-Cairns_Australia_2014	SRA:SRX2451647.17043286.2	98.413	126	2	0	3755	3880	126	1	3.39e-53	222
CFAV-Cairns_Australia_2014	SRA:SRX2451647.17043286.1	98.413	126	2	0	3755	3880	1	126	3.39e-53	222
CFAV-Cairns_Australia_2014	SRA:SRX2451647.133713141.1	98.413	126	0	1	7362	7485	1	126	1.22e-52	220
CFAV-Cairns_Australia_2014	SRA:SRX2451647.171641750.2	98.276	116	2	0	3912	4027	36	151	1.23e-47	204
CFAV-Cairns_Australia_2014	SRA:SRX2451647.171641750.2	93.478	46	2	1	6331	6376	1	45	1.68e-06	67.6
CFAV-Cairns_Australia_2014	SRA:SRX2451647.133713141.2	91.270	126	11	0	8548	8673	126	1	3.46e-38	172
CFAV-Cairns_Australia_2014	SRA:SRX2451647.133713141.2	94.872	39	0	1	7449	7485	150	112	2.81e-04	60.2
CFAV-Cairns_Australia_2014	SRA:SRX2451647.63932910.2	93.976	83	5	0	8653	8735	112	30	2.73e-24	126
CFAV-Cairns_Australia_2014	SRA:SRX2451647.63932910.1	93.976	83	5	0	8653	8735	1	83	2.73e-24	126
CFAV-Macapa2_Brazil_2017	SRA:SRX2451647.122946698.1	98.000	150	3	0	3698	3847	1	150	7.18e-65	261
CFAV-Macapa2_Brazil_2017	SRA:SRX2451647.1281783.1	98.000	150	3	0	3766	3915	1	150	7.18e-65	261
CFAV-Macapa2_Brazil_2017	SRA:SRX2451647.171641750.1	97.315	149	4	0	3913	4061	149	1	1.20e-62	254
CFAV-Macapa2_Brazil_2017	SRA:SRX2451647.49409065.2	97.279	147	4	0	3755	3901	147	1	1.55e-61	250
CFAV-Macapa2_Brazil_2017	SRA:SRX2451647.49409065.1	97.279	147	4	0	3755	3901	1	147	1.55e-61	250
CFAV-Macapa2_Brazil_2017	SRA:SRX2451647.1281783.2	97.887	142	3	0	3774	3915	151	10	2.01e-60	246
CFAV-Macapa2_Brazil_2017	SRA:SRX2451647.122946698.2	97.203	143	4	0	3773	3915	151	9	2.60e-59	243
CFAV-Macapa2_Brazil_2017	SRA:SRX2451647.109119044.2	95.333	150	7	0	4050	4199	1	150	3.37e-58	239
CFAV-Macapa2_Brazil_2017	SRA:SRX2451647.109119044.1	95.333	150	7	0	4080	4229	151	2	3.37e-58	239
CFAV-Macapa2_Brazil_2017	SRA:SRX2451647.17043286.2	97.619	126	3	0	3756	3881	126	1	1.58e-51	217
CFAV-Macapa2_Brazil_2017	SRA:SRX2451647.17043286.1	97.619	126	3	0	3756	3881	1	126	1.58e-51	217
CFAV-Macapa2_Brazil_2017	SRA:SRX2451647.171641750.2	98.246	114	2	0	3913	4026	36	149	1.59e-46	200
CFAV-Macapa2_Brazil_2017	SRA:SRX2451647.133713141.1	95.238	126	4	1	7363	7486	1	126	5.71e-46	198
CFAV-Macapa2_Brazil_2017	SRA:SRX2451647.133713141.2	93.651	126	8	0	8549	8674	126	1	3.44e-43	189
CFAV-Macapa2_Brazil_2017	SRA:SRX2451647.63932910.2	94.048	84	5	0	8654	8737	112	29	7.60e-25	128
CFAV-Macapa2_Brazil_2017	SRA:SRX2451647.63932910.1	94.048	84	5	0	8654	8737	1	84	7.60e-25	128
CFAV-KC_Cambodia_2015	SRA:SRX2451647.122946698.1	98.667	150	2	0	3709	3858	1	150	1.55e-66	267
CFAV-KC_Cambodia_2015	SRA:SRX2451647.171641750.1	97.987	149	3	0	3924	4072	149	1	2.59e-64	259
CFAV-KC_Cambodia_2015	SRA:SRX2451647.109119044.2	97.333	150	4	0	4061	4210	1	150	3.35e-63	255
CFAV-KC_Cambodia_2015	SRA:SRX2451647.49409065.2	97.959	147	3	0	3766	3912	147	1	3.35e-63	255
CFAV-KC_Cambodia_2015	SRA:SRX2451647.49409065.1	97.959	147	3	0	3766	3912	1	147	3.35e-63	255
CFAV-KC_Cambodia_2015	SRA:SRX2451647.1281783.1	97.333	150	4	0	3777	3926	1	150	3.35e-63	255
CFAV-KC_Cambodia_2015	SRA:SRX2451647.109119044.1	96.667	150	5	0	4091	4240	151	2	1.56e-61	250
CFAV-KC_Cambodia_2015	SRA:SRX2451647.1281783.2	97.183	142	4	0	3785	3926	151	10	9.37e-59	241
CFAV-KC_Cambodia_2015	SRA:SRX2451647.122946698.2	96.503	143	5	0	3784	3926	151	9	1.21e-57	237
CFAV-KC_Cambodia_2015	SRA:SRX2451647.17043286.2	98.413	126	2	0	3767	3892	126	1	3.39e-53	222
CFAV-KC_Cambodia_2015	SRA:SRX2451647.17043286.1	98.413	126	2	0	3767	3892	1	126	3.39e-53	222
CFAV-KC_Cambodia_2015	SRA:SRX2451647.133713141.2	95.238	126	6	0	8560	8685	126	1	1.59e-46	200
CFAV-KC_Cambodia_2015	SRA:SRX2451647.171641750.2	97.414	116	3	0	3924	4039	36	151	5.72e-46	198
CFAV-KC_Cambodia_2015	SRA:SRX2451647.133713141.1	95.238	126	4	1	7374	7497	1	126	5.72e-46	198
CFAV-KC_Cambodia_2015	SRA:SRX2451647.63932910.2	96.429	84	3	0	8665	8748	112	29	3.52e-28	139
CFAV-KC_Cambodia_2015	SRA:SRX2451647.63932910.1	96.429	84	3	0	8665	8748	1	84	3.52e-28	139
CFAV-Zik_Uganda_2016	SRA:SRX2451647.122946698.1	98.667	150	2	0	3709	3858	1	150	1.55e-66	267
CFAV-Zik_Uganda_2016	SRA:SRX2451647.1281783.1	98.667	150	2	0	3777	3926	1	150	1.55e-66	267
CFAV-Zik_Uganda_2016	SRA:SRX2451647.171641750.1	98.658	149	2	0	3924	4072	149	1	5.56e-66	265
CFAV-Zik_Uganda_2016	SRA:SRX2451647.49409065.2	98.639	147	2	0	3766	3912	147	1	7.19e-65	261
CFAV-Zik_Uganda_2016	SRA:SRX2451647.49409065.1	98.639	147	2	0	3766	3912	1	147	7.19e-65	261
CFAV-Zik_Uganda_2016	SRA:SRX2451647.1281783.2	98.592	142	2	0	3785	3926	151	10	4.33e-62	252
CFAV-Zik_Uganda_2016	SRA:SRX2451647.122946698.2	97.902	143	3	0	3784	3926	151	9	5.60e-61	248
CFAV-Zik_Uganda_2016	SRA:SRX2451647.109119044.1	95.333	150	7	0	4091	4240	151	2	3.37e-58	239
CFAV-Zik_Uganda_2016	SRA:SRX2451647.109119044.2	94.667	150	8	0	4061	4210	1	150	1.57e-56	233
CFAV-Zik_Uganda_2016	SRA:SRX2451647.17043286.2	98.413	126	2	0	3767	3892	126	1	3.39e-53	222
CFAV-Zik_Uganda_2016	SRA:SRX2451647.17043286.1	98.413	126	2	0	3767	3892	1	126	3.39e-53	222
CFAV-Zik_Uganda_2016	SRA:SRX2451647.133713141.2	97.619	126	3	0	8560	8685	126	1	1.58e-51	217
CFAV-Zik_Uganda_2016	SRA:SRX2451647.171641750.2	99.123	114	1	0	3924	4037	36	149	3.42e-48	206
CFAV-Zik_Uganda_2016	SRA:SRX2451647.133713141.1	96.032	126	3	1	7374	7497	1	126	1.23e-47	204
CFAV-Zik_Uganda_2016	SRA:SRX2451647.63932910.2	97.619	84	2	0	8665	8748	112	29	7.56e-30	145
CFAV-Zik_Uganda_2016	SRA:SRX2451647.63932910.1	97.619	84	2	0	8665	8748	1	84	7.56e-30	145
