CFAV-Bangkok_Thailand_2015	SRA:SRX2989892.1409051.1	100.000	50	0	0	3906	3955	50	1	2.12e-16	93.5
CFAV-Bangkok_Thailand_2015	SRA:SRX2989892.4172093.1	100.000	34	0	0	3981	4014	34	1	1.66e-07	63.9
CFAV-Bangkok_Thailand_2015	SRA:SRX2989892.5281182.1	100.000	29	0	0	3915	3943	29	1	1.00e-04	54.7
CFAV-Bangkok_Thailand_2015	SRA:SRX2989892.9504788.1	100.000	28	0	0	3965	3992	28	1	3.60e-04	52.8
CFAV-Bangkok_Thailand_2015	SRA:SRX2989892.3986784.1	100.000	28	0	0	3965	3992	28	1	3.60e-04	52.8
NC_001564	SRA:SRX2989892.4172093.1	100.000	34	0	0	3988	4021	34	1	1.67e-07	63.9
NC_001564	SRA:SRX2989892.10302870.1	100.000	28	0	0	7449	7476	1	28	3.61e-04	52.8
NC_001564	SRA:SRX2989892.9504788.1	100.000	28	0	0	3972	3999	28	1	3.61e-04	52.8
NC_001564	SRA:SRX2989892.6709214.1	100.000	28	0	0	4189	4216	28	1	3.61e-04	52.8
NC_001564	SRA:SRX2989892.3986784.1	100.000	28	0	0	3972	3999	28	1	3.61e-04	52.8
NC_001564	SRA:SRX2989892.9790728.1	100.000	27	0	0	7454	7480	1	27	0.001	51.0
CFAV-Cairns_Australia_2014	SRA:SRX2989892.4172093.1	100.000	34	0	0	3987	4020	34	1	1.67e-07	63.9
CFAV-Cairns_Australia_2014	SRA:SRX2989892.10302870.1	100.000	28	0	0	7448	7475	1	28	3.61e-04	52.8
CFAV-Cairns_Australia_2014	SRA:SRX2989892.9504788.1	100.000	28	0	0	3971	3998	28	1	3.61e-04	52.8
CFAV-Cairns_Australia_2014	SRA:SRX2989892.6709214.1	100.000	28	0	0	4188	4215	28	1	3.61e-04	52.8
CFAV-Cairns_Australia_2014	SRA:SRX2989892.3986784.1	100.000	28	0	0	3971	3998	28	1	3.61e-04	52.8
CFAV-Cairns_Australia_2014	SRA:SRX2989892.9790728.1	100.000	27	0	0	7453	7479	1	27	0.001	51.0
CFAV-Macapa2_Brazil_2017	SRA:SRX2989892.4172093.1	100.000	34	0	0	3988	4021	34	1	1.67e-07	63.9
CFAV-Macapa2_Brazil_2017	SRA:SRX2989892.9504788.1	100.000	28	0	0	3972	3999	28	1	3.61e-04	52.8
CFAV-Macapa2_Brazil_2017	SRA:SRX2989892.6709214.1	100.000	28	0	0	4189	4216	28	1	3.61e-04	52.8
CFAV-Macapa2_Brazil_2017	SRA:SRX2989892.3986784.1	100.000	28	0	0	3972	3999	28	1	3.61e-04	52.8
CFAV-KC_Cambodia_2015	SRA:SRX2989892.1409051.1	98.000	50	1	0	3924	3973	50	1	9.91e-15	87.9
CFAV-KC_Cambodia_2015	SRA:SRX2989892.4172093.1	100.000	34	0	0	3999	4032	34	1	1.67e-07	63.9
CFAV-KC_Cambodia_2015	SRA:SRX2989892.5281182.1	100.000	28	0	0	3934	3961	28	1	3.61e-04	52.8
CFAV-Zik_Uganda_2016	SRA:SRX2989892.4172093.1	100.000	34	0	0	3999	4032	34	1	1.67e-07	63.9
CFAV-Zik_Uganda_2016	SRA:SRX2989892.9504788.1	100.000	28	0	0	3983	4010	28	1	3.61e-04	52.8
CFAV-Zik_Uganda_2016	SRA:SRX2989892.3986784.1	100.000	28	0	0	3983	4010	28	1	3.61e-04	52.8
