CFAV-Bangkok_Thailand_2015	SRA:SRX2401871.21796127.1	99.010	101	1	0	3941	4041	101	1	3.00e-42	182
CFAV-Bangkok_Thailand_2015	SRA:SRX2401871.19239223.1	99.010	101	1	0	3967	4067	101	1	3.00e-42	182
CFAV-Bangkok_Thailand_2015	SRA:SRX2401871.11257108.1	99.010	101	1	0	3943	4043	101	1	3.00e-42	182
CFAV-Bangkok_Thailand_2015	SRA:SRX2401871.1417921.1	99.010	101	1	0	3947	4047	101	1	3.00e-42	182
CFAV-Bangkok_Thailand_2015	SRA:SRX2401871.24940140.1	98.333	60	1	0	7304	7363	42	101	1.86e-19	106
NC_001564	SRA:SRX2401871.21796127.1	100.000	101	0	0	3948	4048	101	1	6.47e-44	187
NC_001564	SRA:SRX2401871.19239223.1	100.000	101	0	0	3974	4074	101	1	6.47e-44	187
NC_001564	SRA:SRX2401871.11257108.1	100.000	101	0	0	3950	4050	101	1	6.47e-44	187
NC_001564	SRA:SRX2401871.1417921.1	100.000	101	0	0	3954	4054	101	1	6.47e-44	187
NC_001564	SRA:SRX2401871.24940140.1	98.333	60	1	0	7311	7370	42	101	1.86e-19	106
CFAV-Cairns_Australia_2014	SRA:SRX2401871.19239223.1	100.000	101	0	0	3973	4073	101	1	6.47e-44	187
CFAV-Cairns_Australia_2014	SRA:SRX2401871.21796127.1	99.010	101	1	0	3947	4047	101	1	3.01e-42	182
CFAV-Cairns_Australia_2014	SRA:SRX2401871.11257108.1	99.010	101	1	0	3949	4049	101	1	3.01e-42	182
CFAV-Cairns_Australia_2014	SRA:SRX2401871.1417921.1	99.010	101	1	0	3953	4053	101	1	3.01e-42	182
CFAV-Cairns_Australia_2014	SRA:SRX2401871.24940140.1	98.333	60	1	0	7310	7369	42	101	1.86e-19	106
CFAV-Macapa2_Brazil_2017	SRA:SRX2401871.19239223.1	98.020	101	2	0	3974	4074	101	1	1.40e-40	176
CFAV-Macapa2_Brazil_2017	SRA:SRX2401871.21796127.1	97.030	101	3	0	3948	4048	101	1	6.52e-39	171
CFAV-Macapa2_Brazil_2017	SRA:SRX2401871.11257108.1	97.030	101	3	0	3950	4050	101	1	6.52e-39	171
CFAV-Macapa2_Brazil_2017	SRA:SRX2401871.1417921.1	97.030	101	3	0	3954	4054	101	1	6.52e-39	171
CFAV-Macapa2_Brazil_2017	SRA:SRX2401871.24940140.1	94.828	58	3	0	7313	7370	44	101	5.22e-15	91.6
CFAV-KC_Cambodia_2015	SRA:SRX2401871.19239223.1	99.010	101	1	0	3985	4085	101	1	3.01e-42	182
CFAV-KC_Cambodia_2015	SRA:SRX2401871.21796127.1	98.020	101	2	0	3959	4059	101	1	1.40e-40	176
CFAV-KC_Cambodia_2015	SRA:SRX2401871.11257108.1	98.020	101	2	0	3961	4061	101	1	1.40e-40	176
CFAV-KC_Cambodia_2015	SRA:SRX2401871.1417921.1	98.020	101	2	0	3965	4065	101	1	1.40e-40	176
CFAV-KC_Cambodia_2015	SRA:SRX2401871.24940140.1	96.667	60	2	0	7322	7381	42	101	8.68e-18	100
CFAV-Zik_Uganda_2016	SRA:SRX2401871.21796127.1	99.010	101	1	0	3959	4059	101	1	3.01e-42	182
CFAV-Zik_Uganda_2016	SRA:SRX2401871.11257108.1	99.010	101	1	0	3961	4061	101	1	3.01e-42	182
CFAV-Zik_Uganda_2016	SRA:SRX2401871.1417921.1	99.010	101	1	0	3965	4065	101	1	3.01e-42	182
CFAV-Zik_Uganda_2016	SRA:SRX2401871.19239223.1	98.020	101	2	0	3985	4085	101	1	1.40e-40	176
CFAV-Zik_Uganda_2016	SRA:SRX2401871.24940140.1	95.000	60	3	0	7322	7381	42	101	4.04e-16	95.3
