CFAV-Bangkok_Thailand_2015	SRA:SRX2451646.32447884.1	97.368	76	2	0	8634	8709	76	1	1.93e-26	130
CFAV-Bangkok_Thailand_2015	SRA:SRX2451646.25470138.2	97.368	76	2	0	4063	4138	1	76	1.93e-26	130
CFAV-Bangkok_Thailand_2015	SRA:SRX2451646.16098208.1	97.297	74	2	0	3790	3863	1	74	2.49e-25	126
CFAV-Bangkok_Thailand_2015	SRA:SRX2451646.18652857.2	95.946	74	3	0	8586	8659	74	1	1.16e-23	121
CFAV-Bangkok_Thailand_2015	SRA:SRX2451646.5902854.2	96.875	64	2	0	3578	3641	64	1	9.03e-20	108
CFAV-Bangkok_Thailand_2015	SRA:SRX2451646.16098208.2	96.364	55	2	0	3854	3908	76	22	9.10e-15	91.6
NC_001564	SRA:SRX2451646.25470138.2	100.000	76	0	0	4070	4145	1	76	8.92e-30	141
NC_001564	SRA:SRX2451646.16098208.1	100.000	76	0	0	3797	3872	1	76	8.92e-30	141
NC_001564	SRA:SRX2451646.18652857.2	98.684	76	1	0	8591	8666	76	1	4.15e-28	135
NC_001564	SRA:SRX2451646.32447884.1	97.368	76	2	0	8641	8716	76	1	1.93e-26	130
NC_001564	SRA:SRX2451646.32447884.2	98.529	68	1	0	8567	8634	9	76	1.16e-23	121
NC_001564	SRA:SRX2451646.18652857.1	94.667	75	4	0	8558	8632	1	75	1.50e-22	117
NC_001564	SRA:SRX2451646.25470138.1	94.521	73	3	1	4182	4253	73	1	7.00e-21	111
NC_001564	SRA:SRX2451646.5902854.2	96.875	64	2	0	3585	3648	64	1	9.05e-20	108
NC_001564	SRA:SRX2451646.16098208.2	98.182	55	1	0	3861	3915	76	22	1.96e-16	97.1
CFAV-Cairns_Australia_2014	SRA:SRX2451646.16098208.1	100.000	76	0	0	3796	3871	1	76	8.93e-30	141
CFAV-Cairns_Australia_2014	SRA:SRX2451646.25470138.2	98.684	76	1	0	4069	4144	1	76	4.15e-28	135
CFAV-Cairns_Australia_2014	SRA:SRX2451646.32447884.1	96.053	76	3	0	8640	8715	76	1	8.99e-25	124
CFAV-Cairns_Australia_2014	SRA:SRX2451646.25470138.1	95.890	73	2	1	4181	4252	73	1	1.50e-22	117
CFAV-Cairns_Australia_2014	SRA:SRX2451646.18652857.2	94.521	73	4	0	8593	8665	73	1	1.95e-21	113
CFAV-Cairns_Australia_2014	SRA:SRX2451646.5902854.2	96.875	64	2	0	3584	3647	64	1	9.05e-20	108
CFAV-Cairns_Australia_2014	SRA:SRX2451646.16098208.2	100.000	55	0	0	3860	3914	76	22	4.21e-18	102
CFAV-Cairns_Australia_2014	SRA:SRX2451646.32447884.2	89.474	76	8	0	8558	8633	1	76	1.96e-16	97.1
CFAV-Cairns_Australia_2014	SRA:SRX2451646.18652857.1	89.333	75	8	0	8557	8631	1	75	7.05e-16	95.3
CFAV-Macapa2_Brazil_2017	SRA:SRX2451646.16098208.1	98.684	76	1	0	3797	3872	1	76	4.15e-28	135
CFAV-Macapa2_Brazil_2017	SRA:SRX2451646.25470138.2	97.368	76	2	0	4070	4145	1	76	1.93e-26	130
CFAV-Macapa2_Brazil_2017	SRA:SRX2451646.32447884.1	94.737	76	4	0	8641	8716	76	1	4.18e-23	119
CFAV-Macapa2_Brazil_2017	SRA:SRX2451646.18652857.2	94.595	74	4	0	8591	8664	76	3	5.41e-22	115
CFAV-Macapa2_Brazil_2017	SRA:SRX2451646.5902854.2	98.438	64	1	0	3585	3648	64	1	1.95e-21	113
CFAV-Macapa2_Brazil_2017	SRA:SRX2451646.25470138.1	95.522	67	3	0	4182	4248	73	7	9.05e-20	108
CFAV-Macapa2_Brazil_2017	SRA:SRX2451646.16098208.2	98.182	55	1	0	3861	3915	76	22	1.96e-16	97.1
CFAV-KC_Cambodia_2015	SRA:SRX2451646.25470138.2	100.000	76	0	0	4081	4156	1	76	8.94e-30	141
CFAV-KC_Cambodia_2015	SRA:SRX2451646.16098208.1	98.684	76	1	0	3808	3883	1	76	4.16e-28	135
CFAV-KC_Cambodia_2015	SRA:SRX2451646.32447884.1	96.053	76	3	0	8652	8727	76	1	9.00e-25	124
CFAV-KC_Cambodia_2015	SRA:SRX2451646.32447884.2	94.737	76	4	0	8570	8645	1	76	4.19e-23	119
CFAV-KC_Cambodia_2015	SRA:SRX2451646.18652857.2	94.737	76	4	0	8602	8677	76	1	4.19e-23	119
CFAV-KC_Cambodia_2015	SRA:SRX2451646.18652857.1	94.667	75	4	0	8569	8643	1	75	1.51e-22	117
CFAV-KC_Cambodia_2015	SRA:SRX2451646.5902854.2	96.875	64	2	0	3596	3659	64	1	9.06e-20	108
CFAV-KC_Cambodia_2015	SRA:SRX2451646.16098208.2	96.364	55	2	0	3872	3926	76	22	9.13e-15	91.6
CFAV-Zik_Uganda_2016	SRA:SRX2451646.32447884.1	98.684	76	1	0	8652	8727	76	1	4.16e-28	135
CFAV-Zik_Uganda_2016	SRA:SRX2451646.18652857.2	98.684	76	1	0	8602	8677	76	1	4.16e-28	135
CFAV-Zik_Uganda_2016	SRA:SRX2451646.16098208.1	98.684	76	1	0	3808	3883	1	76	4.16e-28	135
CFAV-Zik_Uganda_2016	SRA:SRX2451646.32447884.2	96.053	76	3	0	8570	8645	1	76	9.00e-25	124
CFAV-Zik_Uganda_2016	SRA:SRX2451646.25470138.2	96.053	76	3	0	4081	4156	1	76	9.00e-25	124
CFAV-Zik_Uganda_2016	SRA:SRX2451646.25470138.1	98.551	69	1	0	4193	4261	73	5	3.24e-24	122
CFAV-Zik_Uganda_2016	SRA:SRX2451646.18652857.1	96.000	75	3	0	8569	8643	1	75	3.24e-24	122
CFAV-Zik_Uganda_2016	SRA:SRX2451646.5902854.2	98.438	64	1	0	3596	3659	64	1	1.95e-21	113
CFAV-Zik_Uganda_2016	SRA:SRX2451646.16098208.2	100.000	55	0	0	3872	3926	76	22	4.22e-18	102
