CFAV-Bangkok_Thailand_2015	SRA:SRX2451645.24456136.2	98.667	75	1	0	4036	4110	1	75	1.73e-27	134
CFAV-Bangkok_Thailand_2015	SRA:SRX2451645.24456136.1	95.946	74	3	0	4074	4147	76	3	1.35e-23	121
CFAV-Bangkok_Thailand_2015	SRA:SRX2451645.8994908.2	94.737	76	4	0	8564	8639	76	1	4.85e-23	119
CFAV-Bangkok_Thailand_2015	SRA:SRX2451645.8994908.1	98.507	67	1	0	7407	7473	1	67	4.85e-23	119
CFAV-Bangkok_Thailand_2015	SRA:SRX2451645.8558095.1	92.105	76	6	0	4133	4208	76	1	1.05e-19	108
NC_001564	SRA:SRX2451645.24456136.2	100.000	75	0	0	4043	4117	1	75	3.73e-29	139
NC_001564	SRA:SRX2451645.8994908.2	98.684	76	1	0	8571	8646	76	1	4.82e-28	135
NC_001564	SRA:SRX2451645.24456136.1	98.649	74	1	0	4081	4154	76	3	6.24e-27	132
NC_001564	SRA:SRX2451645.8558095.1	96.053	76	3	0	4140	4215	76	1	1.04e-24	124
NC_001564	SRA:SRX2451645.8994908.1	96.000	75	1	1	7414	7486	1	75	1.35e-23	121
NC_001564	SRA:SRX2451645.11454789.1	94.737	76	4	0	3751	3826	1	76	4.86e-23	119
NC_001564	SRA:SRX2451645.11454789.2	93.421	76	5	0	3751	3826	76	1	2.26e-21	113
CFAV-Cairns_Australia_2014	SRA:SRX2451645.24456136.2	100.000	75	0	0	4042	4116	1	75	3.73e-29	139
CFAV-Cairns_Australia_2014	SRA:SRX2451645.11454789.1	97.368	76	2	0	3750	3825	1	76	2.25e-26	130
CFAV-Cairns_Australia_2014	SRA:SRX2451645.24456136.1	97.297	74	2	0	4080	4153	76	3	2.90e-25	126
CFAV-Cairns_Australia_2014	SRA:SRX2451645.8994908.1	97.333	75	0	1	7413	7485	1	75	2.90e-25	126
CFAV-Cairns_Australia_2014	SRA:SRX2451645.11454789.2	96.053	76	3	0	3750	3825	76	1	1.04e-24	124
CFAV-Cairns_Australia_2014	SRA:SRX2451645.8558095.1	96.053	76	3	0	4139	4214	76	1	1.04e-24	124
CFAV-Cairns_Australia_2014	SRA:SRX2451645.8994908.2	91.781	73	6	0	8573	8645	73	1	4.89e-18	102
CFAV-Macapa2_Brazil_2017	SRA:SRX2451645.24456136.2	98.649	74	1	0	4043	4116	1	74	6.24e-27	132
CFAV-Macapa2_Brazil_2017	SRA:SRX2451645.11454789.1	97.368	76	2	0	3751	3826	1	76	2.25e-26	130
CFAV-Macapa2_Brazil_2017	SRA:SRX2451645.11454789.2	96.053	76	3	0	3751	3826	76	1	1.04e-24	124
CFAV-Macapa2_Brazil_2017	SRA:SRX2451645.24456136.1	95.946	74	3	0	4081	4154	76	3	1.35e-23	121
CFAV-Macapa2_Brazil_2017	SRA:SRX2451645.8558095.1	93.421	76	5	0	4140	4215	76	1	2.26e-21	113
CFAV-Macapa2_Brazil_2017	SRA:SRX2451645.8994908.2	94.444	72	4	0	8573	8644	74	3	8.13e-21	111
CFAV-KC_Cambodia_2015	SRA:SRX2451645.24456136.2	100.000	75	0	0	4054	4128	1	75	3.73e-29	139
CFAV-KC_Cambodia_2015	SRA:SRX2451645.24456136.1	100.000	74	0	0	4092	4165	76	3	1.34e-28	137
CFAV-KC_Cambodia_2015	SRA:SRX2451645.11454789.1	97.368	76	2	0	3762	3837	1	76	2.25e-26	130
CFAV-KC_Cambodia_2015	SRA:SRX2451645.8994908.2	97.368	76	2	0	8582	8657	76	1	2.25e-26	130
CFAV-KC_Cambodia_2015	SRA:SRX2451645.8558095.1	94.737	76	4	0	4151	4226	76	1	4.87e-23	119
CFAV-KC_Cambodia_2015	SRA:SRX2451645.8558095.2	91.892	74	6	0	4138	4211	1	74	1.36e-18	104
CFAV-Zik_Uganda_2016	SRA:SRX2451645.24456136.2	98.649	74	1	0	4054	4127	1	74	6.25e-27	132
CFAV-Zik_Uganda_2016	SRA:SRX2451645.11454789.1	97.368	76	2	0	3762	3837	1	76	2.25e-26	130
CFAV-Zik_Uganda_2016	SRA:SRX2451645.8994908.2	97.368	76	2	0	8582	8657	76	1	2.25e-26	130
CFAV-Zik_Uganda_2016	SRA:SRX2451645.24456136.1	95.946	74	3	0	4092	4165	76	3	1.35e-23	121
CFAV-Zik_Uganda_2016	SRA:SRX2451645.8994908.1	96.000	75	1	1	7425	7497	1	75	1.35e-23	121
