CFAV-Bangkok_Thailand_2015	SRA:SRX2404705.7005310.1	97.959	49	1	0	3698	3746	1	49	2.94e-14	86.1
CFAV-Bangkok_Thailand_2015	SRA:SRX2404705.3167080.1	97.826	46	1	0	3611	3656	1	46	1.37e-12	80.5
NC_001564	SRA:SRX2404705.1013647.1	100.000	49	0	0	3833	3881	49	1	6.32e-16	91.6
NC_001564	SRA:SRX2404705.7005310.1	95.918	49	2	0	3705	3753	1	49	1.37e-12	80.5
NC_001564	SRA:SRX2404705.3167080.1	97.826	46	1	0	3618	3663	1	46	1.37e-12	80.5
CFAV-Cairns_Australia_2014	SRA:SRX2404705.7005310.1	100.000	49	0	0	3704	3752	1	49	6.32e-16	91.6
CFAV-Cairns_Australia_2014	SRA:SRX2404705.1013647.1	100.000	49	0	0	3832	3880	49	1	6.32e-16	91.6
CFAV-Cairns_Australia_2014	SRA:SRX2404705.3167080.1	97.826	46	1	0	3617	3662	1	46	1.37e-12	80.5
CFAV-Macapa2_Brazil_2017	SRA:SRX2404705.7005310.1	100.000	49	0	0	3705	3753	1	49	6.32e-16	91.6
CFAV-Macapa2_Brazil_2017	SRA:SRX2404705.1013647.1	100.000	49	0	0	3833	3881	49	1	6.32e-16	91.6
CFAV-Macapa2_Brazil_2017	SRA:SRX2404705.11521278.1	97.959	49	1	0	3761	3809	1	49	2.94e-14	86.1
CFAV-Macapa2_Brazil_2017	SRA:SRX2404705.3167080.1	97.959	49	1	0	3618	3666	1	49	2.94e-14	86.1
CFAV-KC_Cambodia_2015	SRA:SRX2404705.7005310.1	100.000	49	0	0	3716	3764	1	49	6.33e-16	91.6
CFAV-KC_Cambodia_2015	SRA:SRX2404705.1013647.1	100.000	49	0	0	3844	3892	49	1	6.33e-16	91.6
CFAV-KC_Cambodia_2015	SRA:SRX2404705.11521278.1	97.959	49	1	0	3772	3820	1	49	2.95e-14	86.1
CFAV-KC_Cambodia_2015	SRA:SRX2404705.3167080.1	97.826	46	1	0	3629	3674	1	46	1.37e-12	80.5
CFAV-Zik_Uganda_2016	SRA:SRX2404705.7005310.1	100.000	49	0	0	3716	3764	1	49	6.33e-16	91.6
CFAV-Zik_Uganda_2016	SRA:SRX2404705.3167080.1	100.000	49	0	0	3629	3677	1	49	6.33e-16	91.6
CFAV-Zik_Uganda_2016	SRA:SRX2404705.1013647.1	100.000	49	0	0	3844	3892	49	1	6.33e-16	91.6
CFAV-Zik_Uganda_2016	SRA:SRX2404705.11521278.1	97.959	49	1	0	3772	3820	1	49	2.95e-14	86.1
