CFAV-Bangkok_Thailand_2015	SRA:SRX2878351.264914.2	100.000	121	0	0	10455	10575	121	1	7.59e-56	224
CFAV-Bangkok_Thailand_2015	SRA:SRX2878351.502592.2	98.400	125	2	0	7085	7209	125	1	9.82e-55	220
CFAV-Bangkok_Thailand_2015	SRA:SRX2878351.264914.1	100.000	119	0	0	10456	10574	1	119	9.82e-55	220
CFAV-Bangkok_Thailand_2015	SRA:SRX2878351.1448267.2	98.387	124	2	0	7239	7362	125	2	3.53e-54	219
CFAV-Bangkok_Thailand_2015	SRA:SRX2878351.1448267.1	98.374	123	2	0	7241	7363	1	123	1.27e-53	217
CFAV-Bangkok_Thailand_2015	SRA:SRX2878351.1371009.2	99.160	119	1	0	10437	10555	2	120	4.57e-53	215
CFAV-Bangkok_Thailand_2015	SRA:SRX2878351.426793.1	97.600	125	3	0	3223	3347	1	125	4.57e-53	215
CFAV-Bangkok_Thailand_2015	SRA:SRX2878351.1371009.1	99.153	118	1	0	10437	10554	118	1	1.64e-52	213
CFAV-Bangkok_Thailand_2015	SRA:SRX2878351.1298882.1	99.153	118	1	0	10437	10554	118	1	1.64e-52	213
CFAV-Bangkok_Thailand_2015	SRA:SRX2878351.426793.2	97.581	124	3	0	3225	3348	125	2	1.64e-52	213
CFAV-Bangkok_Thailand_2015	SRA:SRX2878351.291204.2	97.581	124	3	0	7069	7192	125	2	1.64e-52	213
CFAV-Bangkok_Thailand_2015	SRA:SRX2878351.729632.2	100.000	114	0	0	9972	10085	2	115	5.91e-52	211
CFAV-Bangkok_Thailand_2015	SRA:SRX2878351.729632.1	100.000	114	0	0	9972	10085	116	3	5.91e-52	211
CFAV-Bangkok_Thailand_2015	SRA:SRX2878351.502592.1	97.561	123	3	0	7055	7177	2	124	5.91e-52	211
CFAV-Bangkok_Thailand_2015	SRA:SRX2878351.1298882.2	99.138	116	1	0	10440	10555	2	117	2.13e-51	209
CFAV-Bangkok_Thailand_2015	SRA:SRX2878351.468948.1	96.800	125	4	0	5980	6104	1	125	2.13e-51	209
CFAV-Bangkok_Thailand_2015	SRA:SRX2878351.459505.1	96.800	125	4	0	10026	10150	1	125	2.13e-51	209
CFAV-Bangkok_Thailand_2015	SRA:SRX2878351.278223.2	97.541	122	3	0	6019	6140	122	1	2.13e-51	209
CFAV-Bangkok_Thailand_2015	SRA:SRX2878351.162863.2	96.800	125	4	0	7871	7995	1	125	2.13e-51	209
CFAV-Bangkok_Thailand_2015	SRA:SRX2878351.923879.2	96.774	124	4	0	8425	8548	2	125	7.65e-51	207
CFAV-Bangkok_Thailand_2015	SRA:SRX2878351.680322.2	96.774	124	4	0	7883	8006	125	2	7.65e-51	207
CFAV-Bangkok_Thailand_2015	SRA:SRX2878351.680322.1	96.774	124	4	0	7873	7996	1	124	7.65e-51	207
CFAV-Bangkok_Thailand_2015	SRA:SRX2878351.468948.2	96.774	124	4	0	6025	6148	125	2	7.65e-51	207
CFAV-Bangkok_Thailand_2015	SRA:SRX2878351.353019.1	96.774	124	4	0	2760	2883	124	1	7.65e-51	207
CFAV-Bangkok_Thailand_2015	SRA:SRX2878351.162863.1	96.774	124	4	0	7891	8014	125	2	7.65e-51	207
CFAV-Bangkok_Thailand_2015	SRA:SRX2878351.82820.2	96.774	124	4	0	10030	10153	1	124	7.65e-51	207
CFAV-Bangkok_Thailand_2015	SRA:SRX2878351.1006953.1	96.748	123	4	0	9362	9484	1	123	2.75e-50	206
CFAV-Bangkok_Thailand_2015	SRA:SRX2878351.923879.1	96.748	123	4	0	8433	8555	125	3	2.75e-50	206
CFAV-Bangkok_Thailand_2015	SRA:SRX2878351.681623.2	96.748	123	4	0	945	1067	125	3	2.75e-50	206
CFAV-Bangkok_Thailand_2015	SRA:SRX2878351.1230196.1	96.000	125	5	0	7744	7868	1	125	9.89e-50	204
CFAV-Bangkok_Thailand_2015	SRA:SRX2878351.921443.1	96.000	125	5	0	7749	7873	1	125	9.89e-50	204
CFAV-Bangkok_Thailand_2015	SRA:SRX2878351.681623.1	96.000	125	5	0	937	1061	1	125	9.89e-50	204
CFAV-Bangkok_Thailand_2015	SRA:SRX2878351.578625.1	96.000	125	5	0	8147	8271	1	125	9.89e-50	204
CFAV-Bangkok_Thailand_2015	SRA:SRX2878351.353019.2	96.000	125	5	0	2742	2866	1	125	9.89e-50	204
CFAV-Bangkok_Thailand_2015	SRA:SRX2878351.82820.1	96.000	125	5	0	10036	10160	125	1	9.89e-50	204
CFAV-Bangkok_Thailand_2015	SRA:SRX2878351.1230196.2	95.968	124	5	0	7753	7876	125	2	3.56e-49	202
CFAV-Bangkok_Thailand_2015	SRA:SRX2878351.921443.2	95.968	124	5	0	7753	7876	125	2	3.56e-49	202
CFAV-Bangkok_Thailand_2015	SRA:SRX2878351.578625.2	95.968	124	5	0	8149	8272	125	2	3.56e-49	202
CFAV-Bangkok_Thailand_2015	SRA:SRX2878351.214560.1	96.694	121	4	0	4318	4438	1	121	3.56e-49	202
CFAV-Bangkok_Thailand_2015	SRA:SRX2878351.1006953.2	96.667	120	4	0	9362	9481	121	2	1.28e-48	200
CFAV-Bangkok_Thailand_2015	SRA:SRX2878351.915115.2	95.200	125	6	0	3028	3152	125	1	4.60e-48	198
CFAV-Bangkok_Thailand_2015	SRA:SRX2878351.915115.1	95.200	125	6	0	3022	3146	1	125	4.60e-48	198
CFAV-Bangkok_Thailand_2015	SRA:SRX2878351.816625.2	95.200	125	6	0	715	839	125	1	4.60e-48	198
CFAV-Bangkok_Thailand_2015	SRA:SRX2878351.816625.1	95.902	122	5	0	712	833	1	122	4.60e-48	198
CFAV-Bangkok_Thailand_2015	SRA:SRX2878351.278223.1	95.200	125	6	0	5979	6103	1	125	4.60e-48	198
CFAV-Bangkok_Thailand_2015	SRA:SRX2878351.227858.1	95.200	125	6	0	4600	4724	125	1	4.60e-48	198
CFAV-Bangkok_Thailand_2015	SRA:SRX2878351.214560.2	96.639	119	4	0	4318	4436	120	2	4.60e-48	198
CFAV-Bangkok_Thailand_2015	SRA:SRX2878351.772286.2	95.161	124	6	0	1582	1705	2	125	1.66e-47	196
CFAV-Bangkok_Thailand_2015	SRA:SRX2878351.566644.1	100.000	106	0	0	7270	7375	106	1	1.66e-47	196
CFAV-Bangkok_Thailand_2015	SRA:SRX2878351.419392.2	95.161	124	6	0	2480	2603	125	2	1.66e-47	196
CFAV-Bangkok_Thailand_2015	SRA:SRX2878351.227602.2	95.200	125	4	2	6684	6807	2	125	1.66e-47	196
CFAV-Bangkok_Thailand_2015	SRA:SRX2878351.227602.1	95.161	124	6	0	6789	6912	124	1	1.66e-47	196
CFAV-Bangkok_Thailand_2015	SRA:SRX2878351.308163.2	97.368	114	3	0	7803	7916	2	115	5.95e-47	195
CFAV-Bangkok_Thailand_2015	SRA:SRX2878351.1082550.1	94.400	125	7	0	8188	8312	1	125	2.14e-46	193
CFAV-Bangkok_Thailand_2015	SRA:SRX2878351.772286.1	94.400	125	7	0	1639	1763	125	1	2.14e-46	193
CFAV-Bangkok_Thailand_2015	SRA:SRX2878351.512675.2	94.400	125	7	0	3371	3495	1	125	2.14e-46	193
CFAV-Bangkok_Thailand_2015	SRA:SRX2878351.419392.1	94.400	125	7	0	2448	2572	1	125	2.14e-46	193
CFAV-Bangkok_Thailand_2015	SRA:SRX2878351.308163.1	97.345	113	3	0	7803	7915	113	1	2.14e-46	193
CFAV-Bangkok_Thailand_2015	SRA:SRX2878351.291204.1	95.798	119	5	0	7009	7127	2	120	2.14e-46	193
CFAV-Bangkok_Thailand_2015	SRA:SRX2878351.1402564.1	97.297	111	3	0	7043	7153	5	115	2.77e-45	189
CFAV-Bangkok_Thailand_2015	SRA:SRX2878351.1032145.2	95.041	121	5	1	3405	3524	2	122	2.77e-45	189
CFAV-Bangkok_Thailand_2015	SRA:SRX2878351.1032145.1	95.726	117	5	0	3405	3521	117	1	2.77e-45	189
CFAV-Bangkok_Thailand_2015	SRA:SRX2878351.1402564.2	97.273	110	3	0	7043	7152	111	2	9.96e-45	187
CFAV-Bangkok_Thailand_2015	SRA:SRX2878351.989784.2	94.262	122	7	0	4276	4397	125	4	9.96e-45	187
CFAV-Bangkok_Thailand_2015	SRA:SRX2878351.697142.2	94.262	122	7	0	4644	4765	123	2	9.96e-45	187
CFAV-Bangkok_Thailand_2015	SRA:SRX2878351.697142.1	94.262	122	7	0	4645	4766	1	122	9.96e-45	187
CFAV-Bangkok_Thailand_2015	SRA:SRX2878351.591541.1	94.262	122	7	0	316	437	125	4	9.96e-45	187
CFAV-Bangkok_Thailand_2015	SRA:SRX2878351.459505.2	95.690	116	5	0	10049	10164	125	10	9.96e-45	187
CFAV-Bangkok_Thailand_2015	SRA:SRX2878351.1004455.1	94.958	119	5	1	5785	5903	3	120	3.58e-44	185
CFAV-Bangkok_Thailand_2015	SRA:SRX2878351.1000434.1	94.262	122	6	1	4242	4362	124	3	3.58e-44	185
CFAV-Bangkok_Thailand_2015	SRA:SRX2878351.227858.2	93.548	124	8	0	4567	4690	2	125	3.58e-44	185
CFAV-Bangkok_Thailand_2015	SRA:SRX2878351.1323504.2	97.222	108	3	0	7044	7151	109	2	1.29e-43	183
CFAV-Bangkok_Thailand_2015	SRA:SRX2878351.1061565.1	93.496	123	8	0	6986	7108	1	123	1.29e-43	183
CFAV-Bangkok_Thailand_2015	SRA:SRX2878351.1004455.2	96.396	111	4	0	5785	5895	112	2	1.29e-43	183
CFAV-Bangkok_Thailand_2015	SRA:SRX2878351.989784.1	94.215	121	6	1	4242	4362	6	125	1.29e-43	183
CFAV-Bangkok_Thailand_2015	SRA:SRX2878351.1323504.1	97.196	107	3	0	7045	7151	1	107	4.63e-43	182
CFAV-Bangkok_Thailand_2015	SRA:SRX2878351.1061565.2	93.443	122	8	0	6986	7107	123	2	4.63e-43	182
CFAV-Bangkok_Thailand_2015	SRA:SRX2878351.591541.2	92.800	125	9	0	194	318	1	125	4.63e-43	182
CFAV-Bangkok_Thailand_2015	SRA:SRX2878351.1139588.2	95.536	112	5	0	337	448	113	2	1.67e-42	180
CFAV-Bangkok_Thailand_2015	SRA:SRX2878351.1139588.1	95.536	112	5	0	337	448	1	112	1.67e-42	180
CFAV-Bangkok_Thailand_2015	SRA:SRX2878351.512675.1	92.742	124	9	0	3387	3510	124	1	1.67e-42	180
CFAV-Bangkok_Thailand_2015	SRA:SRX2878351.1000434.2	92.683	123	9	0	4222	4344	3	125	6.00e-42	178
CFAV-Bangkok_Thailand_2015	SRA:SRX2878351.566644.2	95.283	106	5	0	7271	7376	3	108	6.00e-42	178
CFAV-Bangkok_Thailand_2015	SRA:SRX2878351.909018.2	93.966	116	7	0	5147	5262	1	116	2.16e-41	176
CFAV-Bangkok_Thailand_2015	SRA:SRX2878351.461821.1	92.000	125	10	0	4898	5022	125	1	2.16e-41	176
CFAV-Bangkok_Thailand_2015	SRA:SRX2878351.909018.1	93.913	115	7	0	5148	5262	115	1	7.76e-41	174
CFAV-Bangkok_Thailand_2015	SRA:SRX2878351.1033269.2	97.059	102	3	0	2219	2320	2	103	2.79e-40	172
CFAV-Bangkok_Thailand_2015	SRA:SRX2878351.1033269.1	97.059	102	3	0	2219	2320	103	2	2.79e-40	172
CFAV-Bangkok_Thailand_2015	SRA:SRX2878351.461821.2	91.200	125	11	0	4869	4993	1	125	1.00e-39	171
CFAV-Bangkok_Thailand_2015	SRA:SRX2878351.316731.2	97.000	100	3	0	1005	1104	1	100	3.61e-39	169
CFAV-Bangkok_Thailand_2015	SRA:SRX2878351.316731.1	96.970	99	3	0	1006	1104	99	1	1.30e-38	167
CFAV-Bangkok_Thailand_2015	SRA:SRX2878351.1435749.1	96.040	101	4	0	4812	4912	101	1	4.67e-38	165
CFAV-Bangkok_Thailand_2015	SRA:SRX2878351.1435749.2	96.000	100	4	0	4813	4912	2	101	1.68e-37	163
CFAV-Bangkok_Thailand_2015	SRA:SRX2878351.560438.2	94.340	106	6	0	5155	5260	4	109	1.68e-37	163
CFAV-Bangkok_Thailand_2015	SRA:SRX2878351.560438.1	94.340	106	6	0	5155	5260	107	2	1.68e-37	163
CFAV-Bangkok_Thailand_2015	SRA:SRX2878351.84595.2	93.519	108	7	0	163	270	2	109	6.04e-37	161
CFAV-Bangkok_Thailand_2015	SRA:SRX2878351.84595.1	93.458	107	7	0	163	269	107	1	2.17e-36	159
CFAV-Bangkok_Thailand_2015	SRA:SRX2878351.944069.2	95.000	100	5	0	2193	2292	101	2	7.81e-36	158
CFAV-Bangkok_Thailand_2015	SRA:SRX2878351.944069.1	95.000	100	5	0	2193	2292	2	101	7.81e-36	158
CFAV-Bangkok_Thailand_2015	SRA:SRX2878351.460418.1	93.137	102	7	0	4271	4372	102	1	1.31e-33	150
CFAV-Bangkok_Thailand_2015	SRA:SRX2878351.460418.2	93.069	101	7	0	4272	4372	2	102	4.70e-33	148
CFAV-Bangkok_Thailand_2015	SRA:SRX2878351.479215.2	93.617	94	6	0	96	189	95	2	7.87e-31	141
CFAV-Bangkok_Thailand_2015	SRA:SRX2878351.479215.1	92.079	101	7	1	93	192	1	101	7.87e-31	141
NC_001564	SRA:SRX2878351.1448267.2	100.000	124	0	0	7246	7369	125	2	1.64e-57	230
NC_001564	SRA:SRX2878351.1448267.1	100.000	123	0	0	7248	7370	1	123	5.88e-57	228
NC_001564	SRA:SRX2878351.502592.2	99.200	125	1	0	7092	7216	125	1	2.12e-56	226
NC_001564	SRA:SRX2878351.291204.1	100.000	122	0	0	7015	7136	1	122	2.12e-56	226
NC_001564	SRA:SRX2878351.502592.1	99.194	124	1	0	7061	7184	1	124	7.61e-56	224
NC_001564	SRA:SRX2878351.419392.2	99.194	124	1	0	2487	2610	125	2	7.61e-56	224
NC_001564	SRA:SRX2878351.291204.2	99.194	124	1	0	7076	7199	125	2	7.61e-56	224
NC_001564	SRA:SRX2878351.1061565.1	99.187	123	1	0	6993	7115	1	123	2.74e-55	222
NC_001564	SRA:SRX2878351.1061565.2	99.180	122	1	0	6993	7114	123	2	9.84e-55	220
NC_001564	SRA:SRX2878351.923879.1	98.400	125	2	0	8440	8564	125	1	9.84e-55	220
NC_001564	SRA:SRX2878351.419392.1	98.400	125	2	0	2455	2579	1	125	9.84e-55	220
NC_001564	SRA:SRX2878351.227858.1	98.400	125	2	0	4607	4731	125	1	9.84e-55	220
NC_001564	SRA:SRX2878351.1022348.2	98.387	124	2	0	2639	2762	2	125	3.54e-54	219
NC_001564	SRA:SRX2878351.923879.2	98.387	124	2	0	8432	8555	2	125	3.54e-54	219
NC_001564	SRA:SRX2878351.227602.1	98.387	124	2	0	6796	6919	124	1	3.54e-54	219
NC_001564	SRA:SRX2878351.1082550.1	97.600	125	3	0	8195	8319	1	125	4.58e-53	215
NC_001564	SRA:SRX2878351.697142.2	98.361	122	2	0	4651	4772	123	2	4.58e-53	215
NC_001564	SRA:SRX2878351.697142.1	98.361	122	2	0	4652	4773	1	122	4.58e-53	215
NC_001564	SRA:SRX2878351.468948.1	98.361	122	2	0	5987	6108	1	122	4.58e-53	215
NC_001564	SRA:SRX2878351.459505.1	97.600	125	3	0	10033	10157	1	125	4.58e-53	215
NC_001564	SRA:SRX2878351.426793.1	97.600	125	3	0	3230	3354	1	125	4.58e-53	215
NC_001564	SRA:SRX2878351.227858.2	97.600	125	3	0	4573	4697	1	125	4.58e-53	215
NC_001564	SRA:SRX2878351.162863.2	97.600	125	3	0	7878	8002	1	125	4.58e-53	215
NC_001564	SRA:SRX2878351.82820.2	97.600	125	3	0	10037	10161	1	125	4.58e-53	215
NC_001564	SRA:SRX2878351.82820.1	97.600	125	3	0	10043	10167	125	1	4.58e-53	215
NC_001564	SRA:SRX2878351.1402564.1	100.000	115	0	0	7046	7160	1	115	1.65e-52	213
NC_001564	SRA:SRX2878351.680322.1	97.581	124	3	0	7880	8003	1	124	1.65e-52	213
NC_001564	SRA:SRX2878351.459505.2	97.581	124	3	0	10056	10179	125	2	1.65e-52	213
NC_001564	SRA:SRX2878351.426793.2	97.581	124	3	0	3232	3355	125	2	1.65e-52	213
NC_001564	SRA:SRX2878351.353019.1	97.581	124	3	0	2767	2890	124	1	1.65e-52	213
NC_001564	SRA:SRX2878351.264914.2	98.347	121	2	0	10462	10582	121	1	1.65e-52	213
NC_001564	SRA:SRX2878351.227602.2	97.581	124	3	0	6691	6814	2	125	1.65e-52	213
NC_001564	SRA:SRX2878351.1402564.2	100.000	114	0	0	7046	7159	115	2	5.92e-52	211
NC_001564	SRA:SRX2878351.681623.2	97.561	123	3	0	952	1074	125	3	5.92e-52	211
NC_001564	SRA:SRX2878351.512675.1	97.561	123	3	0	3394	3516	124	2	5.92e-52	211
NC_001564	SRA:SRX2878351.1230196.1	96.800	125	4	0	7751	7875	1	125	2.13e-51	209
NC_001564	SRA:SRX2878351.1082550.2	97.541	122	3	0	8208	8329	125	4	2.13e-51	209
NC_001564	SRA:SRX2878351.1022348.1	96.800	125	4	0	2685	2809	125	1	2.13e-51	209
NC_001564	SRA:SRX2878351.921443.1	96.800	125	4	0	7756	7880	1	125	2.13e-51	209
NC_001564	SRA:SRX2878351.915115.2	96.800	125	4	0	3035	3159	125	1	2.13e-51	209
NC_001564	SRA:SRX2878351.915115.1	96.800	125	4	0	3029	3153	1	125	2.13e-51	209
NC_001564	SRA:SRX2878351.681623.1	96.800	125	4	0	944	1068	1	125	2.13e-51	209
NC_001564	SRA:SRX2878351.512675.2	96.800	125	4	0	3378	3502	1	125	2.13e-51	209
NC_001564	SRA:SRX2878351.353019.2	98.319	119	2	0	2754	2872	6	124	2.13e-51	209
NC_001564	SRA:SRX2878351.264914.1	98.319	119	2	0	10463	10581	1	119	2.13e-51	209
NC_001564	SRA:SRX2878351.1230196.2	96.774	124	4	0	7760	7883	125	2	7.66e-51	207
NC_001564	SRA:SRX2878351.921443.2	96.774	124	4	0	7760	7883	125	2	7.66e-51	207
NC_001564	SRA:SRX2878351.680322.2	96.774	124	4	0	7890	8013	125	2	7.66e-51	207
NC_001564	SRA:SRX2878351.162863.1	96.774	124	4	0	7898	8021	125	2	7.66e-51	207
NC_001564	SRA:SRX2878351.278223.1	96.748	123	4	0	5986	6108	1	123	2.76e-50	206
NC_001564	SRA:SRX2878351.1371009.2	97.479	119	3	0	10444	10562	2	120	9.91e-50	204
NC_001564	SRA:SRX2878351.578625.1	96.000	125	5	0	8154	8278	1	125	9.91e-50	204
NC_001564	SRA:SRX2878351.278223.2	96.000	125	5	0	6023	6147	125	1	9.91e-50	204
NC_001564	SRA:SRX2878351.1371009.1	97.458	118	3	0	10444	10561	118	1	3.57e-49	202
NC_001564	SRA:SRX2878351.1298882.1	97.458	118	3	0	10444	10561	118	1	3.57e-49	202
NC_001564	SRA:SRX2878351.578625.2	96.694	121	4	0	8159	8279	122	2	3.57e-49	202
NC_001564	SRA:SRX2878351.468948.2	95.968	124	5	0	6032	6155	125	2	3.57e-49	202
NC_001564	SRA:SRX2878351.1323504.2	100.000	108	0	0	7051	7158	109	2	1.28e-48	200
NC_001564	SRA:SRX2878351.729632.2	98.246	114	2	0	9979	10092	2	115	1.28e-48	200
NC_001564	SRA:SRX2878351.729632.1	99.099	111	1	0	9982	10092	113	3	1.28e-48	200
NC_001564	SRA:SRX2878351.214560.2	96.667	120	4	0	4325	4444	120	1	1.28e-48	200
NC_001564	SRA:SRX2878351.1323504.1	100.000	107	0	0	7052	7158	1	107	4.61e-48	198
NC_001564	SRA:SRX2878351.1298882.2	97.414	116	3	0	10447	10562	2	117	4.61e-48	198
NC_001564	SRA:SRX2878351.1000434.1	95.200	125	6	0	4248	4372	125	1	4.61e-48	198
NC_001564	SRA:SRX2878351.989784.2	95.902	122	5	0	4283	4404	125	4	4.61e-48	198
NC_001564	SRA:SRX2878351.989784.1	95.200	125	6	0	4244	4368	1	125	4.61e-48	198
NC_001564	SRA:SRX2878351.909018.2	97.414	116	3	0	5154	5269	1	116	4.61e-48	198
NC_001564	SRA:SRX2878351.816625.2	95.200	125	6	0	722	846	125	1	4.61e-48	198
NC_001564	SRA:SRX2878351.816625.1	96.639	119	4	0	719	837	1	119	4.61e-48	198
NC_001564	SRA:SRX2878351.591541.2	95.200	125	6	0	201	325	1	125	4.61e-48	198
NC_001564	SRA:SRX2878351.591541.1	95.902	122	5	0	323	444	125	4	4.61e-48	198
NC_001564	SRA:SRX2878351.465377.1	95.200	125	6	0	86	210	1	125	4.61e-48	198
NC_001564	SRA:SRX2878351.214560.1	96.639	119	4	0	4325	4443	1	119	4.61e-48	198
NC_001564	SRA:SRX2878351.909018.1	97.391	115	3	0	5155	5269	115	1	1.66e-47	196
NC_001564	SRA:SRX2878351.566644.1	100.000	106	0	0	7277	7382	106	1	1.66e-47	196
NC_001564	SRA:SRX2878351.1032145.2	95.868	121	4	1	3412	3531	2	122	5.97e-47	195
NC_001564	SRA:SRX2878351.1032145.1	96.581	117	4	0	3412	3528	117	1	5.97e-47	195
NC_001564	SRA:SRX2878351.1006953.1	95.122	123	6	0	9369	9491	1	123	5.97e-47	195
NC_001564	SRA:SRX2878351.1000434.2	94.355	124	7	0	4228	4351	2	125	7.72e-46	191
NC_001564	SRA:SRX2878351.1139588.1	95.763	118	4	1	344	461	1	117	2.78e-45	189
NC_001564	SRA:SRX2878351.1006953.2	95.000	120	6	0	9369	9488	121	2	2.78e-45	189
NC_001564	SRA:SRX2878351.465377.2	94.309	123	7	0	121	243	124	2	2.78e-45	189
NC_001564	SRA:SRX2878351.772286.1	93.600	125	8	0	1646	1770	125	1	9.98e-45	187
NC_001564	SRA:SRX2878351.1139588.2	96.429	112	4	0	344	455	113	2	3.59e-44	185
NC_001564	SRA:SRX2878351.560438.2	97.222	108	3	0	5160	5267	2	109	1.29e-43	183
NC_001564	SRA:SRX2878351.560438.1	97.222	108	3	0	5160	5267	109	2	1.29e-43	183
NC_001564	SRA:SRX2878351.308163.2	95.614	114	5	0	7810	7923	2	115	1.29e-43	183
NC_001564	SRA:SRX2878351.308163.1	95.575	113	5	0	7810	7922	113	1	4.64e-43	182
NC_001564	SRA:SRX2878351.1004455.1	94.118	119	6	1	5792	5910	3	120	1.67e-42	180
NC_001564	SRA:SRX2878351.1033269.2	98.039	102	2	0	2226	2327	2	103	6.01e-42	178
NC_001564	SRA:SRX2878351.1033269.1	98.039	102	2	0	2226	2327	103	2	6.01e-42	178
NC_001564	SRA:SRX2878351.1004455.2	95.495	111	5	0	5792	5902	112	2	6.01e-42	178
NC_001564	SRA:SRX2878351.566644.2	95.283	106	5	0	7278	7383	3	108	6.01e-42	178
NC_001564	SRA:SRX2878351.84595.2	96.296	108	4	0	170	277	2	109	6.01e-42	178
NC_001564	SRA:SRX2878351.84595.1	96.262	107	4	0	170	276	107	1	2.16e-41	176
NC_001564	SRA:SRX2878351.1435749.1	97.030	101	3	0	4819	4919	101	1	1.01e-39	171
NC_001564	SRA:SRX2878351.1435749.2	97.000	100	3	0	4820	4919	2	101	3.62e-39	169
NC_001564	SRA:SRX2878351.944069.2	96.078	102	4	0	2198	2299	103	2	1.30e-38	167
NC_001564	SRA:SRX2878351.944069.1	96.040	101	4	0	2199	2299	1	101	4.68e-38	165
NC_001564	SRA:SRX2878351.316731.2	96.000	100	4	0	1012	1111	1	100	1.68e-37	163
NC_001564	SRA:SRX2878351.316731.1	95.960	99	4	0	1013	1111	99	1	6.05e-37	161
NC_001564	SRA:SRX2878351.479215.2	95.745	94	4	0	103	196	95	2	3.64e-34	152
NC_001564	SRA:SRX2878351.479215.1	94.845	97	5	0	100	196	1	97	3.64e-34	152
CFAV-Cairns_Australia_2014	SRA:SRX2878351.291204.1	100.000	122	0	0	7014	7135	1	122	2.12e-56	226
CFAV-Cairns_Australia_2014	SRA:SRX2878351.1448267.2	99.194	124	1	0	7245	7368	125	2	7.61e-56	224
CFAV-Cairns_Australia_2014	SRA:SRX2878351.502592.2	99.194	124	1	0	7091	7214	125	2	7.61e-56	224
CFAV-Cairns_Australia_2014	SRA:SRX2878351.502592.1	99.194	124	1	0	7060	7183	1	124	7.61e-56	224
CFAV-Cairns_Australia_2014	SRA:SRX2878351.291204.2	99.194	124	1	0	7075	7198	125	2	7.61e-56	224
CFAV-Cairns_Australia_2014	SRA:SRX2878351.264914.2	100.000	121	0	0	10461	10581	121	1	7.61e-56	224
CFAV-Cairns_Australia_2014	SRA:SRX2878351.1448267.1	99.187	123	1	0	7247	7369	1	123	2.74e-55	222
CFAV-Cairns_Australia_2014	SRA:SRX2878351.1061565.1	99.187	123	1	0	6992	7114	1	123	2.74e-55	222
CFAV-Cairns_Australia_2014	SRA:SRX2878351.419392.1	99.187	123	1	0	2454	2576	1	123	2.74e-55	222
CFAV-Cairns_Australia_2014	SRA:SRX2878351.1371009.2	100.000	119	0	0	10443	10561	2	120	9.84e-55	220
CFAV-Cairns_Australia_2014	SRA:SRX2878351.1061565.2	99.180	122	1	0	6992	7113	123	2	9.84e-55	220
CFAV-Cairns_Australia_2014	SRA:SRX2878351.816625.2	98.400	125	2	0	721	845	125	1	9.84e-55	220
CFAV-Cairns_Australia_2014	SRA:SRX2878351.816625.1	99.180	122	1	0	718	839	1	122	9.84e-55	220
CFAV-Cairns_Australia_2014	SRA:SRX2878351.264914.1	100.000	119	0	0	10462	10580	1	119	9.84e-55	220
CFAV-Cairns_Australia_2014	SRA:SRX2878351.1371009.1	100.000	118	0	0	10443	10560	118	1	3.54e-54	219
CFAV-Cairns_Australia_2014	SRA:SRX2878351.1298882.1	100.000	118	0	0	10443	10560	118	1	3.54e-54	219
CFAV-Cairns_Australia_2014	SRA:SRX2878351.419392.2	98.387	124	2	0	2486	2609	125	2	3.54e-54	219
CFAV-Cairns_Australia_2014	SRA:SRX2878351.162863.1	98.387	124	2	0	7897	8020	125	2	3.54e-54	219
CFAV-Cairns_Australia_2014	SRA:SRX2878351.923879.1	98.374	123	2	0	8439	8561	125	3	1.27e-53	217
CFAV-Cairns_Australia_2014	SRA:SRX2878351.1298882.2	100.000	116	0	0	10446	10561	2	117	4.58e-53	215
CFAV-Cairns_Australia_2014	SRA:SRX2878351.1230196.1	97.600	125	3	0	7750	7874	1	125	4.58e-53	215
CFAV-Cairns_Australia_2014	SRA:SRX2878351.1082550.1	97.600	125	3	0	8194	8318	1	125	4.58e-53	215
CFAV-Cairns_Australia_2014	SRA:SRX2878351.921443.1	97.600	125	3	0	7755	7879	1	125	4.58e-53	215
CFAV-Cairns_Australia_2014	SRA:SRX2878351.162863.2	97.600	125	3	0	7877	8001	1	125	4.58e-53	215
CFAV-Cairns_Australia_2014	SRA:SRX2878351.1402564.1	100.000	115	0	0	7045	7159	1	115	1.65e-52	213
CFAV-Cairns_Australia_2014	SRA:SRX2878351.1230196.2	97.581	124	3	0	7759	7882	125	2	1.65e-52	213
CFAV-Cairns_Australia_2014	SRA:SRX2878351.923879.2	97.581	124	3	0	8431	8554	2	125	1.65e-52	213
CFAV-Cairns_Australia_2014	SRA:SRX2878351.921443.2	97.581	124	3	0	7759	7882	125	2	1.65e-52	213
CFAV-Cairns_Australia_2014	SRA:SRX2878351.680322.2	97.581	124	3	0	7889	8012	125	2	1.65e-52	213
CFAV-Cairns_Australia_2014	SRA:SRX2878351.680322.1	97.581	124	3	0	7879	8002	1	124	1.65e-52	213
CFAV-Cairns_Australia_2014	SRA:SRX2878351.353019.1	97.581	124	3	0	2766	2889	124	1	1.65e-52	213
CFAV-Cairns_Australia_2014	SRA:SRX2878351.1402564.2	100.000	114	0	0	7045	7158	115	2	5.92e-52	211
CFAV-Cairns_Australia_2014	SRA:SRX2878351.1006953.1	97.561	123	3	0	9368	9490	1	123	5.92e-52	211
CFAV-Cairns_Australia_2014	SRA:SRX2878351.681623.2	97.561	123	3	0	951	1073	125	3	5.92e-52	211
CFAV-Cairns_Australia_2014	SRA:SRX2878351.227602.1	97.561	123	3	0	6796	6918	123	1	5.92e-52	211
CFAV-Cairns_Australia_2014	SRA:SRX2878351.1082550.2	97.541	122	3	0	8207	8328	125	4	2.13e-51	209
CFAV-Cairns_Australia_2014	SRA:SRX2878351.1022348.2	97.541	122	3	0	2638	2759	2	123	2.13e-51	209
CFAV-Cairns_Australia_2014	SRA:SRX2878351.915115.2	96.800	125	4	0	3034	3158	125	1	2.13e-51	209
CFAV-Cairns_Australia_2014	SRA:SRX2878351.915115.1	96.800	125	4	0	3028	3152	1	125	2.13e-51	209
CFAV-Cairns_Australia_2014	SRA:SRX2878351.681623.1	96.800	125	4	0	943	1067	1	125	2.13e-51	209
CFAV-Cairns_Australia_2014	SRA:SRX2878351.512675.2	96.800	125	4	0	3377	3501	1	125	2.13e-51	209
CFAV-Cairns_Australia_2014	SRA:SRX2878351.468948.1	96.800	125	4	0	5986	6110	1	125	2.13e-51	209
CFAV-Cairns_Australia_2014	SRA:SRX2878351.465377.2	97.541	122	3	0	121	242	123	2	2.13e-51	209
CFAV-Cairns_Australia_2014	SRA:SRX2878351.426793.1	96.800	125	4	0	3229	3353	1	125	2.13e-51	209
CFAV-Cairns_Australia_2014	SRA:SRX2878351.82820.2	96.800	125	4	0	10036	10160	1	125	2.13e-51	209
CFAV-Cairns_Australia_2014	SRA:SRX2878351.772286.2	96.774	124	4	0	1588	1711	2	125	7.66e-51	207
CFAV-Cairns_Australia_2014	SRA:SRX2878351.468948.2	96.774	124	4	0	6031	6154	125	2	7.66e-51	207
CFAV-Cairns_Australia_2014	SRA:SRX2878351.459505.1	96.774	124	4	0	10033	10156	2	125	7.66e-51	207
CFAV-Cairns_Australia_2014	SRA:SRX2878351.426793.2	96.774	124	4	0	3231	3354	125	2	7.66e-51	207
CFAV-Cairns_Australia_2014	SRA:SRX2878351.227602.2	96.774	124	4	0	6690	6813	2	125	7.66e-51	207
CFAV-Cairns_Australia_2014	SRA:SRX2878351.1006953.2	97.500	120	3	0	9368	9487	121	2	2.76e-50	206
CFAV-Cairns_Australia_2014	SRA:SRX2878351.989784.2	96.721	122	4	0	4282	4403	125	4	9.91e-50	204
CFAV-Cairns_Australia_2014	SRA:SRX2878351.591541.2	96.000	125	5	0	200	324	1	125	9.91e-50	204
CFAV-Cairns_Australia_2014	SRA:SRX2878351.578625.1	96.000	125	5	0	8153	8277	1	125	9.91e-50	204
CFAV-Cairns_Australia_2014	SRA:SRX2878351.465377.1	96.000	125	5	0	85	209	1	125	9.91e-50	204
CFAV-Cairns_Australia_2014	SRA:SRX2878351.353019.2	96.000	125	5	0	2748	2872	1	125	9.91e-50	204
CFAV-Cairns_Australia_2014	SRA:SRX2878351.278223.2	96.721	122	4	0	6025	6146	122	1	9.91e-50	204
CFAV-Cairns_Australia_2014	SRA:SRX2878351.82820.1	96.000	125	5	0	10042	10166	125	1	9.91e-50	204
CFAV-Cairns_Australia_2014	SRA:SRX2878351.1004455.1	97.479	119	2	1	5791	5909	3	120	3.57e-49	202
CFAV-Cairns_Australia_2014	SRA:SRX2878351.578625.2	96.694	121	4	0	8158	8278	122	2	3.57e-49	202
CFAV-Cairns_Australia_2014	SRA:SRX2878351.459505.2	95.968	124	5	0	10055	10178	125	2	3.57e-49	202
CFAV-Cairns_Australia_2014	SRA:SRX2878351.1323504.2	100.000	108	0	0	7050	7157	109	2	1.28e-48	200
CFAV-Cairns_Australia_2014	SRA:SRX2878351.1032145.2	96.694	121	3	1	3411	3530	2	122	1.28e-48	200
CFAV-Cairns_Australia_2014	SRA:SRX2878351.1032145.1	97.436	117	3	0	3411	3527	117	1	1.28e-48	200
CFAV-Cairns_Australia_2014	SRA:SRX2878351.1004455.2	99.099	111	1	0	5791	5901	112	2	1.28e-48	200
CFAV-Cairns_Australia_2014	SRA:SRX2878351.512675.1	95.935	123	5	0	3393	3515	124	2	1.28e-48	200
CFAV-Cairns_Australia_2014	SRA:SRX2878351.214560.2	96.667	120	4	0	4324	4443	120	1	1.28e-48	200
CFAV-Cairns_Australia_2014	SRA:SRX2878351.214560.1	97.436	117	3	0	4324	4440	1	117	1.28e-48	200
CFAV-Cairns_Australia_2014	SRA:SRX2878351.1323504.1	100.000	107	0	0	7051	7157	1	107	4.61e-48	198
CFAV-Cairns_Australia_2014	SRA:SRX2878351.989784.1	95.200	125	6	0	4243	4367	1	125	4.61e-48	198
CFAV-Cairns_Australia_2014	SRA:SRX2878351.772286.1	95.200	125	6	0	1645	1769	125	1	4.61e-48	198
CFAV-Cairns_Australia_2014	SRA:SRX2878351.591541.1	95.902	122	5	0	322	443	125	4	4.61e-48	198
CFAV-Cairns_Australia_2014	SRA:SRX2878351.278223.1	95.200	125	6	0	5985	6109	1	125	4.61e-48	198
CFAV-Cairns_Australia_2014	SRA:SRX2878351.227858.1	95.200	125	6	0	4606	4730	125	1	4.61e-48	198
CFAV-Cairns_Australia_2014	SRA:SRX2878351.1000434.2	95.161	124	6	0	4227	4350	2	125	1.66e-47	196
CFAV-Cairns_Australia_2014	SRA:SRX2878351.1000434.1	95.161	124	6	0	4247	4370	125	2	1.66e-47	196
CFAV-Cairns_Australia_2014	SRA:SRX2878351.566644.1	100.000	106	0	0	7276	7381	106	1	1.66e-47	196
CFAV-Cairns_Australia_2014	SRA:SRX2878351.1022348.1	94.400	125	7	0	2684	2808	125	1	2.15e-46	193
CFAV-Cairns_Australia_2014	SRA:SRX2878351.697142.2	95.082	122	6	0	4650	4771	123	2	2.15e-46	193
CFAV-Cairns_Australia_2014	SRA:SRX2878351.697142.1	95.082	122	6	0	4651	4772	1	122	2.15e-46	193
CFAV-Cairns_Australia_2014	SRA:SRX2878351.227858.2	94.400	125	7	0	4572	4696	1	125	2.15e-46	193
CFAV-Cairns_Australia_2014	SRA:SRX2878351.1139588.2	97.321	112	3	0	343	454	113	2	7.72e-46	191
CFAV-Cairns_Australia_2014	SRA:SRX2878351.1139588.1	97.321	112	3	0	343	454	1	112	7.72e-46	191
CFAV-Cairns_Australia_2014	SRA:SRX2878351.729632.2	96.491	114	4	0	9978	10091	2	115	2.78e-45	189
CFAV-Cairns_Australia_2014	SRA:SRX2878351.729632.1	97.297	111	3	0	9981	10091	113	3	2.78e-45	189
CFAV-Cairns_Australia_2014	SRA:SRX2878351.308163.2	96.491	114	4	0	7809	7922	2	115	2.78e-45	189
CFAV-Cairns_Australia_2014	SRA:SRX2878351.84595.2	98.148	108	2	0	169	276	2	109	2.78e-45	189
CFAV-Cairns_Australia_2014	SRA:SRX2878351.909018.2	95.690	116	5	0	5153	5268	1	116	9.98e-45	187
CFAV-Cairns_Australia_2014	SRA:SRX2878351.308163.1	96.460	113	4	0	7809	7921	113	1	9.98e-45	187
CFAV-Cairns_Australia_2014	SRA:SRX2878351.84595.1	98.131	107	2	0	169	275	107	1	9.98e-45	187
CFAV-Cairns_Australia_2014	SRA:SRX2878351.909018.1	95.652	115	5	0	5154	5268	115	1	3.59e-44	185
CFAV-Cairns_Australia_2014	SRA:SRX2878351.1033269.2	98.039	102	2	0	2225	2326	2	103	6.01e-42	178
CFAV-Cairns_Australia_2014	SRA:SRX2878351.1033269.1	98.039	102	2	0	2225	2326	103	2	6.01e-42	178
CFAV-Cairns_Australia_2014	SRA:SRX2878351.566644.2	95.283	106	5	0	7277	7382	3	108	6.01e-42	178
CFAV-Cairns_Australia_2014	SRA:SRX2878351.560438.2	95.370	108	5	0	5159	5266	2	109	2.80e-40	172
CFAV-Cairns_Australia_2014	SRA:SRX2878351.560438.1	95.370	108	5	0	5159	5266	109	2	2.80e-40	172
CFAV-Cairns_Australia_2014	SRA:SRX2878351.460418.1	96.078	102	4	0	4277	4378	102	1	1.30e-38	167
CFAV-Cairns_Australia_2014	SRA:SRX2878351.1435749.1	96.040	101	4	0	4818	4918	101	1	4.68e-38	165
CFAV-Cairns_Australia_2014	SRA:SRX2878351.460418.2	96.040	101	4	0	4278	4378	2	102	4.68e-38	165
CFAV-Cairns_Australia_2014	SRA:SRX2878351.1435749.2	96.000	100	4	0	4819	4918	2	101	1.68e-37	163
CFAV-Cairns_Australia_2014	SRA:SRX2878351.944069.2	96.875	96	3	0	2203	2298	97	2	6.05e-37	161
CFAV-Cairns_Australia_2014	SRA:SRX2878351.944069.1	95.960	99	4	0	2200	2298	3	101	6.05e-37	161
CFAV-Cairns_Australia_2014	SRA:SRX2878351.479215.2	96.809	94	3	0	102	195	95	2	7.83e-36	158
CFAV-Cairns_Australia_2014	SRA:SRX2878351.479215.1	95.876	97	4	0	99	195	1	97	7.83e-36	158
CFAV-Cairns_Australia_2014	SRA:SRX2878351.316731.2	95.000	100	5	0	1011	1110	1	100	7.83e-36	158
CFAV-Cairns_Australia_2014	SRA:SRX2878351.316731.1	94.949	99	5	0	1012	1110	99	1	2.82e-35	156
CFAV-Macapa2_Brazil_2017	SRA:SRX2878351.264914.2	100.000	121	0	0	10462	10582	121	1	7.61e-56	224
CFAV-Macapa2_Brazil_2017	SRA:SRX2878351.1371009.2	100.000	119	0	0	10444	10562	2	120	9.84e-55	220
CFAV-Macapa2_Brazil_2017	SRA:SRX2878351.264914.1	100.000	119	0	0	10463	10581	1	119	9.84e-55	220
CFAV-Macapa2_Brazil_2017	SRA:SRX2878351.1371009.1	100.000	118	0	0	10444	10561	118	1	3.54e-54	219
CFAV-Macapa2_Brazil_2017	SRA:SRX2878351.1298882.1	100.000	118	0	0	10444	10561	118	1	3.54e-54	219
CFAV-Macapa2_Brazil_2017	SRA:SRX2878351.1298882.2	100.000	116	0	0	10447	10562	2	117	4.58e-53	215
CFAV-Macapa2_Brazil_2017	SRA:SRX2878351.426793.1	97.600	125	3	0	3230	3354	1	125	4.58e-53	215
CFAV-Macapa2_Brazil_2017	SRA:SRX2878351.419392.1	97.600	125	3	0	2455	2579	1	125	4.58e-53	215
CFAV-Macapa2_Brazil_2017	SRA:SRX2878351.291204.1	98.361	122	2	0	7015	7136	1	122	4.58e-53	215
CFAV-Macapa2_Brazil_2017	SRA:SRX2878351.923879.2	97.581	124	3	0	8432	8555	2	125	1.65e-52	213
CFAV-Macapa2_Brazil_2017	SRA:SRX2878351.426793.2	97.581	124	3	0	3232	3355	125	2	1.65e-52	213
CFAV-Macapa2_Brazil_2017	SRA:SRX2878351.1061565.1	97.561	123	3	0	6993	7115	1	123	5.92e-52	211
CFAV-Macapa2_Brazil_2017	SRA:SRX2878351.923879.1	97.561	123	3	0	8440	8562	125	3	5.92e-52	211
CFAV-Macapa2_Brazil_2017	SRA:SRX2878351.681623.2	97.561	123	3	0	952	1074	125	3	5.92e-52	211
CFAV-Macapa2_Brazil_2017	SRA:SRX2878351.1061565.2	97.541	122	3	0	6993	7114	123	2	2.13e-51	209
CFAV-Macapa2_Brazil_2017	SRA:SRX2878351.816625.2	96.800	125	4	0	722	846	125	1	2.13e-51	209
CFAV-Macapa2_Brazil_2017	SRA:SRX2878351.816625.1	97.541	122	3	0	719	840	1	122	2.13e-51	209
CFAV-Macapa2_Brazil_2017	SRA:SRX2878351.681623.1	96.800	125	4	0	944	1068	1	125	2.13e-51	209
CFAV-Macapa2_Brazil_2017	SRA:SRX2878351.502592.2	96.800	125	4	0	7092	7216	125	1	2.13e-51	209
CFAV-Macapa2_Brazil_2017	SRA:SRX2878351.1448267.2	96.774	124	4	0	7246	7369	125	2	7.66e-51	207
CFAV-Macapa2_Brazil_2017	SRA:SRX2878351.1006953.1	97.521	121	3	0	9369	9489	1	121	7.66e-51	207
CFAV-Macapa2_Brazil_2017	SRA:SRX2878351.419392.2	96.774	124	4	0	2487	2610	125	2	7.66e-51	207
CFAV-Macapa2_Brazil_2017	SRA:SRX2878351.1448267.1	96.748	123	4	0	7248	7370	1	123	2.76e-50	206
CFAV-Macapa2_Brazil_2017	SRA:SRX2878351.1006953.2	97.500	120	3	0	9369	9488	121	2	2.76e-50	206
CFAV-Macapa2_Brazil_2017	SRA:SRX2878351.214560.2	97.500	120	3	0	4325	4444	120	1	2.76e-50	206
CFAV-Macapa2_Brazil_2017	SRA:SRX2878351.1082550.2	96.721	122	4	0	8208	8329	125	4	9.91e-50	204
CFAV-Macapa2_Brazil_2017	SRA:SRX2878351.1082550.1	96.000	125	5	0	8195	8319	1	125	9.91e-50	204
CFAV-Macapa2_Brazil_2017	SRA:SRX2878351.214560.1	97.479	119	3	0	4325	4443	1	119	9.91e-50	204
CFAV-Macapa2_Brazil_2017	SRA:SRX2878351.502592.1	95.968	124	5	0	7061	7184	1	124	3.57e-49	202
CFAV-Macapa2_Brazil_2017	SRA:SRX2878351.353019.1	95.968	124	5	0	2767	2890	124	1	3.57e-49	202
CFAV-Macapa2_Brazil_2017	SRA:SRX2878351.291204.2	95.968	124	5	0	7076	7199	125	2	3.57e-49	202
CFAV-Macapa2_Brazil_2017	SRA:SRX2878351.729632.2	98.246	114	2	0	9979	10092	2	115	1.28e-48	200
CFAV-Macapa2_Brazil_2017	SRA:SRX2878351.729632.1	99.099	111	1	0	9982	10092	113	3	1.28e-48	200
CFAV-Macapa2_Brazil_2017	SRA:SRX2878351.680322.2	95.935	123	5	0	7891	8013	124	2	1.28e-48	200
CFAV-Macapa2_Brazil_2017	SRA:SRX2878351.353019.2	95.200	125	6	0	2749	2873	1	125	4.61e-48	198
CFAV-Macapa2_Brazil_2017	SRA:SRX2878351.162863.2	95.200	125	6	0	7878	8002	1	125	4.61e-48	198
CFAV-Macapa2_Brazil_2017	SRA:SRX2878351.772286.2	95.161	124	6	0	1589	1712	2	125	1.66e-47	196
CFAV-Macapa2_Brazil_2017	SRA:SRX2878351.680322.1	95.161	124	6	0	7880	8003	1	124	1.66e-47	196
CFAV-Macapa2_Brazil_2017	SRA:SRX2878351.578625.2	95.161	124	6	0	8156	8279	125	2	1.66e-47	196
CFAV-Macapa2_Brazil_2017	SRA:SRX2878351.162863.1	95.161	124	6	0	7898	8021	125	2	1.66e-47	196
CFAV-Macapa2_Brazil_2017	SRA:SRX2878351.512675.2	95.122	123	6	0	3380	3502	3	125	5.97e-47	195
CFAV-Macapa2_Brazil_2017	SRA:SRX2878351.1402564.2	97.345	113	3	0	7046	7158	115	3	2.15e-46	193
CFAV-Macapa2_Brazil_2017	SRA:SRX2878351.1402564.1	97.345	113	3	0	7046	7158	1	113	2.15e-46	193
CFAV-Macapa2_Brazil_2017	SRA:SRX2878351.697142.2	95.082	122	6	0	4651	4772	123	2	2.15e-46	193
CFAV-Macapa2_Brazil_2017	SRA:SRX2878351.697142.1	95.082	122	6	0	4652	4773	1	122	2.15e-46	193
CFAV-Macapa2_Brazil_2017	SRA:SRX2878351.591541.2	94.400	125	7	0	201	325	1	125	2.15e-46	193
CFAV-Macapa2_Brazil_2017	SRA:SRX2878351.459505.1	94.400	125	7	0	10033	10157	1	125	2.15e-46	193
CFAV-Macapa2_Brazil_2017	SRA:SRX2878351.227858.2	94.400	125	7	0	4573	4697	1	125	2.15e-46	193
CFAV-Macapa2_Brazil_2017	SRA:SRX2878351.82820.2	94.400	125	7	0	10037	10161	1	125	2.15e-46	193
CFAV-Macapa2_Brazil_2017	SRA:SRX2878351.1022348.2	94.355	124	7	0	2639	2762	2	125	7.72e-46	191
CFAV-Macapa2_Brazil_2017	SRA:SRX2878351.512675.1	94.309	123	7	0	3394	3516	124	2	2.78e-45	189
CFAV-Macapa2_Brazil_2017	SRA:SRX2878351.227602.1	94.309	123	7	0	6797	6919	123	1	2.78e-45	189
CFAV-Macapa2_Brazil_2017	SRA:SRX2878351.82820.1	94.309	123	7	0	10043	10165	125	3	2.78e-45	189
CFAV-Macapa2_Brazil_2017	SRA:SRX2878351.1230196.1	93.600	125	8	0	7751	7875	1	125	9.98e-45	187
CFAV-Macapa2_Brazil_2017	SRA:SRX2878351.989784.2	96.460	113	4	0	4292	4404	116	4	9.98e-45	187
CFAV-Macapa2_Brazil_2017	SRA:SRX2878351.227858.1	93.651	126	7	1	4607	4732	125	1	9.98e-45	187
CFAV-Macapa2_Brazil_2017	SRA:SRX2878351.1004455.1	94.958	119	5	1	5792	5910	3	120	3.59e-44	185
CFAV-Macapa2_Brazil_2017	SRA:SRX2878351.227602.2	93.548	124	8	0	6691	6814	2	125	3.59e-44	185
CFAV-Macapa2_Brazil_2017	SRA:SRX2878351.1323504.2	97.222	108	3	0	7051	7158	109	2	1.29e-43	183
CFAV-Macapa2_Brazil_2017	SRA:SRX2878351.1323504.1	97.222	108	3	0	7052	7159	1	108	1.29e-43	183
CFAV-Macapa2_Brazil_2017	SRA:SRX2878351.1032145.2	94.215	121	6	1	3412	3531	2	122	1.29e-43	183
CFAV-Macapa2_Brazil_2017	SRA:SRX2878351.1032145.1	94.872	117	6	0	3412	3528	117	1	1.29e-43	183
CFAV-Macapa2_Brazil_2017	SRA:SRX2878351.1004455.2	96.396	111	4	0	5792	5902	112	2	1.29e-43	183
CFAV-Macapa2_Brazil_2017	SRA:SRX2878351.921443.1	92.800	125	9	0	7756	7880	1	125	4.65e-43	182
CFAV-Macapa2_Brazil_2017	SRA:SRX2878351.566644.1	97.196	107	3	0	7276	7382	107	1	4.65e-43	182
CFAV-Macapa2_Brazil_2017	SRA:SRX2878351.1230196.2	92.742	124	9	0	7760	7883	125	2	1.67e-42	180
CFAV-Macapa2_Brazil_2017	SRA:SRX2878351.921443.2	92.742	124	9	0	7760	7883	125	2	1.67e-42	180
CFAV-Macapa2_Brazil_2017	SRA:SRX2878351.459505.2	92.742	124	9	0	10056	10179	125	2	1.67e-42	180
CFAV-Macapa2_Brazil_2017	SRA:SRX2878351.591541.1	92.623	122	9	0	323	444	125	4	2.16e-41	176
CFAV-Macapa2_Brazil_2017	SRA:SRX2878351.468948.1	92.000	125	10	0	5987	6111	1	125	2.16e-41	176
CFAV-Macapa2_Brazil_2017	SRA:SRX2878351.468948.2	91.935	124	10	0	6032	6155	125	2	7.77e-41	174
CFAV-Macapa2_Brazil_2017	SRA:SRX2878351.1139588.2	93.805	113	7	0	343	455	114	2	1.01e-39	171
CFAV-Macapa2_Brazil_2017	SRA:SRX2878351.1139588.1	93.750	112	7	0	344	455	1	112	3.62e-39	169
CFAV-Macapa2_Brazil_2017	SRA:SRX2878351.1033269.2	96.078	102	4	0	2226	2327	2	103	1.30e-38	167
CFAV-Macapa2_Brazil_2017	SRA:SRX2878351.1033269.1	96.078	102	4	0	2226	2327	103	2	1.30e-38	167
CFAV-Macapa2_Brazil_2017	SRA:SRX2878351.308163.2	92.982	114	8	0	7810	7923	2	115	1.30e-38	167
CFAV-Macapa2_Brazil_2017	SRA:SRX2878351.1022348.1	90.400	125	12	0	2685	2809	125	1	4.68e-38	165
CFAV-Macapa2_Brazil_2017	SRA:SRX2878351.1000434.1	90.984	122	11	0	4250	4371	123	2	4.68e-38	165
CFAV-Macapa2_Brazil_2017	SRA:SRX2878351.989784.1	91.057	123	10	1	4246	4368	4	125	4.68e-38	165
CFAV-Macapa2_Brazil_2017	SRA:SRX2878351.308163.1	92.920	113	8	0	7810	7922	113	1	4.68e-38	165
CFAV-Macapa2_Brazil_2017	SRA:SRX2878351.278223.1	90.400	125	12	0	5986	6110	1	125	4.68e-38	165
CFAV-Macapa2_Brazil_2017	SRA:SRX2878351.1000434.2	90.244	123	12	0	4228	4350	2	124	6.05e-37	161
CFAV-Macapa2_Brazil_2017	SRA:SRX2878351.566644.2	92.453	106	8	0	7278	7383	3	108	6.05e-37	161
CFAV-Macapa2_Brazil_2017	SRA:SRX2878351.1435749.1	94.949	99	5	0	4819	4917	101	3	2.82e-35	156
CFAV-Macapa2_Brazil_2017	SRA:SRX2878351.1435749.2	94.898	98	5	0	4820	4917	2	99	1.01e-34	154
CFAV-Macapa2_Brazil_2017	SRA:SRX2878351.316731.2	94.000	100	6	0	1012	1111	1	100	3.64e-34	152
CFAV-Macapa2_Brazil_2017	SRA:SRX2878351.460418.1	93.137	102	7	0	4278	4379	102	1	1.31e-33	150
CFAV-Macapa2_Brazil_2017	SRA:SRX2878351.316731.1	93.939	99	6	0	1013	1111	99	1	1.31e-33	150
CFAV-Macapa2_Brazil_2017	SRA:SRX2878351.460418.2	93.069	101	7	0	4279	4379	2	102	4.71e-33	148
CFAV-Macapa2_Brazil_2017	SRA:SRX2878351.944069.2	93.750	96	6	0	2204	2299	97	2	6.09e-32	145
CFAV-Macapa2_Brazil_2017	SRA:SRX2878351.944069.1	92.929	99	7	0	2201	2299	3	101	6.09e-32	145
CFAV-KC_Cambodia_2015	SRA:SRX2878351.264914.2	100.000	121	0	0	10473	10593	121	1	7.62e-56	224
CFAV-KC_Cambodia_2015	SRA:SRX2878351.923879.1	99.187	123	1	0	8451	8573	125	3	2.74e-55	222
CFAV-KC_Cambodia_2015	SRA:SRX2878351.1371009.2	100.000	119	0	0	10455	10573	2	120	9.86e-55	220
CFAV-KC_Cambodia_2015	SRA:SRX2878351.502592.2	98.400	125	2	0	7103	7227	125	1	9.86e-55	220
CFAV-KC_Cambodia_2015	SRA:SRX2878351.264914.1	100.000	119	0	0	10474	10592	1	119	9.86e-55	220
CFAV-KC_Cambodia_2015	SRA:SRX2878351.1448267.2	98.387	124	2	0	7257	7380	125	2	3.54e-54	219
CFAV-KC_Cambodia_2015	SRA:SRX2878351.1371009.1	100.000	118	0	0	10455	10572	118	1	3.54e-54	219
CFAV-KC_Cambodia_2015	SRA:SRX2878351.1298882.1	100.000	118	0	0	10455	10572	118	1	3.54e-54	219
CFAV-KC_Cambodia_2015	SRA:SRX2878351.923879.2	98.387	124	2	0	8443	8566	2	125	3.54e-54	219
CFAV-KC_Cambodia_2015	SRA:SRX2878351.502592.1	98.387	124	2	0	7072	7195	1	124	3.54e-54	219
CFAV-KC_Cambodia_2015	SRA:SRX2878351.353019.1	98.387	124	2	0	2778	2901	124	1	3.54e-54	219
CFAV-KC_Cambodia_2015	SRA:SRX2878351.291204.2	98.387	124	2	0	7087	7210	125	2	3.54e-54	219
CFAV-KC_Cambodia_2015	SRA:SRX2878351.1448267.1	98.374	123	2	0	7259	7381	1	123	1.27e-53	217
CFAV-KC_Cambodia_2015	SRA:SRX2878351.1298882.2	100.000	116	0	0	10458	10573	2	117	4.59e-53	215
CFAV-KC_Cambodia_2015	SRA:SRX2878351.426793.1	97.600	125	3	0	3241	3365	1	125	4.59e-53	215
CFAV-KC_Cambodia_2015	SRA:SRX2878351.353019.2	97.581	124	3	0	2761	2884	2	125	1.65e-52	213
CFAV-KC_Cambodia_2015	SRA:SRX2878351.426793.2	97.561	123	3	0	3243	3365	125	3	5.93e-52	211
CFAV-KC_Cambodia_2015	SRA:SRX2878351.291204.1	98.333	120	2	0	7028	7147	3	122	5.93e-52	211
CFAV-KC_Cambodia_2015	SRA:SRX2878351.227602.1	96.774	124	4	0	6807	6930	124	1	7.67e-51	207
CFAV-KC_Cambodia_2015	SRA:SRX2878351.1061565.1	96.748	123	4	0	7004	7126	1	123	2.76e-50	206
CFAV-KC_Cambodia_2015	SRA:SRX2878351.681623.2	96.748	123	4	0	963	1085	125	3	2.76e-50	206
CFAV-KC_Cambodia_2015	SRA:SRX2878351.1061565.2	96.721	122	4	0	7004	7125	123	2	9.93e-50	204
CFAV-KC_Cambodia_2015	SRA:SRX2878351.681623.1	96.000	125	5	0	955	1079	1	125	9.93e-50	204
CFAV-KC_Cambodia_2015	SRA:SRX2878351.1402564.1	98.261	115	2	0	7057	7171	1	115	3.57e-49	202
CFAV-KC_Cambodia_2015	SRA:SRX2878351.1402564.2	98.246	114	2	0	7057	7170	115	2	1.28e-48	200
CFAV-KC_Cambodia_2015	SRA:SRX2878351.591541.2	95.200	125	6	0	212	336	1	125	4.62e-48	198
CFAV-KC_Cambodia_2015	SRA:SRX2878351.227858.1	95.200	125	6	0	4618	4742	125	1	4.62e-48	198
CFAV-KC_Cambodia_2015	SRA:SRX2878351.1006953.1	95.868	121	5	0	9380	9500	1	121	1.66e-47	196
CFAV-KC_Cambodia_2015	SRA:SRX2878351.227602.2	95.161	124	6	0	6702	6825	2	125	1.66e-47	196
CFAV-KC_Cambodia_2015	SRA:SRX2878351.1006953.2	95.833	120	5	0	9380	9499	121	2	5.97e-47	195
CFAV-KC_Cambodia_2015	SRA:SRX2878351.461821.2	95.122	123	6	0	4887	5009	1	123	5.97e-47	195
CFAV-KC_Cambodia_2015	SRA:SRX2878351.1230196.1	94.400	125	7	0	7762	7886	1	125	2.15e-46	193
CFAV-KC_Cambodia_2015	SRA:SRX2878351.921443.1	94.400	125	7	0	7767	7891	1	125	2.15e-46	193
CFAV-KC_Cambodia_2015	SRA:SRX2878351.697142.2	95.082	122	6	0	4662	4783	123	2	2.15e-46	193
CFAV-KC_Cambodia_2015	SRA:SRX2878351.697142.1	95.082	122	6	0	4663	4784	1	122	2.15e-46	193
CFAV-KC_Cambodia_2015	SRA:SRX2878351.512675.2	94.400	125	7	0	3389	3513	1	125	2.15e-46	193
CFAV-KC_Cambodia_2015	SRA:SRX2878351.1230196.2	94.355	124	7	0	7771	7894	125	2	7.73e-46	191
CFAV-KC_Cambodia_2015	SRA:SRX2878351.921443.2	94.355	124	7	0	7771	7894	125	2	7.73e-46	191
CFAV-KC_Cambodia_2015	SRA:SRX2878351.566644.1	99.057	106	1	0	7288	7393	106	1	7.73e-46	191
CFAV-KC_Cambodia_2015	SRA:SRX2878351.1323504.2	98.148	108	2	0	7062	7169	109	2	2.78e-45	189
CFAV-KC_Cambodia_2015	SRA:SRX2878351.419392.1	94.309	123	7	0	2466	2588	1	123	2.78e-45	189
CFAV-KC_Cambodia_2015	SRA:SRX2878351.1323504.1	98.131	107	2	0	7063	7169	1	107	1.00e-44	187
CFAV-KC_Cambodia_2015	SRA:SRX2878351.1082550.2	94.262	122	7	0	8219	8340	125	4	1.00e-44	187
CFAV-KC_Cambodia_2015	SRA:SRX2878351.1082550.1	94.262	122	7	0	8206	8327	1	122	1.00e-44	187
CFAV-KC_Cambodia_2015	SRA:SRX2878351.591541.1	94.262	122	7	0	334	455	125	4	1.00e-44	187
CFAV-KC_Cambodia_2015	SRA:SRX2878351.468948.1	93.600	125	8	0	5998	6122	1	125	1.00e-44	187
CFAV-KC_Cambodia_2015	SRA:SRX2878351.465377.2	94.262	122	7	0	133	254	123	2	1.00e-44	187
CFAV-KC_Cambodia_2015	SRA:SRX2878351.465377.1	93.600	125	8	0	97	221	1	125	1.00e-44	187
CFAV-KC_Cambodia_2015	SRA:SRX2878351.459505.1	93.600	125	8	0	10044	10168	1	125	1.00e-44	187
CFAV-KC_Cambodia_2015	SRA:SRX2878351.82820.2	93.600	125	8	0	10048	10172	1	125	1.00e-44	187
CFAV-KC_Cambodia_2015	SRA:SRX2878351.82820.1	93.600	125	8	0	10054	10178	125	1	1.00e-44	187
CFAV-KC_Cambodia_2015	SRA:SRX2878351.1139588.2	96.429	112	4	0	355	466	113	2	3.60e-44	185
CFAV-KC_Cambodia_2015	SRA:SRX2878351.1139588.1	96.429	112	4	0	355	466	1	112	3.60e-44	185
CFAV-KC_Cambodia_2015	SRA:SRX2878351.1022348.2	93.548	124	8	0	2650	2773	2	125	3.60e-44	185
CFAV-KC_Cambodia_2015	SRA:SRX2878351.1004455.1	94.958	119	5	1	5803	5921	3	120	3.60e-44	185
CFAV-KC_Cambodia_2015	SRA:SRX2878351.468948.2	93.548	124	8	0	6043	6166	125	2	3.60e-44	185
CFAV-KC_Cambodia_2015	SRA:SRX2878351.1004455.2	96.396	111	4	0	5803	5913	112	2	1.29e-43	183
CFAV-KC_Cambodia_2015	SRA:SRX2878351.729632.2	95.614	114	5	0	9990	10103	2	115	1.29e-43	183
CFAV-KC_Cambodia_2015	SRA:SRX2878351.729632.1	96.396	111	4	0	9993	10103	113	3	1.29e-43	183
CFAV-KC_Cambodia_2015	SRA:SRX2878351.308163.2	95.614	114	5	0	7821	7934	2	115	1.29e-43	183
CFAV-KC_Cambodia_2015	SRA:SRX2878351.84595.2	97.222	108	3	0	181	288	2	109	1.29e-43	183
CFAV-KC_Cambodia_2015	SRA:SRX2878351.1435749.1	99.010	101	1	0	4830	4930	101	1	4.65e-43	182
CFAV-KC_Cambodia_2015	SRA:SRX2878351.578625.1	92.800	125	9	0	8165	8289	1	125	4.65e-43	182
CFAV-KC_Cambodia_2015	SRA:SRX2878351.308163.1	95.575	113	5	0	7821	7933	113	1	4.65e-43	182
CFAV-KC_Cambodia_2015	SRA:SRX2878351.162863.2	92.800	125	9	0	7889	8013	1	125	4.65e-43	182
CFAV-KC_Cambodia_2015	SRA:SRX2878351.84595.1	97.196	107	3	0	181	287	107	1	4.65e-43	182
CFAV-KC_Cambodia_2015	SRA:SRX2878351.1435749.2	99.000	100	1	0	4831	4930	2	101	1.67e-42	180
CFAV-KC_Cambodia_2015	SRA:SRX2878351.680322.1	92.742	124	9	0	7891	8014	1	124	1.67e-42	180
CFAV-KC_Cambodia_2015	SRA:SRX2878351.578625.2	92.742	124	9	0	8167	8290	125	2	1.67e-42	180
CFAV-KC_Cambodia_2015	SRA:SRX2878351.459505.2	92.742	124	9	0	10067	10190	125	2	1.67e-42	180
CFAV-KC_Cambodia_2015	SRA:SRX2878351.1032145.2	94.783	115	5	1	3429	3542	8	122	6.02e-42	178
CFAV-KC_Cambodia_2015	SRA:SRX2878351.1032145.1	95.495	111	5	0	3429	3539	111	1	6.02e-42	178
CFAV-KC_Cambodia_2015	SRA:SRX2878351.512675.1	92.683	123	9	0	3405	3527	124	2	6.02e-42	178
CFAV-KC_Cambodia_2015	SRA:SRX2878351.214560.2	93.333	120	8	0	4336	4455	120	1	6.02e-42	178
CFAV-KC_Cambodia_2015	SRA:SRX2878351.214560.1	94.017	117	7	0	4336	4452	1	117	6.02e-42	178
CFAV-KC_Cambodia_2015	SRA:SRX2878351.1022348.1	92.000	125	10	0	2696	2820	125	1	2.16e-41	176
CFAV-KC_Cambodia_2015	SRA:SRX2878351.989784.2	92.623	122	9	0	4294	4415	125	4	2.16e-41	176
CFAV-KC_Cambodia_2015	SRA:SRX2878351.909018.2	93.913	115	7	0	5165	5279	1	115	7.78e-41	174
CFAV-KC_Cambodia_2015	SRA:SRX2878351.909018.1	93.860	114	7	0	5166	5279	115	2	2.80e-40	172
CFAV-KC_Cambodia_2015	SRA:SRX2878351.566644.2	94.340	106	6	0	7289	7394	3	108	2.80e-40	172
CFAV-KC_Cambodia_2015	SRA:SRX2878351.1033269.2	96.000	100	4	0	2239	2338	4	103	1.68e-37	163
CFAV-KC_Cambodia_2015	SRA:SRX2878351.1033269.1	96.000	100	4	0	2239	2338	101	2	1.68e-37	163
CFAV-KC_Cambodia_2015	SRA:SRX2878351.316731.2	96.000	100	4	0	1023	1122	1	100	1.68e-37	163
CFAV-KC_Cambodia_2015	SRA:SRX2878351.560438.2	93.519	108	7	0	5171	5278	2	109	6.06e-37	161
CFAV-KC_Cambodia_2015	SRA:SRX2878351.560438.1	93.519	108	7	0	5171	5278	109	2	6.06e-37	161
CFAV-KC_Cambodia_2015	SRA:SRX2878351.316731.1	95.960	99	4	0	1024	1122	99	1	6.06e-37	161
CFAV-KC_Cambodia_2015	SRA:SRX2878351.944069.2	95.833	96	4	0	2215	2310	97	2	2.82e-35	156
CFAV-KC_Cambodia_2015	SRA:SRX2878351.944069.1	94.949	99	5	0	2212	2310	3	101	2.82e-35	156
CFAV-KC_Cambodia_2015	SRA:SRX2878351.479215.2	91.489	94	8	0	114	207	95	2	1.71e-27	130
CFAV-KC_Cambodia_2015	SRA:SRX2878351.479215.1	90.722	97	9	0	111	207	1	97	1.71e-27	130
CFAV-Zik_Uganda_2016	SRA:SRX2878351.512675.2	99.200	125	1	0	3389	3513	1	125	2.12e-56	226
CFAV-Zik_Uganda_2016	SRA:SRX2878351.264914.2	100.000	121	0	0	10473	10593	121	1	7.62e-56	224
CFAV-Zik_Uganda_2016	SRA:SRX2878351.1371009.2	100.000	119	0	0	10455	10573	2	120	9.86e-55	220
CFAV-Zik_Uganda_2016	SRA:SRX2878351.1082550.1	98.400	125	2	0	8206	8330	1	125	9.86e-55	220
CFAV-Zik_Uganda_2016	SRA:SRX2878351.264914.1	100.000	119	0	0	10474	10592	1	119	9.86e-55	220
CFAV-Zik_Uganda_2016	SRA:SRX2878351.1448267.2	98.387	124	2	0	7257	7380	125	2	3.54e-54	219
CFAV-Zik_Uganda_2016	SRA:SRX2878351.1371009.1	100.000	118	0	0	10455	10572	118	1	3.54e-54	219
CFAV-Zik_Uganda_2016	SRA:SRX2878351.1298882.1	100.000	118	0	0	10455	10572	118	1	3.54e-54	219
CFAV-Zik_Uganda_2016	SRA:SRX2878351.1448267.1	98.374	123	2	0	7259	7381	1	123	1.27e-53	217
CFAV-Zik_Uganda_2016	SRA:SRX2878351.1298882.2	100.000	116	0	0	10458	10573	2	117	4.59e-53	215
CFAV-Zik_Uganda_2016	SRA:SRX2878351.1082550.2	98.361	122	2	0	8219	8340	125	4	4.59e-53	215
CFAV-Zik_Uganda_2016	SRA:SRX2878351.291204.1	98.361	122	2	0	7026	7147	1	122	4.59e-53	215
CFAV-Zik_Uganda_2016	SRA:SRX2878351.512675.1	97.561	123	3	0	3405	3527	124	2	5.93e-52	211
CFAV-Zik_Uganda_2016	SRA:SRX2878351.915115.2	96.800	125	4	0	3046	3170	125	1	2.13e-51	209
CFAV-Zik_Uganda_2016	SRA:SRX2878351.915115.1	96.800	125	4	0	3040	3164	1	125	2.13e-51	209
CFAV-Zik_Uganda_2016	SRA:SRX2878351.578625.1	96.800	125	4	0	8165	8289	1	125	2.13e-51	209
CFAV-Zik_Uganda_2016	SRA:SRX2878351.502592.2	96.800	125	4	0	7103	7227	125	1	2.13e-51	209
CFAV-Zik_Uganda_2016	SRA:SRX2878351.426793.1	96.800	125	4	0	3241	3365	1	125	2.13e-51	209
CFAV-Zik_Uganda_2016	SRA:SRX2878351.419392.1	96.800	125	4	0	2466	2590	1	125	2.13e-51	209
CFAV-Zik_Uganda_2016	SRA:SRX2878351.578625.2	96.774	124	4	0	8167	8290	125	2	7.67e-51	207
CFAV-Zik_Uganda_2016	SRA:SRX2878351.502592.1	96.774	124	4	0	7072	7195	1	124	7.67e-51	207
CFAV-Zik_Uganda_2016	SRA:SRX2878351.426793.2	96.774	124	4	0	3243	3366	125	2	7.67e-51	207
CFAV-Zik_Uganda_2016	SRA:SRX2878351.353019.1	96.774	124	4	0	2778	2901	124	1	7.67e-51	207
CFAV-Zik_Uganda_2016	SRA:SRX2878351.291204.2	96.774	124	4	0	7087	7210	125	2	7.67e-51	207
CFAV-Zik_Uganda_2016	SRA:SRX2878351.227602.1	96.774	124	4	0	6807	6930	124	1	7.67e-51	207
CFAV-Zik_Uganda_2016	SRA:SRX2878351.1061565.1	96.748	123	4	0	7004	7126	1	123	2.76e-50	206
CFAV-Zik_Uganda_2016	SRA:SRX2878351.1061565.2	96.721	122	4	0	7004	7125	123	2	9.93e-50	204
CFAV-Zik_Uganda_2016	SRA:SRX2878351.468948.1	96.000	125	5	0	5998	6122	1	125	9.93e-50	204
CFAV-Zik_Uganda_2016	SRA:SRX2878351.227858.2	96.000	125	5	0	4584	4708	1	125	9.93e-50	204
CFAV-Zik_Uganda_2016	SRA:SRX2878351.162863.2	96.000	125	5	0	7889	8013	1	125	9.93e-50	204
CFAV-Zik_Uganda_2016	SRA:SRX2878351.923879.2	95.968	124	5	0	8443	8566	2	125	3.57e-49	202
CFAV-Zik_Uganda_2016	SRA:SRX2878351.680322.2	95.968	124	5	0	7901	8024	125	2	3.57e-49	202
CFAV-Zik_Uganda_2016	SRA:SRX2878351.680322.1	95.968	124	5	0	7891	8014	1	124	3.57e-49	202
CFAV-Zik_Uganda_2016	SRA:SRX2878351.468948.2	95.968	124	5	0	6043	6166	125	2	3.57e-49	202
CFAV-Zik_Uganda_2016	SRA:SRX2878351.162863.1	96.694	121	4	0	7912	8032	122	2	3.57e-49	202
CFAV-Zik_Uganda_2016	SRA:SRX2878351.1032145.2	96.694	121	3	1	3423	3542	2	122	1.28e-48	200
CFAV-Zik_Uganda_2016	SRA:SRX2878351.1032145.1	97.436	117	3	0	3423	3539	117	1	1.28e-48	200
CFAV-Zik_Uganda_2016	SRA:SRX2878351.923879.1	95.935	123	5	0	8451	8573	125	3	1.28e-48	200
CFAV-Zik_Uganda_2016	SRA:SRX2878351.353019.2	95.935	123	5	0	2761	2883	2	124	1.28e-48	200
CFAV-Zik_Uganda_2016	SRA:SRX2878351.816625.2	95.200	125	6	0	733	857	125	1	4.62e-48	198
CFAV-Zik_Uganda_2016	SRA:SRX2878351.816625.1	95.902	122	5	0	730	851	1	122	4.62e-48	198
CFAV-Zik_Uganda_2016	SRA:SRX2878351.591541.2	95.200	125	6	0	212	336	1	125	4.62e-48	198
CFAV-Zik_Uganda_2016	SRA:SRX2878351.227858.1	95.238	126	5	1	4618	4743	125	1	4.62e-48	198
CFAV-Zik_Uganda_2016	SRA:SRX2878351.1402564.1	97.391	115	3	0	7057	7171	1	115	1.66e-47	196
CFAV-Zik_Uganda_2016	SRA:SRX2878351.1006953.1	95.868	121	5	0	9380	9500	1	121	1.66e-47	196
CFAV-Zik_Uganda_2016	SRA:SRX2878351.1004455.1	96.639	119	3	1	5803	5921	3	120	1.66e-47	196
CFAV-Zik_Uganda_2016	SRA:SRX2878351.419392.2	96.610	118	4	0	2504	2621	119	2	1.66e-47	196
CFAV-Zik_Uganda_2016	SRA:SRX2878351.1402564.2	97.368	114	3	0	7057	7170	115	2	5.97e-47	195
CFAV-Zik_Uganda_2016	SRA:SRX2878351.1006953.2	95.833	120	5	0	9380	9499	121	2	5.97e-47	195
CFAV-Zik_Uganda_2016	SRA:SRX2878351.1004455.2	98.198	111	2	0	5803	5913	112	2	5.97e-47	195
CFAV-Zik_Uganda_2016	SRA:SRX2878351.729632.2	95.161	124	5	1	9990	10113	2	124	5.97e-47	195
CFAV-Zik_Uganda_2016	SRA:SRX2878351.729632.1	98.198	111	2	0	9993	10103	113	3	5.97e-47	195
CFAV-Zik_Uganda_2016	SRA:SRX2878351.465377.2	95.122	123	6	0	132	254	124	2	5.97e-47	195
CFAV-Zik_Uganda_2016	SRA:SRX2878351.82820.2	95.122	123	6	0	10050	10172	3	125	5.97e-47	195
CFAV-Zik_Uganda_2016	SRA:SRX2878351.921443.1	94.400	125	7	0	7767	7891	1	125	2.15e-46	193
CFAV-Zik_Uganda_2016	SRA:SRX2878351.772286.2	95.082	122	6	0	1600	1721	2	123	2.15e-46	193
CFAV-Zik_Uganda_2016	SRA:SRX2878351.681623.2	95.082	122	6	0	963	1084	125	4	2.15e-46	193
CFAV-Zik_Uganda_2016	SRA:SRX2878351.681623.1	94.400	125	7	0	955	1079	1	125	2.15e-46	193
CFAV-Zik_Uganda_2016	SRA:SRX2878351.591541.1	95.082	122	6	0	334	455	125	4	2.15e-46	193
CFAV-Zik_Uganda_2016	SRA:SRX2878351.459505.1	94.400	125	7	0	10044	10168	1	125	2.15e-46	193
CFAV-Zik_Uganda_2016	SRA:SRX2878351.278223.2	95.082	122	6	0	6037	6158	122	1	2.15e-46	193
CFAV-Zik_Uganda_2016	SRA:SRX2878351.1230196.2	94.355	124	7	0	7771	7894	125	2	7.73e-46	191
CFAV-Zik_Uganda_2016	SRA:SRX2878351.921443.2	94.355	124	7	0	7771	7894	125	2	7.73e-46	191
CFAV-Zik_Uganda_2016	SRA:SRX2878351.227602.2	94.355	124	7	0	6702	6825	2	125	7.73e-46	191
CFAV-Zik_Uganda_2016	SRA:SRX2878351.1230196.1	93.600	125	8	0	7762	7886	1	125	1.00e-44	187
CFAV-Zik_Uganda_2016	SRA:SRX2878351.909018.2	95.690	116	5	0	5165	5280	1	116	1.00e-44	187
CFAV-Zik_Uganda_2016	SRA:SRX2878351.697142.2	94.262	122	7	0	4662	4783	123	2	1.00e-44	187
CFAV-Zik_Uganda_2016	SRA:SRX2878351.697142.1	94.262	122	7	0	4663	4784	1	122	1.00e-44	187
CFAV-Zik_Uganda_2016	SRA:SRX2878351.214560.2	94.958	119	6	0	4335	4453	121	3	1.00e-44	187
CFAV-Zik_Uganda_2016	SRA:SRX2878351.82820.1	93.600	125	8	0	10054	10178	125	1	1.00e-44	187
CFAV-Zik_Uganda_2016	SRA:SRX2878351.909018.1	95.652	115	5	0	5166	5280	115	1	3.60e-44	185
CFAV-Zik_Uganda_2016	SRA:SRX2878351.459505.2	93.548	124	8	0	10067	10190	125	2	3.60e-44	185
CFAV-Zik_Uganda_2016	SRA:SRX2878351.214560.1	94.915	118	6	0	4336	4453	1	118	3.60e-44	185
CFAV-Zik_Uganda_2016	SRA:SRX2878351.1323504.2	97.222	108	3	0	7062	7169	109	2	1.29e-43	183
CFAV-Zik_Uganda_2016	SRA:SRX2878351.1323504.1	97.196	107	3	0	7063	7169	1	107	4.65e-43	182
CFAV-Zik_Uganda_2016	SRA:SRX2878351.566644.1	98.077	104	2	0	7288	7391	106	3	4.65e-43	182
CFAV-Zik_Uganda_2016	SRA:SRX2878351.1033269.2	98.039	102	2	0	2237	2338	2	103	6.02e-42	178
CFAV-Zik_Uganda_2016	SRA:SRX2878351.1033269.1	98.039	102	2	0	2237	2338	103	2	6.02e-42	178
CFAV-Zik_Uganda_2016	SRA:SRX2878351.308163.2	94.737	114	6	0	7821	7934	2	115	6.02e-42	178
CFAV-Zik_Uganda_2016	SRA:SRX2878351.989784.2	93.277	119	8	0	4297	4415	122	4	2.16e-41	176
CFAV-Zik_Uganda_2016	SRA:SRX2878351.308163.1	94.690	113	6	0	7821	7933	113	1	2.16e-41	176
CFAV-Zik_Uganda_2016	SRA:SRX2878351.560438.2	95.370	108	5	0	5171	5278	2	109	2.80e-40	172
CFAV-Zik_Uganda_2016	SRA:SRX2878351.560438.1	95.370	108	5	0	5171	5278	109	2	2.80e-40	172
CFAV-Zik_Uganda_2016	SRA:SRX2878351.1022348.2	91.803	122	10	0	2650	2771	2	123	1.01e-39	171
CFAV-Zik_Uganda_2016	SRA:SRX2878351.989784.1	91.200	125	11	0	4255	4379	1	125	1.01e-39	171
CFAV-Zik_Uganda_2016	SRA:SRX2878351.1139588.2	93.750	112	7	0	355	466	113	2	3.62e-39	169
CFAV-Zik_Uganda_2016	SRA:SRX2878351.1139588.1	93.750	112	7	0	355	466	1	112	3.62e-39	169
CFAV-Zik_Uganda_2016	SRA:SRX2878351.84595.2	95.283	106	5	0	181	286	2	107	3.62e-39	169
CFAV-Zik_Uganda_2016	SRA:SRX2878351.84595.1	95.283	106	5	0	181	286	107	2	3.62e-39	169
CFAV-Zik_Uganda_2016	SRA:SRX2878351.1022348.1	91.057	123	11	0	2698	2820	123	1	1.30e-38	167
CFAV-Zik_Uganda_2016	SRA:SRX2878351.1435749.1	96.040	101	4	0	4830	4930	101	1	4.68e-38	165
CFAV-Zik_Uganda_2016	SRA:SRX2878351.1000434.1	90.400	125	12	0	4259	4383	125	1	4.68e-38	165
CFAV-Zik_Uganda_2016	SRA:SRX2878351.1435749.2	96.000	100	4	0	4831	4930	2	101	1.68e-37	163
CFAV-Zik_Uganda_2016	SRA:SRX2878351.944069.2	96.875	96	3	0	2215	2310	97	2	6.06e-37	161
CFAV-Zik_Uganda_2016	SRA:SRX2878351.944069.1	95.960	99	4	0	2212	2310	3	101	6.06e-37	161
CFAV-Zik_Uganda_2016	SRA:SRX2878351.566644.2	93.204	103	7	0	7289	7391	3	105	6.06e-37	161
CFAV-Zik_Uganda_2016	SRA:SRX2878351.316731.2	93.000	100	7	0	1023	1122	1	100	1.70e-32	147
CFAV-Zik_Uganda_2016	SRA:SRX2878351.479215.2	93.750	96	6	0	111	206	98	3	6.10e-32	145
CFAV-Zik_Uganda_2016	SRA:SRX2878351.479215.1	93.000	100	6	1	111	209	1	100	6.10e-32	145
CFAV-Zik_Uganda_2016	SRA:SRX2878351.316731.1	92.929	99	7	0	1024	1122	99	1	6.10e-32	145
CFAV-Zik_Uganda_2016	SRA:SRX2878351.460418.1	91.176	102	9	0	4289	4390	102	1	2.84e-30	139
CFAV-Zik_Uganda_2016	SRA:SRX2878351.460418.2	91.089	101	9	0	4290	4390	2	102	1.02e-29	137
