CFAV-Bangkok_Thailand_2015	SRA:SRX313448.17401409.1	96.970	33	1	0	4091	4123	33	1	1.99e-05	56.5
CFAV-Bangkok_Thailand_2015	SRA:SRX313448.31991052.1	100.000	29	0	0	8611	8639	1	29	7.17e-05	54.7
CFAV-Bangkok_Thailand_2015	SRA:SRX313448.33141541.1	100.000	28	0	0	7419	7446	1	28	2.58e-04	52.8
CFAV-Bangkok_Thailand_2015	SRA:SRX313448.4898639.1	100.000	28	0	0	3912	3939	28	1	2.58e-04	52.8
CFAV-Bangkok_Thailand_2015	SRA:SRX313448.4876988.1	100.000	28	0	0	7419	7446	1	28	2.58e-04	52.8
NC_001564	SRA:SRX313448.17401409.1	96.970	33	1	0	4098	4130	33	1	2.00e-05	56.5
NC_001564	SRA:SRX313448.31991052.1	100.000	29	0	0	8618	8646	1	29	7.19e-05	54.7
NC_001564	SRA:SRX313448.16874902.1	100.000	29	0	0	8680	8708	1	29	7.19e-05	54.7
NC_001564	SRA:SRX313448.29884185.1	100.000	28	0	0	4025	4052	28	1	2.59e-04	52.8
NC_001564	SRA:SRX313448.9396317.1	100.000	28	0	0	8611	8638	1	28	2.59e-04	52.8
NC_001564	SRA:SRX313448.3588225.1	100.000	28	0	0	4064	4091	28	1	2.59e-04	52.8
CFAV-Cairns_Australia_2014	SRA:SRX313448.33141541.1	100.000	28	0	0	7425	7452	1	28	2.59e-04	52.8
CFAV-Cairns_Australia_2014	SRA:SRX313448.29884185.1	100.000	28	0	0	4024	4051	28	1	2.59e-04	52.8
CFAV-Cairns_Australia_2014	SRA:SRX313448.4876988.1	100.000	28	0	0	7425	7452	1	28	2.59e-04	52.8
CFAV-Cairns_Australia_2014	SRA:SRX313448.3588225.1	100.000	28	0	0	4063	4090	28	1	2.59e-04	52.8
CFAV-Macapa2_Brazil_2017	SRA:SRX313448.30338419.1	100.000	31	0	0	4027	4057	31	1	5.56e-06	58.4
CFAV-Macapa2_Brazil_2017	SRA:SRX313448.16874902.1	100.000	28	0	0	8680	8707	1	28	2.59e-04	52.8
CFAV-KC_Cambodia_2015	SRA:SRX313448.17401409.1	96.970	33	1	0	4109	4141	33	1	2.00e-05	56.5
CFAV-KC_Cambodia_2015	SRA:SRX313448.31991052.1	100.000	29	0	0	8629	8657	1	29	7.20e-05	54.7
CFAV-KC_Cambodia_2015	SRA:SRX313448.29884185.1	100.000	28	0	0	4036	4063	28	1	2.59e-04	52.8
CFAV-KC_Cambodia_2015	SRA:SRX313448.3588225.1	100.000	28	0	0	4075	4102	28	1	2.59e-04	52.8
CFAV-Zik_Uganda_2016	SRA:SRX313448.31991052.1	100.000	29	0	0	8629	8657	1	29	7.20e-05	54.7
CFAV-Zik_Uganda_2016	SRA:SRX313448.2435574.1	100.000	29	0	0	8655	8683	1	29	7.20e-05	54.7
CFAV-Zik_Uganda_2016	SRA:SRX313448.33141541.1	100.000	28	0	0	7437	7464	1	28	2.59e-04	52.8
CFAV-Zik_Uganda_2016	SRA:SRX313448.9396317.1	100.000	28	0	0	8622	8649	1	28	2.59e-04	52.8
CFAV-Zik_Uganda_2016	SRA:SRX313448.4876988.1	100.000	28	0	0	7437	7464	1	28	2.59e-04	52.8
