CFAV-Bangkok_Thailand_2015	SRA:SRX313437.23548791.1	100.000	32	0	0	4025	4056	32	1	1.94e-06	60.2
CFAV-Bangkok_Thailand_2015	SRA:SRX313437.8931994.1	100.000	32	0	0	4025	4056	32	1	1.94e-06	60.2
CFAV-Bangkok_Thailand_2015	SRA:SRX313437.46148640.1	100.000	31	0	0	3924	3954	31	1	6.99e-06	58.4
CFAV-Bangkok_Thailand_2015	SRA:SRX313437.34010647.1	100.000	31	0	0	4020	4050	31	1	6.99e-06	58.4
CFAV-Bangkok_Thailand_2015	SRA:SRX313437.48314483.1	100.000	30	0	0	4095	4124	30	1	2.51e-05	56.5
CFAV-Bangkok_Thailand_2015	SRA:SRX313437.39646109.1	100.000	30	0	0	4088	4117	30	1	2.51e-05	56.5
CFAV-Bangkok_Thailand_2015	SRA:SRX313437.28479722.1	100.000	30	0	0	3925	3954	30	1	2.51e-05	56.5
CFAV-Bangkok_Thailand_2015	SRA:SRX313437.27198363.1	100.000	30	0	0	3962	3991	30	1	2.51e-05	56.5
CFAV-Bangkok_Thailand_2015	SRA:SRX313437.16499134.1	100.000	30	0	0	3925	3954	30	1	2.51e-05	56.5
CFAV-Bangkok_Thailand_2015	SRA:SRX313437.13645019.1	100.000	30	0	0	4153	4182	30	1	2.51e-05	56.5
CFAV-Bangkok_Thailand_2015	SRA:SRX313437.47592927.1	100.000	29	0	0	3909	3937	29	1	9.04e-05	54.7
CFAV-Bangkok_Thailand_2015	SRA:SRX313437.45683685.1	100.000	29	0	0	4154	4182	29	1	9.04e-05	54.7
CFAV-Bangkok_Thailand_2015	SRA:SRX313437.44538573.1	100.000	29	0	0	3963	3991	29	1	9.04e-05	54.7
CFAV-Bangkok_Thailand_2015	SRA:SRX313437.39595426.1	100.000	29	0	0	4154	4182	29	1	9.04e-05	54.7
CFAV-Bangkok_Thailand_2015	SRA:SRX313437.30694923.1	100.000	29	0	0	4022	4050	29	1	9.04e-05	54.7
CFAV-Bangkok_Thailand_2015	SRA:SRX313437.27674075.1	100.000	29	0	0	4089	4117	29	1	9.04e-05	54.7
CFAV-Bangkok_Thailand_2015	SRA:SRX313437.24557694.1	100.000	29	0	0	4154	4182	29	1	9.04e-05	54.7
CFAV-Bangkok_Thailand_2015	SRA:SRX313437.24372186.1	100.000	29	0	0	4154	4182	29	1	9.04e-05	54.7
CFAV-Bangkok_Thailand_2015	SRA:SRX313437.13623900.1	100.000	29	0	0	4022	4050	29	1	9.04e-05	54.7
CFAV-Bangkok_Thailand_2015	SRA:SRX313437.11757536.1	100.000	29	0	0	4154	4182	29	1	9.04e-05	54.7
CFAV-Bangkok_Thailand_2015	SRA:SRX313437.11246825.1	100.000	29	0	0	4154	4182	29	1	9.04e-05	54.7
CFAV-Bangkok_Thailand_2015	SRA:SRX313437.3211472.1	100.000	29	0	0	4154	4182	29	1	9.04e-05	54.7
CFAV-Bangkok_Thailand_2015	SRA:SRX313437.2868326.1	100.000	29	0	0	4022	4050	29	1	9.04e-05	54.7
CFAV-Bangkok_Thailand_2015	SRA:SRX313437.42053625.1	100.000	28	0	0	4155	4182	28	1	3.25e-04	52.8
CFAV-Bangkok_Thailand_2015	SRA:SRX313437.35636674.1	100.000	28	0	0	3912	3939	28	1	3.25e-04	52.8
CFAV-Bangkok_Thailand_2015	SRA:SRX313437.24838782.1	100.000	28	0	0	3922	3949	28	1	3.25e-04	52.8
CFAV-Bangkok_Thailand_2015	SRA:SRX313437.28377618.1	100.000	27	0	0	3917	3943	27	1	0.001	51.0
NC_001564	SRA:SRX313437.7484300.1	100.000	35	0	0	10648	10682	1	35	4.18e-08	65.8
NC_001564	SRA:SRX313437.7437678.1	100.000	33	0	0	4010	4042	33	1	5.41e-07	62.1
NC_001564	SRA:SRX313437.23548791.1	100.000	32	0	0	4032	4063	32	1	1.95e-06	60.2
NC_001564	SRA:SRX313437.8931994.1	100.000	32	0	0	4032	4063	32	1	1.95e-06	60.2
NC_001564	SRA:SRX313437.48314483.1	100.000	30	0	0	4102	4131	30	1	2.52e-05	56.5
NC_001564	SRA:SRX313437.39646109.1	100.000	30	0	0	4095	4124	30	1	2.52e-05	56.5
NC_001564	SRA:SRX313437.34010647.1	100.000	30	0	0	4028	4057	30	1	2.52e-05	56.5
NC_001564	SRA:SRX313437.27198363.1	100.000	30	0	0	3969	3998	30	1	2.52e-05	56.5
NC_001564	SRA:SRX313437.23744630.1	100.000	30	0	0	4064	4093	30	1	2.52e-05	56.5
NC_001564	SRA:SRX313437.13645019.1	100.000	30	0	0	4160	4189	30	1	2.52e-05	56.5
NC_001564	SRA:SRX313437.47137312.1	100.000	29	0	0	6341	6369	29	1	9.06e-05	54.7
NC_001564	SRA:SRX313437.45683685.1	100.000	29	0	0	4161	4189	29	1	9.06e-05	54.7
NC_001564	SRA:SRX313437.44538573.1	100.000	29	0	0	3970	3998	29	1	9.06e-05	54.7
NC_001564	SRA:SRX313437.39595426.1	100.000	29	0	0	4161	4189	29	1	9.06e-05	54.7
NC_001564	SRA:SRX313437.38501296.1	96.875	32	1	0	4001	4032	32	1	9.06e-05	54.7
NC_001564	SRA:SRX313437.31791960.1	100.000	29	0	0	8675	8703	1	29	9.06e-05	54.7
NC_001564	SRA:SRX313437.30694923.1	100.000	29	0	0	4029	4057	29	1	9.06e-05	54.7
NC_001564	SRA:SRX313437.27674075.1	100.000	29	0	0	4096	4124	29	1	9.06e-05	54.7
NC_001564	SRA:SRX313437.24557694.1	100.000	29	0	0	4161	4189	29	1	9.06e-05	54.7
NC_001564	SRA:SRX313437.24372186.1	100.000	29	0	0	4161	4189	29	1	9.06e-05	54.7
NC_001564	SRA:SRX313437.23770187.1	100.000	29	0	0	4009	4037	29	1	9.06e-05	54.7
NC_001564	SRA:SRX313437.22724102.1	96.875	32	1	0	4001	4032	32	1	9.06e-05	54.7
NC_001564	SRA:SRX313437.13623900.1	100.000	29	0	0	4029	4057	29	1	9.06e-05	54.7
NC_001564	SRA:SRX313437.13531218.1	100.000	29	0	0	4009	4037	29	1	9.06e-05	54.7
NC_001564	SRA:SRX313437.11757536.1	100.000	29	0	0	4161	4189	29	1	9.06e-05	54.7
NC_001564	SRA:SRX313437.11246825.1	100.000	29	0	0	4161	4189	29	1	9.06e-05	54.7
NC_001564	SRA:SRX313437.9968727.1	100.000	29	0	0	4009	4037	29	1	9.06e-05	54.7
NC_001564	SRA:SRX313437.3211472.1	100.000	29	0	0	4161	4189	29	1	9.06e-05	54.7
NC_001564	SRA:SRX313437.2868326.1	100.000	29	0	0	4029	4057	29	1	9.06e-05	54.7
NC_001564	SRA:SRX313437.42053625.1	100.000	28	0	0	4162	4189	28	1	3.26e-04	52.8
NC_001564	SRA:SRX313437.26919129.1	100.000	28	0	0	4014	4041	28	1	3.26e-04	52.8
CFAV-Cairns_Australia_2014	SRA:SRX313437.7484300.1	100.000	35	0	0	10647	10681	1	35	4.18e-08	65.8
CFAV-Cairns_Australia_2014	SRA:SRX313437.7437678.1	100.000	33	0	0	4009	4041	33	1	5.41e-07	62.1
CFAV-Cairns_Australia_2014	SRA:SRX313437.23548791.1	100.000	32	0	0	4031	4062	32	1	1.95e-06	60.2
CFAV-Cairns_Australia_2014	SRA:SRX313437.8931994.1	100.000	32	0	0	4031	4062	32	1	1.95e-06	60.2
CFAV-Cairns_Australia_2014	SRA:SRX313437.34010647.1	100.000	30	0	0	4027	4056	30	1	2.52e-05	56.5
CFAV-Cairns_Australia_2014	SRA:SRX313437.23744630.1	100.000	30	0	0	4063	4092	30	1	2.52e-05	56.5
CFAV-Cairns_Australia_2014	SRA:SRX313437.13645019.1	100.000	30	0	0	4159	4188	30	1	2.52e-05	56.5
CFAV-Cairns_Australia_2014	SRA:SRX313437.47137312.1	100.000	29	0	0	6340	6368	29	1	9.06e-05	54.7
CFAV-Cairns_Australia_2014	SRA:SRX313437.45683685.1	100.000	29	0	0	4160	4188	29	1	9.06e-05	54.7
CFAV-Cairns_Australia_2014	SRA:SRX313437.44538573.1	100.000	29	0	0	3969	3997	29	1	9.06e-05	54.7
CFAV-Cairns_Australia_2014	SRA:SRX313437.39595426.1	100.000	29	0	0	4160	4188	29	1	9.06e-05	54.7
CFAV-Cairns_Australia_2014	SRA:SRX313437.38501296.1	96.875	32	1	0	4000	4031	32	1	9.06e-05	54.7
CFAV-Cairns_Australia_2014	SRA:SRX313437.30694923.1	100.000	29	0	0	4028	4056	29	1	9.06e-05	54.7
CFAV-Cairns_Australia_2014	SRA:SRX313437.27198363.1	100.000	29	0	0	3969	3997	29	1	9.06e-05	54.7
CFAV-Cairns_Australia_2014	SRA:SRX313437.24557694.1	100.000	29	0	0	4160	4188	29	1	9.06e-05	54.7
CFAV-Cairns_Australia_2014	SRA:SRX313437.24372186.1	100.000	29	0	0	4160	4188	29	1	9.06e-05	54.7
CFAV-Cairns_Australia_2014	SRA:SRX313437.23770187.1	100.000	29	0	0	4008	4036	29	1	9.06e-05	54.7
CFAV-Cairns_Australia_2014	SRA:SRX313437.22724102.1	96.875	32	1	0	4000	4031	32	1	9.06e-05	54.7
CFAV-Cairns_Australia_2014	SRA:SRX313437.13623900.1	100.000	29	0	0	4028	4056	29	1	9.06e-05	54.7
CFAV-Cairns_Australia_2014	SRA:SRX313437.13531218.1	100.000	29	0	0	4008	4036	29	1	9.06e-05	54.7
CFAV-Cairns_Australia_2014	SRA:SRX313437.11757536.1	100.000	29	0	0	4160	4188	29	1	9.06e-05	54.7
CFAV-Cairns_Australia_2014	SRA:SRX313437.11246825.1	100.000	29	0	0	4160	4188	29	1	9.06e-05	54.7
CFAV-Cairns_Australia_2014	SRA:SRX313437.9968727.1	100.000	29	0	0	4008	4036	29	1	9.06e-05	54.7
CFAV-Cairns_Australia_2014	SRA:SRX313437.3211472.1	100.000	29	0	0	4160	4188	29	1	9.06e-05	54.7
CFAV-Cairns_Australia_2014	SRA:SRX313437.2868326.1	100.000	29	0	0	4028	4056	29	1	9.06e-05	54.7
CFAV-Cairns_Australia_2014	SRA:SRX313437.42053625.1	100.000	28	0	0	4161	4188	28	1	3.26e-04	52.8
CFAV-Cairns_Australia_2014	SRA:SRX313437.26919129.1	100.000	28	0	0	4013	4040	28	1	3.26e-04	52.8
CFAV-Macapa2_Brazil_2017	SRA:SRX313437.7484300.1	100.000	34	0	0	10648	10681	1	34	1.51e-07	63.9
CFAV-Macapa2_Brazil_2017	SRA:SRX313437.44212908.1	100.000	31	0	0	4201	4231	31	1	7.00e-06	58.4
CFAV-Macapa2_Brazil_2017	SRA:SRX313437.23548791.1	97.059	34	0	1	4030	4063	33	1	2.52e-05	56.5
CFAV-Macapa2_Brazil_2017	SRA:SRX313437.8931994.1	97.059	34	0	1	4030	4063	33	1	2.52e-05	56.5
CFAV-Macapa2_Brazil_2017	SRA:SRX313437.44538573.1	100.000	29	0	0	3970	3998	29	1	9.06e-05	54.7
CFAV-Macapa2_Brazil_2017	SRA:SRX313437.29781200.1	100.000	29	0	0	4201	4229	29	1	9.06e-05	54.7
CFAV-Macapa2_Brazil_2017	SRA:SRX313437.27198363.1	100.000	29	0	0	3970	3998	29	1	9.06e-05	54.7
CFAV-Macapa2_Brazil_2017	SRA:SRX313437.26301892.1	100.000	29	0	0	4201	4229	29	1	9.06e-05	54.7
CFAV-KC_Cambodia_2015	SRA:SRX313437.7484300.1	100.000	35	0	0	10659	10693	1	35	4.19e-08	65.8
CFAV-KC_Cambodia_2015	SRA:SRX313437.7437678.1	100.000	33	0	0	4021	4053	33	1	5.42e-07	62.1
CFAV-KC_Cambodia_2015	SRA:SRX313437.23548791.1	100.000	32	0	0	4043	4074	32	1	1.95e-06	60.2
CFAV-KC_Cambodia_2015	SRA:SRX313437.8931994.1	100.000	32	0	0	4043	4074	32	1	1.95e-06	60.2
CFAV-KC_Cambodia_2015	SRA:SRX313437.46148640.1	100.000	31	0	0	3942	3972	31	1	7.01e-06	58.4
CFAV-KC_Cambodia_2015	SRA:SRX313437.48314483.1	100.000	30	0	0	4113	4142	30	1	2.52e-05	56.5
CFAV-KC_Cambodia_2015	SRA:SRX313437.39646109.1	100.000	30	0	0	4106	4135	30	1	2.52e-05	56.5
CFAV-KC_Cambodia_2015	SRA:SRX313437.34010647.1	100.000	30	0	0	4039	4068	30	1	2.52e-05	56.5
CFAV-KC_Cambodia_2015	SRA:SRX313437.28479722.1	100.000	30	0	0	3943	3972	30	1	2.52e-05	56.5
CFAV-KC_Cambodia_2015	SRA:SRX313437.23744630.1	100.000	30	0	0	4075	4104	30	1	2.52e-05	56.5
CFAV-KC_Cambodia_2015	SRA:SRX313437.22689533.1	100.000	30	0	0	4136	4165	30	1	2.52e-05	56.5
CFAV-KC_Cambodia_2015	SRA:SRX313437.16499134.1	100.000	30	0	0	3943	3972	30	1	2.52e-05	56.5
CFAV-KC_Cambodia_2015	SRA:SRX313437.13645019.1	100.000	30	0	0	4171	4200	30	1	2.52e-05	56.5
CFAV-KC_Cambodia_2015	SRA:SRX313437.45683685.1	100.000	29	0	0	4172	4200	29	1	9.07e-05	54.7
CFAV-KC_Cambodia_2015	SRA:SRX313437.39595426.1	100.000	29	0	0	4172	4200	29	1	9.07e-05	54.7
CFAV-KC_Cambodia_2015	SRA:SRX313437.38501296.1	96.875	32	1	0	4012	4043	32	1	9.07e-05	54.7
CFAV-KC_Cambodia_2015	SRA:SRX313437.30694923.1	100.000	29	0	0	4040	4068	29	1	9.07e-05	54.7
CFAV-KC_Cambodia_2015	SRA:SRX313437.27674075.1	100.000	29	0	0	4107	4135	29	1	9.07e-05	54.7
CFAV-KC_Cambodia_2015	SRA:SRX313437.25404727.1	96.875	32	1	0	3924	3955	32	1	9.07e-05	54.7
CFAV-KC_Cambodia_2015	SRA:SRX313437.24557694.1	100.000	29	0	0	4172	4200	29	1	9.07e-05	54.7
CFAV-KC_Cambodia_2015	SRA:SRX313437.24372186.1	100.000	29	0	0	4172	4200	29	1	9.07e-05	54.7
CFAV-KC_Cambodia_2015	SRA:SRX313437.23770187.1	100.000	29	0	0	4020	4048	29	1	9.07e-05	54.7
CFAV-KC_Cambodia_2015	SRA:SRX313437.22724102.1	96.875	32	1	0	4012	4043	32	1	9.07e-05	54.7
CFAV-KC_Cambodia_2015	SRA:SRX313437.13623900.1	100.000	29	0	0	4040	4068	29	1	9.07e-05	54.7
CFAV-KC_Cambodia_2015	SRA:SRX313437.13531218.1	100.000	29	0	0	4020	4048	29	1	9.07e-05	54.7
CFAV-KC_Cambodia_2015	SRA:SRX313437.11757536.1	100.000	29	0	0	4172	4200	29	1	9.07e-05	54.7
CFAV-KC_Cambodia_2015	SRA:SRX313437.11246825.1	100.000	29	0	0	4172	4200	29	1	9.07e-05	54.7
CFAV-KC_Cambodia_2015	SRA:SRX313437.9968727.1	100.000	29	0	0	4020	4048	29	1	9.07e-05	54.7
CFAV-KC_Cambodia_2015	SRA:SRX313437.3211472.1	100.000	29	0	0	4172	4200	29	1	9.07e-05	54.7
CFAV-KC_Cambodia_2015	SRA:SRX313437.2868326.1	100.000	29	0	0	4040	4068	29	1	9.07e-05	54.7
CFAV-KC_Cambodia_2015	SRA:SRX313437.42053625.1	100.000	28	0	0	4173	4200	28	1	3.26e-04	52.8
CFAV-KC_Cambodia_2015	SRA:SRX313437.26919129.1	100.000	28	0	0	4025	4052	28	1	3.26e-04	52.8
CFAV-KC_Cambodia_2015	SRA:SRX313437.24838782.1	100.000	28	0	0	3940	3967	28	1	3.26e-04	52.8
CFAV-KC_Cambodia_2015	SRA:SRX313437.28377618.1	100.000	27	0	0	3935	3961	27	1	0.001	51.0
CFAV-Zik_Uganda_2016	SRA:SRX313437.7484300.1	100.000	35	0	0	10659	10693	1	35	4.19e-08	65.8
CFAV-Zik_Uganda_2016	SRA:SRX313437.23548791.1	100.000	32	0	0	4043	4074	32	1	1.95e-06	60.2
CFAV-Zik_Uganda_2016	SRA:SRX313437.8931994.1	100.000	32	0	0	4043	4074	32	1	1.95e-06	60.2
CFAV-Zik_Uganda_2016	SRA:SRX313437.44212908.1	100.000	31	0	0	4212	4242	31	1	7.01e-06	58.4
CFAV-Zik_Uganda_2016	SRA:SRX313437.34010647.1	100.000	31	0	0	4038	4068	31	1	7.01e-06	58.4
CFAV-Zik_Uganda_2016	SRA:SRX313437.37841469.1	100.000	30	0	0	8661	8690	1	30	2.52e-05	56.5
CFAV-Zik_Uganda_2016	SRA:SRX313437.27198363.1	100.000	30	0	0	3980	4009	30	1	2.52e-05	56.5
CFAV-Zik_Uganda_2016	SRA:SRX313437.44538573.1	100.000	29	0	0	3981	4009	29	1	9.07e-05	54.7
CFAV-Zik_Uganda_2016	SRA:SRX313437.30694923.1	100.000	29	0	0	4040	4068	29	1	9.07e-05	54.7
CFAV-Zik_Uganda_2016	SRA:SRX313437.29781200.1	100.000	29	0	0	4212	4240	29	1	9.07e-05	54.7
CFAV-Zik_Uganda_2016	SRA:SRX313437.26301892.1	100.000	29	0	0	4212	4240	29	1	9.07e-05	54.7
CFAV-Zik_Uganda_2016	SRA:SRX313437.13623900.1	100.000	29	0	0	4040	4068	29	1	9.07e-05	54.7
CFAV-Zik_Uganda_2016	SRA:SRX313437.7244252.1	100.000	29	0	0	4218	4246	29	1	9.07e-05	54.7
CFAV-Zik_Uganda_2016	SRA:SRX313437.2868326.1	100.000	29	0	0	4040	4068	29	1	9.07e-05	54.7
CFAV-Zik_Uganda_2016	SRA:SRX313437.31791960.1	100.000	28	0	0	8686	8713	1	28	3.26e-04	52.8
