CFAV-Bangkok_Thailand_2015	SRA:SRX397102.4862256.1	100.000	31	0	0	8609	8639	1	31	1.62e-06	58.4
CFAV-Bangkok_Thailand_2015	SRA:SRX397102.8059611.1	100.000	28	0	0	3922	3949	28	1	7.52e-05	52.8
CFAV-Bangkok_Thailand_2015	SRA:SRX397102.7515286.1	100.000	28	0	0	3582	3609	28	1	7.52e-05	52.8
CFAV-Bangkok_Thailand_2015	SRA:SRX397102.5236104.1	100.000	28	0	0	3922	3949	28	1	7.52e-05	52.8
CFAV-Bangkok_Thailand_2015	SRA:SRX397102.5142065.1	100.000	28	0	0	3955	3982	28	1	7.52e-05	52.8
CFAV-Bangkok_Thailand_2015	SRA:SRX397102.3029085.1	100.000	28	0	0	3582	3609	28	1	7.52e-05	52.8
CFAV-Bangkok_Thailand_2015	SRA:SRX397102.4339525.1	100.000	27	0	0	3588	3614	27	1	2.71e-04	51.0
NC_001564	SRA:SRX397102.4862256.1	100.000	31	0	0	8616	8646	1	31	1.62e-06	58.4
NC_001564	SRA:SRX397102.7515286.1	100.000	28	0	0	3589	3616	28	1	7.54e-05	52.8
NC_001564	SRA:SRX397102.5889949.1	100.000	28	0	0	3801	3828	28	1	7.54e-05	52.8
NC_001564	SRA:SRX397102.5142065.1	100.000	28	0	0	3962	3989	28	1	7.54e-05	52.8
NC_001564	SRA:SRX397102.3029085.1	100.000	28	0	0	3589	3616	28	1	7.54e-05	52.8
NC_001564	SRA:SRX397102.4339525.1	100.000	27	0	0	3595	3621	27	1	2.71e-04	51.0
CFAV-Cairns_Australia_2014	SRA:SRX397102.7515286.1	100.000	28	0	0	3588	3615	28	1	7.54e-05	52.8
CFAV-Cairns_Australia_2014	SRA:SRX397102.5889949.1	100.000	28	0	0	3800	3827	28	1	7.54e-05	52.8
CFAV-Cairns_Australia_2014	SRA:SRX397102.3029085.1	100.000	28	0	0	3588	3615	28	1	7.54e-05	52.8
CFAV-Cairns_Australia_2014	SRA:SRX397102.4339525.1	100.000	27	0	0	3594	3620	27	1	2.71e-04	51.0
CFAV-Macapa2_Brazil_2017	SRA:SRX397102.7515286.1	100.000	28	0	0	3589	3616	28	1	7.54e-05	52.8
CFAV-Macapa2_Brazil_2017	SRA:SRX397102.5889949.1	100.000	28	0	0	3801	3828	28	1	7.54e-05	52.8
CFAV-Macapa2_Brazil_2017	SRA:SRX397102.4862256.1	100.000	28	0	0	8617	8644	2	29	7.54e-05	52.8
CFAV-Macapa2_Brazil_2017	SRA:SRX397102.3029085.1	100.000	28	0	0	3589	3616	28	1	7.54e-05	52.8
CFAV-Macapa2_Brazil_2017	SRA:SRX397102.4339525.1	100.000	27	0	0	3595	3621	27	1	2.71e-04	51.0
CFAV-KC_Cambodia_2015	SRA:SRX397102.4862256.1	100.000	31	0	0	8627	8657	1	31	1.62e-06	58.4
CFAV-KC_Cambodia_2015	SRA:SRX397102.8059611.1	100.000	28	0	0	3940	3967	28	1	7.55e-05	52.8
CFAV-KC_Cambodia_2015	SRA:SRX397102.7515286.1	100.000	28	0	0	3600	3627	28	1	7.55e-05	52.8
CFAV-KC_Cambodia_2015	SRA:SRX397102.5236104.1	100.000	28	0	0	3940	3967	28	1	7.55e-05	52.8
CFAV-KC_Cambodia_2015	SRA:SRX397102.3029085.1	100.000	28	0	0	3600	3627	28	1	7.55e-05	52.8
CFAV-KC_Cambodia_2015	SRA:SRX397102.4339525.1	100.000	27	0	0	3606	3632	27	1	2.71e-04	51.0
CFAV-Zik_Uganda_2016	SRA:SRX397102.4862256.1	100.000	31	0	0	8627	8657	1	31	1.62e-06	58.4
CFAV-Zik_Uganda_2016	SRA:SRX397102.7515286.1	100.000	28	0	0	3600	3627	28	1	7.55e-05	52.8
CFAV-Zik_Uganda_2016	SRA:SRX397102.5142065.1	100.000	28	0	0	3973	4000	28	1	7.55e-05	52.8
CFAV-Zik_Uganda_2016	SRA:SRX397102.3029085.1	100.000	28	0	0	3600	3627	28	1	7.55e-05	52.8
CFAV-Zik_Uganda_2016	SRA:SRX397102.4339525.1	100.000	27	0	0	3606	3632	27	1	2.71e-04	51.0
