CFAV-Bangkok_Thailand_2015	SRA:SRX3852694.16043027.1	99.000	100	1	0	3658	3757	2	101	1.38e-41	180
CFAV-Bangkok_Thailand_2015	SRA:SRX3852694.16654099.2	98.020	101	2	0	3681	3781	1	101	1.78e-40	176
CFAV-Bangkok_Thailand_2015	SRA:SRX3852694.16654099.1	97.030	101	3	0	3702	3802	101	1	8.30e-39	171
CFAV-Bangkok_Thailand_2015	SRA:SRX3852694.16043027.2	97.030	101	3	0	3747	3847	101	1	8.30e-39	171
CFAV-Bangkok_Thailand_2015	SRA:SRX3852694.14399159.2	97.436	78	2	0	3596	3673	78	1	1.09e-27	134
CFAV-Bangkok_Thailand_2015	SRA:SRX3852694.14399159.1	97.403	77	2	0	3597	3673	1	77	3.91e-27	132
NC_001564	SRA:SRX3852694.16043027.2	97.938	97	2	0	3758	3854	97	1	2.99e-38	169
NC_001564	SRA:SRX3852694.16043027.1	96.000	100	4	0	3665	3764	2	101	1.39e-36	163
NC_001564	SRA:SRX3852694.16654099.2	95.050	101	5	0	3688	3788	1	101	1.80e-35	159
NC_001564	SRA:SRX3852694.16654099.1	94.059	101	6	0	3709	3809	101	1	8.37e-34	154
NC_001564	SRA:SRX3852694.14399159.2	97.436	78	2	0	3603	3680	78	1	1.09e-27	134
NC_001564	SRA:SRX3852694.14399159.1	97.403	77	2	0	3604	3680	1	77	3.92e-27	132
CFAV-Cairns_Australia_2014	SRA:SRX3852694.16043027.1	100.000	100	0	0	3664	3763	2	101	2.97e-43	185
CFAV-Cairns_Australia_2014	SRA:SRX3852694.16654099.2	99.010	101	1	0	3687	3787	1	101	3.84e-42	182
CFAV-Cairns_Australia_2014	SRA:SRX3852694.16654099.1	98.020	101	2	0	3708	3808	101	1	1.79e-40	176
CFAV-Cairns_Australia_2014	SRA:SRX3852694.16043027.2	98.020	101	2	0	3753	3853	101	1	1.79e-40	176
CFAV-Cairns_Australia_2014	SRA:SRX3852694.14399159.2	97.436	78	2	0	3602	3679	78	1	1.09e-27	134
CFAV-Cairns_Australia_2014	SRA:SRX3852694.14399159.1	97.403	77	2	0	3603	3679	1	77	3.92e-27	132
CFAV-Macapa2_Brazil_2017	SRA:SRX3852694.16654099.2	99.010	101	1	0	3688	3788	1	101	3.84e-42	182
CFAV-Macapa2_Brazil_2017	SRA:SRX3852694.16654099.1	98.020	101	2	0	3709	3809	101	1	1.79e-40	176
CFAV-Macapa2_Brazil_2017	SRA:SRX3852694.16043027.1	98.020	101	2	0	3664	3764	1	101	1.79e-40	176
CFAV-Macapa2_Brazil_2017	SRA:SRX3852694.16043027.2	97.030	101	3	0	3754	3854	101	1	8.32e-39	171
CFAV-Macapa2_Brazil_2017	SRA:SRX3852694.14399159.2	98.684	76	1	0	3603	3678	78	3	3.03e-28	135
CFAV-Macapa2_Brazil_2017	SRA:SRX3852694.14399159.1	98.667	75	1	0	3604	3678	1	75	1.09e-27	134
CFAV-KC_Cambodia_2015	SRA:SRX3852694.16654099.2	100.000	101	0	0	3699	3799	1	101	8.27e-44	187
CFAV-KC_Cambodia_2015	SRA:SRX3852694.16043027.1	100.000	100	0	0	3676	3775	2	101	2.97e-43	185
CFAV-KC_Cambodia_2015	SRA:SRX3852694.16654099.1	99.010	101	1	0	3720	3820	101	1	3.85e-42	182
CFAV-KC_Cambodia_2015	SRA:SRX3852694.16043027.2	98.020	101	2	0	3765	3865	101	1	1.79e-40	176
CFAV-KC_Cambodia_2015	SRA:SRX3852694.14399159.2	97.436	78	2	0	3614	3691	78	1	1.09e-27	134
CFAV-KC_Cambodia_2015	SRA:SRX3852694.14399159.1	97.403	77	2	0	3615	3691	1	77	3.93e-27	132
CFAV-Zik_Uganda_2016	SRA:SRX3852694.16654099.2	100.000	101	0	0	3699	3799	1	101	8.27e-44	187
CFAV-Zik_Uganda_2016	SRA:SRX3852694.16043027.1	100.000	101	0	0	3675	3775	1	101	8.27e-44	187
CFAV-Zik_Uganda_2016	SRA:SRX3852694.16654099.1	99.010	101	1	0	3720	3820	101	1	3.85e-42	182
CFAV-Zik_Uganda_2016	SRA:SRX3852694.16043027.2	98.020	101	2	0	3765	3865	101	1	1.79e-40	176
CFAV-Zik_Uganda_2016	SRA:SRX3852694.14399159.2	100.000	78	0	0	3614	3691	78	1	5.05e-31	145
CFAV-Zik_Uganda_2016	SRA:SRX3852694.14399159.1	100.000	77	0	0	3615	3691	1	77	1.81e-30	143
