CFAV-Bangkok_Thailand_2015	SRA:SRX3117627.24290423.1	98.734	79	1	0	3663	3741	1	79	1.22e-29	141
CFAV-Bangkok_Thailand_2015	SRA:SRX3117627.12255334.1	97.468	79	2	0	3768	3846	1	79	5.67e-28	135
CFAV-Bangkok_Thailand_2015	SRA:SRX3117627.10681560.2	97.468	79	2	0	3597	3675	79	1	5.67e-28	135
CFAV-Bangkok_Thailand_2015	SRA:SRX3117627.8617936.1	97.468	79	2	0	3691	3769	1	79	5.67e-28	135
CFAV-Bangkok_Thailand_2015	SRA:SRX3117627.2973498.2	97.468	79	2	0	3595	3673	79	1	5.67e-28	135
CFAV-Bangkok_Thailand_2015	SRA:SRX3117627.25532043.1	97.436	78	2	0	3764	3841	1	78	2.04e-27	134
CFAV-Bangkok_Thailand_2015	SRA:SRX3117627.8617936.2	97.403	77	2	0	3808	3884	77	1	7.33e-27	132
CFAV-Bangkok_Thailand_2015	SRA:SRX3117627.24290423.2	96.203	79	3	0	3804	3882	79	1	2.64e-26	130
CFAV-Bangkok_Thailand_2015	SRA:SRX3117627.46586298.1	96.104	77	3	0	3792	3868	1	77	3.41e-25	126
CFAV-Bangkok_Thailand_2015	SRA:SRX3117627.26402118.2	96.875	64	2	0	3578	3641	64	1	1.24e-19	108
CFAV-Bangkok_Thailand_2015	SRA:SRX3117627.10139061.2	98.361	61	1	0	3578	3638	61	1	1.24e-19	108
NC_001564	SRA:SRX3117627.24290423.2	100.000	79	0	0	3811	3889	79	1	2.62e-31	147
NC_001564	SRA:SRX3117627.8617936.2	100.000	79	0	0	3813	3891	79	1	2.62e-31	147
NC_001564	SRA:SRX3117627.46586298.1	100.000	77	0	0	3799	3875	1	77	3.39e-30	143
NC_001564	SRA:SRX3117627.12255334.1	98.734	79	1	0	3775	3853	1	79	1.22e-29	141
NC_001564	SRA:SRX3117627.25532043.1	98.718	78	1	0	3771	3848	1	78	4.39e-29	139
NC_001564	SRA:SRX3117627.24290423.1	98.684	76	1	0	3670	3745	1	76	5.68e-28	135
NC_001564	SRA:SRX3117627.10681560.2	97.468	79	2	0	3604	3682	79	1	5.68e-28	135
NC_001564	SRA:SRX3117627.2973498.2	97.468	79	2	0	3602	3680	79	1	5.68e-28	135
NC_001564	SRA:SRX3117627.16506514.1	97.403	77	2	0	3762	3838	1	77	7.35e-27	132
NC_001564	SRA:SRX3117627.8617936.1	93.671	79	5	0	3698	3776	1	79	5.72e-23	119
NC_001564	SRA:SRX3117627.26402118.2	96.875	64	2	0	3585	3648	64	1	1.24e-19	108
NC_001564	SRA:SRX3117627.10139061.2	98.361	61	1	0	3585	3645	61	1	1.24e-19	108
CFAV-Cairns_Australia_2014	SRA:SRX3117627.24290423.2	100.000	79	0	0	3810	3888	79	1	2.62e-31	147
CFAV-Cairns_Australia_2014	SRA:SRX3117627.24290423.1	100.000	79	0	0	3669	3747	1	79	2.62e-31	147
CFAV-Cairns_Australia_2014	SRA:SRX3117627.8617936.2	100.000	79	0	0	3812	3890	79	1	2.62e-31	147
CFAV-Cairns_Australia_2014	SRA:SRX3117627.46586298.1	100.000	77	0	0	3798	3874	1	77	3.39e-30	143
CFAV-Cairns_Australia_2014	SRA:SRX3117627.12255334.1	98.734	79	1	0	3774	3852	1	79	1.22e-29	141
CFAV-Cairns_Australia_2014	SRA:SRX3117627.8617936.1	98.734	79	1	0	3697	3775	1	79	1.22e-29	141
CFAV-Cairns_Australia_2014	SRA:SRX3117627.25532043.1	98.718	78	1	0	3770	3847	1	78	4.39e-29	139
CFAV-Cairns_Australia_2014	SRA:SRX3117627.10681560.2	97.468	79	2	0	3603	3681	79	1	5.68e-28	135
CFAV-Cairns_Australia_2014	SRA:SRX3117627.2973498.2	97.468	79	2	0	3601	3679	79	1	5.68e-28	135
CFAV-Cairns_Australia_2014	SRA:SRX3117627.16506514.1	97.403	77	2	0	3761	3837	1	77	7.35e-27	132
CFAV-Cairns_Australia_2014	SRA:SRX3117627.26402118.2	96.875	64	2	0	3584	3647	64	1	1.24e-19	108
CFAV-Cairns_Australia_2014	SRA:SRX3117627.10139061.2	98.361	61	1	0	3584	3644	61	1	1.24e-19	108
CFAV-Cairns_Australia_2014	SRA:SRX3117627.25532043.2	100.000	29	0	0	3886	3914	78	50	0.002	54.7
CFAV-Macapa2_Brazil_2017	SRA:SRX3117627.24290423.1	98.734	79	1	0	3670	3748	1	79	1.22e-29	141
CFAV-Macapa2_Brazil_2017	SRA:SRX3117627.8617936.1	98.734	79	1	0	3698	3776	1	79	1.22e-29	141
CFAV-Macapa2_Brazil_2017	SRA:SRX3117627.46586298.1	98.701	77	1	0	3799	3875	1	77	1.58e-28	137
CFAV-Macapa2_Brazil_2017	SRA:SRX3117627.2973498.2	98.701	77	1	0	3602	3678	79	3	1.58e-28	137
CFAV-Macapa2_Brazil_2017	SRA:SRX3117627.24290423.2	97.468	79	2	0	3811	3889	79	1	5.68e-28	135
CFAV-Macapa2_Brazil_2017	SRA:SRX3117627.12255334.1	97.468	79	2	0	3775	3853	1	79	5.68e-28	135
CFAV-Macapa2_Brazil_2017	SRA:SRX3117627.10681560.2	97.468	79	2	0	3604	3682	79	1	5.68e-28	135
CFAV-Macapa2_Brazil_2017	SRA:SRX3117627.8617936.2	97.468	79	2	0	3813	3891	79	1	5.68e-28	135
CFAV-Macapa2_Brazil_2017	SRA:SRX3117627.25532043.1	97.436	78	2	0	3771	3848	1	78	2.04e-27	134
CFAV-Macapa2_Brazil_2017	SRA:SRX3117627.16506514.1	97.403	77	2	0	3762	3838	1	77	7.35e-27	132
CFAV-Macapa2_Brazil_2017	SRA:SRX3117627.26402118.2	98.438	64	1	0	3585	3648	64	1	2.66e-21	113
CFAV-Macapa2_Brazil_2017	SRA:SRX3117627.10139061.2	98.361	61	1	0	3585	3645	61	1	1.24e-19	108
CFAV-Macapa2_Brazil_2017	SRA:SRX3117627.25532043.2	100.000	29	0	0	3887	3915	78	50	0.002	54.7
CFAV-KC_Cambodia_2015	SRA:SRX3117627.24290423.1	100.000	79	0	0	3681	3759	1	79	2.63e-31	147
CFAV-KC_Cambodia_2015	SRA:SRX3117627.8617936.1	100.000	79	0	0	3709	3787	1	79	2.63e-31	147
CFAV-KC_Cambodia_2015	SRA:SRX3117627.8617936.2	100.000	77	0	0	3826	3902	77	1	3.40e-30	143
CFAV-KC_Cambodia_2015	SRA:SRX3117627.24290423.2	98.734	79	1	0	3822	3900	79	1	1.22e-29	141
CFAV-KC_Cambodia_2015	SRA:SRX3117627.46586298.1	98.701	77	1	0	3810	3886	1	77	1.58e-28	137
CFAV-KC_Cambodia_2015	SRA:SRX3117627.12255334.1	97.468	79	2	0	3786	3864	1	79	5.69e-28	135
CFAV-KC_Cambodia_2015	SRA:SRX3117627.10681560.2	97.468	79	2	0	3615	3693	79	1	5.69e-28	135
CFAV-KC_Cambodia_2015	SRA:SRX3117627.2973498.2	97.468	79	2	0	3613	3691	79	1	5.69e-28	135
CFAV-KC_Cambodia_2015	SRA:SRX3117627.25532043.1	97.436	78	2	0	3782	3859	1	78	2.05e-27	134
CFAV-KC_Cambodia_2015	SRA:SRX3117627.16506514.1	97.403	77	2	0	3773	3849	1	77	7.36e-27	132
CFAV-KC_Cambodia_2015	SRA:SRX3117627.26402118.2	96.875	64	2	0	3596	3659	64	1	1.24e-19	108
CFAV-KC_Cambodia_2015	SRA:SRX3117627.10139061.2	96.721	61	2	0	3596	3656	61	1	5.77e-18	102
CFAV-Zik_Uganda_2016	SRA:SRX3117627.24290423.1	100.000	79	0	0	3681	3759	1	79	2.63e-31	147
CFAV-Zik_Uganda_2016	SRA:SRX3117627.10681560.2	100.000	79	0	0	3615	3693	79	1	2.63e-31	147
CFAV-Zik_Uganda_2016	SRA:SRX3117627.8617936.1	100.000	79	0	0	3709	3787	1	79	2.63e-31	147
CFAV-Zik_Uganda_2016	SRA:SRX3117627.2973498.2	100.000	79	0	0	3613	3691	79	1	2.63e-31	147
CFAV-Zik_Uganda_2016	SRA:SRX3117627.8617936.2	100.000	77	0	0	3826	3902	77	1	3.40e-30	143
CFAV-Zik_Uganda_2016	SRA:SRX3117627.24290423.2	98.734	79	1	0	3822	3900	79	1	1.22e-29	141
CFAV-Zik_Uganda_2016	SRA:SRX3117627.46586298.1	98.701	77	1	0	3810	3886	1	77	1.58e-28	137
CFAV-Zik_Uganda_2016	SRA:SRX3117627.12255334.1	97.468	79	2	0	3786	3864	1	79	5.69e-28	135
CFAV-Zik_Uganda_2016	SRA:SRX3117627.25532043.1	97.436	78	2	0	3782	3859	1	78	2.05e-27	134
CFAV-Zik_Uganda_2016	SRA:SRX3117627.16506514.1	97.403	77	2	0	3773	3849	1	77	7.36e-27	132
CFAV-Zik_Uganda_2016	SRA:SRX3117627.26402118.2	98.438	64	1	0	3596	3659	64	1	2.66e-21	113
CFAV-Zik_Uganda_2016	SRA:SRX3117627.10139061.2	98.361	61	1	0	3596	3656	61	1	1.24e-19	108
CFAV-Zik_Uganda_2016	SRA:SRX3117627.25532043.2	100.000	29	0	0	3898	3926	78	50	0.002	54.7
