CFAV-Bangkok_Thailand_2015	SRA:SRX3117614.45417203.1	98.734	79	1	0	3677	3755	1	79	1.25e-29	141
CFAV-Bangkok_Thailand_2015	SRA:SRX3117614.41183597.1	98.734	79	1	0	3663	3741	1	79	1.25e-29	141
CFAV-Bangkok_Thailand_2015	SRA:SRX3117614.33290387.1	98.734	79	1	0	3663	3741	1	79	1.25e-29	141
CFAV-Bangkok_Thailand_2015	SRA:SRX3117614.14803148.1	98.734	79	1	0	3680	3758	1	79	1.25e-29	141
CFAV-Bangkok_Thailand_2015	SRA:SRX3117614.14406161.1	98.734	79	1	0	3673	3751	1	79	1.25e-29	141
CFAV-Bangkok_Thailand_2015	SRA:SRX3117614.14179539.1	98.734	79	1	0	3665	3743	1	79	1.25e-29	141
CFAV-Bangkok_Thailand_2015	SRA:SRX3117614.13058487.1	98.734	79	1	0	3663	3741	1	79	1.25e-29	141
CFAV-Bangkok_Thailand_2015	SRA:SRX3117614.10157118.1	98.734	79	1	0	3662	3740	1	79	1.25e-29	141
CFAV-Bangkok_Thailand_2015	SRA:SRX3117614.3860092.1	98.734	79	1	0	3663	3741	1	79	1.25e-29	141
CFAV-Bangkok_Thailand_2015	SRA:SRX3117614.1045514.1	98.734	79	1	0	3663	3741	1	79	1.25e-29	141
CFAV-Bangkok_Thailand_2015	SRA:SRX3117614.48532622.1	98.718	78	1	0	3658	3735	2	79	4.51e-29	139
CFAV-Bangkok_Thailand_2015	SRA:SRX3117614.33923416.1	98.718	78	1	0	3664	3741	1	78	4.51e-29	139
CFAV-Bangkok_Thailand_2015	SRA:SRX3117614.24550301.1	98.718	78	1	0	3658	3735	2	79	4.51e-29	139
CFAV-Bangkok_Thailand_2015	SRA:SRX3117614.22563240.1	98.718	78	1	0	3658	3735	1	78	4.51e-29	139
CFAV-Bangkok_Thailand_2015	SRA:SRX3117614.15498551.1	98.718	78	1	0	3664	3741	1	78	4.51e-29	139
CFAV-Bangkok_Thailand_2015	SRA:SRX3117614.10221900.2	98.718	78	1	0	3684	3761	79	2	4.51e-29	139
CFAV-Bangkok_Thailand_2015	SRA:SRX3117614.4054571.1	98.718	78	1	0	3658	3735	1	78	4.51e-29	139
CFAV-Bangkok_Thailand_2015	SRA:SRX3117614.1082987.2	98.718	78	1	0	3651	3728	79	2	4.51e-29	139
CFAV-Bangkok_Thailand_2015	SRA:SRX3117614.39843299.1	98.701	77	1	0	3658	3734	3	79	1.62e-28	137
CFAV-Bangkok_Thailand_2015	SRA:SRX3117614.23182628.2	98.701	77	1	0	3665	3741	77	1	1.62e-28	137
CFAV-Bangkok_Thailand_2015	SRA:SRX3117614.12667505.2	98.701	77	1	0	3651	3727	77	1	1.62e-28	137
CFAV-Bangkok_Thailand_2015	SRA:SRX3117614.49719777.1	97.468	79	2	0	3611	3689	1	79	5.83e-28	135
CFAV-Bangkok_Thailand_2015	SRA:SRX3117614.49455118.1	97.468	79	2	0	3597	3675	1	79	5.83e-28	135
CFAV-Bangkok_Thailand_2015	SRA:SRX3117614.49322841.1	97.468	79	2	0	3600	3678	1	79	5.83e-28	135
CFAV-Bangkok_Thailand_2015	SRA:SRX3117614.45851557.2	97.468	79	2	0	3618	3696	79	1	5.83e-28	135
CFAV-Bangkok_Thailand_2015	SRA:SRX3117614.42108232.1	97.468	79	2	0	3696	3774	1	79	5.83e-28	135
CFAV-Bangkok_Thailand_2015	SRA:SRX3117614.39421792.1	97.468	79	2	0	3698	3776	1	79	5.83e-28	135
CFAV-Bangkok_Thailand_2015	SRA:SRX3117614.38227422.2	97.468	79	2	0	3618	3696	79	1	5.83e-28	135
CFAV-Bangkok_Thailand_2015	SRA:SRX3117614.36364868.1	97.468	79	2	0	3771	3849	1	79	5.83e-28	135
CFAV-Bangkok_Thailand_2015	SRA:SRX3117614.33472413.1	97.468	79	2	0	3611	3689	1	79	5.83e-28	135
CFAV-Bangkok_Thailand_2015	SRA:SRX3117614.30953860.1	97.468	79	2	0	3771	3849	1	79	5.83e-28	135
CFAV-Bangkok_Thailand_2015	SRA:SRX3117614.28095967.2	97.468	79	2	0	3687	3765	79	1	5.83e-28	135
CFAV-Bangkok_Thailand_2015	SRA:SRX3117614.28095967.1	97.468	79	2	0	3609	3687	1	79	5.83e-28	135
CFAV-Bangkok_Thailand_2015	SRA:SRX3117614.22799780.1	97.468	79	2	0	3603	3681	1	79	5.83e-28	135
CFAV-Bangkok_Thailand_2015	SRA:SRX3117614.20658197.2	97.468	79	2	0	3616	3694	79	1	5.83e-28	135
CFAV-Bangkok_Thailand_2015	SRA:SRX3117614.19790312.1	97.468	79	2	0	3698	3776	1	79	5.83e-28	135
CFAV-Bangkok_Thailand_2015	SRA:SRX3117614.19663555.1	98.684	76	1	0	3658	3733	4	79	5.83e-28	135
CFAV-Bangkok_Thailand_2015	SRA:SRX3117614.19447488.1	97.468	79	2	0	3698	3776	1	79	5.83e-28	135
CFAV-Bangkok_Thailand_2015	SRA:SRX3117614.16412828.1	97.468	79	2	0	3603	3681	1	79	5.83e-28	135
CFAV-Bangkok_Thailand_2015	SRA:SRX3117614.10221900.1	97.468	79	2	0	3603	3681	1	79	5.83e-28	135
CFAV-Bangkok_Thailand_2015	SRA:SRX3117614.9467546.1	97.468	79	2	0	3770	3848	1	79	5.83e-28	135
CFAV-Bangkok_Thailand_2015	SRA:SRX3117614.9013318.1	97.468	79	2	0	3697	3775	1	79	5.83e-28	135
CFAV-Bangkok_Thailand_2015	SRA:SRX3117614.8793816.1	97.468	79	2	0	3768	3846	1	79	5.83e-28	135
CFAV-Bangkok_Thailand_2015	SRA:SRX3117614.8390514.1	97.468	79	2	0	3768	3846	1	79	5.83e-28	135
CFAV-Bangkok_Thailand_2015	SRA:SRX3117614.1082987.1	97.468	79	2	0	3612	3690	1	79	5.83e-28	135
CFAV-Bangkok_Thailand_2015	SRA:SRX3117614.42250836.1	97.436	78	2	0	3608	3685	1	78	2.10e-27	134
CFAV-Bangkok_Thailand_2015	SRA:SRX3117614.38458151.1	97.436	78	2	0	3695	3772	1	78	2.10e-27	134
CFAV-Bangkok_Thailand_2015	SRA:SRX3117614.36296083.2	97.436	78	2	0	3588	3665	78	1	2.10e-27	134
CFAV-Bangkok_Thailand_2015	SRA:SRX3117614.27275641.1	97.436	78	2	0	3763	3840	1	78	2.10e-27	134
CFAV-Bangkok_Thailand_2015	SRA:SRX3117614.22318111.1	97.436	78	2	0	3763	3840	1	78	2.10e-27	134
CFAV-Bangkok_Thailand_2015	SRA:SRX3117614.19215654.2	97.436	78	2	0	3590	3667	78	1	2.10e-27	134
CFAV-Bangkok_Thailand_2015	SRA:SRX3117614.3947290.1	97.436	78	2	0	3763	3840	2	79	2.10e-27	134
CFAV-Bangkok_Thailand_2015	SRA:SRX3117614.3860092.2	97.436	78	2	0	3764	3841	78	1	2.10e-27	134
CFAV-Bangkok_Thailand_2015	SRA:SRX3117614.49322841.2	97.403	77	2	0	3787	3863	77	1	7.54e-27	132
CFAV-Bangkok_Thailand_2015	SRA:SRX3117614.43909643.2	97.403	77	2	0	3594	3670	77	1	7.54e-27	132
CFAV-Bangkok_Thailand_2015	SRA:SRX3117614.35330601.1	97.403	77	2	0	3773	3849	1	77	7.54e-27	132
CFAV-Bangkok_Thailand_2015	SRA:SRX3117614.33923416.2	97.403	77	2	0	3773	3849	79	3	7.54e-27	132
CFAV-Bangkok_Thailand_2015	SRA:SRX3117614.21359526.1	97.403	77	2	0	3764	3840	2	78	7.54e-27	132
CFAV-Bangkok_Thailand_2015	SRA:SRX3117614.18225531.1	97.403	77	2	0	3617	3693	1	77	7.54e-27	132
CFAV-Bangkok_Thailand_2015	SRA:SRX3117614.15513036.2	97.403	77	2	0	3730	3806	78	2	7.54e-27	132
CFAV-Bangkok_Thailand_2015	SRA:SRX3117614.14406161.2	97.403	77	2	0	3808	3884	77	1	7.54e-27	132
CFAV-Bangkok_Thailand_2015	SRA:SRX3117614.10157118.2	97.403	77	2	0	3787	3863	77	1	7.54e-27	132
CFAV-Bangkok_Thailand_2015	SRA:SRX3117614.9013318.2	97.403	77	2	0	3787	3863	77	1	7.54e-27	132
CFAV-Bangkok_Thailand_2015	SRA:SRX3117614.7117851.2	97.403	77	2	0	3627	3703	78	2	7.54e-27	132
CFAV-Bangkok_Thailand_2015	SRA:SRX3117614.49455118.2	96.203	79	3	0	3724	3802	79	1	2.71e-26	130
CFAV-Bangkok_Thailand_2015	SRA:SRX3117614.46111763.2	96.203	79	3	0	3718	3796	79	1	2.71e-26	130
CFAV-Bangkok_Thailand_2015	SRA:SRX3117614.45645280.1	96.203	79	3	0	3781	3859	1	79	2.71e-26	130
CFAV-Bangkok_Thailand_2015	SRA:SRX3117614.45417203.2	96.203	79	3	0	3825	3903	79	1	2.71e-26	130
CFAV-Bangkok_Thailand_2015	SRA:SRX3117614.42250836.2	96.203	79	3	0	3726	3804	79	1	2.71e-26	130
CFAV-Bangkok_Thailand_2015	SRA:SRX3117614.39843299.2	96.203	79	3	0	3718	3796	79	1	2.71e-26	130
CFAV-Bangkok_Thailand_2015	SRA:SRX3117614.38728531.1	96.203	79	3	0	3757	3835	1	79	2.71e-26	130
CFAV-Bangkok_Thailand_2015	SRA:SRX3117614.38162782.2	97.368	76	2	0	3707	3782	76	1	2.71e-26	130
CFAV-Bangkok_Thailand_2015	SRA:SRX3117614.38053941.1	96.203	79	3	0	3757	3835	1	79	2.71e-26	130
CFAV-Bangkok_Thailand_2015	SRA:SRX3117614.35740167.2	97.368	76	2	0	3578	3653	76	1	2.71e-26	130
CFAV-Bangkok_Thailand_2015	SRA:SRX3117614.33495089.1	96.203	79	3	0	3775	3853	1	79	2.71e-26	130
CFAV-Bangkok_Thailand_2015	SRA:SRX3117614.29702716.2	96.203	79	3	0	3642	3720	79	1	2.71e-26	130
CFAV-Bangkok_Thailand_2015	SRA:SRX3117614.27818617.1	96.203	79	3	0	3759	3837	1	79	2.71e-26	130
CFAV-Bangkok_Thailand_2015	SRA:SRX3117614.25949248.2	96.203	79	3	0	3825	3903	79	1	2.71e-26	130
CFAV-Bangkok_Thailand_2015	SRA:SRX3117614.25949248.1	96.203	79	3	0	3723	3801	1	79	2.71e-26	130
CFAV-Bangkok_Thailand_2015	SRA:SRX3117614.24550301.2	96.203	79	3	0	3825	3903	79	1	2.71e-26	130
CFAV-Bangkok_Thailand_2015	SRA:SRX3117614.19663555.2	96.203	79	3	0	3782	3860	79	1	2.71e-26	130
CFAV-Bangkok_Thailand_2015	SRA:SRX3117614.16412828.2	96.203	79	3	0	3721	3799	79	1	2.71e-26	130
CFAV-Bangkok_Thailand_2015	SRA:SRX3117614.15977958.1	96.203	79	3	0	3779	3857	1	79	2.71e-26	130
CFAV-Bangkok_Thailand_2015	SRA:SRX3117614.15498551.2	97.368	76	2	0	3763	3838	76	1	2.71e-26	130
CFAV-Bangkok_Thailand_2015	SRA:SRX3117614.14803148.2	96.203	79	3	0	3828	3906	79	1	2.71e-26	130
CFAV-Bangkok_Thailand_2015	SRA:SRX3117614.14497766.1	96.203	79	3	0	3818	3896	1	79	2.71e-26	130
CFAV-Bangkok_Thailand_2015	SRA:SRX3117614.7915298.1	96.203	79	3	0	3781	3859	1	79	2.71e-26	130
CFAV-Bangkok_Thailand_2015	SRA:SRX3117614.7767261.1	96.203	79	3	0	3779	3857	1	79	2.71e-26	130
CFAV-Bangkok_Thailand_2015	SRA:SRX3117614.3165824.1	96.203	79	3	0	3769	3847	1	79	2.71e-26	130
CFAV-Bangkok_Thailand_2015	SRA:SRX3117614.729641.1	96.203	79	3	0	3757	3835	1	79	2.71e-26	130
CFAV-Bangkok_Thailand_2015	SRA:SRX3117614.49719777.2	96.154	78	3	0	3717	3794	78	1	9.75e-26	128
CFAV-Bangkok_Thailand_2015	SRA:SRX3117614.48532622.2	96.154	78	3	0	3804	3881	78	1	9.75e-26	128
CFAV-Bangkok_Thailand_2015	SRA:SRX3117614.40235326.1	97.333	75	2	0	3653	3727	1	75	9.75e-26	128
CFAV-Bangkok_Thailand_2015	SRA:SRX3117614.35473377.1	96.154	78	3	0	3824	3901	1	78	9.75e-26	128
CFAV-Bangkok_Thailand_2015	SRA:SRX3117614.32858340.1	96.154	78	3	0	3724	3801	2	79	9.75e-26	128
CFAV-Bangkok_Thailand_2015	SRA:SRX3117614.43866171.2	96.104	77	3	0	3831	3907	77	1	3.51e-25	126
CFAV-Bangkok_Thailand_2015	SRA:SRX3117614.40235326.2	96.104	77	3	0	3808	3884	77	1	3.51e-25	126
CFAV-Bangkok_Thailand_2015	SRA:SRX3117614.22563240.2	96.104	77	3	0	3831	3907	77	1	3.51e-25	126
CFAV-Bangkok_Thailand_2015	SRA:SRX3117614.4054571.2	96.104	77	3	0	3792	3868	77	1	3.51e-25	126
CFAV-Bangkok_Thailand_2015	SRA:SRX3117614.729641.2	96.104	77	3	0	3831	3907	77	1	3.51e-25	126
CFAV-Bangkok_Thailand_2015	SRA:SRX3117614.13058487.2	96.053	76	3	0	3792	3867	76	1	1.26e-24	124
CFAV-Bangkok_Thailand_2015	SRA:SRX3117614.7703332.1	94.937	79	4	0	3802	3880	1	79	1.26e-24	124
CFAV-Bangkok_Thailand_2015	SRA:SRX3117614.3904132.1	94.937	79	4	0	3780	3858	1	79	1.26e-24	124
CFAV-Bangkok_Thailand_2015	SRA:SRX3117614.2061297.1	94.937	79	4	0	3696	3774	1	79	1.26e-24	124
CFAV-Bangkok_Thailand_2015	SRA:SRX3117614.1849975.1	94.937	79	4	0	3691	3769	1	79	1.26e-24	124
CFAV-Bangkok_Thailand_2015	SRA:SRX3117614.39421792.2	94.805	77	4	0	3831	3907	77	1	1.63e-23	121
CFAV-Bangkok_Thailand_2015	SRA:SRX3117614.41183597.2	95.714	70	3	0	3839	3908	79	10	2.73e-21	113
CFAV-Bangkok_Thailand_2015	SRA:SRX3117614.42876166.2	96.875	64	2	0	3578	3641	64	1	1.27e-19	108
CFAV-Bangkok_Thailand_2015	SRA:SRX3117614.24287897.2	96.875	64	2	0	3578	3641	64	1	1.27e-19	108
CFAV-Bangkok_Thailand_2015	SRA:SRX3117614.47347655.2	95.385	65	3	0	3844	3908	79	15	1.64e-18	104
CFAV-Bangkok_Thailand_2015	SRA:SRX3117614.18047153.2	95.385	65	3	0	3844	3908	79	15	1.64e-18	104
CFAV-Bangkok_Thailand_2015	SRA:SRX3117614.25737390.2	92.857	70	5	0	3839	3908	78	9	5.91e-18	102
CFAV-Bangkok_Thailand_2015	SRA:SRX3117614.42108232.2	96.552	58	2	0	3851	3908	77	20	2.75e-16	97.1
CFAV-Bangkok_Thailand_2015	SRA:SRX3117614.36781620.1	96.552	58	2	0	3851	3908	2	59	2.75e-16	97.1
CFAV-Bangkok_Thailand_2015	SRA:SRX3117614.2061297.2	96.552	58	2	0	3851	3908	77	20	2.75e-16	97.1
CFAV-Bangkok_Thailand_2015	SRA:SRX3117614.38458151.2	96.491	57	2	0	3852	3908	78	22	9.89e-16	95.3
CFAV-Bangkok_Thailand_2015	SRA:SRX3117614.7915298.2	96.491	57	2	0	3852	3908	77	21	9.89e-16	95.3
CFAV-Bangkok_Thailand_2015	SRA:SRX3117614.32858340.2	96.364	55	2	0	3854	3908	79	25	1.28e-14	91.6
CFAV-Bangkok_Thailand_2015	SRA:SRX3117614.14179539.2	96.364	55	2	0	3854	3908	79	25	1.28e-14	91.6
CFAV-Bangkok_Thailand_2015	SRA:SRX3117614.27938530.1	95.918	49	2	0	3860	3908	1	49	2.77e-11	80.5
CFAV-Bangkok_Thailand_2015	SRA:SRX3117614.33290387.2	95.833	48	2	0	3861	3908	77	30	9.96e-11	78.7
CFAV-Bangkok_Thailand_2015	SRA:SRX3117614.38162782.1	97.674	43	1	0	3578	3620	36	78	1.29e-09	75.0
CFAV-Bangkok_Thailand_2015	SRA:SRX3117614.6607261.2	97.674	43	1	0	3578	3620	43	1	1.29e-09	75.0
CFAV-Bangkok_Thailand_2015	SRA:SRX3117614.41535646.2	97.619	42	1	0	3867	3908	79	38	4.63e-09	73.1
CFAV-Bangkok_Thailand_2015	SRA:SRX3117614.46111763.1	97.500	40	1	0	3578	3617	40	79	6.00e-08	69.4
NC_001564	SRA:SRX3117614.45417203.2	100.000	79	0	0	3832	3910	79	1	2.70e-31	147
NC_001564	SRA:SRX3117614.25949248.2	100.000	79	0	0	3832	3910	79	1	2.70e-31	147
NC_001564	SRA:SRX3117614.24550301.2	100.000	79	0	0	3832	3910	79	1	2.70e-31	147
NC_001564	SRA:SRX3117614.14406161.2	100.000	79	0	0	3813	3891	79	1	2.70e-31	147
NC_001564	SRA:SRX3117614.48532622.2	100.000	78	0	0	3811	3888	78	1	9.71e-31	145
NC_001564	SRA:SRX3117614.35473377.1	100.000	78	0	0	3831	3908	1	78	9.71e-31	145
NC_001564	SRA:SRX3117614.14803148.2	100.000	78	0	0	3835	3912	79	2	9.71e-31	145
NC_001564	SRA:SRX3117614.49322841.2	100.000	77	0	0	3794	3870	77	1	3.49e-30	143
NC_001564	SRA:SRX3117614.10157118.2	100.000	77	0	0	3794	3870	77	1	3.49e-30	143
NC_001564	SRA:SRX3117614.9013318.2	100.000	77	0	0	3794	3870	77	1	3.49e-30	143
NC_001564	SRA:SRX3117614.4054571.2	100.000	77	0	0	3799	3875	77	1	3.49e-30	143
NC_001564	SRA:SRX3117614.45645280.1	98.734	79	1	0	3788	3866	1	79	1.26e-29	141
NC_001564	SRA:SRX3117614.40235326.2	98.734	79	1	0	3813	3891	79	1	1.26e-29	141
NC_001564	SRA:SRX3117614.36364868.1	98.734	79	1	0	3778	3856	1	79	1.26e-29	141
NC_001564	SRA:SRX3117614.35330601.1	98.734	79	1	0	3780	3858	1	79	1.26e-29	141
NC_001564	SRA:SRX3117614.33495089.1	98.734	79	1	0	3782	3860	1	79	1.26e-29	141
NC_001564	SRA:SRX3117614.30953860.1	98.734	79	1	0	3778	3856	1	79	1.26e-29	141
NC_001564	SRA:SRX3117614.19663555.2	98.734	79	1	0	3789	3867	79	1	1.26e-29	141
NC_001564	SRA:SRX3117614.15977958.1	98.734	79	1	0	3786	3864	1	79	1.26e-29	141
NC_001564	SRA:SRX3117614.14497766.1	98.734	79	1	0	3825	3903	1	79	1.26e-29	141
NC_001564	SRA:SRX3117614.13058487.2	100.000	76	0	0	3799	3874	76	1	1.26e-29	141
NC_001564	SRA:SRX3117614.9467546.1	98.734	79	1	0	3777	3855	1	79	1.26e-29	141
NC_001564	SRA:SRX3117614.8793816.1	98.734	79	1	0	3775	3853	1	79	1.26e-29	141
NC_001564	SRA:SRX3117614.8390514.1	98.734	79	1	0	3775	3853	1	79	1.26e-29	141
NC_001564	SRA:SRX3117614.7915298.1	98.734	79	1	0	3788	3866	1	79	1.26e-29	141
NC_001564	SRA:SRX3117614.7767261.1	98.734	79	1	0	3786	3864	1	79	1.26e-29	141
NC_001564	SRA:SRX3117614.7703332.1	98.734	79	1	0	3809	3887	1	79	1.26e-29	141
NC_001564	SRA:SRX3117614.1082987.2	98.734	79	1	0	3658	3736	79	1	1.26e-29	141
NC_001564	SRA:SRX3117614.48532622.1	98.718	78	1	0	3665	3742	2	79	4.52e-29	139
NC_001564	SRA:SRX3117614.43866171.2	100.000	75	0	0	3838	3912	77	3	4.52e-29	139
NC_001564	SRA:SRX3117614.33923416.2	98.718	78	1	0	3780	3857	79	2	4.52e-29	139
NC_001564	SRA:SRX3117614.27275641.1	98.718	78	1	0	3770	3847	1	78	4.52e-29	139
NC_001564	SRA:SRX3117614.24550301.1	98.718	78	1	0	3665	3742	2	79	4.52e-29	139
NC_001564	SRA:SRX3117614.22563240.2	100.000	75	0	0	3838	3912	77	3	4.52e-29	139
NC_001564	SRA:SRX3117614.22563240.1	98.718	78	1	0	3665	3742	1	78	4.52e-29	139
NC_001564	SRA:SRX3117614.22318111.1	98.718	78	1	0	3770	3847	1	78	4.52e-29	139
NC_001564	SRA:SRX3117614.4054571.1	98.718	78	1	0	3665	3742	1	78	4.52e-29	139
NC_001564	SRA:SRX3117614.3947290.1	98.718	78	1	0	3770	3847	2	79	4.52e-29	139
NC_001564	SRA:SRX3117614.3860092.2	98.718	78	1	0	3771	3848	78	1	4.52e-29	139
NC_001564	SRA:SRX3117614.729641.2	100.000	75	0	0	3838	3912	77	3	4.52e-29	139
NC_001564	SRA:SRX3117614.39843299.1	98.701	77	1	0	3665	3741	3	79	1.62e-28	137
NC_001564	SRA:SRX3117614.21359526.1	98.701	77	1	0	3771	3847	2	78	1.62e-28	137
NC_001564	SRA:SRX3117614.12667505.2	98.701	77	1	0	3658	3734	77	1	1.62e-28	137
NC_001564	SRA:SRX3117614.10157118.1	98.701	77	1	0	3669	3745	1	77	1.62e-28	137
NC_001564	SRA:SRX3117614.49719777.1	97.468	79	2	0	3618	3696	1	79	5.84e-28	135
NC_001564	SRA:SRX3117614.49455118.1	97.468	79	2	0	3604	3682	1	79	5.84e-28	135
NC_001564	SRA:SRX3117614.49322841.1	97.468	79	2	0	3607	3685	1	79	5.84e-28	135
NC_001564	SRA:SRX3117614.45851557.2	97.468	79	2	0	3625	3703	79	1	5.84e-28	135
NC_001564	SRA:SRX3117614.41183597.1	98.684	76	1	0	3670	3745	1	76	5.84e-28	135
NC_001564	SRA:SRX3117614.38728531.1	97.468	79	2	0	3764	3842	1	79	5.84e-28	135
NC_001564	SRA:SRX3117614.38227422.2	97.468	79	2	0	3625	3703	79	1	5.84e-28	135
NC_001564	SRA:SRX3117614.38053941.1	97.468	79	2	0	3764	3842	1	79	5.84e-28	135
NC_001564	SRA:SRX3117614.33472413.1	97.468	79	2	0	3618	3696	1	79	5.84e-28	135
NC_001564	SRA:SRX3117614.33290387.1	98.684	76	1	0	3670	3745	1	76	5.84e-28	135
NC_001564	SRA:SRX3117614.28095967.1	97.468	79	2	0	3616	3694	1	79	5.84e-28	135
NC_001564	SRA:SRX3117614.27818617.1	97.468	79	2	0	3766	3844	1	79	5.84e-28	135
NC_001564	SRA:SRX3117614.22799780.1	97.468	79	2	0	3610	3688	1	79	5.84e-28	135
NC_001564	SRA:SRX3117614.20658197.2	97.468	79	2	0	3623	3701	79	1	5.84e-28	135
NC_001564	SRA:SRX3117614.19663555.1	98.684	76	1	0	3665	3740	4	79	5.84e-28	135
NC_001564	SRA:SRX3117614.16412828.1	97.468	79	2	0	3610	3688	1	79	5.84e-28	135
NC_001564	SRA:SRX3117614.15498551.2	98.684	76	1	0	3770	3845	76	1	5.84e-28	135
NC_001564	SRA:SRX3117614.14179539.1	97.468	79	2	0	3672	3750	1	79	5.84e-28	135
NC_001564	SRA:SRX3117614.13058487.1	98.684	76	1	0	3670	3745	1	76	5.84e-28	135
NC_001564	SRA:SRX3117614.10221900.1	97.468	79	2	0	3610	3688	1	79	5.84e-28	135
NC_001564	SRA:SRX3117614.3904132.1	97.468	79	2	0	3787	3865	1	79	5.84e-28	135
NC_001564	SRA:SRX3117614.3860092.1	98.684	76	1	0	3670	3745	1	76	5.84e-28	135
NC_001564	SRA:SRX3117614.3165824.1	97.468	79	2	0	3776	3854	1	79	5.84e-28	135
NC_001564	SRA:SRX3117614.1082987.1	97.468	79	2	0	3619	3697	1	79	5.84e-28	135
NC_001564	SRA:SRX3117614.1045514.1	98.684	76	1	0	3670	3745	1	76	5.84e-28	135
NC_001564	SRA:SRX3117614.729641.1	97.468	79	2	0	3764	3842	1	79	5.84e-28	135
NC_001564	SRA:SRX3117614.43866171.1	97.436	78	2	0	3758	3835	2	79	2.10e-27	134
NC_001564	SRA:SRX3117614.42250836.1	97.436	78	2	0	3615	3692	1	78	2.10e-27	134
NC_001564	SRA:SRX3117614.36296083.2	97.436	78	2	0	3595	3672	78	1	2.10e-27	134
NC_001564	SRA:SRX3117614.33923416.1	98.667	75	1	0	3671	3745	1	75	2.10e-27	134
NC_001564	SRA:SRX3117614.19215654.2	97.436	78	2	0	3597	3674	78	1	2.10e-27	134
NC_001564	SRA:SRX3117614.15498551.1	98.667	75	1	0	3671	3745	1	75	2.10e-27	134
NC_001564	SRA:SRX3117614.46219896.1	97.403	77	2	0	3758	3834	3	79	7.56e-27	132
NC_001564	SRA:SRX3117614.43909643.2	97.403	77	2	0	3601	3677	77	1	7.56e-27	132
NC_001564	SRA:SRX3117614.41535646.1	97.403	77	2	0	3758	3834	3	79	7.56e-27	132
NC_001564	SRA:SRX3117614.23182628.2	97.403	77	2	0	3672	3748	77	1	7.56e-27	132
NC_001564	SRA:SRX3117614.18225531.1	97.403	77	2	0	3624	3700	1	77	7.56e-27	132
NC_001564	SRA:SRX3117614.18047153.1	97.403	77	2	0	3758	3834	3	79	7.56e-27	132
NC_001564	SRA:SRX3117614.7117851.2	97.403	77	2	0	3634	3710	78	2	7.56e-27	132
NC_001564	SRA:SRX3117614.35740167.2	97.368	76	2	0	3585	3660	76	1	2.72e-26	130
NC_001564	SRA:SRX3117614.29702716.2	96.203	79	3	0	3649	3727	79	1	2.72e-26	130
NC_001564	SRA:SRX3117614.12722807.1	97.368	76	2	0	3758	3833	4	79	2.72e-26	130
NC_001564	SRA:SRX3117614.40235326.1	96.203	79	2	1	3660	3737	1	79	9.77e-26	128
NC_001564	SRA:SRX3117614.39421792.2	97.333	75	2	0	3838	3912	77	3	9.77e-26	128
NC_001564	SRA:SRX3117614.14406161.1	97.333	75	2	0	3680	3754	1	75	9.77e-26	128
NC_001564	SRA:SRX3117614.47347655.1	97.297	74	2	0	3758	3831	6	79	3.52e-25	126
NC_001564	SRA:SRX3117614.33472413.2	97.297	74	2	0	3758	3831	74	1	3.52e-25	126
NC_001564	SRA:SRX3117614.45417203.1	94.937	79	4	0	3684	3762	1	79	1.26e-24	124
NC_001564	SRA:SRX3117614.41183597.2	98.571	70	1	0	3846	3915	79	10	1.26e-24	124
NC_001564	SRA:SRX3117614.14803148.1	94.937	79	4	0	3687	3765	1	79	1.26e-24	124
NC_001564	SRA:SRX3117614.22799780.2	94.872	78	4	0	3748	3825	78	1	4.55e-24	122
NC_001564	SRA:SRX3117614.10221900.2	94.872	78	4	0	3691	3768	79	2	4.55e-24	122
NC_001564	SRA:SRX3117614.42108232.1	93.671	79	5	0	3703	3781	1	79	5.88e-23	119
NC_001564	SRA:SRX3117614.39421792.1	93.671	79	5	0	3705	3783	1	79	5.88e-23	119
NC_001564	SRA:SRX3117614.28095967.2	93.671	79	5	0	3694	3772	79	1	5.88e-23	119
NC_001564	SRA:SRX3117614.19790312.1	93.671	79	5	0	3705	3783	1	79	5.88e-23	119
NC_001564	SRA:SRX3117614.19447488.1	93.671	79	5	0	3705	3783	1	79	5.88e-23	119
NC_001564	SRA:SRX3117614.9013318.1	93.671	79	5	0	3704	3782	1	79	5.88e-23	119
NC_001564	SRA:SRX3117614.38458151.1	93.590	78	5	0	3702	3779	1	78	2.12e-22	117
NC_001564	SRA:SRX3117614.47347655.2	98.462	65	1	0	3851	3915	79	15	7.61e-22	115
NC_001564	SRA:SRX3117614.18047153.2	98.462	65	1	0	3851	3915	79	15	7.61e-22	115
NC_001564	SRA:SRX3117614.25737390.2	95.714	70	3	0	3846	3915	78	9	2.74e-21	113
NC_001564	SRA:SRX3117614.25737390.1	92.405	79	6	0	3743	3821	1	79	2.74e-21	113
NC_001564	SRA:SRX3117614.42876166.2	96.875	64	2	0	3585	3648	64	1	1.27e-19	108
NC_001564	SRA:SRX3117614.24287897.2	96.875	64	2	0	3585	3648	64	1	1.27e-19	108
NC_001564	SRA:SRX3117614.2061297.1	91.139	79	7	0	3703	3781	1	79	1.27e-19	108
NC_001564	SRA:SRX3117614.42108232.2	98.333	60	1	0	3856	3915	79	20	4.58e-19	106
NC_001564	SRA:SRX3117614.2061297.2	98.333	60	1	0	3856	3915	79	20	4.58e-19	106
NC_001564	SRA:SRX3117614.36781620.1	100.000	55	0	0	3858	3912	2	56	5.92e-18	102
NC_001564	SRA:SRX3117614.1849975.1	89.873	79	8	0	3698	3776	1	79	5.92e-18	102
NC_001564	SRA:SRX3117614.38458151.2	98.246	57	1	0	3859	3915	78	22	2.13e-17	100
NC_001564	SRA:SRX3117614.7915298.2	98.246	57	1	0	3859	3915	77	21	2.13e-17	100
NC_001564	SRA:SRX3117614.32858340.2	98.182	55	1	0	3861	3915	79	25	2.76e-16	97.1
NC_001564	SRA:SRX3117614.14179539.2	98.182	55	1	0	3861	3915	79	25	2.76e-16	97.1
NC_001564	SRA:SRX3117614.27938530.1	100.000	46	0	0	3867	3912	1	46	5.97e-13	86.1
NC_001564	SRA:SRX3117614.33290387.2	97.917	48	1	0	3868	3915	77	30	2.15e-12	84.2
NC_001564	SRA:SRX3117614.38162782.1	97.674	43	1	0	3585	3627	36	78	1.29e-09	75.0
NC_001564	SRA:SRX3117614.6607261.2	97.674	43	1	0	3585	3627	43	1	1.29e-09	75.0
NC_001564	SRA:SRX3117614.41535646.2	97.619	42	1	0	3874	3915	79	38	4.64e-09	73.1
NC_001564	SRA:SRX3117614.46111763.1	97.500	40	1	0	3585	3624	40	79	6.01e-08	69.4
NC_001564	SRA:SRX3117614.38053941.2	97.368	38	1	0	3878	3915	79	42	7.77e-07	65.8
NC_001564	SRA:SRX3117614.35330601.2	97.368	38	1	0	3878	3915	79	42	7.77e-07	65.8
NC_001564	SRA:SRX3117614.3947290.2	97.368	38	1	0	3878	3915	79	42	7.77e-07	65.8
NC_001564	SRA:SRX3117614.3165824.2	97.368	38	1	0	3878	3915	79	42	7.77e-07	65.8
NC_001564	SRA:SRX3117614.32768665.1	100.000	32	0	0	3881	3912	1	32	3.62e-05	60.2
NC_001564	SRA:SRX3117614.22888975.1	100.000	32	0	0	3881	3912	1	32	3.62e-05	60.2
NC_001564	SRA:SRX3117614.23497109.2	96.970	33	1	0	3883	3915	78	46	4.68e-04	56.5
NC_001564	SRA:SRX3117614.1045514.2	96.970	33	1	0	3883	3915	78	46	4.68e-04	56.5
CFAV-Cairns_Australia_2014	SRA:SRX3117614.45417203.2	100.000	79	0	0	3831	3909	79	1	2.70e-31	147
CFAV-Cairns_Australia_2014	SRA:SRX3117614.45417203.1	100.000	79	0	0	3683	3761	1	79	2.70e-31	147
CFAV-Cairns_Australia_2014	SRA:SRX3117614.41183597.1	100.000	79	0	0	3669	3747	1	79	2.70e-31	147
CFAV-Cairns_Australia_2014	SRA:SRX3117614.33290387.1	100.000	79	0	0	3669	3747	1	79	2.70e-31	147
CFAV-Cairns_Australia_2014	SRA:SRX3117614.25949248.2	100.000	79	0	0	3831	3909	79	1	2.70e-31	147
CFAV-Cairns_Australia_2014	SRA:SRX3117614.24550301.2	100.000	79	0	0	3831	3909	79	1	2.70e-31	147
CFAV-Cairns_Australia_2014	SRA:SRX3117614.14803148.2	100.000	79	0	0	3834	3912	79	1	2.70e-31	147
CFAV-Cairns_Australia_2014	SRA:SRX3117614.14803148.1	100.000	79	0	0	3686	3764	1	79	2.70e-31	147
CFAV-Cairns_Australia_2014	SRA:SRX3117614.14406161.2	100.000	79	0	0	3812	3890	79	1	2.70e-31	147
CFAV-Cairns_Australia_2014	SRA:SRX3117614.14406161.1	100.000	79	0	0	3679	3757	1	79	2.70e-31	147
CFAV-Cairns_Australia_2014	SRA:SRX3117614.14179539.1	100.000	79	0	0	3671	3749	1	79	2.70e-31	147
CFAV-Cairns_Australia_2014	SRA:SRX3117614.13058487.1	100.000	79	0	0	3669	3747	1	79	2.70e-31	147
CFAV-Cairns_Australia_2014	SRA:SRX3117614.10157118.1	100.000	79	0	0	3668	3746	1	79	2.70e-31	147
CFAV-Cairns_Australia_2014	SRA:SRX3117614.3860092.1	100.000	79	0	0	3669	3747	1	79	2.70e-31	147
CFAV-Cairns_Australia_2014	SRA:SRX3117614.1045514.1	100.000	79	0	0	3669	3747	1	79	2.70e-31	147
CFAV-Cairns_Australia_2014	SRA:SRX3117614.48532622.2	100.000	78	0	0	3810	3887	78	1	9.71e-31	145
CFAV-Cairns_Australia_2014	SRA:SRX3117614.48532622.1	100.000	78	0	0	3664	3741	2	79	9.71e-31	145
CFAV-Cairns_Australia_2014	SRA:SRX3117614.35473377.1	100.000	78	0	0	3830	3907	1	78	9.71e-31	145
CFAV-Cairns_Australia_2014	SRA:SRX3117614.33923416.1	100.000	78	0	0	3670	3747	1	78	9.71e-31	145
CFAV-Cairns_Australia_2014	SRA:SRX3117614.24550301.1	100.000	78	0	0	3664	3741	2	79	9.71e-31	145
CFAV-Cairns_Australia_2014	SRA:SRX3117614.22563240.1	100.000	78	0	0	3664	3741	1	78	9.71e-31	145
CFAV-Cairns_Australia_2014	SRA:SRX3117614.15498551.1	100.000	78	0	0	3670	3747	1	78	9.71e-31	145
CFAV-Cairns_Australia_2014	SRA:SRX3117614.10221900.2	100.000	78	0	0	3690	3767	79	2	9.71e-31	145
CFAV-Cairns_Australia_2014	SRA:SRX3117614.4054571.1	100.000	78	0	0	3664	3741	1	78	9.71e-31	145
CFAV-Cairns_Australia_2014	SRA:SRX3117614.49322841.2	100.000	77	0	0	3793	3869	77	1	3.49e-30	143
CFAV-Cairns_Australia_2014	SRA:SRX3117614.43866171.2	100.000	77	0	0	3837	3913	77	1	3.49e-30	143
CFAV-Cairns_Australia_2014	SRA:SRX3117614.39843299.1	100.000	77	0	0	3664	3740	3	79	3.49e-30	143
CFAV-Cairns_Australia_2014	SRA:SRX3117614.23182628.2	100.000	77	0	0	3671	3747	77	1	3.49e-30	143
CFAV-Cairns_Australia_2014	SRA:SRX3117614.22563240.2	100.000	77	0	0	3837	3913	77	1	3.49e-30	143
CFAV-Cairns_Australia_2014	SRA:SRX3117614.10157118.2	100.000	77	0	0	3793	3869	77	1	3.49e-30	143
CFAV-Cairns_Australia_2014	SRA:SRX3117614.9013318.2	100.000	77	0	0	3793	3869	77	1	3.49e-30	143
CFAV-Cairns_Australia_2014	SRA:SRX3117614.4054571.2	100.000	77	0	0	3798	3874	77	1	3.49e-30	143
CFAV-Cairns_Australia_2014	SRA:SRX3117614.729641.2	100.000	77	0	0	3837	3913	77	1	3.49e-30	143
CFAV-Cairns_Australia_2014	SRA:SRX3117614.45645280.1	98.734	79	1	0	3787	3865	1	79	1.26e-29	141
CFAV-Cairns_Australia_2014	SRA:SRX3117614.42108232.1	98.734	79	1	0	3702	3780	1	79	1.26e-29	141
CFAV-Cairns_Australia_2014	SRA:SRX3117614.40235326.2	98.734	79	1	0	3812	3890	79	1	1.26e-29	141
CFAV-Cairns_Australia_2014	SRA:SRX3117614.39421792.1	98.734	79	1	0	3704	3782	1	79	1.26e-29	141
CFAV-Cairns_Australia_2014	SRA:SRX3117614.36364868.1	98.734	79	1	0	3777	3855	1	79	1.26e-29	141
CFAV-Cairns_Australia_2014	SRA:SRX3117614.35330601.1	98.734	79	1	0	3779	3857	1	79	1.26e-29	141
CFAV-Cairns_Australia_2014	SRA:SRX3117614.33495089.1	98.734	79	1	0	3781	3859	1	79	1.26e-29	141
CFAV-Cairns_Australia_2014	SRA:SRX3117614.30953860.1	98.734	79	1	0	3777	3855	1	79	1.26e-29	141
CFAV-Cairns_Australia_2014	SRA:SRX3117614.28095967.2	98.734	79	1	0	3693	3771	79	1	1.26e-29	141
CFAV-Cairns_Australia_2014	SRA:SRX3117614.19790312.1	98.734	79	1	0	3704	3782	1	79	1.26e-29	141
CFAV-Cairns_Australia_2014	SRA:SRX3117614.19663555.2	98.734	79	1	0	3788	3866	79	1	1.26e-29	141
CFAV-Cairns_Australia_2014	SRA:SRX3117614.19663555.1	100.000	76	0	0	3664	3739	4	79	1.26e-29	141
CFAV-Cairns_Australia_2014	SRA:SRX3117614.19447488.1	98.734	79	1	0	3704	3782	1	79	1.26e-29	141
CFAV-Cairns_Australia_2014	SRA:SRX3117614.15977958.1	98.734	79	1	0	3785	3863	1	79	1.26e-29	141
CFAV-Cairns_Australia_2014	SRA:SRX3117614.14497766.1	98.734	79	1	0	3824	3902	1	79	1.26e-29	141
CFAV-Cairns_Australia_2014	SRA:SRX3117614.13058487.2	100.000	76	0	0	3798	3873	76	1	1.26e-29	141
CFAV-Cairns_Australia_2014	SRA:SRX3117614.9467546.1	98.734	79	1	0	3776	3854	1	79	1.26e-29	141
CFAV-Cairns_Australia_2014	SRA:SRX3117614.9013318.1	98.734	79	1	0	3703	3781	1	79	1.26e-29	141
CFAV-Cairns_Australia_2014	SRA:SRX3117614.8793816.1	98.734	79	1	0	3774	3852	1	79	1.26e-29	141
CFAV-Cairns_Australia_2014	SRA:SRX3117614.8390514.1	98.734	79	1	0	3774	3852	1	79	1.26e-29	141
CFAV-Cairns_Australia_2014	SRA:SRX3117614.7915298.1	98.734	79	1	0	3787	3865	1	79	1.26e-29	141
CFAV-Cairns_Australia_2014	SRA:SRX3117614.7767261.1	98.734	79	1	0	3785	3863	1	79	1.26e-29	141
CFAV-Cairns_Australia_2014	SRA:SRX3117614.7703332.1	98.734	79	1	0	3808	3886	1	79	1.26e-29	141
CFAV-Cairns_Australia_2014	SRA:SRX3117614.1082987.2	98.734	79	1	0	3657	3735	79	1	1.26e-29	141
CFAV-Cairns_Australia_2014	SRA:SRX3117614.38458151.1	98.718	78	1	0	3701	3778	1	78	4.52e-29	139
CFAV-Cairns_Australia_2014	SRA:SRX3117614.33923416.2	98.718	78	1	0	3779	3856	79	2	4.52e-29	139
CFAV-Cairns_Australia_2014	SRA:SRX3117614.27275641.1	98.718	78	1	0	3769	3846	1	78	4.52e-29	139
CFAV-Cairns_Australia_2014	SRA:SRX3117614.22318111.1	98.718	78	1	0	3769	3846	1	78	4.52e-29	139
CFAV-Cairns_Australia_2014	SRA:SRX3117614.3947290.1	98.718	78	1	0	3769	3846	2	79	4.52e-29	139
CFAV-Cairns_Australia_2014	SRA:SRX3117614.3860092.2	98.718	78	1	0	3770	3847	78	1	4.52e-29	139
CFAV-Cairns_Australia_2014	SRA:SRX3117614.21359526.1	98.701	77	1	0	3770	3846	2	78	1.62e-28	137
CFAV-Cairns_Australia_2014	SRA:SRX3117614.12667505.2	98.701	77	1	0	3657	3733	77	1	1.62e-28	137
CFAV-Cairns_Australia_2014	SRA:SRX3117614.49719777.1	97.468	79	2	0	3617	3695	1	79	5.84e-28	135
CFAV-Cairns_Australia_2014	SRA:SRX3117614.49455118.2	97.468	79	2	0	3730	3808	79	1	5.84e-28	135
CFAV-Cairns_Australia_2014	SRA:SRX3117614.49455118.1	97.468	79	2	0	3603	3681	1	79	5.84e-28	135
CFAV-Cairns_Australia_2014	SRA:SRX3117614.49322841.1	97.468	79	2	0	3606	3684	1	79	5.84e-28	135
CFAV-Cairns_Australia_2014	SRA:SRX3117614.47347655.1	97.468	79	2	0	3752	3830	1	79	5.84e-28	135
CFAV-Cairns_Australia_2014	SRA:SRX3117614.46219896.1	97.468	79	2	0	3755	3833	1	79	5.84e-28	135
CFAV-Cairns_Australia_2014	SRA:SRX3117614.46111763.2	97.468	79	2	0	3724	3802	79	1	5.84e-28	135
CFAV-Cairns_Australia_2014	SRA:SRX3117614.45851557.2	97.468	79	2	0	3624	3702	79	1	5.84e-28	135
CFAV-Cairns_Australia_2014	SRA:SRX3117614.43866171.1	97.468	79	2	0	3756	3834	1	79	5.84e-28	135
CFAV-Cairns_Australia_2014	SRA:SRX3117614.42250836.2	97.468	79	2	0	3732	3810	79	1	5.84e-28	135
CFAV-Cairns_Australia_2014	SRA:SRX3117614.41535646.1	97.468	79	2	0	3755	3833	1	79	5.84e-28	135
CFAV-Cairns_Australia_2014	SRA:SRX3117614.39843299.2	97.468	79	2	0	3724	3802	79	1	5.84e-28	135
CFAV-Cairns_Australia_2014	SRA:SRX3117614.38728531.1	97.468	79	2	0	3763	3841	1	79	5.84e-28	135
CFAV-Cairns_Australia_2014	SRA:SRX3117614.38227422.2	97.468	79	2	0	3624	3702	79	1	5.84e-28	135
CFAV-Cairns_Australia_2014	SRA:SRX3117614.38162782.2	98.684	76	1	0	3713	3788	76	1	5.84e-28	135
CFAV-Cairns_Australia_2014	SRA:SRX3117614.38053941.1	97.468	79	2	0	3763	3841	1	79	5.84e-28	135
CFAV-Cairns_Australia_2014	SRA:SRX3117614.33472413.2	97.468	79	2	0	3752	3830	79	1	5.84e-28	135
CFAV-Cairns_Australia_2014	SRA:SRX3117614.33472413.1	97.468	79	2	0	3617	3695	1	79	5.84e-28	135
CFAV-Cairns_Australia_2014	SRA:SRX3117614.28095967.1	97.468	79	2	0	3615	3693	1	79	5.84e-28	135
CFAV-Cairns_Australia_2014	SRA:SRX3117614.27818617.1	97.468	79	2	0	3765	3843	1	79	5.84e-28	135
CFAV-Cairns_Australia_2014	SRA:SRX3117614.25949248.1	97.468	79	2	0	3729	3807	1	79	5.84e-28	135
CFAV-Cairns_Australia_2014	SRA:SRX3117614.22799780.1	97.468	79	2	0	3609	3687	1	79	5.84e-28	135
CFAV-Cairns_Australia_2014	SRA:SRX3117614.20658197.2	97.468	79	2	0	3622	3700	79	1	5.84e-28	135
CFAV-Cairns_Australia_2014	SRA:SRX3117614.18047153.1	97.468	79	2	0	3755	3833	1	79	5.84e-28	135
CFAV-Cairns_Australia_2014	SRA:SRX3117614.16412828.2	97.468	79	2	0	3727	3805	79	1	5.84e-28	135
CFAV-Cairns_Australia_2014	SRA:SRX3117614.16412828.1	97.468	79	2	0	3609	3687	1	79	5.84e-28	135
CFAV-Cairns_Australia_2014	SRA:SRX3117614.15513036.2	97.468	79	2	0	3735	3813	79	1	5.84e-28	135
CFAV-Cairns_Australia_2014	SRA:SRX3117614.15498551.2	98.684	76	1	0	3769	3844	76	1	5.84e-28	135
CFAV-Cairns_Australia_2014	SRA:SRX3117614.12722807.1	97.468	79	2	0	3754	3832	1	79	5.84e-28	135
CFAV-Cairns_Australia_2014	SRA:SRX3117614.10221900.1	97.468	79	2	0	3609	3687	1	79	5.84e-28	135
CFAV-Cairns_Australia_2014	SRA:SRX3117614.3904132.1	97.468	79	2	0	3786	3864	1	79	5.84e-28	135
CFAV-Cairns_Australia_2014	SRA:SRX3117614.3165824.1	97.468	79	2	0	3775	3853	1	79	5.84e-28	135
CFAV-Cairns_Australia_2014	SRA:SRX3117614.1082987.1	97.468	79	2	0	3618	3696	1	79	5.84e-28	135
CFAV-Cairns_Australia_2014	SRA:SRX3117614.729641.1	97.468	79	2	0	3763	3841	1	79	5.84e-28	135
CFAV-Cairns_Australia_2014	SRA:SRX3117614.49719777.2	97.436	78	2	0	3723	3800	78	1	2.10e-27	134
CFAV-Cairns_Australia_2014	SRA:SRX3117614.42250836.1	97.436	78	2	0	3614	3691	1	78	2.10e-27	134
CFAV-Cairns_Australia_2014	SRA:SRX3117614.36296083.2	97.436	78	2	0	3594	3671	78	1	2.10e-27	134
CFAV-Cairns_Australia_2014	SRA:SRX3117614.32858340.1	97.436	78	2	0	3730	3807	2	79	2.10e-27	134
CFAV-Cairns_Australia_2014	SRA:SRX3117614.22799780.2	97.436	78	2	0	3747	3824	78	1	2.10e-27	134
CFAV-Cairns_Australia_2014	SRA:SRX3117614.19215654.2	97.436	78	2	0	3596	3673	78	1	2.10e-27	134
CFAV-Cairns_Australia_2014	SRA:SRX3117614.43909643.2	97.403	77	2	0	3600	3676	77	1	7.56e-27	132
CFAV-Cairns_Australia_2014	SRA:SRX3117614.39421792.2	97.403	77	2	0	3837	3913	77	1	7.56e-27	132
CFAV-Cairns_Australia_2014	SRA:SRX3117614.18225531.1	97.403	77	2	0	3623	3699	1	77	7.56e-27	132
CFAV-Cairns_Australia_2014	SRA:SRX3117614.7117851.2	97.403	77	2	0	3633	3709	78	2	7.56e-27	132
CFAV-Cairns_Australia_2014	SRA:SRX3117614.41183597.2	100.000	70	0	0	3845	3914	79	10	2.72e-26	130
CFAV-Cairns_Australia_2014	SRA:SRX3117614.35740167.2	97.368	76	2	0	3584	3659	76	1	2.72e-26	130
CFAV-Cairns_Australia_2014	SRA:SRX3117614.29702716.2	96.203	79	3	0	3648	3726	79	1	2.72e-26	130
CFAV-Cairns_Australia_2014	SRA:SRX3117614.25737390.1	96.203	79	3	0	3742	3820	1	79	2.72e-26	130
CFAV-Cairns_Australia_2014	SRA:SRX3117614.2061297.1	96.203	79	3	0	3702	3780	1	79	2.72e-26	130
CFAV-Cairns_Australia_2014	SRA:SRX3117614.40235326.1	97.333	75	2	0	3659	3733	1	75	9.78e-26	128
CFAV-Cairns_Australia_2014	SRA:SRX3117614.1849975.1	94.937	79	4	0	3697	3775	1	79	1.26e-24	124
CFAV-Cairns_Australia_2014	SRA:SRX3117614.47347655.2	100.000	65	0	0	3850	3914	79	15	1.64e-23	121
CFAV-Cairns_Australia_2014	SRA:SRX3117614.18047153.2	100.000	65	0	0	3850	3914	79	15	1.64e-23	121
CFAV-Cairns_Australia_2014	SRA:SRX3117614.25737390.2	97.143	70	2	0	3845	3914	78	9	5.88e-23	119
CFAV-Cairns_Australia_2014	SRA:SRX3117614.42108232.2	100.000	60	0	0	3855	3914	79	20	9.85e-21	111
CFAV-Cairns_Australia_2014	SRA:SRX3117614.2061297.2	100.000	60	0	0	3855	3914	79	20	9.85e-21	111
CFAV-Cairns_Australia_2014	SRA:SRX3117614.42876166.2	96.875	64	2	0	3584	3647	64	1	1.27e-19	108
CFAV-Cairns_Australia_2014	SRA:SRX3117614.36781620.1	100.000	58	0	0	3857	3914	2	59	1.27e-19	108
CFAV-Cairns_Australia_2014	SRA:SRX3117614.24287897.2	96.875	64	2	0	3584	3647	64	1	1.27e-19	108
CFAV-Cairns_Australia_2014	SRA:SRX3117614.38458151.2	100.000	57	0	0	3858	3914	78	22	4.58e-19	106
CFAV-Cairns_Australia_2014	SRA:SRX3117614.7915298.2	100.000	57	0	0	3858	3914	77	21	4.58e-19	106
CFAV-Cairns_Australia_2014	SRA:SRX3117614.32858340.2	100.000	55	0	0	3860	3914	79	25	5.93e-18	102
CFAV-Cairns_Australia_2014	SRA:SRX3117614.14179539.2	100.000	55	0	0	3860	3914	79	25	5.93e-18	102
CFAV-Cairns_Australia_2014	SRA:SRX3117614.27938530.1	100.000	49	0	0	3866	3914	1	49	1.28e-14	91.6
CFAV-Cairns_Australia_2014	SRA:SRX3117614.33290387.2	100.000	48	0	0	3867	3914	77	30	4.61e-14	89.8
CFAV-Cairns_Australia_2014	SRA:SRX3117614.41535646.2	100.000	42	0	0	3873	3914	79	38	9.99e-11	78.7
CFAV-Cairns_Australia_2014	SRA:SRX3117614.38162782.1	97.674	43	1	0	3584	3626	36	78	1.29e-09	75.0
CFAV-Cairns_Australia_2014	SRA:SRX3117614.6607261.2	97.674	43	1	0	3584	3626	43	1	1.29e-09	75.0
CFAV-Cairns_Australia_2014	SRA:SRX3117614.38053941.2	100.000	38	0	0	3877	3914	79	42	1.67e-08	71.3
CFAV-Cairns_Australia_2014	SRA:SRX3117614.35330601.2	100.000	38	0	0	3877	3914	79	42	1.67e-08	71.3
CFAV-Cairns_Australia_2014	SRA:SRX3117614.3947290.2	100.000	38	0	0	3877	3914	79	42	1.67e-08	71.3
CFAV-Cairns_Australia_2014	SRA:SRX3117614.3165824.2	100.000	38	0	0	3877	3914	79	42	1.67e-08	71.3
CFAV-Cairns_Australia_2014	SRA:SRX3117614.46111763.1	97.500	40	1	0	3584	3623	40	79	6.01e-08	69.4
CFAV-Cairns_Australia_2014	SRA:SRX3117614.32768665.1	100.000	35	0	0	3880	3914	1	35	7.77e-07	65.8
CFAV-Cairns_Australia_2014	SRA:SRX3117614.22888975.1	100.000	35	0	0	3880	3914	1	35	7.77e-07	65.8
CFAV-Cairns_Australia_2014	SRA:SRX3117614.23497109.2	100.000	33	0	0	3882	3914	78	46	1.01e-05	62.1
CFAV-Cairns_Australia_2014	SRA:SRX3117614.1045514.2	100.000	33	0	0	3882	3914	78	46	1.01e-05	62.1
CFAV-Cairns_Australia_2014	SRA:SRX3117614.8390514.2	100.000	29	0	0	3886	3914	78	50	0.002	54.7
CFAV-Cairns_Australia_2014	SRA:SRX3117614.1015208.1	100.000	28	0	0	3887	3914	1	28	0.006	52.8
CFAV-Macapa2_Brazil_2017	SRA:SRX3117614.14406161.1	100.000	79	0	0	3680	3758	1	79	2.70e-31	147
CFAV-Macapa2_Brazil_2017	SRA:SRX3117614.48532622.1	98.734	79	1	0	3664	3742	1	79	1.26e-29	141
CFAV-Macapa2_Brazil_2017	SRA:SRX3117614.45417203.2	98.734	79	1	0	3832	3910	79	1	1.26e-29	141
CFAV-Macapa2_Brazil_2017	SRA:SRX3117614.45417203.1	100.000	76	0	0	3684	3759	1	76	1.26e-29	141
CFAV-Macapa2_Brazil_2017	SRA:SRX3117614.42108232.1	98.734	79	1	0	3703	3781	1	79	1.26e-29	141
CFAV-Macapa2_Brazil_2017	SRA:SRX3117614.41183597.1	98.734	79	1	0	3670	3748	1	79	1.26e-29	141
CFAV-Macapa2_Brazil_2017	SRA:SRX3117614.39843299.1	98.734	79	1	0	3663	3741	1	79	1.26e-29	141
CFAV-Macapa2_Brazil_2017	SRA:SRX3117614.39421792.1	98.734	79	1	0	3705	3783	1	79	1.26e-29	141
CFAV-Macapa2_Brazil_2017	SRA:SRX3117614.33290387.1	98.734	79	1	0	3670	3748	1	79	1.26e-29	141
CFAV-Macapa2_Brazil_2017	SRA:SRX3117614.28095967.2	98.734	79	1	0	3694	3772	79	1	1.26e-29	141
CFAV-Macapa2_Brazil_2017	SRA:SRX3117614.25949248.2	98.734	79	1	0	3832	3910	79	1	1.26e-29	141
CFAV-Macapa2_Brazil_2017	SRA:SRX3117614.24550301.2	98.734	79	1	0	3832	3910	79	1	1.26e-29	141
CFAV-Macapa2_Brazil_2017	SRA:SRX3117614.24550301.1	98.734	79	1	0	3664	3742	1	79	1.26e-29	141
CFAV-Macapa2_Brazil_2017	SRA:SRX3117614.19790312.1	98.734	79	1	0	3705	3783	1	79	1.26e-29	141
CFAV-Macapa2_Brazil_2017	SRA:SRX3117614.19447488.1	98.734	79	1	0	3705	3783	1	79	1.26e-29	141
CFAV-Macapa2_Brazil_2017	SRA:SRX3117614.14803148.2	98.734	79	1	0	3835	3913	79	1	1.26e-29	141
CFAV-Macapa2_Brazil_2017	SRA:SRX3117614.14803148.1	98.734	79	1	0	3687	3765	1	79	1.26e-29	141
CFAV-Macapa2_Brazil_2017	SRA:SRX3117614.14179539.1	98.734	79	1	0	3672	3750	1	79	1.26e-29	141
CFAV-Macapa2_Brazil_2017	SRA:SRX3117614.13058487.1	98.734	79	1	0	3670	3748	1	79	1.26e-29	141
CFAV-Macapa2_Brazil_2017	SRA:SRX3117614.10221900.2	98.734	79	1	0	3691	3769	79	1	1.26e-29	141
CFAV-Macapa2_Brazil_2017	SRA:SRX3117614.10157118.1	98.734	79	1	0	3669	3747	1	79	1.26e-29	141
CFAV-Macapa2_Brazil_2017	SRA:SRX3117614.9013318.1	98.734	79	1	0	3704	3782	1	79	1.26e-29	141
CFAV-Macapa2_Brazil_2017	SRA:SRX3117614.3860092.1	98.734	79	1	0	3670	3748	1	79	1.26e-29	141
CFAV-Macapa2_Brazil_2017	SRA:SRX3117614.1082987.2	98.734	79	1	0	3658	3736	79	1	1.26e-29	141
CFAV-Macapa2_Brazil_2017	SRA:SRX3117614.1045514.1	98.734	79	1	0	3670	3748	1	79	1.26e-29	141
CFAV-Macapa2_Brazil_2017	SRA:SRX3117614.38458151.1	98.718	78	1	0	3702	3779	1	78	4.52e-29	139
CFAV-Macapa2_Brazil_2017	SRA:SRX3117614.36296083.2	98.718	78	1	0	3595	3672	78	1	4.52e-29	139
CFAV-Macapa2_Brazil_2017	SRA:SRX3117614.35473377.1	98.718	78	1	0	3831	3908	1	78	4.52e-29	139
CFAV-Macapa2_Brazil_2017	SRA:SRX3117614.33923416.1	98.718	78	1	0	3671	3748	1	78	4.52e-29	139
CFAV-Macapa2_Brazil_2017	SRA:SRX3117614.22563240.1	98.718	78	1	0	3665	3742	1	78	4.52e-29	139
CFAV-Macapa2_Brazil_2017	SRA:SRX3117614.19663555.1	98.718	78	1	0	3663	3740	2	79	4.52e-29	139
CFAV-Macapa2_Brazil_2017	SRA:SRX3117614.19215654.2	98.718	78	1	0	3597	3674	78	1	4.52e-29	139
CFAV-Macapa2_Brazil_2017	SRA:SRX3117614.15498551.1	98.718	78	1	0	3671	3748	1	78	4.52e-29	139
CFAV-Macapa2_Brazil_2017	SRA:SRX3117614.4054571.1	98.718	78	1	0	3665	3742	1	78	4.52e-29	139
CFAV-Macapa2_Brazil_2017	SRA:SRX3117614.49322841.2	98.701	77	1	0	3794	3870	77	1	1.62e-28	137
CFAV-Macapa2_Brazil_2017	SRA:SRX3117614.43909643.2	98.701	77	1	0	3601	3677	77	1	1.62e-28	137
CFAV-Macapa2_Brazil_2017	SRA:SRX3117614.43866171.2	98.701	77	1	0	3838	3914	77	1	1.62e-28	137
CFAV-Macapa2_Brazil_2017	SRA:SRX3117614.23182628.2	98.701	77	1	0	3672	3748	77	1	1.62e-28	137
CFAV-Macapa2_Brazil_2017	SRA:SRX3117614.22563240.2	98.701	77	1	0	3838	3914	77	1	1.62e-28	137
CFAV-Macapa2_Brazil_2017	SRA:SRX3117614.12667505.2	98.701	77	1	0	3658	3734	77	1	1.62e-28	137
CFAV-Macapa2_Brazil_2017	SRA:SRX3117614.10157118.2	98.701	77	1	0	3794	3870	77	1	1.62e-28	137
CFAV-Macapa2_Brazil_2017	SRA:SRX3117614.9013318.2	98.701	77	1	0	3794	3870	77	1	1.62e-28	137
CFAV-Macapa2_Brazil_2017	SRA:SRX3117614.4054571.2	98.701	77	1	0	3799	3875	77	1	1.62e-28	137
CFAV-Macapa2_Brazil_2017	SRA:SRX3117614.729641.2	98.701	77	1	0	3838	3914	77	1	1.62e-28	137
CFAV-Macapa2_Brazil_2017	SRA:SRX3117614.49719777.1	97.468	79	2	0	3618	3696	1	79	5.84e-28	135
CFAV-Macapa2_Brazil_2017	SRA:SRX3117614.49455118.2	97.468	79	2	0	3731	3809	79	1	5.84e-28	135
CFAV-Macapa2_Brazil_2017	SRA:SRX3117614.49455118.1	97.468	79	2	0	3604	3682	1	79	5.84e-28	135
CFAV-Macapa2_Brazil_2017	SRA:SRX3117614.49322841.1	97.468	79	2	0	3607	3685	1	79	5.84e-28	135
CFAV-Macapa2_Brazil_2017	SRA:SRX3117614.46111763.2	97.468	79	2	0	3725	3803	79	1	5.84e-28	135
CFAV-Macapa2_Brazil_2017	SRA:SRX3117614.45851557.2	97.468	79	2	0	3625	3703	79	1	5.84e-28	135
CFAV-Macapa2_Brazil_2017	SRA:SRX3117614.45645280.1	97.468	79	2	0	3788	3866	1	79	5.84e-28	135
CFAV-Macapa2_Brazil_2017	SRA:SRX3117614.42250836.2	97.468	79	2	0	3733	3811	79	1	5.84e-28	135
CFAV-Macapa2_Brazil_2017	SRA:SRX3117614.39843299.2	97.468	79	2	0	3725	3803	79	1	5.84e-28	135
CFAV-Macapa2_Brazil_2017	SRA:SRX3117614.38728531.1	97.468	79	2	0	3764	3842	1	79	5.84e-28	135
CFAV-Macapa2_Brazil_2017	SRA:SRX3117614.38227422.2	97.468	79	2	0	3625	3703	79	1	5.84e-28	135
CFAV-Macapa2_Brazil_2017	SRA:SRX3117614.38162782.2	98.684	76	1	0	3714	3789	76	1	5.84e-28	135
CFAV-Macapa2_Brazil_2017	SRA:SRX3117614.38053941.1	97.468	79	2	0	3764	3842	1	79	5.84e-28	135
CFAV-Macapa2_Brazil_2017	SRA:SRX3117614.36364868.1	97.468	79	2	0	3778	3856	1	79	5.84e-28	135
CFAV-Macapa2_Brazil_2017	SRA:SRX3117614.35330601.1	97.468	79	2	0	3780	3858	1	79	5.84e-28	135
CFAV-Macapa2_Brazil_2017	SRA:SRX3117614.33495089.1	97.468	79	2	0	3782	3860	1	79	5.84e-28	135
CFAV-Macapa2_Brazil_2017	SRA:SRX3117614.33472413.1	97.468	79	2	0	3618	3696	1	79	5.84e-28	135
CFAV-Macapa2_Brazil_2017	SRA:SRX3117614.30953860.1	97.468	79	2	0	3778	3856	1	79	5.84e-28	135
CFAV-Macapa2_Brazil_2017	SRA:SRX3117614.28095967.1	97.468	79	2	0	3616	3694	1	79	5.84e-28	135
CFAV-Macapa2_Brazil_2017	SRA:SRX3117614.27818617.1	97.468	79	2	0	3766	3844	1	79	5.84e-28	135
CFAV-Macapa2_Brazil_2017	SRA:SRX3117614.25949248.1	97.468	79	2	0	3730	3808	1	79	5.84e-28	135
CFAV-Macapa2_Brazil_2017	SRA:SRX3117614.22799780.1	97.468	79	2	0	3610	3688	1	79	5.84e-28	135
CFAV-Macapa2_Brazil_2017	SRA:SRX3117614.20658197.2	97.468	79	2	0	3623	3701	79	1	5.84e-28	135
CFAV-Macapa2_Brazil_2017	SRA:SRX3117614.19663555.2	97.468	79	2	0	3789	3867	79	1	5.84e-28	135
CFAV-Macapa2_Brazil_2017	SRA:SRX3117614.16412828.2	97.468	79	2	0	3728	3806	79	1	5.84e-28	135
CFAV-Macapa2_Brazil_2017	SRA:SRX3117614.16412828.1	97.468	79	2	0	3610	3688	1	79	5.84e-28	135
CFAV-Macapa2_Brazil_2017	SRA:SRX3117614.15977958.1	97.468	79	2	0	3786	3864	1	79	5.84e-28	135
CFAV-Macapa2_Brazil_2017	SRA:SRX3117614.15513036.2	97.468	79	2	0	3736	3814	79	1	5.84e-28	135
CFAV-Macapa2_Brazil_2017	SRA:SRX3117614.14406161.2	97.468	79	2	0	3813	3891	79	1	5.84e-28	135
CFAV-Macapa2_Brazil_2017	SRA:SRX3117614.13058487.2	98.684	76	1	0	3799	3874	76	1	5.84e-28	135
CFAV-Macapa2_Brazil_2017	SRA:SRX3117614.10221900.1	97.468	79	2	0	3610	3688	1	79	5.84e-28	135
CFAV-Macapa2_Brazil_2017	SRA:SRX3117614.9467546.1	97.468	79	2	0	3777	3855	1	79	5.84e-28	135
CFAV-Macapa2_Brazil_2017	SRA:SRX3117614.8793816.1	97.468	79	2	0	3775	3853	1	79	5.84e-28	135
CFAV-Macapa2_Brazil_2017	SRA:SRX3117614.8390514.1	97.468	79	2	0	3775	3853	1	79	5.84e-28	135
CFAV-Macapa2_Brazil_2017	SRA:SRX3117614.7915298.1	97.468	79	2	0	3788	3866	1	79	5.84e-28	135
CFAV-Macapa2_Brazil_2017	SRA:SRX3117614.7767261.1	97.468	79	2	0	3786	3864	1	79	5.84e-28	135
CFAV-Macapa2_Brazil_2017	SRA:SRX3117614.3947290.1	97.468	79	2	0	3769	3847	1	79	5.84e-28	135
CFAV-Macapa2_Brazil_2017	SRA:SRX3117614.1082987.1	97.468	79	2	0	3619	3697	1	79	5.84e-28	135
CFAV-Macapa2_Brazil_2017	SRA:SRX3117614.729641.1	97.468	79	2	0	3764	3842	1	79	5.84e-28	135
CFAV-Macapa2_Brazil_2017	SRA:SRX3117614.49719777.2	97.436	78	2	0	3724	3801	78	1	2.10e-27	134
CFAV-Macapa2_Brazil_2017	SRA:SRX3117614.48532622.2	97.436	78	2	0	3811	3888	78	1	2.10e-27	134
CFAV-Macapa2_Brazil_2017	SRA:SRX3117614.42250836.1	97.436	78	2	0	3615	3692	1	78	2.10e-27	134
CFAV-Macapa2_Brazil_2017	SRA:SRX3117614.33923416.2	97.436	78	2	0	3780	3857	79	2	2.10e-27	134
CFAV-Macapa2_Brazil_2017	SRA:SRX3117614.32858340.1	97.436	78	2	0	3731	3808	2	79	2.10e-27	134
CFAV-Macapa2_Brazil_2017	SRA:SRX3117614.27275641.1	97.436	78	2	0	3770	3847	1	78	2.10e-27	134
CFAV-Macapa2_Brazil_2017	SRA:SRX3117614.22799780.2	97.436	78	2	0	3748	3825	78	1	2.10e-27	134
CFAV-Macapa2_Brazil_2017	SRA:SRX3117614.22318111.1	97.436	78	2	0	3770	3847	1	78	2.10e-27	134
CFAV-Macapa2_Brazil_2017	SRA:SRX3117614.15498551.2	97.436	78	2	0	3768	3845	78	1	2.10e-27	134
CFAV-Macapa2_Brazil_2017	SRA:SRX3117614.3860092.2	97.436	78	2	0	3771	3848	78	1	2.10e-27	134
CFAV-Macapa2_Brazil_2017	SRA:SRX3117614.21359526.1	97.403	77	2	0	3771	3847	2	78	7.56e-27	132
CFAV-Macapa2_Brazil_2017	SRA:SRX3117614.18225531.1	97.403	77	2	0	3624	3700	1	77	7.56e-27	132
CFAV-Macapa2_Brazil_2017	SRA:SRX3117614.7117851.2	97.403	77	2	0	3634	3710	78	2	7.56e-27	132
CFAV-Macapa2_Brazil_2017	SRA:SRX3117614.47347655.1	97.368	76	2	0	3753	3828	1	76	2.72e-26	130
CFAV-Macapa2_Brazil_2017	SRA:SRX3117614.46219896.1	96.203	79	3	0	3756	3834	1	79	2.72e-26	130
CFAV-Macapa2_Brazil_2017	SRA:SRX3117614.43866171.1	96.203	79	3	0	3757	3835	1	79	2.72e-26	130
CFAV-Macapa2_Brazil_2017	SRA:SRX3117614.41535646.1	96.203	79	3	0	3756	3834	1	79	2.72e-26	130
CFAV-Macapa2_Brazil_2017	SRA:SRX3117614.40235326.2	96.203	79	3	0	3813	3891	79	1	2.72e-26	130
CFAV-Macapa2_Brazil_2017	SRA:SRX3117614.35740167.2	97.368	76	2	0	3585	3660	76	1	2.72e-26	130
CFAV-Macapa2_Brazil_2017	SRA:SRX3117614.33472413.2	96.203	79	3	0	3753	3831	79	1	2.72e-26	130
CFAV-Macapa2_Brazil_2017	SRA:SRX3117614.25737390.1	96.203	79	3	0	3743	3821	1	79	2.72e-26	130
CFAV-Macapa2_Brazil_2017	SRA:SRX3117614.18047153.1	96.203	79	3	0	3756	3834	1	79	2.72e-26	130
CFAV-Macapa2_Brazil_2017	SRA:SRX3117614.14497766.1	96.203	79	3	0	3825	3903	1	79	2.72e-26	130
CFAV-Macapa2_Brazil_2017	SRA:SRX3117614.12722807.1	96.203	79	3	0	3755	3833	1	79	2.72e-26	130
CFAV-Macapa2_Brazil_2017	SRA:SRX3117614.7703332.1	96.203	79	3	0	3809	3887	1	79	2.72e-26	130
CFAV-Macapa2_Brazil_2017	SRA:SRX3117614.3904132.1	96.203	79	3	0	3787	3865	1	79	2.72e-26	130
CFAV-Macapa2_Brazil_2017	SRA:SRX3117614.2061297.1	96.203	79	3	0	3703	3781	1	79	2.72e-26	130
CFAV-Macapa2_Brazil_2017	SRA:SRX3117614.40235326.1	97.333	75	2	0	3660	3734	1	75	9.78e-26	128
CFAV-Macapa2_Brazil_2017	SRA:SRX3117614.39421792.2	96.104	77	3	0	3838	3914	77	1	3.52e-25	126
CFAV-Macapa2_Brazil_2017	SRA:SRX3117614.41183597.2	98.571	70	1	0	3846	3915	79	10	1.26e-24	124
CFAV-Macapa2_Brazil_2017	SRA:SRX3117614.1849975.1	94.937	79	4	0	3698	3776	1	79	1.26e-24	124
CFAV-Macapa2_Brazil_2017	SRA:SRX3117614.47347655.2	98.462	65	1	0	3851	3915	79	15	7.61e-22	115
CFAV-Macapa2_Brazil_2017	SRA:SRX3117614.18047153.2	98.462	65	1	0	3851	3915	79	15	7.61e-22	115
CFAV-Macapa2_Brazil_2017	SRA:SRX3117614.42876166.2	98.438	64	1	0	3585	3648	64	1	2.74e-21	113
CFAV-Macapa2_Brazil_2017	SRA:SRX3117614.24287897.2	98.438	64	1	0	3585	3648	64	1	2.74e-21	113
CFAV-Macapa2_Brazil_2017	SRA:SRX3117614.42108232.2	98.333	60	1	0	3856	3915	79	20	4.58e-19	106
CFAV-Macapa2_Brazil_2017	SRA:SRX3117614.2061297.2	98.333	60	1	0	3856	3915	79	20	4.58e-19	106
CFAV-Macapa2_Brazil_2017	SRA:SRX3117614.36781620.1	98.276	58	1	0	3858	3915	2	59	5.93e-18	102
CFAV-Macapa2_Brazil_2017	SRA:SRX3117614.38458151.2	98.246	57	1	0	3859	3915	78	22	2.13e-17	100
CFAV-Macapa2_Brazil_2017	SRA:SRX3117614.7915298.2	98.246	57	1	0	3859	3915	77	21	2.13e-17	100
CFAV-Macapa2_Brazil_2017	SRA:SRX3117614.32858340.2	98.182	55	1	0	3861	3915	79	25	2.76e-16	97.1
CFAV-Macapa2_Brazil_2017	SRA:SRX3117614.14179539.2	98.182	55	1	0	3861	3915	79	25	2.76e-16	97.1
CFAV-Macapa2_Brazil_2017	SRA:SRX3117614.27938530.1	97.959	49	1	0	3867	3915	1	49	5.97e-13	86.1
CFAV-Macapa2_Brazil_2017	SRA:SRX3117614.33290387.2	97.917	48	1	0	3868	3915	77	30	2.15e-12	84.2
CFAV-Macapa2_Brazil_2017	SRA:SRX3117614.38162782.1	97.674	43	1	0	3585	3627	36	78	1.29e-09	75.0
CFAV-Macapa2_Brazil_2017	SRA:SRX3117614.6607261.2	97.674	43	1	0	3585	3627	43	1	1.29e-09	75.0
CFAV-Macapa2_Brazil_2017	SRA:SRX3117614.41535646.2	97.619	42	1	0	3874	3915	79	38	4.65e-09	73.1
CFAV-Macapa2_Brazil_2017	SRA:SRX3117614.46111763.1	97.500	40	1	0	3585	3624	40	79	6.01e-08	69.4
CFAV-Macapa2_Brazil_2017	SRA:SRX3117614.38053941.2	97.368	38	1	0	3878	3915	79	42	7.77e-07	65.8
CFAV-Macapa2_Brazil_2017	SRA:SRX3117614.35330601.2	97.368	38	1	0	3878	3915	79	42	7.77e-07	65.8
CFAV-Macapa2_Brazil_2017	SRA:SRX3117614.3947290.2	97.368	38	1	0	3878	3915	79	42	7.77e-07	65.8
CFAV-Macapa2_Brazil_2017	SRA:SRX3117614.3165824.2	97.368	38	1	0	3878	3915	79	42	7.77e-07	65.8
CFAV-Macapa2_Brazil_2017	SRA:SRX3117614.32768665.1	97.143	35	1	0	3881	3915	1	35	3.62e-05	60.2
CFAV-Macapa2_Brazil_2017	SRA:SRX3117614.23497109.2	100.000	32	0	0	3884	3915	77	46	3.62e-05	60.2
CFAV-Macapa2_Brazil_2017	SRA:SRX3117614.22888975.1	97.143	35	1	0	3881	3915	1	35	3.62e-05	60.2
CFAV-Macapa2_Brazil_2017	SRA:SRX3117614.1045514.2	100.000	32	0	0	3884	3915	77	46	3.62e-05	60.2
CFAV-Macapa2_Brazil_2017	SRA:SRX3117614.8390514.2	100.000	29	0	0	3887	3915	78	50	0.002	54.7
CFAV-Macapa2_Brazil_2017	SRA:SRX3117614.1015208.1	100.000	28	0	0	3888	3915	1	28	0.006	52.8
CFAV-KC_Cambodia_2015	SRA:SRX3117614.45417203.1	100.000	79	0	0	3695	3773	1	79	2.70e-31	147
CFAV-KC_Cambodia_2015	SRA:SRX3117614.42108232.1	100.000	79	0	0	3714	3792	1	79	2.70e-31	147
CFAV-KC_Cambodia_2015	SRA:SRX3117614.41183597.1	100.000	79	0	0	3681	3759	1	79	2.70e-31	147
CFAV-KC_Cambodia_2015	SRA:SRX3117614.39421792.1	100.000	79	0	0	3716	3794	1	79	2.70e-31	147
CFAV-KC_Cambodia_2015	SRA:SRX3117614.33290387.1	100.000	79	0	0	3681	3759	1	79	2.70e-31	147
CFAV-KC_Cambodia_2015	SRA:SRX3117614.28095967.2	100.000	79	0	0	3705	3783	79	1	2.70e-31	147
CFAV-KC_Cambodia_2015	SRA:SRX3117614.19790312.1	100.000	79	0	0	3716	3794	1	79	2.70e-31	147
CFAV-KC_Cambodia_2015	SRA:SRX3117614.19447488.1	100.000	79	0	0	3716	3794	1	79	2.70e-31	147
CFAV-KC_Cambodia_2015	SRA:SRX3117614.14803148.1	100.000	79	0	0	3698	3776	1	79	2.70e-31	147
CFAV-KC_Cambodia_2015	SRA:SRX3117614.14406161.1	100.000	79	0	0	3691	3769	1	79	2.70e-31	147
CFAV-KC_Cambodia_2015	SRA:SRX3117614.14179539.1	100.000	79	0	0	3683	3761	1	79	2.70e-31	147
CFAV-KC_Cambodia_2015	SRA:SRX3117614.13058487.1	100.000	79	0	0	3681	3759	1	79	2.70e-31	147
CFAV-KC_Cambodia_2015	SRA:SRX3117614.10221900.2	100.000	79	0	0	3702	3780	79	1	2.70e-31	147
CFAV-KC_Cambodia_2015	SRA:SRX3117614.10157118.1	100.000	79	0	0	3680	3758	1	79	2.70e-31	147
CFAV-KC_Cambodia_2015	SRA:SRX3117614.9013318.1	100.000	79	0	0	3715	3793	1	79	2.70e-31	147
CFAV-KC_Cambodia_2015	SRA:SRX3117614.3860092.1	100.000	79	0	0	3681	3759	1	79	2.70e-31	147
CFAV-KC_Cambodia_2015	SRA:SRX3117614.1045514.1	100.000	79	0	0	3681	3759	1	79	2.70e-31	147
CFAV-KC_Cambodia_2015	SRA:SRX3117614.48532622.1	100.000	78	0	0	3676	3753	2	79	9.72e-31	145
CFAV-KC_Cambodia_2015	SRA:SRX3117614.38458151.1	100.000	78	0	0	3713	3790	1	78	9.72e-31	145
CFAV-KC_Cambodia_2015	SRA:SRX3117614.33923416.1	100.000	78	0	0	3682	3759	1	78	9.72e-31	145
CFAV-KC_Cambodia_2015	SRA:SRX3117614.24550301.1	100.000	78	0	0	3676	3753	2	79	9.72e-31	145
CFAV-KC_Cambodia_2015	SRA:SRX3117614.22563240.1	100.000	78	0	0	3676	3753	1	78	9.72e-31	145
CFAV-KC_Cambodia_2015	SRA:SRX3117614.15498551.1	100.000	78	0	0	3682	3759	1	78	9.72e-31	145
CFAV-KC_Cambodia_2015	SRA:SRX3117614.4054571.1	100.000	78	0	0	3676	3753	1	78	9.72e-31	145
CFAV-KC_Cambodia_2015	SRA:SRX3117614.39843299.1	100.000	77	0	0	3676	3752	3	79	3.50e-30	143
CFAV-KC_Cambodia_2015	SRA:SRX3117614.23182628.2	100.000	77	0	0	3683	3759	77	1	3.50e-30	143
CFAV-KC_Cambodia_2015	SRA:SRX3117614.14406161.2	100.000	77	0	0	3826	3902	77	1	3.50e-30	143
CFAV-KC_Cambodia_2015	SRA:SRX3117614.49455118.2	98.734	79	1	0	3742	3820	79	1	1.26e-29	141
CFAV-KC_Cambodia_2015	SRA:SRX3117614.46111763.2	98.734	79	1	0	3736	3814	79	1	1.26e-29	141
CFAV-KC_Cambodia_2015	SRA:SRX3117614.42250836.2	98.734	79	1	0	3744	3822	79	1	1.26e-29	141
CFAV-KC_Cambodia_2015	SRA:SRX3117614.39843299.2	98.734	79	1	0	3736	3814	79	1	1.26e-29	141
CFAV-KC_Cambodia_2015	SRA:SRX3117614.38162782.2	100.000	76	0	0	3725	3800	76	1	1.26e-29	141
CFAV-KC_Cambodia_2015	SRA:SRX3117614.25949248.1	98.734	79	1	0	3741	3819	1	79	1.26e-29	141
CFAV-KC_Cambodia_2015	SRA:SRX3117614.19663555.1	100.000	76	0	0	3676	3751	4	79	1.26e-29	141
CFAV-KC_Cambodia_2015	SRA:SRX3117614.16412828.2	98.734	79	1	0	3739	3817	79	1	1.26e-29	141
CFAV-KC_Cambodia_2015	SRA:SRX3117614.1082987.2	98.734	79	1	0	3669	3747	79	1	1.26e-29	141
CFAV-KC_Cambodia_2015	SRA:SRX3117614.49719777.2	98.718	78	1	0	3735	3812	78	1	4.52e-29	139
CFAV-KC_Cambodia_2015	SRA:SRX3117614.48532622.2	98.718	78	1	0	3822	3899	78	1	4.52e-29	139
CFAV-KC_Cambodia_2015	SRA:SRX3117614.32858340.1	98.718	78	1	0	3742	3819	2	79	4.52e-29	139
CFAV-KC_Cambodia_2015	SRA:SRX3117614.15513036.2	98.718	78	1	0	3747	3824	79	2	4.52e-29	139
CFAV-KC_Cambodia_2015	SRA:SRX3117614.49322841.2	98.701	77	1	0	3805	3881	77	1	1.63e-28	137
CFAV-KC_Cambodia_2015	SRA:SRX3117614.40235326.2	98.701	77	1	0	3826	3902	77	1	1.63e-28	137
CFAV-KC_Cambodia_2015	SRA:SRX3117614.12667505.2	98.701	77	1	0	3669	3745	77	1	1.63e-28	137
CFAV-KC_Cambodia_2015	SRA:SRX3117614.10157118.2	98.701	77	1	0	3805	3881	77	1	1.63e-28	137
CFAV-KC_Cambodia_2015	SRA:SRX3117614.9013318.2	98.701	77	1	0	3805	3881	77	1	1.63e-28	137
CFAV-KC_Cambodia_2015	SRA:SRX3117614.7117851.2	98.701	77	1	0	3645	3721	78	2	1.63e-28	137
CFAV-KC_Cambodia_2015	SRA:SRX3117614.4054571.2	98.701	77	1	0	3810	3886	77	1	1.63e-28	137
CFAV-KC_Cambodia_2015	SRA:SRX3117614.49719777.1	97.468	79	2	0	3629	3707	1	79	5.85e-28	135
CFAV-KC_Cambodia_2015	SRA:SRX3117614.49455118.1	97.468	79	2	0	3615	3693	1	79	5.85e-28	135
CFAV-KC_Cambodia_2015	SRA:SRX3117614.49322841.1	97.468	79	2	0	3618	3696	1	79	5.85e-28	135
CFAV-KC_Cambodia_2015	SRA:SRX3117614.47347655.1	97.468	79	2	0	3764	3842	1	79	5.85e-28	135
CFAV-KC_Cambodia_2015	SRA:SRX3117614.46219896.1	97.468	79	2	0	3767	3845	1	79	5.85e-28	135
CFAV-KC_Cambodia_2015	SRA:SRX3117614.45851557.2	98.684	76	1	0	3639	3714	76	1	5.85e-28	135
CFAV-KC_Cambodia_2015	SRA:SRX3117614.45645280.1	97.468	79	2	0	3799	3877	1	79	5.85e-28	135
CFAV-KC_Cambodia_2015	SRA:SRX3117614.45417203.2	97.468	79	2	0	3843	3921	79	1	5.85e-28	135
CFAV-KC_Cambodia_2015	SRA:SRX3117614.43866171.1	97.468	79	2	0	3768	3846	1	79	5.85e-28	135
CFAV-KC_Cambodia_2015	SRA:SRX3117614.41535646.1	97.468	79	2	0	3767	3845	1	79	5.85e-28	135
CFAV-KC_Cambodia_2015	SRA:SRX3117614.38728531.1	97.468	79	2	0	3775	3853	1	79	5.85e-28	135
CFAV-KC_Cambodia_2015	SRA:SRX3117614.38227422.2	98.684	76	1	0	3639	3714	76	1	5.85e-28	135
CFAV-KC_Cambodia_2015	SRA:SRX3117614.38053941.1	97.468	79	2	0	3775	3853	1	79	5.85e-28	135
CFAV-KC_Cambodia_2015	SRA:SRX3117614.36364868.1	97.468	79	2	0	3789	3867	1	79	5.85e-28	135
CFAV-KC_Cambodia_2015	SRA:SRX3117614.35330601.1	97.468	79	2	0	3791	3869	1	79	5.85e-28	135
CFAV-KC_Cambodia_2015	SRA:SRX3117614.33495089.1	97.468	79	2	0	3793	3871	1	79	5.85e-28	135
CFAV-KC_Cambodia_2015	SRA:SRX3117614.33472413.2	97.468	79	2	0	3764	3842	79	1	5.85e-28	135
CFAV-KC_Cambodia_2015	SRA:SRX3117614.33472413.1	97.468	79	2	0	3629	3707	1	79	5.85e-28	135
CFAV-KC_Cambodia_2015	SRA:SRX3117614.30953860.1	97.468	79	2	0	3789	3867	1	79	5.85e-28	135
CFAV-KC_Cambodia_2015	SRA:SRX3117614.28095967.1	97.468	79	2	0	3627	3705	1	79	5.85e-28	135
CFAV-KC_Cambodia_2015	SRA:SRX3117614.27818617.1	97.468	79	2	0	3777	3855	1	79	5.85e-28	135
CFAV-KC_Cambodia_2015	SRA:SRX3117614.25949248.2	97.468	79	2	0	3843	3921	79	1	5.85e-28	135
CFAV-KC_Cambodia_2015	SRA:SRX3117614.24550301.2	97.468	79	2	0	3843	3921	79	1	5.85e-28	135
CFAV-KC_Cambodia_2015	SRA:SRX3117614.22799780.1	97.468	79	2	0	3621	3699	1	79	5.85e-28	135
CFAV-KC_Cambodia_2015	SRA:SRX3117614.20658197.2	97.468	79	2	0	3634	3712	79	1	5.85e-28	135
CFAV-KC_Cambodia_2015	SRA:SRX3117614.19663555.2	97.468	79	2	0	3800	3878	79	1	5.85e-28	135
CFAV-KC_Cambodia_2015	SRA:SRX3117614.18047153.1	97.468	79	2	0	3767	3845	1	79	5.85e-28	135
CFAV-KC_Cambodia_2015	SRA:SRX3117614.16412828.1	97.468	79	2	0	3621	3699	1	79	5.85e-28	135
CFAV-KC_Cambodia_2015	SRA:SRX3117614.15977958.1	97.468	79	2	0	3797	3875	1	79	5.85e-28	135
CFAV-KC_Cambodia_2015	SRA:SRX3117614.14803148.2	97.468	79	2	0	3846	3924	79	1	5.85e-28	135
CFAV-KC_Cambodia_2015	SRA:SRX3117614.14497766.1	97.468	79	2	0	3836	3914	1	79	5.85e-28	135
CFAV-KC_Cambodia_2015	SRA:SRX3117614.13058487.2	98.684	76	1	0	3810	3885	76	1	5.85e-28	135
CFAV-KC_Cambodia_2015	SRA:SRX3117614.12722807.1	97.468	79	2	0	3766	3844	1	79	5.85e-28	135
CFAV-KC_Cambodia_2015	SRA:SRX3117614.10221900.1	97.468	79	2	0	3621	3699	1	79	5.85e-28	135
CFAV-KC_Cambodia_2015	SRA:SRX3117614.9467546.1	97.468	79	2	0	3788	3866	1	79	5.85e-28	135
CFAV-KC_Cambodia_2015	SRA:SRX3117614.8793816.1	97.468	79	2	0	3786	3864	1	79	5.85e-28	135
CFAV-KC_Cambodia_2015	SRA:SRX3117614.8390514.1	97.468	79	2	0	3786	3864	1	79	5.85e-28	135
CFAV-KC_Cambodia_2015	SRA:SRX3117614.7915298.1	97.468	79	2	0	3799	3877	1	79	5.85e-28	135
CFAV-KC_Cambodia_2015	SRA:SRX3117614.7767261.1	97.468	79	2	0	3797	3875	1	79	5.85e-28	135
CFAV-KC_Cambodia_2015	SRA:SRX3117614.7703332.1	97.468	79	2	0	3820	3898	1	79	5.85e-28	135
CFAV-KC_Cambodia_2015	SRA:SRX3117614.3947290.1	97.468	79	2	0	3780	3858	1	79	5.85e-28	135
CFAV-KC_Cambodia_2015	SRA:SRX3117614.2061297.1	97.468	79	2	0	3714	3792	1	79	5.85e-28	135
CFAV-KC_Cambodia_2015	SRA:SRX3117614.1082987.1	97.468	79	2	0	3630	3708	1	79	5.85e-28	135
CFAV-KC_Cambodia_2015	SRA:SRX3117614.729641.1	97.468	79	2	0	3775	3853	1	79	5.85e-28	135
CFAV-KC_Cambodia_2015	SRA:SRX3117614.42250836.1	97.436	78	2	0	3626	3703	1	78	2.10e-27	134
CFAV-KC_Cambodia_2015	SRA:SRX3117614.36296083.2	97.436	78	2	0	3606	3683	78	1	2.10e-27	134
CFAV-KC_Cambodia_2015	SRA:SRX3117614.35473377.1	97.436	78	2	0	3842	3919	1	78	2.10e-27	134
CFAV-KC_Cambodia_2015	SRA:SRX3117614.33923416.2	97.436	78	2	0	3791	3868	79	2	2.10e-27	134
CFAV-KC_Cambodia_2015	SRA:SRX3117614.27275641.1	97.436	78	2	0	3781	3858	1	78	2.10e-27	134
CFAV-KC_Cambodia_2015	SRA:SRX3117614.22799780.2	97.436	78	2	0	3759	3836	78	1	2.10e-27	134
CFAV-KC_Cambodia_2015	SRA:SRX3117614.22318111.1	97.436	78	2	0	3781	3858	1	78	2.10e-27	134
CFAV-KC_Cambodia_2015	SRA:SRX3117614.19215654.2	97.436	78	2	0	3608	3685	78	1	2.10e-27	134
CFAV-KC_Cambodia_2015	SRA:SRX3117614.15498551.2	97.436	78	2	0	3779	3856	78	1	2.10e-27	134
CFAV-KC_Cambodia_2015	SRA:SRX3117614.3860092.2	97.436	78	2	0	3782	3859	78	1	2.10e-27	134
CFAV-KC_Cambodia_2015	SRA:SRX3117614.43909643.2	97.403	77	2	0	3612	3688	77	1	7.57e-27	132
CFAV-KC_Cambodia_2015	SRA:SRX3117614.43866171.2	97.403	77	2	0	3849	3925	77	1	7.57e-27	132
CFAV-KC_Cambodia_2015	SRA:SRX3117614.22563240.2	97.403	77	2	0	3849	3925	77	1	7.57e-27	132
CFAV-KC_Cambodia_2015	SRA:SRX3117614.21359526.1	97.403	77	2	0	3782	3858	2	78	7.57e-27	132
CFAV-KC_Cambodia_2015	SRA:SRX3117614.18225531.1	97.403	77	2	0	3635	3711	1	77	7.57e-27	132
CFAV-KC_Cambodia_2015	SRA:SRX3117614.729641.2	97.403	77	2	0	3849	3925	77	1	7.57e-27	132
CFAV-KC_Cambodia_2015	SRA:SRX3117614.35740167.2	97.368	76	2	0	3596	3671	76	1	2.72e-26	130
CFAV-KC_Cambodia_2015	SRA:SRX3117614.29702716.2	96.203	79	3	0	3660	3738	79	1	2.72e-26	130
CFAV-KC_Cambodia_2015	SRA:SRX3117614.25737390.1	96.203	79	3	0	3754	3832	1	79	2.72e-26	130
CFAV-KC_Cambodia_2015	SRA:SRX3117614.3904132.1	96.203	79	3	0	3798	3876	1	79	2.72e-26	130
CFAV-KC_Cambodia_2015	SRA:SRX3117614.3165824.1	96.203	79	3	0	3787	3865	1	79	2.72e-26	130
CFAV-KC_Cambodia_2015	SRA:SRX3117614.1849975.1	96.203	79	3	0	3709	3787	1	79	2.72e-26	130
CFAV-KC_Cambodia_2015	SRA:SRX3117614.40235326.1	97.333	75	2	0	3671	3745	1	75	9.79e-26	128
CFAV-KC_Cambodia_2015	SRA:SRX3117614.41183597.2	97.143	70	2	0	3857	3926	79	10	5.89e-23	119
CFAV-KC_Cambodia_2015	SRA:SRX3117614.47347655.2	96.923	65	2	0	3862	3926	79	15	3.54e-20	110
CFAV-KC_Cambodia_2015	SRA:SRX3117614.18047153.2	96.923	65	2	0	3862	3926	79	15	3.54e-20	110
CFAV-KC_Cambodia_2015	SRA:SRX3117614.42876166.2	96.875	64	2	0	3596	3659	64	1	1.27e-19	108
CFAV-KC_Cambodia_2015	SRA:SRX3117614.24287897.2	96.875	64	2	0	3596	3659	64	1	1.27e-19	108
CFAV-KC_Cambodia_2015	SRA:SRX3117614.42108232.2	96.667	60	2	0	3867	3926	79	20	2.13e-17	100
CFAV-KC_Cambodia_2015	SRA:SRX3117614.2061297.2	96.667	60	2	0	3867	3926	79	20	2.13e-17	100
CFAV-KC_Cambodia_2015	SRA:SRX3117614.36781620.1	96.552	58	2	0	3869	3926	2	59	2.76e-16	97.1
CFAV-KC_Cambodia_2015	SRA:SRX3117614.38458151.2	96.491	57	2	0	3870	3926	78	22	9.93e-16	95.3
CFAV-KC_Cambodia_2015	SRA:SRX3117614.7915298.2	96.491	57	2	0	3870	3926	77	21	9.93e-16	95.3
CFAV-KC_Cambodia_2015	SRA:SRX3117614.32858340.2	96.364	55	2	0	3872	3926	79	25	1.28e-14	91.6
CFAV-KC_Cambodia_2015	SRA:SRX3117614.14179539.2	96.364	55	2	0	3872	3926	79	25	1.28e-14	91.6
CFAV-KC_Cambodia_2015	SRA:SRX3117614.38162782.1	97.619	42	1	0	3596	3637	36	77	4.65e-09	73.1
CFAV-KC_Cambodia_2015	SRA:SRX3117614.6607261.2	97.619	42	1	0	3596	3637	43	2	4.65e-09	73.1
CFAV-KC_Cambodia_2015	SRA:SRX3117614.46111763.1	97.500	40	1	0	3596	3635	40	79	6.02e-08	69.4
CFAV-Zik_Uganda_2016	SRA:SRX3117614.49719777.1	100.000	79	0	0	3629	3707	1	79	2.70e-31	147
CFAV-Zik_Uganda_2016	SRA:SRX3117614.49455118.1	100.000	79	0	0	3615	3693	1	79	2.70e-31	147
CFAV-Zik_Uganda_2016	SRA:SRX3117614.49322841.1	100.000	79	0	0	3618	3696	1	79	2.70e-31	147
CFAV-Zik_Uganda_2016	SRA:SRX3117614.48532622.1	100.000	79	0	0	3675	3753	1	79	2.70e-31	147
CFAV-Zik_Uganda_2016	SRA:SRX3117614.45851557.2	100.000	79	0	0	3636	3714	79	1	2.70e-31	147
CFAV-Zik_Uganda_2016	SRA:SRX3117614.45417203.2	100.000	79	0	0	3843	3921	79	1	2.70e-31	147
CFAV-Zik_Uganda_2016	SRA:SRX3117614.45417203.1	100.000	79	0	0	3695	3773	1	79	2.70e-31	147
CFAV-Zik_Uganda_2016	SRA:SRX3117614.42108232.1	100.000	79	0	0	3714	3792	1	79	2.70e-31	147
CFAV-Zik_Uganda_2016	SRA:SRX3117614.41183597.1	100.000	79	0	0	3681	3759	1	79	2.70e-31	147
CFAV-Zik_Uganda_2016	SRA:SRX3117614.39843299.1	100.000	79	0	0	3674	3752	1	79	2.70e-31	147
CFAV-Zik_Uganda_2016	SRA:SRX3117614.39421792.1	100.000	79	0	0	3716	3794	1	79	2.70e-31	147
CFAV-Zik_Uganda_2016	SRA:SRX3117614.38227422.2	100.000	79	0	0	3636	3714	79	1	2.70e-31	147
CFAV-Zik_Uganda_2016	SRA:SRX3117614.33472413.1	100.000	79	0	0	3629	3707	1	79	2.70e-31	147
CFAV-Zik_Uganda_2016	SRA:SRX3117614.33290387.1	100.000	79	0	0	3681	3759	1	79	2.70e-31	147
CFAV-Zik_Uganda_2016	SRA:SRX3117614.28095967.2	100.000	79	0	0	3705	3783	79	1	2.70e-31	147
CFAV-Zik_Uganda_2016	SRA:SRX3117614.28095967.1	100.000	79	0	0	3627	3705	1	79	2.70e-31	147
CFAV-Zik_Uganda_2016	SRA:SRX3117614.25949248.2	100.000	79	0	0	3843	3921	79	1	2.70e-31	147
CFAV-Zik_Uganda_2016	SRA:SRX3117614.24550301.2	100.000	79	0	0	3843	3921	79	1	2.70e-31	147
CFAV-Zik_Uganda_2016	SRA:SRX3117614.24550301.1	100.000	79	0	0	3675	3753	1	79	2.70e-31	147
CFAV-Zik_Uganda_2016	SRA:SRX3117614.22799780.1	100.000	79	0	0	3621	3699	1	79	2.70e-31	147
CFAV-Zik_Uganda_2016	SRA:SRX3117614.20658197.2	100.000	79	0	0	3634	3712	79	1	2.70e-31	147
CFAV-Zik_Uganda_2016	SRA:SRX3117614.19790312.1	100.000	79	0	0	3716	3794	1	79	2.70e-31	147
CFAV-Zik_Uganda_2016	SRA:SRX3117614.19447488.1	100.000	79	0	0	3716	3794	1	79	2.70e-31	147
CFAV-Zik_Uganda_2016	SRA:SRX3117614.16412828.1	100.000	79	0	0	3621	3699	1	79	2.70e-31	147
CFAV-Zik_Uganda_2016	SRA:SRX3117614.14803148.2	100.000	79	0	0	3846	3924	79	1	2.70e-31	147
CFAV-Zik_Uganda_2016	SRA:SRX3117614.14803148.1	100.000	79	0	0	3698	3776	1	79	2.70e-31	147
CFAV-Zik_Uganda_2016	SRA:SRX3117614.14406161.1	100.000	79	0	0	3691	3769	1	79	2.70e-31	147
CFAV-Zik_Uganda_2016	SRA:SRX3117614.14179539.1	100.000	79	0	0	3683	3761	1	79	2.70e-31	147
CFAV-Zik_Uganda_2016	SRA:SRX3117614.13058487.1	100.000	79	0	0	3681	3759	1	79	2.70e-31	147
CFAV-Zik_Uganda_2016	SRA:SRX3117614.10221900.2	100.000	79	0	0	3702	3780	79	1	2.70e-31	147
CFAV-Zik_Uganda_2016	SRA:SRX3117614.10221900.1	100.000	79	0	0	3621	3699	1	79	2.70e-31	147
CFAV-Zik_Uganda_2016	SRA:SRX3117614.10157118.1	100.000	79	0	0	3680	3758	1	79	2.70e-31	147
CFAV-Zik_Uganda_2016	SRA:SRX3117614.9013318.1	100.000	79	0	0	3715	3793	1	79	2.70e-31	147
CFAV-Zik_Uganda_2016	SRA:SRX3117614.3860092.1	100.000	79	0	0	3681	3759	1	79	2.70e-31	147
CFAV-Zik_Uganda_2016	SRA:SRX3117614.1082987.2	100.000	79	0	0	3669	3747	79	1	2.70e-31	147
CFAV-Zik_Uganda_2016	SRA:SRX3117614.1082987.1	100.000	79	0	0	3630	3708	1	79	2.70e-31	147
CFAV-Zik_Uganda_2016	SRA:SRX3117614.1045514.1	100.000	79	0	0	3681	3759	1	79	2.70e-31	147
CFAV-Zik_Uganda_2016	SRA:SRX3117614.42250836.1	100.000	78	0	0	3626	3703	1	78	9.72e-31	145
CFAV-Zik_Uganda_2016	SRA:SRX3117614.38458151.1	100.000	78	0	0	3713	3790	1	78	9.72e-31	145
CFAV-Zik_Uganda_2016	SRA:SRX3117614.36296083.2	100.000	78	0	0	3606	3683	78	1	9.72e-31	145
CFAV-Zik_Uganda_2016	SRA:SRX3117614.35473377.1	100.000	78	0	0	3842	3919	1	78	9.72e-31	145
CFAV-Zik_Uganda_2016	SRA:SRX3117614.33923416.1	100.000	78	0	0	3682	3759	1	78	9.72e-31	145
CFAV-Zik_Uganda_2016	SRA:SRX3117614.22563240.1	100.000	78	0	0	3676	3753	1	78	9.72e-31	145
CFAV-Zik_Uganda_2016	SRA:SRX3117614.19663555.1	100.000	78	0	0	3674	3751	2	79	9.72e-31	145
CFAV-Zik_Uganda_2016	SRA:SRX3117614.19215654.2	100.000	78	0	0	3608	3685	78	1	9.72e-31	145
CFAV-Zik_Uganda_2016	SRA:SRX3117614.15498551.1	100.000	78	0	0	3682	3759	1	78	9.72e-31	145
CFAV-Zik_Uganda_2016	SRA:SRX3117614.4054571.1	100.000	78	0	0	3676	3753	1	78	9.72e-31	145
CFAV-Zik_Uganda_2016	SRA:SRX3117614.43909643.2	100.000	77	0	0	3612	3688	77	1	3.50e-30	143
CFAV-Zik_Uganda_2016	SRA:SRX3117614.43866171.2	100.000	77	0	0	3849	3925	77	1	3.50e-30	143
CFAV-Zik_Uganda_2016	SRA:SRX3117614.23182628.2	100.000	77	0	0	3683	3759	77	1	3.50e-30	143
CFAV-Zik_Uganda_2016	SRA:SRX3117614.22563240.2	100.000	77	0	0	3849	3925	77	1	3.50e-30	143
CFAV-Zik_Uganda_2016	SRA:SRX3117614.18225531.1	100.000	77	0	0	3635	3711	1	77	3.50e-30	143
CFAV-Zik_Uganda_2016	SRA:SRX3117614.14406161.2	100.000	77	0	0	3826	3902	77	1	3.50e-30	143
CFAV-Zik_Uganda_2016	SRA:SRX3117614.12667505.2	100.000	77	0	0	3669	3745	77	1	3.50e-30	143
CFAV-Zik_Uganda_2016	SRA:SRX3117614.7117851.2	100.000	77	0	0	3645	3721	78	2	3.50e-30	143
CFAV-Zik_Uganda_2016	SRA:SRX3117614.729641.2	100.000	77	0	0	3849	3925	77	1	3.50e-30	143
CFAV-Zik_Uganda_2016	SRA:SRX3117614.49455118.2	98.734	79	1	0	3742	3820	79	1	1.26e-29	141
CFAV-Zik_Uganda_2016	SRA:SRX3117614.46111763.2	98.734	79	1	0	3736	3814	79	1	1.26e-29	141
CFAV-Zik_Uganda_2016	SRA:SRX3117614.42250836.2	98.734	79	1	0	3744	3822	79	1	1.26e-29	141
CFAV-Zik_Uganda_2016	SRA:SRX3117614.39843299.2	98.734	79	1	0	3736	3814	79	1	1.26e-29	141
CFAV-Zik_Uganda_2016	SRA:SRX3117614.38162782.2	100.000	76	0	0	3725	3800	76	1	1.26e-29	141
CFAV-Zik_Uganda_2016	SRA:SRX3117614.25949248.1	98.734	79	1	0	3741	3819	1	79	1.26e-29	141
CFAV-Zik_Uganda_2016	SRA:SRX3117614.16412828.2	98.734	79	1	0	3739	3817	79	1	1.26e-29	141
CFAV-Zik_Uganda_2016	SRA:SRX3117614.14497766.1	98.734	79	1	0	3836	3914	1	79	1.26e-29	141
CFAV-Zik_Uganda_2016	SRA:SRX3117614.49719777.2	98.718	78	1	0	3735	3812	78	1	4.52e-29	139
CFAV-Zik_Uganda_2016	SRA:SRX3117614.48532622.2	98.718	78	1	0	3822	3899	78	1	4.52e-29	139
CFAV-Zik_Uganda_2016	SRA:SRX3117614.32858340.1	98.718	78	1	0	3742	3819	2	79	4.52e-29	139
CFAV-Zik_Uganda_2016	SRA:SRX3117614.15513036.2	98.718	78	1	0	3747	3824	79	2	4.52e-29	139
CFAV-Zik_Uganda_2016	SRA:SRX3117614.49322841.2	98.701	77	1	0	3805	3881	77	1	1.63e-28	137
CFAV-Zik_Uganda_2016	SRA:SRX3117614.40235326.2	98.701	77	1	0	3826	3902	77	1	1.63e-28	137
CFAV-Zik_Uganda_2016	SRA:SRX3117614.10157118.2	98.701	77	1	0	3805	3881	77	1	1.63e-28	137
CFAV-Zik_Uganda_2016	SRA:SRX3117614.9013318.2	98.701	77	1	0	3805	3881	77	1	1.63e-28	137
CFAV-Zik_Uganda_2016	SRA:SRX3117614.4054571.2	98.701	77	1	0	3810	3886	77	1	1.63e-28	137
CFAV-Zik_Uganda_2016	SRA:SRX3117614.47347655.1	97.468	79	2	0	3764	3842	1	79	5.85e-28	135
CFAV-Zik_Uganda_2016	SRA:SRX3117614.46219896.1	97.468	79	2	0	3767	3845	1	79	5.85e-28	135
CFAV-Zik_Uganda_2016	SRA:SRX3117614.45645280.1	97.468	79	2	0	3799	3877	1	79	5.85e-28	135
CFAV-Zik_Uganda_2016	SRA:SRX3117614.43866171.1	97.468	79	2	0	3768	3846	1	79	5.85e-28	135
CFAV-Zik_Uganda_2016	SRA:SRX3117614.41535646.1	97.468	79	2	0	3767	3845	1	79	5.85e-28	135
CFAV-Zik_Uganda_2016	SRA:SRX3117614.38728531.1	97.468	79	2	0	3775	3853	1	79	5.85e-28	135
CFAV-Zik_Uganda_2016	SRA:SRX3117614.38053941.1	97.468	79	2	0	3775	3853	1	79	5.85e-28	135
CFAV-Zik_Uganda_2016	SRA:SRX3117614.36364868.1	97.468	79	2	0	3789	3867	1	79	5.85e-28	135
CFAV-Zik_Uganda_2016	SRA:SRX3117614.35740167.2	98.684	76	1	0	3596	3671	76	1	5.85e-28	135
CFAV-Zik_Uganda_2016	SRA:SRX3117614.35330601.1	97.468	79	2	0	3791	3869	1	79	5.85e-28	135
CFAV-Zik_Uganda_2016	SRA:SRX3117614.33495089.1	97.468	79	2	0	3793	3871	1	79	5.85e-28	135
CFAV-Zik_Uganda_2016	SRA:SRX3117614.33472413.2	97.468	79	2	0	3764	3842	79	1	5.85e-28	135
CFAV-Zik_Uganda_2016	SRA:SRX3117614.30953860.1	97.468	79	2	0	3789	3867	1	79	5.85e-28	135
CFAV-Zik_Uganda_2016	SRA:SRX3117614.29702716.2	97.468	79	2	0	3660	3738	79	1	5.85e-28	135
CFAV-Zik_Uganda_2016	SRA:SRX3117614.27818617.1	97.468	79	2	0	3777	3855	1	79	5.85e-28	135
CFAV-Zik_Uganda_2016	SRA:SRX3117614.19663555.2	97.468	79	2	0	3800	3878	79	1	5.85e-28	135
CFAV-Zik_Uganda_2016	SRA:SRX3117614.18047153.1	97.468	79	2	0	3767	3845	1	79	5.85e-28	135
CFAV-Zik_Uganda_2016	SRA:SRX3117614.15977958.1	97.468	79	2	0	3797	3875	1	79	5.85e-28	135
CFAV-Zik_Uganda_2016	SRA:SRX3117614.13058487.2	98.684	76	1	0	3810	3885	76	1	5.85e-28	135
CFAV-Zik_Uganda_2016	SRA:SRX3117614.12722807.1	97.468	79	2	0	3766	3844	1	79	5.85e-28	135
CFAV-Zik_Uganda_2016	SRA:SRX3117614.9467546.1	97.468	79	2	0	3788	3866	1	79	5.85e-28	135
CFAV-Zik_Uganda_2016	SRA:SRX3117614.8793816.1	97.468	79	2	0	3786	3864	1	79	5.85e-28	135
CFAV-Zik_Uganda_2016	SRA:SRX3117614.8390514.1	97.468	79	2	0	3786	3864	1	79	5.85e-28	135
CFAV-Zik_Uganda_2016	SRA:SRX3117614.7915298.1	97.468	79	2	0	3799	3877	1	79	5.85e-28	135
CFAV-Zik_Uganda_2016	SRA:SRX3117614.7767261.1	97.468	79	2	0	3797	3875	1	79	5.85e-28	135
CFAV-Zik_Uganda_2016	SRA:SRX3117614.7703332.1	97.468	79	2	0	3820	3898	1	79	5.85e-28	135
CFAV-Zik_Uganda_2016	SRA:SRX3117614.3947290.1	97.468	79	2	0	3780	3858	1	79	5.85e-28	135
CFAV-Zik_Uganda_2016	SRA:SRX3117614.2061297.1	97.468	79	2	0	3714	3792	1	79	5.85e-28	135
CFAV-Zik_Uganda_2016	SRA:SRX3117614.729641.1	97.468	79	2	0	3775	3853	1	79	5.85e-28	135
CFAV-Zik_Uganda_2016	SRA:SRX3117614.40235326.1	98.667	75	1	0	3671	3745	1	75	2.10e-27	134
CFAV-Zik_Uganda_2016	SRA:SRX3117614.33923416.2	97.436	78	2	0	3791	3868	79	2	2.10e-27	134
CFAV-Zik_Uganda_2016	SRA:SRX3117614.27275641.1	97.436	78	2	0	3781	3858	1	78	2.10e-27	134
CFAV-Zik_Uganda_2016	SRA:SRX3117614.22799780.2	97.436	78	2	0	3759	3836	78	1	2.10e-27	134
CFAV-Zik_Uganda_2016	SRA:SRX3117614.22318111.1	97.436	78	2	0	3781	3858	1	78	2.10e-27	134
CFAV-Zik_Uganda_2016	SRA:SRX3117614.15498551.2	97.436	78	2	0	3779	3856	78	1	2.10e-27	134
CFAV-Zik_Uganda_2016	SRA:SRX3117614.3860092.2	97.436	78	2	0	3782	3859	78	1	2.10e-27	134
CFAV-Zik_Uganda_2016	SRA:SRX3117614.39421792.2	97.403	77	2	0	3849	3925	77	1	7.57e-27	132
CFAV-Zik_Uganda_2016	SRA:SRX3117614.21359526.1	97.403	77	2	0	3782	3858	2	78	7.57e-27	132
CFAV-Zik_Uganda_2016	SRA:SRX3117614.41183597.2	100.000	70	0	0	3857	3926	79	10	2.72e-26	130
CFAV-Zik_Uganda_2016	SRA:SRX3117614.25737390.1	96.203	79	3	0	3754	3832	1	79	2.72e-26	130
CFAV-Zik_Uganda_2016	SRA:SRX3117614.3904132.1	96.203	79	3	0	3798	3876	1	79	2.72e-26	130
CFAV-Zik_Uganda_2016	SRA:SRX3117614.3165824.1	96.203	79	3	0	3787	3865	1	79	2.72e-26	130
CFAV-Zik_Uganda_2016	SRA:SRX3117614.1849975.1	96.203	79	3	0	3709	3787	1	79	2.72e-26	130
CFAV-Zik_Uganda_2016	SRA:SRX3117614.47347655.2	100.000	65	0	0	3862	3926	79	15	1.64e-23	121
CFAV-Zik_Uganda_2016	SRA:SRX3117614.18047153.2	100.000	65	0	0	3862	3926	79	15	1.64e-23	121
CFAV-Zik_Uganda_2016	SRA:SRX3117614.25737390.2	97.143	70	2	0	3857	3926	78	9	5.89e-23	119
CFAV-Zik_Uganda_2016	SRA:SRX3117614.42876166.2	98.438	64	1	0	3596	3659	64	1	2.74e-21	113
CFAV-Zik_Uganda_2016	SRA:SRX3117614.24287897.2	98.438	64	1	0	3596	3659	64	1	2.74e-21	113
CFAV-Zik_Uganda_2016	SRA:SRX3117614.42108232.2	100.000	60	0	0	3867	3926	79	20	9.86e-21	111
CFAV-Zik_Uganda_2016	SRA:SRX3117614.2061297.2	100.000	60	0	0	3867	3926	79	20	9.86e-21	111
CFAV-Zik_Uganda_2016	SRA:SRX3117614.36781620.1	100.000	58	0	0	3869	3926	2	59	1.27e-19	108
CFAV-Zik_Uganda_2016	SRA:SRX3117614.38458151.2	100.000	57	0	0	3870	3926	78	22	4.59e-19	106
CFAV-Zik_Uganda_2016	SRA:SRX3117614.7915298.2	100.000	57	0	0	3870	3926	77	21	4.59e-19	106
CFAV-Zik_Uganda_2016	SRA:SRX3117614.32858340.2	100.000	55	0	0	3872	3926	79	25	5.93e-18	102
CFAV-Zik_Uganda_2016	SRA:SRX3117614.14179539.2	100.000	55	0	0	3872	3926	79	25	5.93e-18	102
CFAV-Zik_Uganda_2016	SRA:SRX3117614.27938530.1	100.000	49	0	0	3878	3926	1	49	1.28e-14	91.6
CFAV-Zik_Uganda_2016	SRA:SRX3117614.33290387.2	100.000	48	0	0	3879	3926	77	30	4.62e-14	89.8
CFAV-Zik_Uganda_2016	SRA:SRX3117614.41535646.2	100.000	42	0	0	3885	3926	79	38	1.00e-10	78.7
CFAV-Zik_Uganda_2016	SRA:SRX3117614.38162782.1	97.674	43	1	0	3596	3638	36	78	1.29e-09	75.0
CFAV-Zik_Uganda_2016	SRA:SRX3117614.6607261.2	97.674	43	1	0	3596	3638	43	1	1.29e-09	75.0
CFAV-Zik_Uganda_2016	SRA:SRX3117614.38053941.2	100.000	38	0	0	3889	3926	79	42	1.67e-08	71.3
CFAV-Zik_Uganda_2016	SRA:SRX3117614.35330601.2	100.000	38	0	0	3889	3926	79	42	1.67e-08	71.3
CFAV-Zik_Uganda_2016	SRA:SRX3117614.3947290.2	100.000	38	0	0	3889	3926	79	42	1.67e-08	71.3
CFAV-Zik_Uganda_2016	SRA:SRX3117614.3165824.2	100.000	38	0	0	3889	3926	79	42	1.67e-08	71.3
CFAV-Zik_Uganda_2016	SRA:SRX3117614.46111763.1	97.500	40	1	0	3596	3635	40	79	6.02e-08	69.4
CFAV-Zik_Uganda_2016	SRA:SRX3117614.32768665.1	100.000	35	0	0	3892	3926	1	35	7.78e-07	65.8
CFAV-Zik_Uganda_2016	SRA:SRX3117614.22888975.1	100.000	35	0	0	3892	3926	1	35	7.78e-07	65.8
CFAV-Zik_Uganda_2016	SRA:SRX3117614.23497109.2	100.000	33	0	0	3894	3926	78	46	1.01e-05	62.1
CFAV-Zik_Uganda_2016	SRA:SRX3117614.1045514.2	100.000	33	0	0	3894	3926	78	46	1.01e-05	62.1
CFAV-Zik_Uganda_2016	SRA:SRX3117614.8390514.2	100.000	29	0	0	3898	3926	78	50	0.002	54.7
CFAV-Zik_Uganda_2016	SRA:SRX3117614.1015208.1	100.000	28	0	0	3899	3926	1	28	0.006	52.8
