CFAV-Bangkok_Thailand_2015	SRA:SRX313444.17918428.1	100.000	31	0	0	4086	4116	31	1	4.81e-06	58.4
CFAV-Bangkok_Thailand_2015	SRA:SRX313444.18676224.1	100.000	30	0	0	3908	3937	30	1	1.73e-05	56.5
CFAV-Bangkok_Thailand_2015	SRA:SRX313444.12814494.1	100.000	30	0	0	3908	3937	30	1	1.73e-05	56.5
CFAV-Bangkok_Thailand_2015	SRA:SRX313444.6974040.1	100.000	29	0	0	8688	8716	1	29	6.22e-05	54.7
CFAV-Bangkok_Thailand_2015	SRA:SRX313444.1895730.1	100.000	29	0	0	8688	8716	1	29	6.22e-05	54.7
CFAV-Bangkok_Thailand_2015	SRA:SRX313444.25494311.1	100.000	28	0	0	4086	4113	33	6	2.24e-04	52.8
CFAV-Bangkok_Thailand_2015	SRA:SRX313444.24786344.1	100.000	28	0	0	8609	8636	1	28	2.24e-04	52.8
CFAV-Bangkok_Thailand_2015	SRA:SRX313444.24494640.1	100.000	28	0	0	8609	8636	1	28	2.24e-04	52.8
CFAV-Bangkok_Thailand_2015	SRA:SRX313444.15198488.1	100.000	28	0	0	8609	8636	1	28	2.24e-04	52.8
CFAV-Bangkok_Thailand_2015	SRA:SRX313444.10093080.1	100.000	28	0	0	3934	3961	28	1	2.24e-04	52.8
CFAV-Bangkok_Thailand_2015	SRA:SRX313444.4754229.1	100.000	28	0	0	8609	8636	1	28	2.24e-04	52.8
CFAV-Bangkok_Thailand_2015	SRA:SRX313444.1187525.1	100.000	28	0	0	3934	3961	28	1	2.24e-04	52.8
CFAV-Bangkok_Thailand_2015	SRA:SRX313444.20792960.1	100.000	27	0	0	7433	7459	1	27	8.05e-04	51.0
CFAV-Bangkok_Thailand_2015	SRA:SRX313444.5268362.1	100.000	27	0	0	7379	7405	1	27	8.05e-04	51.0
NC_001564	SRA:SRX313444.17918428.1	100.000	31	0	0	4093	4123	31	1	4.82e-06	58.4
NC_001564	SRA:SRX313444.27043621.1	96.875	32	1	0	4001	4032	32	1	6.23e-05	54.7
NC_001564	SRA:SRX313444.26904970.1	100.000	29	0	0	8602	8630	1	29	6.23e-05	54.7
NC_001564	SRA:SRX313444.20963287.1	100.000	29	0	0	7448	7476	1	29	6.23e-05	54.7
NC_001564	SRA:SRX313444.13329650.1	96.875	32	1	0	4001	4032	32	1	6.23e-05	54.7
NC_001564	SRA:SRX313444.3670635.1	100.000	29	0	0	7448	7476	1	29	6.23e-05	54.7
NC_001564	SRA:SRX313444.3166901.1	96.875	32	1	0	4001	4032	32	1	6.23e-05	54.7
NC_001564	SRA:SRX313444.364832.1	100.000	29	0	0	7448	7476	1	29	6.23e-05	54.7
NC_001564	SRA:SRX313444.25494311.1	100.000	28	0	0	4093	4120	33	6	2.24e-04	52.8
NC_001564	SRA:SRX313444.24786344.1	100.000	28	0	0	8616	8643	1	28	2.24e-04	52.8
NC_001564	SRA:SRX313444.24494640.1	100.000	28	0	0	8616	8643	1	28	2.24e-04	52.8
NC_001564	SRA:SRX313444.15198488.1	100.000	28	0	0	8616	8643	1	28	2.24e-04	52.8
NC_001564	SRA:SRX313444.10093080.1	100.000	28	0	0	3941	3968	28	1	2.24e-04	52.8
NC_001564	SRA:SRX313444.4754229.1	100.000	28	0	0	8616	8643	1	28	2.24e-04	52.8
NC_001564	SRA:SRX313444.1187525.1	100.000	28	0	0	3941	3968	28	1	2.24e-04	52.8
NC_001564	SRA:SRX313444.19905015.1	100.000	27	0	0	4024	4050	27	1	8.06e-04	51.0
NC_001564	SRA:SRX313444.5268362.1	100.000	27	0	0	7386	7412	1	27	8.06e-04	51.0
CFAV-Cairns_Australia_2014	SRA:SRX313444.27043621.1	96.875	32	1	0	4000	4031	32	1	6.24e-05	54.7
CFAV-Cairns_Australia_2014	SRA:SRX313444.20963287.1	100.000	29	0	0	7447	7475	1	29	6.24e-05	54.7
CFAV-Cairns_Australia_2014	SRA:SRX313444.13329650.1	96.875	32	1	0	4000	4031	32	1	6.24e-05	54.7
CFAV-Cairns_Australia_2014	SRA:SRX313444.3670635.1	100.000	29	0	0	7447	7475	1	29	6.24e-05	54.7
CFAV-Cairns_Australia_2014	SRA:SRX313444.3166901.1	96.875	32	1	0	4000	4031	32	1	6.24e-05	54.7
CFAV-Cairns_Australia_2014	SRA:SRX313444.364832.1	100.000	29	0	0	7447	7475	1	29	6.24e-05	54.7
CFAV-Cairns_Australia_2014	SRA:SRX313444.10093080.1	100.000	28	0	0	3940	3967	28	1	2.24e-04	52.8
CFAV-Cairns_Australia_2014	SRA:SRX313444.1187525.1	100.000	28	0	0	3940	3967	28	1	2.24e-04	52.8
CFAV-Cairns_Australia_2014	SRA:SRX313444.20792960.1	100.000	27	0	0	7439	7465	1	27	8.07e-04	51.0
CFAV-Cairns_Australia_2014	SRA:SRX313444.19905015.1	100.000	27	0	0	4023	4049	27	1	8.07e-04	51.0
CFAV-Cairns_Australia_2014	SRA:SRX313444.5268362.1	100.000	27	0	0	7385	7411	1	27	8.07e-04	51.0
CFAV-Macapa2_Brazil_2017	SRA:SRX313444.10093080.1	100.000	28	0	0	3941	3968	28	1	2.24e-04	52.8
CFAV-Macapa2_Brazil_2017	SRA:SRX313444.1187525.1	100.000	28	0	0	3941	3968	28	1	2.24e-04	52.8
CFAV-KC_Cambodia_2015	SRA:SRX313444.17918428.1	100.000	31	0	0	4104	4134	31	1	4.83e-06	58.4
CFAV-KC_Cambodia_2015	SRA:SRX313444.27043621.1	96.875	32	1	0	4012	4043	32	1	6.24e-05	54.7
CFAV-KC_Cambodia_2015	SRA:SRX313444.20640596.1	100.000	29	0	0	8594	8622	1	29	6.24e-05	54.7
CFAV-KC_Cambodia_2015	SRA:SRX313444.13329650.1	96.875	32	1	0	4012	4043	32	1	6.24e-05	54.7
CFAV-KC_Cambodia_2015	SRA:SRX313444.10719711.1	100.000	29	0	0	8594	8622	1	29	6.24e-05	54.7
CFAV-KC_Cambodia_2015	SRA:SRX313444.6974040.1	100.000	29	0	0	8706	8734	1	29	6.24e-05	54.7
CFAV-KC_Cambodia_2015	SRA:SRX313444.3166901.1	96.875	32	1	0	4012	4043	32	1	6.24e-05	54.7
CFAV-KC_Cambodia_2015	SRA:SRX313444.1895730.1	100.000	29	0	0	8706	8734	1	29	6.24e-05	54.7
CFAV-KC_Cambodia_2015	SRA:SRX313444.25494311.1	100.000	28	0	0	4104	4131	33	6	2.25e-04	52.8
CFAV-KC_Cambodia_2015	SRA:SRX313444.24786344.1	100.000	28	0	0	8627	8654	1	28	2.25e-04	52.8
CFAV-KC_Cambodia_2015	SRA:SRX313444.24494640.1	100.000	28	0	0	8627	8654	1	28	2.25e-04	52.8
CFAV-KC_Cambodia_2015	SRA:SRX313444.15198488.1	100.000	28	0	0	8627	8654	1	28	2.25e-04	52.8
CFAV-KC_Cambodia_2015	SRA:SRX313444.10093080.1	100.000	28	0	0	3952	3979	28	1	2.25e-04	52.8
CFAV-KC_Cambodia_2015	SRA:SRX313444.4754229.1	100.000	28	0	0	8627	8654	1	28	2.25e-04	52.8
CFAV-KC_Cambodia_2015	SRA:SRX313444.1187525.1	100.000	28	0	0	3952	3979	28	1	2.25e-04	52.8
CFAV-KC_Cambodia_2015	SRA:SRX313444.19905015.1	100.000	27	0	0	4035	4061	27	1	8.07e-04	51.0
CFAV-KC_Cambodia_2015	SRA:SRX313444.5268362.1	100.000	27	0	0	7397	7423	1	27	8.07e-04	51.0
CFAV-Zik_Uganda_2016	SRA:SRX313444.26904970.1	100.000	29	0	0	8613	8641	1	29	6.24e-05	54.7
CFAV-Zik_Uganda_2016	SRA:SRX313444.24786344.1	100.000	28	0	0	8627	8654	1	28	2.25e-04	52.8
CFAV-Zik_Uganda_2016	SRA:SRX313444.24494640.1	100.000	28	0	0	8627	8654	1	28	2.25e-04	52.8
CFAV-Zik_Uganda_2016	SRA:SRX313444.15198488.1	100.000	28	0	0	8627	8654	1	28	2.25e-04	52.8
CFAV-Zik_Uganda_2016	SRA:SRX313444.10093080.1	100.000	28	0	0	3952	3979	28	1	2.25e-04	52.8
CFAV-Zik_Uganda_2016	SRA:SRX313444.4754229.1	100.000	28	0	0	8627	8654	1	28	2.25e-04	52.8
CFAV-Zik_Uganda_2016	SRA:SRX313444.1187525.1	100.000	28	0	0	3952	3979	28	1	2.25e-04	52.8
