CFAV-Bangkok_Thailand_2015	SRA:SRX313441.33853481.1	100.000	31	0	0	4020	4050	31	1	5.70e-06	58.4
CFAV-Bangkok_Thailand_2015	SRA:SRX313441.29864722.1	100.000	31	0	0	4020	4050	31	1	5.70e-06	58.4
CFAV-Bangkok_Thailand_2015	SRA:SRX313441.18391709.1	100.000	31	0	0	8688	8718	1	31	5.70e-06	58.4
CFAV-Bangkok_Thailand_2015	SRA:SRX313441.34810312.1	100.000	30	0	0	7417	7446	1	30	2.05e-05	56.5
CFAV-Bangkok_Thailand_2015	SRA:SRX313441.34552951.1	96.970	33	1	0	3901	3933	33	1	2.05e-05	56.5
CFAV-Bangkok_Thailand_2015	SRA:SRX313441.20868167.1	96.970	33	1	0	3901	3933	33	1	2.05e-05	56.5
CFAV-Bangkok_Thailand_2015	SRA:SRX313441.8409480.1	100.000	30	0	0	4036	4065	30	1	2.05e-05	56.5
CFAV-Bangkok_Thailand_2015	SRA:SRX313441.8401745.1	96.970	33	1	0	3901	3933	33	1	2.05e-05	56.5
CFAV-Bangkok_Thailand_2015	SRA:SRX313441.7497013.1	96.970	33	1	0	7381	7413	1	33	2.05e-05	56.5
CFAV-Bangkok_Thailand_2015	SRA:SRX313441.4964823.1	96.970	33	1	0	3901	3933	33	1	2.05e-05	56.5
CFAV-Bangkok_Thailand_2015	SRA:SRX313441.34368950.1	100.000	29	0	0	8688	8716	1	29	7.37e-05	54.7
CFAV-Bangkok_Thailand_2015	SRA:SRX313441.33779078.1	100.000	29	0	0	8681	8709	1	29	7.37e-05	54.7
CFAV-Bangkok_Thailand_2015	SRA:SRX313441.31594509.1	100.000	29	0	0	7359	7387	1	29	7.37e-05	54.7
CFAV-Bangkok_Thailand_2015	SRA:SRX313441.30720726.1	100.000	29	0	0	8688	8716	1	29	7.37e-05	54.7
CFAV-Bangkok_Thailand_2015	SRA:SRX313441.25231324.1	100.000	29	0	0	3983	4011	29	1	7.37e-05	54.7
CFAV-Bangkok_Thailand_2015	SRA:SRX313441.20503804.1	96.970	33	0	1	3906	3937	33	1	7.37e-05	54.7
CFAV-Bangkok_Thailand_2015	SRA:SRX313441.17851641.1	100.000	29	0	0	3983	4011	29	1	7.37e-05	54.7
CFAV-Bangkok_Thailand_2015	SRA:SRX313441.17038038.1	100.000	29	0	0	8688	8716	1	29	7.37e-05	54.7
CFAV-Bangkok_Thailand_2015	SRA:SRX313441.14461333.1	100.000	29	0	0	3983	4011	29	1	7.37e-05	54.7
CFAV-Bangkok_Thailand_2015	SRA:SRX313441.2582140.1	100.000	29	0	0	8681	8709	1	29	7.37e-05	54.7
CFAV-Bangkok_Thailand_2015	SRA:SRX313441.1719359.1	100.000	29	0	0	7359	7387	1	29	7.37e-05	54.7
CFAV-Bangkok_Thailand_2015	SRA:SRX313441.1595898.1	100.000	29	0	0	8688	8716	1	29	7.37e-05	54.7
CFAV-Bangkok_Thailand_2015	SRA:SRX313441.699360.1	96.875	32	1	0	3901	3932	32	1	7.37e-05	54.7
CFAV-Bangkok_Thailand_2015	SRA:SRX313441.37425771.1	100.000	28	0	0	4021	4048	28	1	2.65e-04	52.8
CFAV-Bangkok_Thailand_2015	SRA:SRX313441.36950432.1	100.000	28	0	0	4021	4048	28	1	2.65e-04	52.8
CFAV-Bangkok_Thailand_2015	SRA:SRX313441.26181342.1	100.000	28	0	0	8609	8636	1	28	2.65e-04	52.8
CFAV-Bangkok_Thailand_2015	SRA:SRX313441.25461687.1	100.000	28	0	0	7359	7386	1	28	2.65e-04	52.8
CFAV-Bangkok_Thailand_2015	SRA:SRX313441.15347868.1	100.000	28	0	0	8688	8715	1	28	2.65e-04	52.8
CFAV-Bangkok_Thailand_2015	SRA:SRX313441.10873245.1	100.000	28	0	0	8688	8715	1	28	2.65e-04	52.8
CFAV-Bangkok_Thailand_2015	SRA:SRX313441.5832551.1	100.000	28	0	0	8688	8715	1	28	2.65e-04	52.8
CFAV-Bangkok_Thailand_2015	SRA:SRX313441.38382016.1	100.000	27	0	0	7359	7385	1	27	0.001	51.0
CFAV-Bangkok_Thailand_2015	SRA:SRX313441.32915628.1	100.000	27	0	0	4022	4048	27	1	0.001	51.0
CFAV-Bangkok_Thailand_2015	SRA:SRX313441.25341882.1	100.000	27	0	0	4024	4050	27	1	0.001	51.0
CFAV-Bangkok_Thailand_2015	SRA:SRX313441.5807976.1	100.000	27	0	0	3935	3961	27	1	0.001	51.0
CFAV-Bangkok_Thailand_2015	SRA:SRX313441.2520199.1	100.000	27	0	0	8681	8707	1	27	0.001	51.0
NC_001564	SRA:SRX313441.33853481.1	100.000	30	0	0	4028	4057	30	1	2.05e-05	56.5
NC_001564	SRA:SRX313441.29864722.1	100.000	30	0	0	4028	4057	30	1	2.05e-05	56.5
NC_001564	SRA:SRX313441.17969869.1	96.970	33	1	0	8675	8707	1	33	2.05e-05	56.5
NC_001564	SRA:SRX313441.8409480.1	100.000	30	0	0	4043	4072	30	1	2.05e-05	56.5
NC_001564	SRA:SRX313441.7497013.1	96.970	33	1	0	7388	7420	1	33	2.05e-05	56.5
NC_001564	SRA:SRX313441.37425771.1	100.000	29	0	0	4027	4055	29	1	7.39e-05	54.7
NC_001564	SRA:SRX313441.37254084.1	100.000	29	0	0	7448	7476	1	29	7.39e-05	54.7
NC_001564	SRA:SRX313441.31594509.1	100.000	29	0	0	7366	7394	1	29	7.39e-05	54.7
NC_001564	SRA:SRX313441.25231324.1	100.000	29	0	0	3990	4018	29	1	7.39e-05	54.7
NC_001564	SRA:SRX313441.17851641.1	100.000	29	0	0	3990	4018	29	1	7.39e-05	54.7
NC_001564	SRA:SRX313441.14461333.1	100.000	29	0	0	3990	4018	29	1	7.39e-05	54.7
NC_001564	SRA:SRX313441.13291973.1	100.000	29	0	0	8669	8697	1	29	7.39e-05	54.7
NC_001564	SRA:SRX313441.7070075.1	100.000	29	0	0	4118	4146	29	1	7.39e-05	54.7
NC_001564	SRA:SRX313441.3169142.1	100.000	29	0	0	4118	4146	29	1	7.39e-05	54.7
NC_001564	SRA:SRX313441.1719359.1	100.000	29	0	0	7366	7394	1	29	7.39e-05	54.7
NC_001564	SRA:SRX313441.36950432.1	100.000	28	0	0	4028	4055	28	1	2.66e-04	52.8
NC_001564	SRA:SRX313441.26181342.1	100.000	28	0	0	8616	8643	1	28	2.66e-04	52.8
NC_001564	SRA:SRX313441.25461687.1	100.000	28	0	0	7366	7393	1	28	2.66e-04	52.8
NC_001564	SRA:SRX313441.38382016.1	100.000	27	0	0	7366	7392	1	27	0.001	51.0
NC_001564	SRA:SRX313441.32915628.1	100.000	27	0	0	4029	4055	27	1	0.001	51.0
NC_001564	SRA:SRX313441.32779726.1	100.000	27	0	0	4013	4039	27	1	0.001	51.0
NC_001564	SRA:SRX313441.25341882.1	100.000	27	0	0	4031	4057	27	1	0.001	51.0
NC_001564	SRA:SRX313441.5807976.1	100.000	27	0	0	3942	3968	27	1	0.001	51.0
CFAV-Cairns_Australia_2014	SRA:SRX313441.34810312.1	100.000	30	0	0	7423	7452	1	30	2.05e-05	56.5
CFAV-Cairns_Australia_2014	SRA:SRX313441.33853481.1	100.000	30	0	0	4027	4056	30	1	2.05e-05	56.5
CFAV-Cairns_Australia_2014	SRA:SRX313441.29864722.1	100.000	30	0	0	4027	4056	30	1	2.05e-05	56.5
CFAV-Cairns_Australia_2014	SRA:SRX313441.8409480.1	100.000	30	0	0	4042	4071	30	1	2.05e-05	56.5
CFAV-Cairns_Australia_2014	SRA:SRX313441.7497013.1	96.970	33	1	0	7387	7419	1	33	2.05e-05	56.5
CFAV-Cairns_Australia_2014	SRA:SRX313441.37425771.1	100.000	29	0	0	4026	4054	29	1	7.39e-05	54.7
CFAV-Cairns_Australia_2014	SRA:SRX313441.37254084.1	100.000	29	0	0	7447	7475	1	29	7.39e-05	54.7
CFAV-Cairns_Australia_2014	SRA:SRX313441.31594509.1	100.000	29	0	0	7365	7393	1	29	7.39e-05	54.7
CFAV-Cairns_Australia_2014	SRA:SRX313441.25231324.1	100.000	29	0	0	3989	4017	29	1	7.39e-05	54.7
CFAV-Cairns_Australia_2014	SRA:SRX313441.17851641.1	100.000	29	0	0	3989	4017	29	1	7.39e-05	54.7
CFAV-Cairns_Australia_2014	SRA:SRX313441.14461333.1	100.000	29	0	0	3989	4017	29	1	7.39e-05	54.7
CFAV-Cairns_Australia_2014	SRA:SRX313441.13291973.1	100.000	29	0	0	8668	8696	1	29	7.39e-05	54.7
CFAV-Cairns_Australia_2014	SRA:SRX313441.1719359.1	100.000	29	0	0	7365	7393	1	29	7.39e-05	54.7
CFAV-Cairns_Australia_2014	SRA:SRX313441.36950432.1	100.000	28	0	0	4027	4054	28	1	2.66e-04	52.8
CFAV-Cairns_Australia_2014	SRA:SRX313441.25461687.1	100.000	28	0	0	7365	7392	1	28	2.66e-04	52.8
CFAV-Cairns_Australia_2014	SRA:SRX313441.7070075.1	100.000	28	0	0	4118	4145	28	1	2.66e-04	52.8
CFAV-Cairns_Australia_2014	SRA:SRX313441.3169142.1	100.000	28	0	0	4118	4145	28	1	2.66e-04	52.8
CFAV-Cairns_Australia_2014	SRA:SRX313441.38382016.1	100.000	27	0	0	7365	7391	1	27	0.001	51.0
CFAV-Cairns_Australia_2014	SRA:SRX313441.32915628.1	100.000	27	0	0	4028	4054	27	1	0.001	51.0
CFAV-Cairns_Australia_2014	SRA:SRX313441.32779726.1	100.000	27	0	0	4012	4038	27	1	0.001	51.0
CFAV-Cairns_Australia_2014	SRA:SRX313441.25341882.1	100.000	27	0	0	4030	4056	27	1	0.001	51.0
CFAV-Macapa2_Brazil_2017	SRA:SRX313441.7070075.1	100.000	31	0	0	4116	4146	31	1	5.71e-06	58.4
CFAV-Macapa2_Brazil_2017	SRA:SRX313441.3169142.1	100.000	31	0	0	4116	4146	31	1	5.71e-06	58.4
CFAV-Macapa2_Brazil_2017	SRA:SRX313441.8409480.1	100.000	30	0	0	4043	4072	30	1	2.05e-05	56.5
CFAV-Macapa2_Brazil_2017	SRA:SRX313441.31594509.1	100.000	29	0	0	7366	7394	1	29	7.39e-05	54.7
CFAV-Macapa2_Brazil_2017	SRA:SRX313441.25231324.1	100.000	29	0	0	3990	4018	29	1	7.39e-05	54.7
CFAV-Macapa2_Brazil_2017	SRA:SRX313441.17851641.1	100.000	29	0	0	3990	4018	29	1	7.39e-05	54.7
CFAV-Macapa2_Brazil_2017	SRA:SRX313441.14461333.1	100.000	29	0	0	3990	4018	29	1	7.39e-05	54.7
CFAV-Macapa2_Brazil_2017	SRA:SRX313441.1719359.1	100.000	29	0	0	7366	7394	1	29	7.39e-05	54.7
CFAV-Macapa2_Brazil_2017	SRA:SRX313441.25461687.1	100.000	28	0	0	7366	7393	1	28	2.66e-04	52.8
CFAV-Macapa2_Brazil_2017	SRA:SRX313441.38382016.1	100.000	27	0	0	7366	7392	1	27	0.001	51.0
CFAV-KC_Cambodia_2015	SRA:SRX313441.18391709.1	100.000	31	0	0	8706	8736	1	31	5.72e-06	58.4
CFAV-KC_Cambodia_2015	SRA:SRX313441.33853481.1	100.000	30	0	0	4039	4068	30	1	2.06e-05	56.5
CFAV-KC_Cambodia_2015	SRA:SRX313441.29864722.1	100.000	30	0	0	4039	4068	30	1	2.06e-05	56.5
CFAV-KC_Cambodia_2015	SRA:SRX313441.8409480.1	100.000	30	0	0	4054	4083	30	1	2.06e-05	56.5
CFAV-KC_Cambodia_2015	SRA:SRX313441.7497013.1	96.970	33	1	0	7399	7431	1	33	2.06e-05	56.5
CFAV-KC_Cambodia_2015	SRA:SRX313441.37425771.1	100.000	29	0	0	4038	4066	29	1	7.40e-05	54.7
CFAV-KC_Cambodia_2015	SRA:SRX313441.34368950.1	100.000	29	0	0	8706	8734	1	29	7.40e-05	54.7
CFAV-KC_Cambodia_2015	SRA:SRX313441.31594509.1	100.000	29	0	0	7377	7405	1	29	7.40e-05	54.7
CFAV-KC_Cambodia_2015	SRA:SRX313441.30720726.1	100.000	29	0	0	8706	8734	1	29	7.40e-05	54.7
CFAV-KC_Cambodia_2015	SRA:SRX313441.25231324.1	100.000	29	0	0	4001	4029	29	1	7.40e-05	54.7
CFAV-KC_Cambodia_2015	SRA:SRX313441.17851641.1	100.000	29	0	0	4001	4029	29	1	7.40e-05	54.7
CFAV-KC_Cambodia_2015	SRA:SRX313441.17038038.1	100.000	29	0	0	8706	8734	1	29	7.40e-05	54.7
CFAV-KC_Cambodia_2015	SRA:SRX313441.14461333.1	100.000	29	0	0	4001	4029	29	1	7.40e-05	54.7
CFAV-KC_Cambodia_2015	SRA:SRX313441.7070075.1	100.000	29	0	0	4129	4157	29	1	7.40e-05	54.7
CFAV-KC_Cambodia_2015	SRA:SRX313441.3169142.1	100.000	29	0	0	4129	4157	29	1	7.40e-05	54.7
CFAV-KC_Cambodia_2015	SRA:SRX313441.1719359.1	100.000	29	0	0	7377	7405	1	29	7.40e-05	54.7
CFAV-KC_Cambodia_2015	SRA:SRX313441.1595898.1	100.000	29	0	0	8706	8734	1	29	7.40e-05	54.7
CFAV-KC_Cambodia_2015	SRA:SRX313441.36950432.1	100.000	28	0	0	4039	4066	28	1	2.66e-04	52.8
CFAV-KC_Cambodia_2015	SRA:SRX313441.26181342.1	100.000	28	0	0	8627	8654	1	28	2.66e-04	52.8
CFAV-KC_Cambodia_2015	SRA:SRX313441.25461687.1	100.000	28	0	0	7377	7404	1	28	2.66e-04	52.8
CFAV-KC_Cambodia_2015	SRA:SRX313441.15347868.1	100.000	28	0	0	8706	8733	1	28	2.66e-04	52.8
CFAV-KC_Cambodia_2015	SRA:SRX313441.10873245.1	100.000	28	0	0	8706	8733	1	28	2.66e-04	52.8
CFAV-KC_Cambodia_2015	SRA:SRX313441.5832551.1	100.000	28	0	0	8706	8733	1	28	2.66e-04	52.8
CFAV-KC_Cambodia_2015	SRA:SRX313441.38382016.1	100.000	27	0	0	7377	7403	1	27	0.001	51.0
CFAV-KC_Cambodia_2015	SRA:SRX313441.32915628.1	100.000	27	0	0	4040	4066	27	1	0.001	51.0
CFAV-KC_Cambodia_2015	SRA:SRX313441.32779726.1	100.000	27	0	0	4024	4050	27	1	0.001	51.0
CFAV-KC_Cambodia_2015	SRA:SRX313441.25341882.1	100.000	27	0	0	4042	4068	27	1	0.001	51.0
CFAV-Zik_Uganda_2016	SRA:SRX313441.39363015.1	100.000	32	0	0	8645	8676	1	32	1.59e-06	60.2
CFAV-Zik_Uganda_2016	SRA:SRX313441.33853481.1	100.000	31	0	0	4038	4068	31	1	5.72e-06	58.4
CFAV-Zik_Uganda_2016	SRA:SRX313441.29864722.1	100.000	31	0	0	4038	4068	31	1	5.72e-06	58.4
CFAV-Zik_Uganda_2016	SRA:SRX313441.34810312.1	100.000	30	0	0	7435	7464	1	30	2.06e-05	56.5
CFAV-Zik_Uganda_2016	SRA:SRX313441.5758676.1	100.000	30	0	0	4228	4257	30	1	2.06e-05	56.5
CFAV-Zik_Uganda_2016	SRA:SRX313441.39591332.1	100.000	29	0	0	4230	4258	29	1	7.40e-05	54.7
CFAV-Zik_Uganda_2016	SRA:SRX313441.25231324.1	100.000	29	0	0	4001	4029	29	1	7.40e-05	54.7
CFAV-Zik_Uganda_2016	SRA:SRX313441.17851641.1	100.000	29	0	0	4001	4029	29	1	7.40e-05	54.7
CFAV-Zik_Uganda_2016	SRA:SRX313441.14461333.1	100.000	29	0	0	4001	4029	29	1	7.40e-05	54.7
CFAV-Zik_Uganda_2016	SRA:SRX313441.13291973.1	100.000	29	0	0	8680	8708	1	29	7.40e-05	54.7
CFAV-Zik_Uganda_2016	SRA:SRX313441.8409480.1	100.000	29	0	0	4054	4082	30	2	7.40e-05	54.7
CFAV-Zik_Uganda_2016	SRA:SRX313441.37425771.1	100.000	28	0	0	4039	4066	28	1	2.66e-04	52.8
CFAV-Zik_Uganda_2016	SRA:SRX313441.36950432.1	100.000	28	0	0	4039	4066	28	1	2.66e-04	52.8
CFAV-Zik_Uganda_2016	SRA:SRX313441.32716327.1	94.286	35	1	1	8667	8700	1	35	2.66e-04	52.8
CFAV-Zik_Uganda_2016	SRA:SRX313441.26181342.1	100.000	28	0	0	8627	8654	1	28	2.66e-04	52.8
CFAV-Zik_Uganda_2016	SRA:SRX313441.17969869.1	100.000	28	0	0	8686	8713	1	28	2.66e-04	52.8
CFAV-Zik_Uganda_2016	SRA:SRX313441.32915628.1	100.000	27	0	0	4040	4066	27	1	0.001	51.0
CFAV-Zik_Uganda_2016	SRA:SRX313441.25341882.1	100.000	27	0	0	4042	4068	27	1	0.001	51.0
CFAV-Zik_Uganda_2016	SRA:SRX313441.5807976.1	100.000	27	0	0	3953	3979	27	1	0.001	51.0
