CFAV-Bangkok_Thailand_2015	SRA:SRX313446.13914016.1	100.000	29	0	0	3914	3942	29	1	4.33e-05	54.7
CFAV-Bangkok_Thailand_2015	SRA:SRX313446.18383051.1	100.000	28	0	0	7403	7430	1	28	1.56e-04	52.8
CFAV-Bangkok_Thailand_2015	SRA:SRX313446.16074298.1	100.000	28	0	0	7403	7430	1	28	1.56e-04	52.8
CFAV-Bangkok_Thailand_2015	SRA:SRX313446.12441598.1	100.000	28	0	0	4097	4124	28	1	1.56e-04	52.8
CFAV-Bangkok_Thailand_2015	SRA:SRX313446.10350198.1	100.000	28	0	0	3915	3942	28	1	1.56e-04	52.8
CFAV-Bangkok_Thailand_2015	SRA:SRX313446.8392847.1	100.000	28	0	0	3915	3942	28	1	1.56e-04	52.8
CFAV-Bangkok_Thailand_2015	SRA:SRX313446.6087621.1	100.000	28	0	0	7403	7430	1	28	1.56e-04	52.8
NC_001564	SRA:SRX313446.18857970.1	100.000	28	0	0	8675	8702	1	28	1.56e-04	52.8
NC_001564	SRA:SRX313446.18383051.1	100.000	28	0	0	7410	7437	1	28	1.56e-04	52.8
NC_001564	SRA:SRX313446.16074298.1	100.000	28	0	0	7410	7437	1	28	1.56e-04	52.8
NC_001564	SRA:SRX313446.15761418.1	100.000	28	0	0	4010	4037	28	1	1.56e-04	52.8
NC_001564	SRA:SRX313446.12441598.1	100.000	28	0	0	4104	4131	28	1	1.56e-04	52.8
NC_001564	SRA:SRX313446.6087621.1	100.000	28	0	0	7410	7437	1	28	1.56e-04	52.8
NC_001564	SRA:SRX313446.6039683.1	100.000	28	0	0	8675	8702	1	28	1.56e-04	52.8
CFAV-Cairns_Australia_2014	SRA:SRX313446.18383051.1	100.000	28	0	0	7409	7436	1	28	1.56e-04	52.8
CFAV-Cairns_Australia_2014	SRA:SRX313446.16074298.1	100.000	28	0	0	7409	7436	1	28	1.56e-04	52.8
CFAV-Cairns_Australia_2014	SRA:SRX313446.15761418.1	100.000	28	0	0	4009	4036	28	1	1.56e-04	52.8
CFAV-Cairns_Australia_2014	SRA:SRX313446.6087621.1	100.000	28	0	0	7409	7436	1	28	1.56e-04	52.8
CFAV-KC_Cambodia_2015	SRA:SRX313446.15761418.1	100.000	28	0	0	4021	4048	28	1	1.56e-04	52.8
CFAV-KC_Cambodia_2015	SRA:SRX313446.12441598.1	100.000	28	0	0	4115	4142	28	1	1.56e-04	52.8
CFAV-KC_Cambodia_2015	SRA:SRX313446.8392847.1	100.000	27	0	0	3934	3960	27	1	5.62e-04	51.0
CFAV-Zik_Uganda_2016	SRA:SRX313446.18857970.1	97.059	34	0	1	8686	8718	1	34	1.21e-05	56.5
CFAV-Zik_Uganda_2016	SRA:SRX313446.6039683.1	97.059	34	0	1	8686	8718	1	34	1.21e-05	56.5
CFAV-Zik_Uganda_2016	SRA:SRX313446.18383051.1	100.000	28	0	0	7421	7448	1	28	1.56e-04	52.8
CFAV-Zik_Uganda_2016	SRA:SRX313446.16074298.1	100.000	28	0	0	7421	7448	1	28	1.56e-04	52.8
CFAV-Zik_Uganda_2016	SRA:SRX313446.6087621.1	100.000	28	0	0	7421	7448	1	28	1.56e-04	52.8
CFAV-Zik_Uganda_2016	SRA:SRX313446.3644762.1	100.000	27	0	0	4227	4253	27	1	5.62e-04	51.0
