CFAV-Bangkok_Thailand_2015	SRA:SRX3119671.11338462.1	97.059	34	1	0	3726	3759	34	1	9.97e-06	58.4
CFAV-Bangkok_Thailand_2015	SRA:SRX3119671.11263877.1	100.000	31	0	0	3663	3693	31	1	9.97e-06	58.4
CFAV-Bangkok_Thailand_2015	SRA:SRX3119671.8640856.1	97.143	35	0	1	3726	3759	35	1	9.97e-06	58.4
CFAV-Bangkok_Thailand_2015	SRA:SRX3119671.6703921.1	97.143	35	0	1	3726	3759	35	1	9.97e-06	58.4
CFAV-Bangkok_Thailand_2015	SRA:SRX3119671.4641388.1	97.143	35	0	1	3726	3759	35	1	9.97e-06	58.4
CFAV-Bangkok_Thailand_2015	SRA:SRX3119671.4213243.1	97.143	35	0	1	3726	3759	35	1	9.97e-06	58.4
CFAV-Bangkok_Thailand_2015	SRA:SRX3119671.14353646.1	100.000	30	0	0	3682	3711	30	1	3.58e-05	56.5
CFAV-Bangkok_Thailand_2015	SRA:SRX3119671.13669268.1	97.059	34	0	1	3726	3758	34	1	3.58e-05	56.5
CFAV-Bangkok_Thailand_2015	SRA:SRX3119671.15461852.1	100.000	29	0	0	3581	3609	29	1	1.29e-04	54.7
CFAV-Bangkok_Thailand_2015	SRA:SRX3119671.11079658.1	100.000	29	0	0	3658	3686	29	1	1.29e-04	54.7
CFAV-Bangkok_Thailand_2015	SRA:SRX3119671.10151373.1	100.000	29	0	0	3586	3614	29	1	1.29e-04	54.7
CFAV-Bangkok_Thailand_2015	SRA:SRX3119671.8262455.1	100.000	29	0	0	3586	3614	29	1	1.29e-04	54.7
CFAV-Bangkok_Thailand_2015	SRA:SRX3119671.8240877.1	100.000	29	0	0	3586	3614	29	1	1.29e-04	54.7
CFAV-Bangkok_Thailand_2015	SRA:SRX3119671.5597541.1	100.000	29	0	0	3581	3609	29	1	1.29e-04	54.7
CFAV-Bangkok_Thailand_2015	SRA:SRX3119671.687525.1	100.000	29	0	0	3599	3627	29	1	1.29e-04	54.7
CFAV-Bangkok_Thailand_2015	SRA:SRX3119671.16606181.1	100.000	28	0	0	3681	3708	28	1	4.64e-04	52.8
CFAV-Bangkok_Thailand_2015	SRA:SRX3119671.16481158.1	100.000	28	0	0	3698	3725	28	1	4.64e-04	52.8
CFAV-Bangkok_Thailand_2015	SRA:SRX3119671.14750740.1	100.000	28	0	0	3681	3708	28	1	4.64e-04	52.8
CFAV-Bangkok_Thailand_2015	SRA:SRX3119671.13327187.1	100.000	28	0	0	3701	3728	28	1	4.64e-04	52.8
CFAV-Bangkok_Thailand_2015	SRA:SRX3119671.13293168.1	100.000	28	0	0	3732	3759	28	1	4.64e-04	52.8
CFAV-Bangkok_Thailand_2015	SRA:SRX3119671.12037548.1	100.000	28	0	0	3658	3685	28	1	4.64e-04	52.8
CFAV-Bangkok_Thailand_2015	SRA:SRX3119671.11242267.1	100.000	28	0	0	3698	3725	28	1	4.64e-04	52.8
CFAV-Bangkok_Thailand_2015	SRA:SRX3119671.8529042.1	100.000	28	0	0	3698	3725	28	1	4.64e-04	52.8
CFAV-Bangkok_Thailand_2015	SRA:SRX3119671.8448221.1	100.000	28	0	0	3581	3608	28	1	4.64e-04	52.8
CFAV-Bangkok_Thailand_2015	SRA:SRX3119671.4819933.1	100.000	28	0	0	3698	3725	28	1	4.64e-04	52.8
CFAV-Bangkok_Thailand_2015	SRA:SRX3119671.4022205.1	100.000	28	0	0	3701	3728	28	1	4.64e-04	52.8
CFAV-Bangkok_Thailand_2015	SRA:SRX3119671.1986287.1	100.000	28	0	0	3698	3725	28	1	4.64e-04	52.8
CFAV-Bangkok_Thailand_2015	SRA:SRX3119671.7368644.1	100.000	27	0	0	3662	3688	27	1	0.002	51.0
CFAV-Bangkok_Thailand_2015	SRA:SRX3119671.5661794.1	94.118	34	1	1	3726	3759	33	1	0.002	51.0
CFAV-Bangkok_Thailand_2015	SRA:SRX3119671.5274559.1	94.118	34	1	1	3726	3759	33	1	0.002	51.0
CFAV-Bangkok_Thailand_2015	SRA:SRX3119671.1549879.1	100.000	27	0	0	3702	3728	27	1	0.002	51.0
NC_001564	SRA:SRX3119671.11263877.1	100.000	31	0	0	3670	3700	31	1	9.99e-06	58.4
NC_001564	SRA:SRX3119671.3253761.1	100.000	31	0	0	3796	3826	31	1	9.99e-06	58.4
NC_001564	SRA:SRX3119671.14353646.1	100.000	30	0	0	3689	3718	30	1	3.59e-05	56.5
NC_001564	SRA:SRX3119671.13899191.1	94.444	36	2	0	3855	3890	36	1	3.59e-05	56.5
NC_001564	SRA:SRX3119671.1255381.1	94.444	36	2	0	3855	3890	36	1	3.59e-05	56.5
NC_001564	SRA:SRX3119671.15461852.1	100.000	29	0	0	3588	3616	29	1	1.29e-04	54.7
NC_001564	SRA:SRX3119671.11079658.1	100.000	29	0	0	3665	3693	29	1	1.29e-04	54.7
NC_001564	SRA:SRX3119671.10151373.1	100.000	29	0	0	3593	3621	29	1	1.29e-04	54.7
NC_001564	SRA:SRX3119671.8262455.1	100.000	29	0	0	3593	3621	29	1	1.29e-04	54.7
NC_001564	SRA:SRX3119671.8240877.1	100.000	29	0	0	3593	3621	29	1	1.29e-04	54.7
NC_001564	SRA:SRX3119671.7385534.1	100.000	29	0	0	3868	3896	29	1	1.29e-04	54.7
NC_001564	SRA:SRX3119671.5597541.1	100.000	29	0	0	3588	3616	29	1	1.29e-04	54.7
NC_001564	SRA:SRX3119671.687525.1	100.000	29	0	0	3606	3634	29	1	1.29e-04	54.7
NC_001564	SRA:SRX3119671.16606181.1	100.000	28	0	0	3688	3715	28	1	4.65e-04	52.8
NC_001564	SRA:SRX3119671.16481158.1	100.000	28	0	0	3705	3732	28	1	4.65e-04	52.8
NC_001564	SRA:SRX3119671.14750740.1	100.000	28	0	0	3688	3715	28	1	4.65e-04	52.8
NC_001564	SRA:SRX3119671.13327187.1	100.000	28	0	0	3708	3735	28	1	4.65e-04	52.8
NC_001564	SRA:SRX3119671.12037548.1	100.000	28	0	0	3665	3692	28	1	4.65e-04	52.8
NC_001564	SRA:SRX3119671.11242267.1	100.000	28	0	0	3705	3732	28	1	4.65e-04	52.8
NC_001564	SRA:SRX3119671.8529042.1	100.000	28	0	0	3705	3732	28	1	4.65e-04	52.8
NC_001564	SRA:SRX3119671.8448221.1	100.000	28	0	0	3588	3615	28	1	4.65e-04	52.8
NC_001564	SRA:SRX3119671.8195258.1	100.000	28	0	0	3871	3898	28	1	4.65e-04	52.8
NC_001564	SRA:SRX3119671.5481891.1	100.000	28	0	0	3812	3839	28	1	4.65e-04	52.8
NC_001564	SRA:SRX3119671.4819933.1	100.000	28	0	0	3705	3732	28	1	4.65e-04	52.8
NC_001564	SRA:SRX3119671.4782266.1	100.000	28	0	0	3884	3911	28	1	4.65e-04	52.8
NC_001564	SRA:SRX3119671.4042309.1	100.000	28	0	0	3812	3839	28	1	4.65e-04	52.8
NC_001564	SRA:SRX3119671.4022205.1	100.000	28	0	0	3708	3735	28	1	4.65e-04	52.8
NC_001564	SRA:SRX3119671.3528315.1	100.000	28	0	0	3881	3908	28	1	4.65e-04	52.8
NC_001564	SRA:SRX3119671.1986287.1	100.000	28	0	0	3705	3732	28	1	4.65e-04	52.8
NC_001564	SRA:SRX3119671.55256.1	100.000	28	0	0	3871	3898	28	1	4.65e-04	52.8
NC_001564	SRA:SRX3119671.7368644.1	100.000	27	0	0	3669	3695	27	1	0.002	51.0
NC_001564	SRA:SRX3119671.4095050.1	100.000	27	0	0	3832	3858	27	1	0.002	51.0
CFAV-Cairns_Australia_2014	SRA:SRX3119671.11263877.1	100.000	31	0	0	3669	3699	31	1	9.99e-06	58.4
CFAV-Cairns_Australia_2014	SRA:SRX3119671.3253761.1	100.000	31	0	0	3795	3825	31	1	9.99e-06	58.4
CFAV-Cairns_Australia_2014	SRA:SRX3119671.14353646.1	100.000	30	0	0	3688	3717	30	1	3.59e-05	56.5
CFAV-Cairns_Australia_2014	SRA:SRX3119671.13899191.1	94.444	36	2	0	3854	3889	36	1	3.59e-05	56.5
CFAV-Cairns_Australia_2014	SRA:SRX3119671.8640856.1	100.000	30	0	0	3736	3765	30	1	3.59e-05	56.5
CFAV-Cairns_Australia_2014	SRA:SRX3119671.6703921.1	100.000	30	0	0	3736	3765	30	1	3.59e-05	56.5
CFAV-Cairns_Australia_2014	SRA:SRX3119671.4641388.1	100.000	30	0	0	3736	3765	30	1	3.59e-05	56.5
CFAV-Cairns_Australia_2014	SRA:SRX3119671.4213243.1	100.000	30	0	0	3736	3765	30	1	3.59e-05	56.5
CFAV-Cairns_Australia_2014	SRA:SRX3119671.1255381.1	94.444	36	2	0	3854	3889	36	1	3.59e-05	56.5
CFAV-Cairns_Australia_2014	SRA:SRX3119671.15461852.1	100.000	29	0	0	3587	3615	29	1	1.29e-04	54.7
CFAV-Cairns_Australia_2014	SRA:SRX3119671.13669268.1	100.000	29	0	0	3736	3764	29	1	1.29e-04	54.7
CFAV-Cairns_Australia_2014	SRA:SRX3119671.11079658.1	100.000	29	0	0	3664	3692	29	1	1.29e-04	54.7
CFAV-Cairns_Australia_2014	SRA:SRX3119671.10151373.1	100.000	29	0	0	3592	3620	29	1	1.29e-04	54.7
CFAV-Cairns_Australia_2014	SRA:SRX3119671.8262455.1	100.000	29	0	0	3592	3620	29	1	1.29e-04	54.7
CFAV-Cairns_Australia_2014	SRA:SRX3119671.8240877.1	100.000	29	0	0	3592	3620	29	1	1.29e-04	54.7
CFAV-Cairns_Australia_2014	SRA:SRX3119671.7385534.1	100.000	29	0	0	3867	3895	29	1	1.29e-04	54.7
CFAV-Cairns_Australia_2014	SRA:SRX3119671.5597541.1	100.000	29	0	0	3587	3615	29	1	1.29e-04	54.7
CFAV-Cairns_Australia_2014	SRA:SRX3119671.687525.1	100.000	29	0	0	3605	3633	29	1	1.29e-04	54.7
CFAV-Cairns_Australia_2014	SRA:SRX3119671.17869747.1	100.000	28	0	0	3887	3914	29	2	4.65e-04	52.8
CFAV-Cairns_Australia_2014	SRA:SRX3119671.16606181.1	100.000	28	0	0	3687	3714	28	1	4.65e-04	52.8
CFAV-Cairns_Australia_2014	SRA:SRX3119671.16481158.1	100.000	28	0	0	3704	3731	28	1	4.65e-04	52.8
CFAV-Cairns_Australia_2014	SRA:SRX3119671.14750740.1	100.000	28	0	0	3687	3714	28	1	4.65e-04	52.8
CFAV-Cairns_Australia_2014	SRA:SRX3119671.13327187.1	100.000	28	0	0	3707	3734	28	1	4.65e-04	52.8
CFAV-Cairns_Australia_2014	SRA:SRX3119671.13293168.1	100.000	28	0	0	3738	3765	28	1	4.65e-04	52.8
CFAV-Cairns_Australia_2014	SRA:SRX3119671.12037548.1	100.000	28	0	0	3664	3691	28	1	4.65e-04	52.8
CFAV-Cairns_Australia_2014	SRA:SRX3119671.11338462.1	100.000	28	0	0	3738	3765	28	1	4.65e-04	52.8
CFAV-Cairns_Australia_2014	SRA:SRX3119671.11242267.1	100.000	28	0	0	3704	3731	28	1	4.65e-04	52.8
CFAV-Cairns_Australia_2014	SRA:SRX3119671.8529042.1	100.000	28	0	0	3704	3731	28	1	4.65e-04	52.8
CFAV-Cairns_Australia_2014	SRA:SRX3119671.8448221.1	100.000	28	0	0	3587	3614	28	1	4.65e-04	52.8
CFAV-Cairns_Australia_2014	SRA:SRX3119671.8195258.1	100.000	28	0	0	3870	3897	28	1	4.65e-04	52.8
CFAV-Cairns_Australia_2014	SRA:SRX3119671.5481891.1	100.000	28	0	0	3811	3838	28	1	4.65e-04	52.8
CFAV-Cairns_Australia_2014	SRA:SRX3119671.4819933.1	100.000	28	0	0	3704	3731	28	1	4.65e-04	52.8
CFAV-Cairns_Australia_2014	SRA:SRX3119671.4782266.1	100.000	28	0	0	3883	3910	28	1	4.65e-04	52.8
CFAV-Cairns_Australia_2014	SRA:SRX3119671.4042309.1	100.000	28	0	0	3811	3838	28	1	4.65e-04	52.8
CFAV-Cairns_Australia_2014	SRA:SRX3119671.4022205.1	100.000	28	0	0	3707	3734	28	1	4.65e-04	52.8
CFAV-Cairns_Australia_2014	SRA:SRX3119671.3528315.1	100.000	28	0	0	3880	3907	28	1	4.65e-04	52.8
CFAV-Cairns_Australia_2014	SRA:SRX3119671.1986287.1	100.000	28	0	0	3704	3731	28	1	4.65e-04	52.8
CFAV-Cairns_Australia_2014	SRA:SRX3119671.55256.1	100.000	28	0	0	3870	3897	28	1	4.65e-04	52.8
CFAV-Cairns_Australia_2014	SRA:SRX3119671.7368644.1	100.000	27	0	0	3668	3694	27	1	0.002	51.0
CFAV-Cairns_Australia_2014	SRA:SRX3119671.5661794.1	100.000	27	0	0	3739	3765	27	1	0.002	51.0
CFAV-Cairns_Australia_2014	SRA:SRX3119671.5274559.1	100.000	27	0	0	3739	3765	27	1	0.002	51.0
CFAV-Cairns_Australia_2014	SRA:SRX3119671.4095050.1	100.000	27	0	0	3831	3857	27	1	0.002	51.0
CFAV-Macapa2_Brazil_2017	SRA:SRX3119671.3253761.1	100.000	31	0	0	3796	3826	31	1	9.99e-06	58.4
CFAV-Macapa2_Brazil_2017	SRA:SRX3119671.14353646.1	100.000	30	0	0	3689	3718	30	1	3.59e-05	56.5
CFAV-Macapa2_Brazil_2017	SRA:SRX3119671.15461852.1	100.000	29	0	0	3588	3616	29	1	1.29e-04	54.7
CFAV-Macapa2_Brazil_2017	SRA:SRX3119671.10151373.1	100.000	29	0	0	3593	3621	29	1	1.29e-04	54.7
CFAV-Macapa2_Brazil_2017	SRA:SRX3119671.8262455.1	100.000	29	0	0	3593	3621	29	1	1.29e-04	54.7
CFAV-Macapa2_Brazil_2017	SRA:SRX3119671.8240877.1	100.000	29	0	0	3593	3621	29	1	1.29e-04	54.7
CFAV-Macapa2_Brazil_2017	SRA:SRX3119671.5597541.1	100.000	29	0	0	3588	3616	29	1	1.29e-04	54.7
CFAV-Macapa2_Brazil_2017	SRA:SRX3119671.4782266.1	100.000	29	0	0	3883	3911	29	1	1.29e-04	54.7
CFAV-Macapa2_Brazil_2017	SRA:SRX3119671.687525.1	100.000	29	0	0	3606	3634	29	1	1.29e-04	54.7
CFAV-Macapa2_Brazil_2017	SRA:SRX3119671.17869747.1	100.000	28	0	0	3888	3915	29	2	4.65e-04	52.8
CFAV-Macapa2_Brazil_2017	SRA:SRX3119671.16606181.1	100.000	28	0	0	3688	3715	28	1	4.65e-04	52.8
CFAV-Macapa2_Brazil_2017	SRA:SRX3119671.16481158.1	100.000	28	0	0	3705	3732	28	1	4.65e-04	52.8
CFAV-Macapa2_Brazil_2017	SRA:SRX3119671.14750740.1	100.000	28	0	0	3688	3715	28	1	4.65e-04	52.8
CFAV-Macapa2_Brazil_2017	SRA:SRX3119671.13327187.1	100.000	28	0	0	3708	3735	28	1	4.65e-04	52.8
CFAV-Macapa2_Brazil_2017	SRA:SRX3119671.11242267.1	100.000	28	0	0	3705	3732	28	1	4.65e-04	52.8
CFAV-Macapa2_Brazil_2017	SRA:SRX3119671.8529042.1	100.000	28	0	0	3705	3732	28	1	4.65e-04	52.8
CFAV-Macapa2_Brazil_2017	SRA:SRX3119671.8448221.1	100.000	28	0	0	3588	3615	28	1	4.65e-04	52.8
CFAV-Macapa2_Brazil_2017	SRA:SRX3119671.4819933.1	100.000	28	0	0	3705	3732	28	1	4.65e-04	52.8
CFAV-Macapa2_Brazil_2017	SRA:SRX3119671.4022205.1	100.000	28	0	0	3708	3735	28	1	4.65e-04	52.8
CFAV-Macapa2_Brazil_2017	SRA:SRX3119671.1986287.1	100.000	28	0	0	3705	3732	28	1	4.65e-04	52.8
CFAV-Macapa2_Brazil_2017	SRA:SRX3119671.4095050.1	100.000	27	0	0	3832	3858	27	1	0.002	51.0
CFAV-KC_Cambodia_2015	SRA:SRX3119671.11263877.1	100.000	31	0	0	3681	3711	31	1	1.00e-05	58.4
CFAV-KC_Cambodia_2015	SRA:SRX3119671.14353646.1	100.000	30	0	0	3700	3729	30	1	3.60e-05	56.5
CFAV-KC_Cambodia_2015	SRA:SRX3119671.13899191.1	94.444	36	2	0	3866	3901	36	1	3.60e-05	56.5
CFAV-KC_Cambodia_2015	SRA:SRX3119671.8640856.1	100.000	30	0	0	3748	3777	30	1	3.60e-05	56.5
CFAV-KC_Cambodia_2015	SRA:SRX3119671.7261698.1	100.000	30	0	0	3762	3791	30	1	3.60e-05	56.5
CFAV-KC_Cambodia_2015	SRA:SRX3119671.6703921.1	100.000	30	0	0	3748	3777	30	1	3.60e-05	56.5
CFAV-KC_Cambodia_2015	SRA:SRX3119671.4641388.1	100.000	30	0	0	3748	3777	30	1	3.60e-05	56.5
CFAV-KC_Cambodia_2015	SRA:SRX3119671.4213243.1	100.000	30	0	0	3748	3777	30	1	3.60e-05	56.5
CFAV-KC_Cambodia_2015	SRA:SRX3119671.1255381.1	94.444	36	2	0	3866	3901	36	1	3.60e-05	56.5
CFAV-KC_Cambodia_2015	SRA:SRX3119671.15461852.1	100.000	29	0	0	3599	3627	29	1	1.29e-04	54.7
CFAV-KC_Cambodia_2015	SRA:SRX3119671.13669268.1	100.000	29	0	0	3748	3776	29	1	1.29e-04	54.7
CFAV-KC_Cambodia_2015	SRA:SRX3119671.11079658.1	100.000	29	0	0	3676	3704	29	1	1.29e-04	54.7
CFAV-KC_Cambodia_2015	SRA:SRX3119671.10151373.1	100.000	29	0	0	3604	3632	29	1	1.29e-04	54.7
CFAV-KC_Cambodia_2015	SRA:SRX3119671.8262455.1	100.000	29	0	0	3604	3632	29	1	1.29e-04	54.7
CFAV-KC_Cambodia_2015	SRA:SRX3119671.8240877.1	100.000	29	0	0	3604	3632	29	1	1.29e-04	54.7
CFAV-KC_Cambodia_2015	SRA:SRX3119671.5597541.1	100.000	29	0	0	3599	3627	29	1	1.29e-04	54.7
CFAV-KC_Cambodia_2015	SRA:SRX3119671.16606181.1	100.000	28	0	0	3699	3726	28	1	4.65e-04	52.8
CFAV-KC_Cambodia_2015	SRA:SRX3119671.16481158.1	100.000	28	0	0	3716	3743	28	1	4.65e-04	52.8
CFAV-KC_Cambodia_2015	SRA:SRX3119671.14750740.1	100.000	28	0	0	3699	3726	28	1	4.65e-04	52.8
CFAV-KC_Cambodia_2015	SRA:SRX3119671.13327187.1	100.000	28	0	0	3719	3746	28	1	4.65e-04	52.8
CFAV-KC_Cambodia_2015	SRA:SRX3119671.13293168.1	100.000	28	0	0	3750	3777	28	1	4.65e-04	52.8
CFAV-KC_Cambodia_2015	SRA:SRX3119671.12037548.1	100.000	28	0	0	3676	3703	28	1	4.65e-04	52.8
CFAV-KC_Cambodia_2015	SRA:SRX3119671.11973576.1	100.000	28	0	0	3764	3791	28	1	4.65e-04	52.8
CFAV-KC_Cambodia_2015	SRA:SRX3119671.11338462.1	100.000	28	0	0	3750	3777	28	1	4.65e-04	52.8
CFAV-KC_Cambodia_2015	SRA:SRX3119671.11242267.1	100.000	28	0	0	3716	3743	28	1	4.65e-04	52.8
CFAV-KC_Cambodia_2015	SRA:SRX3119671.8529042.1	100.000	28	0	0	3716	3743	28	1	4.65e-04	52.8
CFAV-KC_Cambodia_2015	SRA:SRX3119671.8448221.1	100.000	28	0	0	3599	3626	28	1	4.65e-04	52.8
CFAV-KC_Cambodia_2015	SRA:SRX3119671.4819933.1	100.000	28	0	0	3716	3743	28	1	4.65e-04	52.8
CFAV-KC_Cambodia_2015	SRA:SRX3119671.4022205.1	100.000	28	0	0	3719	3746	28	1	4.65e-04	52.8
CFAV-KC_Cambodia_2015	SRA:SRX3119671.1986287.1	100.000	28	0	0	3716	3743	28	1	4.65e-04	52.8
CFAV-KC_Cambodia_2015	SRA:SRX3119671.7368644.1	100.000	27	0	0	3680	3706	27	1	0.002	51.0
CFAV-KC_Cambodia_2015	SRA:SRX3119671.5661794.1	100.000	27	0	0	3751	3777	27	1	0.002	51.0
CFAV-KC_Cambodia_2015	SRA:SRX3119671.5274559.1	100.000	27	0	0	3751	3777	27	1	0.002	51.0
CFAV-KC_Cambodia_2015	SRA:SRX3119671.4095050.1	100.000	27	0	0	3843	3869	27	1	0.002	51.0
CFAV-Zik_Uganda_2016	SRA:SRX3119671.11263877.1	100.000	31	0	0	3681	3711	31	1	1.00e-05	58.4
CFAV-Zik_Uganda_2016	SRA:SRX3119671.14353646.1	100.000	30	0	0	3700	3729	30	1	3.60e-05	56.5
CFAV-Zik_Uganda_2016	SRA:SRX3119671.13899191.1	94.444	36	2	0	3866	3901	36	1	3.60e-05	56.5
CFAV-Zik_Uganda_2016	SRA:SRX3119671.12037548.1	100.000	30	0	0	3674	3703	30	1	3.60e-05	56.5
CFAV-Zik_Uganda_2016	SRA:SRX3119671.8640856.1	100.000	30	0	0	3748	3777	30	1	3.60e-05	56.5
CFAV-Zik_Uganda_2016	SRA:SRX3119671.7261698.1	100.000	30	0	0	3762	3791	30	1	3.60e-05	56.5
CFAV-Zik_Uganda_2016	SRA:SRX3119671.6703921.1	100.000	30	0	0	3748	3777	30	1	3.60e-05	56.5
CFAV-Zik_Uganda_2016	SRA:SRX3119671.4641388.1	100.000	30	0	0	3748	3777	30	1	3.60e-05	56.5
CFAV-Zik_Uganda_2016	SRA:SRX3119671.4213243.1	100.000	30	0	0	3748	3777	30	1	3.60e-05	56.5
CFAV-Zik_Uganda_2016	SRA:SRX3119671.1255381.1	94.444	36	2	0	3866	3901	36	1	3.60e-05	56.5
CFAV-Zik_Uganda_2016	SRA:SRX3119671.15461852.1	100.000	29	0	0	3599	3627	29	1	1.29e-04	54.7
CFAV-Zik_Uganda_2016	SRA:SRX3119671.13669268.1	100.000	29	0	0	3748	3776	29	1	1.29e-04	54.7
CFAV-Zik_Uganda_2016	SRA:SRX3119671.11079658.1	100.000	29	0	0	3676	3704	29	1	1.29e-04	54.7
CFAV-Zik_Uganda_2016	SRA:SRX3119671.10151373.1	100.000	29	0	0	3604	3632	29	1	1.29e-04	54.7
CFAV-Zik_Uganda_2016	SRA:SRX3119671.8262455.1	100.000	29	0	0	3604	3632	29	1	1.29e-04	54.7
CFAV-Zik_Uganda_2016	SRA:SRX3119671.8240877.1	100.000	29	0	0	3604	3632	29	1	1.29e-04	54.7
CFAV-Zik_Uganda_2016	SRA:SRX3119671.7385534.1	100.000	29	0	0	3879	3907	29	1	1.29e-04	54.7
CFAV-Zik_Uganda_2016	SRA:SRX3119671.5597541.1	100.000	29	0	0	3599	3627	29	1	1.29e-04	54.7
CFAV-Zik_Uganda_2016	SRA:SRX3119671.687525.1	100.000	29	0	0	3617	3645	29	1	1.29e-04	54.7
CFAV-Zik_Uganda_2016	SRA:SRX3119671.17869747.1	100.000	28	0	0	3899	3926	29	2	4.65e-04	52.8
CFAV-Zik_Uganda_2016	SRA:SRX3119671.16606181.1	100.000	28	0	0	3699	3726	28	1	4.65e-04	52.8
CFAV-Zik_Uganda_2016	SRA:SRX3119671.16481158.1	100.000	28	0	0	3716	3743	28	1	4.65e-04	52.8
CFAV-Zik_Uganda_2016	SRA:SRX3119671.14750740.1	100.000	28	0	0	3699	3726	28	1	4.65e-04	52.8
CFAV-Zik_Uganda_2016	SRA:SRX3119671.13327187.1	100.000	28	0	0	3719	3746	28	1	4.65e-04	52.8
CFAV-Zik_Uganda_2016	SRA:SRX3119671.13293168.1	100.000	28	0	0	3750	3777	28	1	4.65e-04	52.8
CFAV-Zik_Uganda_2016	SRA:SRX3119671.11973576.1	100.000	28	0	0	3764	3791	28	1	4.65e-04	52.8
CFAV-Zik_Uganda_2016	SRA:SRX3119671.11338462.1	100.000	28	0	0	3750	3777	28	1	4.65e-04	52.8
CFAV-Zik_Uganda_2016	SRA:SRX3119671.11242267.1	100.000	28	0	0	3716	3743	28	1	4.65e-04	52.8
CFAV-Zik_Uganda_2016	SRA:SRX3119671.8529042.1	100.000	28	0	0	3716	3743	28	1	4.65e-04	52.8
CFAV-Zik_Uganda_2016	SRA:SRX3119671.8448221.1	100.000	28	0	0	3599	3626	28	1	4.65e-04	52.8
CFAV-Zik_Uganda_2016	SRA:SRX3119671.8195258.1	100.000	28	0	0	3882	3909	28	1	4.65e-04	52.8
CFAV-Zik_Uganda_2016	SRA:SRX3119671.4819933.1	100.000	28	0	0	3716	3743	28	1	4.65e-04	52.8
CFAV-Zik_Uganda_2016	SRA:SRX3119671.4782266.1	100.000	28	0	0	3895	3922	28	1	4.65e-04	52.8
CFAV-Zik_Uganda_2016	SRA:SRX3119671.4022205.1	100.000	28	0	0	3719	3746	28	1	4.65e-04	52.8
CFAV-Zik_Uganda_2016	SRA:SRX3119671.3528315.1	100.000	28	0	0	3892	3919	28	1	4.65e-04	52.8
CFAV-Zik_Uganda_2016	SRA:SRX3119671.1986287.1	100.000	28	0	0	3716	3743	28	1	4.65e-04	52.8
CFAV-Zik_Uganda_2016	SRA:SRX3119671.55256.1	100.000	28	0	0	3882	3909	28	1	4.65e-04	52.8
CFAV-Zik_Uganda_2016	SRA:SRX3119671.10641623.1	100.000	27	0	0	3653	3679	27	1	0.002	51.0
CFAV-Zik_Uganda_2016	SRA:SRX3119671.7368644.1	100.000	27	0	0	3680	3706	27	1	0.002	51.0
CFAV-Zik_Uganda_2016	SRA:SRX3119671.5661794.1	100.000	27	0	0	3751	3777	27	1	0.002	51.0
CFAV-Zik_Uganda_2016	SRA:SRX3119671.5274559.1	100.000	27	0	0	3751	3777	27	1	0.002	51.0
CFAV-Zik_Uganda_2016	SRA:SRX3119671.4095050.1	100.000	27	0	0	3843	3869	27	1	0.002	51.0
CFAV-Zik_Uganda_2016	SRA:SRX3119671.5378060.1	100.000	26	0	0	3674	3699	26	1	0.006	49.1
