CFAV-Bangkok_Thailand_2015	SRA:SRX3119670.7441063.1	100.000	35	0	0	3600	3634	35	1	1.43e-07	65.8
CFAV-Bangkok_Thailand_2015	SRA:SRX3119670.45136030.1	97.297	37	0	1	3726	3761	37	1	1.85e-06	62.1
CFAV-Bangkok_Thailand_2015	SRA:SRX3119670.15863302.1	100.000	33	0	0	3582	3614	33	1	1.85e-06	62.1
CFAV-Bangkok_Thailand_2015	SRA:SRX3119670.15810523.1	100.000	33	0	0	3582	3614	33	1	1.85e-06	62.1
CFAV-Bangkok_Thailand_2015	SRA:SRX3119670.10152628.1	100.000	33	0	0	3582	3614	33	1	1.85e-06	62.1
CFAV-Bangkok_Thailand_2015	SRA:SRX3119670.6394596.1	100.000	33	0	0	3582	3614	33	1	1.85e-06	62.1
CFAV-Bangkok_Thailand_2015	SRA:SRX3119670.3139305.1	100.000	33	0	0	3582	3614	33	1	1.85e-06	62.1
CFAV-Bangkok_Thailand_2015	SRA:SRX3119670.18301646.1	100.000	32	0	0	3728	3759	32	1	6.66e-06	60.2
CFAV-Bangkok_Thailand_2015	SRA:SRX3119670.41952758.1	97.143	35	0	1	3726	3759	35	1	2.40e-05	58.4
CFAV-Bangkok_Thailand_2015	SRA:SRX3119670.37225696.1	100.000	31	0	0	3658	3688	31	1	2.40e-05	58.4
CFAV-Bangkok_Thailand_2015	SRA:SRX3119670.26089071.1	100.000	31	0	0	3658	3688	31	1	2.40e-05	58.4
CFAV-Bangkok_Thailand_2015	SRA:SRX3119670.24037929.1	97.143	35	0	1	3726	3759	35	1	2.40e-05	58.4
CFAV-Bangkok_Thailand_2015	SRA:SRX3119670.20945813.1	100.000	31	0	0	3664	3694	31	1	2.40e-05	58.4
CFAV-Bangkok_Thailand_2015	SRA:SRX3119670.16096680.1	100.000	31	0	0	3681	3711	31	1	2.40e-05	58.4
CFAV-Bangkok_Thailand_2015	SRA:SRX3119670.16017823.1	100.000	31	0	0	3698	3728	31	1	2.40e-05	58.4
CFAV-Bangkok_Thailand_2015	SRA:SRX3119670.13147054.1	97.059	34	1	0	3726	3759	34	1	2.40e-05	58.4
CFAV-Bangkok_Thailand_2015	SRA:SRX3119670.8874478.1	100.000	31	0	0	3658	3688	31	1	2.40e-05	58.4
CFAV-Bangkok_Thailand_2015	SRA:SRX3119670.7681875.1	100.000	31	0	0	3658	3688	31	1	2.40e-05	58.4
CFAV-Bangkok_Thailand_2015	SRA:SRX3119670.7230493.1	97.059	34	1	0	3868	3901	34	1	2.40e-05	58.4
CFAV-Bangkok_Thailand_2015	SRA:SRX3119670.33665820.1	97.059	34	0	1	3726	3758	34	1	8.62e-05	56.5
CFAV-Bangkok_Thailand_2015	SRA:SRX3119670.33192504.1	100.000	30	0	0	3730	3759	30	1	8.62e-05	56.5
CFAV-Bangkok_Thailand_2015	SRA:SRX3119670.27568588.1	94.595	37	1	1	3860	3896	38	3	8.62e-05	56.5
CFAV-Bangkok_Thailand_2015	SRA:SRX3119670.26661981.1	100.000	30	0	0	3662	3691	30	1	8.62e-05	56.5
CFAV-Bangkok_Thailand_2015	SRA:SRX3119670.24918233.1	100.000	30	0	0	3585	3614	30	1	8.62e-05	56.5
CFAV-Bangkok_Thailand_2015	SRA:SRX3119670.19001179.1	100.000	30	0	0	3657	3686	30	1	8.62e-05	56.5
CFAV-Bangkok_Thailand_2015	SRA:SRX3119670.16102087.1	100.000	30	0	0	3732	3761	30	1	8.62e-05	56.5
CFAV-Bangkok_Thailand_2015	SRA:SRX3119670.9420160.1	96.970	33	1	0	3869	3901	33	1	8.62e-05	56.5
CFAV-Bangkok_Thailand_2015	SRA:SRX3119670.7133917.1	100.000	30	0	0	3602	3631	30	1	8.62e-05	56.5
CFAV-Bangkok_Thailand_2015	SRA:SRX3119670.1119228.1	97.059	34	0	1	3726	3758	34	1	8.62e-05	56.5
CFAV-Bangkok_Thailand_2015	SRA:SRX3119670.696230.1	100.000	30	0	0	3815	3844	30	1	8.62e-05	56.5
CFAV-Bangkok_Thailand_2015	SRA:SRX3119670.44367502.1	100.000	29	0	0	3658	3686	29	1	3.10e-04	54.7
CFAV-Bangkok_Thailand_2015	SRA:SRX3119670.43942772.1	100.000	29	0	0	3868	3896	31	3	3.10e-04	54.7
CFAV-Bangkok_Thailand_2015	SRA:SRX3119670.43002131.1	100.000	29	0	0	3658	3686	29	1	3.10e-04	54.7
CFAV-Bangkok_Thailand_2015	SRA:SRX3119670.40966881.1	100.000	29	0	0	3699	3727	29	1	3.10e-04	54.7
CFAV-Bangkok_Thailand_2015	SRA:SRX3119670.35691384.1	100.000	29	0	0	3599	3627	29	1	3.10e-04	54.7
CFAV-Bangkok_Thailand_2015	SRA:SRX3119670.35638989.1	100.000	29	0	0	3599	3627	29	1	3.10e-04	54.7
CFAV-Bangkok_Thailand_2015	SRA:SRX3119670.35468982.1	96.970	33	0	1	3686	3717	33	1	3.10e-04	54.7
CFAV-Bangkok_Thailand_2015	SRA:SRX3119670.32930340.1	100.000	29	0	0	3732	3760	29	1	3.10e-04	54.7
CFAV-Bangkok_Thailand_2015	SRA:SRX3119670.31694831.1	100.000	29	0	0	3689	3717	29	1	3.10e-04	54.7
CFAV-Bangkok_Thailand_2015	SRA:SRX3119670.29578345.1	100.000	29	0	0	3595	3623	29	1	3.10e-04	54.7
CFAV-Bangkok_Thailand_2015	SRA:SRX3119670.28835780.1	100.000	29	0	0	3732	3760	29	1	3.10e-04	54.7
CFAV-Bangkok_Thailand_2015	SRA:SRX3119670.27890158.1	100.000	29	0	0	3692	3720	29	1	3.10e-04	54.7
CFAV-Bangkok_Thailand_2015	SRA:SRX3119670.27839523.1	100.000	29	0	0	3868	3896	31	3	3.10e-04	54.7
CFAV-Bangkok_Thailand_2015	SRA:SRX3119670.27701285.1	100.000	29	0	0	3581	3609	29	1	3.10e-04	54.7
CFAV-Bangkok_Thailand_2015	SRA:SRX3119670.26918683.1	96.875	32	1	0	3654	3685	32	1	3.10e-04	54.7
CFAV-Bangkok_Thailand_2015	SRA:SRX3119670.22030164.1	100.000	29	0	0	3607	3635	29	1	3.10e-04	54.7
CFAV-Bangkok_Thailand_2015	SRA:SRX3119670.21671916.1	100.000	29	0	0	3658	3686	29	1	3.10e-04	54.7
CFAV-Bangkok_Thailand_2015	SRA:SRX3119670.18330383.1	100.000	29	0	0	3658	3686	29	1	3.10e-04	54.7
CFAV-Bangkok_Thailand_2015	SRA:SRX3119670.18018481.1	100.000	29	0	0	3658	3686	29	1	3.10e-04	54.7
CFAV-Bangkok_Thailand_2015	SRA:SRX3119670.16589767.1	100.000	29	0	0	3607	3635	29	1	3.10e-04	54.7
CFAV-Bangkok_Thailand_2015	SRA:SRX3119670.16569971.1	100.000	29	0	0	3606	3634	29	1	3.10e-04	54.7
CFAV-Bangkok_Thailand_2015	SRA:SRX3119670.15630123.1	100.000	29	0	0	3610	3638	30	2	3.10e-04	54.7
CFAV-Bangkok_Thailand_2015	SRA:SRX3119670.15276545.1	100.000	29	0	0	3670	3698	29	1	3.10e-04	54.7
CFAV-Bangkok_Thailand_2015	SRA:SRX3119670.15058939.1	100.000	29	0	0	3607	3635	29	1	3.10e-04	54.7
CFAV-Bangkok_Thailand_2015	SRA:SRX3119670.14394805.1	100.000	29	0	0	3610	3638	30	2	3.10e-04	54.7
CFAV-Bangkok_Thailand_2015	SRA:SRX3119670.14125977.1	100.000	29	0	0	3658	3686	29	1	3.10e-04	54.7
CFAV-Bangkok_Thailand_2015	SRA:SRX3119670.13814927.1	100.000	29	0	0	3692	3720	29	1	3.10e-04	54.7
CFAV-Bangkok_Thailand_2015	SRA:SRX3119670.12280598.1	100.000	29	0	0	3658	3686	29	1	3.10e-04	54.7
CFAV-Bangkok_Thailand_2015	SRA:SRX3119670.12169013.1	100.000	29	0	0	3689	3717	29	1	3.10e-04	54.7
CFAV-Bangkok_Thailand_2015	SRA:SRX3119670.11935445.1	100.000	29	0	0	3592	3620	29	1	3.10e-04	54.7
CFAV-Bangkok_Thailand_2015	SRA:SRX3119670.11807059.1	100.000	29	0	0	3607	3635	29	1	3.10e-04	54.7
CFAV-Bangkok_Thailand_2015	SRA:SRX3119670.11206548.1	100.000	29	0	0	3607	3635	29	1	3.10e-04	54.7
CFAV-Bangkok_Thailand_2015	SRA:SRX3119670.9720745.1	100.000	29	0	0	3583	3611	29	1	3.10e-04	54.7
CFAV-Bangkok_Thailand_2015	SRA:SRX3119670.8935633.1	100.000	29	0	0	3595	3623	29	1	3.10e-04	54.7
CFAV-Bangkok_Thailand_2015	SRA:SRX3119670.5300832.1	100.000	29	0	0	3689	3717	29	1	3.10e-04	54.7
CFAV-Bangkok_Thailand_2015	SRA:SRX3119670.4033017.1	100.000	29	0	0	3595	3623	29	1	3.10e-04	54.7
CFAV-Bangkok_Thailand_2015	SRA:SRX3119670.3540368.1	100.000	29	0	0	3697	3725	29	1	3.10e-04	54.7
CFAV-Bangkok_Thailand_2015	SRA:SRX3119670.778329.1	100.000	29	0	0	3581	3609	29	1	3.10e-04	54.7
CFAV-Bangkok_Thailand_2015	SRA:SRX3119670.45829520.1	100.000	28	0	0	3817	3844	28	1	0.001	52.8
CFAV-Bangkok_Thailand_2015	SRA:SRX3119670.45665081.1	100.000	28	0	0	3817	3844	28	1	0.001	52.8
CFAV-Bangkok_Thailand_2015	SRA:SRX3119670.45444585.1	100.000	28	0	0	3701	3728	28	1	0.001	52.8
CFAV-Bangkok_Thailand_2015	SRA:SRX3119670.45402750.1	100.000	28	0	0	3734	3761	28	1	0.001	52.8
CFAV-Bangkok_Thailand_2015	SRA:SRX3119670.40200624.1	100.000	28	0	0	3817	3844	28	1	0.001	52.8
CFAV-Bangkok_Thailand_2015	SRA:SRX3119670.38829994.1	100.000	28	0	0	3812	3839	28	1	0.001	52.8
CFAV-Bangkok_Thailand_2015	SRA:SRX3119670.38628457.1	100.000	28	0	0	3869	3896	30	3	0.001	52.8
CFAV-Bangkok_Thailand_2015	SRA:SRX3119670.38108356.1	100.000	28	0	0	3607	3634	28	1	0.001	52.8
CFAV-Bangkok_Thailand_2015	SRA:SRX3119670.37856988.1	100.000	28	0	0	3582	3609	28	1	0.001	52.8
CFAV-Bangkok_Thailand_2015	SRA:SRX3119670.37086846.1	100.000	28	0	0	3732	3759	28	1	0.001	52.8
CFAV-Bangkok_Thailand_2015	SRA:SRX3119670.35712737.1	94.286	35	1	1	3601	3634	35	1	0.001	52.8
CFAV-Bangkok_Thailand_2015	SRA:SRX3119670.35201872.1	100.000	28	0	0	3681	3708	28	1	0.001	52.8
CFAV-Bangkok_Thailand_2015	SRA:SRX3119670.35059868.1	100.000	28	0	0	3658	3685	28	1	0.001	52.8
CFAV-Bangkok_Thailand_2015	SRA:SRX3119670.32992035.1	100.000	28	0	0	3698	3725	28	1	0.001	52.8
CFAV-Bangkok_Thailand_2015	SRA:SRX3119670.31914035.1	100.000	28	0	0	3582	3609	28	1	0.001	52.8
CFAV-Bangkok_Thailand_2015	SRA:SRX3119670.29762923.1	100.000	28	0	0	3817	3844	28	1	0.001	52.8
CFAV-Bangkok_Thailand_2015	SRA:SRX3119670.28256569.1	100.000	28	0	0	3681	3708	28	1	0.001	52.8
CFAV-Bangkok_Thailand_2015	SRA:SRX3119670.27667775.1	100.000	28	0	0	3698	3725	28	1	0.001	52.8
CFAV-Bangkok_Thailand_2015	SRA:SRX3119670.26315976.1	100.000	28	0	0	3659	3686	28	1	0.001	52.8
CFAV-Bangkok_Thailand_2015	SRA:SRX3119670.25664180.1	100.000	28	0	0	3864	3891	28	1	0.001	52.8
CFAV-Bangkok_Thailand_2015	SRA:SRX3119670.25135289.1	100.000	28	0	0	3732	3759	28	1	0.001	52.8
CFAV-Bangkok_Thailand_2015	SRA:SRX3119670.23826741.1	100.000	28	0	0	3593	3620	28	1	0.001	52.8
CFAV-Bangkok_Thailand_2015	SRA:SRX3119670.23232565.1	100.000	28	0	0	3731	3758	28	1	0.001	52.8
CFAV-Bangkok_Thailand_2015	SRA:SRX3119670.21768008.1	100.000	28	0	0	3865	3892	28	1	0.001	52.8
CFAV-Bangkok_Thailand_2015	SRA:SRX3119670.20949854.1	96.774	31	1	0	3698	3728	31	1	0.001	52.8
CFAV-Bangkok_Thailand_2015	SRA:SRX3119670.20630848.1	100.000	28	0	0	3820	3847	28	1	0.001	52.8
CFAV-Bangkok_Thailand_2015	SRA:SRX3119670.19660102.1	100.000	28	0	0	3699	3726	28	1	0.001	52.8
CFAV-Bangkok_Thailand_2015	SRA:SRX3119670.19222760.1	100.000	28	0	0	3698	3725	28	1	0.001	52.8
CFAV-Bangkok_Thailand_2015	SRA:SRX3119670.17092240.1	100.000	28	0	0	3732	3759	28	1	0.001	52.8
CFAV-Bangkok_Thailand_2015	SRA:SRX3119670.13881212.1	100.000	28	0	0	3698	3725	28	1	0.001	52.8
CFAV-Bangkok_Thailand_2015	SRA:SRX3119670.13781266.1	100.000	28	0	0	3817	3844	28	1	0.001	52.8
CFAV-Bangkok_Thailand_2015	SRA:SRX3119670.12608964.1	100.000	28	0	0	3681	3708	28	1	0.001	52.8
CFAV-Bangkok_Thailand_2015	SRA:SRX3119670.11711832.1	100.000	28	0	0	3658	3685	28	1	0.001	52.8
CFAV-Bangkok_Thailand_2015	SRA:SRX3119670.10193160.1	100.000	28	0	0	3698	3725	28	1	0.001	52.8
CFAV-Bangkok_Thailand_2015	SRA:SRX3119670.9940497.1	100.000	28	0	0	3732	3759	28	1	0.001	52.8
CFAV-Bangkok_Thailand_2015	SRA:SRX3119670.9590191.1	100.000	28	0	0	3690	3717	28	1	0.001	52.8
CFAV-Bangkok_Thailand_2015	SRA:SRX3119670.9310773.1	100.000	28	0	0	3695	3722	28	1	0.001	52.8
CFAV-Bangkok_Thailand_2015	SRA:SRX3119670.8477541.1	100.000	28	0	0	3698	3725	28	1	0.001	52.8
CFAV-Bangkok_Thailand_2015	SRA:SRX3119670.8337273.1	100.000	28	0	0	3658	3685	28	1	0.001	52.8
CFAV-Bangkok_Thailand_2015	SRA:SRX3119670.5092992.1	100.000	28	0	0	3864	3891	28	1	0.001	52.8
CFAV-Bangkok_Thailand_2015	SRA:SRX3119670.4728416.1	100.000	28	0	0	3593	3620	28	1	0.001	52.8
CFAV-Bangkok_Thailand_2015	SRA:SRX3119670.4722701.1	100.000	28	0	0	3600	3627	28	1	0.001	52.8
CFAV-Bangkok_Thailand_2015	SRA:SRX3119670.4701987.1	100.000	28	0	0	3607	3634	28	1	0.001	52.8
CFAV-Bangkok_Thailand_2015	SRA:SRX3119670.3687715.1	100.000	28	0	0	3587	3614	28	1	0.001	52.8
CFAV-Bangkok_Thailand_2015	SRA:SRX3119670.2720790.1	100.000	28	0	0	3820	3847	28	1	0.001	52.8
CFAV-Bangkok_Thailand_2015	SRA:SRX3119670.1569903.1	100.000	28	0	0	3701	3728	28	1	0.001	52.8
CFAV-Bangkok_Thailand_2015	SRA:SRX3119670.1227285.1	100.000	28	0	0	3864	3891	28	1	0.001	52.8
CFAV-Bangkok_Thailand_2015	SRA:SRX3119670.1072531.1	100.000	28	0	0	3812	3839	28	1	0.001	52.8
CFAV-Bangkok_Thailand_2015	SRA:SRX3119670.32338120.1	100.000	27	0	0	3702	3728	27	1	0.004	51.0
CFAV-Bangkok_Thailand_2015	SRA:SRX3119670.30007890.1	100.000	27	0	0	3597	3623	27	1	0.004	51.0
CFAV-Bangkok_Thailand_2015	SRA:SRX3119670.28270828.1	100.000	27	0	0	3813	3839	27	1	0.004	51.0
CFAV-Bangkok_Thailand_2015	SRA:SRX3119670.27161172.1	100.000	27	0	0	3699	3725	27	1	0.004	51.0
CFAV-Bangkok_Thailand_2015	SRA:SRX3119670.12444150.1	96.774	31	0	1	3809	3839	30	1	0.004	51.0
CFAV-Bangkok_Thailand_2015	SRA:SRX3119670.4472408.1	100.000	27	0	0	3662	3688	27	1	0.004	51.0
NC_001564	SRA:SRX3119670.7441063.1	100.000	35	0	0	3607	3641	35	1	1.44e-07	65.8
NC_001564	SRA:SRX3119670.7230493.1	100.000	34	0	0	3875	3908	34	1	5.16e-07	63.9
NC_001564	SRA:SRX3119670.15863302.1	100.000	33	0	0	3589	3621	33	1	1.86e-06	62.1
NC_001564	SRA:SRX3119670.15810523.1	100.000	33	0	0	3589	3621	33	1	1.86e-06	62.1
NC_001564	SRA:SRX3119670.10152628.1	100.000	33	0	0	3589	3621	33	1	1.86e-06	62.1
NC_001564	SRA:SRX3119670.9420160.1	100.000	33	0	0	3876	3908	33	1	1.86e-06	62.1
NC_001564	SRA:SRX3119670.6394596.1	100.000	33	0	0	3589	3621	33	1	1.86e-06	62.1
NC_001564	SRA:SRX3119670.3139305.1	100.000	33	0	0	3589	3621	33	1	1.86e-06	62.1
NC_001564	SRA:SRX3119670.43942772.1	100.000	31	0	0	3875	3905	31	1	2.40e-05	58.4
NC_001564	SRA:SRX3119670.37225696.1	100.000	31	0	0	3665	3695	31	1	2.40e-05	58.4
NC_001564	SRA:SRX3119670.33909311.1	100.000	31	0	0	3866	3896	31	1	2.40e-05	58.4
NC_001564	SRA:SRX3119670.32458189.1	94.737	38	1	1	3872	3909	37	1	2.40e-05	58.4
NC_001564	SRA:SRX3119670.28082228.1	100.000	31	0	0	3860	3890	31	1	2.40e-05	58.4
NC_001564	SRA:SRX3119670.27839523.1	100.000	31	0	0	3875	3905	31	1	2.40e-05	58.4
NC_001564	SRA:SRX3119670.27642689.1	100.000	31	0	0	3868	3898	31	1	2.40e-05	58.4
NC_001564	SRA:SRX3119670.27568588.1	100.000	31	0	0	3875	3905	31	1	2.40e-05	58.4
NC_001564	SRA:SRX3119670.26344986.1	100.000	31	0	0	3866	3896	31	1	2.40e-05	58.4
NC_001564	SRA:SRX3119670.26089071.1	100.000	31	0	0	3665	3695	31	1	2.40e-05	58.4
NC_001564	SRA:SRX3119670.20945813.1	100.000	31	0	0	3671	3701	31	1	2.40e-05	58.4
NC_001564	SRA:SRX3119670.16882673.1	100.000	31	0	0	3878	3908	31	1	2.40e-05	58.4
NC_001564	SRA:SRX3119670.16096680.1	100.000	31	0	0	3688	3718	31	1	2.40e-05	58.4
NC_001564	SRA:SRX3119670.16017823.1	100.000	31	0	0	3705	3735	31	1	2.40e-05	58.4
NC_001564	SRA:SRX3119670.8874478.1	100.000	31	0	0	3665	3695	31	1	2.40e-05	58.4
NC_001564	SRA:SRX3119670.7681875.1	100.000	31	0	0	3665	3695	31	1	2.40e-05	58.4
NC_001564	SRA:SRX3119670.41639635.1	100.000	30	0	0	3869	3898	30	1	8.64e-05	56.5
NC_001564	SRA:SRX3119670.38628457.1	100.000	30	0	0	3876	3905	30	1	8.64e-05	56.5
NC_001564	SRA:SRX3119670.26661981.1	100.000	30	0	0	3669	3698	30	1	8.64e-05	56.5
NC_001564	SRA:SRX3119670.25267042.1	100.000	30	0	0	3879	3908	30	1	8.64e-05	56.5
NC_001564	SRA:SRX3119670.24918233.1	100.000	30	0	0	3592	3621	30	1	8.64e-05	56.5
NC_001564	SRA:SRX3119670.20717140.1	100.000	30	0	0	3869	3898	30	1	8.64e-05	56.5
NC_001564	SRA:SRX3119670.19001179.1	100.000	30	0	0	3664	3693	30	1	8.64e-05	56.5
NC_001564	SRA:SRX3119670.7133917.1	100.000	30	0	0	3609	3638	30	1	8.64e-05	56.5
NC_001564	SRA:SRX3119670.696230.1	100.000	30	0	0	3822	3851	30	1	8.64e-05	56.5
NC_001564	SRA:SRX3119670.46136291.1	100.000	29	0	0	3881	3909	29	1	3.11e-04	54.7
NC_001564	SRA:SRX3119670.46081652.1	100.000	29	0	0	3881	3909	29	1	3.11e-04	54.7
NC_001564	SRA:SRX3119670.45663090.1	100.000	29	0	0	3880	3908	29	1	3.11e-04	54.7
NC_001564	SRA:SRX3119670.44367502.1	100.000	29	0	0	3665	3693	29	1	3.11e-04	54.7
NC_001564	SRA:SRX3119670.43002131.1	100.000	29	0	0	3665	3693	29	1	3.11e-04	54.7
NC_001564	SRA:SRX3119670.40966881.1	100.000	29	0	0	3706	3734	29	1	3.11e-04	54.7
NC_001564	SRA:SRX3119670.35691384.1	100.000	29	0	0	3606	3634	29	1	3.11e-04	54.7
NC_001564	SRA:SRX3119670.35638989.1	100.000	29	0	0	3606	3634	29	1	3.11e-04	54.7
NC_001564	SRA:SRX3119670.35468982.1	96.970	33	0	1	3693	3724	33	1	3.11e-04	54.7
NC_001564	SRA:SRX3119670.33181230.1	100.000	29	0	0	3862	3890	29	1	3.11e-04	54.7
NC_001564	SRA:SRX3119670.31694831.1	100.000	29	0	0	3696	3724	29	1	3.11e-04	54.7
NC_001564	SRA:SRX3119670.31239814.1	100.000	29	0	0	3884	3912	29	1	3.11e-04	54.7
NC_001564	SRA:SRX3119670.29578345.1	100.000	29	0	0	3602	3630	29	1	3.11e-04	54.7
NC_001564	SRA:SRX3119670.28027092.1	96.774	31	1	0	3860	3890	31	1	3.11e-04	54.7
NC_001564	SRA:SRX3119670.27890158.1	100.000	29	0	0	3699	3727	29	1	3.11e-04	54.7
NC_001564	SRA:SRX3119670.27701285.1	100.000	29	0	0	3588	3616	29	1	3.11e-04	54.7
NC_001564	SRA:SRX3119670.27130115.1	100.000	29	0	0	3880	3908	29	1	3.11e-04	54.7
NC_001564	SRA:SRX3119670.26918683.1	96.875	32	1	0	3661	3692	32	1	3.11e-04	54.7
NC_001564	SRA:SRX3119670.23375668.1	100.000	29	0	0	3855	3883	29	1	3.11e-04	54.7
NC_001564	SRA:SRX3119670.23180030.1	100.000	29	0	0	3880	3908	29	1	3.11e-04	54.7
NC_001564	SRA:SRX3119670.22523549.1	100.000	29	0	0	3880	3908	29	1	3.11e-04	54.7
NC_001564	SRA:SRX3119670.22030164.1	100.000	29	0	0	3614	3642	29	1	3.11e-04	54.7
NC_001564	SRA:SRX3119670.21671916.1	100.000	29	0	0	3665	3693	29	1	3.11e-04	54.7
NC_001564	SRA:SRX3119670.21116710.1	96.970	33	0	1	3873	3905	32	1	3.11e-04	54.7
NC_001564	SRA:SRX3119670.19242691.1	100.000	29	0	0	3881	3909	29	1	3.11e-04	54.7
NC_001564	SRA:SRX3119670.18806878.1	100.000	29	0	0	3870	3898	29	1	3.11e-04	54.7
NC_001564	SRA:SRX3119670.18330383.1	100.000	29	0	0	3665	3693	29	1	3.11e-04	54.7
NC_001564	SRA:SRX3119670.18018481.1	100.000	29	0	0	3665	3693	29	1	3.11e-04	54.7
NC_001564	SRA:SRX3119670.16589767.1	100.000	29	0	0	3614	3642	29	1	3.11e-04	54.7
NC_001564	SRA:SRX3119670.16569971.1	100.000	29	0	0	3613	3641	29	1	3.11e-04	54.7
NC_001564	SRA:SRX3119670.15630123.1	100.000	29	0	0	3617	3645	30	2	3.11e-04	54.7
NC_001564	SRA:SRX3119670.15333411.1	100.000	29	0	0	3870	3898	29	1	3.11e-04	54.7
NC_001564	SRA:SRX3119670.15276545.1	100.000	29	0	0	3677	3705	29	1	3.11e-04	54.7
NC_001564	SRA:SRX3119670.15058939.1	100.000	29	0	0	3614	3642	29	1	3.11e-04	54.7
NC_001564	SRA:SRX3119670.14394805.1	100.000	29	0	0	3617	3645	30	2	3.11e-04	54.7
NC_001564	SRA:SRX3119670.14125977.1	100.000	29	0	0	3665	3693	29	1	3.11e-04	54.7
NC_001564	SRA:SRX3119670.13814927.1	100.000	29	0	0	3699	3727	29	1	3.11e-04	54.7
NC_001564	SRA:SRX3119670.13419307.1	100.000	29	0	0	3852	3880	29	1	3.11e-04	54.7
NC_001564	SRA:SRX3119670.13358174.1	100.000	29	0	0	3868	3896	29	1	3.11e-04	54.7
NC_001564	SRA:SRX3119670.12466151.1	100.000	29	0	0	3870	3898	29	1	3.11e-04	54.7
NC_001564	SRA:SRX3119670.12280598.1	100.000	29	0	0	3665	3693	29	1	3.11e-04	54.7
NC_001564	SRA:SRX3119670.12169013.1	100.000	29	0	0	3696	3724	29	1	3.11e-04	54.7
NC_001564	SRA:SRX3119670.11935445.1	100.000	29	0	0	3599	3627	29	1	3.11e-04	54.7
NC_001564	SRA:SRX3119670.11807059.1	100.000	29	0	0	3614	3642	29	1	3.11e-04	54.7
NC_001564	SRA:SRX3119670.11206548.1	100.000	29	0	0	3614	3642	29	1	3.11e-04	54.7
NC_001564	SRA:SRX3119670.11089529.1	100.000	29	0	0	3868	3896	29	1	3.11e-04	54.7
NC_001564	SRA:SRX3119670.9720745.1	100.000	29	0	0	3590	3618	29	1	3.11e-04	54.7
NC_001564	SRA:SRX3119670.8935633.1	100.000	29	0	0	3602	3630	29	1	3.11e-04	54.7
NC_001564	SRA:SRX3119670.5300832.1	100.000	29	0	0	3696	3724	29	1	3.11e-04	54.7
NC_001564	SRA:SRX3119670.4033017.1	100.000	29	0	0	3602	3630	29	1	3.11e-04	54.7
NC_001564	SRA:SRX3119670.3540368.1	100.000	29	0	0	3704	3732	29	1	3.11e-04	54.7
NC_001564	SRA:SRX3119670.778329.1	100.000	29	0	0	3588	3616	29	1	3.11e-04	54.7
NC_001564	SRA:SRX3119670.550042.1	100.000	29	0	0	3870	3898	29	1	3.11e-04	54.7
NC_001564	SRA:SRX3119670.45829520.1	100.000	28	0	0	3824	3851	28	1	0.001	52.8
NC_001564	SRA:SRX3119670.45665081.1	100.000	28	0	0	3824	3851	28	1	0.001	52.8
NC_001564	SRA:SRX3119670.45649112.1	100.000	28	0	0	3709	3736	29	2	0.001	52.8
NC_001564	SRA:SRX3119670.45444585.1	100.000	28	0	0	3708	3735	28	1	0.001	52.8
NC_001564	SRA:SRX3119670.43464391.1	100.000	28	0	0	3834	3861	28	1	0.001	52.8
NC_001564	SRA:SRX3119670.41625540.1	100.000	28	0	0	3880	3907	29	2	0.001	52.8
NC_001564	SRA:SRX3119670.40200624.1	100.000	28	0	0	3824	3851	28	1	0.001	52.8
NC_001564	SRA:SRX3119670.38829994.1	100.000	28	0	0	3819	3846	28	1	0.001	52.8
NC_001564	SRA:SRX3119670.38108356.1	100.000	28	0	0	3614	3641	28	1	0.001	52.8
NC_001564	SRA:SRX3119670.37856988.1	100.000	28	0	0	3589	3616	28	1	0.001	52.8
NC_001564	SRA:SRX3119670.36949575.1	100.000	28	0	0	3812	3839	28	1	0.001	52.8
NC_001564	SRA:SRX3119670.35712737.1	94.286	35	1	1	3608	3641	35	1	0.001	52.8
NC_001564	SRA:SRX3119670.35201872.1	100.000	28	0	0	3688	3715	28	1	0.001	52.8
NC_001564	SRA:SRX3119670.35059868.1	100.000	28	0	0	3665	3692	28	1	0.001	52.8
NC_001564	SRA:SRX3119670.32992035.1	100.000	28	0	0	3705	3732	28	1	0.001	52.8
NC_001564	SRA:SRX3119670.31914035.1	100.000	28	0	0	3589	3616	28	1	0.001	52.8
NC_001564	SRA:SRX3119670.30409403.1	100.000	28	0	0	3796	3823	28	1	0.001	52.8
NC_001564	SRA:SRX3119670.30312249.1	100.000	28	0	0	3709	3736	29	2	0.001	52.8
NC_001564	SRA:SRX3119670.29762923.1	100.000	28	0	0	3824	3851	28	1	0.001	52.8
NC_001564	SRA:SRX3119670.28256569.1	100.000	28	0	0	3688	3715	28	1	0.001	52.8
NC_001564	SRA:SRX3119670.27719567.1	100.000	28	0	0	3794	3821	28	1	0.001	52.8
NC_001564	SRA:SRX3119670.27667775.1	100.000	28	0	0	3705	3732	28	1	0.001	52.8
NC_001564	SRA:SRX3119670.26315976.1	100.000	28	0	0	3666	3693	28	1	0.001	52.8
NC_001564	SRA:SRX3119670.26088563.1	100.000	28	0	0	3812	3839	28	1	0.001	52.8
NC_001564	SRA:SRX3119670.25708056.1	100.000	28	0	0	3871	3898	28	1	0.001	52.8
NC_001564	SRA:SRX3119670.25498871.1	100.000	28	0	0	3812	3839	28	1	0.001	52.8
NC_001564	SRA:SRX3119670.23826741.1	100.000	28	0	0	3600	3627	28	1	0.001	52.8
NC_001564	SRA:SRX3119670.23530569.1	100.000	28	0	0	3849	3876	28	1	0.001	52.8
NC_001564	SRA:SRX3119670.21768008.1	100.000	28	0	0	3872	3899	28	1	0.001	52.8
NC_001564	SRA:SRX3119670.20630848.1	100.000	28	0	0	3827	3854	28	1	0.001	52.8
NC_001564	SRA:SRX3119670.19660102.1	100.000	28	0	0	3706	3733	28	1	0.001	52.8
NC_001564	SRA:SRX3119670.19222760.1	100.000	28	0	0	3705	3732	28	1	0.001	52.8
NC_001564	SRA:SRX3119670.15949420.1	100.000	28	0	0	3796	3823	28	1	0.001	52.8
NC_001564	SRA:SRX3119670.13881212.1	100.000	28	0	0	3705	3732	28	1	0.001	52.8
NC_001564	SRA:SRX3119670.13781266.1	100.000	28	0	0	3824	3851	28	1	0.001	52.8
NC_001564	SRA:SRX3119670.12608964.1	100.000	28	0	0	3688	3715	28	1	0.001	52.8
NC_001564	SRA:SRX3119670.11711832.1	100.000	28	0	0	3665	3692	28	1	0.001	52.8
NC_001564	SRA:SRX3119670.11437411.1	100.000	28	0	0	3794	3821	28	1	0.001	52.8
NC_001564	SRA:SRX3119670.11417283.1	100.000	28	0	0	3812	3839	28	1	0.001	52.8
NC_001564	SRA:SRX3119670.10267606.1	100.000	28	0	0	3834	3861	28	1	0.001	52.8
NC_001564	SRA:SRX3119670.10193160.1	100.000	28	0	0	3705	3732	28	1	0.001	52.8
NC_001564	SRA:SRX3119670.9590191.1	100.000	28	0	0	3697	3724	28	1	0.001	52.8
NC_001564	SRA:SRX3119670.9310773.1	100.000	28	0	0	3702	3729	28	1	0.001	52.8
NC_001564	SRA:SRX3119670.8477541.1	100.000	28	0	0	3705	3732	28	1	0.001	52.8
NC_001564	SRA:SRX3119670.8337273.1	100.000	28	0	0	3665	3692	28	1	0.001	52.8
NC_001564	SRA:SRX3119670.4728416.1	100.000	28	0	0	3600	3627	28	1	0.001	52.8
NC_001564	SRA:SRX3119670.4722701.1	100.000	28	0	0	3607	3634	28	1	0.001	52.8
NC_001564	SRA:SRX3119670.4701987.1	100.000	28	0	0	3614	3641	28	1	0.001	52.8
NC_001564	SRA:SRX3119670.3687715.1	100.000	28	0	0	3594	3621	28	1	0.001	52.8
NC_001564	SRA:SRX3119670.3554227.1	100.000	28	0	0	3796	3823	28	1	0.001	52.8
NC_001564	SRA:SRX3119670.2872553.1	100.000	28	0	0	3796	3823	28	1	0.001	52.8
NC_001564	SRA:SRX3119670.2720790.1	100.000	28	0	0	3827	3854	28	1	0.001	52.8
NC_001564	SRA:SRX3119670.1569903.1	100.000	28	0	0	3708	3735	28	1	0.001	52.8
NC_001564	SRA:SRX3119670.1190857.1	100.000	28	0	0	3871	3898	28	1	0.001	52.8
NC_001564	SRA:SRX3119670.1072531.1	100.000	28	0	0	3819	3846	28	1	0.001	52.8
NC_001564	SRA:SRX3119670.30007890.1	100.000	27	0	0	3604	3630	27	1	0.004	51.0
NC_001564	SRA:SRX3119670.28270828.1	100.000	27	0	0	3820	3846	27	1	0.004	51.0
NC_001564	SRA:SRX3119670.27161172.1	100.000	27	0	0	3706	3732	27	1	0.004	51.0
NC_001564	SRA:SRX3119670.12645122.1	100.000	27	0	0	3870	3896	27	1	0.004	51.0
NC_001564	SRA:SRX3119670.12444150.1	96.774	31	0	1	3816	3846	30	1	0.004	51.0
NC_001564	SRA:SRX3119670.4472408.1	100.000	27	0	0	3669	3695	27	1	0.004	51.0
NC_001564	SRA:SRX3119670.22702180.1	100.000	26	0	0	3836	3861	26	1	0.014	49.1
CFAV-Cairns_Australia_2014	SRA:SRX3119670.7441063.1	100.000	35	0	0	3606	3640	35	1	1.44e-07	65.8
CFAV-Cairns_Australia_2014	SRA:SRX3119670.7230493.1	100.000	34	0	0	3874	3907	34	1	5.16e-07	63.9
CFAV-Cairns_Australia_2014	SRA:SRX3119670.15863302.1	100.000	33	0	0	3588	3620	33	1	1.86e-06	62.1
CFAV-Cairns_Australia_2014	SRA:SRX3119670.15810523.1	100.000	33	0	0	3588	3620	33	1	1.86e-06	62.1
CFAV-Cairns_Australia_2014	SRA:SRX3119670.10152628.1	100.000	33	0	0	3588	3620	33	1	1.86e-06	62.1
CFAV-Cairns_Australia_2014	SRA:SRX3119670.9420160.1	100.000	33	0	0	3875	3907	33	1	1.86e-06	62.1
CFAV-Cairns_Australia_2014	SRA:SRX3119670.6394596.1	100.000	33	0	0	3588	3620	33	1	1.86e-06	62.1
CFAV-Cairns_Australia_2014	SRA:SRX3119670.3139305.1	100.000	33	0	0	3588	3620	33	1	1.86e-06	62.1
CFAV-Cairns_Australia_2014	SRA:SRX3119670.45136030.1	100.000	32	0	0	3736	3767	32	1	6.68e-06	60.2
CFAV-Cairns_Australia_2014	SRA:SRX3119670.24159049.1	100.000	32	0	0	3712	3743	32	1	6.68e-06	60.2
CFAV-Cairns_Australia_2014	SRA:SRX3119670.4951241.1	100.000	32	0	0	3727	3758	32	1	6.68e-06	60.2
CFAV-Cairns_Australia_2014	SRA:SRX3119670.43942772.1	100.000	31	0	0	3874	3904	31	1	2.40e-05	58.4
CFAV-Cairns_Australia_2014	SRA:SRX3119670.37225696.1	100.000	31	0	0	3664	3694	31	1	2.40e-05	58.4
CFAV-Cairns_Australia_2014	SRA:SRX3119670.33909311.1	100.000	31	0	0	3865	3895	31	1	2.40e-05	58.4
CFAV-Cairns_Australia_2014	SRA:SRX3119670.33192504.1	94.737	38	1	1	3728	3765	37	1	2.40e-05	58.4
CFAV-Cairns_Australia_2014	SRA:SRX3119670.32458189.1	94.737	38	1	1	3871	3908	37	1	2.40e-05	58.4
CFAV-Cairns_Australia_2014	SRA:SRX3119670.28082228.1	100.000	31	0	0	3859	3889	31	1	2.40e-05	58.4
CFAV-Cairns_Australia_2014	SRA:SRX3119670.27839523.1	100.000	31	0	0	3874	3904	31	1	2.40e-05	58.4
CFAV-Cairns_Australia_2014	SRA:SRX3119670.27642689.1	100.000	31	0	0	3867	3897	31	1	2.40e-05	58.4
CFAV-Cairns_Australia_2014	SRA:SRX3119670.27568588.1	100.000	31	0	0	3874	3904	31	1	2.40e-05	58.4
CFAV-Cairns_Australia_2014	SRA:SRX3119670.26344986.1	100.000	31	0	0	3865	3895	31	1	2.40e-05	58.4
CFAV-Cairns_Australia_2014	SRA:SRX3119670.26089071.1	100.000	31	0	0	3664	3694	31	1	2.40e-05	58.4
CFAV-Cairns_Australia_2014	SRA:SRX3119670.20945813.1	100.000	31	0	0	3670	3700	31	1	2.40e-05	58.4
CFAV-Cairns_Australia_2014	SRA:SRX3119670.16882673.1	100.000	31	0	0	3877	3907	31	1	2.40e-05	58.4
CFAV-Cairns_Australia_2014	SRA:SRX3119670.16096680.1	100.000	31	0	0	3687	3717	31	1	2.40e-05	58.4
CFAV-Cairns_Australia_2014	SRA:SRX3119670.16017823.1	100.000	31	0	0	3704	3734	31	1	2.40e-05	58.4
CFAV-Cairns_Australia_2014	SRA:SRX3119670.8874478.1	100.000	31	0	0	3664	3694	31	1	2.40e-05	58.4
CFAV-Cairns_Australia_2014	SRA:SRX3119670.7681875.1	100.000	31	0	0	3664	3694	31	1	2.40e-05	58.4
CFAV-Cairns_Australia_2014	SRA:SRX3119670.41952758.1	100.000	30	0	0	3736	3765	30	1	8.64e-05	56.5
CFAV-Cairns_Australia_2014	SRA:SRX3119670.41639635.1	100.000	30	0	0	3868	3897	30	1	8.64e-05	56.5
CFAV-Cairns_Australia_2014	SRA:SRX3119670.38628457.1	100.000	30	0	0	3875	3904	30	1	8.64e-05	56.5
CFAV-Cairns_Australia_2014	SRA:SRX3119670.26661981.1	100.000	30	0	0	3668	3697	30	1	8.64e-05	56.5
CFAV-Cairns_Australia_2014	SRA:SRX3119670.25267042.1	100.000	30	0	0	3878	3907	30	1	8.64e-05	56.5
CFAV-Cairns_Australia_2014	SRA:SRX3119670.24918233.1	100.000	30	0	0	3591	3620	30	1	8.64e-05	56.5
CFAV-Cairns_Australia_2014	SRA:SRX3119670.24037929.1	100.000	30	0	0	3736	3765	30	1	8.64e-05	56.5
CFAV-Cairns_Australia_2014	SRA:SRX3119670.20717140.1	100.000	30	0	0	3868	3897	30	1	8.64e-05	56.5
CFAV-Cairns_Australia_2014	SRA:SRX3119670.19001179.1	100.000	30	0	0	3663	3692	30	1	8.64e-05	56.5
CFAV-Cairns_Australia_2014	SRA:SRX3119670.18301646.1	100.000	30	0	0	3736	3765	30	1	8.64e-05	56.5
CFAV-Cairns_Australia_2014	SRA:SRX3119670.16102087.1	100.000	30	0	0	3738	3767	30	1	8.64e-05	56.5
CFAV-Cairns_Australia_2014	SRA:SRX3119670.7133917.1	100.000	30	0	0	3608	3637	30	1	8.64e-05	56.5
CFAV-Cairns_Australia_2014	SRA:SRX3119670.696230.1	100.000	30	0	0	3821	3850	30	1	8.64e-05	56.5
CFAV-Cairns_Australia_2014	SRA:SRX3119670.46136291.1	100.000	29	0	0	3880	3908	29	1	3.11e-04	54.7
CFAV-Cairns_Australia_2014	SRA:SRX3119670.46081652.1	100.000	29	0	0	3880	3908	29	1	3.11e-04	54.7
CFAV-Cairns_Australia_2014	SRA:SRX3119670.45663090.1	100.000	29	0	0	3879	3907	29	1	3.11e-04	54.7
CFAV-Cairns_Australia_2014	SRA:SRX3119670.45649112.1	100.000	29	0	0	3708	3736	29	1	3.11e-04	54.7
CFAV-Cairns_Australia_2014	SRA:SRX3119670.44367502.1	100.000	29	0	0	3664	3692	29	1	3.11e-04	54.7
CFAV-Cairns_Australia_2014	SRA:SRX3119670.43002131.1	100.000	29	0	0	3664	3692	29	1	3.11e-04	54.7
CFAV-Cairns_Australia_2014	SRA:SRX3119670.40966881.1	100.000	29	0	0	3705	3733	29	1	3.11e-04	54.7
CFAV-Cairns_Australia_2014	SRA:SRX3119670.35691384.1	100.000	29	0	0	3605	3633	29	1	3.11e-04	54.7
CFAV-Cairns_Australia_2014	SRA:SRX3119670.35638989.1	100.000	29	0	0	3605	3633	29	1	3.11e-04	54.7
CFAV-Cairns_Australia_2014	SRA:SRX3119670.35468982.1	96.970	33	0	1	3692	3723	33	1	3.11e-04	54.7
CFAV-Cairns_Australia_2014	SRA:SRX3119670.33665820.1	100.000	29	0	0	3736	3764	29	1	3.11e-04	54.7
CFAV-Cairns_Australia_2014	SRA:SRX3119670.33181230.1	100.000	29	0	0	3861	3889	29	1	3.11e-04	54.7
CFAV-Cairns_Australia_2014	SRA:SRX3119670.32930340.1	100.000	29	0	0	3738	3766	29	1	3.11e-04	54.7
CFAV-Cairns_Australia_2014	SRA:SRX3119670.31694831.1	100.000	29	0	0	3695	3723	29	1	3.11e-04	54.7
CFAV-Cairns_Australia_2014	SRA:SRX3119670.31239814.1	100.000	29	0	0	3883	3911	29	1	3.11e-04	54.7
CFAV-Cairns_Australia_2014	SRA:SRX3119670.30312249.1	100.000	29	0	0	3708	3736	29	1	3.11e-04	54.7
CFAV-Cairns_Australia_2014	SRA:SRX3119670.29578345.1	100.000	29	0	0	3601	3629	29	1	3.11e-04	54.7
CFAV-Cairns_Australia_2014	SRA:SRX3119670.28835780.1	100.000	29	0	0	3738	3766	29	1	3.11e-04	54.7
CFAV-Cairns_Australia_2014	SRA:SRX3119670.28027092.1	96.774	31	1	0	3859	3889	31	1	3.11e-04	54.7
CFAV-Cairns_Australia_2014	SRA:SRX3119670.27890158.1	100.000	29	0	0	3698	3726	29	1	3.11e-04	54.7
CFAV-Cairns_Australia_2014	SRA:SRX3119670.27701285.1	100.000	29	0	0	3587	3615	29	1	3.11e-04	54.7
CFAV-Cairns_Australia_2014	SRA:SRX3119670.27130115.1	100.000	29	0	0	3879	3907	29	1	3.11e-04	54.7
CFAV-Cairns_Australia_2014	SRA:SRX3119670.26918683.1	96.875	32	1	0	3660	3691	32	1	3.11e-04	54.7
CFAV-Cairns_Australia_2014	SRA:SRX3119670.23375668.1	100.000	29	0	0	3854	3882	29	1	3.11e-04	54.7
CFAV-Cairns_Australia_2014	SRA:SRX3119670.23180030.1	100.000	29	0	0	3879	3907	29	1	3.11e-04	54.7
CFAV-Cairns_Australia_2014	SRA:SRX3119670.22523549.1	100.000	29	0	0	3879	3907	29	1	3.11e-04	54.7
CFAV-Cairns_Australia_2014	SRA:SRX3119670.22030164.1	100.000	29	0	0	3613	3641	29	1	3.11e-04	54.7
CFAV-Cairns_Australia_2014	SRA:SRX3119670.21671916.1	100.000	29	0	0	3664	3692	29	1	3.11e-04	54.7
CFAV-Cairns_Australia_2014	SRA:SRX3119670.21116710.1	96.970	33	0	1	3872	3904	32	1	3.11e-04	54.7
CFAV-Cairns_Australia_2014	SRA:SRX3119670.19242691.1	100.000	29	0	0	3880	3908	29	1	3.11e-04	54.7
CFAV-Cairns_Australia_2014	SRA:SRX3119670.18806878.1	100.000	29	0	0	3869	3897	29	1	3.11e-04	54.7
CFAV-Cairns_Australia_2014	SRA:SRX3119670.18330383.1	100.000	29	0	0	3664	3692	29	1	3.11e-04	54.7
CFAV-Cairns_Australia_2014	SRA:SRX3119670.18018481.1	100.000	29	0	0	3664	3692	29	1	3.11e-04	54.7
CFAV-Cairns_Australia_2014	SRA:SRX3119670.16589767.1	100.000	29	0	0	3613	3641	29	1	3.11e-04	54.7
CFAV-Cairns_Australia_2014	SRA:SRX3119670.16569971.1	100.000	29	0	0	3612	3640	29	1	3.11e-04	54.7
CFAV-Cairns_Australia_2014	SRA:SRX3119670.15630123.1	100.000	29	0	0	3616	3644	30	2	3.11e-04	54.7
CFAV-Cairns_Australia_2014	SRA:SRX3119670.15333411.1	100.000	29	0	0	3869	3897	29	1	3.11e-04	54.7
CFAV-Cairns_Australia_2014	SRA:SRX3119670.15276545.1	100.000	29	0	0	3676	3704	29	1	3.11e-04	54.7
CFAV-Cairns_Australia_2014	SRA:SRX3119670.15058939.1	100.000	29	0	0	3613	3641	29	1	3.11e-04	54.7
CFAV-Cairns_Australia_2014	SRA:SRX3119670.14394805.1	100.000	29	0	0	3616	3644	30	2	3.11e-04	54.7
CFAV-Cairns_Australia_2014	SRA:SRX3119670.14125977.1	100.000	29	0	0	3664	3692	29	1	3.11e-04	54.7
CFAV-Cairns_Australia_2014	SRA:SRX3119670.13814927.1	100.000	29	0	0	3698	3726	29	1	3.11e-04	54.7
CFAV-Cairns_Australia_2014	SRA:SRX3119670.13419307.1	100.000	29	0	0	3851	3879	29	1	3.11e-04	54.7
CFAV-Cairns_Australia_2014	SRA:SRX3119670.13358174.1	100.000	29	0	0	3867	3895	29	1	3.11e-04	54.7
CFAV-Cairns_Australia_2014	SRA:SRX3119670.12466151.1	100.000	29	0	0	3869	3897	29	1	3.11e-04	54.7
CFAV-Cairns_Australia_2014	SRA:SRX3119670.12280598.1	100.000	29	0	0	3664	3692	29	1	3.11e-04	54.7
CFAV-Cairns_Australia_2014	SRA:SRX3119670.12169013.1	100.000	29	0	0	3695	3723	29	1	3.11e-04	54.7
CFAV-Cairns_Australia_2014	SRA:SRX3119670.11935445.1	100.000	29	0	0	3598	3626	29	1	3.11e-04	54.7
CFAV-Cairns_Australia_2014	SRA:SRX3119670.11807059.1	100.000	29	0	0	3613	3641	29	1	3.11e-04	54.7
CFAV-Cairns_Australia_2014	SRA:SRX3119670.11206548.1	100.000	29	0	0	3613	3641	29	1	3.11e-04	54.7
CFAV-Cairns_Australia_2014	SRA:SRX3119670.11089529.1	100.000	29	0	0	3867	3895	29	1	3.11e-04	54.7
CFAV-Cairns_Australia_2014	SRA:SRX3119670.9720745.1	100.000	29	0	0	3589	3617	29	1	3.11e-04	54.7
CFAV-Cairns_Australia_2014	SRA:SRX3119670.8935633.1	100.000	29	0	0	3601	3629	29	1	3.11e-04	54.7
CFAV-Cairns_Australia_2014	SRA:SRX3119670.5300832.1	100.000	29	0	0	3695	3723	29	1	3.11e-04	54.7
CFAV-Cairns_Australia_2014	SRA:SRX3119670.4810137.1	100.000	29	0	0	3716	3744	29	1	3.11e-04	54.7
CFAV-Cairns_Australia_2014	SRA:SRX3119670.4033017.1	100.000	29	0	0	3601	3629	29	1	3.11e-04	54.7
CFAV-Cairns_Australia_2014	SRA:SRX3119670.3540368.1	100.000	29	0	0	3703	3731	29	1	3.11e-04	54.7
CFAV-Cairns_Australia_2014	SRA:SRX3119670.1119228.1	100.000	29	0	0	3736	3764	29	1	3.11e-04	54.7
CFAV-Cairns_Australia_2014	SRA:SRX3119670.778329.1	100.000	29	0	0	3587	3615	29	1	3.11e-04	54.7
CFAV-Cairns_Australia_2014	SRA:SRX3119670.550042.1	100.000	29	0	0	3869	3897	29	1	3.11e-04	54.7
CFAV-Cairns_Australia_2014	SRA:SRX3119670.45829520.1	100.000	28	0	0	3823	3850	28	1	0.001	52.8
CFAV-Cairns_Australia_2014	SRA:SRX3119670.45665081.1	100.000	28	0	0	3823	3850	28	1	0.001	52.8
CFAV-Cairns_Australia_2014	SRA:SRX3119670.45444585.1	100.000	28	0	0	3707	3734	28	1	0.001	52.8
CFAV-Cairns_Australia_2014	SRA:SRX3119670.45402750.1	100.000	28	0	0	3740	3767	28	1	0.001	52.8
CFAV-Cairns_Australia_2014	SRA:SRX3119670.43464391.1	100.000	28	0	0	3833	3860	28	1	0.001	52.8
CFAV-Cairns_Australia_2014	SRA:SRX3119670.41625540.1	100.000	28	0	0	3879	3906	29	2	0.001	52.8
CFAV-Cairns_Australia_2014	SRA:SRX3119670.40200624.1	100.000	28	0	0	3823	3850	28	1	0.001	52.8
CFAV-Cairns_Australia_2014	SRA:SRX3119670.40018838.1	100.000	28	0	0	3715	3742	28	1	0.001	52.8
CFAV-Cairns_Australia_2014	SRA:SRX3119670.38829994.1	100.000	28	0	0	3818	3845	28	1	0.001	52.8
CFAV-Cairns_Australia_2014	SRA:SRX3119670.38108356.1	100.000	28	0	0	3613	3640	28	1	0.001	52.8
CFAV-Cairns_Australia_2014	SRA:SRX3119670.37856988.1	100.000	28	0	0	3588	3615	28	1	0.001	52.8
CFAV-Cairns_Australia_2014	SRA:SRX3119670.37086846.1	100.000	28	0	0	3738	3765	28	1	0.001	52.8
CFAV-Cairns_Australia_2014	SRA:SRX3119670.36949575.1	100.000	28	0	0	3811	3838	28	1	0.001	52.8
CFAV-Cairns_Australia_2014	SRA:SRX3119670.35712737.1	94.286	35	1	1	3607	3640	35	1	0.001	52.8
CFAV-Cairns_Australia_2014	SRA:SRX3119670.35201872.1	100.000	28	0	0	3687	3714	28	1	0.001	52.8
CFAV-Cairns_Australia_2014	SRA:SRX3119670.35059868.1	100.000	28	0	0	3664	3691	28	1	0.001	52.8
CFAV-Cairns_Australia_2014	SRA:SRX3119670.32992035.1	100.000	28	0	0	3704	3731	28	1	0.001	52.8
CFAV-Cairns_Australia_2014	SRA:SRX3119670.31914035.1	100.000	28	0	0	3588	3615	28	1	0.001	52.8
CFAV-Cairns_Australia_2014	SRA:SRX3119670.30409403.1	100.000	28	0	0	3795	3822	28	1	0.001	52.8
CFAV-Cairns_Australia_2014	SRA:SRX3119670.29762923.1	100.000	28	0	0	3823	3850	28	1	0.001	52.8
CFAV-Cairns_Australia_2014	SRA:SRX3119670.28256569.1	100.000	28	0	0	3687	3714	28	1	0.001	52.8
CFAV-Cairns_Australia_2014	SRA:SRX3119670.27719567.1	100.000	28	0	0	3793	3820	28	1	0.001	52.8
CFAV-Cairns_Australia_2014	SRA:SRX3119670.27667775.1	100.000	28	0	0	3704	3731	28	1	0.001	52.8
CFAV-Cairns_Australia_2014	SRA:SRX3119670.26315976.1	100.000	28	0	0	3665	3692	28	1	0.001	52.8
CFAV-Cairns_Australia_2014	SRA:SRX3119670.26088563.1	100.000	28	0	0	3811	3838	28	1	0.001	52.8
CFAV-Cairns_Australia_2014	SRA:SRX3119670.25708056.1	100.000	28	0	0	3870	3897	28	1	0.001	52.8
CFAV-Cairns_Australia_2014	SRA:SRX3119670.25498871.1	100.000	28	0	0	3811	3838	28	1	0.001	52.8
CFAV-Cairns_Australia_2014	SRA:SRX3119670.25135289.1	100.000	28	0	0	3738	3765	28	1	0.001	52.8
CFAV-Cairns_Australia_2014	SRA:SRX3119670.23826741.1	100.000	28	0	0	3599	3626	28	1	0.001	52.8
CFAV-Cairns_Australia_2014	SRA:SRX3119670.23530569.1	100.000	28	0	0	3848	3875	28	1	0.001	52.8
CFAV-Cairns_Australia_2014	SRA:SRX3119670.23232565.1	100.000	28	0	0	3737	3764	28	1	0.001	52.8
CFAV-Cairns_Australia_2014	SRA:SRX3119670.21768008.1	100.000	28	0	0	3871	3898	28	1	0.001	52.8
CFAV-Cairns_Australia_2014	SRA:SRX3119670.20630848.1	100.000	28	0	0	3826	3853	28	1	0.001	52.8
CFAV-Cairns_Australia_2014	SRA:SRX3119670.19660102.1	100.000	28	0	0	3705	3732	28	1	0.001	52.8
CFAV-Cairns_Australia_2014	SRA:SRX3119670.19222760.1	100.000	28	0	0	3704	3731	28	1	0.001	52.8
CFAV-Cairns_Australia_2014	SRA:SRX3119670.17092240.1	100.000	28	0	0	3738	3765	28	1	0.001	52.8
CFAV-Cairns_Australia_2014	SRA:SRX3119670.15949420.1	100.000	28	0	0	3795	3822	28	1	0.001	52.8
CFAV-Cairns_Australia_2014	SRA:SRX3119670.15842765.1	100.000	28	0	0	3887	3914	29	2	0.001	52.8
CFAV-Cairns_Australia_2014	SRA:SRX3119670.14908604.1	94.286	35	1	1	3728	3761	35	1	0.001	52.8
CFAV-Cairns_Australia_2014	SRA:SRX3119670.13881212.1	100.000	28	0	0	3704	3731	28	1	0.001	52.8
CFAV-Cairns_Australia_2014	SRA:SRX3119670.13781266.1	100.000	28	0	0	3823	3850	28	1	0.001	52.8
CFAV-Cairns_Australia_2014	SRA:SRX3119670.13147054.1	100.000	28	0	0	3738	3765	28	1	0.001	52.8
CFAV-Cairns_Australia_2014	SRA:SRX3119670.12608964.1	100.000	28	0	0	3687	3714	28	1	0.001	52.8
CFAV-Cairns_Australia_2014	SRA:SRX3119670.11711832.1	100.000	28	0	0	3664	3691	28	1	0.001	52.8
CFAV-Cairns_Australia_2014	SRA:SRX3119670.11437411.1	100.000	28	0	0	3793	3820	28	1	0.001	52.8
CFAV-Cairns_Australia_2014	SRA:SRX3119670.11417283.1	100.000	28	0	0	3811	3838	28	1	0.001	52.8
CFAV-Cairns_Australia_2014	SRA:SRX3119670.10267606.1	100.000	28	0	0	3833	3860	28	1	0.001	52.8
CFAV-Cairns_Australia_2014	SRA:SRX3119670.10193160.1	100.000	28	0	0	3704	3731	28	1	0.001	52.8
CFAV-Cairns_Australia_2014	SRA:SRX3119670.9940497.1	100.000	28	0	0	3738	3765	28	1	0.001	52.8
CFAV-Cairns_Australia_2014	SRA:SRX3119670.9590191.1	100.000	28	0	0	3696	3723	28	1	0.001	52.8
CFAV-Cairns_Australia_2014	SRA:SRX3119670.9310773.1	100.000	28	0	0	3701	3728	28	1	0.001	52.8
CFAV-Cairns_Australia_2014	SRA:SRX3119670.8477541.1	100.000	28	0	0	3704	3731	28	1	0.001	52.8
CFAV-Cairns_Australia_2014	SRA:SRX3119670.8337273.1	100.000	28	0	0	3664	3691	28	1	0.001	52.8
CFAV-Cairns_Australia_2014	SRA:SRX3119670.4728416.1	100.000	28	0	0	3599	3626	28	1	0.001	52.8
CFAV-Cairns_Australia_2014	SRA:SRX3119670.4722701.1	100.000	28	0	0	3606	3633	28	1	0.001	52.8
CFAV-Cairns_Australia_2014	SRA:SRX3119670.4701987.1	100.000	28	0	0	3613	3640	28	1	0.001	52.8
CFAV-Cairns_Australia_2014	SRA:SRX3119670.3687715.1	100.000	28	0	0	3593	3620	28	1	0.001	52.8
CFAV-Cairns_Australia_2014	SRA:SRX3119670.3554227.1	100.000	28	0	0	3795	3822	28	1	0.001	52.8
CFAV-Cairns_Australia_2014	SRA:SRX3119670.2872553.1	100.000	28	0	0	3795	3822	28	1	0.001	52.8
CFAV-Cairns_Australia_2014	SRA:SRX3119670.2720790.1	100.000	28	0	0	3826	3853	28	1	0.001	52.8
CFAV-Cairns_Australia_2014	SRA:SRX3119670.1569903.1	100.000	28	0	0	3707	3734	28	1	0.001	52.8
CFAV-Cairns_Australia_2014	SRA:SRX3119670.1190857.1	100.000	28	0	0	3870	3897	28	1	0.001	52.8
CFAV-Cairns_Australia_2014	SRA:SRX3119670.1072531.1	100.000	28	0	0	3818	3845	28	1	0.001	52.8
CFAV-Cairns_Australia_2014	SRA:SRX3119670.30007890.1	100.000	27	0	0	3603	3629	27	1	0.004	51.0
CFAV-Cairns_Australia_2014	SRA:SRX3119670.28270828.1	100.000	27	0	0	3819	3845	27	1	0.004	51.0
CFAV-Cairns_Australia_2014	SRA:SRX3119670.27161172.1	100.000	27	0	0	3705	3731	27	1	0.004	51.0
CFAV-Cairns_Australia_2014	SRA:SRX3119670.12645122.1	100.000	27	0	0	3869	3895	27	1	0.004	51.0
CFAV-Cairns_Australia_2014	SRA:SRX3119670.12444150.1	96.774	31	0	1	3815	3845	30	1	0.004	51.0
CFAV-Cairns_Australia_2014	SRA:SRX3119670.4472408.1	100.000	27	0	0	3668	3694	27	1	0.004	51.0
CFAV-Cairns_Australia_2014	SRA:SRX3119670.22702180.1	100.000	26	0	0	3835	3860	26	1	0.014	49.1
CFAV-Macapa2_Brazil_2017	SRA:SRX3119670.7441063.1	100.000	35	0	0	3607	3641	35	1	1.44e-07	65.8
CFAV-Macapa2_Brazil_2017	SRA:SRX3119670.15863302.1	100.000	33	0	0	3589	3621	33	1	1.86e-06	62.1
CFAV-Macapa2_Brazil_2017	SRA:SRX3119670.15810523.1	100.000	33	0	0	3589	3621	33	1	1.86e-06	62.1
CFAV-Macapa2_Brazil_2017	SRA:SRX3119670.10152628.1	100.000	33	0	0	3589	3621	33	1	1.86e-06	62.1
CFAV-Macapa2_Brazil_2017	SRA:SRX3119670.6394596.1	100.000	33	0	0	3589	3621	33	1	1.86e-06	62.1
CFAV-Macapa2_Brazil_2017	SRA:SRX3119670.3139305.1	100.000	33	0	0	3589	3621	33	1	1.86e-06	62.1
CFAV-Macapa2_Brazil_2017	SRA:SRX3119670.24159049.1	100.000	32	0	0	3713	3744	32	1	6.68e-06	60.2
CFAV-Macapa2_Brazil_2017	SRA:SRX3119670.4951241.1	100.000	32	0	0	3728	3759	32	1	6.68e-06	60.2
CFAV-Macapa2_Brazil_2017	SRA:SRX3119670.16096680.1	100.000	31	0	0	3688	3718	31	1	2.40e-05	58.4
CFAV-Macapa2_Brazil_2017	SRA:SRX3119670.16017823.1	100.000	31	0	0	3705	3735	31	1	2.40e-05	58.4
CFAV-Macapa2_Brazil_2017	SRA:SRX3119670.31239814.1	100.000	30	0	0	3883	3912	30	1	8.64e-05	56.5
CFAV-Macapa2_Brazil_2017	SRA:SRX3119670.28520114.1	100.000	30	0	0	3762	3791	30	1	8.64e-05	56.5
CFAV-Macapa2_Brazil_2017	SRA:SRX3119670.25318098.1	100.000	30	0	0	3762	3791	30	1	8.64e-05	56.5
CFAV-Macapa2_Brazil_2017	SRA:SRX3119670.24918233.1	100.000	30	0	0	3592	3621	30	1	8.64e-05	56.5
CFAV-Macapa2_Brazil_2017	SRA:SRX3119670.15630123.1	100.000	30	0	0	3617	3646	30	1	8.64e-05	56.5
CFAV-Macapa2_Brazil_2017	SRA:SRX3119670.14394805.1	100.000	30	0	0	3617	3646	30	1	8.64e-05	56.5
CFAV-Macapa2_Brazil_2017	SRA:SRX3119670.13756117.1	100.000	30	0	0	3762	3791	30	1	8.64e-05	56.5
CFAV-Macapa2_Brazil_2017	SRA:SRX3119670.7133917.1	100.000	30	0	0	3609	3638	30	1	8.64e-05	56.5
CFAV-Macapa2_Brazil_2017	SRA:SRX3119670.45649112.1	100.000	29	0	0	3709	3737	29	1	3.11e-04	54.7
CFAV-Macapa2_Brazil_2017	SRA:SRX3119670.41184909.1	100.000	29	0	0	3764	3792	29	1	3.11e-04	54.7
CFAV-Macapa2_Brazil_2017	SRA:SRX3119670.40966881.1	100.000	29	0	0	3706	3734	29	1	3.11e-04	54.7
CFAV-Macapa2_Brazil_2017	SRA:SRX3119670.35691384.1	100.000	29	0	0	3606	3634	29	1	3.11e-04	54.7
CFAV-Macapa2_Brazil_2017	SRA:SRX3119670.35638989.1	100.000	29	0	0	3606	3634	29	1	3.11e-04	54.7
CFAV-Macapa2_Brazil_2017	SRA:SRX3119670.35468982.1	96.970	33	0	1	3693	3724	33	1	3.11e-04	54.7
CFAV-Macapa2_Brazil_2017	SRA:SRX3119670.31694831.1	100.000	29	0	0	3696	3724	29	1	3.11e-04	54.7
CFAV-Macapa2_Brazil_2017	SRA:SRX3119670.30312249.1	100.000	29	0	0	3709	3737	29	1	3.11e-04	54.7
CFAV-Macapa2_Brazil_2017	SRA:SRX3119670.29578345.1	100.000	29	0	0	3602	3630	29	1	3.11e-04	54.7
CFAV-Macapa2_Brazil_2017	SRA:SRX3119670.29231599.1	100.000	29	0	0	3761	3789	29	1	3.11e-04	54.7
CFAV-Macapa2_Brazil_2017	SRA:SRX3119670.27890158.1	100.000	29	0	0	3699	3727	29	1	3.11e-04	54.7
CFAV-Macapa2_Brazil_2017	SRA:SRX3119670.27701285.1	100.000	29	0	0	3588	3616	29	1	3.11e-04	54.7
CFAV-Macapa2_Brazil_2017	SRA:SRX3119670.23992260.1	100.000	29	0	0	3650	3678	29	1	3.11e-04	54.7
CFAV-Macapa2_Brazil_2017	SRA:SRX3119670.22030164.1	100.000	29	0	0	3614	3642	29	1	3.11e-04	54.7
CFAV-Macapa2_Brazil_2017	SRA:SRX3119670.16589767.1	100.000	29	0	0	3614	3642	29	1	3.11e-04	54.7
CFAV-Macapa2_Brazil_2017	SRA:SRX3119670.16569971.1	100.000	29	0	0	3613	3641	29	1	3.11e-04	54.7
CFAV-Macapa2_Brazil_2017	SRA:SRX3119670.15058939.1	100.000	29	0	0	3614	3642	29	1	3.11e-04	54.7
CFAV-Macapa2_Brazil_2017	SRA:SRX3119670.13814927.1	100.000	29	0	0	3699	3727	29	1	3.11e-04	54.7
CFAV-Macapa2_Brazil_2017	SRA:SRX3119670.13419307.1	100.000	29	0	0	3852	3880	29	1	3.11e-04	54.7
CFAV-Macapa2_Brazil_2017	SRA:SRX3119670.12169013.1	100.000	29	0	0	3696	3724	29	1	3.11e-04	54.7
CFAV-Macapa2_Brazil_2017	SRA:SRX3119670.11935445.1	100.000	29	0	0	3599	3627	29	1	3.11e-04	54.7
CFAV-Macapa2_Brazil_2017	SRA:SRX3119670.11807059.1	100.000	29	0	0	3614	3642	29	1	3.11e-04	54.7
CFAV-Macapa2_Brazil_2017	SRA:SRX3119670.11206548.1	100.000	29	0	0	3614	3642	29	1	3.11e-04	54.7
CFAV-Macapa2_Brazil_2017	SRA:SRX3119670.9720745.1	100.000	29	0	0	3590	3618	29	1	3.11e-04	54.7
CFAV-Macapa2_Brazil_2017	SRA:SRX3119670.8935633.1	100.000	29	0	0	3602	3630	29	1	3.11e-04	54.7
CFAV-Macapa2_Brazil_2017	SRA:SRX3119670.6463942.1	96.970	33	0	1	3760	3791	33	1	3.11e-04	54.7
CFAV-Macapa2_Brazil_2017	SRA:SRX3119670.5300832.1	100.000	29	0	0	3696	3724	29	1	3.11e-04	54.7
CFAV-Macapa2_Brazil_2017	SRA:SRX3119670.4810137.1	100.000	29	0	0	3717	3745	29	1	3.11e-04	54.7
CFAV-Macapa2_Brazil_2017	SRA:SRX3119670.4033017.1	100.000	29	0	0	3602	3630	29	1	3.11e-04	54.7
CFAV-Macapa2_Brazil_2017	SRA:SRX3119670.3540368.1	100.000	29	0	0	3704	3732	29	1	3.11e-04	54.7
CFAV-Macapa2_Brazil_2017	SRA:SRX3119670.778329.1	100.000	29	0	0	3588	3616	29	1	3.11e-04	54.7
CFAV-Macapa2_Brazil_2017	SRA:SRX3119670.45444585.1	100.000	28	0	0	3708	3735	28	1	0.001	52.8
CFAV-Macapa2_Brazil_2017	SRA:SRX3119670.43464391.1	100.000	28	0	0	3834	3861	28	1	0.001	52.8
CFAV-Macapa2_Brazil_2017	SRA:SRX3119670.40648299.1	100.000	28	0	0	3649	3676	28	1	0.001	52.8
CFAV-Macapa2_Brazil_2017	SRA:SRX3119670.40018838.1	100.000	28	0	0	3716	3743	28	1	0.001	52.8
CFAV-Macapa2_Brazil_2017	SRA:SRX3119670.38108356.1	100.000	28	0	0	3614	3641	28	1	0.001	52.8
CFAV-Macapa2_Brazil_2017	SRA:SRX3119670.37856988.1	100.000	28	0	0	3589	3616	28	1	0.001	52.8
CFAV-Macapa2_Brazil_2017	SRA:SRX3119670.35712737.1	94.286	35	1	1	3608	3641	35	1	0.001	52.8
CFAV-Macapa2_Brazil_2017	SRA:SRX3119670.35201872.1	100.000	28	0	0	3688	3715	28	1	0.001	52.8
CFAV-Macapa2_Brazil_2017	SRA:SRX3119670.32992035.1	100.000	28	0	0	3705	3732	28	1	0.001	52.8
CFAV-Macapa2_Brazil_2017	SRA:SRX3119670.32159511.1	100.000	28	0	0	3764	3791	28	1	0.001	52.8
CFAV-Macapa2_Brazil_2017	SRA:SRX3119670.31914035.1	100.000	28	0	0	3589	3616	28	1	0.001	52.8
CFAV-Macapa2_Brazil_2017	SRA:SRX3119670.30409403.1	100.000	28	0	0	3796	3823	28	1	0.001	52.8
CFAV-Macapa2_Brazil_2017	SRA:SRX3119670.29661643.1	100.000	28	0	0	3764	3791	28	1	0.001	52.8
CFAV-Macapa2_Brazil_2017	SRA:SRX3119670.28256569.1	100.000	28	0	0	3688	3715	28	1	0.001	52.8
CFAV-Macapa2_Brazil_2017	SRA:SRX3119670.27719567.1	100.000	28	0	0	3794	3821	28	1	0.001	52.8
CFAV-Macapa2_Brazil_2017	SRA:SRX3119670.27667775.1	100.000	28	0	0	3705	3732	28	1	0.001	52.8
CFAV-Macapa2_Brazil_2017	SRA:SRX3119670.26684226.1	100.000	28	0	0	3649	3676	28	1	0.001	52.8
CFAV-Macapa2_Brazil_2017	SRA:SRX3119670.23826741.1	100.000	28	0	0	3600	3627	28	1	0.001	52.8
CFAV-Macapa2_Brazil_2017	SRA:SRX3119670.23530569.1	100.000	28	0	0	3849	3876	28	1	0.001	52.8
CFAV-Macapa2_Brazil_2017	SRA:SRX3119670.23375668.1	100.000	28	0	0	3855	3882	29	2	0.001	52.8
CFAV-Macapa2_Brazil_2017	SRA:SRX3119670.19660102.1	100.000	28	0	0	3706	3733	28	1	0.001	52.8
CFAV-Macapa2_Brazil_2017	SRA:SRX3119670.19222760.1	100.000	28	0	0	3705	3732	28	1	0.001	52.8
CFAV-Macapa2_Brazil_2017	SRA:SRX3119670.15949420.1	100.000	28	0	0	3796	3823	28	1	0.001	52.8
CFAV-Macapa2_Brazil_2017	SRA:SRX3119670.15842765.1	100.000	28	0	0	3888	3915	29	2	0.001	52.8
CFAV-Macapa2_Brazil_2017	SRA:SRX3119670.13881212.1	100.000	28	0	0	3705	3732	28	1	0.001	52.8
CFAV-Macapa2_Brazil_2017	SRA:SRX3119670.12608964.1	100.000	28	0	0	3688	3715	28	1	0.001	52.8
CFAV-Macapa2_Brazil_2017	SRA:SRX3119670.11437411.1	100.000	28	0	0	3794	3821	28	1	0.001	52.8
CFAV-Macapa2_Brazil_2017	SRA:SRX3119670.10267606.1	100.000	28	0	0	3834	3861	28	1	0.001	52.8
CFAV-Macapa2_Brazil_2017	SRA:SRX3119670.10193160.1	100.000	28	0	0	3705	3732	28	1	0.001	52.8
CFAV-Macapa2_Brazil_2017	SRA:SRX3119670.9590191.1	100.000	28	0	0	3697	3724	28	1	0.001	52.8
CFAV-Macapa2_Brazil_2017	SRA:SRX3119670.9310773.1	100.000	28	0	0	3702	3729	28	1	0.001	52.8
CFAV-Macapa2_Brazil_2017	SRA:SRX3119670.8477541.1	100.000	28	0	0	3705	3732	28	1	0.001	52.8
CFAV-Macapa2_Brazil_2017	SRA:SRX3119670.4728416.1	100.000	28	0	0	3600	3627	28	1	0.001	52.8
CFAV-Macapa2_Brazil_2017	SRA:SRX3119670.4722701.1	100.000	28	0	0	3607	3634	28	1	0.001	52.8
CFAV-Macapa2_Brazil_2017	SRA:SRX3119670.4701987.1	100.000	28	0	0	3614	3641	28	1	0.001	52.8
CFAV-Macapa2_Brazil_2017	SRA:SRX3119670.3687715.1	100.000	28	0	0	3594	3621	28	1	0.001	52.8
CFAV-Macapa2_Brazil_2017	SRA:SRX3119670.3554227.1	100.000	28	0	0	3796	3823	28	1	0.001	52.8
CFAV-Macapa2_Brazil_2017	SRA:SRX3119670.2872553.1	100.000	28	0	0	3796	3823	28	1	0.001	52.8
CFAV-Macapa2_Brazil_2017	SRA:SRX3119670.2400383.1	100.000	28	0	0	3762	3789	28	1	0.001	52.8
CFAV-Macapa2_Brazil_2017	SRA:SRX3119670.1569903.1	100.000	28	0	0	3708	3735	28	1	0.001	52.8
CFAV-Macapa2_Brazil_2017	SRA:SRX3119670.318519.1	100.000	28	0	0	3649	3676	28	1	0.001	52.8
CFAV-Macapa2_Brazil_2017	SRA:SRX3119670.30007890.1	100.000	27	0	0	3604	3630	27	1	0.004	51.0
CFAV-Macapa2_Brazil_2017	SRA:SRX3119670.27161172.1	100.000	27	0	0	3706	3732	27	1	0.004	51.0
CFAV-Macapa2_Brazil_2017	SRA:SRX3119670.22702180.1	100.000	26	0	0	3836	3861	26	1	0.014	49.1
CFAV-KC_Cambodia_2015	SRA:SRX3119670.15863302.1	100.000	33	0	0	3600	3632	33	1	1.86e-06	62.1
CFAV-KC_Cambodia_2015	SRA:SRX3119670.15810523.1	100.000	33	0	0	3600	3632	33	1	1.86e-06	62.1
CFAV-KC_Cambodia_2015	SRA:SRX3119670.10152628.1	100.000	33	0	0	3600	3632	33	1	1.86e-06	62.1
CFAV-KC_Cambodia_2015	SRA:SRX3119670.6394596.1	100.000	33	0	0	3600	3632	33	1	1.86e-06	62.1
CFAV-KC_Cambodia_2015	SRA:SRX3119670.3139305.1	100.000	33	0	0	3600	3632	33	1	1.86e-06	62.1
CFAV-KC_Cambodia_2015	SRA:SRX3119670.45136030.1	100.000	32	0	0	3748	3779	32	1	6.69e-06	60.2
CFAV-KC_Cambodia_2015	SRA:SRX3119670.24159049.1	100.000	32	0	0	3724	3755	32	1	6.69e-06	60.2
CFAV-KC_Cambodia_2015	SRA:SRX3119670.5658326.1	100.000	32	0	0	3755	3786	32	1	6.69e-06	60.2
CFAV-KC_Cambodia_2015	SRA:SRX3119670.4951241.1	100.000	32	0	0	3739	3770	32	1	6.69e-06	60.2
CFAV-KC_Cambodia_2015	SRA:SRX3119670.37225696.1	100.000	31	0	0	3676	3706	31	1	2.41e-05	58.4
CFAV-KC_Cambodia_2015	SRA:SRX3119670.33192504.1	94.737	38	1	1	3740	3777	37	1	2.41e-05	58.4
CFAV-KC_Cambodia_2015	SRA:SRX3119670.28082228.1	100.000	31	0	0	3871	3901	31	1	2.41e-05	58.4
CFAV-KC_Cambodia_2015	SRA:SRX3119670.26089071.1	100.000	31	0	0	3676	3706	31	1	2.41e-05	58.4
CFAV-KC_Cambodia_2015	SRA:SRX3119670.20945813.1	100.000	31	0	0	3682	3712	31	1	2.41e-05	58.4
CFAV-KC_Cambodia_2015	SRA:SRX3119670.16096680.1	100.000	31	0	0	3699	3729	31	1	2.41e-05	58.4
CFAV-KC_Cambodia_2015	SRA:SRX3119670.16017823.1	100.000	31	0	0	3716	3746	31	1	2.41e-05	58.4
CFAV-KC_Cambodia_2015	SRA:SRX3119670.8874478.1	100.000	31	0	0	3676	3706	31	1	2.41e-05	58.4
CFAV-KC_Cambodia_2015	SRA:SRX3119670.7681875.1	100.000	31	0	0	3676	3706	31	1	2.41e-05	58.4
CFAV-KC_Cambodia_2015	SRA:SRX3119670.41952758.1	100.000	30	0	0	3748	3777	30	1	8.65e-05	56.5
CFAV-KC_Cambodia_2015	SRA:SRX3119670.38902432.1	100.000	30	0	0	3762	3791	30	1	8.65e-05	56.5
CFAV-KC_Cambodia_2015	SRA:SRX3119670.28520114.1	100.000	30	0	0	3773	3802	30	1	8.65e-05	56.5
CFAV-KC_Cambodia_2015	SRA:SRX3119670.26661981.1	100.000	30	0	0	3680	3709	30	1	8.65e-05	56.5
CFAV-KC_Cambodia_2015	SRA:SRX3119670.25318098.1	100.000	30	0	0	3773	3802	30	1	8.65e-05	56.5
CFAV-KC_Cambodia_2015	SRA:SRX3119670.24918233.1	100.000	30	0	0	3603	3632	30	1	8.65e-05	56.5
CFAV-KC_Cambodia_2015	SRA:SRX3119670.24037929.1	100.000	30	0	0	3748	3777	30	1	8.65e-05	56.5
CFAV-KC_Cambodia_2015	SRA:SRX3119670.18301646.1	100.000	30	0	0	3748	3777	30	1	8.65e-05	56.5
CFAV-KC_Cambodia_2015	SRA:SRX3119670.16102087.1	100.000	30	0	0	3750	3779	30	1	8.65e-05	56.5
CFAV-KC_Cambodia_2015	SRA:SRX3119670.13756117.1	97.059	34	0	1	3769	3802	33	1	8.65e-05	56.5
CFAV-KC_Cambodia_2015	SRA:SRX3119670.696230.1	100.000	30	0	0	3833	3862	30	1	8.65e-05	56.5
CFAV-KC_Cambodia_2015	SRA:SRX3119670.46364342.1	100.000	29	0	0	3638	3666	29	1	3.11e-04	54.7
CFAV-KC_Cambodia_2015	SRA:SRX3119670.45649112.1	100.000	29	0	0	3720	3748	29	1	3.11e-04	54.7
CFAV-KC_Cambodia_2015	SRA:SRX3119670.45003735.1	100.000	29	0	0	3638	3666	29	1	3.11e-04	54.7
CFAV-KC_Cambodia_2015	SRA:SRX3119670.44367502.1	100.000	29	0	0	3676	3704	29	1	3.11e-04	54.7
CFAV-KC_Cambodia_2015	SRA:SRX3119670.43487355.1	100.000	29	0	0	3769	3797	29	1	3.11e-04	54.7
CFAV-KC_Cambodia_2015	SRA:SRX3119670.43002131.1	100.000	29	0	0	3676	3704	29	1	3.11e-04	54.7
CFAV-KC_Cambodia_2015	SRA:SRX3119670.41184909.1	100.000	29	0	0	3775	3803	29	1	3.11e-04	54.7
CFAV-KC_Cambodia_2015	SRA:SRX3119670.40966881.1	100.000	29	0	0	3717	3745	29	1	3.11e-04	54.7
CFAV-KC_Cambodia_2015	SRA:SRX3119670.35468982.1	96.970	33	0	1	3704	3735	33	1	3.11e-04	54.7
CFAV-KC_Cambodia_2015	SRA:SRX3119670.33665820.1	100.000	29	0	0	3748	3776	29	1	3.11e-04	54.7
CFAV-KC_Cambodia_2015	SRA:SRX3119670.33181230.1	100.000	29	0	0	3873	3901	29	1	3.11e-04	54.7
CFAV-KC_Cambodia_2015	SRA:SRX3119670.32930340.1	100.000	29	0	0	3750	3778	29	1	3.11e-04	54.7
CFAV-KC_Cambodia_2015	SRA:SRX3119670.31694831.1	100.000	29	0	0	3707	3735	29	1	3.11e-04	54.7
CFAV-KC_Cambodia_2015	SRA:SRX3119670.31523738.1	100.000	29	0	0	3638	3666	29	1	3.11e-04	54.7
CFAV-KC_Cambodia_2015	SRA:SRX3119670.30312249.1	100.000	29	0	0	3720	3748	29	1	3.11e-04	54.7
CFAV-KC_Cambodia_2015	SRA:SRX3119670.29231599.1	100.000	29	0	0	3772	3800	29	1	3.11e-04	54.7
CFAV-KC_Cambodia_2015	SRA:SRX3119670.28835780.1	100.000	29	0	0	3750	3778	29	1	3.11e-04	54.7
CFAV-KC_Cambodia_2015	SRA:SRX3119670.28027092.1	96.774	31	1	0	3871	3901	31	1	3.11e-04	54.7
CFAV-KC_Cambodia_2015	SRA:SRX3119670.27890158.1	100.000	29	0	0	3710	3738	29	1	3.11e-04	54.7
CFAV-KC_Cambodia_2015	SRA:SRX3119670.27701285.1	100.000	29	0	0	3599	3627	29	1	3.11e-04	54.7
CFAV-KC_Cambodia_2015	SRA:SRX3119670.26918683.1	96.875	32	1	0	3672	3703	32	1	3.11e-04	54.7
CFAV-KC_Cambodia_2015	SRA:SRX3119670.23375668.1	100.000	29	0	0	3866	3894	29	1	3.11e-04	54.7
CFAV-KC_Cambodia_2015	SRA:SRX3119670.21671916.1	100.000	29	0	0	3676	3704	29	1	3.11e-04	54.7
CFAV-KC_Cambodia_2015	SRA:SRX3119670.19001179.1	100.000	29	0	0	3676	3704	29	1	3.11e-04	54.7
CFAV-KC_Cambodia_2015	SRA:SRX3119670.18984464.1	100.000	29	0	0	3638	3666	29	1	3.11e-04	54.7
CFAV-KC_Cambodia_2015	SRA:SRX3119670.18330383.1	100.000	29	0	0	3676	3704	29	1	3.11e-04	54.7
CFAV-KC_Cambodia_2015	SRA:SRX3119670.18018481.1	100.000	29	0	0	3676	3704	29	1	3.11e-04	54.7
CFAV-KC_Cambodia_2015	SRA:SRX3119670.15276545.1	100.000	29	0	0	3688	3716	29	1	3.11e-04	54.7
CFAV-KC_Cambodia_2015	SRA:SRX3119670.14125977.1	100.000	29	0	0	3676	3704	29	1	3.11e-04	54.7
CFAV-KC_Cambodia_2015	SRA:SRX3119670.13814927.1	100.000	29	0	0	3710	3738	29	1	3.11e-04	54.7
CFAV-KC_Cambodia_2015	SRA:SRX3119670.13419307.1	100.000	29	0	0	3863	3891	29	1	3.11e-04	54.7
CFAV-KC_Cambodia_2015	SRA:SRX3119670.12280598.1	100.000	29	0	0	3676	3704	29	1	3.11e-04	54.7
CFAV-KC_Cambodia_2015	SRA:SRX3119670.12169013.1	100.000	29	0	0	3707	3735	29	1	3.11e-04	54.7
CFAV-KC_Cambodia_2015	SRA:SRX3119670.9720745.1	100.000	29	0	0	3601	3629	29	1	3.11e-04	54.7
CFAV-KC_Cambodia_2015	SRA:SRX3119670.6463942.1	100.000	29	0	0	3774	3802	29	1	3.11e-04	54.7
CFAV-KC_Cambodia_2015	SRA:SRX3119670.5300832.1	100.000	29	0	0	3707	3735	29	1	3.11e-04	54.7
CFAV-KC_Cambodia_2015	SRA:SRX3119670.4810137.1	100.000	29	0	0	3728	3756	29	1	3.11e-04	54.7
CFAV-KC_Cambodia_2015	SRA:SRX3119670.3540368.1	100.000	29	0	0	3715	3743	29	1	3.11e-04	54.7
CFAV-KC_Cambodia_2015	SRA:SRX3119670.1119228.1	100.000	29	0	0	3748	3776	29	1	3.11e-04	54.7
CFAV-KC_Cambodia_2015	SRA:SRX3119670.778329.1	100.000	29	0	0	3599	3627	29	1	3.11e-04	54.7
CFAV-KC_Cambodia_2015	SRA:SRX3119670.45829520.1	100.000	28	0	0	3835	3862	28	1	0.001	52.8
CFAV-KC_Cambodia_2015	SRA:SRX3119670.45755908.1	100.000	28	0	0	3639	3666	28	1	0.001	52.8
CFAV-KC_Cambodia_2015	SRA:SRX3119670.45665081.1	100.000	28	0	0	3835	3862	28	1	0.001	52.8
CFAV-KC_Cambodia_2015	SRA:SRX3119670.45444585.1	100.000	28	0	0	3719	3746	28	1	0.001	52.8
CFAV-KC_Cambodia_2015	SRA:SRX3119670.45402750.1	100.000	28	0	0	3752	3779	28	1	0.001	52.8
CFAV-KC_Cambodia_2015	SRA:SRX3119670.43464391.1	100.000	28	0	0	3845	3872	28	1	0.001	52.8
CFAV-KC_Cambodia_2015	SRA:SRX3119670.42135496.1	100.000	28	0	0	3754	3781	28	1	0.001	52.8
CFAV-KC_Cambodia_2015	SRA:SRX3119670.40200624.1	100.000	28	0	0	3835	3862	28	1	0.001	52.8
CFAV-KC_Cambodia_2015	SRA:SRX3119670.40018838.1	100.000	28	0	0	3727	3754	28	1	0.001	52.8
CFAV-KC_Cambodia_2015	SRA:SRX3119670.38829994.1	100.000	28	0	0	3830	3857	28	1	0.001	52.8
CFAV-KC_Cambodia_2015	SRA:SRX3119670.37856988.1	100.000	28	0	0	3600	3627	28	1	0.001	52.8
CFAV-KC_Cambodia_2015	SRA:SRX3119670.37086846.1	100.000	28	0	0	3750	3777	28	1	0.001	52.8
CFAV-KC_Cambodia_2015	SRA:SRX3119670.35201872.1	100.000	28	0	0	3699	3726	28	1	0.001	52.8
CFAV-KC_Cambodia_2015	SRA:SRX3119670.35059868.1	100.000	28	0	0	3676	3703	28	1	0.001	52.8
CFAV-KC_Cambodia_2015	SRA:SRX3119670.32992035.1	100.000	28	0	0	3716	3743	28	1	0.001	52.8
CFAV-KC_Cambodia_2015	SRA:SRX3119670.32159511.1	100.000	28	0	0	3775	3802	28	1	0.001	52.8
CFAV-KC_Cambodia_2015	SRA:SRX3119670.31914035.1	100.000	28	0	0	3600	3627	28	1	0.001	52.8
CFAV-KC_Cambodia_2015	SRA:SRX3119670.29762923.1	100.000	28	0	0	3835	3862	28	1	0.001	52.8
CFAV-KC_Cambodia_2015	SRA:SRX3119670.29661643.1	100.000	28	0	0	3775	3802	28	1	0.001	52.8
CFAV-KC_Cambodia_2015	SRA:SRX3119670.28256569.1	100.000	28	0	0	3699	3726	28	1	0.001	52.8
CFAV-KC_Cambodia_2015	SRA:SRX3119670.28235516.1	100.000	28	0	0	3642	3669	28	1	0.001	52.8
CFAV-KC_Cambodia_2015	SRA:SRX3119670.27667775.1	100.000	28	0	0	3716	3743	28	1	0.001	52.8
CFAV-KC_Cambodia_2015	SRA:SRX3119670.26315976.1	100.000	28	0	0	3677	3704	28	1	0.001	52.8
CFAV-KC_Cambodia_2015	SRA:SRX3119670.25511338.1	100.000	28	0	0	3766	3793	28	1	0.001	52.8
CFAV-KC_Cambodia_2015	SRA:SRX3119670.25135289.1	100.000	28	0	0	3750	3777	28	1	0.001	52.8
CFAV-KC_Cambodia_2015	SRA:SRX3119670.23530569.1	100.000	28	0	0	3860	3887	28	1	0.001	52.8
CFAV-KC_Cambodia_2015	SRA:SRX3119670.23232565.1	100.000	28	0	0	3749	3776	28	1	0.001	52.8
CFAV-KC_Cambodia_2015	SRA:SRX3119670.20630848.1	100.000	28	0	0	3838	3865	28	1	0.001	52.8
CFAV-KC_Cambodia_2015	SRA:SRX3119670.19660102.1	100.000	28	0	0	3717	3744	28	1	0.001	52.8
CFAV-KC_Cambodia_2015	SRA:SRX3119670.19222760.1	100.000	28	0	0	3716	3743	28	1	0.001	52.8
CFAV-KC_Cambodia_2015	SRA:SRX3119670.17092240.1	100.000	28	0	0	3750	3777	28	1	0.001	52.8
CFAV-KC_Cambodia_2015	SRA:SRX3119670.14908604.1	94.286	35	1	1	3740	3773	35	1	0.001	52.8
CFAV-KC_Cambodia_2015	SRA:SRX3119670.13881212.1	100.000	28	0	0	3716	3743	28	1	0.001	52.8
CFAV-KC_Cambodia_2015	SRA:SRX3119670.13781266.1	100.000	28	0	0	3835	3862	28	1	0.001	52.8
CFAV-KC_Cambodia_2015	SRA:SRX3119670.13670572.1	100.000	28	0	0	3764	3791	28	1	0.001	52.8
CFAV-KC_Cambodia_2015	SRA:SRX3119670.13616776.1	100.000	28	0	0	3764	3791	28	1	0.001	52.8
CFAV-KC_Cambodia_2015	SRA:SRX3119670.13147054.1	100.000	28	0	0	3750	3777	28	1	0.001	52.8
CFAV-KC_Cambodia_2015	SRA:SRX3119670.12608964.1	100.000	28	0	0	3699	3726	28	1	0.001	52.8
CFAV-KC_Cambodia_2015	SRA:SRX3119670.11935445.1	100.000	28	0	0	3610	3637	29	2	0.001	52.8
CFAV-KC_Cambodia_2015	SRA:SRX3119670.11711832.1	100.000	28	0	0	3676	3703	28	1	0.001	52.8
CFAV-KC_Cambodia_2015	SRA:SRX3119670.10267606.1	100.000	28	0	0	3845	3872	28	1	0.001	52.8
CFAV-KC_Cambodia_2015	SRA:SRX3119670.10193160.1	100.000	28	0	0	3716	3743	28	1	0.001	52.8
CFAV-KC_Cambodia_2015	SRA:SRX3119670.9940497.1	100.000	28	0	0	3750	3777	28	1	0.001	52.8
CFAV-KC_Cambodia_2015	SRA:SRX3119670.9590191.1	100.000	28	0	0	3708	3735	28	1	0.001	52.8
CFAV-KC_Cambodia_2015	SRA:SRX3119670.9310773.1	100.000	28	0	0	3713	3740	28	1	0.001	52.8
CFAV-KC_Cambodia_2015	SRA:SRX3119670.8477541.1	100.000	28	0	0	3716	3743	28	1	0.001	52.8
CFAV-KC_Cambodia_2015	SRA:SRX3119670.8337273.1	100.000	28	0	0	3676	3703	28	1	0.001	52.8
CFAV-KC_Cambodia_2015	SRA:SRX3119670.3687715.1	100.000	28	0	0	3605	3632	28	1	0.001	52.8
CFAV-KC_Cambodia_2015	SRA:SRX3119670.2720790.1	100.000	28	0	0	3838	3865	28	1	0.001	52.8
CFAV-KC_Cambodia_2015	SRA:SRX3119670.2400383.1	100.000	28	0	0	3773	3800	28	1	0.001	52.8
CFAV-KC_Cambodia_2015	SRA:SRX3119670.1569903.1	100.000	28	0	0	3719	3746	28	1	0.001	52.8
CFAV-KC_Cambodia_2015	SRA:SRX3119670.1072531.1	100.000	28	0	0	3830	3857	28	1	0.001	52.8
CFAV-KC_Cambodia_2015	SRA:SRX3119670.28270828.1	100.000	27	0	0	3831	3857	27	1	0.004	51.0
CFAV-KC_Cambodia_2015	SRA:SRX3119670.27161172.1	100.000	27	0	0	3717	3743	27	1	0.004	51.0
CFAV-KC_Cambodia_2015	SRA:SRX3119670.12444150.1	96.774	31	0	1	3827	3857	30	1	0.004	51.0
CFAV-KC_Cambodia_2015	SRA:SRX3119670.4472408.1	100.000	27	0	0	3680	3706	27	1	0.004	51.0
CFAV-KC_Cambodia_2015	SRA:SRX3119670.22702180.1	100.000	26	0	0	3847	3872	26	1	0.014	49.1
CFAV-Zik_Uganda_2016	SRA:SRX3119670.7441063.1	100.000	35	0	0	3618	3652	35	1	1.44e-07	65.8
CFAV-Zik_Uganda_2016	SRA:SRX3119670.7230493.1	100.000	34	0	0	3886	3919	34	1	5.17e-07	63.9
CFAV-Zik_Uganda_2016	SRA:SRX3119670.37225696.1	100.000	33	0	0	3674	3706	33	1	1.86e-06	62.1
CFAV-Zik_Uganda_2016	SRA:SRX3119670.26089071.1	100.000	33	0	0	3674	3706	33	1	1.86e-06	62.1
CFAV-Zik_Uganda_2016	SRA:SRX3119670.15863302.1	100.000	33	0	0	3600	3632	33	1	1.86e-06	62.1
CFAV-Zik_Uganda_2016	SRA:SRX3119670.15810523.1	100.000	33	0	0	3600	3632	33	1	1.86e-06	62.1
CFAV-Zik_Uganda_2016	SRA:SRX3119670.10152628.1	100.000	33	0	0	3600	3632	33	1	1.86e-06	62.1
CFAV-Zik_Uganda_2016	SRA:SRX3119670.9420160.1	100.000	33	0	0	3887	3919	33	1	1.86e-06	62.1
CFAV-Zik_Uganda_2016	SRA:SRX3119670.8874478.1	100.000	33	0	0	3674	3706	33	1	1.86e-06	62.1
CFAV-Zik_Uganda_2016	SRA:SRX3119670.7681875.1	100.000	33	0	0	3674	3706	33	1	1.86e-06	62.1
CFAV-Zik_Uganda_2016	SRA:SRX3119670.6394596.1	100.000	33	0	0	3600	3632	33	1	1.86e-06	62.1
CFAV-Zik_Uganda_2016	SRA:SRX3119670.3139305.1	100.000	33	0	0	3600	3632	33	1	1.86e-06	62.1
CFAV-Zik_Uganda_2016	SRA:SRX3119670.45136030.1	100.000	32	0	0	3748	3779	32	1	6.69e-06	60.2
CFAV-Zik_Uganda_2016	SRA:SRX3119670.26918683.1	100.000	32	0	0	3672	3703	32	1	6.69e-06	60.2
CFAV-Zik_Uganda_2016	SRA:SRX3119670.24159049.1	100.000	32	0	0	3724	3755	32	1	6.69e-06	60.2
CFAV-Zik_Uganda_2016	SRA:SRX3119670.21473290.1	100.000	32	0	0	3653	3684	32	1	6.69e-06	60.2
CFAV-Zik_Uganda_2016	SRA:SRX3119670.5658326.1	100.000	32	0	0	3755	3786	32	1	6.69e-06	60.2
CFAV-Zik_Uganda_2016	SRA:SRX3119670.4960596.1	100.000	32	0	0	3653	3684	32	1	6.69e-06	60.2
CFAV-Zik_Uganda_2016	SRA:SRX3119670.4951241.1	100.000	32	0	0	3739	3770	32	1	6.69e-06	60.2
CFAV-Zik_Uganda_2016	SRA:SRX3119670.43942772.1	100.000	31	0	0	3886	3916	31	1	2.41e-05	58.4
CFAV-Zik_Uganda_2016	SRA:SRX3119670.43002131.1	100.000	31	0	0	3674	3704	31	1	2.41e-05	58.4
CFAV-Zik_Uganda_2016	SRA:SRX3119670.40225448.1	100.000	31	0	0	3654	3684	31	1	2.41e-05	58.4
CFAV-Zik_Uganda_2016	SRA:SRX3119670.33909311.1	100.000	31	0	0	3877	3907	31	1	2.41e-05	58.4
CFAV-Zik_Uganda_2016	SRA:SRX3119670.33192504.1	94.737	38	1	1	3740	3777	37	1	2.41e-05	58.4
CFAV-Zik_Uganda_2016	SRA:SRX3119670.32458189.1	94.737	38	1	1	3883	3920	37	1	2.41e-05	58.4
CFAV-Zik_Uganda_2016	SRA:SRX3119670.28082228.1	100.000	31	0	0	3871	3901	31	1	2.41e-05	58.4
CFAV-Zik_Uganda_2016	SRA:SRX3119670.27839523.1	100.000	31	0	0	3886	3916	31	1	2.41e-05	58.4
CFAV-Zik_Uganda_2016	SRA:SRX3119670.27642689.1	100.000	31	0	0	3879	3909	31	1	2.41e-05	58.4
CFAV-Zik_Uganda_2016	SRA:SRX3119670.27568588.1	100.000	31	0	0	3886	3916	31	1	2.41e-05	58.4
CFAV-Zik_Uganda_2016	SRA:SRX3119670.26344986.1	100.000	31	0	0	3877	3907	31	1	2.41e-05	58.4
CFAV-Zik_Uganda_2016	SRA:SRX3119670.21671916.1	100.000	31	0	0	3674	3704	31	1	2.41e-05	58.4
CFAV-Zik_Uganda_2016	SRA:SRX3119670.20945813.1	100.000	31	0	0	3682	3712	31	1	2.41e-05	58.4
CFAV-Zik_Uganda_2016	SRA:SRX3119670.18330383.1	100.000	31	0	0	3674	3704	31	1	2.41e-05	58.4
CFAV-Zik_Uganda_2016	SRA:SRX3119670.18018481.1	100.000	31	0	0	3674	3704	31	1	2.41e-05	58.4
CFAV-Zik_Uganda_2016	SRA:SRX3119670.16882673.1	100.000	31	0	0	3889	3919	31	1	2.41e-05	58.4
CFAV-Zik_Uganda_2016	SRA:SRX3119670.16096680.1	100.000	31	0	0	3699	3729	31	1	2.41e-05	58.4
CFAV-Zik_Uganda_2016	SRA:SRX3119670.16017823.1	100.000	31	0	0	3716	3746	31	1	2.41e-05	58.4
CFAV-Zik_Uganda_2016	SRA:SRX3119670.12280598.1	100.000	31	0	0	3674	3704	31	1	2.41e-05	58.4
CFAV-Zik_Uganda_2016	SRA:SRX3119670.41952758.1	100.000	30	0	0	3748	3777	30	1	8.65e-05	56.5
CFAV-Zik_Uganda_2016	SRA:SRX3119670.41639635.1	100.000	30	0	0	3880	3909	30	1	8.65e-05	56.5
CFAV-Zik_Uganda_2016	SRA:SRX3119670.38902432.1	100.000	30	0	0	3762	3791	30	1	8.65e-05	56.5
CFAV-Zik_Uganda_2016	SRA:SRX3119670.38628457.1	100.000	30	0	0	3887	3916	30	1	8.65e-05	56.5
CFAV-Zik_Uganda_2016	SRA:SRX3119670.35059868.1	100.000	30	0	0	3674	3703	30	1	8.65e-05	56.5
CFAV-Zik_Uganda_2016	SRA:SRX3119670.28520114.1	100.000	30	0	0	3773	3802	30	1	8.65e-05	56.5
CFAV-Zik_Uganda_2016	SRA:SRX3119670.26661981.1	100.000	30	0	0	3680	3709	30	1	8.65e-05	56.5
CFAV-Zik_Uganda_2016	SRA:SRX3119670.25318098.1	100.000	30	0	0	3773	3802	30	1	8.65e-05	56.5
CFAV-Zik_Uganda_2016	SRA:SRX3119670.25267042.1	100.000	30	0	0	3890	3919	30	1	8.65e-05	56.5
CFAV-Zik_Uganda_2016	SRA:SRX3119670.24918233.1	100.000	30	0	0	3603	3632	30	1	8.65e-05	56.5
CFAV-Zik_Uganda_2016	SRA:SRX3119670.24037929.1	100.000	30	0	0	3748	3777	30	1	8.65e-05	56.5
CFAV-Zik_Uganda_2016	SRA:SRX3119670.21381338.1	100.000	30	0	0	3650	3679	30	1	8.65e-05	56.5
CFAV-Zik_Uganda_2016	SRA:SRX3119670.20717140.1	100.000	30	0	0	3880	3909	30	1	8.65e-05	56.5
CFAV-Zik_Uganda_2016	SRA:SRX3119670.18301646.1	100.000	30	0	0	3748	3777	30	1	8.65e-05	56.5
CFAV-Zik_Uganda_2016	SRA:SRX3119670.17854055.1	100.000	30	0	0	3650	3679	30	1	8.65e-05	56.5
CFAV-Zik_Uganda_2016	SRA:SRX3119670.16102087.1	100.000	30	0	0	3750	3779	30	1	8.65e-05	56.5
CFAV-Zik_Uganda_2016	SRA:SRX3119670.15630123.1	100.000	30	0	0	3628	3657	30	1	8.65e-05	56.5
CFAV-Zik_Uganda_2016	SRA:SRX3119670.14394805.1	100.000	30	0	0	3628	3657	30	1	8.65e-05	56.5
CFAV-Zik_Uganda_2016	SRA:SRX3119670.14125977.1	100.000	30	0	0	3675	3704	30	1	8.65e-05	56.5
CFAV-Zik_Uganda_2016	SRA:SRX3119670.13756117.1	97.059	34	0	1	3769	3802	33	1	8.65e-05	56.5
CFAV-Zik_Uganda_2016	SRA:SRX3119670.7133917.1	100.000	30	0	0	3620	3649	30	1	8.65e-05	56.5
CFAV-Zik_Uganda_2016	SRA:SRX3119670.696230.1	100.000	30	0	0	3833	3862	30	1	8.65e-05	56.5
CFAV-Zik_Uganda_2016	SRA:SRX3119670.46136291.1	100.000	29	0	0	3892	3920	29	1	3.11e-04	54.7
CFAV-Zik_Uganda_2016	SRA:SRX3119670.46081652.1	100.000	29	0	0	3892	3920	29	1	3.11e-04	54.7
CFAV-Zik_Uganda_2016	SRA:SRX3119670.45755908.1	100.000	29	0	0	3638	3666	29	1	3.11e-04	54.7
CFAV-Zik_Uganda_2016	SRA:SRX3119670.45663090.1	100.000	29	0	0	3891	3919	29	1	3.11e-04	54.7
CFAV-Zik_Uganda_2016	SRA:SRX3119670.45649112.1	100.000	29	0	0	3720	3748	29	1	3.11e-04	54.7
CFAV-Zik_Uganda_2016	SRA:SRX3119670.44367502.1	100.000	29	0	0	3676	3704	29	1	3.11e-04	54.7
CFAV-Zik_Uganda_2016	SRA:SRX3119670.43495685.1	100.000	29	0	0	3656	3684	29	1	3.11e-04	54.7
CFAV-Zik_Uganda_2016	SRA:SRX3119670.43487355.1	100.000	29	0	0	3769	3797	29	1	3.11e-04	54.7
CFAV-Zik_Uganda_2016	SRA:SRX3119670.41184909.1	100.000	29	0	0	3775	3803	29	1	3.11e-04	54.7
CFAV-Zik_Uganda_2016	SRA:SRX3119670.40966881.1	100.000	29	0	0	3717	3745	29	1	3.11e-04	54.7
CFAV-Zik_Uganda_2016	SRA:SRX3119670.35691384.1	100.000	29	0	0	3617	3645	29	1	3.11e-04	54.7
CFAV-Zik_Uganda_2016	SRA:SRX3119670.35638989.1	100.000	29	0	0	3617	3645	29	1	3.11e-04	54.7
CFAV-Zik_Uganda_2016	SRA:SRX3119670.35468982.1	96.970	33	0	1	3704	3735	33	1	3.11e-04	54.7
CFAV-Zik_Uganda_2016	SRA:SRX3119670.33665820.1	100.000	29	0	0	3748	3776	29	1	3.11e-04	54.7
CFAV-Zik_Uganda_2016	SRA:SRX3119670.33181230.1	100.000	29	0	0	3873	3901	29	1	3.11e-04	54.7
CFAV-Zik_Uganda_2016	SRA:SRX3119670.32930340.1	100.000	29	0	0	3750	3778	29	1	3.11e-04	54.7
CFAV-Zik_Uganda_2016	SRA:SRX3119670.31694831.1	100.000	29	0	0	3707	3735	29	1	3.11e-04	54.7
CFAV-Zik_Uganda_2016	SRA:SRX3119670.31239814.1	100.000	29	0	0	3895	3923	29	1	3.11e-04	54.7
CFAV-Zik_Uganda_2016	SRA:SRX3119670.30312249.1	100.000	29	0	0	3720	3748	29	1	3.11e-04	54.7
CFAV-Zik_Uganda_2016	SRA:SRX3119670.29578345.1	100.000	29	0	0	3613	3641	29	1	3.11e-04	54.7
CFAV-Zik_Uganda_2016	SRA:SRX3119670.29231599.1	100.000	29	0	0	3772	3800	29	1	3.11e-04	54.7
CFAV-Zik_Uganda_2016	SRA:SRX3119670.28835780.1	100.000	29	0	0	3750	3778	29	1	3.11e-04	54.7
CFAV-Zik_Uganda_2016	SRA:SRX3119670.28584598.1	100.000	29	0	0	3651	3679	29	1	3.11e-04	54.7
CFAV-Zik_Uganda_2016	SRA:SRX3119670.28027092.1	96.774	31	1	0	3871	3901	31	1	3.11e-04	54.7
CFAV-Zik_Uganda_2016	SRA:SRX3119670.27890158.1	100.000	29	0	0	3710	3738	29	1	3.11e-04	54.7
CFAV-Zik_Uganda_2016	SRA:SRX3119670.27701285.1	100.000	29	0	0	3599	3627	29	1	3.11e-04	54.7
CFAV-Zik_Uganda_2016	SRA:SRX3119670.27130115.1	100.000	29	0	0	3891	3919	29	1	3.11e-04	54.7
CFAV-Zik_Uganda_2016	SRA:SRX3119670.23375668.1	100.000	29	0	0	3866	3894	29	1	3.11e-04	54.7
CFAV-Zik_Uganda_2016	SRA:SRX3119670.23180030.1	100.000	29	0	0	3891	3919	29	1	3.11e-04	54.7
CFAV-Zik_Uganda_2016	SRA:SRX3119670.23168033.1	100.000	29	0	0	3672	3700	29	1	3.11e-04	54.7
CFAV-Zik_Uganda_2016	SRA:SRX3119670.22523549.1	100.000	29	0	0	3891	3919	29	1	3.11e-04	54.7
CFAV-Zik_Uganda_2016	SRA:SRX3119670.22030164.1	100.000	29	0	0	3625	3653	29	1	3.11e-04	54.7
CFAV-Zik_Uganda_2016	SRA:SRX3119670.21116710.1	96.970	33	0	1	3884	3916	32	1	3.11e-04	54.7
CFAV-Zik_Uganda_2016	SRA:SRX3119670.19242691.1	100.000	29	0	0	3892	3920	29	1	3.11e-04	54.7
CFAV-Zik_Uganda_2016	SRA:SRX3119670.19001179.1	100.000	29	0	0	3676	3704	29	1	3.11e-04	54.7
CFAV-Zik_Uganda_2016	SRA:SRX3119670.18806878.1	100.000	29	0	0	3881	3909	29	1	3.11e-04	54.7
CFAV-Zik_Uganda_2016	SRA:SRX3119670.16589767.1	100.000	29	0	0	3625	3653	29	1	3.11e-04	54.7
CFAV-Zik_Uganda_2016	SRA:SRX3119670.16569971.1	100.000	29	0	0	3624	3652	29	1	3.11e-04	54.7
CFAV-Zik_Uganda_2016	SRA:SRX3119670.15333411.1	100.000	29	0	0	3881	3909	29	1	3.11e-04	54.7
CFAV-Zik_Uganda_2016	SRA:SRX3119670.15276545.1	100.000	29	0	0	3688	3716	29	1	3.11e-04	54.7
CFAV-Zik_Uganda_2016	SRA:SRX3119670.15058939.1	100.000	29	0	0	3625	3653	29	1	3.11e-04	54.7
CFAV-Zik_Uganda_2016	SRA:SRX3119670.13814927.1	100.000	29	0	0	3710	3738	29	1	3.11e-04	54.7
CFAV-Zik_Uganda_2016	SRA:SRX3119670.13419307.1	100.000	29	0	0	3863	3891	29	1	3.11e-04	54.7
CFAV-Zik_Uganda_2016	SRA:SRX3119670.13358174.1	100.000	29	0	0	3879	3907	29	1	3.11e-04	54.7
CFAV-Zik_Uganda_2016	SRA:SRX3119670.12490907.1	100.000	29	0	0	3656	3684	29	1	3.11e-04	54.7
CFAV-Zik_Uganda_2016	SRA:SRX3119670.12466151.1	100.000	29	0	0	3881	3909	29	1	3.11e-04	54.7
CFAV-Zik_Uganda_2016	SRA:SRX3119670.12169013.1	100.000	29	0	0	3707	3735	29	1	3.11e-04	54.7
CFAV-Zik_Uganda_2016	SRA:SRX3119670.11935445.1	100.000	29	0	0	3610	3638	29	1	3.11e-04	54.7
CFAV-Zik_Uganda_2016	SRA:SRX3119670.11807059.1	100.000	29	0	0	3625	3653	29	1	3.11e-04	54.7
CFAV-Zik_Uganda_2016	SRA:SRX3119670.11711832.1	100.000	29	0	0	3675	3703	29	1	3.11e-04	54.7
CFAV-Zik_Uganda_2016	SRA:SRX3119670.11206548.1	100.000	29	0	0	3625	3653	29	1	3.11e-04	54.7
CFAV-Zik_Uganda_2016	SRA:SRX3119670.11089529.1	100.000	29	0	0	3879	3907	29	1	3.11e-04	54.7
CFAV-Zik_Uganda_2016	SRA:SRX3119670.10105470.1	100.000	29	0	0	3651	3679	29	1	3.11e-04	54.7
CFAV-Zik_Uganda_2016	SRA:SRX3119670.9720745.1	100.000	29	0	0	3601	3629	29	1	3.11e-04	54.7
CFAV-Zik_Uganda_2016	SRA:SRX3119670.8935633.1	100.000	29	0	0	3613	3641	29	1	3.11e-04	54.7
CFAV-Zik_Uganda_2016	SRA:SRX3119670.8388931.1	100.000	29	0	0	3654	3682	29	1	3.11e-04	54.7
CFAV-Zik_Uganda_2016	SRA:SRX3119670.8337273.1	100.000	29	0	0	3675	3703	29	1	3.11e-04	54.7
CFAV-Zik_Uganda_2016	SRA:SRX3119670.6463942.1	100.000	29	0	0	3774	3802	29	1	3.11e-04	54.7
CFAV-Zik_Uganda_2016	SRA:SRX3119670.5300832.1	100.000	29	0	0	3707	3735	29	1	3.11e-04	54.7
CFAV-Zik_Uganda_2016	SRA:SRX3119670.4810137.1	100.000	29	0	0	3728	3756	29	1	3.11e-04	54.7
CFAV-Zik_Uganda_2016	SRA:SRX3119670.4033017.1	100.000	29	0	0	3613	3641	29	1	3.11e-04	54.7
CFAV-Zik_Uganda_2016	SRA:SRX3119670.3540368.1	100.000	29	0	0	3715	3743	29	1	3.11e-04	54.7
CFAV-Zik_Uganda_2016	SRA:SRX3119670.1119228.1	100.000	29	0	0	3748	3776	29	1	3.11e-04	54.7
CFAV-Zik_Uganda_2016	SRA:SRX3119670.778329.1	100.000	29	0	0	3599	3627	29	1	3.11e-04	54.7
CFAV-Zik_Uganda_2016	SRA:SRX3119670.550042.1	100.000	29	0	0	3881	3909	29	1	3.11e-04	54.7
CFAV-Zik_Uganda_2016	SRA:SRX3119670.46364342.1	100.000	28	0	0	3639	3666	28	1	0.001	52.8
CFAV-Zik_Uganda_2016	SRA:SRX3119670.45829520.1	100.000	28	0	0	3835	3862	28	1	0.001	52.8
CFAV-Zik_Uganda_2016	SRA:SRX3119670.45665081.1	100.000	28	0	0	3835	3862	28	1	0.001	52.8
CFAV-Zik_Uganda_2016	SRA:SRX3119670.45444585.1	100.000	28	0	0	3719	3746	28	1	0.001	52.8
CFAV-Zik_Uganda_2016	SRA:SRX3119670.45402750.1	100.000	28	0	0	3752	3779	28	1	0.001	52.8
CFAV-Zik_Uganda_2016	SRA:SRX3119670.45003735.1	100.000	28	0	0	3639	3666	28	1	0.001	52.8
CFAV-Zik_Uganda_2016	SRA:SRX3119670.43464391.1	100.000	28	0	0	3845	3872	28	1	0.001	52.8
CFAV-Zik_Uganda_2016	SRA:SRX3119670.42736680.1	100.000	28	0	0	3671	3698	28	1	0.001	52.8
CFAV-Zik_Uganda_2016	SRA:SRX3119670.42135496.1	100.000	28	0	0	3754	3781	28	1	0.001	52.8
CFAV-Zik_Uganda_2016	SRA:SRX3119670.41625540.1	100.000	28	0	0	3891	3918	29	2	0.001	52.8
CFAV-Zik_Uganda_2016	SRA:SRX3119670.40200624.1	100.000	28	0	0	3835	3862	28	1	0.001	52.8
CFAV-Zik_Uganda_2016	SRA:SRX3119670.40018838.1	100.000	28	0	0	3727	3754	28	1	0.001	52.8
CFAV-Zik_Uganda_2016	SRA:SRX3119670.39155754.1	92.105	38	2	1	3651	3687	38	1	0.001	52.8
CFAV-Zik_Uganda_2016	SRA:SRX3119670.38829994.1	100.000	28	0	0	3830	3857	28	1	0.001	52.8
CFAV-Zik_Uganda_2016	SRA:SRX3119670.38510086.1	100.000	28	0	0	3666	3693	28	1	0.001	52.8
CFAV-Zik_Uganda_2016	SRA:SRX3119670.38108356.1	100.000	28	0	0	3625	3652	28	1	0.001	52.8
CFAV-Zik_Uganda_2016	SRA:SRX3119670.37856988.1	100.000	28	0	0	3600	3627	28	1	0.001	52.8
CFAV-Zik_Uganda_2016	SRA:SRX3119670.37086846.1	100.000	28	0	0	3750	3777	28	1	0.001	52.8
CFAV-Zik_Uganda_2016	SRA:SRX3119670.35712737.1	94.286	35	1	1	3619	3652	35	1	0.001	52.8
CFAV-Zik_Uganda_2016	SRA:SRX3119670.35201872.1	100.000	28	0	0	3699	3726	28	1	0.001	52.8
CFAV-Zik_Uganda_2016	SRA:SRX3119670.32992035.1	100.000	28	0	0	3716	3743	28	1	0.001	52.8
CFAV-Zik_Uganda_2016	SRA:SRX3119670.32159511.1	100.000	28	0	0	3775	3802	28	1	0.001	52.8
CFAV-Zik_Uganda_2016	SRA:SRX3119670.31914035.1	100.000	28	0	0	3600	3627	28	1	0.001	52.8
CFAV-Zik_Uganda_2016	SRA:SRX3119670.31523738.1	100.000	28	0	0	3639	3666	28	1	0.001	52.8
CFAV-Zik_Uganda_2016	SRA:SRX3119670.30354556.1	100.000	28	0	0	3665	3692	28	1	0.001	52.8
CFAV-Zik_Uganda_2016	SRA:SRX3119670.30220648.1	100.000	28	0	0	3650	3677	28	1	0.001	52.8
CFAV-Zik_Uganda_2016	SRA:SRX3119670.29762923.1	100.000	28	0	0	3835	3862	28	1	0.001	52.8
CFAV-Zik_Uganda_2016	SRA:SRX3119670.29661643.1	100.000	28	0	0	3775	3802	28	1	0.001	52.8
CFAV-Zik_Uganda_2016	SRA:SRX3119670.28256569.1	100.000	28	0	0	3699	3726	28	1	0.001	52.8
CFAV-Zik_Uganda_2016	SRA:SRX3119670.28235516.1	100.000	28	0	0	3642	3669	28	1	0.001	52.8
CFAV-Zik_Uganda_2016	SRA:SRX3119670.27667775.1	100.000	28	0	0	3716	3743	28	1	0.001	52.8
CFAV-Zik_Uganda_2016	SRA:SRX3119670.26315976.1	100.000	28	0	0	3677	3704	28	1	0.001	52.8
CFAV-Zik_Uganda_2016	SRA:SRX3119670.25708056.1	100.000	28	0	0	3882	3909	28	1	0.001	52.8
CFAV-Zik_Uganda_2016	SRA:SRX3119670.25511338.1	100.000	28	0	0	3766	3793	28	1	0.001	52.8
CFAV-Zik_Uganda_2016	SRA:SRX3119670.25135289.1	100.000	28	0	0	3750	3777	28	1	0.001	52.8
CFAV-Zik_Uganda_2016	SRA:SRX3119670.23992260.1	100.000	28	0	0	3662	3689	28	1	0.001	52.8
CFAV-Zik_Uganda_2016	SRA:SRX3119670.23826741.1	100.000	28	0	0	3611	3638	28	1	0.001	52.8
CFAV-Zik_Uganda_2016	SRA:SRX3119670.23530569.1	100.000	28	0	0	3860	3887	28	1	0.001	52.8
CFAV-Zik_Uganda_2016	SRA:SRX3119670.23232565.1	100.000	28	0	0	3749	3776	28	1	0.001	52.8
CFAV-Zik_Uganda_2016	SRA:SRX3119670.21847944.1	100.000	28	0	0	3657	3684	28	1	0.001	52.8
CFAV-Zik_Uganda_2016	SRA:SRX3119670.21768008.1	100.000	28	0	0	3883	3910	28	1	0.001	52.8
CFAV-Zik_Uganda_2016	SRA:SRX3119670.20630848.1	100.000	28	0	0	3838	3865	28	1	0.001	52.8
CFAV-Zik_Uganda_2016	SRA:SRX3119670.19660102.1	100.000	28	0	0	3717	3744	28	1	0.001	52.8
CFAV-Zik_Uganda_2016	SRA:SRX3119670.19590837.1	100.000	28	0	0	3674	3701	28	1	0.001	52.8
CFAV-Zik_Uganda_2016	SRA:SRX3119670.19222760.1	100.000	28	0	0	3716	3743	28	1	0.001	52.8
CFAV-Zik_Uganda_2016	SRA:SRX3119670.18984464.1	100.000	28	0	0	3639	3666	28	1	0.001	52.8
CFAV-Zik_Uganda_2016	SRA:SRX3119670.17092240.1	100.000	28	0	0	3750	3777	28	1	0.001	52.8
CFAV-Zik_Uganda_2016	SRA:SRX3119670.15842765.1	100.000	28	0	0	3899	3926	29	2	0.001	52.8
CFAV-Zik_Uganda_2016	SRA:SRX3119670.14908604.1	94.286	35	1	1	3740	3773	35	1	0.001	52.8
CFAV-Zik_Uganda_2016	SRA:SRX3119670.13881212.1	100.000	28	0	0	3716	3743	28	1	0.001	52.8
CFAV-Zik_Uganda_2016	SRA:SRX3119670.13781266.1	100.000	28	0	0	3835	3862	28	1	0.001	52.8
CFAV-Zik_Uganda_2016	SRA:SRX3119670.13670572.1	100.000	28	0	0	3764	3791	28	1	0.001	52.8
CFAV-Zik_Uganda_2016	SRA:SRX3119670.13616776.1	100.000	28	0	0	3764	3791	28	1	0.001	52.8
CFAV-Zik_Uganda_2016	SRA:SRX3119670.13147054.1	100.000	28	0	0	3750	3777	28	1	0.001	52.8
CFAV-Zik_Uganda_2016	SRA:SRX3119670.12608964.1	100.000	28	0	0	3699	3726	28	1	0.001	52.8
CFAV-Zik_Uganda_2016	SRA:SRX3119670.11168371.1	100.000	28	0	0	3650	3677	28	1	0.001	52.8
CFAV-Zik_Uganda_2016	SRA:SRX3119670.10799259.1	92.105	38	2	1	3651	3687	38	1	0.001	52.8
CFAV-Zik_Uganda_2016	SRA:SRX3119670.10786558.1	100.000	28	0	0	3657	3684	28	1	0.001	52.8
CFAV-Zik_Uganda_2016	SRA:SRX3119670.10267606.1	100.000	28	0	0	3845	3872	28	1	0.001	52.8
CFAV-Zik_Uganda_2016	SRA:SRX3119670.10193160.1	100.000	28	0	0	3716	3743	28	1	0.001	52.8
CFAV-Zik_Uganda_2016	SRA:SRX3119670.9940497.1	100.000	28	0	0	3750	3777	28	1	0.001	52.8
CFAV-Zik_Uganda_2016	SRA:SRX3119670.9590191.1	100.000	28	0	0	3708	3735	28	1	0.001	52.8
CFAV-Zik_Uganda_2016	SRA:SRX3119670.9310773.1	100.000	28	0	0	3713	3740	28	1	0.001	52.8
CFAV-Zik_Uganda_2016	SRA:SRX3119670.8477541.1	100.000	28	0	0	3716	3743	28	1	0.001	52.8
CFAV-Zik_Uganda_2016	SRA:SRX3119670.6659204.1	100.000	28	0	0	3650	3677	28	1	0.001	52.8
CFAV-Zik_Uganda_2016	SRA:SRX3119670.5747386.1	100.000	28	0	0	3675	3702	28	1	0.001	52.8
CFAV-Zik_Uganda_2016	SRA:SRX3119670.5087993.1	100.000	28	0	0	3657	3684	28	1	0.001	52.8
CFAV-Zik_Uganda_2016	SRA:SRX3119670.4728416.1	100.000	28	0	0	3611	3638	28	1	0.001	52.8
CFAV-Zik_Uganda_2016	SRA:SRX3119670.4722701.1	100.000	28	0	0	3618	3645	28	1	0.001	52.8
CFAV-Zik_Uganda_2016	SRA:SRX3119670.4701987.1	100.000	28	0	0	3625	3652	28	1	0.001	52.8
CFAV-Zik_Uganda_2016	SRA:SRX3119670.3687715.1	100.000	28	0	0	3605	3632	28	1	0.001	52.8
CFAV-Zik_Uganda_2016	SRA:SRX3119670.2720790.1	100.000	28	0	0	3838	3865	28	1	0.001	52.8
CFAV-Zik_Uganda_2016	SRA:SRX3119670.2400383.1	100.000	28	0	0	3773	3800	28	1	0.001	52.8
CFAV-Zik_Uganda_2016	SRA:SRX3119670.1569903.1	100.000	28	0	0	3719	3746	28	1	0.001	52.8
CFAV-Zik_Uganda_2016	SRA:SRX3119670.1190857.1	100.000	28	0	0	3882	3909	28	1	0.001	52.8
CFAV-Zik_Uganda_2016	SRA:SRX3119670.1072531.1	100.000	28	0	0	3830	3857	28	1	0.001	52.8
CFAV-Zik_Uganda_2016	SRA:SRX3119670.44354598.1	100.000	27	0	0	3653	3679	27	1	0.004	51.0
CFAV-Zik_Uganda_2016	SRA:SRX3119670.38052490.1	100.000	27	0	0	3658	3684	27	1	0.004	51.0
CFAV-Zik_Uganda_2016	SRA:SRX3119670.34611314.1	100.000	27	0	0	3658	3684	27	1	0.004	51.0
CFAV-Zik_Uganda_2016	SRA:SRX3119670.30007890.1	100.000	27	0	0	3615	3641	27	1	0.004	51.0
CFAV-Zik_Uganda_2016	SRA:SRX3119670.28270828.1	100.000	27	0	0	3831	3857	27	1	0.004	51.0
CFAV-Zik_Uganda_2016	SRA:SRX3119670.27224900.1	100.000	27	0	0	3658	3684	27	1	0.004	51.0
CFAV-Zik_Uganda_2016	SRA:SRX3119670.27161172.1	100.000	27	0	0	3717	3743	27	1	0.004	51.0
CFAV-Zik_Uganda_2016	SRA:SRX3119670.20562162.1	100.000	27	0	0	3653	3679	27	1	0.004	51.0
CFAV-Zik_Uganda_2016	SRA:SRX3119670.13103046.1	100.000	27	0	0	3671	3697	27	1	0.004	51.0
CFAV-Zik_Uganda_2016	SRA:SRX3119670.12645122.1	100.000	27	0	0	3881	3907	27	1	0.004	51.0
CFAV-Zik_Uganda_2016	SRA:SRX3119670.12444150.1	96.774	31	0	1	3827	3857	30	1	0.004	51.0
CFAV-Zik_Uganda_2016	SRA:SRX3119670.4472408.1	100.000	27	0	0	3680	3706	27	1	0.004	51.0
CFAV-Zik_Uganda_2016	SRA:SRX3119670.22702180.1	100.000	26	0	0	3847	3872	26	1	0.014	49.1
