CFAV-Bangkok_Thailand_2015	SRA:SRX4584295.11524377.1	99.010	101	1	0	3658	3758	101	1	3.28e-42	182
CFAV-Bangkok_Thailand_2015	SRA:SRX4584295.10165337.1	99.010	101	1	0	3658	3758	101	1	3.28e-42	182
CFAV-Bangkok_Thailand_2015	SRA:SRX4584295.1763199.1	99.010	101	1	0	3658	3758	101	1	3.28e-42	182
CFAV-Bangkok_Thailand_2015	SRA:SRX4584295.896429.2	99.010	101	1	0	3658	3758	101	1	3.28e-42	182
CFAV-Bangkok_Thailand_2015	SRA:SRX4584295.4474182.2	90.099	101	10	0	3658	3758	101	1	3.35e-27	132
NC_001564	SRA:SRX4584295.11524377.1	96.040	101	4	0	3665	3765	101	1	3.31e-37	165
NC_001564	SRA:SRX4584295.10165337.1	96.040	101	4	0	3665	3765	101	1	3.31e-37	165
NC_001564	SRA:SRX4584295.1763199.1	96.040	101	4	0	3665	3765	101	1	3.31e-37	165
NC_001564	SRA:SRX4584295.896429.2	96.040	101	4	0	3665	3765	101	1	3.31e-37	165
NC_001564	SRA:SRX4584295.4474182.2	87.129	101	13	0	3665	3765	101	1	3.38e-22	115
CFAV-Cairns_Australia_2014	SRA:SRX4584295.11524377.1	100.000	101	0	0	3664	3764	101	1	7.06e-44	187
CFAV-Cairns_Australia_2014	SRA:SRX4584295.10165337.1	100.000	101	0	0	3664	3764	101	1	7.06e-44	187
CFAV-Cairns_Australia_2014	SRA:SRX4584295.1763199.1	100.000	101	0	0	3664	3764	101	1	7.06e-44	187
CFAV-Cairns_Australia_2014	SRA:SRX4584295.896429.2	100.000	101	0	0	3664	3764	101	1	7.06e-44	187
CFAV-Cairns_Australia_2014	SRA:SRX4584295.4474182.2	91.089	101	9	0	3664	3764	101	1	7.21e-29	137
CFAV-Macapa2_Brazil_2017	SRA:SRX4584295.11524377.1	98.020	101	2	0	3665	3765	101	1	1.53e-40	176
CFAV-Macapa2_Brazil_2017	SRA:SRX4584295.10165337.1	98.020	101	2	0	3665	3765	101	1	1.53e-40	176
CFAV-Macapa2_Brazil_2017	SRA:SRX4584295.1763199.1	98.020	101	2	0	3665	3765	101	1	1.53e-40	176
CFAV-Macapa2_Brazil_2017	SRA:SRX4584295.896429.2	98.020	101	2	0	3665	3765	101	1	1.53e-40	176
CFAV-Macapa2_Brazil_2017	SRA:SRX4584295.4474182.2	89.109	101	11	0	3665	3765	101	1	1.56e-25	126
CFAV-KC_Cambodia_2015	SRA:SRX4584295.11524377.1	100.000	101	0	0	3676	3776	101	1	7.06e-44	187
CFAV-KC_Cambodia_2015	SRA:SRX4584295.10165337.1	100.000	101	0	0	3676	3776	101	1	7.06e-44	187
CFAV-KC_Cambodia_2015	SRA:SRX4584295.1763199.1	100.000	101	0	0	3676	3776	101	1	7.06e-44	187
CFAV-KC_Cambodia_2015	SRA:SRX4584295.896429.2	100.000	101	0	0	3676	3776	101	1	7.06e-44	187
CFAV-KC_Cambodia_2015	SRA:SRX4584295.4474182.2	91.089	101	9	0	3676	3776	101	1	7.22e-29	137
CFAV-Zik_Uganda_2016	SRA:SRX4584295.11524377.1	100.000	101	0	0	3676	3776	101	1	7.06e-44	187
CFAV-Zik_Uganda_2016	SRA:SRX4584295.10165337.1	100.000	101	0	0	3676	3776	101	1	7.06e-44	187
CFAV-Zik_Uganda_2016	SRA:SRX4584295.1763199.1	100.000	101	0	0	3676	3776	101	1	7.06e-44	187
CFAV-Zik_Uganda_2016	SRA:SRX4584295.896429.2	100.000	101	0	0	3676	3776	101	1	7.06e-44	187
CFAV-Zik_Uganda_2016	SRA:SRX4584295.4474182.2	91.089	101	9	0	3676	3776	101	1	7.22e-29	137
