CFAV-Bangkok_Thailand_2015	SRA:SRX4590306.21872973.1	100.000	101	0	0	10362	10462	1	101	5.52e-44	187
CFAV-Bangkok_Thailand_2015	SRA:SRX4590306.21617826.1	100.000	101	0	0	272	372	1	101	5.52e-44	187
CFAV-Bangkok_Thailand_2015	SRA:SRX4590306.20632428.1	100.000	101	0	0	7341	7441	1	101	5.52e-44	187
CFAV-Bangkok_Thailand_2015	SRA:SRX4590306.20302452.1	100.000	101	0	0	8850	8950	1	101	5.52e-44	187
CFAV-Bangkok_Thailand_2015	SRA:SRX4590306.20199583.1	100.000	101	0	0	4710	4810	1	101	5.52e-44	187
CFAV-Bangkok_Thailand_2015	SRA:SRX4590306.19121223.1	100.000	101	0	0	7353	7453	1	101	5.52e-44	187
CFAV-Bangkok_Thailand_2015	SRA:SRX4590306.18476309.1	100.000	101	0	0	9992	10092	1	101	5.52e-44	187
CFAV-Bangkok_Thailand_2015	SRA:SRX4590306.17282190.1	100.000	101	0	0	4710	4810	1	101	5.52e-44	187
CFAV-Bangkok_Thailand_2015	SRA:SRX4590306.16902389.1	100.000	101	0	0	8663	8763	1	101	5.52e-44	187
CFAV-Bangkok_Thailand_2015	SRA:SRX4590306.14607960.1	100.000	101	0	0	3190	3290	1	101	5.52e-44	187
CFAV-Bangkok_Thailand_2015	SRA:SRX4590306.12883368.1	100.000	101	0	0	8600	8700	1	101	5.52e-44	187
CFAV-Bangkok_Thailand_2015	SRA:SRX4590306.11472498.1	100.000	101	0	0	8600	8700	1	101	5.52e-44	187
CFAV-Bangkok_Thailand_2015	SRA:SRX4590306.10631904.1	100.000	101	0	0	9894	9994	1	101	5.52e-44	187
CFAV-Bangkok_Thailand_2015	SRA:SRX4590306.8590088.1	100.000	101	0	0	7353	7453	1	101	5.52e-44	187
CFAV-Bangkok_Thailand_2015	SRA:SRX4590306.6021203.1	100.000	101	0	0	8663	8763	1	101	5.52e-44	187
CFAV-Bangkok_Thailand_2015	SRA:SRX4590306.4118924.1	100.000	101	0	0	9992	10092	1	101	5.52e-44	187
CFAV-Bangkok_Thailand_2015	SRA:SRX4590306.3754491.1	100.000	101	0	0	8850	8950	1	101	5.52e-44	187
CFAV-Bangkok_Thailand_2015	SRA:SRX4590306.21237178.1	100.000	100	0	0	8940	9039	1	100	1.99e-43	185
CFAV-Bangkok_Thailand_2015	SRA:SRX4590306.11084052.1	100.000	100	0	0	8889	8988	2	101	1.99e-43	185
CFAV-Bangkok_Thailand_2015	SRA:SRX4590306.7095274.1	100.000	100	0	0	8889	8988	2	101	1.99e-43	185
CFAV-Bangkok_Thailand_2015	SRA:SRX4590306.4832138.1	100.000	100	0	0	8678	8777	2	101	1.99e-43	185
CFAV-Bangkok_Thailand_2015	SRA:SRX4590306.4351258.1	100.000	100	0	0	8669	8768	2	101	1.99e-43	185
CFAV-Bangkok_Thailand_2015	SRA:SRX4590306.2359780.1	100.000	100	0	0	8669	8768	2	101	1.99e-43	185
CFAV-Bangkok_Thailand_2015	SRA:SRX4590306.9415144.1	100.000	99	0	0	194	292	3	101	7.14e-43	183
CFAV-Bangkok_Thailand_2015	SRA:SRX4590306.5099910.1	100.000	99	0	0	8649	8747	3	101	7.14e-43	183
CFAV-Bangkok_Thailand_2015	SRA:SRX4590306.22138129.1	99.010	101	1	0	4919	5019	1	101	2.57e-42	182
CFAV-Bangkok_Thailand_2015	SRA:SRX4590306.21065326.1	100.000	98	0	0	8679	8776	4	101	2.57e-42	182
CFAV-Bangkok_Thailand_2015	SRA:SRX4590306.19554445.1	99.010	101	1	0	7653	7753	1	101	2.57e-42	182
CFAV-Bangkok_Thailand_2015	SRA:SRX4590306.19460656.1	99.010	101	1	0	8531	8631	1	101	2.57e-42	182
CFAV-Bangkok_Thailand_2015	SRA:SRX4590306.17809299.1	99.010	101	1	0	8647	8747	1	101	2.57e-42	182
CFAV-Bangkok_Thailand_2015	SRA:SRX4590306.17183897.1	99.010	101	1	0	9858	9958	1	101	2.57e-42	182
CFAV-Bangkok_Thailand_2015	SRA:SRX4590306.15735805.1	99.010	101	1	0	8674	8774	1	101	2.57e-42	182
CFAV-Bangkok_Thailand_2015	SRA:SRX4590306.15652264.1	99.010	101	1	0	4919	5019	1	101	2.57e-42	182
CFAV-Bangkok_Thailand_2015	SRA:SRX4590306.13005313.1	99.010	101	1	0	9978	10078	1	101	2.57e-42	182
CFAV-Bangkok_Thailand_2015	SRA:SRX4590306.12452665.1	100.000	98	0	0	8383	8480	1	98	2.57e-42	182
CFAV-Bangkok_Thailand_2015	SRA:SRX4590306.12176324.1	99.010	101	1	0	7352	7452	1	101	2.57e-42	182
CFAV-Bangkok_Thailand_2015	SRA:SRX4590306.8324615.1	99.010	101	1	0	9858	9958	1	101	2.57e-42	182
CFAV-Bangkok_Thailand_2015	SRA:SRX4590306.8176323.1	99.010	101	1	0	1515	1615	1	101	2.57e-42	182
CFAV-Bangkok_Thailand_2015	SRA:SRX4590306.2969666.1	99.010	101	1	0	8531	8631	1	101	2.57e-42	182
CFAV-Bangkok_Thailand_2015	SRA:SRX4590306.2831686.1	100.000	98	0	0	8679	8776	4	101	2.57e-42	182
CFAV-Bangkok_Thailand_2015	SRA:SRX4590306.2539137.1	99.010	101	1	0	4906	5006	1	101	2.57e-42	182
CFAV-Bangkok_Thailand_2015	SRA:SRX4590306.170366.1	99.010	101	1	0	1515	1615	1	101	2.57e-42	182
CFAV-Bangkok_Thailand_2015	SRA:SRX4590306.21484196.1	100.000	97	0	0	1	97	5	101	9.24e-42	180
CFAV-Bangkok_Thailand_2015	SRA:SRX4590306.19941614.1	100.000	97	0	0	1	97	5	101	9.24e-42	180
CFAV-Bangkok_Thailand_2015	SRA:SRX4590306.16418725.1	100.000	97	0	0	1	97	4	100	9.24e-42	180
CFAV-Bangkok_Thailand_2015	SRA:SRX4590306.14665436.1	100.000	97	0	0	1	97	5	101	9.24e-42	180
CFAV-Bangkok_Thailand_2015	SRA:SRX4590306.13441030.1	100.000	97	0	0	1	97	5	101	9.24e-42	180
CFAV-Bangkok_Thailand_2015	SRA:SRX4590306.13020672.1	99.000	100	1	0	4897	4996	2	101	9.24e-42	180
CFAV-Bangkok_Thailand_2015	SRA:SRX4590306.11309885.1	100.000	97	0	0	1	97	5	101	9.24e-42	180
CFAV-Bangkok_Thailand_2015	SRA:SRX4590306.4804334.1	100.000	97	0	0	9969	10065	5	101	9.24e-42	180
CFAV-Bangkok_Thailand_2015	SRA:SRX4590306.4715888.1	99.000	100	1	0	4920	5019	2	101	9.24e-42	180
CFAV-Bangkok_Thailand_2015	SRA:SRX4590306.4190074.1	99.000	100	1	0	9133	9232	2	101	9.24e-42	180
CFAV-Bangkok_Thailand_2015	SRA:SRX4590306.4084427.1	99.000	100	1	0	4897	4996	2	101	9.24e-42	180
CFAV-Bangkok_Thailand_2015	SRA:SRX4590306.22664790.1	100.000	96	0	0	5682	5777	1	96	3.32e-41	178
CFAV-Bangkok_Thailand_2015	SRA:SRX4590306.22085820.1	99.000	100	0	1	9965	10064	3	101	3.32e-41	178
CFAV-Bangkok_Thailand_2015	SRA:SRX4590306.20822826.1	98.990	99	1	0	439	537	3	101	3.32e-41	178
CFAV-Bangkok_Thailand_2015	SRA:SRX4590306.17904459.1	99.000	100	0	1	9965	10064	3	101	3.32e-41	178
CFAV-Bangkok_Thailand_2015	SRA:SRX4590306.16719846.1	99.000	100	0	1	8674	8773	3	101	3.32e-41	178
CFAV-Bangkok_Thailand_2015	SRA:SRX4590306.13820776.1	100.000	96	0	0	1	96	6	101	3.32e-41	178
CFAV-Bangkok_Thailand_2015	SRA:SRX4590306.13460427.1	98.990	99	1	0	301	399	3	101	3.32e-41	178
CFAV-Bangkok_Thailand_2015	SRA:SRX4590306.12699351.1	100.000	96	0	0	1	96	6	101	3.32e-41	178
CFAV-Bangkok_Thailand_2015	SRA:SRX4590306.12682546.1	98.990	99	1	0	301	399	3	101	3.32e-41	178
CFAV-Bangkok_Thailand_2015	SRA:SRX4590306.11996392.1	100.000	96	0	0	286	381	6	101	3.32e-41	178
CFAV-Bangkok_Thailand_2015	SRA:SRX4590306.10490520.1	98.990	99	1	0	439	537	3	101	3.32e-41	178
CFAV-Bangkok_Thailand_2015	SRA:SRX4590306.5865382.1	98.990	99	1	0	439	537	3	101	3.32e-41	178
CFAV-Bangkok_Thailand_2015	SRA:SRX4590306.4294112.1	100.000	96	0	0	1	96	6	101	3.32e-41	178
CFAV-Bangkok_Thailand_2015	SRA:SRX4590306.3392520.1	98.990	99	1	0	603	701	3	101	3.32e-41	178
CFAV-Bangkok_Thailand_2015	SRA:SRX4590306.3347369.1	100.000	96	0	0	1	96	6	101	3.32e-41	178
CFAV-Bangkok_Thailand_2015	SRA:SRX4590306.20928649.1	98.020	101	2	0	4910	5010	1	101	1.19e-40	176
CFAV-Bangkok_Thailand_2015	SRA:SRX4590306.20065399.1	98.980	98	1	0	4897	4994	4	101	1.19e-40	176
CFAV-Bangkok_Thailand_2015	SRA:SRX4590306.19689067.1	98.020	101	2	0	8675	8775	1	101	1.19e-40	176
CFAV-Bangkok_Thailand_2015	SRA:SRX4590306.15705175.1	100.000	95	0	0	2	96	7	101	1.19e-40	176
CFAV-Bangkok_Thailand_2015	SRA:SRX4590306.15171470.1	98.020	101	2	0	4848	4948	1	101	1.19e-40	176
CFAV-Bangkok_Thailand_2015	SRA:SRX4590306.14398263.1	98.020	101	2	0	4919	5019	1	101	1.19e-40	176
CFAV-Bangkok_Thailand_2015	SRA:SRX4590306.6904138.1	98.020	101	2	0	9863	9963	1	101	1.19e-40	176
CFAV-Bangkok_Thailand_2015	SRA:SRX4590306.5121198.1	98.039	102	1	1	791	892	1	101	1.19e-40	176
CFAV-Bangkok_Thailand_2015	SRA:SRX4590306.4787835.1	98.020	101	2	0	4884	4984	1	101	1.19e-40	176
CFAV-Bangkok_Thailand_2015	SRA:SRX4590306.4428913.1	98.020	101	2	0	7274	7374	1	101	1.19e-40	176
CFAV-Bangkok_Thailand_2015	SRA:SRX4590306.4404546.1	98.020	101	2	0	4822	4922	1	101	1.19e-40	176
CFAV-Bangkok_Thailand_2015	SRA:SRX4590306.856699.1	98.020	101	2	0	8547	8647	1	101	1.19e-40	176
CFAV-Bangkok_Thailand_2015	SRA:SRX4590306.21901578.1	98.000	100	2	0	8947	9046	1	100	4.30e-40	174
CFAV-Bangkok_Thailand_2015	SRA:SRX4590306.17034079.1	98.969	97	1	0	784	880	5	101	4.30e-40	174
CFAV-Bangkok_Thailand_2015	SRA:SRX4590306.12130917.1	98.000	100	2	0	8947	9046	1	100	4.30e-40	174
CFAV-Bangkok_Thailand_2015	SRA:SRX4590306.11564905.1	98.000	100	2	0	4906	5005	2	101	4.30e-40	174
CFAV-Bangkok_Thailand_2015	SRA:SRX4590306.22593658.1	98.958	96	1	0	4927	5022	1	96	1.55e-39	172
CFAV-Bangkok_Thailand_2015	SRA:SRX4590306.15568431.1	100.000	93	0	0	10393	10485	1	93	1.55e-39	172
CFAV-Bangkok_Thailand_2015	SRA:SRX4590306.10903711.1	97.980	99	2	0	439	537	3	101	1.55e-39	172
CFAV-Bangkok_Thailand_2015	SRA:SRX4590306.7287125.1	100.000	93	0	0	10393	10485	1	93	1.55e-39	172
CFAV-Bangkok_Thailand_2015	SRA:SRX4590306.4108871.1	98.958	96	1	0	2	97	6	101	1.55e-39	172
CFAV-Bangkok_Thailand_2015	SRA:SRX4590306.19496754.1	97.030	101	3	0	9872	9972	1	101	5.56e-39	171
CFAV-Bangkok_Thailand_2015	SRA:SRX4590306.12597030.1	97.980	99	1	1	9170	9267	3	101	5.56e-39	171
CFAV-Bangkok_Thailand_2015	SRA:SRX4590306.11279510.1	98.947	95	1	0	4928	5022	1	95	5.56e-39	171
CFAV-Bangkok_Thailand_2015	SRA:SRX4590306.9284061.1	97.030	101	3	0	4848	4948	1	101	5.56e-39	171
CFAV-Bangkok_Thailand_2015	SRA:SRX4590306.2669196.1	97.030	101	3	0	4919	5019	1	101	5.56e-39	171
CFAV-Bangkok_Thailand_2015	SRA:SRX4590306.19402759.1	98.936	94	1	0	8523	8616	1	94	2.00e-38	169
CFAV-Bangkok_Thailand_2015	SRA:SRX4590306.7751414.1	98.936	94	1	0	8523	8616	1	94	2.00e-38	169
CFAV-Bangkok_Thailand_2015	SRA:SRX4590306.5381954.1	100.000	91	0	0	6433	6523	93	3	2.00e-38	169
CFAV-Bangkok_Thailand_2015	SRA:SRX4590306.19351280.1	100.000	90	0	0	1	90	12	101	7.19e-38	167
CFAV-Bangkok_Thailand_2015	SRA:SRX4590306.15418959.1	98.925	93	1	0	4803	4895	6	98	7.19e-38	167
CFAV-Bangkok_Thailand_2015	SRA:SRX4590306.8916747.1	100.000	90	0	0	1	90	12	101	7.19e-38	167
CFAV-Bangkok_Thailand_2015	SRA:SRX4590306.690046.1	97.917	96	2	0	4849	4944	6	101	7.19e-38	167
CFAV-Bangkok_Thailand_2015	SRA:SRX4590306.18269211.1	96.939	98	3	0	4890	4987	4	101	2.59e-37	165
CFAV-Bangkok_Thailand_2015	SRA:SRX4590306.8269017.1	97.895	95	2	0	4897	4991	7	101	2.59e-37	165
CFAV-Bangkok_Thailand_2015	SRA:SRX4590306.2979445.1	97.895	95	2	0	4897	4991	7	101	2.59e-37	165
CFAV-Bangkok_Thailand_2015	SRA:SRX4590306.19295595.1	97.872	94	2	0	89	182	1	94	9.30e-37	163
CFAV-Bangkok_Thailand_2015	SRA:SRX4590306.4042093.1	98.876	89	1	0	6167	6255	3	91	1.20e-35	159
CFAV-Bangkok_Thailand_2015	SRA:SRX4590306.17702175.1	100.000	84	0	0	14	97	4	87	1.56e-34	156
CFAV-Bangkok_Thailand_2015	SRA:SRX4590306.8644220.1	100.000	82	0	0	8535	8616	3	84	2.01e-33	152
CFAV-Bangkok_Thailand_2015	SRA:SRX4590306.18618136.1	96.703	91	2	1	7659	7749	1	90	7.24e-33	150
CFAV-Bangkok_Thailand_2015	SRA:SRX4590306.15952753.1	96.667	90	3	0	10525	10614	1	90	7.24e-33	150
CFAV-Bangkok_Thailand_2015	SRA:SRX4590306.9554879.1	96.667	90	3	0	10525	10614	1	90	7.24e-33	150
CFAV-Bangkok_Thailand_2015	SRA:SRX4590306.2950398.1	100.000	79	0	0	15	93	4	82	9.37e-32	147
CFAV-Bangkok_Thailand_2015	SRA:SRX4590306.843082.1	98.750	80	1	0	4943	5022	1	80	1.21e-30	143
CFAV-Bangkok_Thailand_2015	SRA:SRX4590306.18303475.1	98.718	78	1	0	4945	5022	4	81	1.57e-29	139
CFAV-Bangkok_Thailand_2015	SRA:SRX4590306.9242958.1	98.718	78	1	0	4945	5022	4	81	1.57e-29	139
CFAV-Bangkok_Thailand_2015	SRA:SRX4590306.7016318.1	98.718	78	1	0	4945	5022	5	82	1.57e-29	139
CFAV-Bangkok_Thailand_2015	SRA:SRX4590306.20037975.1	100.000	74	0	0	2813	2886	1	74	5.64e-29	137
CFAV-Bangkok_Thailand_2015	SRA:SRX4590306.20037975.1	100.000	30	0	0	2680	2709	72	101	1.62e-04	56.5
CFAV-Bangkok_Thailand_2015	SRA:SRX4590306.2990043.1	100.000	74	0	0	2813	2886	1	74	5.64e-29	137
CFAV-Bangkok_Thailand_2015	SRA:SRX4590306.2990043.1	100.000	30	0	0	2680	2709	72	101	1.62e-04	56.5
CFAV-Bangkok_Thailand_2015	SRA:SRX4590306.22845218.1	98.684	76	1	0	4947	5022	2	77	2.03e-28	135
CFAV-Bangkok_Thailand_2015	SRA:SRX4590306.19133849.1	97.436	78	2	0	4941	5018	5	82	7.29e-28	134
CFAV-Bangkok_Thailand_2015	SRA:SRX4590306.9731359.1	97.436	78	1	1	4946	5022	1	78	2.62e-27	132
CFAV-Bangkok_Thailand_2015	SRA:SRX4590306.14017492.1	97.368	76	2	0	4947	5022	2	77	9.43e-27	130
CFAV-Bangkok_Thailand_2015	SRA:SRX4590306.13880149.1	97.368	76	2	0	4947	5022	2	77	9.43e-27	130
CFAV-Bangkok_Thailand_2015	SRA:SRX4590306.11234017.1	97.368	76	2	0	4947	5022	2	77	9.43e-27	130
CFAV-Bangkok_Thailand_2015	SRA:SRX4590306.8033544.1	100.000	70	0	0	5092	5161	3	72	9.43e-27	130
CFAV-Bangkok_Thailand_2015	SRA:SRX4590306.8033544.1	100.000	31	0	0	4990	5020	71	101	4.52e-05	58.4
CFAV-Bangkok_Thailand_2015	SRA:SRX4590306.2803634.1	97.403	77	1	1	112	188	1	76	9.43e-27	130
CFAV-Bangkok_Thailand_2015	SRA:SRX4590306.1349054.1	97.368	76	2	0	4947	5022	2	77	9.43e-27	130
CFAV-Bangkok_Thailand_2015	SRA:SRX4590306.16633436.1	100.000	69	0	0	8727	8795	1	69	3.39e-26	128
CFAV-Bangkok_Thailand_2015	SRA:SRX4590306.12290693.1	98.485	66	1	0	678	743	3	68	7.34e-23	117
CFAV-Bangkok_Thailand_2015	SRA:SRX4590306.1188368.1	100.000	62	0	0	7484	7545	7	68	2.64e-22	115
CFAV-Bangkok_Thailand_2015	SRA:SRX4590306.4262350.1	100.000	61	0	0	37	97	1	61	9.50e-22	113
CFAV-Bangkok_Thailand_2015	SRA:SRX4590306.8462086.1	100.000	60	0	0	38	97	1	60	3.42e-21	111
CFAV-Bangkok_Thailand_2015	SRA:SRX4590306.6044045.1	98.413	63	1	0	109	171	3	65	3.42e-21	111
CFAV-Bangkok_Thailand_2015	SRA:SRX4590306.14426523.1	100.000	52	0	0	2811	2862	1	52	9.57e-17	97.1
CFAV-Bangkok_Thailand_2015	SRA:SRX4590306.5140521.1	100.000	52	0	0	2811	2862	1	52	9.57e-17	97.1
CFAV-Bangkok_Thailand_2015	SRA:SRX4590306.1923280.1	98.039	51	1	0	4972	5022	2	52	1.60e-14	89.8
CFAV-Bangkok_Thailand_2015	SRA:SRX4590306.21148719.1	97.959	49	1	0	4974	5022	3	51	2.07e-13	86.1
CFAV-Bangkok_Thailand_2015	SRA:SRX4590306.20774696.1	97.561	41	1	0	10393	10433	1	41	5.80e-09	71.3
CFAV-Bangkok_Thailand_2015	SRA:SRX4590306.19938679.1	95.455	44	1	1	7660	7703	1	43	2.09e-08	69.4
NC_001564	SRA:SRX4590306.20632428.1	99.010	101	1	0	7348	7448	1	101	2.57e-42	182
NC_001564	SRA:SRX4590306.19554445.1	99.010	101	1	0	7660	7760	1	101	2.57e-42	182
NC_001564	SRA:SRX4590306.19121223.1	99.010	101	1	0	7360	7460	1	101	2.57e-42	182
NC_001564	SRA:SRX4590306.18476309.1	99.010	101	1	0	9999	10099	1	101	2.57e-42	182
NC_001564	SRA:SRX4590306.8590088.1	99.010	101	1	0	7360	7460	1	101	2.57e-42	182
NC_001564	SRA:SRX4590306.4404546.1	99.010	101	1	0	4829	4929	1	101	2.57e-42	182
NC_001564	SRA:SRX4590306.4118924.1	99.010	101	1	0	9999	10099	1	101	2.57e-42	182
NC_001564	SRA:SRX4590306.21872973.1	98.020	101	2	0	10369	10469	1	101	1.20e-40	176
NC_001564	SRA:SRX4590306.21617826.1	98.020	101	2	0	279	379	1	101	1.20e-40	176
NC_001564	SRA:SRX4590306.20302452.1	98.020	101	2	0	8857	8957	1	101	1.20e-40	176
NC_001564	SRA:SRX4590306.13005313.1	98.020	101	2	0	9985	10085	1	101	1.20e-40	176
NC_001564	SRA:SRX4590306.12883368.1	98.020	101	2	0	8607	8707	1	101	1.20e-40	176
NC_001564	SRA:SRX4590306.12452665.1	98.020	101	2	0	8390	8490	1	101	1.20e-40	176
NC_001564	SRA:SRX4590306.12176324.1	98.020	101	2	0	7359	7459	1	101	1.20e-40	176
NC_001564	SRA:SRX4590306.11472498.1	98.020	101	2	0	8607	8707	1	101	1.20e-40	176
NC_001564	SRA:SRX4590306.4428913.1	98.020	101	2	0	7281	7381	1	101	1.20e-40	176
NC_001564	SRA:SRX4590306.3754491.1	98.020	101	2	0	8857	8957	1	101	1.20e-40	176
NC_001564	SRA:SRX4590306.17034079.1	98.969	97	1	0	791	887	5	101	4.31e-40	174
NC_001564	SRA:SRX4590306.15418959.1	98.958	96	1	0	4810	4905	6	101	1.55e-39	172
NC_001564	SRA:SRX4590306.15171470.1	97.980	99	2	0	4855	4953	1	99	1.55e-39	172
NC_001564	SRA:SRX4590306.11084052.1	97.980	99	2	0	8896	8994	2	100	1.55e-39	172
NC_001564	SRA:SRX4590306.7095274.1	97.980	99	2	0	8896	8994	2	100	1.55e-39	172
NC_001564	SRA:SRX4590306.20199583.1	97.030	101	3	0	4717	4817	1	101	5.57e-39	171
NC_001564	SRA:SRX4590306.17282190.1	97.030	101	3	0	4717	4817	1	101	5.57e-39	171
NC_001564	SRA:SRX4590306.5121198.1	97.059	102	2	1	798	899	1	101	5.57e-39	171
NC_001564	SRA:SRX4590306.22664790.1	97.917	96	2	0	5689	5784	1	96	7.21e-38	167
NC_001564	SRA:SRX4590306.22085820.1	97.000	100	2	1	9972	10071	3	101	7.21e-38	167
NC_001564	SRA:SRX4590306.17904459.1	97.000	100	2	1	9972	10071	3	101	7.21e-38	167
NC_001564	SRA:SRX4590306.13460427.1	96.970	99	3	0	308	406	3	101	7.21e-38	167
NC_001564	SRA:SRX4590306.12682546.1	96.970	99	3	0	308	406	3	101	7.21e-38	167
NC_001564	SRA:SRX4590306.11996392.1	98.925	93	1	0	293	385	6	98	7.21e-38	167
NC_001564	SRA:SRX4590306.9284061.1	96.970	99	3	0	4855	4953	1	99	7.21e-38	167
NC_001564	SRA:SRX4590306.5099910.1	96.970	99	3	0	8656	8754	3	101	7.21e-38	167
NC_001564	SRA:SRX4590306.4804334.1	97.917	96	2	0	9977	10072	6	101	7.21e-38	167
NC_001564	SRA:SRX4590306.690046.1	97.917	96	2	0	4856	4951	6	101	7.21e-38	167
NC_001564	SRA:SRX4590306.22138129.1	96.040	101	4	0	4926	5026	1	101	2.59e-37	165
NC_001564	SRA:SRX4590306.21484196.1	96.040	101	4	0	4	104	1	101	2.59e-37	165
NC_001564	SRA:SRX4590306.19941614.1	96.040	101	4	0	4	104	1	101	2.59e-37	165
NC_001564	SRA:SRX4590306.17809299.1	96.040	101	4	0	8654	8754	1	101	2.59e-37	165
NC_001564	SRA:SRX4590306.16902389.1	96.040	101	4	0	8670	8770	1	101	2.59e-37	165
NC_001564	SRA:SRX4590306.15652264.1	96.040	101	4	0	4926	5026	1	101	2.59e-37	165
NC_001564	SRA:SRX4590306.14607960.1	96.040	101	4	0	3197	3297	1	101	2.59e-37	165
NC_001564	SRA:SRX4590306.13820776.1	96.040	101	4	0	3	103	1	101	2.59e-37	165
NC_001564	SRA:SRX4590306.13020672.1	96.040	101	4	0	4903	5003	1	101	2.59e-37	165
NC_001564	SRA:SRX4590306.6021203.1	96.040	101	4	0	8670	8770	1	101	2.59e-37	165
NC_001564	SRA:SRX4590306.4832138.1	96.939	98	3	0	8687	8784	4	101	2.59e-37	165
NC_001564	SRA:SRX4590306.4787835.1	96.040	101	4	0	4891	4991	1	101	2.59e-37	165
NC_001564	SRA:SRX4590306.4084427.1	96.040	101	4	0	4903	5003	1	101	2.59e-37	165
NC_001564	SRA:SRX4590306.2539137.1	96.040	101	4	0	4913	5013	1	101	2.59e-37	165
NC_001564	SRA:SRX4590306.21065326.1	96.907	97	3	0	8687	8783	5	101	9.32e-37	163
NC_001564	SRA:SRX4590306.16418725.1	96.000	100	4	0	5	104	1	100	9.32e-37	163
NC_001564	SRA:SRX4590306.4715888.1	96.000	100	4	0	4927	5026	2	101	9.32e-37	163
NC_001564	SRA:SRX4590306.4351258.1	96.000	100	4	0	8676	8775	2	101	9.32e-37	163
NC_001564	SRA:SRX4590306.4190074.1	96.000	100	4	0	9140	9239	2	101	9.32e-37	163
NC_001564	SRA:SRX4590306.2831686.1	96.907	97	3	0	8687	8783	5	101	9.32e-37	163
NC_001564	SRA:SRX4590306.2359780.1	96.000	100	4	0	8676	8775	2	101	9.32e-37	163
NC_001564	SRA:SRX4590306.20822826.1	95.960	99	4	0	446	544	3	101	3.35e-36	161
NC_001564	SRA:SRX4590306.20065399.1	95.960	99	4	0	4903	5001	3	101	3.35e-36	161
NC_001564	SRA:SRX4590306.15568431.1	97.849	93	2	0	10400	10492	1	93	3.35e-36	161
NC_001564	SRA:SRX4590306.14665436.1	95.960	99	4	0	6	104	3	101	3.35e-36	161
NC_001564	SRA:SRX4590306.13441030.1	95.960	99	4	0	6	104	3	101	3.35e-36	161
NC_001564	SRA:SRX4590306.11309885.1	95.960	99	4	0	6	104	3	101	3.35e-36	161
NC_001564	SRA:SRX4590306.10490520.1	95.960	99	4	0	446	544	3	101	3.35e-36	161
NC_001564	SRA:SRX4590306.7287125.1	97.849	93	2	0	10400	10492	1	93	3.35e-36	161
NC_001564	SRA:SRX4590306.5865382.1	95.960	99	4	0	446	544	3	101	3.35e-36	161
NC_001564	SRA:SRX4590306.20928649.1	95.050	101	5	0	4917	5017	1	101	1.21e-35	159
NC_001564	SRA:SRX4590306.19689067.1	96.842	95	3	0	8688	8782	7	101	1.21e-35	159
NC_001564	SRA:SRX4590306.19460656.1	95.050	101	5	0	8538	8638	1	101	1.21e-35	159
NC_001564	SRA:SRX4590306.17183897.1	95.050	101	5	0	9865	9965	1	101	1.21e-35	159
NC_001564	SRA:SRX4590306.15735805.1	95.050	101	5	0	8681	8781	1	101	1.21e-35	159
NC_001564	SRA:SRX4590306.14398263.1	95.050	101	5	0	4926	5026	1	101	1.21e-35	159
NC_001564	SRA:SRX4590306.10631904.1	95.050	101	5	0	9901	10001	1	101	1.21e-35	159
NC_001564	SRA:SRX4590306.8324615.1	95.050	101	5	0	9865	9965	1	101	1.21e-35	159
NC_001564	SRA:SRX4590306.2969666.1	95.050	101	5	0	8538	8638	1	101	1.21e-35	159
NC_001564	SRA:SRX4590306.19351280.1	95.876	97	4	0	1	97	5	101	4.34e-35	158
NC_001564	SRA:SRX4590306.16719846.1	96.809	94	3	0	8687	8780	8	101	4.34e-35	158
NC_001564	SRA:SRX4590306.12699351.1	95.876	97	4	0	7	103	5	101	4.34e-35	158
NC_001564	SRA:SRX4590306.11564905.1	95.000	100	5	0	4913	5012	2	101	4.34e-35	158
NC_001564	SRA:SRX4590306.8916747.1	95.876	97	4	0	1	97	5	101	4.34e-35	158
NC_001564	SRA:SRX4590306.6904138.1	95.000	100	5	0	9870	9969	1	100	4.34e-35	158
NC_001564	SRA:SRX4590306.4294112.1	95.876	97	4	0	7	103	5	101	4.34e-35	158
NC_001564	SRA:SRX4590306.3347369.1	95.876	97	4	0	7	103	5	101	4.34e-35	158
NC_001564	SRA:SRX4590306.15705175.1	95.000	100	4	1	5	103	2	101	1.56e-34	156
NC_001564	SRA:SRX4590306.10903711.1	94.949	99	5	0	446	544	3	101	1.56e-34	156
NC_001564	SRA:SRX4590306.22593658.1	95.789	95	4	0	4934	5028	1	95	5.61e-34	154
NC_001564	SRA:SRX4590306.18269211.1	94.898	98	5	0	4897	4994	4	101	5.61e-34	154
NC_001564	SRA:SRX4590306.12597030.1	94.949	99	4	1	9177	9274	3	101	5.61e-34	154
NC_001564	SRA:SRX4590306.11279510.1	96.739	92	3	0	4937	5028	3	94	5.61e-34	154
NC_001564	SRA:SRX4590306.2669196.1	94.059	101	6	0	4926	5026	1	101	5.61e-34	154
NC_001564	SRA:SRX4590306.856699.1	94.059	101	6	0	8554	8654	1	101	5.61e-34	154
NC_001564	SRA:SRX4590306.5381954.1	96.703	91	3	0	6440	6530	93	3	2.02e-33	152
NC_001564	SRA:SRX4590306.4108871.1	96.703	91	3	0	14	104	11	101	2.02e-33	152
NC_001564	SRA:SRX4590306.18618136.1	96.703	91	2	1	7666	7756	1	90	7.26e-33	150
NC_001564	SRA:SRX4590306.15952753.1	96.667	90	3	0	10532	10621	1	90	7.26e-33	150
NC_001564	SRA:SRX4590306.9554879.1	96.667	90	3	0	10532	10621	1	90	7.26e-33	150
NC_001564	SRA:SRX4590306.8269017.1	93.939	99	6	0	4900	4998	3	101	7.26e-33	150
NC_001564	SRA:SRX4590306.3392520.1	93.939	99	6	0	610	708	3	101	7.26e-33	150
NC_001564	SRA:SRX4590306.2979445.1	93.939	99	6	0	4900	4998	3	101	7.26e-33	150
NC_001564	SRA:SRX4590306.19496754.1	93.069	101	7	0	9879	9979	1	101	2.61e-32	148
NC_001564	SRA:SRX4590306.8176323.1	93.069	101	7	0	1522	1622	1	101	2.61e-32	148
NC_001564	SRA:SRX4590306.170366.1	93.069	101	7	0	1522	1622	1	101	2.61e-32	148
NC_001564	SRA:SRX4590306.17702175.1	96.429	84	3	0	21	104	4	87	1.57e-29	139
NC_001564	SRA:SRX4590306.19402759.1	92.553	94	7	0	8530	8623	1	94	2.03e-28	135
NC_001564	SRA:SRX4590306.19295595.1	92.553	94	7	0	96	189	1	94	2.03e-28	135
NC_001564	SRA:SRX4590306.7751414.1	92.553	94	7	0	8530	8623	1	94	2.03e-28	135
NC_001564	SRA:SRX4590306.2950398.1	96.203	79	3	0	22	100	4	82	9.45e-27	130
NC_001564	SRA:SRX4590306.843082.1	96.203	79	3	0	4950	5028	1	79	9.45e-27	130
NC_001564	SRA:SRX4590306.22845218.1	97.297	74	2	0	4955	5028	3	76	1.22e-25	126
NC_001564	SRA:SRX4590306.18303475.1	96.104	77	3	0	4952	5028	4	80	1.22e-25	126
NC_001564	SRA:SRX4590306.9242958.1	96.104	77	3	0	4952	5028	4	80	1.22e-25	126
NC_001564	SRA:SRX4590306.7016318.1	96.104	77	3	0	4952	5028	5	81	1.22e-25	126
NC_001564	SRA:SRX4590306.19133849.1	94.872	78	4	0	4948	5025	5	82	1.58e-24	122
NC_001564	SRA:SRX4590306.9731359.1	97.222	72	2	0	4957	5028	6	77	1.58e-24	122
NC_001564	SRA:SRX4590306.20037975.1	95.946	74	3	0	2820	2893	1	74	5.69e-24	121
NC_001564	SRA:SRX4590306.14017492.1	97.183	71	2	0	4955	5025	3	73	5.69e-24	121
NC_001564	SRA:SRX4590306.13880149.1	95.946	74	3	0	4955	5028	3	76	5.69e-24	121
NC_001564	SRA:SRX4590306.11234017.1	95.946	74	3	0	4955	5028	3	76	5.69e-24	121
NC_001564	SRA:SRX4590306.2990043.1	95.946	74	3	0	2820	2893	1	74	5.69e-24	121
NC_001564	SRA:SRX4590306.1349054.1	95.946	74	3	0	4955	5028	3	76	5.69e-24	121
NC_001564	SRA:SRX4590306.8644220.1	92.683	82	6	0	8542	8623	3	84	2.05e-23	119
NC_001564	SRA:SRX4590306.8033544.1	97.015	67	2	0	5099	5165	3	69	9.52e-22	113
NC_001564	SRA:SRX4590306.8033544.1	100.000	31	0	0	4997	5027	71	101	4.53e-05	58.4
NC_001564	SRA:SRX4590306.1188368.1	95.588	68	3	0	7485	7552	1	68	1.23e-20	110
NC_001564	SRA:SRX4590306.16633436.1	94.203	69	4	0	8734	8802	1	69	1.59e-19	106
NC_001564	SRA:SRX4590306.12290693.1	92.958	71	5	0	686	756	4	74	5.73e-19	104
NC_001564	SRA:SRX4590306.4262350.1	96.721	61	2	0	44	104	1	61	2.06e-18	102
NC_001564	SRA:SRX4590306.2803634.1	90.909	77	6	1	119	195	1	76	2.06e-18	102
NC_001564	SRA:SRX4590306.8462086.1	96.667	60	2	0	45	104	1	60	7.41e-18	100
NC_001564	SRA:SRX4590306.1923280.1	98.000	50	1	0	4979	5028	2	51	5.77e-14	87.9
NC_001564	SRA:SRX4590306.14426523.1	96.154	52	2	0	2818	2869	1	52	2.08e-13	86.1
NC_001564	SRA:SRX4590306.5140521.1	96.154	52	2	0	2818	2869	1	52	2.08e-13	86.1
NC_001564	SRA:SRX4590306.21148719.1	97.917	48	1	0	4981	5028	3	50	7.47e-13	84.2
NC_001564	SRA:SRX4590306.20774696.1	97.561	41	1	0	10400	10440	1	41	5.81e-09	71.3
NC_001564	SRA:SRX4590306.19938679.1	95.455	44	1	1	7667	7710	1	43	2.09e-08	69.4
CFAV-Cairns_Australia_2014	SRA:SRX4590306.20632428.1	100.000	101	0	0	7347	7447	1	101	5.53e-44	187
CFAV-Cairns_Australia_2014	SRA:SRX4590306.19121223.1	100.000	101	0	0	7359	7459	1	101	5.53e-44	187
CFAV-Cairns_Australia_2014	SRA:SRX4590306.8590088.1	100.000	101	0	0	7359	7459	1	101	5.53e-44	187
CFAV-Cairns_Australia_2014	SRA:SRX4590306.12176324.1	99.010	101	1	0	7358	7458	1	101	2.57e-42	182
CFAV-Cairns_Australia_2014	SRA:SRX4590306.21872973.1	98.020	101	2	0	10368	10468	1	101	1.20e-40	176
CFAV-Cairns_Australia_2014	SRA:SRX4590306.19554445.1	98.020	101	2	0	7659	7759	1	101	1.20e-40	176
CFAV-Cairns_Australia_2014	SRA:SRX4590306.18476309.1	98.020	101	2	0	9998	10098	1	101	1.20e-40	176
CFAV-Cairns_Australia_2014	SRA:SRX4590306.14607960.1	98.020	101	2	0	3196	3296	1	101	1.20e-40	176
CFAV-Cairns_Australia_2014	SRA:SRX4590306.8176323.1	98.020	101	2	0	1521	1621	1	101	1.20e-40	176
CFAV-Cairns_Australia_2014	SRA:SRX4590306.4428913.1	98.020	101	2	0	7280	7380	1	101	1.20e-40	176
CFAV-Cairns_Australia_2014	SRA:SRX4590306.4404546.1	98.020	101	2	0	4828	4928	1	101	1.20e-40	176
CFAV-Cairns_Australia_2014	SRA:SRX4590306.4118924.1	98.020	101	2	0	9998	10098	1	101	1.20e-40	176
CFAV-Cairns_Australia_2014	SRA:SRX4590306.170366.1	98.020	101	2	0	1521	1621	1	101	1.20e-40	176
CFAV-Cairns_Australia_2014	SRA:SRX4590306.17034079.1	98.969	97	1	0	790	886	5	101	4.31e-40	174
CFAV-Cairns_Australia_2014	SRA:SRX4590306.20199583.1	97.030	101	3	0	4716	4816	1	101	5.57e-39	171
CFAV-Cairns_Australia_2014	SRA:SRX4590306.17282190.1	97.030	101	3	0	4716	4816	1	101	5.57e-39	171
CFAV-Cairns_Australia_2014	SRA:SRX4590306.13005313.1	97.959	98	2	0	9987	10084	4	101	5.57e-39	171
CFAV-Cairns_Australia_2014	SRA:SRX4590306.5121198.1	97.059	102	2	1	797	898	1	101	5.57e-39	171
CFAV-Cairns_Australia_2014	SRA:SRX4590306.4190074.1	97.000	100	3	0	9139	9238	2	101	2.00e-38	169
CFAV-Cairns_Australia_2014	SRA:SRX4590306.20822826.1	96.970	99	3	0	445	543	3	101	7.21e-38	167
CFAV-Cairns_Australia_2014	SRA:SRX4590306.15568431.1	98.925	93	1	0	10399	10491	1	93	7.21e-38	167
CFAV-Cairns_Australia_2014	SRA:SRX4590306.15418959.1	97.917	96	2	0	4809	4904	6	101	7.21e-38	167
CFAV-Cairns_Australia_2014	SRA:SRX4590306.15171470.1	96.970	99	3	0	4854	4952	1	99	7.21e-38	167
CFAV-Cairns_Australia_2014	SRA:SRX4590306.13460427.1	96.970	99	3	0	307	405	3	101	7.21e-38	167
CFAV-Cairns_Australia_2014	SRA:SRX4590306.12682546.1	96.970	99	3	0	307	405	3	101	7.21e-38	167
CFAV-Cairns_Australia_2014	SRA:SRX4590306.11084052.1	96.970	99	3	0	8895	8993	2	100	7.21e-38	167
CFAV-Cairns_Australia_2014	SRA:SRX4590306.10490520.1	96.970	99	3	0	445	543	3	101	7.21e-38	167
CFAV-Cairns_Australia_2014	SRA:SRX4590306.7287125.1	98.925	93	1	0	10399	10491	1	93	7.21e-38	167
CFAV-Cairns_Australia_2014	SRA:SRX4590306.7095274.1	96.970	99	3	0	8895	8993	2	100	7.21e-38	167
CFAV-Cairns_Australia_2014	SRA:SRX4590306.5865382.1	96.970	99	3	0	445	543	3	101	7.21e-38	167
CFAV-Cairns_Australia_2014	SRA:SRX4590306.21617826.1	96.040	101	4	0	278	378	1	101	2.59e-37	165
CFAV-Cairns_Australia_2014	SRA:SRX4590306.21484196.1	96.040	101	4	0	3	103	1	101	2.59e-37	165
CFAV-Cairns_Australia_2014	SRA:SRX4590306.20302452.1	96.040	101	4	0	8856	8956	1	101	2.59e-37	165
CFAV-Cairns_Australia_2014	SRA:SRX4590306.19941614.1	96.040	101	4	0	3	103	1	101	2.59e-37	165
CFAV-Cairns_Australia_2014	SRA:SRX4590306.17183897.1	96.040	101	4	0	9864	9964	1	101	2.59e-37	165
CFAV-Cairns_Australia_2014	SRA:SRX4590306.13820776.1	96.040	101	4	0	2	102	1	101	2.59e-37	165
CFAV-Cairns_Australia_2014	SRA:SRX4590306.12452665.1	96.040	101	4	0	8389	8489	1	101	2.59e-37	165
CFAV-Cairns_Australia_2014	SRA:SRX4590306.11996392.1	97.895	95	2	0	293	387	7	101	2.59e-37	165
CFAV-Cairns_Australia_2014	SRA:SRX4590306.8324615.1	96.040	101	4	0	9864	9964	1	101	2.59e-37	165
CFAV-Cairns_Australia_2014	SRA:SRX4590306.3754491.1	96.040	101	4	0	8856	8956	1	101	2.59e-37	165
CFAV-Cairns_Australia_2014	SRA:SRX4590306.16418725.1	96.000	100	4	0	4	103	1	100	9.32e-37	163
CFAV-Cairns_Australia_2014	SRA:SRX4590306.6904138.1	96.000	100	4	0	9869	9968	1	100	9.32e-37	163
CFAV-Cairns_Australia_2014	SRA:SRX4590306.14665436.1	95.960	99	4	0	5	103	3	101	3.35e-36	161
CFAV-Cairns_Australia_2014	SRA:SRX4590306.13441030.1	95.960	99	4	0	5	103	3	101	3.35e-36	161
CFAV-Cairns_Australia_2014	SRA:SRX4590306.11309885.1	95.960	99	4	0	5	103	3	101	3.35e-36	161
CFAV-Cairns_Australia_2014	SRA:SRX4590306.10903711.1	95.960	99	4	0	445	543	3	101	3.35e-36	161
CFAV-Cairns_Australia_2014	SRA:SRX4590306.9284061.1	95.960	99	4	0	4854	4952	1	99	3.35e-36	161
CFAV-Cairns_Australia_2014	SRA:SRX4590306.3392520.1	95.960	99	4	0	609	707	3	101	3.35e-36	161
CFAV-Cairns_Australia_2014	SRA:SRX4590306.690046.1	96.875	96	3	0	4855	4950	6	101	3.35e-36	161
CFAV-Cairns_Australia_2014	SRA:SRX4590306.12699351.1	95.876	97	4	0	6	102	5	101	4.34e-35	158
CFAV-Cairns_Australia_2014	SRA:SRX4590306.4294112.1	95.876	97	4	0	6	102	5	101	4.34e-35	158
CFAV-Cairns_Australia_2014	SRA:SRX4590306.3347369.1	95.876	97	4	0	6	102	5	101	4.34e-35	158
CFAV-Cairns_Australia_2014	SRA:SRX4590306.22664790.1	95.833	96	4	0	5688	5783	1	96	1.56e-34	156
CFAV-Cairns_Australia_2014	SRA:SRX4590306.22085820.1	95.000	100	4	1	9971	10070	3	101	1.56e-34	156
CFAV-Cairns_Australia_2014	SRA:SRX4590306.19351280.1	95.833	96	4	0	1	96	6	101	1.56e-34	156
CFAV-Cairns_Australia_2014	SRA:SRX4590306.17904459.1	95.000	100	4	1	9971	10070	3	101	1.56e-34	156
CFAV-Cairns_Australia_2014	SRA:SRX4590306.15705175.1	95.000	100	4	1	4	102	2	101	1.56e-34	156
CFAV-Cairns_Australia_2014	SRA:SRX4590306.8916747.1	95.833	96	4	0	1	96	6	101	1.56e-34	156
CFAV-Cairns_Australia_2014	SRA:SRX4590306.4804334.1	95.833	96	4	0	9976	10071	6	101	1.56e-34	156
CFAV-Cairns_Australia_2014	SRA:SRX4590306.22138129.1	94.059	101	6	0	4925	5025	1	101	5.61e-34	154
CFAV-Cairns_Australia_2014	SRA:SRX4590306.19496754.1	94.059	101	6	0	9878	9978	1	101	5.61e-34	154
CFAV-Cairns_Australia_2014	SRA:SRX4590306.15652264.1	94.059	101	6	0	4925	5025	1	101	5.61e-34	154
CFAV-Cairns_Australia_2014	SRA:SRX4590306.13020672.1	94.059	101	6	0	4902	5002	1	101	5.61e-34	154
CFAV-Cairns_Australia_2014	SRA:SRX4590306.12597030.1	94.949	99	4	1	9176	9273	3	101	5.61e-34	154
CFAV-Cairns_Australia_2014	SRA:SRX4590306.10631904.1	94.059	101	6	0	9900	10000	1	101	5.61e-34	154
CFAV-Cairns_Australia_2014	SRA:SRX4590306.4084427.1	94.059	101	6	0	4902	5002	1	101	5.61e-34	154
CFAV-Cairns_Australia_2014	SRA:SRX4590306.4787835.1	94.000	100	6	0	4890	4989	1	100	2.02e-33	152
CFAV-Cairns_Australia_2014	SRA:SRX4590306.4715888.1	94.000	100	6	0	4926	5025	2	101	2.02e-33	152
CFAV-Cairns_Australia_2014	SRA:SRX4590306.4108871.1	96.703	91	3	0	13	103	11	101	2.02e-33	152
CFAV-Cairns_Australia_2014	SRA:SRX4590306.20065399.1	93.939	99	6	0	4902	5000	3	101	7.26e-33	150
CFAV-Cairns_Australia_2014	SRA:SRX4590306.15952753.1	96.667	90	3	0	10531	10620	1	90	7.26e-33	150
CFAV-Cairns_Australia_2014	SRA:SRX4590306.9554879.1	96.667	90	3	0	10531	10620	1	90	7.26e-33	150
CFAV-Cairns_Australia_2014	SRA:SRX4590306.9415144.1	93.939	99	6	0	200	298	3	101	7.26e-33	150
CFAV-Cairns_Australia_2014	SRA:SRX4590306.14398263.1	93.069	101	7	0	4925	5025	1	101	2.61e-32	148
CFAV-Cairns_Australia_2014	SRA:SRX4590306.18618136.1	95.652	92	2	2	7665	7755	1	91	9.39e-32	147
CFAV-Cairns_Australia_2014	SRA:SRX4590306.5381954.1	95.604	91	4	0	6439	6529	93	3	9.39e-32	147
CFAV-Cairns_Australia_2014	SRA:SRX4590306.22593658.1	93.750	96	6	0	4933	5028	1	96	3.38e-31	145
CFAV-Cairns_Australia_2014	SRA:SRX4590306.11279510.1	94.624	93	5	0	4936	5028	3	95	3.38e-31	145
CFAV-Cairns_Australia_2014	SRA:SRX4590306.18269211.1	92.157	102	7	1	4892	4993	1	101	1.21e-30	143
CFAV-Cairns_Australia_2014	SRA:SRX4590306.2669196.1	92.079	101	8	0	4925	5025	1	101	1.21e-30	143
CFAV-Cairns_Australia_2014	SRA:SRX4590306.17702175.1	96.429	84	3	0	20	103	4	87	1.57e-29	139
CFAV-Cairns_Australia_2014	SRA:SRX4590306.8269017.1	91.919	99	8	0	4899	4997	3	101	1.57e-29	139
CFAV-Cairns_Australia_2014	SRA:SRX4590306.2979445.1	91.919	99	8	0	4899	4997	3	101	1.57e-29	139
CFAV-Cairns_Australia_2014	SRA:SRX4590306.2950398.1	96.203	79	3	0	21	99	4	82	9.46e-27	130
CFAV-Cairns_Australia_2014	SRA:SRX4590306.20037975.1	97.297	74	2	0	2819	2892	1	74	1.22e-25	126
CFAV-Cairns_Australia_2014	SRA:SRX4590306.2990043.1	97.297	74	2	0	2819	2892	1	74	1.22e-25	126
CFAV-Cairns_Australia_2014	SRA:SRX4590306.12290693.1	97.222	72	2	0	684	755	3	74	1.58e-24	122
CFAV-Cairns_Australia_2014	SRA:SRX4590306.843082.1	93.750	80	5	0	4949	5028	1	80	5.69e-24	121
CFAV-Cairns_Australia_2014	SRA:SRX4590306.8033544.1	98.507	67	1	0	5098	5164	3	69	2.05e-23	119
CFAV-Cairns_Australia_2014	SRA:SRX4590306.8033544.1	100.000	31	0	0	4996	5026	71	101	4.53e-05	58.4
CFAV-Cairns_Australia_2014	SRA:SRX4590306.22845218.1	94.667	75	4	0	4954	5028	3	77	7.36e-23	117
CFAV-Cairns_Australia_2014	SRA:SRX4590306.18303475.1	93.590	78	5	0	4951	5028	4	81	7.36e-23	117
CFAV-Cairns_Australia_2014	SRA:SRX4590306.9242958.1	93.590	78	5	0	4951	5028	4	81	7.36e-23	117
CFAV-Cairns_Australia_2014	SRA:SRX4590306.7016318.1	93.590	78	5	0	4951	5028	5	82	7.36e-23	117
CFAV-Cairns_Australia_2014	SRA:SRX4590306.9731359.1	94.521	73	4	0	4956	5028	6	78	9.52e-22	113
CFAV-Cairns_Australia_2014	SRA:SRX4590306.19133849.1	92.308	78	6	0	4947	5024	5	82	3.43e-21	111
CFAV-Cairns_Australia_2014	SRA:SRX4590306.14017492.1	93.333	75	5	0	4954	5028	3	77	3.43e-21	111
CFAV-Cairns_Australia_2014	SRA:SRX4590306.13880149.1	93.333	75	5	0	4954	5028	3	77	3.43e-21	111
CFAV-Cairns_Australia_2014	SRA:SRX4590306.11234017.1	93.333	75	5	0	4954	5028	3	77	3.43e-21	111
CFAV-Cairns_Australia_2014	SRA:SRX4590306.2803634.1	94.444	72	4	0	123	194	5	76	3.43e-21	111
CFAV-Cairns_Australia_2014	SRA:SRX4590306.1349054.1	93.333	75	5	0	4954	5028	3	77	3.43e-21	111
CFAV-Cairns_Australia_2014	SRA:SRX4590306.1188368.1	95.588	68	3	0	7484	7551	1	68	1.23e-20	110
CFAV-Cairns_Australia_2014	SRA:SRX4590306.4262350.1	96.721	61	2	0	43	103	1	61	2.06e-18	102
CFAV-Cairns_Australia_2014	SRA:SRX4590306.16633436.1	92.754	69	5	0	8733	8801	1	69	7.41e-18	100
CFAV-Cairns_Australia_2014	SRA:SRX4590306.8462086.1	96.667	60	2	0	44	103	1	60	7.41e-18	100
CFAV-Cairns_Australia_2014	SRA:SRX4590306.14426523.1	96.154	52	2	0	2817	2868	1	52	2.08e-13	86.1
CFAV-Cairns_Australia_2014	SRA:SRX4590306.5140521.1	96.154	52	2	0	2817	2868	1	52	2.08e-13	86.1
CFAV-Cairns_Australia_2014	SRA:SRX4590306.1923280.1	96.078	51	2	0	4978	5028	2	52	7.47e-13	84.2
CFAV-Cairns_Australia_2014	SRA:SRX4590306.21148719.1	95.918	49	2	0	4980	5028	3	51	9.66e-12	80.5
CFAV-Cairns_Australia_2014	SRA:SRX4590306.20774696.1	97.561	41	1	0	10399	10439	1	41	5.81e-09	71.3
CFAV-Cairns_Australia_2014	SRA:SRX4590306.19938679.1	95.455	44	1	1	7666	7709	1	43	2.09e-08	69.4
CFAV-Macapa2_Brazil_2017	SRA:SRX4590306.18476309.1	100.000	101	0	0	9999	10099	1	101	5.53e-44	187
CFAV-Macapa2_Brazil_2017	SRA:SRX4590306.4118924.1	100.000	101	0	0	9999	10099	1	101	5.53e-44	187
CFAV-Macapa2_Brazil_2017	SRA:SRX4590306.19554445.1	98.020	101	2	0	7660	7760	1	101	1.20e-40	176
CFAV-Macapa2_Brazil_2017	SRA:SRX4590306.13005313.1	98.020	101	2	0	9985	10085	1	101	1.20e-40	176
CFAV-Macapa2_Brazil_2017	SRA:SRX4590306.21872973.1	97.030	101	3	0	10369	10469	1	101	5.57e-39	171
CFAV-Macapa2_Brazil_2017	SRA:SRX4590306.14607960.1	97.030	101	3	0	3197	3297	1	101	5.57e-39	171
CFAV-Macapa2_Brazil_2017	SRA:SRX4590306.4804334.1	97.938	97	2	0	9976	10072	5	101	2.00e-38	169
CFAV-Macapa2_Brazil_2017	SRA:SRX4590306.4404546.1	97.000	100	3	0	4830	4929	2	101	2.00e-38	169
CFAV-Macapa2_Brazil_2017	SRA:SRX4590306.4190074.1	97.000	100	3	0	9140	9239	2	101	2.00e-38	169
CFAV-Macapa2_Brazil_2017	SRA:SRX4590306.22085820.1	97.000	100	2	1	9972	10071	3	101	7.21e-38	167
CFAV-Macapa2_Brazil_2017	SRA:SRX4590306.19121223.1	96.970	99	3	0	7360	7458	1	99	7.21e-38	167
CFAV-Macapa2_Brazil_2017	SRA:SRX4590306.17904459.1	97.000	100	2	1	9972	10071	3	101	7.21e-38	167
CFAV-Macapa2_Brazil_2017	SRA:SRX4590306.8590088.1	96.970	99	3	0	7360	7458	1	99	7.21e-38	167
CFAV-Macapa2_Brazil_2017	SRA:SRX4590306.21617826.1	96.040	101	4	0	279	379	1	101	2.59e-37	165
CFAV-Macapa2_Brazil_2017	SRA:SRX4590306.20632428.1	96.040	101	4	0	7348	7448	1	101	2.59e-37	165
CFAV-Macapa2_Brazil_2017	SRA:SRX4590306.20302452.1	96.040	101	4	0	8857	8957	1	101	2.59e-37	165
CFAV-Macapa2_Brazil_2017	SRA:SRX4590306.12452665.1	96.040	101	4	0	8390	8490	1	101	2.59e-37	165
CFAV-Macapa2_Brazil_2017	SRA:SRX4590306.3754491.1	96.040	101	4	0	8857	8957	1	101	2.59e-37	165
CFAV-Macapa2_Brazil_2017	SRA:SRX4590306.17034079.1	96.907	97	3	0	791	887	5	101	9.32e-37	163
CFAV-Macapa2_Brazil_2017	SRA:SRX4590306.12176324.1	96.000	100	4	0	7359	7458	1	100	9.32e-37	163
CFAV-Macapa2_Brazil_2017	SRA:SRX4590306.21237178.1	95.960	99	4	0	8948	9046	2	100	3.35e-36	161
CFAV-Macapa2_Brazil_2017	SRA:SRX4590306.15568431.1	97.849	93	2	0	10400	10492	1	93	3.35e-36	161
CFAV-Macapa2_Brazil_2017	SRA:SRX4590306.15171470.1	95.960	99	4	0	4855	4953	1	99	3.35e-36	161
CFAV-Macapa2_Brazil_2017	SRA:SRX4590306.11084052.1	95.960	99	4	0	8896	8994	2	100	3.35e-36	161
CFAV-Macapa2_Brazil_2017	SRA:SRX4590306.7287125.1	97.849	93	2	0	10400	10492	1	93	3.35e-36	161
CFAV-Macapa2_Brazil_2017	SRA:SRX4590306.7095274.1	95.960	99	4	0	8896	8994	2	100	3.35e-36	161
CFAV-Macapa2_Brazil_2017	SRA:SRX4590306.17183897.1	95.050	101	5	0	9865	9965	1	101	1.21e-35	159
CFAV-Macapa2_Brazil_2017	SRA:SRX4590306.8324615.1	95.050	101	5	0	9865	9965	1	101	1.21e-35	159
CFAV-Macapa2_Brazil_2017	SRA:SRX4590306.4428913.1	95.050	101	5	0	7281	7381	1	101	1.21e-35	159
CFAV-Macapa2_Brazil_2017	SRA:SRX4590306.22664790.1	95.833	96	4	0	5689	5784	1	96	1.56e-34	156
CFAV-Macapa2_Brazil_2017	SRA:SRX4590306.20199583.1	94.949	99	5	0	4717	4815	1	99	1.56e-34	156
CFAV-Macapa2_Brazil_2017	SRA:SRX4590306.17282190.1	94.949	99	5	0	4717	4815	1	99	1.56e-34	156
CFAV-Macapa2_Brazil_2017	SRA:SRX4590306.15418959.1	95.833	96	4	0	4810	4905	6	101	1.56e-34	156
CFAV-Macapa2_Brazil_2017	SRA:SRX4590306.9284061.1	94.949	99	5	0	4855	4953	1	99	1.56e-34	156
CFAV-Macapa2_Brazil_2017	SRA:SRX4590306.690046.1	95.833	96	4	0	4856	4951	6	101	1.56e-34	156
CFAV-Macapa2_Brazil_2017	SRA:SRX4590306.5121198.1	94.118	102	5	1	798	899	1	101	5.61e-34	154
CFAV-Macapa2_Brazil_2017	SRA:SRX4590306.21901578.1	94.000	100	6	0	8954	9053	1	100	2.02e-33	152
CFAV-Macapa2_Brazil_2017	SRA:SRX4590306.12130917.1	94.000	100	6	0	8954	9053	1	100	2.02e-33	152
CFAV-Macapa2_Brazil_2017	SRA:SRX4590306.6904138.1	94.000	100	6	0	9870	9969	1	100	2.02e-33	152
CFAV-Macapa2_Brazil_2017	SRA:SRX4590306.20822826.1	93.939	99	6	0	446	544	3	101	7.26e-33	150
CFAV-Macapa2_Brazil_2017	SRA:SRX4590306.15952753.1	96.667	90	3	0	10532	10621	1	90	7.26e-33	150
CFAV-Macapa2_Brazil_2017	SRA:SRX4590306.10490520.1	93.939	99	6	0	446	544	3	101	7.26e-33	150
CFAV-Macapa2_Brazil_2017	SRA:SRX4590306.9554879.1	96.667	90	3	0	10532	10621	1	90	7.26e-33	150
CFAV-Macapa2_Brazil_2017	SRA:SRX4590306.5865382.1	93.939	99	6	0	446	544	3	101	7.26e-33	150
CFAV-Macapa2_Brazil_2017	SRA:SRX4590306.12883368.1	93.069	101	7	0	8607	8707	1	101	2.61e-32	148
CFAV-Macapa2_Brazil_2017	SRA:SRX4590306.12597030.1	93.939	99	5	1	9177	9274	3	101	2.61e-32	148
CFAV-Macapa2_Brazil_2017	SRA:SRX4590306.11472498.1	93.069	101	7	0	8607	8707	1	101	2.61e-32	148
CFAV-Macapa2_Brazil_2017	SRA:SRX4590306.18618136.1	95.604	91	3	1	7666	7756	1	90	3.38e-31	145
CFAV-Macapa2_Brazil_2017	SRA:SRX4590306.10903711.1	92.929	99	7	0	446	544	3	101	3.38e-31	145
CFAV-Macapa2_Brazil_2017	SRA:SRX4590306.3392520.1	92.929	99	7	0	610	708	3	101	3.38e-31	145
CFAV-Macapa2_Brazil_2017	SRA:SRX4590306.856699.1	91.089	101	9	0	8554	8654	1	101	5.65e-29	137
CFAV-Macapa2_Brazil_2017	SRA:SRX4590306.20037975.1	97.297	74	2	0	2820	2893	1	74	1.22e-25	126
CFAV-Macapa2_Brazil_2017	SRA:SRX4590306.2990043.1	97.297	74	2	0	2820	2893	1	74	1.22e-25	126
CFAV-Macapa2_Brazil_2017	SRA:SRX4590306.12290693.1	94.444	72	4	0	685	756	3	74	3.43e-21	111
CFAV-Macapa2_Brazil_2017	SRA:SRX4590306.16633436.1	92.857	70	4	1	8734	8802	1	70	7.41e-18	100
CFAV-Macapa2_Brazil_2017	SRA:SRX4590306.17702175.1	87.952	83	10	0	20	102	3	85	2.67e-17	99.0
CFAV-Macapa2_Brazil_2017	SRA:SRX4590306.21484196.1	87.805	82	10	0	21	102	18	99	9.59e-17	97.1
CFAV-Macapa2_Brazil_2017	SRA:SRX4590306.19941614.1	87.805	82	10	0	21	102	18	99	9.59e-17	97.1
CFAV-Macapa2_Brazil_2017	SRA:SRX4590306.16418725.1	87.805	82	10	0	21	102	17	98	9.59e-17	97.1
CFAV-Macapa2_Brazil_2017	SRA:SRX4590306.15705175.1	87.805	82	10	0	21	102	19	100	9.59e-17	97.1
CFAV-Macapa2_Brazil_2017	SRA:SRX4590306.14665436.1	87.805	82	10	0	21	102	18	99	9.59e-17	97.1
CFAV-Macapa2_Brazil_2017	SRA:SRX4590306.13820776.1	87.805	82	10	0	21	102	19	100	9.59e-17	97.1
CFAV-Macapa2_Brazil_2017	SRA:SRX4590306.13441030.1	87.805	82	10	0	21	102	18	99	9.59e-17	97.1
CFAV-Macapa2_Brazil_2017	SRA:SRX4590306.12699351.1	87.805	82	10	0	21	102	19	100	9.59e-17	97.1
CFAV-Macapa2_Brazil_2017	SRA:SRX4590306.11309885.1	87.805	82	10	0	21	102	18	99	9.59e-17	97.1
CFAV-Macapa2_Brazil_2017	SRA:SRX4590306.4294112.1	87.805	82	10	0	21	102	19	100	9.59e-17	97.1
CFAV-Macapa2_Brazil_2017	SRA:SRX4590306.4108871.1	87.805	82	10	0	21	102	18	99	9.59e-17	97.1
CFAV-Macapa2_Brazil_2017	SRA:SRX4590306.3347369.1	87.805	82	10	0	21	102	19	100	9.59e-17	97.1
CFAV-Macapa2_Brazil_2017	SRA:SRX4590306.2950398.1	87.342	79	10	0	22	100	4	82	4.46e-15	91.6
CFAV-Macapa2_Brazil_2017	SRA:SRX4590306.19351280.1	87.013	77	10	0	21	97	25	101	5.77e-14	87.9
CFAV-Macapa2_Brazil_2017	SRA:SRX4590306.8916747.1	87.013	77	10	0	21	97	25	101	5.77e-14	87.9
CFAV-Macapa2_Brazil_2017	SRA:SRX4590306.14426523.1	96.154	52	2	0	2818	2869	1	52	2.08e-13	86.1
CFAV-Macapa2_Brazil_2017	SRA:SRX4590306.5140521.1	96.154	52	2	0	2818	2869	1	52	2.08e-13	86.1
CFAV-Macapa2_Brazil_2017	SRA:SRX4590306.8462086.1	96.078	51	2	0	52	102	8	58	7.47e-13	84.2
CFAV-Macapa2_Brazil_2017	SRA:SRX4590306.4262350.1	96.078	51	2	0	52	102	9	59	7.47e-13	84.2
CFAV-Macapa2_Brazil_2017	SRA:SRX4590306.19938679.1	93.182	44	2	1	7667	7710	1	43	9.73e-07	63.9
CFAV-KC_Cambodia_2015	SRA:SRX4590306.21872973.1	99.010	101	1	0	10380	10480	1	101	2.58e-42	182
CFAV-KC_Cambodia_2015	SRA:SRX4590306.19554445.1	99.010	101	1	0	7671	7771	1	101	2.58e-42	182
CFAV-KC_Cambodia_2015	SRA:SRX4590306.11084052.1	98.990	99	1	0	8907	9005	2	100	3.33e-41	178
CFAV-KC_Cambodia_2015	SRA:SRX4590306.7095274.1	98.990	99	1	0	8907	9005	2	100	3.33e-41	178
CFAV-KC_Cambodia_2015	SRA:SRX4590306.21484196.1	98.020	101	2	0	15	115	1	101	1.20e-40	176
CFAV-KC_Cambodia_2015	SRA:SRX4590306.20632428.1	98.020	101	2	0	7359	7459	1	101	1.20e-40	176
CFAV-KC_Cambodia_2015	SRA:SRX4590306.20302452.1	98.020	101	2	0	8868	8968	1	101	1.20e-40	176
CFAV-KC_Cambodia_2015	SRA:SRX4590306.19941614.1	98.020	101	2	0	15	115	1	101	1.20e-40	176
CFAV-KC_Cambodia_2015	SRA:SRX4590306.13820776.1	98.020	101	2	0	14	114	1	101	1.20e-40	176
CFAV-KC_Cambodia_2015	SRA:SRX4590306.4404546.1	98.980	98	1	0	4840	4937	1	98	1.20e-40	176
CFAV-KC_Cambodia_2015	SRA:SRX4590306.3754491.1	98.020	101	2	0	8868	8968	1	101	1.20e-40	176
CFAV-KC_Cambodia_2015	SRA:SRX4590306.19351280.1	98.000	100	2	0	9	108	2	101	4.31e-40	174
CFAV-KC_Cambodia_2015	SRA:SRX4590306.16418725.1	98.000	100	2	0	16	115	1	100	4.31e-40	174
CFAV-KC_Cambodia_2015	SRA:SRX4590306.8916747.1	98.000	100	2	0	9	108	2	101	4.31e-40	174
CFAV-KC_Cambodia_2015	SRA:SRX4590306.15418959.1	98.958	96	1	0	4821	4916	6	101	1.55e-39	172
CFAV-KC_Cambodia_2015	SRA:SRX4590306.14665436.1	97.980	99	2	0	17	115	3	101	1.55e-39	172
CFAV-KC_Cambodia_2015	SRA:SRX4590306.13441030.1	97.980	99	2	0	17	115	3	101	1.55e-39	172
CFAV-KC_Cambodia_2015	SRA:SRX4590306.11309885.1	97.980	99	2	0	17	115	3	101	1.55e-39	172
CFAV-KC_Cambodia_2015	SRA:SRX4590306.5099910.1	97.980	99	2	0	8667	8765	3	101	1.55e-39	172
CFAV-KC_Cambodia_2015	SRA:SRX4590306.21617826.1	97.030	101	3	0	290	390	1	101	5.58e-39	171
CFAV-KC_Cambodia_2015	SRA:SRX4590306.19121223.1	97.030	101	3	0	7371	7471	1	101	5.58e-39	171
CFAV-KC_Cambodia_2015	SRA:SRX4590306.18476309.1	97.959	98	2	0	10010	10107	1	98	5.58e-39	171
CFAV-KC_Cambodia_2015	SRA:SRX4590306.17809299.1	97.030	101	3	0	8665	8765	1	101	5.58e-39	171
CFAV-KC_Cambodia_2015	SRA:SRX4590306.15171470.1	97.030	101	3	0	4866	4966	1	101	5.58e-39	171
CFAV-KC_Cambodia_2015	SRA:SRX4590306.14607960.1	97.030	101	3	0	3208	3308	1	101	5.58e-39	171
CFAV-KC_Cambodia_2015	SRA:SRX4590306.11996392.1	98.947	95	1	0	305	399	7	101	5.58e-39	171
CFAV-KC_Cambodia_2015	SRA:SRX4590306.8590088.1	97.030	101	3	0	7371	7471	1	101	5.58e-39	171
CFAV-KC_Cambodia_2015	SRA:SRX4590306.4428913.1	97.030	101	3	0	7292	7392	1	101	5.58e-39	171
CFAV-KC_Cambodia_2015	SRA:SRX4590306.4118924.1	97.959	98	2	0	10010	10107	1	98	5.58e-39	171
CFAV-KC_Cambodia_2015	SRA:SRX4590306.21237178.1	97.000	100	3	0	8958	9057	1	100	2.01e-38	169
CFAV-KC_Cambodia_2015	SRA:SRX4590306.17034079.1	97.938	97	2	0	802	898	5	101	2.01e-38	169
CFAV-KC_Cambodia_2015	SRA:SRX4590306.12699351.1	97.938	97	2	0	18	114	5	101	2.01e-38	169
CFAV-KC_Cambodia_2015	SRA:SRX4590306.4294112.1	97.938	97	2	0	18	114	5	101	2.01e-38	169
CFAV-KC_Cambodia_2015	SRA:SRX4590306.3347369.1	97.938	97	2	0	18	114	5	101	2.01e-38	169
CFAV-KC_Cambodia_2015	SRA:SRX4590306.15705175.1	97.000	100	2	1	16	114	2	101	7.22e-38	167
CFAV-KC_Cambodia_2015	SRA:SRX4590306.15568431.1	98.925	93	1	0	10411	10503	1	93	7.22e-38	167
CFAV-KC_Cambodia_2015	SRA:SRX4590306.7287125.1	98.925	93	1	0	10411	10503	1	93	7.22e-38	167
CFAV-KC_Cambodia_2015	SRA:SRX4590306.17183897.1	96.040	101	4	0	9876	9976	1	101	2.60e-37	165
CFAV-KC_Cambodia_2015	SRA:SRX4590306.16902389.1	96.040	101	4	0	8681	8781	1	101	2.60e-37	165
CFAV-KC_Cambodia_2015	SRA:SRX4590306.12176324.1	96.040	101	4	0	7370	7470	1	101	2.60e-37	165
CFAV-KC_Cambodia_2015	SRA:SRX4590306.9284061.1	96.040	101	4	0	4866	4966	1	101	2.60e-37	165
CFAV-KC_Cambodia_2015	SRA:SRX4590306.8324615.1	96.040	101	4	0	9876	9976	1	101	2.60e-37	165
CFAV-KC_Cambodia_2015	SRA:SRX4590306.8176323.1	96.078	102	3	1	1533	1634	1	101	2.60e-37	165
CFAV-KC_Cambodia_2015	SRA:SRX4590306.6021203.1	96.040	101	4	0	8681	8781	1	101	2.60e-37	165
CFAV-KC_Cambodia_2015	SRA:SRX4590306.5121198.1	96.078	102	3	1	809	910	1	101	2.60e-37	165
CFAV-KC_Cambodia_2015	SRA:SRX4590306.4832138.1	96.939	98	3	0	8698	8795	4	101	2.60e-37	165
CFAV-KC_Cambodia_2015	SRA:SRX4590306.170366.1	96.078	102	3	1	1533	1634	1	101	2.60e-37	165
CFAV-KC_Cambodia_2015	SRA:SRX4590306.21065326.1	96.907	97	3	0	8698	8794	5	101	9.33e-37	163
CFAV-KC_Cambodia_2015	SRA:SRX4590306.6904138.1	96.000	100	4	0	9881	9980	1	100	9.33e-37	163
CFAV-KC_Cambodia_2015	SRA:SRX4590306.4351258.1	96.000	100	4	0	8687	8786	2	101	9.33e-37	163
CFAV-KC_Cambodia_2015	SRA:SRX4590306.4190074.1	96.000	100	4	0	9151	9250	2	101	9.33e-37	163
CFAV-KC_Cambodia_2015	SRA:SRX4590306.2831686.1	96.907	97	3	0	8698	8794	5	101	9.33e-37	163
CFAV-KC_Cambodia_2015	SRA:SRX4590306.2359780.1	96.000	100	4	0	8687	8786	2	101	9.33e-37	163
CFAV-KC_Cambodia_2015	SRA:SRX4590306.18618136.1	98.889	90	1	0	7678	7767	1	90	3.36e-36	161
CFAV-KC_Cambodia_2015	SRA:SRX4590306.13460427.1	95.960	99	4	0	319	417	3	101	3.36e-36	161
CFAV-KC_Cambodia_2015	SRA:SRX4590306.12682546.1	95.960	99	4	0	319	417	3	101	3.36e-36	161
CFAV-KC_Cambodia_2015	SRA:SRX4590306.4108871.1	95.960	99	4	0	17	115	3	101	3.36e-36	161
CFAV-KC_Cambodia_2015	SRA:SRX4590306.690046.1	96.875	96	3	0	4867	4962	6	101	3.36e-36	161
CFAV-KC_Cambodia_2015	SRA:SRX4590306.21901578.1	95.918	98	4	0	8965	9062	1	98	1.21e-35	159
CFAV-KC_Cambodia_2015	SRA:SRX4590306.20199583.1	95.918	98	4	0	4728	4825	1	98	1.21e-35	159
CFAV-KC_Cambodia_2015	SRA:SRX4590306.19689067.1	96.842	95	3	0	8699	8793	7	101	1.21e-35	159
CFAV-KC_Cambodia_2015	SRA:SRX4590306.19496754.1	95.050	101	5	0	9890	9990	1	101	1.21e-35	159
CFAV-KC_Cambodia_2015	SRA:SRX4590306.17282190.1	95.918	98	4	0	4728	4825	1	98	1.21e-35	159
CFAV-KC_Cambodia_2015	SRA:SRX4590306.15735805.1	95.050	101	5	0	8692	8792	1	101	1.21e-35	159
CFAV-KC_Cambodia_2015	SRA:SRX4590306.13005313.1	95.050	101	5	0	9996	10096	1	101	1.21e-35	159
CFAV-KC_Cambodia_2015	SRA:SRX4590306.12597030.1	95.960	99	3	1	9188	9285	3	101	1.21e-35	159
CFAV-KC_Cambodia_2015	SRA:SRX4590306.12130917.1	95.918	98	4	0	8965	9062	1	98	1.21e-35	159
CFAV-KC_Cambodia_2015	SRA:SRX4590306.10631904.1	95.050	101	5	0	9912	10012	1	101	1.21e-35	159
CFAV-KC_Cambodia_2015	SRA:SRX4590306.16719846.1	96.809	94	3	0	8698	8791	8	101	4.34e-35	158
CFAV-KC_Cambodia_2015	SRA:SRX4590306.12883368.1	94.949	99	5	0	8620	8718	3	101	1.56e-34	156
CFAV-KC_Cambodia_2015	SRA:SRX4590306.11472498.1	94.949	99	5	0	8620	8718	3	101	1.56e-34	156
CFAV-KC_Cambodia_2015	SRA:SRX4590306.4804334.1	94.845	97	5	0	9987	10083	5	101	2.02e-33	152
CFAV-KC_Cambodia_2015	SRA:SRX4590306.22085820.1	94.000	100	5	1	9983	10082	3	101	7.27e-33	150
CFAV-KC_Cambodia_2015	SRA:SRX4590306.20822826.1	93.939	99	6	0	457	555	3	101	7.27e-33	150
CFAV-KC_Cambodia_2015	SRA:SRX4590306.17904459.1	94.000	100	5	1	9983	10082	3	101	7.27e-33	150
CFAV-KC_Cambodia_2015	SRA:SRX4590306.10490520.1	93.939	99	6	0	457	555	3	101	7.27e-33	150
CFAV-KC_Cambodia_2015	SRA:SRX4590306.5865382.1	93.939	99	6	0	457	555	3	101	7.27e-33	150
CFAV-KC_Cambodia_2015	SRA:SRX4590306.3392520.1	93.939	99	6	0	621	719	3	101	7.27e-33	150
CFAV-KC_Cambodia_2015	SRA:SRX4590306.19460656.1	93.069	101	7	0	8549	8649	1	101	2.61e-32	148
CFAV-KC_Cambodia_2015	SRA:SRX4590306.2969666.1	93.069	101	7	0	8549	8649	1	101	2.61e-32	148
CFAV-KC_Cambodia_2015	SRA:SRX4590306.17702175.1	97.619	84	2	0	32	115	4	87	3.38e-31	145
CFAV-KC_Cambodia_2015	SRA:SRX4590306.15952753.1	95.556	90	4	0	10543	10632	1	90	3.38e-31	145
CFAV-KC_Cambodia_2015	SRA:SRX4590306.10903711.1	92.929	99	7	0	457	555	3	101	3.38e-31	145
CFAV-KC_Cambodia_2015	SRA:SRX4590306.9554879.1	95.556	90	4	0	10543	10632	1	90	3.38e-31	145
CFAV-KC_Cambodia_2015	SRA:SRX4590306.22593658.1	92.708	96	7	0	4945	5040	1	96	1.57e-29	139
CFAV-KC_Cambodia_2015	SRA:SRX4590306.856699.1	91.919	99	8	0	8565	8663	1	99	1.57e-29	139
CFAV-KC_Cambodia_2015	SRA:SRX4590306.11279510.1	92.632	95	7	0	4946	5040	1	95	5.66e-29	137
CFAV-KC_Cambodia_2015	SRA:SRX4590306.2950398.1	97.468	79	2	0	33	111	4	82	2.03e-28	135
CFAV-KC_Cambodia_2015	SRA:SRX4590306.20037975.1	97.260	73	2	0	2831	2903	1	73	4.40e-25	124
CFAV-KC_Cambodia_2015	SRA:SRX4590306.19402759.1	90.426	94	9	0	8541	8634	1	94	4.40e-25	124
CFAV-KC_Cambodia_2015	SRA:SRX4590306.7751414.1	90.426	94	9	0	8541	8634	1	94	4.40e-25	124
CFAV-KC_Cambodia_2015	SRA:SRX4590306.2990043.1	97.260	73	2	0	2831	2903	1	73	4.40e-25	124
CFAV-KC_Cambodia_2015	SRA:SRX4590306.843082.1	92.500	80	6	0	4961	5040	1	80	2.65e-22	115
CFAV-KC_Cambodia_2015	SRA:SRX4590306.18303475.1	92.308	78	6	0	4963	5040	4	81	3.43e-21	111
CFAV-KC_Cambodia_2015	SRA:SRX4590306.9242958.1	92.308	78	6	0	4963	5040	4	81	3.43e-21	111
CFAV-KC_Cambodia_2015	SRA:SRX4590306.7016318.1	92.308	78	6	0	4963	5040	5	82	3.43e-21	111
CFAV-KC_Cambodia_2015	SRA:SRX4590306.22845218.1	92.105	76	6	0	4965	5040	2	77	4.44e-20	108
CFAV-KC_Cambodia_2015	SRA:SRX4590306.8644220.1	90.244	82	8	0	8553	8634	3	84	4.44e-20	108
CFAV-KC_Cambodia_2015	SRA:SRX4590306.9731359.1	91.026	78	6	1	4964	5040	1	78	5.74e-19	104
CFAV-KC_Cambodia_2015	SRA:SRX4590306.1188368.1	94.118	68	4	0	7496	7563	1	68	5.74e-19	104
CFAV-KC_Cambodia_2015	SRA:SRX4590306.13880149.1	90.789	76	7	0	4965	5040	2	77	2.06e-18	102
CFAV-KC_Cambodia_2015	SRA:SRX4590306.12290693.1	94.030	67	4	0	696	762	3	69	2.06e-18	102
CFAV-KC_Cambodia_2015	SRA:SRX4590306.11234017.1	90.789	76	7	0	4965	5040	2	77	2.06e-18	102
CFAV-KC_Cambodia_2015	SRA:SRX4590306.4262350.1	96.721	61	2	0	55	115	1	61	2.06e-18	102
CFAV-KC_Cambodia_2015	SRA:SRX4590306.2803634.1	90.789	76	7	0	131	206	1	76	2.06e-18	102
CFAV-KC_Cambodia_2015	SRA:SRX4590306.1349054.1	90.789	76	7	0	4965	5040	2	77	2.06e-18	102
CFAV-KC_Cambodia_2015	SRA:SRX4590306.8462086.1	96.667	60	2	0	56	115	1	60	7.42e-18	100
CFAV-KC_Cambodia_2015	SRA:SRX4590306.14426523.1	96.154	52	2	0	2829	2880	1	52	2.08e-13	86.1
CFAV-KC_Cambodia_2015	SRA:SRX4590306.5140521.1	96.154	52	2	0	2829	2880	1	52	2.08e-13	86.1
CFAV-KC_Cambodia_2015	SRA:SRX4590306.21148719.1	93.750	48	3	0	4993	5040	4	51	1.62e-09	73.1
CFAV-KC_Cambodia_2015	SRA:SRX4590306.1923280.1	92.157	51	4	0	4990	5040	2	52	1.62e-09	73.1
CFAV-KC_Cambodia_2015	SRA:SRX4590306.20774696.1	97.561	41	1	0	10411	10451	1	41	5.82e-09	71.3
CFAV-KC_Cambodia_2015	SRA:SRX4590306.19938679.1	93.182	44	2	1	7678	7721	1	43	9.74e-07	63.9
CFAV-KC_Cambodia_2015	SRA:SRX4590306.8033544.1	96.774	31	1	0	5008	5038	71	101	0.002	52.8
CFAV-Zik_Uganda_2016	SRA:SRX4590306.21872973.1	99.010	101	1	0	10380	10480	1	101	2.58e-42	182
CFAV-Zik_Uganda_2016	SRA:SRX4590306.18476309.1	99.010	101	1	0	10010	10110	1	101	2.58e-42	182
CFAV-Zik_Uganda_2016	SRA:SRX4590306.14607960.1	99.010	101	1	0	3208	3308	1	101	2.58e-42	182
CFAV-Zik_Uganda_2016	SRA:SRX4590306.4118924.1	99.010	101	1	0	10010	10110	1	101	2.58e-42	182
CFAV-Zik_Uganda_2016	SRA:SRX4590306.4190074.1	99.000	100	1	0	9151	9250	2	101	9.27e-42	180
CFAV-Zik_Uganda_2016	SRA:SRX4590306.21617826.1	98.020	101	2	0	290	390	1	101	1.20e-40	176
CFAV-Zik_Uganda_2016	SRA:SRX4590306.20632428.1	98.020	101	2	0	7359	7459	1	101	1.20e-40	176
CFAV-Zik_Uganda_2016	SRA:SRX4590306.19554445.1	98.020	101	2	0	7671	7771	1	101	1.20e-40	176
CFAV-Zik_Uganda_2016	SRA:SRX4590306.19121223.1	98.020	101	2	0	7371	7471	1	101	1.20e-40	176
CFAV-Zik_Uganda_2016	SRA:SRX4590306.8590088.1	98.020	101	2	0	7371	7471	1	101	1.20e-40	176
CFAV-Zik_Uganda_2016	SRA:SRX4590306.4404546.1	98.020	101	2	0	4840	4940	1	101	1.20e-40	176
CFAV-Zik_Uganda_2016	SRA:SRX4590306.21237178.1	98.000	100	2	0	8958	9057	1	100	4.31e-40	174
CFAV-Zik_Uganda_2016	SRA:SRX4590306.11996392.1	98.958	96	1	0	304	399	6	101	1.55e-39	172
CFAV-Zik_Uganda_2016	SRA:SRX4590306.13005313.1	97.030	101	3	0	9996	10096	1	101	5.58e-39	171
CFAV-Zik_Uganda_2016	SRA:SRX4590306.12176324.1	97.030	101	3	0	7370	7470	1	101	5.58e-39	171
CFAV-Zik_Uganda_2016	SRA:SRX4590306.21901578.1	97.000	100	3	0	8965	9064	1	100	2.01e-38	169
CFAV-Zik_Uganda_2016	SRA:SRX4590306.17034079.1	97.938	97	2	0	802	898	5	101	2.01e-38	169
CFAV-Zik_Uganda_2016	SRA:SRX4590306.12130917.1	97.000	100	3	0	8965	9064	1	100	2.01e-38	169
CFAV-Zik_Uganda_2016	SRA:SRX4590306.15568431.1	98.925	93	1	0	10411	10503	1	93	7.22e-38	167
CFAV-Zik_Uganda_2016	SRA:SRX4590306.15171470.1	96.970	99	3	0	4866	4964	1	99	7.22e-38	167
CFAV-Zik_Uganda_2016	SRA:SRX4590306.11084052.1	97.917	96	2	0	8907	9002	2	97	7.22e-38	167
CFAV-Zik_Uganda_2016	SRA:SRX4590306.7287125.1	98.925	93	1	0	10411	10503	1	93	7.22e-38	167
CFAV-Zik_Uganda_2016	SRA:SRX4590306.7095274.1	97.917	96	2	0	8907	9002	2	97	7.22e-38	167
CFAV-Zik_Uganda_2016	SRA:SRX4590306.5099910.1	96.970	99	3	0	8667	8765	3	101	7.22e-38	167
CFAV-Zik_Uganda_2016	SRA:SRX4590306.20302452.1	96.040	101	4	0	8868	8968	1	101	2.60e-37	165
CFAV-Zik_Uganda_2016	SRA:SRX4590306.17809299.1	96.040	101	4	0	8665	8765	1	101	2.60e-37	165
CFAV-Zik_Uganda_2016	SRA:SRX4590306.16902389.1	96.040	101	4	0	8681	8781	1	101	2.60e-37	165
CFAV-Zik_Uganda_2016	SRA:SRX4590306.12883368.1	96.040	101	4	0	8618	8718	1	101	2.60e-37	165
CFAV-Zik_Uganda_2016	SRA:SRX4590306.12452665.1	96.040	101	4	0	8401	8501	1	101	2.60e-37	165
CFAV-Zik_Uganda_2016	SRA:SRX4590306.11472498.1	96.040	101	4	0	8618	8718	1	101	2.60e-37	165
CFAV-Zik_Uganda_2016	SRA:SRX4590306.6021203.1	96.040	101	4	0	8681	8781	1	101	2.60e-37	165
CFAV-Zik_Uganda_2016	SRA:SRX4590306.4832138.1	96.939	98	3	0	8698	8795	4	101	2.60e-37	165
CFAV-Zik_Uganda_2016	SRA:SRX4590306.3754491.1	96.040	101	4	0	8868	8968	1	101	2.60e-37	165
CFAV-Zik_Uganda_2016	SRA:SRX4590306.21065326.1	96.907	97	3	0	8698	8794	5	101	9.33e-37	163
CFAV-Zik_Uganda_2016	SRA:SRX4590306.4804334.1	96.907	97	3	0	9987	10083	5	101	9.33e-37	163
CFAV-Zik_Uganda_2016	SRA:SRX4590306.4428913.1	96.000	100	4	0	7292	7391	1	100	9.33e-37	163
CFAV-Zik_Uganda_2016	SRA:SRX4590306.4351258.1	96.000	100	4	0	8687	8786	2	101	9.33e-37	163
CFAV-Zik_Uganda_2016	SRA:SRX4590306.2831686.1	96.907	97	3	0	8698	8794	5	101	9.33e-37	163
CFAV-Zik_Uganda_2016	SRA:SRX4590306.2359780.1	96.000	100	4	0	8687	8786	2	101	9.33e-37	163
CFAV-Zik_Uganda_2016	SRA:SRX4590306.22085820.1	96.000	100	3	1	9983	10082	3	101	3.36e-36	161
CFAV-Zik_Uganda_2016	SRA:SRX4590306.20199583.1	95.960	99	4	0	4728	4826	1	99	3.36e-36	161
CFAV-Zik_Uganda_2016	SRA:SRX4590306.17904459.1	96.000	100	3	1	9983	10082	3	101	3.36e-36	161
CFAV-Zik_Uganda_2016	SRA:SRX4590306.17282190.1	95.960	99	4	0	4728	4826	1	99	3.36e-36	161
CFAV-Zik_Uganda_2016	SRA:SRX4590306.15418959.1	96.875	96	3	0	4821	4916	6	101	3.36e-36	161
CFAV-Zik_Uganda_2016	SRA:SRX4590306.13460427.1	95.960	99	4	0	319	417	3	101	3.36e-36	161
CFAV-Zik_Uganda_2016	SRA:SRX4590306.12682546.1	95.960	99	4	0	319	417	3	101	3.36e-36	161
CFAV-Zik_Uganda_2016	SRA:SRX4590306.9284061.1	95.960	99	4	0	4866	4964	1	99	3.36e-36	161
CFAV-Zik_Uganda_2016	SRA:SRX4590306.690046.1	96.875	96	3	0	4867	4962	6	101	3.36e-36	161
CFAV-Zik_Uganda_2016	SRA:SRX4590306.19689067.1	96.842	95	3	0	8699	8793	7	101	1.21e-35	159
CFAV-Zik_Uganda_2016	SRA:SRX4590306.15735805.1	95.050	101	5	0	8692	8792	1	101	1.21e-35	159
CFAV-Zik_Uganda_2016	SRA:SRX4590306.8176323.1	95.098	102	4	1	1533	1634	1	101	1.21e-35	159
CFAV-Zik_Uganda_2016	SRA:SRX4590306.5121198.1	95.098	102	4	1	809	910	1	101	1.21e-35	159
CFAV-Zik_Uganda_2016	SRA:SRX4590306.170366.1	95.098	102	4	1	1533	1634	1	101	1.21e-35	159
CFAV-Zik_Uganda_2016	SRA:SRX4590306.19351280.1	95.000	100	5	0	9	108	2	101	4.34e-35	158
CFAV-Zik_Uganda_2016	SRA:SRX4590306.16719846.1	96.809	94	3	0	8698	8791	8	101	4.34e-35	158
CFAV-Zik_Uganda_2016	SRA:SRX4590306.8916747.1	95.000	100	5	0	9	108	2	101	4.34e-35	158
CFAV-Zik_Uganda_2016	SRA:SRX4590306.20822826.1	94.949	99	5	0	457	555	3	101	1.56e-34	156
CFAV-Zik_Uganda_2016	SRA:SRX4590306.13820776.1	94.949	99	5	0	14	112	1	99	1.56e-34	156
CFAV-Zik_Uganda_2016	SRA:SRX4590306.10903711.1	94.949	99	5	0	457	555	3	101	1.56e-34	156
CFAV-Zik_Uganda_2016	SRA:SRX4590306.10490520.1	94.949	99	5	0	457	555	3	101	1.56e-34	156
CFAV-Zik_Uganda_2016	SRA:SRX4590306.5865382.1	94.949	99	5	0	457	555	3	101	1.56e-34	156
CFAV-Zik_Uganda_2016	SRA:SRX4590306.22138129.1	94.059	101	6	0	4937	5037	1	101	5.62e-34	154
CFAV-Zik_Uganda_2016	SRA:SRX4590306.21484196.1	94.898	98	5	0	15	112	1	98	5.62e-34	154
CFAV-Zik_Uganda_2016	SRA:SRX4590306.19941614.1	94.898	98	5	0	15	112	1	98	5.62e-34	154
CFAV-Zik_Uganda_2016	SRA:SRX4590306.15652264.1	94.059	101	6	0	4937	5037	1	101	5.62e-34	154
CFAV-Zik_Uganda_2016	SRA:SRX4590306.13020672.1	94.059	101	6	0	4914	5014	1	101	5.62e-34	154
CFAV-Zik_Uganda_2016	SRA:SRX4590306.12597030.1	94.949	99	4	1	9188	9285	3	101	5.62e-34	154
CFAV-Zik_Uganda_2016	SRA:SRX4590306.4084427.1	94.059	101	6	0	4914	5014	1	101	5.62e-34	154
CFAV-Zik_Uganda_2016	SRA:SRX4590306.16418725.1	94.059	101	5	1	16	115	1	101	2.02e-33	152
CFAV-Zik_Uganda_2016	SRA:SRX4590306.4787835.1	94.000	100	6	0	4902	5001	1	100	2.02e-33	152
CFAV-Zik_Uganda_2016	SRA:SRX4590306.4715888.1	94.000	100	6	0	4938	5037	2	101	2.02e-33	152
CFAV-Zik_Uganda_2016	SRA:SRX4590306.20065399.1	93.939	99	6	0	4914	5012	3	101	7.27e-33	150
CFAV-Zik_Uganda_2016	SRA:SRX4590306.15952753.1	96.667	90	3	0	10543	10632	1	90	7.27e-33	150
CFAV-Zik_Uganda_2016	SRA:SRX4590306.14665436.1	94.792	96	5	0	17	112	3	98	7.27e-33	150
CFAV-Zik_Uganda_2016	SRA:SRX4590306.13441030.1	94.792	96	5	0	17	112	3	98	7.27e-33	150
CFAV-Zik_Uganda_2016	SRA:SRX4590306.11309885.1	94.792	96	5	0	17	112	3	98	7.27e-33	150
CFAV-Zik_Uganda_2016	SRA:SRX4590306.9554879.1	96.667	90	3	0	10543	10632	1	90	7.27e-33	150
CFAV-Zik_Uganda_2016	SRA:SRX4590306.14398263.1	93.069	101	7	0	4937	5037	1	101	2.61e-32	148
CFAV-Zik_Uganda_2016	SRA:SRX4590306.12699351.1	94.737	95	5	0	18	112	5	99	2.61e-32	148
CFAV-Zik_Uganda_2016	SRA:SRX4590306.4294112.1	94.737	95	5	0	18	112	5	99	2.61e-32	148
CFAV-Zik_Uganda_2016	SRA:SRX4590306.3347369.1	94.737	95	5	0	18	112	5	99	2.61e-32	148
CFAV-Zik_Uganda_2016	SRA:SRX4590306.18618136.1	96.629	89	2	1	7677	7765	1	88	9.40e-32	147
CFAV-Zik_Uganda_2016	SRA:SRX4590306.15705175.1	93.878	98	5	1	16	112	2	99	9.40e-32	147
CFAV-Zik_Uganda_2016	SRA:SRX4590306.22593658.1	93.750	96	6	0	4945	5040	1	96	3.38e-31	145
CFAV-Zik_Uganda_2016	SRA:SRX4590306.18269211.1	92.157	102	7	1	4904	5005	1	101	1.22e-30	143
CFAV-Zik_Uganda_2016	SRA:SRX4590306.11279510.1	93.684	95	6	0	4946	5040	1	95	1.22e-30	143
CFAV-Zik_Uganda_2016	SRA:SRX4590306.2669196.1	92.079	101	8	0	4937	5037	1	101	1.22e-30	143
CFAV-Zik_Uganda_2016	SRA:SRX4590306.19295595.1	93.617	94	6	0	107	200	1	94	4.37e-30	141
CFAV-Zik_Uganda_2016	SRA:SRX4590306.4108871.1	95.455	88	4	0	25	112	11	98	4.37e-30	141
CFAV-Zik_Uganda_2016	SRA:SRX4590306.22664790.1	92.708	96	7	0	5700	5795	1	96	1.57e-29	139
CFAV-Zik_Uganda_2016	SRA:SRX4590306.8269017.1	91.919	99	8	0	4911	5009	3	101	1.57e-29	139
CFAV-Zik_Uganda_2016	SRA:SRX4590306.2979445.1	91.919	99	8	0	4911	5009	3	101	1.57e-29	139
CFAV-Zik_Uganda_2016	SRA:SRX4590306.5381954.1	94.382	89	5	0	6451	6539	93	5	5.66e-29	137
CFAV-Zik_Uganda_2016	SRA:SRX4590306.856699.1	91.089	101	9	0	8565	8665	1	101	5.66e-29	137
CFAV-Zik_Uganda_2016	SRA:SRX4590306.3392520.1	90.909	99	9	0	621	719	3	101	7.32e-28	134
CFAV-Zik_Uganda_2016	SRA:SRX4590306.17702175.1	94.118	85	4	1	32	115	4	88	3.40e-26	128
CFAV-Zik_Uganda_2016	SRA:SRX4590306.2950398.1	93.976	83	5	0	33	115	4	86	1.22e-25	126
CFAV-Zik_Uganda_2016	SRA:SRX4590306.843082.1	93.750	80	5	0	4961	5040	1	80	5.70e-24	121
CFAV-Zik_Uganda_2016	SRA:SRX4590306.22845218.1	94.667	75	4	0	4966	5040	3	77	7.37e-23	117
CFAV-Zik_Uganda_2016	SRA:SRX4590306.18303475.1	93.590	78	5	0	4963	5040	4	81	7.37e-23	117
CFAV-Zik_Uganda_2016	SRA:SRX4590306.12290693.1	95.833	72	3	0	696	767	3	74	7.37e-23	117
CFAV-Zik_Uganda_2016	SRA:SRX4590306.9242958.1	93.590	78	5	0	4963	5040	4	81	7.37e-23	117
CFAV-Zik_Uganda_2016	SRA:SRX4590306.7016318.1	93.590	78	5	0	4963	5040	5	82	7.37e-23	117
CFAV-Zik_Uganda_2016	SRA:SRX4590306.9731359.1	94.521	73	4	0	4968	5040	6	78	9.53e-22	113
CFAV-Zik_Uganda_2016	SRA:SRX4590306.8033544.1	97.015	67	2	0	5110	5176	3	69	9.53e-22	113
CFAV-Zik_Uganda_2016	SRA:SRX4590306.8033544.1	100.000	31	0	0	5008	5038	71	101	4.53e-05	58.4
CFAV-Zik_Uganda_2016	SRA:SRX4590306.19133849.1	92.308	78	6	0	4959	5036	5	82	3.43e-21	111
CFAV-Zik_Uganda_2016	SRA:SRX4590306.14017492.1	93.333	75	5	0	4966	5040	3	77	3.43e-21	111
CFAV-Zik_Uganda_2016	SRA:SRX4590306.13880149.1	93.333	75	5	0	4966	5040	3	77	3.43e-21	111
CFAV-Zik_Uganda_2016	SRA:SRX4590306.11234017.1	93.333	75	5	0	4966	5040	3	77	3.43e-21	111
CFAV-Zik_Uganda_2016	SRA:SRX4590306.1349054.1	93.333	75	5	0	4966	5040	3	77	3.43e-21	111
CFAV-Zik_Uganda_2016	SRA:SRX4590306.16633436.1	94.203	69	4	0	8745	8813	1	69	1.60e-19	106
CFAV-Zik_Uganda_2016	SRA:SRX4590306.4262350.1	93.548	62	3	1	55	115	1	62	4.47e-15	91.6
CFAV-Zik_Uganda_2016	SRA:SRX4590306.8462086.1	93.443	61	3	1	56	115	1	61	1.61e-14	89.8
CFAV-Zik_Uganda_2016	SRA:SRX4590306.21148719.1	95.833	48	2	0	4993	5040	4	51	3.48e-11	78.7
CFAV-Zik_Uganda_2016	SRA:SRX4590306.1923280.1	94.118	51	3	0	4990	5040	2	52	3.48e-11	78.7
CFAV-Zik_Uganda_2016	SRA:SRX4590306.20774696.1	97.561	41	1	0	10411	10451	1	41	5.82e-09	71.3
CFAV-Zik_Uganda_2016	SRA:SRX4590306.19938679.1	95.455	44	1	1	7678	7721	1	43	2.09e-08	69.4
