CFAV-Bangkok_Thailand_2015	SRA:SRX4229293.39400418.2	100.000	76	0	0	5650	5725	1	76	9.53e-30	141
CFAV-Bangkok_Thailand_2015	SRA:SRX4229293.37633333.2	100.000	76	0	0	5650	5725	1	76	9.53e-30	141
CFAV-Bangkok_Thailand_2015	SRA:SRX4229293.34625694.2	100.000	76	0	0	3912	3987	76	1	9.53e-30	141
CFAV-Bangkok_Thailand_2015	SRA:SRX4229293.33999077.1	100.000	76	0	0	1204	1279	1	76	9.53e-30	141
CFAV-Bangkok_Thailand_2015	SRA:SRX4229293.26010354.1	100.000	76	0	0	6041	6116	1	76	9.53e-30	141
CFAV-Bangkok_Thailand_2015	SRA:SRX4229293.9093466.1	100.000	74	0	0	6669	6742	1	74	1.23e-28	137
CFAV-Bangkok_Thailand_2015	SRA:SRX4229293.33999077.2	98.684	76	1	0	1255	1330	76	1	4.43e-28	135
CFAV-Bangkok_Thailand_2015	SRA:SRX4229293.26010354.2	98.684	76	1	0	6096	6171	76	1	4.43e-28	135
CFAV-Bangkok_Thailand_2015	SRA:SRX4229293.25318903.2	98.684	76	1	0	7699	7774	1	76	4.43e-28	135
CFAV-Bangkok_Thailand_2015	SRA:SRX4229293.19235360.1	98.684	76	1	0	7626	7701	76	1	4.43e-28	135
CFAV-Bangkok_Thailand_2015	SRA:SRX4229293.17129753.2	98.684	76	1	0	3969	4044	76	1	4.43e-28	135
CFAV-Bangkok_Thailand_2015	SRA:SRX4229293.17129753.1	98.684	76	1	0	3899	3974	1	76	4.43e-28	135
CFAV-Bangkok_Thailand_2015	SRA:SRX4229293.15832291.2	98.684	76	1	0	1242	1317	76	1	4.43e-28	135
CFAV-Bangkok_Thailand_2015	SRA:SRX4229293.7465860.2	98.684	76	1	0	5598	5673	1	76	4.43e-28	135
CFAV-Bangkok_Thailand_2015	SRA:SRX4229293.5971015.2	98.684	76	1	0	1491	1566	76	1	4.43e-28	135
CFAV-Bangkok_Thailand_2015	SRA:SRX4229293.39400418.1	97.368	76	2	0	5701	5776	76	1	2.06e-26	130
CFAV-Bangkok_Thailand_2015	SRA:SRX4229293.37633333.1	97.368	76	2	0	5701	5776	76	1	2.06e-26	130
CFAV-Bangkok_Thailand_2015	SRA:SRX4229293.14137090.1	97.368	76	2	0	1392	1467	1	76	2.06e-26	130
CFAV-Bangkok_Thailand_2015	SRA:SRX4229293.7465860.1	97.368	76	2	0	5686	5761	1	76	2.06e-26	130
CFAV-Bangkok_Thailand_2015	SRA:SRX4229293.6551219.1	97.368	76	2	0	7978	8053	76	1	2.06e-26	130
CFAV-Bangkok_Thailand_2015	SRA:SRX4229293.35286780.2	96.053	76	3	0	8430	8505	76	1	9.60e-25	124
CFAV-Bangkok_Thailand_2015	SRA:SRX4229293.25318903.1	96.053	76	3	0	7818	7893	76	1	9.60e-25	124
CFAV-Bangkok_Thailand_2015	SRA:SRX4229293.14137090.2	96.053	76	3	0	1451	1526	76	1	9.60e-25	124
CFAV-Bangkok_Thailand_2015	SRA:SRX4229293.12959857.1	96.053	76	3	0	4861	4936	1	76	9.60e-25	124
CFAV-Bangkok_Thailand_2015	SRA:SRX4229293.9102378.2	96.053	76	3	0	567	642	76	1	9.60e-25	124
CFAV-Bangkok_Thailand_2015	SRA:SRX4229293.6551219.2	96.053	76	3	0	7818	7893	1	76	9.60e-25	124
CFAV-Bangkok_Thailand_2015	SRA:SRX4229293.5971015.1	96.053	76	3	0	1443	1518	1	76	9.60e-25	124
CFAV-Bangkok_Thailand_2015	SRA:SRX4229293.39805595.2	94.737	76	4	0	6194	6269	76	1	4.46e-23	119
CFAV-Bangkok_Thailand_2015	SRA:SRX4229293.35286780.1	94.737	76	4	0	8325	8400	1	76	4.46e-23	119
CFAV-Bangkok_Thailand_2015	SRA:SRX4229293.29233674.1	94.667	75	4	0	8834	8908	76	2	1.61e-22	117
CFAV-Bangkok_Thailand_2015	SRA:SRX4229293.9102378.1	94.667	75	4	0	330	404	1	75	1.61e-22	117
CFAV-Bangkok_Thailand_2015	SRA:SRX4229293.1041268.1	93.243	74	5	0	7030	7103	74	1	2.69e-20	110
CFAV-Bangkok_Thailand_2015	SRA:SRX4229293.9093466.2	92.105	76	6	0	6739	6814	76	1	9.66e-20	108
CFAV-Bangkok_Thailand_2015	SRA:SRX4229293.34625694.1	100.000	28	0	0	3906	3933	49	76	0.005	52.8
NC_001564	SRA:SRX4229293.39400418.2	100.000	76	0	0	5657	5732	1	76	9.55e-30	141
NC_001564	SRA:SRX4229293.39400418.1	100.000	76	0	0	5708	5783	76	1	9.55e-30	141
NC_001564	SRA:SRX4229293.37633333.2	100.000	76	0	0	5657	5732	1	76	9.55e-30	141
NC_001564	SRA:SRX4229293.37633333.1	100.000	76	0	0	5708	5783	76	1	9.55e-30	141
NC_001564	SRA:SRX4229293.33999077.1	100.000	76	0	0	1211	1286	1	76	9.55e-30	141
NC_001564	SRA:SRX4229293.29233674.2	100.000	76	0	0	8785	8860	1	76	9.55e-30	141
NC_001564	SRA:SRX4229293.7465860.1	100.000	76	0	0	5693	5768	1	76	9.55e-30	141
NC_001564	SRA:SRX4229293.9093466.1	100.000	75	0	0	6676	6750	1	75	3.43e-29	139
NC_001564	SRA:SRX4229293.34625694.2	98.684	76	1	0	3919	3994	76	1	4.44e-28	135
NC_001564	SRA:SRX4229293.25318903.2	98.684	76	1	0	7706	7781	1	76	4.44e-28	135
NC_001564	SRA:SRX4229293.19235360.2	98.684	76	1	0	7453	7528	1	76	4.44e-28	135
NC_001564	SRA:SRX4229293.19235360.1	98.684	76	1	0	7633	7708	76	1	4.44e-28	135
NC_001564	SRA:SRX4229293.15832291.2	98.684	76	1	0	1249	1324	76	1	4.44e-28	135
NC_001564	SRA:SRX4229293.14137090.1	98.684	76	1	0	1399	1474	1	76	4.44e-28	135
NC_001564	SRA:SRX4229293.12959857.1	98.684	76	1	0	4868	4943	1	76	4.44e-28	135
NC_001564	SRA:SRX4229293.7465860.2	98.684	76	1	0	5605	5680	1	76	4.44e-28	135
NC_001564	SRA:SRX4229293.1041268.1	98.684	76	1	0	7035	7110	76	1	4.44e-28	135
NC_001564	SRA:SRX4229293.29233674.1	98.667	75	1	0	8841	8915	76	2	1.60e-27	134
NC_001564	SRA:SRX4229293.12959857.2	98.667	75	1	0	5070	5144	76	2	1.60e-27	134
NC_001564	SRA:SRX4229293.35286780.2	97.368	76	2	0	8437	8512	76	1	2.07e-26	130
NC_001564	SRA:SRX4229293.35286780.1	97.368	76	2	0	8332	8407	1	76	2.07e-26	130
NC_001564	SRA:SRX4229293.33999077.2	97.368	76	2	0	1262	1337	76	1	2.07e-26	130
NC_001564	SRA:SRX4229293.26010354.2	97.368	76	2	0	6103	6178	76	1	2.07e-26	130
NC_001564	SRA:SRX4229293.26010354.1	97.368	76	2	0	6048	6123	1	76	2.07e-26	130
NC_001564	SRA:SRX4229293.17129753.2	97.368	76	2	0	3976	4051	76	1	2.07e-26	130
NC_001564	SRA:SRX4229293.15832291.1	97.368	76	2	0	1149	1224	1	76	2.07e-26	130
NC_001564	SRA:SRX4229293.9102378.2	97.368	76	2	0	574	649	76	1	2.07e-26	130
NC_001564	SRA:SRX4229293.39805595.2	96.053	76	3	0	6201	6276	76	1	9.62e-25	124
NC_001564	SRA:SRX4229293.25318903.1	96.053	76	3	0	7825	7900	76	1	9.62e-25	124
NC_001564	SRA:SRX4229293.17129753.1	96.053	76	3	0	3906	3981	1	76	9.62e-25	124
NC_001564	SRA:SRX4229293.9093466.2	96.053	76	3	0	6746	6821	76	1	9.62e-25	124
NC_001564	SRA:SRX4229293.6551219.2	96.053	76	3	0	7825	7900	1	76	9.62e-25	124
NC_001564	SRA:SRX4229293.6551219.1	96.053	76	3	0	7985	8060	76	1	9.62e-25	124
NC_001564	SRA:SRX4229293.1041268.2	96.053	76	3	0	6963	7038	1	76	9.62e-25	124
NC_001564	SRA:SRX4229293.9102378.1	94.667	75	4	0	337	411	1	75	1.61e-22	117
NC_001564	SRA:SRX4229293.34625694.1	98.039	51	1	0	6319	6369	1	51	3.51e-14	89.8
CFAV-Cairns_Australia_2014	SRA:SRX4229293.33999077.2	100.000	76	0	0	1261	1336	76	1	9.55e-30	141
CFAV-Cairns_Australia_2014	SRA:SRX4229293.33999077.1	100.000	76	0	0	1210	1285	1	76	9.55e-30	141
CFAV-Cairns_Australia_2014	SRA:SRX4229293.26010354.2	100.000	76	0	0	6102	6177	76	1	9.55e-30	141
CFAV-Cairns_Australia_2014	SRA:SRX4229293.15832291.2	100.000	76	0	0	1248	1323	76	1	9.55e-30	141
CFAV-Cairns_Australia_2014	SRA:SRX4229293.9093466.1	100.000	76	0	0	6675	6750	1	76	9.55e-30	141
CFAV-Cairns_Australia_2014	SRA:SRX4229293.7465860.2	100.000	76	0	0	5604	5679	1	76	9.55e-30	141
CFAV-Cairns_Australia_2014	SRA:SRX4229293.29233674.2	100.000	75	0	0	8784	8858	1	75	3.43e-29	139
CFAV-Cairns_Australia_2014	SRA:SRX4229293.39805595.2	98.684	76	1	0	6200	6275	76	1	4.44e-28	135
CFAV-Cairns_Australia_2014	SRA:SRX4229293.35286780.1	98.684	76	1	0	8331	8406	1	76	4.44e-28	135
CFAV-Cairns_Australia_2014	SRA:SRX4229293.26010354.1	98.684	76	1	0	6047	6122	1	76	4.44e-28	135
CFAV-Cairns_Australia_2014	SRA:SRX4229293.19235360.2	98.684	76	1	0	7452	7527	1	76	4.44e-28	135
CFAV-Cairns_Australia_2014	SRA:SRX4229293.19235360.1	98.684	76	1	0	7632	7707	76	1	4.44e-28	135
CFAV-Cairns_Australia_2014	SRA:SRX4229293.15832291.1	98.684	76	1	0	1148	1223	1	76	4.44e-28	135
CFAV-Cairns_Australia_2014	SRA:SRX4229293.9102378.2	98.684	76	1	0	573	648	76	1	4.44e-28	135
CFAV-Cairns_Australia_2014	SRA:SRX4229293.5971015.2	98.684	76	1	0	1497	1572	76	1	4.44e-28	135
CFAV-Cairns_Australia_2014	SRA:SRX4229293.1041268.2	98.684	76	1	0	6962	7037	1	76	4.44e-28	135
CFAV-Cairns_Australia_2014	SRA:SRX4229293.1041268.1	98.684	76	1	0	7034	7109	76	1	4.44e-28	135
CFAV-Cairns_Australia_2014	SRA:SRX4229293.39400418.2	97.368	76	2	0	5656	5731	1	76	2.07e-26	130
CFAV-Cairns_Australia_2014	SRA:SRX4229293.39400418.1	98.630	73	1	0	5710	5782	73	1	2.07e-26	130
CFAV-Cairns_Australia_2014	SRA:SRX4229293.37633333.2	97.368	76	2	0	5656	5731	1	76	2.07e-26	130
CFAV-Cairns_Australia_2014	SRA:SRX4229293.37633333.1	98.630	73	1	0	5710	5782	73	1	2.07e-26	130
CFAV-Cairns_Australia_2014	SRA:SRX4229293.35286780.2	97.368	76	2	0	8436	8511	76	1	2.07e-26	130
CFAV-Cairns_Australia_2014	SRA:SRX4229293.34625694.2	97.368	76	2	0	3918	3993	76	1	2.07e-26	130
CFAV-Cairns_Australia_2014	SRA:SRX4229293.25318903.2	97.368	76	2	0	7705	7780	1	76	2.07e-26	130
CFAV-Cairns_Australia_2014	SRA:SRX4229293.17129753.2	97.368	76	2	0	3975	4050	76	1	2.07e-26	130
CFAV-Cairns_Australia_2014	SRA:SRX4229293.14137090.1	97.368	76	2	0	1398	1473	1	76	2.07e-26	130
CFAV-Cairns_Australia_2014	SRA:SRX4229293.9093466.2	97.368	76	2	0	6745	6820	76	1	2.07e-26	130
CFAV-Cairns_Australia_2014	SRA:SRX4229293.7465860.1	97.368	76	2	0	5692	5767	1	76	2.07e-26	130
CFAV-Cairns_Australia_2014	SRA:SRX4229293.6551219.1	97.368	76	2	0	7984	8059	76	1	2.07e-26	130
CFAV-Cairns_Australia_2014	SRA:SRX4229293.17129753.1	96.053	76	3	0	3905	3980	1	76	9.62e-25	124
CFAV-Cairns_Australia_2014	SRA:SRX4229293.14137090.2	96.053	76	3	0	1457	1532	76	1	9.62e-25	124
CFAV-Cairns_Australia_2014	SRA:SRX4229293.12959857.1	96.053	76	3	0	4867	4942	1	76	9.62e-25	124
CFAV-Cairns_Australia_2014	SRA:SRX4229293.12959857.2	96.000	75	3	0	5069	5143	76	2	3.46e-24	122
CFAV-Cairns_Australia_2014	SRA:SRX4229293.9102378.1	96.000	75	3	0	336	410	1	75	3.46e-24	122
CFAV-Cairns_Australia_2014	SRA:SRX4229293.5971015.1	96.000	75	3	0	1450	1524	2	76	3.46e-24	122
CFAV-Cairns_Australia_2014	SRA:SRX4229293.34625694.1	94.915	59	2	1	6318	6376	1	58	9.76e-15	91.6
CFAV-Macapa2_Brazil_2017	SRA:SRX4229293.39400418.2	98.684	76	1	0	5657	5732	1	76	4.44e-28	135
CFAV-Macapa2_Brazil_2017	SRA:SRX4229293.39400418.1	98.684	76	1	0	5708	5783	76	1	4.44e-28	135
CFAV-Macapa2_Brazil_2017	SRA:SRX4229293.37633333.2	98.684	76	1	0	5657	5732	1	76	4.44e-28	135
CFAV-Macapa2_Brazil_2017	SRA:SRX4229293.37633333.1	98.684	76	1	0	5708	5783	76	1	4.44e-28	135
CFAV-Macapa2_Brazil_2017	SRA:SRX4229293.33999077.1	98.684	76	1	0	1211	1286	1	76	4.44e-28	135
CFAV-Macapa2_Brazil_2017	SRA:SRX4229293.15832291.2	98.684	76	1	0	1249	1324	76	1	4.44e-28	135
CFAV-Macapa2_Brazil_2017	SRA:SRX4229293.29233674.1	98.667	75	1	0	8841	8915	76	2	1.60e-27	134
CFAV-Macapa2_Brazil_2017	SRA:SRX4229293.39805595.1	97.368	76	2	0	6174	6249	1	76	2.07e-26	130
CFAV-Macapa2_Brazil_2017	SRA:SRX4229293.34625694.2	97.368	76	2	0	3919	3994	76	1	2.07e-26	130
CFAV-Macapa2_Brazil_2017	SRA:SRX4229293.33999077.2	97.368	76	2	0	1262	1337	76	1	2.07e-26	130
CFAV-Macapa2_Brazil_2017	SRA:SRX4229293.17129753.2	97.368	76	2	0	3976	4051	76	1	2.07e-26	130
CFAV-Macapa2_Brazil_2017	SRA:SRX4229293.14137090.1	97.368	76	2	0	1399	1474	1	76	2.07e-26	130
CFAV-Macapa2_Brazil_2017	SRA:SRX4229293.7465860.2	97.368	76	2	0	5605	5680	1	76	2.07e-26	130
CFAV-Macapa2_Brazil_2017	SRA:SRX4229293.7465860.1	97.368	76	2	0	5693	5768	1	76	2.07e-26	130
CFAV-Macapa2_Brazil_2017	SRA:SRX4229293.1041268.1	97.368	76	2	0	7035	7110	76	1	2.07e-26	130
CFAV-Macapa2_Brazil_2017	SRA:SRX4229293.35286780.2	97.333	75	2	0	8437	8511	76	2	7.44e-26	128
CFAV-Macapa2_Brazil_2017	SRA:SRX4229293.9093466.2	97.333	75	1	1	6746	6820	76	3	2.67e-25	126
CFAV-Macapa2_Brazil_2017	SRA:SRX4229293.39805595.2	96.053	76	3	0	6201	6276	76	1	9.62e-25	124
CFAV-Macapa2_Brazil_2017	SRA:SRX4229293.26010354.2	96.053	76	3	0	6103	6178	76	1	9.62e-25	124
CFAV-Macapa2_Brazil_2017	SRA:SRX4229293.25318903.2	96.053	76	3	0	7706	7781	1	76	9.62e-25	124
CFAV-Macapa2_Brazil_2017	SRA:SRX4229293.19235360.1	96.053	76	3	0	7633	7708	76	1	9.62e-25	124
CFAV-Macapa2_Brazil_2017	SRA:SRX4229293.17129753.1	96.053	76	3	0	3906	3981	1	76	9.62e-25	124
CFAV-Macapa2_Brazil_2017	SRA:SRX4229293.15832291.1	96.053	76	3	0	1149	1224	1	76	9.62e-25	124
CFAV-Macapa2_Brazil_2017	SRA:SRX4229293.9102378.2	96.053	76	3	0	574	649	76	1	9.62e-25	124
CFAV-Macapa2_Brazil_2017	SRA:SRX4229293.5971015.2	96.053	76	3	0	1498	1573	76	1	9.62e-25	124
CFAV-Macapa2_Brazil_2017	SRA:SRX4229293.1041268.2	96.053	76	3	0	6963	7038	1	76	9.62e-25	124
CFAV-Macapa2_Brazil_2017	SRA:SRX4229293.29233674.2	94.737	76	4	0	8785	8860	1	76	4.47e-23	119
CFAV-Macapa2_Brazil_2017	SRA:SRX4229293.9093466.1	94.737	76	4	0	6676	6751	1	76	4.47e-23	119
CFAV-Macapa2_Brazil_2017	SRA:SRX4229293.19235360.2	94.667	75	4	0	7453	7527	1	75	1.61e-22	117
CFAV-Macapa2_Brazil_2017	SRA:SRX4229293.12959857.2	94.667	75	4	0	5070	5144	76	2	1.61e-22	117
CFAV-Macapa2_Brazil_2017	SRA:SRX4229293.5971015.1	93.421	76	5	0	1450	1525	1	76	2.08e-21	113
CFAV-Macapa2_Brazil_2017	SRA:SRX4229293.35286780.1	92.105	76	6	0	8332	8407	1	76	9.69e-20	108
CFAV-KC_Cambodia_2015	SRA:SRX4229293.39805595.2	98.684	76	1	0	6212	6287	76	1	4.45e-28	135
CFAV-KC_Cambodia_2015	SRA:SRX4229293.9093466.1	98.684	76	1	0	6687	6762	1	76	4.45e-28	135
CFAV-KC_Cambodia_2015	SRA:SRX4229293.35286780.2	97.368	76	2	0	8448	8523	76	1	2.07e-26	130
CFAV-KC_Cambodia_2015	SRA:SRX4229293.33999077.2	97.368	76	2	0	1273	1348	76	1	2.07e-26	130
CFAV-KC_Cambodia_2015	SRA:SRX4229293.33999077.1	97.368	76	2	0	1222	1297	1	76	2.07e-26	130
CFAV-KC_Cambodia_2015	SRA:SRX4229293.1041268.2	97.368	76	2	0	6974	7049	1	76	2.07e-26	130
CFAV-KC_Cambodia_2015	SRA:SRX4229293.29233674.1	97.333	75	2	0	8852	8926	76	2	7.44e-26	128
CFAV-KC_Cambodia_2015	SRA:SRX4229293.15832291.2	97.333	75	2	0	1261	1335	75	1	7.44e-26	128
CFAV-KC_Cambodia_2015	SRA:SRX4229293.5971015.2	97.333	75	2	0	1510	1584	75	1	7.44e-26	128
CFAV-KC_Cambodia_2015	SRA:SRX4229293.39400418.1	97.260	73	2	0	5722	5794	73	1	9.63e-25	124
CFAV-KC_Cambodia_2015	SRA:SRX4229293.37633333.1	97.260	73	2	0	5722	5794	73	1	9.63e-25	124
CFAV-KC_Cambodia_2015	SRA:SRX4229293.34625694.2	96.053	76	3	0	3930	4005	76	1	9.63e-25	124
CFAV-KC_Cambodia_2015	SRA:SRX4229293.29233674.2	96.053	76	3	0	8796	8871	1	76	9.63e-25	124
CFAV-KC_Cambodia_2015	SRA:SRX4229293.19235360.1	96.053	76	3	0	7644	7719	76	1	9.63e-25	124
CFAV-KC_Cambodia_2015	SRA:SRX4229293.17129753.2	96.053	76	3	0	3987	4062	76	1	9.63e-25	124
CFAV-KC_Cambodia_2015	SRA:SRX4229293.17129753.1	96.053	76	3	0	3917	3992	1	76	9.63e-25	124
CFAV-KC_Cambodia_2015	SRA:SRX4229293.15832291.1	95.946	74	3	0	1162	1235	3	76	1.25e-23	121
CFAV-KC_Cambodia_2015	SRA:SRX4229293.39400418.2	94.737	76	4	0	5668	5743	1	76	4.48e-23	119
CFAV-KC_Cambodia_2015	SRA:SRX4229293.37633333.2	94.737	76	4	0	5668	5743	1	76	4.48e-23	119
CFAV-KC_Cambodia_2015	SRA:SRX4229293.25318903.2	94.737	76	4	0	7717	7792	1	76	4.48e-23	119
CFAV-KC_Cambodia_2015	SRA:SRX4229293.25318903.1	94.737	76	4	0	7836	7911	76	1	4.48e-23	119
CFAV-KC_Cambodia_2015	SRA:SRX4229293.7465860.2	94.737	76	4	0	5616	5691	1	76	4.48e-23	119
CFAV-KC_Cambodia_2015	SRA:SRX4229293.7465860.1	94.737	76	4	0	5704	5779	1	76	4.48e-23	119
CFAV-KC_Cambodia_2015	SRA:SRX4229293.6551219.2	94.737	76	4	0	7836	7911	1	76	4.48e-23	119
CFAV-KC_Cambodia_2015	SRA:SRX4229293.12959857.2	94.667	75	4	0	5081	5155	76	2	1.61e-22	117
CFAV-KC_Cambodia_2015	SRA:SRX4229293.26010354.2	93.421	76	5	0	6114	6189	76	1	2.08e-21	113
CFAV-KC_Cambodia_2015	SRA:SRX4229293.14137090.1	93.421	76	5	0	1410	1485	1	76	2.08e-21	113
CFAV-KC_Cambodia_2015	SRA:SRX4229293.9102378.1	93.333	75	5	0	348	422	1	75	7.50e-21	111
CFAV-Zik_Uganda_2016	SRA:SRX4229293.26010354.2	100.000	76	0	0	6114	6189	76	1	9.56e-30	141
CFAV-Zik_Uganda_2016	SRA:SRX4229293.34625694.2	98.684	76	1	0	3930	4005	76	1	4.45e-28	135
CFAV-Zik_Uganda_2016	SRA:SRX4229293.17129753.2	98.684	76	1	0	3987	4062	76	1	4.45e-28	135
CFAV-Zik_Uganda_2016	SRA:SRX4229293.15832291.1	98.684	76	1	0	1160	1235	1	76	4.45e-28	135
CFAV-Zik_Uganda_2016	SRA:SRX4229293.12959857.2	98.667	75	1	0	5081	5155	76	2	1.60e-27	134
CFAV-Zik_Uganda_2016	SRA:SRX4229293.33999077.1	98.649	74	1	0	1222	1295	1	74	5.75e-27	132
CFAV-Zik_Uganda_2016	SRA:SRX4229293.39805595.2	97.368	76	2	0	6212	6287	76	1	2.07e-26	130
CFAV-Zik_Uganda_2016	SRA:SRX4229293.29233674.2	97.368	76	2	0	8796	8871	1	76	2.07e-26	130
CFAV-Zik_Uganda_2016	SRA:SRX4229293.19235360.1	97.368	76	2	0	7644	7719	76	1	2.07e-26	130
CFAV-Zik_Uganda_2016	SRA:SRX4229293.17129753.1	97.368	76	2	0	3917	3992	1	76	2.07e-26	130
CFAV-Zik_Uganda_2016	SRA:SRX4229293.9093466.1	97.368	76	2	0	6687	6762	1	76	2.07e-26	130
CFAV-Zik_Uganda_2016	SRA:SRX4229293.7465860.2	97.368	76	2	0	5616	5691	1	76	2.07e-26	130
CFAV-Zik_Uganda_2016	SRA:SRX4229293.6551219.1	97.368	76	2	0	7996	8071	76	1	2.07e-26	130
CFAV-Zik_Uganda_2016	SRA:SRX4229293.1041268.2	97.368	76	2	0	6974	7049	1	76	2.07e-26	130
CFAV-Zik_Uganda_2016	SRA:SRX4229293.29233674.1	97.333	75	2	0	8852	8926	76	2	7.44e-26	128
CFAV-Zik_Uganda_2016	SRA:SRX4229293.15832291.2	97.333	75	2	0	1260	1334	76	2	7.44e-26	128
CFAV-Zik_Uganda_2016	SRA:SRX4229293.14137090.1	97.333	75	2	0	1410	1484	1	75	7.44e-26	128
CFAV-Zik_Uganda_2016	SRA:SRX4229293.39400418.1	97.260	73	2	0	5722	5794	73	1	9.63e-25	124
CFAV-Zik_Uganda_2016	SRA:SRX4229293.37633333.1	97.260	73	2	0	5722	5794	73	1	9.63e-25	124
CFAV-Zik_Uganda_2016	SRA:SRX4229293.26010354.1	96.053	76	3	0	6059	6134	1	76	9.63e-25	124
CFAV-Zik_Uganda_2016	SRA:SRX4229293.25318903.2	96.053	76	3	0	7717	7792	1	76	9.63e-25	124
CFAV-Zik_Uganda_2016	SRA:SRX4229293.9093466.2	96.053	76	3	0	6757	6832	76	1	9.63e-25	124
CFAV-Zik_Uganda_2016	SRA:SRX4229293.1041268.1	96.053	76	3	0	7046	7121	76	1	9.63e-25	124
CFAV-Zik_Uganda_2016	SRA:SRX4229293.33999077.2	95.946	74	3	0	1273	1346	76	3	1.25e-23	121
CFAV-Zik_Uganda_2016	SRA:SRX4229293.35286780.2	94.667	75	4	0	8448	8522	76	2	1.61e-22	117
CFAV-Zik_Uganda_2016	SRA:SRX4229293.35286780.1	95.833	72	3	0	8343	8414	1	72	1.61e-22	117
CFAV-Zik_Uganda_2016	SRA:SRX4229293.25318903.1	94.667	75	4	0	7836	7910	76	2	1.61e-22	117
CFAV-Zik_Uganda_2016	SRA:SRX4229293.6551219.2	94.667	75	4	0	7836	7910	1	75	1.61e-22	117
CFAV-Zik_Uganda_2016	SRA:SRX4229293.9102378.1	93.333	75	5	0	348	422	1	75	7.50e-21	111
CFAV-Zik_Uganda_2016	SRA:SRX4229293.12959857.1	92.105	76	6	0	4879	4954	1	76	9.70e-20	108
