CFAV-Bangkok_Thailand_2015	SRA:SRX423183.43522847.1	99.010	101	1	0	4688	4788	101	1	8.19e-42	182
CFAV-Bangkok_Thailand_2015	SRA:SRX423183.23736978.1	99.010	101	1	0	4756	4856	101	1	8.19e-42	182
CFAV-Bangkok_Thailand_2015	SRA:SRX423183.51032546.1	97.980	99	2	0	4669	4767	3	101	4.93e-39	172
CFAV-Bangkok_Thailand_2015	SRA:SRX423183.5922254.1	97.938	97	2	0	4669	4765	3	99	6.38e-38	169
CFAV-Bangkok_Thailand_2015	SRA:SRX423183.29427540.1	94.366	71	4	0	1918	1988	31	101	3.92e-20	110
CFAV-Bangkok_Thailand_2015	SRA:SRX423183.23942917.1	94.366	71	4	0	1918	1988	31	101	3.92e-20	110
CFAV-Bangkok_Thailand_2015	SRA:SRX423183.23942917.1	97.436	39	1	0	5225	5263	1	39	2.39e-07	67.6
NC_001564	SRA:SRX423183.51032546.1	100.000	101	0	0	4674	4774	1	101	1.76e-43	187
NC_001564	SRA:SRX423183.5922254.1	100.000	99	0	0	4674	4772	1	99	2.28e-42	183
NC_001564	SRA:SRX423183.43522847.1	99.010	101	1	0	4695	4795	101	1	8.21e-42	182
NC_001564	SRA:SRX423183.23736978.1	99.010	101	1	0	4763	4863	101	1	8.21e-42	182
NC_001564	SRA:SRX423183.29427540.1	94.366	71	4	0	1925	1995	31	101	3.93e-20	110
NC_001564	SRA:SRX423183.23942917.1	94.366	71	4	0	1925	1995	31	101	3.93e-20	110
NC_001564	SRA:SRX423183.23942917.1	100.000	39	0	0	5232	5270	1	39	5.16e-09	73.1
CFAV-Cairns_Australia_2014	SRA:SRX423183.23736978.1	100.000	101	0	0	4762	4862	101	1	1.77e-43	187
CFAV-Cairns_Australia_2014	SRA:SRX423183.43522847.1	98.020	101	2	0	4694	4794	101	1	3.82e-40	176
CFAV-Cairns_Australia_2014	SRA:SRX423183.51032546.1	97.030	101	3	0	4673	4773	1	101	1.78e-38	171
CFAV-Cairns_Australia_2014	SRA:SRX423183.5922254.1	96.970	99	3	0	4673	4771	1	99	2.30e-37	167
CFAV-Cairns_Australia_2014	SRA:SRX423183.29427540.1	95.775	71	3	0	1924	1994	31	101	8.45e-22	115
CFAV-Cairns_Australia_2014	SRA:SRX423183.23942917.1	95.775	71	3	0	1924	1994	31	101	8.45e-22	115
CFAV-Cairns_Australia_2014	SRA:SRX423183.23942917.1	100.000	39	0	0	5231	5269	1	39	5.16e-09	73.1
CFAV-Macapa2_Brazil_2017	SRA:SRX423183.43522847.1	98.020	101	2	0	4695	4795	101	1	3.82e-40	176
CFAV-Macapa2_Brazil_2017	SRA:SRX423183.51032546.1	97.030	101	3	0	4674	4774	1	101	1.78e-38	171
CFAV-Macapa2_Brazil_2017	SRA:SRX423183.5922254.1	96.970	99	3	0	4674	4772	1	99	2.30e-37	167
CFAV-Macapa2_Brazil_2017	SRA:SRX423183.23736978.1	96.040	101	4	0	4763	4863	101	1	8.27e-37	165
CFAV-Macapa2_Brazil_2017	SRA:SRX423183.29427540.1	97.183	71	2	0	1925	1995	31	101	1.82e-23	121
CFAV-Macapa2_Brazil_2017	SRA:SRX423183.23942917.1	97.183	71	2	0	1925	1995	31	101	1.82e-23	121
CFAV-Macapa2_Brazil_2017	SRA:SRX423183.23942917.1	100.000	39	0	0	5232	5270	1	39	5.16e-09	73.1
CFAV-KC_Cambodia_2015	SRA:SRX423183.23736978.1	99.010	101	1	0	4774	4874	101	1	8.22e-42	182
CFAV-KC_Cambodia_2015	SRA:SRX423183.43522847.1	98.020	101	2	0	4706	4806	101	1	3.83e-40	176
CFAV-KC_Cambodia_2015	SRA:SRX423183.51032546.1	96.040	101	4	0	4685	4785	1	101	8.28e-37	165
CFAV-KC_Cambodia_2015	SRA:SRX423183.5922254.1	95.960	99	4	0	4685	4783	1	99	1.07e-35	161
CFAV-KC_Cambodia_2015	SRA:SRX423183.29427540.1	95.775	71	3	0	1936	2006	31	101	8.46e-22	115
CFAV-KC_Cambodia_2015	SRA:SRX423183.23942917.1	95.775	71	3	0	1936	2006	31	101	8.46e-22	115
CFAV-Zik_Uganda_2016	SRA:SRX423183.23736978.1	98.020	101	2	0	4774	4874	101	1	3.83e-40	176
CFAV-Zik_Uganda_2016	SRA:SRX423183.43522847.1	97.030	101	3	0	4706	4806	101	1	1.78e-38	171
CFAV-Zik_Uganda_2016	SRA:SRX423183.51032546.1	95.050	101	5	0	4685	4785	1	101	3.85e-35	159
CFAV-Zik_Uganda_2016	SRA:SRX423183.5922254.1	94.949	99	5	0	4685	4783	1	99	4.98e-34	156
CFAV-Zik_Uganda_2016	SRA:SRX423183.23942917.1	100.000	39	0	0	5243	5281	1	39	5.16e-09	73.1
