CFAV-Bangkok_Thailand_2015	SRA:SRX4584278.10714395.1	99.010	101	1	0	3658	3758	101	1	3.35e-42	182
CFAV-Bangkok_Thailand_2015	SRA:SRX4584278.7519621.2	98.020	101	2	0	3665	3765	101	1	1.56e-40	176
CFAV-Bangkok_Thailand_2015	SRA:SRX4584278.9606650.2	97.030	101	3	0	3666	3766	101	1	7.25e-39	171
CFAV-Bangkok_Thailand_2015	SRA:SRX4584278.8783362.2	96.970	99	3	0	3708	3806	101	3	9.37e-38	167
CFAV-Bangkok_Thailand_2015	SRA:SRX4584278.1886030.1	96.939	98	3	0	3787	3884	98	1	3.37e-37	165
CFAV-Bangkok_Thailand_2015	SRA:SRX4584278.1886030.2	96.000	100	4	0	3769	3868	2	101	1.21e-36	163
CFAV-Bangkok_Thailand_2015	SRA:SRX4584278.6172007.1	97.561	41	1	0	3578	3618	61	101	7.56e-09	71.3
CFAV-Bangkok_Thailand_2015	SRA:SRX4584278.7519621.1	97.222	36	1	0	3578	3613	66	101	4.55e-06	62.1
NC_001564	SRA:SRX4584278.1886030.1	100.000	98	0	0	3794	3891	98	1	3.35e-42	182
NC_001564	SRA:SRX4584278.1886030.2	99.000	100	1	0	3776	3875	2	101	1.21e-41	180
NC_001564	SRA:SRX4584278.10714395.1	96.040	101	4	0	3665	3765	101	1	3.38e-37	165
NC_001564	SRA:SRX4584278.7519621.2	95.050	101	5	0	3672	3772	101	1	1.57e-35	159
NC_001564	SRA:SRX4584278.9606650.2	94.059	101	6	0	3673	3773	101	1	7.31e-34	154
NC_001564	SRA:SRX4584278.6172007.1	97.561	41	1	0	3585	3625	61	101	7.58e-09	71.3
NC_001564	SRA:SRX4584278.7519621.1	97.222	36	1	0	3585	3620	66	101	4.56e-06	62.1
CFAV-Cairns_Australia_2014	SRA:SRX4584278.10714395.1	100.000	101	0	0	3664	3764	101	1	7.21e-44	187
CFAV-Cairns_Australia_2014	SRA:SRX4584278.7519621.2	99.010	101	1	0	3671	3771	101	1	3.35e-42	182
CFAV-Cairns_Australia_2014	SRA:SRX4584278.1886030.1	100.000	98	0	0	3793	3890	98	1	3.35e-42	182
CFAV-Cairns_Australia_2014	SRA:SRX4584278.1886030.2	99.000	100	1	0	3775	3874	2	101	1.21e-41	180
CFAV-Cairns_Australia_2014	SRA:SRX4584278.9606650.2	98.020	101	2	0	3672	3772	101	1	1.56e-40	176
CFAV-Cairns_Australia_2014	SRA:SRX4584278.8783362.2	98.020	101	2	0	3714	3814	101	1	1.56e-40	176
CFAV-Cairns_Australia_2014	SRA:SRX4584278.6172007.1	97.561	41	1	0	3584	3624	61	101	7.58e-09	71.3
CFAV-Cairns_Australia_2014	SRA:SRX4584278.7519621.1	97.222	36	1	0	3584	3619	66	101	4.56e-06	62.1
CFAV-Macapa2_Brazil_2017	SRA:SRX4584278.10714395.1	98.020	101	2	0	3665	3765	101	1	1.56e-40	176
CFAV-Macapa2_Brazil_2017	SRA:SRX4584278.8783362.2	98.020	101	2	0	3715	3815	101	1	1.56e-40	176
CFAV-Macapa2_Brazil_2017	SRA:SRX4584278.7519621.2	98.020	101	2	0	3672	3772	101	1	1.56e-40	176
CFAV-Macapa2_Brazil_2017	SRA:SRX4584278.1886030.2	98.000	100	2	0	3776	3875	2	101	5.61e-40	174
CFAV-Macapa2_Brazil_2017	SRA:SRX4584278.9606650.2	97.030	101	3	0	3673	3773	101	1	7.26e-39	171
CFAV-Macapa2_Brazil_2017	SRA:SRX4584278.1886030.1	97.959	98	2	0	3794	3891	98	1	7.26e-39	171
CFAV-Macapa2_Brazil_2017	SRA:SRX4584278.6172007.1	97.561	41	1	0	3585	3625	61	101	7.58e-09	71.3
CFAV-Macapa2_Brazil_2017	SRA:SRX4584278.7519621.1	97.222	36	1	0	3585	3620	66	101	4.56e-06	62.1
CFAV-KC_Cambodia_2015	SRA:SRX4584278.10714395.1	100.000	101	0	0	3676	3776	101	1	7.22e-44	187
CFAV-KC_Cambodia_2015	SRA:SRX4584278.7519621.2	100.000	101	0	0	3683	3783	101	1	7.22e-44	187
CFAV-KC_Cambodia_2015	SRA:SRX4584278.9606650.2	99.010	101	1	0	3684	3784	101	1	3.36e-42	182
CFAV-KC_Cambodia_2015	SRA:SRX4584278.8783362.2	98.990	99	1	0	3726	3824	101	3	4.34e-41	178
CFAV-KC_Cambodia_2015	SRA:SRX4584278.1886030.1	98.980	98	1	0	3805	3902	98	1	1.56e-40	176
CFAV-KC_Cambodia_2015	SRA:SRX4584278.1886030.2	98.000	100	2	0	3787	3886	2	101	5.62e-40	174
CFAV-KC_Cambodia_2015	SRA:SRX4584278.6172007.1	97.561	41	1	0	3596	3636	61	101	7.59e-09	71.3
CFAV-KC_Cambodia_2015	SRA:SRX4584278.7519621.1	97.222	36	1	0	3596	3631	66	101	4.57e-06	62.1
CFAV-Zik_Uganda_2016	SRA:SRX4584278.10714395.1	100.000	101	0	0	3676	3776	101	1	7.22e-44	187
CFAV-Zik_Uganda_2016	SRA:SRX4584278.7519621.2	100.000	101	0	0	3683	3783	101	1	7.22e-44	187
CFAV-Zik_Uganda_2016	SRA:SRX4584278.9606650.2	99.010	101	1	0	3684	3784	101	1	3.36e-42	182
CFAV-Zik_Uganda_2016	SRA:SRX4584278.8783362.2	98.990	99	1	0	3726	3824	101	3	4.34e-41	178
CFAV-Zik_Uganda_2016	SRA:SRX4584278.1886030.1	98.980	98	1	0	3805	3902	98	1	1.56e-40	176
CFAV-Zik_Uganda_2016	SRA:SRX4584278.1886030.2	98.000	100	2	0	3787	3886	2	101	5.62e-40	174
CFAV-Zik_Uganda_2016	SRA:SRX4584278.6172007.1	97.561	41	1	0	3596	3636	61	101	7.59e-09	71.3
CFAV-Zik_Uganda_2016	SRA:SRX4584278.7519621.1	97.222	36	1	0	3596	3631	66	101	4.57e-06	62.1
