CFAV-Bangkok_Thailand_2015	SRA:SRX4590304.20982883.1	100.000	101	0	0	7351	7451	1	101	5.24e-44	187
CFAV-Bangkok_Thailand_2015	SRA:SRX4590304.16026166.1	100.000	101	0	0	9063	9163	1	101	5.24e-44	187
CFAV-Bangkok_Thailand_2015	SRA:SRX4590304.11680424.1	100.000	101	0	0	884	984	1	101	5.24e-44	187
CFAV-Bangkok_Thailand_2015	SRA:SRX4590304.9759819.1	100.000	101	0	0	7351	7451	1	101	5.24e-44	187
CFAV-Bangkok_Thailand_2015	SRA:SRX4590304.8442301.1	100.000	101	0	0	3680	3780	1	101	5.24e-44	187
CFAV-Bangkok_Thailand_2015	SRA:SRX4590304.3468653.1	100.000	101	0	0	8159	8259	1	101	5.24e-44	187
CFAV-Bangkok_Thailand_2015	SRA:SRX4590304.3417036.1	100.000	101	0	0	7351	7451	1	101	5.24e-44	187
CFAV-Bangkok_Thailand_2015	SRA:SRX4590304.20345654.1	100.000	100	0	0	8515	8614	2	101	1.89e-43	185
CFAV-Bangkok_Thailand_2015	SRA:SRX4590304.18287406.1	100.000	100	0	0	10172	10271	2	101	1.89e-43	185
CFAV-Bangkok_Thailand_2015	SRA:SRX4590304.8581923.1	100.000	99	0	0	10340	10438	3	101	6.78e-43	183
CFAV-Bangkok_Thailand_2015	SRA:SRX4590304.21523320.1	99.010	101	1	0	9141	9241	1	101	2.44e-42	182
CFAV-Bangkok_Thailand_2015	SRA:SRX4590304.19616222.1	100.000	98	0	0	9018	9115	4	101	2.44e-42	182
CFAV-Bangkok_Thailand_2015	SRA:SRX4590304.16927299.1	100.000	98	0	0	9018	9115	4	101	2.44e-42	182
CFAV-Bangkok_Thailand_2015	SRA:SRX4590304.16647072.1	100.000	98	0	0	33	130	4	101	2.44e-42	182
CFAV-Bangkok_Thailand_2015	SRA:SRX4590304.15684767.1	99.010	101	1	0	9114	9214	1	101	2.44e-42	182
CFAV-Bangkok_Thailand_2015	SRA:SRX4590304.15194620.1	99.010	101	1	0	63	163	1	101	2.44e-42	182
CFAV-Bangkok_Thailand_2015	SRA:SRX4590304.14194792.1	99.010	101	1	0	9114	9214	1	101	2.44e-42	182
CFAV-Bangkok_Thailand_2015	SRA:SRX4590304.10586906.1	100.000	98	0	0	33	130	4	101	2.44e-42	182
CFAV-Bangkok_Thailand_2015	SRA:SRX4590304.8501635.1	99.010	101	1	0	4912	5012	1	101	2.44e-42	182
CFAV-Bangkok_Thailand_2015	SRA:SRX4590304.8055561.1	100.000	98	0	0	9018	9115	4	101	2.44e-42	182
CFAV-Bangkok_Thailand_2015	SRA:SRX4590304.1928018.1	99.010	101	1	0	10398	10498	1	101	2.44e-42	182
CFAV-Bangkok_Thailand_2015	SRA:SRX4590304.21273058.1	100.000	97	0	0	1	97	5	101	8.77e-42	180
CFAV-Bangkok_Thailand_2015	SRA:SRX4590304.20419316.1	100.000	97	0	0	1	97	4	100	8.77e-42	180
CFAV-Bangkok_Thailand_2015	SRA:SRX4590304.5601216.1	100.000	97	0	0	1	97	4	100	8.77e-42	180
CFAV-Bangkok_Thailand_2015	SRA:SRX4590304.3204916.1	99.000	100	1	0	9063	9162	2	101	8.77e-42	180
CFAV-Bangkok_Thailand_2015	SRA:SRX4590304.2664445.1	100.000	97	0	0	1	97	4	100	8.77e-42	180
CFAV-Bangkok_Thailand_2015	SRA:SRX4590304.13425576.1	98.990	99	1	0	354	452	3	101	3.15e-41	178
CFAV-Bangkok_Thailand_2015	SRA:SRX4590304.6033774.1	99.000	100	0	1	7650	7749	3	101	3.15e-41	178
CFAV-Bangkok_Thailand_2015	SRA:SRX4590304.5877848.1	100.000	96	0	0	1	96	6	101	3.15e-41	178
CFAV-Bangkok_Thailand_2015	SRA:SRX4590304.18153829.1	98.020	101	2	0	4905	5005	1	101	1.13e-40	176
CFAV-Bangkok_Thailand_2015	SRA:SRX4590304.12519003.1	100.000	95	0	0	3	97	1	95	1.13e-40	176
CFAV-Bangkok_Thailand_2015	SRA:SRX4590304.6392056.1	100.000	95	0	0	1	95	7	101	1.13e-40	176
CFAV-Bangkok_Thailand_2015	SRA:SRX4590304.3985416.1	98.980	98	1	0	9194	9291	4	101	1.13e-40	176
CFAV-Bangkok_Thailand_2015	SRA:SRX4590304.17476748.1	98.020	101	1	1	4898	4997	1	101	4.08e-40	174
CFAV-Bangkok_Thailand_2015	SRA:SRX4590304.15486065.1	100.000	94	0	0	4	97	2	95	4.08e-40	174
CFAV-Bangkok_Thailand_2015	SRA:SRX4590304.7253527.1	98.020	101	1	1	4905	5005	2	101	4.08e-40	174
CFAV-Bangkok_Thailand_2015	SRA:SRX4590304.5595503.1	98.969	97	1	0	87	183	5	101	4.08e-40	174
CFAV-Bangkok_Thailand_2015	SRA:SRX4590304.1599905.1	100.000	94	0	0	4	97	7	100	4.08e-40	174
CFAV-Bangkok_Thailand_2015	SRA:SRX4590304.15469025.1	97.980	99	2	0	4904	5002	3	101	1.47e-39	172
CFAV-Bangkok_Thailand_2015	SRA:SRX4590304.12344417.1	98.958	96	1	0	9195	9290	6	101	1.47e-39	172
CFAV-Bangkok_Thailand_2015	SRA:SRX4590304.17056024.1	98.947	95	1	0	88	182	3	97	5.28e-39	171
CFAV-Bangkok_Thailand_2015	SRA:SRX4590304.7515492.1	98.947	95	1	0	88	182	3	97	5.28e-39	171
CFAV-Bangkok_Thailand_2015	SRA:SRX4590304.6461902.1	97.030	101	3	0	4893	4993	1	101	5.28e-39	171
CFAV-Bangkok_Thailand_2015	SRA:SRX4590304.1772050.1	97.059	102	2	1	9190	9291	1	101	5.28e-39	171
CFAV-Bangkok_Thailand_2015	SRA:SRX4590304.4026584.1	100.000	91	0	0	1	91	11	101	1.90e-38	169
CFAV-Bangkok_Thailand_2015	SRA:SRX4590304.21382746.1	97.917	96	2	0	4942	5037	6	101	6.83e-38	167
CFAV-Bangkok_Thailand_2015	SRA:SRX4590304.14895622.1	97.917	96	2	0	93	188	1	96	6.83e-38	167
CFAV-Bangkok_Thailand_2015	SRA:SRX4590304.12131682.1	98.913	92	1	0	6026	6117	1	92	2.46e-37	165
CFAV-Bangkok_Thailand_2015	SRA:SRX4590304.14841752.1	96.907	97	3	0	4922	5018	1	97	8.83e-37	163
CFAV-Bangkok_Thailand_2015	SRA:SRX4590304.14377630.1	96.907	97	3	0	4922	5018	1	97	8.83e-37	163
CFAV-Bangkok_Thailand_2015	SRA:SRX4590304.14876355.1	96.875	96	3	0	9349	9444	6	101	3.18e-36	161
CFAV-Bangkok_Thailand_2015	SRA:SRX4590304.18695931.1	100.000	83	0	0	8534	8616	1	83	5.32e-34	154
CFAV-Bangkok_Thailand_2015	SRA:SRX4590304.19082748.1	100.000	82	0	0	1	82	20	101	1.91e-33	152
CFAV-Bangkok_Thailand_2015	SRA:SRX4590304.17026359.1	100.000	82	0	0	1	82	20	101	1.91e-33	152
CFAV-Bangkok_Thailand_2015	SRA:SRX4590304.14565766.1	97.674	86	2	0	7664	7749	2	87	2.47e-32	148
CFAV-Bangkok_Thailand_2015	SRA:SRX4590304.13134178.1	97.674	86	2	0	3900	3985	1	86	2.47e-32	148
CFAV-Bangkok_Thailand_2015	SRA:SRX4590304.13127055.1	97.674	86	2	0	3900	3985	1	86	2.47e-32	148
CFAV-Bangkok_Thailand_2015	SRA:SRX4590304.2463792.1	98.750	80	1	0	476	555	5	84	1.15e-30	143
CFAV-Bangkok_Thailand_2015	SRA:SRX4590304.18540597.1	96.429	84	3	0	99	182	1	84	1.49e-29	139
CFAV-Bangkok_Thailand_2015	SRA:SRX4590304.18604769.1	97.500	80	2	0	476	555	5	84	5.35e-29	137
CFAV-Bangkok_Thailand_2015	SRA:SRX4590304.20398500.1	100.000	73	0	0	6798	6870	3	75	1.93e-28	135
CFAV-Bangkok_Thailand_2015	SRA:SRX4590304.19064470.1	97.403	77	2	0	7425	7501	1	77	2.49e-27	132
CFAV-Bangkok_Thailand_2015	SRA:SRX4590304.8477131.1	97.403	77	2	0	4942	5018	1	77	2.49e-27	132
CFAV-Bangkok_Thailand_2015	SRA:SRX4590304.4721542.1	98.667	75	0	1	8733	8807	1	74	2.49e-27	132
CFAV-Bangkok_Thailand_2015	SRA:SRX4590304.17727612.1	95.890	73	3	0	4956	5028	2	74	1.94e-23	119
CFAV-Bangkok_Thailand_2015	SRA:SRX4590304.558025.1	95.890	73	3	0	4956	5028	2	74	1.94e-23	119
CFAV-Bangkok_Thailand_2015	SRA:SRX4590304.20925248.1	97.015	67	2	0	108	174	4	70	9.02e-22	113
CFAV-Bangkok_Thailand_2015	SRA:SRX4590304.5754984.1	97.015	67	2	0	108	174	4	70	9.02e-22	113
CFAV-Bangkok_Thailand_2015	SRA:SRX4590304.474906.1	100.000	59	0	0	8737	8795	7	65	1.17e-20	110
CFAV-Bangkok_Thailand_2015	SRA:SRX4590304.16160555.1	100.000	58	0	0	10546	10603	2	59	4.20e-20	108
CFAV-Bangkok_Thailand_2015	SRA:SRX4590304.4306546.1	98.276	58	1	0	9252	9309	1	58	1.95e-18	102
CFAV-Bangkok_Thailand_2015	SRA:SRX4590304.8474261.1	98.148	54	1	0	7420	7473	3	56	3.27e-16	95.3
CFAV-Bangkok_Thailand_2015	SRA:SRX4590304.16627470.1	100.000	41	0	0	57	97	1	41	1.18e-10	76.8
NC_001564	SRA:SRX4590304.20982883.1	99.010	101	1	0	7358	7458	1	101	2.44e-42	182
NC_001564	SRA:SRX4590304.9759819.1	99.010	101	1	0	7358	7458	1	101	2.44e-42	182
NC_001564	SRA:SRX4590304.3417036.1	99.010	101	1	0	7358	7458	1	101	2.44e-42	182
NC_001564	SRA:SRX4590304.8581923.1	98.990	99	1	0	10347	10445	3	101	3.16e-41	178
NC_001564	SRA:SRX4590304.6033774.1	99.000	100	0	1	7657	7756	3	101	3.16e-41	178
NC_001564	SRA:SRX4590304.16026166.1	98.020	101	2	0	9070	9170	1	101	1.14e-40	176
NC_001564	SRA:SRX4590304.15684767.1	98.020	101	2	0	9121	9221	1	101	1.14e-40	176
NC_001564	SRA:SRX4590304.14194792.1	98.020	101	2	0	9121	9221	1	101	1.14e-40	176
NC_001564	SRA:SRX4590304.1928018.1	97.030	101	3	0	10405	10505	1	101	5.29e-39	171
NC_001564	SRA:SRX4590304.18287406.1	97.000	100	3	0	10179	10278	2	101	1.90e-38	169
NC_001564	SRA:SRX4590304.3204916.1	97.000	100	3	0	9070	9169	2	101	1.90e-38	169
NC_001564	SRA:SRX4590304.21523320.1	96.040	101	4	0	9148	9248	1	101	2.46e-37	165
NC_001564	SRA:SRX4590304.8501635.1	96.040	101	4	0	4919	5019	1	101	2.46e-37	165
NC_001564	SRA:SRX4590304.20419316.1	96.000	100	4	0	5	104	1	100	8.85e-37	163
NC_001564	SRA:SRX4590304.16647072.1	97.872	94	2	0	42	135	6	99	8.85e-37	163
NC_001564	SRA:SRX4590304.10586906.1	97.872	94	2	0	42	135	6	99	8.85e-37	163
NC_001564	SRA:SRX4590304.5601216.1	96.000	100	4	0	5	104	1	100	8.85e-37	163
NC_001564	SRA:SRX4590304.2664445.1	96.000	100	4	0	5	104	1	100	8.85e-37	163
NC_001564	SRA:SRX4590304.21273058.1	95.960	99	4	0	6	104	3	101	3.18e-36	161
NC_001564	SRA:SRX4590304.6392056.1	95.960	99	4	0	4	102	3	101	3.18e-36	161
NC_001564	SRA:SRX4590304.18153829.1	95.050	101	5	0	4912	5012	1	101	1.15e-35	159
NC_001564	SRA:SRX4590304.14876355.1	96.842	95	3	0	9356	9450	6	100	1.15e-35	159
NC_001564	SRA:SRX4590304.8442301.1	95.050	101	5	0	3687	3787	1	101	1.15e-35	159
NC_001564	SRA:SRX4590304.6461902.1	95.050	101	5	0	4900	5000	1	101	1.15e-35	159
NC_001564	SRA:SRX4590304.5877848.1	95.918	98	4	0	6	103	4	101	1.15e-35	159
NC_001564	SRA:SRX4590304.7253527.1	95.050	101	4	1	4912	5012	2	101	4.12e-35	158
NC_001564	SRA:SRX4590304.15486065.1	96.774	93	3	0	12	104	3	95	1.48e-34	156
NC_001564	SRA:SRX4590304.12519003.1	96.774	93	3	0	12	104	3	95	1.48e-34	156
NC_001564	SRA:SRX4590304.3468653.1	94.949	99	5	0	8166	8264	1	99	1.48e-34	156
NC_001564	SRA:SRX4590304.1599905.1	96.774	93	3	0	12	104	8	100	1.48e-34	156
NC_001564	SRA:SRX4590304.19082748.1	97.753	89	2	0	1	89	13	101	5.33e-34	154
NC_001564	SRA:SRX4590304.17026359.1	97.753	89	2	0	1	89	13	101	5.33e-34	154
NC_001564	SRA:SRX4590304.12131682.1	96.739	92	3	0	6033	6124	1	92	5.33e-34	154
NC_001564	SRA:SRX4590304.4026584.1	94.898	98	5	0	1	98	4	101	5.33e-34	154
NC_001564	SRA:SRX4590304.3985416.1	94.898	98	5	0	9201	9298	4	101	5.33e-34	154
NC_001564	SRA:SRX4590304.13425576.1	94.845	97	5	0	361	457	3	99	1.92e-33	152
NC_001564	SRA:SRX4590304.21382746.1	94.792	96	5	0	4949	5044	6	101	6.89e-33	150
NC_001564	SRA:SRX4590304.12344417.1	95.699	93	4	0	9202	9294	6	98	6.89e-33	150
NC_001564	SRA:SRX4590304.20345654.1	93.137	102	6	1	8520	8621	1	101	2.48e-32	148
NC_001564	SRA:SRX4590304.14565766.1	97.674	86	2	0	7671	7756	2	87	2.48e-32	148
NC_001564	SRA:SRX4590304.1772050.1	93.878	98	6	0	9201	9298	4	101	2.48e-32	148
NC_001564	SRA:SRX4590304.14841752.1	93.814	97	6	0	4929	5025	1	97	8.92e-32	147
NC_001564	SRA:SRX4590304.14377630.1	93.814	97	6	0	4929	5025	1	97	8.92e-32	147
NC_001564	SRA:SRX4590304.5595503.1	93.814	97	6	0	94	190	5	101	8.92e-32	147
NC_001564	SRA:SRX4590304.17056024.1	93.684	95	6	0	95	189	3	97	1.15e-30	143
NC_001564	SRA:SRX4590304.15194620.1	92.157	102	7	1	70	171	1	101	1.15e-30	143
NC_001564	SRA:SRX4590304.7515492.1	93.684	95	6	0	95	189	3	97	1.15e-30	143
NC_001564	SRA:SRX4590304.14895622.1	92.708	96	7	0	100	195	1	96	1.49e-29	139
NC_001564	SRA:SRX4590304.13134178.1	95.349	86	4	0	3907	3992	1	86	5.37e-29	137
NC_001564	SRA:SRX4590304.13127055.1	95.349	86	4	0	3907	3992	1	86	5.37e-29	137
NC_001564	SRA:SRX4590304.2463792.1	96.250	80	3	0	483	562	5	84	2.50e-27	132
NC_001564	SRA:SRX4590304.19064470.1	96.104	77	3	0	7432	7508	1	77	1.16e-25	126
NC_001564	SRA:SRX4590304.18695931.1	92.771	83	6	0	8541	8623	1	83	5.40e-24	121
NC_001564	SRA:SRX4590304.8477131.1	94.805	77	4	0	4949	5025	1	77	5.40e-24	121
NC_001564	SRA:SRX4590304.20398500.1	95.833	72	3	0	6806	6877	4	75	6.99e-23	117
NC_001564	SRA:SRX4590304.4721542.1	95.652	69	3	0	8746	8814	6	74	3.25e-21	111
NC_001564	SRA:SRX4590304.17727612.1	93.151	73	5	0	4963	5035	2	74	4.21e-20	108
NC_001564	SRA:SRX4590304.16160555.1	100.000	58	0	0	10553	10610	2	59	4.21e-20	108
NC_001564	SRA:SRX4590304.558025.1	93.151	73	5	0	4963	5035	2	74	4.21e-20	108
NC_001564	SRA:SRX4590304.8474261.1	95.161	62	1	1	7427	7486	3	64	9.11e-17	97.1
NC_001564	SRA:SRX4590304.474906.1	94.915	59	3	0	8744	8802	7	65	1.18e-15	93.5
CFAV-Cairns_Australia_2014	SRA:SRX4590304.20982883.1	100.000	101	0	0	7357	7457	1	101	5.25e-44	187
CFAV-Cairns_Australia_2014	SRA:SRX4590304.9759819.1	100.000	101	0	0	7357	7457	1	101	5.25e-44	187
CFAV-Cairns_Australia_2014	SRA:SRX4590304.3417036.1	100.000	101	0	0	7357	7457	1	101	5.25e-44	187
CFAV-Cairns_Australia_2014	SRA:SRX4590304.16026166.1	99.010	101	1	0	9069	9169	1	101	2.44e-42	182
CFAV-Cairns_Australia_2014	SRA:SRX4590304.8442301.1	99.010	101	1	0	3686	3786	1	101	2.44e-42	182
CFAV-Cairns_Australia_2014	SRA:SRX4590304.8581923.1	98.990	99	1	0	10346	10444	3	101	3.16e-41	178
CFAV-Cairns_Australia_2014	SRA:SRX4590304.15684767.1	98.020	101	2	0	9120	9220	1	101	1.14e-40	176
CFAV-Cairns_Australia_2014	SRA:SRX4590304.14194792.1	98.020	101	2	0	9120	9220	1	101	1.14e-40	176
CFAV-Cairns_Australia_2014	SRA:SRX4590304.1928018.1	98.020	101	2	0	10404	10504	1	101	1.14e-40	176
CFAV-Cairns_Australia_2014	SRA:SRX4590304.3204916.1	98.000	100	2	0	9069	9168	2	101	4.09e-40	174
CFAV-Cairns_Australia_2014	SRA:SRX4590304.6033774.1	98.000	100	1	1	7656	7755	3	101	1.47e-39	172
CFAV-Cairns_Australia_2014	SRA:SRX4590304.21523320.1	97.030	101	3	0	9147	9247	1	101	5.29e-39	171
CFAV-Cairns_Australia_2014	SRA:SRX4590304.14876355.1	98.947	95	1	0	9355	9449	6	100	5.29e-39	171
CFAV-Cairns_Australia_2014	SRA:SRX4590304.19616222.1	96.939	98	3	0	9024	9121	4	101	2.46e-37	165
CFAV-Cairns_Australia_2014	SRA:SRX4590304.16927299.1	96.939	98	3	0	9024	9121	4	101	2.46e-37	165
CFAV-Cairns_Australia_2014	SRA:SRX4590304.8055561.1	96.939	98	3	0	9024	9121	4	101	2.46e-37	165
CFAV-Cairns_Australia_2014	SRA:SRX4590304.3468653.1	96.040	101	4	0	8165	8265	1	101	2.46e-37	165
CFAV-Cairns_Australia_2014	SRA:SRX4590304.20419316.1	96.000	100	4	0	4	103	1	100	8.86e-37	163
CFAV-Cairns_Australia_2014	SRA:SRX4590304.5601216.1	96.000	100	4	0	4	103	1	100	8.86e-37	163
CFAV-Cairns_Australia_2014	SRA:SRX4590304.2664445.1	96.000	100	4	0	4	103	1	100	8.86e-37	163
CFAV-Cairns_Australia_2014	SRA:SRX4590304.21273058.1	95.960	99	4	0	5	103	3	101	3.18e-36	161
CFAV-Cairns_Australia_2014	SRA:SRX4590304.13425576.1	95.960	99	4	0	360	458	3	101	3.18e-36	161
CFAV-Cairns_Australia_2014	SRA:SRX4590304.6392056.1	95.960	99	4	0	3	101	3	101	3.18e-36	161
CFAV-Cairns_Australia_2014	SRA:SRX4590304.18287406.1	95.918	98	4	0	10178	10275	2	99	1.15e-35	159
CFAV-Cairns_Australia_2014	SRA:SRX4590304.12131682.1	97.826	92	2	0	6032	6123	1	92	1.15e-35	159
CFAV-Cairns_Australia_2014	SRA:SRX4590304.5877848.1	95.918	98	4	0	5	102	4	101	1.15e-35	159
CFAV-Cairns_Australia_2014	SRA:SRX4590304.16647072.1	96.809	94	3	0	41	134	6	99	4.12e-35	158
CFAV-Cairns_Australia_2014	SRA:SRX4590304.10586906.1	96.809	94	3	0	41	134	6	99	4.12e-35	158
CFAV-Cairns_Australia_2014	SRA:SRX4590304.15486065.1	96.774	93	3	0	11	103	3	95	1.48e-34	156
CFAV-Cairns_Australia_2014	SRA:SRX4590304.12519003.1	96.774	93	3	0	11	103	3	95	1.48e-34	156
CFAV-Cairns_Australia_2014	SRA:SRX4590304.1599905.1	96.774	93	3	0	11	103	8	100	1.48e-34	156
CFAV-Cairns_Australia_2014	SRA:SRX4590304.8501635.1	94.059	101	6	0	4918	5018	1	101	5.33e-34	154
CFAV-Cairns_Australia_2014	SRA:SRX4590304.19082748.1	97.727	88	2	0	1	88	14	101	1.92e-33	152
CFAV-Cairns_Australia_2014	SRA:SRX4590304.17026359.1	97.727	88	2	0	1	88	14	101	1.92e-33	152
CFAV-Cairns_Australia_2014	SRA:SRX4590304.4026584.1	94.845	97	5	0	1	97	5	101	1.92e-33	152
CFAV-Cairns_Australia_2014	SRA:SRX4590304.13134178.1	97.674	86	2	0	3906	3991	1	86	2.48e-32	148
CFAV-Cairns_Australia_2014	SRA:SRX4590304.13127055.1	97.674	86	2	0	3906	3991	1	86	2.48e-32	148
CFAV-Cairns_Australia_2014	SRA:SRX4590304.6461902.1	93.069	101	7	0	4899	4999	1	101	2.48e-32	148
CFAV-Cairns_Australia_2014	SRA:SRX4590304.3985416.1	93.878	98	6	0	9200	9297	4	101	2.48e-32	148
CFAV-Cairns_Australia_2014	SRA:SRX4590304.21382746.1	93.750	96	6	0	4948	5043	6	101	3.21e-31	145
CFAV-Cairns_Australia_2014	SRA:SRX4590304.14895622.1	93.750	96	6	0	99	194	1	96	3.21e-31	145
CFAV-Cairns_Australia_2014	SRA:SRX4590304.12344417.1	94.624	93	5	0	9201	9293	6	98	3.21e-31	145
CFAV-Cairns_Australia_2014	SRA:SRX4590304.14565766.1	96.512	86	3	0	7670	7755	2	87	1.15e-30	143
CFAV-Cairns_Australia_2014	SRA:SRX4590304.1772050.1	92.857	98	7	0	9200	9297	4	101	1.15e-30	143
CFAV-Cairns_Australia_2014	SRA:SRX4590304.14841752.1	91.753	97	8	0	4928	5024	1	97	1.93e-28	135
CFAV-Cairns_Australia_2014	SRA:SRX4590304.14377630.1	91.753	97	8	0	4928	5024	1	97	1.93e-28	135
CFAV-Cairns_Australia_2014	SRA:SRX4590304.19064470.1	97.403	77	2	0	7431	7507	1	77	2.50e-27	132
CFAV-Cairns_Australia_2014	SRA:SRX4590304.2463792.1	96.250	80	3	0	482	561	5	84	2.50e-27	132
CFAV-Cairns_Australia_2014	SRA:SRX4590304.20398500.1	95.833	72	3	0	6805	6876	4	75	6.99e-23	117
CFAV-Cairns_Australia_2014	SRA:SRX4590304.4721542.1	95.652	69	3	0	8745	8813	6	74	3.25e-21	111
CFAV-Cairns_Australia_2014	SRA:SRX4590304.8477131.1	92.208	77	6	0	4948	5024	1	77	1.17e-20	110
CFAV-Cairns_Australia_2014	SRA:SRX4590304.17727612.1	94.286	70	4	0	4965	5034	5	74	4.21e-20	108
CFAV-Cairns_Australia_2014	SRA:SRX4590304.16160555.1	100.000	58	0	0	10552	10609	2	59	4.21e-20	108
CFAV-Cairns_Australia_2014	SRA:SRX4590304.558025.1	94.286	70	4	0	4965	5034	5	74	4.21e-20	108
CFAV-Cairns_Australia_2014	SRA:SRX4590304.8474261.1	96.774	62	0	1	7426	7485	3	64	1.96e-18	102
CFAV-Cairns_Australia_2014	SRA:SRX4590304.474906.1	94.915	59	3	0	8743	8801	7	65	1.18e-15	93.5
CFAV-Macapa2_Brazil_2017	SRA:SRX4590304.8581923.1	97.980	99	2	0	10347	10445	3	101	1.47e-39	172
CFAV-Macapa2_Brazil_2017	SRA:SRX4590304.6033774.1	98.000	100	1	1	7657	7756	3	101	1.47e-39	172
CFAV-Macapa2_Brazil_2017	SRA:SRX4590304.21523320.1	97.030	101	3	0	9148	9248	1	101	5.29e-39	171
CFAV-Macapa2_Brazil_2017	SRA:SRX4590304.20982883.1	97.030	101	3	0	7358	7458	1	101	5.29e-39	171
CFAV-Macapa2_Brazil_2017	SRA:SRX4590304.15684767.1	97.030	101	3	0	9121	9221	1	101	5.29e-39	171
CFAV-Macapa2_Brazil_2017	SRA:SRX4590304.14194792.1	97.030	101	3	0	9121	9221	1	101	5.29e-39	171
CFAV-Macapa2_Brazil_2017	SRA:SRX4590304.9759819.1	97.030	101	3	0	7358	7458	1	101	5.29e-39	171
CFAV-Macapa2_Brazil_2017	SRA:SRX4590304.8442301.1	97.030	101	3	0	3687	3787	1	101	5.29e-39	171
CFAV-Macapa2_Brazil_2017	SRA:SRX4590304.3417036.1	97.030	101	3	0	7358	7458	1	101	5.29e-39	171
CFAV-Macapa2_Brazil_2017	SRA:SRX4590304.1928018.1	97.030	101	3	0	10405	10505	1	101	5.29e-39	171
CFAV-Macapa2_Brazil_2017	SRA:SRX4590304.14876355.1	97.917	96	2	0	9356	9451	6	101	6.85e-38	167
CFAV-Macapa2_Brazil_2017	SRA:SRX4590304.3985416.1	95.918	98	4	0	9201	9298	4	101	1.15e-35	159
CFAV-Macapa2_Brazil_2017	SRA:SRX4590304.12344417.1	95.833	96	4	0	9202	9297	6	101	1.48e-34	156
CFAV-Macapa2_Brazil_2017	SRA:SRX4590304.16026166.1	94.059	101	6	0	9070	9170	1	101	5.33e-34	154
CFAV-Macapa2_Brazil_2017	SRA:SRX4590304.1772050.1	94.898	98	5	0	9201	9298	4	101	5.33e-34	154
CFAV-Macapa2_Brazil_2017	SRA:SRX4590304.13425576.1	93.939	99	6	0	361	459	3	101	6.89e-33	150
CFAV-Macapa2_Brazil_2017	SRA:SRX4590304.13134178.1	97.674	86	2	0	3907	3992	1	86	2.48e-32	148
CFAV-Macapa2_Brazil_2017	SRA:SRX4590304.13127055.1	97.674	86	2	0	3907	3992	1	86	2.48e-32	148
CFAV-Macapa2_Brazil_2017	SRA:SRX4590304.3204916.1	93.000	100	7	0	9070	9169	2	101	8.92e-32	147
CFAV-Macapa2_Brazil_2017	SRA:SRX4590304.19616222.1	92.857	98	7	0	9025	9122	4	101	1.15e-30	143
CFAV-Macapa2_Brazil_2017	SRA:SRX4590304.16927299.1	92.857	98	7	0	9025	9122	4	101	1.15e-30	143
CFAV-Macapa2_Brazil_2017	SRA:SRX4590304.14565766.1	96.512	86	3	0	7671	7756	2	87	1.15e-30	143
CFAV-Macapa2_Brazil_2017	SRA:SRX4590304.8055561.1	92.857	98	7	0	9025	9122	4	101	1.15e-30	143
CFAV-Macapa2_Brazil_2017	SRA:SRX4590304.3468653.1	92.079	101	8	0	8166	8266	1	101	1.15e-30	143
CFAV-Macapa2_Brazil_2017	SRA:SRX4590304.18287406.1	91.837	98	8	0	10179	10276	2	99	5.37e-29	137
CFAV-Macapa2_Brazil_2017	SRA:SRX4590304.16647072.1	95.181	83	4	0	52	134	16	98	2.50e-27	132
CFAV-Macapa2_Brazil_2017	SRA:SRX4590304.10586906.1	95.181	83	4	0	52	134	16	98	2.50e-27	132
CFAV-Macapa2_Brazil_2017	SRA:SRX4590304.14895622.1	89.247	93	10	0	100	192	1	93	6.99e-23	117
CFAV-Macapa2_Brazil_2017	SRA:SRX4590304.2463792.1	92.500	80	6	0	483	562	5	84	2.51e-22	115
CFAV-Macapa2_Brazil_2017	SRA:SRX4590304.16160555.1	100.000	58	0	0	10553	10610	2	59	4.21e-20	108
CFAV-Macapa2_Brazil_2017	SRA:SRX4590304.4721542.1	92.000	75	5	1	8740	8814	1	74	5.44e-19	104
CFAV-Macapa2_Brazil_2017	SRA:SRX4590304.21273058.1	87.805	82	10	0	21	102	18	99	9.11e-17	97.1
CFAV-Macapa2_Brazil_2017	SRA:SRX4590304.20419316.1	87.805	82	10	0	21	102	17	98	9.11e-17	97.1
CFAV-Macapa2_Brazil_2017	SRA:SRX4590304.15486065.1	87.805	82	10	0	21	102	12	93	9.11e-17	97.1
CFAV-Macapa2_Brazil_2017	SRA:SRX4590304.12519003.1	87.805	82	10	0	21	102	12	93	9.11e-17	97.1
CFAV-Macapa2_Brazil_2017	SRA:SRX4590304.6392056.1	87.805	82	10	0	21	102	20	101	9.11e-17	97.1
CFAV-Macapa2_Brazil_2017	SRA:SRX4590304.5877848.1	87.805	82	10	0	21	102	19	100	9.11e-17	97.1
CFAV-Macapa2_Brazil_2017	SRA:SRX4590304.5601216.1	87.805	82	10	0	21	102	17	98	9.11e-17	97.1
CFAV-Macapa2_Brazil_2017	SRA:SRX4590304.2664445.1	87.805	82	10	0	21	102	17	98	9.11e-17	97.1
CFAV-Macapa2_Brazil_2017	SRA:SRX4590304.1599905.1	87.805	82	10	0	21	102	17	98	9.11e-17	97.1
CFAV-Macapa2_Brazil_2017	SRA:SRX4590304.20398500.1	90.278	72	7	0	6806	6877	4	75	3.28e-16	95.3
CFAV-Macapa2_Brazil_2017	SRA:SRX4590304.4306546.1	94.828	58	3	0	9259	9316	1	58	4.24e-15	91.6
CFAV-Macapa2_Brazil_2017	SRA:SRX4590304.4026584.1	87.179	78	10	0	21	98	24	101	1.52e-14	89.8
CFAV-Macapa2_Brazil_2017	SRA:SRX4590304.19082748.1	88.406	69	8	0	21	89	33	101	7.09e-13	84.2
CFAV-Macapa2_Brazil_2017	SRA:SRX4590304.17026359.1	88.406	69	8	0	21	89	33	101	7.09e-13	84.2
CFAV-Macapa2_Brazil_2017	SRA:SRX4590304.474906.1	91.667	60	4	1	8744	8802	7	66	2.55e-12	82.4
CFAV-KC_Cambodia_2015	SRA:SRX4590304.19082748.1	100.000	100	0	0	1	100	2	101	1.89e-43	185
CFAV-KC_Cambodia_2015	SRA:SRX4590304.17026359.1	100.000	100	0	0	1	100	2	101	1.89e-43	185
CFAV-KC_Cambodia_2015	SRA:SRX4590304.8581923.1	100.000	99	0	0	10358	10456	3	101	6.80e-43	183
CFAV-KC_Cambodia_2015	SRA:SRX4590304.8442301.1	98.020	101	2	0	3698	3798	1	101	1.14e-40	176
CFAV-KC_Cambodia_2015	SRA:SRX4590304.1928018.1	98.020	101	2	0	10416	10516	1	101	1.14e-40	176
CFAV-KC_Cambodia_2015	SRA:SRX4590304.20419316.1	98.000	100	2	0	16	115	1	100	4.10e-40	174
CFAV-KC_Cambodia_2015	SRA:SRX4590304.5601216.1	98.000	100	2	0	16	115	1	100	4.10e-40	174
CFAV-KC_Cambodia_2015	SRA:SRX4590304.2664445.1	98.000	100	2	0	16	115	1	100	4.10e-40	174
CFAV-KC_Cambodia_2015	SRA:SRX4590304.21273058.1	97.980	99	2	0	17	115	3	101	1.47e-39	172
CFAV-KC_Cambodia_2015	SRA:SRX4590304.14876355.1	98.958	96	1	0	9367	9462	6	101	1.47e-39	172
CFAV-KC_Cambodia_2015	SRA:SRX4590304.6392056.1	97.980	99	2	0	15	113	3	101	1.47e-39	172
CFAV-KC_Cambodia_2015	SRA:SRX4590304.6033774.1	98.000	100	1	1	7668	7767	3	101	1.47e-39	172
CFAV-KC_Cambodia_2015	SRA:SRX4590304.20982883.1	97.030	101	3	0	7369	7469	1	101	5.30e-39	171
CFAV-KC_Cambodia_2015	SRA:SRX4590304.9759819.1	97.030	101	3	0	7369	7469	1	101	5.30e-39	171
CFAV-KC_Cambodia_2015	SRA:SRX4590304.5877848.1	97.959	98	2	0	17	114	4	101	5.30e-39	171
CFAV-KC_Cambodia_2015	SRA:SRX4590304.4026584.1	97.030	101	3	0	9	109	1	101	5.30e-39	171
CFAV-KC_Cambodia_2015	SRA:SRX4590304.3417036.1	97.030	101	3	0	7369	7469	1	101	5.30e-39	171
CFAV-KC_Cambodia_2015	SRA:SRX4590304.21523320.1	96.040	101	4	0	9159	9259	1	101	2.46e-37	165
CFAV-KC_Cambodia_2015	SRA:SRX4590304.15684767.1	96.040	101	4	0	9132	9232	1	101	2.46e-37	165
CFAV-KC_Cambodia_2015	SRA:SRX4590304.14194792.1	96.040	101	4	0	9132	9232	1	101	2.46e-37	165
CFAV-KC_Cambodia_2015	SRA:SRX4590304.12519003.1	97.895	95	2	0	21	115	1	95	2.46e-37	165
CFAV-KC_Cambodia_2015	SRA:SRX4590304.15486065.1	97.872	94	2	0	22	115	2	95	8.87e-37	163
CFAV-KC_Cambodia_2015	SRA:SRX4590304.1599905.1	96.000	100	4	0	16	115	1	100	8.87e-37	163
CFAV-KC_Cambodia_2015	SRA:SRX4590304.3985416.1	95.918	98	4	0	9212	9309	4	101	1.15e-35	159
CFAV-KC_Cambodia_2015	SRA:SRX4590304.12344417.1	95.833	96	4	0	9213	9308	6	101	1.48e-34	156
CFAV-KC_Cambodia_2015	SRA:SRX4590304.18287406.1	94.898	98	5	0	10190	10287	2	99	5.34e-34	154
CFAV-KC_Cambodia_2015	SRA:SRX4590304.16647072.1	95.789	95	4	0	51	145	4	98	5.34e-34	154
CFAV-KC_Cambodia_2015	SRA:SRX4590304.16026166.1	94.898	98	5	0	9082	9179	2	99	5.34e-34	154
CFAV-KC_Cambodia_2015	SRA:SRX4590304.10586906.1	95.789	95	4	0	51	145	4	98	5.34e-34	154
CFAV-KC_Cambodia_2015	SRA:SRX4590304.3468653.1	94.059	101	6	0	8177	8277	1	101	5.34e-34	154
CFAV-KC_Cambodia_2015	SRA:SRX4590304.1772050.1	94.118	102	5	1	9208	9309	1	101	5.34e-34	154
CFAV-KC_Cambodia_2015	SRA:SRX4590304.3204916.1	94.792	96	5	0	9084	9179	5	100	6.90e-33	150
CFAV-KC_Cambodia_2015	SRA:SRX4590304.14565766.1	97.674	86	1	1	7682	7767	2	86	8.93e-32	147
CFAV-KC_Cambodia_2015	SRA:SRX4590304.13425576.1	92.929	99	7	0	372	470	3	101	3.21e-31	145
CFAV-KC_Cambodia_2015	SRA:SRX4590304.13134178.1	96.512	86	3	0	3918	4003	1	86	1.15e-30	143
CFAV-KC_Cambodia_2015	SRA:SRX4590304.13127055.1	96.512	86	3	0	3918	4003	1	86	1.15e-30	143
CFAV-KC_Cambodia_2015	SRA:SRX4590304.20345654.1	92.000	100	8	0	8533	8632	2	101	4.15e-30	141
CFAV-KC_Cambodia_2015	SRA:SRX4590304.21382746.1	92.708	96	7	0	4960	5055	6	101	1.49e-29	139
CFAV-KC_Cambodia_2015	SRA:SRX4590304.12131682.1	94.444	90	5	0	6044	6133	1	90	1.49e-29	139
CFAV-KC_Cambodia_2015	SRA:SRX4590304.14895622.1	91.667	96	8	0	111	206	1	96	6.95e-28	134
CFAV-KC_Cambodia_2015	SRA:SRX4590304.2463792.1	91.667	84	7	0	490	573	1	84	7.00e-23	117
CFAV-KC_Cambodia_2015	SRA:SRX4590304.19064470.1	93.506	77	5	0	7443	7519	1	77	2.52e-22	115
CFAV-KC_Cambodia_2015	SRA:SRX4590304.18695931.1	90.361	83	8	0	8552	8634	1	83	1.17e-20	110
CFAV-KC_Cambodia_2015	SRA:SRX4590304.20398500.1	93.056	72	5	0	6817	6888	4	75	1.52e-19	106
CFAV-KC_Cambodia_2015	SRA:SRX4590304.16160555.1	98.276	58	1	0	10564	10621	2	59	1.96e-18	102
CFAV-KC_Cambodia_2015	SRA:SRX4590304.17727612.1	91.429	70	6	0	4977	5046	5	74	9.12e-17	97.1
CFAV-KC_Cambodia_2015	SRA:SRX4590304.558025.1	91.429	70	6	0	4977	5046	5	74	9.12e-17	97.1
CFAV-KC_Cambodia_2015	SRA:SRX4590304.8474261.1	96.154	52	2	0	8560	8611	50	101	1.97e-13	86.1
CFAV-Zik_Uganda_2016	SRA:SRX4590304.8581923.1	100.000	99	0	0	10358	10456	3	101	6.80e-43	183
CFAV-Zik_Uganda_2016	SRA:SRX4590304.15684767.1	99.000	100	1	0	9133	9232	2	101	8.80e-42	180
CFAV-Zik_Uganda_2016	SRA:SRX4590304.14194792.1	99.000	100	1	0	9133	9232	2	101	8.80e-42	180
CFAV-Zik_Uganda_2016	SRA:SRX4590304.21523320.1	98.020	101	2	0	9159	9259	1	101	1.14e-40	176
CFAV-Zik_Uganda_2016	SRA:SRX4590304.20982883.1	98.020	101	2	0	7369	7469	1	101	1.14e-40	176
CFAV-Zik_Uganda_2016	SRA:SRX4590304.9759819.1	98.020	101	2	0	7369	7469	1	101	1.14e-40	176
CFAV-Zik_Uganda_2016	SRA:SRX4590304.8442301.1	98.020	101	2	0	3698	3798	1	101	1.14e-40	176
CFAV-Zik_Uganda_2016	SRA:SRX4590304.6033774.1	98.980	98	1	0	7668	7765	3	100	1.14e-40	176
CFAV-Zik_Uganda_2016	SRA:SRX4590304.3417036.1	98.020	101	2	0	7369	7469	1	101	1.14e-40	176
CFAV-Zik_Uganda_2016	SRA:SRX4590304.1928018.1	98.020	101	2	0	10416	10516	1	101	1.14e-40	176
CFAV-Zik_Uganda_2016	SRA:SRX4590304.19082748.1	97.000	100	3	0	1	100	2	101	1.91e-38	169
CFAV-Zik_Uganda_2016	SRA:SRX4590304.17026359.1	97.000	100	3	0	1	100	2	101	1.91e-38	169
CFAV-Zik_Uganda_2016	SRA:SRX4590304.16026166.1	95.050	101	5	0	9081	9181	1	101	1.15e-35	159
CFAV-Zik_Uganda_2016	SRA:SRX4590304.19616222.1	96.774	93	3	0	9036	9128	4	96	1.48e-34	156
CFAV-Zik_Uganda_2016	SRA:SRX4590304.16927299.1	96.774	93	3	0	9036	9128	4	96	1.48e-34	156
CFAV-Zik_Uganda_2016	SRA:SRX4590304.8055561.1	96.774	93	3	0	9036	9128	4	96	1.48e-34	156
CFAV-Zik_Uganda_2016	SRA:SRX4590304.8501635.1	94.059	101	6	0	4930	5030	1	101	5.34e-34	154
CFAV-Zik_Uganda_2016	SRA:SRX4590304.6392056.1	94.898	98	5	0	15	112	3	100	5.34e-34	154
CFAV-Zik_Uganda_2016	SRA:SRX4590304.4026584.1	94.059	101	6	0	9	109	1	101	5.34e-34	154
CFAV-Zik_Uganda_2016	SRA:SRX4590304.3468653.1	94.059	101	6	0	8177	8277	1	101	5.34e-34	154
CFAV-Zik_Uganda_2016	SRA:SRX4590304.20419316.1	94.059	101	5	1	16	115	1	101	1.92e-33	152
CFAV-Zik_Uganda_2016	SRA:SRX4590304.5601216.1	94.059	101	5	1	16	115	1	101	1.92e-33	152
CFAV-Zik_Uganda_2016	SRA:SRX4590304.3204916.1	94.000	100	6	0	9081	9180	2	101	1.92e-33	152
CFAV-Zik_Uganda_2016	SRA:SRX4590304.2664445.1	94.059	101	5	1	16	115	1	101	1.92e-33	152
CFAV-Zik_Uganda_2016	SRA:SRX4590304.21273058.1	94.792	96	5	0	17	112	3	98	6.90e-33	150
CFAV-Zik_Uganda_2016	SRA:SRX4590304.16647072.1	95.699	93	4	0	53	145	6	98	6.90e-33	150
CFAV-Zik_Uganda_2016	SRA:SRX4590304.14876355.1	94.792	96	5	0	9367	9462	6	101	6.90e-33	150
CFAV-Zik_Uganda_2016	SRA:SRX4590304.10586906.1	95.699	93	4	0	53	145	6	98	6.90e-33	150
CFAV-Zik_Uganda_2016	SRA:SRX4590304.5877848.1	94.792	96	5	0	17	112	4	99	6.90e-33	150
CFAV-Zik_Uganda_2016	SRA:SRX4590304.12131682.1	95.652	92	4	0	6044	6135	1	92	2.48e-32	148
CFAV-Zik_Uganda_2016	SRA:SRX4590304.6461902.1	93.069	101	7	0	4911	5011	1	101	2.48e-32	148
CFAV-Zik_Uganda_2016	SRA:SRX4590304.21382746.1	93.750	96	6	0	4960	5055	6	101	3.21e-31	145
CFAV-Zik_Uganda_2016	SRA:SRX4590304.15486065.1	94.681	94	4	1	23	115	3	96	3.21e-31	145
CFAV-Zik_Uganda_2016	SRA:SRX4590304.14565766.1	97.619	84	2	0	7682	7765	2	85	3.21e-31	145
CFAV-Zik_Uganda_2016	SRA:SRX4590304.12519003.1	94.681	94	4	1	23	115	3	96	3.21e-31	145
CFAV-Zik_Uganda_2016	SRA:SRX4590304.1599905.1	94.681	94	4	1	23	115	8	101	3.21e-31	145
CFAV-Zik_Uganda_2016	SRA:SRX4590304.13134178.1	96.512	86	3	0	3918	4003	1	86	1.15e-30	143
CFAV-Zik_Uganda_2016	SRA:SRX4590304.13127055.1	96.512	86	3	0	3918	4003	1	86	1.15e-30	143
CFAV-Zik_Uganda_2016	SRA:SRX4590304.18287406.1	92.000	100	8	0	10190	10289	2	101	4.15e-30	141
CFAV-Zik_Uganda_2016	SRA:SRX4590304.14895622.1	92.857	98	6	1	115	212	5	101	4.15e-30	141
CFAV-Zik_Uganda_2016	SRA:SRX4590304.5595503.1	92.784	97	7	0	105	201	5	101	4.15e-30	141
CFAV-Zik_Uganda_2016	SRA:SRX4590304.17056024.1	92.708	96	6	1	106	200	3	98	5.37e-29	137
CFAV-Zik_Uganda_2016	SRA:SRX4590304.15194620.1	91.176	102	8	1	81	182	1	101	5.37e-29	137
CFAV-Zik_Uganda_2016	SRA:SRX4590304.7515492.1	92.708	96	6	1	106	200	3	98	5.37e-29	137
CFAV-Zik_Uganda_2016	SRA:SRX4590304.14841752.1	91.753	97	8	0	4940	5036	1	97	1.93e-28	135
CFAV-Zik_Uganda_2016	SRA:SRX4590304.14377630.1	91.753	97	8	0	4940	5036	1	97	1.93e-28	135
CFAV-Zik_Uganda_2016	SRA:SRX4590304.19064470.1	96.104	77	3	0	7443	7519	1	77	1.16e-25	126
CFAV-Zik_Uganda_2016	SRA:SRX4590304.2463792.1	93.750	80	5	0	494	573	5	84	5.41e-24	121
CFAV-Zik_Uganda_2016	SRA:SRX4590304.20398500.1	95.833	72	3	0	6817	6888	4	75	7.00e-23	117
CFAV-Zik_Uganda_2016	SRA:SRX4590304.8477131.1	92.208	77	6	0	4960	5036	1	77	1.17e-20	110
CFAV-Zik_Uganda_2016	SRA:SRX4590304.4721542.1	93.333	75	4	1	8751	8825	1	74	1.17e-20	110
CFAV-Zik_Uganda_2016	SRA:SRX4590304.16160555.1	100.000	58	0	0	10564	10621	2	59	4.21e-20	108
CFAV-Zik_Uganda_2016	SRA:SRX4590304.17727612.1	91.781	73	6	0	4974	5046	2	74	1.96e-18	102
CFAV-Zik_Uganda_2016	SRA:SRX4590304.558025.1	91.781	73	6	0	4974	5046	2	74	1.96e-18	102
CFAV-Zik_Uganda_2016	SRA:SRX4590304.8474261.1	95.161	62	1	1	7438	7497	3	64	9.12e-17	97.1
CFAV-Zik_Uganda_2016	SRA:SRX4590304.474906.1	93.220	59	4	0	8755	8813	7	65	5.49e-14	87.9
