CFAV-Bangkok_Thailand_2015	SRA:SRX515282.7860233.1	100.000	49	0	0	6500	6548	1	49	6.88e-16	91.6
CFAV-Bangkok_Thailand_2015	SRA:SRX515282.2204318.1	100.000	49	0	0	6132	6180	49	1	6.88e-16	91.6
CFAV-Bangkok_Thailand_2015	SRA:SRX515282.284203.1	100.000	49	0	0	3958	4006	49	1	6.88e-16	91.6
CFAV-Bangkok_Thailand_2015	SRA:SRX515282.3419924.1	97.959	49	1	0	2126	2174	49	1	3.20e-14	86.1
CFAV-Bangkok_Thailand_2015	SRA:SRX515282.4978883.1	95.745	47	2	0	2189	2235	1	47	1.93e-11	76.8
CFAV-Bangkok_Thailand_2015	SRA:SRX515282.12049380.1	93.878	49	3	0	3655	3703	49	1	6.92e-11	75.0
NC_001564	SRA:SRX515282.7860233.1	100.000	49	0	0	6507	6555	1	49	6.89e-16	91.6
NC_001564	SRA:SRX515282.284203.1	100.000	49	0	0	3965	4013	49	1	6.89e-16	91.6
NC_001564	SRA:SRX515282.3419924.1	100.000	47	0	0	2135	2181	47	1	8.91e-15	87.9
NC_001564	SRA:SRX515282.2204318.1	95.918	49	2	0	6139	6187	49	1	1.49e-12	80.5
NC_001564	SRA:SRX515282.4978883.1	95.745	47	2	0	2196	2242	1	47	1.93e-11	76.8
NC_001564	SRA:SRX515282.12049380.1	93.878	49	3	0	3662	3710	49	1	6.94e-11	75.0
CFAV-Cairns_Australia_2014	SRA:SRX515282.3419924.1	100.000	49	0	0	2132	2180	49	1	6.89e-16	91.6
CFAV-Cairns_Australia_2014	SRA:SRX515282.2204318.1	100.000	49	0	0	6138	6186	49	1	6.89e-16	91.6
CFAV-Cairns_Australia_2014	SRA:SRX515282.284203.1	97.959	49	1	0	3964	4012	49	1	3.21e-14	86.1
CFAV-Cairns_Australia_2014	SRA:SRX515282.7860233.1	95.918	49	2	0	6506	6554	1	49	1.49e-12	80.5
CFAV-Cairns_Australia_2014	SRA:SRX515282.12049380.1	93.878	49	3	0	3661	3709	49	1	6.94e-11	75.0
CFAV-Macapa2_Brazil_2017	SRA:SRX515282.7860233.1	97.959	49	1	0	6507	6555	1	49	3.21e-14	86.1
CFAV-Macapa2_Brazil_2017	SRA:SRX515282.284203.1	97.959	49	1	0	3965	4013	49	1	3.21e-14	86.1
CFAV-Macapa2_Brazil_2017	SRA:SRX515282.12049380.1	97.297	37	1	0	3674	3710	37	1	1.50e-07	63.9
CFAV-KC_Cambodia_2015	SRA:SRX515282.12049380.1	100.000	37	0	0	3685	3721	37	1	3.23e-09	69.4
CFAV-Zik_Uganda_2016	SRA:SRX515282.2204318.1	100.000	49	0	0	6150	6198	49	1	6.90e-16	91.6
CFAV-Zik_Uganda_2016	SRA:SRX515282.284203.1	100.000	49	0	0	3976	4024	49	1	6.90e-16	91.6
CFAV-Zik_Uganda_2016	SRA:SRX515282.12049380.1	100.000	37	0	0	3685	3721	37	1	3.23e-09	69.4
