CFAV-Bangkok_Thailand_2015	SRA:SRX889579.52220713.1	100.000	51	0	0	1252	1302	1	51	2.19e-16	95.3
CFAV-Bangkok_Thailand_2015	SRA:SRX889579.47511416.1	100.000	51	0	0	3224	3274	1	51	2.19e-16	95.3
CFAV-Bangkok_Thailand_2015	SRA:SRX889579.46982095.1	100.000	51	0	0	2203	2253	1	51	2.19e-16	95.3
CFAV-Bangkok_Thailand_2015	SRA:SRX889579.46743341.1	100.000	51	0	0	4028	4078	1	51	2.19e-16	95.3
CFAV-Bangkok_Thailand_2015	SRA:SRX889579.39927303.1	100.000	51	0	0	565	615	1	51	2.19e-16	95.3
CFAV-Bangkok_Thailand_2015	SRA:SRX889579.39875797.1	100.000	51	0	0	1017	1067	1	51	2.19e-16	95.3
CFAV-Bangkok_Thailand_2015	SRA:SRX889579.39136958.1	100.000	51	0	0	1408	1458	1	51	2.19e-16	95.3
CFAV-Bangkok_Thailand_2015	SRA:SRX889579.37659524.1	100.000	51	0	0	1217	1267	1	51	2.19e-16	95.3
CFAV-Bangkok_Thailand_2015	SRA:SRX889579.37399851.1	100.000	51	0	0	1073	1123	1	51	2.19e-16	95.3
CFAV-Bangkok_Thailand_2015	SRA:SRX889579.34341645.1	100.000	51	0	0	7322	7372	51	1	2.19e-16	95.3
CFAV-Bangkok_Thailand_2015	SRA:SRX889579.30289526.1	100.000	51	0	0	3658	3708	1	51	2.19e-16	95.3
CFAV-Bangkok_Thailand_2015	SRA:SRX889579.26041784.1	100.000	51	0	0	2082	2132	1	51	2.19e-16	95.3
CFAV-Bangkok_Thailand_2015	SRA:SRX889579.24729509.1	100.000	51	0	0	2084	2134	1	51	2.19e-16	95.3
CFAV-Bangkok_Thailand_2015	SRA:SRX889579.24297422.1	100.000	51	0	0	1051	1101	1	51	2.19e-16	95.3
CFAV-Bangkok_Thailand_2015	SRA:SRX889579.17047791.1	100.000	51	0	0	3217	3267	1	51	2.19e-16	95.3
CFAV-Bangkok_Thailand_2015	SRA:SRX889579.14719090.1	100.000	51	0	0	2088	2138	51	1	2.19e-16	95.3
CFAV-Bangkok_Thailand_2015	SRA:SRX889579.13097807.1	100.000	51	0	0	3180	3230	1	51	2.19e-16	95.3
CFAV-Bangkok_Thailand_2015	SRA:SRX889579.10800958.1	100.000	51	0	0	557	607	1	51	2.19e-16	95.3
CFAV-Bangkok_Thailand_2015	SRA:SRX889579.3799026.1	100.000	51	0	0	3199	3249	1	51	2.19e-16	95.3
CFAV-Bangkok_Thailand_2015	SRA:SRX889579.28340444.1	100.000	50	0	0	3657	3706	2	51	7.87e-16	93.5
CFAV-Bangkok_Thailand_2015	SRA:SRX889579.19160732.1	100.000	50	0	0	424	473	2	51	7.87e-16	93.5
CFAV-Bangkok_Thailand_2015	SRA:SRX889579.10884122.1	100.000	50	0	0	3205	3254	2	51	7.87e-16	93.5
CFAV-Bangkok_Thailand_2015	SRA:SRX889579.37043020.1	100.000	49	0	0	2836	2884	3	51	2.83e-15	91.6
CFAV-Bangkok_Thailand_2015	SRA:SRX889579.26755940.1	100.000	49	0	0	801	849	1	49	2.83e-15	91.6
CFAV-Bangkok_Thailand_2015	SRA:SRX889579.22343742.1	100.000	49	0	0	1430	1478	1	49	2.83e-15	91.6
CFAV-Bangkok_Thailand_2015	SRA:SRX889579.514458.1	98.039	51	1	0	2833	2883	1	51	2.83e-15	91.6
CFAV-Bangkok_Thailand_2015	SRA:SRX889579.51357706.1	100.000	48	0	0	2062	2109	1	48	1.02e-14	89.8
CFAV-Bangkok_Thailand_2015	SRA:SRX889579.50054848.1	98.039	51	1	0	3322	3372	1	51	1.02e-14	89.8
CFAV-Bangkok_Thailand_2015	SRA:SRX889579.48916424.1	98.039	51	1	0	1574	1624	51	1	1.02e-14	89.8
CFAV-Bangkok_Thailand_2015	SRA:SRX889579.48683494.1	98.039	51	1	0	2222	2272	1	51	1.02e-14	89.8
CFAV-Bangkok_Thailand_2015	SRA:SRX889579.47014605.1	98.039	51	1	0	812	862	1	51	1.02e-14	89.8
CFAV-Bangkok_Thailand_2015	SRA:SRX889579.46740962.1	98.039	51	1	0	943	993	1	51	1.02e-14	89.8
CFAV-Bangkok_Thailand_2015	SRA:SRX889579.46179801.1	98.039	51	1	0	3069	3119	1	51	1.02e-14	89.8
CFAV-Bangkok_Thailand_2015	SRA:SRX889579.44226598.1	98.039	51	1	0	2538	2588	1	51	1.02e-14	89.8
CFAV-Bangkok_Thailand_2015	SRA:SRX889579.43234155.1	98.039	51	1	0	3024	3074	1	51	1.02e-14	89.8
CFAV-Bangkok_Thailand_2015	SRA:SRX889579.41217357.1	98.039	51	1	0	341	391	1	51	1.02e-14	89.8
CFAV-Bangkok_Thailand_2015	SRA:SRX889579.38860735.1	98.039	51	1	0	2855	2905	1	51	1.02e-14	89.8
CFAV-Bangkok_Thailand_2015	SRA:SRX889579.38488611.1	98.039	51	1	0	3991	4041	1	51	1.02e-14	89.8
CFAV-Bangkok_Thailand_2015	SRA:SRX889579.34040423.1	98.039	51	1	0	942	992	1	51	1.02e-14	89.8
CFAV-Bangkok_Thailand_2015	SRA:SRX889579.33952001.1	98.039	51	1	0	3691	3741	1	51	1.02e-14	89.8
CFAV-Bangkok_Thailand_2015	SRA:SRX889579.33881976.1	98.039	51	1	0	1655	1705	1	51	1.02e-14	89.8
CFAV-Bangkok_Thailand_2015	SRA:SRX889579.33671879.1	98.039	51	1	0	1635	1685	1	51	1.02e-14	89.8
CFAV-Bangkok_Thailand_2015	SRA:SRX889579.31092431.1	98.039	51	1	0	1741	1791	1	51	1.02e-14	89.8
CFAV-Bangkok_Thailand_2015	SRA:SRX889579.29958844.1	98.039	51	1	0	3055	3105	1	51	1.02e-14	89.8
CFAV-Bangkok_Thailand_2015	SRA:SRX889579.29037156.1	98.039	51	1	0	3568	3618	1	51	1.02e-14	89.8
CFAV-Bangkok_Thailand_2015	SRA:SRX889579.28826216.1	98.039	51	1	0	3534	3584	1	51	1.02e-14	89.8
CFAV-Bangkok_Thailand_2015	SRA:SRX889579.25780525.1	98.039	51	1	0	780	830	1	51	1.02e-14	89.8
CFAV-Bangkok_Thailand_2015	SRA:SRX889579.24029022.1	98.039	51	1	0	4011	4061	1	51	1.02e-14	89.8
CFAV-Bangkok_Thailand_2015	SRA:SRX889579.21161909.1	98.039	51	1	0	8672	8722	51	1	1.02e-14	89.8
CFAV-Bangkok_Thailand_2015	SRA:SRX889579.19712244.1	98.039	51	1	0	2753	2803	1	51	1.02e-14	89.8
CFAV-Bangkok_Thailand_2015	SRA:SRX889579.19424118.1	98.039	51	1	0	3533	3583	1	51	1.02e-14	89.8
CFAV-Bangkok_Thailand_2015	SRA:SRX889579.13854028.1	98.039	51	1	0	767	817	1	51	1.02e-14	89.8
CFAV-Bangkok_Thailand_2015	SRA:SRX889579.13680460.1	98.039	51	1	0	3196	3246	1	51	1.02e-14	89.8
CFAV-Bangkok_Thailand_2015	SRA:SRX889579.12597885.1	98.039	51	1	0	2854	2904	1	51	1.02e-14	89.8
CFAV-Bangkok_Thailand_2015	SRA:SRX889579.11382269.1	98.039	51	1	0	1702	1752	1	51	1.02e-14	89.8
CFAV-Bangkok_Thailand_2015	SRA:SRX889579.10874378.1	98.039	51	1	0	340	390	1	51	1.02e-14	89.8
CFAV-Bangkok_Thailand_2015	SRA:SRX889579.8867973.1	98.039	51	1	0	784	834	1	51	1.02e-14	89.8
CFAV-Bangkok_Thailand_2015	SRA:SRX889579.8356169.1	98.039	51	1	0	2538	2588	1	51	1.02e-14	89.8
CFAV-Bangkok_Thailand_2015	SRA:SRX889579.4677379.1	98.039	51	1	0	3630	3680	1	51	1.02e-14	89.8
CFAV-Bangkok_Thailand_2015	SRA:SRX889579.43989494.1	100.000	47	0	0	3043	3089	2	48	3.66e-14	87.9
CFAV-Bangkok_Thailand_2015	SRA:SRX889579.41858856.1	98.000	50	1	0	316	365	2	51	3.66e-14	87.9
CFAV-Bangkok_Thailand_2015	SRA:SRX889579.25529970.1	98.000	50	1	0	3533	3582	50	1	3.66e-14	87.9
CFAV-Bangkok_Thailand_2015	SRA:SRX889579.19703605.1	100.000	47	0	0	3043	3089	4	50	3.66e-14	87.9
CFAV-Bangkok_Thailand_2015	SRA:SRX889579.8329245.1	98.000	50	1	0	324	373	2	51	3.66e-14	87.9
CFAV-Bangkok_Thailand_2015	SRA:SRX889579.4883794.1	98.000	50	1	0	3348	3397	1	50	3.66e-14	87.9
CFAV-Bangkok_Thailand_2015	SRA:SRX889579.37325428.1	100.000	46	0	0	2194	2239	6	51	1.32e-13	86.1
CFAV-Bangkok_Thailand_2015	SRA:SRX889579.34112404.1	97.959	49	1	0	2417	2465	3	51	1.32e-13	86.1
CFAV-Bangkok_Thailand_2015	SRA:SRX889579.51754238.1	96.078	51	2	0	1260	1310	1	51	4.73e-13	84.2
CFAV-Bangkok_Thailand_2015	SRA:SRX889579.50734918.1	96.078	51	2	0	3421	3471	1	51	4.73e-13	84.2
CFAV-Bangkok_Thailand_2015	SRA:SRX889579.44215879.1	96.078	51	2	0	1824	1874	1	51	4.73e-13	84.2
CFAV-Bangkok_Thailand_2015	SRA:SRX889579.43353472.1	96.078	51	2	0	780	830	1	51	4.73e-13	84.2
CFAV-Bangkok_Thailand_2015	SRA:SRX889579.40994679.1	96.078	51	2	0	1824	1874	1	51	4.73e-13	84.2
CFAV-Bangkok_Thailand_2015	SRA:SRX889579.37212529.1	96.078	51	2	0	1906	1956	1	51	4.73e-13	84.2
CFAV-Bangkok_Thailand_2015	SRA:SRX889579.33407023.1	96.078	51	2	0	1900	1950	1	51	4.73e-13	84.2
CFAV-Bangkok_Thailand_2015	SRA:SRX889579.24479144.1	96.078	51	2	0	2187	2237	1	51	4.73e-13	84.2
CFAV-Bangkok_Thailand_2015	SRA:SRX889579.22609402.1	96.078	51	2	0	1179	1229	1	51	4.73e-13	84.2
CFAV-Bangkok_Thailand_2015	SRA:SRX889579.21108910.1	96.078	51	2	0	3338	3388	1	51	4.73e-13	84.2
CFAV-Bangkok_Thailand_2015	SRA:SRX889579.21048737.1	96.078	51	2	0	678	728	1	51	4.73e-13	84.2
CFAV-Bangkok_Thailand_2015	SRA:SRX889579.18644752.1	96.078	51	2	0	3570	3620	1	51	4.73e-13	84.2
CFAV-Bangkok_Thailand_2015	SRA:SRX889579.16712543.1	96.078	51	2	0	384	434	1	51	4.73e-13	84.2
CFAV-Bangkok_Thailand_2015	SRA:SRX889579.14783465.1	96.078	51	2	0	391	441	1	51	4.73e-13	84.2
CFAV-Bangkok_Thailand_2015	SRA:SRX889579.13137004.1	96.078	51	2	0	959	1009	1	51	4.73e-13	84.2
CFAV-Bangkok_Thailand_2015	SRA:SRX889579.7263846.1	96.078	51	2	0	642	692	1	51	4.73e-13	84.2
CFAV-Bangkok_Thailand_2015	SRA:SRX889579.4632456.1	96.078	51	2	0	995	1045	1	51	4.73e-13	84.2
CFAV-Bangkok_Thailand_2015	SRA:SRX889579.1665673.1	97.917	48	1	0	1707	1754	4	51	4.73e-13	84.2
CFAV-Bangkok_Thailand_2015	SRA:SRX889579.48826838.1	96.000	50	2	0	2263	2312	2	51	1.70e-12	82.4
CFAV-Bangkok_Thailand_2015	SRA:SRX889579.41577963.1	96.000	50	2	0	669	718	2	51	1.70e-12	82.4
CFAV-Bangkok_Thailand_2015	SRA:SRX889579.30305743.1	96.000	50	2	0	402	451	2	51	1.70e-12	82.4
CFAV-Bangkok_Thailand_2015	SRA:SRX889579.24929030.1	100.000	44	0	0	3229	3272	1	44	1.70e-12	82.4
CFAV-Bangkok_Thailand_2015	SRA:SRX889579.14408960.1	96.000	50	2	0	2253	2302	2	51	1.70e-12	82.4
CFAV-Bangkok_Thailand_2015	SRA:SRX889579.10395903.1	96.000	50	2	0	2053	2102	2	51	1.70e-12	82.4
CFAV-Bangkok_Thailand_2015	SRA:SRX889579.5720190.1	100.000	44	0	0	1052	1095	1	44	1.70e-12	82.4
CFAV-Bangkok_Thailand_2015	SRA:SRX889579.47065667.1	95.918	49	2	0	716	764	3	51	6.12e-12	80.5
CFAV-Bangkok_Thailand_2015	SRA:SRX889579.9135545.1	100.000	43	0	0	3191	3233	1	43	6.12e-12	80.5
CFAV-Bangkok_Thailand_2015	SRA:SRX889579.2484936.1	94.118	51	3	0	995	1045	1	51	6.12e-12	80.5
CFAV-Bangkok_Thailand_2015	SRA:SRX889579.27168683.1	97.778	45	1	0	1531	1575	1	45	2.20e-11	78.7
CFAV-Bangkok_Thailand_2015	SRA:SRX889579.16745158.1	97.727	44	1	0	316	359	2	45	7.92e-11	76.8
CFAV-Bangkok_Thailand_2015	SRA:SRX889579.8084180.1	94.000	50	3	0	3156	3205	2	51	7.92e-11	76.8
CFAV-Bangkok_Thailand_2015	SRA:SRX889579.866297.1	95.745	47	2	0	1832	1878	3	49	7.92e-11	76.8
CFAV-Bangkok_Thailand_2015	SRA:SRX889579.40519248.1	93.878	49	3	0	3597	3645	1	49	2.85e-10	75.0
CFAV-Bangkok_Thailand_2015	SRA:SRX889579.22881664.1	97.674	43	1	0	3691	3733	1	43	2.85e-10	75.0
CFAV-Bangkok_Thailand_2015	SRA:SRX889579.10522106.1	94.000	50	2	1	1654	1702	1	50	2.85e-10	75.0
CFAV-Bangkok_Thailand_2015	SRA:SRX889579.50025765.1	92.157	51	4	0	780	830	1	51	1.02e-09	73.1
CFAV-Bangkok_Thailand_2015	SRA:SRX889579.1181216.1	91.837	49	4	0	4150	4198	3	51	1.33e-08	69.4
CFAV-Bangkok_Thailand_2015	SRA:SRX889579.50407516.1	100.000	32	0	0	316	347	20	51	7.98e-06	60.2
NC_001564	SRA:SRX889579.50054848.1	100.000	51	0	0	3329	3379	1	51	2.19e-16	95.3
NC_001564	SRA:SRX889579.46743341.1	100.000	51	0	0	4035	4085	1	51	2.19e-16	95.3
NC_001564	SRA:SRX889579.45005479.1	100.000	51	0	0	936	986	1	51	2.19e-16	95.3
NC_001564	SRA:SRX889579.44226598.1	100.000	51	0	0	2545	2595	1	51	2.19e-16	95.3
NC_001564	SRA:SRX889579.43989494.1	100.000	51	0	0	3049	3099	1	51	2.19e-16	95.3
NC_001564	SRA:SRX889579.43234155.1	100.000	51	0	0	3031	3081	1	51	2.19e-16	95.3
NC_001564	SRA:SRX889579.40611041.1	100.000	51	0	0	1139	1189	1	51	2.19e-16	95.3
NC_001564	SRA:SRX889579.39875797.1	100.000	51	0	0	1024	1074	1	51	2.19e-16	95.3
NC_001564	SRA:SRX889579.39136958.1	100.000	51	0	0	1415	1465	1	51	2.19e-16	95.3
NC_001564	SRA:SRX889579.38488611.1	100.000	51	0	0	3998	4048	1	51	2.19e-16	95.3
NC_001564	SRA:SRX889579.37659524.1	100.000	51	0	0	1224	1274	1	51	2.19e-16	95.3
NC_001564	SRA:SRX889579.34341645.1	100.000	51	0	0	7329	7379	51	1	2.19e-16	95.3
NC_001564	SRA:SRX889579.32688056.1	100.000	51	0	0	4002	4052	1	51	2.19e-16	95.3
NC_001564	SRA:SRX889579.31409830.1	100.000	51	0	0	940	990	1	51	2.19e-16	95.3
NC_001564	SRA:SRX889579.30289526.1	100.000	51	0	0	3665	3715	1	51	2.19e-16	95.3
NC_001564	SRA:SRX889579.29958844.1	100.000	51	0	0	3062	3112	1	51	2.19e-16	95.3
NC_001564	SRA:SRX889579.28826216.1	100.000	51	0	0	3541	3591	1	51	2.19e-16	95.3
NC_001564	SRA:SRX889579.26726596.1	100.000	51	0	0	934	984	1	51	2.19e-16	95.3
NC_001564	SRA:SRX889579.25780525.1	100.000	51	0	0	787	837	1	51	2.19e-16	95.3
NC_001564	SRA:SRX889579.24029022.1	100.000	51	0	0	4018	4068	1	51	2.19e-16	95.3
NC_001564	SRA:SRX889579.22343742.1	100.000	51	0	0	1437	1487	1	51	2.19e-16	95.3
NC_001564	SRA:SRX889579.19712244.1	100.000	51	0	0	2760	2810	1	51	2.19e-16	95.3
NC_001564	SRA:SRX889579.19424118.1	100.000	51	0	0	3540	3590	1	51	2.19e-16	95.3
NC_001564	SRA:SRX889579.16712543.1	100.000	51	0	0	391	441	1	51	2.19e-16	95.3
NC_001564	SRA:SRX889579.14783465.1	100.000	51	0	0	398	448	1	51	2.19e-16	95.3
NC_001564	SRA:SRX889579.13854028.1	100.000	51	0	0	774	824	1	51	2.19e-16	95.3
NC_001564	SRA:SRX889579.10166436.1	100.000	51	0	0	407	457	1	51	2.19e-16	95.3
NC_001564	SRA:SRX889579.8356169.1	100.000	51	0	0	2545	2595	1	51	2.19e-16	95.3
NC_001564	SRA:SRX889579.52220713.1	100.000	50	0	0	1259	1308	1	50	7.88e-16	93.5
NC_001564	SRA:SRX889579.41858856.1	100.000	50	0	0	323	372	2	51	7.88e-16	93.5
NC_001564	SRA:SRX889579.35518046.1	100.000	50	0	0	2459	2508	2	51	7.88e-16	93.5
NC_001564	SRA:SRX889579.28340444.1	100.000	50	0	0	3664	3713	2	51	7.88e-16	93.5
NC_001564	SRA:SRX889579.25529970.1	100.000	50	0	0	3540	3589	50	1	7.88e-16	93.5
NC_001564	SRA:SRX889579.24297422.1	100.000	50	0	0	1058	1107	1	50	7.88e-16	93.5
NC_001564	SRA:SRX889579.19703605.1	100.000	50	0	0	3048	3097	2	51	7.88e-16	93.5
NC_001564	SRA:SRX889579.14408960.1	100.000	50	0	0	2260	2309	2	51	7.88e-16	93.5
NC_001564	SRA:SRX889579.8329245.1	100.000	50	0	0	331	380	2	51	7.88e-16	93.5
NC_001564	SRA:SRX889579.30305743.1	100.000	49	0	0	409	457	2	50	2.84e-15	91.6
NC_001564	SRA:SRX889579.49032365.1	98.039	51	1	0	2653	2703	1	51	1.02e-14	89.8
NC_001564	SRA:SRX889579.48683494.1	98.039	51	1	0	2229	2279	1	51	1.02e-14	89.8
NC_001564	SRA:SRX889579.46740962.1	98.039	51	1	0	950	1000	1	51	1.02e-14	89.8
NC_001564	SRA:SRX889579.46179801.1	98.039	51	1	0	3076	3126	1	51	1.02e-14	89.8
NC_001564	SRA:SRX889579.44215879.1	98.039	51	1	0	1831	1881	1	51	1.02e-14	89.8
NC_001564	SRA:SRX889579.43353472.1	98.039	51	1	0	787	837	1	51	1.02e-14	89.8
NC_001564	SRA:SRX889579.42963169.1	98.039	51	1	0	922	972	1	51	1.02e-14	89.8
NC_001564	SRA:SRX889579.42601305.1	98.039	51	1	0	2650	2700	1	51	1.02e-14	89.8
NC_001564	SRA:SRX889579.41217357.1	98.039	51	1	0	348	398	1	51	1.02e-14	89.8
NC_001564	SRA:SRX889579.40994679.1	98.039	51	1	0	1831	1881	1	51	1.02e-14	89.8
NC_001564	SRA:SRX889579.40696493.1	98.039	51	1	0	6315	6365	1	51	1.02e-14	89.8
NC_001564	SRA:SRX889579.37399851.1	98.039	51	1	0	1080	1130	1	51	1.02e-14	89.8
NC_001564	SRA:SRX889579.34040423.1	100.000	48	0	0	949	996	1	48	1.02e-14	89.8
NC_001564	SRA:SRX889579.33881976.1	98.039	51	1	0	1662	1712	1	51	1.02e-14	89.8
NC_001564	SRA:SRX889579.33671879.1	98.039	51	1	0	1642	1692	1	51	1.02e-14	89.8
NC_001564	SRA:SRX889579.33061012.1	98.039	51	1	0	1362	1412	1	51	1.02e-14	89.8
NC_001564	SRA:SRX889579.29037156.1	98.039	51	1	0	3575	3625	1	51	1.02e-14	89.8
NC_001564	SRA:SRX889579.27268914.1	98.039	51	1	0	1983	2033	1	51	1.02e-14	89.8
NC_001564	SRA:SRX889579.23810736.1	98.039	51	1	0	2663	2713	1	51	1.02e-14	89.8
NC_001564	SRA:SRX889579.22609402.1	98.039	51	1	0	1186	1236	1	51	1.02e-14	89.8
NC_001564	SRA:SRX889579.21161909.1	98.039	51	1	0	8679	8729	51	1	1.02e-14	89.8
NC_001564	SRA:SRX889579.19488003.1	98.039	51	1	0	1179	1229	1	51	1.02e-14	89.8
NC_001564	SRA:SRX889579.19160732.1	98.039	51	1	0	430	480	1	51	1.02e-14	89.8
NC_001564	SRA:SRX889579.16401054.1	98.039	51	1	0	2402	2452	1	51	1.02e-14	89.8
NC_001564	SRA:SRX889579.13137004.1	98.039	51	1	0	966	1016	1	51	1.02e-14	89.8
NC_001564	SRA:SRX889579.11382269.1	98.039	51	1	0	1709	1759	1	51	1.02e-14	89.8
NC_001564	SRA:SRX889579.10874378.1	98.039	51	1	0	347	397	1	51	1.02e-14	89.8
NC_001564	SRA:SRX889579.10800958.1	98.039	51	1	0	564	614	1	51	1.02e-14	89.8
NC_001564	SRA:SRX889579.10126637.1	98.039	51	1	0	2404	2454	1	51	1.02e-14	89.8
NC_001564	SRA:SRX889579.8867973.1	98.039	51	1	0	791	841	1	51	1.02e-14	89.8
NC_001564	SRA:SRX889579.7263846.1	98.039	51	1	0	649	699	1	51	1.02e-14	89.8
NC_001564	SRA:SRX889579.4677379.1	98.039	51	1	0	3637	3687	1	51	1.02e-14	89.8
NC_001564	SRA:SRX889579.4632456.1	98.039	51	1	0	1002	1052	1	51	1.02e-14	89.8
NC_001564	SRA:SRX889579.4320318.1	98.039	51	1	0	2588	2638	1	51	1.02e-14	89.8
NC_001564	SRA:SRX889579.48826838.1	98.000	50	1	0	2270	2319	2	51	3.67e-14	87.9
NC_001564	SRA:SRX889579.41577963.1	98.000	50	1	0	676	725	2	51	3.67e-14	87.9
NC_001564	SRA:SRX889579.21048737.1	98.000	50	1	0	686	735	2	51	3.67e-14	87.9
NC_001564	SRA:SRX889579.14558878.1	98.000	50	1	0	1382	1431	2	51	3.67e-14	87.9
NC_001564	SRA:SRX889579.5905425.1	98.000	50	1	0	947	996	1	50	3.67e-14	87.9
NC_001564	SRA:SRX889579.38056054.1	96.226	53	0	2	2589	2641	1	51	1.32e-13	86.1
NC_001564	SRA:SRX889579.37043020.1	97.959	49	1	0	2843	2891	3	51	1.32e-13	86.1
NC_001564	SRA:SRX889579.34112404.1	97.959	49	1	0	2424	2472	3	51	1.32e-13	86.1
NC_001564	SRA:SRX889579.26755940.1	97.959	49	1	0	808	856	1	49	1.32e-13	86.1
NC_001564	SRA:SRX889579.6858972.1	97.959	49	1	0	2670	2718	3	51	1.32e-13	86.1
NC_001564	SRA:SRX889579.2484936.1	96.078	51	2	0	1002	1052	1	51	1.32e-13	86.1
NC_001564	SRA:SRX889579.2461752.1	96.078	51	2	0	1983	2033	1	51	1.32e-13	86.1
NC_001564	SRA:SRX889579.1181216.1	97.959	49	1	0	4157	4205	3	51	1.32e-13	86.1
NC_001564	SRA:SRX889579.514458.1	96.078	51	2	0	2840	2890	1	51	1.32e-13	86.1
NC_001564	SRA:SRX889579.51754238.1	96.078	51	2	0	1267	1317	1	51	4.74e-13	84.2
NC_001564	SRA:SRX889579.50734918.1	96.078	51	2	0	3428	3478	1	51	4.74e-13	84.2
NC_001564	SRA:SRX889579.41048984.1	96.078	51	2	0	2934	2984	1	51	4.74e-13	84.2
NC_001564	SRA:SRX889579.37325428.1	96.078	51	2	0	2196	2246	1	51	4.74e-13	84.2
NC_001564	SRA:SRX889579.33952001.1	97.917	48	1	0	3698	3745	1	48	4.74e-13	84.2
NC_001564	SRA:SRX889579.28774911.1	96.078	51	2	0	2711	2761	1	51	4.74e-13	84.2
NC_001564	SRA:SRX889579.28719776.1	96.078	51	2	0	2494	2544	1	51	4.74e-13	84.2
NC_001564	SRA:SRX889579.28231699.1	96.078	51	2	0	1806	1856	1	51	4.74e-13	84.2
NC_001564	SRA:SRX889579.24479144.1	96.078	51	2	0	2194	2244	1	51	4.74e-13	84.2
NC_001564	SRA:SRX889579.21197375.1	96.078	51	2	0	2672	2722	1	51	4.74e-13	84.2
NC_001564	SRA:SRX889579.21108910.1	96.078	51	2	0	3345	3395	1	51	4.74e-13	84.2
NC_001564	SRA:SRX889579.18644752.1	96.078	51	2	0	3577	3627	1	51	4.74e-13	84.2
NC_001564	SRA:SRX889579.14644742.1	96.078	51	2	0	2660	2710	1	51	4.74e-13	84.2
NC_001564	SRA:SRX889579.14471069.1	96.078	51	2	0	1806	1856	1	51	4.74e-13	84.2
NC_001564	SRA:SRX889579.13097807.1	96.078	51	2	0	3187	3237	1	51	4.74e-13	84.2
NC_001564	SRA:SRX889579.4883794.1	96.078	51	2	0	3355	3405	1	51	4.74e-13	84.2
NC_001564	SRA:SRX889579.1665673.1	97.917	48	1	0	1714	1761	4	51	4.74e-13	84.2
NC_001564	SRA:SRX889579.16745158.1	96.000	50	2	0	323	372	2	51	1.71e-12	82.4
NC_001564	SRA:SRX889579.5720190.1	100.000	44	0	0	1059	1102	1	44	1.71e-12	82.4
NC_001564	SRA:SRX889579.3799026.1	96.000	50	2	0	3206	3255	1	50	1.71e-12	82.4
NC_001564	SRA:SRX889579.47065667.1	95.918	49	2	0	723	771	3	51	6.14e-12	80.5
NC_001564	SRA:SRX889579.25305823.1	97.826	46	1	0	905	950	1	46	6.14e-12	80.5
NC_001564	SRA:SRX889579.51357706.1	95.833	48	2	0	2069	2116	1	48	2.21e-11	78.7
NC_001564	SRA:SRX889579.50025765.1	94.118	51	3	0	787	837	1	51	2.21e-11	78.7
NC_001564	SRA:SRX889579.48916424.1	94.118	51	3	0	1581	1631	51	1	2.21e-11	78.7
NC_001564	SRA:SRX889579.43231118.1	95.833	48	2	0	1813	1860	1	48	2.21e-11	78.7
NC_001564	SRA:SRX889579.38860735.1	94.118	51	3	0	2862	2912	1	51	2.21e-11	78.7
NC_001564	SRA:SRX889579.38220270.1	95.833	48	2	0	1813	1860	1	48	2.21e-11	78.7
NC_001564	SRA:SRX889579.15465073.1	94.118	51	3	0	1822	1872	1	51	2.21e-11	78.7
NC_001564	SRA:SRX889579.13484261.1	95.833	48	2	0	1813	1860	1	48	2.21e-11	78.7
NC_001564	SRA:SRX889579.12597885.1	94.118	51	3	0	2861	2911	1	51	2.21e-11	78.7
NC_001564	SRA:SRX889579.23614401.1	94.000	50	3	0	1475	1524	1	50	7.94e-11	76.8
NC_001564	SRA:SRX889579.46379990.1	94.000	50	2	1	1986	2035	1	49	2.86e-10	75.0
NC_001564	SRA:SRX889579.40519248.1	93.878	49	3	0	3604	3652	1	49	2.86e-10	75.0
NC_001564	SRA:SRX889579.22881664.1	97.674	43	1	0	3698	3740	1	43	2.86e-10	75.0
NC_001564	SRA:SRX889579.9906340.1	92.157	51	4	0	1478	1528	1	51	1.03e-09	73.1
NC_001564	SRA:SRX889579.6056600.1	92.157	51	4	0	1482	1532	1	51	1.03e-09	73.1
NC_001564	SRA:SRX889579.9135545.1	97.500	40	1	0	3198	3237	1	40	1.33e-08	69.4
NC_001564	SRA:SRX889579.8098297.1	95.455	44	0	1	7445	7486	50	7	1.33e-08	69.4
NC_001564	SRA:SRX889579.7724425.1	100.000	37	0	0	349	385	1	37	1.33e-08	69.4
NC_001564	SRA:SRX889579.10237878.1	100.000	36	0	0	3017	3052	2	37	4.78e-08	67.6
NC_001564	SRA:SRX889579.50407516.1	100.000	32	0	0	323	354	20	51	8.00e-06	60.2
CFAV-Cairns_Australia_2014	SRA:SRX889579.52220713.1	100.000	51	0	0	1258	1308	1	51	2.19e-16	95.3
CFAV-Cairns_Australia_2014	SRA:SRX889579.50054848.1	100.000	51	0	0	3328	3378	1	51	2.19e-16	95.3
CFAV-Cairns_Australia_2014	SRA:SRX889579.48916424.1	100.000	51	0	0	1580	1630	51	1	2.19e-16	95.3
CFAV-Cairns_Australia_2014	SRA:SRX889579.47511416.1	100.000	51	0	0	3230	3280	1	51	2.19e-16	95.3
CFAV-Cairns_Australia_2014	SRA:SRX889579.46982095.1	100.000	51	0	0	2209	2259	1	51	2.19e-16	95.3
CFAV-Cairns_Australia_2014	SRA:SRX889579.46743341.1	100.000	51	0	0	4034	4084	1	51	2.19e-16	95.3
CFAV-Cairns_Australia_2014	SRA:SRX889579.46179801.1	100.000	51	0	0	3075	3125	1	51	2.19e-16	95.3
CFAV-Cairns_Australia_2014	SRA:SRX889579.45005479.1	100.000	51	0	0	935	985	1	51	2.19e-16	95.3
CFAV-Cairns_Australia_2014	SRA:SRX889579.41217357.1	100.000	51	0	0	347	397	1	51	2.19e-16	95.3
CFAV-Cairns_Australia_2014	SRA:SRX889579.40611041.1	100.000	51	0	0	1138	1188	1	51	2.19e-16	95.3
CFAV-Cairns_Australia_2014	SRA:SRX889579.39927303.1	100.000	51	0	0	571	621	1	51	2.19e-16	95.3
CFAV-Cairns_Australia_2014	SRA:SRX889579.39875797.1	100.000	51	0	0	1023	1073	1	51	2.19e-16	95.3
CFAV-Cairns_Australia_2014	SRA:SRX889579.38488611.1	100.000	51	0	0	3997	4047	1	51	2.19e-16	95.3
CFAV-Cairns_Australia_2014	SRA:SRX889579.37659524.1	100.000	51	0	0	1223	1273	1	51	2.19e-16	95.3
CFAV-Cairns_Australia_2014	SRA:SRX889579.37325428.1	100.000	51	0	0	2195	2245	1	51	2.19e-16	95.3
CFAV-Cairns_Australia_2014	SRA:SRX889579.35518046.1	100.000	51	0	0	2457	2507	1	51	2.19e-16	95.3
CFAV-Cairns_Australia_2014	SRA:SRX889579.34341645.1	100.000	51	0	0	7328	7378	51	1	2.19e-16	95.3
CFAV-Cairns_Australia_2014	SRA:SRX889579.33952001.1	100.000	51	0	0	3697	3747	1	51	2.19e-16	95.3
CFAV-Cairns_Australia_2014	SRA:SRX889579.32688056.1	100.000	51	0	0	4001	4051	1	51	2.19e-16	95.3
CFAV-Cairns_Australia_2014	SRA:SRX889579.31409830.1	100.000	51	0	0	939	989	1	51	2.19e-16	95.3
CFAV-Cairns_Australia_2014	SRA:SRX889579.30289526.1	100.000	51	0	0	3664	3714	1	51	2.19e-16	95.3
CFAV-Cairns_Australia_2014	SRA:SRX889579.26726596.1	100.000	51	0	0	933	983	1	51	2.19e-16	95.3
CFAV-Cairns_Australia_2014	SRA:SRX889579.24479144.1	100.000	51	0	0	2193	2243	1	51	2.19e-16	95.3
CFAV-Cairns_Australia_2014	SRA:SRX889579.24029022.1	100.000	51	0	0	4017	4067	1	51	2.19e-16	95.3
CFAV-Cairns_Australia_2014	SRA:SRX889579.22609402.1	100.000	51	0	0	1185	1235	1	51	2.19e-16	95.3
CFAV-Cairns_Australia_2014	SRA:SRX889579.19488003.1	100.000	51	0	0	1178	1228	1	51	2.19e-16	95.3
CFAV-Cairns_Australia_2014	SRA:SRX889579.19368951.1	100.000	51	0	0	1180	1230	1	51	2.19e-16	95.3
CFAV-Cairns_Australia_2014	SRA:SRX889579.19160732.1	100.000	51	0	0	429	479	1	51	2.19e-16	95.3
CFAV-Cairns_Australia_2014	SRA:SRX889579.17047791.1	100.000	51	0	0	3223	3273	1	51	2.19e-16	95.3
CFAV-Cairns_Australia_2014	SRA:SRX889579.16712543.1	100.000	51	0	0	390	440	1	51	2.19e-16	95.3
CFAV-Cairns_Australia_2014	SRA:SRX889579.14783465.1	100.000	51	0	0	397	447	1	51	2.19e-16	95.3
CFAV-Cairns_Australia_2014	SRA:SRX889579.10874378.1	100.000	51	0	0	346	396	1	51	2.19e-16	95.3
CFAV-Cairns_Australia_2014	SRA:SRX889579.10800958.1	100.000	51	0	0	563	613	1	51	2.19e-16	95.3
CFAV-Cairns_Australia_2014	SRA:SRX889579.10166436.1	100.000	51	0	0	406	456	1	51	2.19e-16	95.3
CFAV-Cairns_Australia_2014	SRA:SRX889579.30305743.1	100.000	50	0	0	408	457	2	51	7.88e-16	93.5
CFAV-Cairns_Australia_2014	SRA:SRX889579.28340444.1	100.000	50	0	0	3663	3712	2	51	7.88e-16	93.5
CFAV-Cairns_Australia_2014	SRA:SRX889579.8329245.1	100.000	50	0	0	330	379	2	51	7.88e-16	93.5
CFAV-Cairns_Australia_2014	SRA:SRX889579.47065667.1	100.000	49	0	0	722	770	3	51	2.84e-15	91.6
CFAV-Cairns_Australia_2014	SRA:SRX889579.37043020.1	100.000	49	0	0	2842	2890	3	51	2.84e-15	91.6
CFAV-Cairns_Australia_2014	SRA:SRX889579.34112404.1	100.000	49	0	0	2423	2471	3	51	2.84e-15	91.6
CFAV-Cairns_Australia_2014	SRA:SRX889579.514458.1	98.039	51	1	0	2839	2889	1	51	2.84e-15	91.6
CFAV-Cairns_Australia_2014	SRA:SRX889579.51754238.1	98.039	51	1	0	1266	1316	1	51	1.02e-14	89.8
CFAV-Cairns_Australia_2014	SRA:SRX889579.48683494.1	98.039	51	1	0	2228	2278	1	51	1.02e-14	89.8
CFAV-Cairns_Australia_2014	SRA:SRX889579.47014605.1	98.039	51	1	0	818	868	1	51	1.02e-14	89.8
CFAV-Cairns_Australia_2014	SRA:SRX889579.46740962.1	98.039	51	1	0	949	999	1	51	1.02e-14	89.8
CFAV-Cairns_Australia_2014	SRA:SRX889579.44226598.1	98.039	51	1	0	2544	2594	1	51	1.02e-14	89.8
CFAV-Cairns_Australia_2014	SRA:SRX889579.44215879.1	98.039	51	1	0	1830	1880	1	51	1.02e-14	89.8
CFAV-Cairns_Australia_2014	SRA:SRX889579.43989494.1	98.039	51	1	0	3048	3098	1	51	1.02e-14	89.8
CFAV-Cairns_Australia_2014	SRA:SRX889579.43234155.1	98.039	51	1	0	3030	3080	1	51	1.02e-14	89.8
CFAV-Cairns_Australia_2014	SRA:SRX889579.42963169.1	98.039	51	1	0	921	971	1	51	1.02e-14	89.8
CFAV-Cairns_Australia_2014	SRA:SRX889579.42601305.1	98.039	51	1	0	2649	2699	1	51	1.02e-14	89.8
CFAV-Cairns_Australia_2014	SRA:SRX889579.41552400.1	98.039	51	1	0	657	707	1	51	1.02e-14	89.8
CFAV-Cairns_Australia_2014	SRA:SRX889579.40994679.1	98.039	51	1	0	1830	1880	1	51	1.02e-14	89.8
CFAV-Cairns_Australia_2014	SRA:SRX889579.40696493.1	98.039	51	1	0	6314	6364	1	51	1.02e-14	89.8
CFAV-Cairns_Australia_2014	SRA:SRX889579.39136958.1	98.039	51	1	0	1414	1464	1	51	1.02e-14	89.8
CFAV-Cairns_Australia_2014	SRA:SRX889579.38220270.1	98.039	51	1	0	1812	1862	1	51	1.02e-14	89.8
CFAV-Cairns_Australia_2014	SRA:SRX889579.34040423.1	100.000	48	0	0	948	995	1	48	1.02e-14	89.8
CFAV-Cairns_Australia_2014	SRA:SRX889579.33881976.1	98.039	51	1	0	1661	1711	1	51	1.02e-14	89.8
CFAV-Cairns_Australia_2014	SRA:SRX889579.33671879.1	98.077	52	0	1	1641	1692	1	51	1.02e-14	89.8
CFAV-Cairns_Australia_2014	SRA:SRX889579.33061012.1	98.039	51	1	0	1361	1411	1	51	1.02e-14	89.8
CFAV-Cairns_Australia_2014	SRA:SRX889579.31092431.1	98.039	51	1	0	1747	1797	1	51	1.02e-14	89.8
CFAV-Cairns_Australia_2014	SRA:SRX889579.29958844.1	98.039	51	1	0	3061	3111	1	51	1.02e-14	89.8
CFAV-Cairns_Australia_2014	SRA:SRX889579.28826216.1	98.039	51	1	0	3540	3590	1	51	1.02e-14	89.8
CFAV-Cairns_Australia_2014	SRA:SRX889579.28231699.1	98.039	51	1	0	1805	1855	1	51	1.02e-14	89.8
CFAV-Cairns_Australia_2014	SRA:SRX889579.26755940.1	100.000	48	0	0	808	855	2	49	1.02e-14	89.8
CFAV-Cairns_Australia_2014	SRA:SRX889579.26041784.1	98.039	51	1	0	2088	2138	1	51	1.02e-14	89.8
CFAV-Cairns_Australia_2014	SRA:SRX889579.25780525.1	98.039	51	1	0	786	836	1	51	1.02e-14	89.8
CFAV-Cairns_Australia_2014	SRA:SRX889579.24729509.1	98.039	51	1	0	2090	2140	1	51	1.02e-14	89.8
CFAV-Cairns_Australia_2014	SRA:SRX889579.21108910.1	98.039	51	1	0	3344	3394	1	51	1.02e-14	89.8
CFAV-Cairns_Australia_2014	SRA:SRX889579.19424118.1	98.039	51	1	0	3539	3589	1	51	1.02e-14	89.8
CFAV-Cairns_Australia_2014	SRA:SRX889579.14719090.1	98.039	51	1	0	2094	2144	51	1	1.02e-14	89.8
CFAV-Cairns_Australia_2014	SRA:SRX889579.14471069.1	98.039	51	1	0	1805	1855	1	51	1.02e-14	89.8
CFAV-Cairns_Australia_2014	SRA:SRX889579.13854028.1	98.039	51	1	0	773	823	1	51	1.02e-14	89.8
CFAV-Cairns_Australia_2014	SRA:SRX889579.13484261.1	98.039	51	1	0	1812	1862	1	51	1.02e-14	89.8
CFAV-Cairns_Australia_2014	SRA:SRX889579.13137004.1	98.039	51	1	0	965	1015	1	51	1.02e-14	89.8
CFAV-Cairns_Australia_2014	SRA:SRX889579.11382269.1	98.039	51	1	0	1708	1758	1	51	1.02e-14	89.8
CFAV-Cairns_Australia_2014	SRA:SRX889579.8867973.1	98.039	51	1	0	790	840	1	51	1.02e-14	89.8
CFAV-Cairns_Australia_2014	SRA:SRX889579.8356169.1	98.039	51	1	0	2544	2594	1	51	1.02e-14	89.8
CFAV-Cairns_Australia_2014	SRA:SRX889579.7263846.1	98.039	51	1	0	648	698	1	51	1.02e-14	89.8
CFAV-Cairns_Australia_2014	SRA:SRX889579.4883794.1	98.039	51	1	0	3354	3404	1	51	1.02e-14	89.8
CFAV-Cairns_Australia_2014	SRA:SRX889579.4677379.1	98.039	51	1	0	3636	3686	1	51	1.02e-14	89.8
CFAV-Cairns_Australia_2014	SRA:SRX889579.4632456.1	98.039	51	1	0	1001	1051	1	51	1.02e-14	89.8
CFAV-Cairns_Australia_2014	SRA:SRX889579.4320318.1	98.039	51	1	0	2587	2637	1	51	1.02e-14	89.8
CFAV-Cairns_Australia_2014	SRA:SRX889579.3799026.1	98.039	51	1	0	3205	3255	1	51	1.02e-14	89.8
CFAV-Cairns_Australia_2014	SRA:SRX889579.48826838.1	98.000	50	1	0	2269	2318	2	51	3.67e-14	87.9
CFAV-Cairns_Australia_2014	SRA:SRX889579.41858856.1	98.000	50	1	0	322	371	2	51	3.67e-14	87.9
CFAV-Cairns_Australia_2014	SRA:SRX889579.41577963.1	98.000	50	1	0	675	724	2	51	3.67e-14	87.9
CFAV-Cairns_Australia_2014	SRA:SRX889579.25529970.1	98.000	50	1	0	3539	3588	50	1	3.67e-14	87.9
CFAV-Cairns_Australia_2014	SRA:SRX889579.24297422.1	98.000	50	1	0	1057	1106	1	50	3.67e-14	87.9
CFAV-Cairns_Australia_2014	SRA:SRX889579.19703605.1	98.000	50	1	0	3047	3096	2	51	3.67e-14	87.9
CFAV-Cairns_Australia_2014	SRA:SRX889579.14558878.1	98.000	50	1	0	1381	1430	2	51	3.67e-14	87.9
CFAV-Cairns_Australia_2014	SRA:SRX889579.14408960.1	98.000	50	1	0	2259	2308	2	51	3.67e-14	87.9
CFAV-Cairns_Australia_2014	SRA:SRX889579.10884122.1	98.000	50	1	0	3211	3260	2	51	3.67e-14	87.9
CFAV-Cairns_Australia_2014	SRA:SRX889579.8084180.1	98.000	50	1	0	3162	3211	2	51	3.67e-14	87.9
CFAV-Cairns_Australia_2014	SRA:SRX889579.5905425.1	98.000	50	1	0	946	995	1	50	3.67e-14	87.9
CFAV-Cairns_Australia_2014	SRA:SRX889579.38056054.1	96.226	53	0	2	2588	2640	1	51	1.32e-13	86.1
CFAV-Cairns_Australia_2014	SRA:SRX889579.25305823.1	100.000	46	0	0	904	949	1	46	1.32e-13	86.1
CFAV-Cairns_Australia_2014	SRA:SRX889579.19712244.1	97.959	49	1	0	2761	2809	3	51	1.32e-13	86.1
CFAV-Cairns_Australia_2014	SRA:SRX889579.2484936.1	96.078	51	2	0	1001	1051	1	51	1.32e-13	86.1
CFAV-Cairns_Australia_2014	SRA:SRX889579.1181216.1	97.959	49	1	0	4156	4204	3	51	1.32e-13	86.1
CFAV-Cairns_Australia_2014	SRA:SRX889579.866297.1	97.959	49	1	0	1838	1886	3	51	1.32e-13	86.1
CFAV-Cairns_Australia_2014	SRA:SRX889579.50734918.1	96.078	51	2	0	3427	3477	1	51	4.75e-13	84.2
CFAV-Cairns_Australia_2014	SRA:SRX889579.49032365.1	97.917	48	1	0	2652	2699	1	48	4.75e-13	84.2
CFAV-Cairns_Australia_2014	SRA:SRX889579.44847123.1	96.078	51	2	0	2886	2936	1	51	4.75e-13	84.2
CFAV-Cairns_Australia_2014	SRA:SRX889579.43353472.1	96.078	51	2	0	786	836	1	51	4.75e-13	84.2
CFAV-Cairns_Australia_2014	SRA:SRX889579.43231118.1	97.917	48	1	0	1812	1859	1	48	4.75e-13	84.2
CFAV-Cairns_Australia_2014	SRA:SRX889579.41048984.1	96.078	51	2	0	2933	2983	1	51	4.75e-13	84.2
CFAV-Cairns_Australia_2014	SRA:SRX889579.38860735.1	96.078	51	2	0	2861	2911	1	51	4.75e-13	84.2
CFAV-Cairns_Australia_2014	SRA:SRX889579.33407023.1	96.078	51	2	0	1906	1956	1	51	4.75e-13	84.2
CFAV-Cairns_Australia_2014	SRA:SRX889579.29037156.1	96.078	51	2	0	3574	3624	1	51	4.75e-13	84.2
CFAV-Cairns_Australia_2014	SRA:SRX889579.28719776.1	96.078	51	2	0	2493	2543	1	51	4.75e-13	84.2
CFAV-Cairns_Australia_2014	SRA:SRX889579.22343742.1	96.078	51	2	0	1436	1486	1	51	4.75e-13	84.2
CFAV-Cairns_Australia_2014	SRA:SRX889579.21048737.1	96.078	51	2	0	684	734	1	51	4.75e-13	84.2
CFAV-Cairns_Australia_2014	SRA:SRX889579.16401054.1	96.078	51	2	0	2401	2451	1	51	4.75e-13	84.2
CFAV-Cairns_Australia_2014	SRA:SRX889579.15465073.1	96.078	51	2	0	1821	1871	1	51	4.75e-13	84.2
CFAV-Cairns_Australia_2014	SRA:SRX889579.13680460.1	96.078	51	2	0	3202	3252	1	51	4.75e-13	84.2
CFAV-Cairns_Australia_2014	SRA:SRX889579.12597885.1	96.078	51	2	0	2860	2910	1	51	4.75e-13	84.2
CFAV-Cairns_Australia_2014	SRA:SRX889579.10126637.1	96.078	51	2	0	2403	2453	1	51	4.75e-13	84.2
CFAV-Cairns_Australia_2014	SRA:SRX889579.6056600.1	96.078	51	2	0	1481	1531	1	51	4.75e-13	84.2
CFAV-Cairns_Australia_2014	SRA:SRX889579.5969355.1	96.078	51	2	0	2889	2939	1	51	4.75e-13	84.2
CFAV-Cairns_Australia_2014	SRA:SRX889579.1665673.1	97.917	48	1	0	1713	1760	4	51	4.75e-13	84.2
CFAV-Cairns_Australia_2014	SRA:SRX889579.28774911.1	96.000	50	2	0	2710	2759	1	50	1.71e-12	82.4
CFAV-Cairns_Australia_2014	SRA:SRX889579.24929030.1	100.000	44	0	0	3235	3278	1	44	1.71e-12	82.4
CFAV-Cairns_Australia_2014	SRA:SRX889579.23810736.1	96.000	50	2	0	2662	2711	1	50	1.71e-12	82.4
CFAV-Cairns_Australia_2014	SRA:SRX889579.23614401.1	96.000	50	2	0	1474	1523	1	50	1.71e-12	82.4
CFAV-Cairns_Australia_2014	SRA:SRX889579.27268914.1	95.918	49	2	0	1982	2030	1	49	6.14e-12	80.5
CFAV-Cairns_Australia_2014	SRA:SRX889579.22881664.1	100.000	43	0	0	3697	3739	1	43	6.14e-12	80.5
CFAV-Cairns_Australia_2014	SRA:SRX889579.51357706.1	95.833	48	2	0	2068	2115	1	48	2.21e-11	78.7
CFAV-Cairns_Australia_2014	SRA:SRX889579.32409066.1	94.118	51	3	0	2889	2939	1	51	2.21e-11	78.7
CFAV-Cairns_Australia_2014	SRA:SRX889579.27168683.1	97.778	45	1	0	1537	1581	1	45	2.21e-11	78.7
CFAV-Cairns_Australia_2014	SRA:SRX889579.18644752.1	94.118	51	3	0	3576	3626	1	51	2.21e-11	78.7
CFAV-Cairns_Australia_2014	SRA:SRX889579.14644742.1	94.118	51	3	0	2659	2709	1	51	2.21e-11	78.7
CFAV-Cairns_Australia_2014	SRA:SRX889579.9906340.1	94.118	51	3	0	1477	1527	1	51	2.21e-11	78.7
CFAV-Cairns_Australia_2014	SRA:SRX889579.5720190.1	97.727	44	1	0	1058	1101	1	44	7.94e-11	76.8
CFAV-Cairns_Australia_2014	SRA:SRX889579.2461752.1	97.727	44	1	0	1987	2030	6	49	7.94e-11	76.8
CFAV-Cairns_Australia_2014	SRA:SRX889579.40519248.1	93.878	49	3	0	3603	3651	1	49	2.86e-10	75.0
CFAV-Cairns_Australia_2014	SRA:SRX889579.10522106.1	94.000	50	2	1	1660	1708	1	50	2.86e-10	75.0
CFAV-Cairns_Australia_2014	SRA:SRX889579.6858972.1	93.878	49	3	0	2669	2717	3	51	2.86e-10	75.0
CFAV-Cairns_Australia_2014	SRA:SRX889579.46379990.1	93.750	48	3	0	1989	2036	4	51	1.03e-09	73.1
CFAV-Cairns_Australia_2014	SRA:SRX889579.21197375.1	92.157	51	4	0	2671	2721	1	51	1.03e-09	73.1
CFAV-Cairns_Australia_2014	SRA:SRX889579.7724425.1	100.000	39	0	0	348	386	1	39	1.03e-09	73.1
CFAV-Cairns_Australia_2014	SRA:SRX889579.8098297.1	95.556	45	0	1	7443	7485	51	7	3.69e-09	71.3
CFAV-Macapa2_Brazil_2017	SRA:SRX889579.48916424.1	100.000	51	0	0	1581	1631	51	1	2.19e-16	95.3
CFAV-Macapa2_Brazil_2017	SRA:SRX889579.46743341.1	100.000	51	0	0	4035	4085	1	51	2.19e-16	95.3
CFAV-Macapa2_Brazil_2017	SRA:SRX889579.45005479.1	100.000	51	0	0	936	986	1	51	2.19e-16	95.3
CFAV-Macapa2_Brazil_2017	SRA:SRX889579.39875797.1	100.000	51	0	0	1024	1074	1	51	2.19e-16	95.3
CFAV-Macapa2_Brazil_2017	SRA:SRX889579.37659524.1	100.000	51	0	0	1224	1274	1	51	2.19e-16	95.3
CFAV-Macapa2_Brazil_2017	SRA:SRX889579.33952001.1	100.000	51	0	0	3698	3748	1	51	2.19e-16	95.3
CFAV-Macapa2_Brazil_2017	SRA:SRX889579.33671879.1	100.000	51	0	0	1642	1692	1	51	2.19e-16	95.3
CFAV-Macapa2_Brazil_2017	SRA:SRX889579.33061012.1	100.000	51	0	0	1362	1412	1	51	2.19e-16	95.3
CFAV-Macapa2_Brazil_2017	SRA:SRX889579.31409830.1	100.000	51	0	0	940	990	1	51	2.19e-16	95.3
CFAV-Macapa2_Brazil_2017	SRA:SRX889579.28826216.1	100.000	51	0	0	3541	3591	1	51	2.19e-16	95.3
CFAV-Macapa2_Brazil_2017	SRA:SRX889579.27268914.1	100.000	51	0	0	1983	2033	1	51	2.19e-16	95.3
CFAV-Macapa2_Brazil_2017	SRA:SRX889579.26755940.1	100.000	51	0	0	808	858	1	51	2.19e-16	95.3
CFAV-Macapa2_Brazil_2017	SRA:SRX889579.26726596.1	100.000	51	0	0	934	984	1	51	2.19e-16	95.3
CFAV-Macapa2_Brazil_2017	SRA:SRX889579.25780525.1	100.000	51	0	0	787	837	1	51	2.19e-16	95.3
CFAV-Macapa2_Brazil_2017	SRA:SRX889579.19424118.1	100.000	51	0	0	3540	3590	1	51	2.19e-16	95.3
CFAV-Macapa2_Brazil_2017	SRA:SRX889579.19160732.1	100.000	51	0	0	430	480	1	51	2.19e-16	95.3
CFAV-Macapa2_Brazil_2017	SRA:SRX889579.13854028.1	100.000	51	0	0	774	824	1	51	2.19e-16	95.3
CFAV-Macapa2_Brazil_2017	SRA:SRX889579.12597885.1	100.000	51	0	0	2861	2911	1	51	2.19e-16	95.3
CFAV-Macapa2_Brazil_2017	SRA:SRX889579.8867973.1	100.000	51	0	0	791	841	1	51	2.19e-16	95.3
CFAV-Macapa2_Brazil_2017	SRA:SRX889579.47014605.1	100.000	50	0	0	819	868	1	50	7.88e-16	93.5
CFAV-Macapa2_Brazil_2017	SRA:SRX889579.38860735.1	100.000	50	0	0	2862	2911	1	50	7.88e-16	93.5
CFAV-Macapa2_Brazil_2017	SRA:SRX889579.25529970.1	100.000	50	0	0	3540	3589	50	1	7.88e-16	93.5
CFAV-Macapa2_Brazil_2017	SRA:SRX889579.14558878.1	100.000	50	0	0	1382	1431	2	51	7.88e-16	93.5
CFAV-Macapa2_Brazil_2017	SRA:SRX889579.37043020.1	100.000	49	0	0	2843	2891	3	51	2.84e-15	91.6
CFAV-Macapa2_Brazil_2017	SRA:SRX889579.2461752.1	98.039	51	1	0	1983	2033	1	51	2.84e-15	91.6
CFAV-Macapa2_Brazil_2017	SRA:SRX889579.514458.1	98.039	51	1	0	2840	2890	1	51	2.84e-15	91.6
CFAV-Macapa2_Brazil_2017	SRA:SRX889579.52220713.1	98.039	51	1	0	1259	1309	1	51	1.02e-14	89.8
CFAV-Macapa2_Brazil_2017	SRA:SRX889579.50734918.1	98.039	51	1	0	3428	3478	1	51	1.02e-14	89.8
CFAV-Macapa2_Brazil_2017	SRA:SRX889579.48826838.1	98.039	51	1	0	2269	2319	1	51	1.02e-14	89.8
CFAV-Macapa2_Brazil_2017	SRA:SRX889579.47511416.1	98.039	51	1	0	3231	3281	1	51	1.02e-14	89.8
CFAV-Macapa2_Brazil_2017	SRA:SRX889579.46740962.1	98.039	51	1	0	950	1000	1	51	1.02e-14	89.8
CFAV-Macapa2_Brazil_2017	SRA:SRX889579.44226598.1	98.039	51	1	0	2545	2595	1	51	1.02e-14	89.8
CFAV-Macapa2_Brazil_2017	SRA:SRX889579.43353472.1	98.039	51	1	0	787	837	1	51	1.02e-14	89.8
CFAV-Macapa2_Brazil_2017	SRA:SRX889579.42963169.1	98.039	51	1	0	922	972	1	51	1.02e-14	89.8
CFAV-Macapa2_Brazil_2017	SRA:SRX889579.40611041.1	98.039	51	1	0	1139	1189	1	51	1.02e-14	89.8
CFAV-Macapa2_Brazil_2017	SRA:SRX889579.35518046.1	98.039	51	1	0	2458	2508	1	51	1.02e-14	89.8
CFAV-Macapa2_Brazil_2017	SRA:SRX889579.34040423.1	98.039	51	1	0	949	999	1	51	1.02e-14	89.8
CFAV-Macapa2_Brazil_2017	SRA:SRX889579.33881976.1	98.039	51	1	0	1662	1712	1	51	1.02e-14	89.8
CFAV-Macapa2_Brazil_2017	SRA:SRX889579.30289526.1	98.039	51	1	0	3665	3715	1	51	1.02e-14	89.8
CFAV-Macapa2_Brazil_2017	SRA:SRX889579.29037156.1	98.039	51	1	0	3575	3625	1	51	1.02e-14	89.8
CFAV-Macapa2_Brazil_2017	SRA:SRX889579.21161909.1	98.039	51	1	0	8679	8729	51	1	1.02e-14	89.8
CFAV-Macapa2_Brazil_2017	SRA:SRX889579.11382269.1	98.039	51	1	0	1709	1759	1	51	1.02e-14	89.8
CFAV-Macapa2_Brazil_2017	SRA:SRX889579.10800958.1	98.039	51	1	0	564	614	1	51	1.02e-14	89.8
CFAV-Macapa2_Brazil_2017	SRA:SRX889579.10166436.1	98.039	51	1	0	407	457	1	51	1.02e-14	89.8
CFAV-Macapa2_Brazil_2017	SRA:SRX889579.8356169.1	98.039	51	1	0	2545	2595	1	51	1.02e-14	89.8
CFAV-Macapa2_Brazil_2017	SRA:SRX889579.7834939.1	98.039	51	1	0	3391	3441	1	51	1.02e-14	89.8
CFAV-Macapa2_Brazil_2017	SRA:SRX889579.7263846.1	98.039	51	1	0	649	699	1	51	1.02e-14	89.8
CFAV-Macapa2_Brazil_2017	SRA:SRX889579.5969355.1	98.039	51	1	0	2890	2940	1	51	1.02e-14	89.8
CFAV-Macapa2_Brazil_2017	SRA:SRX889579.4632456.1	98.039	51	1	0	1002	1052	1	51	1.02e-14	89.8
CFAV-Macapa2_Brazil_2017	SRA:SRX889579.50054848.1	100.000	47	0	0	3329	3375	1	47	3.67e-14	87.9
CFAV-Macapa2_Brazil_2017	SRA:SRX889579.41858856.1	98.000	50	1	0	323	372	2	51	3.67e-14	87.9
CFAV-Macapa2_Brazil_2017	SRA:SRX889579.30305743.1	98.000	50	1	0	409	458	2	51	3.67e-14	87.9
CFAV-Macapa2_Brazil_2017	SRA:SRX889579.14408960.1	98.000	50	1	0	2260	2309	2	51	3.67e-14	87.9
CFAV-Macapa2_Brazil_2017	SRA:SRX889579.8329245.1	98.000	50	1	0	331	380	2	51	3.67e-14	87.9
CFAV-Macapa2_Brazil_2017	SRA:SRX889579.47065667.1	97.959	49	1	0	723	771	3	51	1.32e-13	86.1
CFAV-Macapa2_Brazil_2017	SRA:SRX889579.34112404.1	97.959	49	1	0	2424	2472	3	51	1.32e-13	86.1
CFAV-Macapa2_Brazil_2017	SRA:SRX889579.28340444.1	97.959	49	1	0	3665	3713	3	51	1.32e-13	86.1
CFAV-Macapa2_Brazil_2017	SRA:SRX889579.28231699.1	97.959	49	1	0	1806	1854	1	49	1.32e-13	86.1
CFAV-Macapa2_Brazil_2017	SRA:SRX889579.14471069.1	97.959	49	1	0	1806	1854	1	49	1.32e-13	86.1
CFAV-Macapa2_Brazil_2017	SRA:SRX889579.2484936.1	96.078	51	2	0	1002	1052	1	51	1.32e-13	86.1
CFAV-Macapa2_Brazil_2017	SRA:SRX889579.48683494.1	96.078	51	2	0	2229	2279	1	51	4.75e-13	84.2
CFAV-Macapa2_Brazil_2017	SRA:SRX889579.46982095.1	96.078	51	2	0	2210	2260	1	51	4.75e-13	84.2
CFAV-Macapa2_Brazil_2017	SRA:SRX889579.46379990.1	96.154	52	1	1	1986	2037	1	51	4.75e-13	84.2
CFAV-Macapa2_Brazil_2017	SRA:SRX889579.41552400.1	96.078	51	2	0	658	708	1	51	4.75e-13	84.2
CFAV-Macapa2_Brazil_2017	SRA:SRX889579.41048984.1	96.078	51	2	0	2934	2984	1	51	4.75e-13	84.2
CFAV-Macapa2_Brazil_2017	SRA:SRX889579.39927303.1	96.078	51	2	0	572	622	1	51	4.75e-13	84.2
CFAV-Macapa2_Brazil_2017	SRA:SRX889579.38488611.1	96.078	51	2	0	3998	4048	1	51	4.75e-13	84.2
CFAV-Macapa2_Brazil_2017	SRA:SRX889579.38220270.1	96.078	51	2	0	1813	1863	1	51	4.75e-13	84.2
CFAV-Macapa2_Brazil_2017	SRA:SRX889579.33407023.1	96.078	51	2	0	1907	1957	1	51	4.75e-13	84.2
CFAV-Macapa2_Brazil_2017	SRA:SRX889579.32409066.1	96.078	51	2	0	2890	2940	1	51	4.75e-13	84.2
CFAV-Macapa2_Brazil_2017	SRA:SRX889579.24029022.1	96.078	51	2	0	4018	4068	1	51	4.75e-13	84.2
CFAV-Macapa2_Brazil_2017	SRA:SRX889579.22609402.1	96.078	51	2	0	1186	1236	1	51	4.75e-13	84.2
CFAV-Macapa2_Brazil_2017	SRA:SRX889579.18644752.1	96.078	51	2	0	3577	3627	1	51	4.75e-13	84.2
CFAV-Macapa2_Brazil_2017	SRA:SRX889579.17047791.1	96.078	51	2	0	3224	3274	1	51	4.75e-13	84.2
CFAV-Macapa2_Brazil_2017	SRA:SRX889579.13484261.1	96.078	51	2	0	1813	1863	1	51	4.75e-13	84.2
CFAV-Macapa2_Brazil_2017	SRA:SRX889579.5905425.1	96.078	51	2	0	947	997	1	51	4.75e-13	84.2
CFAV-Macapa2_Brazil_2017	SRA:SRX889579.3799026.1	96.078	51	2	0	3206	3256	1	51	4.75e-13	84.2
CFAV-Macapa2_Brazil_2017	SRA:SRX889579.1665673.1	97.917	48	1	0	1714	1761	4	51	4.75e-13	84.2
CFAV-Macapa2_Brazil_2017	SRA:SRX889579.10884122.1	96.000	50	2	0	3212	3261	2	51	1.71e-12	82.4
CFAV-Macapa2_Brazil_2017	SRA:SRX889579.10874378.1	97.872	47	1	0	347	393	1	47	1.71e-12	82.4
CFAV-Macapa2_Brazil_2017	SRA:SRX889579.41217357.1	97.826	46	1	0	348	393	1	46	6.14e-12	80.5
CFAV-Macapa2_Brazil_2017	SRA:SRX889579.36969455.1	97.826	46	1	0	605	650	1	46	6.14e-12	80.5
CFAV-Macapa2_Brazil_2017	SRA:SRX889579.22881664.1	100.000	43	0	0	3698	3740	1	43	6.14e-12	80.5
CFAV-Macapa2_Brazil_2017	SRA:SRX889579.866297.1	95.918	49	2	0	1839	1887	3	51	6.14e-12	80.5
CFAV-Macapa2_Brazil_2017	SRA:SRX889579.50025765.1	94.118	51	3	0	787	837	1	51	2.21e-11	78.7
CFAV-Macapa2_Brazil_2017	SRA:SRX889579.43231118.1	95.833	48	2	0	1813	1860	1	48	2.21e-11	78.7
CFAV-Macapa2_Brazil_2017	SRA:SRX889579.28719776.1	94.118	51	3	0	2494	2544	1	51	2.21e-11	78.7
CFAV-Macapa2_Brazil_2017	SRA:SRX889579.24297422.1	97.778	45	1	0	1058	1102	1	45	2.21e-11	78.7
CFAV-Macapa2_Brazil_2017	SRA:SRX889579.21108910.1	94.118	51	3	0	3345	3395	1	51	2.21e-11	78.7
CFAV-Macapa2_Brazil_2017	SRA:SRX889579.5720190.1	97.778	45	1	0	1059	1103	1	45	2.21e-11	78.7
CFAV-Macapa2_Brazil_2017	SRA:SRX889579.40519248.1	97.727	44	1	0	3604	3647	1	44	7.94e-11	76.8
CFAV-Macapa2_Brazil_2017	SRA:SRX889579.24929030.1	97.727	44	1	0	3236	3279	1	44	7.94e-11	76.8
CFAV-Macapa2_Brazil_2017	SRA:SRX889579.25305823.1	95.652	46	2	0	905	950	1	46	2.86e-10	75.0
CFAV-Macapa2_Brazil_2017	SRA:SRX889579.10522106.1	94.000	50	2	1	1661	1709	1	50	2.86e-10	75.0
CFAV-Macapa2_Brazil_2017	SRA:SRX889579.43989494.1	92.157	51	4	0	3049	3099	1	51	1.03e-09	73.1
CFAV-Macapa2_Brazil_2017	SRA:SRX889579.43253009.1	92.157	51	4	0	3374	3424	1	51	1.03e-09	73.1
CFAV-Macapa2_Brazil_2017	SRA:SRX889579.7724425.1	100.000	39	0	0	349	387	1	39	1.03e-09	73.1
CFAV-Macapa2_Brazil_2017	SRA:SRX889579.19703605.1	92.000	50	4	0	3048	3097	2	51	3.69e-09	71.3
CFAV-KC_Cambodia_2015	SRA:SRX889579.47511416.1	100.000	51	0	0	3242	3292	1	51	2.19e-16	95.3
CFAV-KC_Cambodia_2015	SRA:SRX889579.46743341.1	100.000	51	0	0	4046	4096	1	51	2.19e-16	95.3
CFAV-KC_Cambodia_2015	SRA:SRX889579.45005479.1	100.000	51	0	0	947	997	1	51	2.19e-16	95.3
CFAV-KC_Cambodia_2015	SRA:SRX889579.44215879.1	100.000	51	0	0	1842	1892	1	51	2.19e-16	95.3
CFAV-KC_Cambodia_2015	SRA:SRX889579.41552400.1	100.000	51	0	0	669	719	1	51	2.19e-16	95.3
CFAV-KC_Cambodia_2015	SRA:SRX889579.40994679.1	100.000	51	0	0	1842	1892	1	51	2.19e-16	95.3
CFAV-KC_Cambodia_2015	SRA:SRX889579.39875797.1	100.000	51	0	0	1035	1085	1	51	2.19e-16	95.3
CFAV-KC_Cambodia_2015	SRA:SRX889579.38488611.1	100.000	51	0	0	4009	4059	1	51	2.19e-16	95.3
CFAV-KC_Cambodia_2015	SRA:SRX889579.37399851.1	100.000	51	0	0	1091	1141	1	51	2.19e-16	95.3
CFAV-KC_Cambodia_2015	SRA:SRX889579.33952001.1	100.000	51	0	0	3709	3759	1	51	2.19e-16	95.3
CFAV-KC_Cambodia_2015	SRA:SRX889579.33061012.1	100.000	51	0	0	1373	1423	1	51	2.19e-16	95.3
CFAV-KC_Cambodia_2015	SRA:SRX889579.32688056.1	100.000	51	0	0	4013	4063	1	51	2.19e-16	95.3
CFAV-KC_Cambodia_2015	SRA:SRX889579.31409830.1	100.000	51	0	0	951	1001	1	51	2.19e-16	95.3
CFAV-KC_Cambodia_2015	SRA:SRX889579.30289526.1	100.000	51	0	0	3676	3726	1	51	2.19e-16	95.3
CFAV-KC_Cambodia_2015	SRA:SRX889579.27268914.1	100.000	51	0	0	1994	2044	1	51	2.19e-16	95.3
CFAV-KC_Cambodia_2015	SRA:SRX889579.26726596.1	100.000	51	0	0	945	995	1	51	2.19e-16	95.3
CFAV-KC_Cambodia_2015	SRA:SRX889579.24297422.1	100.000	51	0	0	1069	1119	1	51	2.19e-16	95.3
CFAV-KC_Cambodia_2015	SRA:SRX889579.24029022.1	100.000	51	0	0	4029	4079	1	51	2.19e-16	95.3
CFAV-KC_Cambodia_2015	SRA:SRX889579.19712244.1	100.000	51	0	0	2771	2821	1	51	2.19e-16	95.3
CFAV-KC_Cambodia_2015	SRA:SRX889579.17047791.1	100.000	51	0	0	3235	3285	1	51	2.19e-16	95.3
CFAV-KC_Cambodia_2015	SRA:SRX889579.15465073.1	100.000	51	0	0	1833	1883	1	51	2.19e-16	95.3
CFAV-KC_Cambodia_2015	SRA:SRX889579.7263846.1	100.000	51	0	0	660	710	1	51	2.19e-16	95.3
CFAV-KC_Cambodia_2015	SRA:SRX889579.41858856.1	100.000	50	0	0	334	383	2	51	7.89e-16	93.5
CFAV-KC_Cambodia_2015	SRA:SRX889579.41577963.1	100.000	50	0	0	687	736	2	51	7.89e-16	93.5
CFAV-KC_Cambodia_2015	SRA:SRX889579.8329245.1	100.000	50	0	0	342	391	2	51	7.89e-16	93.5
CFAV-KC_Cambodia_2015	SRA:SRX889579.4883794.1	100.000	50	0	0	3367	3416	2	51	7.89e-16	93.5
CFAV-KC_Cambodia_2015	SRA:SRX889579.37043020.1	100.000	49	0	0	2854	2902	3	51	2.84e-15	91.6
CFAV-KC_Cambodia_2015	SRA:SRX889579.28340444.1	100.000	49	0	0	3676	3724	3	51	2.84e-15	91.6
CFAV-KC_Cambodia_2015	SRA:SRX889579.2461752.1	98.039	51	1	0	1994	2044	1	51	2.84e-15	91.6
CFAV-KC_Cambodia_2015	SRA:SRX889579.514458.1	98.039	51	1	0	2851	2901	1	51	2.84e-15	91.6
CFAV-KC_Cambodia_2015	SRA:SRX889579.52220713.1	98.039	51	1	0	1270	1320	1	51	1.02e-14	89.8
CFAV-KC_Cambodia_2015	SRA:SRX889579.48683494.1	98.039	51	1	0	2240	2290	1	51	1.02e-14	89.8
CFAV-KC_Cambodia_2015	SRA:SRX889579.46740962.1	98.039	51	1	0	961	1011	1	51	1.02e-14	89.8
CFAV-KC_Cambodia_2015	SRA:SRX889579.42601305.1	98.039	51	1	0	2661	2711	1	51	1.02e-14	89.8
CFAV-KC_Cambodia_2015	SRA:SRX889579.38860735.1	98.039	51	1	0	2873	2923	1	51	1.02e-14	89.8
CFAV-KC_Cambodia_2015	SRA:SRX889579.38220270.1	98.039	51	1	0	1824	1874	1	51	1.02e-14	89.8
CFAV-KC_Cambodia_2015	SRA:SRX889579.35518046.1	100.000	48	0	0	2469	2516	1	48	1.02e-14	89.8
CFAV-KC_Cambodia_2015	SRA:SRX889579.34341645.1	98.039	51	1	0	7340	7390	51	1	1.02e-14	89.8
CFAV-KC_Cambodia_2015	SRA:SRX889579.34040423.1	98.039	51	1	0	960	1010	1	51	1.02e-14	89.8
CFAV-KC_Cambodia_2015	SRA:SRX889579.30451020.1	98.039	51	1	0	673	723	1	51	1.02e-14	89.8
CFAV-KC_Cambodia_2015	SRA:SRX889579.29037156.1	98.039	51	1	0	3586	3636	1	51	1.02e-14	89.8
CFAV-KC_Cambodia_2015	SRA:SRX889579.28826216.1	98.039	51	1	0	3552	3602	1	51	1.02e-14	89.8
CFAV-KC_Cambodia_2015	SRA:SRX889579.28231699.1	98.039	51	1	0	1817	1867	1	51	1.02e-14	89.8
CFAV-KC_Cambodia_2015	SRA:SRX889579.25780525.1	98.039	51	1	0	798	848	1	51	1.02e-14	89.8
CFAV-KC_Cambodia_2015	SRA:SRX889579.23810736.1	98.039	51	1	0	2674	2724	1	51	1.02e-14	89.8
CFAV-KC_Cambodia_2015	SRA:SRX889579.21161909.1	98.039	51	1	0	8690	8740	51	1	1.02e-14	89.8
CFAV-KC_Cambodia_2015	SRA:SRX889579.21108910.1	98.039	51	1	0	3356	3406	1	51	1.02e-14	89.8
CFAV-KC_Cambodia_2015	SRA:SRX889579.21048737.1	98.039	51	1	0	696	746	1	51	1.02e-14	89.8
CFAV-KC_Cambodia_2015	SRA:SRX889579.19424118.1	98.039	51	1	0	3551	3601	1	51	1.02e-14	89.8
CFAV-KC_Cambodia_2015	SRA:SRX889579.19160732.1	98.039	51	1	0	441	491	1	51	1.02e-14	89.8
CFAV-KC_Cambodia_2015	SRA:SRX889579.14783465.1	98.039	51	1	0	409	459	1	51	1.02e-14	89.8
CFAV-KC_Cambodia_2015	SRA:SRX889579.14471069.1	98.039	51	1	0	1817	1867	1	51	1.02e-14	89.8
CFAV-KC_Cambodia_2015	SRA:SRX889579.13854028.1	98.039	51	1	0	785	835	1	51	1.02e-14	89.8
CFAV-KC_Cambodia_2015	SRA:SRX889579.13484261.1	98.039	51	1	0	1824	1874	1	51	1.02e-14	89.8
CFAV-KC_Cambodia_2015	SRA:SRX889579.12597885.1	98.039	51	1	0	2872	2922	1	51	1.02e-14	89.8
CFAV-KC_Cambodia_2015	SRA:SRX889579.10166436.1	98.039	51	1	0	418	468	1	51	1.02e-14	89.8
CFAV-KC_Cambodia_2015	SRA:SRX889579.30305743.1	98.000	50	1	0	420	469	2	51	3.67e-14	87.9
CFAV-KC_Cambodia_2015	SRA:SRX889579.14408960.1	98.000	50	1	0	2271	2320	2	51	3.67e-14	87.9
CFAV-KC_Cambodia_2015	SRA:SRX889579.10395903.1	98.000	50	1	0	2071	2120	2	51	3.67e-14	87.9
CFAV-KC_Cambodia_2015	SRA:SRX889579.866297.1	100.000	47	0	0	1850	1896	3	49	3.67e-14	87.9
CFAV-KC_Cambodia_2015	SRA:SRX889579.51754238.1	96.078	51	2	0	1278	1328	1	51	4.75e-13	84.2
CFAV-KC_Cambodia_2015	SRA:SRX889579.51357706.1	97.917	48	1	0	2080	2127	1	48	4.75e-13	84.2
CFAV-KC_Cambodia_2015	SRA:SRX889579.49032365.1	97.917	48	1	0	2664	2711	1	48	4.75e-13	84.2
CFAV-KC_Cambodia_2015	SRA:SRX889579.48916424.1	96.078	51	2	0	1592	1642	51	1	4.75e-13	84.2
CFAV-KC_Cambodia_2015	SRA:SRX889579.46379990.1	96.154	52	1	1	1997	2048	1	51	4.75e-13	84.2
CFAV-KC_Cambodia_2015	SRA:SRX889579.44847123.1	96.078	51	2	0	2898	2948	1	51	4.75e-13	84.2
CFAV-KC_Cambodia_2015	SRA:SRX889579.43253009.1	96.078	51	2	0	3385	3435	1	51	4.75e-13	84.2
CFAV-KC_Cambodia_2015	SRA:SRX889579.43231118.1	97.917	48	1	0	1824	1871	1	48	4.75e-13	84.2
CFAV-KC_Cambodia_2015	SRA:SRX889579.42963169.1	96.078	51	2	0	933	983	1	51	4.75e-13	84.2
CFAV-KC_Cambodia_2015	SRA:SRX889579.41217357.1	96.078	51	2	0	359	409	1	51	4.75e-13	84.2
CFAV-KC_Cambodia_2015	SRA:SRX889579.40611041.1	96.078	51	2	0	1150	1200	1	51	4.75e-13	84.2
CFAV-KC_Cambodia_2015	SRA:SRX889579.40006003.1	96.078	51	2	0	2053	2103	1	51	4.75e-13	84.2
CFAV-KC_Cambodia_2015	SRA:SRX889579.21197375.1	96.078	51	2	0	2683	2733	1	51	4.75e-13	84.2
CFAV-KC_Cambodia_2015	SRA:SRX889579.14644742.1	96.078	51	2	0	2671	2721	1	51	4.75e-13	84.2
CFAV-KC_Cambodia_2015	SRA:SRX889579.10874378.1	96.078	51	2	0	358	408	1	51	4.75e-13	84.2
CFAV-KC_Cambodia_2015	SRA:SRX889579.5969355.1	96.078	51	2	0	2901	2951	1	51	4.75e-13	84.2
CFAV-KC_Cambodia_2015	SRA:SRX889579.5905425.1	96.078	51	2	0	958	1008	1	51	4.75e-13	84.2
CFAV-KC_Cambodia_2015	SRA:SRX889579.34112404.1	97.872	47	1	0	2437	2483	5	51	1.71e-12	82.4
CFAV-KC_Cambodia_2015	SRA:SRX889579.32409066.1	97.872	47	1	0	2905	2951	5	51	1.71e-12	82.4
CFAV-KC_Cambodia_2015	SRA:SRX889579.24929030.1	100.000	44	0	0	3247	3290	1	44	1.71e-12	82.4
CFAV-KC_Cambodia_2015	SRA:SRX889579.18644752.1	96.000	50	2	0	3588	3637	1	50	1.71e-12	82.4
CFAV-KC_Cambodia_2015	SRA:SRX889579.16745158.1	96.000	50	2	0	334	383	2	51	1.71e-12	82.4
CFAV-KC_Cambodia_2015	SRA:SRX889579.16712543.1	96.000	50	2	0	403	452	2	51	1.71e-12	82.4
CFAV-KC_Cambodia_2015	SRA:SRX889579.14558878.1	96.000	50	2	0	1393	1442	2	51	1.71e-12	82.4
CFAV-KC_Cambodia_2015	SRA:SRX889579.10884122.1	96.000	50	2	0	3223	3272	2	51	1.71e-12	82.4
CFAV-KC_Cambodia_2015	SRA:SRX889579.5720190.1	100.000	44	0	0	1070	1113	1	44	1.71e-12	82.4
CFAV-KC_Cambodia_2015	SRA:SRX889579.22881664.1	100.000	43	0	0	3709	3751	1	43	6.15e-12	80.5
CFAV-KC_Cambodia_2015	SRA:SRX889579.6858972.1	97.826	46	1	0	2681	2726	3	48	6.15e-12	80.5
CFAV-KC_Cambodia_2015	SRA:SRX889579.1181216.1	97.826	46	1	0	4171	4216	6	51	6.15e-12	80.5
CFAV-KC_Cambodia_2015	SRA:SRX889579.39136958.1	94.118	51	3	0	1426	1476	1	51	2.21e-11	78.7
CFAV-KC_Cambodia_2015	SRA:SRX889579.36969455.1	100.000	42	0	0	620	661	5	46	2.21e-11	78.7
CFAV-KC_Cambodia_2015	SRA:SRX889579.27168683.1	97.778	45	1	0	1549	1593	1	45	2.21e-11	78.7
CFAV-KC_Cambodia_2015	SRA:SRX889579.24479144.1	94.118	51	3	0	2205	2255	1	51	2.21e-11	78.7
CFAV-KC_Cambodia_2015	SRA:SRX889579.13680460.1	94.118	51	3	0	3214	3264	1	51	2.21e-11	78.7
CFAV-KC_Cambodia_2015	SRA:SRX889579.3799026.1	94.118	51	3	0	3217	3267	1	51	2.21e-11	78.7
CFAV-KC_Cambodia_2015	SRA:SRX889579.37212529.1	94.000	50	3	0	1924	1973	1	50	7.95e-11	76.8
CFAV-KC_Cambodia_2015	SRA:SRX889579.7724425.1	100.000	39	0	0	360	398	1	39	1.03e-09	73.1
CFAV-KC_Cambodia_2015	SRA:SRX889579.50407516.1	100.000	32	0	0	334	365	20	51	8.01e-06	60.2
CFAV-Zik_Uganda_2016	SRA:SRX889579.50054848.1	100.000	51	0	0	3340	3390	1	51	2.19e-16	95.3
CFAV-Zik_Uganda_2016	SRA:SRX889579.46179801.1	100.000	51	0	0	3087	3137	1	51	2.19e-16	95.3
CFAV-Zik_Uganda_2016	SRA:SRX889579.44226598.1	100.000	51	0	0	2556	2606	1	51	2.19e-16	95.3
CFAV-Zik_Uganda_2016	SRA:SRX889579.40611041.1	100.000	51	0	0	1150	1200	1	51	2.19e-16	95.3
CFAV-Zik_Uganda_2016	SRA:SRX889579.39136958.1	100.000	51	0	0	1426	1476	1	51	2.19e-16	95.3
CFAV-Zik_Uganda_2016	SRA:SRX889579.34341645.1	100.000	51	0	0	7340	7390	51	1	2.19e-16	95.3
CFAV-Zik_Uganda_2016	SRA:SRX889579.33952001.1	100.000	51	0	0	3709	3759	1	51	2.19e-16	95.3
CFAV-Zik_Uganda_2016	SRA:SRX889579.33671879.1	100.000	51	0	0	1653	1703	1	51	2.19e-16	95.3
CFAV-Zik_Uganda_2016	SRA:SRX889579.30289526.1	100.000	51	0	0	3676	3726	1	51	2.19e-16	95.3
CFAV-Zik_Uganda_2016	SRA:SRX889579.29958844.1	100.000	51	0	0	3073	3123	1	51	2.19e-16	95.3
CFAV-Zik_Uganda_2016	SRA:SRX889579.28826216.1	100.000	51	0	0	3552	3602	1	51	2.19e-16	95.3
CFAV-Zik_Uganda_2016	SRA:SRX889579.22609402.1	100.000	51	0	0	1197	1247	1	51	2.19e-16	95.3
CFAV-Zik_Uganda_2016	SRA:SRX889579.21108910.1	100.000	51	0	0	3356	3406	1	51	2.19e-16	95.3
CFAV-Zik_Uganda_2016	SRA:SRX889579.19488003.1	100.000	51	0	0	1190	1240	1	51	2.19e-16	95.3
CFAV-Zik_Uganda_2016	SRA:SRX889579.19424118.1	100.000	51	0	0	3551	3601	1	51	2.19e-16	95.3
CFAV-Zik_Uganda_2016	SRA:SRX889579.19368951.1	100.000	51	0	0	1192	1242	1	51	2.19e-16	95.3
CFAV-Zik_Uganda_2016	SRA:SRX889579.13097807.1	100.000	51	0	0	3198	3248	1	51	2.19e-16	95.3
CFAV-Zik_Uganda_2016	SRA:SRX889579.8356169.1	100.000	51	0	0	2556	2606	1	51	2.19e-16	95.3
CFAV-Zik_Uganda_2016	SRA:SRX889579.4883794.1	100.000	51	0	0	3366	3416	1	51	2.19e-16	95.3
CFAV-Zik_Uganda_2016	SRA:SRX889579.41858856.1	100.000	50	0	0	334	383	2	51	7.89e-16	93.5
CFAV-Zik_Uganda_2016	SRA:SRX889579.25529970.1	100.000	50	0	0	3551	3600	50	1	7.89e-16	93.5
CFAV-Zik_Uganda_2016	SRA:SRX889579.14408960.1	100.000	50	0	0	2271	2320	2	51	7.89e-16	93.5
CFAV-Zik_Uganda_2016	SRA:SRX889579.8329245.1	100.000	50	0	0	342	391	2	51	7.89e-16	93.5
CFAV-Zik_Uganda_2016	SRA:SRX889579.8084180.1	100.000	50	0	0	3174	3223	2	51	7.89e-16	93.5
CFAV-Zik_Uganda_2016	SRA:SRX889579.37399851.1	100.000	49	0	0	1093	1141	3	51	2.84e-15	91.6
CFAV-Zik_Uganda_2016	SRA:SRX889579.34112404.1	100.000	49	0	0	2435	2483	3	51	2.84e-15	91.6
CFAV-Zik_Uganda_2016	SRA:SRX889579.33881976.1	100.000	49	0	0	1673	1721	1	49	2.84e-15	91.6
CFAV-Zik_Uganda_2016	SRA:SRX889579.28340444.1	100.000	49	0	0	3676	3724	3	51	2.84e-15	91.6
CFAV-Zik_Uganda_2016	SRA:SRX889579.19712244.1	100.000	49	0	0	2773	2821	3	51	2.84e-15	91.6
CFAV-Zik_Uganda_2016	SRA:SRX889579.52220713.1	98.039	51	1	0	1270	1320	1	51	1.02e-14	89.8
CFAV-Zik_Uganda_2016	SRA:SRX889579.50734918.1	98.039	51	1	0	3439	3489	1	51	1.02e-14	89.8
CFAV-Zik_Uganda_2016	SRA:SRX889579.48916424.1	98.039	51	1	0	1592	1642	51	1	1.02e-14	89.8
CFAV-Zik_Uganda_2016	SRA:SRX889579.48683494.1	98.039	51	1	0	2240	2290	1	51	1.02e-14	89.8
CFAV-Zik_Uganda_2016	SRA:SRX889579.47511416.1	98.039	51	1	0	3242	3292	1	51	1.02e-14	89.8
CFAV-Zik_Uganda_2016	SRA:SRX889579.47014605.1	98.039	51	1	0	830	880	1	51	1.02e-14	89.8
CFAV-Zik_Uganda_2016	SRA:SRX889579.46743341.1	98.039	51	1	0	4046	4096	1	51	1.02e-14	89.8
CFAV-Zik_Uganda_2016	SRA:SRX889579.44215879.1	98.039	51	1	0	1842	1892	1	51	1.02e-14	89.8
CFAV-Zik_Uganda_2016	SRA:SRX889579.43989494.1	98.039	51	1	0	3060	3110	1	51	1.02e-14	89.8
CFAV-Zik_Uganda_2016	SRA:SRX889579.43253009.1	98.039	51	1	0	3385	3435	1	51	1.02e-14	89.8
CFAV-Zik_Uganda_2016	SRA:SRX889579.43234155.1	98.039	51	1	0	3042	3092	1	51	1.02e-14	89.8
CFAV-Zik_Uganda_2016	SRA:SRX889579.41552400.1	98.039	51	1	0	669	719	1	51	1.02e-14	89.8
CFAV-Zik_Uganda_2016	SRA:SRX889579.41217357.1	98.039	51	1	0	359	409	1	51	1.02e-14	89.8
CFAV-Zik_Uganda_2016	SRA:SRX889579.40994679.1	98.039	51	1	0	1842	1892	1	51	1.02e-14	89.8
CFAV-Zik_Uganda_2016	SRA:SRX889579.38860735.1	98.039	51	1	0	2873	2923	1	51	1.02e-14	89.8
CFAV-Zik_Uganda_2016	SRA:SRX889579.38488611.1	98.039	51	1	0	4009	4059	1	51	1.02e-14	89.8
CFAV-Zik_Uganda_2016	SRA:SRX889579.38220270.1	98.039	51	1	0	1824	1874	1	51	1.02e-14	89.8
CFAV-Zik_Uganda_2016	SRA:SRX889579.37659524.1	98.039	51	1	0	1235	1285	1	51	1.02e-14	89.8
CFAV-Zik_Uganda_2016	SRA:SRX889579.29037156.1	98.039	51	1	0	3586	3636	1	51	1.02e-14	89.8
CFAV-Zik_Uganda_2016	SRA:SRX889579.28719776.1	98.039	51	1	0	2505	2555	1	51	1.02e-14	89.8
CFAV-Zik_Uganda_2016	SRA:SRX889579.27268914.1	98.039	51	1	0	1994	2044	1	51	1.02e-14	89.8
CFAV-Zik_Uganda_2016	SRA:SRX889579.26755940.1	98.039	51	1	0	819	869	1	51	1.02e-14	89.8
CFAV-Zik_Uganda_2016	SRA:SRX889579.24029022.1	98.039	51	1	0	4029	4079	1	51	1.02e-14	89.8
CFAV-Zik_Uganda_2016	SRA:SRX889579.17047791.1	98.039	51	1	0	3235	3285	1	51	1.02e-14	89.8
CFAV-Zik_Uganda_2016	SRA:SRX889579.16401054.1	98.039	51	1	0	2413	2463	1	51	1.02e-14	89.8
CFAV-Zik_Uganda_2016	SRA:SRX889579.13854028.1	98.039	51	1	0	785	835	1	51	1.02e-14	89.8
CFAV-Zik_Uganda_2016	SRA:SRX889579.13484261.1	98.039	51	1	0	1824	1874	1	51	1.02e-14	89.8
CFAV-Zik_Uganda_2016	SRA:SRX889579.13137004.1	98.039	51	1	0	977	1027	1	51	1.02e-14	89.8
CFAV-Zik_Uganda_2016	SRA:SRX889579.12597885.1	98.039	51	1	0	2872	2922	1	51	1.02e-14	89.8
CFAV-Zik_Uganda_2016	SRA:SRX889579.10874378.1	98.039	51	1	0	358	408	1	51	1.02e-14	89.8
CFAV-Zik_Uganda_2016	SRA:SRX889579.10126637.1	98.039	51	1	0	2415	2465	1	51	1.02e-14	89.8
CFAV-Zik_Uganda_2016	SRA:SRX889579.9906340.1	98.039	51	1	0	1489	1539	1	51	1.02e-14	89.8
CFAV-Zik_Uganda_2016	SRA:SRX889579.8867973.1	98.039	51	1	0	802	852	1	51	1.02e-14	89.8
CFAV-Zik_Uganda_2016	SRA:SRX889579.7263846.1	98.039	51	1	0	660	710	1	51	1.02e-14	89.8
CFAV-Zik_Uganda_2016	SRA:SRX889579.6056600.1	98.039	51	1	0	1493	1543	1	51	1.02e-14	89.8
CFAV-Zik_Uganda_2016	SRA:SRX889579.3799026.1	98.039	51	1	0	3217	3267	1	51	1.02e-14	89.8
CFAV-Zik_Uganda_2016	SRA:SRX889579.51357706.1	100.000	47	0	0	2080	2126	1	47	3.67e-14	87.9
CFAV-Zik_Uganda_2016	SRA:SRX889579.48826838.1	98.000	50	1	0	2281	2330	2	51	3.67e-14	87.9
CFAV-Zik_Uganda_2016	SRA:SRX889579.41577963.1	98.000	50	1	0	687	736	2	51	3.67e-14	87.9
CFAV-Zik_Uganda_2016	SRA:SRX889579.39875797.1	98.000	50	1	0	1035	1084	1	50	3.67e-14	87.9
CFAV-Zik_Uganda_2016	SRA:SRX889579.25780525.1	98.000	50	1	0	799	848	2	51	3.67e-14	87.9
CFAV-Zik_Uganda_2016	SRA:SRX889579.23614401.1	98.000	50	1	0	1486	1535	1	50	3.67e-14	87.9
CFAV-Zik_Uganda_2016	SRA:SRX889579.19703605.1	98.000	50	1	0	3059	3108	2	51	3.67e-14	87.9
CFAV-Zik_Uganda_2016	SRA:SRX889579.14558878.1	98.000	50	1	0	1393	1442	2	51	3.67e-14	87.9
CFAV-Zik_Uganda_2016	SRA:SRX889579.13680460.1	98.000	50	1	0	3214	3263	1	50	3.67e-14	87.9
CFAV-Zik_Uganda_2016	SRA:SRX889579.10884122.1	98.000	50	1	0	3223	3272	2	51	3.67e-14	87.9
CFAV-Zik_Uganda_2016	SRA:SRX889579.10395903.1	98.000	50	1	0	2071	2120	2	51	3.67e-14	87.9
CFAV-Zik_Uganda_2016	SRA:SRX889579.3914809.1	100.000	47	0	0	3164	3210	1	47	3.67e-14	87.9
CFAV-Zik_Uganda_2016	SRA:SRX889579.47065667.1	97.959	49	1	0	734	782	3	51	1.32e-13	86.1
CFAV-Zik_Uganda_2016	SRA:SRX889579.28231699.1	97.959	49	1	0	1819	1867	3	51	1.32e-13	86.1
CFAV-Zik_Uganda_2016	SRA:SRX889579.14471069.1	97.959	49	1	0	1819	1867	3	51	1.32e-13	86.1
CFAV-Zik_Uganda_2016	SRA:SRX889579.2461752.1	96.078	51	2	0	1994	2044	1	51	1.32e-13	86.1
CFAV-Zik_Uganda_2016	SRA:SRX889579.46379990.1	96.154	52	1	1	1997	2048	1	51	4.75e-13	84.2
CFAV-Zik_Uganda_2016	SRA:SRX889579.43231118.1	97.917	48	1	0	1824	1871	1	48	4.75e-13	84.2
CFAV-Zik_Uganda_2016	SRA:SRX889579.42963169.1	96.078	51	2	0	933	983	1	51	4.75e-13	84.2
CFAV-Zik_Uganda_2016	SRA:SRX889579.35518046.1	96.078	51	2	0	2469	2519	1	51	4.75e-13	84.2
CFAV-Zik_Uganda_2016	SRA:SRX889579.33407023.1	96.078	51	2	0	1918	1968	1	51	4.75e-13	84.2
CFAV-Zik_Uganda_2016	SRA:SRX889579.33061012.1	96.078	51	2	0	1373	1423	1	51	4.75e-13	84.2
CFAV-Zik_Uganda_2016	SRA:SRX889579.30451020.1	96.078	51	2	0	673	723	1	51	4.75e-13	84.2
CFAV-Zik_Uganda_2016	SRA:SRX889579.26726596.1	96.078	51	2	0	945	995	1	51	4.75e-13	84.2
CFAV-Zik_Uganda_2016	SRA:SRX889579.19160732.1	96.078	51	2	0	441	491	1	51	4.75e-13	84.2
CFAV-Zik_Uganda_2016	SRA:SRX889579.18644752.1	96.078	51	2	0	3588	3638	1	51	4.75e-13	84.2
CFAV-Zik_Uganda_2016	SRA:SRX889579.43353472.1	96.000	50	2	0	799	848	2	51	1.71e-12	82.4
CFAV-Zik_Uganda_2016	SRA:SRX889579.16745158.1	96.000	50	2	0	334	383	2	51	1.71e-12	82.4
CFAV-Zik_Uganda_2016	SRA:SRX889579.14783465.1	96.000	50	2	0	409	458	1	50	1.71e-12	82.4
CFAV-Zik_Uganda_2016	SRA:SRX889579.40519248.1	95.918	49	2	0	3615	3663	1	49	6.15e-12	80.5
CFAV-Zik_Uganda_2016	SRA:SRX889579.37325428.1	95.918	49	2	0	2209	2257	3	51	6.15e-12	80.5
CFAV-Zik_Uganda_2016	SRA:SRX889579.25305823.1	97.826	46	1	0	916	961	1	46	6.15e-12	80.5
CFAV-Zik_Uganda_2016	SRA:SRX889579.22881664.1	100.000	43	0	0	3709	3751	1	43	6.15e-12	80.5
CFAV-Zik_Uganda_2016	SRA:SRX889579.10522106.1	96.000	50	1	1	1672	1720	1	50	6.15e-12	80.5
CFAV-Zik_Uganda_2016	SRA:SRX889579.9135545.1	100.000	43	0	0	3209	3251	1	43	6.15e-12	80.5
CFAV-Zik_Uganda_2016	SRA:SRX889579.2484936.1	94.118	51	3	0	1013	1063	1	51	6.15e-12	80.5
CFAV-Zik_Uganda_2016	SRA:SRX889579.866297.1	95.918	49	2	0	1850	1898	3	51	6.15e-12	80.5
CFAV-Zik_Uganda_2016	SRA:SRX889579.46982095.1	94.118	51	3	0	2221	2271	1	51	2.21e-11	78.7
CFAV-Zik_Uganda_2016	SRA:SRX889579.22343742.1	94.118	51	3	0	1448	1498	1	51	2.21e-11	78.7
CFAV-Zik_Uganda_2016	SRA:SRX889579.16712543.1	94.118	51	3	0	402	452	1	51	2.21e-11	78.7
CFAV-Zik_Uganda_2016	SRA:SRX889579.50025765.1	94.000	50	3	0	799	848	2	51	7.95e-11	76.8
CFAV-Zik_Uganda_2016	SRA:SRX889579.21197375.1	94.000	50	3	0	2683	2732	1	50	7.95e-11	76.8
CFAV-Zik_Uganda_2016	SRA:SRX889579.17109041.1	97.727	44	1	0	535	578	1	44	7.95e-11	76.8
CFAV-Zik_Uganda_2016	SRA:SRX889579.6858972.1	93.878	49	3	0	2681	2729	3	51	2.86e-10	75.0
CFAV-Zik_Uganda_2016	SRA:SRX889579.27168683.1	95.556	45	2	0	1549	1593	1	45	1.03e-09	73.1
CFAV-Zik_Uganda_2016	SRA:SRX889579.7724425.1	100.000	39	0	0	360	398	1	39	1.03e-09	73.1
CFAV-Zik_Uganda_2016	SRA:SRX889579.14368203.1	100.000	38	0	0	2140	2177	3	40	3.70e-09	71.3
CFAV-Zik_Uganda_2016	SRA:SRX889579.10237878.1	100.000	36	0	0	3028	3063	2	37	4.78e-08	67.6
CFAV-Zik_Uganda_2016	SRA:SRX889579.50407516.1	100.000	32	0	0	334	365	20	51	8.01e-06	60.2
