CFAV-Bangkok_Thailand_2015	SRA:SRX886249.56854735.1	100.000	51	0	0	1018	1068	1	51	2.63e-16	95.3
CFAV-Bangkok_Thailand_2015	SRA:SRX886249.54748334.1	100.000	51	0	0	1074	1124	1	51	2.63e-16	95.3
CFAV-Bangkok_Thailand_2015	SRA:SRX886249.53861794.1	100.000	51	0	0	2203	2253	1	51	2.63e-16	95.3
CFAV-Bangkok_Thailand_2015	SRA:SRX886249.53502062.1	100.000	51	0	0	3182	3232	1	51	2.63e-16	95.3
CFAV-Bangkok_Thailand_2015	SRA:SRX886249.51171947.1	100.000	51	0	0	3197	3247	1	51	2.63e-16	95.3
CFAV-Bangkok_Thailand_2015	SRA:SRX886249.49822443.1	100.000	51	0	0	1226	1276	1	51	2.63e-16	95.3
CFAV-Bangkok_Thailand_2015	SRA:SRX886249.38189831.1	100.000	51	0	0	1226	1276	1	51	2.63e-16	95.3
CFAV-Bangkok_Thailand_2015	SRA:SRX886249.32913466.1	100.000	51	0	0	685	735	1	51	2.63e-16	95.3
CFAV-Bangkok_Thailand_2015	SRA:SRX886249.30566486.1	100.000	51	0	0	3181	3231	1	51	2.63e-16	95.3
CFAV-Bangkok_Thailand_2015	SRA:SRX886249.27506155.1	100.000	51	0	0	2309	2359	1	51	2.63e-16	95.3
CFAV-Bangkok_Thailand_2015	SRA:SRX886249.22190613.1	100.000	51	0	0	3642	3692	1	51	2.63e-16	95.3
CFAV-Bangkok_Thailand_2015	SRA:SRX886249.19070547.1	100.000	51	0	0	365	415	1	51	2.63e-16	95.3
CFAV-Bangkok_Thailand_2015	SRA:SRX886249.11261865.1	100.000	51	0	0	1019	1069	1	51	2.63e-16	95.3
CFAV-Bangkok_Thailand_2015	SRA:SRX886249.10632067.1	100.000	51	0	0	8659	8709	51	1	2.63e-16	95.3
CFAV-Bangkok_Thailand_2015	SRA:SRX886249.56785335.1	100.000	50	0	0	1399	1448	2	51	9.46e-16	93.5
CFAV-Bangkok_Thailand_2015	SRA:SRX886249.6179906.1	100.000	50	0	0	1429	1478	1	50	9.46e-16	93.5
CFAV-Bangkok_Thailand_2015	SRA:SRX886249.60798398.1	100.000	49	0	0	4031	4079	1	49	3.40e-15	91.6
CFAV-Bangkok_Thailand_2015	SRA:SRX886249.21493739.1	100.000	49	0	0	3433	3481	3	51	3.40e-15	91.6
CFAV-Bangkok_Thailand_2015	SRA:SRX886249.60079864.1	98.039	51	1	0	1745	1795	1	51	1.22e-14	89.8
CFAV-Bangkok_Thailand_2015	SRA:SRX886249.59648249.1	98.039	51	1	0	3110	3160	1	51	1.22e-14	89.8
CFAV-Bangkok_Thailand_2015	SRA:SRX886249.58319155.1	98.039	51	1	0	3321	3371	1	51	1.22e-14	89.8
CFAV-Bangkok_Thailand_2015	SRA:SRX886249.57609649.1	98.039	51	1	0	2287	2337	51	1	1.22e-14	89.8
CFAV-Bangkok_Thailand_2015	SRA:SRX886249.57276816.1	98.039	51	1	0	2287	2337	51	1	1.22e-14	89.8
CFAV-Bangkok_Thailand_2015	SRA:SRX886249.53449582.1	98.039	51	1	0	2866	2916	1	51	1.22e-14	89.8
CFAV-Bangkok_Thailand_2015	SRA:SRX886249.52663157.1	98.039	51	1	0	3312	3362	1	51	1.22e-14	89.8
CFAV-Bangkok_Thailand_2015	SRA:SRX886249.48927108.1	98.039	51	1	0	543	593	1	51	1.22e-14	89.8
CFAV-Bangkok_Thailand_2015	SRA:SRX886249.45166100.1	98.039	51	1	0	3048	3098	1	51	1.22e-14	89.8
CFAV-Bangkok_Thailand_2015	SRA:SRX886249.43976371.1	98.039	51	1	0	1432	1482	1	51	1.22e-14	89.8
CFAV-Bangkok_Thailand_2015	SRA:SRX886249.43605684.1	98.039	51	1	0	3595	3645	1	51	1.22e-14	89.8
CFAV-Bangkok_Thailand_2015	SRA:SRX886249.42790180.1	98.039	51	1	0	941	991	1	51	1.22e-14	89.8
CFAV-Bangkok_Thailand_2015	SRA:SRX886249.41614995.1	98.039	51	1	0	1264	1314	1	51	1.22e-14	89.8
CFAV-Bangkok_Thailand_2015	SRA:SRX886249.37456914.1	98.039	51	1	0	1264	1314	1	51	1.22e-14	89.8
CFAV-Bangkok_Thailand_2015	SRA:SRX886249.34617533.1	98.039	51	1	0	3314	3364	1	51	1.22e-14	89.8
CFAV-Bangkok_Thailand_2015	SRA:SRX886249.34013748.1	98.039	51	1	0	943	993	1	51	1.22e-14	89.8
CFAV-Bangkok_Thailand_2015	SRA:SRX886249.33886111.1	100.000	48	0	0	2194	2241	4	51	1.22e-14	89.8
CFAV-Bangkok_Thailand_2015	SRA:SRX886249.31447691.1	98.039	51	1	0	785	835	1	51	1.22e-14	89.8
CFAV-Bangkok_Thailand_2015	SRA:SRX886249.29730954.1	98.039	51	1	0	3321	3371	1	51	1.22e-14	89.8
CFAV-Bangkok_Thailand_2015	SRA:SRX886249.27334621.1	98.039	51	1	0	677	727	1	51	1.22e-14	89.8
CFAV-Bangkok_Thailand_2015	SRA:SRX886249.26907583.1	98.039	51	1	0	3051	3101	1	51	1.22e-14	89.8
CFAV-Bangkok_Thailand_2015	SRA:SRX886249.25268410.1	100.000	48	0	0	2208	2255	1	48	1.22e-14	89.8
CFAV-Bangkok_Thailand_2015	SRA:SRX886249.25163474.1	100.000	48	0	0	3453	3500	1	48	1.22e-14	89.8
CFAV-Bangkok_Thailand_2015	SRA:SRX886249.23201118.1	98.039	51	1	0	2852	2902	1	51	1.22e-14	89.8
CFAV-Bangkok_Thailand_2015	SRA:SRX886249.14828688.1	98.039	51	1	0	1628	1678	1	51	1.22e-14	89.8
CFAV-Bangkok_Thailand_2015	SRA:SRX886249.14263950.1	98.039	51	1	0	2854	2904	1	51	1.22e-14	89.8
CFAV-Bangkok_Thailand_2015	SRA:SRX886249.13380653.1	98.039	51	1	0	1701	1751	1	51	1.22e-14	89.8
CFAV-Bangkok_Thailand_2015	SRA:SRX886249.13356423.1	98.039	51	1	0	8657	8707	51	1	1.22e-14	89.8
CFAV-Bangkok_Thailand_2015	SRA:SRX886249.12767962.1	98.039	51	1	0	698	748	1	51	1.22e-14	89.8
CFAV-Bangkok_Thailand_2015	SRA:SRX886249.11813517.1	98.039	51	1	0	1264	1314	1	51	1.22e-14	89.8
CFAV-Bangkok_Thailand_2015	SRA:SRX886249.11720571.1	98.039	51	1	0	774	824	1	51	1.22e-14	89.8
CFAV-Bangkok_Thailand_2015	SRA:SRX886249.5453320.1	98.039	51	1	0	354	404	1	51	1.22e-14	89.8
CFAV-Bangkok_Thailand_2015	SRA:SRX886249.59539889.1	98.000	50	1	0	1417	1466	2	51	4.40e-14	87.9
CFAV-Bangkok_Thailand_2015	SRA:SRX886249.48383148.1	98.000	50	1	0	3534	3583	2	51	4.40e-14	87.9
CFAV-Bangkok_Thailand_2015	SRA:SRX886249.29442953.1	100.000	47	0	0	2194	2240	5	51	4.40e-14	87.9
CFAV-Bangkok_Thailand_2015	SRA:SRX886249.14171484.1	100.000	47	0	0	3433	3479	5	51	4.40e-14	87.9
CFAV-Bangkok_Thailand_2015	SRA:SRX886249.62909297.1	97.959	49	1	0	3287	3335	3	51	1.58e-13	86.1
CFAV-Bangkok_Thailand_2015	SRA:SRX886249.42383251.1	97.959	49	1	0	3113	3161	1	49	1.58e-13	86.1
CFAV-Bangkok_Thailand_2015	SRA:SRX886249.34080230.1	100.000	46	0	0	3455	3500	3	48	1.58e-13	86.1
CFAV-Bangkok_Thailand_2015	SRA:SRX886249.903921.1	100.000	46	0	0	2548	2593	6	51	1.58e-13	86.1
CFAV-Bangkok_Thailand_2015	SRA:SRX886249.54997162.1	96.078	51	2	0	2056	2106	1	51	5.70e-13	84.2
CFAV-Bangkok_Thailand_2015	SRA:SRX886249.52302223.1	96.078	51	2	0	413	463	1	51	5.70e-13	84.2
CFAV-Bangkok_Thailand_2015	SRA:SRX886249.51007564.1	97.917	48	1	0	2101	2148	1	48	5.70e-13	84.2
CFAV-Bangkok_Thailand_2015	SRA:SRX886249.48033931.1	96.078	51	2	0	669	719	1	51	5.70e-13	84.2
CFAV-Bangkok_Thailand_2015	SRA:SRX886249.48026660.1	96.078	51	2	0	414	464	1	51	5.70e-13	84.2
CFAV-Bangkok_Thailand_2015	SRA:SRX886249.37344879.1	97.917	48	1	0	1445	1492	1	48	5.70e-13	84.2
CFAV-Bangkok_Thailand_2015	SRA:SRX886249.32723255.1	96.078	51	2	0	1315	1365	1	51	5.70e-13	84.2
CFAV-Bangkok_Thailand_2015	SRA:SRX886249.30299591.1	96.078	51	2	0	735	785	1	51	5.70e-13	84.2
CFAV-Bangkok_Thailand_2015	SRA:SRX886249.25761461.1	96.078	51	2	0	3519	3569	1	51	5.70e-13	84.2
CFAV-Bangkok_Thailand_2015	SRA:SRX886249.22790903.1	96.078	51	2	0	2109	2159	1	51	5.70e-13	84.2
CFAV-Bangkok_Thailand_2015	SRA:SRX886249.16338434.1	96.078	51	2	0	670	720	1	51	5.70e-13	84.2
CFAV-Bangkok_Thailand_2015	SRA:SRX886249.11875679.1	96.078	51	2	0	1104	1154	1	51	5.70e-13	84.2
CFAV-Bangkok_Thailand_2015	SRA:SRX886249.59143753.1	96.000	50	2	0	1896	1945	1	50	2.05e-12	82.4
CFAV-Bangkok_Thailand_2015	SRA:SRX886249.47064406.1	96.000	50	2	0	2677	2726	1	50	2.05e-12	82.4
CFAV-Bangkok_Thailand_2015	SRA:SRX886249.32505456.1	96.000	50	2	0	1106	1155	2	51	2.05e-12	82.4
CFAV-Bangkok_Thailand_2015	SRA:SRX886249.26000579.1	97.872	47	1	0	7427	7473	51	5	2.05e-12	82.4
CFAV-Bangkok_Thailand_2015	SRA:SRX886249.21140351.1	97.872	47	1	0	8618	8664	47	1	2.05e-12	82.4
CFAV-Bangkok_Thailand_2015	SRA:SRX886249.52567374.1	95.918	49	2	0	2441	2489	1	49	7.37e-12	80.5
CFAV-Bangkok_Thailand_2015	SRA:SRX886249.30553445.1	95.918	49	2	0	1334	1382	1	49	7.37e-12	80.5
CFAV-Bangkok_Thailand_2015	SRA:SRX886249.61814799.1	94.118	51	3	0	496	546	1	51	2.65e-11	78.7
CFAV-Bangkok_Thailand_2015	SRA:SRX886249.38982728.1	94.118	51	3	0	3121	3171	1	51	2.65e-11	78.7
CFAV-Bangkok_Thailand_2015	SRA:SRX886249.37910198.1	94.118	51	3	0	2790	2840	1	51	2.65e-11	78.7
CFAV-Bangkok_Thailand_2015	SRA:SRX886249.30879205.1	94.118	51	3	0	2172	2222	1	51	2.65e-11	78.7
CFAV-Bangkok_Thailand_2015	SRA:SRX886249.20867092.1	94.118	51	3	0	3159	3209	1	51	2.65e-11	78.7
CFAV-Bangkok_Thailand_2015	SRA:SRX886249.19303690.1	94.118	51	3	0	4157	4207	1	51	2.65e-11	78.7
CFAV-Bangkok_Thailand_2015	SRA:SRX886249.17469962.1	94.118	51	3	0	607	657	1	51	2.65e-11	78.7
CFAV-Bangkok_Thailand_2015	SRA:SRX886249.3732368.1	97.778	45	1	0	3188	3232	1	45	2.65e-11	78.7
CFAV-Bangkok_Thailand_2015	SRA:SRX886249.89740.1	94.118	51	3	0	2814	2864	1	51	2.65e-11	78.7
CFAV-Bangkok_Thailand_2015	SRA:SRX886249.59052447.1	100.000	40	0	0	3570	3609	1	40	3.43e-10	75.0
CFAV-Bangkok_Thailand_2015	SRA:SRX886249.5781314.1	92.157	51	4	0	2447	2497	1	51	1.23e-09	73.1
CFAV-Bangkok_Thailand_2015	SRA:SRX886249.54579149.1	93.478	46	3	0	2049	2094	6	51	1.59e-08	69.4
CFAV-Bangkok_Thailand_2015	SRA:SRX886249.53657513.1	93.478	46	3	0	2690	2735	3	48	1.59e-08	69.4
CFAV-Bangkok_Thailand_2015	SRA:SRX886249.21267199.1	91.837	49	4	0	2017	2065	3	51	1.59e-08	69.4
CFAV-Bangkok_Thailand_2015	SRA:SRX886249.7690380.1	93.478	46	3	0	2012	2057	1	46	1.59e-08	69.4
CFAV-Bangkok_Thailand_2015	SRA:SRX886249.34917403.1	97.297	37	1	0	3535	3571	1	37	7.42e-07	63.9
CFAV-Bangkok_Thailand_2015	SRA:SRX886249.14389768.1	100.000	28	0	0	2792	2819	1	28	0.002	52.8
NC_001564	SRA:SRX886249.60798398.1	100.000	51	0	0	4038	4088	1	51	2.64e-16	95.3
NC_001564	SRA:SRX886249.59648249.1	100.000	51	0	0	3117	3167	1	51	2.64e-16	95.3
NC_001564	SRA:SRX886249.58319155.1	100.000	51	0	0	3328	3378	1	51	2.64e-16	95.3
NC_001564	SRA:SRX886249.57053277.1	100.000	51	0	0	1151	1201	1	51	2.64e-16	95.3
NC_001564	SRA:SRX886249.56854735.1	100.000	51	0	0	1025	1075	1	51	2.64e-16	95.3
NC_001564	SRA:SRX886249.56785335.1	100.000	51	0	0	1405	1455	1	51	2.64e-16	95.3
NC_001564	SRA:SRX886249.53396582.1	100.000	51	0	0	4000	4050	1	51	2.64e-16	95.3
NC_001564	SRA:SRX886249.52663157.1	100.000	51	0	0	3319	3369	1	51	2.64e-16	95.3
NC_001564	SRA:SRX886249.49822443.1	100.000	51	0	0	1233	1283	1	51	2.64e-16	95.3
NC_001564	SRA:SRX886249.45166100.1	100.000	51	0	0	3055	3105	1	51	2.64e-16	95.3
NC_001564	SRA:SRX886249.43976371.1	100.000	51	0	0	1439	1489	1	51	2.64e-16	95.3
NC_001564	SRA:SRX886249.42383251.1	100.000	51	0	0	3120	3170	1	51	2.64e-16	95.3
NC_001564	SRA:SRX886249.38357001.1	100.000	51	0	0	773	823	1	51	2.64e-16	95.3
NC_001564	SRA:SRX886249.38189831.1	100.000	51	0	0	1233	1283	1	51	2.64e-16	95.3
NC_001564	SRA:SRX886249.34617533.1	100.000	51	0	0	3321	3371	1	51	2.64e-16	95.3
NC_001564	SRA:SRX886249.30299591.1	100.000	51	0	0	742	792	1	51	2.64e-16	95.3
NC_001564	SRA:SRX886249.29730954.1	100.000	51	0	0	3328	3378	1	51	2.64e-16	95.3
NC_001564	SRA:SRX886249.26907583.1	100.000	51	0	0	3058	3108	1	51	2.64e-16	95.3
NC_001564	SRA:SRX886249.25761461.1	100.000	51	0	0	3526	3576	1	51	2.64e-16	95.3
NC_001564	SRA:SRX886249.22933159.1	100.000	51	0	0	3017	3067	1	51	2.64e-16	95.3
NC_001564	SRA:SRX886249.22190613.1	100.000	51	0	0	3649	3699	1	51	2.64e-16	95.3
NC_001564	SRA:SRX886249.19303690.1	100.000	51	0	0	4164	4214	1	51	2.64e-16	95.3
NC_001564	SRA:SRX886249.14495039.1	100.000	51	0	0	1124	1174	1	51	2.64e-16	95.3
NC_001564	SRA:SRX886249.11875679.1	100.000	51	0	0	1111	1161	1	51	2.64e-16	95.3
NC_001564	SRA:SRX886249.11720571.1	100.000	51	0	0	781	831	1	51	2.64e-16	95.3
NC_001564	SRA:SRX886249.11261865.1	100.000	51	0	0	1026	1076	1	51	2.64e-16	95.3
NC_001564	SRA:SRX886249.10637944.1	100.000	51	0	0	935	985	1	51	2.64e-16	95.3
NC_001564	SRA:SRX886249.6179906.1	100.000	51	0	0	1436	1486	1	51	2.64e-16	95.3
NC_001564	SRA:SRX886249.48383148.1	100.000	50	0	0	3541	3590	2	51	9.48e-16	93.5
NC_001564	SRA:SRX886249.32505456.1	100.000	50	0	0	1113	1162	2	51	9.48e-16	93.5
NC_001564	SRA:SRX886249.21650238.1	100.000	50	0	0	469	518	2	51	9.48e-16	93.5
NC_001564	SRA:SRX886249.19973141.1	100.000	50	0	0	934	983	2	51	9.48e-16	93.5
NC_001564	SRA:SRX886249.56328371.1	100.000	49	0	0	4168	4216	1	49	3.41e-15	91.6
NC_001564	SRA:SRX886249.42790180.1	100.000	49	0	0	948	996	1	49	3.41e-15	91.6
NC_001564	SRA:SRX886249.38538310.1	100.000	49	0	0	2409	2457	1	49	3.41e-15	91.6
NC_001564	SRA:SRX886249.33011230.1	100.000	49	0	0	739	787	1	49	3.41e-15	91.6
NC_001564	SRA:SRX886249.27334621.1	100.000	49	0	0	686	734	3	51	3.41e-15	91.6
NC_001564	SRA:SRX886249.14828688.1	100.000	49	0	0	1635	1683	1	49	3.41e-15	91.6
NC_001564	SRA:SRX886249.903921.1	98.039	51	1	0	2550	2600	1	51	3.41e-15	91.6
NC_001564	SRA:SRX886249.59133928.1	98.039	51	1	0	3074	3124	1	51	1.23e-14	89.8
NC_001564	SRA:SRX886249.58081517.1	98.039	51	1	0	896	946	1	51	1.23e-14	89.8
NC_001564	SRA:SRX886249.56314128.1	98.077	52	0	1	934	985	1	51	1.23e-14	89.8
NC_001564	SRA:SRX886249.54748334.1	98.039	51	1	0	1081	1131	1	51	1.23e-14	89.8
NC_001564	SRA:SRX886249.53174075.1	98.039	51	1	0	3414	3464	1	51	1.23e-14	89.8
NC_001564	SRA:SRX886249.52567374.1	98.039	51	1	0	2448	2498	1	51	1.23e-14	89.8
NC_001564	SRA:SRX886249.52302223.1	98.039	51	1	0	420	470	1	51	1.23e-14	89.8
NC_001564	SRA:SRX886249.51922572.1	98.039	51	1	0	3016	3066	1	51	1.23e-14	89.8
NC_001564	SRA:SRX886249.48033931.1	98.039	51	1	0	676	726	1	51	1.23e-14	89.8
NC_001564	SRA:SRX886249.48026660.1	98.039	51	1	0	421	471	1	51	1.23e-14	89.8
NC_001564	SRA:SRX886249.44996921.1	98.039	51	1	0	8650	8700	51	1	1.23e-14	89.8
NC_001564	SRA:SRX886249.43605684.1	98.039	51	1	0	3602	3652	1	51	1.23e-14	89.8
NC_001564	SRA:SRX886249.41614995.1	98.039	51	1	0	1271	1321	1	51	1.23e-14	89.8
NC_001564	SRA:SRX886249.38982728.1	98.039	51	1	0	3128	3178	1	51	1.23e-14	89.8
NC_001564	SRA:SRX886249.37910198.1	98.039	51	1	0	2797	2847	1	51	1.23e-14	89.8
NC_001564	SRA:SRX886249.37456914.1	98.039	51	1	0	1271	1321	1	51	1.23e-14	89.8
NC_001564	SRA:SRX886249.37344879.1	100.000	48	0	0	1452	1499	1	48	1.23e-14	89.8
NC_001564	SRA:SRX886249.35196987.1	98.039	51	1	0	906	956	1	51	1.23e-14	89.8
NC_001564	SRA:SRX886249.34013748.1	98.039	51	1	0	950	1000	1	51	1.23e-14	89.8
NC_001564	SRA:SRX886249.33157642.1	98.039	51	1	0	2600	2650	1	51	1.23e-14	89.8
NC_001564	SRA:SRX886249.32723255.1	98.039	51	1	0	1322	1372	1	51	1.23e-14	89.8
NC_001564	SRA:SRX886249.31447691.1	98.039	51	1	0	792	842	1	51	1.23e-14	89.8
NC_001564	SRA:SRX886249.30553445.1	98.039	51	1	0	1341	1391	1	51	1.23e-14	89.8
NC_001564	SRA:SRX886249.30530258.1	98.039	51	1	0	1981	2031	1	51	1.23e-14	89.8
NC_001564	SRA:SRX886249.25268410.1	98.039	51	1	0	2215	2265	1	51	1.23e-14	89.8
NC_001564	SRA:SRX886249.25163474.1	98.039	51	1	0	3460	3510	1	51	1.23e-14	89.8
NC_001564	SRA:SRX886249.23878153.1	98.039	51	1	0	2664	2714	1	51	1.23e-14	89.8
NC_001564	SRA:SRX886249.21493739.1	98.039	51	1	0	3438	3488	1	51	1.23e-14	89.8
NC_001564	SRA:SRX886249.19070547.1	98.039	51	1	0	372	422	1	51	1.23e-14	89.8
NC_001564	SRA:SRX886249.17469962.1	98.039	51	1	0	614	664	1	51	1.23e-14	89.8
NC_001564	SRA:SRX886249.17415475.1	98.039	51	1	0	2650	2700	1	51	1.23e-14	89.8
NC_001564	SRA:SRX886249.16338434.1	98.039	51	1	0	677	727	1	51	1.23e-14	89.8
NC_001564	SRA:SRX886249.14650229.1	98.039	51	1	0	2402	2452	1	51	1.23e-14	89.8
NC_001564	SRA:SRX886249.13380653.1	98.039	51	1	0	1708	1758	1	51	1.23e-14	89.8
NC_001564	SRA:SRX886249.13356423.1	98.039	51	1	0	8664	8714	51	1	1.23e-14	89.8
NC_001564	SRA:SRX886249.11813517.1	98.039	51	1	0	1271	1321	1	51	1.23e-14	89.8
NC_001564	SRA:SRX886249.9685571.1	98.039	51	1	0	6317	6367	1	51	1.23e-14	89.8
NC_001564	SRA:SRX886249.8227386.1	98.039	51	1	0	2626	2676	1	51	1.23e-14	89.8
NC_001564	SRA:SRX886249.7212709.1	98.039	51	1	0	2373	2423	1	51	1.23e-14	89.8
NC_001564	SRA:SRX886249.5781314.1	98.039	51	1	0	2454	2504	1	51	1.23e-14	89.8
NC_001564	SRA:SRX886249.2217509.1	98.039	51	1	0	2601	2651	1	51	1.23e-14	89.8
NC_001564	SRA:SRX886249.89740.1	98.039	51	1	0	2821	2871	1	51	1.23e-14	89.8
NC_001564	SRA:SRX886249.59539889.1	98.000	50	1	0	1424	1473	2	51	4.41e-14	87.9
NC_001564	SRA:SRX886249.47447533.1	98.000	50	1	0	2654	2703	1	50	4.41e-14	87.9
NC_001564	SRA:SRX886249.14171484.1	98.000	50	1	0	3437	3486	2	51	4.41e-14	87.9
NC_001564	SRA:SRX886249.9665121.1	98.000	50	1	0	2664	2713	2	51	4.41e-14	87.9
NC_001564	SRA:SRX886249.62909297.1	97.959	49	1	0	3294	3342	3	51	1.59e-13	86.1
NC_001564	SRA:SRX886249.61975686.1	97.959	49	1	0	3009	3057	3	51	1.59e-13	86.1
NC_001564	SRA:SRX886249.34080230.1	97.959	49	1	0	3462	3510	3	51	1.59e-13	86.1
NC_001564	SRA:SRX886249.13313253.1	97.959	49	1	0	1467	1515	1	49	1.59e-13	86.1
NC_001564	SRA:SRX886249.5190226.1	97.959	49	1	0	2806	2854	3	51	1.59e-13	86.1
NC_001564	SRA:SRX886249.61836735.1	96.078	51	2	0	3076	3126	1	51	5.71e-13	84.2
NC_001564	SRA:SRX886249.61814799.1	96.078	51	2	0	503	553	1	51	5.71e-13	84.2
NC_001564	SRA:SRX886249.58651623.1	96.078	51	2	0	2807	2857	1	51	5.71e-13	84.2
NC_001564	SRA:SRX886249.51171947.1	96.078	51	2	0	3204	3254	1	51	5.71e-13	84.2
NC_001564	SRA:SRX886249.48927108.1	96.078	51	2	0	550	600	1	51	5.71e-13	84.2
NC_001564	SRA:SRX886249.33886111.1	96.078	51	2	0	2198	2248	1	51	5.71e-13	84.2
NC_001564	SRA:SRX886249.32913466.1	96.078	51	2	0	692	742	1	51	5.71e-13	84.2
NC_001564	SRA:SRX886249.29442953.1	96.078	51	2	0	2197	2247	1	51	5.71e-13	84.2
NC_001564	SRA:SRX886249.27516140.1	96.078	51	2	0	1682	1732	1	51	5.71e-13	84.2
NC_001564	SRA:SRX886249.12767962.1	96.078	51	2	0	705	755	1	51	5.71e-13	84.2
NC_001564	SRA:SRX886249.6035490.1	96.078	51	2	0	2601	2651	1	51	5.71e-13	84.2
NC_001564	SRA:SRX886249.4775676.1	96.078	51	2	0	2933	2983	1	51	5.71e-13	84.2
NC_001564	SRA:SRX886249.30566486.1	96.000	50	2	0	3188	3237	1	50	2.05e-12	82.4
NC_001564	SRA:SRX886249.26000579.1	97.872	47	1	0	7434	7480	51	5	2.05e-12	82.4
NC_001564	SRA:SRX886249.21140351.1	97.872	47	1	0	8625	8671	47	1	2.05e-12	82.4
NC_001564	SRA:SRX886249.53502062.1	95.918	49	2	0	3189	3237	1	49	7.38e-12	80.5
NC_001564	SRA:SRX886249.29836569.1	95.918	49	2	0	1358	1406	3	51	7.38e-12	80.5
NC_001564	SRA:SRX886249.23201118.1	95.918	49	2	0	2859	2907	1	49	7.38e-12	80.5
NC_001564	SRA:SRX886249.47083793.1	94.118	51	3	0	2900	2950	1	51	2.66e-11	78.7
NC_001564	SRA:SRX886249.39238452.1	94.118	51	3	0	2900	2950	1	51	2.66e-11	78.7
NC_001564	SRA:SRX886249.30879205.1	94.118	51	3	0	2179	2229	1	51	2.66e-11	78.7
NC_001564	SRA:SRX886249.26468184.1	94.118	51	3	0	1817	1867	1	51	2.66e-11	78.7
NC_001564	SRA:SRX886249.14263950.1	94.118	51	3	0	2861	2911	1	51	2.66e-11	78.7
NC_001564	SRA:SRX886249.12508572.1	94.118	51	3	0	1814	1864	1	51	2.66e-11	78.7
NC_001564	SRA:SRX886249.11767643.1	94.118	51	3	0	1817	1867	1	51	2.66e-11	78.7
NC_001564	SRA:SRX886249.500614.1	94.118	51	3	0	2722	2772	1	51	2.66e-11	78.7
NC_001564	SRA:SRX886249.54997162.1	94.000	50	3	0	2063	2112	1	50	9.55e-11	76.8
NC_001564	SRA:SRX886249.53449582.1	94.000	50	3	0	2874	2923	2	51	9.55e-11	76.8
NC_001564	SRA:SRX886249.59052447.1	100.000	40	0	0	3577	3616	1	40	3.44e-10	75.0
NC_001564	SRA:SRX886249.13822727.1	97.561	41	1	0	2935	2975	1	41	4.44e-09	71.3
NC_001564	SRA:SRX886249.34917403.1	100.000	37	0	0	3542	3578	1	37	1.60e-08	69.4
NC_001564	SRA:SRX886249.14389768.1	100.000	33	0	0	2799	2831	1	33	2.67e-06	62.1
CFAV-Cairns_Australia_2014	SRA:SRX886249.60798398.1	100.000	51	0	0	4037	4087	1	51	2.64e-16	95.3
CFAV-Cairns_Australia_2014	SRA:SRX886249.59648249.1	100.000	51	0	0	3116	3166	1	51	2.64e-16	95.3
CFAV-Cairns_Australia_2014	SRA:SRX886249.59133928.1	100.000	51	0	0	3073	3123	1	51	2.64e-16	95.3
CFAV-Cairns_Australia_2014	SRA:SRX886249.58319155.1	100.000	51	0	0	3327	3377	1	51	2.64e-16	95.3
CFAV-Cairns_Australia_2014	SRA:SRX886249.58081517.1	100.000	51	0	0	895	945	1	51	2.64e-16	95.3
CFAV-Cairns_Australia_2014	SRA:SRX886249.57053277.1	100.000	51	0	0	1150	1200	1	51	2.64e-16	95.3
CFAV-Cairns_Australia_2014	SRA:SRX886249.56854735.1	100.000	51	0	0	1024	1074	1	51	2.64e-16	95.3
CFAV-Cairns_Australia_2014	SRA:SRX886249.53861794.1	100.000	51	0	0	2209	2259	1	51	2.64e-16	95.3
CFAV-Cairns_Australia_2014	SRA:SRX886249.53396582.1	100.000	51	0	0	3999	4049	1	51	2.64e-16	95.3
CFAV-Cairns_Australia_2014	SRA:SRX886249.52663157.1	100.000	51	0	0	3318	3368	1	51	2.64e-16	95.3
CFAV-Cairns_Australia_2014	SRA:SRX886249.52567374.1	100.000	51	0	0	2447	2497	1	51	2.64e-16	95.3
CFAV-Cairns_Australia_2014	SRA:SRX886249.52302223.1	100.000	51	0	0	419	469	1	51	2.64e-16	95.3
CFAV-Cairns_Australia_2014	SRA:SRX886249.49822443.1	100.000	51	0	0	1232	1282	1	51	2.64e-16	95.3
CFAV-Cairns_Australia_2014	SRA:SRX886249.48026660.1	100.000	51	0	0	420	470	1	51	2.64e-16	95.3
CFAV-Cairns_Australia_2014	SRA:SRX886249.42383251.1	100.000	51	0	0	3119	3169	1	51	2.64e-16	95.3
CFAV-Cairns_Australia_2014	SRA:SRX886249.41614995.1	100.000	51	0	0	1270	1320	1	51	2.64e-16	95.3
CFAV-Cairns_Australia_2014	SRA:SRX886249.38189831.1	100.000	51	0	0	1232	1282	1	51	2.64e-16	95.3
CFAV-Cairns_Australia_2014	SRA:SRX886249.37456914.1	100.000	51	0	0	1270	1320	1	51	2.64e-16	95.3
CFAV-Cairns_Australia_2014	SRA:SRX886249.35196987.1	100.000	51	0	0	905	955	1	51	2.64e-16	95.3
CFAV-Cairns_Australia_2014	SRA:SRX886249.34617533.1	100.000	51	0	0	3320	3370	1	51	2.64e-16	95.3
CFAV-Cairns_Australia_2014	SRA:SRX886249.33886111.1	100.000	51	0	0	2197	2247	1	51	2.64e-16	95.3
CFAV-Cairns_Australia_2014	SRA:SRX886249.32913466.1	100.000	51	0	0	691	741	1	51	2.64e-16	95.3
CFAV-Cairns_Australia_2014	SRA:SRX886249.30299591.1	100.000	51	0	0	741	791	1	51	2.64e-16	95.3
CFAV-Cairns_Australia_2014	SRA:SRX886249.29730954.1	100.000	51	0	0	3327	3377	1	51	2.64e-16	95.3
CFAV-Cairns_Australia_2014	SRA:SRX886249.29442953.1	100.000	51	0	0	2196	2246	1	51	2.64e-16	95.3
CFAV-Cairns_Australia_2014	SRA:SRX886249.27506155.1	100.000	51	0	0	2315	2365	1	51	2.64e-16	95.3
CFAV-Cairns_Australia_2014	SRA:SRX886249.25761461.1	100.000	51	0	0	3525	3575	1	51	2.64e-16	95.3
CFAV-Cairns_Australia_2014	SRA:SRX886249.25268410.1	100.000	51	0	0	2214	2264	1	51	2.64e-16	95.3
CFAV-Cairns_Australia_2014	SRA:SRX886249.22190613.1	100.000	51	0	0	3648	3698	1	51	2.64e-16	95.3
CFAV-Cairns_Australia_2014	SRA:SRX886249.19303690.1	100.000	51	0	0	4163	4213	1	51	2.64e-16	95.3
CFAV-Cairns_Australia_2014	SRA:SRX886249.19070547.1	100.000	51	0	0	371	421	1	51	2.64e-16	95.3
CFAV-Cairns_Australia_2014	SRA:SRX886249.14828688.1	100.000	51	0	0	1634	1684	1	51	2.64e-16	95.3
CFAV-Cairns_Australia_2014	SRA:SRX886249.14495039.1	100.000	51	0	0	1123	1173	1	51	2.64e-16	95.3
CFAV-Cairns_Australia_2014	SRA:SRX886249.12767962.1	100.000	51	0	0	704	754	1	51	2.64e-16	95.3
CFAV-Cairns_Australia_2014	SRA:SRX886249.11875679.1	100.000	51	0	0	1110	1160	1	51	2.64e-16	95.3
CFAV-Cairns_Australia_2014	SRA:SRX886249.11813517.1	100.000	51	0	0	1270	1320	1	51	2.64e-16	95.3
CFAV-Cairns_Australia_2014	SRA:SRX886249.11261865.1	100.000	51	0	0	1025	1075	1	51	2.64e-16	95.3
CFAV-Cairns_Australia_2014	SRA:SRX886249.10637944.1	100.000	51	0	0	934	984	1	51	2.64e-16	95.3
CFAV-Cairns_Australia_2014	SRA:SRX886249.5781314.1	100.000	51	0	0	2453	2503	1	51	2.64e-16	95.3
CFAV-Cairns_Australia_2014	SRA:SRX886249.5453320.1	100.000	51	0	0	360	410	1	51	2.64e-16	95.3
CFAV-Cairns_Australia_2014	SRA:SRX886249.32505456.1	100.000	50	0	0	1112	1161	2	51	9.49e-16	93.5
CFAV-Cairns_Australia_2014	SRA:SRX886249.21650238.1	100.000	50	0	0	468	517	2	51	9.49e-16	93.5
CFAV-Cairns_Australia_2014	SRA:SRX886249.19973141.1	100.000	50	0	0	933	982	2	51	9.49e-16	93.5
CFAV-Cairns_Australia_2014	SRA:SRX886249.56328371.1	100.000	49	0	0	4167	4215	1	49	3.41e-15	91.6
CFAV-Cairns_Australia_2014	SRA:SRX886249.42790180.1	100.000	49	0	0	947	995	1	49	3.41e-15	91.6
CFAV-Cairns_Australia_2014	SRA:SRX886249.33011230.1	100.000	49	0	0	738	786	1	49	3.41e-15	91.6
CFAV-Cairns_Australia_2014	SRA:SRX886249.61836735.1	98.039	51	1	0	3075	3125	1	51	1.23e-14	89.8
CFAV-Cairns_Australia_2014	SRA:SRX886249.57609649.1	98.039	51	1	0	2293	2343	51	1	1.23e-14	89.8
CFAV-Cairns_Australia_2014	SRA:SRX886249.57276816.1	98.039	51	1	0	2293	2343	51	1	1.23e-14	89.8
CFAV-Cairns_Australia_2014	SRA:SRX886249.56785335.1	98.039	51	1	0	1404	1454	1	51	1.23e-14	89.8
CFAV-Cairns_Australia_2014	SRA:SRX886249.56314128.1	98.077	52	0	1	933	984	1	51	1.23e-14	89.8
CFAV-Cairns_Australia_2014	SRA:SRX886249.53174075.1	98.039	51	1	0	3413	3463	1	51	1.23e-14	89.8
CFAV-Cairns_Australia_2014	SRA:SRX886249.51171947.1	98.039	51	1	0	3203	3253	1	51	1.23e-14	89.8
CFAV-Cairns_Australia_2014	SRA:SRX886249.48927108.1	98.039	51	1	0	549	599	1	51	1.23e-14	89.8
CFAV-Cairns_Australia_2014	SRA:SRX886249.48033931.1	98.039	51	1	0	675	725	1	51	1.23e-14	89.8
CFAV-Cairns_Australia_2014	SRA:SRX886249.45166100.1	98.039	51	1	0	3054	3104	1	51	1.23e-14	89.8
CFAV-Cairns_Australia_2014	SRA:SRX886249.43605684.1	98.039	51	1	0	3601	3651	1	51	1.23e-14	89.8
CFAV-Cairns_Australia_2014	SRA:SRX886249.38982728.1	98.039	51	1	0	3127	3177	1	51	1.23e-14	89.8
CFAV-Cairns_Australia_2014	SRA:SRX886249.38538310.1	98.039	51	1	0	2408	2458	1	51	1.23e-14	89.8
CFAV-Cairns_Australia_2014	SRA:SRX886249.38357001.1	98.039	51	1	0	772	822	1	51	1.23e-14	89.8
CFAV-Cairns_Australia_2014	SRA:SRX886249.34013748.1	98.039	51	1	0	949	999	1	51	1.23e-14	89.8
CFAV-Cairns_Australia_2014	SRA:SRX886249.33157642.1	98.039	51	1	0	2599	2649	1	51	1.23e-14	89.8
CFAV-Cairns_Australia_2014	SRA:SRX886249.31447691.1	98.039	51	1	0	791	841	1	51	1.23e-14	89.8
CFAV-Cairns_Australia_2014	SRA:SRX886249.30879205.1	98.039	51	1	0	2178	2228	1	51	1.23e-14	89.8
CFAV-Cairns_Australia_2014	SRA:SRX886249.30674534.1	98.039	51	1	0	360	410	1	51	1.23e-14	89.8
CFAV-Cairns_Australia_2014	SRA:SRX886249.30553445.1	98.039	51	1	0	1340	1390	1	51	1.23e-14	89.8
CFAV-Cairns_Australia_2014	SRA:SRX886249.27334621.1	98.039	51	1	0	683	733	1	51	1.23e-14	89.8
CFAV-Cairns_Australia_2014	SRA:SRX886249.26907583.1	98.039	51	1	0	3057	3107	1	51	1.23e-14	89.8
CFAV-Cairns_Australia_2014	SRA:SRX886249.26468184.1	98.039	51	1	0	1816	1866	1	51	1.23e-14	89.8
CFAV-Cairns_Australia_2014	SRA:SRX886249.25163474.1	98.039	51	1	0	3459	3509	1	51	1.23e-14	89.8
CFAV-Cairns_Australia_2014	SRA:SRX886249.21493739.1	98.039	51	1	0	3437	3487	1	51	1.23e-14	89.8
CFAV-Cairns_Australia_2014	SRA:SRX886249.17469962.1	98.039	51	1	0	613	663	1	51	1.23e-14	89.8
CFAV-Cairns_Australia_2014	SRA:SRX886249.17415475.1	98.039	51	1	0	2649	2699	1	51	1.23e-14	89.8
CFAV-Cairns_Australia_2014	SRA:SRX886249.16338434.1	98.039	51	1	0	676	726	1	51	1.23e-14	89.8
CFAV-Cairns_Australia_2014	SRA:SRX886249.13380653.1	98.039	51	1	0	1707	1757	1	51	1.23e-14	89.8
CFAV-Cairns_Australia_2014	SRA:SRX886249.13356423.1	98.039	51	1	0	8663	8713	51	1	1.23e-14	89.8
CFAV-Cairns_Australia_2014	SRA:SRX886249.12508572.1	98.039	51	1	0	1813	1863	1	51	1.23e-14	89.8
CFAV-Cairns_Australia_2014	SRA:SRX886249.11767643.1	98.039	51	1	0	1816	1866	1	51	1.23e-14	89.8
CFAV-Cairns_Australia_2014	SRA:SRX886249.9685571.1	98.039	51	1	0	6316	6366	1	51	1.23e-14	89.8
CFAV-Cairns_Australia_2014	SRA:SRX886249.8227386.1	98.039	51	1	0	2625	2675	1	51	1.23e-14	89.8
CFAV-Cairns_Australia_2014	SRA:SRX886249.2217509.1	98.039	51	1	0	2600	2650	1	51	1.23e-14	89.8
CFAV-Cairns_Australia_2014	SRA:SRX886249.89740.1	98.039	51	1	0	2820	2870	1	51	1.23e-14	89.8
CFAV-Cairns_Australia_2014	SRA:SRX886249.48383148.1	98.000	50	1	0	3540	3589	2	51	4.41e-14	87.9
CFAV-Cairns_Australia_2014	SRA:SRX886249.26000579.1	100.000	47	0	0	7433	7479	51	5	4.41e-14	87.9
CFAV-Cairns_Australia_2014	SRA:SRX886249.14171484.1	98.000	50	1	0	3436	3485	2	51	4.41e-14	87.9
CFAV-Cairns_Australia_2014	SRA:SRX886249.60079864.1	97.959	49	1	0	1751	1799	1	49	1.59e-13	86.1
CFAV-Cairns_Australia_2014	SRA:SRX886249.34080230.1	97.959	49	1	0	3461	3509	3	51	1.59e-13	86.1
CFAV-Cairns_Australia_2014	SRA:SRX886249.23201118.1	97.959	49	1	0	2858	2906	1	49	1.59e-13	86.1
CFAV-Cairns_Australia_2014	SRA:SRX886249.22933159.1	97.959	49	1	0	3016	3064	1	49	1.59e-13	86.1
CFAV-Cairns_Australia_2014	SRA:SRX886249.7212709.1	97.959	49	1	0	2372	2420	1	49	1.59e-13	86.1
CFAV-Cairns_Australia_2014	SRA:SRX886249.5190226.1	97.959	49	1	0	2805	2853	3	51	1.59e-13	86.1
CFAV-Cairns_Australia_2014	SRA:SRX886249.61814799.1	96.078	51	2	0	502	552	1	51	5.71e-13	84.2
CFAV-Cairns_Australia_2014	SRA:SRX886249.58651623.1	96.078	51	2	0	2806	2856	1	51	5.71e-13	84.2
CFAV-Cairns_Australia_2014	SRA:SRX886249.53449582.1	96.078	51	2	0	2872	2922	1	51	5.71e-13	84.2
CFAV-Cairns_Australia_2014	SRA:SRX886249.47083793.1	96.078	51	2	0	2899	2949	1	51	5.71e-13	84.2
CFAV-Cairns_Australia_2014	SRA:SRX886249.43976371.1	96.078	51	2	0	1438	1488	1	51	5.71e-13	84.2
CFAV-Cairns_Australia_2014	SRA:SRX886249.39238452.1	96.078	51	2	0	2899	2949	1	51	5.71e-13	84.2
CFAV-Cairns_Australia_2014	SRA:SRX886249.37910198.1	96.078	51	2	0	2796	2846	1	51	5.71e-13	84.2
CFAV-Cairns_Australia_2014	SRA:SRX886249.37344879.1	97.917	48	1	0	1451	1498	1	48	5.71e-13	84.2
CFAV-Cairns_Australia_2014	SRA:SRX886249.30530258.1	96.078	51	2	0	1980	2030	1	51	5.71e-13	84.2
CFAV-Cairns_Australia_2014	SRA:SRX886249.27516140.1	96.078	51	2	0	1681	1731	1	51	5.71e-13	84.2
CFAV-Cairns_Australia_2014	SRA:SRX886249.20867092.1	97.917	48	1	0	3165	3212	1	48	5.71e-13	84.2
CFAV-Cairns_Australia_2014	SRA:SRX886249.14650229.1	96.078	51	2	0	2401	2451	1	51	5.71e-13	84.2
CFAV-Cairns_Australia_2014	SRA:SRX886249.14263950.1	96.078	51	2	0	2860	2910	1	51	5.71e-13	84.2
CFAV-Cairns_Australia_2014	SRA:SRX886249.13313253.1	96.078	51	2	0	1466	1516	1	51	5.71e-13	84.2
CFAV-Cairns_Australia_2014	SRA:SRX886249.6179906.1	96.078	51	2	0	1435	1485	1	51	5.71e-13	84.2
CFAV-Cairns_Australia_2014	SRA:SRX886249.6035490.1	96.078	51	2	0	2600	2650	1	51	5.71e-13	84.2
CFAV-Cairns_Australia_2014	SRA:SRX886249.2419754.1	96.078	51	2	0	1835	1885	1	51	5.71e-13	84.2
CFAV-Cairns_Australia_2014	SRA:SRX886249.59143753.1	96.000	50	2	0	1902	1951	1	50	2.05e-12	82.4
CFAV-Cairns_Australia_2014	SRA:SRX886249.47447533.1	97.872	47	1	0	2653	2699	1	47	2.05e-12	82.4
CFAV-Cairns_Australia_2014	SRA:SRX886249.62909297.1	95.918	49	2	0	3293	3341	3	51	7.39e-12	80.5
CFAV-Cairns_Australia_2014	SRA:SRX886249.62849179.1	95.918	49	2	0	2892	2940	3	51	7.39e-12	80.5
CFAV-Cairns_Australia_2014	SRA:SRX886249.29836569.1	95.918	49	2	0	1357	1405	3	51	7.39e-12	80.5
CFAV-Cairns_Australia_2014	SRA:SRX886249.23878153.1	95.918	49	2	0	2663	2711	1	49	7.39e-12	80.5
CFAV-Cairns_Australia_2014	SRA:SRX886249.9665121.1	95.918	49	2	0	2663	2711	2	50	7.39e-12	80.5
CFAV-Cairns_Australia_2014	SRA:SRX886249.44996921.1	94.118	51	3	0	8649	8699	51	1	2.66e-11	78.7
CFAV-Cairns_Australia_2014	SRA:SRX886249.4775676.1	94.118	51	3	0	2932	2982	1	51	2.66e-11	78.7
CFAV-Cairns_Australia_2014	SRA:SRX886249.500614.1	94.118	51	3	0	2721	2771	1	51	2.66e-11	78.7
CFAV-Cairns_Australia_2014	SRA:SRX886249.54997162.1	92.157	51	4	0	2062	2112	1	51	1.24e-09	73.1
CFAV-Cairns_Australia_2014	SRA:SRX886249.30678905.1	100.000	39	0	0	1182	1220	1	39	1.24e-09	73.1
CFAV-Cairns_Australia_2014	SRA:SRX886249.13822727.1	97.619	42	1	0	2934	2975	1	42	1.24e-09	73.1
CFAV-Cairns_Australia_2014	SRA:SRX886249.59052447.1	97.500	40	1	0	3576	3615	1	40	1.60e-08	69.4
CFAV-Cairns_Australia_2014	SRA:SRX886249.34917403.1	100.000	37	0	0	3541	3577	1	37	1.60e-08	69.4
CFAV-Cairns_Australia_2014	SRA:SRX886249.14389768.1	96.970	33	1	0	2798	2830	1	33	1.24e-04	56.5
CFAV-Macapa2_Brazil_2017	SRA:SRX886249.56854735.1	100.000	51	0	0	1025	1075	1	51	2.64e-16	95.3
CFAV-Macapa2_Brazil_2017	SRA:SRX886249.53174075.1	100.000	51	0	0	3414	3464	1	51	2.64e-16	95.3
CFAV-Macapa2_Brazil_2017	SRA:SRX886249.52663157.1	100.000	51	0	0	3319	3369	1	51	2.64e-16	95.3
CFAV-Macapa2_Brazil_2017	SRA:SRX886249.38357001.1	100.000	51	0	0	773	823	1	51	2.64e-16	95.3
CFAV-Macapa2_Brazil_2017	SRA:SRX886249.34617533.1	100.000	51	0	0	3321	3371	1	51	2.64e-16	95.3
CFAV-Macapa2_Brazil_2017	SRA:SRX886249.31447691.1	100.000	51	0	0	792	842	1	51	2.64e-16	95.3
CFAV-Macapa2_Brazil_2017	SRA:SRX886249.30530258.1	100.000	51	0	0	1981	2031	1	51	2.64e-16	95.3
CFAV-Macapa2_Brazil_2017	SRA:SRX886249.23201118.1	100.000	51	0	0	2859	2909	1	51	2.64e-16	95.3
CFAV-Macapa2_Brazil_2017	SRA:SRX886249.14828688.1	100.000	51	0	0	1635	1685	1	51	2.64e-16	95.3
CFAV-Macapa2_Brazil_2017	SRA:SRX886249.14263950.1	100.000	51	0	0	2861	2911	1	51	2.64e-16	95.3
CFAV-Macapa2_Brazil_2017	SRA:SRX886249.11720571.1	100.000	51	0	0	781	831	1	51	2.64e-16	95.3
CFAV-Macapa2_Brazil_2017	SRA:SRX886249.11261865.1	100.000	51	0	0	1026	1076	1	51	2.64e-16	95.3
CFAV-Macapa2_Brazil_2017	SRA:SRX886249.10637944.1	100.000	51	0	0	935	985	1	51	2.64e-16	95.3
CFAV-Macapa2_Brazil_2017	SRA:SRX886249.48383148.1	100.000	50	0	0	3541	3590	2	51	9.49e-16	93.5
CFAV-Macapa2_Brazil_2017	SRA:SRX886249.48026660.1	100.000	50	0	0	422	471	2	51	9.49e-16	93.5
CFAV-Macapa2_Brazil_2017	SRA:SRX886249.19973141.1	100.000	50	0	0	934	983	2	51	9.49e-16	93.5
CFAV-Macapa2_Brazil_2017	SRA:SRX886249.60798398.1	100.000	49	0	0	4038	4086	1	49	3.41e-15	91.6
CFAV-Macapa2_Brazil_2017	SRA:SRX886249.52302223.1	100.000	49	0	0	422	470	3	51	3.41e-15	91.6
CFAV-Macapa2_Brazil_2017	SRA:SRX886249.30553445.1	100.000	49	0	0	1343	1391	3	51	3.41e-15	91.6
CFAV-Macapa2_Brazil_2017	SRA:SRX886249.61814799.1	98.039	51	1	0	503	553	1	51	1.23e-14	89.8
CFAV-Macapa2_Brazil_2017	SRA:SRX886249.61350536.1	98.039	51	1	0	3385	3435	1	51	1.23e-14	89.8
CFAV-Macapa2_Brazil_2017	SRA:SRX886249.59648249.1	98.039	51	1	0	3117	3167	1	51	1.23e-14	89.8
CFAV-Macapa2_Brazil_2017	SRA:SRX886249.58319155.1	100.000	48	0	0	3328	3375	1	48	1.23e-14	89.8
CFAV-Macapa2_Brazil_2017	SRA:SRX886249.57053277.1	98.039	51	1	0	1151	1201	1	51	1.23e-14	89.8
CFAV-Macapa2_Brazil_2017	SRA:SRX886249.56314128.1	98.077	52	0	1	934	985	1	51	1.23e-14	89.8
CFAV-Macapa2_Brazil_2017	SRA:SRX886249.53449582.1	98.039	51	1	0	2873	2923	1	51	1.23e-14	89.8
CFAV-Macapa2_Brazil_2017	SRA:SRX886249.52567374.1	98.039	51	1	0	2448	2498	1	51	1.23e-14	89.8
CFAV-Macapa2_Brazil_2017	SRA:SRX886249.49822443.1	98.039	51	1	0	1233	1283	1	51	1.23e-14	89.8
CFAV-Macapa2_Brazil_2017	SRA:SRX886249.47083793.1	98.039	51	1	0	2900	2950	1	51	1.23e-14	89.8
CFAV-Macapa2_Brazil_2017	SRA:SRX886249.43605684.1	100.000	48	0	0	3602	3649	1	48	1.23e-14	89.8
CFAV-Macapa2_Brazil_2017	SRA:SRX886249.42790180.1	98.039	51	1	0	948	998	1	51	1.23e-14	89.8
CFAV-Macapa2_Brazil_2017	SRA:SRX886249.42383251.1	98.039	51	1	0	3120	3170	1	51	1.23e-14	89.8
CFAV-Macapa2_Brazil_2017	SRA:SRX886249.41614995.1	98.039	51	1	0	1271	1321	1	51	1.23e-14	89.8
CFAV-Macapa2_Brazil_2017	SRA:SRX886249.39238452.1	98.039	51	1	0	2900	2950	1	51	1.23e-14	89.8
CFAV-Macapa2_Brazil_2017	SRA:SRX886249.38982728.1	98.039	51	1	0	3128	3178	1	51	1.23e-14	89.8
CFAV-Macapa2_Brazil_2017	SRA:SRX886249.38189831.1	98.039	51	1	0	1233	1283	1	51	1.23e-14	89.8
CFAV-Macapa2_Brazil_2017	SRA:SRX886249.37910198.1	98.039	51	1	0	2797	2847	1	51	1.23e-14	89.8
CFAV-Macapa2_Brazil_2017	SRA:SRX886249.37456914.1	98.039	51	1	0	1271	1321	1	51	1.23e-14	89.8
CFAV-Macapa2_Brazil_2017	SRA:SRX886249.35611253.1	98.039	51	1	0	3400	3450	1	51	1.23e-14	89.8
CFAV-Macapa2_Brazil_2017	SRA:SRX886249.34013748.1	98.039	51	1	0	950	1000	1	51	1.23e-14	89.8
CFAV-Macapa2_Brazil_2017	SRA:SRX886249.33157642.1	98.039	51	1	0	2600	2650	1	51	1.23e-14	89.8
CFAV-Macapa2_Brazil_2017	SRA:SRX886249.30299591.1	98.039	51	1	0	742	792	1	51	1.23e-14	89.8
CFAV-Macapa2_Brazil_2017	SRA:SRX886249.29836569.1	98.039	51	1	0	1356	1406	1	51	1.23e-14	89.8
CFAV-Macapa2_Brazil_2017	SRA:SRX886249.29730954.1	100.000	48	0	0	3328	3375	1	48	1.23e-14	89.8
CFAV-Macapa2_Brazil_2017	SRA:SRX886249.27516140.1	98.039	51	1	0	1682	1732	1	51	1.23e-14	89.8
CFAV-Macapa2_Brazil_2017	SRA:SRX886249.25761461.1	98.039	51	1	0	3526	3576	1	51	1.23e-14	89.8
CFAV-Macapa2_Brazil_2017	SRA:SRX886249.17469962.1	98.039	51	1	0	614	664	1	51	1.23e-14	89.8
CFAV-Macapa2_Brazil_2017	SRA:SRX886249.12767962.1	98.039	51	1	0	705	755	1	51	1.23e-14	89.8
CFAV-Macapa2_Brazil_2017	SRA:SRX886249.11813517.1	98.039	51	1	0	1271	1321	1	51	1.23e-14	89.8
CFAV-Macapa2_Brazil_2017	SRA:SRX886249.8227386.1	98.039	51	1	0	2626	2676	1	51	1.23e-14	89.8
CFAV-Macapa2_Brazil_2017	SRA:SRX886249.5781314.1	98.039	51	1	0	2454	2504	1	51	1.23e-14	89.8
CFAV-Macapa2_Brazil_2017	SRA:SRX886249.2217509.1	98.039	51	1	0	2601	2651	1	51	1.23e-14	89.8
CFAV-Macapa2_Brazil_2017	SRA:SRX886249.89740.1	98.039	51	1	0	2821	2871	1	51	1.23e-14	89.8
CFAV-Macapa2_Brazil_2017	SRA:SRX886249.59143753.1	98.000	50	1	0	1903	1952	1	50	4.41e-14	87.9
CFAV-Macapa2_Brazil_2017	SRA:SRX886249.2519353.1	98.000	50	1	0	3393	3442	2	51	4.41e-14	87.9
CFAV-Macapa2_Brazil_2017	SRA:SRX886249.62909297.1	97.959	49	1	0	3294	3342	3	51	1.59e-13	86.1
CFAV-Macapa2_Brazil_2017	SRA:SRX886249.62849179.1	97.959	49	1	0	2893	2941	3	51	1.59e-13	86.1
CFAV-Macapa2_Brazil_2017	SRA:SRX886249.7690380.1	97.959	49	1	0	2019	2067	1	49	1.59e-13	86.1
CFAV-Macapa2_Brazil_2017	SRA:SRX886249.7212709.1	97.959	49	1	0	2373	2421	1	49	1.59e-13	86.1
CFAV-Macapa2_Brazil_2017	SRA:SRX886249.5190226.1	97.959	49	1	0	2806	2854	3	51	1.59e-13	86.1
CFAV-Macapa2_Brazil_2017	SRA:SRX886249.903921.1	96.078	51	2	0	2550	2600	1	51	1.59e-13	86.1
CFAV-Macapa2_Brazil_2017	SRA:SRX886249.58651623.1	96.078	51	2	0	2807	2857	1	51	5.71e-13	84.2
CFAV-Macapa2_Brazil_2017	SRA:SRX886249.56785335.1	96.078	51	2	0	1405	1455	1	51	5.71e-13	84.2
CFAV-Macapa2_Brazil_2017	SRA:SRX886249.56328371.1	96.078	51	2	0	4168	4218	1	51	5.71e-13	84.2
CFAV-Macapa2_Brazil_2017	SRA:SRX886249.53861794.1	96.078	51	2	0	2210	2260	1	51	5.71e-13	84.2
CFAV-Macapa2_Brazil_2017	SRA:SRX886249.51171947.1	96.078	51	2	0	3204	3254	1	51	5.71e-13	84.2
CFAV-Macapa2_Brazil_2017	SRA:SRX886249.41270489.1	96.078	51	2	0	3623	3673	1	51	5.71e-13	84.2
CFAV-Macapa2_Brazil_2017	SRA:SRX886249.35196987.1	96.078	51	2	0	906	956	1	51	5.71e-13	84.2
CFAV-Macapa2_Brazil_2017	SRA:SRX886249.32913466.1	96.078	51	2	0	692	742	1	51	5.71e-13	84.2
CFAV-Macapa2_Brazil_2017	SRA:SRX886249.32723255.1	96.078	51	2	0	1322	1372	1	51	5.71e-13	84.2
CFAV-Macapa2_Brazil_2017	SRA:SRX886249.27506155.1	96.078	51	2	0	2316	2366	1	51	5.71e-13	84.2
CFAV-Macapa2_Brazil_2017	SRA:SRX886249.25268410.1	96.078	51	2	0	2215	2265	1	51	5.71e-13	84.2
CFAV-Macapa2_Brazil_2017	SRA:SRX886249.22933159.1	96.078	51	2	0	3017	3067	1	51	5.71e-13	84.2
CFAV-Macapa2_Brazil_2017	SRA:SRX886249.21267199.1	96.078	51	2	0	2022	2072	1	51	5.71e-13	84.2
CFAV-Macapa2_Brazil_2017	SRA:SRX886249.19303690.1	96.078	51	2	0	4164	4214	1	51	5.71e-13	84.2
CFAV-Macapa2_Brazil_2017	SRA:SRX886249.14495039.1	96.078	51	2	0	1124	1174	1	51	5.71e-13	84.2
CFAV-Macapa2_Brazil_2017	SRA:SRX886249.14171484.1	96.078	51	2	0	3436	3486	1	51	5.71e-13	84.2
CFAV-Macapa2_Brazil_2017	SRA:SRX886249.12508572.1	96.078	51	2	0	1814	1864	1	51	5.71e-13	84.2
CFAV-Macapa2_Brazil_2017	SRA:SRX886249.6035490.1	96.078	51	2	0	2601	2651	1	51	5.71e-13	84.2
CFAV-Macapa2_Brazil_2017	SRA:SRX886249.4775676.1	96.078	51	2	0	2933	2983	1	51	5.71e-13	84.2
CFAV-Macapa2_Brazil_2017	SRA:SRX886249.21493739.1	95.918	49	2	0	3438	3486	1	49	7.39e-12	80.5
CFAV-Macapa2_Brazil_2017	SRA:SRX886249.13356423.1	95.918	49	2	0	8666	8714	49	1	7.39e-12	80.5
CFAV-Macapa2_Brazil_2017	SRA:SRX886249.45166100.1	94.000	50	3	0	3056	3105	2	51	9.55e-11	76.8
CFAV-Macapa2_Brazil_2017	SRA:SRX886249.16473242.1	97.727	44	1	0	3407	3450	1	44	9.55e-11	76.8
CFAV-Macapa2_Brazil_2017	SRA:SRX886249.59052447.1	100.000	40	0	0	3577	3616	1	40	3.44e-10	75.0
CFAV-Macapa2_Brazil_2017	SRA:SRX886249.30674534.1	92.157	51	4	0	361	411	1	51	1.24e-09	73.1
CFAV-Macapa2_Brazil_2017	SRA:SRX886249.1021124.1	95.455	44	2	0	606	649	1	44	1.24e-09	73.1
CFAV-Macapa2_Brazil_2017	SRA:SRX886249.13822727.1	97.561	41	1	0	2935	2975	1	41	4.44e-09	71.3
CFAV-Macapa2_Brazil_2017	SRA:SRX886249.34917403.1	100.000	37	0	0	3542	3578	1	37	1.60e-08	69.4
CFAV-Macapa2_Brazil_2017	SRA:SRX886249.14389768.1	100.000	33	0	0	2799	2831	1	33	2.68e-06	62.1
CFAV-KC_Cambodia_2015	SRA:SRX886249.60798398.1	100.000	51	0	0	4049	4099	1	51	2.64e-16	95.3
CFAV-KC_Cambodia_2015	SRA:SRX886249.56854735.1	100.000	51	0	0	1036	1086	1	51	2.64e-16	95.3
CFAV-KC_Cambodia_2015	SRA:SRX886249.54748334.1	100.000	51	0	0	1092	1142	1	51	2.64e-16	95.3
CFAV-KC_Cambodia_2015	SRA:SRX886249.53396582.1	100.000	51	0	0	4011	4061	1	51	2.64e-16	95.3
CFAV-KC_Cambodia_2015	SRA:SRX886249.52567374.1	100.000	51	0	0	2459	2509	1	51	2.64e-16	95.3
CFAV-KC_Cambodia_2015	SRA:SRX886249.52302223.1	100.000	51	0	0	431	481	1	51	2.64e-16	95.3
CFAV-KC_Cambodia_2015	SRA:SRX886249.48033931.1	100.000	51	0	0	687	737	1	51	2.64e-16	95.3
CFAV-KC_Cambodia_2015	SRA:SRX886249.48026660.1	100.000	51	0	0	432	482	1	51	2.64e-16	95.3
CFAV-KC_Cambodia_2015	SRA:SRX886249.30553445.1	100.000	51	0	0	1352	1402	1	51	2.64e-16	95.3
CFAV-KC_Cambodia_2015	SRA:SRX886249.30530258.1	100.000	51	0	0	1992	2042	1	51	2.64e-16	95.3
CFAV-KC_Cambodia_2015	SRA:SRX886249.27506155.1	100.000	51	0	0	2327	2377	1	51	2.64e-16	95.3
CFAV-KC_Cambodia_2015	SRA:SRX886249.27334621.1	100.000	51	0	0	695	745	1	51	2.64e-16	95.3
CFAV-KC_Cambodia_2015	SRA:SRX886249.17469962.1	100.000	51	0	0	625	675	1	51	2.64e-16	95.3
CFAV-KC_Cambodia_2015	SRA:SRX886249.16338434.1	100.000	51	0	0	688	738	1	51	2.64e-16	95.3
CFAV-KC_Cambodia_2015	SRA:SRX886249.11261865.1	100.000	51	0	0	1037	1087	1	51	2.64e-16	95.3
CFAV-KC_Cambodia_2015	SRA:SRX886249.10637944.1	100.000	51	0	0	946	996	1	51	2.64e-16	95.3
CFAV-KC_Cambodia_2015	SRA:SRX886249.5781314.1	100.000	51	0	0	2465	2515	1	51	2.64e-16	95.3
CFAV-KC_Cambodia_2015	SRA:SRX886249.57053277.1	100.000	50	0	0	1162	1211	1	50	9.50e-16	93.5
CFAV-KC_Cambodia_2015	SRA:SRX886249.19973141.1	100.000	50	0	0	945	994	2	51	9.50e-16	93.5
CFAV-KC_Cambodia_2015	SRA:SRX886249.56314128.1	98.077	52	0	1	945	996	1	51	1.23e-14	89.8
CFAV-KC_Cambodia_2015	SRA:SRX886249.54997162.1	98.039	51	1	0	2074	2124	1	51	1.23e-14	89.8
CFAV-KC_Cambodia_2015	SRA:SRX886249.53449582.1	98.039	51	1	0	2884	2934	1	51	1.23e-14	89.8
CFAV-KC_Cambodia_2015	SRA:SRX886249.49822443.1	98.039	51	1	0	1244	1294	1	51	1.23e-14	89.8
CFAV-KC_Cambodia_2015	SRA:SRX886249.42790180.1	98.039	51	1	0	959	1009	1	51	1.23e-14	89.8
CFAV-KC_Cambodia_2015	SRA:SRX886249.42383251.1	98.039	51	1	0	3131	3181	1	51	1.23e-14	89.8
CFAV-KC_Cambodia_2015	SRA:SRX886249.38982728.1	98.039	51	1	0	3139	3189	1	51	1.23e-14	89.8
CFAV-KC_Cambodia_2015	SRA:SRX886249.38357001.1	98.039	51	1	0	784	834	1	51	1.23e-14	89.8
CFAV-KC_Cambodia_2015	SRA:SRX886249.38189831.1	98.039	51	1	0	1244	1294	1	51	1.23e-14	89.8
CFAV-KC_Cambodia_2015	SRA:SRX886249.37910198.1	98.039	51	1	0	2808	2858	1	51	1.23e-14	89.8
CFAV-KC_Cambodia_2015	SRA:SRX886249.36445705.1	100.000	48	0	0	672	719	1	48	1.23e-14	89.8
CFAV-KC_Cambodia_2015	SRA:SRX886249.34013748.1	98.039	51	1	0	961	1011	1	51	1.23e-14	89.8
CFAV-KC_Cambodia_2015	SRA:SRX886249.32913466.1	98.039	51	1	0	703	753	1	51	1.23e-14	89.8
CFAV-KC_Cambodia_2015	SRA:SRX886249.32723255.1	98.039	51	1	0	1333	1383	1	51	1.23e-14	89.8
CFAV-KC_Cambodia_2015	SRA:SRX886249.29836569.1	98.039	51	1	0	1367	1417	1	51	1.23e-14	89.8
CFAV-KC_Cambodia_2015	SRA:SRX886249.26468184.1	98.039	51	1	0	1828	1878	1	51	1.23e-14	89.8
CFAV-KC_Cambodia_2015	SRA:SRX886249.25761461.1	98.039	51	1	0	3537	3587	1	51	1.23e-14	89.8
CFAV-KC_Cambodia_2015	SRA:SRX886249.23878153.1	98.039	51	1	0	2675	2725	1	51	1.23e-14	89.8
CFAV-KC_Cambodia_2015	SRA:SRX886249.23201118.1	98.039	51	1	0	2870	2920	1	51	1.23e-14	89.8
CFAV-KC_Cambodia_2015	SRA:SRX886249.22190613.1	98.039	51	1	0	3660	3710	1	51	1.23e-14	89.8
CFAV-KC_Cambodia_2015	SRA:SRX886249.19303690.1	98.039	51	1	0	4175	4225	1	51	1.23e-14	89.8
CFAV-KC_Cambodia_2015	SRA:SRX886249.17415475.1	98.039	51	1	0	2661	2711	1	51	1.23e-14	89.8
CFAV-KC_Cambodia_2015	SRA:SRX886249.14263950.1	98.039	51	1	0	2872	2922	1	51	1.23e-14	89.8
CFAV-KC_Cambodia_2015	SRA:SRX886249.13356423.1	98.039	51	1	0	8675	8725	51	1	1.23e-14	89.8
CFAV-KC_Cambodia_2015	SRA:SRX886249.12508572.1	98.039	51	1	0	1825	1875	1	51	1.23e-14	89.8
CFAV-KC_Cambodia_2015	SRA:SRX886249.11767643.1	98.039	51	1	0	1828	1878	1	51	1.23e-14	89.8
CFAV-KC_Cambodia_2015	SRA:SRX886249.11720571.1	98.039	51	1	0	792	842	1	51	1.23e-14	89.8
CFAV-KC_Cambodia_2015	SRA:SRX886249.8227386.1	98.039	51	1	0	2637	2687	1	51	1.23e-14	89.8
CFAV-KC_Cambodia_2015	SRA:SRX886249.89740.1	98.039	51	1	0	2832	2882	1	51	1.23e-14	89.8
CFAV-KC_Cambodia_2015	SRA:SRX886249.61814799.1	98.000	50	1	0	514	563	1	50	4.42e-14	87.9
CFAV-KC_Cambodia_2015	SRA:SRX886249.59648249.1	100.000	47	0	0	3130	3176	3	49	4.42e-14	87.9
CFAV-KC_Cambodia_2015	SRA:SRX886249.48383148.1	98.000	50	1	0	3552	3601	2	51	4.42e-14	87.9
CFAV-KC_Cambodia_2015	SRA:SRX886249.25163474.1	98.000	50	1	0	3472	3521	2	51	4.42e-14	87.9
CFAV-KC_Cambodia_2015	SRA:SRX886249.21493739.1	98.000	50	1	0	3450	3499	2	51	4.42e-14	87.9
CFAV-KC_Cambodia_2015	SRA:SRX886249.9665121.1	98.000	50	1	0	2675	2724	2	51	4.42e-14	87.9
CFAV-KC_Cambodia_2015	SRA:SRX886249.2419754.1	98.000	50	1	0	1847	1896	1	50	4.42e-14	87.9
CFAV-KC_Cambodia_2015	SRA:SRX886249.34080230.1	97.959	49	1	0	3473	3521	3	51	1.59e-13	86.1
CFAV-KC_Cambodia_2015	SRA:SRX886249.5190226.1	97.959	49	1	0	2817	2865	3	51	1.59e-13	86.1
CFAV-KC_Cambodia_2015	SRA:SRX886249.58651623.1	96.078	51	2	0	2818	2868	1	51	5.72e-13	84.2
CFAV-KC_Cambodia_2015	SRA:SRX886249.57609649.1	96.078	51	2	0	2305	2355	51	1	5.72e-13	84.2
CFAV-KC_Cambodia_2015	SRA:SRX886249.57276816.1	96.078	51	2	0	2305	2355	51	1	5.72e-13	84.2
CFAV-KC_Cambodia_2015	SRA:SRX886249.41614995.1	96.078	51	2	0	1282	1332	1	51	5.72e-13	84.2
CFAV-KC_Cambodia_2015	SRA:SRX886249.41270489.1	96.078	51	2	0	3634	3684	1	51	5.72e-13	84.2
CFAV-KC_Cambodia_2015	SRA:SRX886249.37456914.1	96.078	51	2	0	1282	1332	1	51	5.72e-13	84.2
CFAV-KC_Cambodia_2015	SRA:SRX886249.35196987.1	96.078	51	2	0	917	967	1	51	5.72e-13	84.2
CFAV-KC_Cambodia_2015	SRA:SRX886249.14828688.1	96.078	51	2	0	1646	1696	1	51	5.72e-13	84.2
CFAV-KC_Cambodia_2015	SRA:SRX886249.11875679.1	96.078	51	2	0	1122	1172	1	51	5.72e-13	84.2
CFAV-KC_Cambodia_2015	SRA:SRX886249.11813517.1	96.078	51	2	0	1282	1332	1	51	5.72e-13	84.2
CFAV-KC_Cambodia_2015	SRA:SRX886249.11550122.1	96.078	51	2	0	2054	2104	1	51	5.72e-13	84.2
CFAV-KC_Cambodia_2015	SRA:SRX886249.5453320.1	96.078	51	2	0	372	422	1	51	5.72e-13	84.2
CFAV-KC_Cambodia_2015	SRA:SRX886249.2217509.1	96.078	51	2	0	2612	2662	1	51	5.72e-13	84.2
CFAV-KC_Cambodia_2015	SRA:SRX886249.62849179.1	97.872	47	1	0	2905	2951	4	50	2.06e-12	82.4
CFAV-KC_Cambodia_2015	SRA:SRX886249.47447533.1	97.872	47	1	0	2665	2711	1	47	2.06e-12	82.4
CFAV-KC_Cambodia_2015	SRA:SRX886249.32505456.1	96.000	50	2	0	1124	1173	2	51	2.06e-12	82.4
CFAV-KC_Cambodia_2015	SRA:SRX886249.27824386.1	96.000	50	2	0	2053	2102	2	51	2.06e-12	82.4
CFAV-KC_Cambodia_2015	SRA:SRX886249.62909297.1	95.918	49	2	0	3305	3353	3	51	7.39e-12	80.5
CFAV-KC_Cambodia_2015	SRA:SRX886249.54579149.1	97.826	46	1	0	2067	2112	6	51	7.39e-12	80.5
CFAV-KC_Cambodia_2015	SRA:SRX886249.12767962.1	95.918	49	2	0	716	764	1	49	7.39e-12	80.5
CFAV-KC_Cambodia_2015	SRA:SRX886249.56785335.1	94.118	51	3	0	1416	1466	1	51	2.66e-11	78.7
CFAV-KC_Cambodia_2015	SRA:SRX886249.51171947.1	94.118	51	3	0	3215	3265	1	51	2.66e-11	78.7
CFAV-KC_Cambodia_2015	SRA:SRX886249.44996921.1	94.118	51	3	0	8661	8711	51	1	2.66e-11	78.7
CFAV-KC_Cambodia_2015	SRA:SRX886249.30879205.1	95.833	48	2	0	2190	2237	1	48	2.66e-11	78.7
CFAV-KC_Cambodia_2015	SRA:SRX886249.30674534.1	94.118	51	3	0	372	422	1	51	2.66e-11	78.7
CFAV-KC_Cambodia_2015	SRA:SRX886249.25268410.1	94.118	51	3	0	2226	2276	1	51	2.66e-11	78.7
CFAV-KC_Cambodia_2015	SRA:SRX886249.15783019.1	95.833	48	2	0	8570	8617	48	1	2.66e-11	78.7
CFAV-KC_Cambodia_2015	SRA:SRX886249.6035490.1	94.118	51	3	0	2612	2662	1	51	2.66e-11	78.7
CFAV-KC_Cambodia_2015	SRA:SRX886249.58823907.1	95.745	47	2	0	1927	1973	2	48	9.56e-11	76.8
CFAV-KC_Cambodia_2015	SRA:SRX886249.21140351.1	95.745	47	2	0	8636	8682	47	1	9.56e-11	76.8
CFAV-KC_Cambodia_2015	SRA:SRX886249.1021124.1	100.000	41	0	0	620	660	4	44	9.56e-11	76.8
CFAV-KC_Cambodia_2015	SRA:SRX886249.59052447.1	100.000	40	0	0	3588	3627	1	40	3.44e-10	75.0
CFAV-KC_Cambodia_2015	SRA:SRX886249.22933159.1	92.157	51	4	0	3028	3078	1	51	1.24e-09	73.1
CFAV-KC_Cambodia_2015	SRA:SRX886249.14389768.1	100.000	33	0	0	2810	2842	1	33	2.68e-06	62.1
CFAV-Zik_Uganda_2016	SRA:SRX886249.61814799.1	100.000	51	0	0	514	564	1	51	2.64e-16	95.3
CFAV-Zik_Uganda_2016	SRA:SRX886249.59133928.1	100.000	51	0	0	3085	3135	1	51	2.64e-16	95.3
CFAV-Zik_Uganda_2016	SRA:SRX886249.58319155.1	100.000	51	0	0	3339	3389	1	51	2.64e-16	95.3
CFAV-Zik_Uganda_2016	SRA:SRX886249.57053277.1	100.000	51	0	0	1162	1212	1	51	2.64e-16	95.3
CFAV-Zik_Uganda_2016	SRA:SRX886249.56785335.1	100.000	51	0	0	1416	1466	1	51	2.64e-16	95.3
CFAV-Zik_Uganda_2016	SRA:SRX886249.53502062.1	100.000	51	0	0	3200	3250	1	51	2.64e-16	95.3
CFAV-Zik_Uganda_2016	SRA:SRX886249.52663157.1	100.000	51	0	0	3330	3380	1	51	2.64e-16	95.3
CFAV-Zik_Uganda_2016	SRA:SRX886249.44996921.1	100.000	51	0	0	8661	8711	51	1	2.64e-16	95.3
CFAV-Zik_Uganda_2016	SRA:SRX886249.43605684.1	100.000	51	0	0	3613	3663	1	51	2.64e-16	95.3
CFAV-Zik_Uganda_2016	SRA:SRX886249.38538310.1	100.000	51	0	0	2420	2470	1	51	2.64e-16	95.3
CFAV-Zik_Uganda_2016	SRA:SRX886249.34617533.1	100.000	51	0	0	3332	3382	1	51	2.64e-16	95.3
CFAV-Zik_Uganda_2016	SRA:SRX886249.30566486.1	100.000	51	0	0	3199	3249	1	51	2.64e-16	95.3
CFAV-Zik_Uganda_2016	SRA:SRX886249.29730954.1	100.000	51	0	0	3339	3389	1	51	2.64e-16	95.3
CFAV-Zik_Uganda_2016	SRA:SRX886249.25163474.1	100.000	51	0	0	3471	3521	1	51	2.64e-16	95.3
CFAV-Zik_Uganda_2016	SRA:SRX886249.21493739.1	100.000	51	0	0	3449	3499	1	51	2.64e-16	95.3
CFAV-Zik_Uganda_2016	SRA:SRX886249.20867092.1	100.000	51	0	0	3177	3227	1	51	2.64e-16	95.3
CFAV-Zik_Uganda_2016	SRA:SRX886249.14828688.1	100.000	51	0	0	1646	1696	1	51	2.64e-16	95.3
CFAV-Zik_Uganda_2016	SRA:SRX886249.14495039.1	100.000	51	0	0	1135	1185	1	51	2.64e-16	95.3
CFAV-Zik_Uganda_2016	SRA:SRX886249.11875679.1	100.000	51	0	0	1122	1172	1	51	2.64e-16	95.3
CFAV-Zik_Uganda_2016	SRA:SRX886249.54748334.1	100.000	50	0	0	1093	1142	2	51	9.50e-16	93.5
CFAV-Zik_Uganda_2016	SRA:SRX886249.48383148.1	100.000	50	0	0	3552	3601	2	51	9.50e-16	93.5
CFAV-Zik_Uganda_2016	SRA:SRX886249.32505456.1	100.000	50	0	0	1124	1173	2	51	9.50e-16	93.5
CFAV-Zik_Uganda_2016	SRA:SRX886249.14171484.1	100.000	50	0	0	3448	3497	2	51	9.50e-16	93.5
CFAV-Zik_Uganda_2016	SRA:SRX886249.51171947.1	100.000	49	0	0	3215	3263	1	49	3.42e-15	91.6
CFAV-Zik_Uganda_2016	SRA:SRX886249.35196987.1	100.000	49	0	0	919	967	3	51	3.42e-15	91.6
CFAV-Zik_Uganda_2016	SRA:SRX886249.34080230.1	100.000	49	0	0	3473	3521	3	51	3.42e-15	91.6
CFAV-Zik_Uganda_2016	SRA:SRX886249.27506155.1	100.000	49	0	0	2327	2375	1	49	3.42e-15	91.6
CFAV-Zik_Uganda_2016	SRA:SRX886249.903921.1	98.039	51	1	0	2561	2611	1	51	3.42e-15	91.6
CFAV-Zik_Uganda_2016	SRA:SRX886249.61836735.1	98.039	51	1	0	3087	3137	1	51	1.23e-14	89.8
CFAV-Zik_Uganda_2016	SRA:SRX886249.61350536.1	98.039	51	1	0	3396	3446	1	51	1.23e-14	89.8
CFAV-Zik_Uganda_2016	SRA:SRX886249.60798398.1	98.039	51	1	0	4049	4099	1	51	1.23e-14	89.8
CFAV-Zik_Uganda_2016	SRA:SRX886249.59648249.1	98.039	51	1	0	3128	3178	1	51	1.23e-14	89.8
CFAV-Zik_Uganda_2016	SRA:SRX886249.58081517.1	98.039	51	1	0	907	957	1	51	1.23e-14	89.8
CFAV-Zik_Uganda_2016	SRA:SRX886249.57609649.1	98.039	51	1	0	2305	2355	51	1	1.23e-14	89.8
CFAV-Zik_Uganda_2016	SRA:SRX886249.57276816.1	98.039	51	1	0	2305	2355	51	1	1.23e-14	89.8
CFAV-Zik_Uganda_2016	SRA:SRX886249.54997162.1	98.039	51	1	0	2074	2124	1	51	1.23e-14	89.8
CFAV-Zik_Uganda_2016	SRA:SRX886249.53174075.1	98.039	51	1	0	3425	3475	1	51	1.23e-14	89.8
CFAV-Zik_Uganda_2016	SRA:SRX886249.48033931.1	98.039	51	1	0	687	737	1	51	1.23e-14	89.8
CFAV-Zik_Uganda_2016	SRA:SRX886249.47083793.1	98.039	51	1	0	2911	2961	1	51	1.23e-14	89.8
CFAV-Zik_Uganda_2016	SRA:SRX886249.45166100.1	98.039	51	1	0	3066	3116	1	51	1.23e-14	89.8
CFAV-Zik_Uganda_2016	SRA:SRX886249.42383251.1	98.039	51	1	0	3131	3181	1	51	1.23e-14	89.8
CFAV-Zik_Uganda_2016	SRA:SRX886249.41614995.1	98.039	51	1	0	1282	1332	1	51	1.23e-14	89.8
CFAV-Zik_Uganda_2016	SRA:SRX886249.41270489.1	98.039	51	1	0	3634	3684	1	51	1.23e-14	89.8
CFAV-Zik_Uganda_2016	SRA:SRX886249.39238452.1	98.039	51	1	0	2911	2961	1	51	1.23e-14	89.8
CFAV-Zik_Uganda_2016	SRA:SRX886249.38982728.1	98.039	51	1	0	3139	3189	1	51	1.23e-14	89.8
CFAV-Zik_Uganda_2016	SRA:SRX886249.38357001.1	98.039	51	1	0	784	834	1	51	1.23e-14	89.8
CFAV-Zik_Uganda_2016	SRA:SRX886249.37910198.1	98.039	51	1	0	2808	2858	1	51	1.23e-14	89.8
CFAV-Zik_Uganda_2016	SRA:SRX886249.37456914.1	98.039	51	1	0	1282	1332	1	51	1.23e-14	89.8
CFAV-Zik_Uganda_2016	SRA:SRX886249.31447691.1	98.039	51	1	0	803	853	1	51	1.23e-14	89.8
CFAV-Zik_Uganda_2016	SRA:SRX886249.30530258.1	98.039	51	1	0	1992	2042	1	51	1.23e-14	89.8
CFAV-Zik_Uganda_2016	SRA:SRX886249.30299591.1	98.039	51	1	0	753	803	1	51	1.23e-14	89.8
CFAV-Zik_Uganda_2016	SRA:SRX886249.30004801.1	98.039	51	1	0	526	576	1	51	1.23e-14	89.8
CFAV-Zik_Uganda_2016	SRA:SRX886249.27334621.1	98.039	51	1	0	695	745	1	51	1.23e-14	89.8
CFAV-Zik_Uganda_2016	SRA:SRX886249.26907583.1	98.039	51	1	0	3069	3119	1	51	1.23e-14	89.8
CFAV-Zik_Uganda_2016	SRA:SRX886249.26468184.1	98.039	51	1	0	1828	1878	1	51	1.23e-14	89.8
CFAV-Zik_Uganda_2016	SRA:SRX886249.25761461.1	98.039	51	1	0	3537	3587	1	51	1.23e-14	89.8
CFAV-Zik_Uganda_2016	SRA:SRX886249.23201118.1	98.039	51	1	0	2870	2920	1	51	1.23e-14	89.8
CFAV-Zik_Uganda_2016	SRA:SRX886249.22933159.1	98.039	51	1	0	3028	3078	1	51	1.23e-14	89.8
CFAV-Zik_Uganda_2016	SRA:SRX886249.22190613.1	98.039	51	1	0	3660	3710	1	51	1.23e-14	89.8
CFAV-Zik_Uganda_2016	SRA:SRX886249.16338434.1	98.039	51	1	0	688	738	1	51	1.23e-14	89.8
CFAV-Zik_Uganda_2016	SRA:SRX886249.14650229.1	98.039	51	1	0	2413	2463	1	51	1.23e-14	89.8
CFAV-Zik_Uganda_2016	SRA:SRX886249.14263950.1	98.039	51	1	0	2872	2922	1	51	1.23e-14	89.8
CFAV-Zik_Uganda_2016	SRA:SRX886249.13356423.1	98.039	51	1	0	8675	8725	51	1	1.23e-14	89.8
CFAV-Zik_Uganda_2016	SRA:SRX886249.12767962.1	98.039	51	1	0	716	766	1	51	1.23e-14	89.8
CFAV-Zik_Uganda_2016	SRA:SRX886249.12508572.1	98.039	51	1	0	1825	1875	1	51	1.23e-14	89.8
CFAV-Zik_Uganda_2016	SRA:SRX886249.11813517.1	98.039	51	1	0	1282	1332	1	51	1.23e-14	89.8
CFAV-Zik_Uganda_2016	SRA:SRX886249.11767643.1	98.039	51	1	0	1828	1878	1	51	1.23e-14	89.8
CFAV-Zik_Uganda_2016	SRA:SRX886249.8227386.1	98.039	51	1	0	2637	2687	1	51	1.23e-14	89.8
CFAV-Zik_Uganda_2016	SRA:SRX886249.7212709.1	98.039	51	1	0	2384	2434	1	51	1.23e-14	89.8
CFAV-Zik_Uganda_2016	SRA:SRX886249.53449582.1	98.000	50	1	0	2885	2934	2	51	4.42e-14	87.9
CFAV-Zik_Uganda_2016	SRA:SRX886249.33011230.1	100.000	47	0	0	751	797	2	48	4.42e-14	87.9
CFAV-Zik_Uganda_2016	SRA:SRX886249.22790903.1	98.000	50	1	0	2128	2177	2	51	4.42e-14	87.9
CFAV-Zik_Uganda_2016	SRA:SRX886249.21650238.1	98.000	50	1	0	480	529	2	51	4.42e-14	87.9
CFAV-Zik_Uganda_2016	SRA:SRX886249.21140351.1	100.000	47	0	0	8636	8682	47	1	4.42e-14	87.9
CFAV-Zik_Uganda_2016	SRA:SRX886249.61975686.1	97.959	49	1	0	3020	3068	3	51	1.59e-13	86.1
CFAV-Zik_Uganda_2016	SRA:SRX886249.56854735.1	97.959	49	1	0	1036	1084	1	49	1.59e-13	86.1
CFAV-Zik_Uganda_2016	SRA:SRX886249.39514902.1	97.959	49	1	0	537	585	1	49	1.59e-13	86.1
CFAV-Zik_Uganda_2016	SRA:SRX886249.5190226.1	97.959	49	1	0	2817	2865	3	51	1.59e-13	86.1
CFAV-Zik_Uganda_2016	SRA:SRX886249.2217509.1	97.959	49	1	0	2614	2662	3	51	1.59e-13	86.1
CFAV-Zik_Uganda_2016	SRA:SRX886249.52567374.1	96.078	51	2	0	2459	2509	1	51	5.72e-13	84.2
CFAV-Zik_Uganda_2016	SRA:SRX886249.51922572.1	96.078	51	2	0	3027	3077	1	51	5.72e-13	84.2
CFAV-Zik_Uganda_2016	SRA:SRX886249.51007564.1	96.078	51	2	0	2119	2169	1	51	5.72e-13	84.2
CFAV-Zik_Uganda_2016	SRA:SRX886249.36445705.1	97.917	48	1	0	672	719	1	48	5.72e-13	84.2
CFAV-Zik_Uganda_2016	SRA:SRX886249.33886111.1	96.078	51	2	0	2209	2259	1	51	5.72e-13	84.2
CFAV-Zik_Uganda_2016	SRA:SRX886249.33157642.1	96.078	51	2	0	2611	2661	1	51	5.72e-13	84.2
CFAV-Zik_Uganda_2016	SRA:SRX886249.32913466.1	96.078	51	2	0	703	753	1	51	5.72e-13	84.2
CFAV-Zik_Uganda_2016	SRA:SRX886249.32723255.1	96.078	51	2	0	1333	1383	1	51	5.72e-13	84.2
CFAV-Zik_Uganda_2016	SRA:SRX886249.30553445.1	96.078	51	2	0	1352	1402	1	51	5.72e-13	84.2
CFAV-Zik_Uganda_2016	SRA:SRX886249.27516140.1	96.078	51	2	0	1693	1743	1	51	5.72e-13	84.2
CFAV-Zik_Uganda_2016	SRA:SRX886249.25268410.1	96.078	51	2	0	2226	2276	1	51	5.72e-13	84.2
CFAV-Zik_Uganda_2016	SRA:SRX886249.11720571.1	97.917	48	1	0	792	839	1	48	5.72e-13	84.2
CFAV-Zik_Uganda_2016	SRA:SRX886249.11261865.1	97.917	48	1	0	1037	1084	1	48	5.72e-13	84.2
CFAV-Zik_Uganda_2016	SRA:SRX886249.10637944.1	96.078	51	2	0	946	996	1	51	5.72e-13	84.2
CFAV-Zik_Uganda_2016	SRA:SRX886249.5781314.1	96.078	51	2	0	2465	2515	1	51	5.72e-13	84.2
CFAV-Zik_Uganda_2016	SRA:SRX886249.5453320.1	96.078	51	2	0	372	422	1	51	5.72e-13	84.2
CFAV-Zik_Uganda_2016	SRA:SRX886249.59539889.1	96.000	50	2	0	1435	1484	2	51	2.06e-12	82.4
CFAV-Zik_Uganda_2016	SRA:SRX886249.59143753.1	96.000	50	2	0	1914	1963	1	50	2.06e-12	82.4
CFAV-Zik_Uganda_2016	SRA:SRX886249.58651623.1	96.000	50	2	0	2818	2867	1	50	2.06e-12	82.4
CFAV-Zik_Uganda_2016	SRA:SRX886249.29442953.1	96.000	50	2	0	2209	2258	2	51	2.06e-12	82.4
CFAV-Zik_Uganda_2016	SRA:SRX886249.26000579.1	97.872	47	1	0	7445	7491	51	5	2.06e-12	82.4
CFAV-Zik_Uganda_2016	SRA:SRX886249.19973141.1	96.000	50	2	0	945	994	2	51	2.06e-12	82.4
CFAV-Zik_Uganda_2016	SRA:SRX886249.62909297.1	95.918	49	2	0	3305	3353	3	51	7.39e-12	80.5
CFAV-Zik_Uganda_2016	SRA:SRX886249.13313253.1	95.918	49	2	0	1480	1528	3	51	7.39e-12	80.5
CFAV-Zik_Uganda_2016	SRA:SRX886249.7690380.1	95.918	49	2	0	2030	2078	1	49	7.39e-12	80.5
CFAV-Zik_Uganda_2016	SRA:SRX886249.6035490.1	95.918	49	2	0	2614	2662	3	51	7.39e-12	80.5
CFAV-Zik_Uganda_2016	SRA:SRX886249.53861794.1	94.118	51	3	0	2221	2271	1	51	2.66e-11	78.7
CFAV-Zik_Uganda_2016	SRA:SRX886249.43976371.1	94.118	51	3	0	1450	1500	1	51	2.66e-11	78.7
CFAV-Zik_Uganda_2016	SRA:SRX886249.33268185.1	100.000	42	0	0	4220	4261	1	42	2.66e-11	78.7
CFAV-Zik_Uganda_2016	SRA:SRX886249.30674534.1	94.118	51	3	0	372	422	1	51	2.66e-11	78.7
CFAV-Zik_Uganda_2016	SRA:SRX886249.21267199.1	94.118	51	3	0	2033	2083	1	51	2.66e-11	78.7
CFAV-Zik_Uganda_2016	SRA:SRX886249.6179906.1	94.118	51	3	0	1447	1497	1	51	2.66e-11	78.7
CFAV-Zik_Uganda_2016	SRA:SRX886249.3732368.1	97.778	45	1	0	3206	3250	1	45	2.66e-11	78.7
CFAV-Zik_Uganda_2016	SRA:SRX886249.47064406.1	94.000	50	3	0	2695	2744	1	50	9.56e-11	76.8
CFAV-Zik_Uganda_2016	SRA:SRX886249.59052447.1	100.000	40	0	0	3588	3627	1	40	3.44e-10	75.0
CFAV-Zik_Uganda_2016	SRA:SRX886249.54579149.1	95.652	46	2	0	2067	2112	6	51	3.44e-10	75.0
CFAV-Zik_Uganda_2016	SRA:SRX886249.30678905.1	100.000	39	0	0	1194	1232	1	39	1.24e-09	73.1
CFAV-Zik_Uganda_2016	SRA:SRX886249.11427510.1	92.157	51	4	0	2691	2741	1	51	1.24e-09	73.1
CFAV-Zik_Uganda_2016	SRA:SRX886249.34917403.1	100.000	37	0	0	3553	3589	1	37	1.60e-08	69.4
CFAV-Zik_Uganda_2016	SRA:SRX886249.14389768.1	100.000	33	0	0	2810	2842	1	33	2.68e-06	62.1
