CFAV-Bangkok_Thailand_2015	SRA:ERX1788125.28835856.2	100.000	76	0	0	5621	5696	76	1	9.72e-30	141
CFAV-Bangkok_Thailand_2015	SRA:ERX1788125.35526109.1	100.000	74	0	0	2291	2364	1	74	1.26e-28	137
CFAV-Bangkok_Thailand_2015	SRA:ERX1788125.40165286.1	98.684	76	1	0	979	1054	1	76	4.52e-28	135
CFAV-Bangkok_Thailand_2015	SRA:ERX1788125.37908769.1	98.684	76	1	0	3542	3617	1	76	4.52e-28	135
CFAV-Bangkok_Thailand_2015	SRA:ERX1788125.5323437.1	98.684	76	1	0	981	1056	1	76	4.52e-28	135
CFAV-Bangkok_Thailand_2015	SRA:ERX1788125.5276687.1	98.684	76	1	0	4573	4648	1	76	4.52e-28	135
CFAV-Bangkok_Thailand_2015	SRA:ERX1788125.2357398.1	98.684	76	1	0	2068	2143	1	76	4.52e-28	135
CFAV-Bangkok_Thailand_2015	SRA:ERX1788125.1098364.1	98.684	76	1	0	3194	3269	1	76	4.52e-28	135
CFAV-Bangkok_Thailand_2015	SRA:ERX1788125.2357398.2	98.667	75	1	0	2101	2175	75	1	1.63e-27	134
CFAV-Bangkok_Thailand_2015	SRA:ERX1788125.1098364.2	98.667	75	1	0	3243	3317	75	1	1.63e-27	134
CFAV-Bangkok_Thailand_2015	SRA:ERX1788125.37604787.2	98.630	73	1	0	5191	5263	73	1	2.10e-26	130
CFAV-Bangkok_Thailand_2015	SRA:ERX1788125.37604787.1	97.368	76	2	0	5187	5262	1	76	2.10e-26	130
CFAV-Bangkok_Thailand_2015	SRA:ERX1788125.32027345.1	97.368	76	2	0	4041	4116	1	76	2.10e-26	130
CFAV-Bangkok_Thailand_2015	SRA:ERX1788125.28835856.1	97.368	76	2	0	5530	5605	1	76	2.10e-26	130
CFAV-Bangkok_Thailand_2015	SRA:ERX1788125.4600651.2	98.630	73	1	0	5191	5263	73	1	2.10e-26	130
CFAV-Bangkok_Thailand_2015	SRA:ERX1788125.4600651.1	97.368	76	2	0	5187	5262	1	76	2.10e-26	130
CFAV-Bangkok_Thailand_2015	SRA:ERX1788125.3734999.2	97.368	76	2	0	6105	6180	76	1	2.10e-26	130
CFAV-Bangkok_Thailand_2015	SRA:ERX1788125.37908769.2	97.333	75	2	0	3684	3758	75	1	7.57e-26	128
CFAV-Bangkok_Thailand_2015	SRA:ERX1788125.26383239.1	97.333	75	2	0	6027	6101	1	75	7.57e-26	128
CFAV-Bangkok_Thailand_2015	SRA:ERX1788125.604668.1	97.333	75	2	0	5914	5988	1	75	7.57e-26	128
CFAV-Bangkok_Thailand_2015	SRA:ERX1788125.10004336.1	97.297	74	2	0	2836	2909	3	76	2.72e-25	126
CFAV-Bangkok_Thailand_2015	SRA:ERX1788125.40248385.1	96.053	76	3	0	1908	1983	1	76	9.79e-25	124
CFAV-Bangkok_Thailand_2015	SRA:ERX1788125.22730960.2	96.053	76	3	0	4341	4416	76	1	9.79e-25	124
CFAV-Bangkok_Thailand_2015	SRA:ERX1788125.20695526.1	96.053	76	3	0	2128	2203	1	76	9.79e-25	124
CFAV-Bangkok_Thailand_2015	SRA:ERX1788125.14177226.1	96.053	76	3	0	5288	5363	1	76	9.79e-25	124
CFAV-Bangkok_Thailand_2015	SRA:ERX1788125.10532440.1	96.053	76	3	0	6341	6416	1	76	9.79e-25	124
CFAV-Bangkok_Thailand_2015	SRA:ERX1788125.7728107.2	96.053	76	3	0	2731	2806	76	1	9.79e-25	124
CFAV-Bangkok_Thailand_2015	SRA:ERX1788125.3734999.1	96.053	76	3	0	6003	6078	1	76	9.79e-25	124
CFAV-Bangkok_Thailand_2015	SRA:ERX1788125.40972922.1	96.000	75	3	0	4360	4434	1	75	3.52e-24	122
CFAV-Bangkok_Thailand_2015	SRA:ERX1788125.35526109.2	96.000	75	3	0	2504	2578	75	1	3.52e-24	122
CFAV-Bangkok_Thailand_2015	SRA:ERX1788125.18720101.1	96.000	75	3	0	6400	6474	1	75	3.52e-24	122
CFAV-Bangkok_Thailand_2015	SRA:ERX1788125.14177226.2	97.222	72	2	0	5329	5400	76	5	3.52e-24	122
CFAV-Bangkok_Thailand_2015	SRA:ERX1788125.10532440.2	96.000	75	3	0	6435	6509	75	1	3.52e-24	122
CFAV-Bangkok_Thailand_2015	SRA:ERX1788125.10068939.2	95.946	74	3	0	5085	5158	76	3	1.27e-23	121
CFAV-Bangkok_Thailand_2015	SRA:ERX1788125.40972922.2	94.737	76	4	0	4402	4477	76	1	4.56e-23	119
CFAV-Bangkok_Thailand_2015	SRA:ERX1788125.35277959.2	94.737	76	4	0	2731	2806	76	1	4.56e-23	119
CFAV-Bangkok_Thailand_2015	SRA:ERX1788125.20695526.2	94.737	76	4	0	2201	2276	76	1	4.56e-23	119
CFAV-Bangkok_Thailand_2015	SRA:ERX1788125.18328847.2	95.890	73	3	0	5795	5867	73	1	4.56e-23	119
CFAV-Bangkok_Thailand_2015	SRA:ERX1788125.18328847.1	95.890	73	3	0	5718	5790	3	75	4.56e-23	119
CFAV-Bangkok_Thailand_2015	SRA:ERX1788125.10068939.1	94.737	76	4	0	4974	5049	1	76	4.56e-23	119
CFAV-Bangkok_Thailand_2015	SRA:ERX1788125.10004336.2	94.737	76	4	0	2911	2986	76	1	4.56e-23	119
CFAV-Bangkok_Thailand_2015	SRA:ERX1788125.22730960.1	94.667	75	4	0	4270	4344	1	75	1.64e-22	117
CFAV-Bangkok_Thailand_2015	SRA:ERX1788125.40248385.2	93.333	75	5	0	1971	2045	75	1	7.62e-21	111
CFAV-Bangkok_Thailand_2015	SRA:ERX1788125.18720101.2	100.000	57	0	0	6501	6557	75	19	3.55e-19	106
CFAV-Bangkok_Thailand_2015	SRA:ERX1788125.8756635.1	91.935	62	5	0	3776	3837	1	62	1.28e-13	87.9
CFAV-Bangkok_Thailand_2015	SRA:ERX1788125.26383239.2	100.000	42	0	0	6152	6193	75	34	7.73e-11	78.7
NC_001564	SRA:ERX1788125.28835856.2	100.000	76	0	0	5628	5703	76	1	9.74e-30	141
NC_001564	SRA:ERX1788125.10068939.2	100.000	76	0	0	5092	5167	76	1	9.74e-30	141
NC_001564	SRA:ERX1788125.40165286.1	98.684	76	1	0	986	1061	1	76	4.53e-28	135
NC_001564	SRA:ERX1788125.37908769.1	98.684	76	1	0	3549	3624	1	76	4.53e-28	135
NC_001564	SRA:ERX1788125.32027345.2	98.684	76	1	0	4202	4277	76	1	4.53e-28	135
NC_001564	SRA:ERX1788125.32027345.1	98.684	76	1	0	4048	4123	1	76	4.53e-28	135
NC_001564	SRA:ERX1788125.28835856.1	98.684	76	1	0	5537	5612	1	76	4.53e-28	135
NC_001564	SRA:ERX1788125.10004336.2	98.684	76	1	0	2918	2993	76	1	4.53e-28	135
NC_001564	SRA:ERX1788125.5323437.1	98.684	76	1	0	988	1063	1	76	4.53e-28	135
NC_001564	SRA:ERX1788125.35526109.1	98.649	74	1	0	2298	2371	1	74	5.86e-27	132
NC_001564	SRA:ERX1788125.37604787.2	98.630	73	1	0	5198	5270	73	1	2.11e-26	130
NC_001564	SRA:ERX1788125.37604787.1	97.368	76	2	0	5194	5269	1	76	2.11e-26	130
NC_001564	SRA:ERX1788125.20695526.1	97.368	76	2	0	2135	2210	1	76	2.11e-26	130
NC_001564	SRA:ERX1788125.18328847.1	98.630	73	1	0	5725	5797	3	75	2.11e-26	130
NC_001564	SRA:ERX1788125.14177226.2	97.368	76	2	0	5336	5411	76	1	2.11e-26	130
NC_001564	SRA:ERX1788125.10532440.1	97.368	76	2	0	6348	6423	1	76	2.11e-26	130
NC_001564	SRA:ERX1788125.7728107.2	97.368	76	2	0	2738	2813	76	1	2.11e-26	130
NC_001564	SRA:ERX1788125.5276687.1	97.368	76	2	0	4580	4655	1	76	2.11e-26	130
NC_001564	SRA:ERX1788125.4600651.2	98.630	73	1	0	5198	5270	73	1	2.11e-26	130
NC_001564	SRA:ERX1788125.4600651.1	97.368	76	2	0	5194	5269	1	76	2.11e-26	130
NC_001564	SRA:ERX1788125.3734999.1	97.368	76	2	0	6010	6085	1	76	2.11e-26	130
NC_001564	SRA:ERX1788125.1098364.1	97.368	76	2	0	3201	3276	1	76	2.11e-26	130
NC_001564	SRA:ERX1788125.35526109.2	97.333	75	2	0	2511	2585	75	1	7.59e-26	128
NC_001564	SRA:ERX1788125.18720101.1	97.333	75	2	0	6407	6481	1	75	7.59e-26	128
NC_001564	SRA:ERX1788125.10532440.2	97.333	75	2	0	6442	6516	75	1	7.59e-26	128
NC_001564	SRA:ERX1788125.604668.1	97.333	75	2	0	5921	5995	1	75	7.59e-26	128
NC_001564	SRA:ERX1788125.2357398.2	97.297	74	2	0	2108	2181	75	2	2.73e-25	126
NC_001564	SRA:ERX1788125.40972922.2	96.053	76	3	0	4409	4484	76	1	9.81e-25	124
NC_001564	SRA:ERX1788125.40248385.1	96.053	76	3	0	1915	1990	1	76	9.81e-25	124
NC_001564	SRA:ERX1788125.35277959.2	96.053	76	3	0	2738	2813	76	1	9.81e-25	124
NC_001564	SRA:ERX1788125.22730960.2	96.053	76	3	0	4348	4423	76	1	9.81e-25	124
NC_001564	SRA:ERX1788125.20695526.2	96.053	76	3	0	2208	2283	76	1	9.81e-25	124
NC_001564	SRA:ERX1788125.14177226.1	96.053	76	3	0	5295	5370	1	76	9.81e-25	124
NC_001564	SRA:ERX1788125.10068939.1	96.053	76	3	0	4981	5056	1	76	9.81e-25	124
NC_001564	SRA:ERX1788125.3734999.2	96.053	76	3	0	6112	6187	76	1	9.81e-25	124
NC_001564	SRA:ERX1788125.2357398.1	96.053	76	3	0	2075	2150	1	76	9.81e-25	124
NC_001564	SRA:ERX1788125.40972922.1	96.000	75	3	0	4367	4441	1	75	3.53e-24	122
NC_001564	SRA:ERX1788125.40248385.2	96.000	75	3	0	1978	2052	75	1	3.53e-24	122
NC_001564	SRA:ERX1788125.26383239.1	96.000	75	3	0	6034	6108	1	75	3.53e-24	122
NC_001564	SRA:ERX1788125.1098364.2	96.000	75	3	0	3250	3324	75	1	3.53e-24	122
NC_001564	SRA:ERX1788125.18328847.2	97.183	71	2	0	5804	5874	71	1	1.27e-23	121
NC_001564	SRA:ERX1788125.35277959.1	94.737	76	4	0	2685	2760	1	76	4.57e-23	119
NC_001564	SRA:ERX1788125.7728107.1	94.737	76	4	0	2685	2760	1	76	4.57e-23	119
NC_001564	SRA:ERX1788125.10004336.1	94.595	74	4	0	2843	2916	3	76	5.91e-22	115
NC_001564	SRA:ERX1788125.37908769.2	93.333	75	5	0	3691	3765	75	1	7.64e-21	111
NC_001564	SRA:ERX1788125.18720101.2	100.000	57	0	0	6508	6564	75	19	3.55e-19	106
NC_001564	SRA:ERX1788125.40165286.2	95.238	63	3	0	1816	1878	63	1	1.65e-17	100
NC_001564	SRA:ERX1788125.8756635.1	93.548	62	4	0	3783	3844	1	62	2.77e-15	93.5
NC_001564	SRA:ERX1788125.5323437.2	94.444	54	3	0	1816	1869	54	1	1.67e-12	84.2
NC_001564	SRA:ERX1788125.36634540.2	100.000	38	0	0	4953	4990	39	2	1.30e-08	71.3
CFAV-Cairns_Australia_2014	SRA:ERX1788125.32027345.2	100.000	76	0	0	4201	4276	76	1	9.75e-30	141
CFAV-Cairns_Australia_2014	SRA:ERX1788125.28835856.2	100.000	76	0	0	5627	5702	76	1	9.75e-30	141
CFAV-Cairns_Australia_2014	SRA:ERX1788125.28835856.1	100.000	76	0	0	5536	5611	1	76	9.75e-30	141
CFAV-Cairns_Australia_2014	SRA:ERX1788125.35526109.1	100.000	74	0	0	2297	2370	1	74	1.26e-28	137
CFAV-Cairns_Australia_2014	SRA:ERX1788125.40972922.2	98.684	76	1	0	4408	4483	76	1	4.53e-28	135
CFAV-Cairns_Australia_2014	SRA:ERX1788125.40165286.1	98.684	76	1	0	985	1060	1	76	4.53e-28	135
CFAV-Cairns_Australia_2014	SRA:ERX1788125.18328847.2	100.000	73	0	0	5801	5873	73	1	4.53e-28	135
CFAV-Cairns_Australia_2014	SRA:ERX1788125.14177226.2	98.684	76	1	0	5335	5410	76	1	4.53e-28	135
CFAV-Cairns_Australia_2014	SRA:ERX1788125.10532440.1	98.684	76	1	0	6347	6422	1	76	4.53e-28	135
CFAV-Cairns_Australia_2014	SRA:ERX1788125.10068939.2	98.684	76	1	0	5091	5166	76	1	4.53e-28	135
CFAV-Cairns_Australia_2014	SRA:ERX1788125.10068939.1	98.684	76	1	0	4980	5055	1	76	4.53e-28	135
CFAV-Cairns_Australia_2014	SRA:ERX1788125.5323437.1	98.684	76	1	0	987	1062	1	76	4.53e-28	135
CFAV-Cairns_Australia_2014	SRA:ERX1788125.3734999.2	98.684	76	1	0	6111	6186	76	1	4.53e-28	135
CFAV-Cairns_Australia_2014	SRA:ERX1788125.37908769.2	98.667	75	1	0	3690	3764	75	1	1.63e-27	134
CFAV-Cairns_Australia_2014	SRA:ERX1788125.18720101.1	98.667	75	1	0	6406	6480	1	75	1.63e-27	134
CFAV-Cairns_Australia_2014	SRA:ERX1788125.2357398.2	98.667	75	1	0	2107	2181	75	1	1.63e-27	134
CFAV-Cairns_Australia_2014	SRA:ERX1788125.40972922.1	97.368	76	2	0	4366	4441	1	76	2.11e-26	130
CFAV-Cairns_Australia_2014	SRA:ERX1788125.40248385.1	97.368	76	2	0	1914	1989	1	76	2.11e-26	130
CFAV-Cairns_Australia_2014	SRA:ERX1788125.37908769.1	97.368	76	2	0	3548	3623	1	76	2.11e-26	130
CFAV-Cairns_Australia_2014	SRA:ERX1788125.32027345.1	97.368	76	2	0	4047	4122	1	76	2.11e-26	130
CFAV-Cairns_Australia_2014	SRA:ERX1788125.22730960.2	97.368	76	2	0	4347	4422	76	1	2.11e-26	130
CFAV-Cairns_Australia_2014	SRA:ERX1788125.20695526.1	97.368	76	2	0	2134	2209	1	76	2.11e-26	130
CFAV-Cairns_Australia_2014	SRA:ERX1788125.10004336.2	97.368	76	2	0	2917	2992	76	1	2.11e-26	130
CFAV-Cairns_Australia_2014	SRA:ERX1788125.2357398.1	97.368	76	2	0	2074	2149	1	76	2.11e-26	130
CFAV-Cairns_Australia_2014	SRA:ERX1788125.1098364.1	97.368	76	2	0	3200	3275	1	76	2.11e-26	130
CFAV-Cairns_Australia_2014	SRA:ERX1788125.22730960.1	97.333	75	2	0	4276	4350	1	75	7.59e-26	128
CFAV-Cairns_Australia_2014	SRA:ERX1788125.18328847.1	98.611	72	1	0	5725	5796	4	75	7.59e-26	128
CFAV-Cairns_Australia_2014	SRA:ERX1788125.37604787.2	100.000	67	0	0	5203	5269	67	1	9.82e-25	124
CFAV-Cairns_Australia_2014	SRA:ERX1788125.37604787.1	96.053	76	3	0	5193	5268	1	76	9.82e-25	124
CFAV-Cairns_Australia_2014	SRA:ERX1788125.20695526.2	96.053	76	3	0	2207	2282	76	1	9.82e-25	124
CFAV-Cairns_Australia_2014	SRA:ERX1788125.14177226.1	96.053	76	3	0	5294	5369	1	76	9.82e-25	124
CFAV-Cairns_Australia_2014	SRA:ERX1788125.7728107.2	96.053	76	3	0	2737	2812	76	1	9.82e-25	124
CFAV-Cairns_Australia_2014	SRA:ERX1788125.5276687.1	96.053	76	3	0	4579	4654	1	76	9.82e-25	124
CFAV-Cairns_Australia_2014	SRA:ERX1788125.4600651.2	100.000	67	0	0	5203	5269	67	1	9.82e-25	124
CFAV-Cairns_Australia_2014	SRA:ERX1788125.4600651.1	96.053	76	3	0	5193	5268	1	76	9.82e-25	124
CFAV-Cairns_Australia_2014	SRA:ERX1788125.35526109.2	96.000	75	3	0	2510	2584	75	1	3.53e-24	122
CFAV-Cairns_Australia_2014	SRA:ERX1788125.10532440.2	96.000	75	3	0	6441	6515	75	1	3.53e-24	122
CFAV-Cairns_Australia_2014	SRA:ERX1788125.1098364.2	96.000	75	3	0	3249	3323	75	1	3.53e-24	122
CFAV-Cairns_Australia_2014	SRA:ERX1788125.604668.1	96.000	75	3	0	5920	5994	1	75	3.53e-24	122
CFAV-Cairns_Australia_2014	SRA:ERX1788125.10004336.1	95.946	74	3	0	2842	2915	3	76	1.27e-23	121
CFAV-Cairns_Australia_2014	SRA:ERX1788125.3734999.1	94.737	76	4	0	6009	6084	1	76	4.57e-23	119
CFAV-Cairns_Australia_2014	SRA:ERX1788125.35277959.1	93.421	76	5	0	2684	2759	1	76	2.12e-21	113
CFAV-Cairns_Australia_2014	SRA:ERX1788125.7728107.1	93.421	76	5	0	2684	2759	1	76	2.12e-21	113
CFAV-Cairns_Australia_2014	SRA:ERX1788125.17871138.1	94.286	70	4	0	3894	3963	3	72	9.89e-20	108
CFAV-Cairns_Australia_2014	SRA:ERX1788125.40165286.2	96.825	63	2	0	1815	1877	63	1	3.56e-19	106
CFAV-Cairns_Australia_2014	SRA:ERX1788125.26383239.2	86.667	75	10	0	6158	6232	75	1	1.65e-17	100
CFAV-Cairns_Australia_2014	SRA:ERX1788125.18720101.2	96.491	57	2	0	6507	6563	75	19	7.70e-16	95.3
CFAV-Cairns_Australia_2014	SRA:ERX1788125.8756635.1	93.548	62	4	0	3782	3843	1	62	2.77e-15	93.5
CFAV-Cairns_Australia_2014	SRA:ERX1788125.5323437.2	98.077	52	1	0	1815	1866	54	3	9.96e-15	91.6
CFAV-Cairns_Australia_2014	SRA:ERX1788125.36634540.2	97.436	39	1	0	4952	4990	39	1	1.68e-07	67.6
CFAV-Macapa2_Brazil_2017	SRA:ERX1788125.40165286.1	98.684	76	1	0	986	1061	1	76	4.53e-28	135
CFAV-Macapa2_Brazil_2017	SRA:ERX1788125.37908769.1	98.684	76	1	0	3549	3624	1	76	4.53e-28	135
CFAV-Macapa2_Brazil_2017	SRA:ERX1788125.32027345.1	98.684	76	1	0	4048	4123	1	76	4.53e-28	135
CFAV-Macapa2_Brazil_2017	SRA:ERX1788125.10532440.1	98.684	76	1	0	6348	6423	1	76	4.53e-28	135
CFAV-Macapa2_Brazil_2017	SRA:ERX1788125.10068939.1	98.684	76	1	0	4981	5056	1	76	4.53e-28	135
CFAV-Macapa2_Brazil_2017	SRA:ERX1788125.5323437.1	98.684	76	1	0	988	1063	1	76	4.53e-28	135
CFAV-Macapa2_Brazil_2017	SRA:ERX1788125.40248385.2	98.667	75	1	0	1978	2052	75	1	1.63e-27	134
CFAV-Macapa2_Brazil_2017	SRA:ERX1788125.37604787.2	97.368	76	2	0	5195	5270	76	1	2.11e-26	130
CFAV-Macapa2_Brazil_2017	SRA:ERX1788125.37604787.1	97.368	76	2	0	5194	5269	1	76	2.11e-26	130
CFAV-Macapa2_Brazil_2017	SRA:ERX1788125.28835856.2	97.368	76	2	0	5628	5703	76	1	2.11e-26	130
CFAV-Macapa2_Brazil_2017	SRA:ERX1788125.28835856.1	97.368	76	2	0	5537	5612	1	76	2.11e-26	130
CFAV-Macapa2_Brazil_2017	SRA:ERX1788125.14177226.2	97.368	76	2	0	5336	5411	76	1	2.11e-26	130
CFAV-Macapa2_Brazil_2017	SRA:ERX1788125.10004336.2	98.630	73	1	0	2918	2990	76	4	2.11e-26	130
CFAV-Macapa2_Brazil_2017	SRA:ERX1788125.5276687.1	97.368	76	2	0	4580	4655	1	76	2.11e-26	130
CFAV-Macapa2_Brazil_2017	SRA:ERX1788125.4600651.2	97.368	76	2	0	5195	5270	76	1	2.11e-26	130
CFAV-Macapa2_Brazil_2017	SRA:ERX1788125.4600651.1	97.368	76	2	0	5194	5269	1	76	2.11e-26	130
CFAV-Macapa2_Brazil_2017	SRA:ERX1788125.37908769.2	97.333	75	2	0	3691	3765	75	1	7.59e-26	128
CFAV-Macapa2_Brazil_2017	SRA:ERX1788125.18720101.1	97.333	75	2	0	6407	6481	1	75	7.59e-26	128
CFAV-Macapa2_Brazil_2017	SRA:ERX1788125.1098364.2	97.333	75	2	0	3250	3324	75	1	7.59e-26	128
CFAV-Macapa2_Brazil_2017	SRA:ERX1788125.10004336.1	97.297	74	2	0	2843	2916	3	76	2.73e-25	126
CFAV-Macapa2_Brazil_2017	SRA:ERX1788125.40248385.1	96.053	76	3	0	1915	1990	1	76	9.82e-25	124
CFAV-Macapa2_Brazil_2017	SRA:ERX1788125.35526109.1	97.260	73	2	0	2298	2370	1	73	9.82e-25	124
CFAV-Macapa2_Brazil_2017	SRA:ERX1788125.18328847.2	97.260	73	2	0	5802	5874	73	1	9.82e-25	124
CFAV-Macapa2_Brazil_2017	SRA:ERX1788125.10068939.2	96.053	76	3	0	5092	5167	76	1	9.82e-25	124
CFAV-Macapa2_Brazil_2017	SRA:ERX1788125.10532440.2	96.000	75	3	0	6442	6516	75	1	3.53e-24	122
CFAV-Macapa2_Brazil_2017	SRA:ERX1788125.18328847.1	95.890	73	3	0	5725	5797	3	75	4.57e-23	119
CFAV-Macapa2_Brazil_2017	SRA:ERX1788125.7728107.2	94.737	76	4	0	2738	2813	76	1	4.57e-23	119
CFAV-Macapa2_Brazil_2017	SRA:ERX1788125.3734999.2	94.737	76	4	0	6112	6187	76	1	4.57e-23	119
CFAV-Macapa2_Brazil_2017	SRA:ERX1788125.3734999.1	94.737	76	4	0	6010	6085	1	76	4.57e-23	119
CFAV-Macapa2_Brazil_2017	SRA:ERX1788125.1098364.1	94.737	76	4	0	3201	3276	1	76	4.57e-23	119
CFAV-Macapa2_Brazil_2017	SRA:ERX1788125.604668.1	94.667	75	4	0	5921	5995	1	75	1.64e-22	117
CFAV-Macapa2_Brazil_2017	SRA:ERX1788125.22730960.1	94.595	74	4	0	4277	4350	1	74	5.91e-22	115
CFAV-Macapa2_Brazil_2017	SRA:ERX1788125.35277959.2	93.421	76	5	0	2738	2813	76	1	2.12e-21	113
CFAV-Macapa2_Brazil_2017	SRA:ERX1788125.22730960.2	93.421	76	5	0	4348	4423	76	1	2.12e-21	113
CFAV-Macapa2_Brazil_2017	SRA:ERX1788125.17871138.1	95.714	70	3	0	3895	3964	3	72	2.12e-21	113
CFAV-Macapa2_Brazil_2017	SRA:ERX1788125.20695526.2	93.243	74	5	0	2210	2283	74	1	2.75e-20	110
CFAV-Macapa2_Brazil_2017	SRA:ERX1788125.20695526.1	93.243	74	5	0	2135	2208	1	74	2.75e-20	110
CFAV-Macapa2_Brazil_2017	SRA:ERX1788125.40972922.1	92.000	75	6	0	4367	4441	1	75	3.56e-19	106
CFAV-Macapa2_Brazil_2017	SRA:ERX1788125.18720101.2	98.246	57	1	0	6508	6564	75	19	1.65e-17	100
CFAV-Macapa2_Brazil_2017	SRA:ERX1788125.8756635.1	91.935	62	5	0	3783	3844	1	62	1.29e-13	87.9
CFAV-KC_Cambodia_2015	SRA:ERX1788125.32027345.1	98.684	76	1	0	4059	4134	1	76	4.54e-28	135
CFAV-KC_Cambodia_2015	SRA:ERX1788125.37908769.2	98.667	75	1	0	3702	3776	75	1	1.63e-27	134
CFAV-KC_Cambodia_2015	SRA:ERX1788125.1098364.2	98.667	75	1	0	3261	3335	75	1	1.63e-27	134
CFAV-KC_Cambodia_2015	SRA:ERX1788125.40165286.1	97.368	76	2	0	997	1072	1	76	2.11e-26	130
CFAV-KC_Cambodia_2015	SRA:ERX1788125.37908769.1	97.368	76	2	0	3560	3635	1	76	2.11e-26	130
CFAV-KC_Cambodia_2015	SRA:ERX1788125.35526109.1	98.630	73	1	0	2309	2381	1	73	2.11e-26	130
CFAV-KC_Cambodia_2015	SRA:ERX1788125.22730960.2	97.368	76	2	0	4359	4434	76	1	2.11e-26	130
CFAV-KC_Cambodia_2015	SRA:ERX1788125.7728107.2	97.368	76	2	0	2749	2824	76	1	2.11e-26	130
CFAV-KC_Cambodia_2015	SRA:ERX1788125.5323437.1	97.368	76	2	0	999	1074	1	76	2.11e-26	130
CFAV-KC_Cambodia_2015	SRA:ERX1788125.3734999.1	97.368	76	2	0	6021	6096	1	76	2.11e-26	130
CFAV-KC_Cambodia_2015	SRA:ERX1788125.40248385.2	97.333	75	2	0	1989	2063	75	1	7.60e-26	128
CFAV-KC_Cambodia_2015	SRA:ERX1788125.37604787.1	97.333	75	2	0	5205	5279	1	75	7.60e-26	128
CFAV-KC_Cambodia_2015	SRA:ERX1788125.4600651.1	97.333	75	2	0	5205	5279	1	75	7.60e-26	128
CFAV-KC_Cambodia_2015	SRA:ERX1788125.37604787.2	97.297	74	2	0	5206	5279	76	3	2.73e-25	126
CFAV-KC_Cambodia_2015	SRA:ERX1788125.14177226.1	97.297	74	2	0	5306	5379	1	74	2.73e-25	126
CFAV-KC_Cambodia_2015	SRA:ERX1788125.10004336.1	97.297	74	2	0	2854	2927	3	76	2.73e-25	126
CFAV-KC_Cambodia_2015	SRA:ERX1788125.4600651.2	97.297	74	2	0	5206	5279	76	3	2.73e-25	126
CFAV-KC_Cambodia_2015	SRA:ERX1788125.35277959.2	96.053	76	3	0	2749	2824	76	1	9.83e-25	124
CFAV-KC_Cambodia_2015	SRA:ERX1788125.28835856.2	96.053	76	3	0	5639	5714	76	1	9.83e-25	124
CFAV-KC_Cambodia_2015	SRA:ERX1788125.18328847.2	97.260	73	2	0	5813	5885	73	1	9.83e-25	124
CFAV-KC_Cambodia_2015	SRA:ERX1788125.10532440.1	96.053	76	3	0	6359	6434	1	76	9.83e-25	124
CFAV-KC_Cambodia_2015	SRA:ERX1788125.5276687.1	96.053	76	3	0	4591	4666	1	76	9.83e-25	124
CFAV-KC_Cambodia_2015	SRA:ERX1788125.604668.1	97.260	73	2	0	5932	6004	1	73	9.83e-25	124
CFAV-KC_Cambodia_2015	SRA:ERX1788125.10068939.2	95.946	74	3	0	5105	5178	74	1	1.27e-23	121
CFAV-KC_Cambodia_2015	SRA:ERX1788125.32027345.2	94.737	76	4	0	4213	4288	76	1	4.57e-23	119
CFAV-KC_Cambodia_2015	SRA:ERX1788125.1098364.1	94.737	76	4	0	3212	3287	1	76	4.57e-23	119
CFAV-KC_Cambodia_2015	SRA:ERX1788125.10532440.2	94.667	75	4	0	6453	6527	75	1	1.64e-22	117
CFAV-KC_Cambodia_2015	SRA:ERX1788125.20695526.2	93.421	76	5	0	2219	2294	76	1	2.13e-21	113
CFAV-KC_Cambodia_2015	SRA:ERX1788125.40972922.1	93.333	75	5	0	4378	4452	1	75	7.65e-21	111
CFAV-KC_Cambodia_2015	SRA:ERX1788125.40165286.2	98.413	63	1	0	1827	1889	63	1	7.65e-21	111
CFAV-KC_Cambodia_2015	SRA:ERX1788125.3734999.2	93.333	75	5	0	6124	6198	75	1	7.65e-21	111
CFAV-KC_Cambodia_2015	SRA:ERX1788125.20695526.1	92.105	76	6	0	2146	2221	1	76	9.90e-20	108
CFAV-KC_Cambodia_2015	SRA:ERX1788125.2357398.1	92.105	76	6	0	2086	2161	1	76	9.90e-20	108
CFAV-KC_Cambodia_2015	SRA:ERX1788125.18720101.1	92.000	75	6	0	6418	6492	1	75	3.56e-19	106
CFAV-KC_Cambodia_2015	SRA:ERX1788125.5323437.2	98.148	54	1	0	1827	1880	54	1	7.70e-16	95.3
CFAV-KC_Cambodia_2015	SRA:ERX1788125.8756635.1	91.935	62	5	0	3794	3855	1	62	1.29e-13	87.9
CFAV-Zik_Uganda_2016	SRA:ERX1788125.37604787.2	100.000	76	0	0	5206	5281	76	1	9.76e-30	141
CFAV-Zik_Uganda_2016	SRA:ERX1788125.37604787.1	100.000	76	0	0	5205	5280	1	76	9.76e-30	141
CFAV-Zik_Uganda_2016	SRA:ERX1788125.28835856.1	100.000	76	0	0	5548	5623	1	76	9.76e-30	141
CFAV-Zik_Uganda_2016	SRA:ERX1788125.10068939.2	100.000	76	0	0	5103	5178	76	1	9.76e-30	141
CFAV-Zik_Uganda_2016	SRA:ERX1788125.5276687.1	100.000	76	0	0	4591	4666	1	76	9.76e-30	141
CFAV-Zik_Uganda_2016	SRA:ERX1788125.4600651.2	100.000	76	0	0	5206	5281	76	1	9.76e-30	141
CFAV-Zik_Uganda_2016	SRA:ERX1788125.4600651.1	100.000	76	0	0	5205	5280	1	76	9.76e-30	141
CFAV-Zik_Uganda_2016	SRA:ERX1788125.37908769.1	98.684	76	1	0	3560	3635	1	76	4.54e-28	135
CFAV-Zik_Uganda_2016	SRA:ERX1788125.3734999.2	98.684	76	1	0	6123	6198	76	1	4.54e-28	135
CFAV-Zik_Uganda_2016	SRA:ERX1788125.37908769.2	98.667	75	1	0	3702	3776	75	1	1.63e-27	134
CFAV-Zik_Uganda_2016	SRA:ERX1788125.35526109.2	98.667	75	1	0	2522	2596	75	1	1.63e-27	134
CFAV-Zik_Uganda_2016	SRA:ERX1788125.10068939.1	98.667	75	1	0	4993	5067	2	76	1.63e-27	134
CFAV-Zik_Uganda_2016	SRA:ERX1788125.604668.1	98.667	75	1	0	5932	6006	1	75	1.63e-27	134
CFAV-Zik_Uganda_2016	SRA:ERX1788125.40165286.1	97.368	76	2	0	997	1072	1	76	2.11e-26	130
CFAV-Zik_Uganda_2016	SRA:ERX1788125.35526109.1	98.630	73	1	0	2309	2381	1	73	2.11e-26	130
CFAV-Zik_Uganda_2016	SRA:ERX1788125.32027345.1	97.368	76	2	0	4059	4134	1	76	2.11e-26	130
CFAV-Zik_Uganda_2016	SRA:ERX1788125.18328847.2	98.630	73	1	0	5813	5885	73	1	2.11e-26	130
CFAV-Zik_Uganda_2016	SRA:ERX1788125.14177226.2	97.368	76	2	0	5347	5422	76	1	2.11e-26	130
CFAV-Zik_Uganda_2016	SRA:ERX1788125.14177226.1	97.368	76	2	0	5306	5381	1	76	2.11e-26	130
CFAV-Zik_Uganda_2016	SRA:ERX1788125.5323437.1	97.368	76	2	0	999	1074	1	76	2.11e-26	130
CFAV-Zik_Uganda_2016	SRA:ERX1788125.3734999.1	97.368	76	2	0	6021	6096	1	76	2.11e-26	130
CFAV-Zik_Uganda_2016	SRA:ERX1788125.2357398.1	97.368	76	2	0	2086	2161	1	76	2.11e-26	130
CFAV-Zik_Uganda_2016	SRA:ERX1788125.1098364.1	97.368	76	2	0	3212	3287	1	76	2.11e-26	130
CFAV-Zik_Uganda_2016	SRA:ERX1788125.40248385.2	97.333	75	2	0	1989	2063	75	1	7.60e-26	128
CFAV-Zik_Uganda_2016	SRA:ERX1788125.18720101.1	97.333	75	2	0	6418	6492	1	75	7.60e-26	128
CFAV-Zik_Uganda_2016	SRA:ERX1788125.10532440.2	97.333	75	2	0	6453	6527	75	1	7.60e-26	128
CFAV-Zik_Uganda_2016	SRA:ERX1788125.28835856.2	96.053	76	3	0	5639	5714	76	1	9.83e-25	124
CFAV-Zik_Uganda_2016	SRA:ERX1788125.7728107.2	96.053	76	3	0	2749	2824	76	1	9.83e-25	124
CFAV-Zik_Uganda_2016	SRA:ERX1788125.26383239.1	96.000	75	3	0	6045	6119	1	75	3.53e-24	122
CFAV-Zik_Uganda_2016	SRA:ERX1788125.1098364.2	96.000	75	3	0	3261	3335	75	1	3.53e-24	122
CFAV-Zik_Uganda_2016	SRA:ERX1788125.10004336.2	97.183	71	2	0	2929	2999	76	6	1.27e-23	121
CFAV-Zik_Uganda_2016	SRA:ERX1788125.10532440.1	94.737	76	4	0	6359	6434	1	76	4.57e-23	119
CFAV-Zik_Uganda_2016	SRA:ERX1788125.40972922.1	97.101	69	2	0	4384	4452	7	75	1.64e-22	117
CFAV-Zik_Uganda_2016	SRA:ERX1788125.10004336.1	95.775	71	3	0	2854	2924	3	73	5.91e-22	115
CFAV-Zik_Uganda_2016	SRA:ERX1788125.40972922.2	93.421	76	5	0	4420	4495	76	1	2.13e-21	113
CFAV-Zik_Uganda_2016	SRA:ERX1788125.20695526.2	93.421	76	5	0	2219	2294	76	1	2.13e-21	113
CFAV-Zik_Uganda_2016	SRA:ERX1788125.20695526.1	93.421	76	5	0	2146	2221	1	76	2.13e-21	113
CFAV-Zik_Uganda_2016	SRA:ERX1788125.18328847.1	94.521	73	4	0	5736	5808	3	75	2.13e-21	113
CFAV-Zik_Uganda_2016	SRA:ERX1788125.40165286.2	98.413	63	1	0	1827	1889	63	1	7.65e-21	111
CFAV-Zik_Uganda_2016	SRA:ERX1788125.17871138.1	94.286	70	4	0	3906	3975	3	72	9.90e-20	108
CFAV-Zik_Uganda_2016	SRA:ERX1788125.26383239.2	86.667	75	10	0	6170	6244	75	1	1.66e-17	100
CFAV-Zik_Uganda_2016	SRA:ERX1788125.18720101.2	98.246	57	1	0	6519	6575	75	19	1.66e-17	100
CFAV-Zik_Uganda_2016	SRA:ERX1788125.5323437.2	98.148	54	1	0	1827	1880	54	1	7.70e-16	95.3
CFAV-Zik_Uganda_2016	SRA:ERX1788125.8756635.1	91.935	62	5	0	3794	3855	1	62	1.29e-13	87.9
CFAV-Zik_Uganda_2016	SRA:ERX1788125.36634540.2	97.436	39	1	0	4964	5002	39	1	1.68e-07	67.6
