CFAV-Bangkok_Thailand_2015	SRA:ERX1788134.32725335.2	100.000	76	0	0	2280	2355	76	1	7.76e-30	141
CFAV-Bangkok_Thailand_2015	SRA:ERX1788134.32454940.2	100.000	76	0	0	3619	3694	76	1	7.76e-30	141
CFAV-Bangkok_Thailand_2015	SRA:ERX1788134.17880407.1	100.000	76	0	0	5642	5717	1	76	7.76e-30	141
CFAV-Bangkok_Thailand_2015	SRA:ERX1788134.12564959.1	100.000	76	0	0	5748	5823	1	76	7.76e-30	141
CFAV-Bangkok_Thailand_2015	SRA:ERX1788134.4548390.2	100.000	75	0	0	5238	5312	75	1	2.79e-29	139
CFAV-Bangkok_Thailand_2015	SRA:ERX1788134.32725335.1	98.684	76	1	0	2264	2339	1	76	3.61e-28	135
CFAV-Bangkok_Thailand_2015	SRA:ERX1788134.28669945.2	98.684	76	1	0	998	1073	76	1	3.61e-28	135
CFAV-Bangkok_Thailand_2015	SRA:ERX1788134.27691243.2	98.684	76	1	0	3928	4003	76	1	3.61e-28	135
CFAV-Bangkok_Thailand_2015	SRA:ERX1788134.27691243.1	98.684	76	1	0	3883	3958	1	76	3.61e-28	135
CFAV-Bangkok_Thailand_2015	SRA:ERX1788134.25339022.1	98.684	76	1	0	3948	4023	1	76	3.61e-28	135
CFAV-Bangkok_Thailand_2015	SRA:ERX1788134.18346800.2	98.684	76	1	0	818	893	76	1	3.61e-28	135
CFAV-Bangkok_Thailand_2015	SRA:ERX1788134.18205403.2	98.684	76	1	0	5223	5298	76	1	3.61e-28	135
CFAV-Bangkok_Thailand_2015	SRA:ERX1788134.7262637.2	98.684	76	1	0	4999	5074	76	1	3.61e-28	135
CFAV-Bangkok_Thailand_2015	SRA:ERX1788134.5794620.2	98.684	76	1	0	4999	5074	76	1	3.61e-28	135
CFAV-Bangkok_Thailand_2015	SRA:ERX1788134.5338623.1	98.684	76	1	0	4998	5073	1	76	3.61e-28	135
CFAV-Bangkok_Thailand_2015	SRA:ERX1788134.32454940.1	98.667	75	1	0	3534	3608	1	75	1.30e-27	134
CFAV-Bangkok_Thailand_2015	SRA:ERX1788134.29920167.2	98.667	75	1	0	5232	5306	75	1	1.30e-27	134
CFAV-Bangkok_Thailand_2015	SRA:ERX1788134.29264683.2	98.667	75	1	0	5517	5591	75	1	1.30e-27	134
CFAV-Bangkok_Thailand_2015	SRA:ERX1788134.27861104.1	98.667	75	1	0	5856	5930	1	75	1.30e-27	134
CFAV-Bangkok_Thailand_2015	SRA:ERX1788134.13746679.1	98.667	75	1	0	6027	6101	1	75	1.30e-27	134
CFAV-Bangkok_Thailand_2015	SRA:ERX1788134.11908142.2	98.667	75	1	0	6112	6186	75	1	1.30e-27	134
CFAV-Bangkok_Thailand_2015	SRA:ERX1788134.31564500.2	98.649	74	1	0	4570	4643	74	1	4.67e-27	132
CFAV-Bangkok_Thailand_2015	SRA:ERX1788134.31554968.1	98.649	74	1	0	5261	5334	1	74	4.67e-27	132
CFAV-Bangkok_Thailand_2015	SRA:ERX1788134.31348715.2	98.649	74	1	0	2941	3014	76	3	4.67e-27	132
CFAV-Bangkok_Thailand_2015	SRA:ERX1788134.316666.2	100.000	71	0	0	1017	1087	75	5	4.67e-27	132
CFAV-Bangkok_Thailand_2015	SRA:ERX1788134.31881268.2	97.368	76	2	0	6244	6319	76	1	1.68e-26	130
CFAV-Bangkok_Thailand_2015	SRA:ERX1788134.31564500.1	97.368	76	2	0	4334	4409	1	76	1.68e-26	130
CFAV-Bangkok_Thailand_2015	SRA:ERX1788134.31348715.1	97.368	76	2	0	2805	2880	1	76	1.68e-26	130
CFAV-Bangkok_Thailand_2015	SRA:ERX1788134.30319803.1	97.368	76	2	0	3079	3154	1	76	1.68e-26	130
CFAV-Bangkok_Thailand_2015	SRA:ERX1788134.28669945.1	97.368	76	2	0	944	1019	1	76	1.68e-26	130
CFAV-Bangkok_Thailand_2015	SRA:ERX1788134.25643903.1	97.368	76	2	0	5173	5248	1	76	1.68e-26	130
CFAV-Bangkok_Thailand_2015	SRA:ERX1788134.25341269.1	97.368	76	2	0	2532	2607	1	76	1.68e-26	130
CFAV-Bangkok_Thailand_2015	SRA:ERX1788134.24596084.2	97.368	76	2	0	5061	5136	76	1	1.68e-26	130
CFAV-Bangkok_Thailand_2015	SRA:ERX1788134.24481317.1	97.368	76	2	0	2806	2881	1	76	1.68e-26	130
CFAV-Bangkok_Thailand_2015	SRA:ERX1788134.24098334.2	97.368	76	2	0	6244	6319	76	1	1.68e-26	130
CFAV-Bangkok_Thailand_2015	SRA:ERX1788134.22954920.2	97.368	76	2	0	2338	2413	76	1	1.68e-26	130
CFAV-Bangkok_Thailand_2015	SRA:ERX1788134.22954920.1	97.368	76	2	0	2247	2322	1	76	1.68e-26	130
CFAV-Bangkok_Thailand_2015	SRA:ERX1788134.20740308.1	97.368	76	2	0	6130	6205	1	76	1.68e-26	130
CFAV-Bangkok_Thailand_2015	SRA:ERX1788134.14769408.2	97.368	76	2	0	6460	6535	76	1	1.68e-26	130
CFAV-Bangkok_Thailand_2015	SRA:ERX1788134.14156159.1	97.368	76	2	0	4334	4409	1	76	1.68e-26	130
CFAV-Bangkok_Thailand_2015	SRA:ERX1788134.13745265.1	97.368	76	2	0	4053	4128	1	76	1.68e-26	130
CFAV-Bangkok_Thailand_2015	SRA:ERX1788134.11751647.1	97.368	76	2	0	2806	2881	1	76	1.68e-26	130
CFAV-Bangkok_Thailand_2015	SRA:ERX1788134.6983999.2	97.368	76	2	0	5893	5968	76	1	1.68e-26	130
CFAV-Bangkok_Thailand_2015	SRA:ERX1788134.6983999.1	97.368	76	2	0	5720	5795	1	76	1.68e-26	130
CFAV-Bangkok_Thailand_2015	SRA:ERX1788134.30383038.1	97.333	75	2	0	6292	6366	2	76	6.04e-26	128
CFAV-Bangkok_Thailand_2015	SRA:ERX1788134.28610126.1	98.611	72	1	0	6138	6209	1	72	6.04e-26	128
CFAV-Bangkok_Thailand_2015	SRA:ERX1788134.28471618.2	97.333	75	2	0	5265	5339	75	1	6.04e-26	128
CFAV-Bangkok_Thailand_2015	SRA:ERX1788134.28427296.2	97.333	75	2	0	5160	5234	76	2	6.04e-26	128
CFAV-Bangkok_Thailand_2015	SRA:ERX1788134.21947839.1	97.333	75	2	0	2161	2235	1	75	6.04e-26	128
CFAV-Bangkok_Thailand_2015	SRA:ERX1788134.17541547.2	97.333	75	2	0	3611	3685	75	1	6.04e-26	128
CFAV-Bangkok_Thailand_2015	SRA:ERX1788134.13741138.1	97.333	75	2	0	2777	2851	1	75	6.04e-26	128
CFAV-Bangkok_Thailand_2015	SRA:ERX1788134.12486268.2	97.333	75	2	0	6475	6549	75	1	6.04e-26	128
CFAV-Bangkok_Thailand_2015	SRA:ERX1788134.5080190.1	97.333	75	2	0	5079	5153	1	75	6.04e-26	128
CFAV-Bangkok_Thailand_2015	SRA:ERX1788134.30383038.2	97.297	74	2	0	6316	6389	74	1	2.17e-25	126
CFAV-Bangkok_Thailand_2015	SRA:ERX1788134.20594144.2	97.297	74	2	0	3456	3529	74	1	2.17e-25	126
CFAV-Bangkok_Thailand_2015	SRA:ERX1788134.3323750.2	97.297	74	2	0	5041	5114	76	3	2.17e-25	126
CFAV-Bangkok_Thailand_2015	SRA:ERX1788134.29264683.1	96.053	76	3	0	5469	5544	1	76	7.82e-25	124
CFAV-Bangkok_Thailand_2015	SRA:ERX1788134.28610126.2	96.053	76	3	0	6298	6373	76	1	7.82e-25	124
CFAV-Bangkok_Thailand_2015	SRA:ERX1788134.27861104.2	96.053	76	3	0	5972	6047	76	1	7.82e-25	124
CFAV-Bangkok_Thailand_2015	SRA:ERX1788134.19785495.2	96.053	76	3	0	5936	6011	76	1	7.82e-25	124
CFAV-Bangkok_Thailand_2015	SRA:ERX1788134.19785495.1	97.260	73	2	0	5901	5973	1	73	7.82e-25	124
CFAV-Bangkok_Thailand_2015	SRA:ERX1788134.17880407.2	97.260	73	2	0	5682	5754	73	1	7.82e-25	124
CFAV-Bangkok_Thailand_2015	SRA:ERX1788134.15637965.1	96.053	76	3	0	5022	5097	1	76	7.82e-25	124
CFAV-Bangkok_Thailand_2015	SRA:ERX1788134.13746679.2	96.053	76	3	0	6207	6282	76	1	7.82e-25	124
CFAV-Bangkok_Thailand_2015	SRA:ERX1788134.13741138.2	96.053	76	3	0	3037	3112	76	1	7.82e-25	124
CFAV-Bangkok_Thailand_2015	SRA:ERX1788134.13540672.2	96.053	76	3	0	4978	5053	76	1	7.82e-25	124
CFAV-Bangkok_Thailand_2015	SRA:ERX1788134.12564959.2	96.053	76	3	0	5929	6004	76	1	7.82e-25	124
CFAV-Bangkok_Thailand_2015	SRA:ERX1788134.5080190.2	96.053	76	3	0	5311	5386	76	1	7.82e-25	124
CFAV-Bangkok_Thailand_2015	SRA:ERX1788134.982894.2	96.053	76	3	0	954	1029	76	1	7.82e-25	124
CFAV-Bangkok_Thailand_2015	SRA:ERX1788134.982894.1	97.260	73	2	0	6372	6444	1	73	7.82e-25	124
CFAV-Bangkok_Thailand_2015	SRA:ERX1788134.31554968.2	96.000	75	3	0	5284	5358	75	1	2.81e-24	122
CFAV-Bangkok_Thailand_2015	SRA:ERX1788134.20740308.2	97.222	72	2	0	6204	6275	72	1	2.81e-24	122
CFAV-Bangkok_Thailand_2015	SRA:ERX1788134.18346800.1	96.000	75	3	0	733	807	1	75	2.81e-24	122
CFAV-Bangkok_Thailand_2015	SRA:ERX1788134.14769408.1	96.000	75	3	0	6412	6486	1	75	2.81e-24	122
CFAV-Bangkok_Thailand_2015	SRA:ERX1788134.12486268.1	96.000	75	3	0	6432	6506	1	75	2.81e-24	122
CFAV-Bangkok_Thailand_2015	SRA:ERX1788134.5383088.1	97.222	72	2	0	2385	2456	1	72	2.81e-24	122
CFAV-Bangkok_Thailand_2015	SRA:ERX1788134.18205403.1	95.946	74	3	0	5092	5165	2	75	1.01e-23	121
CFAV-Bangkok_Thailand_2015	SRA:ERX1788134.10294108.2	95.946	74	3	0	6283	6356	74	1	1.01e-23	121
CFAV-Bangkok_Thailand_2015	SRA:ERX1788134.30439410.2	94.737	76	4	0	4283	4358	76	1	3.64e-23	119
CFAV-Bangkok_Thailand_2015	SRA:ERX1788134.29920167.1	95.890	73	3	0	5092	5164	3	75	3.64e-23	119
CFAV-Bangkok_Thailand_2015	SRA:ERX1788134.28427296.1	95.890	73	3	0	5086	5158	1	73	3.64e-23	119
CFAV-Bangkok_Thailand_2015	SRA:ERX1788134.25273845.1	94.737	76	4	0	4975	5050	1	76	3.64e-23	119
CFAV-Bangkok_Thailand_2015	SRA:ERX1788134.25154739.2	94.737	76	4	0	4283	4358	76	1	3.64e-23	119
CFAV-Bangkok_Thailand_2015	SRA:ERX1788134.24596084.1	94.737	76	4	0	4969	5044	1	76	3.64e-23	119
CFAV-Bangkok_Thailand_2015	SRA:ERX1788134.17541547.1	94.737	76	4	0	3447	3522	1	76	3.64e-23	119
CFAV-Bangkok_Thailand_2015	SRA:ERX1788134.14790488.1	94.737	76	4	0	4419	4494	1	76	3.64e-23	119
CFAV-Bangkok_Thailand_2015	SRA:ERX1788134.11908142.1	95.890	73	3	0	6001	6073	2	74	3.64e-23	119
CFAV-Bangkok_Thailand_2015	SRA:ERX1788134.7851555.2	94.737	76	4	0	4978	5053	76	1	3.64e-23	119
CFAV-Bangkok_Thailand_2015	SRA:ERX1788134.5338623.2	94.737	76	4	0	5110	5185	76	1	3.64e-23	119
CFAV-Bangkok_Thailand_2015	SRA:ERX1788134.3034383.2	95.890	73	3	0	5682	5754	73	1	3.64e-23	119
CFAV-Bangkok_Thailand_2015	SRA:ERX1788134.25339022.2	94.667	75	4	0	4074	4148	76	2	1.31e-22	117
CFAV-Bangkok_Thailand_2015	SRA:ERX1788134.21947839.2	94.667	75	4	0	2197	2271	75	1	1.31e-22	117
CFAV-Bangkok_Thailand_2015	SRA:ERX1788134.13745265.2	94.667	75	4	0	4284	4358	76	2	1.31e-22	117
CFAV-Bangkok_Thailand_2015	SRA:ERX1788134.10294108.1	94.667	75	4	0	6208	6282	1	75	1.31e-22	117
CFAV-Bangkok_Thailand_2015	SRA:ERX1788134.3317555.1	94.667	75	4	0	5899	5973	1	75	1.31e-22	117
CFAV-Bangkok_Thailand_2015	SRA:ERX1788134.30439410.1	94.595	74	4	0	4162	4235	1	74	4.71e-22	115
CFAV-Bangkok_Thailand_2015	SRA:ERX1788134.14065677.1	94.595	74	4	0	4162	4235	1	74	4.71e-22	115
CFAV-Bangkok_Thailand_2015	SRA:ERX1788134.25273845.2	94.444	72	4	0	5099	5170	72	1	6.09e-21	111
CFAV-Bangkok_Thailand_2015	SRA:ERX1788134.30312920.1	93.243	74	5	0	4393	4466	3	76	2.19e-20	110
CFAV-Bangkok_Thailand_2015	SRA:ERX1788134.20594144.1	93.243	74	5	0	3332	3405	1	74	2.19e-20	110
CFAV-Bangkok_Thailand_2015	SRA:ERX1788134.16639544.1	93.151	73	5	0	2417	2489	1	73	7.87e-20	108
NC_001564	SRA:ERX1788134.32454940.2	100.000	76	0	0	3626	3701	76	1	7.78e-30	141
NC_001564	SRA:ERX1788134.31348715.2	100.000	76	0	0	2948	3023	76	1	7.78e-30	141
NC_001564	SRA:ERX1788134.28669945.2	100.000	76	0	0	1005	1080	76	1	7.78e-30	141
NC_001564	SRA:ERX1788134.27861104.2	100.000	76	0	0	5979	6054	76	1	7.78e-30	141
NC_001564	SRA:ERX1788134.25339022.1	100.000	76	0	0	3955	4030	1	76	7.78e-30	141
NC_001564	SRA:ERX1788134.22954920.2	100.000	76	0	0	2345	2420	76	1	7.78e-30	141
NC_001564	SRA:ERX1788134.22954920.1	100.000	76	0	0	2254	2329	1	76	7.78e-30	141
NC_001564	SRA:ERX1788134.18205403.2	100.000	76	0	0	5230	5305	76	1	7.78e-30	141
NC_001564	SRA:ERX1788134.18205403.1	100.000	76	0	0	5098	5173	1	76	7.78e-30	141
NC_001564	SRA:ERX1788134.17880407.1	100.000	76	0	0	5649	5724	1	76	7.78e-30	141
NC_001564	SRA:ERX1788134.6983999.1	100.000	76	0	0	5727	5802	1	76	7.78e-30	141
NC_001564	SRA:ERX1788134.5338623.2	100.000	76	0	0	5117	5192	76	1	7.78e-30	141
NC_001564	SRA:ERX1788134.5080190.1	100.000	76	0	0	5086	5161	1	76	7.78e-30	141
NC_001564	SRA:ERX1788134.29920167.2	100.000	75	0	0	5239	5313	75	1	2.80e-29	139
NC_001564	SRA:ERX1788134.29920167.1	100.000	75	0	0	5097	5171	1	75	2.80e-29	139
NC_001564	SRA:ERX1788134.29264683.1	100.000	75	0	0	5477	5551	2	76	2.80e-29	139
NC_001564	SRA:ERX1788134.28427296.1	100.000	75	0	0	5093	5167	1	75	2.80e-29	139
NC_001564	SRA:ERX1788134.24596084.2	100.000	75	0	0	5069	5143	75	1	2.80e-29	139
NC_001564	SRA:ERX1788134.18346800.1	100.000	75	0	0	740	814	1	75	2.80e-29	139
NC_001564	SRA:ERX1788134.13741138.1	100.000	75	0	0	2784	2858	1	75	2.80e-29	139
NC_001564	SRA:ERX1788134.4548390.2	100.000	75	0	0	5245	5319	75	1	2.80e-29	139
NC_001564	SRA:ERX1788134.32725335.2	98.684	76	1	0	2287	2362	76	1	3.62e-28	135
NC_001564	SRA:ERX1788134.32725335.1	98.684	76	1	0	2271	2346	1	76	3.62e-28	135
NC_001564	SRA:ERX1788134.31348715.1	98.684	76	1	0	2812	2887	1	76	3.62e-28	135
NC_001564	SRA:ERX1788134.30439410.1	98.684	76	1	0	4169	4244	1	76	3.62e-28	135
NC_001564	SRA:ERX1788134.30319803.1	98.684	76	1	0	3086	3161	1	76	3.62e-28	135
NC_001564	SRA:ERX1788134.28669945.1	98.684	76	1	0	951	1026	1	76	3.62e-28	135
NC_001564	SRA:ERX1788134.25341269.1	98.684	76	1	0	2539	2614	1	76	3.62e-28	135
NC_001564	SRA:ERX1788134.24481317.1	98.684	76	1	0	2813	2888	1	76	3.62e-28	135
NC_001564	SRA:ERX1788134.17880407.2	100.000	73	0	0	5689	5761	73	1	3.62e-28	135
NC_001564	SRA:ERX1788134.16639544.2	98.684	76	1	0	2471	2546	76	1	3.62e-28	135
NC_001564	SRA:ERX1788134.14065677.1	98.684	76	1	0	4169	4244	1	76	3.62e-28	135
NC_001564	SRA:ERX1788134.13745265.1	98.684	76	1	0	4060	4135	1	76	3.62e-28	135
NC_001564	SRA:ERX1788134.12564959.1	98.684	76	1	0	5755	5830	1	76	3.62e-28	135
NC_001564	SRA:ERX1788134.11751647.1	98.684	76	1	0	2813	2888	1	76	3.62e-28	135
NC_001564	SRA:ERX1788134.5383088.2	98.684	76	1	0	2639	2714	76	1	3.62e-28	135
NC_001564	SRA:ERX1788134.32454940.1	98.667	75	1	0	3541	3615	1	75	1.30e-27	134
NC_001564	SRA:ERX1788134.30383038.1	98.667	75	1	0	6299	6373	2	76	1.30e-27	134
NC_001564	SRA:ERX1788134.29264683.2	98.667	75	1	0	5524	5598	75	1	1.30e-27	134
NC_001564	SRA:ERX1788134.25273845.2	100.000	72	0	0	5106	5177	72	1	1.30e-27	134
NC_001564	SRA:ERX1788134.14065677.2	98.667	75	1	0	4220	4294	75	1	1.30e-27	134
NC_001564	SRA:ERX1788134.12486268.2	98.667	75	1	0	6482	6556	75	1	1.30e-27	134
NC_001564	SRA:ERX1788134.316666.2	100.000	71	0	0	1024	1094	75	5	4.68e-27	132
NC_001564	SRA:ERX1788134.31564500.2	97.368	76	2	0	4575	4650	76	1	1.68e-26	130
NC_001564	SRA:ERX1788134.31564500.1	97.368	76	2	0	4341	4416	1	76	1.68e-26	130
NC_001564	SRA:ERX1788134.31554968.1	98.630	73	1	0	5268	5340	1	73	1.68e-26	130
NC_001564	SRA:ERX1788134.30383038.2	97.368	76	2	0	6321	6396	76	1	1.68e-26	130
NC_001564	SRA:ERX1788134.28610126.2	97.368	76	2	0	6305	6380	76	1	1.68e-26	130
NC_001564	SRA:ERX1788134.28471618.1	97.368	76	2	0	5134	5209	1	76	1.68e-26	130
NC_001564	SRA:ERX1788134.28427296.2	97.368	76	2	0	5167	5242	76	1	1.68e-26	130
NC_001564	SRA:ERX1788134.27691243.2	97.368	76	2	0	3935	4010	76	1	1.68e-26	130
NC_001564	SRA:ERX1788134.25643903.1	97.368	76	2	0	5180	5255	1	76	1.68e-26	130
NC_001564	SRA:ERX1788134.19785495.2	97.368	76	2	0	5943	6018	76	1	1.68e-26	130
NC_001564	SRA:ERX1788134.18346800.2	97.368	76	2	0	825	900	76	1	1.68e-26	130
NC_001564	SRA:ERX1788134.14769408.2	98.630	73	1	0	6470	6542	73	1	1.68e-26	130
NC_001564	SRA:ERX1788134.14156159.1	97.368	76	2	0	4341	4416	1	76	1.68e-26	130
NC_001564	SRA:ERX1788134.13741138.2	97.368	76	2	0	3044	3119	76	1	1.68e-26	130
NC_001564	SRA:ERX1788134.12564959.2	97.368	76	2	0	5936	6011	76	1	1.68e-26	130
NC_001564	SRA:ERX1788134.6983999.2	97.368	76	2	0	5900	5975	76	1	1.68e-26	130
NC_001564	SRA:ERX1788134.4548390.1	97.368	76	2	0	5141	5216	1	76	1.68e-26	130
NC_001564	SRA:ERX1788134.3323750.2	97.368	76	2	0	5048	5123	76	1	1.68e-26	130
NC_001564	SRA:ERX1788134.3034383.2	98.630	73	1	0	5689	5761	73	1	1.68e-26	130
NC_001564	SRA:ERX1788134.982894.2	97.368	76	2	0	961	1036	76	1	1.68e-26	130
NC_001564	SRA:ERX1788134.982894.1	98.630	73	1	0	6379	6451	1	73	1.68e-26	130
NC_001564	SRA:ERX1788134.316666.1	97.368	76	2	0	939	1014	1	76	1.68e-26	130
NC_001564	SRA:ERX1788134.28471618.2	97.333	75	2	0	5272	5346	75	1	6.06e-26	128
NC_001564	SRA:ERX1788134.25341269.2	97.333	75	2	0	2657	2731	75	1	6.06e-26	128
NC_001564	SRA:ERX1788134.25339022.2	97.333	75	2	0	4081	4155	76	2	6.06e-26	128
NC_001564	SRA:ERX1788134.17541547.2	97.333	75	2	0	3618	3692	75	1	6.06e-26	128
NC_001564	SRA:ERX1788134.13746679.1	97.333	75	2	0	6034	6108	1	75	6.06e-26	128
NC_001564	SRA:ERX1788134.12486268.1	97.333	75	2	0	6439	6513	1	75	6.06e-26	128
NC_001564	SRA:ERX1788134.5383088.1	98.611	72	1	0	2392	2463	1	72	6.06e-26	128
NC_001564	SRA:ERX1788134.20594144.2	97.297	74	2	0	3463	3536	74	1	2.18e-25	126
NC_001564	SRA:ERX1788134.11908142.1	97.297	74	2	0	6007	6080	1	74	2.18e-25	126
NC_001564	SRA:ERX1788134.10294108.2	98.592	71	1	0	6293	6363	71	1	2.18e-25	126
NC_001564	SRA:ERX1788134.28610126.1	96.053	76	3	0	6145	6220	1	76	7.84e-25	124
NC_001564	SRA:ERX1788134.25273845.1	96.053	76	3	0	4982	5057	1	76	7.84e-25	124
NC_001564	SRA:ERX1788134.24596084.1	96.053	76	3	0	4976	5051	1	76	7.84e-25	124
NC_001564	SRA:ERX1788134.19785495.1	97.260	73	2	0	5908	5980	1	73	7.84e-25	124
NC_001564	SRA:ERX1788134.16639544.1	96.053	76	3	0	2424	2499	1	76	7.84e-25	124
NC_001564	SRA:ERX1788134.14790488.1	96.053	76	3	0	4426	4501	1	76	7.84e-25	124
NC_001564	SRA:ERX1788134.13746679.2	96.053	76	3	0	6214	6289	76	1	7.84e-25	124
NC_001564	SRA:ERX1788134.13540672.2	96.053	76	3	0	4985	5060	76	1	7.84e-25	124
NC_001564	SRA:ERX1788134.7262637.2	96.053	76	3	0	5006	5081	76	1	7.84e-25	124
NC_001564	SRA:ERX1788134.5794620.2	96.053	76	3	0	5006	5081	76	1	7.84e-25	124
NC_001564	SRA:ERX1788134.5338623.1	96.053	76	3	0	5005	5080	1	76	7.84e-25	124
NC_001564	SRA:ERX1788134.5080190.2	96.053	76	3	0	5318	5393	76	1	7.84e-25	124
NC_001564	SRA:ERX1788134.31881268.1	96.000	75	3	0	6197	6271	1	75	2.82e-24	122
NC_001564	SRA:ERX1788134.31554968.2	96.000	75	3	0	5291	5365	75	1	2.82e-24	122
NC_001564	SRA:ERX1788134.25643903.2	96.000	75	3	0	5300	5374	75	1	2.82e-24	122
NC_001564	SRA:ERX1788134.24481317.2	96.000	75	3	0	2890	2964	75	1	2.82e-24	122
NC_001564	SRA:ERX1788134.24098334.1	96.000	75	3	0	6197	6271	1	75	2.82e-24	122
NC_001564	SRA:ERX1788134.21947839.1	96.000	75	3	0	2168	2242	1	75	2.82e-24	122
NC_001564	SRA:ERX1788134.20740308.2	97.222	72	2	0	6211	6282	72	1	2.82e-24	122
NC_001564	SRA:ERX1788134.14769408.1	96.000	75	3	0	6419	6493	1	75	2.82e-24	122
NC_001564	SRA:ERX1788134.11908142.2	96.000	75	3	0	6119	6193	75	1	2.82e-24	122
NC_001564	SRA:ERX1788134.11751647.2	96.000	75	3	0	2890	2964	75	1	2.82e-24	122
NC_001564	SRA:ERX1788134.25154739.1	95.946	74	3	0	4109	4182	1	74	1.01e-23	121
NC_001564	SRA:ERX1788134.20594144.1	95.946	74	3	0	3339	3412	1	74	1.01e-23	121
NC_001564	SRA:ERX1788134.31881268.2	94.737	76	4	0	6251	6326	76	1	3.65e-23	119
NC_001564	SRA:ERX1788134.24098334.2	94.737	76	4	0	6251	6326	76	1	3.65e-23	119
NC_001564	SRA:ERX1788134.20740308.1	94.737	76	4	0	6137	6212	1	76	3.65e-23	119
NC_001564	SRA:ERX1788134.17541547.1	94.737	76	4	0	3454	3529	1	76	3.65e-23	119
NC_001564	SRA:ERX1788134.7851555.2	94.737	76	4	0	4985	5060	76	1	3.65e-23	119
NC_001564	SRA:ERX1788134.3317555.2	95.890	73	3	0	5993	6065	75	3	3.65e-23	119
NC_001564	SRA:ERX1788134.27861104.1	94.667	75	4	0	5863	5937	1	75	1.31e-22	117
NC_001564	SRA:ERX1788134.21947839.2	94.667	75	4	0	2204	2278	75	1	1.31e-22	117
NC_001564	SRA:ERX1788134.10294108.1	94.667	75	4	0	6215	6289	1	75	1.31e-22	117
NC_001564	SRA:ERX1788134.3317555.1	94.667	75	4	0	5906	5980	1	75	1.31e-22	117
NC_001564	SRA:ERX1788134.30312920.1	94.595	74	4	0	4400	4473	3	76	4.72e-22	115
NC_001564	SRA:ERX1788134.4463953.2	98.462	65	1	0	4953	5017	65	1	4.72e-22	115
NC_001564	SRA:ERX1788134.14156159.2	93.421	76	5	0	4575	4650	76	1	1.70e-21	113
NC_001564	SRA:ERX1788134.14790488.2	90.789	76	7	0	4502	4577	76	1	3.67e-18	102
NC_001564	SRA:ERX1788134.16285110.2	97.778	45	1	0	4953	4997	45	1	6.19e-11	78.7
NC_001564	SRA:ERX1788134.7851555.1	97.674	43	1	0	4953	4995	34	76	8.00e-10	75.0
NC_001564	SRA:ERX1788134.13300580.2	84.000	75	12	0	6170	6244	75	1	2.88e-09	73.1
NC_001564	SRA:ERX1788134.7100124.2	100.000	30	0	0	4953	4982	30	1	2.90e-04	56.5
CFAV-Cairns_Australia_2014	SRA:ERX1788134.32725335.2	100.000	76	0	0	2286	2361	76	1	7.78e-30	141
CFAV-Cairns_Australia_2014	SRA:ERX1788134.32725335.1	100.000	76	0	0	2270	2345	1	76	7.78e-30	141
CFAV-Cairns_Australia_2014	SRA:ERX1788134.32454940.2	100.000	76	0	0	3625	3700	76	1	7.78e-30	141
CFAV-Cairns_Australia_2014	SRA:ERX1788134.31348715.1	100.000	76	0	0	2811	2886	1	76	7.78e-30	141
CFAV-Cairns_Australia_2014	SRA:ERX1788134.30439410.1	100.000	76	0	0	4168	4243	1	76	7.78e-30	141
CFAV-Cairns_Australia_2014	SRA:ERX1788134.30319803.1	100.000	76	0	0	3085	3160	1	76	7.78e-30	141
CFAV-Cairns_Australia_2014	SRA:ERX1788134.29264683.1	100.000	76	0	0	5475	5550	1	76	7.78e-30	141
CFAV-Cairns_Australia_2014	SRA:ERX1788134.28669945.2	100.000	76	0	0	1004	1079	76	1	7.78e-30	141
CFAV-Cairns_Australia_2014	SRA:ERX1788134.24481317.1	100.000	76	0	0	2812	2887	1	76	7.78e-30	141
CFAV-Cairns_Australia_2014	SRA:ERX1788134.22954920.2	100.000	76	0	0	2344	2419	76	1	7.78e-30	141
CFAV-Cairns_Australia_2014	SRA:ERX1788134.18205403.2	100.000	76	0	0	5229	5304	76	1	7.78e-30	141
CFAV-Cairns_Australia_2014	SRA:ERX1788134.14065677.1	100.000	76	0	0	4168	4243	1	76	7.78e-30	141
CFAV-Cairns_Australia_2014	SRA:ERX1788134.12564959.1	100.000	76	0	0	5754	5829	1	76	7.78e-30	141
CFAV-Cairns_Australia_2014	SRA:ERX1788134.11751647.1	100.000	76	0	0	2812	2887	1	76	7.78e-30	141
CFAV-Cairns_Australia_2014	SRA:ERX1788134.6983999.1	100.000	76	0	0	5726	5801	1	76	7.78e-30	141
CFAV-Cairns_Australia_2014	SRA:ERX1788134.30383038.1	100.000	75	0	0	6298	6372	2	76	2.80e-29	139
CFAV-Cairns_Australia_2014	SRA:ERX1788134.29264683.2	100.000	75	0	0	5523	5597	75	1	2.80e-29	139
CFAV-Cairns_Australia_2014	SRA:ERX1788134.14065677.2	100.000	75	0	0	4219	4293	75	1	2.80e-29	139
CFAV-Cairns_Australia_2014	SRA:ERX1788134.31881268.2	98.684	76	1	0	6250	6325	76	1	3.62e-28	135
CFAV-Cairns_Australia_2014	SRA:ERX1788134.31348715.2	98.684	76	1	0	2947	3022	76	1	3.62e-28	135
CFAV-Cairns_Australia_2014	SRA:ERX1788134.30383038.2	98.684	76	1	0	6320	6395	76	1	3.62e-28	135
CFAV-Cairns_Australia_2014	SRA:ERX1788134.28669945.1	98.684	76	1	0	950	1025	1	76	3.62e-28	135
CFAV-Cairns_Australia_2014	SRA:ERX1788134.28610126.2	98.684	76	1	0	6304	6379	76	1	3.62e-28	135
CFAV-Cairns_Australia_2014	SRA:ERX1788134.28610126.1	98.684	76	1	0	6144	6219	1	76	3.62e-28	135
CFAV-Cairns_Australia_2014	SRA:ERX1788134.27691243.1	98.684	76	1	0	3889	3964	1	76	3.62e-28	135
CFAV-Cairns_Australia_2014	SRA:ERX1788134.25339022.1	98.684	76	1	0	3954	4029	1	76	3.62e-28	135
CFAV-Cairns_Australia_2014	SRA:ERX1788134.25273845.1	98.684	76	1	0	4981	5056	1	76	3.62e-28	135
CFAV-Cairns_Australia_2014	SRA:ERX1788134.24596084.1	98.684	76	1	0	4975	5050	1	76	3.62e-28	135
CFAV-Cairns_Australia_2014	SRA:ERX1788134.24098334.2	98.684	76	1	0	6250	6325	76	1	3.62e-28	135
CFAV-Cairns_Australia_2014	SRA:ERX1788134.22954920.1	98.684	76	1	0	2253	2328	1	76	3.62e-28	135
CFAV-Cairns_Australia_2014	SRA:ERX1788134.18346800.2	98.684	76	1	0	824	899	76	1	3.62e-28	135
CFAV-Cairns_Australia_2014	SRA:ERX1788134.18205403.1	98.684	76	1	0	5097	5172	1	76	3.62e-28	135
CFAV-Cairns_Australia_2014	SRA:ERX1788134.17880407.1	98.684	76	1	0	5648	5723	1	76	3.62e-28	135
CFAV-Cairns_Australia_2014	SRA:ERX1788134.16639544.2	98.684	76	1	0	2470	2545	76	1	3.62e-28	135
CFAV-Cairns_Australia_2014	SRA:ERX1788134.13746679.2	98.684	76	1	0	6213	6288	76	1	3.62e-28	135
CFAV-Cairns_Australia_2014	SRA:ERX1788134.13540672.2	98.684	76	1	0	4984	5059	76	1	3.62e-28	135
CFAV-Cairns_Australia_2014	SRA:ERX1788134.7262637.2	98.684	76	1	0	5005	5080	76	1	3.62e-28	135
CFAV-Cairns_Australia_2014	SRA:ERX1788134.5794620.2	98.684	76	1	0	5005	5080	76	1	3.62e-28	135
CFAV-Cairns_Australia_2014	SRA:ERX1788134.5338623.1	98.684	76	1	0	5004	5079	1	76	3.62e-28	135
CFAV-Cairns_Australia_2014	SRA:ERX1788134.5080190.1	98.684	76	1	0	5085	5160	1	76	3.62e-28	135
CFAV-Cairns_Australia_2014	SRA:ERX1788134.31881268.1	98.667	75	1	0	6196	6270	1	75	1.30e-27	134
CFAV-Cairns_Australia_2014	SRA:ERX1788134.29920167.2	98.667	75	1	0	5238	5312	75	1	1.30e-27	134
CFAV-Cairns_Australia_2014	SRA:ERX1788134.29920167.1	98.667	75	1	0	5096	5170	1	75	1.30e-27	134
CFAV-Cairns_Australia_2014	SRA:ERX1788134.28427296.1	98.667	75	1	0	5092	5166	1	75	1.30e-27	134
CFAV-Cairns_Australia_2014	SRA:ERX1788134.27861104.1	98.667	75	1	0	5862	5936	1	75	1.30e-27	134
CFAV-Cairns_Australia_2014	SRA:ERX1788134.24098334.1	98.667	75	1	0	6196	6270	1	75	1.30e-27	134
CFAV-Cairns_Australia_2014	SRA:ERX1788134.20740308.2	100.000	72	0	0	6210	6281	72	1	1.30e-27	134
CFAV-Cairns_Australia_2014	SRA:ERX1788134.18346800.1	98.667	75	1	0	739	813	1	75	1.30e-27	134
CFAV-Cairns_Australia_2014	SRA:ERX1788134.13741138.1	98.667	75	1	0	2783	2857	1	75	1.30e-27	134
CFAV-Cairns_Australia_2014	SRA:ERX1788134.11908142.2	98.667	75	1	0	6118	6192	75	1	1.30e-27	134
CFAV-Cairns_Australia_2014	SRA:ERX1788134.4548390.2	98.667	75	1	0	5244	5318	75	1	1.30e-27	134
CFAV-Cairns_Australia_2014	SRA:ERX1788134.20594144.2	98.649	74	1	0	3462	3535	74	1	4.68e-27	132
CFAV-Cairns_Australia_2014	SRA:ERX1788134.10294108.2	98.649	74	1	0	6289	6362	74	1	4.68e-27	132
CFAV-Cairns_Australia_2014	SRA:ERX1788134.316666.2	100.000	71	0	0	1023	1093	75	5	4.68e-27	132
CFAV-Cairns_Australia_2014	SRA:ERX1788134.31564500.1	97.368	76	2	0	4340	4415	1	76	1.68e-26	130
CFAV-Cairns_Australia_2014	SRA:ERX1788134.27861104.2	97.368	76	2	0	5978	6053	76	1	1.68e-26	130
CFAV-Cairns_Australia_2014	SRA:ERX1788134.25341269.1	97.368	76	2	0	2538	2613	1	76	1.68e-26	130
CFAV-Cairns_Australia_2014	SRA:ERX1788134.24596084.2	97.368	76	2	0	5067	5142	76	1	1.68e-26	130
CFAV-Cairns_Australia_2014	SRA:ERX1788134.20740308.1	97.368	76	2	0	6136	6211	1	76	1.68e-26	130
CFAV-Cairns_Australia_2014	SRA:ERX1788134.16639544.1	97.368	76	2	0	2423	2498	1	76	1.68e-26	130
CFAV-Cairns_Australia_2014	SRA:ERX1788134.14790488.1	97.368	76	2	0	4425	4500	1	76	1.68e-26	130
CFAV-Cairns_Australia_2014	SRA:ERX1788134.14156159.1	97.368	76	2	0	4340	4415	1	76	1.68e-26	130
CFAV-Cairns_Australia_2014	SRA:ERX1788134.13745265.1	97.368	76	2	0	4059	4134	1	76	1.68e-26	130
CFAV-Cairns_Australia_2014	SRA:ERX1788134.13741138.2	97.368	76	2	0	3043	3118	76	1	1.68e-26	130
CFAV-Cairns_Australia_2014	SRA:ERX1788134.7851555.2	97.368	76	2	0	4984	5059	76	1	1.68e-26	130
CFAV-Cairns_Australia_2014	SRA:ERX1788134.5338623.2	97.368	76	2	0	5116	5191	76	1	1.68e-26	130
CFAV-Cairns_Australia_2014	SRA:ERX1788134.5080190.2	97.368	76	2	0	5317	5392	76	1	1.68e-26	130
CFAV-Cairns_Australia_2014	SRA:ERX1788134.982894.2	97.368	76	2	0	960	1035	76	1	1.68e-26	130
CFAV-Cairns_Australia_2014	SRA:ERX1788134.982894.1	98.630	73	1	0	6378	6450	1	73	1.68e-26	130
CFAV-Cairns_Australia_2014	SRA:ERX1788134.316666.1	97.368	76	2	0	938	1013	1	76	1.68e-26	130
CFAV-Cairns_Australia_2014	SRA:ERX1788134.32454940.1	97.333	75	2	0	3540	3614	1	75	6.06e-26	128
CFAV-Cairns_Australia_2014	SRA:ERX1788134.31554968.1	97.333	75	2	0	5267	5341	1	75	6.06e-26	128
CFAV-Cairns_Australia_2014	SRA:ERX1788134.28471618.2	97.333	75	2	0	5271	5345	75	1	6.06e-26	128
CFAV-Cairns_Australia_2014	SRA:ERX1788134.25273845.2	98.611	72	1	0	5105	5176	72	1	6.06e-26	128
CFAV-Cairns_Australia_2014	SRA:ERX1788134.24481317.2	97.333	75	2	0	2889	2963	75	1	6.06e-26	128
CFAV-Cairns_Australia_2014	SRA:ERX1788134.21947839.1	97.333	75	2	0	2167	2241	1	75	6.06e-26	128
CFAV-Cairns_Australia_2014	SRA:ERX1788134.17541547.2	97.333	75	2	0	3617	3691	75	1	6.06e-26	128
CFAV-Cairns_Australia_2014	SRA:ERX1788134.13746679.1	97.333	75	2	0	6033	6107	1	75	6.06e-26	128
CFAV-Cairns_Australia_2014	SRA:ERX1788134.12486268.1	97.333	75	2	0	6438	6512	1	75	6.06e-26	128
CFAV-Cairns_Australia_2014	SRA:ERX1788134.11751647.2	97.333	75	2	0	2889	2963	75	1	6.06e-26	128
CFAV-Cairns_Australia_2014	SRA:ERX1788134.10294108.1	97.333	75	2	0	6214	6288	1	75	6.06e-26	128
CFAV-Cairns_Australia_2014	SRA:ERX1788134.5383088.1	98.611	72	1	0	2391	2462	1	72	6.06e-26	128
CFAV-Cairns_Australia_2014	SRA:ERX1788134.30312920.1	97.297	74	2	0	4399	4472	3	76	2.18e-25	126
CFAV-Cairns_Australia_2014	SRA:ERX1788134.27691243.2	97.297	74	2	0	3936	4009	74	1	2.18e-25	126
CFAV-Cairns_Australia_2014	SRA:ERX1788134.5383088.2	97.297	74	2	0	2638	2711	76	3	2.18e-25	126
CFAV-Cairns_Australia_2014	SRA:ERX1788134.3323750.2	97.297	74	2	0	5047	5120	76	3	2.18e-25	126
CFAV-Cairns_Australia_2014	SRA:ERX1788134.30439410.2	96.053	76	3	0	4289	4364	76	1	7.84e-25	124
CFAV-Cairns_Australia_2014	SRA:ERX1788134.25154739.2	96.053	76	3	0	4289	4364	76	1	7.84e-25	124
CFAV-Cairns_Australia_2014	SRA:ERX1788134.17880407.2	97.260	73	2	0	5688	5760	73	1	7.84e-25	124
CFAV-Cairns_Australia_2014	SRA:ERX1788134.17541547.1	96.053	76	3	0	3453	3528	1	76	7.84e-25	124
CFAV-Cairns_Australia_2014	SRA:ERX1788134.15637965.1	96.053	76	3	0	5028	5103	1	76	7.84e-25	124
CFAV-Cairns_Australia_2014	SRA:ERX1788134.14769408.2	96.053	76	3	0	6466	6541	76	1	7.84e-25	124
CFAV-Cairns_Australia_2014	SRA:ERX1788134.13745265.2	96.053	76	3	0	4290	4365	76	1	7.84e-25	124
CFAV-Cairns_Australia_2014	SRA:ERX1788134.12564959.2	96.053	76	3	0	5935	6010	76	1	7.84e-25	124
CFAV-Cairns_Australia_2014	SRA:ERX1788134.6983999.2	96.053	76	3	0	5899	5974	76	1	7.84e-25	124
CFAV-Cairns_Australia_2014	SRA:ERX1788134.31554968.2	96.000	75	3	0	5290	5364	75	1	2.82e-24	122
CFAV-Cairns_Australia_2014	SRA:ERX1788134.25643903.2	96.000	75	3	0	5299	5373	75	1	2.82e-24	122
CFAV-Cairns_Australia_2014	SRA:ERX1788134.25339022.2	96.000	75	3	0	4080	4154	76	2	2.82e-24	122
CFAV-Cairns_Australia_2014	SRA:ERX1788134.14769408.1	96.000	75	3	0	6418	6492	1	75	2.82e-24	122
CFAV-Cairns_Australia_2014	SRA:ERX1788134.20594144.1	95.946	74	3	0	3338	3411	1	74	1.01e-23	121
CFAV-Cairns_Australia_2014	SRA:ERX1788134.19785495.2	95.946	74	3	0	5942	6015	76	3	1.01e-23	121
CFAV-Cairns_Australia_2014	SRA:ERX1788134.11908142.1	95.946	74	3	0	6006	6079	1	74	1.01e-23	121
CFAV-Cairns_Australia_2014	SRA:ERX1788134.28471618.1	94.737	76	4	0	5133	5208	1	76	3.65e-23	119
CFAV-Cairns_Australia_2014	SRA:ERX1788134.28427296.2	94.737	76	4	0	5166	5241	76	1	3.65e-23	119
CFAV-Cairns_Australia_2014	SRA:ERX1788134.25643903.1	94.737	76	4	0	5179	5254	1	76	3.65e-23	119
CFAV-Cairns_Australia_2014	SRA:ERX1788134.19785495.1	95.890	73	3	0	5907	5979	1	73	3.65e-23	119
CFAV-Cairns_Australia_2014	SRA:ERX1788134.4548390.1	94.737	76	4	0	5140	5215	1	76	3.65e-23	119
CFAV-Cairns_Australia_2014	SRA:ERX1788134.3034383.2	95.890	73	3	0	5688	5760	73	1	3.65e-23	119
CFAV-Cairns_Australia_2014	SRA:ERX1788134.25341269.2	94.667	75	4	0	2656	2730	75	1	1.31e-22	117
CFAV-Cairns_Australia_2014	SRA:ERX1788134.21947839.2	94.667	75	4	0	2203	2277	75	1	1.31e-22	117
CFAV-Cairns_Australia_2014	SRA:ERX1788134.12486268.2	94.667	75	4	0	6481	6555	75	1	1.31e-22	117
CFAV-Cairns_Australia_2014	SRA:ERX1788134.3317555.1	94.667	75	4	0	5905	5979	1	75	1.31e-22	117
CFAV-Cairns_Australia_2014	SRA:ERX1788134.25154739.1	94.595	74	4	0	4108	4181	1	74	4.72e-22	115
CFAV-Cairns_Australia_2014	SRA:ERX1788134.4463953.2	98.462	65	1	0	4952	5016	65	1	4.72e-22	115
CFAV-Cairns_Australia_2014	SRA:ERX1788134.23886979.1	93.333	75	5	0	4339	4413	1	75	6.10e-21	111
CFAV-Cairns_Australia_2014	SRA:ERX1788134.3034383.1	90.789	76	7	0	5599	5674	1	76	3.67e-18	102
CFAV-Cairns_Australia_2014	SRA:ERX1788134.14790488.2	90.541	74	7	0	4501	4574	76	3	4.75e-17	99.0
CFAV-Cairns_Australia_2014	SRA:ERX1788134.16285110.2	97.778	45	1	0	4952	4996	45	1	6.19e-11	78.7
CFAV-Cairns_Australia_2014	SRA:ERX1788134.13300580.2	85.333	75	11	0	6169	6243	75	1	6.19e-11	78.7
CFAV-Cairns_Australia_2014	SRA:ERX1788134.7851555.1	97.674	43	1	0	4952	4994	34	76	8.01e-10	75.0
CFAV-Macapa2_Brazil_2017	SRA:ERX1788134.31348715.1	100.000	76	0	0	2812	2887	1	76	7.78e-30	141
CFAV-Macapa2_Brazil_2017	SRA:ERX1788134.29264683.1	100.000	76	0	0	5476	5551	1	76	7.78e-30	141
CFAV-Macapa2_Brazil_2017	SRA:ERX1788134.28669945.2	100.000	76	0	0	1005	1080	76	1	7.78e-30	141
CFAV-Macapa2_Brazil_2017	SRA:ERX1788134.24481317.1	100.000	76	0	0	2813	2888	1	76	7.78e-30	141
CFAV-Macapa2_Brazil_2017	SRA:ERX1788134.11751647.1	100.000	76	0	0	2813	2888	1	76	7.78e-30	141
CFAV-Macapa2_Brazil_2017	SRA:ERX1788134.29920167.2	100.000	75	0	0	5239	5313	75	1	2.80e-29	139
CFAV-Macapa2_Brazil_2017	SRA:ERX1788134.18205403.2	100.000	75	0	0	5231	5305	75	1	2.80e-29	139
CFAV-Macapa2_Brazil_2017	SRA:ERX1788134.4548390.2	100.000	75	0	0	5245	5319	75	1	2.80e-29	139
CFAV-Macapa2_Brazil_2017	SRA:ERX1788134.30383038.2	98.684	76	1	0	6321	6396	76	1	3.62e-28	135
CFAV-Macapa2_Brazil_2017	SRA:ERX1788134.28669945.1	98.684	76	1	0	951	1026	1	76	3.62e-28	135
CFAV-Macapa2_Brazil_2017	SRA:ERX1788134.27691243.1	98.684	76	1	0	3890	3965	1	76	3.62e-28	135
CFAV-Macapa2_Brazil_2017	SRA:ERX1788134.25273845.1	98.684	76	1	0	4982	5057	1	76	3.62e-28	135
CFAV-Macapa2_Brazil_2017	SRA:ERX1788134.22954920.2	98.684	76	1	0	2345	2420	76	1	3.62e-28	135
CFAV-Macapa2_Brazil_2017	SRA:ERX1788134.17880407.1	98.684	76	1	0	5649	5724	1	76	3.62e-28	135
CFAV-Macapa2_Brazil_2017	SRA:ERX1788134.13745265.1	98.684	76	1	0	4060	4135	1	76	3.62e-28	135
CFAV-Macapa2_Brazil_2017	SRA:ERX1788134.13540672.2	98.684	76	1	0	4985	5060	76	1	3.62e-28	135
CFAV-Macapa2_Brazil_2017	SRA:ERX1788134.12564959.1	98.684	76	1	0	5755	5830	1	76	3.62e-28	135
CFAV-Macapa2_Brazil_2017	SRA:ERX1788134.7262637.2	98.684	76	1	0	5006	5081	76	1	3.62e-28	135
CFAV-Macapa2_Brazil_2017	SRA:ERX1788134.5794620.2	98.684	76	1	0	5006	5081	76	1	3.62e-28	135
CFAV-Macapa2_Brazil_2017	SRA:ERX1788134.5338623.1	98.684	76	1	0	5005	5080	1	76	3.62e-28	135
CFAV-Macapa2_Brazil_2017	SRA:ERX1788134.982894.1	100.000	73	0	0	6379	6451	1	73	3.62e-28	135
CFAV-Macapa2_Brazil_2017	SRA:ERX1788134.32454940.1	98.667	75	1	0	3541	3615	1	75	1.30e-27	134
CFAV-Macapa2_Brazil_2017	SRA:ERX1788134.31554968.1	98.667	75	1	0	5268	5342	1	75	1.30e-27	134
CFAV-Macapa2_Brazil_2017	SRA:ERX1788134.30383038.1	98.667	75	1	0	6299	6373	2	76	1.30e-27	134
CFAV-Macapa2_Brazil_2017	SRA:ERX1788134.29264683.2	98.667	75	1	0	5524	5598	75	1	1.30e-27	134
CFAV-Macapa2_Brazil_2017	SRA:ERX1788134.25341269.1	98.667	75	1	0	2539	2613	1	75	1.30e-27	134
CFAV-Macapa2_Brazil_2017	SRA:ERX1788134.24481317.2	98.667	75	1	0	2890	2964	75	1	1.30e-27	134
CFAV-Macapa2_Brazil_2017	SRA:ERX1788134.18346800.1	98.667	75	1	0	740	814	1	75	1.30e-27	134
CFAV-Macapa2_Brazil_2017	SRA:ERX1788134.11751647.2	98.667	75	1	0	2890	2964	75	1	1.30e-27	134
CFAV-Macapa2_Brazil_2017	SRA:ERX1788134.316666.2	100.000	71	0	0	1024	1094	75	5	4.68e-27	132
CFAV-Macapa2_Brazil_2017	SRA:ERX1788134.32725335.2	97.368	76	2	0	2287	2362	76	1	1.68e-26	130
CFAV-Macapa2_Brazil_2017	SRA:ERX1788134.32725335.1	97.368	76	2	0	2271	2346	1	76	1.68e-26	130
CFAV-Macapa2_Brazil_2017	SRA:ERX1788134.31564500.2	97.368	76	2	0	4575	4650	76	1	1.68e-26	130
CFAV-Macapa2_Brazil_2017	SRA:ERX1788134.28610126.2	97.368	76	2	0	6305	6380	76	1	1.68e-26	130
CFAV-Macapa2_Brazil_2017	SRA:ERX1788134.25339022.1	97.368	76	2	0	3955	4030	1	76	1.68e-26	130
CFAV-Macapa2_Brazil_2017	SRA:ERX1788134.24596084.1	97.368	76	2	0	4976	5051	1	76	1.68e-26	130
CFAV-Macapa2_Brazil_2017	SRA:ERX1788134.15637965.1	97.368	76	2	0	5029	5104	1	76	1.68e-26	130
CFAV-Macapa2_Brazil_2017	SRA:ERX1788134.14769408.2	97.368	76	2	0	6467	6542	76	1	1.68e-26	130
CFAV-Macapa2_Brazil_2017	SRA:ERX1788134.7851555.2	97.368	76	2	0	4985	5060	76	1	1.68e-26	130
CFAV-Macapa2_Brazil_2017	SRA:ERX1788134.6983999.2	97.368	76	2	0	5900	5975	76	1	1.68e-26	130
CFAV-Macapa2_Brazil_2017	SRA:ERX1788134.6983999.1	97.368	76	2	0	5727	5802	1	76	1.68e-26	130
CFAV-Macapa2_Brazil_2017	SRA:ERX1788134.5383088.2	97.368	76	2	0	2639	2714	76	1	1.68e-26	130
CFAV-Macapa2_Brazil_2017	SRA:ERX1788134.982894.2	97.368	76	2	0	961	1036	76	1	1.68e-26	130
CFAV-Macapa2_Brazil_2017	SRA:ERX1788134.316666.1	97.368	76	2	0	939	1014	1	76	1.68e-26	130
CFAV-Macapa2_Brazil_2017	SRA:ERX1788134.28610126.1	97.333	75	2	0	6145	6219	1	75	6.06e-26	128
CFAV-Macapa2_Brazil_2017	SRA:ERX1788134.28471618.2	97.333	75	2	0	5272	5346	75	1	6.06e-26	128
CFAV-Macapa2_Brazil_2017	SRA:ERX1788134.27861104.1	97.333	75	2	0	5863	5937	1	75	6.06e-26	128
CFAV-Macapa2_Brazil_2017	SRA:ERX1788134.25339022.2	97.333	75	2	0	4081	4155	76	2	6.06e-26	128
CFAV-Macapa2_Brazil_2017	SRA:ERX1788134.12486268.2	98.611	72	1	0	6485	6556	72	1	6.06e-26	128
CFAV-Macapa2_Brazil_2017	SRA:ERX1788134.12486268.1	97.333	75	2	0	6439	6513	1	75	6.06e-26	128
CFAV-Macapa2_Brazil_2017	SRA:ERX1788134.20594144.1	97.297	74	2	0	3339	3412	1	74	2.18e-25	126
CFAV-Macapa2_Brazil_2017	SRA:ERX1788134.13741138.1	98.592	71	1	0	2788	2858	5	75	2.18e-25	126
CFAV-Macapa2_Brazil_2017	SRA:ERX1788134.10294108.2	97.297	74	2	0	6290	6363	74	1	2.18e-25	126
CFAV-Macapa2_Brazil_2017	SRA:ERX1788134.31881268.2	96.053	76	3	0	6251	6326	76	1	7.84e-25	124
CFAV-Macapa2_Brazil_2017	SRA:ERX1788134.30319803.1	96.053	76	3	0	3086	3161	1	76	7.84e-25	124
CFAV-Macapa2_Brazil_2017	SRA:ERX1788134.27691243.2	96.053	76	3	0	3935	4010	76	1	7.84e-25	124
CFAV-Macapa2_Brazil_2017	SRA:ERX1788134.25341269.2	97.260	73	2	0	2657	2729	75	3	7.84e-25	124
CFAV-Macapa2_Brazil_2017	SRA:ERX1788134.25273845.2	98.571	70	1	0	5108	5177	70	1	7.84e-25	124
CFAV-Macapa2_Brazil_2017	SRA:ERX1788134.24596084.2	96.053	76	3	0	5068	5143	76	1	7.84e-25	124
CFAV-Macapa2_Brazil_2017	SRA:ERX1788134.24098334.2	96.053	76	3	0	6251	6326	76	1	7.84e-25	124
CFAV-Macapa2_Brazil_2017	SRA:ERX1788134.22954920.1	96.053	76	3	0	2254	2329	1	76	7.84e-25	124
CFAV-Macapa2_Brazil_2017	SRA:ERX1788134.20740308.1	96.053	76	3	0	6137	6212	1	76	7.84e-25	124
CFAV-Macapa2_Brazil_2017	SRA:ERX1788134.18346800.2	96.053	76	3	0	825	900	76	1	7.84e-25	124
CFAV-Macapa2_Brazil_2017	SRA:ERX1788134.18205403.1	96.053	76	3	0	5098	5173	1	76	7.84e-25	124
CFAV-Macapa2_Brazil_2017	SRA:ERX1788134.17880407.2	97.260	73	2	0	5689	5761	73	1	7.84e-25	124
CFAV-Macapa2_Brazil_2017	SRA:ERX1788134.16639544.2	96.053	76	3	0	2471	2546	76	1	7.84e-25	124
CFAV-Macapa2_Brazil_2017	SRA:ERX1788134.7851535.2	96.053	76	3	0	4985	5060	76	1	7.84e-25	124
CFAV-Macapa2_Brazil_2017	SRA:ERX1788134.5338623.2	96.053	76	3	0	5117	5192	76	1	7.84e-25	124
CFAV-Macapa2_Brazil_2017	SRA:ERX1788134.5080190.2	97.260	73	2	0	5321	5393	73	1	7.84e-25	124
CFAV-Macapa2_Brazil_2017	SRA:ERX1788134.5080190.1	96.053	76	3	0	5086	5161	1	76	7.84e-25	124
CFAV-Macapa2_Brazil_2017	SRA:ERX1788134.4548390.1	96.053	76	3	0	5141	5216	1	76	7.84e-25	124
CFAV-Macapa2_Brazil_2017	SRA:ERX1788134.3323750.2	96.053	76	3	0	5048	5123	76	1	7.84e-25	124
CFAV-Macapa2_Brazil_2017	SRA:ERX1788134.31564500.1	97.222	72	2	0	4341	4412	1	72	2.82e-24	122
CFAV-Macapa2_Brazil_2017	SRA:ERX1788134.31554968.2	96.000	75	3	0	5291	5365	75	1	2.82e-24	122
CFAV-Macapa2_Brazil_2017	SRA:ERX1788134.30439410.1	96.000	75	3	0	4169	4243	1	75	2.82e-24	122
CFAV-Macapa2_Brazil_2017	SRA:ERX1788134.29920167.1	96.000	75	3	0	5097	5171	1	75	2.82e-24	122
CFAV-Macapa2_Brazil_2017	SRA:ERX1788134.28427296.1	96.000	75	3	0	5093	5167	1	75	2.82e-24	122
CFAV-Macapa2_Brazil_2017	SRA:ERX1788134.19785495.1	97.222	72	2	0	5908	5979	1	72	2.82e-24	122
CFAV-Macapa2_Brazil_2017	SRA:ERX1788134.14156159.1	97.222	72	2	0	4341	4412	1	72	2.82e-24	122
CFAV-Macapa2_Brazil_2017	SRA:ERX1788134.14065677.1	96.000	75	3	0	4169	4243	1	75	2.82e-24	122
CFAV-Macapa2_Brazil_2017	SRA:ERX1788134.13745265.2	96.000	75	3	0	4292	4366	75	1	2.82e-24	122
CFAV-Macapa2_Brazil_2017	SRA:ERX1788134.11908142.2	97.222	72	2	0	6122	6193	72	1	2.82e-24	122
CFAV-Macapa2_Brazil_2017	SRA:ERX1788134.5383088.1	97.222	72	2	0	2392	2463	1	72	2.82e-24	122
CFAV-Macapa2_Brazil_2017	SRA:ERX1788134.30439410.2	95.946	74	3	0	4292	4365	74	1	1.01e-23	121
CFAV-Macapa2_Brazil_2017	SRA:ERX1788134.27861104.2	95.946	74	3	0	5981	6054	74	1	1.01e-23	121
CFAV-Macapa2_Brazil_2017	SRA:ERX1788134.25154739.2	95.946	74	3	0	4292	4365	74	1	1.01e-23	121
CFAV-Macapa2_Brazil_2017	SRA:ERX1788134.25154739.1	95.946	74	3	0	4109	4182	1	74	1.01e-23	121
CFAV-Macapa2_Brazil_2017	SRA:ERX1788134.28471618.1	94.737	76	4	0	5134	5209	1	76	3.65e-23	119
CFAV-Macapa2_Brazil_2017	SRA:ERX1788134.3034383.2	95.890	73	3	0	5689	5761	73	1	3.65e-23	119
CFAV-Macapa2_Brazil_2017	SRA:ERX1788134.21947839.1	94.667	75	4	0	2168	2242	1	75	1.31e-22	117
CFAV-Macapa2_Brazil_2017	SRA:ERX1788134.14769408.1	94.667	75	4	0	6419	6493	1	75	1.31e-22	117
CFAV-Macapa2_Brazil_2017	SRA:ERX1788134.20594144.2	94.595	74	4	0	3463	3536	74	1	4.72e-22	115
CFAV-Macapa2_Brazil_2017	SRA:ERX1788134.11908142.1	95.775	71	3	0	6008	6078	2	72	4.72e-22	115
CFAV-Macapa2_Brazil_2017	SRA:ERX1788134.17541547.1	93.421	76	5	0	3454	3529	1	76	1.70e-21	113
CFAV-Macapa2_Brazil_2017	SRA:ERX1788134.20740308.2	94.444	72	4	0	6211	6282	72	1	6.10e-21	111
CFAV-Macapa2_Brazil_2017	SRA:ERX1788134.23886979.1	94.286	70	4	0	4340	4409	1	70	7.89e-20	108
CFAV-Macapa2_Brazil_2017	SRA:ERX1788134.21947839.2	90.667	75	7	0	2204	2278	75	1	1.32e-17	100
CFAV-Macapa2_Brazil_2017	SRA:ERX1788134.4463953.2	93.846	65	4	0	4953	5017	65	1	4.75e-17	99.0
CFAV-Macapa2_Brazil_2017	SRA:ERX1788134.3034383.1	88.000	75	9	0	5601	5675	2	76	2.86e-14	89.8
CFAV-KC_Cambodia_2015	SRA:ERX1788134.31348715.1	100.000	76	0	0	2823	2898	1	76	7.79e-30	141
CFAV-KC_Cambodia_2015	SRA:ERX1788134.24481317.1	100.000	76	0	0	2824	2899	1	76	7.79e-30	141
CFAV-KC_Cambodia_2015	SRA:ERX1788134.11751647.1	100.000	76	0	0	2824	2899	1	76	7.79e-30	141
CFAV-KC_Cambodia_2015	SRA:ERX1788134.13741138.1	100.000	75	0	0	2795	2869	1	75	2.80e-29	139
CFAV-KC_Cambodia_2015	SRA:ERX1788134.31564500.1	98.684	76	1	0	4352	4427	1	76	3.62e-28	135
CFAV-KC_Cambodia_2015	SRA:ERX1788134.30383038.2	98.684	76	1	0	6332	6407	76	1	3.62e-28	135
CFAV-KC_Cambodia_2015	SRA:ERX1788134.28669945.2	98.684	76	1	0	1016	1091	76	1	3.62e-28	135
CFAV-KC_Cambodia_2015	SRA:ERX1788134.14156159.1	98.684	76	1	0	4352	4427	1	76	3.62e-28	135
CFAV-KC_Cambodia_2015	SRA:ERX1788134.13745265.1	98.684	76	1	0	4071	4146	1	76	3.62e-28	135
CFAV-KC_Cambodia_2015	SRA:ERX1788134.12564959.1	98.684	76	1	0	5766	5841	1	76	3.62e-28	135
CFAV-KC_Cambodia_2015	SRA:ERX1788134.6983999.2	98.684	76	1	0	5911	5986	76	1	3.62e-28	135
CFAV-KC_Cambodia_2015	SRA:ERX1788134.31881268.1	98.667	75	1	0	6208	6282	1	75	1.30e-27	134
CFAV-KC_Cambodia_2015	SRA:ERX1788134.28471618.2	98.667	75	1	0	5283	5357	75	1	1.30e-27	134
CFAV-KC_Cambodia_2015	SRA:ERX1788134.25339022.2	98.667	75	1	0	4092	4166	76	2	1.30e-27	134
CFAV-KC_Cambodia_2015	SRA:ERX1788134.24098334.1	98.667	75	1	0	6208	6282	1	75	1.30e-27	134
CFAV-KC_Cambodia_2015	SRA:ERX1788134.4548390.2	98.649	74	1	0	5257	5330	74	1	4.69e-27	132
CFAV-KC_Cambodia_2015	SRA:ERX1788134.316666.2	100.000	71	0	0	1035	1105	75	5	4.69e-27	132
CFAV-KC_Cambodia_2015	SRA:ERX1788134.32725335.2	97.368	76	2	0	2298	2373	76	1	1.69e-26	130
CFAV-KC_Cambodia_2015	SRA:ERX1788134.32725335.1	97.368	76	2	0	2282	2357	1	76	1.69e-26	130
CFAV-KC_Cambodia_2015	SRA:ERX1788134.31554968.1	98.630	73	1	0	5281	5353	3	75	1.69e-26	130
CFAV-KC_Cambodia_2015	SRA:ERX1788134.30319803.1	97.368	76	2	0	3097	3172	1	76	1.69e-26	130
CFAV-KC_Cambodia_2015	SRA:ERX1788134.29264683.1	97.368	76	2	0	5487	5562	1	76	1.69e-26	130
CFAV-KC_Cambodia_2015	SRA:ERX1788134.28669945.1	97.368	76	2	0	962	1037	1	76	1.69e-26	130
CFAV-KC_Cambodia_2015	SRA:ERX1788134.28427296.2	97.368	76	2	0	5178	5253	76	1	1.69e-26	130
CFAV-KC_Cambodia_2015	SRA:ERX1788134.25643903.1	97.368	76	2	0	5191	5266	1	76	1.69e-26	130
CFAV-KC_Cambodia_2015	SRA:ERX1788134.25339022.1	97.368	76	2	0	3966	4041	1	76	1.69e-26	130
CFAV-KC_Cambodia_2015	SRA:ERX1788134.22954920.1	97.368	76	2	0	2265	2340	1	76	1.69e-26	130
CFAV-KC_Cambodia_2015	SRA:ERX1788134.19785495.1	98.630	73	1	0	5919	5991	1	73	1.69e-26	130
CFAV-KC_Cambodia_2015	SRA:ERX1788134.18346800.2	97.368	76	2	0	836	911	76	1	1.69e-26	130
CFAV-KC_Cambodia_2015	SRA:ERX1788134.18205403.2	97.368	76	2	0	5241	5316	76	1	1.69e-26	130
CFAV-KC_Cambodia_2015	SRA:ERX1788134.13746679.2	97.368	76	2	0	6225	6300	76	1	1.69e-26	130
CFAV-KC_Cambodia_2015	SRA:ERX1788134.7262637.2	97.368	76	2	0	5017	5092	76	1	1.69e-26	130
CFAV-KC_Cambodia_2015	SRA:ERX1788134.6983999.1	97.368	76	2	0	5738	5813	1	76	1.69e-26	130
CFAV-KC_Cambodia_2015	SRA:ERX1788134.5794620.2	97.368	76	2	0	5017	5092	76	1	1.69e-26	130
CFAV-KC_Cambodia_2015	SRA:ERX1788134.5338623.1	97.368	76	2	0	5016	5091	1	76	1.69e-26	130
CFAV-KC_Cambodia_2015	SRA:ERX1788134.316666.1	97.368	76	2	0	950	1025	1	76	1.69e-26	130
CFAV-KC_Cambodia_2015	SRA:ERX1788134.32454940.1	97.333	75	2	0	3552	3626	1	75	6.07e-26	128
CFAV-KC_Cambodia_2015	SRA:ERX1788134.31554968.2	97.333	75	2	0	5302	5376	75	1	6.07e-26	128
CFAV-KC_Cambodia_2015	SRA:ERX1788134.29920167.2	97.333	75	2	0	5250	5324	75	1	6.07e-26	128
CFAV-KC_Cambodia_2015	SRA:ERX1788134.20740308.2	98.611	72	1	0	6222	6293	72	1	6.07e-26	128
CFAV-KC_Cambodia_2015	SRA:ERX1788134.13746679.1	97.333	75	2	0	6045	6119	1	75	6.07e-26	128
CFAV-KC_Cambodia_2015	SRA:ERX1788134.32454940.2	97.297	74	2	0	3639	3712	74	1	2.18e-25	126
CFAV-KC_Cambodia_2015	SRA:ERX1788134.22954920.2	97.297	74	2	0	2356	2429	76	3	2.18e-25	126
CFAV-KC_Cambodia_2015	SRA:ERX1788134.20594144.2	97.297	74	2	0	3474	3547	74	1	2.18e-25	126
CFAV-KC_Cambodia_2015	SRA:ERX1788134.18205403.1	97.297	74	2	0	5110	5183	2	75	2.18e-25	126
CFAV-KC_Cambodia_2015	SRA:ERX1788134.11908142.1	97.297	74	2	0	6018	6091	1	74	2.18e-25	126
CFAV-KC_Cambodia_2015	SRA:ERX1788134.4548390.1	97.297	74	2	0	5152	5225	1	74	2.18e-25	126
CFAV-KC_Cambodia_2015	SRA:ERX1788134.29920167.1	97.260	73	2	0	5110	5182	3	75	7.85e-25	124
CFAV-KC_Cambodia_2015	SRA:ERX1788134.28471618.1	96.053	76	3	0	5145	5220	1	76	7.85e-25	124
CFAV-KC_Cambodia_2015	SRA:ERX1788134.27691243.2	96.053	76	3	0	3946	4021	76	1	7.85e-25	124
CFAV-KC_Cambodia_2015	SRA:ERX1788134.27691243.1	96.053	76	3	0	3901	3976	1	76	7.85e-25	124
CFAV-KC_Cambodia_2015	SRA:ERX1788134.24596084.2	96.053	76	3	0	5079	5154	76	1	7.85e-25	124
CFAV-KC_Cambodia_2015	SRA:ERX1788134.20594144.1	96.053	76	3	0	3350	3425	1	76	7.85e-25	124
CFAV-KC_Cambodia_2015	SRA:ERX1788134.16639544.2	96.053	76	3	0	2482	2557	76	1	7.85e-25	124
CFAV-KC_Cambodia_2015	SRA:ERX1788134.14769408.2	96.053	76	3	0	6478	6553	76	1	7.85e-25	124
CFAV-KC_Cambodia_2015	SRA:ERX1788134.5383088.2	96.053	76	3	0	2650	2725	76	1	7.85e-25	124
CFAV-KC_Cambodia_2015	SRA:ERX1788134.982894.2	96.053	76	3	0	972	1047	76	1	7.85e-25	124
CFAV-KC_Cambodia_2015	SRA:ERX1788134.30439410.1	96.000	75	3	0	4180	4254	1	75	2.82e-24	122
CFAV-KC_Cambodia_2015	SRA:ERX1788134.30383038.1	96.000	75	3	0	6310	6384	2	76	2.82e-24	122
CFAV-KC_Cambodia_2015	SRA:ERX1788134.27861104.1	96.000	75	3	0	5874	5948	1	75	2.82e-24	122
CFAV-KC_Cambodia_2015	SRA:ERX1788134.14065677.1	96.000	75	3	0	4180	4254	1	75	2.82e-24	122
CFAV-KC_Cambodia_2015	SRA:ERX1788134.10294108.1	96.000	75	3	0	6226	6300	1	75	2.82e-24	122
CFAV-KC_Cambodia_2015	SRA:ERX1788134.3317555.1	96.000	75	3	0	5917	5991	1	75	2.82e-24	122
CFAV-KC_Cambodia_2015	SRA:ERX1788134.28427296.1	95.946	74	3	0	5105	5178	2	75	1.01e-23	121
CFAV-KC_Cambodia_2015	SRA:ERX1788134.25154739.1	95.946	74	3	0	4120	4193	1	74	1.01e-23	121
CFAV-KC_Cambodia_2015	SRA:ERX1788134.16639544.1	95.946	74	3	0	2437	2510	3	76	1.01e-23	121
CFAV-KC_Cambodia_2015	SRA:ERX1788134.3323750.2	95.946	74	3	0	5061	5134	74	1	1.01e-23	121
CFAV-KC_Cambodia_2015	SRA:ERX1788134.31564500.2	94.737	76	4	0	4586	4661	76	1	3.65e-23	119
CFAV-KC_Cambodia_2015	SRA:ERX1788134.28610126.1	94.737	76	4	0	6156	6231	1	76	3.65e-23	119
CFAV-KC_Cambodia_2015	SRA:ERX1788134.25341269.1	94.737	76	4	0	2550	2625	1	76	3.65e-23	119
CFAV-KC_Cambodia_2015	SRA:ERX1788134.17880407.1	94.737	76	4	0	5660	5735	1	76	3.65e-23	119
CFAV-KC_Cambodia_2015	SRA:ERX1788134.12486268.2	95.890	73	3	0	6495	6567	73	1	3.65e-23	119
CFAV-KC_Cambodia_2015	SRA:ERX1788134.5080190.1	94.737	76	4	0	5097	5172	1	76	3.65e-23	119
CFAV-KC_Cambodia_2015	SRA:ERX1788134.25273845.2	95.833	72	3	0	5117	5188	72	1	1.31e-22	117
CFAV-KC_Cambodia_2015	SRA:ERX1788134.24481317.2	94.667	75	4	0	2901	2975	75	1	1.31e-22	117
CFAV-KC_Cambodia_2015	SRA:ERX1788134.23886979.1	94.667	75	4	0	4351	4425	1	75	1.31e-22	117
CFAV-KC_Cambodia_2015	SRA:ERX1788134.12486268.1	94.667	75	4	0	6450	6524	1	75	1.31e-22	117
CFAV-KC_Cambodia_2015	SRA:ERX1788134.11751647.2	94.667	75	4	0	2901	2975	75	1	1.31e-22	117
CFAV-KC_Cambodia_2015	SRA:ERX1788134.31881268.2	93.421	76	5	0	6262	6337	76	1	1.70e-21	113
CFAV-KC_Cambodia_2015	SRA:ERX1788134.24098334.2	93.421	76	5	0	6262	6337	76	1	1.70e-21	113
CFAV-KC_Cambodia_2015	SRA:ERX1788134.17880407.2	94.521	73	4	0	5700	5772	73	1	1.70e-21	113
CFAV-KC_Cambodia_2015	SRA:ERX1788134.17541547.1	93.421	76	5	0	3465	3540	1	76	1.70e-21	113
CFAV-KC_Cambodia_2015	SRA:ERX1788134.15637965.1	93.421	76	5	0	5040	5115	1	76	1.70e-21	113
CFAV-KC_Cambodia_2015	SRA:ERX1788134.25341269.2	93.333	75	5	0	2668	2742	75	1	6.11e-21	111
CFAV-KC_Cambodia_2015	SRA:ERX1788134.21947839.1	93.333	75	5	0	2179	2253	1	75	6.11e-21	111
CFAV-KC_Cambodia_2015	SRA:ERX1788134.18346800.1	93.333	75	5	0	751	825	1	75	6.11e-21	111
CFAV-KC_Cambodia_2015	SRA:ERX1788134.17541547.2	93.333	75	5	0	3629	3703	75	1	6.11e-21	111
CFAV-KC_Cambodia_2015	SRA:ERX1788134.11908142.2	93.333	75	5	0	6130	6204	75	1	6.11e-21	111
CFAV-KC_Cambodia_2015	SRA:ERX1788134.10294108.2	94.366	71	4	0	6304	6374	71	1	2.20e-20	110
CFAV-KC_Cambodia_2015	SRA:ERX1788134.3034383.2	93.151	73	5	0	5700	5772	73	1	7.90e-20	108
CFAV-KC_Cambodia_2015	SRA:ERX1788134.21947839.2	92.000	75	6	0	2215	2289	75	1	2.84e-19	106
CFAV-KC_Cambodia_2015	SRA:ERX1788134.14065677.2	92.000	75	6	0	4231	4305	75	1	2.84e-19	106
CFAV-KC_Cambodia_2015	SRA:ERX1788134.14156159.2	90.789	76	7	0	4586	4661	76	1	3.68e-18	102
CFAV-KC_Cambodia_2015	SRA:ERX1788134.13300580.2	85.333	75	11	0	6181	6255	75	1	6.20e-11	78.7
CFAV-Zik_Uganda_2016	SRA:ERX1788134.32725335.2	100.000	76	0	0	2298	2373	76	1	7.79e-30	141
CFAV-Zik_Uganda_2016	SRA:ERX1788134.32725335.1	100.000	76	0	0	2282	2357	1	76	7.79e-30	141
CFAV-Zik_Uganda_2016	SRA:ERX1788134.31564500.2	100.000	76	0	0	4586	4661	76	1	7.79e-30	141
CFAV-Zik_Uganda_2016	SRA:ERX1788134.29264683.1	100.000	76	0	0	5487	5562	1	76	7.79e-30	141
CFAV-Zik_Uganda_2016	SRA:ERX1788134.24596084.2	100.000	76	0	0	5079	5154	76	1	7.79e-30	141
CFAV-Zik_Uganda_2016	SRA:ERX1788134.18205403.2	100.000	76	0	0	5241	5316	76	1	7.79e-30	141
CFAV-Zik_Uganda_2016	SRA:ERX1788134.18205403.1	100.000	76	0	0	5109	5184	1	76	7.79e-30	141
CFAV-Zik_Uganda_2016	SRA:ERX1788134.5080190.1	100.000	76	0	0	5097	5172	1	76	7.79e-30	141
CFAV-Zik_Uganda_2016	SRA:ERX1788134.29920167.2	100.000	75	0	0	5250	5324	75	1	2.80e-29	139
CFAV-Zik_Uganda_2016	SRA:ERX1788134.29920167.1	100.000	75	0	0	5108	5182	1	75	2.80e-29	139
CFAV-Zik_Uganda_2016	SRA:ERX1788134.29264683.2	100.000	75	0	0	5535	5609	75	1	2.80e-29	139
CFAV-Zik_Uganda_2016	SRA:ERX1788134.28427296.1	100.000	75	0	0	5104	5178	1	75	2.80e-29	139
CFAV-Zik_Uganda_2016	SRA:ERX1788134.4548390.2	100.000	75	0	0	5256	5330	75	1	2.80e-29	139
CFAV-Zik_Uganda_2016	SRA:ERX1788134.5338623.2	100.000	74	0	0	5128	5201	76	3	1.01e-28	137
CFAV-Zik_Uganda_2016	SRA:ERX1788134.31881268.2	98.684	76	1	0	6262	6337	76	1	3.62e-28	135
CFAV-Zik_Uganda_2016	SRA:ERX1788134.30319803.1	98.684	76	1	0	3097	3172	1	76	3.62e-28	135
CFAV-Zik_Uganda_2016	SRA:ERX1788134.28610126.1	98.684	76	1	0	6156	6231	1	76	3.62e-28	135
CFAV-Zik_Uganda_2016	SRA:ERX1788134.28471618.1	98.684	76	1	0	5145	5220	1	76	3.62e-28	135
CFAV-Zik_Uganda_2016	SRA:ERX1788134.28427296.2	98.684	76	1	0	5178	5253	76	1	3.62e-28	135
CFAV-Zik_Uganda_2016	SRA:ERX1788134.27691243.1	98.684	76	1	0	3901	3976	1	76	3.62e-28	135
CFAV-Zik_Uganda_2016	SRA:ERX1788134.25643903.1	98.684	76	1	0	5191	5266	1	76	3.62e-28	135
CFAV-Zik_Uganda_2016	SRA:ERX1788134.25341269.1	98.684	76	1	0	2550	2625	1	76	3.62e-28	135
CFAV-Zik_Uganda_2016	SRA:ERX1788134.25339022.1	98.684	76	1	0	3966	4041	1	76	3.62e-28	135
CFAV-Zik_Uganda_2016	SRA:ERX1788134.25273845.1	98.684	76	1	0	4993	5068	1	76	3.62e-28	135
CFAV-Zik_Uganda_2016	SRA:ERX1788134.24098334.2	98.684	76	1	0	6262	6337	76	1	3.62e-28	135
CFAV-Zik_Uganda_2016	SRA:ERX1788134.22954920.1	98.684	76	1	0	2265	2340	1	76	3.62e-28	135
CFAV-Zik_Uganda_2016	SRA:ERX1788134.19785495.2	98.684	76	1	0	5954	6029	76	1	3.62e-28	135
CFAV-Zik_Uganda_2016	SRA:ERX1788134.13741138.1	100.000	73	0	0	2795	2867	1	73	3.62e-28	135
CFAV-Zik_Uganda_2016	SRA:ERX1788134.13540672.2	98.684	76	1	0	4996	5071	76	1	3.62e-28	135
CFAV-Zik_Uganda_2016	SRA:ERX1788134.12564959.2	98.684	76	1	0	5947	6022	76	1	3.62e-28	135
CFAV-Zik_Uganda_2016	SRA:ERX1788134.12564959.1	98.684	76	1	0	5766	5841	1	76	3.62e-28	135
CFAV-Zik_Uganda_2016	SRA:ERX1788134.6983999.2	98.684	76	1	0	5911	5986	76	1	3.62e-28	135
CFAV-Zik_Uganda_2016	SRA:ERX1788134.4548390.1	98.684	76	1	0	5152	5227	1	76	3.62e-28	135
CFAV-Zik_Uganda_2016	SRA:ERX1788134.32454940.1	98.667	75	1	0	3552	3626	1	75	1.30e-27	134
CFAV-Zik_Uganda_2016	SRA:ERX1788134.31554968.1	98.667	75	1	0	5279	5353	1	75	1.30e-27	134
CFAV-Zik_Uganda_2016	SRA:ERX1788134.28471618.2	98.667	75	1	0	5283	5357	75	1	1.30e-27	134
CFAV-Zik_Uganda_2016	SRA:ERX1788134.25273845.2	100.000	72	0	0	5117	5188	72	1	1.30e-27	134
CFAV-Zik_Uganda_2016	SRA:ERX1788134.18346800.1	98.667	75	1	0	751	825	1	75	1.30e-27	134
CFAV-Zik_Uganda_2016	SRA:ERX1788134.11908142.2	98.667	75	1	0	6130	6204	75	1	1.30e-27	134
CFAV-Zik_Uganda_2016	SRA:ERX1788134.5383088.1	100.000	72	0	0	2403	2474	1	72	1.30e-27	134
CFAV-Zik_Uganda_2016	SRA:ERX1788134.27861104.1	98.649	74	1	0	5875	5948	2	75	4.69e-27	132
CFAV-Zik_Uganda_2016	SRA:ERX1788134.20594144.1	98.649	74	1	0	3350	3423	1	74	4.69e-27	132
CFAV-Zik_Uganda_2016	SRA:ERX1788134.32454940.2	97.368	76	2	0	3637	3712	76	1	1.69e-26	130
CFAV-Zik_Uganda_2016	SRA:ERX1788134.31348715.1	97.368	76	2	0	2823	2898	1	76	1.69e-26	130
CFAV-Zik_Uganda_2016	SRA:ERX1788134.27861104.2	97.368	76	2	0	5990	6065	76	1	1.69e-26	130
CFAV-Zik_Uganda_2016	SRA:ERX1788134.27691243.2	98.630	73	1	0	3949	4021	73	1	1.69e-26	130
CFAV-Zik_Uganda_2016	SRA:ERX1788134.24596084.1	97.368	76	2	0	4987	5062	1	76	1.69e-26	130
CFAV-Zik_Uganda_2016	SRA:ERX1788134.24481317.1	97.368	76	2	0	2824	2899	1	76	1.69e-26	130
CFAV-Zik_Uganda_2016	SRA:ERX1788134.22954920.2	97.368	76	2	0	2356	2431	76	1	1.69e-26	130
CFAV-Zik_Uganda_2016	SRA:ERX1788134.20740308.1	97.368	76	2	0	6148	6223	1	76	1.69e-26	130
CFAV-Zik_Uganda_2016	SRA:ERX1788134.19785495.1	98.630	73	1	0	5919	5991	1	73	1.69e-26	130
CFAV-Zik_Uganda_2016	SRA:ERX1788134.16639544.2	97.368	76	2	0	2482	2557	76	1	1.69e-26	130
CFAV-Zik_Uganda_2016	SRA:ERX1788134.14769408.2	97.368	76	2	0	6478	6553	76	1	1.69e-26	130
CFAV-Zik_Uganda_2016	SRA:ERX1788134.13746679.2	97.368	76	2	0	6225	6300	76	1	1.69e-26	130
CFAV-Zik_Uganda_2016	SRA:ERX1788134.13745265.1	97.368	76	2	0	4071	4146	1	76	1.69e-26	130
CFAV-Zik_Uganda_2016	SRA:ERX1788134.13741138.2	97.368	76	2	0	3055	3130	76	1	1.69e-26	130
CFAV-Zik_Uganda_2016	SRA:ERX1788134.11751647.1	97.368	76	2	0	2824	2899	1	76	1.69e-26	130
CFAV-Zik_Uganda_2016	SRA:ERX1788134.7851555.2	97.368	76	2	0	4996	5071	76	1	1.69e-26	130
CFAV-Zik_Uganda_2016	SRA:ERX1788134.7262637.2	97.368	76	2	0	5017	5092	76	1	1.69e-26	130
CFAV-Zik_Uganda_2016	SRA:ERX1788134.5794620.2	97.368	76	2	0	5017	5092	76	1	1.69e-26	130
CFAV-Zik_Uganda_2016	SRA:ERX1788134.5338623.1	97.368	76	2	0	5016	5091	1	76	1.69e-26	130
CFAV-Zik_Uganda_2016	SRA:ERX1788134.3323750.2	97.368	76	2	0	5059	5134	76	1	1.69e-26	130
CFAV-Zik_Uganda_2016	SRA:ERX1788134.31881268.1	97.333	75	2	0	6208	6282	1	75	6.07e-26	128
CFAV-Zik_Uganda_2016	SRA:ERX1788134.31554968.2	97.333	75	2	0	5302	5376	75	1	6.07e-26	128
CFAV-Zik_Uganda_2016	SRA:ERX1788134.30383038.1	97.333	75	2	0	6310	6384	2	76	6.07e-26	128
CFAV-Zik_Uganda_2016	SRA:ERX1788134.25643903.2	97.333	75	2	0	5311	5385	75	1	6.07e-26	128
CFAV-Zik_Uganda_2016	SRA:ERX1788134.25339022.2	97.333	75	2	0	4092	4166	76	2	6.07e-26	128
CFAV-Zik_Uganda_2016	SRA:ERX1788134.24481317.2	97.333	75	2	0	2901	2975	75	1	6.07e-26	128
CFAV-Zik_Uganda_2016	SRA:ERX1788134.24098334.1	97.333	75	2	0	6208	6282	1	75	6.07e-26	128
CFAV-Zik_Uganda_2016	SRA:ERX1788134.20740308.2	98.611	72	1	0	6222	6293	72	1	6.07e-26	128
CFAV-Zik_Uganda_2016	SRA:ERX1788134.20594144.2	98.611	72	1	0	3474	3545	74	3	6.07e-26	128
CFAV-Zik_Uganda_2016	SRA:ERX1788134.13746679.1	97.333	75	2	0	6045	6119	1	75	6.07e-26	128
CFAV-Zik_Uganda_2016	SRA:ERX1788134.12486268.1	97.333	75	2	0	6450	6524	1	75	6.07e-26	128
CFAV-Zik_Uganda_2016	SRA:ERX1788134.11751647.2	97.333	75	2	0	2901	2975	75	1	6.07e-26	128
CFAV-Zik_Uganda_2016	SRA:ERX1788134.11908142.1	97.297	74	2	0	6018	6091	1	74	2.18e-25	126
CFAV-Zik_Uganda_2016	SRA:ERX1788134.6983999.1	97.297	74	2	0	5740	5813	3	76	2.18e-25	126
CFAV-Zik_Uganda_2016	SRA:ERX1788134.28669945.2	96.053	76	3	0	1016	1091	76	1	7.85e-25	124
CFAV-Zik_Uganda_2016	SRA:ERX1788134.28669945.1	96.053	76	3	0	962	1037	1	76	7.85e-25	124
CFAV-Zik_Uganda_2016	SRA:ERX1788134.28610126.2	96.053	76	3	0	6316	6391	76	1	7.85e-25	124
CFAV-Zik_Uganda_2016	SRA:ERX1788134.17541547.1	96.053	76	3	0	3465	3540	1	76	7.85e-25	124
CFAV-Zik_Uganda_2016	SRA:ERX1788134.14156159.2	96.053	76	3	0	4586	4661	76	1	7.85e-25	124
CFAV-Zik_Uganda_2016	SRA:ERX1788134.5080190.2	96.053	76	3	0	5329	5404	76	1	7.85e-25	124
CFAV-Zik_Uganda_2016	SRA:ERX1788134.982894.1	97.260	73	2	0	6390	6462	1	73	7.85e-25	124
CFAV-Zik_Uganda_2016	SRA:ERX1788134.316666.1	96.053	76	3	0	950	1025	1	76	7.85e-25	124
CFAV-Zik_Uganda_2016	SRA:ERX1788134.14769408.1	96.000	75	3	0	6430	6504	1	75	2.82e-24	122
CFAV-Zik_Uganda_2016	SRA:ERX1788134.10294108.1	96.000	75	3	0	6226	6300	1	75	2.82e-24	122
CFAV-Zik_Uganda_2016	SRA:ERX1788134.3317555.1	96.000	75	3	0	5917	5991	1	75	2.82e-24	122
CFAV-Zik_Uganda_2016	SRA:ERX1788134.30439410.2	95.946	74	3	0	4301	4374	76	3	1.01e-23	121
CFAV-Zik_Uganda_2016	SRA:ERX1788134.25154739.2	95.946	74	3	0	4301	4374	76	3	1.01e-23	121
CFAV-Zik_Uganda_2016	SRA:ERX1788134.10294108.2	95.946	74	3	0	6301	6374	74	1	1.01e-23	121
CFAV-Zik_Uganda_2016	SRA:ERX1788134.982894.2	95.946	74	3	0	974	1047	74	1	1.01e-23	121
CFAV-Zik_Uganda_2016	SRA:ERX1788134.30383038.2	94.737	76	4	0	6332	6407	76	1	3.65e-23	119
CFAV-Zik_Uganda_2016	SRA:ERX1788134.16639544.1	94.737	76	4	0	2435	2510	1	76	3.65e-23	119
CFAV-Zik_Uganda_2016	SRA:ERX1788134.13745265.2	94.737	76	4	0	4302	4377	76	1	3.65e-23	119
CFAV-Zik_Uganda_2016	SRA:ERX1788134.17541547.2	94.667	75	4	0	3629	3703	75	1	1.31e-22	117
CFAV-Zik_Uganda_2016	SRA:ERX1788134.25154739.1	94.595	74	4	0	4120	4193	1	74	4.72e-22	115
CFAV-Zik_Uganda_2016	SRA:ERX1788134.4463953.2	98.462	65	1	0	4964	5028	65	1	4.72e-22	115
CFAV-Zik_Uganda_2016	SRA:ERX1788134.316666.2	95.775	71	3	0	1035	1105	75	5	4.72e-22	115
CFAV-Zik_Uganda_2016	SRA:ERX1788134.5383088.2	93.421	76	5	0	2650	2725	76	1	1.70e-21	113
CFAV-Zik_Uganda_2016	SRA:ERX1788134.3317555.2	94.521	73	4	0	6004	6076	75	3	1.70e-21	113
CFAV-Zik_Uganda_2016	SRA:ERX1788134.30312920.1	93.243	74	5	0	4411	4484	3	76	2.20e-20	110
CFAV-Zik_Uganda_2016	SRA:ERX1788134.14790488.1	92.105	76	6	0	4437	4512	1	76	7.90e-20	108
CFAV-Zik_Uganda_2016	SRA:ERX1788134.21947839.2	92.000	75	6	0	2215	2289	75	1	2.84e-19	106
CFAV-Zik_Uganda_2016	SRA:ERX1788134.14790488.2	90.789	76	7	0	4513	4588	76	1	3.68e-18	102
CFAV-Zik_Uganda_2016	SRA:ERX1788134.3034383.1	88.158	76	9	0	5611	5686	1	76	7.96e-15	91.6
CFAV-Zik_Uganda_2016	SRA:ERX1788134.16285110.2	97.778	45	1	0	4964	5008	45	1	6.20e-11	78.7
CFAV-Zik_Uganda_2016	SRA:ERX1788134.13300580.2	85.135	74	11	0	6181	6254	75	2	2.23e-10	76.8
CFAV-Zik_Uganda_2016	SRA:ERX1788134.7851555.1	97.674	43	1	0	4964	5006	34	76	8.01e-10	75.0
CFAV-Zik_Uganda_2016	SRA:ERX1788134.7100124.2	100.000	28	0	0	4964	4991	30	3	0.004	52.8
