CFAV-Bangkok_Thailand_2015	SRA:ERX1788133.33788404.1	100.000	76	0	0	3649	3724	1	76	8.34e-30	141
CFAV-Bangkok_Thailand_2015	SRA:ERX1788133.24663903.2	100.000	76	0	0	5876	5951	76	1	8.34e-30	141
CFAV-Bangkok_Thailand_2015	SRA:ERX1788133.3877839.2	100.000	76	0	0	3237	3312	76	1	8.34e-30	141
CFAV-Bangkok_Thailand_2015	SRA:ERX1788133.20365315.1	100.000	75	0	0	3899	3973	1	75	3.00e-29	139
CFAV-Bangkok_Thailand_2015	SRA:ERX1788133.4255153.2	100.000	75	0	0	2275	2349	75	1	3.00e-29	139
CFAV-Bangkok_Thailand_2015	SRA:ERX1788133.550819.2	100.000	75	0	0	2062	2136	75	1	3.00e-29	139
CFAV-Bangkok_Thailand_2015	SRA:ERX1788133.28103131.1	100.000	74	0	0	1003	1076	2	75	1.08e-28	137
CFAV-Bangkok_Thailand_2015	SRA:ERX1788133.29015919.2	98.684	76	1	0	2296	2371	76	1	3.88e-28	135
CFAV-Bangkok_Thailand_2015	SRA:ERX1788133.24814869.1	98.684	76	1	0	5651	5726	1	76	3.88e-28	135
CFAV-Bangkok_Thailand_2015	SRA:ERX1788133.23273371.1	98.684	76	1	0	2264	2339	1	76	3.88e-28	135
CFAV-Bangkok_Thailand_2015	SRA:ERX1788133.22235594.2	98.684	76	1	0	997	1072	76	1	3.88e-28	135
CFAV-Bangkok_Thailand_2015	SRA:ERX1788133.21275541.2	98.684	76	1	0	5027	5102	76	1	3.88e-28	135
CFAV-Bangkok_Thailand_2015	SRA:ERX1788133.20291752.2	98.684	76	1	0	2157	2232	76	1	3.88e-28	135
CFAV-Bangkok_Thailand_2015	SRA:ERX1788133.20291752.1	98.684	76	1	0	2112	2187	1	76	3.88e-28	135
CFAV-Bangkok_Thailand_2015	SRA:ERX1788133.18493841.2	98.684	76	1	0	3684	3759	76	1	3.88e-28	135
CFAV-Bangkok_Thailand_2015	SRA:ERX1788133.16961506.1	98.684	76	1	0	2316	2391	1	76	3.88e-28	135
CFAV-Bangkok_Thailand_2015	SRA:ERX1788133.15321061.2	98.684	76	1	0	2083	2158	76	1	3.88e-28	135
CFAV-Bangkok_Thailand_2015	SRA:ERX1788133.13017496.2	98.684	76	1	0	3197	3272	76	1	3.88e-28	135
CFAV-Bangkok_Thailand_2015	SRA:ERX1788133.7133540.1	98.684	76	1	0	5027	5102	1	76	3.88e-28	135
CFAV-Bangkok_Thailand_2015	SRA:ERX1788133.810299.1	98.684	76	1	0	6119	6194	1	76	3.88e-28	135
CFAV-Bangkok_Thailand_2015	SRA:ERX1788133.682897.2	98.684	76	1	0	5597	5672	76	1	3.88e-28	135
CFAV-Bangkok_Thailand_2015	SRA:ERX1788133.34370696.2	98.667	75	1	0	6123	6197	76	2	1.39e-27	134
CFAV-Bangkok_Thailand_2015	SRA:ERX1788133.33788404.2	98.667	75	1	0	3810	3884	75	1	1.39e-27	134
CFAV-Bangkok_Thailand_2015	SRA:ERX1788133.28432452.2	98.667	75	1	0	4990	5064	75	1	1.39e-27	134
CFAV-Bangkok_Thailand_2015	SRA:ERX1788133.27954194.2	100.000	72	0	0	5639	5710	72	1	1.39e-27	134
CFAV-Bangkok_Thailand_2015	SRA:ERX1788133.27777774.2	98.667	75	1	0	4993	5067	75	1	1.39e-27	134
CFAV-Bangkok_Thailand_2015	SRA:ERX1788133.26944745.2	98.667	75	1	0	2298	2372	75	1	1.39e-27	134
CFAV-Bangkok_Thailand_2015	SRA:ERX1788133.25594662.2	98.667	75	1	0	5260	5334	76	2	1.39e-27	134
CFAV-Bangkok_Thailand_2015	SRA:ERX1788133.25594662.1	98.667	75	1	0	5225	5299	1	75	1.39e-27	134
CFAV-Bangkok_Thailand_2015	SRA:ERX1788133.24880670.1	98.667	75	1	0	3704	3778	1	75	1.39e-27	134
CFAV-Bangkok_Thailand_2015	SRA:ERX1788133.21275541.1	98.667	75	1	0	4991	5065	1	75	1.39e-27	134
CFAV-Bangkok_Thailand_2015	SRA:ERX1788133.17963088.2	98.667	75	1	0	1893	1967	76	2	1.39e-27	134
CFAV-Bangkok_Thailand_2015	SRA:ERX1788133.12930275.1	98.667	75	1	0	3210	3284	2	76	1.39e-27	134
CFAV-Bangkok_Thailand_2015	SRA:ERX1788133.12217945.2	100.000	72	0	0	5639	5710	72	1	1.39e-27	134
CFAV-Bangkok_Thailand_2015	SRA:ERX1788133.12187672.1	98.667	75	1	0	774	848	1	75	1.39e-27	134
CFAV-Bangkok_Thailand_2015	SRA:ERX1788133.11903090.2	98.667	75	1	0	5222	5296	75	1	1.39e-27	134
CFAV-Bangkok_Thailand_2015	SRA:ERX1788133.8797168.1	98.667	75	1	0	6112	6186	2	76	1.39e-27	134
CFAV-Bangkok_Thailand_2015	SRA:ERX1788133.2685727.1	98.667	75	1	0	5518	5592	1	75	1.39e-27	134
CFAV-Bangkok_Thailand_2015	SRA:ERX1788133.1465475.2	98.667	75	1	0	5260	5334	76	2	1.39e-27	134
CFAV-Bangkok_Thailand_2015	SRA:ERX1788133.1454225.2	98.667	75	1	0	5007	5081	75	1	1.39e-27	134
CFAV-Bangkok_Thailand_2015	SRA:ERX1788133.31493564.2	98.649	74	1	0	5659	5732	76	3	5.02e-27	132
CFAV-Bangkok_Thailand_2015	SRA:ERX1788133.24737809.2	100.000	71	0	0	790	860	71	1	5.02e-27	132
CFAV-Bangkok_Thailand_2015	SRA:ERX1788133.20063394.1	98.649	74	1	0	5887	5960	1	74	5.02e-27	132
CFAV-Bangkok_Thailand_2015	SRA:ERX1788133.13050222.2	98.649	74	1	0	2845	2918	76	3	5.02e-27	132
CFAV-Bangkok_Thailand_2015	SRA:ERX1788133.11870810.2	98.649	74	1	0	5659	5732	76	3	5.02e-27	132
CFAV-Bangkok_Thailand_2015	SRA:ERX1788133.11017913.1	98.649	74	1	0	2548	2621	1	74	5.02e-27	132
CFAV-Bangkok_Thailand_2015	SRA:ERX1788133.4255153.1	98.649	74	1	0	2200	2273	1	74	5.02e-27	132
CFAV-Bangkok_Thailand_2015	SRA:ERX1788133.33949289.2	97.368	76	2	0	943	1018	76	1	1.80e-26	130
CFAV-Bangkok_Thailand_2015	SRA:ERX1788133.32515685.2	97.368	76	2	0	5321	5396	76	1	1.80e-26	130
CFAV-Bangkok_Thailand_2015	SRA:ERX1788133.32515685.1	97.368	76	2	0	5173	5248	1	76	1.80e-26	130
CFAV-Bangkok_Thailand_2015	SRA:ERX1788133.30889669.2	97.368	76	2	0	1010	1085	76	1	1.80e-26	130
CFAV-Bangkok_Thailand_2015	SRA:ERX1788133.29850104.2	97.368	76	2	0	2033	2108	76	1	1.80e-26	130
CFAV-Bangkok_Thailand_2015	SRA:ERX1788133.29448214.1	97.368	76	2	0	5896	5971	1	76	1.80e-26	130
CFAV-Bangkok_Thailand_2015	SRA:ERX1788133.29389404.2	97.368	76	2	0	2239	2314	76	1	1.80e-26	130
CFAV-Bangkok_Thailand_2015	SRA:ERX1788133.28896687.1	97.368	76	2	0	943	1018	1	76	1.80e-26	130
CFAV-Bangkok_Thailand_2015	SRA:ERX1788133.28616939.2	97.368	76	2	0	3418	3493	76	1	1.80e-26	130
CFAV-Bangkok_Thailand_2015	SRA:ERX1788133.28077386.2	97.368	76	2	0	3528	3603	76	1	1.80e-26	130
CFAV-Bangkok_Thailand_2015	SRA:ERX1788133.26944745.1	97.368	76	2	0	2188	2263	1	76	1.80e-26	130
CFAV-Bangkok_Thailand_2015	SRA:ERX1788133.25615680.1	97.368	76	2	0	6395	6470	1	76	1.80e-26	130
CFAV-Bangkok_Thailand_2015	SRA:ERX1788133.24880670.2	97.368	76	2	0	3832	3907	76	1	1.80e-26	130
CFAV-Bangkok_Thailand_2015	SRA:ERX1788133.24814869.2	97.368	76	2	0	5726	5801	76	1	1.80e-26	130
CFAV-Bangkok_Thailand_2015	SRA:ERX1788133.23593949.2	97.368	76	2	0	5718	5793	76	1	1.80e-26	130
CFAV-Bangkok_Thailand_2015	SRA:ERX1788133.21270609.2	97.368	76	2	0	5916	5991	76	1	1.80e-26	130
CFAV-Bangkok_Thailand_2015	SRA:ERX1788133.21270609.1	97.368	76	2	0	5837	5912	1	76	1.80e-26	130
CFAV-Bangkok_Thailand_2015	SRA:ERX1788133.21145915.2	97.368	76	2	0	3450	3525	76	1	1.80e-26	130
CFAV-Bangkok_Thailand_2015	SRA:ERX1788133.18112559.2	97.368	76	2	0	2959	3034	76	1	1.80e-26	130
CFAV-Bangkok_Thailand_2015	SRA:ERX1788133.16018598.1	97.368	76	2	0	5696	5771	1	76	1.80e-26	130
CFAV-Bangkok_Thailand_2015	SRA:ERX1788133.13833321.1	97.368	76	2	0	2792	2867	1	76	1.80e-26	130
CFAV-Bangkok_Thailand_2015	SRA:ERX1788133.11435755.1	97.368	76	2	0	2189	2264	1	76	1.80e-26	130
CFAV-Bangkok_Thailand_2015	SRA:ERX1788133.7595231.1	97.368	76	2	0	4324	4399	1	76	1.80e-26	130
CFAV-Bangkok_Thailand_2015	SRA:ERX1788133.5932645.2	97.368	76	2	0	6478	6553	76	1	1.80e-26	130
CFAV-Bangkok_Thailand_2015	SRA:ERX1788133.5932645.1	97.368	76	2	0	6385	6460	1	76	1.80e-26	130
CFAV-Bangkok_Thailand_2015	SRA:ERX1788133.3969468.2	98.630	73	1	0	780	852	73	1	1.80e-26	130
CFAV-Bangkok_Thailand_2015	SRA:ERX1788133.3419670.1	97.368	76	2	0	943	1018	1	76	1.80e-26	130
CFAV-Bangkok_Thailand_2015	SRA:ERX1788133.2685727.2	97.368	76	2	0	5592	5667	76	1	1.80e-26	130
CFAV-Bangkok_Thailand_2015	SRA:ERX1788133.34370696.1	97.333	75	2	0	6045	6119	1	75	6.49e-26	128
CFAV-Bangkok_Thailand_2015	SRA:ERX1788133.33426903.1	97.333	75	2	0	5673	5747	1	75	6.49e-26	128
CFAV-Bangkok_Thailand_2015	SRA:ERX1788133.33169334.1	97.333	75	2	0	4452	4526	1	75	6.49e-26	128
CFAV-Bangkok_Thailand_2015	SRA:ERX1788133.28673443.1	97.333	75	2	0	5673	5747	1	75	6.49e-26	128
CFAV-Bangkok_Thailand_2015	SRA:ERX1788133.28607187.1	97.333	75	2	0	6454	6528	2	76	6.49e-26	128
CFAV-Bangkok_Thailand_2015	SRA:ERX1788133.27954194.1	97.333	75	2	0	5566	5640	1	75	6.49e-26	128
CFAV-Bangkok_Thailand_2015	SRA:ERX1788133.20063394.2	97.333	75	2	0	5907	5981	75	1	6.49e-26	128
CFAV-Bangkok_Thailand_2015	SRA:ERX1788133.19702936.2	97.333	75	2	0	5566	5640	75	1	6.49e-26	128
CFAV-Bangkok_Thailand_2015	SRA:ERX1788133.12217945.1	97.333	75	2	0	5566	5640	1	75	6.49e-26	128
CFAV-Bangkok_Thailand_2015	SRA:ERX1788133.11903090.1	97.333	75	2	0	5167	5241	2	76	6.49e-26	128
CFAV-Bangkok_Thailand_2015	SRA:ERX1788133.11870810.1	97.333	75	2	0	5566	5640	1	75	6.49e-26	128
CFAV-Bangkok_Thailand_2015	SRA:ERX1788133.5845810.1	97.333	75	2	0	5662	5736	1	75	6.49e-26	128
CFAV-Bangkok_Thailand_2015	SRA:ERX1788133.28088433.2	98.592	71	1	0	6127	6197	73	3	2.33e-25	126
CFAV-Bangkok_Thailand_2015	SRA:ERX1788133.24663903.1	97.297	74	2	0	5836	5909	3	76	2.33e-25	126
CFAV-Bangkok_Thailand_2015	SRA:ERX1788133.23593949.1	97.297	74	2	0	5578	5651	1	74	2.33e-25	126
CFAV-Bangkok_Thailand_2015	SRA:ERX1788133.18112559.1	97.297	74	2	0	2920	2993	3	76	2.33e-25	126
CFAV-Bangkok_Thailand_2015	SRA:ERX1788133.15066881.1	97.297	74	2	0	6346	6419	3	76	2.33e-25	126
CFAV-Bangkok_Thailand_2015	SRA:ERX1788133.33947132.2	96.053	76	3	0	942	1017	76	1	8.40e-25	124
CFAV-Bangkok_Thailand_2015	SRA:ERX1788133.33420342.1	96.053	76	3	0	2222	2297	1	76	8.40e-25	124
CFAV-Bangkok_Thailand_2015	SRA:ERX1788133.32569354.2	97.260	73	2	0	6426	6498	76	4	8.40e-25	124
CFAV-Bangkok_Thailand_2015	SRA:ERX1788133.29743630.1	96.053	76	3	0	1911	1986	1	76	8.40e-25	124
CFAV-Bangkok_Thailand_2015	SRA:ERX1788133.27546140.1	96.053	76	3	0	2128	2203	1	76	8.40e-25	124
CFAV-Bangkok_Thailand_2015	SRA:ERX1788133.25814111.2	96.053	76	3	0	6156	6231	76	1	8.40e-25	124
CFAV-Bangkok_Thailand_2015	SRA:ERX1788133.25615680.2	96.053	76	3	0	735	810	76	1	8.40e-25	124
CFAV-Bangkok_Thailand_2015	SRA:ERX1788133.24957499.1	96.053	76	3	0	918	993	1	76	8.40e-25	124
CFAV-Bangkok_Thailand_2015	SRA:ERX1788133.24339509.2	96.053	76	3	0	5972	6047	76	1	8.40e-25	124
CFAV-Bangkok_Thailand_2015	SRA:ERX1788133.21647483.2	96.053	76	3	0	5479	5554	76	1	8.40e-25	124
CFAV-Bangkok_Thailand_2015	SRA:ERX1788133.21145915.1	96.053	76	3	0	3317	3392	1	76	8.40e-25	124
CFAV-Bangkok_Thailand_2015	SRA:ERX1788133.16717215.1	96.053	76	3	0	5163	5238	1	76	8.40e-25	124
CFAV-Bangkok_Thailand_2015	SRA:ERX1788133.15066881.2	96.053	76	3	0	6426	6501	76	1	8.40e-25	124
CFAV-Bangkok_Thailand_2015	SRA:ERX1788133.13050222.1	97.260	73	2	0	2802	2874	1	73	8.40e-25	124
CFAV-Bangkok_Thailand_2015	SRA:ERX1788133.13017496.1	96.053	76	3	0	3012	3087	1	76	8.40e-25	124
CFAV-Bangkok_Thailand_2015	SRA:ERX1788133.12454206.1	96.053	76	3	0	1907	1982	1	76	8.40e-25	124
CFAV-Bangkok_Thailand_2015	SRA:ERX1788133.8349206.2	96.053	76	3	0	2913	2988	76	1	8.40e-25	124
CFAV-Bangkok_Thailand_2015	SRA:ERX1788133.7235491.2	96.053	76	3	0	868	943	76	1	8.40e-25	124
CFAV-Bangkok_Thailand_2015	SRA:ERX1788133.5074992.2	96.053	76	3	0	5934	6009	76	1	8.40e-25	124
CFAV-Bangkok_Thailand_2015	SRA:ERX1788133.4792259.1	96.053	76	3	0	918	993	1	76	8.40e-25	124
CFAV-Bangkok_Thailand_2015	SRA:ERX1788133.3877839.1	96.053	76	3	0	3171	3246	1	76	8.40e-25	124
CFAV-Bangkok_Thailand_2015	SRA:ERX1788133.3652203.1	96.053	76	3	0	3070	3145	1	76	8.40e-25	124
CFAV-Bangkok_Thailand_2015	SRA:ERX1788133.810299.2	96.053	76	3	0	6156	6231	76	1	8.40e-25	124
CFAV-Bangkok_Thailand_2015	SRA:ERX1788133.682897.1	96.053	76	3	0	5497	5572	1	76	8.40e-25	124
CFAV-Bangkok_Thailand_2015	SRA:ERX1788133.31493564.1	97.222	72	2	0	5566	5637	5	76	3.02e-24	122
CFAV-Bangkok_Thailand_2015	SRA:ERX1788133.28077386.1	96.000	75	3	0	3462	3536	2	76	3.02e-24	122
CFAV-Bangkok_Thailand_2015	SRA:ERX1788133.24739931.2	96.000	75	3	0	5465	5539	75	1	3.02e-24	122
CFAV-Bangkok_Thailand_2015	SRA:ERX1788133.17700392.1	97.222	72	2	0	2847	2918	3	74	3.02e-24	122
CFAV-Bangkok_Thailand_2015	SRA:ERX1788133.17068254.2	96.000	75	3	0	5183	5257	75	1	3.02e-24	122
CFAV-Bangkok_Thailand_2015	SRA:ERX1788133.15356480.2	96.000	75	3	0	3165	3239	75	1	3.02e-24	122
CFAV-Bangkok_Thailand_2015	SRA:ERX1788133.3969468.1	96.000	75	3	0	733	807	1	75	3.02e-24	122
CFAV-Bangkok_Thailand_2015	SRA:ERX1788133.22235594.1	95.946	74	3	0	920	993	3	76	1.09e-23	121
CFAV-Bangkok_Thailand_2015	SRA:ERX1788133.15356480.1	95.946	74	3	0	3005	3078	1	74	1.09e-23	121
CFAV-Bangkok_Thailand_2015	SRA:ERX1788133.12708879.2	95.946	74	3	0	3157	3230	76	3	1.09e-23	121
CFAV-Bangkok_Thailand_2015	SRA:ERX1788133.5074992.1	95.946	74	3	0	5827	5900	3	76	1.09e-23	121
CFAV-Bangkok_Thailand_2015	SRA:ERX1788133.1465475.1	95.946	74	3	0	5092	5165	1	74	1.09e-23	121
CFAV-Bangkok_Thailand_2015	SRA:ERX1788133.33426903.2	94.737	76	4	0	5798	5873	76	1	3.91e-23	119
CFAV-Bangkok_Thailand_2015	SRA:ERX1788133.32569354.1	94.737	76	4	0	6276	6351	1	76	3.91e-23	119
CFAV-Bangkok_Thailand_2015	SRA:ERX1788133.31792399.2	94.737	76	4	0	3534	3609	76	1	3.91e-23	119
CFAV-Bangkok_Thailand_2015	SRA:ERX1788133.29015919.1	94.737	76	4	0	2188	2263	1	76	3.91e-23	119
CFAV-Bangkok_Thailand_2015	SRA:ERX1788133.28673443.2	94.737	76	4	0	5798	5873	76	1	3.91e-23	119
CFAV-Bangkok_Thailand_2015	SRA:ERX1788133.28088433.1	95.890	73	3	0	6001	6073	2	74	3.91e-23	119
CFAV-Bangkok_Thailand_2015	SRA:ERX1788133.22106902.1	94.737	76	4	0	5796	5871	1	76	3.91e-23	119
CFAV-Bangkok_Thailand_2015	SRA:ERX1788133.19702936.1	95.890	73	3	0	5492	5564	1	73	3.91e-23	119
CFAV-Bangkok_Thailand_2015	SRA:ERX1788133.17068254.1	94.737	76	4	0	5173	5248	1	76	3.91e-23	119
CFAV-Bangkok_Thailand_2015	SRA:ERX1788133.16342212.2	94.737	76	4	0	4408	4483	76	1	3.91e-23	119
CFAV-Bangkok_Thailand_2015	SRA:ERX1788133.15321061.1	94.737	76	4	0	2005	2080	1	76	3.91e-23	119
CFAV-Bangkok_Thailand_2015	SRA:ERX1788133.7235491.1	94.737	76	4	0	730	805	1	76	3.91e-23	119
CFAV-Bangkok_Thailand_2015	SRA:ERX1788133.7133540.2	95.890	73	3	0	5092	5164	73	1	3.91e-23	119
CFAV-Bangkok_Thailand_2015	SRA:ERX1788133.4792259.2	100.000	64	0	0	1024	1087	76	13	3.91e-23	119
CFAV-Bangkok_Thailand_2015	SRA:ERX1788133.3652203.2	94.737	76	4	0	3147	3222	76	1	3.91e-23	119
CFAV-Bangkok_Thailand_2015	SRA:ERX1788133.26338207.2	95.833	72	3	0	6064	6135	72	1	1.40e-22	117
CFAV-Bangkok_Thailand_2015	SRA:ERX1788133.24739931.1	94.667	75	4	0	5347	5421	1	75	1.40e-22	117
CFAV-Bangkok_Thailand_2015	SRA:ERX1788133.7595231.2	94.667	75	4	0	4398	4472	75	1	1.40e-22	117
CFAV-Bangkok_Thailand_2015	SRA:ERX1788133.29448214.2	93.421	76	5	0	5952	6027	76	1	1.82e-21	113
CFAV-Bangkok_Thailand_2015	SRA:ERX1788133.29408801.1	93.421	76	5	0	1833	1908	1	76	1.82e-21	113
CFAV-Bangkok_Thailand_2015	SRA:ERX1788133.28896687.2	93.421	76	5	0	1823	1898	76	1	1.82e-21	113
CFAV-Bangkok_Thailand_2015	SRA:ERX1788133.22396654.1	93.421	76	5	0	4137	4212	1	76	1.82e-21	113
CFAV-Bangkok_Thailand_2015	SRA:ERX1788133.17963088.1	93.421	76	5	0	1829	1904	1	76	1.82e-21	113
CFAV-Bangkok_Thailand_2015	SRA:ERX1788133.12454206.2	93.421	76	5	0	1980	2055	76	1	1.82e-21	113
CFAV-Bangkok_Thailand_2015	SRA:ERX1788133.3419670.2	93.421	76	5	0	1823	1898	76	1	1.82e-21	113
CFAV-Bangkok_Thailand_2015	SRA:ERX1788133.28607187.2	95.652	69	3	0	727	795	69	1	6.54e-21	111
CFAV-Bangkok_Thailand_2015	SRA:ERX1788133.28103131.2	100.000	60	0	0	1028	1087	76	17	6.54e-21	111
CFAV-Bangkok_Thailand_2015	SRA:ERX1788133.24957499.2	93.333	75	5	0	1832	1906	75	1	6.54e-21	111
CFAV-Bangkok_Thailand_2015	SRA:ERX1788133.16342212.1	94.444	72	4	0	4362	4433	1	72	6.54e-21	111
CFAV-Bangkok_Thailand_2015	SRA:ERX1788133.29850104.1	93.243	74	5	0	1987	2060	1	74	2.35e-20	110
CFAV-Bangkok_Thailand_2015	SRA:ERX1788133.25677908.1	92.105	76	6	0	4126	4201	1	76	8.45e-20	108
CFAV-Bangkok_Thailand_2015	SRA:ERX1788133.15709694.2	92.000	75	6	0	4146	4220	1	75	3.04e-19	106
NC_001564	SRA:ERX1788133.33788404.1	100.000	76	0	0	3656	3731	1	76	8.35e-30	141
NC_001564	SRA:ERX1788133.33420342.2	100.000	76	0	0	2349	2424	76	1	8.35e-30	141
NC_001564	SRA:ERX1788133.31493564.2	100.000	76	0	0	5666	5741	76	1	8.35e-30	141
NC_001564	SRA:ERX1788133.29389404.2	100.000	76	0	0	2246	2321	76	1	8.35e-30	141
NC_001564	SRA:ERX1788133.28077386.2	100.000	76	0	0	3535	3610	76	1	8.35e-30	141
NC_001564	SRA:ERX1788133.25615680.2	100.000	76	0	0	742	817	76	1	8.35e-30	141
NC_001564	SRA:ERX1788133.24339509.2	100.000	76	0	0	5979	6054	76	1	8.35e-30	141
NC_001564	SRA:ERX1788133.23593949.2	100.000	76	0	0	5725	5800	76	1	8.35e-30	141
NC_001564	SRA:ERX1788133.22235594.2	100.000	76	0	0	1004	1079	76	1	8.35e-30	141
NC_001564	SRA:ERX1788133.21647483.2	100.000	76	0	0	5486	5561	76	1	8.35e-30	141
NC_001564	SRA:ERX1788133.18112559.2	100.000	76	0	0	2966	3041	76	1	8.35e-30	141
NC_001564	SRA:ERX1788133.18112559.1	100.000	76	0	0	2925	3000	1	76	8.35e-30	141
NC_001564	SRA:ERX1788133.16018598.1	100.000	76	0	0	5703	5778	1	76	8.35e-30	141
NC_001564	SRA:ERX1788133.11870810.2	100.000	76	0	0	5666	5741	76	1	8.35e-30	141
NC_001564	SRA:ERX1788133.8349206.2	100.000	76	0	0	2920	2995	76	1	8.35e-30	141
NC_001564	SRA:ERX1788133.7133540.2	100.000	76	0	0	5096	5171	76	1	8.35e-30	141
NC_001564	SRA:ERX1788133.5932645.1	100.000	76	0	0	6392	6467	1	76	8.35e-30	141
NC_001564	SRA:ERX1788133.33426903.1	100.000	75	0	0	5680	5754	1	75	3.00e-29	139
NC_001564	SRA:ERX1788133.28673443.1	100.000	75	0	0	5680	5754	1	75	3.00e-29	139
NC_001564	SRA:ERX1788133.28103131.1	100.000	75	0	0	1009	1083	1	75	3.00e-29	139
NC_001564	SRA:ERX1788133.25594662.1	100.000	75	0	0	5232	5306	1	75	3.00e-29	139
NC_001564	SRA:ERX1788133.12187672.2	100.000	75	0	0	913	987	75	1	3.00e-29	139
NC_001564	SRA:ERX1788133.11903090.2	100.000	75	0	0	5229	5303	75	1	3.00e-29	139
NC_001564	SRA:ERX1788133.5845810.1	100.000	75	0	0	5669	5743	1	75	3.00e-29	139
NC_001564	SRA:ERX1788133.3969468.1	100.000	75	0	0	740	814	1	75	3.00e-29	139
NC_001564	SRA:ERX1788133.1465475.1	100.000	75	0	0	5099	5173	1	75	3.00e-29	139
NC_001564	SRA:ERX1788133.23273371.2	100.000	74	0	0	2352	2425	74	1	1.08e-28	137
NC_001564	SRA:ERX1788133.13833321.1	100.000	74	0	0	2799	2872	1	74	1.08e-28	137
NC_001564	SRA:ERX1788133.11435755.2	100.000	74	0	0	2352	2425	74	1	1.08e-28	137
NC_001564	SRA:ERX1788133.33949289.2	98.684	76	1	0	950	1025	76	1	3.89e-28	135
NC_001564	SRA:ERX1788133.33947132.1	98.684	76	1	0	896	971	1	76	3.89e-28	135
NC_001564	SRA:ERX1788133.29448214.2	98.684	76	1	0	5959	6034	76	1	3.89e-28	135
NC_001564	SRA:ERX1788133.29015919.2	98.684	76	1	0	2303	2378	76	1	3.89e-28	135
NC_001564	SRA:ERX1788133.28896687.1	98.684	76	1	0	950	1025	1	76	3.89e-28	135
NC_001564	SRA:ERX1788133.28616939.1	98.684	76	1	0	3299	3374	1	76	3.89e-28	135
NC_001564	SRA:ERX1788133.26944745.1	98.684	76	1	0	2195	2270	1	76	3.89e-28	135
NC_001564	SRA:ERX1788133.25677908.2	98.684	76	1	0	4204	4279	76	1	3.89e-28	135
NC_001564	SRA:ERX1788133.25615680.1	98.684	76	1	0	6402	6477	1	76	3.89e-28	135
NC_001564	SRA:ERX1788133.24957499.1	98.684	76	1	0	925	1000	1	76	3.89e-28	135
NC_001564	SRA:ERX1788133.24814869.2	98.684	76	1	0	5733	5808	76	1	3.89e-28	135
NC_001564	SRA:ERX1788133.24814869.1	98.684	76	1	0	5658	5733	1	76	3.89e-28	135
NC_001564	SRA:ERX1788133.23273371.1	98.684	76	1	0	2271	2346	1	76	3.89e-28	135
NC_001564	SRA:ERX1788133.22396654.2	98.684	76	1	0	4223	4298	76	1	3.89e-28	135
NC_001564	SRA:ERX1788133.21647483.1	98.684	76	1	0	5390	5465	1	76	3.89e-28	135
NC_001564	SRA:ERX1788133.21275541.2	98.684	76	1	0	5034	5109	76	1	3.89e-28	135
NC_001564	SRA:ERX1788133.19702936.1	98.684	76	1	0	5499	5574	1	76	3.89e-28	135
NC_001564	SRA:ERX1788133.16961506.1	98.684	76	1	0	2323	2398	1	76	3.89e-28	135
NC_001564	SRA:ERX1788133.13017496.1	98.684	76	1	0	3019	3094	1	76	3.89e-28	135
NC_001564	SRA:ERX1788133.11435755.1	98.684	76	1	0	2196	2271	1	76	3.89e-28	135
NC_001564	SRA:ERX1788133.11017913.2	98.684	76	1	0	2600	2675	76	1	3.89e-28	135
NC_001564	SRA:ERX1788133.11017913.1	98.684	76	1	0	2555	2630	1	76	3.89e-28	135
NC_001564	SRA:ERX1788133.7235491.2	98.684	76	1	0	875	950	76	1	3.89e-28	135
NC_001564	SRA:ERX1788133.7133540.1	98.684	76	1	0	5034	5109	1	76	3.89e-28	135
NC_001564	SRA:ERX1788133.5932645.2	98.684	76	1	0	6485	6560	76	1	3.89e-28	135
NC_001564	SRA:ERX1788133.4792259.1	98.684	76	1	0	925	1000	1	76	3.89e-28	135
NC_001564	SRA:ERX1788133.4255153.2	98.684	76	1	0	2281	2356	76	1	3.89e-28	135
NC_001564	SRA:ERX1788133.4255153.1	98.684	76	1	0	2207	2282	1	76	3.89e-28	135
NC_001564	SRA:ERX1788133.3419670.1	98.684	76	1	0	950	1025	1	76	3.89e-28	135
NC_001564	SRA:ERX1788133.2685727.2	98.684	76	1	0	5599	5674	76	1	3.89e-28	135
NC_001564	SRA:ERX1788133.682897.2	98.684	76	1	0	5604	5679	76	1	3.89e-28	135
NC_001564	SRA:ERX1788133.682897.1	98.684	76	1	0	5504	5579	1	76	3.89e-28	135
NC_001564	SRA:ERX1788133.33788404.2	98.667	75	1	0	3817	3891	75	1	1.40e-27	134
NC_001564	SRA:ERX1788133.27954194.2	100.000	72	0	0	5646	5717	72	1	1.40e-27	134
NC_001564	SRA:ERX1788133.26944745.2	98.667	75	1	0	2305	2379	75	1	1.40e-27	134
NC_001564	SRA:ERX1788133.24739931.2	98.667	75	1	0	5472	5546	75	1	1.40e-27	134
NC_001564	SRA:ERX1788133.24739931.1	98.667	75	1	0	5354	5428	1	75	1.40e-27	134
NC_001564	SRA:ERX1788133.24197915.1	98.667	75	1	0	2594	2668	1	75	1.40e-27	134
NC_001564	SRA:ERX1788133.12930275.1	98.667	75	1	0	3217	3291	2	76	1.40e-27	134
NC_001564	SRA:ERX1788133.12708879.1	98.667	75	1	0	3006	3080	1	75	1.40e-27	134
NC_001564	SRA:ERX1788133.12217945.2	100.000	72	0	0	5646	5717	72	1	1.40e-27	134
NC_001564	SRA:ERX1788133.12187672.1	98.667	75	1	0	781	855	1	75	1.40e-27	134
NC_001564	SRA:ERX1788133.2685727.1	98.667	75	1	0	5525	5599	1	75	1.40e-27	134
NC_001564	SRA:ERX1788133.28077386.1	98.649	74	1	0	3470	3543	3	76	5.03e-27	132
NC_001564	SRA:ERX1788133.25594662.2	98.649	74	1	0	5267	5340	76	3	5.03e-27	132
NC_001564	SRA:ERX1788133.24880670.2	98.649	74	1	0	3839	3912	76	3	5.03e-27	132
NC_001564	SRA:ERX1788133.24737809.2	98.649	74	1	0	794	867	74	1	5.03e-27	132
NC_001564	SRA:ERX1788133.23593949.1	98.649	74	1	0	5585	5658	1	74	5.03e-27	132
NC_001564	SRA:ERX1788133.22235594.1	98.649	74	1	0	927	1000	3	76	5.03e-27	132
NC_001564	SRA:ERX1788133.15356480.1	98.649	74	1	0	3012	3085	1	74	5.03e-27	132
NC_001564	SRA:ERX1788133.7235491.1	98.649	74	1	0	739	812	3	76	5.03e-27	132
NC_001564	SRA:ERX1788133.1465475.2	98.649	74	1	0	5267	5340	76	3	5.03e-27	132
NC_001564	SRA:ERX1788133.33949289.1	97.368	76	2	0	889	964	1	76	1.81e-26	130
NC_001564	SRA:ERX1788133.33947132.2	97.368	76	2	0	949	1024	76	1	1.81e-26	130
NC_001564	SRA:ERX1788133.33420342.1	97.368	76	2	0	2229	2304	1	76	1.81e-26	130
NC_001564	SRA:ERX1788133.33169334.1	97.368	76	2	0	4459	4534	1	76	1.81e-26	130
NC_001564	SRA:ERX1788133.32569354.2	98.630	73	1	0	6433	6505	76	4	1.81e-26	130
NC_001564	SRA:ERX1788133.32515685.1	97.368	76	2	0	5180	5255	1	76	1.81e-26	130
NC_001564	SRA:ERX1788133.30889669.2	97.368	76	2	0	1017	1092	76	1	1.81e-26	130
NC_001564	SRA:ERX1788133.29448214.1	97.368	76	2	0	5903	5978	1	76	1.81e-26	130
NC_001564	SRA:ERX1788133.28896687.2	97.368	76	2	0	1830	1905	76	1	1.81e-26	130
NC_001564	SRA:ERX1788133.28616939.2	97.368	76	2	0	3425	3500	76	1	1.81e-26	130
NC_001564	SRA:ERX1788133.28607187.1	97.368	76	2	0	6460	6535	1	76	1.81e-26	130
NC_001564	SRA:ERX1788133.27546140.1	97.368	76	2	0	2135	2210	1	76	1.81e-26	130
NC_001564	SRA:ERX1788133.25677908.1	97.368	76	2	0	4133	4208	1	76	1.81e-26	130
NC_001564	SRA:ERX1788133.24663903.2	97.368	76	2	0	5883	5958	76	1	1.81e-26	130
NC_001564	SRA:ERX1788133.22396654.1	97.368	76	2	0	4144	4219	1	76	1.81e-26	130
NC_001564	SRA:ERX1788133.21270609.2	97.368	76	2	0	5923	5998	76	1	1.81e-26	130
NC_001564	SRA:ERX1788133.21145915.2	97.368	76	2	0	3457	3532	76	1	1.81e-26	130
NC_001564	SRA:ERX1788133.20291752.2	97.368	76	2	0	2164	2239	76	1	1.81e-26	130
NC_001564	SRA:ERX1788133.20291752.1	97.368	76	2	0	2119	2194	1	76	1.81e-26	130
NC_001564	SRA:ERX1788133.19702936.2	97.368	76	2	0	5572	5647	76	1	1.81e-26	130
NC_001564	SRA:ERX1788133.18493841.1	97.368	76	2	0	3390	3465	1	76	1.81e-26	130
NC_001564	SRA:ERX1788133.16717215.1	97.368	76	2	0	5170	5245	1	76	1.81e-26	130
NC_001564	SRA:ERX1788133.15321061.2	97.368	76	2	0	2090	2165	76	1	1.81e-26	130
NC_001564	SRA:ERX1788133.15066881.2	97.368	76	2	0	6433	6508	76	1	1.81e-26	130
NC_001564	SRA:ERX1788133.15066881.1	97.368	76	2	0	6351	6426	1	76	1.81e-26	130
NC_001564	SRA:ERX1788133.13050222.1	98.630	73	1	0	2809	2881	1	73	1.81e-26	130
NC_001564	SRA:ERX1788133.13017496.2	97.368	76	2	0	3204	3279	76	1	1.81e-26	130
NC_001564	SRA:ERX1788133.11903090.1	97.368	76	2	0	5173	5248	1	76	1.81e-26	130
NC_001564	SRA:ERX1788133.5074992.2	97.368	76	2	0	5941	6016	76	1	1.81e-26	130
NC_001564	SRA:ERX1788133.3969468.2	98.630	73	1	0	787	859	73	1	1.81e-26	130
NC_001564	SRA:ERX1788133.3877839.2	97.368	76	2	0	3244	3319	76	1	1.81e-26	130
NC_001564	SRA:ERX1788133.3652203.1	97.368	76	2	0	3077	3152	1	76	1.81e-26	130
NC_001564	SRA:ERX1788133.3419670.2	97.368	76	2	0	1830	1905	76	1	1.81e-26	130
NC_001564	SRA:ERX1788133.27954194.1	97.333	75	2	0	5573	5647	1	75	6.50e-26	128
NC_001564	SRA:ERX1788133.20365315.1	97.333	75	2	0	3906	3980	1	75	6.50e-26	128
NC_001564	SRA:ERX1788133.20063394.2	97.333	75	2	0	5914	5988	75	1	6.50e-26	128
NC_001564	SRA:ERX1788133.12217945.1	97.333	75	2	0	5573	5647	1	75	6.50e-26	128
NC_001564	SRA:ERX1788133.11870810.1	97.333	75	2	0	5573	5647	1	75	6.50e-26	128
NC_001564	SRA:ERX1788133.31493564.1	97.297	74	2	0	5571	5644	3	76	2.34e-25	126
NC_001564	SRA:ERX1788133.28088433.1	97.297	74	2	0	6007	6080	1	74	2.34e-25	126
NC_001564	SRA:ERX1788133.34370696.2	96.053	76	3	0	6130	6205	76	1	8.41e-25	124
NC_001564	SRA:ERX1788133.33426903.2	96.053	76	3	0	5805	5880	76	1	8.41e-25	124
NC_001564	SRA:ERX1788133.32569354.1	96.053	76	3	0	6283	6358	1	76	8.41e-25	124
NC_001564	SRA:ERX1788133.32515685.2	96.053	76	3	0	5328	5403	76	1	8.41e-25	124
NC_001564	SRA:ERX1788133.31792399.2	96.053	76	3	0	3541	3616	76	1	8.41e-25	124
NC_001564	SRA:ERX1788133.29850104.2	96.053	76	3	0	2040	2115	76	1	8.41e-25	124
NC_001564	SRA:ERX1788133.29743630.1	96.053	76	3	0	1918	1993	1	76	8.41e-25	124
NC_001564	SRA:ERX1788133.29408801.1	96.053	76	3	0	1840	1915	1	76	8.41e-25	124
NC_001564	SRA:ERX1788133.29015919.1	96.053	76	3	0	2195	2270	1	76	8.41e-25	124
NC_001564	SRA:ERX1788133.28673443.2	96.053	76	3	0	5805	5880	76	1	8.41e-25	124
NC_001564	SRA:ERX1788133.25814111.2	96.053	76	3	0	6163	6238	76	1	8.41e-25	124
NC_001564	SRA:ERX1788133.22106902.2	96.053	76	3	0	5811	5886	76	1	8.41e-25	124
NC_001564	SRA:ERX1788133.21145915.1	96.053	76	3	0	3324	3399	1	76	8.41e-25	124
NC_001564	SRA:ERX1788133.20365315.2	96.053	76	3	0	4094	4169	76	1	8.41e-25	124
NC_001564	SRA:ERX1788133.17963088.1	96.053	76	3	0	1836	1911	1	76	8.41e-25	124
NC_001564	SRA:ERX1788133.16342212.2	96.053	76	3	0	4415	4490	76	1	8.41e-25	124
NC_001564	SRA:ERX1788133.15709694.2	96.053	76	3	0	4153	4228	1	76	8.41e-25	124
NC_001564	SRA:ERX1788133.13833321.2	96.053	76	3	0	2878	2953	76	1	8.41e-25	124
NC_001564	SRA:ERX1788133.12708879.2	96.053	76	3	0	3164	3239	76	1	8.41e-25	124
NC_001564	SRA:ERX1788133.12454206.2	96.053	76	3	0	1987	2062	76	1	8.41e-25	124
NC_001564	SRA:ERX1788133.12454206.1	96.053	76	3	0	1914	1989	1	76	8.41e-25	124
NC_001564	SRA:ERX1788133.8349206.1	96.053	76	3	0	2887	2962	1	76	8.41e-25	124
NC_001564	SRA:ERX1788133.7595231.1	96.053	76	3	0	4331	4406	1	76	8.41e-25	124
NC_001564	SRA:ERX1788133.5845810.2	96.053	76	3	0	5817	5892	76	1	8.41e-25	124
NC_001564	SRA:ERX1788133.3877839.1	96.053	76	3	0	3178	3253	1	76	8.41e-25	124
NC_001564	SRA:ERX1788133.810299.2	96.053	76	3	0	6163	6238	76	1	8.41e-25	124
NC_001564	SRA:ERX1788133.810299.1	96.053	76	3	0	6126	6201	1	76	8.41e-25	124
NC_001564	SRA:ERX1788133.29408801.2	96.000	75	3	0	1958	2032	75	1	3.03e-24	122
NC_001564	SRA:ERX1788133.28432452.2	96.000	75	3	0	4997	5071	75	1	3.03e-24	122
NC_001564	SRA:ERX1788133.27777774.2	96.000	75	3	0	5000	5074	75	1	3.03e-24	122
NC_001564	SRA:ERX1788133.24957499.2	96.000	75	3	0	1839	1913	75	1	3.03e-24	122
NC_001564	SRA:ERX1788133.22106902.1	96.000	75	3	0	5804	5878	2	76	3.03e-24	122
NC_001564	SRA:ERX1788133.21275541.1	96.000	75	3	0	4998	5072	1	75	3.03e-24	122
NC_001564	SRA:ERX1788133.17963088.2	96.000	75	3	0	1900	1974	76	2	3.03e-24	122
NC_001564	SRA:ERX1788133.17068254.2	96.000	75	3	0	5190	5264	75	1	3.03e-24	122
NC_001564	SRA:ERX1788133.16717215.2	96.000	75	3	0	5300	5374	75	1	3.03e-24	122
NC_001564	SRA:ERX1788133.16018598.2	96.000	75	3	0	5821	5895	76	2	3.03e-24	122
NC_001564	SRA:ERX1788133.15356480.2	96.000	75	3	0	3172	3246	75	1	3.03e-24	122
NC_001564	SRA:ERX1788133.8797168.2	96.000	75	3	0	6196	6270	75	1	3.03e-24	122
NC_001564	SRA:ERX1788133.8797168.1	96.000	75	3	0	6119	6193	2	76	3.03e-24	122
NC_001564	SRA:ERX1788133.7595231.2	96.000	75	3	0	4405	4479	75	1	3.03e-24	122
NC_001564	SRA:ERX1788133.1454225.2	96.000	75	3	0	5014	5088	75	1	3.03e-24	122
NC_001564	SRA:ERX1788133.550819.2	96.000	75	3	0	2069	2143	75	1	3.03e-24	122
NC_001564	SRA:ERX1788133.30889669.1	95.946	74	3	0	888	961	3	76	1.09e-23	121
NC_001564	SRA:ERX1788133.29850104.1	95.946	74	3	0	1994	2067	1	74	1.09e-23	121
NC_001564	SRA:ERX1788133.20063394.1	95.946	74	3	0	5894	5967	1	74	1.09e-23	121
NC_001564	SRA:ERX1788133.16961506.2	95.946	74	3	0	2459	2532	74	1	1.09e-23	121
NC_001564	SRA:ERX1788133.31792399.1	94.737	76	4	0	3487	3562	1	76	3.91e-23	119
NC_001564	SRA:ERX1788133.28607187.2	100.000	64	0	0	739	802	64	1	3.91e-23	119
NC_001564	SRA:ERX1788133.18787451.2	95.946	74	2	1	6191	6264	75	3	3.91e-23	119
NC_001564	SRA:ERX1788133.18493841.2	94.737	76	4	0	3691	3766	76	1	3.91e-23	119
NC_001564	SRA:ERX1788133.17068254.1	94.737	76	4	0	5180	5255	1	76	3.91e-23	119
NC_001564	SRA:ERX1788133.13050222.2	94.737	76	4	0	2852	2927	76	1	3.91e-23	119
NC_001564	SRA:ERX1788133.5074992.1	94.737	76	4	0	5832	5907	1	76	3.91e-23	119
NC_001564	SRA:ERX1788133.4792259.2	100.000	64	0	0	1031	1094	76	13	3.91e-23	119
NC_001564	SRA:ERX1788133.34370696.1	94.667	75	4	0	6052	6126	1	75	1.41e-22	117
NC_001564	SRA:ERX1788133.28088433.2	94.667	75	4	0	6132	6206	75	1	1.41e-22	117
NC_001564	SRA:ERX1788133.26338207.2	95.833	72	3	0	6071	6142	72	1	1.41e-22	117
NC_001564	SRA:ERX1788133.25814111.1	97.101	69	2	0	5986	6054	1	69	1.41e-22	117
NC_001564	SRA:ERX1788133.24880670.1	94.667	75	4	0	3711	3785	1	75	1.41e-22	117
NC_001564	SRA:ERX1788133.29743630.2	94.595	74	4	0	1967	2040	74	1	5.06e-22	115
NC_001564	SRA:ERX1788133.27546140.2	93.421	76	5	0	2185	2260	76	1	1.82e-21	113
NC_001564	SRA:ERX1788133.19298382.2	94.521	73	4	0	5287	5359	76	4	1.82e-21	113
NC_001564	SRA:ERX1788133.15321061.1	93.421	76	5	0	2012	2087	1	76	1.82e-21	113
NC_001564	SRA:ERX1788133.28103131.2	100.000	60	0	0	1035	1094	76	17	6.55e-21	111
NC_001564	SRA:ERX1788133.24197915.2	93.333	75	5	0	2693	2767	75	1	6.55e-21	111
NC_001564	SRA:ERX1788133.16342212.1	94.444	72	4	0	4369	4440	1	72	6.55e-21	111
NC_001564	SRA:ERX1788133.17700392.2	93.243	74	5	0	2909	2982	74	1	2.36e-20	110
NC_001564	SRA:ERX1788133.17700392.1	93.243	74	5	0	2854	2927	3	76	2.36e-20	110
NC_001564	SRA:ERX1788133.7275280.1	91.892	74	6	0	739	812	3	76	1.10e-18	104
NC_001564	SRA:ERX1788133.28432452.1	98.000	50	1	0	4953	5002	26	75	1.10e-13	87.9
NC_001564	SRA:ERX1788133.29389404.1	91.837	49	4	0	2033	2081	1	49	3.09e-09	73.1
CFAV-Cairns_Australia_2014	SRA:ERX1788133.33947132.1	100.000	76	0	0	895	970	1	76	8.36e-30	141
CFAV-Cairns_Australia_2014	SRA:ERX1788133.33788404.1	100.000	76	0	0	3655	3730	1	76	8.36e-30	141
CFAV-Cairns_Australia_2014	SRA:ERX1788133.29015919.2	100.000	76	0	0	2302	2377	76	1	8.36e-30	141
CFAV-Cairns_Australia_2014	SRA:ERX1788133.25677908.2	100.000	76	0	0	4203	4278	76	1	8.36e-30	141
CFAV-Cairns_Australia_2014	SRA:ERX1788133.25615680.1	100.000	76	0	0	6401	6476	1	76	8.36e-30	141
CFAV-Cairns_Australia_2014	SRA:ERX1788133.24814869.2	100.000	76	0	0	5732	5807	76	1	8.36e-30	141
CFAV-Cairns_Australia_2014	SRA:ERX1788133.23273371.1	100.000	76	0	0	2270	2345	1	76	8.36e-30	141
CFAV-Cairns_Australia_2014	SRA:ERX1788133.22396654.2	100.000	76	0	0	4222	4297	76	1	8.36e-30	141
CFAV-Cairns_Australia_2014	SRA:ERX1788133.22235594.2	100.000	76	0	0	1003	1078	76	1	8.36e-30	141
CFAV-Cairns_Australia_2014	SRA:ERX1788133.21647483.2	100.000	76	0	0	5485	5560	76	1	8.36e-30	141
CFAV-Cairns_Australia_2014	SRA:ERX1788133.21647483.1	100.000	76	0	0	5389	5464	1	76	8.36e-30	141
CFAV-Cairns_Australia_2014	SRA:ERX1788133.19702936.2	100.000	76	0	0	5571	5646	76	1	8.36e-30	141
CFAV-Cairns_Australia_2014	SRA:ERX1788133.18493841.2	100.000	76	0	0	3690	3765	76	1	8.36e-30	141
CFAV-Cairns_Australia_2014	SRA:ERX1788133.16961506.1	100.000	76	0	0	2322	2397	1	76	8.36e-30	141
CFAV-Cairns_Australia_2014	SRA:ERX1788133.7235491.2	100.000	76	0	0	874	949	76	1	8.36e-30	141
CFAV-Cairns_Australia_2014	SRA:ERX1788133.5932645.1	100.000	76	0	0	6391	6466	1	76	8.36e-30	141
CFAV-Cairns_Australia_2014	SRA:ERX1788133.4255153.2	100.000	76	0	0	2280	2355	76	1	8.36e-30	141
CFAV-Cairns_Australia_2014	SRA:ERX1788133.2685727.2	100.000	76	0	0	5598	5673	76	1	8.36e-30	141
CFAV-Cairns_Australia_2014	SRA:ERX1788133.682897.2	100.000	76	0	0	5603	5678	76	1	8.36e-30	141
CFAV-Cairns_Australia_2014	SRA:ERX1788133.682897.1	100.000	76	0	0	5503	5578	1	76	8.36e-30	141
CFAV-Cairns_Australia_2014	SRA:ERX1788133.28103131.1	100.000	75	0	0	1008	1082	1	75	3.01e-29	139
CFAV-Cairns_Australia_2014	SRA:ERX1788133.28077386.1	100.000	75	0	0	3468	3542	2	76	3.01e-29	139
CFAV-Cairns_Australia_2014	SRA:ERX1788133.27954194.1	100.000	75	0	0	5572	5646	1	75	3.01e-29	139
CFAV-Cairns_Australia_2014	SRA:ERX1788133.26944745.2	100.000	75	0	0	2304	2378	75	1	3.01e-29	139
CFAV-Cairns_Australia_2014	SRA:ERX1788133.25594662.1	100.000	75	0	0	5231	5305	1	75	3.01e-29	139
CFAV-Cairns_Australia_2014	SRA:ERX1788133.24880670.1	100.000	75	0	0	3710	3784	1	75	3.01e-29	139
CFAV-Cairns_Australia_2014	SRA:ERX1788133.24739931.2	100.000	75	0	0	5471	5545	75	1	3.01e-29	139
CFAV-Cairns_Australia_2014	SRA:ERX1788133.23593949.2	100.000	75	0	0	5725	5799	75	1	3.01e-29	139
CFAV-Cairns_Australia_2014	SRA:ERX1788133.12217945.1	100.000	75	0	0	5572	5646	1	75	3.01e-29	139
CFAV-Cairns_Australia_2014	SRA:ERX1788133.12187672.2	100.000	75	0	0	912	986	75	1	3.01e-29	139
CFAV-Cairns_Australia_2014	SRA:ERX1788133.11903090.2	100.000	75	0	0	5228	5302	75	1	3.01e-29	139
CFAV-Cairns_Australia_2014	SRA:ERX1788133.11870810.1	100.000	75	0	0	5572	5646	1	75	3.01e-29	139
CFAV-Cairns_Australia_2014	SRA:ERX1788133.2685727.1	100.000	75	0	0	5524	5598	1	75	3.01e-29	139
CFAV-Cairns_Australia_2014	SRA:ERX1788133.31493564.1	100.000	74	0	0	5570	5643	3	76	1.08e-28	137
CFAV-Cairns_Australia_2014	SRA:ERX1788133.23593949.1	100.000	74	0	0	5584	5657	1	74	1.08e-28	137
CFAV-Cairns_Australia_2014	SRA:ERX1788133.34370696.2	98.684	76	1	0	6129	6204	76	1	3.89e-28	135
CFAV-Cairns_Australia_2014	SRA:ERX1788133.33949289.2	98.684	76	1	0	949	1024	76	1	3.89e-28	135
CFAV-Cairns_Australia_2014	SRA:ERX1788133.33949289.1	98.684	76	1	0	888	963	1	76	3.89e-28	135
CFAV-Cairns_Australia_2014	SRA:ERX1788133.33426903.2	98.684	76	1	0	5804	5879	76	1	3.89e-28	135
CFAV-Cairns_Australia_2014	SRA:ERX1788133.33420342.2	98.684	76	1	0	2348	2423	76	1	3.89e-28	135
CFAV-Cairns_Australia_2014	SRA:ERX1788133.29389404.2	98.684	76	1	0	2245	2320	76	1	3.89e-28	135
CFAV-Cairns_Australia_2014	SRA:ERX1788133.28896687.1	98.684	76	1	0	949	1024	1	76	3.89e-28	135
CFAV-Cairns_Australia_2014	SRA:ERX1788133.28673443.2	98.684	76	1	0	5804	5879	76	1	3.89e-28	135
CFAV-Cairns_Australia_2014	SRA:ERX1788133.28077386.2	98.684	76	1	0	3534	3609	76	1	3.89e-28	135
CFAV-Cairns_Australia_2014	SRA:ERX1788133.25814111.2	98.684	76	1	0	6162	6237	76	1	3.89e-28	135
CFAV-Cairns_Australia_2014	SRA:ERX1788133.25615680.2	98.684	76	1	0	741	816	76	1	3.89e-28	135
CFAV-Cairns_Australia_2014	SRA:ERX1788133.24957499.1	98.684	76	1	0	924	999	1	76	3.89e-28	135
CFAV-Cairns_Australia_2014	SRA:ERX1788133.24880670.2	98.684	76	1	0	3838	3913	76	1	3.89e-28	135
CFAV-Cairns_Australia_2014	SRA:ERX1788133.24663903.1	98.684	76	1	0	5840	5915	1	76	3.89e-28	135
CFAV-Cairns_Australia_2014	SRA:ERX1788133.22106902.2	98.684	76	1	0	5810	5885	76	1	3.89e-28	135
CFAV-Cairns_Australia_2014	SRA:ERX1788133.22106902.1	98.684	76	1	0	5802	5877	1	76	3.89e-28	135
CFAV-Cairns_Australia_2014	SRA:ERX1788133.21275541.2	98.684	76	1	0	5033	5108	76	1	3.89e-28	135
CFAV-Cairns_Australia_2014	SRA:ERX1788133.21270609.1	98.684	76	1	0	5843	5918	1	76	3.89e-28	135
CFAV-Cairns_Australia_2014	SRA:ERX1788133.21145915.2	98.684	76	1	0	3456	3531	76	1	3.89e-28	135
CFAV-Cairns_Australia_2014	SRA:ERX1788133.20291752.2	98.684	76	1	0	2163	2238	76	1	3.89e-28	135
CFAV-Cairns_Australia_2014	SRA:ERX1788133.20291752.1	98.684	76	1	0	2118	2193	1	76	3.89e-28	135
CFAV-Cairns_Australia_2014	SRA:ERX1788133.19702936.1	98.684	76	1	0	5498	5573	1	76	3.89e-28	135
CFAV-Cairns_Australia_2014	SRA:ERX1788133.18112559.1	98.684	76	1	0	2924	2999	1	76	3.89e-28	135
CFAV-Cairns_Australia_2014	SRA:ERX1788133.17963088.2	98.684	76	1	0	1899	1974	76	1	3.89e-28	135
CFAV-Cairns_Australia_2014	SRA:ERX1788133.16018598.2	98.684	76	1	0	5820	5895	76	1	3.89e-28	135
CFAV-Cairns_Australia_2014	SRA:ERX1788133.15321061.2	98.684	76	1	0	2089	2164	76	1	3.89e-28	135
CFAV-Cairns_Australia_2014	SRA:ERX1788133.15066881.1	98.684	76	1	0	6350	6425	1	76	3.89e-28	135
CFAV-Cairns_Australia_2014	SRA:ERX1788133.13833321.1	98.684	76	1	0	2798	2873	1	76	3.89e-28	135
CFAV-Cairns_Australia_2014	SRA:ERX1788133.13050222.1	100.000	73	0	0	2808	2880	1	73	3.89e-28	135
CFAV-Cairns_Australia_2014	SRA:ERX1788133.11017913.2	98.684	76	1	0	2599	2674	76	1	3.89e-28	135
CFAV-Cairns_Australia_2014	SRA:ERX1788133.8349206.2	98.684	76	1	0	2919	2994	76	1	3.89e-28	135
CFAV-Cairns_Australia_2014	SRA:ERX1788133.7133540.2	98.684	76	1	0	5095	5170	76	1	3.89e-28	135
CFAV-Cairns_Australia_2014	SRA:ERX1788133.7133540.1	98.684	76	1	0	5033	5108	1	76	3.89e-28	135
CFAV-Cairns_Australia_2014	SRA:ERX1788133.5845810.2	98.684	76	1	0	5816	5891	76	1	3.89e-28	135
CFAV-Cairns_Australia_2014	SRA:ERX1788133.5074992.1	98.684	76	1	0	5831	5906	1	76	3.89e-28	135
CFAV-Cairns_Australia_2014	SRA:ERX1788133.4792259.1	98.684	76	1	0	924	999	1	76	3.89e-28	135
CFAV-Cairns_Australia_2014	SRA:ERX1788133.4255153.1	98.684	76	1	0	2206	2281	1	76	3.89e-28	135
CFAV-Cairns_Australia_2014	SRA:ERX1788133.3652203.1	98.684	76	1	0	3076	3151	1	76	3.89e-28	135
CFAV-Cairns_Australia_2014	SRA:ERX1788133.3419670.1	98.684	76	1	0	949	1024	1	76	3.89e-28	135
CFAV-Cairns_Australia_2014	SRA:ERX1788133.810299.2	98.684	76	1	0	6162	6237	76	1	3.89e-28	135
CFAV-Cairns_Australia_2014	SRA:ERX1788133.810299.1	98.684	76	1	0	6125	6200	1	76	3.89e-28	135
CFAV-Cairns_Australia_2014	SRA:ERX1788133.33788404.2	98.667	75	1	0	3816	3890	75	1	1.40e-27	134
CFAV-Cairns_Australia_2014	SRA:ERX1788133.28432452.2	98.667	75	1	0	4996	5070	75	1	1.40e-27	134
CFAV-Cairns_Australia_2014	SRA:ERX1788133.27777774.2	98.667	75	1	0	4999	5073	75	1	1.40e-27	134
CFAV-Cairns_Australia_2014	SRA:ERX1788133.24739931.1	98.667	75	1	0	5353	5427	1	75	1.40e-27	134
CFAV-Cairns_Australia_2014	SRA:ERX1788133.24197915.1	98.667	75	1	0	2593	2667	1	75	1.40e-27	134
CFAV-Cairns_Australia_2014	SRA:ERX1788133.21275541.1	98.667	75	1	0	4997	5071	1	75	1.40e-27	134
CFAV-Cairns_Australia_2014	SRA:ERX1788133.12187672.1	98.667	75	1	0	780	854	1	75	1.40e-27	134
CFAV-Cairns_Australia_2014	SRA:ERX1788133.8797168.2	98.667	75	1	0	6195	6269	75	1	1.40e-27	134
CFAV-Cairns_Australia_2014	SRA:ERX1788133.8797168.1	98.667	75	1	0	6118	6192	2	76	1.40e-27	134
CFAV-Cairns_Australia_2014	SRA:ERX1788133.7595231.2	98.667	75	1	0	4404	4478	75	1	1.40e-27	134
CFAV-Cairns_Australia_2014	SRA:ERX1788133.3969468.1	98.667	75	1	0	739	813	1	75	1.40e-27	134
CFAV-Cairns_Australia_2014	SRA:ERX1788133.1465475.1	98.667	75	1	0	5098	5172	1	75	1.40e-27	134
CFAV-Cairns_Australia_2014	SRA:ERX1788133.24737809.2	98.649	74	1	0	793	866	74	1	5.03e-27	132
CFAV-Cairns_Australia_2014	SRA:ERX1788133.23273371.2	98.649	74	1	0	2351	2424	74	1	5.03e-27	132
CFAV-Cairns_Australia_2014	SRA:ERX1788133.22235594.1	98.649	74	1	0	926	999	3	76	5.03e-27	132
CFAV-Cairns_Australia_2014	SRA:ERX1788133.11435755.2	98.649	74	1	0	2351	2424	74	1	5.03e-27	132
CFAV-Cairns_Australia_2014	SRA:ERX1788133.33947132.2	97.368	76	2	0	948	1023	76	1	1.81e-26	130
CFAV-Cairns_Australia_2014	SRA:ERX1788133.33420342.1	97.368	76	2	0	2228	2303	1	76	1.81e-26	130
CFAV-Cairns_Australia_2014	SRA:ERX1788133.32569354.2	98.630	73	1	0	6432	6504	76	4	1.81e-26	130
CFAV-Cairns_Australia_2014	SRA:ERX1788133.32569354.1	97.368	76	2	0	6282	6357	1	76	1.81e-26	130
CFAV-Cairns_Australia_2014	SRA:ERX1788133.32515685.2	97.368	76	2	0	5327	5402	76	1	1.81e-26	130
CFAV-Cairns_Australia_2014	SRA:ERX1788133.31493564.2	97.368	76	2	0	5665	5740	76	1	1.81e-26	130
CFAV-Cairns_Australia_2014	SRA:ERX1788133.30889669.2	97.368	76	2	0	1016	1091	76	1	1.81e-26	130
CFAV-Cairns_Australia_2014	SRA:ERX1788133.29743630.1	97.368	76	2	0	1917	1992	1	76	1.81e-26	130
CFAV-Cairns_Australia_2014	SRA:ERX1788133.29408801.1	97.368	76	2	0	1839	1914	1	76	1.81e-26	130
CFAV-Cairns_Australia_2014	SRA:ERX1788133.28896687.2	97.368	76	2	0	1829	1904	76	1	1.81e-26	130
CFAV-Cairns_Australia_2014	SRA:ERX1788133.28616939.2	97.368	76	2	0	3424	3499	76	1	1.81e-26	130
CFAV-Cairns_Australia_2014	SRA:ERX1788133.28616939.1	97.368	76	2	0	3298	3373	1	76	1.81e-26	130
CFAV-Cairns_Australia_2014	SRA:ERX1788133.27546140.1	97.368	76	2	0	2134	2209	1	76	1.81e-26	130
CFAV-Cairns_Australia_2014	SRA:ERX1788133.26944745.1	97.368	76	2	0	2194	2269	1	76	1.81e-26	130
CFAV-Cairns_Australia_2014	SRA:ERX1788133.25677908.1	97.368	76	2	0	4132	4207	1	76	1.81e-26	130
CFAV-Cairns_Australia_2014	SRA:ERX1788133.25594662.2	97.368	76	2	0	5266	5341	76	1	1.81e-26	130
CFAV-Cairns_Australia_2014	SRA:ERX1788133.24663903.2	97.368	76	2	0	5882	5957	76	1	1.81e-26	130
CFAV-Cairns_Australia_2014	SRA:ERX1788133.24339509.2	97.368	76	2	0	5978	6053	76	1	1.81e-26	130
CFAV-Cairns_Australia_2014	SRA:ERX1788133.22396654.1	97.368	76	2	0	4143	4218	1	76	1.81e-26	130
CFAV-Cairns_Australia_2014	SRA:ERX1788133.21145915.1	97.368	76	2	0	3323	3398	1	76	1.81e-26	130
CFAV-Cairns_Australia_2014	SRA:ERX1788133.18112559.2	97.368	76	2	0	2965	3040	76	1	1.81e-26	130
CFAV-Cairns_Australia_2014	SRA:ERX1788133.17963088.1	97.368	76	2	0	1835	1910	1	76	1.81e-26	130
CFAV-Cairns_Australia_2014	SRA:ERX1788133.16342212.2	97.368	76	2	0	4414	4489	76	1	1.81e-26	130
CFAV-Cairns_Australia_2014	SRA:ERX1788133.16018598.1	97.368	76	2	0	5702	5777	1	76	1.81e-26	130
CFAV-Cairns_Australia_2014	SRA:ERX1788133.15066881.2	97.368	76	2	0	6432	6507	76	1	1.81e-26	130
CFAV-Cairns_Australia_2014	SRA:ERX1788133.13833321.2	97.368	76	2	0	2877	2952	76	1	1.81e-26	130
CFAV-Cairns_Australia_2014	SRA:ERX1788133.13050222.2	97.368	76	2	0	2851	2926	76	1	1.81e-26	130
CFAV-Cairns_Australia_2014	SRA:ERX1788133.13017496.2	97.368	76	2	0	3203	3278	76	1	1.81e-26	130
CFAV-Cairns_Australia_2014	SRA:ERX1788133.12454206.1	98.630	73	1	0	1913	1985	1	73	1.81e-26	130
CFAV-Cairns_Australia_2014	SRA:ERX1788133.11870810.2	97.368	76	2	0	5665	5740	76	1	1.81e-26	130
CFAV-Cairns_Australia_2014	SRA:ERX1788133.11435755.1	97.368	76	2	0	2195	2270	1	76	1.81e-26	130
CFAV-Cairns_Australia_2014	SRA:ERX1788133.8349206.1	97.368	76	2	0	2886	2961	1	76	1.81e-26	130
CFAV-Cairns_Australia_2014	SRA:ERX1788133.7595231.1	97.368	76	2	0	4330	4405	1	76	1.81e-26	130
CFAV-Cairns_Australia_2014	SRA:ERX1788133.7235491.1	97.368	76	2	0	736	811	1	76	1.81e-26	130
CFAV-Cairns_Australia_2014	SRA:ERX1788133.3969468.2	98.630	73	1	0	786	858	73	1	1.81e-26	130
CFAV-Cairns_Australia_2014	SRA:ERX1788133.3877839.2	97.368	76	2	0	3243	3318	76	1	1.81e-26	130
CFAV-Cairns_Australia_2014	SRA:ERX1788133.3419670.2	97.368	76	2	0	1829	1904	76	1	1.81e-26	130
CFAV-Cairns_Australia_2014	SRA:ERX1788133.1465475.2	97.368	76	2	0	5266	5341	76	1	1.81e-26	130
CFAV-Cairns_Australia_2014	SRA:ERX1788133.33426903.1	97.333	75	2	0	5679	5753	1	75	6.51e-26	128
CFAV-Cairns_Australia_2014	SRA:ERX1788133.28673443.1	97.333	75	2	0	5679	5753	1	75	6.51e-26	128
CFAV-Cairns_Australia_2014	SRA:ERX1788133.28607187.2	100.000	69	0	0	733	801	69	1	6.51e-26	128
CFAV-Cairns_Australia_2014	SRA:ERX1788133.28088433.2	97.333	75	2	0	6131	6205	75	1	6.51e-26	128
CFAV-Cairns_Australia_2014	SRA:ERX1788133.27954194.2	98.611	72	1	0	5645	5716	72	1	6.51e-26	128
CFAV-Cairns_Australia_2014	SRA:ERX1788133.24957499.2	97.333	75	2	0	1838	1912	75	1	6.51e-26	128
CFAV-Cairns_Australia_2014	SRA:ERX1788133.20365315.1	97.333	75	2	0	3905	3979	1	75	6.51e-26	128
CFAV-Cairns_Australia_2014	SRA:ERX1788133.18787451.2	97.368	76	1	1	6190	6265	75	1	6.51e-26	128
CFAV-Cairns_Australia_2014	SRA:ERX1788133.12930275.1	98.611	72	1	0	3216	3287	2	73	6.51e-26	128
CFAV-Cairns_Australia_2014	SRA:ERX1788133.12217945.2	98.611	72	1	0	5645	5716	72	1	6.51e-26	128
CFAV-Cairns_Australia_2014	SRA:ERX1788133.5845810.1	97.333	75	2	0	5668	5742	1	75	6.51e-26	128
CFAV-Cairns_Australia_2014	SRA:ERX1788133.1454225.2	97.333	75	2	0	5013	5087	75	1	6.51e-26	128
CFAV-Cairns_Australia_2014	SRA:ERX1788133.30889669.1	97.297	74	2	0	887	960	3	76	2.34e-25	126
CFAV-Cairns_Australia_2014	SRA:ERX1788133.12708879.2	97.297	74	2	0	3163	3236	76	3	2.34e-25	126
CFAV-Cairns_Australia_2014	SRA:ERX1788133.31792399.1	96.053	76	3	0	3486	3561	1	76	8.41e-25	124
CFAV-Cairns_Australia_2014	SRA:ERX1788133.29448214.2	96.053	76	3	0	5958	6033	76	1	8.41e-25	124
CFAV-Cairns_Australia_2014	SRA:ERX1788133.29448214.1	96.053	76	3	0	5902	5977	1	76	8.41e-25	124
CFAV-Cairns_Australia_2014	SRA:ERX1788133.28607187.1	96.053	76	3	0	6459	6534	1	76	8.41e-25	124
CFAV-Cairns_Australia_2014	SRA:ERX1788133.24814869.1	96.053	76	3	0	5657	5732	1	76	8.41e-25	124
CFAV-Cairns_Australia_2014	SRA:ERX1788133.21270609.2	96.053	76	3	0	5922	5997	76	1	8.41e-25	124
CFAV-Cairns_Australia_2014	SRA:ERX1788133.18493841.1	96.053	76	3	0	3389	3464	1	76	8.41e-25	124
CFAV-Cairns_Australia_2014	SRA:ERX1788133.16961506.2	96.053	76	3	0	2456	2531	76	1	8.41e-25	124
CFAV-Cairns_Australia_2014	SRA:ERX1788133.15709694.2	96.053	76	3	0	4152	4227	1	76	8.41e-25	124
CFAV-Cairns_Australia_2014	SRA:ERX1788133.13017496.1	96.053	76	3	0	3018	3093	1	76	8.41e-25	124
CFAV-Cairns_Australia_2014	SRA:ERX1788133.5074992.2	96.053	76	3	0	5940	6015	76	1	8.41e-25	124
CFAV-Cairns_Australia_2014	SRA:ERX1788133.34370696.1	96.000	75	3	0	6051	6125	1	75	3.03e-24	122
CFAV-Cairns_Australia_2014	SRA:ERX1788133.20063394.2	96.000	75	3	0	5913	5987	75	1	3.03e-24	122
CFAV-Cairns_Australia_2014	SRA:ERX1788133.16717215.2	96.000	75	3	0	5299	5373	75	1	3.03e-24	122
CFAV-Cairns_Australia_2014	SRA:ERX1788133.12708879.1	96.000	75	3	0	3005	3079	1	75	3.03e-24	122
CFAV-Cairns_Australia_2014	SRA:ERX1788133.550819.2	97.222	72	2	0	2071	2142	72	1	3.03e-24	122
CFAV-Cairns_Australia_2014	SRA:ERX1788133.29850104.2	95.946	74	3	0	2041	2114	74	1	1.09e-23	121
CFAV-Cairns_Australia_2014	SRA:ERX1788133.29408801.2	95.946	74	3	0	1957	2030	75	2	1.09e-23	121
CFAV-Cairns_Australia_2014	SRA:ERX1788133.28088433.1	95.946	74	3	0	6006	6079	1	74	1.09e-23	121
CFAV-Cairns_Australia_2014	SRA:ERX1788133.20063394.1	95.946	74	3	0	5893	5966	1	74	1.09e-23	121
CFAV-Cairns_Australia_2014	SRA:ERX1788133.17700392.1	95.946	74	3	0	2853	2926	3	76	1.09e-23	121
CFAV-Cairns_Australia_2014	SRA:ERX1788133.15356480.1	95.946	74	3	0	3011	3084	1	74	1.09e-23	121
CFAV-Cairns_Australia_2014	SRA:ERX1788133.12930275.2	95.946	74	3	0	3462	3535	74	1	1.09e-23	121
CFAV-Cairns_Australia_2014	SRA:ERX1788133.32515685.1	94.737	76	4	0	5179	5254	1	76	3.92e-23	119
CFAV-Cairns_Australia_2014	SRA:ERX1788133.31792399.2	94.737	76	4	0	3540	3615	76	1	3.92e-23	119
CFAV-Cairns_Australia_2014	SRA:ERX1788133.29015919.1	94.737	76	4	0	2194	2269	1	76	3.92e-23	119
CFAV-Cairns_Australia_2014	SRA:ERX1788133.20365315.2	94.737	76	4	0	4093	4168	76	1	3.92e-23	119
CFAV-Cairns_Australia_2014	SRA:ERX1788133.16717215.1	94.737	76	4	0	5169	5244	1	76	3.92e-23	119
CFAV-Cairns_Australia_2014	SRA:ERX1788133.16342212.1	94.737	76	4	0	4368	4443	1	76	3.92e-23	119
CFAV-Cairns_Australia_2014	SRA:ERX1788133.11903090.1	94.737	76	4	0	5172	5247	1	76	3.92e-23	119
CFAV-Cairns_Australia_2014	SRA:ERX1788133.5932645.2	94.737	76	4	0	6484	6559	76	1	3.92e-23	119
CFAV-Cairns_Australia_2014	SRA:ERX1788133.4792259.2	100.000	64	0	0	1030	1093	76	13	3.92e-23	119
CFAV-Cairns_Australia_2014	SRA:ERX1788133.26338207.2	95.833	72	3	0	6070	6141	72	1	1.41e-22	117
CFAV-Cairns_Australia_2014	SRA:ERX1788133.17068254.2	94.667	75	4	0	5189	5263	75	1	1.41e-22	117
CFAV-Cairns_Australia_2014	SRA:ERX1788133.28103131.2	100.000	60	0	0	1034	1093	76	17	6.55e-21	111
CFAV-Cairns_Australia_2014	SRA:ERX1788133.25814111.1	93.333	75	5	0	5985	6059	1	75	6.55e-21	111
CFAV-Cairns_Australia_2014	SRA:ERX1788133.17700392.2	93.243	74	5	0	2908	2981	74	1	2.36e-20	110
CFAV-Cairns_Australia_2014	SRA:ERX1788133.17068254.1	92.105	76	6	0	5179	5254	1	76	8.47e-20	108
CFAV-Cairns_Australia_2014	SRA:ERX1788133.7275280.1	90.789	76	7	0	736	811	1	76	3.94e-18	102
CFAV-Cairns_Australia_2014	SRA:ERX1788133.24197915.2	90.667	75	7	0	2692	2766	75	1	1.42e-17	100
CFAV-Cairns_Australia_2014	SRA:ERX1788133.28432452.1	98.000	50	1	0	4952	5001	26	75	1.10e-13	87.9
CFAV-Macapa2_Brazil_2017	SRA:ERX1788133.28077386.2	100.000	76	0	0	3535	3610	76	1	8.36e-30	141
CFAV-Macapa2_Brazil_2017	SRA:ERX1788133.22235594.2	100.000	76	0	0	1004	1079	76	1	8.36e-30	141
CFAV-Macapa2_Brazil_2017	SRA:ERX1788133.21647483.1	100.000	76	0	0	5390	5465	1	76	8.36e-30	141
CFAV-Macapa2_Brazil_2017	SRA:ERX1788133.13833321.1	100.000	76	0	0	2799	2874	1	76	8.36e-30	141
CFAV-Macapa2_Brazil_2017	SRA:ERX1788133.28103131.1	100.000	75	0	0	1009	1083	1	75	3.01e-29	139
CFAV-Macapa2_Brazil_2017	SRA:ERX1788133.25594662.1	100.000	75	0	0	5232	5306	1	75	3.01e-29	139
CFAV-Macapa2_Brazil_2017	SRA:ERX1788133.24739931.2	100.000	75	0	0	5472	5546	75	1	3.01e-29	139
CFAV-Macapa2_Brazil_2017	SRA:ERX1788133.12187672.1	100.000	75	0	0	781	855	1	75	3.01e-29	139
CFAV-Macapa2_Brazil_2017	SRA:ERX1788133.1454225.2	100.000	75	0	0	5014	5088	75	1	3.01e-29	139
CFAV-Macapa2_Brazil_2017	SRA:ERX1788133.21647483.2	100.000	74	0	0	5486	5559	76	3	1.08e-28	137
CFAV-Macapa2_Brazil_2017	SRA:ERX1788133.33949289.2	98.684	76	1	0	950	1025	76	1	3.89e-28	135
CFAV-Macapa2_Brazil_2017	SRA:ERX1788133.31493564.2	98.684	76	1	0	5666	5741	76	1	3.89e-28	135
CFAV-Macapa2_Brazil_2017	SRA:ERX1788133.28896687.1	98.684	76	1	0	950	1025	1	76	3.89e-28	135
CFAV-Macapa2_Brazil_2017	SRA:ERX1788133.28616939.1	98.684	76	1	0	3299	3374	1	76	3.89e-28	135
CFAV-Macapa2_Brazil_2017	SRA:ERX1788133.25615680.2	98.684	76	1	0	742	817	76	1	3.89e-28	135
CFAV-Macapa2_Brazil_2017	SRA:ERX1788133.25615680.1	98.684	76	1	0	6402	6477	1	76	3.89e-28	135
CFAV-Macapa2_Brazil_2017	SRA:ERX1788133.25594662.2	98.684	76	1	0	5267	5342	76	1	3.89e-28	135
CFAV-Macapa2_Brazil_2017	SRA:ERX1788133.24957499.1	98.684	76	1	0	925	1000	1	76	3.89e-28	135
CFAV-Macapa2_Brazil_2017	SRA:ERX1788133.24663903.2	98.684	76	1	0	5883	5958	76	1	3.89e-28	135
CFAV-Macapa2_Brazil_2017	SRA:ERX1788133.18493841.2	98.684	76	1	0	3691	3766	76	1	3.89e-28	135
CFAV-Macapa2_Brazil_2017	SRA:ERX1788133.18493841.1	98.684	76	1	0	3390	3465	1	76	3.89e-28	135
CFAV-Macapa2_Brazil_2017	SRA:ERX1788133.15066881.1	98.684	76	1	0	6351	6426	1	76	3.89e-28	135
CFAV-Macapa2_Brazil_2017	SRA:ERX1788133.13833321.2	98.684	76	1	0	2878	2953	76	1	3.89e-28	135
CFAV-Macapa2_Brazil_2017	SRA:ERX1788133.13050222.2	98.684	76	1	0	2852	2927	76	1	3.89e-28	135
CFAV-Macapa2_Brazil_2017	SRA:ERX1788133.13050222.1	100.000	73	0	0	2809	2881	1	73	3.89e-28	135
CFAV-Macapa2_Brazil_2017	SRA:ERX1788133.12454206.2	98.684	76	1	0	1987	2062	76	1	3.89e-28	135
CFAV-Macapa2_Brazil_2017	SRA:ERX1788133.11903090.2	100.000	73	0	0	5231	5303	73	1	3.89e-28	135
CFAV-Macapa2_Brazil_2017	SRA:ERX1788133.11870810.2	98.684	76	1	0	5666	5741	76	1	3.89e-28	135
CFAV-Macapa2_Brazil_2017	SRA:ERX1788133.11017913.2	98.684	76	1	0	2600	2675	76	1	3.89e-28	135
CFAV-Macapa2_Brazil_2017	SRA:ERX1788133.8349206.1	98.684	76	1	0	2887	2962	1	76	3.89e-28	135
CFAV-Macapa2_Brazil_2017	SRA:ERX1788133.5932645.2	98.684	76	1	0	6485	6560	76	1	3.89e-28	135
CFAV-Macapa2_Brazil_2017	SRA:ERX1788133.5932645.1	98.684	76	1	0	6392	6467	1	76	3.89e-28	135
CFAV-Macapa2_Brazil_2017	SRA:ERX1788133.4792259.1	98.684	76	1	0	925	1000	1	76	3.89e-28	135
CFAV-Macapa2_Brazil_2017	SRA:ERX1788133.3877839.2	98.684	76	1	0	3244	3319	76	1	3.89e-28	135
CFAV-Macapa2_Brazil_2017	SRA:ERX1788133.3419670.1	98.684	76	1	0	950	1025	1	76	3.89e-28	135
CFAV-Macapa2_Brazil_2017	SRA:ERX1788133.1465475.2	98.684	76	1	0	5267	5342	76	1	3.89e-28	135
CFAV-Macapa2_Brazil_2017	SRA:ERX1788133.682897.1	98.684	76	1	0	5504	5579	1	76	3.89e-28	135
CFAV-Macapa2_Brazil_2017	SRA:ERX1788133.29408801.2	98.667	75	1	0	1958	2032	75	1	1.40e-27	134
CFAV-Macapa2_Brazil_2017	SRA:ERX1788133.28432452.2	98.667	75	1	0	4997	5071	75	1	1.40e-27	134
CFAV-Macapa2_Brazil_2017	SRA:ERX1788133.27777774.2	98.667	75	1	0	5000	5074	75	1	1.40e-27	134
CFAV-Macapa2_Brazil_2017	SRA:ERX1788133.24739931.1	98.667	75	1	0	5354	5428	1	75	1.40e-27	134
CFAV-Macapa2_Brazil_2017	SRA:ERX1788133.24197915.1	98.667	75	1	0	2594	2668	1	75	1.40e-27	134
CFAV-Macapa2_Brazil_2017	SRA:ERX1788133.21275541.1	98.667	75	1	0	4998	5072	1	75	1.40e-27	134
CFAV-Macapa2_Brazil_2017	SRA:ERX1788133.12187672.2	98.667	75	1	0	913	987	75	1	1.40e-27	134
CFAV-Macapa2_Brazil_2017	SRA:ERX1788133.5845810.1	98.667	75	1	0	5669	5743	1	75	1.40e-27	134
CFAV-Macapa2_Brazil_2017	SRA:ERX1788133.3969468.1	98.667	75	1	0	740	814	1	75	1.40e-27	134
CFAV-Macapa2_Brazil_2017	SRA:ERX1788133.2685727.1	98.667	75	1	0	5525	5599	1	75	1.40e-27	134
CFAV-Macapa2_Brazil_2017	SRA:ERX1788133.29743630.2	98.649	74	1	0	1967	2040	74	1	5.03e-27	132
CFAV-Macapa2_Brazil_2017	SRA:ERX1788133.24737809.2	98.649	74	1	0	794	867	74	1	5.03e-27	132
CFAV-Macapa2_Brazil_2017	SRA:ERX1788133.22235594.1	98.649	74	1	0	927	1000	3	76	5.03e-27	132
CFAV-Macapa2_Brazil_2017	SRA:ERX1788133.21275541.2	100.000	71	0	0	5034	5104	76	6	5.03e-27	132
CFAV-Macapa2_Brazil_2017	SRA:ERX1788133.7133540.1	100.000	71	0	0	5034	5104	1	71	5.03e-27	132
CFAV-Macapa2_Brazil_2017	SRA:ERX1788133.34370696.2	97.368	76	2	0	6130	6205	76	1	1.81e-26	130
CFAV-Macapa2_Brazil_2017	SRA:ERX1788133.33947132.2	97.368	76	2	0	949	1024	76	1	1.81e-26	130
CFAV-Macapa2_Brazil_2017	SRA:ERX1788133.33947132.1	97.368	76	2	0	896	971	1	76	1.81e-26	130
CFAV-Macapa2_Brazil_2017	SRA:ERX1788133.33788404.1	97.368	76	2	0	3656	3731	1	76	1.81e-26	130
CFAV-Macapa2_Brazil_2017	SRA:ERX1788133.33426903.2	97.368	76	2	0	5805	5880	76	1	1.81e-26	130
CFAV-Macapa2_Brazil_2017	SRA:ERX1788133.33420342.2	97.368	76	2	0	2349	2424	76	1	1.81e-26	130
CFAV-Macapa2_Brazil_2017	SRA:ERX1788133.32515685.2	97.368	76	2	0	5328	5403	76	1	1.81e-26	130
CFAV-Macapa2_Brazil_2017	SRA:ERX1788133.30889669.2	97.368	76	2	0	1017	1092	76	1	1.81e-26	130
CFAV-Macapa2_Brazil_2017	SRA:ERX1788133.29448214.1	97.368	76	2	0	5903	5978	1	76	1.81e-26	130
CFAV-Macapa2_Brazil_2017	SRA:ERX1788133.29389404.2	97.368	76	2	0	2246	2321	76	1	1.81e-26	130
CFAV-Macapa2_Brazil_2017	SRA:ERX1788133.28673443.2	97.368	76	2	0	5805	5880	76	1	1.81e-26	130
CFAV-Macapa2_Brazil_2017	SRA:ERX1788133.28607187.1	97.368	76	2	0	6460	6535	1	76	1.81e-26	130
CFAV-Macapa2_Brazil_2017	SRA:ERX1788133.24880670.2	97.368	76	2	0	3839	3914	76	1	1.81e-26	130
CFAV-Macapa2_Brazil_2017	SRA:ERX1788133.24814869.2	97.368	76	2	0	5733	5808	76	1	1.81e-26	130
CFAV-Macapa2_Brazil_2017	SRA:ERX1788133.24814869.1	97.368	76	2	0	5658	5733	1	76	1.81e-26	130
CFAV-Macapa2_Brazil_2017	SRA:ERX1788133.24663903.1	97.368	76	2	0	5841	5916	1	76	1.81e-26	130
CFAV-Macapa2_Brazil_2017	SRA:ERX1788133.23593949.2	97.368	76	2	0	5725	5800	76	1	1.81e-26	130
CFAV-Macapa2_Brazil_2017	SRA:ERX1788133.23273371.1	97.368	76	2	0	2271	2346	1	76	1.81e-26	130
CFAV-Macapa2_Brazil_2017	SRA:ERX1788133.22106902.2	97.368	76	2	0	5811	5886	76	1	1.81e-26	130
CFAV-Macapa2_Brazil_2017	SRA:ERX1788133.22106902.1	97.368	76	2	0	5803	5878	1	76	1.81e-26	130
CFAV-Macapa2_Brazil_2017	SRA:ERX1788133.21270609.1	97.368	76	2	0	5844	5919	1	76	1.81e-26	130
CFAV-Macapa2_Brazil_2017	SRA:ERX1788133.21145915.1	97.368	76	2	0	3324	3399	1	76	1.81e-26	130
CFAV-Macapa2_Brazil_2017	SRA:ERX1788133.20365315.2	97.368	76	2	0	4094	4169	76	1	1.81e-26	130
CFAV-Macapa2_Brazil_2017	SRA:ERX1788133.19702936.1	97.368	76	2	0	5499	5574	1	76	1.81e-26	130
CFAV-Macapa2_Brazil_2017	SRA:ERX1788133.16018598.2	97.368	76	2	0	5821	5896	76	1	1.81e-26	130
CFAV-Macapa2_Brazil_2017	SRA:ERX1788133.16018598.1	97.368	76	2	0	5703	5778	1	76	1.81e-26	130
CFAV-Macapa2_Brazil_2017	SRA:ERX1788133.11017913.1	97.368	76	2	0	2555	2630	1	76	1.81e-26	130
CFAV-Macapa2_Brazil_2017	SRA:ERX1788133.7595231.1	97.368	76	2	0	4331	4406	1	76	1.81e-26	130
CFAV-Macapa2_Brazil_2017	SRA:ERX1788133.7235491.1	97.368	76	2	0	737	812	1	76	1.81e-26	130
CFAV-Macapa2_Brazil_2017	SRA:ERX1788133.5845810.2	97.368	76	2	0	5817	5892	76	1	1.81e-26	130
CFAV-Macapa2_Brazil_2017	SRA:ERX1788133.5074992.1	97.368	76	2	0	5832	5907	1	76	1.81e-26	130
CFAV-Macapa2_Brazil_2017	SRA:ERX1788133.4255153.2	97.368	76	2	0	2281	2356	76	1	1.81e-26	130
CFAV-Macapa2_Brazil_2017	SRA:ERX1788133.3969468.2	98.630	73	1	0	787	859	73	1	1.81e-26	130
CFAV-Macapa2_Brazil_2017	SRA:ERX1788133.810299.1	97.368	76	2	0	6126	6201	1	76	1.81e-26	130
CFAV-Macapa2_Brazil_2017	SRA:ERX1788133.682897.2	97.368	76	2	0	5604	5679	76	1	1.81e-26	130
CFAV-Macapa2_Brazil_2017	SRA:ERX1788133.33426903.1	97.333	75	2	0	5680	5754	1	75	6.51e-26	128
CFAV-Macapa2_Brazil_2017	SRA:ERX1788133.28673443.1	97.333	75	2	0	5680	5754	1	75	6.51e-26	128
CFAV-Macapa2_Brazil_2017	SRA:ERX1788133.27954194.2	98.611	72	1	0	5646	5717	72	1	6.51e-26	128
CFAV-Macapa2_Brazil_2017	SRA:ERX1788133.24880670.1	97.333	75	2	0	3711	3785	1	75	6.51e-26	128
CFAV-Macapa2_Brazil_2017	SRA:ERX1788133.20365315.1	97.333	75	2	0	3906	3980	1	75	6.51e-26	128
CFAV-Macapa2_Brazil_2017	SRA:ERX1788133.16961506.1	97.333	75	2	0	2324	2398	2	76	6.51e-26	128
CFAV-Macapa2_Brazil_2017	SRA:ERX1788133.12217945.2	98.611	72	1	0	5646	5717	72	1	6.51e-26	128
CFAV-Macapa2_Brazil_2017	SRA:ERX1788133.8349206.2	97.333	75	2	0	2920	2994	76	2	6.51e-26	128
CFAV-Macapa2_Brazil_2017	SRA:ERX1788133.29850104.1	98.592	71	1	0	1994	2064	1	71	2.34e-25	126
CFAV-Macapa2_Brazil_2017	SRA:ERX1788133.23273371.2	97.297	74	2	0	2352	2425	74	1	2.34e-25	126
CFAV-Macapa2_Brazil_2017	SRA:ERX1788133.20063394.1	97.297	74	2	0	5894	5967	1	74	2.34e-25	126
CFAV-Macapa2_Brazil_2017	SRA:ERX1788133.17700392.1	97.297	74	2	0	2854	2927	3	76	2.34e-25	126
CFAV-Macapa2_Brazil_2017	SRA:ERX1788133.11435755.2	97.297	74	2	0	2352	2425	74	1	2.34e-25	126
CFAV-Macapa2_Brazil_2017	SRA:ERX1788133.2685727.2	97.297	74	2	0	5601	5674	74	1	2.34e-25	126
CFAV-Macapa2_Brazil_2017	SRA:ERX1788133.33420342.1	96.053	76	3	0	2229	2304	1	76	8.41e-25	124
CFAV-Macapa2_Brazil_2017	SRA:ERX1788133.32569354.1	96.053	76	3	0	6283	6358	1	76	8.41e-25	124
CFAV-Macapa2_Brazil_2017	SRA:ERX1788133.31792399.2	96.053	76	3	0	3541	3616	76	1	8.41e-25	124
CFAV-Macapa2_Brazil_2017	SRA:ERX1788133.29743630.1	96.053	76	3	0	1918	1993	1	76	8.41e-25	124
CFAV-Macapa2_Brazil_2017	SRA:ERX1788133.29408801.1	96.053	76	3	0	1840	1915	1	76	8.41e-25	124
CFAV-Macapa2_Brazil_2017	SRA:ERX1788133.29015919.2	96.053	76	3	0	2303	2378	76	1	8.41e-25	124
CFAV-Macapa2_Brazil_2017	SRA:ERX1788133.28896687.2	96.053	76	3	0	1830	1905	76	1	8.41e-25	124
CFAV-Macapa2_Brazil_2017	SRA:ERX1788133.28616939.2	96.053	76	3	0	3425	3500	76	1	8.41e-25	124
CFAV-Macapa2_Brazil_2017	SRA:ERX1788133.21145915.2	96.053	76	3	0	3457	3532	76	1	8.41e-25	124
CFAV-Macapa2_Brazil_2017	SRA:ERX1788133.20291752.2	96.053	76	3	0	2164	2239	76	1	8.41e-25	124
CFAV-Macapa2_Brazil_2017	SRA:ERX1788133.19702936.2	96.053	76	3	0	5572	5647	76	1	8.41e-25	124
CFAV-Macapa2_Brazil_2017	SRA:ERX1788133.18112559.1	96.053	76	3	0	2925	3000	1	76	8.41e-25	124
CFAV-Macapa2_Brazil_2017	SRA:ERX1788133.17963088.1	96.053	76	3	0	1836	1911	1	76	8.41e-25	124
CFAV-Macapa2_Brazil_2017	SRA:ERX1788133.12454206.1	96.053	76	3	0	1914	1989	1	76	8.41e-25	124
CFAV-Macapa2_Brazil_2017	SRA:ERX1788133.7235491.2	96.053	76	3	0	875	950	76	1	8.41e-25	124
CFAV-Macapa2_Brazil_2017	SRA:ERX1788133.7133540.2	96.053	76	3	0	5096	5171	76	1	8.41e-25	124
CFAV-Macapa2_Brazil_2017	SRA:ERX1788133.3419670.2	96.053	76	3	0	1830	1905	76	1	8.41e-25	124
CFAV-Macapa2_Brazil_2017	SRA:ERX1788133.33949289.1	96.000	75	3	0	890	964	2	76	3.03e-24	122
CFAV-Macapa2_Brazil_2017	SRA:ERX1788133.33788404.2	96.000	75	3	0	3817	3891	75	1	3.03e-24	122
CFAV-Macapa2_Brazil_2017	SRA:ERX1788133.28607187.2	98.551	69	1	0	734	802	69	1	3.03e-24	122
CFAV-Macapa2_Brazil_2017	SRA:ERX1788133.28088433.2	96.000	75	3	0	6132	6206	75	1	3.03e-24	122
CFAV-Macapa2_Brazil_2017	SRA:ERX1788133.27954194.1	96.000	75	3	0	5573	5647	1	75	3.03e-24	122
CFAV-Macapa2_Brazil_2017	SRA:ERX1788133.26944745.2	96.000	75	3	0	2305	2379	75	1	3.03e-24	122
CFAV-Macapa2_Brazil_2017	SRA:ERX1788133.24957499.2	96.000	75	3	0	1839	1913	75	1	3.03e-24	122
CFAV-Macapa2_Brazil_2017	SRA:ERX1788133.20063394.2	96.000	75	3	0	5914	5988	75	1	3.03e-24	122
CFAV-Macapa2_Brazil_2017	SRA:ERX1788133.17068254.2	96.000	75	3	0	5190	5264	75	1	3.03e-24	122
CFAV-Macapa2_Brazil_2017	SRA:ERX1788133.12708879.1	96.000	75	3	0	3006	3080	1	75	3.03e-24	122
CFAV-Macapa2_Brazil_2017	SRA:ERX1788133.12217945.1	96.000	75	3	0	5573	5647	1	75	3.03e-24	122
CFAV-Macapa2_Brazil_2017	SRA:ERX1788133.11870810.1	96.000	75	3	0	5573	5647	1	75	3.03e-24	122
CFAV-Macapa2_Brazil_2017	SRA:ERX1788133.8797168.1	96.000	75	3	0	6119	6193	2	76	3.03e-24	122
CFAV-Macapa2_Brazil_2017	SRA:ERX1788133.1465475.1	96.000	75	3	0	5099	5173	1	75	3.03e-24	122
CFAV-Macapa2_Brazil_2017	SRA:ERX1788133.31493564.1	95.946	74	3	0	5571	5644	3	76	1.09e-23	121
CFAV-Macapa2_Brazil_2017	SRA:ERX1788133.28077386.1	95.946	74	3	0	3470	3543	3	76	1.09e-23	121
CFAV-Macapa2_Brazil_2017	SRA:ERX1788133.24339509.2	95.946	74	3	0	5981	6054	74	1	1.09e-23	121
CFAV-Macapa2_Brazil_2017	SRA:ERX1788133.23593949.1	95.946	74	3	0	5585	5658	1	74	1.09e-23	121
CFAV-Macapa2_Brazil_2017	SRA:ERX1788133.25814111.2	95.890	73	3	0	6166	6238	73	1	3.92e-23	119
CFAV-Macapa2_Brazil_2017	SRA:ERX1788133.21270609.2	94.737	76	4	0	5923	5998	76	1	3.92e-23	119
CFAV-Macapa2_Brazil_2017	SRA:ERX1788133.17963088.2	95.890	73	3	0	1903	1975	73	1	3.92e-23	119
CFAV-Macapa2_Brazil_2017	SRA:ERX1788133.16961506.2	94.737	76	4	0	2457	2532	76	1	3.92e-23	119
CFAV-Macapa2_Brazil_2017	SRA:ERX1788133.15709694.2	94.737	76	4	0	4153	4228	1	76	3.92e-23	119
CFAV-Macapa2_Brazil_2017	SRA:ERX1788133.15356480.1	97.143	70	2	0	3012	3081	1	70	3.92e-23	119
CFAV-Macapa2_Brazil_2017	SRA:ERX1788133.15321061.1	94.737	76	4	0	2012	2087	1	76	3.92e-23	119
CFAV-Macapa2_Brazil_2017	SRA:ERX1788133.13017496.2	94.737	76	4	0	3204	3279	76	1	3.92e-23	119
CFAV-Macapa2_Brazil_2017	SRA:ERX1788133.4792259.2	100.000	64	0	0	1031	1094	76	13	3.92e-23	119
CFAV-Macapa2_Brazil_2017	SRA:ERX1788133.4255153.1	94.737	76	4	0	2207	2282	1	76	3.92e-23	119
CFAV-Macapa2_Brazil_2017	SRA:ERX1788133.810299.2	95.890	73	3	0	6166	6238	73	1	3.92e-23	119
CFAV-Macapa2_Brazil_2017	SRA:ERX1788133.12930275.1	94.667	75	4	0	3217	3291	2	76	1.41e-22	117
CFAV-Macapa2_Brazil_2017	SRA:ERX1788133.28088433.1	95.775	71	3	0	6008	6078	2	72	5.06e-22	115
CFAV-Macapa2_Brazil_2017	SRA:ERX1788133.26944745.1	94.595	74	4	0	2195	2268	1	74	5.06e-22	115
CFAV-Macapa2_Brazil_2017	SRA:ERX1788133.18787451.1	94.595	74	4	0	5852	5925	2	75	5.06e-22	115
CFAV-Macapa2_Brazil_2017	SRA:ERX1788133.12708879.2	94.595	74	4	0	3164	3237	76	3	5.06e-22	115
CFAV-Macapa2_Brazil_2017	SRA:ERX1788133.22396654.1	94.521	73	4	0	4144	4216	1	73	1.82e-21	113
CFAV-Macapa2_Brazil_2017	SRA:ERX1788133.20291752.1	93.421	76	5	0	2119	2194	1	76	1.82e-21	113
CFAV-Macapa2_Brazil_2017	SRA:ERX1788133.11435755.1	94.521	73	4	0	2196	2268	1	73	1.82e-21	113
CFAV-Macapa2_Brazil_2017	SRA:ERX1788133.28103131.2	100.000	60	0	0	1035	1094	76	17	6.55e-21	111
CFAV-Macapa2_Brazil_2017	SRA:ERX1788133.18787451.2	93.421	76	4	1	6191	6266	75	1	6.55e-21	111
CFAV-Macapa2_Brazil_2017	SRA:ERX1788133.27546140.1	93.243	74	5	0	2135	2208	1	74	2.36e-20	110
CFAV-Macapa2_Brazil_2017	SRA:ERX1788133.13017496.1	92.105	76	6	0	3019	3094	1	76	8.47e-20	108
CFAV-Macapa2_Brazil_2017	SRA:ERX1788133.17700392.2	92.000	75	6	0	2908	2982	75	1	3.05e-19	106
CFAV-Macapa2_Brazil_2017	SRA:ERX1788133.29015919.1	91.892	74	6	0	2195	2268	1	74	1.10e-18	104
CFAV-Macapa2_Brazil_2017	SRA:ERX1788133.12930275.2	91.892	74	6	0	3463	3536	74	1	1.10e-18	104
CFAV-Macapa2_Brazil_2017	SRA:ERX1788133.7275280.1	90.789	76	7	0	737	812	1	76	3.94e-18	102
CFAV-Macapa2_Brazil_2017	SRA:ERX1788133.16342212.1	90.278	72	7	0	4369	4440	1	72	6.60e-16	95.3
CFAV-Macapa2_Brazil_2017	SRA:ERX1788133.29389404.1	91.837	49	4	0	2033	2081	1	49	3.09e-09	73.1
CFAV-KC_Cambodia_2015	SRA:ERX1788133.24663903.2	100.000	76	0	0	5894	5969	76	1	8.36e-30	141
CFAV-KC_Cambodia_2015	SRA:ERX1788133.18493841.2	100.000	76	0	0	3702	3777	76	1	8.36e-30	141
CFAV-KC_Cambodia_2015	SRA:ERX1788133.13833321.1	100.000	76	0	0	2810	2885	1	76	8.36e-30	141
CFAV-KC_Cambodia_2015	SRA:ERX1788133.3877839.2	100.000	76	0	0	3255	3330	76	1	8.36e-30	141
CFAV-KC_Cambodia_2015	SRA:ERX1788133.33788404.1	98.684	76	1	0	3667	3742	1	76	3.89e-28	135
CFAV-KC_Cambodia_2015	SRA:ERX1788133.29448214.1	98.684	76	1	0	5914	5989	1	76	3.89e-28	135
CFAV-KC_Cambodia_2015	SRA:ERX1788133.28896687.2	98.684	76	1	0	1841	1916	76	1	3.89e-28	135
CFAV-KC_Cambodia_2015	SRA:ERX1788133.28077386.2	98.684	76	1	0	3546	3621	76	1	3.89e-28	135
CFAV-KC_Cambodia_2015	SRA:ERX1788133.22235594.2	98.684	76	1	0	1015	1090	76	1	3.89e-28	135
CFAV-KC_Cambodia_2015	SRA:ERX1788133.17963088.1	98.684	76	1	0	1847	1922	1	76	3.89e-28	135
CFAV-KC_Cambodia_2015	SRA:ERX1788133.13050222.1	100.000	73	0	0	2820	2892	1	73	3.89e-28	135
CFAV-KC_Cambodia_2015	SRA:ERX1788133.3419670.2	98.684	76	1	0	1841	1916	76	1	3.89e-28	135
CFAV-KC_Cambodia_2015	SRA:ERX1788133.33788404.2	98.667	75	1	0	3828	3902	75	1	1.40e-27	134
CFAV-KC_Cambodia_2015	SRA:ERX1788133.28103131.1	98.667	75	1	0	1020	1094	1	75	1.40e-27	134
CFAV-KC_Cambodia_2015	SRA:ERX1788133.24880670.1	98.667	75	1	0	3722	3796	1	75	1.40e-27	134
CFAV-KC_Cambodia_2015	SRA:ERX1788133.8797168.2	98.667	75	1	0	6207	6281	75	1	1.40e-27	134
CFAV-KC_Cambodia_2015	SRA:ERX1788133.20063394.1	98.649	74	1	0	5905	5978	1	74	5.03e-27	132
CFAV-KC_Cambodia_2015	SRA:ERX1788133.13050222.2	98.649	74	1	0	2863	2936	76	3	5.03e-27	132
CFAV-KC_Cambodia_2015	SRA:ERX1788133.12187672.2	98.649	74	1	0	925	998	74	1	5.03e-27	132
CFAV-KC_Cambodia_2015	SRA:ERX1788133.33949289.2	97.368	76	2	0	961	1036	76	1	1.81e-26	130
CFAV-KC_Cambodia_2015	SRA:ERX1788133.33947132.1	97.368	76	2	0	907	982	1	76	1.81e-26	130
CFAV-KC_Cambodia_2015	SRA:ERX1788133.32515685.1	97.368	76	2	0	5191	5266	1	76	1.81e-26	130
CFAV-KC_Cambodia_2015	SRA:ERX1788133.29389404.2	97.368	76	2	0	2257	2332	76	1	1.81e-26	130
CFAV-KC_Cambodia_2015	SRA:ERX1788133.29015919.2	97.368	76	2	0	2314	2389	76	1	1.81e-26	130
CFAV-KC_Cambodia_2015	SRA:ERX1788133.28896687.1	97.368	76	2	0	961	1036	1	76	1.81e-26	130
CFAV-KC_Cambodia_2015	SRA:ERX1788133.25594662.2	98.630	73	1	0	5281	5353	73	1	1.81e-26	130
CFAV-KC_Cambodia_2015	SRA:ERX1788133.24957499.2	98.630	73	1	0	1850	1922	75	3	1.81e-26	130
CFAV-KC_Cambodia_2015	SRA:ERX1788133.24957499.1	97.368	76	2	0	936	1011	1	76	1.81e-26	130
CFAV-KC_Cambodia_2015	SRA:ERX1788133.24814869.2	97.368	76	2	0	5744	5819	76	1	1.81e-26	130
CFAV-KC_Cambodia_2015	SRA:ERX1788133.23273371.1	97.368	76	2	0	2282	2357	1	76	1.81e-26	130
CFAV-KC_Cambodia_2015	SRA:ERX1788133.21647483.2	97.368	76	2	0	5497	5572	76	1	1.81e-26	130
CFAV-KC_Cambodia_2015	SRA:ERX1788133.21647483.1	97.368	76	2	0	5401	5476	1	76	1.81e-26	130
CFAV-KC_Cambodia_2015	SRA:ERX1788133.16961506.1	97.368	76	2	0	2334	2409	1	76	1.81e-26	130
CFAV-KC_Cambodia_2015	SRA:ERX1788133.11017913.2	97.368	76	2	0	2611	2686	76	1	1.81e-26	130
CFAV-KC_Cambodia_2015	SRA:ERX1788133.7235491.2	97.368	76	2	0	886	961	76	1	1.81e-26	130
CFAV-KC_Cambodia_2015	SRA:ERX1788133.4792259.1	97.368	76	2	0	936	1011	1	76	1.81e-26	130
CFAV-KC_Cambodia_2015	SRA:ERX1788133.4255153.2	97.368	76	2	0	2292	2367	76	1	1.81e-26	130
CFAV-KC_Cambodia_2015	SRA:ERX1788133.3419670.1	97.368	76	2	0	961	1036	1	76	1.81e-26	130
CFAV-KC_Cambodia_2015	SRA:ERX1788133.1465475.2	98.630	73	1	0	5281	5353	73	1	1.81e-26	130
CFAV-KC_Cambodia_2015	SRA:ERX1788133.29408801.1	98.611	72	1	0	1851	1922	1	72	6.51e-26	128
CFAV-KC_Cambodia_2015	SRA:ERX1788133.28077386.1	97.333	75	2	0	3480	3554	2	76	6.51e-26	128
CFAV-KC_Cambodia_2015	SRA:ERX1788133.26944745.2	97.333	75	2	0	2316	2390	75	1	6.51e-26	128
CFAV-KC_Cambodia_2015	SRA:ERX1788133.25594662.1	97.333	75	2	0	5243	5317	1	75	6.51e-26	128
CFAV-KC_Cambodia_2015	SRA:ERX1788133.24739931.2	97.333	75	2	0	5483	5557	75	1	6.51e-26	128
CFAV-KC_Cambodia_2015	SRA:ERX1788133.24197915.1	97.333	75	2	0	2605	2679	1	75	6.51e-26	128
CFAV-KC_Cambodia_2015	SRA:ERX1788133.22235594.1	98.611	72	1	0	940	1011	5	76	6.51e-26	128
CFAV-KC_Cambodia_2015	SRA:ERX1788133.20365315.1	97.333	75	2	0	3917	3991	1	75	6.51e-26	128
CFAV-KC_Cambodia_2015	SRA:ERX1788133.20063394.2	97.333	75	2	0	5925	5999	75	1	6.51e-26	128
CFAV-KC_Cambodia_2015	SRA:ERX1788133.18787451.2	97.368	76	1	1	6202	6277	75	1	6.51e-26	128
CFAV-KC_Cambodia_2015	SRA:ERX1788133.16717215.1	97.333	75	2	0	5181	5255	1	75	6.51e-26	128
CFAV-KC_Cambodia_2015	SRA:ERX1788133.12187672.1	97.333	75	2	0	792	866	1	75	6.51e-26	128
CFAV-KC_Cambodia_2015	SRA:ERX1788133.11903090.2	97.333	75	2	0	5240	5314	75	1	6.51e-26	128
CFAV-KC_Cambodia_2015	SRA:ERX1788133.11903090.1	97.333	75	2	0	5185	5259	2	76	6.51e-26	128
CFAV-KC_Cambodia_2015	SRA:ERX1788133.7595231.1	97.333	75	2	0	4343	4417	2	76	6.51e-26	128
CFAV-KC_Cambodia_2015	SRA:ERX1788133.1454225.2	97.333	75	2	0	5025	5099	75	1	6.51e-26	128
CFAV-KC_Cambodia_2015	SRA:ERX1788133.29743630.2	97.297	74	2	0	1978	2051	74	1	2.34e-25	126
CFAV-KC_Cambodia_2015	SRA:ERX1788133.28088433.1	97.297	74	2	0	6018	6091	1	74	2.34e-25	126
CFAV-KC_Cambodia_2015	SRA:ERX1788133.24737809.2	97.297	74	2	0	805	878	74	1	2.34e-25	126
CFAV-KC_Cambodia_2015	SRA:ERX1788133.12930275.1	97.297	74	2	0	3229	3302	3	76	2.34e-25	126
CFAV-KC_Cambodia_2015	SRA:ERX1788133.1465475.1	97.297	74	2	0	5110	5183	1	74	2.34e-25	126
CFAV-KC_Cambodia_2015	SRA:ERX1788133.33949289.1	96.053	76	3	0	900	975	1	76	8.42e-25	124
CFAV-KC_Cambodia_2015	SRA:ERX1788133.33947132.2	96.053	76	3	0	960	1035	76	1	8.42e-25	124
CFAV-KC_Cambodia_2015	SRA:ERX1788133.33420342.1	96.053	76	3	0	2240	2315	1	76	8.42e-25	124
CFAV-KC_Cambodia_2015	SRA:ERX1788133.31493564.2	96.053	76	3	0	5677	5752	76	1	8.42e-25	124
CFAV-KC_Cambodia_2015	SRA:ERX1788133.30889669.2	96.053	76	3	0	1028	1103	76	1	8.42e-25	124
CFAV-KC_Cambodia_2015	SRA:ERX1788133.28607187.1	96.053	76	3	0	6471	6546	1	76	8.42e-25	124
CFAV-KC_Cambodia_2015	SRA:ERX1788133.25814111.2	97.260	73	2	0	6177	6249	73	1	8.42e-25	124
CFAV-KC_Cambodia_2015	SRA:ERX1788133.25677908.1	96.053	76	3	0	4144	4219	1	76	8.42e-25	124
CFAV-KC_Cambodia_2015	SRA:ERX1788133.24880670.2	96.053	76	3	0	3850	3925	76	1	8.42e-25	124
CFAV-KC_Cambodia_2015	SRA:ERX1788133.24663903.1	96.053	76	3	0	5852	5927	1	76	8.42e-25	124
CFAV-KC_Cambodia_2015	SRA:ERX1788133.22396654.1	96.053	76	3	0	4155	4230	1	76	8.42e-25	124
CFAV-KC_Cambodia_2015	SRA:ERX1788133.22106902.1	96.053	76	3	0	5814	5889	1	76	8.42e-25	124
CFAV-KC_Cambodia_2015	SRA:ERX1788133.21275541.2	96.053	76	3	0	5045	5120	76	1	8.42e-25	124
CFAV-KC_Cambodia_2015	SRA:ERX1788133.21270609.1	96.053	76	3	0	5855	5930	1	76	8.42e-25	124
CFAV-KC_Cambodia_2015	SRA:ERX1788133.21145915.2	96.053	76	3	0	3468	3543	76	1	8.42e-25	124
CFAV-KC_Cambodia_2015	SRA:ERX1788133.20365315.2	96.053	76	3	0	4105	4180	76	1	8.42e-25	124
CFAV-KC_Cambodia_2015	SRA:ERX1788133.12454206.2	96.053	76	3	0	1998	2073	76	1	8.42e-25	124
CFAV-KC_Cambodia_2015	SRA:ERX1788133.11870810.2	96.053	76	3	0	5677	5752	76	1	8.42e-25	124
CFAV-KC_Cambodia_2015	SRA:ERX1788133.7133540.2	97.260	73	2	0	5110	5182	73	1	8.42e-25	124
CFAV-KC_Cambodia_2015	SRA:ERX1788133.7133540.1	96.053	76	3	0	5045	5120	1	76	8.42e-25	124
CFAV-KC_Cambodia_2015	SRA:ERX1788133.5932645.2	96.053	76	3	0	6496	6571	76	1	8.42e-25	124
CFAV-KC_Cambodia_2015	SRA:ERX1788133.4255153.1	96.053	76	3	0	2218	2293	1	76	8.42e-25	124
CFAV-KC_Cambodia_2015	SRA:ERX1788133.3969468.2	97.260	73	2	0	798	870	73	1	8.42e-25	124
CFAV-KC_Cambodia_2015	SRA:ERX1788133.3652203.1	96.053	76	3	0	3088	3163	1	76	8.42e-25	124
CFAV-KC_Cambodia_2015	SRA:ERX1788133.810299.2	97.260	73	2	0	6177	6249	73	1	8.42e-25	124
CFAV-KC_Cambodia_2015	SRA:ERX1788133.29408801.2	96.000	75	3	0	1969	2043	75	1	3.03e-24	122
CFAV-KC_Cambodia_2015	SRA:ERX1788133.21270609.2	96.000	75	3	0	5934	6008	76	2	3.03e-24	122
CFAV-KC_Cambodia_2015	SRA:ERX1788133.17700392.1	97.222	72	2	0	2865	2936	3	74	3.03e-24	122
CFAV-KC_Cambodia_2015	SRA:ERX1788133.17068254.2	96.000	75	3	0	5201	5275	75	1	3.03e-24	122
CFAV-KC_Cambodia_2015	SRA:ERX1788133.13833321.2	96.000	75	3	0	2889	2963	76	2	3.03e-24	122
CFAV-KC_Cambodia_2015	SRA:ERX1788133.5845810.1	96.000	75	3	0	5680	5754	1	75	3.03e-24	122
CFAV-KC_Cambodia_2015	SRA:ERX1788133.33426903.2	95.946	74	3	0	5816	5889	76	3	1.09e-23	121
CFAV-KC_Cambodia_2015	SRA:ERX1788133.29850104.2	95.946	74	3	0	2053	2126	74	1	1.09e-23	121
CFAV-KC_Cambodia_2015	SRA:ERX1788133.28673443.2	95.946	74	3	0	5816	5889	76	3	1.09e-23	121
CFAV-KC_Cambodia_2015	SRA:ERX1788133.12930275.2	95.946	74	3	0	3474	3547	74	1	1.09e-23	121
CFAV-KC_Cambodia_2015	SRA:ERX1788133.5074992.1	95.946	74	3	0	5845	5918	3	76	1.09e-23	121
CFAV-KC_Cambodia_2015	SRA:ERX1788133.34370696.2	94.737	76	4	0	6141	6216	76	1	3.92e-23	119
CFAV-KC_Cambodia_2015	SRA:ERX1788133.33420342.2	94.737	76	4	0	2360	2435	76	1	3.92e-23	119
CFAV-KC_Cambodia_2015	SRA:ERX1788133.33169334.1	94.737	76	4	0	4470	4545	1	76	3.92e-23	119
CFAV-KC_Cambodia_2015	SRA:ERX1788133.31792399.2	94.737	76	4	0	3552	3627	76	1	3.92e-23	119
CFAV-KC_Cambodia_2015	SRA:ERX1788133.28616939.2	94.737	76	4	0	3436	3511	76	1	3.92e-23	119
CFAV-KC_Cambodia_2015	SRA:ERX1788133.26944745.1	94.737	76	4	0	2206	2281	1	76	3.92e-23	119
CFAV-KC_Cambodia_2015	SRA:ERX1788133.25677908.2	94.737	76	4	0	4215	4290	76	1	3.92e-23	119
CFAV-KC_Cambodia_2015	SRA:ERX1788133.25615680.1	94.737	76	4	0	6413	6488	1	76	3.92e-23	119
CFAV-KC_Cambodia_2015	SRA:ERX1788133.22106902.2	94.737	76	4	0	5822	5897	76	1	3.92e-23	119
CFAV-KC_Cambodia_2015	SRA:ERX1788133.20291752.2	94.737	76	4	0	2175	2250	76	1	3.92e-23	119
CFAV-KC_Cambodia_2015	SRA:ERX1788133.17068254.1	94.737	76	4	0	5191	5266	1	76	3.92e-23	119
CFAV-KC_Cambodia_2015	SRA:ERX1788133.16018598.2	94.737	76	4	0	5832	5907	76	1	3.92e-23	119
CFAV-KC_Cambodia_2015	SRA:ERX1788133.16018598.1	94.737	76	4	0	5714	5789	1	76	3.92e-23	119
CFAV-KC_Cambodia_2015	SRA:ERX1788133.15066881.1	95.890	73	3	0	6362	6434	1	73	3.92e-23	119
CFAV-KC_Cambodia_2015	SRA:ERX1788133.13017496.2	94.737	76	4	0	3215	3290	76	1	3.92e-23	119
CFAV-KC_Cambodia_2015	SRA:ERX1788133.11435755.1	94.737	76	4	0	2207	2282	1	76	3.92e-23	119
CFAV-KC_Cambodia_2015	SRA:ERX1788133.11017913.1	94.737	76	4	0	2566	2641	1	76	3.92e-23	119
CFAV-KC_Cambodia_2015	SRA:ERX1788133.8349206.1	94.737	76	4	0	2898	2973	1	76	3.92e-23	119
CFAV-KC_Cambodia_2015	SRA:ERX1788133.5845810.2	94.737	76	4	0	5828	5903	76	1	3.92e-23	119
CFAV-KC_Cambodia_2015	SRA:ERX1788133.4792259.2	100.000	64	0	0	1042	1105	76	13	3.92e-23	119
CFAV-KC_Cambodia_2015	SRA:ERX1788133.2685727.2	94.737	76	4	0	5610	5685	76	1	3.92e-23	119
CFAV-KC_Cambodia_2015	SRA:ERX1788133.810299.1	94.737	76	4	0	6137	6212	1	76	3.92e-23	119
CFAV-KC_Cambodia_2015	SRA:ERX1788133.682897.2	94.737	76	4	0	5615	5690	76	1	3.92e-23	119
CFAV-KC_Cambodia_2015	SRA:ERX1788133.33426903.1	94.667	75	4	0	5691	5765	1	75	1.41e-22	117
CFAV-KC_Cambodia_2015	SRA:ERX1788133.28673443.1	94.667	75	4	0	5691	5765	1	75	1.41e-22	117
CFAV-KC_Cambodia_2015	SRA:ERX1788133.19298382.1	94.737	76	3	1	5185	5260	2	76	1.41e-22	117
CFAV-KC_Cambodia_2015	SRA:ERX1788133.15709694.2	97.101	69	2	0	4171	4239	8	76	1.41e-22	117
CFAV-KC_Cambodia_2015	SRA:ERX1788133.550819.2	94.667	75	4	0	2079	2153	76	2	1.41e-22	117
CFAV-KC_Cambodia_2015	SRA:ERX1788133.24814869.1	93.421	76	5	0	5669	5744	1	76	1.82e-21	113
CFAV-KC_Cambodia_2015	SRA:ERX1788133.23273371.2	94.521	73	4	0	2363	2435	74	2	1.82e-21	113
CFAV-KC_Cambodia_2015	SRA:ERX1788133.16961506.2	93.421	76	5	0	2468	2543	76	1	1.82e-21	113
CFAV-KC_Cambodia_2015	SRA:ERX1788133.11435755.2	94.521	73	4	0	2363	2435	74	2	1.82e-21	113
CFAV-KC_Cambodia_2015	SRA:ERX1788133.5932645.1	93.421	76	5	0	6403	6478	1	76	1.82e-21	113
CFAV-KC_Cambodia_2015	SRA:ERX1788133.32569354.1	93.333	75	5	0	6294	6368	1	75	6.56e-21	111
CFAV-KC_Cambodia_2015	SRA:ERX1788133.28103131.2	100.000	60	0	0	1046	1105	76	17	6.56e-21	111
CFAV-KC_Cambodia_2015	SRA:ERX1788133.28088433.2	93.333	75	5	0	6143	6217	75	1	6.56e-21	111
CFAV-KC_Cambodia_2015	SRA:ERX1788133.27954194.2	94.444	72	4	0	5657	5728	72	1	6.56e-21	111
CFAV-KC_Cambodia_2015	SRA:ERX1788133.25615680.2	93.333	75	5	0	753	827	76	2	6.56e-21	111
CFAV-KC_Cambodia_2015	SRA:ERX1788133.12217945.2	94.444	72	4	0	5657	5728	72	1	6.56e-21	111
CFAV-KC_Cambodia_2015	SRA:ERX1788133.8797168.1	93.333	75	5	0	6130	6204	2	76	6.56e-21	111
CFAV-KC_Cambodia_2015	SRA:ERX1788133.3969468.1	93.333	75	5	0	751	825	1	75	6.56e-21	111
CFAV-KC_Cambodia_2015	SRA:ERX1788133.27546140.1	92.105	76	6	0	2146	2221	1	76	8.48e-20	108
CFAV-KC_Cambodia_2015	SRA:ERX1788133.22396654.2	92.105	76	6	0	4234	4309	76	1	8.48e-20	108
CFAV-KC_Cambodia_2015	SRA:ERX1788133.13017496.1	92.105	76	6	0	3030	3105	1	76	8.48e-20	108
CFAV-KC_Cambodia_2015	SRA:ERX1788133.12708879.1	92.000	75	6	0	3017	3091	1	75	3.05e-19	106
CFAV-KC_Cambodia_2015	SRA:ERX1788133.15356480.1	91.892	74	6	0	3023	3096	1	74	1.10e-18	104
CFAV-KC_Cambodia_2015	SRA:ERX1788133.20291752.1	90.789	76	7	0	2130	2205	1	76	3.95e-18	102
CFAV-KC_Cambodia_2015	SRA:ERX1788133.7235491.1	90.789	76	7	0	748	823	1	76	3.95e-18	102
CFAV-KC_Cambodia_2015	SRA:ERX1788133.16342212.1	91.667	72	6	0	4380	4451	1	72	1.42e-17	100
CFAV-KC_Cambodia_2015	SRA:ERX1788133.550819.1	96.667	60	2	0	1827	1886	17	76	1.42e-17	100
CFAV-KC_Cambodia_2015	SRA:ERX1788133.28607187.2	91.304	69	6	0	745	813	69	1	6.61e-16	95.3
CFAV-KC_Cambodia_2015	SRA:ERX1788133.7275280.1	88.889	63	7	0	761	823	14	76	6.65e-11	78.7
CFAV-Zik_Uganda_2016	SRA:ERX1788133.24663903.2	100.000	76	0	0	5894	5969	76	1	8.36e-30	141
CFAV-Zik_Uganda_2016	SRA:ERX1788133.23273371.1	100.000	76	0	0	2282	2357	1	76	8.36e-30	141
CFAV-Zik_Uganda_2016	SRA:ERX1788133.21647483.2	100.000	76	0	0	5497	5572	76	1	8.36e-30	141
CFAV-Zik_Uganda_2016	SRA:ERX1788133.18493841.2	100.000	76	0	0	3702	3777	76	1	8.36e-30	141
CFAV-Zik_Uganda_2016	SRA:ERX1788133.7133540.2	100.000	76	0	0	5107	5182	76	1	8.36e-30	141
CFAV-Zik_Uganda_2016	SRA:ERX1788133.4255153.2	100.000	76	0	0	2292	2367	76	1	8.36e-30	141
CFAV-Zik_Uganda_2016	SRA:ERX1788133.682897.1	100.000	76	0	0	5515	5590	1	76	8.36e-30	141
CFAV-Zik_Uganda_2016	SRA:ERX1788133.28077386.2	100.000	75	0	0	3547	3621	75	1	3.01e-29	139
CFAV-Zik_Uganda_2016	SRA:ERX1788133.25594662.1	100.000	75	0	0	5243	5317	1	75	3.01e-29	139
CFAV-Zik_Uganda_2016	SRA:ERX1788133.24739931.2	100.000	75	0	0	5483	5557	75	1	3.01e-29	139
CFAV-Zik_Uganda_2016	SRA:ERX1788133.11903090.2	100.000	75	0	0	5240	5314	75	1	3.01e-29	139
CFAV-Zik_Uganda_2016	SRA:ERX1788133.2685727.1	100.000	75	0	0	5536	5610	1	75	3.01e-29	139
CFAV-Zik_Uganda_2016	SRA:ERX1788133.1465475.1	100.000	75	0	0	5110	5184	1	75	3.01e-29	139
CFAV-Zik_Uganda_2016	SRA:ERX1788133.34370696.2	98.684	76	1	0	6141	6216	76	1	3.89e-28	135
CFAV-Zik_Uganda_2016	SRA:ERX1788133.33788404.1	98.684	76	1	0	3667	3742	1	76	3.89e-28	135
CFAV-Zik_Uganda_2016	SRA:ERX1788133.32515685.1	98.684	76	1	0	5191	5266	1	76	3.89e-28	135
CFAV-Zik_Uganda_2016	SRA:ERX1788133.29448214.1	98.684	76	1	0	5914	5989	1	76	3.89e-28	135
CFAV-Zik_Uganda_2016	SRA:ERX1788133.29389404.2	98.684	76	1	0	2257	2332	76	1	3.89e-28	135
CFAV-Zik_Uganda_2016	SRA:ERX1788133.28616939.2	98.684	76	1	0	3436	3511	76	1	3.89e-28	135
CFAV-Zik_Uganda_2016	SRA:ERX1788133.25814111.2	98.684	76	1	0	6174	6249	76	1	3.89e-28	135
CFAV-Zik_Uganda_2016	SRA:ERX1788133.25615680.2	98.684	76	1	0	753	828	76	1	3.89e-28	135
CFAV-Zik_Uganda_2016	SRA:ERX1788133.25615680.1	98.684	76	1	0	6413	6488	1	76	3.89e-28	135
CFAV-Zik_Uganda_2016	SRA:ERX1788133.25594662.2	98.684	76	1	0	5278	5353	76	1	3.89e-28	135
CFAV-Zik_Uganda_2016	SRA:ERX1788133.24880670.2	98.684	76	1	0	3850	3925	76	1	3.89e-28	135
CFAV-Zik_Uganda_2016	SRA:ERX1788133.21275541.2	98.684	76	1	0	5045	5120	76	1	3.89e-28	135
CFAV-Zik_Uganda_2016	SRA:ERX1788133.21270609.2	98.684	76	1	0	5934	6009	76	1	3.89e-28	135
CFAV-Zik_Uganda_2016	SRA:ERX1788133.21145915.2	98.684	76	1	0	3468	3543	76	1	3.89e-28	135
CFAV-Zik_Uganda_2016	SRA:ERX1788133.21145915.1	98.684	76	1	0	3335	3410	1	76	3.89e-28	135
CFAV-Zik_Uganda_2016	SRA:ERX1788133.19702936.2	98.684	76	1	0	5583	5658	76	1	3.89e-28	135
CFAV-Zik_Uganda_2016	SRA:ERX1788133.19702936.1	98.684	76	1	0	5510	5585	1	76	3.89e-28	135
CFAV-Zik_Uganda_2016	SRA:ERX1788133.16717215.1	98.684	76	1	0	5181	5256	1	76	3.89e-28	135
CFAV-Zik_Uganda_2016	SRA:ERX1788133.13833321.2	98.684	76	1	0	2889	2964	76	1	3.89e-28	135
CFAV-Zik_Uganda_2016	SRA:ERX1788133.11903090.1	98.684	76	1	0	5184	5259	1	76	3.89e-28	135
CFAV-Zik_Uganda_2016	SRA:ERX1788133.7133540.1	98.684	76	1	0	5045	5120	1	76	3.89e-28	135
CFAV-Zik_Uganda_2016	SRA:ERX1788133.5074992.2	98.684	76	1	0	5952	6027	76	1	3.89e-28	135
CFAV-Zik_Uganda_2016	SRA:ERX1788133.1465475.2	98.684	76	1	0	5278	5353	76	1	3.89e-28	135
CFAV-Zik_Uganda_2016	SRA:ERX1788133.810299.2	98.684	76	1	0	6174	6249	76	1	3.89e-28	135
CFAV-Zik_Uganda_2016	SRA:ERX1788133.810299.1	98.684	76	1	0	6137	6212	1	76	3.89e-28	135
CFAV-Zik_Uganda_2016	SRA:ERX1788133.33788404.2	98.667	75	1	0	3828	3902	75	1	1.40e-27	134
CFAV-Zik_Uganda_2016	SRA:ERX1788133.27954194.1	98.667	75	1	0	5584	5658	1	75	1.40e-27	134
CFAV-Zik_Uganda_2016	SRA:ERX1788133.24880670.1	98.667	75	1	0	3722	3796	1	75	1.40e-27	134
CFAV-Zik_Uganda_2016	SRA:ERX1788133.20365315.1	98.667	75	1	0	3917	3991	1	75	1.40e-27	134
CFAV-Zik_Uganda_2016	SRA:ERX1788133.20063394.2	98.667	75	1	0	5925	5999	75	1	1.40e-27	134
CFAV-Zik_Uganda_2016	SRA:ERX1788133.12217945.1	98.667	75	1	0	5584	5658	1	75	1.40e-27	134
CFAV-Zik_Uganda_2016	SRA:ERX1788133.11870810.1	98.667	75	1	0	5584	5658	1	75	1.40e-27	134
CFAV-Zik_Uganda_2016	SRA:ERX1788133.8797168.1	98.667	75	1	0	6130	6204	2	76	1.40e-27	134
CFAV-Zik_Uganda_2016	SRA:ERX1788133.3969468.1	98.667	75	1	0	751	825	1	75	1.40e-27	134
CFAV-Zik_Uganda_2016	SRA:ERX1788133.31493564.1	98.649	74	1	0	5582	5655	3	76	5.03e-27	132
CFAV-Zik_Uganda_2016	SRA:ERX1788133.23593949.1	98.649	74	1	0	5596	5669	1	74	5.03e-27	132
CFAV-Zik_Uganda_2016	SRA:ERX1788133.20063394.1	98.649	74	1	0	5905	5978	1	74	5.03e-27	132
CFAV-Zik_Uganda_2016	SRA:ERX1788133.13833321.1	98.649	74	1	0	2810	2883	1	74	5.03e-27	132
CFAV-Zik_Uganda_2016	SRA:ERX1788133.33947132.1	97.368	76	2	0	907	982	1	76	1.81e-26	130
CFAV-Zik_Uganda_2016	SRA:ERX1788133.33426903.2	97.368	76	2	0	5816	5891	76	1	1.81e-26	130
CFAV-Zik_Uganda_2016	SRA:ERX1788133.33420342.2	97.368	76	2	0	2360	2435	76	1	1.81e-26	130
CFAV-Zik_Uganda_2016	SRA:ERX1788133.33420342.1	97.368	76	2	0	2240	2315	1	76	1.81e-26	130
CFAV-Zik_Uganda_2016	SRA:ERX1788133.29015919.2	97.368	76	2	0	2314	2389	76	1	1.81e-26	130
CFAV-Zik_Uganda_2016	SRA:ERX1788133.28673443.2	97.368	76	2	0	5816	5891	76	1	1.81e-26	130
CFAV-Zik_Uganda_2016	SRA:ERX1788133.28616939.1	97.368	76	2	0	3310	3385	1	76	1.81e-26	130
CFAV-Zik_Uganda_2016	SRA:ERX1788133.28607187.1	97.368	76	2	0	6471	6546	1	76	1.81e-26	130
CFAV-Zik_Uganda_2016	SRA:ERX1788133.24957499.1	97.368	76	2	0	936	1011	1	76	1.81e-26	130
CFAV-Zik_Uganda_2016	SRA:ERX1788133.24814869.2	97.368	76	2	0	5744	5819	76	1	1.81e-26	130
CFAV-Zik_Uganda_2016	SRA:ERX1788133.24663903.1	97.368	76	2	0	5852	5927	1	76	1.81e-26	130
CFAV-Zik_Uganda_2016	SRA:ERX1788133.24339509.2	97.368	76	2	0	5990	6065	76	1	1.81e-26	130
CFAV-Zik_Uganda_2016	SRA:ERX1788133.22106902.2	97.368	76	2	0	5822	5897	76	1	1.81e-26	130
CFAV-Zik_Uganda_2016	SRA:ERX1788133.22106902.1	97.368	76	2	0	5814	5889	1	76	1.81e-26	130
CFAV-Zik_Uganda_2016	SRA:ERX1788133.21647483.1	97.368	76	2	0	5401	5476	1	76	1.81e-26	130
CFAV-Zik_Uganda_2016	SRA:ERX1788133.21270609.1	97.368	76	2	0	5855	5930	1	76	1.81e-26	130
CFAV-Zik_Uganda_2016	SRA:ERX1788133.18493841.1	97.368	76	2	0	3401	3476	1	76	1.81e-26	130
CFAV-Zik_Uganda_2016	SRA:ERX1788133.17068254.2	98.630	73	1	0	5203	5275	73	1	1.81e-26	130
CFAV-Zik_Uganda_2016	SRA:ERX1788133.16961506.1	97.368	76	2	0	2334	2409	1	76	1.81e-26	130
CFAV-Zik_Uganda_2016	SRA:ERX1788133.16018598.2	97.368	76	2	0	5832	5907	76	1	1.81e-26	130
CFAV-Zik_Uganda_2016	SRA:ERX1788133.15066881.2	97.368	76	2	0	6444	6519	76	1	1.81e-26	130
CFAV-Zik_Uganda_2016	SRA:ERX1788133.13017496.2	97.368	76	2	0	3215	3290	76	1	1.81e-26	130
CFAV-Zik_Uganda_2016	SRA:ERX1788133.13017496.1	97.368	76	2	0	3030	3105	1	76	1.81e-26	130
CFAV-Zik_Uganda_2016	SRA:ERX1788133.11017913.2	98.630	73	1	0	2614	2686	73	1	1.81e-26	130
CFAV-Zik_Uganda_2016	SRA:ERX1788133.11017913.1	97.368	76	2	0	2566	2641	1	76	1.81e-26	130
CFAV-Zik_Uganda_2016	SRA:ERX1788133.8349206.1	97.368	76	2	0	2898	2973	1	76	1.81e-26	130
CFAV-Zik_Uganda_2016	SRA:ERX1788133.7235491.2	97.368	76	2	0	886	961	76	1	1.81e-26	130
CFAV-Zik_Uganda_2016	SRA:ERX1788133.5932645.2	97.368	76	2	0	6496	6571	76	1	1.81e-26	130
CFAV-Zik_Uganda_2016	SRA:ERX1788133.5932645.1	97.368	76	2	0	6403	6478	1	76	1.81e-26	130
CFAV-Zik_Uganda_2016	SRA:ERX1788133.5845810.2	97.368	76	2	0	5828	5903	76	1	1.81e-26	130
CFAV-Zik_Uganda_2016	SRA:ERX1788133.5074992.1	97.368	76	2	0	5843	5918	1	76	1.81e-26	130
CFAV-Zik_Uganda_2016	SRA:ERX1788133.4792259.1	97.368	76	2	0	936	1011	1	76	1.81e-26	130
CFAV-Zik_Uganda_2016	SRA:ERX1788133.3877839.2	97.368	76	2	0	3255	3330	76	1	1.81e-26	130
CFAV-Zik_Uganda_2016	SRA:ERX1788133.3652203.1	97.368	76	2	0	3088	3163	1	76	1.81e-26	130
CFAV-Zik_Uganda_2016	SRA:ERX1788133.2685727.2	97.368	76	2	0	5610	5685	76	1	1.81e-26	130
CFAV-Zik_Uganda_2016	SRA:ERX1788133.682897.2	97.368	76	2	0	5615	5690	76	1	1.81e-26	130
CFAV-Zik_Uganda_2016	SRA:ERX1788133.32569354.2	97.333	75	2	0	6444	6518	76	2	6.51e-26	128
CFAV-Zik_Uganda_2016	SRA:ERX1788133.28432452.2	97.333	75	2	0	5008	5082	75	1	6.51e-26	128
CFAV-Zik_Uganda_2016	SRA:ERX1788133.28088433.2	97.333	75	2	0	6143	6217	75	1	6.51e-26	128
CFAV-Zik_Uganda_2016	SRA:ERX1788133.28077386.1	97.333	75	2	0	3480	3554	2	76	6.51e-26	128
CFAV-Zik_Uganda_2016	SRA:ERX1788133.27777774.2	97.333	75	2	0	5011	5085	75	1	6.51e-26	128
CFAV-Zik_Uganda_2016	SRA:ERX1788133.26944745.2	97.333	75	2	0	2316	2390	75	1	6.51e-26	128
CFAV-Zik_Uganda_2016	SRA:ERX1788133.24739931.1	97.333	75	2	0	5365	5439	1	75	6.51e-26	128
CFAV-Zik_Uganda_2016	SRA:ERX1788133.24197915.1	97.333	75	2	0	2605	2679	1	75	6.51e-26	128
CFAV-Zik_Uganda_2016	SRA:ERX1788133.21275541.1	97.333	75	2	0	5009	5083	1	75	6.51e-26	128
CFAV-Zik_Uganda_2016	SRA:ERX1788133.16717215.2	97.333	75	2	0	5311	5385	75	1	6.51e-26	128
CFAV-Zik_Uganda_2016	SRA:ERX1788133.12930275.1	97.333	75	2	0	3228	3302	2	76	6.51e-26	128
CFAV-Zik_Uganda_2016	SRA:ERX1788133.12708879.1	97.333	75	2	0	3017	3091	1	75	6.51e-26	128
CFAV-Zik_Uganda_2016	SRA:ERX1788133.12187672.2	97.333	75	2	0	924	998	75	1	6.51e-26	128
CFAV-Zik_Uganda_2016	SRA:ERX1788133.12187672.1	97.333	75	2	0	792	866	1	75	6.51e-26	128
CFAV-Zik_Uganda_2016	SRA:ERX1788133.8797168.2	97.333	75	2	0	6207	6281	75	1	6.51e-26	128
CFAV-Zik_Uganda_2016	SRA:ERX1788133.3877839.1	97.333	75	2	0	3189	3263	1	75	6.51e-26	128
CFAV-Zik_Uganda_2016	SRA:ERX1788133.1454225.2	97.333	75	2	0	5025	5099	75	1	6.51e-26	128
CFAV-Zik_Uganda_2016	SRA:ERX1788133.550819.2	97.333	75	2	0	2080	2154	75	1	6.51e-26	128
CFAV-Zik_Uganda_2016	SRA:ERX1788133.28088433.1	97.297	74	2	0	6018	6091	1	74	2.34e-25	126
CFAV-Zik_Uganda_2016	SRA:ERX1788133.24737809.2	97.297	74	2	0	805	878	74	1	2.34e-25	126
CFAV-Zik_Uganda_2016	SRA:ERX1788133.23273371.2	97.297	74	2	0	2363	2436	74	1	2.34e-25	126
CFAV-Zik_Uganda_2016	SRA:ERX1788133.22235594.1	97.297	74	2	0	938	1011	3	76	2.34e-25	126
CFAV-Zik_Uganda_2016	SRA:ERX1788133.15356480.2	97.297	74	2	0	3184	3257	74	1	2.34e-25	126
CFAV-Zik_Uganda_2016	SRA:ERX1788133.15356480.1	97.297	74	2	0	3023	3096	1	74	2.34e-25	126
CFAV-Zik_Uganda_2016	SRA:ERX1788133.12708879.2	97.297	74	2	0	3175	3248	76	3	2.34e-25	126
CFAV-Zik_Uganda_2016	SRA:ERX1788133.11435755.2	97.297	74	2	0	2363	2436	74	1	2.34e-25	126
CFAV-Zik_Uganda_2016	SRA:ERX1788133.33949289.2	96.053	76	3	0	961	1036	76	1	8.42e-25	124
CFAV-Zik_Uganda_2016	SRA:ERX1788133.32515685.2	96.053	76	3	0	5339	5414	76	1	8.42e-25	124
CFAV-Zik_Uganda_2016	SRA:ERX1788133.31792399.2	96.053	76	3	0	3552	3627	76	1	8.42e-25	124
CFAV-Zik_Uganda_2016	SRA:ERX1788133.29850104.2	96.053	76	3	0	2051	2126	76	1	8.42e-25	124
CFAV-Zik_Uganda_2016	SRA:ERX1788133.29448214.2	96.053	76	3	0	5970	6045	76	1	8.42e-25	124
CFAV-Zik_Uganda_2016	SRA:ERX1788133.28896687.2	96.053	76	3	0	1841	1916	76	1	8.42e-25	124
CFAV-Zik_Uganda_2016	SRA:ERX1788133.28896687.1	96.053	76	3	0	961	1036	1	76	8.42e-25	124
CFAV-Zik_Uganda_2016	SRA:ERX1788133.23593949.2	96.053	76	3	0	5736	5811	76	1	8.42e-25	124
CFAV-Zik_Uganda_2016	SRA:ERX1788133.22235594.2	96.053	76	3	0	1015	1090	76	1	8.42e-25	124
CFAV-Zik_Uganda_2016	SRA:ERX1788133.20365315.2	96.053	76	3	0	4105	4180	76	1	8.42e-25	124
CFAV-Zik_Uganda_2016	SRA:ERX1788133.20291752.1	96.053	76	3	0	2130	2205	1	76	8.42e-25	124
CFAV-Zik_Uganda_2016	SRA:ERX1788133.18112559.1	96.053	76	3	0	2936	3011	1	76	8.42e-25	124
CFAV-Zik_Uganda_2016	SRA:ERX1788133.17068254.1	96.053	76	3	0	5191	5266	1	76	8.42e-25	124
CFAV-Zik_Uganda_2016	SRA:ERX1788133.13050222.2	96.053	76	3	0	2863	2938	76	1	8.42e-25	124
CFAV-Zik_Uganda_2016	SRA:ERX1788133.13050222.1	97.260	73	2	0	2820	2892	1	73	8.42e-25	124
CFAV-Zik_Uganda_2016	SRA:ERX1788133.12454206.2	96.053	76	3	0	1998	2073	76	1	8.42e-25	124
CFAV-Zik_Uganda_2016	SRA:ERX1788133.8349206.2	96.053	76	3	0	2931	3006	76	1	8.42e-25	124
CFAV-Zik_Uganda_2016	SRA:ERX1788133.7235491.1	96.053	76	3	0	748	823	1	76	8.42e-25	124
CFAV-Zik_Uganda_2016	SRA:ERX1788133.4255153.1	96.053	76	3	0	2218	2293	1	76	8.42e-25	124
CFAV-Zik_Uganda_2016	SRA:ERX1788133.3652203.2	96.053	76	3	0	3165	3240	76	1	8.42e-25	124
CFAV-Zik_Uganda_2016	SRA:ERX1788133.3419670.2	96.053	76	3	0	1841	1916	76	1	8.42e-25	124
CFAV-Zik_Uganda_2016	SRA:ERX1788133.3419670.1	96.053	76	3	0	961	1036	1	76	8.42e-25	124
CFAV-Zik_Uganda_2016	SRA:ERX1788133.34370696.1	96.000	75	3	0	6063	6137	1	75	3.03e-24	122
CFAV-Zik_Uganda_2016	SRA:ERX1788133.32569354.1	97.222	72	2	0	6294	6365	1	72	3.03e-24	122
CFAV-Zik_Uganda_2016	SRA:ERX1788133.18787451.2	96.053	76	2	1	6202	6277	75	1	3.03e-24	122
CFAV-Zik_Uganda_2016	SRA:ERX1788133.3969468.2	97.222	72	2	0	799	870	72	1	3.03e-24	122
CFAV-Zik_Uganda_2016	SRA:ERX1788133.29850104.1	97.183	71	2	0	2005	2075	1	71	1.09e-23	121
CFAV-Zik_Uganda_2016	SRA:ERX1788133.17700392.1	95.946	74	3	0	2865	2938	3	76	1.09e-23	121
CFAV-Zik_Uganda_2016	SRA:ERX1788133.33949289.1	95.890	73	3	0	900	972	1	73	3.92e-23	119
CFAV-Zik_Uganda_2016	SRA:ERX1788133.33947132.2	94.737	76	4	0	960	1035	76	1	3.92e-23	119
CFAV-Zik_Uganda_2016	SRA:ERX1788133.29408801.1	94.737	76	4	0	1851	1926	1	76	3.92e-23	119
CFAV-Zik_Uganda_2016	SRA:ERX1788133.19298382.2	95.890	73	3	0	5298	5370	76	4	3.92e-23	119
CFAV-Zik_Uganda_2016	SRA:ERX1788133.17963088.2	94.737	76	4	0	1911	1986	76	1	3.92e-23	119
CFAV-Zik_Uganda_2016	SRA:ERX1788133.17963088.1	95.890	73	3	0	1847	1919	1	73	3.92e-23	119
CFAV-Zik_Uganda_2016	SRA:ERX1788133.16961506.2	94.737	76	4	0	2468	2543	76	1	3.92e-23	119
CFAV-Zik_Uganda_2016	SRA:ERX1788133.16018598.1	94.737	76	4	0	5714	5789	1	76	3.92e-23	119
CFAV-Zik_Uganda_2016	SRA:ERX1788133.15709694.2	94.737	76	4	0	4164	4239	1	76	3.92e-23	119
CFAV-Zik_Uganda_2016	SRA:ERX1788133.15321061.1	94.737	76	4	0	2023	2098	1	76	3.92e-23	119
CFAV-Zik_Uganda_2016	SRA:ERX1788133.15066881.1	94.737	76	4	0	6362	6437	1	76	3.92e-23	119
CFAV-Zik_Uganda_2016	SRA:ERX1788133.28607187.2	97.101	69	2	0	745	813	69	1	1.41e-22	117
CFAV-Zik_Uganda_2016	SRA:ERX1788133.28103131.1	95.833	72	3	0	1020	1091	1	72	1.41e-22	117
CFAV-Zik_Uganda_2016	SRA:ERX1788133.24957499.2	94.667	75	4	0	1850	1924	75	1	1.41e-22	117
CFAV-Zik_Uganda_2016	SRA:ERX1788133.12930275.2	95.833	72	3	0	3474	3545	74	3	1.41e-22	117
CFAV-Zik_Uganda_2016	SRA:ERX1788133.30889669.1	94.595	74	4	0	899	972	3	76	5.07e-22	115
CFAV-Zik_Uganda_2016	SRA:ERX1788133.26338207.2	94.595	74	4	0	6080	6153	74	1	5.07e-22	115
CFAV-Zik_Uganda_2016	SRA:ERX1788133.11435755.1	94.595	74	4	0	2209	2282	3	76	5.07e-22	115
CFAV-Zik_Uganda_2016	SRA:ERX1788133.27546140.1	93.421	76	5	0	2146	2221	1	76	1.82e-21	113
CFAV-Zik_Uganda_2016	SRA:ERX1788133.26944745.1	93.506	77	4	1	2205	2281	1	76	1.82e-21	113
CFAV-Zik_Uganda_2016	SRA:ERX1788133.16342212.2	93.421	76	5	0	4426	4501	76	1	1.82e-21	113
CFAV-Zik_Uganda_2016	SRA:ERX1788133.25814111.1	93.333	75	5	0	5997	6071	1	75	6.56e-21	111
CFAV-Zik_Uganda_2016	SRA:ERX1788133.7595231.2	93.333	75	5	0	4416	4490	75	1	6.56e-21	111
CFAV-Zik_Uganda_2016	SRA:ERX1788133.29015919.1	90.909	77	6	1	2205	2281	1	76	3.95e-18	102
CFAV-Zik_Uganda_2016	SRA:ERX1788133.17700392.2	90.667	75	7	0	2919	2993	75	1	1.42e-17	100
CFAV-Zik_Uganda_2016	SRA:ERX1788133.550819.1	96.667	60	2	0	1827	1886	17	76	1.42e-17	100
CFAV-Zik_Uganda_2016	SRA:ERX1788133.15709694.1	96.610	59	2	0	4203	4261	76	18	5.11e-17	99.0
CFAV-Zik_Uganda_2016	SRA:ERX1788133.28432452.1	98.000	50	1	0	4964	5013	26	75	1.11e-13	87.9
