CFAV-Bangkok_Thailand_2015	SRA:ERX1788132.14733317.1	100.000	76	0	0	3649	3724	1	76	7.06e-30	141
CFAV-Bangkok_Thailand_2015	SRA:ERX1788132.4481814.1	100.000	76	0	0	3601	3676	1	76	7.06e-30	141
CFAV-Bangkok_Thailand_2015	SRA:ERX1788132.382786.2	100.000	76	0	0	5872	5947	76	1	7.06e-30	141
CFAV-Bangkok_Thailand_2015	SRA:ERX1788132.27312257.2	100.000	74	0	0	5875	5948	74	1	9.13e-29	137
CFAV-Bangkok_Thailand_2015	SRA:ERX1788132.14733317.2	98.684	76	1	0	3708	3783	76	1	3.28e-28	135
CFAV-Bangkok_Thailand_2015	SRA:ERX1788132.4481814.2	98.684	76	1	0	3820	3895	76	1	3.28e-28	135
CFAV-Bangkok_Thailand_2015	SRA:ERX1788132.1038248.2	98.684	76	1	0	998	1073	76	1	3.28e-28	135
CFAV-Bangkok_Thailand_2015	SRA:ERX1788132.27312257.1	98.667	75	1	0	5849	5923	1	75	1.18e-27	134
CFAV-Bangkok_Thailand_2015	SRA:ERX1788132.24917342.2	98.667	75	1	0	3955	4029	75	1	1.18e-27	134
CFAV-Bangkok_Thailand_2015	SRA:ERX1788132.24917342.1	98.667	75	1	0	3868	3942	2	76	1.18e-27	134
CFAV-Bangkok_Thailand_2015	SRA:ERX1788132.24752868.1	98.667	75	1	0	3717	3791	2	76	1.18e-27	134
CFAV-Bangkok_Thailand_2015	SRA:ERX1788132.7726768.1	98.667	75	1	0	6214	6288	2	76	1.18e-27	134
CFAV-Bangkok_Thailand_2015	SRA:ERX1788132.1038248.1	98.667	75	1	0	817	891	1	75	1.18e-27	134
CFAV-Bangkok_Thailand_2015	SRA:ERX1788132.13498614.1	98.649	74	1	0	6217	6290	1	74	4.25e-27	132
CFAV-Bangkok_Thailand_2015	SRA:ERX1788132.8167842.1	98.649	74	1	0	2285	2358	2	75	4.25e-27	132
CFAV-Bangkok_Thailand_2015	SRA:ERX1788132.24752868.2	97.368	76	2	0	3782	3857	76	1	1.53e-26	130
CFAV-Bangkok_Thailand_2015	SRA:ERX1788132.23763089.1	97.368	76	2	0	2859	2934	1	76	1.53e-26	130
CFAV-Bangkok_Thailand_2015	SRA:ERX1788132.21765466.2	97.368	76	2	0	6079	6154	76	1	1.53e-26	130
CFAV-Bangkok_Thailand_2015	SRA:ERX1788132.21104167.2	97.368	76	2	0	6350	6425	76	1	1.53e-26	130
CFAV-Bangkok_Thailand_2015	SRA:ERX1788132.19369533.1	97.368	76	2	0	6473	6548	1	76	1.53e-26	130
CFAV-Bangkok_Thailand_2015	SRA:ERX1788132.16209336.2	97.368	76	2	0	942	1017	76	1	1.53e-26	130
CFAV-Bangkok_Thailand_2015	SRA:ERX1788132.15215406.2	97.368	76	2	0	942	1017	76	1	1.53e-26	130
CFAV-Bangkok_Thailand_2015	SRA:ERX1788132.13498614.2	97.368	76	2	0	6318	6393	76	1	1.53e-26	130
CFAV-Bangkok_Thailand_2015	SRA:ERX1788132.11911278.1	97.368	76	2	0	2556	2631	1	76	1.53e-26	130
CFAV-Bangkok_Thailand_2015	SRA:ERX1788132.9298294.2	97.368	76	2	0	6048	6123	76	1	1.53e-26	130
CFAV-Bangkok_Thailand_2015	SRA:ERX1788132.5299673.1	97.368	76	2	0	2339	2414	1	76	1.53e-26	130
CFAV-Bangkok_Thailand_2015	SRA:ERX1788132.4483186.2	97.368	76	2	0	6296	6371	76	1	1.53e-26	130
CFAV-Bangkok_Thailand_2015	SRA:ERX1788132.3564136.1	97.368	76	2	0	979	1054	1	76	1.53e-26	130
CFAV-Bangkok_Thailand_2015	SRA:ERX1788132.1183933.2	97.368	76	2	0	6465	6540	76	1	1.53e-26	130
CFAV-Bangkok_Thailand_2015	SRA:ERX1788132.1183933.1	97.368	76	2	0	6393	6468	1	76	1.53e-26	130
CFAV-Bangkok_Thailand_2015	SRA:ERX1788132.497391.2	97.368	76	2	0	2855	2930	76	1	1.53e-26	130
CFAV-Bangkok_Thailand_2015	SRA:ERX1788132.10412480.2	97.333	75	2	0	6235	6309	75	1	5.50e-26	128
CFAV-Bangkok_Thailand_2015	SRA:ERX1788132.13204649.1	97.297	74	2	0	5491	5564	1	74	1.98e-25	126
CFAV-Bangkok_Thailand_2015	SRA:ERX1788132.12421072.2	97.297	74	2	0	3178	3251	74	1	1.98e-25	126
CFAV-Bangkok_Thailand_2015	SRA:ERX1788132.9298294.1	97.297	74	2	0	5836	5909	3	76	1.98e-25	126
CFAV-Bangkok_Thailand_2015	SRA:ERX1788132.6285229.1	97.297	74	2	0	5836	5909	3	76	1.98e-25	126
CFAV-Bangkok_Thailand_2015	SRA:ERX1788132.19369533.2	96.053	76	3	0	735	810	76	1	7.11e-25	124
CFAV-Bangkok_Thailand_2015	SRA:ERX1788132.16755909.1	96.053	76	3	0	5970	6045	1	76	7.11e-25	124
CFAV-Bangkok_Thailand_2015	SRA:ERX1788132.14947390.2	96.053	76	3	0	4978	5053	76	1	7.11e-25	124
CFAV-Bangkok_Thailand_2015	SRA:ERX1788132.14883205.2	96.053	76	3	0	5286	5361	76	1	7.11e-25	124
CFAV-Bangkok_Thailand_2015	SRA:ERX1788132.13873896.2	96.053	76	3	0	3721	3796	76	1	7.11e-25	124
CFAV-Bangkok_Thailand_2015	SRA:ERX1788132.13873896.1	96.053	76	3	0	3590	3665	1	76	7.11e-25	124
CFAV-Bangkok_Thailand_2015	SRA:ERX1788132.12163347.2	97.260	73	2	0	5682	5754	73	1	7.11e-25	124
CFAV-Bangkok_Thailand_2015	SRA:ERX1788132.12163347.1	96.053	76	3	0	5592	5667	1	76	7.11e-25	124
CFAV-Bangkok_Thailand_2015	SRA:ERX1788132.7726768.2	96.053	76	3	0	6280	6355	76	1	7.11e-25	124
CFAV-Bangkok_Thailand_2015	SRA:ERX1788132.6285229.2	96.053	76	3	0	5895	5970	76	1	7.11e-25	124
CFAV-Bangkok_Thailand_2015	SRA:ERX1788132.3207559.2	96.053	76	3	0	2912	2987	76	1	7.11e-25	124
CFAV-Bangkok_Thailand_2015	SRA:ERX1788132.3207559.1	96.053	76	3	0	2867	2942	1	76	7.11e-25	124
CFAV-Bangkok_Thailand_2015	SRA:ERX1788132.23763089.2	96.000	75	3	0	2901	2975	75	1	2.56e-24	122
CFAV-Bangkok_Thailand_2015	SRA:ERX1788132.21104159.1	96.000	75	3	0	6201	6275	1	75	2.56e-24	122
CFAV-Bangkok_Thailand_2015	SRA:ERX1788132.14883205.1	97.222	72	2	0	5167	5238	3	74	2.56e-24	122
CFAV-Bangkok_Thailand_2015	SRA:ERX1788132.10984914.2	96.000	75	3	0	728	802	75	1	2.56e-24	122
CFAV-Bangkok_Thailand_2015	SRA:ERX1788132.26279230.2	95.890	73	3	0	868	940	73	1	3.31e-23	119
CFAV-Bangkok_Thailand_2015	SRA:ERX1788132.26279230.1	98.507	67	1	0	6491	6557	1	67	3.31e-23	119
CFAV-Bangkok_Thailand_2015	SRA:ERX1788132.23443859.2	94.737	76	4	0	5119	5194	76	1	3.31e-23	119
CFAV-Bangkok_Thailand_2015	SRA:ERX1788132.16755909.2	94.872	78	1	3	6145	6221	76	1	3.31e-23	119
CFAV-Bangkok_Thailand_2015	SRA:ERX1788132.12421072.1	94.737	76	4	0	3115	3190	1	76	3.31e-23	119
CFAV-Bangkok_Thailand_2015	SRA:ERX1788132.10412480.1	95.890	73	3	0	6168	6240	1	73	3.31e-23	119
CFAV-Bangkok_Thailand_2015	SRA:ERX1788132.7152067.1	94.737	76	4	0	5226	5301	1	76	3.31e-23	119
CFAV-Bangkok_Thailand_2015	SRA:ERX1788132.4483186.1	95.890	73	3	0	6168	6240	1	73	3.31e-23	119
CFAV-Bangkok_Thailand_2015	SRA:ERX1788132.382786.1	95.890	73	3	0	5795	5867	1	73	3.31e-23	119
CFAV-Bangkok_Thailand_2015	SRA:ERX1788132.8655024.2	93.421	76	5	0	5101	5176	76	1	1.54e-21	113
CFAV-Bangkok_Thailand_2015	SRA:ERX1788132.571153.2	93.421	76	5	0	5952	6027	76	1	1.54e-21	113
CFAV-Bangkok_Thailand_2015	SRA:ERX1788132.8167842.2	93.333	75	5	0	2487	2561	75	1	5.53e-21	111
CFAV-Bangkok_Thailand_2015	SRA:ERX1788132.10984914.1	98.276	58	0	1	6500	6557	3	59	1.20e-17	100
CFAV-Bangkok_Thailand_2015	SRA:ERX1788132.10427472.2	95.745	47	1	1	5626	5672	46	1	7.26e-10	75.0
NC_001564	SRA:ERX1788132.24752868.2	100.000	76	0	0	3789	3864	76	1	7.07e-30	141
NC_001564	SRA:ERX1788132.19369533.2	100.000	76	0	0	742	817	76	1	7.07e-30	141
NC_001564	SRA:ERX1788132.16755909.1	100.000	76	0	0	5977	6052	1	76	7.07e-30	141
NC_001564	SRA:ERX1788132.14733317.1	100.000	76	0	0	3656	3731	1	76	7.07e-30	141
NC_001564	SRA:ERX1788132.13204649.1	100.000	76	0	0	5498	5573	1	76	7.07e-30	141
NC_001564	SRA:ERX1788132.5299673.1	100.000	76	0	0	2346	2421	1	76	7.07e-30	141
NC_001564	SRA:ERX1788132.4481814.1	100.000	76	0	0	3608	3683	1	76	7.07e-30	141
NC_001564	SRA:ERX1788132.3207559.2	100.000	76	0	0	2919	2994	76	1	7.07e-30	141
NC_001564	SRA:ERX1788132.1038248.2	100.000	76	0	0	1005	1080	76	1	7.07e-30	141
NC_001564	SRA:ERX1788132.24917342.2	100.000	75	0	0	3962	4036	75	1	2.54e-29	139
NC_001564	SRA:ERX1788132.23443859.2	98.684	76	1	0	5126	5201	76	1	3.29e-28	135
NC_001564	SRA:ERX1788132.19369533.1	98.684	76	1	0	6480	6555	1	76	3.29e-28	135
NC_001564	SRA:ERX1788132.16209336.2	98.684	76	1	0	949	1024	76	1	3.29e-28	135
NC_001564	SRA:ERX1788132.15215406.2	98.684	76	1	0	949	1024	76	1	3.29e-28	135
NC_001564	SRA:ERX1788132.12163347.2	100.000	73	0	0	5689	5761	73	1	3.29e-28	135
NC_001564	SRA:ERX1788132.11911278.1	98.684	76	1	0	2563	2638	1	76	3.29e-28	135
NC_001564	SRA:ERX1788132.8655024.2	98.684	76	1	0	5108	5183	76	1	3.29e-28	135
NC_001564	SRA:ERX1788132.8655024.1	98.684	76	1	0	5072	5147	1	76	3.29e-28	135
NC_001564	SRA:ERX1788132.4483186.2	98.684	76	1	0	6303	6378	76	1	3.29e-28	135
NC_001564	SRA:ERX1788132.4481814.2	98.684	76	1	0	3827	3902	76	1	3.29e-28	135
NC_001564	SRA:ERX1788132.1183933.2	98.684	76	1	0	6472	6547	76	1	3.29e-28	135
NC_001564	SRA:ERX1788132.1183933.1	98.684	76	1	0	6400	6475	1	76	3.29e-28	135
NC_001564	SRA:ERX1788132.571153.2	98.684	76	1	0	5959	6034	76	1	3.29e-28	135
NC_001564	SRA:ERX1788132.16209336.1	98.667	75	1	0	884	958	1	75	1.18e-27	134
NC_001564	SRA:ERX1788132.12421072.1	100.000	72	0	0	3122	3193	1	72	1.18e-27	134
NC_001564	SRA:ERX1788132.8167842.2	98.667	75	1	0	2494	2568	75	1	1.18e-27	134
NC_001564	SRA:ERX1788132.23763089.2	98.649	74	1	0	2909	2982	74	1	4.26e-27	132
NC_001564	SRA:ERX1788132.13204649.2	98.649	74	1	0	5576	5649	74	1	4.26e-27	132
NC_001564	SRA:ERX1788132.10984914.2	100.000	71	0	0	739	809	71	1	4.26e-27	132
NC_001564	SRA:ERX1788132.26279230.2	98.630	73	1	0	875	947	73	1	1.53e-26	130
NC_001564	SRA:ERX1788132.21765466.2	97.368	76	2	0	6086	6161	76	1	1.53e-26	130
NC_001564	SRA:ERX1788132.21104167.2	97.368	76	2	0	6357	6432	76	1	1.53e-26	130
NC_001564	SRA:ERX1788132.13498614.2	97.368	76	2	0	6325	6400	76	1	1.53e-26	130
NC_001564	SRA:ERX1788132.12163347.1	97.368	76	2	0	5599	5674	1	76	1.53e-26	130
NC_001564	SRA:ERX1788132.7726768.2	97.368	76	2	0	6287	6362	76	1	1.53e-26	130
NC_001564	SRA:ERX1788132.3564136.1	97.368	76	2	0	986	1061	1	76	1.53e-26	130
NC_001564	SRA:ERX1788132.382786.2	97.368	76	2	0	5879	5954	76	1	1.53e-26	130
NC_001564	SRA:ERX1788132.24917342.1	97.333	75	2	0	3875	3949	2	76	5.51e-26	128
NC_001564	SRA:ERX1788132.5299673.2	98.630	73	0	1	2617	2689	72	1	5.51e-26	128
NC_001564	SRA:ERX1788132.1038248.1	97.333	75	2	0	824	898	1	75	5.51e-26	128
NC_001564	SRA:ERX1788132.27312257.2	97.297	74	2	0	5882	5955	74	1	1.98e-25	126
NC_001564	SRA:ERX1788132.15215406.1	97.297	74	2	0	885	958	2	75	1.98e-25	126
NC_001564	SRA:ERX1788132.14883205.1	97.297	74	2	0	5172	5245	1	74	1.98e-25	126
NC_001564	SRA:ERX1788132.10427472.1	98.592	71	1	0	5576	5646	4	74	1.98e-25	126
NC_001564	SRA:ERX1788132.8167842.1	97.297	74	2	0	2292	2365	2	75	1.98e-25	126
NC_001564	SRA:ERX1788132.14947390.2	96.053	76	3	0	4985	5060	76	1	7.12e-25	124
NC_001564	SRA:ERX1788132.14883205.2	96.053	76	3	0	5293	5368	76	1	7.12e-25	124
NC_001564	SRA:ERX1788132.13873896.1	96.053	76	3	0	3597	3672	1	76	7.12e-25	124
NC_001564	SRA:ERX1788132.10412480.1	97.260	73	2	0	6175	6247	1	73	7.12e-25	124
NC_001564	SRA:ERX1788132.7152067.1	96.053	76	3	0	5233	5308	1	76	7.12e-25	124
NC_001564	SRA:ERX1788132.6285229.2	96.053	76	3	0	5902	5977	76	1	7.12e-25	124
NC_001564	SRA:ERX1788132.4483186.1	97.260	73	2	0	6175	6247	1	73	7.12e-25	124
NC_001564	SRA:ERX1788132.3207559.1	96.053	76	3	0	2874	2949	1	76	7.12e-25	124
NC_001564	SRA:ERX1788132.571153.1	96.053	76	3	0	5813	5888	1	76	7.12e-25	124
NC_001564	SRA:ERX1788132.497391.1	96.053	76	3	0	2665	2740	1	76	7.12e-25	124
NC_001564	SRA:ERX1788132.21765466.1	96.000	75	3	0	6023	6097	1	75	2.56e-24	122
NC_001564	SRA:ERX1788132.21104159.1	96.000	75	3	0	6208	6282	1	75	2.56e-24	122
NC_001564	SRA:ERX1788132.9298294.2	96.000	75	3	0	6056	6130	75	1	2.56e-24	122
NC_001564	SRA:ERX1788132.382786.1	97.183	71	2	0	5804	5874	3	73	9.22e-24	121
NC_001564	SRA:ERX1788132.26279230.1	98.507	67	1	0	6498	6564	1	67	3.31e-23	119
NC_001564	SRA:ERX1788132.23763089.1	94.737	76	4	0	2866	2941	1	76	3.31e-23	119
NC_001564	SRA:ERX1788132.21104159.2	94.737	76	4	0	6357	6432	76	1	3.31e-23	119
NC_001564	SRA:ERX1788132.14733317.2	94.737	76	4	0	3715	3790	76	1	3.31e-23	119
NC_001564	SRA:ERX1788132.12421072.2	94.737	76	4	0	3183	3258	76	1	3.31e-23	119
NC_001564	SRA:ERX1788132.7726768.1	94.737	76	4	0	6220	6295	1	76	3.31e-23	119
NC_001564	SRA:ERX1788132.497391.2	94.737	76	4	0	2862	2937	76	1	3.31e-23	119
NC_001564	SRA:ERX1788132.27312257.1	94.667	75	4	0	5856	5930	1	75	1.19e-22	117
NC_001564	SRA:ERX1788132.24752868.1	94.667	75	4	0	3724	3798	2	76	1.19e-22	117
NC_001564	SRA:ERX1788132.565131.2	98.462	65	1	0	4953	5017	65	1	4.29e-22	115
NC_001564	SRA:ERX1788132.21104167.1	94.521	73	4	0	6210	6282	3	75	1.54e-21	113
NC_001564	SRA:ERX1788132.13873896.2	92.105	76	6	0	3728	3803	76	1	7.17e-20	108
NC_001564	SRA:ERX1788132.10984914.1	98.276	58	0	1	6507	6564	3	59	1.20e-17	100
NC_001564	SRA:ERX1788132.15854375.1	90.411	73	7	0	6175	6247	1	73	1.55e-16	97.1
NC_001564	SRA:ERX1788132.3654638.1	97.872	47	1	0	4953	4999	30	76	4.35e-12	82.4
NC_001564	SRA:ERX1788132.14947390.1	97.674	43	1	0	4953	4995	34	76	7.28e-10	75.0
NC_001564	SRA:ERX1788132.10427472.2	95.745	47	1	1	5633	5679	46	1	7.28e-10	75.0
NC_001564	SRA:ERX1788132.565131.1	100.000	28	0	0	4953	4980	49	76	0.003	52.8
CFAV-Cairns_Australia_2014	SRA:ERX1788132.24752868.2	100.000	76	0	0	3788	3863	76	1	7.08e-30	141
CFAV-Cairns_Australia_2014	SRA:ERX1788132.14733317.2	100.000	76	0	0	3714	3789	76	1	7.08e-30	141
CFAV-Cairns_Australia_2014	SRA:ERX1788132.14733317.1	100.000	76	0	0	3655	3730	1	76	7.08e-30	141
CFAV-Cairns_Australia_2014	SRA:ERX1788132.13204649.1	100.000	76	0	0	5497	5572	1	76	7.08e-30	141
CFAV-Cairns_Australia_2014	SRA:ERX1788132.5299673.1	100.000	76	0	0	2345	2420	1	76	7.08e-30	141
CFAV-Cairns_Australia_2014	SRA:ERX1788132.4483186.2	100.000	76	0	0	6302	6377	76	1	7.08e-30	141
CFAV-Cairns_Australia_2014	SRA:ERX1788132.4481814.1	100.000	76	0	0	3607	3682	1	76	7.08e-30	141
CFAV-Cairns_Australia_2014	SRA:ERX1788132.1183933.1	100.000	76	0	0	6399	6474	1	76	7.08e-30	141
CFAV-Cairns_Australia_2014	SRA:ERX1788132.1038248.2	100.000	76	0	0	1004	1079	76	1	7.08e-30	141
CFAV-Cairns_Australia_2014	SRA:ERX1788132.24752868.1	100.000	75	0	0	3723	3797	2	76	2.54e-29	139
CFAV-Cairns_Australia_2014	SRA:ERX1788132.16209336.1	100.000	75	0	0	883	957	1	75	2.54e-29	139
CFAV-Cairns_Australia_2014	SRA:ERX1788132.13204649.2	100.000	75	0	0	5574	5648	75	1	2.54e-29	139
CFAV-Cairns_Australia_2014	SRA:ERX1788132.26279230.2	100.000	73	0	0	874	946	73	1	3.29e-28	135
CFAV-Cairns_Australia_2014	SRA:ERX1788132.21765466.2	98.684	76	1	0	6085	6160	76	1	3.29e-28	135
CFAV-Cairns_Australia_2014	SRA:ERX1788132.21104167.2	98.684	76	1	0	6356	6431	76	1	3.29e-28	135
CFAV-Cairns_Australia_2014	SRA:ERX1788132.19369533.2	98.684	76	1	0	741	816	76	1	3.29e-28	135
CFAV-Cairns_Australia_2014	SRA:ERX1788132.16209336.2	98.684	76	1	0	948	1023	76	1	3.29e-28	135
CFAV-Cairns_Australia_2014	SRA:ERX1788132.15215406.2	98.684	76	1	0	948	1023	76	1	3.29e-28	135
CFAV-Cairns_Australia_2014	SRA:ERX1788132.14947390.2	98.684	76	1	0	4984	5059	76	1	3.29e-28	135
CFAV-Cairns_Australia_2014	SRA:ERX1788132.13498614.2	98.684	76	1	0	6324	6399	76	1	3.29e-28	135
CFAV-Cairns_Australia_2014	SRA:ERX1788132.12421072.1	98.684	76	1	0	3121	3196	1	76	3.29e-28	135
CFAV-Cairns_Australia_2014	SRA:ERX1788132.12163347.1	98.684	76	1	0	5598	5673	1	76	3.29e-28	135
CFAV-Cairns_Australia_2014	SRA:ERX1788132.10984914.2	100.000	73	0	0	734	806	75	3	3.29e-28	135
CFAV-Cairns_Australia_2014	SRA:ERX1788132.9298294.1	98.684	76	1	0	5840	5915	1	76	3.29e-28	135
CFAV-Cairns_Australia_2014	SRA:ERX1788132.7726768.2	98.684	76	1	0	6286	6361	76	1	3.29e-28	135
CFAV-Cairns_Australia_2014	SRA:ERX1788132.7726768.1	98.684	76	1	0	6219	6294	1	76	3.29e-28	135
CFAV-Cairns_Australia_2014	SRA:ERX1788132.6285229.1	98.684	76	1	0	5840	5915	1	76	3.29e-28	135
CFAV-Cairns_Australia_2014	SRA:ERX1788132.4481814.2	98.684	76	1	0	3826	3901	76	1	3.29e-28	135
CFAV-Cairns_Australia_2014	SRA:ERX1788132.3207559.2	98.684	76	1	0	2918	2993	76	1	3.29e-28	135
CFAV-Cairns_Australia_2014	SRA:ERX1788132.571153.1	98.684	76	1	0	5812	5887	1	76	3.29e-28	135
CFAV-Cairns_Australia_2014	SRA:ERX1788132.382786.1	100.000	73	0	0	5801	5873	1	73	3.29e-28	135
CFAV-Cairns_Australia_2014	SRA:ERX1788132.27312257.1	98.667	75	1	0	5855	5929	1	75	1.18e-27	134
CFAV-Cairns_Australia_2014	SRA:ERX1788132.24917342.2	98.667	75	1	0	3961	4035	75	1	1.18e-27	134
CFAV-Cairns_Australia_2014	SRA:ERX1788132.24917342.1	98.667	75	1	0	3874	3948	2	76	1.18e-27	134
CFAV-Cairns_Australia_2014	SRA:ERX1788132.21104159.1	98.667	75	1	0	6207	6281	1	75	1.18e-27	134
CFAV-Cairns_Australia_2014	SRA:ERX1788132.8167842.2	98.667	75	1	0	2493	2567	75	1	1.18e-27	134
CFAV-Cairns_Australia_2014	SRA:ERX1788132.1038248.1	98.667	75	1	0	823	897	1	75	1.18e-27	134
CFAV-Cairns_Australia_2014	SRA:ERX1788132.23763089.2	98.649	74	1	0	2908	2981	74	1	4.26e-27	132
CFAV-Cairns_Australia_2014	SRA:ERX1788132.15215406.1	98.649	74	1	0	884	957	2	75	4.26e-27	132
CFAV-Cairns_Australia_2014	SRA:ERX1788132.13498614.1	98.649	74	1	0	6223	6296	1	74	4.26e-27	132
CFAV-Cairns_Australia_2014	SRA:ERX1788132.10427472.1	100.000	71	0	0	5575	5645	4	74	4.26e-27	132
CFAV-Cairns_Australia_2014	SRA:ERX1788132.8167842.1	98.649	74	1	0	2291	2364	2	75	4.26e-27	132
CFAV-Cairns_Australia_2014	SRA:ERX1788132.23763089.1	97.368	76	2	0	2865	2940	1	76	1.53e-26	130
CFAV-Cairns_Australia_2014	SRA:ERX1788132.16755909.2	97.403	77	1	1	6151	6227	76	1	1.53e-26	130
CFAV-Cairns_Australia_2014	SRA:ERX1788132.16755909.1	97.368	76	2	0	5976	6051	1	76	1.53e-26	130
CFAV-Cairns_Australia_2014	SRA:ERX1788132.13873896.2	97.368	76	2	0	3727	3802	76	1	1.53e-26	130
CFAV-Cairns_Australia_2014	SRA:ERX1788132.11911278.1	97.368	76	2	0	2562	2637	1	76	1.53e-26	130
CFAV-Cairns_Australia_2014	SRA:ERX1788132.10412480.1	98.630	73	1	0	6174	6246	1	73	1.53e-26	130
CFAV-Cairns_Australia_2014	SRA:ERX1788132.4483186.1	98.630	73	1	0	6174	6246	1	73	1.53e-26	130
CFAV-Cairns_Australia_2014	SRA:ERX1788132.3564136.1	97.368	76	2	0	985	1060	1	76	1.53e-26	130
CFAV-Cairns_Australia_2014	SRA:ERX1788132.3207559.1	97.368	76	2	0	2873	2948	1	76	1.53e-26	130
CFAV-Cairns_Australia_2014	SRA:ERX1788132.497391.2	97.368	76	2	0	2861	2936	76	1	1.53e-26	130
CFAV-Cairns_Australia_2014	SRA:ERX1788132.382786.2	97.368	76	2	0	5878	5953	76	1	1.53e-26	130
CFAV-Cairns_Australia_2014	SRA:ERX1788132.10412480.2	97.333	75	2	0	6241	6315	75	1	5.51e-26	128
CFAV-Cairns_Australia_2014	SRA:ERX1788132.5299673.2	98.630	73	0	1	2616	2688	72	1	5.51e-26	128
CFAV-Cairns_Australia_2014	SRA:ERX1788132.27312257.2	97.297	74	2	0	5881	5954	74	1	1.98e-25	126
CFAV-Cairns_Australia_2014	SRA:ERX1788132.23443859.2	97.297	74	2	0	5125	5198	76	3	1.98e-25	126
CFAV-Cairns_Australia_2014	SRA:ERX1788132.8655024.2	97.297	74	2	0	5107	5180	76	3	1.98e-25	126
CFAV-Cairns_Australia_2014	SRA:ERX1788132.21104159.2	96.053	76	3	0	6356	6431	76	1	7.13e-25	124
CFAV-Cairns_Australia_2014	SRA:ERX1788132.14883205.2	96.053	76	3	0	5292	5367	76	1	7.13e-25	124
CFAV-Cairns_Australia_2014	SRA:ERX1788132.13873896.1	96.053	76	3	0	3596	3671	1	76	7.13e-25	124
CFAV-Cairns_Australia_2014	SRA:ERX1788132.12163347.2	97.260	73	2	0	5688	5760	73	1	7.13e-25	124
CFAV-Cairns_Australia_2014	SRA:ERX1788132.9298294.2	96.053	76	3	0	6054	6129	76	1	7.13e-25	124
CFAV-Cairns_Australia_2014	SRA:ERX1788132.8655024.1	96.053	76	3	0	5071	5146	1	76	7.13e-25	124
CFAV-Cairns_Australia_2014	SRA:ERX1788132.7152067.1	96.053	76	3	0	5232	5307	1	76	7.13e-25	124
CFAV-Cairns_Australia_2014	SRA:ERX1788132.571153.2	96.053	76	3	0	5958	6033	76	1	7.13e-25	124
CFAV-Cairns_Australia_2014	SRA:ERX1788132.21104167.1	95.890	73	3	0	6209	6281	3	75	3.32e-23	119
CFAV-Cairns_Australia_2014	SRA:ERX1788132.19369533.1	94.737	76	4	0	6479	6554	1	76	3.32e-23	119
CFAV-Cairns_Australia_2014	SRA:ERX1788132.6285229.2	94.737	76	4	0	5901	5976	76	1	3.32e-23	119
CFAV-Cairns_Australia_2014	SRA:ERX1788132.1183933.2	94.737	76	4	0	6471	6546	76	1	3.32e-23	119
CFAV-Cairns_Australia_2014	SRA:ERX1788132.21765466.1	94.667	75	4	0	6022	6096	1	75	1.19e-22	117
CFAV-Cairns_Australia_2014	SRA:ERX1788132.14883205.1	94.595	74	4	0	5171	5244	1	74	4.29e-22	115
CFAV-Cairns_Australia_2014	SRA:ERX1788132.565131.2	98.462	65	1	0	4952	5016	65	1	4.29e-22	115
CFAV-Cairns_Australia_2014	SRA:ERX1788132.497391.1	93.421	76	5	0	2664	2739	1	76	1.54e-21	113
CFAV-Cairns_Australia_2014	SRA:ERX1788132.26279230.1	95.522	67	3	0	6497	6563	1	67	7.18e-20	108
CFAV-Cairns_Australia_2014	SRA:ERX1788132.15854375.1	91.781	73	6	0	6174	6246	1	73	3.34e-18	102
CFAV-Cairns_Australia_2014	SRA:ERX1788132.10984914.1	96.552	58	1	1	6506	6563	3	59	5.59e-16	95.3
CFAV-Cairns_Australia_2014	SRA:ERX1788132.3654638.1	97.872	47	1	0	4952	4998	30	76	4.35e-12	82.4
CFAV-Cairns_Australia_2014	SRA:ERX1788132.14947390.1	97.674	43	1	0	4952	4994	34	76	7.28e-10	75.0
CFAV-Cairns_Australia_2014	SRA:ERX1788132.10427472.2	95.745	47	1	1	5632	5678	46	1	7.28e-10	75.0
CFAV-Macapa2_Brazil_2017	SRA:ERX1788132.21104167.2	100.000	76	0	0	6357	6432	76	1	7.08e-30	141
CFAV-Macapa2_Brazil_2017	SRA:ERX1788132.1038248.2	100.000	76	0	0	1005	1080	76	1	7.08e-30	141
CFAV-Macapa2_Brazil_2017	SRA:ERX1788132.24752868.2	98.684	76	1	0	3789	3864	76	1	3.29e-28	135
CFAV-Macapa2_Brazil_2017	SRA:ERX1788132.23763089.1	98.684	76	1	0	2866	2941	1	76	3.29e-28	135
CFAV-Macapa2_Brazil_2017	SRA:ERX1788132.19369533.2	98.684	76	1	0	742	817	76	1	3.29e-28	135
CFAV-Macapa2_Brazil_2017	SRA:ERX1788132.16209336.2	98.684	76	1	0	949	1024	76	1	3.29e-28	135
CFAV-Macapa2_Brazil_2017	SRA:ERX1788132.15215406.2	98.684	76	1	0	949	1024	76	1	3.29e-28	135
CFAV-Macapa2_Brazil_2017	SRA:ERX1788132.14947390.2	98.684	76	1	0	4985	5060	76	1	3.29e-28	135
CFAV-Macapa2_Brazil_2017	SRA:ERX1788132.13498614.2	98.684	76	1	0	6325	6400	76	1	3.29e-28	135
CFAV-Macapa2_Brazil_2017	SRA:ERX1788132.13204649.1	98.684	76	1	0	5498	5573	1	76	3.29e-28	135
CFAV-Macapa2_Brazil_2017	SRA:ERX1788132.5299673.1	98.684	76	1	0	2346	2421	1	76	3.29e-28	135
CFAV-Macapa2_Brazil_2017	SRA:ERX1788132.4483186.2	98.684	76	1	0	6303	6378	76	1	3.29e-28	135
CFAV-Macapa2_Brazil_2017	SRA:ERX1788132.3207559.1	98.684	76	1	0	2874	2949	1	76	3.29e-28	135
CFAV-Macapa2_Brazil_2017	SRA:ERX1788132.1183933.1	98.684	76	1	0	6400	6475	1	76	3.29e-28	135
CFAV-Macapa2_Brazil_2017	SRA:ERX1788132.382786.2	98.684	76	1	0	5879	5954	76	1	3.29e-28	135
CFAV-Macapa2_Brazil_2017	SRA:ERX1788132.27312257.1	98.667	75	1	0	5856	5930	1	75	1.18e-27	134
CFAV-Macapa2_Brazil_2017	SRA:ERX1788132.10984914.2	98.667	75	1	0	735	809	75	1	1.18e-27	134
CFAV-Macapa2_Brazil_2017	SRA:ERX1788132.27312257.2	98.649	74	1	0	5882	5955	74	1	4.26e-27	132
CFAV-Macapa2_Brazil_2017	SRA:ERX1788132.21104159.2	97.368	76	2	0	6357	6432	76	1	1.53e-26	130
CFAV-Macapa2_Brazil_2017	SRA:ERX1788132.19369533.1	97.368	76	2	0	6480	6555	1	76	1.53e-26	130
CFAV-Macapa2_Brazil_2017	SRA:ERX1788132.14733317.2	97.368	76	2	0	3715	3790	76	1	1.53e-26	130
CFAV-Macapa2_Brazil_2017	SRA:ERX1788132.14733317.1	97.368	76	2	0	3656	3731	1	76	1.53e-26	130
CFAV-Macapa2_Brazil_2017	SRA:ERX1788132.9298294.1	97.368	76	2	0	5841	5916	1	76	1.53e-26	130
CFAV-Macapa2_Brazil_2017	SRA:ERX1788132.7726768.2	97.368	76	2	0	6287	6362	76	1	1.53e-26	130
CFAV-Macapa2_Brazil_2017	SRA:ERX1788132.6285229.1	97.368	76	2	0	5841	5916	1	76	1.53e-26	130
CFAV-Macapa2_Brazil_2017	SRA:ERX1788132.3564136.1	97.368	76	2	0	986	1061	1	76	1.53e-26	130
CFAV-Macapa2_Brazil_2017	SRA:ERX1788132.3207559.2	97.368	76	2	0	2919	2994	76	1	1.53e-26	130
CFAV-Macapa2_Brazil_2017	SRA:ERX1788132.1183933.2	97.368	76	2	0	6472	6547	76	1	1.53e-26	130
CFAV-Macapa2_Brazil_2017	SRA:ERX1788132.571153.1	97.368	76	2	0	5813	5888	1	76	1.53e-26	130
CFAV-Macapa2_Brazil_2017	SRA:ERX1788132.497391.2	97.368	76	2	0	2862	2937	76	1	1.53e-26	130
CFAV-Macapa2_Brazil_2017	SRA:ERX1788132.382786.1	97.368	76	2	0	5802	5877	1	76	1.53e-26	130
CFAV-Macapa2_Brazil_2017	SRA:ERX1788132.24917342.1	97.333	75	2	0	3875	3949	2	76	5.51e-26	128
CFAV-Macapa2_Brazil_2017	SRA:ERX1788132.24752868.1	97.333	75	2	0	3724	3798	2	76	5.51e-26	128
CFAV-Macapa2_Brazil_2017	SRA:ERX1788132.23763089.2	97.333	75	2	0	2908	2982	75	1	5.51e-26	128
CFAV-Macapa2_Brazil_2017	SRA:ERX1788132.12421072.1	98.611	72	1	0	3122	3193	1	72	5.51e-26	128
CFAV-Macapa2_Brazil_2017	SRA:ERX1788132.8167842.2	97.333	75	2	0	2494	2568	75	1	5.51e-26	128
CFAV-Macapa2_Brazil_2017	SRA:ERX1788132.5299673.2	98.611	72	0	1	2617	2688	72	2	1.98e-25	126
CFAV-Macapa2_Brazil_2017	SRA:ERX1788132.26279230.2	96.053	76	3	0	872	947	76	1	7.13e-25	124
CFAV-Macapa2_Brazil_2017	SRA:ERX1788132.23443859.2	96.053	76	3	0	5126	5201	76	1	7.13e-25	124
CFAV-Macapa2_Brazil_2017	SRA:ERX1788132.12163347.2	97.260	73	2	0	5689	5761	73	1	7.13e-25	124
CFAV-Macapa2_Brazil_2017	SRA:ERX1788132.8655024.2	96.053	76	3	0	5108	5183	76	1	7.13e-25	124
CFAV-Macapa2_Brazil_2017	SRA:ERX1788132.7152067.1	96.053	76	3	0	5233	5308	1	76	7.13e-25	124
CFAV-Macapa2_Brazil_2017	SRA:ERX1788132.6285229.2	96.053	76	3	0	5902	5977	76	1	7.13e-25	124
CFAV-Macapa2_Brazil_2017	SRA:ERX1788132.4481814.2	97.260	73	2	0	3830	3902	73	1	7.13e-25	124
CFAV-Macapa2_Brazil_2017	SRA:ERX1788132.24917342.2	96.000	75	3	0	3962	4036	75	1	2.56e-24	122
CFAV-Macapa2_Brazil_2017	SRA:ERX1788132.16209336.1	96.000	75	3	0	884	958	1	75	2.56e-24	122
CFAV-Macapa2_Brazil_2017	SRA:ERX1788132.13204649.2	96.000	75	3	0	5575	5649	75	1	2.56e-24	122
CFAV-Macapa2_Brazil_2017	SRA:ERX1788132.1038248.1	96.000	75	3	0	824	898	1	75	2.56e-24	122
CFAV-Macapa2_Brazil_2017	SRA:ERX1788132.12163347.1	95.946	74	3	0	5601	5674	3	76	9.22e-24	121
CFAV-Macapa2_Brazil_2017	SRA:ERX1788132.8167842.1	95.946	74	3	0	2292	2365	2	75	9.22e-24	121
CFAV-Macapa2_Brazil_2017	SRA:ERX1788132.26279230.1	98.507	67	1	0	6498	6564	1	67	3.32e-23	119
CFAV-Macapa2_Brazil_2017	SRA:ERX1788132.21765466.2	95.890	73	3	0	6089	6161	73	1	3.32e-23	119
CFAV-Macapa2_Brazil_2017	SRA:ERX1788132.16755909.1	94.737	76	4	0	5977	6052	1	76	3.32e-23	119
CFAV-Macapa2_Brazil_2017	SRA:ERX1788132.13873896.2	94.737	76	4	0	3728	3803	76	1	3.32e-23	119
CFAV-Macapa2_Brazil_2017	SRA:ERX1788132.13873896.1	94.737	76	4	0	3597	3672	1	76	3.32e-23	119
CFAV-Macapa2_Brazil_2017	SRA:ERX1788132.10412480.1	95.890	73	3	0	6175	6247	1	73	3.32e-23	119
CFAV-Macapa2_Brazil_2017	SRA:ERX1788132.8655024.1	94.737	76	4	0	5072	5147	1	76	3.32e-23	119
CFAV-Macapa2_Brazil_2017	SRA:ERX1788132.4483186.1	95.890	73	3	0	6175	6247	1	73	3.32e-23	119
CFAV-Macapa2_Brazil_2017	SRA:ERX1788132.4481814.1	94.737	76	4	0	3608	3683	1	76	3.32e-23	119
CFAV-Macapa2_Brazil_2017	SRA:ERX1788132.15215406.1	94.595	74	4	0	885	958	2	75	4.29e-22	115
CFAV-Macapa2_Brazil_2017	SRA:ERX1788132.10427472.1	95.775	71	3	0	5576	5646	4	74	4.29e-22	115
CFAV-Macapa2_Brazil_2017	SRA:ERX1788132.10984914.1	96.667	60	1	1	6505	6564	1	59	4.32e-17	99.0
CFAV-Macapa2_Brazil_2017	SRA:ERX1788132.565131.2	93.846	65	4	0	4953	5017	65	1	4.32e-17	99.0
CFAV-Macapa2_Brazil_2017	SRA:ERX1788132.15854375.1	89.041	73	8	0	6175	6247	1	73	7.23e-15	91.6
CFAV-Macapa2_Brazil_2017	SRA:ERX1788132.10427472.2	95.652	46	1	1	5634	5679	45	1	2.62e-09	73.1
CFAV-KC_Cambodia_2015	SRA:ERX1788132.382786.2	100.000	75	0	0	5891	5965	75	1	2.55e-29	139
CFAV-KC_Cambodia_2015	SRA:ERX1788132.27312257.2	100.000	74	0	0	5893	5966	74	1	9.16e-29	137
CFAV-KC_Cambodia_2015	SRA:ERX1788132.24752868.2	98.684	76	1	0	3800	3875	76	1	3.30e-28	135
CFAV-KC_Cambodia_2015	SRA:ERX1788132.14733317.2	98.684	76	1	0	3726	3801	76	1	3.30e-28	135
CFAV-KC_Cambodia_2015	SRA:ERX1788132.14733317.1	98.684	76	1	0	3667	3742	1	76	3.30e-28	135
CFAV-KC_Cambodia_2015	SRA:ERX1788132.1038248.2	98.684	76	1	0	1016	1091	76	1	3.30e-28	135
CFAV-KC_Cambodia_2015	SRA:ERX1788132.24752868.1	98.667	75	1	0	3735	3809	2	76	1.19e-27	134
CFAV-KC_Cambodia_2015	SRA:ERX1788132.13498614.2	98.667	75	1	0	6336	6410	76	2	1.19e-27	134
CFAV-KC_Cambodia_2015	SRA:ERX1788132.16209336.2	97.368	76	2	0	960	1035	76	1	1.53e-26	130
CFAV-KC_Cambodia_2015	SRA:ERX1788132.15215406.2	97.368	76	2	0	960	1035	76	1	1.53e-26	130
CFAV-KC_Cambodia_2015	SRA:ERX1788132.14883205.2	97.368	76	2	0	5304	5379	76	1	1.53e-26	130
CFAV-KC_Cambodia_2015	SRA:ERX1788132.10412480.1	98.630	73	1	0	6186	6258	1	73	1.53e-26	130
CFAV-KC_Cambodia_2015	SRA:ERX1788132.6285229.2	97.368	76	2	0	5913	5988	76	1	1.53e-26	130
CFAV-KC_Cambodia_2015	SRA:ERX1788132.4483186.2	97.368	76	2	0	6314	6389	76	1	1.53e-26	130
CFAV-KC_Cambodia_2015	SRA:ERX1788132.4483186.1	98.630	73	1	0	6186	6258	1	73	1.53e-26	130
CFAV-KC_Cambodia_2015	SRA:ERX1788132.4481814.2	97.368	76	2	0	3838	3913	76	1	1.53e-26	130
CFAV-KC_Cambodia_2015	SRA:ERX1788132.24917342.2	97.333	75	2	0	3973	4047	75	1	5.51e-26	128
CFAV-KC_Cambodia_2015	SRA:ERX1788132.23763089.1	97.333	75	2	0	2877	2951	1	75	5.51e-26	128
CFAV-KC_Cambodia_2015	SRA:ERX1788132.21104159.1	98.611	72	1	0	6219	6290	1	72	5.51e-26	128
CFAV-KC_Cambodia_2015	SRA:ERX1788132.16209336.1	97.333	75	2	0	895	969	1	75	5.51e-26	128
CFAV-KC_Cambodia_2015	SRA:ERX1788132.1038248.1	97.333	75	2	0	835	909	1	75	5.51e-26	128
CFAV-KC_Cambodia_2015	SRA:ERX1788132.14883205.1	98.592	71	1	0	5185	5255	3	73	1.98e-25	126
CFAV-KC_Cambodia_2015	SRA:ERX1788132.8167842.1	97.297	74	2	0	2303	2376	2	75	1.98e-25	126
CFAV-KC_Cambodia_2015	SRA:ERX1788132.26279230.2	97.260	73	2	0	886	958	73	1	7.13e-25	124
CFAV-KC_Cambodia_2015	SRA:ERX1788132.23443859.2	96.053	76	3	0	5137	5212	76	1	7.13e-25	124
CFAV-KC_Cambodia_2015	SRA:ERX1788132.13873896.2	96.053	76	3	0	3739	3814	76	1	7.13e-25	124
CFAV-KC_Cambodia_2015	SRA:ERX1788132.9298294.1	96.053	76	3	0	5852	5927	1	76	7.13e-25	124
CFAV-KC_Cambodia_2015	SRA:ERX1788132.7726768.1	96.053	76	3	0	6231	6306	1	76	7.13e-25	124
CFAV-KC_Cambodia_2015	SRA:ERX1788132.6285229.1	96.053	76	3	0	5852	5927	1	76	7.13e-25	124
CFAV-KC_Cambodia_2015	SRA:ERX1788132.5299673.1	97.260	73	2	0	2357	2429	1	73	7.13e-25	124
CFAV-KC_Cambodia_2015	SRA:ERX1788132.3564136.1	96.053	76	3	0	997	1072	1	76	7.13e-25	124
CFAV-KC_Cambodia_2015	SRA:ERX1788132.3207559.1	96.053	76	3	0	2885	2960	1	76	7.13e-25	124
CFAV-KC_Cambodia_2015	SRA:ERX1788132.497391.2	96.053	76	3	0	2873	2948	76	1	7.13e-25	124
CFAV-KC_Cambodia_2015	SRA:ERX1788132.382786.1	97.260	73	2	0	5813	5885	1	73	7.13e-25	124
CFAV-KC_Cambodia_2015	SRA:ERX1788132.27312257.1	96.000	75	3	0	5867	5941	1	75	2.57e-24	122
CFAV-KC_Cambodia_2015	SRA:ERX1788132.5299673.2	97.260	73	1	1	2628	2700	72	1	2.57e-24	122
CFAV-KC_Cambodia_2015	SRA:ERX1788132.21104167.2	95.946	74	3	0	6370	6443	74	1	9.23e-24	121
CFAV-KC_Cambodia_2015	SRA:ERX1788132.15215406.1	95.946	74	3	0	896	969	2	75	9.23e-24	121
CFAV-KC_Cambodia_2015	SRA:ERX1788132.13498614.1	95.946	74	3	0	6235	6308	1	74	9.23e-24	121
CFAV-KC_Cambodia_2015	SRA:ERX1788132.21765466.2	95.890	73	3	0	6100	6172	73	1	3.32e-23	119
CFAV-KC_Cambodia_2015	SRA:ERX1788132.19369533.1	94.737	76	4	0	6491	6566	1	76	3.32e-23	119
CFAV-KC_Cambodia_2015	SRA:ERX1788132.13873896.1	94.737	76	4	0	3608	3683	1	76	3.32e-23	119
CFAV-KC_Cambodia_2015	SRA:ERX1788132.12421072.1	94.737	76	4	0	3133	3208	1	76	3.32e-23	119
CFAV-KC_Cambodia_2015	SRA:ERX1788132.11911278.1	94.737	76	4	0	2574	2649	1	76	3.32e-23	119
CFAV-KC_Cambodia_2015	SRA:ERX1788132.8655024.1	94.737	76	4	0	5083	5158	1	76	3.32e-23	119
CFAV-KC_Cambodia_2015	SRA:ERX1788132.1183933.2	94.805	77	3	1	6483	6559	76	1	3.32e-23	119
CFAV-KC_Cambodia_2015	SRA:ERX1788132.571153.1	94.737	76	4	0	5824	5899	1	76	3.32e-23	119
CFAV-KC_Cambodia_2015	SRA:ERX1788132.1183933.1	94.667	75	4	0	6412	6486	2	76	1.19e-22	117
CFAV-KC_Cambodia_2015	SRA:ERX1788132.21104167.1	95.714	70	3	0	6221	6290	3	72	1.54e-21	113
CFAV-KC_Cambodia_2015	SRA:ERX1788132.12163347.2	94.521	73	4	0	5700	5772	73	1	1.54e-21	113
CFAV-KC_Cambodia_2015	SRA:ERX1788132.7726768.2	93.421	76	5	0	6298	6373	76	1	1.54e-21	113
CFAV-KC_Cambodia_2015	SRA:ERX1788132.7152067.1	93.421	76	5	0	5244	5319	1	76	1.54e-21	113
CFAV-KC_Cambodia_2015	SRA:ERX1788132.19369533.2	93.333	75	5	0	753	827	76	2	5.55e-21	111
CFAV-KC_Cambodia_2015	SRA:ERX1788132.26279230.1	95.522	67	3	0	6509	6575	1	67	7.18e-20	108
CFAV-KC_Cambodia_2015	SRA:ERX1788132.497391.1	92.105	76	6	0	2676	2751	1	76	7.18e-20	108
CFAV-KC_Cambodia_2015	SRA:ERX1788132.10984914.2	92.000	75	6	0	746	820	75	1	2.58e-19	106
CFAV-KC_Cambodia_2015	SRA:ERX1788132.10412480.2	92.000	75	6	0	6253	6327	75	1	2.58e-19	106
CFAV-KC_Cambodia_2015	SRA:ERX1788132.15854375.1	91.781	73	6	0	6186	6258	1	73	3.34e-18	102
CFAV-Zik_Uganda_2016	SRA:ERX1788132.13204649.1	100.000	76	0	0	5509	5584	1	76	7.08e-30	141
CFAV-Zik_Uganda_2016	SRA:ERX1788132.382786.2	100.000	76	0	0	5890	5965	76	1	7.08e-30	141
CFAV-Zik_Uganda_2016	SRA:ERX1788132.8167842.2	100.000	75	0	0	2505	2579	75	1	2.55e-29	139
CFAV-Zik_Uganda_2016	SRA:ERX1788132.27312257.2	100.000	74	0	0	5893	5966	74	1	9.16e-29	137
CFAV-Zik_Uganda_2016	SRA:ERX1788132.24752868.2	98.684	76	1	0	3800	3875	76	1	3.30e-28	135
CFAV-Zik_Uganda_2016	SRA:ERX1788132.23443859.2	98.684	76	1	0	5137	5212	76	1	3.30e-28	135
CFAV-Zik_Uganda_2016	SRA:ERX1788132.19369533.2	98.684	76	1	0	753	828	76	1	3.30e-28	135
CFAV-Zik_Uganda_2016	SRA:ERX1788132.14947390.2	98.684	76	1	0	4996	5071	76	1	3.30e-28	135
CFAV-Zik_Uganda_2016	SRA:ERX1788132.14733317.2	98.684	76	1	0	3726	3801	76	1	3.30e-28	135
CFAV-Zik_Uganda_2016	SRA:ERX1788132.14733317.1	98.684	76	1	0	3667	3742	1	76	3.30e-28	135
CFAV-Zik_Uganda_2016	SRA:ERX1788132.8655024.2	98.684	76	1	0	5119	5194	76	1	3.30e-28	135
CFAV-Zik_Uganda_2016	SRA:ERX1788132.8655024.1	98.684	76	1	0	5083	5158	1	76	3.30e-28	135
CFAV-Zik_Uganda_2016	SRA:ERX1788132.4481814.2	98.684	76	1	0	3838	3913	76	1	3.30e-28	135
CFAV-Zik_Uganda_2016	SRA:ERX1788132.3207559.1	98.684	76	1	0	2885	2960	1	76	3.30e-28	135
CFAV-Zik_Uganda_2016	SRA:ERX1788132.1183933.1	98.684	76	1	0	6411	6486	1	76	3.30e-28	135
CFAV-Zik_Uganda_2016	SRA:ERX1788132.24917342.2	98.667	75	1	0	3973	4047	75	1	1.19e-27	134
CFAV-Zik_Uganda_2016	SRA:ERX1788132.24917342.1	98.667	75	1	0	3886	3960	2	76	1.19e-27	134
CFAV-Zik_Uganda_2016	SRA:ERX1788132.24752868.1	98.667	75	1	0	3735	3809	2	76	1.19e-27	134
CFAV-Zik_Uganda_2016	SRA:ERX1788132.13204649.2	98.667	75	1	0	5586	5660	75	1	1.19e-27	134
CFAV-Zik_Uganda_2016	SRA:ERX1788132.14883205.1	98.649	74	1	0	5183	5256	1	74	4.26e-27	132
CFAV-Zik_Uganda_2016	SRA:ERX1788132.23763089.1	97.368	76	2	0	2877	2952	1	76	1.53e-26	130
CFAV-Zik_Uganda_2016	SRA:ERX1788132.21765466.2	98.630	73	1	0	6100	6172	73	1	1.53e-26	130
CFAV-Zik_Uganda_2016	SRA:ERX1788132.16755909.2	97.403	77	1	1	6163	6239	76	1	1.53e-26	130
CFAV-Zik_Uganda_2016	SRA:ERX1788132.16755909.1	97.368	76	2	0	5988	6063	1	76	1.53e-26	130
CFAV-Zik_Uganda_2016	SRA:ERX1788132.14883205.2	97.368	76	2	0	5304	5379	76	1	1.53e-26	130
CFAV-Zik_Uganda_2016	SRA:ERX1788132.11911278.1	97.368	76	2	0	2574	2649	1	76	1.53e-26	130
CFAV-Zik_Uganda_2016	SRA:ERX1788132.9298294.1	97.368	76	2	0	5852	5927	1	76	1.53e-26	130
CFAV-Zik_Uganda_2016	SRA:ERX1788132.8167842.1	98.630	73	1	0	2303	2375	2	74	1.53e-26	130
CFAV-Zik_Uganda_2016	SRA:ERX1788132.7726768.1	97.368	76	2	0	6231	6306	1	76	1.53e-26	130
CFAV-Zik_Uganda_2016	SRA:ERX1788132.6285229.2	97.368	76	2	0	5913	5988	76	1	1.53e-26	130
CFAV-Zik_Uganda_2016	SRA:ERX1788132.6285229.1	97.368	76	2	0	5852	5927	1	76	1.53e-26	130
CFAV-Zik_Uganda_2016	SRA:ERX1788132.5299673.1	97.368	76	2	0	2357	2432	1	76	1.53e-26	130
CFAV-Zik_Uganda_2016	SRA:ERX1788132.4483186.2	97.368	76	2	0	6314	6389	76	1	1.53e-26	130
CFAV-Zik_Uganda_2016	SRA:ERX1788132.4481814.1	97.368	76	2	0	3619	3694	1	76	1.53e-26	130
CFAV-Zik_Uganda_2016	SRA:ERX1788132.1183933.2	97.368	76	2	0	6483	6558	76	1	1.53e-26	130
CFAV-Zik_Uganda_2016	SRA:ERX1788132.571153.1	97.368	76	2	0	5824	5899	1	76	1.53e-26	130
CFAV-Zik_Uganda_2016	SRA:ERX1788132.382786.1	98.630	73	1	0	5813	5885	1	73	1.53e-26	130
CFAV-Zik_Uganda_2016	SRA:ERX1788132.27312257.1	97.333	75	2	0	5867	5941	1	75	5.51e-26	128
CFAV-Zik_Uganda_2016	SRA:ERX1788132.21104159.1	97.333	75	2	0	6219	6293	1	75	5.51e-26	128
CFAV-Zik_Uganda_2016	SRA:ERX1788132.16209336.1	97.333	75	2	0	895	969	1	75	5.51e-26	128
CFAV-Zik_Uganda_2016	SRA:ERX1788132.10984914.2	97.333	75	2	0	746	820	75	1	5.51e-26	128
CFAV-Zik_Uganda_2016	SRA:ERX1788132.21104167.2	97.297	74	2	0	6370	6443	74	1	1.98e-25	126
CFAV-Zik_Uganda_2016	SRA:ERX1788132.13498614.1	97.297	74	2	0	6235	6308	1	74	1.98e-25	126
CFAV-Zik_Uganda_2016	SRA:ERX1788132.10427472.1	98.592	71	1	0	5587	5657	4	74	1.98e-25	126
CFAV-Zik_Uganda_2016	SRA:ERX1788132.26279230.2	97.260	73	2	0	886	958	73	1	7.13e-25	124
CFAV-Zik_Uganda_2016	SRA:ERX1788132.16209336.2	96.053	76	3	0	960	1035	76	1	7.13e-25	124
CFAV-Zik_Uganda_2016	SRA:ERX1788132.15215406.2	96.053	76	3	0	960	1035	76	1	7.13e-25	124
CFAV-Zik_Uganda_2016	SRA:ERX1788132.13873896.2	96.053	76	3	0	3739	3814	76	1	7.13e-25	124
CFAV-Zik_Uganda_2016	SRA:ERX1788132.13873896.1	96.053	76	3	0	3608	3683	1	76	7.13e-25	124
CFAV-Zik_Uganda_2016	SRA:ERX1788132.12421072.2	96.053	76	3	0	3194	3269	76	1	7.13e-25	124
CFAV-Zik_Uganda_2016	SRA:ERX1788132.12163347.1	96.053	76	3	0	5610	5685	1	76	7.13e-25	124
CFAV-Zik_Uganda_2016	SRA:ERX1788132.10412480.1	97.260	73	2	0	6186	6258	1	73	7.13e-25	124
CFAV-Zik_Uganda_2016	SRA:ERX1788132.9298294.2	96.053	76	3	0	6066	6141	76	1	7.13e-25	124
CFAV-Zik_Uganda_2016	SRA:ERX1788132.7726768.2	96.053	76	3	0	6298	6373	76	1	7.13e-25	124
CFAV-Zik_Uganda_2016	SRA:ERX1788132.7152067.1	96.053	76	3	0	5244	5319	1	76	7.13e-25	124
CFAV-Zik_Uganda_2016	SRA:ERX1788132.4483186.1	97.260	73	2	0	6186	6258	1	73	7.13e-25	124
CFAV-Zik_Uganda_2016	SRA:ERX1788132.3564136.1	96.053	76	3	0	997	1072	1	76	7.13e-25	124
CFAV-Zik_Uganda_2016	SRA:ERX1788132.3207559.2	96.053	76	3	0	2930	3005	76	1	7.13e-25	124
CFAV-Zik_Uganda_2016	SRA:ERX1788132.1038248.2	96.053	76	3	0	1016	1091	76	1	7.13e-25	124
CFAV-Zik_Uganda_2016	SRA:ERX1788132.571153.2	96.053	76	3	0	5970	6045	76	1	7.13e-25	124
CFAV-Zik_Uganda_2016	SRA:ERX1788132.497391.2	96.053	76	3	0	2873	2948	76	1	7.13e-25	124
CFAV-Zik_Uganda_2016	SRA:ERX1788132.23763089.2	96.000	75	3	0	2919	2993	75	1	2.57e-24	122
CFAV-Zik_Uganda_2016	SRA:ERX1788132.10412480.2	97.222	72	2	0	6256	6327	72	1	2.57e-24	122
CFAV-Zik_Uganda_2016	SRA:ERX1788132.15215406.1	95.946	74	3	0	896	969	2	75	9.23e-24	121
CFAV-Zik_Uganda_2016	SRA:ERX1788132.13498614.2	94.737	76	4	0	6336	6411	76	1	3.32e-23	119
CFAV-Zik_Uganda_2016	SRA:ERX1788132.21765466.1	94.667	75	4	0	6034	6108	1	75	1.19e-22	117
CFAV-Zik_Uganda_2016	SRA:ERX1788132.21104159.2	94.595	74	4	0	6370	6443	74	1	4.29e-22	115
CFAV-Zik_Uganda_2016	SRA:ERX1788132.5299673.2	95.833	72	2	1	2629	2700	71	1	4.29e-22	115
CFAV-Zik_Uganda_2016	SRA:ERX1788132.565131.2	98.462	65	1	0	4964	5028	65	1	4.29e-22	115
CFAV-Zik_Uganda_2016	SRA:ERX1788132.26279230.1	97.015	67	2	0	6509	6575	1	67	1.54e-21	113
CFAV-Zik_Uganda_2016	SRA:ERX1788132.21104167.1	94.521	73	4	0	6221	6293	3	75	1.54e-21	113
CFAV-Zik_Uganda_2016	SRA:ERX1788132.15854375.1	93.939	66	4	0	6186	6251	1	66	1.20e-17	100
CFAV-Zik_Uganda_2016	SRA:ERX1788132.3654638.1	97.872	47	1	0	4964	5010	30	76	4.35e-12	82.4
CFAV-Zik_Uganda_2016	SRA:ERX1788132.14947390.1	97.674	43	1	0	4964	5006	34	76	7.29e-10	75.0
CFAV-Zik_Uganda_2016	SRA:ERX1788132.565131.1	100.000	28	0	0	4964	4991	49	76	0.003	52.8
