CFAV-Bangkok_Thailand_2015	SRA:ERX1788123.717103.2	100.000	75	0	0	5746	5820	75	1	3.32e-29	139
CFAV-Bangkok_Thailand_2015	SRA:ERX1788123.988871.2	100.000	74	0	0	5875	5948	74	1	1.19e-28	137
CFAV-Bangkok_Thailand_2015	SRA:ERX1788123.37746667.2	98.684	76	1	0	5215	5290	76	1	4.29e-28	135
CFAV-Bangkok_Thailand_2015	SRA:ERX1788123.37062947.2	98.684	76	1	0	821	896	76	1	4.29e-28	135
CFAV-Bangkok_Thailand_2015	SRA:ERX1788123.28143151.2	98.684	76	1	0	5757	5832	76	1	4.29e-28	135
CFAV-Bangkok_Thailand_2015	SRA:ERX1788123.18264918.1	98.684	76	1	0	5601	5676	1	76	4.29e-28	135
CFAV-Bangkok_Thailand_2015	SRA:ERX1788123.11673415.2	98.684	76	1	0	5215	5290	76	1	4.29e-28	135
CFAV-Bangkok_Thailand_2015	SRA:ERX1788123.35023223.1	98.649	74	1	0	4997	5070	1	74	5.55e-27	132
CFAV-Bangkok_Thailand_2015	SRA:ERX1788123.32604421.2	98.649	74	1	0	3215	3288	74	1	5.55e-27	132
CFAV-Bangkok_Thailand_2015	SRA:ERX1788123.28143151.1	100.000	70	0	0	5660	5729	1	70	2.00e-26	130
CFAV-Bangkok_Thailand_2015	SRA:ERX1788123.25001564.1	97.368	76	2	0	6231	6306	1	76	2.00e-26	130
CFAV-Bangkok_Thailand_2015	SRA:ERX1788123.34679438.1	97.333	75	2	0	5267	5341	1	75	7.18e-26	128
CFAV-Bangkok_Thailand_2015	SRA:ERX1788123.27839045.1	97.333	75	2	0	6330	6404	1	75	7.18e-26	128
CFAV-Bangkok_Thailand_2015	SRA:ERX1788123.717103.1	97.297	74	2	0	5714	5787	1	74	2.58e-25	126
CFAV-Bangkok_Thailand_2015	SRA:ERX1788123.32604421.1	96.053	76	3	0	3143	3218	1	76	9.29e-25	124
CFAV-Bangkok_Thailand_2015	SRA:ERX1788123.27489325.2	97.260	73	2	0	5488	5560	73	1	9.29e-25	124
CFAV-Bangkok_Thailand_2015	SRA:ERX1788123.24590759.1	96.053	76	3	0	5493	5568	1	76	9.29e-25	124
CFAV-Bangkok_Thailand_2015	SRA:ERX1788123.18264918.2	96.053	76	3	0	5787	5862	76	1	9.29e-25	124
CFAV-Bangkok_Thailand_2015	SRA:ERX1788123.4728101.1	97.260	73	2	0	4982	5054	3	75	9.29e-25	124
CFAV-Bangkok_Thailand_2015	SRA:ERX1788123.24590759.2	96.000	75	3	0	5688	5762	75	1	3.34e-24	122
CFAV-Bangkok_Thailand_2015	SRA:ERX1788123.1066169.2	95.946	74	3	0	5092	5165	76	3	1.20e-23	121
CFAV-Bangkok_Thailand_2015	SRA:ERX1788123.37746667.1	94.737	76	4	0	5111	5186	1	76	4.32e-23	119
CFAV-Bangkok_Thailand_2015	SRA:ERX1788123.34679438.2	94.737	76	4	0	5342	5417	76	1	4.32e-23	119
CFAV-Bangkok_Thailand_2015	SRA:ERX1788123.23607090.2	94.737	76	4	0	6337	6412	76	1	4.32e-23	119
CFAV-Bangkok_Thailand_2015	SRA:ERX1788123.11673415.1	94.737	76	4	0	5111	5186	1	76	4.32e-23	119
CFAV-Bangkok_Thailand_2015	SRA:ERX1788123.17432042.1	100.000	63	0	0	1025	1087	1	63	1.55e-22	117
CFAV-Bangkok_Thailand_2015	SRA:ERX1788123.4728101.2	94.595	74	4	0	5099	5172	74	1	5.59e-22	115
CFAV-Bangkok_Thailand_2015	SRA:ERX1788123.1066169.1	94.595	74	4	0	4964	5037	3	76	5.59e-22	115
CFAV-Bangkok_Thailand_2015	SRA:ERX1788123.17432027.1	98.387	62	1	0	1026	1087	2	63	2.60e-20	110
CFAV-Bangkok_Thailand_2015	SRA:ERX1788123.17432042.2	100.000	50	0	0	1038	1087	74	25	2.62e-15	93.5
CFAV-Bangkok_Thailand_2015	SRA:ERX1788123.27839045.2	100.000	48	0	0	6510	6557	76	29	3.39e-14	89.8
NC_001564	SRA:ERX1788123.37746667.2	100.000	76	0	0	5222	5297	76	1	9.24e-30	141
NC_001564	SRA:ERX1788123.37746667.1	100.000	76	0	0	5118	5193	1	76	9.24e-30	141
NC_001564	SRA:ERX1788123.28143151.1	100.000	76	0	0	5667	5742	1	76	9.24e-30	141
NC_001564	SRA:ERX1788123.11673415.2	100.000	76	0	0	5222	5297	76	1	9.24e-30	141
NC_001564	SRA:ERX1788123.11673415.1	100.000	76	0	0	5118	5193	1	76	9.24e-30	141
NC_001564	SRA:ERX1788123.1066169.2	100.000	76	0	0	5099	5174	76	1	9.24e-30	141
NC_001564	SRA:ERX1788123.27489325.2	100.000	75	0	0	5493	5567	75	1	3.32e-29	139
NC_001564	SRA:ERX1788123.24590759.1	100.000	75	0	0	5500	5574	1	75	3.32e-29	139
NC_001564	SRA:ERX1788123.4728101.2	100.000	74	0	0	5106	5179	74	1	1.20e-28	137
NC_001564	SRA:ERX1788123.717103.1	100.000	74	0	0	5721	5794	1	74	1.20e-28	137
NC_001564	SRA:ERX1788123.34679438.2	98.684	76	1	0	5349	5424	76	1	4.30e-28	135
NC_001564	SRA:ERX1788123.28143151.2	98.684	76	1	0	5764	5839	76	1	4.30e-28	135
NC_001564	SRA:ERX1788123.18264918.1	98.684	76	1	0	5608	5683	1	76	4.30e-28	135
NC_001564	SRA:ERX1788123.27489325.1	98.667	75	1	0	5392	5466	1	75	1.55e-27	134
NC_001564	SRA:ERX1788123.24590759.2	98.667	75	1	0	5695	5769	75	1	1.55e-27	134
NC_001564	SRA:ERX1788123.717103.2	98.667	75	1	0	5753	5827	75	1	1.55e-27	134
NC_001564	SRA:ERX1788123.37062947.2	97.368	76	2	0	828	903	76	1	2.00e-26	130
NC_001564	SRA:ERX1788123.27839045.1	97.368	76	2	0	6337	6412	1	76	2.00e-26	130
NC_001564	SRA:ERX1788123.25001564.2	97.368	76	2	0	6272	6347	76	1	2.00e-26	130
NC_001564	SRA:ERX1788123.18264918.2	97.368	76	2	0	5794	5869	76	1	2.00e-26	130
NC_001564	SRA:ERX1788123.34679438.1	97.333	75	2	0	5274	5348	1	75	7.20e-26	128
NC_001564	SRA:ERX1788123.32604421.2	97.297	74	2	0	3222	3295	74	1	2.59e-25	126
NC_001564	SRA:ERX1788123.988871.2	97.297	74	2	0	5882	5955	74	1	2.59e-25	126
NC_001564	SRA:ERX1788123.35023223.2	96.053	76	3	0	5134	5209	76	1	9.31e-25	124
NC_001564	SRA:ERX1788123.32604421.1	96.053	76	3	0	3150	3225	1	76	9.31e-25	124
NC_001564	SRA:ERX1788123.1066169.1	96.053	76	3	0	4969	5044	1	76	9.31e-25	124
NC_001564	SRA:ERX1788123.988871.1	96.053	76	3	0	5807	5882	1	76	9.31e-25	124
NC_001564	SRA:ERX1788123.4728101.1	96.000	75	3	0	4987	5061	1	75	3.35e-24	122
NC_001564	SRA:ERX1788123.35023223.1	95.946	74	3	0	5004	5077	1	74	1.20e-23	121
NC_001564	SRA:ERX1788123.23607090.1	94.667	75	4	0	6310	6384	1	75	1.56e-22	117
NC_001564	SRA:ERX1788123.17432042.1	100.000	63	0	0	1032	1094	1	63	1.56e-22	117
NC_001564	SRA:ERX1788123.17432027.1	98.387	62	1	0	1033	1094	2	63	2.61e-20	110
NC_001564	SRA:ERX1788123.37062947.1	100.000	51	0	0	739	789	25	75	7.30e-16	95.3
NC_001564	SRA:ERX1788123.17432042.2	100.000	50	0	0	1045	1094	74	25	2.63e-15	93.5
NC_001564	SRA:ERX1788123.27839045.2	100.000	48	0	0	6517	6564	76	29	3.40e-14	89.8
NC_001564	SRA:ERX1788123.27839045.2	100.000	31	0	0	739	769	31	1	9.58e-05	58.4
NC_001564	SRA:ERX1788123.5224526.2	97.778	45	1	0	4953	4997	45	1	7.35e-11	78.7
CFAV-Cairns_Australia_2014	SRA:ERX1788123.37746667.2	100.000	76	0	0	5221	5296	76	1	9.24e-30	141
CFAV-Cairns_Australia_2014	SRA:ERX1788123.28143151.2	100.000	76	0	0	5763	5838	76	1	9.24e-30	141
CFAV-Cairns_Australia_2014	SRA:ERX1788123.24590759.1	100.000	76	0	0	5499	5574	1	76	9.24e-30	141
CFAV-Cairns_Australia_2014	SRA:ERX1788123.18264918.2	100.000	76	0	0	5793	5868	76	1	9.24e-30	141
CFAV-Cairns_Australia_2014	SRA:ERX1788123.18264918.1	100.000	76	0	0	5607	5682	1	76	9.24e-30	141
CFAV-Cairns_Australia_2014	SRA:ERX1788123.11673415.2	100.000	76	0	0	5221	5296	76	1	9.24e-30	141
CFAV-Cairns_Australia_2014	SRA:ERX1788123.27489325.2	100.000	75	0	0	5492	5566	75	1	3.33e-29	139
CFAV-Cairns_Australia_2014	SRA:ERX1788123.27489325.1	100.000	75	0	0	5391	5465	1	75	3.33e-29	139
CFAV-Cairns_Australia_2014	SRA:ERX1788123.717103.2	100.000	75	0	0	5752	5826	75	1	3.33e-29	139
CFAV-Cairns_Australia_2014	SRA:ERX1788123.37062947.2	98.684	76	1	0	827	902	76	1	4.30e-28	135
CFAV-Cairns_Australia_2014	SRA:ERX1788123.34679438.2	98.684	76	1	0	5348	5423	76	1	4.30e-28	135
CFAV-Cairns_Australia_2014	SRA:ERX1788123.27839045.1	98.684	76	1	0	6336	6411	1	76	4.30e-28	135
CFAV-Cairns_Australia_2014	SRA:ERX1788123.25001564.2	98.684	76	1	0	6271	6346	76	1	4.30e-28	135
CFAV-Cairns_Australia_2014	SRA:ERX1788123.1066169.2	98.684	76	1	0	5098	5173	76	1	4.30e-28	135
CFAV-Cairns_Australia_2014	SRA:ERX1788123.1066169.1	98.684	76	1	0	4968	5043	1	76	4.30e-28	135
CFAV-Cairns_Australia_2014	SRA:ERX1788123.988871.1	98.684	76	1	0	5806	5881	1	76	4.30e-28	135
CFAV-Cairns_Australia_2014	SRA:ERX1788123.4728101.1	98.667	75	1	0	4986	5060	1	75	1.55e-27	134
CFAV-Cairns_Australia_2014	SRA:ERX1788123.35023223.1	98.649	74	1	0	5003	5076	1	74	5.56e-27	132
CFAV-Cairns_Australia_2014	SRA:ERX1788123.4728101.2	98.649	74	1	0	5105	5178	74	1	5.56e-27	132
CFAV-Cairns_Australia_2014	SRA:ERX1788123.717103.1	98.649	74	1	0	5720	5793	1	74	5.56e-27	132
CFAV-Cairns_Australia_2014	SRA:ERX1788123.37746667.1	97.368	76	2	0	5117	5192	1	76	2.00e-26	130
CFAV-Cairns_Australia_2014	SRA:ERX1788123.32604421.1	97.368	76	2	0	3149	3224	1	76	2.00e-26	130
CFAV-Cairns_Australia_2014	SRA:ERX1788123.28143151.1	97.368	76	2	0	5666	5741	1	76	2.00e-26	130
CFAV-Cairns_Australia_2014	SRA:ERX1788123.25001564.1	97.368	76	2	0	6237	6312	1	76	2.00e-26	130
CFAV-Cairns_Australia_2014	SRA:ERX1788123.23607090.2	97.368	76	2	0	6343	6418	76	1	2.00e-26	130
CFAV-Cairns_Australia_2014	SRA:ERX1788123.11673415.1	97.368	76	2	0	5117	5192	1	76	2.00e-26	130
CFAV-Cairns_Australia_2014	SRA:ERX1788123.34679438.1	97.333	75	2	0	5273	5347	1	75	7.20e-26	128
CFAV-Cairns_Australia_2014	SRA:ERX1788123.32604421.2	97.297	74	2	0	3221	3294	74	1	2.59e-25	126
CFAV-Cairns_Australia_2014	SRA:ERX1788123.988871.2	97.297	74	2	0	5881	5954	74	1	2.59e-25	126
CFAV-Cairns_Australia_2014	SRA:ERX1788123.24590759.2	96.000	75	3	0	5694	5768	75	1	3.35e-24	122
CFAV-Cairns_Australia_2014	SRA:ERX1788123.23607090.1	96.000	75	3	0	6309	6383	1	75	3.35e-24	122
CFAV-Cairns_Australia_2014	SRA:ERX1788123.17432042.1	100.000	63	0	0	1031	1093	1	63	1.56e-22	117
CFAV-Cairns_Australia_2014	SRA:ERX1788123.17432027.1	98.387	62	1	0	1032	1093	2	63	2.61e-20	110
CFAV-Cairns_Australia_2014	SRA:ERX1788123.37062947.1	100.000	56	0	0	733	788	20	75	1.21e-18	104
CFAV-Cairns_Australia_2014	SRA:ERX1788123.17432042.2	100.000	50	0	0	1044	1093	74	25	2.63e-15	93.5
CFAV-Cairns_Australia_2014	SRA:ERX1788123.5224526.2	97.778	45	1	0	4952	4996	45	1	7.35e-11	78.7
CFAV-Cairns_Australia_2014	SRA:ERX1788123.27839045.2	100.000	36	0	0	733	768	36	1	1.59e-07	67.6
CFAV-Macapa2_Brazil_2017	SRA:ERX1788123.27489325.1	100.000	75	0	0	5392	5466	1	75	3.33e-29	139
CFAV-Macapa2_Brazil_2017	SRA:ERX1788123.37746667.2	98.684	76	1	0	5222	5297	76	1	4.30e-28	135
CFAV-Macapa2_Brazil_2017	SRA:ERX1788123.34679438.2	98.684	76	1	0	5349	5424	76	1	4.30e-28	135
CFAV-Macapa2_Brazil_2017	SRA:ERX1788123.28143151.2	98.684	76	1	0	5764	5839	76	1	4.30e-28	135
CFAV-Macapa2_Brazil_2017	SRA:ERX1788123.28143151.1	98.684	76	1	0	5667	5742	1	76	4.30e-28	135
CFAV-Macapa2_Brazil_2017	SRA:ERX1788123.27839045.1	98.684	76	1	0	6337	6412	1	76	4.30e-28	135
CFAV-Macapa2_Brazil_2017	SRA:ERX1788123.24590759.1	98.684	76	1	0	5500	5575	1	76	4.30e-28	135
CFAV-Macapa2_Brazil_2017	SRA:ERX1788123.18264918.2	98.684	76	1	0	5794	5869	76	1	4.30e-28	135
CFAV-Macapa2_Brazil_2017	SRA:ERX1788123.11673415.2	98.684	76	1	0	5222	5297	76	1	4.30e-28	135
CFAV-Macapa2_Brazil_2017	SRA:ERX1788123.27489325.2	98.667	75	1	0	5493	5567	75	1	1.55e-27	134
CFAV-Macapa2_Brazil_2017	SRA:ERX1788123.25001564.2	98.667	75	1	0	6273	6347	75	1	1.55e-27	134
CFAV-Macapa2_Brazil_2017	SRA:ERX1788123.4728101.1	98.667	75	1	0	4987	5061	1	75	1.55e-27	134
CFAV-Macapa2_Brazil_2017	SRA:ERX1788123.717103.2	98.667	75	1	0	5753	5827	75	1	1.55e-27	134
CFAV-Macapa2_Brazil_2017	SRA:ERX1788123.35023223.1	98.649	74	1	0	5004	5077	1	74	5.56e-27	132
CFAV-Macapa2_Brazil_2017	SRA:ERX1788123.988871.2	98.649	74	1	0	5882	5955	74	1	5.56e-27	132
CFAV-Macapa2_Brazil_2017	SRA:ERX1788123.23607090.2	97.368	76	2	0	6344	6419	76	1	2.00e-26	130
CFAV-Macapa2_Brazil_2017	SRA:ERX1788123.18264918.1	97.368	76	2	0	5608	5683	1	76	2.00e-26	130
CFAV-Macapa2_Brazil_2017	SRA:ERX1788123.988871.1	97.368	76	2	0	5807	5882	1	76	2.00e-26	130
CFAV-Macapa2_Brazil_2017	SRA:ERX1788123.34679438.1	97.333	75	2	0	5274	5348	1	75	7.20e-26	128
CFAV-Macapa2_Brazil_2017	SRA:ERX1788123.4728101.2	98.592	71	1	0	5108	5178	72	2	2.59e-25	126
CFAV-Macapa2_Brazil_2017	SRA:ERX1788123.1066169.1	97.297	74	2	0	4971	5044	3	76	2.59e-25	126
CFAV-Macapa2_Brazil_2017	SRA:ERX1788123.717103.1	97.297	74	2	0	5721	5794	1	74	2.59e-25	126
CFAV-Macapa2_Brazil_2017	SRA:ERX1788123.37746667.1	96.053	76	3	0	5118	5193	1	76	9.31e-25	124
CFAV-Macapa2_Brazil_2017	SRA:ERX1788123.37062947.2	96.053	76	3	0	828	903	76	1	9.31e-25	124
CFAV-Macapa2_Brazil_2017	SRA:ERX1788123.32604421.1	97.260	73	2	0	3150	3222	1	73	9.31e-25	124
CFAV-Macapa2_Brazil_2017	SRA:ERX1788123.11673415.1	96.053	76	3	0	5118	5193	1	76	9.31e-25	124
CFAV-Macapa2_Brazil_2017	SRA:ERX1788123.1066169.2	96.053	76	3	0	5099	5174	76	1	9.31e-25	124
CFAV-Macapa2_Brazil_2017	SRA:ERX1788123.24590759.2	96.000	75	3	0	5695	5769	75	1	3.35e-24	122
CFAV-Macapa2_Brazil_2017	SRA:ERX1788123.23607090.1	94.737	76	4	0	6310	6385	1	76	4.33e-23	119
CFAV-Macapa2_Brazil_2017	SRA:ERX1788123.32604421.2	97.101	69	2	0	3227	3295	69	1	1.56e-22	117
CFAV-Macapa2_Brazil_2017	SRA:ERX1788123.17432042.1	100.000	63	0	0	1032	1094	1	63	1.56e-22	117
CFAV-Macapa2_Brazil_2017	SRA:ERX1788123.17432027.1	98.387	62	1	0	1033	1094	2	63	2.61e-20	110
CFAV-Macapa2_Brazil_2017	SRA:ERX1788123.37062947.1	98.214	56	1	0	734	789	20	75	5.64e-17	99.0
CFAV-Macapa2_Brazil_2017	SRA:ERX1788123.17432042.2	100.000	50	0	0	1045	1094	74	25	2.63e-15	93.5
CFAV-Macapa2_Brazil_2017	SRA:ERX1788123.27839045.2	100.000	48	0	0	6517	6564	76	29	3.40e-14	89.8
CFAV-KC_Cambodia_2015	SRA:ERX1788123.988871.2	100.000	74	0	0	5893	5966	74	1	1.20e-28	137
CFAV-KC_Cambodia_2015	SRA:ERX1788123.34679438.1	98.667	75	1	0	5285	5359	1	75	1.55e-27	134
CFAV-KC_Cambodia_2015	SRA:ERX1788123.717103.2	98.667	75	1	0	5764	5838	75	1	1.55e-27	134
CFAV-KC_Cambodia_2015	SRA:ERX1788123.32604421.2	98.649	74	1	0	3233	3306	74	1	5.57e-27	132
CFAV-KC_Cambodia_2015	SRA:ERX1788123.27489325.1	98.649	74	1	0	5404	5477	2	75	5.57e-27	132
CFAV-KC_Cambodia_2015	SRA:ERX1788123.37746667.2	97.368	76	2	0	5233	5308	76	1	2.00e-26	130
CFAV-KC_Cambodia_2015	SRA:ERX1788123.37062947.2	97.368	76	2	0	839	914	76	1	2.00e-26	130
CFAV-KC_Cambodia_2015	SRA:ERX1788123.28143151.2	97.368	76	2	0	5775	5850	76	1	2.00e-26	130
CFAV-KC_Cambodia_2015	SRA:ERX1788123.27839045.1	97.368	76	2	0	6348	6423	1	76	2.00e-26	130
CFAV-KC_Cambodia_2015	SRA:ERX1788123.23607090.1	97.368	76	2	0	6321	6396	1	76	2.00e-26	130
CFAV-KC_Cambodia_2015	SRA:ERX1788123.18264918.2	97.368	76	2	0	5805	5880	76	1	2.00e-26	130
CFAV-KC_Cambodia_2015	SRA:ERX1788123.11673415.2	97.368	76	2	0	5233	5308	76	1	2.00e-26	130
CFAV-KC_Cambodia_2015	SRA:ERX1788123.35023223.1	97.297	74	2	0	5015	5088	1	74	2.59e-25	126
CFAV-KC_Cambodia_2015	SRA:ERX1788123.1066169.2	97.297	74	2	0	5110	5183	76	3	2.59e-25	126
CFAV-KC_Cambodia_2015	SRA:ERX1788123.28143151.1	96.053	76	3	0	5678	5753	1	76	9.32e-25	124
CFAV-KC_Cambodia_2015	SRA:ERX1788123.23607090.2	96.053	76	3	0	6355	6430	76	1	9.32e-25	124
CFAV-KC_Cambodia_2015	SRA:ERX1788123.18264918.1	96.000	75	3	0	5620	5694	2	76	3.35e-24	122
CFAV-KC_Cambodia_2015	SRA:ERX1788123.4728101.2	95.946	74	3	0	5117	5190	74	1	1.21e-23	121
CFAV-KC_Cambodia_2015	SRA:ERX1788123.35023223.2	94.737	76	4	0	5145	5220	76	1	4.34e-23	119
CFAV-KC_Cambodia_2015	SRA:ERX1788123.988871.1	94.737	76	4	0	5818	5893	1	76	4.34e-23	119
CFAV-KC_Cambodia_2015	SRA:ERX1788123.17432042.1	100.000	63	0	0	1043	1105	1	63	1.56e-22	117
CFAV-KC_Cambodia_2015	SRA:ERX1788123.25001564.2	93.421	76	5	0	6283	6358	76	1	2.02e-21	113
CFAV-KC_Cambodia_2015	SRA:ERX1788123.24590759.2	93.333	75	5	0	5706	5780	75	1	7.26e-21	111
CFAV-KC_Cambodia_2015	SRA:ERX1788123.17432027.1	98.387	62	1	0	1044	1105	2	63	2.61e-20	110
CFAV-KC_Cambodia_2015	SRA:ERX1788123.25001564.1	92.105	76	6	0	6249	6324	1	76	9.39e-20	108
CFAV-KC_Cambodia_2015	SRA:ERX1788123.17432042.2	100.000	50	0	0	1056	1105	74	25	2.63e-15	93.5
CFAV-Zik_Uganda_2016	SRA:ERX1788123.37746667.2	100.000	76	0	0	5233	5308	76	1	9.26e-30	141
CFAV-Zik_Uganda_2016	SRA:ERX1788123.24590759.1	100.000	76	0	0	5511	5586	1	76	9.26e-30	141
CFAV-Zik_Uganda_2016	SRA:ERX1788123.11673415.2	100.000	76	0	0	5233	5308	76	1	9.26e-30	141
CFAV-Zik_Uganda_2016	SRA:ERX1788123.1066169.2	100.000	76	0	0	5110	5185	76	1	9.26e-30	141
CFAV-Zik_Uganda_2016	SRA:ERX1788123.27489325.2	100.000	75	0	0	5504	5578	75	1	3.33e-29	139
CFAV-Zik_Uganda_2016	SRA:ERX1788123.4728101.2	100.000	74	0	0	5117	5190	74	1	1.20e-28	137
CFAV-Zik_Uganda_2016	SRA:ERX1788123.988871.2	100.000	74	0	0	5893	5966	74	1	1.20e-28	137
CFAV-Zik_Uganda_2016	SRA:ERX1788123.37746667.1	100.000	73	0	0	5129	5201	1	73	4.31e-28	135
CFAV-Zik_Uganda_2016	SRA:ERX1788123.28143151.2	98.684	76	1	0	5775	5850	76	1	4.31e-28	135
CFAV-Zik_Uganda_2016	SRA:ERX1788123.25001564.2	98.684	76	1	0	6283	6358	76	1	4.31e-28	135
CFAV-Zik_Uganda_2016	SRA:ERX1788123.18264918.2	98.684	76	1	0	5805	5880	76	1	4.31e-28	135
CFAV-Zik_Uganda_2016	SRA:ERX1788123.11673415.1	100.000	73	0	0	5129	5201	1	73	4.31e-28	135
CFAV-Zik_Uganda_2016	SRA:ERX1788123.34679438.1	98.667	75	1	0	5285	5359	1	75	1.55e-27	134
CFAV-Zik_Uganda_2016	SRA:ERX1788123.4728101.1	98.667	75	1	0	4998	5072	1	75	1.55e-27	134
CFAV-Zik_Uganda_2016	SRA:ERX1788123.717103.2	98.667	75	1	0	5764	5838	75	1	1.55e-27	134
CFAV-Zik_Uganda_2016	SRA:ERX1788123.35023223.2	97.368	76	2	0	5145	5220	76	1	2.00e-26	130
CFAV-Zik_Uganda_2016	SRA:ERX1788123.34679438.2	97.368	76	2	0	5360	5435	76	1	2.00e-26	130
CFAV-Zik_Uganda_2016	SRA:ERX1788123.32604421.1	97.368	76	2	0	3161	3236	1	76	2.00e-26	130
CFAV-Zik_Uganda_2016	SRA:ERX1788123.18264918.1	97.368	76	2	0	5619	5694	1	76	2.00e-26	130
CFAV-Zik_Uganda_2016	SRA:ERX1788123.1066169.1	97.368	76	2	0	4980	5055	1	76	2.00e-26	130
CFAV-Zik_Uganda_2016	SRA:ERX1788123.988871.1	97.368	76	2	0	5818	5893	1	76	2.00e-26	130
CFAV-Zik_Uganda_2016	SRA:ERX1788123.27489325.1	97.333	75	2	0	5403	5477	1	75	7.21e-26	128
CFAV-Zik_Uganda_2016	SRA:ERX1788123.35023223.1	97.297	74	2	0	5015	5088	1	74	2.59e-25	126
CFAV-Zik_Uganda_2016	SRA:ERX1788123.32604421.2	97.297	74	2	0	3233	3306	74	1	2.59e-25	126
CFAV-Zik_Uganda_2016	SRA:ERX1788123.25001564.1	96.053	76	3	0	6249	6324	1	76	9.32e-25	124
CFAV-Zik_Uganda_2016	SRA:ERX1788123.23607090.1	96.000	75	3	0	6321	6395	1	75	3.35e-24	122
CFAV-Zik_Uganda_2016	SRA:ERX1788123.717103.1	95.946	74	3	0	5732	5805	1	74	1.21e-23	121
CFAV-Zik_Uganda_2016	SRA:ERX1788123.37062947.1	98.113	53	1	0	745	797	20	72	2.63e-15	93.5
CFAV-Zik_Uganda_2016	SRA:ERX1788123.27839045.2	97.917	48	1	0	6528	6575	76	29	1.58e-12	84.2
CFAV-Zik_Uganda_2016	SRA:ERX1788123.27839045.2	97.222	36	1	0	745	780	36	1	7.41e-06	62.1
CFAV-Zik_Uganda_2016	SRA:ERX1788123.5224526.2	97.778	45	1	0	4964	5008	45	1	7.36e-11	78.7
