CFAV-Bangkok_Thailand_2015	SRA:ERX240774.28195833.1	100.000	76	0	0	3579	3654	76	1	3.94e-30	141
CFAV-Bangkok_Thailand_2015	SRA:ERX240774.13708911.1	100.000	76	0	0	3630	3705	1	76	3.94e-30	141
CFAV-Bangkok_Thailand_2015	SRA:ERX240774.30415894.1	98.684	76	1	0	3696	3771	1	76	1.83e-28	135
CFAV-Bangkok_Thailand_2015	SRA:ERX240774.25969893.1	98.684	76	1	0	4997	5072	1	76	1.83e-28	135
CFAV-Bangkok_Thailand_2015	SRA:ERX240774.24008582.1	98.684	76	1	0	997	1072	1	76	1.83e-28	135
CFAV-Bangkok_Thailand_2015	SRA:ERX240774.23836315.1	98.684	76	1	0	2069	2144	76	1	1.83e-28	135
CFAV-Bangkok_Thailand_2015	SRA:ERX240774.20180654.1	98.684	76	1	0	773	848	1	76	1.83e-28	135
CFAV-Bangkok_Thailand_2015	SRA:ERX240774.19160407.1	98.684	76	1	0	3254	3329	1	76	1.83e-28	135
CFAV-Bangkok_Thailand_2015	SRA:ERX240774.18410298.1	98.684	76	1	0	766	841	1	76	1.83e-28	135
CFAV-Bangkok_Thailand_2015	SRA:ERX240774.16417688.1	98.684	76	1	0	5029	5104	1	76	1.83e-28	135
CFAV-Bangkok_Thailand_2015	SRA:ERX240774.12080006.1	98.684	76	1	0	3696	3771	1	76	1.83e-28	135
CFAV-Bangkok_Thailand_2015	SRA:ERX240774.11399562.1	98.684	76	1	0	3665	3740	1	76	1.83e-28	135
CFAV-Bangkok_Thailand_2015	SRA:ERX240774.11374941.1	98.684	76	1	0	994	1069	76	1	1.83e-28	135
CFAV-Bangkok_Thailand_2015	SRA:ERX240774.11257715.1	98.684	76	1	0	980	1055	1	76	1.83e-28	135
CFAV-Bangkok_Thailand_2015	SRA:ERX240774.9893342.1	98.684	76	1	0	5001	5076	1	76	1.83e-28	135
CFAV-Bangkok_Thailand_2015	SRA:ERX240774.7644120.1	98.684	76	1	0	3663	3738	1	76	1.83e-28	135
CFAV-Bangkok_Thailand_2015	SRA:ERX240774.5966386.1	98.684	76	1	0	2834	2909	1	76	1.83e-28	135
CFAV-Bangkok_Thailand_2015	SRA:ERX240774.5076421.1	98.684	76	1	0	5259	5334	1	76	1.83e-28	135
CFAV-Bangkok_Thailand_2015	SRA:ERX240774.4871634.1	98.684	76	1	0	994	1069	76	1	1.83e-28	135
CFAV-Bangkok_Thailand_2015	SRA:ERX240774.4319421.1	98.684	76	1	0	5008	5083	1	76	1.83e-28	135
CFAV-Bangkok_Thailand_2015	SRA:ERX240774.2970695.1	98.684	76	1	0	3663	3738	1	76	1.83e-28	135
CFAV-Bangkok_Thailand_2015	SRA:ERX240774.16714653.1	98.667	75	1	0	3435	3509	1	75	6.59e-28	134
CFAV-Bangkok_Thailand_2015	SRA:ERX240774.31556535.1	97.368	76	2	0	6046	6121	76	1	8.52e-27	130
CFAV-Bangkok_Thailand_2015	SRA:ERX240774.31148152.1	97.368	76	2	0	3182	3257	1	76	8.52e-27	130
CFAV-Bangkok_Thailand_2015	SRA:ERX240774.29643252.1	97.368	76	2	0	939	1014	1	76	8.52e-27	130
CFAV-Bangkok_Thailand_2015	SRA:ERX240774.28106388.1	97.368	76	2	0	6076	6151	1	76	8.52e-27	130
CFAV-Bangkok_Thailand_2015	SRA:ERX240774.25627430.1	97.368	76	2	0	5679	5754	1	76	8.52e-27	130
CFAV-Bangkok_Thailand_2015	SRA:ERX240774.24506627.1	97.368	76	2	0	2951	3026	76	1	8.52e-27	130
CFAV-Bangkok_Thailand_2015	SRA:ERX240774.22810377.1	97.368	76	2	0	2125	2200	76	1	8.52e-27	130
CFAV-Bangkok_Thailand_2015	SRA:ERX240774.22201729.1	97.368	76	2	0	5895	5970	76	1	8.52e-27	130
CFAV-Bangkok_Thailand_2015	SRA:ERX240774.15578126.1	97.368	76	2	0	5319	5394	76	1	8.52e-27	130
CFAV-Bangkok_Thailand_2015	SRA:ERX240774.14341654.1	97.368	76	2	0	3778	3853	76	1	8.52e-27	130
CFAV-Bangkok_Thailand_2015	SRA:ERX240774.13772091.1	97.368	76	2	0	6372	6447	76	1	8.52e-27	130
CFAV-Bangkok_Thailand_2015	SRA:ERX240774.8735714.1	97.368	76	2	0	6221	6296	76	1	8.52e-27	130
CFAV-Bangkok_Thailand_2015	SRA:ERX240774.8712018.1	97.368	76	2	0	6221	6296	76	1	8.52e-27	130
CFAV-Bangkok_Thailand_2015	SRA:ERX240774.4296959.1	97.368	76	2	0	2031	2106	76	1	8.52e-27	130
CFAV-Bangkok_Thailand_2015	SRA:ERX240774.2035565.1	97.368	76	2	0	2858	2933	76	1	8.52e-27	130
CFAV-Bangkok_Thailand_2015	SRA:ERX240774.600432.1	97.368	76	2	0	5168	5243	1	76	8.52e-27	130
CFAV-Bangkok_Thailand_2015	SRA:ERX240774.334208.1	97.368	76	2	0	6039	6114	76	1	8.52e-27	130
CFAV-Bangkok_Thailand_2015	SRA:ERX240774.19522558.1	97.333	75	2	0	6082	6156	2	76	3.06e-26	128
CFAV-Bangkok_Thailand_2015	SRA:ERX240774.8677808.1	97.333	75	2	0	5708	5782	2	76	3.06e-26	128
CFAV-Bangkok_Thailand_2015	SRA:ERX240774.8008251.1	97.333	75	2	0	1889	1963	75	1	3.06e-26	128
CFAV-Bangkok_Thailand_2015	SRA:ERX240774.19839829.1	97.297	74	2	0	4315	4388	74	1	1.10e-25	126
CFAV-Bangkok_Thailand_2015	SRA:ERX240774.14034817.1	97.297	74	2	0	6304	6377	76	3	1.10e-25	126
CFAV-Bangkok_Thailand_2015	SRA:ERX240774.7100687.1	97.297	74	2	0	2863	2936	1	74	1.10e-25	126
CFAV-Bangkok_Thailand_2015	SRA:ERX240774.7066978.1	97.297	74	2	0	6331	6404	76	3	1.10e-25	126
CFAV-Bangkok_Thailand_2015	SRA:ERX240774.4249755.1	97.297	74	2	0	3178	3251	74	1	1.10e-25	126
CFAV-Bangkok_Thailand_2015	SRA:ERX240774.32320401.1	97.260	73	2	0	6316	6388	73	1	3.96e-25	124
CFAV-Bangkok_Thailand_2015	SRA:ERX240774.28357178.1	97.260	73	2	0	6053	6125	1	73	3.96e-25	124
CFAV-Bangkok_Thailand_2015	SRA:ERX240774.26198953.1	97.260	73	2	0	3407	3479	73	1	3.96e-25	124
CFAV-Bangkok_Thailand_2015	SRA:ERX240774.22520721.1	96.053	76	3	0	4458	4533	76	1	3.96e-25	124
CFAV-Bangkok_Thailand_2015	SRA:ERX240774.14739054.1	96.053	76	3	0	3010	3085	1	76	3.96e-25	124
CFAV-Bangkok_Thailand_2015	SRA:ERX240774.13313112.1	96.053	76	3	0	3321	3396	1	76	3.96e-25	124
CFAV-Bangkok_Thailand_2015	SRA:ERX240774.11266815.1	96.053	76	3	0	1848	1923	76	1	3.96e-25	124
CFAV-Bangkok_Thailand_2015	SRA:ERX240774.7659640.1	96.053	76	3	0	3321	3396	1	76	3.96e-25	124
CFAV-Bangkok_Thailand_2015	SRA:ERX240774.3104901.1	96.053	76	3	0	6434	6509	76	1	3.96e-25	124
CFAV-Bangkok_Thailand_2015	SRA:ERX240774.1283134.1	96.053	76	3	0	5780	5855	1	76	3.96e-25	124
CFAV-Bangkok_Thailand_2015	SRA:ERX240774.173633.1	96.053	76	3	0	933	1008	1	76	3.96e-25	124
CFAV-Bangkok_Thailand_2015	SRA:ERX240774.31938993.1	96.000	75	3	0	5793	5867	1	75	1.43e-24	122
CFAV-Bangkok_Thailand_2015	SRA:ERX240774.26898196.1	97.222	72	2	0	6324	6395	72	1	1.43e-24	122
CFAV-Bangkok_Thailand_2015	SRA:ERX240774.23104692.1	96.000	75	3	0	6012	6086	2	76	1.43e-24	122
CFAV-Bangkok_Thailand_2015	SRA:ERX240774.17529197.1	95.946	74	3	0	5092	5165	3	76	5.13e-24	121
CFAV-Bangkok_Thailand_2015	SRA:ERX240774.26850118.1	95.890	73	3	0	4309	4381	73	1	1.84e-23	119
CFAV-Bangkok_Thailand_2015	SRA:ERX240774.10356057.1	94.737	76	4	0	5094	5169	1	76	1.84e-23	119
CFAV-Bangkok_Thailand_2015	SRA:ERX240774.12857171.1	94.667	75	4	0	1999	2073	75	1	6.63e-23	117
CFAV-Bangkok_Thailand_2015	SRA:ERX240774.20138601.1	93.421	76	5	0	2414	2489	76	1	8.58e-22	113
CFAV-Bangkok_Thailand_2015	SRA:ERX240774.934775.1	98.438	64	1	0	5609	5672	1	64	8.58e-22	113
CFAV-Bangkok_Thailand_2015	SRA:ERX240774.10702310.1	93.243	74	5	0	6199	6272	74	1	1.11e-20	110
CFAV-Bangkok_Thailand_2015	SRA:ERX240774.22171956.1	96.875	64	1	1	4592	4655	1	63	1.44e-19	106
CFAV-Bangkok_Thailand_2015	SRA:ERX240774.26841068.1	100.000	56	0	0	3572	3627	56	1	5.16e-19	104
CFAV-Bangkok_Thailand_2015	SRA:ERX240774.4794612.1	91.781	73	6	0	2428	2500	75	3	1.86e-18	102
CFAV-Bangkok_Thailand_2015	SRA:ERX240774.7455451.1	98.246	57	1	0	2088	2144	57	1	6.68e-18	100
CFAV-Bangkok_Thailand_2015	SRA:ERX240774.14282515.1	100.000	37	0	0	868	904	2	38	1.88e-08	69.4
NC_001564	SRA:ERX240774.30979391.1	100.000	76	0	0	914	989	1	76	3.94e-30	141
NC_001564	SRA:ERX240774.28195833.1	100.000	76	0	0	3586	3661	76	1	3.94e-30	141
NC_001564	SRA:ERX240774.25627430.1	100.000	76	0	0	5686	5761	1	76	3.94e-30	141
NC_001564	SRA:ERX240774.24506627.1	100.000	76	0	0	2958	3033	76	1	3.94e-30	141
NC_001564	SRA:ERX240774.24008582.1	100.000	76	0	0	1004	1079	1	76	3.94e-30	141
NC_001564	SRA:ERX240774.17529197.1	100.000	76	0	0	5097	5172	1	76	3.94e-30	141
NC_001564	SRA:ERX240774.14341654.1	100.000	76	0	0	3785	3860	76	1	3.94e-30	141
NC_001564	SRA:ERX240774.13708911.1	100.000	76	0	0	3637	3712	1	76	3.94e-30	141
NC_001564	SRA:ERX240774.11374941.1	100.000	76	0	0	1001	1076	76	1	3.94e-30	141
NC_001564	SRA:ERX240774.10356057.1	100.000	76	0	0	5101	5176	1	76	3.94e-30	141
NC_001564	SRA:ERX240774.4871634.1	100.000	76	0	0	1001	1076	76	1	3.94e-30	141
NC_001564	SRA:ERX240774.8677808.1	100.000	75	0	0	5715	5789	2	76	1.42e-29	139
NC_001564	SRA:ERX240774.30879960.1	98.684	76	1	0	3299	3374	1	76	1.83e-28	135
NC_001564	SRA:ERX240774.29643252.1	98.684	76	1	0	946	1021	1	76	1.83e-28	135
NC_001564	SRA:ERX240774.20180654.1	98.684	76	1	0	780	855	1	76	1.83e-28	135
NC_001564	SRA:ERX240774.18410298.1	98.684	76	1	0	773	848	1	76	1.83e-28	135
NC_001564	SRA:ERX240774.16417688.1	98.684	76	1	0	5036	5111	1	76	1.83e-28	135
NC_001564	SRA:ERX240774.14739054.1	98.684	76	1	0	3017	3092	1	76	1.83e-28	135
NC_001564	SRA:ERX240774.13772091.1	98.684	76	1	0	6379	6454	76	1	1.83e-28	135
NC_001564	SRA:ERX240774.11257715.1	98.684	76	1	0	987	1062	1	76	1.83e-28	135
NC_001564	SRA:ERX240774.7644120.1	98.684	76	1	0	3670	3745	1	76	1.83e-28	135
NC_001564	SRA:ERX240774.2970695.1	98.684	76	1	0	3670	3745	1	76	1.83e-28	135
NC_001564	SRA:ERX240774.2053136.1	98.684	76	1	0	3486	3561	76	1	1.83e-28	135
NC_001564	SRA:ERX240774.1283134.1	98.684	76	1	0	5787	5862	1	76	1.83e-28	135
NC_001564	SRA:ERX240774.608443.1	98.684	76	1	0	3299	3374	1	76	1.83e-28	135
NC_001564	SRA:ERX240774.484113.1	98.684	76	1	0	2583	2658	1	76	1.83e-28	135
NC_001564	SRA:ERX240774.173633.1	98.684	76	1	0	940	1015	1	76	1.83e-28	135
NC_001564	SRA:ERX240774.5076421.1	98.667	75	1	0	5266	5340	1	75	6.60e-28	134
NC_001564	SRA:ERX240774.14034817.1	98.649	74	1	0	6311	6384	76	3	2.37e-27	132
NC_001564	SRA:ERX240774.11399562.1	98.649	74	1	0	3672	3745	1	74	2.37e-27	132
NC_001564	SRA:ERX240774.32320401.1	97.368	76	2	0	6320	6395	76	1	8.54e-27	130
NC_001564	SRA:ERX240774.28106388.1	97.368	76	2	0	6083	6158	1	76	8.54e-27	130
NC_001564	SRA:ERX240774.22810377.1	98.630	73	1	0	2135	2207	73	1	8.54e-27	130
NC_001564	SRA:ERX240774.22520721.1	97.368	76	2	0	4465	4540	76	1	8.54e-27	130
NC_001564	SRA:ERX240774.22201729.1	97.368	76	2	0	5902	5977	76	1	8.54e-27	130
NC_001564	SRA:ERX240774.19160407.1	97.368	76	2	0	3261	3336	1	76	8.54e-27	130
NC_001564	SRA:ERX240774.16714653.1	97.368	76	2	0	3442	3517	1	76	8.54e-27	130
NC_001564	SRA:ERX240774.7066978.1	97.368	76	2	0	6338	6413	76	1	8.54e-27	130
NC_001564	SRA:ERX240774.3104901.1	97.368	76	2	0	6441	6516	76	1	8.54e-27	130
NC_001564	SRA:ERX240774.600432.1	97.368	76	2	0	5175	5250	1	76	8.54e-27	130
NC_001564	SRA:ERX240774.23104692.1	97.333	75	2	0	6019	6093	2	76	3.07e-26	128
NC_001564	SRA:ERX240774.19522558.1	97.333	75	2	0	6089	6163	2	76	3.07e-26	128
NC_001564	SRA:ERX240774.4296959.1	97.333	75	2	0	2038	2112	76	2	3.07e-26	128
NC_001564	SRA:ERX240774.31571090.1	96.053	76	3	0	5296	5371	76	1	3.97e-25	124
NC_001564	SRA:ERX240774.28896073.1	96.053	76	3	0	5814	5889	1	76	3.97e-25	124
NC_001564	SRA:ERX240774.28357178.1	96.053	76	3	0	6060	6135	1	76	3.97e-25	124
NC_001564	SRA:ERX240774.26198953.1	97.260	73	2	0	3414	3486	73	1	3.97e-25	124
NC_001564	SRA:ERX240774.25969893.1	96.053	76	3	0	5004	5079	1	76	3.97e-25	124
NC_001564	SRA:ERX240774.23836315.1	96.053	76	3	0	2076	2151	76	1	3.97e-25	124
NC_001564	SRA:ERX240774.22761345.1	96.053	76	3	0	2440	2515	76	1	3.97e-25	124
NC_001564	SRA:ERX240774.20138601.1	96.053	76	3	0	2421	2496	76	1	3.97e-25	124
NC_001564	SRA:ERX240774.15578126.1	96.053	76	3	0	5326	5401	76	1	3.97e-25	124
NC_001564	SRA:ERX240774.15362275.1	96.053	76	3	0	6181	6256	1	76	3.97e-25	124
NC_001564	SRA:ERX240774.13313112.1	96.053	76	3	0	3328	3403	1	76	3.97e-25	124
NC_001564	SRA:ERX240774.9968308.1	96.053	76	3	0	2439	2514	76	1	3.97e-25	124
NC_001564	SRA:ERX240774.9893342.1	96.053	76	3	0	5008	5083	1	76	3.97e-25	124
NC_001564	SRA:ERX240774.7659640.1	96.053	76	3	0	3328	3403	1	76	3.97e-25	124
NC_001564	SRA:ERX240774.5966386.1	96.053	76	3	0	2841	2916	1	76	3.97e-25	124
NC_001564	SRA:ERX240774.4794612.1	96.053	76	3	0	2434	2509	76	1	3.97e-25	124
NC_001564	SRA:ERX240774.4319421.1	96.053	76	3	0	5015	5090	1	76	3.97e-25	124
NC_001564	SRA:ERX240774.31938993.1	96.000	75	3	0	5800	5874	1	75	1.43e-24	122
NC_001564	SRA:ERX240774.26898196.1	97.222	72	2	0	6331	6402	72	1	1.43e-24	122
NC_001564	SRA:ERX240774.11266815.1	96.000	75	3	0	1855	1929	76	2	1.43e-24	122
NC_001564	SRA:ERX240774.31556535.1	95.890	73	3	0	6056	6128	73	1	1.85e-23	119
NC_001564	SRA:ERX240774.31148152.1	94.737	76	4	0	3189	3264	1	76	1.85e-23	119
NC_001564	SRA:ERX240774.30415894.1	94.737	76	4	0	3703	3778	1	76	1.85e-23	119
NC_001564	SRA:ERX240774.19086411.1	94.737	76	4	0	1963	2038	76	1	1.85e-23	119
NC_001564	SRA:ERX240774.12857171.1	94.737	76	4	0	2005	2080	76	1	1.85e-23	119
NC_001564	SRA:ERX240774.12080006.1	94.737	76	4	0	3703	3778	1	76	1.85e-23	119
NC_001564	SRA:ERX240774.7100687.1	94.737	76	4	0	2870	2945	1	76	1.85e-23	119
NC_001564	SRA:ERX240774.4249755.1	94.737	76	4	0	3183	3258	76	1	1.85e-23	119
NC_001564	SRA:ERX240774.2035565.1	94.737	76	4	0	2865	2940	76	1	1.85e-23	119
NC_001564	SRA:ERX240774.334208.1	94.737	76	4	0	6046	6121	76	1	1.85e-23	119
NC_001564	SRA:ERX240774.22171956.1	97.143	70	1	1	4599	4667	1	70	6.65e-23	117
NC_001564	SRA:ERX240774.8008251.1	94.667	75	4	0	1896	1970	75	1	6.65e-23	117
NC_001564	SRA:ERX240774.934775.1	100.000	62	0	0	5618	5679	3	64	2.39e-22	115
NC_001564	SRA:ERX240774.16765992.1	93.421	76	5	0	6205	6280	1	76	8.60e-22	113
NC_001564	SRA:ERX240774.6854101.1	98.438	64	1	0	4953	5016	13	76	8.60e-22	113
NC_001564	SRA:ERX240774.122545.1	98.438	64	1	0	4953	5016	13	76	8.60e-22	113
NC_001564	SRA:ERX240774.26841068.1	100.000	56	0	0	3579	3634	56	1	5.17e-19	104
NC_001564	SRA:ERX240774.28475904.1	95.000	60	3	0	2033	2092	1	60	3.11e-16	95.3
NC_001564	SRA:ERX240774.31306900.1	97.917	48	0	1	4621	4667	1	48	2.42e-12	82.4
NC_001564	SRA:ERX240774.3367181.1	97.872	47	0	1	4622	4667	76	30	8.72e-12	80.5
NC_001564	SRA:ERX240774.15589378.1	100.000	35	0	0	4953	4987	42	76	2.44e-07	65.8
NC_001564	SRA:ERX240774.14282515.1	100.000	35	0	0	875	909	2	36	2.44e-07	65.8
NC_001564	SRA:ERX240774.8743683.1	100.000	35	0	0	4953	4987	42	76	2.44e-07	65.8
CFAV-Cairns_Australia_2014	SRA:ERX240774.30979391.1	100.000	76	0	0	913	988	1	76	3.94e-30	141
CFAV-Cairns_Australia_2014	SRA:ERX240774.30415894.1	100.000	76	0	0	3702	3777	1	76	3.94e-30	141
CFAV-Cairns_Australia_2014	SRA:ERX240774.28195833.1	100.000	76	0	0	3585	3660	76	1	3.94e-30	141
CFAV-Cairns_Australia_2014	SRA:ERX240774.24008582.1	100.000	76	0	0	1003	1078	1	76	3.94e-30	141
CFAV-Cairns_Australia_2014	SRA:ERX240774.14341654.1	100.000	76	0	0	3784	3859	76	1	3.94e-30	141
CFAV-Cairns_Australia_2014	SRA:ERX240774.13708911.1	100.000	76	0	0	3636	3711	1	76	3.94e-30	141
CFAV-Cairns_Australia_2014	SRA:ERX240774.12080006.1	100.000	76	0	0	3702	3777	1	76	3.94e-30	141
CFAV-Cairns_Australia_2014	SRA:ERX240774.11399562.1	100.000	76	0	0	3671	3746	1	76	3.94e-30	141
CFAV-Cairns_Australia_2014	SRA:ERX240774.11374941.1	100.000	76	0	0	1000	1075	76	1	3.94e-30	141
CFAV-Cairns_Australia_2014	SRA:ERX240774.7644120.1	100.000	76	0	0	3669	3744	1	76	3.94e-30	141
CFAV-Cairns_Australia_2014	SRA:ERX240774.4871634.1	100.000	76	0	0	1000	1075	76	1	3.94e-30	141
CFAV-Cairns_Australia_2014	SRA:ERX240774.2970695.1	100.000	76	0	0	3669	3744	1	76	3.94e-30	141
CFAV-Cairns_Australia_2014	SRA:ERX240774.2053136.1	100.000	76	0	0	3485	3560	76	1	3.94e-30	141
CFAV-Cairns_Australia_2014	SRA:ERX240774.1283134.1	100.000	76	0	0	5786	5861	1	76	3.94e-30	141
CFAV-Cairns_Australia_2014	SRA:ERX240774.31938993.1	100.000	75	0	0	5799	5873	1	75	1.42e-29	139
CFAV-Cairns_Australia_2014	SRA:ERX240774.14034817.1	100.000	74	0	0	6310	6383	76	3	5.10e-29	137
CFAV-Cairns_Australia_2014	SRA:ERX240774.32320401.1	98.684	76	1	0	6319	6394	76	1	1.84e-28	135
CFAV-Cairns_Australia_2014	SRA:ERX240774.29643252.1	98.684	76	1	0	945	1020	1	76	1.84e-28	135
CFAV-Cairns_Australia_2014	SRA:ERX240774.28896073.1	98.684	76	1	0	5813	5888	1	76	1.84e-28	135
CFAV-Cairns_Australia_2014	SRA:ERX240774.28106388.1	98.684	76	1	0	6082	6157	1	76	1.84e-28	135
CFAV-Cairns_Australia_2014	SRA:ERX240774.25969893.1	98.684	76	1	0	5003	5078	1	76	1.84e-28	135
CFAV-Cairns_Australia_2014	SRA:ERX240774.22810377.1	98.684	76	1	0	2131	2206	76	1	1.84e-28	135
CFAV-Cairns_Australia_2014	SRA:ERX240774.20180654.1	98.684	76	1	0	779	854	1	76	1.84e-28	135
CFAV-Cairns_Australia_2014	SRA:ERX240774.18410298.1	98.684	76	1	0	772	847	1	76	1.84e-28	135
CFAV-Cairns_Australia_2014	SRA:ERX240774.17529197.1	98.684	76	1	0	5096	5171	1	76	1.84e-28	135
CFAV-Cairns_Australia_2014	SRA:ERX240774.16714653.1	98.684	76	1	0	3441	3516	1	76	1.84e-28	135
CFAV-Cairns_Australia_2014	SRA:ERX240774.16417688.1	98.684	76	1	0	5035	5110	1	76	1.84e-28	135
CFAV-Cairns_Australia_2014	SRA:ERX240774.13772091.1	98.684	76	1	0	6378	6453	76	1	1.84e-28	135
CFAV-Cairns_Australia_2014	SRA:ERX240774.11257715.1	98.684	76	1	0	986	1061	1	76	1.84e-28	135
CFAV-Cairns_Australia_2014	SRA:ERX240774.10356057.1	98.684	76	1	0	5100	5175	1	76	1.84e-28	135
CFAV-Cairns_Australia_2014	SRA:ERX240774.7066978.1	98.684	76	1	0	6337	6412	76	1	1.84e-28	135
CFAV-Cairns_Australia_2014	SRA:ERX240774.484113.1	98.684	76	1	0	2582	2657	1	76	1.84e-28	135
CFAV-Cairns_Australia_2014	SRA:ERX240774.173633.1	98.684	76	1	0	939	1014	1	76	1.84e-28	135
CFAV-Cairns_Australia_2014	SRA:ERX240774.19522558.1	98.667	75	1	0	6088	6162	2	76	6.60e-28	134
CFAV-Cairns_Australia_2014	SRA:ERX240774.9893342.1	98.667	75	1	0	5007	5081	1	75	6.60e-28	134
CFAV-Cairns_Australia_2014	SRA:ERX240774.8677808.1	98.667	75	1	0	5714	5788	2	76	6.60e-28	134
CFAV-Cairns_Australia_2014	SRA:ERX240774.30879960.1	97.368	76	2	0	3298	3373	1	76	8.54e-27	130
CFAV-Cairns_Australia_2014	SRA:ERX240774.26850118.1	97.368	76	2	0	4312	4387	76	1	8.54e-27	130
CFAV-Cairns_Australia_2014	SRA:ERX240774.25627430.1	97.368	76	2	0	5685	5760	1	76	8.54e-27	130
CFAV-Cairns_Australia_2014	SRA:ERX240774.24506627.1	97.368	76	2	0	2957	3032	76	1	8.54e-27	130
CFAV-Cairns_Australia_2014	SRA:ERX240774.23836315.1	97.368	76	2	0	2075	2150	76	1	8.54e-27	130
CFAV-Cairns_Australia_2014	SRA:ERX240774.22761345.1	97.368	76	2	0	2439	2514	76	1	8.54e-27	130
CFAV-Cairns_Australia_2014	SRA:ERX240774.19839829.1	97.368	76	2	0	4319	4394	76	1	8.54e-27	130
CFAV-Cairns_Australia_2014	SRA:ERX240774.15578126.1	97.368	76	2	0	5325	5400	76	1	8.54e-27	130
CFAV-Cairns_Australia_2014	SRA:ERX240774.15362275.1	97.368	76	2	0	6180	6255	1	76	8.54e-27	130
CFAV-Cairns_Australia_2014	SRA:ERX240774.13313112.1	97.368	76	2	0	3327	3402	1	76	8.54e-27	130
CFAV-Cairns_Australia_2014	SRA:ERX240774.11266815.1	97.368	76	2	0	1854	1929	76	1	8.54e-27	130
CFAV-Cairns_Australia_2014	SRA:ERX240774.9968308.1	97.368	76	2	0	2438	2513	76	1	8.54e-27	130
CFAV-Cairns_Australia_2014	SRA:ERX240774.8735714.1	97.368	76	2	0	6227	6302	76	1	8.54e-27	130
CFAV-Cairns_Australia_2014	SRA:ERX240774.8712018.1	97.368	76	2	0	6227	6302	76	1	8.54e-27	130
CFAV-Cairns_Australia_2014	SRA:ERX240774.7659640.1	97.368	76	2	0	3327	3402	1	76	8.54e-27	130
CFAV-Cairns_Australia_2014	SRA:ERX240774.7100687.1	97.368	76	2	0	2869	2944	1	76	8.54e-27	130
CFAV-Cairns_Australia_2014	SRA:ERX240774.5966386.1	97.368	76	2	0	2840	2915	1	76	8.54e-27	130
CFAV-Cairns_Australia_2014	SRA:ERX240774.5076421.1	97.368	76	2	0	5265	5340	1	76	8.54e-27	130
CFAV-Cairns_Australia_2014	SRA:ERX240774.4794612.1	97.368	76	2	0	2433	2508	76	1	8.54e-27	130
CFAV-Cairns_Australia_2014	SRA:ERX240774.4319421.1	97.368	76	2	0	5014	5089	1	76	8.54e-27	130
CFAV-Cairns_Australia_2014	SRA:ERX240774.2035565.1	97.368	76	2	0	2864	2939	76	1	8.54e-27	130
CFAV-Cairns_Australia_2014	SRA:ERX240774.608443.1	97.368	76	2	0	3298	3373	1	76	8.54e-27	130
CFAV-Cairns_Australia_2014	SRA:ERX240774.26898196.1	98.611	72	1	0	6330	6401	72	1	3.07e-26	128
CFAV-Cairns_Australia_2014	SRA:ERX240774.8008251.1	97.333	75	2	0	1895	1969	75	1	3.07e-26	128
CFAV-Cairns_Australia_2014	SRA:ERX240774.20138601.1	97.297	74	2	0	2422	2495	74	1	1.10e-25	126
CFAV-Cairns_Australia_2014	SRA:ERX240774.31571090.1	96.053	76	3	0	5295	5370	76	1	3.97e-25	124
CFAV-Cairns_Australia_2014	SRA:ERX240774.31556535.1	96.053	76	3	0	6052	6127	76	1	3.97e-25	124
CFAV-Cairns_Australia_2014	SRA:ERX240774.28357178.1	96.053	76	3	0	6059	6134	1	76	3.97e-25	124
CFAV-Cairns_Australia_2014	SRA:ERX240774.26198953.1	97.260	73	2	0	3413	3485	73	1	3.97e-25	124
CFAV-Cairns_Australia_2014	SRA:ERX240774.25358747.1	96.053	76	3	0	1922	1997	76	1	3.97e-25	124
CFAV-Cairns_Australia_2014	SRA:ERX240774.22201729.1	96.053	76	3	0	5901	5976	76	1	3.97e-25	124
CFAV-Cairns_Australia_2014	SRA:ERX240774.19160407.1	96.053	76	3	0	3260	3335	1	76	3.97e-25	124
CFAV-Cairns_Australia_2014	SRA:ERX240774.16765992.1	96.053	76	3	0	6204	6279	1	76	3.97e-25	124
CFAV-Cairns_Australia_2014	SRA:ERX240774.14739054.1	96.053	76	3	0	3016	3091	1	76	3.97e-25	124
CFAV-Cairns_Australia_2014	SRA:ERX240774.10702310.1	96.053	76	3	0	6203	6278	76	1	3.97e-25	124
CFAV-Cairns_Australia_2014	SRA:ERX240774.3104901.1	96.053	76	3	0	6440	6515	76	1	3.97e-25	124
CFAV-Cairns_Australia_2014	SRA:ERX240774.334208.1	96.053	76	3	0	6045	6120	76	1	3.97e-25	124
CFAV-Cairns_Australia_2014	SRA:ERX240774.23104692.1	96.000	75	3	0	6018	6092	2	76	1.43e-24	122
CFAV-Cairns_Australia_2014	SRA:ERX240774.4296959.1	94.737	76	4	0	2037	2112	76	1	1.85e-23	119
CFAV-Cairns_Australia_2014	SRA:ERX240774.934775.1	100.000	64	0	0	5615	5678	1	64	1.85e-23	119
CFAV-Cairns_Australia_2014	SRA:ERX240774.600432.1	94.737	76	4	0	5174	5249	1	76	1.85e-23	119
CFAV-Cairns_Australia_2014	SRA:ERX240774.6854101.1	98.438	64	1	0	4952	5015	13	76	8.60e-22	113
CFAV-Cairns_Australia_2014	SRA:ERX240774.122545.1	98.438	64	1	0	4952	5015	13	76	8.60e-22	113
CFAV-Cairns_Australia_2014	SRA:ERX240774.22171956.1	92.857	70	4	1	4598	4666	1	70	6.70e-18	100
CFAV-Cairns_Australia_2014	SRA:ERX240774.7455451.1	98.246	57	1	0	2094	2150	57	1	6.70e-18	100
CFAV-Cairns_Australia_2014	SRA:ERX240774.26841068.1	98.214	56	1	0	3578	3633	56	1	2.41e-17	99.0
CFAV-Cairns_Australia_2014	SRA:ERX240774.31306900.1	93.750	48	2	1	4620	4666	1	48	5.25e-09	71.3
CFAV-Cairns_Australia_2014	SRA:ERX240774.3367181.1	93.617	47	2	1	4621	4666	76	30	1.89e-08	69.4
CFAV-Cairns_Australia_2014	SRA:ERX240774.14282515.1	100.000	36	0	0	874	909	2	37	6.79e-08	67.6
CFAV-Macapa2_Brazil_2017	SRA:ERX240774.24008582.1	100.000	76	0	0	1004	1079	1	76	3.94e-30	141
CFAV-Macapa2_Brazil_2017	SRA:ERX240774.20180654.1	100.000	76	0	0	780	855	1	76	3.94e-30	141
CFAV-Macapa2_Brazil_2017	SRA:ERX240774.18410298.1	100.000	76	0	0	773	848	1	76	3.94e-30	141
CFAV-Macapa2_Brazil_2017	SRA:ERX240774.13772091.1	100.000	76	0	0	6379	6454	76	1	3.94e-30	141
CFAV-Macapa2_Brazil_2017	SRA:ERX240774.11374941.1	100.000	76	0	0	1001	1076	76	1	3.94e-30	141
CFAV-Macapa2_Brazil_2017	SRA:ERX240774.4871634.1	100.000	76	0	0	1001	1076	76	1	3.94e-30	141
CFAV-Macapa2_Brazil_2017	SRA:ERX240774.4319421.1	100.000	76	0	0	5015	5090	1	76	3.94e-30	141
CFAV-Macapa2_Brazil_2017	SRA:ERX240774.32320401.1	98.684	76	1	0	6320	6395	76	1	1.84e-28	135
CFAV-Macapa2_Brazil_2017	SRA:ERX240774.30979391.1	98.684	76	1	0	914	989	1	76	1.84e-28	135
CFAV-Macapa2_Brazil_2017	SRA:ERX240774.30879960.1	98.684	76	1	0	3299	3374	1	76	1.84e-28	135
CFAV-Macapa2_Brazil_2017	SRA:ERX240774.29643252.1	98.684	76	1	0	946	1021	1	76	1.84e-28	135
CFAV-Macapa2_Brazil_2017	SRA:ERX240774.25969893.1	98.684	76	1	0	5004	5079	1	76	1.84e-28	135
CFAV-Macapa2_Brazil_2017	SRA:ERX240774.19086411.1	98.684	76	1	0	1963	2038	76	1	1.84e-28	135
CFAV-Macapa2_Brazil_2017	SRA:ERX240774.14341654.1	98.684	76	1	0	3785	3860	76	1	1.84e-28	135
CFAV-Macapa2_Brazil_2017	SRA:ERX240774.14034817.1	98.684	76	1	0	6311	6386	76	1	1.84e-28	135
CFAV-Macapa2_Brazil_2017	SRA:ERX240774.11399562.1	98.684	76	1	0	3672	3747	1	76	1.84e-28	135
CFAV-Macapa2_Brazil_2017	SRA:ERX240774.11257715.1	98.684	76	1	0	987	1062	1	76	1.84e-28	135
CFAV-Macapa2_Brazil_2017	SRA:ERX240774.9893342.1	98.684	76	1	0	5008	5083	1	76	1.84e-28	135
CFAV-Macapa2_Brazil_2017	SRA:ERX240774.7644120.1	98.684	76	1	0	3670	3745	1	76	1.84e-28	135
CFAV-Macapa2_Brazil_2017	SRA:ERX240774.7100687.1	98.684	76	1	0	2870	2945	1	76	1.84e-28	135
CFAV-Macapa2_Brazil_2017	SRA:ERX240774.7066978.1	98.684	76	1	0	6338	6413	76	1	1.84e-28	135
CFAV-Macapa2_Brazil_2017	SRA:ERX240774.5966386.1	98.684	76	1	0	2841	2916	1	76	1.84e-28	135
CFAV-Macapa2_Brazil_2017	SRA:ERX240774.5076421.1	98.684	76	1	0	5266	5341	1	76	1.84e-28	135
CFAV-Macapa2_Brazil_2017	SRA:ERX240774.2970695.1	98.684	76	1	0	3670	3745	1	76	1.84e-28	135
CFAV-Macapa2_Brazil_2017	SRA:ERX240774.2035565.1	98.684	76	1	0	2865	2940	76	1	1.84e-28	135
CFAV-Macapa2_Brazil_2017	SRA:ERX240774.1283134.1	98.684	76	1	0	5787	5862	1	76	1.84e-28	135
CFAV-Macapa2_Brazil_2017	SRA:ERX240774.608443.1	98.684	76	1	0	3299	3374	1	76	1.84e-28	135
CFAV-Macapa2_Brazil_2017	SRA:ERX240774.173633.1	98.684	76	1	0	940	1015	1	76	1.84e-28	135
CFAV-Macapa2_Brazil_2017	SRA:ERX240774.11266815.1	98.667	75	1	0	1856	1930	75	1	6.60e-28	134
CFAV-Macapa2_Brazil_2017	SRA:ERX240774.2053136.1	98.649	74	1	0	3488	3561	74	1	2.37e-27	132
CFAV-Macapa2_Brazil_2017	SRA:ERX240774.31938993.1	97.368	76	2	0	5800	5875	1	76	8.54e-27	130
CFAV-Macapa2_Brazil_2017	SRA:ERX240774.30415894.1	97.368	76	2	0	3703	3778	1	76	8.54e-27	130
CFAV-Macapa2_Brazil_2017	SRA:ERX240774.28896073.1	97.368	76	2	0	5814	5889	1	76	8.54e-27	130
CFAV-Macapa2_Brazil_2017	SRA:ERX240774.28195833.1	97.368	76	2	0	3586	3661	76	1	8.54e-27	130
CFAV-Macapa2_Brazil_2017	SRA:ERX240774.26850118.1	97.368	76	2	0	4313	4388	76	1	8.54e-27	130
CFAV-Macapa2_Brazil_2017	SRA:ERX240774.25627430.1	97.368	76	2	0	5686	5761	1	76	8.54e-27	130
CFAV-Macapa2_Brazil_2017	SRA:ERX240774.22201729.1	97.368	76	2	0	5902	5977	76	1	8.54e-27	130
CFAV-Macapa2_Brazil_2017	SRA:ERX240774.19839829.1	97.368	76	2	0	4320	4395	76	1	8.54e-27	130
CFAV-Macapa2_Brazil_2017	SRA:ERX240774.19160407.1	97.368	76	2	0	3261	3336	1	76	8.54e-27	130
CFAV-Macapa2_Brazil_2017	SRA:ERX240774.16417688.1	97.368	76	2	0	5036	5111	1	76	8.54e-27	130
CFAV-Macapa2_Brazil_2017	SRA:ERX240774.15578126.1	97.368	76	2	0	5326	5401	76	1	8.54e-27	130
CFAV-Macapa2_Brazil_2017	SRA:ERX240774.13313112.1	97.368	76	2	0	3328	3403	1	76	8.54e-27	130
CFAV-Macapa2_Brazil_2017	SRA:ERX240774.12080006.1	97.368	76	2	0	3703	3778	1	76	8.54e-27	130
CFAV-Macapa2_Brazil_2017	SRA:ERX240774.7659640.1	97.368	76	2	0	3328	3403	1	76	8.54e-27	130
CFAV-Macapa2_Brazil_2017	SRA:ERX240774.484113.1	97.368	76	2	0	2583	2658	1	76	8.54e-27	130
CFAV-Macapa2_Brazil_2017	SRA:ERX240774.26898196.1	98.611	72	1	0	6331	6402	72	1	3.07e-26	128
CFAV-Macapa2_Brazil_2017	SRA:ERX240774.8677808.1	97.333	75	2	0	5715	5789	2	76	3.07e-26	128
CFAV-Macapa2_Brazil_2017	SRA:ERX240774.26198953.1	97.260	73	2	0	3414	3486	73	1	3.97e-25	124
CFAV-Macapa2_Brazil_2017	SRA:ERX240774.17529197.1	96.053	76	3	0	5097	5172	1	76	3.97e-25	124
CFAV-Macapa2_Brazil_2017	SRA:ERX240774.16714653.1	96.053	76	3	0	3442	3517	1	76	3.97e-25	124
CFAV-Macapa2_Brazil_2017	SRA:ERX240774.12857171.1	96.053	76	3	0	2005	2080	76	1	3.97e-25	124
CFAV-Macapa2_Brazil_2017	SRA:ERX240774.11769378.1	96.053	76	3	0	3374	3449	1	76	3.97e-25	124
CFAV-Macapa2_Brazil_2017	SRA:ERX240774.10356057.1	96.053	76	3	0	5101	5176	1	76	3.97e-25	124
CFAV-Macapa2_Brazil_2017	SRA:ERX240774.3104901.1	96.053	76	3	0	6441	6516	76	1	3.97e-25	124
CFAV-Macapa2_Brazil_2017	SRA:ERX240774.19522558.1	96.000	75	3	0	6089	6163	2	76	1.43e-24	122
CFAV-Macapa2_Brazil_2017	SRA:ERX240774.25358747.1	94.737	76	4	0	1923	1998	76	1	1.85e-23	119
CFAV-Macapa2_Brazil_2017	SRA:ERX240774.22810377.1	94.737	76	4	0	2132	2207	76	1	1.85e-23	119
CFAV-Macapa2_Brazil_2017	SRA:ERX240774.22761345.1	94.737	76	4	0	2440	2515	76	1	1.85e-23	119
CFAV-Macapa2_Brazil_2017	SRA:ERX240774.15362275.1	94.737	76	4	0	6181	6256	1	76	1.85e-23	119
CFAV-Macapa2_Brazil_2017	SRA:ERX240774.13708911.1	94.737	76	4	0	3637	3712	1	76	1.85e-23	119
CFAV-Macapa2_Brazil_2017	SRA:ERX240774.9968308.1	94.737	76	4	0	2439	2514	76	1	1.85e-23	119
CFAV-Macapa2_Brazil_2017	SRA:ERX240774.4794612.1	94.737	76	4	0	2434	2509	76	1	1.85e-23	119
CFAV-Macapa2_Brazil_2017	SRA:ERX240774.28106388.1	93.421	76	5	0	6083	6158	1	76	8.60e-22	113
CFAV-Macapa2_Brazil_2017	SRA:ERX240774.14739054.1	96.923	65	2	0	3017	3081	1	65	1.11e-20	110
CFAV-Macapa2_Brazil_2017	SRA:ERX240774.934775.1	96.875	64	2	0	5616	5679	1	64	4.00e-20	108
CFAV-Macapa2_Brazil_2017	SRA:ERX240774.22171956.1	94.286	70	3	1	4599	4667	1	70	1.44e-19	106
CFAV-Macapa2_Brazil_2017	SRA:ERX240774.26841068.1	100.000	56	0	0	3579	3634	56	1	5.18e-19	104
CFAV-Macapa2_Brazil_2017	SRA:ERX240774.6854101.1	93.750	64	4	0	4953	5016	13	76	8.66e-17	97.1
CFAV-Macapa2_Brazil_2017	SRA:ERX240774.122545.1	93.750	64	4	0	4953	5016	13	76	8.66e-17	97.1
CFAV-Macapa2_Brazil_2017	SRA:ERX240774.28475904.1	95.000	60	3	0	2033	2092	1	60	3.11e-16	95.3
CFAV-KC_Cambodia_2015	SRA:ERX240774.11399562.1	100.000	76	0	0	3683	3758	1	76	3.95e-30	141
CFAV-KC_Cambodia_2015	SRA:ERX240774.7644120.1	100.000	76	0	0	3681	3756	1	76	3.95e-30	141
CFAV-KC_Cambodia_2015	SRA:ERX240774.2970695.1	100.000	76	0	0	3681	3756	1	76	3.95e-30	141
CFAV-KC_Cambodia_2015	SRA:ERX240774.32320401.1	98.684	76	1	0	6331	6406	76	1	1.84e-28	135
CFAV-KC_Cambodia_2015	SRA:ERX240774.30979391.1	98.684	76	1	0	925	1000	1	76	1.84e-28	135
CFAV-KC_Cambodia_2015	SRA:ERX240774.30415894.1	98.684	76	1	0	3714	3789	1	76	1.84e-28	135
CFAV-KC_Cambodia_2015	SRA:ERX240774.24008582.1	98.684	76	1	0	1015	1090	1	76	1.84e-28	135
CFAV-KC_Cambodia_2015	SRA:ERX240774.22201729.1	98.684	76	1	0	5913	5988	76	1	1.84e-28	135
CFAV-KC_Cambodia_2015	SRA:ERX240774.14341654.1	98.684	76	1	0	3796	3871	76	1	1.84e-28	135
CFAV-KC_Cambodia_2015	SRA:ERX240774.14034817.1	98.684	76	1	0	6322	6397	76	1	1.84e-28	135
CFAV-KC_Cambodia_2015	SRA:ERX240774.12080006.1	98.684	76	1	0	3714	3789	1	76	1.84e-28	135
CFAV-KC_Cambodia_2015	SRA:ERX240774.11374941.1	98.684	76	1	0	1012	1087	76	1	1.84e-28	135
CFAV-KC_Cambodia_2015	SRA:ERX240774.5966386.1	98.684	76	1	0	2852	2927	1	76	1.84e-28	135
CFAV-KC_Cambodia_2015	SRA:ERX240774.4871634.1	98.684	76	1	0	1012	1087	76	1	1.84e-28	135
CFAV-KC_Cambodia_2015	SRA:ERX240774.1283134.1	98.684	76	1	0	5798	5873	1	76	1.84e-28	135
CFAV-KC_Cambodia_2015	SRA:ERX240774.173633.1	98.684	76	1	0	951	1026	1	76	1.84e-28	135
CFAV-KC_Cambodia_2015	SRA:ERX240774.29643252.1	98.667	75	1	0	957	1031	1	75	6.61e-28	134
CFAV-KC_Cambodia_2015	SRA:ERX240774.28195833.1	97.368	76	2	0	3597	3672	76	1	8.55e-27	130
CFAV-KC_Cambodia_2015	SRA:ERX240774.25969893.1	97.368	76	2	0	5015	5090	1	76	8.55e-27	130
CFAV-KC_Cambodia_2015	SRA:ERX240774.20180654.1	97.368	76	2	0	791	866	1	76	8.55e-27	130
CFAV-KC_Cambodia_2015	SRA:ERX240774.19160407.1	98.630	73	1	0	3272	3344	1	73	8.55e-27	130
CFAV-KC_Cambodia_2015	SRA:ERX240774.18410298.1	97.368	76	2	0	784	859	1	76	8.55e-27	130
CFAV-KC_Cambodia_2015	SRA:ERX240774.16714653.1	97.368	76	2	0	3453	3528	1	76	8.55e-27	130
CFAV-KC_Cambodia_2015	SRA:ERX240774.15362275.1	97.368	76	2	0	6192	6267	1	76	8.55e-27	130
CFAV-KC_Cambodia_2015	SRA:ERX240774.13708911.1	97.368	76	2	0	3648	3723	1	76	8.55e-27	130
CFAV-KC_Cambodia_2015	SRA:ERX240774.11257715.1	97.368	76	2	0	998	1073	1	76	8.55e-27	130
CFAV-KC_Cambodia_2015	SRA:ERX240774.9893342.1	97.368	76	2	0	5019	5094	1	76	8.55e-27	130
CFAV-KC_Cambodia_2015	SRA:ERX240774.7066978.1	97.368	76	2	0	6349	6424	76	1	8.55e-27	130
CFAV-KC_Cambodia_2015	SRA:ERX240774.5076421.1	97.368	76	2	0	5277	5352	1	76	8.55e-27	130
CFAV-KC_Cambodia_2015	SRA:ERX240774.4319421.1	97.368	76	2	0	5026	5101	1	76	8.55e-27	130
CFAV-KC_Cambodia_2015	SRA:ERX240774.2053136.1	97.368	76	2	0	3497	3572	76	1	8.55e-27	130
CFAV-KC_Cambodia_2015	SRA:ERX240774.2035565.1	97.368	76	2	0	2876	2951	76	1	8.55e-27	130
CFAV-KC_Cambodia_2015	SRA:ERX240774.600432.1	97.368	76	2	0	5186	5261	1	76	8.55e-27	130
CFAV-KC_Cambodia_2015	SRA:ERX240774.484113.1	97.368	76	2	0	2594	2669	1	76	8.55e-27	130
CFAV-KC_Cambodia_2015	SRA:ERX240774.31938993.1	97.333	75	2	0	5811	5885	1	75	3.07e-26	128
CFAV-KC_Cambodia_2015	SRA:ERX240774.19086411.1	97.333	75	2	0	1975	2049	75	1	3.07e-26	128
CFAV-KC_Cambodia_2015	SRA:ERX240774.8677808.1	97.333	75	2	0	5726	5800	2	76	3.07e-26	128
CFAV-KC_Cambodia_2015	SRA:ERX240774.17529197.1	97.297	74	2	0	5110	5183	3	76	1.11e-25	126
CFAV-KC_Cambodia_2015	SRA:ERX240774.19839829.1	96.053	76	3	0	4331	4406	76	1	3.98e-25	124
CFAV-KC_Cambodia_2015	SRA:ERX240774.16417688.1	96.053	76	3	0	5047	5122	1	76	3.98e-25	124
CFAV-KC_Cambodia_2015	SRA:ERX240774.10702310.1	96.053	76	3	0	6215	6290	76	1	3.98e-25	124
CFAV-KC_Cambodia_2015	SRA:ERX240774.10356057.1	96.053	76	3	0	5112	5187	1	76	3.98e-25	124
CFAV-KC_Cambodia_2015	SRA:ERX240774.7100687.1	96.053	76	3	0	2881	2956	1	76	3.98e-25	124
CFAV-KC_Cambodia_2015	SRA:ERX240774.26898196.1	97.222	72	2	0	6342	6413	72	1	1.43e-24	122
CFAV-KC_Cambodia_2015	SRA:ERX240774.23104692.1	96.000	75	3	0	6030	6104	2	76	1.43e-24	122
CFAV-KC_Cambodia_2015	SRA:ERX240774.22520721.1	96.000	75	3	0	4476	4550	76	2	1.43e-24	122
CFAV-KC_Cambodia_2015	SRA:ERX240774.16765992.1	97.222	72	2	0	6216	6287	1	72	1.43e-24	122
CFAV-KC_Cambodia_2015	SRA:ERX240774.13772091.1	96.000	75	3	0	6390	6464	76	2	1.43e-24	122
CFAV-KC_Cambodia_2015	SRA:ERX240774.19522558.1	95.946	74	3	0	6100	6173	2	75	5.14e-24	121
CFAV-KC_Cambodia_2015	SRA:ERX240774.28896073.1	94.737	76	4	0	5825	5900	1	76	1.85e-23	119
CFAV-KC_Cambodia_2015	SRA:ERX240774.28106388.1	94.737	76	4	0	6094	6169	1	76	1.85e-23	119
CFAV-KC_Cambodia_2015	SRA:ERX240774.26850118.1	95.890	73	3	0	4327	4399	73	1	1.85e-23	119
CFAV-KC_Cambodia_2015	SRA:ERX240774.25627430.1	94.737	76	4	0	5697	5772	1	76	1.85e-23	119
CFAV-KC_Cambodia_2015	SRA:ERX240774.4296959.1	94.737	76	4	0	2049	2124	76	1	1.85e-23	119
CFAV-KC_Cambodia_2015	SRA:ERX240774.3104901.1	94.737	76	4	0	6452	6527	76	1	1.85e-23	119
CFAV-KC_Cambodia_2015	SRA:ERX240774.22761345.1	94.667	75	4	0	2452	2526	75	1	6.66e-23	117
CFAV-KC_Cambodia_2015	SRA:ERX240774.11266815.1	94.667	75	4	0	1866	1940	76	2	6.66e-23	117
CFAV-KC_Cambodia_2015	SRA:ERX240774.4794612.1	95.833	72	3	0	2445	2516	76	5	6.66e-23	117
CFAV-KC_Cambodia_2015	SRA:ERX240774.20138601.1	95.775	71	3	0	2437	2507	71	1	2.39e-22	115
CFAV-KC_Cambodia_2015	SRA:ERX240774.9968308.1	94.595	74	4	0	2452	2525	74	1	2.39e-22	115
CFAV-KC_Cambodia_2015	SRA:ERX240774.8735714.1	94.595	74	4	0	6239	6312	76	3	2.39e-22	115
CFAV-KC_Cambodia_2015	SRA:ERX240774.8712018.1	94.595	74	4	0	6239	6312	76	3	2.39e-22	115
CFAV-KC_Cambodia_2015	SRA:ERX240774.11769378.1	93.421	76	5	0	3385	3460	1	76	8.61e-22	113
CFAV-KC_Cambodia_2015	SRA:ERX240774.22810377.1	93.333	75	5	0	2144	2218	75	1	3.10e-21	111
CFAV-KC_Cambodia_2015	SRA:ERX240774.22171956.1	95.714	70	2	1	4610	4678	1	70	3.10e-21	111
CFAV-KC_Cambodia_2015	SRA:ERX240774.23836315.1	92.105	76	6	0	2087	2162	76	1	4.01e-20	108
CFAV-KC_Cambodia_2015	SRA:ERX240774.14739054.1	92.105	76	6	0	3028	3103	1	76	4.01e-20	108
CFAV-KC_Cambodia_2015	SRA:ERX240774.934775.1	95.312	64	3	0	5627	5690	1	64	1.86e-18	102
CFAV-KC_Cambodia_2015	SRA:ERX240774.26841068.1	98.214	56	1	0	3590	3645	56	1	2.41e-17	99.0
CFAV-KC_Cambodia_2015	SRA:ERX240774.31306900.1	97.872	47	0	1	4633	4678	2	48	8.73e-12	80.5
CFAV-KC_Cambodia_2015	SRA:ERX240774.3367181.1	97.872	47	0	1	4633	4678	76	30	8.73e-12	80.5
CFAV-KC_Cambodia_2015	SRA:ERX240774.14282515.1	97.619	42	0	1	886	926	2	43	5.26e-09	71.3
CFAV-Zik_Uganda_2016	SRA:ERX240774.17529197.1	100.000	76	0	0	5108	5183	1	76	3.95e-30	141
CFAV-Zik_Uganda_2016	SRA:ERX240774.16714653.1	100.000	76	0	0	3453	3528	1	76	3.95e-30	141
CFAV-Zik_Uganda_2016	SRA:ERX240774.11399562.1	100.000	76	0	0	3683	3758	1	76	3.95e-30	141
CFAV-Zik_Uganda_2016	SRA:ERX240774.10356057.1	100.000	76	0	0	5112	5187	1	76	3.95e-30	141
CFAV-Zik_Uganda_2016	SRA:ERX240774.7644120.1	100.000	76	0	0	3681	3756	1	76	3.95e-30	141
CFAV-Zik_Uganda_2016	SRA:ERX240774.2970695.1	100.000	76	0	0	3681	3756	1	76	3.95e-30	141
CFAV-Zik_Uganda_2016	SRA:ERX240774.1283134.1	100.000	76	0	0	5798	5873	1	76	3.95e-30	141
CFAV-Zik_Uganda_2016	SRA:ERX240774.30415894.1	98.684	76	1	0	3714	3789	1	76	1.84e-28	135
CFAV-Zik_Uganda_2016	SRA:ERX240774.28195833.1	98.684	76	1	0	3597	3672	76	1	1.84e-28	135
CFAV-Zik_Uganda_2016	SRA:ERX240774.22201729.1	98.684	76	1	0	5913	5988	76	1	1.84e-28	135
CFAV-Zik_Uganda_2016	SRA:ERX240774.16417688.1	98.684	76	1	0	5047	5122	1	76	1.84e-28	135
CFAV-Zik_Uganda_2016	SRA:ERX240774.14341654.1	98.684	76	1	0	3796	3871	76	1	1.84e-28	135
CFAV-Zik_Uganda_2016	SRA:ERX240774.13313112.1	98.684	76	1	0	3339	3414	1	76	1.84e-28	135
CFAV-Zik_Uganda_2016	SRA:ERX240774.12080006.1	98.684	76	1	0	3714	3789	1	76	1.84e-28	135
CFAV-Zik_Uganda_2016	SRA:ERX240774.7659640.1	98.684	76	1	0	3339	3414	1	76	1.84e-28	135
CFAV-Zik_Uganda_2016	SRA:ERX240774.5076421.1	98.684	76	1	0	5277	5352	1	76	1.84e-28	135
CFAV-Zik_Uganda_2016	SRA:ERX240774.600432.1	98.684	76	1	0	5186	5261	1	76	1.84e-28	135
CFAV-Zik_Uganda_2016	SRA:ERX240774.31938993.1	98.667	75	1	0	5811	5885	1	75	6.61e-28	134
CFAV-Zik_Uganda_2016	SRA:ERX240774.19522558.1	98.667	75	1	0	6100	6174	2	76	6.61e-28	134
CFAV-Zik_Uganda_2016	SRA:ERX240774.31571090.1	97.368	76	2	0	5307	5382	76	1	8.55e-27	130
CFAV-Zik_Uganda_2016	SRA:ERX240774.30979391.1	97.368	76	2	0	925	1000	1	76	8.55e-27	130
CFAV-Zik_Uganda_2016	SRA:ERX240774.30879960.1	97.368	76	2	0	3310	3385	1	76	8.55e-27	130
CFAV-Zik_Uganda_2016	SRA:ERX240774.28896073.1	97.368	76	2	0	5825	5900	1	76	8.55e-27	130
CFAV-Zik_Uganda_2016	SRA:ERX240774.26198953.1	98.630	73	1	0	3425	3497	73	1	8.55e-27	130
CFAV-Zik_Uganda_2016	SRA:ERX240774.25969893.1	97.368	76	2	0	5015	5090	1	76	8.55e-27	130
CFAV-Zik_Uganda_2016	SRA:ERX240774.23836315.1	97.368	76	2	0	2087	2162	76	1	8.55e-27	130
CFAV-Zik_Uganda_2016	SRA:ERX240774.20180654.1	97.368	76	2	0	791	866	1	76	8.55e-27	130
CFAV-Zik_Uganda_2016	SRA:ERX240774.19160407.1	97.368	76	2	0	3272	3347	1	76	8.55e-27	130
CFAV-Zik_Uganda_2016	SRA:ERX240774.18410298.1	97.368	76	2	0	784	859	1	76	8.55e-27	130
CFAV-Zik_Uganda_2016	SRA:ERX240774.14739054.1	97.368	76	2	0	3028	3103	1	76	8.55e-27	130
CFAV-Zik_Uganda_2016	SRA:ERX240774.13772091.1	97.368	76	2	0	6390	6465	76	1	8.55e-27	130
CFAV-Zik_Uganda_2016	SRA:ERX240774.13708911.1	97.368	76	2	0	3648	3723	1	76	8.55e-27	130
CFAV-Zik_Uganda_2016	SRA:ERX240774.11257715.1	97.368	76	2	0	998	1073	1	76	8.55e-27	130
CFAV-Zik_Uganda_2016	SRA:ERX240774.9893342.1	97.368	76	2	0	5019	5094	1	76	8.55e-27	130
CFAV-Zik_Uganda_2016	SRA:ERX240774.7100687.1	97.368	76	2	0	2881	2956	1	76	8.55e-27	130
CFAV-Zik_Uganda_2016	SRA:ERX240774.4319421.1	97.368	76	2	0	5026	5101	1	76	8.55e-27	130
CFAV-Zik_Uganda_2016	SRA:ERX240774.3104901.1	97.368	76	2	0	6452	6527	76	1	8.55e-27	130
CFAV-Zik_Uganda_2016	SRA:ERX240774.2053136.1	97.368	76	2	0	3497	3572	76	1	8.55e-27	130
CFAV-Zik_Uganda_2016	SRA:ERX240774.2035565.1	97.368	76	2	0	2876	2951	76	1	8.55e-27	130
CFAV-Zik_Uganda_2016	SRA:ERX240774.608443.1	97.368	76	2	0	3310	3385	1	76	8.55e-27	130
CFAV-Zik_Uganda_2016	SRA:ERX240774.484113.1	97.368	76	2	0	2594	2669	1	76	8.55e-27	130
CFAV-Zik_Uganda_2016	SRA:ERX240774.173633.1	97.368	76	2	0	951	1026	1	76	8.55e-27	130
CFAV-Zik_Uganda_2016	SRA:ERX240774.14034817.1	97.297	74	2	0	6322	6395	76	3	1.11e-25	126
CFAV-Zik_Uganda_2016	SRA:ERX240774.31556535.1	96.053	76	3	0	6064	6139	76	1	3.98e-25	124
CFAV-Zik_Uganda_2016	SRA:ERX240774.31148152.1	96.053	76	3	0	3200	3275	1	76	3.98e-25	124
CFAV-Zik_Uganda_2016	SRA:ERX240774.29643252.1	96.053	76	3	0	957	1032	1	76	3.98e-25	124
CFAV-Zik_Uganda_2016	SRA:ERX240774.28357178.1	96.053	76	3	0	6071	6146	1	76	3.98e-25	124
CFAV-Zik_Uganda_2016	SRA:ERX240774.28106388.1	96.053	76	3	0	6094	6169	1	76	3.98e-25	124
CFAV-Zik_Uganda_2016	SRA:ERX240774.24008582.1	96.053	76	3	0	1015	1090	1	76	3.98e-25	124
CFAV-Zik_Uganda_2016	SRA:ERX240774.15578126.1	96.053	76	3	0	5337	5412	76	1	3.98e-25	124
CFAV-Zik_Uganda_2016	SRA:ERX240774.15362275.1	96.053	76	3	0	6192	6267	1	76	3.98e-25	124
CFAV-Zik_Uganda_2016	SRA:ERX240774.11769378.1	96.053	76	3	0	3385	3460	1	76	3.98e-25	124
CFAV-Zik_Uganda_2016	SRA:ERX240774.11374941.1	96.053	76	3	0	1012	1087	76	1	3.98e-25	124
CFAV-Zik_Uganda_2016	SRA:ERX240774.8735714.1	96.053	76	3	0	6239	6314	76	1	3.98e-25	124
CFAV-Zik_Uganda_2016	SRA:ERX240774.8712018.1	96.053	76	3	0	6239	6314	76	1	3.98e-25	124
CFAV-Zik_Uganda_2016	SRA:ERX240774.5966386.1	97.260	73	2	0	2852	2924	1	73	3.98e-25	124
CFAV-Zik_Uganda_2016	SRA:ERX240774.4871634.1	96.053	76	3	0	1012	1087	76	1	3.98e-25	124
CFAV-Zik_Uganda_2016	SRA:ERX240774.4296959.1	96.053	76	3	0	2049	2124	76	1	3.98e-25	124
CFAV-Zik_Uganda_2016	SRA:ERX240774.4249755.1	96.053	76	3	0	3194	3269	76	1	3.98e-25	124
CFAV-Zik_Uganda_2016	SRA:ERX240774.334208.1	96.053	76	3	0	6057	6132	76	1	3.98e-25	124
CFAV-Zik_Uganda_2016	SRA:ERX240774.22171956.1	98.571	70	0	1	4610	4678	1	70	1.43e-24	122
CFAV-Zik_Uganda_2016	SRA:ERX240774.8677808.1	96.000	75	3	0	5726	5800	2	76	1.43e-24	122
CFAV-Zik_Uganda_2016	SRA:ERX240774.32320401.1	95.946	74	3	0	6331	6404	76	3	5.14e-24	121
CFAV-Zik_Uganda_2016	SRA:ERX240774.22810377.1	94.737	76	4	0	2143	2218	76	1	1.85e-23	119
CFAV-Zik_Uganda_2016	SRA:ERX240774.20138601.1	94.737	76	4	0	2432	2507	76	1	1.85e-23	119
CFAV-Zik_Uganda_2016	SRA:ERX240774.16765992.1	94.737	76	4	0	6216	6291	1	76	1.85e-23	119
CFAV-Zik_Uganda_2016	SRA:ERX240774.12857171.1	94.737	76	4	0	2016	2091	76	1	1.85e-23	119
CFAV-Zik_Uganda_2016	SRA:ERX240774.10702310.1	94.737	76	4	0	6215	6290	76	1	1.85e-23	119
CFAV-Zik_Uganda_2016	SRA:ERX240774.4794612.1	94.737	76	4	0	2445	2520	76	1	1.85e-23	119
CFAV-Zik_Uganda_2016	SRA:ERX240774.23104692.1	94.667	75	4	0	6030	6104	2	76	6.66e-23	117
CFAV-Zik_Uganda_2016	SRA:ERX240774.26850118.1	93.421	76	5	0	4324	4399	76	1	8.61e-22	113
CFAV-Zik_Uganda_2016	SRA:ERX240774.19839829.1	93.421	76	5	0	4331	4406	76	1	8.61e-22	113
CFAV-Zik_Uganda_2016	SRA:ERX240774.6854101.1	98.438	64	1	0	4964	5027	13	76	8.61e-22	113
CFAV-Zik_Uganda_2016	SRA:ERX240774.122545.1	98.438	64	1	0	4964	5027	13	76	8.61e-22	113
CFAV-Zik_Uganda_2016	SRA:ERX240774.934775.1	96.875	64	2	0	5627	5690	1	64	4.01e-20	108
CFAV-Zik_Uganda_2016	SRA:ERX240774.26841068.1	100.000	56	0	0	3590	3645	56	1	5.18e-19	104
CFAV-Zik_Uganda_2016	SRA:ERX240774.31306900.1	97.917	48	0	1	4632	4678	1	48	2.43e-12	82.4
CFAV-Zik_Uganda_2016	SRA:ERX240774.3367181.1	97.872	47	0	1	4633	4678	76	30	8.73e-12	80.5
CFAV-Zik_Uganda_2016	SRA:ERX240774.15589378.1	97.143	35	1	0	4964	4998	42	76	1.14e-05	60.2
CFAV-Zik_Uganda_2016	SRA:ERX240774.8743683.1	97.143	35	1	0	4964	4998	42	76	1.14e-05	60.2
