CFAV-Bangkok_Thailand_2015	SRA:ERX240767.28150068.1	100.000	76	0	0	3903	3978	1	76	3.62e-30	141
CFAV-Bangkok_Thailand_2015	SRA:ERX240767.21991208.1	100.000	76	0	0	3573	3648	1	76	3.62e-30	141
CFAV-Bangkok_Thailand_2015	SRA:ERX240767.12629038.1	100.000	76	0	0	3903	3978	1	76	3.62e-30	141
CFAV-Bangkok_Thailand_2015	SRA:ERX240767.8144985.1	100.000	74	0	0	2062	2135	74	1	4.69e-29	137
CFAV-Bangkok_Thailand_2015	SRA:ERX240767.22186568.1	98.684	76	1	0	3681	3756	76	1	1.69e-28	135
CFAV-Bangkok_Thailand_2015	SRA:ERX240767.20214369.1	98.684	76	1	0	3683	3758	76	1	1.69e-28	135
CFAV-Bangkok_Thailand_2015	SRA:ERX240767.8820776.1	98.684	76	1	0	3886	3961	76	1	1.69e-28	135
CFAV-Bangkok_Thailand_2015	SRA:ERX240767.8584890.1	98.684	76	1	0	3683	3758	76	1	1.69e-28	135
CFAV-Bangkok_Thailand_2015	SRA:ERX240767.3268968.1	98.684	76	1	0	3683	3758	76	1	1.69e-28	135
CFAV-Bangkok_Thailand_2015	SRA:ERX240767.29292760.1	97.368	76	2	0	3886	3961	76	1	7.85e-27	130
CFAV-Bangkok_Thailand_2015	SRA:ERX240767.26974641.1	97.368	76	2	0	3446	3521	76	1	7.85e-27	130
CFAV-Bangkok_Thailand_2015	SRA:ERX240767.25981468.1	97.368	76	2	0	2037	2112	76	1	7.85e-27	130
CFAV-Bangkok_Thailand_2015	SRA:ERX240767.25177887.1	97.368	76	2	0	6257	6332	76	1	7.85e-27	130
CFAV-Bangkok_Thailand_2015	SRA:ERX240767.19580676.1	97.368	76	2	0	4329	4404	76	1	7.85e-27	130
CFAV-Bangkok_Thailand_2015	SRA:ERX240767.16181316.1	97.368	76	2	0	3182	3257	1	76	7.85e-27	130
CFAV-Bangkok_Thailand_2015	SRA:ERX240767.3806798.1	97.368	76	2	0	3082	3157	76	1	7.85e-27	130
CFAV-Bangkok_Thailand_2015	SRA:ERX240767.29093614.1	96.053	76	3	0	2767	2842	1	76	3.65e-25	124
CFAV-Bangkok_Thailand_2015	SRA:ERX240767.27249654.1	96.053	76	3	0	6269	6344	1	76	3.65e-25	124
CFAV-Bangkok_Thailand_2015	SRA:ERX240767.25521440.1	96.053	76	3	0	5312	5387	76	1	3.65e-25	124
CFAV-Bangkok_Thailand_2015	SRA:ERX240767.14528758.1	96.053	76	3	0	6055	6130	1	76	3.65e-25	124
CFAV-Bangkok_Thailand_2015	SRA:ERX240767.12238347.1	96.053	76	3	0	5476	5551	76	1	3.65e-25	124
CFAV-Bangkok_Thailand_2015	SRA:ERX240767.10350537.1	96.053	76	3	0	924	999	1	76	3.65e-25	124
CFAV-Bangkok_Thailand_2015	SRA:ERX240767.7985171.1	96.053	76	3	0	5547	5622	76	1	3.65e-25	124
CFAV-Bangkok_Thailand_2015	SRA:ERX240767.9352224.1	100.000	66	0	0	1022	1087	1	66	1.31e-24	122
CFAV-Bangkok_Thailand_2015	SRA:ERX240767.25288162.1	94.737	76	4	0	4399	4474	76	1	1.70e-23	119
CFAV-Bangkok_Thailand_2015	SRA:ERX240767.23607700.1	94.805	77	3	1	2036	2112	76	1	1.70e-23	119
CFAV-Bangkok_Thailand_2015	SRA:ERX240767.23487078.1	97.059	68	2	0	2211	2278	76	9	2.20e-22	115
CFAV-Bangkok_Thailand_2015	SRA:ERX240767.22438489.1	96.923	65	1	1	4591	4655	1	64	3.68e-20	108
CFAV-Bangkok_Thailand_2015	SRA:ERX240767.16647249.1	95.588	68	1	1	7413	7478	76	9	3.68e-20	108
CFAV-Bangkok_Thailand_2015	SRA:ERX240767.13956338.1	96.923	65	1	1	4591	4655	1	64	3.68e-20	108
CFAV-Bangkok_Thailand_2015	SRA:ERX240767.12495051.1	92.105	76	6	0	4125	4200	1	76	3.68e-20	108
CFAV-Bangkok_Thailand_2015	SRA:ERX240767.73785.1	92.105	76	6	0	3334	3409	1	76	3.68e-20	108
CFAV-Bangkok_Thailand_2015	SRA:ERX240767.12605583.1	93.056	72	5	0	4134	4205	5	76	1.32e-19	106
CFAV-Bangkok_Thailand_2015	SRA:ERX240767.2109728.1	93.056	72	5	0	4134	4205	5	76	1.32e-19	106
CFAV-Bangkok_Thailand_2015	SRA:ERX240767.4576471.1	96.721	61	2	0	5693	5753	1	61	1.71e-18	102
CFAV-Bangkok_Thailand_2015	SRA:ERX240767.5700393.1	98.148	54	1	0	4012	4065	1	54	2.86e-16	95.3
CFAV-Bangkok_Thailand_2015	SRA:ERX240767.1802322.1	98.039	51	1	0	3761	3811	76	26	1.33e-14	89.8
CFAV-Bangkok_Thailand_2015	SRA:ERX240767.10335358.1	97.436	39	1	0	5347	5385	39	1	6.24e-08	67.6
CFAV-Bangkok_Thailand_2015	SRA:ERX240767.25230547.1	97.143	35	1	0	6401	6435	35	1	1.04e-05	60.2
CFAV-Bangkok_Thailand_2015	SRA:ERX240767.3503646.1	100.000	30	0	0	1058	1087	1	30	1.35e-04	56.5
NC_001564	SRA:ERX240767.29093614.1	100.000	76	0	0	2774	2849	1	76	3.63e-30	141
NC_001564	SRA:ERX240767.21991208.1	100.000	76	0	0	3580	3655	1	76	3.63e-30	141
NC_001564	SRA:ERX240767.12238347.1	100.000	76	0	0	5483	5558	76	1	3.63e-30	141
NC_001564	SRA:ERX240767.24371360.1	98.684	76	1	0	3299	3374	1	76	1.69e-28	135
NC_001564	SRA:ERX240767.10350537.1	98.684	76	1	0	931	1006	1	76	1.69e-28	135
NC_001564	SRA:ERX240767.3806798.1	98.684	76	1	0	3089	3164	76	1	1.69e-28	135
NC_001564	SRA:ERX240767.28150068.1	97.368	76	2	0	3910	3985	1	76	7.86e-27	130
NC_001564	SRA:ERX240767.27249654.1	97.368	76	2	0	6276	6351	1	76	7.86e-27	130
NC_001564	SRA:ERX240767.26974641.1	97.368	76	2	0	3453	3528	76	1	7.86e-27	130
NC_001564	SRA:ERX240767.12629038.1	97.368	76	2	0	3910	3985	1	76	7.86e-27	130
NC_001564	SRA:ERX240767.12495051.1	97.368	76	2	0	4132	4207	1	76	7.86e-27	130
NC_001564	SRA:ERX240767.8820776.1	97.368	76	2	0	3893	3968	76	1	7.86e-27	130
NC_001564	SRA:ERX240767.7985171.1	97.368	76	2	0	5554	5629	76	1	7.86e-27	130
NC_001564	SRA:ERX240767.19580676.1	97.333	75	2	0	4337	4411	75	1	2.83e-26	128
NC_001564	SRA:ERX240767.25177887.1	97.297	74	2	0	6266	6339	74	1	1.02e-25	126
NC_001564	SRA:ERX240767.29292760.1	96.053	76	3	0	3893	3968	76	1	3.66e-25	124
NC_001564	SRA:ERX240767.25981468.1	96.053	76	3	0	2044	2119	76	1	3.66e-25	124
NC_001564	SRA:ERX240767.25521440.1	96.053	76	3	0	5319	5394	76	1	3.66e-25	124
NC_001564	SRA:ERX240767.25288162.1	96.053	76	3	0	4406	4481	76	1	3.66e-25	124
NC_001564	SRA:ERX240767.14528758.1	96.053	76	3	0	6062	6137	1	76	3.66e-25	124
NC_001564	SRA:ERX240767.12605583.1	97.222	72	2	0	4141	4212	5	76	1.32e-24	122
NC_001564	SRA:ERX240767.9352224.1	100.000	66	0	0	1029	1094	1	66	1.32e-24	122
NC_001564	SRA:ERX240767.2109728.1	97.222	72	2	0	4141	4212	5	76	1.32e-24	122
NC_001564	SRA:ERX240767.23487078.1	98.529	68	1	0	2218	2285	76	9	4.73e-24	121
NC_001564	SRA:ERX240767.8144985.1	95.946	74	3	0	2069	2142	74	1	4.73e-24	121
NC_001564	SRA:ERX240767.22438489.1	97.183	71	1	1	4598	4667	1	71	1.70e-23	119
NC_001564	SRA:ERX240767.22186568.1	94.737	76	4	0	3688	3763	76	1	1.70e-23	119
NC_001564	SRA:ERX240767.20214369.1	94.737	76	4	0	3690	3765	76	1	1.70e-23	119
NC_001564	SRA:ERX240767.16181316.1	94.737	76	4	0	3189	3264	1	76	1.70e-23	119
NC_001564	SRA:ERX240767.13956338.1	97.183	71	1	1	4598	4667	1	71	1.70e-23	119
NC_001564	SRA:ERX240767.8584890.1	94.737	76	4	0	3690	3765	76	1	1.70e-23	119
NC_001564	SRA:ERX240767.3268968.1	94.737	76	4	0	3690	3765	76	1	1.70e-23	119
NC_001564	SRA:ERX240767.73785.1	94.737	76	4	0	3341	3416	1	76	1.70e-23	119
NC_001564	SRA:ERX240767.23607700.1	93.506	77	4	1	2043	2119	76	1	7.92e-22	113
NC_001564	SRA:ERX240767.4576471.1	100.000	61	0	0	5700	5760	1	61	7.92e-22	113
NC_001564	SRA:ERX240767.16647249.1	95.652	69	1	1	7420	7486	76	8	1.02e-20	110
NC_001564	SRA:ERX240767.5700393.1	100.000	54	0	0	4019	4072	1	54	6.16e-18	100
NC_001564	SRA:ERX240767.1802322.1	100.000	51	0	0	3768	3818	76	26	2.87e-16	95.3
NC_001564	SRA:ERX240767.18956300.1	95.833	48	2	0	5168	5215	48	1	2.89e-11	78.7
NC_001564	SRA:ERX240767.3503646.1	95.556	45	2	0	1816	1860	29	73	1.34e-09	73.1
NC_001564	SRA:ERX240767.3503646.1	100.000	30	0	0	1065	1094	1	30	1.35e-04	56.5
NC_001564	SRA:ERX240767.10335358.1	97.436	39	1	0	5354	5392	39	1	6.25e-08	67.6
NC_001564	SRA:ERX240767.25230547.1	100.000	35	0	0	6408	6442	35	1	2.25e-07	65.8
CFAV-Cairns_Australia_2014	SRA:ERX240767.22186568.1	100.000	76	0	0	3687	3762	76	1	3.63e-30	141
CFAV-Cairns_Australia_2014	SRA:ERX240767.20214369.1	100.000	76	0	0	3689	3764	76	1	3.63e-30	141
CFAV-Cairns_Australia_2014	SRA:ERX240767.12238347.1	100.000	76	0	0	5482	5557	76	1	3.63e-30	141
CFAV-Cairns_Australia_2014	SRA:ERX240767.8584890.1	100.000	76	0	0	3689	3764	76	1	3.63e-30	141
CFAV-Cairns_Australia_2014	SRA:ERX240767.7985171.1	100.000	76	0	0	5553	5628	76	1	3.63e-30	141
CFAV-Cairns_Australia_2014	SRA:ERX240767.3806798.1	100.000	76	0	0	3088	3163	76	1	3.63e-30	141
CFAV-Cairns_Australia_2014	SRA:ERX240767.3268968.1	100.000	76	0	0	3689	3764	76	1	3.63e-30	141
CFAV-Cairns_Australia_2014	SRA:ERX240767.29093614.1	98.684	76	1	0	2773	2848	1	76	1.69e-28	135
CFAV-Cairns_Australia_2014	SRA:ERX240767.26974641.1	98.684	76	1	0	3452	3527	76	1	1.69e-28	135
CFAV-Cairns_Australia_2014	SRA:ERX240767.25288162.1	98.684	76	1	0	4405	4480	76	1	1.69e-28	135
CFAV-Cairns_Australia_2014	SRA:ERX240767.25177887.1	98.684	76	1	0	6263	6338	76	1	1.69e-28	135
CFAV-Cairns_Australia_2014	SRA:ERX240767.21991208.1	98.684	76	1	0	3579	3654	1	76	1.69e-28	135
CFAV-Cairns_Australia_2014	SRA:ERX240767.10350537.1	98.684	76	1	0	930	1005	1	76	1.69e-28	135
CFAV-Cairns_Australia_2014	SRA:ERX240767.8820776.1	98.684	76	1	0	3892	3967	76	1	1.69e-28	135
CFAV-Cairns_Australia_2014	SRA:ERX240767.29292760.1	97.368	76	2	0	3892	3967	76	1	7.86e-27	130
CFAV-Cairns_Australia_2014	SRA:ERX240767.28150068.1	97.368	76	2	0	3909	3984	1	76	7.86e-27	130
CFAV-Cairns_Australia_2014	SRA:ERX240767.27249654.1	97.368	76	2	0	6275	6350	1	76	7.86e-27	130
CFAV-Cairns_Australia_2014	SRA:ERX240767.25521440.1	97.368	76	2	0	5318	5393	76	1	7.86e-27	130
CFAV-Cairns_Australia_2014	SRA:ERX240767.24371360.1	97.368	76	2	0	3298	3373	1	76	7.86e-27	130
CFAV-Cairns_Australia_2014	SRA:ERX240767.19580676.1	97.368	76	2	0	4335	4410	76	1	7.86e-27	130
CFAV-Cairns_Australia_2014	SRA:ERX240767.12629038.1	97.368	76	2	0	3909	3984	1	76	7.86e-27	130
CFAV-Cairns_Australia_2014	SRA:ERX240767.12495051.1	97.368	76	2	0	4131	4206	1	76	7.86e-27	130
CFAV-Cairns_Australia_2014	SRA:ERX240767.25981468.1	96.053	76	3	0	2043	2118	76	1	3.66e-25	124
CFAV-Cairns_Australia_2014	SRA:ERX240767.14528758.1	96.053	76	3	0	6061	6136	1	76	3.66e-25	124
CFAV-Cairns_Australia_2014	SRA:ERX240767.12605583.1	97.222	72	2	0	4140	4211	5	76	1.32e-24	122
CFAV-Cairns_Australia_2014	SRA:ERX240767.9352224.1	100.000	66	0	0	1028	1093	1	66	1.32e-24	122
CFAV-Cairns_Australia_2014	SRA:ERX240767.2109728.1	97.222	72	2	0	4140	4211	5	76	1.32e-24	122
CFAV-Cairns_Australia_2014	SRA:ERX240767.23487078.1	98.529	68	1	0	2217	2284	76	9	4.73e-24	121
CFAV-Cairns_Australia_2014	SRA:ERX240767.8144985.1	97.183	71	2	0	2071	2141	71	1	4.73e-24	121
CFAV-Cairns_Australia_2014	SRA:ERX240767.73785.1	94.737	76	4	0	3340	3415	1	76	1.70e-23	119
CFAV-Cairns_Australia_2014	SRA:ERX240767.16647249.1	97.101	69	0	1	7419	7485	76	8	2.20e-22	115
CFAV-Cairns_Australia_2014	SRA:ERX240767.23607700.1	93.506	77	4	1	2042	2118	76	1	7.92e-22	113
CFAV-Cairns_Australia_2014	SRA:ERX240767.22438489.1	92.958	71	4	1	4597	4666	1	71	1.71e-18	102
CFAV-Cairns_Australia_2014	SRA:ERX240767.13956338.1	92.958	71	4	1	4597	4666	1	71	1.71e-18	102
CFAV-Cairns_Australia_2014	SRA:ERX240767.4576471.1	96.721	61	2	0	5699	5759	1	61	1.71e-18	102
CFAV-Cairns_Australia_2014	SRA:ERX240767.5700393.1	100.000	54	0	0	4018	4071	1	54	6.17e-18	100
CFAV-Cairns_Australia_2014	SRA:ERX240767.1802322.1	100.000	51	0	0	3767	3817	76	26	2.87e-16	95.3
CFAV-Cairns_Australia_2014	SRA:ERX240767.3503646.1	97.917	48	1	0	1815	1862	29	76	6.21e-13	84.2
CFAV-Cairns_Australia_2014	SRA:ERX240767.3503646.1	100.000	30	0	0	1064	1093	1	30	1.35e-04	56.5
CFAV-Cairns_Australia_2014	SRA:ERX240767.10335358.1	97.436	39	1	0	5353	5391	39	1	6.25e-08	67.6
CFAV-Cairns_Australia_2014	SRA:ERX240767.25230547.1	100.000	35	0	0	6407	6441	35	1	2.25e-07	65.8
CFAV-Macapa2_Brazil_2017	SRA:ERX240767.12238347.1	100.000	76	0	0	5483	5558	76	1	3.63e-30	141
CFAV-Macapa2_Brazil_2017	SRA:ERX240767.24371360.1	98.684	76	1	0	3299	3374	1	76	1.69e-28	135
CFAV-Macapa2_Brazil_2017	SRA:ERX240767.22186568.1	98.684	76	1	0	3688	3763	76	1	1.69e-28	135
CFAV-Macapa2_Brazil_2017	SRA:ERX240767.20214369.1	98.684	76	1	0	3690	3765	76	1	1.69e-28	135
CFAV-Macapa2_Brazil_2017	SRA:ERX240767.10350537.1	98.684	76	1	0	931	1006	1	76	1.69e-28	135
CFAV-Macapa2_Brazil_2017	SRA:ERX240767.8820776.1	98.684	76	1	0	3893	3968	76	1	1.69e-28	135
CFAV-Macapa2_Brazil_2017	SRA:ERX240767.8584890.1	98.684	76	1	0	3690	3765	76	1	1.69e-28	135
CFAV-Macapa2_Brazil_2017	SRA:ERX240767.3268968.1	98.684	76	1	0	3690	3765	76	1	1.69e-28	135
CFAV-Macapa2_Brazil_2017	SRA:ERX240767.29292760.1	97.368	76	2	0	3893	3968	76	1	7.86e-27	130
CFAV-Macapa2_Brazil_2017	SRA:ERX240767.28150068.1	97.368	76	2	0	3910	3985	1	76	7.86e-27	130
CFAV-Macapa2_Brazil_2017	SRA:ERX240767.27249654.1	97.368	76	2	0	6276	6351	1	76	7.86e-27	130
CFAV-Macapa2_Brazil_2017	SRA:ERX240767.25177887.1	97.368	76	2	0	6264	6339	76	1	7.86e-27	130
CFAV-Macapa2_Brazil_2017	SRA:ERX240767.21991208.1	97.368	76	2	0	3580	3655	1	76	7.86e-27	130
CFAV-Macapa2_Brazil_2017	SRA:ERX240767.19580676.1	97.368	76	2	0	4336	4411	76	1	7.86e-27	130
CFAV-Macapa2_Brazil_2017	SRA:ERX240767.12629038.1	97.368	76	2	0	3910	3985	1	76	7.86e-27	130
CFAV-Macapa2_Brazil_2017	SRA:ERX240767.7985171.1	97.368	76	2	0	5554	5629	76	1	7.86e-27	130
CFAV-Macapa2_Brazil_2017	SRA:ERX240767.25521440.1	97.297	74	2	0	5321	5394	74	1	1.02e-25	126
CFAV-Macapa2_Brazil_2017	SRA:ERX240767.29093614.1	96.053	76	3	0	2774	2849	1	76	3.66e-25	124
CFAV-Macapa2_Brazil_2017	SRA:ERX240767.26974641.1	96.053	76	3	0	3453	3528	76	1	3.66e-25	124
CFAV-Macapa2_Brazil_2017	SRA:ERX240767.3806798.1	97.260	73	2	0	3092	3164	73	1	3.66e-25	124
CFAV-Macapa2_Brazil_2017	SRA:ERX240767.73785.1	96.053	76	3	0	3341	3416	1	76	3.66e-25	124
CFAV-Macapa2_Brazil_2017	SRA:ERX240767.9352224.1	100.000	66	0	0	1029	1094	1	66	1.32e-24	122
CFAV-Macapa2_Brazil_2017	SRA:ERX240767.23487078.1	95.588	68	3	0	2218	2285	76	9	1.02e-20	110
CFAV-Macapa2_Brazil_2017	SRA:ERX240767.22438489.1	94.366	71	3	1	4598	4667	1	71	3.68e-20	108
CFAV-Macapa2_Brazil_2017	SRA:ERX240767.13956338.1	94.366	71	3	1	4598	4667	1	71	3.68e-20	108
CFAV-Macapa2_Brazil_2017	SRA:ERX240767.4576471.1	96.721	61	2	0	5700	5760	1	61	1.71e-18	102
CFAV-Macapa2_Brazil_2017	SRA:ERX240767.1802322.1	100.000	49	0	0	3770	3818	74	26	3.71e-15	91.6
CFAV-Macapa2_Brazil_2017	SRA:ERX240767.5700393.1	96.296	54	2	0	4019	4072	1	54	1.33e-14	89.8
CFAV-Macapa2_Brazil_2017	SRA:ERX240767.10335358.1	97.436	39	1	0	5354	5392	39	1	6.25e-08	67.6
CFAV-Macapa2_Brazil_2017	SRA:ERX240767.25230547.1	100.000	35	0	0	6408	6442	35	1	2.25e-07	65.8
CFAV-Macapa2_Brazil_2017	SRA:ERX240767.25230547.1	91.111	45	4	0	6479	6523	76	32	2.91e-06	62.1
CFAV-Macapa2_Brazil_2017	SRA:ERX240767.3503646.1	100.000	30	0	0	1065	1094	1	30	1.35e-04	56.5
CFAV-KC_Cambodia_2015	SRA:ERX240767.29093614.1	100.000	76	0	0	2785	2860	1	76	3.64e-30	141
CFAV-KC_Cambodia_2015	SRA:ERX240767.22186568.1	100.000	76	0	0	3699	3774	76	1	3.64e-30	141
CFAV-KC_Cambodia_2015	SRA:ERX240767.20214369.1	100.000	76	0	0	3701	3776	76	1	3.64e-30	141
CFAV-KC_Cambodia_2015	SRA:ERX240767.8584890.1	100.000	76	0	0	3701	3776	76	1	3.64e-30	141
CFAV-KC_Cambodia_2015	SRA:ERX240767.3268968.1	100.000	76	0	0	3701	3776	76	1	3.64e-30	141
CFAV-KC_Cambodia_2015	SRA:ERX240767.10350537.1	98.684	76	1	0	942	1017	1	76	1.69e-28	135
CFAV-KC_Cambodia_2015	SRA:ERX240767.19580676.1	98.667	75	1	0	4348	4422	75	1	6.09e-28	134
CFAV-KC_Cambodia_2015	SRA:ERX240767.28150068.1	97.368	76	2	0	3921	3996	1	76	7.87e-27	130
CFAV-KC_Cambodia_2015	SRA:ERX240767.21991208.1	97.368	76	2	0	3591	3666	1	76	7.87e-27	130
CFAV-KC_Cambodia_2015	SRA:ERX240767.12629038.1	97.368	76	2	0	3921	3996	1	76	7.87e-27	130
CFAV-KC_Cambodia_2015	SRA:ERX240767.12238347.1	97.368	76	2	0	5494	5569	76	1	7.87e-27	130
CFAV-KC_Cambodia_2015	SRA:ERX240767.3806798.1	97.368	76	2	0	3100	3175	76	1	7.87e-27	130
CFAV-KC_Cambodia_2015	SRA:ERX240767.8820776.1	97.333	75	2	0	3905	3979	75	1	2.83e-26	128
CFAV-KC_Cambodia_2015	SRA:ERX240767.26974641.1	96.053	76	3	0	3464	3539	76	1	3.66e-25	124
CFAV-KC_Cambodia_2015	SRA:ERX240767.25981468.1	96.053	76	3	0	2055	2130	76	1	3.66e-25	124
CFAV-KC_Cambodia_2015	SRA:ERX240767.12495051.1	96.053	76	3	0	4143	4218	1	76	3.66e-25	124
CFAV-KC_Cambodia_2015	SRA:ERX240767.73785.1	96.053	76	3	0	3352	3427	1	76	3.66e-25	124
CFAV-KC_Cambodia_2015	SRA:ERX240767.29292760.1	96.000	75	3	0	3905	3979	75	1	1.32e-24	122
CFAV-KC_Cambodia_2015	SRA:ERX240767.9352224.1	100.000	66	0	0	1040	1105	1	66	1.32e-24	122
CFAV-KC_Cambodia_2015	SRA:ERX240767.8144985.1	94.737	76	4	0	2078	2153	76	1	1.70e-23	119
CFAV-KC_Cambodia_2015	SRA:ERX240767.12605583.1	95.833	72	3	0	4152	4223	5	76	6.13e-23	117
CFAV-KC_Cambodia_2015	SRA:ERX240767.2109728.1	95.833	72	3	0	4152	4223	5	76	6.13e-23	117
CFAV-KC_Cambodia_2015	SRA:ERX240767.27249654.1	93.421	76	5	0	6287	6362	1	76	7.93e-22	113
CFAV-KC_Cambodia_2015	SRA:ERX240767.25177887.1	93.421	76	5	0	6275	6350	76	1	7.93e-22	113
CFAV-KC_Cambodia_2015	SRA:ERX240767.22438489.1	95.775	71	2	1	4609	4678	1	71	7.93e-22	113
CFAV-KC_Cambodia_2015	SRA:ERX240767.13956338.1	95.775	71	2	1	4609	4678	1	71	7.93e-22	113
CFAV-KC_Cambodia_2015	SRA:ERX240767.23487078.1	95.588	68	3	0	2229	2296	76	9	1.03e-20	110
CFAV-KC_Cambodia_2015	SRA:ERX240767.5700393.1	100.000	54	0	0	4030	4083	1	54	6.17e-18	100
CFAV-KC_Cambodia_2015	SRA:ERX240767.4576471.1	94.915	59	3	0	5713	5771	3	61	1.03e-15	93.5
CFAV-KC_Cambodia_2015	SRA:ERX240767.1802322.1	97.959	49	1	0	3781	3829	74	26	1.73e-13	86.1
CFAV-KC_Cambodia_2015	SRA:ERX240767.3503646.1	97.917	48	1	0	1827	1874	29	76	6.22e-13	84.2
CFAV-KC_Cambodia_2015	SRA:ERX240767.3503646.1	100.000	30	0	0	1076	1105	1	30	1.36e-04	56.5
CFAV-KC_Cambodia_2015	SRA:ERX240767.18956300.1	97.872	47	1	0	5179	5225	48	2	2.24e-12	82.4
CFAV-KC_Cambodia_2015	SRA:ERX240767.25230547.1	93.333	45	3	0	6490	6534	76	32	6.26e-08	67.6
CFAV-Zik_Uganda_2016	SRA:ERX240767.29292760.1	100.000	76	0	0	3904	3979	76	1	3.64e-30	141
CFAV-Zik_Uganda_2016	SRA:ERX240767.29093614.1	100.000	76	0	0	2785	2860	1	76	3.64e-30	141
CFAV-Zik_Uganda_2016	SRA:ERX240767.22186568.1	100.000	76	0	0	3699	3774	76	1	3.64e-30	141
CFAV-Zik_Uganda_2016	SRA:ERX240767.20214369.1	100.000	76	0	0	3701	3776	76	1	3.64e-30	141
CFAV-Zik_Uganda_2016	SRA:ERX240767.12238347.1	100.000	76	0	0	5494	5569	76	1	3.64e-30	141
CFAV-Zik_Uganda_2016	SRA:ERX240767.8584890.1	100.000	76	0	0	3701	3776	76	1	3.64e-30	141
CFAV-Zik_Uganda_2016	SRA:ERX240767.7985171.1	100.000	76	0	0	5565	5640	76	1	3.64e-30	141
CFAV-Zik_Uganda_2016	SRA:ERX240767.3268968.1	100.000	76	0	0	3701	3776	76	1	3.64e-30	141
CFAV-Zik_Uganda_2016	SRA:ERX240767.28150068.1	98.684	76	1	0	3921	3996	1	76	1.69e-28	135
CFAV-Zik_Uganda_2016	SRA:ERX240767.26974641.1	98.684	76	1	0	3464	3539	76	1	1.69e-28	135
CFAV-Zik_Uganda_2016	SRA:ERX240767.25177887.1	98.684	76	1	0	6275	6350	76	1	1.69e-28	135
CFAV-Zik_Uganda_2016	SRA:ERX240767.21991208.1	98.684	76	1	0	3591	3666	1	76	1.69e-28	135
CFAV-Zik_Uganda_2016	SRA:ERX240767.12629038.1	98.684	76	1	0	3921	3996	1	76	1.69e-28	135
CFAV-Zik_Uganda_2016	SRA:ERX240767.8820776.1	98.684	76	1	0	3904	3979	76	1	1.69e-28	135
CFAV-Zik_Uganda_2016	SRA:ERX240767.3806798.1	98.684	76	1	0	3100	3175	76	1	1.69e-28	135
CFAV-Zik_Uganda_2016	SRA:ERX240767.27249654.1	97.368	76	2	0	6287	6362	1	76	7.87e-27	130
CFAV-Zik_Uganda_2016	SRA:ERX240767.24371360.1	97.368	76	2	0	3310	3385	1	76	7.87e-27	130
CFAV-Zik_Uganda_2016	SRA:ERX240767.10350537.1	97.368	76	2	0	942	1017	1	76	7.87e-27	130
CFAV-Zik_Uganda_2016	SRA:ERX240767.73785.1	97.368	76	2	0	3352	3427	1	76	7.87e-27	130
CFAV-Zik_Uganda_2016	SRA:ERX240767.8144985.1	97.297	74	2	0	2080	2153	74	1	1.02e-25	126
CFAV-Zik_Uganda_2016	SRA:ERX240767.25521440.1	96.053	76	3	0	5330	5405	76	1	3.66e-25	124
CFAV-Zik_Uganda_2016	SRA:ERX240767.22438489.1	98.592	71	0	1	4609	4678	1	71	3.66e-25	124
CFAV-Zik_Uganda_2016	SRA:ERX240767.16181316.1	96.053	76	3	0	3200	3275	1	76	3.66e-25	124
CFAV-Zik_Uganda_2016	SRA:ERX240767.14528758.1	96.053	76	3	0	6073	6148	1	76	3.66e-25	124
CFAV-Zik_Uganda_2016	SRA:ERX240767.13956338.1	98.592	71	0	1	4609	4678	1	71	3.66e-25	124
CFAV-Zik_Uganda_2016	SRA:ERX240767.25981468.1	94.737	76	4	0	2055	2130	76	1	1.70e-23	119
CFAV-Zik_Uganda_2016	SRA:ERX240767.23487078.1	98.507	67	1	0	2230	2296	75	9	1.70e-23	119
CFAV-Zik_Uganda_2016	SRA:ERX240767.25288162.1	93.421	76	5	0	4417	4492	76	1	7.93e-22	113
CFAV-Zik_Uganda_2016	SRA:ERX240767.16647249.1	95.652	69	1	1	7431	7497	76	8	1.03e-20	110
CFAV-Zik_Uganda_2016	SRA:ERX240767.23607700.1	92.208	77	5	1	2054	2130	76	1	3.69e-20	108
CFAV-Zik_Uganda_2016	SRA:ERX240767.5700393.1	98.113	53	1	0	4030	4082	1	53	1.03e-15	93.5
CFAV-Zik_Uganda_2016	SRA:ERX240767.1802322.1	97.959	49	1	0	3781	3829	74	26	1.73e-13	86.1
CFAV-Zik_Uganda_2016	SRA:ERX240767.3503646.1	97.917	48	1	0	1827	1874	29	76	6.22e-13	84.2
CFAV-Zik_Uganda_2016	SRA:ERX240767.25230547.1	100.000	35	0	0	6419	6453	35	1	2.25e-07	65.8
