CFAV-Bangkok_Thailand_2015	SRA:ERX240769.34003847.1	100.000	76	0	0	3652	3727	76	1	4.28e-30	141
CFAV-Bangkok_Thailand_2015	SRA:ERX240769.31219310.1	100.000	76	0	0	3909	3984	1	76	4.28e-30	141
CFAV-Bangkok_Thailand_2015	SRA:ERX240769.31034545.1	100.000	76	0	0	3924	3999	76	1	4.28e-30	141
CFAV-Bangkok_Thailand_2015	SRA:ERX240769.7345402.1	100.000	76	0	0	5749	5824	76	1	4.28e-30	141
CFAV-Bangkok_Thailand_2015	SRA:ERX240769.31289728.1	100.000	75	0	0	5869	5943	75	1	1.54e-29	139
CFAV-Bangkok_Thailand_2015	SRA:ERX240769.13920381.1	100.000	75	0	0	5736	5810	75	1	1.54e-29	139
CFAV-Bangkok_Thailand_2015	SRA:ERX240769.29195312.1	98.684	76	1	0	2062	2137	1	76	1.99e-28	135
CFAV-Bangkok_Thailand_2015	SRA:ERX240769.20273635.1	98.684	76	1	0	5196	5271	76	1	1.99e-28	135
CFAV-Bangkok_Thailand_2015	SRA:ERX240769.9340482.1	98.684	76	1	0	3723	3798	1	76	1.99e-28	135
CFAV-Bangkok_Thailand_2015	SRA:ERX240769.8329981.1	98.684	76	1	0	2099	2174	76	1	1.99e-28	135
CFAV-Bangkok_Thailand_2015	SRA:ERX240769.3240909.1	98.649	74	1	0	2320	2393	76	3	2.58e-27	132
CFAV-Bangkok_Thailand_2015	SRA:ERX240769.34467823.1	97.368	76	2	0	5264	5339	76	1	9.27e-27	130
CFAV-Bangkok_Thailand_2015	SRA:ERX240769.30427689.1	97.368	76	2	0	6474	6549	1	76	9.27e-27	130
CFAV-Bangkok_Thailand_2015	SRA:ERX240769.25715663.1	97.368	76	2	0	2034	2109	76	1	9.27e-27	130
CFAV-Bangkok_Thailand_2015	SRA:ERX240769.21906856.1	97.368	76	2	0	2860	2935	1	76	9.27e-27	130
CFAV-Bangkok_Thailand_2015	SRA:ERX240769.20802882.1	97.368	76	2	0	2567	2642	1	76	9.27e-27	130
CFAV-Bangkok_Thailand_2015	SRA:ERX240769.10943239.1	97.368	76	2	0	2333	2408	1	76	9.27e-27	130
CFAV-Bangkok_Thailand_2015	SRA:ERX240769.10055403.1	97.368	76	2	0	6382	6457	76	1	9.27e-27	130
CFAV-Bangkok_Thailand_2015	SRA:ERX240769.9559975.1	97.368	76	2	0	5185	5260	76	1	9.27e-27	130
CFAV-Bangkok_Thailand_2015	SRA:ERX240769.8911389.1	97.368	76	2	0	3517	3592	76	1	9.27e-27	130
CFAV-Bangkok_Thailand_2015	SRA:ERX240769.6770148.1	97.368	76	2	0	3803	3878	1	76	9.27e-27	130
CFAV-Bangkok_Thailand_2015	SRA:ERX240769.3093820.1	97.368	76	2	0	840	915	76	1	9.27e-27	130
CFAV-Bangkok_Thailand_2015	SRA:ERX240769.783836.1	97.368	76	2	0	6388	6463	76	1	9.27e-27	130
CFAV-Bangkok_Thailand_2015	SRA:ERX240769.766628.1	97.368	76	2	0	943	1018	76	1	9.27e-27	130
CFAV-Bangkok_Thailand_2015	SRA:ERX240769.43790.1	97.368	76	2	0	2956	3031	76	1	9.27e-27	130
CFAV-Bangkok_Thailand_2015	SRA:ERX240769.34622587.1	98.611	72	1	0	2295	2366	73	2	3.33e-26	128
CFAV-Bangkok_Thailand_2015	SRA:ERX240769.26629715.1	96.053	76	3	0	2209	2284	1	76	4.31e-25	124
CFAV-Bangkok_Thailand_2015	SRA:ERX240769.26597241.1	96.053	76	3	0	6255	6330	76	1	4.31e-25	124
CFAV-Bangkok_Thailand_2015	SRA:ERX240769.23745728.1	96.053	76	3	0	6081	6156	76	1	4.31e-25	124
CFAV-Bangkok_Thailand_2015	SRA:ERX240769.18376281.1	96.053	76	3	0	5155	5230	76	1	4.31e-25	124
CFAV-Bangkok_Thailand_2015	SRA:ERX240769.17362052.1	96.053	76	3	0	6434	6509	76	1	4.31e-25	124
CFAV-Bangkok_Thailand_2015	SRA:ERX240769.8225840.1	97.260	73	2	0	857	929	1	73	4.31e-25	124
CFAV-Bangkok_Thailand_2015	SRA:ERX240769.34515825.1	94.737	76	4	0	4373	4448	1	76	2.01e-23	119
CFAV-Bangkok_Thailand_2015	SRA:ERX240769.24261138.1	94.737	76	4	0	5123	5198	1	76	2.01e-23	119
CFAV-Bangkok_Thailand_2015	SRA:ERX240769.23244261.1	94.667	75	4	0	4385	4459	2	76	7.22e-23	117
CFAV-Bangkok_Thailand_2015	SRA:ERX240769.34968069.1	93.421	76	5	0	1980	2055	1	76	9.33e-22	113
CFAV-Bangkok_Thailand_2015	SRA:ERX240769.9365780.1	93.421	76	5	0	1931	2006	76	1	9.33e-22	113
CFAV-Bangkok_Thailand_2015	SRA:ERX240769.27247438.1	92.105	76	6	0	4954	5029	76	1	4.34e-20	108
CFAV-Bangkok_Thailand_2015	SRA:ERX240769.16440002.1	88.000	75	7	1	1986	2060	76	4	5.66e-14	87.9
CFAV-Bangkok_Thailand_2015	SRA:ERX240769.17259515.1	97.826	46	1	0	1903	1948	46	1	9.47e-12	80.5
CFAV-Bangkok_Thailand_2015	SRA:ERX240769.14404531.1	97.826	46	1	0	2821	2866	1	46	9.47e-12	80.5
CFAV-Bangkok_Thailand_2015	SRA:ERX240769.13650699.1	97.059	34	1	0	2136	2169	1	34	4.44e-05	58.4
NC_001564	SRA:ERX240769.34003847.1	100.000	76	0	0	3659	3734	76	1	4.29e-30	141
NC_001564	SRA:ERX240769.10055403.1	100.000	76	0	0	6389	6464	76	1	4.29e-30	141
NC_001564	SRA:ERX240769.8911389.1	100.000	76	0	0	3524	3599	76	1	4.29e-30	141
NC_001564	SRA:ERX240769.43790.1	100.000	76	0	0	2963	3038	76	1	4.29e-30	141
NC_001564	SRA:ERX240769.20273635.1	100.000	75	0	0	5204	5278	75	1	1.54e-29	139
NC_001564	SRA:ERX240769.10943239.1	100.000	74	0	0	2342	2415	3	76	5.55e-29	137
NC_001564	SRA:ERX240769.783836.1	100.000	74	0	0	6395	6468	76	3	5.55e-29	137
NC_001564	SRA:ERX240769.31219310.1	98.684	76	1	0	3916	3991	1	76	2.00e-28	135
NC_001564	SRA:ERX240769.31034545.1	98.684	76	1	0	3931	4006	76	1	2.00e-28	135
NC_001564	SRA:ERX240769.30427689.1	98.684	76	1	0	6481	6556	1	76	2.00e-28	135
NC_001564	SRA:ERX240769.25513749.1	98.684	76	1	0	3488	3563	1	76	2.00e-28	135
NC_001564	SRA:ERX240769.20802882.1	98.684	76	1	0	2574	2649	1	76	2.00e-28	135
NC_001564	SRA:ERX240769.17566812.1	98.684	76	1	0	888	963	1	76	2.00e-28	135
NC_001564	SRA:ERX240769.9597301.1	98.684	76	1	0	2588	2663	76	1	2.00e-28	135
NC_001564	SRA:ERX240769.7345402.1	98.684	76	1	0	5756	5831	76	1	2.00e-28	135
NC_001564	SRA:ERX240769.6770148.1	98.684	76	1	0	3810	3885	1	76	2.00e-28	135
NC_001564	SRA:ERX240769.3240909.1	98.684	76	1	0	2327	2402	76	1	2.00e-28	135
NC_001564	SRA:ERX240769.766628.1	98.684	76	1	0	950	1025	76	1	2.00e-28	135
NC_001564	SRA:ERX240769.13920381.1	98.667	75	1	0	5743	5817	75	1	7.18e-28	134
NC_001564	SRA:ERX240769.31289728.1	98.649	74	1	0	5876	5949	75	2	2.58e-27	132
NC_001564	SRA:ERX240769.34467823.1	97.368	76	2	0	5271	5346	76	1	9.29e-27	130
NC_001564	SRA:ERX240769.32975426.1	97.368	76	2	0	6272	6347	1	76	9.29e-27	130
NC_001564	SRA:ERX240769.26629715.1	97.368	76	2	0	2216	2291	1	76	9.29e-27	130
NC_001564	SRA:ERX240769.24261138.1	98.630	73	1	0	5130	5202	1	73	9.29e-27	130
NC_001564	SRA:ERX240769.18376281.1	97.368	76	2	0	5162	5237	76	1	9.29e-27	130
NC_001564	SRA:ERX240769.17362052.1	97.368	76	2	0	6441	6516	76	1	9.29e-27	130
NC_001564	SRA:ERX240769.9559975.1	97.368	76	2	0	5192	5267	76	1	9.29e-27	130
NC_001564	SRA:ERX240769.9365780.1	97.368	76	2	0	1938	2013	76	1	9.29e-27	130
NC_001564	SRA:ERX240769.8329981.1	97.368	76	2	0	2106	2181	76	1	9.29e-27	130
NC_001564	SRA:ERX240769.8225840.1	97.368	76	2	0	864	939	1	76	9.29e-27	130
NC_001564	SRA:ERX240769.3093820.1	97.368	76	2	0	847	922	76	1	9.29e-27	130
NC_001564	SRA:ERX240769.34968069.1	96.053	76	3	0	1987	2062	1	76	4.32e-25	124
NC_001564	SRA:ERX240769.34622587.1	97.260	73	2	0	2302	2374	73	1	4.32e-25	124
NC_001564	SRA:ERX240769.34515825.1	96.053	76	3	0	4380	4455	1	76	4.32e-25	124
NC_001564	SRA:ERX240769.25715663.1	96.053	76	3	0	2041	2116	76	1	4.32e-25	124
NC_001564	SRA:ERX240769.24889516.1	96.053	76	3	0	6198	6273	76	1	4.32e-25	124
NC_001564	SRA:ERX240769.1627449.1	96.053	76	3	0	2891	2966	76	1	4.32e-25	124
NC_001564	SRA:ERX240769.23244261.1	96.000	75	3	0	4392	4466	2	76	1.55e-24	122
NC_001564	SRA:ERX240769.29195312.1	94.737	76	4	0	2069	2144	1	76	2.01e-23	119
NC_001564	SRA:ERX240769.27247438.1	94.737	76	4	0	4961	5036	76	1	2.01e-23	119
NC_001564	SRA:ERX240769.21906856.1	94.737	76	4	0	2867	2942	1	76	2.01e-23	119
NC_001564	SRA:ERX240769.9340482.1	94.737	76	4	0	3730	3805	1	76	2.01e-23	119
NC_001564	SRA:ERX240769.4245333.1	94.737	76	4	0	5807	5882	1	76	2.01e-23	119
NC_001564	SRA:ERX240769.26597241.1	95.833	72	3	0	6266	6337	72	1	7.23e-23	117
NC_001564	SRA:ERX240769.10421880.1	95.588	68	3	0	3153	3220	1	68	1.21e-20	110
NC_001564	SRA:ERX240769.14404531.1	100.000	45	0	0	2828	2872	1	45	7.33e-13	84.2
NC_001564	SRA:ERX240769.13650699.1	100.000	34	0	0	2143	2176	1	34	9.55e-07	63.9
CFAV-Cairns_Australia_2014	SRA:ERX240769.34003847.1	100.000	76	0	0	3658	3733	76	1	4.29e-30	141
CFAV-Cairns_Australia_2014	SRA:ERX240769.25513749.1	100.000	76	0	0	3487	3562	1	76	4.29e-30	141
CFAV-Cairns_Australia_2014	SRA:ERX240769.17566812.1	100.000	76	0	0	887	962	1	76	4.29e-30	141
CFAV-Cairns_Australia_2014	SRA:ERX240769.10943239.1	100.000	76	0	0	2339	2414	1	76	4.29e-30	141
CFAV-Cairns_Australia_2014	SRA:ERX240769.10055403.1	100.000	76	0	0	6388	6463	76	1	4.29e-30	141
CFAV-Cairns_Australia_2014	SRA:ERX240769.9340482.1	100.000	76	0	0	3729	3804	1	76	4.29e-30	141
CFAV-Cairns_Australia_2014	SRA:ERX240769.7345402.1	100.000	76	0	0	5755	5830	76	1	4.29e-30	141
CFAV-Cairns_Australia_2014	SRA:ERX240769.3240909.1	100.000	76	0	0	2326	2401	76	1	4.29e-30	141
CFAV-Cairns_Australia_2014	SRA:ERX240769.783836.1	100.000	76	0	0	6394	6469	76	1	4.29e-30	141
CFAV-Cairns_Australia_2014	SRA:ERX240769.20273635.1	100.000	75	0	0	5203	5277	75	1	1.54e-29	139
CFAV-Cairns_Australia_2014	SRA:ERX240769.13920381.1	100.000	75	0	0	5742	5816	75	1	1.54e-29	139
CFAV-Cairns_Australia_2014	SRA:ERX240769.34515825.1	98.684	76	1	0	4379	4454	1	76	2.00e-28	135
CFAV-Cairns_Australia_2014	SRA:ERX240769.32975426.1	98.684	76	1	0	6271	6346	1	76	2.00e-28	135
CFAV-Cairns_Australia_2014	SRA:ERX240769.24889516.1	98.684	76	1	0	6197	6272	76	1	2.00e-28	135
CFAV-Cairns_Australia_2014	SRA:ERX240769.9597301.1	98.684	76	1	0	2587	2662	76	1	2.00e-28	135
CFAV-Cairns_Australia_2014	SRA:ERX240769.9365780.1	98.684	76	1	0	1937	2012	76	1	2.00e-28	135
CFAV-Cairns_Australia_2014	SRA:ERX240769.8911389.1	98.684	76	1	0	3523	3598	76	1	2.00e-28	135
CFAV-Cairns_Australia_2014	SRA:ERX240769.8329981.1	98.684	76	1	0	2105	2180	76	1	2.00e-28	135
CFAV-Cairns_Australia_2014	SRA:ERX240769.8225840.1	98.684	76	1	0	863	938	1	76	2.00e-28	135
CFAV-Cairns_Australia_2014	SRA:ERX240769.6770148.1	98.684	76	1	0	3809	3884	1	76	2.00e-28	135
CFAV-Cairns_Australia_2014	SRA:ERX240769.3093820.1	98.684	76	1	0	846	921	76	1	2.00e-28	135
CFAV-Cairns_Australia_2014	SRA:ERX240769.766628.1	98.684	76	1	0	949	1024	76	1	2.00e-28	135
CFAV-Cairns_Australia_2014	SRA:ERX240769.23244261.1	98.667	75	1	0	4391	4465	2	76	7.18e-28	134
CFAV-Cairns_Australia_2014	SRA:ERX240769.31289728.1	98.649	74	1	0	5875	5948	75	2	2.58e-27	132
CFAV-Cairns_Australia_2014	SRA:ERX240769.34622587.1	98.630	73	1	0	2301	2373	73	1	9.29e-27	130
CFAV-Cairns_Australia_2014	SRA:ERX240769.34467823.1	97.368	76	2	0	5270	5345	76	1	9.29e-27	130
CFAV-Cairns_Australia_2014	SRA:ERX240769.31219310.1	97.368	76	2	0	3915	3990	1	76	9.29e-27	130
CFAV-Cairns_Australia_2014	SRA:ERX240769.31034545.1	97.368	76	2	0	3930	4005	76	1	9.29e-27	130
CFAV-Cairns_Australia_2014	SRA:ERX240769.26629715.1	97.368	76	2	0	2215	2290	1	76	9.29e-27	130
CFAV-Cairns_Australia_2014	SRA:ERX240769.26597241.1	97.368	76	2	0	6261	6336	76	1	9.29e-27	130
CFAV-Cairns_Australia_2014	SRA:ERX240769.23745728.1	97.368	76	2	0	6087	6162	76	1	9.29e-27	130
CFAV-Cairns_Australia_2014	SRA:ERX240769.21906856.1	97.368	76	2	0	2866	2941	1	76	9.29e-27	130
CFAV-Cairns_Australia_2014	SRA:ERX240769.20802882.1	97.368	76	2	0	2573	2648	1	76	9.29e-27	130
CFAV-Cairns_Australia_2014	SRA:ERX240769.4245333.1	97.368	76	2	0	5806	5881	1	76	9.29e-27	130
CFAV-Cairns_Australia_2014	SRA:ERX240769.1627449.1	97.368	76	2	0	2890	2965	76	1	9.29e-27	130
CFAV-Cairns_Australia_2014	SRA:ERX240769.43790.1	97.368	76	2	0	2962	3037	76	1	9.29e-27	130
CFAV-Cairns_Australia_2014	SRA:ERX240769.27247438.1	97.260	73	2	0	4963	5035	73	1	4.32e-25	124
CFAV-Cairns_Australia_2014	SRA:ERX240769.17362052.1	96.053	76	3	0	6440	6515	76	1	4.32e-25	124
CFAV-Cairns_Australia_2014	SRA:ERX240769.9559975.1	96.053	76	3	0	5191	5266	76	1	4.32e-25	124
CFAV-Cairns_Australia_2014	SRA:ERX240769.25715663.1	96.000	75	3	0	2041	2115	75	1	1.55e-24	122
CFAV-Cairns_Australia_2014	SRA:ERX240769.30427689.1	94.737	76	4	0	6480	6555	1	76	2.01e-23	119
CFAV-Cairns_Australia_2014	SRA:ERX240769.29195312.1	94.737	76	4	0	2068	2143	1	76	2.01e-23	119
CFAV-Cairns_Australia_2014	SRA:ERX240769.24261138.1	98.507	67	1	0	5129	5195	1	67	2.01e-23	119
CFAV-Cairns_Australia_2014	SRA:ERX240769.18376281.1	94.737	76	4	0	5161	5236	76	1	2.01e-23	119
CFAV-Cairns_Australia_2014	SRA:ERX240769.10421880.1	97.059	68	2	0	3152	3219	1	68	2.60e-22	115
CFAV-Cairns_Australia_2014	SRA:ERX240769.14404531.1	100.000	46	0	0	2827	2872	1	46	2.04e-13	86.1
CFAV-Cairns_Australia_2014	SRA:ERX240769.13650699.1	100.000	34	0	0	2142	2175	1	34	9.56e-07	63.9
CFAV-Macapa2_Brazil_2017	SRA:ERX240769.34968069.1	98.684	76	1	0	1987	2062	1	76	2.00e-28	135
CFAV-Macapa2_Brazil_2017	SRA:ERX240769.31289728.1	98.684	76	1	0	5875	5950	76	1	2.00e-28	135
CFAV-Macapa2_Brazil_2017	SRA:ERX240769.25513749.1	98.684	76	1	0	3488	3563	1	76	2.00e-28	135
CFAV-Macapa2_Brazil_2017	SRA:ERX240769.21906856.1	98.684	76	1	0	2867	2942	1	76	2.00e-28	135
CFAV-Macapa2_Brazil_2017	SRA:ERX240769.10943239.1	98.684	76	1	0	2340	2415	1	76	2.00e-28	135
CFAV-Macapa2_Brazil_2017	SRA:ERX240769.10055403.1	98.684	76	1	0	6389	6464	76	1	2.00e-28	135
CFAV-Macapa2_Brazil_2017	SRA:ERX240769.8911389.1	98.684	76	1	0	3524	3599	76	1	2.00e-28	135
CFAV-Macapa2_Brazil_2017	SRA:ERX240769.7345402.1	98.684	76	1	0	5756	5831	76	1	2.00e-28	135
CFAV-Macapa2_Brazil_2017	SRA:ERX240769.783836.1	98.684	76	1	0	6395	6470	76	1	2.00e-28	135
CFAV-Macapa2_Brazil_2017	SRA:ERX240769.766628.1	98.684	76	1	0	950	1025	76	1	2.00e-28	135
CFAV-Macapa2_Brazil_2017	SRA:ERX240769.32975426.1	98.667	75	1	0	6273	6347	2	76	7.18e-28	134
CFAV-Macapa2_Brazil_2017	SRA:ERX240769.20273635.1	98.649	74	1	0	5205	5278	74	1	2.58e-27	132
CFAV-Macapa2_Brazil_2017	SRA:ERX240769.1627449.1	98.649	74	1	0	2891	2964	76	3	2.58e-27	132
CFAV-Macapa2_Brazil_2017	SRA:ERX240769.34467823.1	97.368	76	2	0	5271	5346	76	1	9.29e-27	130
CFAV-Macapa2_Brazil_2017	SRA:ERX240769.34003847.1	97.368	76	2	0	3659	3734	76	1	9.29e-27	130
CFAV-Macapa2_Brazil_2017	SRA:ERX240769.31219310.1	97.368	76	2	0	3916	3991	1	76	9.29e-27	130
CFAV-Macapa2_Brazil_2017	SRA:ERX240769.31034545.1	97.368	76	2	0	3931	4006	76	1	9.29e-27	130
CFAV-Macapa2_Brazil_2017	SRA:ERX240769.30427689.1	97.368	76	2	0	6481	6556	1	76	9.29e-27	130
CFAV-Macapa2_Brazil_2017	SRA:ERX240769.20802882.1	97.368	76	2	0	2574	2649	1	76	9.29e-27	130
CFAV-Macapa2_Brazil_2017	SRA:ERX240769.9597301.1	98.630	73	1	0	2591	2663	73	1	9.29e-27	130
CFAV-Macapa2_Brazil_2017	SRA:ERX240769.9559975.1	97.368	76	2	0	5192	5267	76	1	9.29e-27	130
CFAV-Macapa2_Brazil_2017	SRA:ERX240769.9340482.1	97.368	76	2	0	3730	3805	1	76	9.29e-27	130
CFAV-Macapa2_Brazil_2017	SRA:ERX240769.3240909.1	97.368	76	2	0	2327	2402	76	1	9.29e-27	130
CFAV-Macapa2_Brazil_2017	SRA:ERX240769.13920381.1	97.333	75	2	0	5743	5817	75	1	3.34e-26	128
CFAV-Macapa2_Brazil_2017	SRA:ERX240769.17566812.1	97.297	74	2	0	890	963	3	76	1.20e-25	126
CFAV-Macapa2_Brazil_2017	SRA:ERX240769.9365780.1	97.297	74	2	0	1940	2013	74	1	1.20e-25	126
CFAV-Macapa2_Brazil_2017	SRA:ERX240769.17362052.1	96.053	76	3	0	6441	6516	76	1	4.32e-25	124
CFAV-Macapa2_Brazil_2017	SRA:ERX240769.6770148.1	97.260	73	2	0	3810	3882	1	73	4.32e-25	124
CFAV-Macapa2_Brazil_2017	SRA:ERX240769.4245333.1	96.053	76	3	0	5807	5882	1	76	4.32e-25	124
CFAV-Macapa2_Brazil_2017	SRA:ERX240769.26597241.1	96.000	75	3	0	6263	6337	75	1	1.55e-24	122
CFAV-Macapa2_Brazil_2017	SRA:ERX240769.24261138.1	95.946	74	3	0	5130	5203	1	74	5.59e-24	121
CFAV-Macapa2_Brazil_2017	SRA:ERX240769.26629715.1	94.737	76	4	0	2216	2291	1	76	2.01e-23	119
CFAV-Macapa2_Brazil_2017	SRA:ERX240769.10421880.1	95.890	73	2	1	3153	3224	1	73	7.23e-23	117
CFAV-Macapa2_Brazil_2017	SRA:ERX240769.16440002.1	96.923	65	2	0	1993	2057	76	12	1.21e-20	110
CFAV-Macapa2_Brazil_2017	SRA:ERX240769.34515825.1	90.789	76	7	0	4380	4455	1	76	2.03e-18	102
CFAV-Macapa2_Brazil_2017	SRA:ERX240769.14404531.1	100.000	46	0	0	2828	2873	1	46	2.04e-13	86.1
CFAV-Macapa2_Brazil_2017	SRA:ERX240769.17259515.1	95.455	44	2	0	1910	1953	46	3	5.71e-09	71.3
CFAV-KC_Cambodia_2015	SRA:ERX240769.34467823.1	98.684	76	1	0	5282	5357	76	1	2.00e-28	135
CFAV-KC_Cambodia_2015	SRA:ERX240769.34003847.1	98.684	76	1	0	3670	3745	76	1	2.00e-28	135
CFAV-KC_Cambodia_2015	SRA:ERX240769.24889516.1	98.684	76	1	0	6209	6284	76	1	2.00e-28	135
CFAV-KC_Cambodia_2015	SRA:ERX240769.9340482.1	98.684	76	1	0	3741	3816	1	76	2.00e-28	135
CFAV-KC_Cambodia_2015	SRA:ERX240769.8911389.1	98.684	76	1	0	3535	3610	76	1	2.00e-28	135
CFAV-KC_Cambodia_2015	SRA:ERX240769.7345402.1	98.684	76	1	0	5767	5842	76	1	2.00e-28	135
CFAV-KC_Cambodia_2015	SRA:ERX240769.31289728.1	98.667	75	1	0	5887	5961	75	1	7.19e-28	134
CFAV-KC_Cambodia_2015	SRA:ERX240769.31034545.1	97.368	76	2	0	3942	4017	76	1	9.30e-27	130
CFAV-KC_Cambodia_2015	SRA:ERX240769.18376281.1	97.368	76	2	0	5173	5248	76	1	9.30e-27	130
CFAV-KC_Cambodia_2015	SRA:ERX240769.17566812.1	97.368	76	2	0	899	974	1	76	9.30e-27	130
CFAV-KC_Cambodia_2015	SRA:ERX240769.10943239.1	97.368	76	2	0	2351	2426	1	76	9.30e-27	130
CFAV-KC_Cambodia_2015	SRA:ERX240769.9597301.1	97.368	76	2	0	2599	2674	76	1	9.30e-27	130
CFAV-KC_Cambodia_2015	SRA:ERX240769.9559975.1	97.368	76	2	0	5203	5278	76	1	9.30e-27	130
CFAV-KC_Cambodia_2015	SRA:ERX240769.6770148.1	97.368	76	2	0	3821	3896	1	76	9.30e-27	130
CFAV-KC_Cambodia_2015	SRA:ERX240769.3240909.1	97.368	76	2	0	2338	2413	76	1	9.30e-27	130
CFAV-KC_Cambodia_2015	SRA:ERX240769.3093820.1	97.368	76	2	0	858	933	76	1	9.30e-27	130
CFAV-KC_Cambodia_2015	SRA:ERX240769.766628.1	97.368	76	2	0	961	1036	76	1	9.30e-27	130
CFAV-KC_Cambodia_2015	SRA:ERX240769.13920381.1	97.333	75	2	0	5754	5828	75	1	3.34e-26	128
CFAV-KC_Cambodia_2015	SRA:ERX240769.25513749.1	97.297	74	2	0	3499	3572	1	74	1.20e-25	126
CFAV-KC_Cambodia_2015	SRA:ERX240769.21906856.1	97.297	74	2	0	2878	2951	1	74	1.20e-25	126
CFAV-KC_Cambodia_2015	SRA:ERX240769.34968069.1	96.053	76	3	0	1998	2073	1	76	4.33e-25	124
CFAV-KC_Cambodia_2015	SRA:ERX240769.31219310.1	96.053	76	3	0	3927	4002	1	76	4.33e-25	124
CFAV-KC_Cambodia_2015	SRA:ERX240769.24261138.1	96.053	76	3	0	5141	5216	1	76	4.33e-25	124
CFAV-KC_Cambodia_2015	SRA:ERX240769.20802882.1	96.053	76	3	0	2585	2660	1	76	4.33e-25	124
CFAV-KC_Cambodia_2015	SRA:ERX240769.20273635.1	96.053	76	3	0	5214	5289	76	1	4.33e-25	124
CFAV-KC_Cambodia_2015	SRA:ERX240769.9365780.1	96.053	76	3	0	1949	2024	76	1	4.33e-25	124
CFAV-KC_Cambodia_2015	SRA:ERX240769.8225840.1	96.053	76	3	0	875	950	1	76	4.33e-25	124
CFAV-KC_Cambodia_2015	SRA:ERX240769.25715663.1	96.000	75	3	0	2053	2127	75	1	1.56e-24	122
CFAV-KC_Cambodia_2015	SRA:ERX240769.34622587.1	95.890	73	3	0	2313	2385	73	1	2.01e-23	119
CFAV-KC_Cambodia_2015	SRA:ERX240769.30427689.1	94.737	76	4	0	6492	6567	1	76	2.01e-23	119
CFAV-KC_Cambodia_2015	SRA:ERX240769.17362052.1	94.737	76	4	0	6452	6527	76	1	2.01e-23	119
CFAV-KC_Cambodia_2015	SRA:ERX240769.26629715.1	94.667	75	4	0	2227	2301	1	75	7.24e-23	117
CFAV-KC_Cambodia_2015	SRA:ERX240769.1627449.1	95.775	71	3	0	2905	2975	73	3	2.60e-22	115
CFAV-KC_Cambodia_2015	SRA:ERX240769.34515825.1	93.421	76	5	0	4391	4466	1	76	9.37e-22	113
CFAV-KC_Cambodia_2015	SRA:ERX240769.32975426.1	93.421	76	5	0	6283	6358	1	76	9.37e-22	113
CFAV-KC_Cambodia_2015	SRA:ERX240769.10055403.1	93.421	76	5	0	6400	6475	76	1	9.37e-22	113
CFAV-KC_Cambodia_2015	SRA:ERX240769.4245333.1	93.421	76	5	0	5818	5893	1	76	9.37e-22	113
CFAV-KC_Cambodia_2015	SRA:ERX240769.783836.1	93.421	76	5	0	6406	6481	76	1	9.37e-22	113
CFAV-KC_Cambodia_2015	SRA:ERX240769.29195312.1	93.243	74	5	0	2080	2153	1	74	1.21e-20	110
CFAV-KC_Cambodia_2015	SRA:ERX240769.23244261.1	92.000	75	6	0	4403	4477	2	76	1.57e-19	106
CFAV-KC_Cambodia_2015	SRA:ERX240769.14404531.1	100.000	46	0	0	2839	2884	1	46	2.04e-13	86.1
CFAV-Zik_Uganda_2016	SRA:ERX240769.20273635.1	100.000	76	0	0	5214	5289	76	1	4.30e-30	141
CFAV-Zik_Uganda_2016	SRA:ERX240769.9559975.1	100.000	76	0	0	5203	5278	76	1	4.30e-30	141
CFAV-Zik_Uganda_2016	SRA:ERX240769.31289728.1	100.000	75	0	0	5887	5961	75	1	1.55e-29	139
CFAV-Zik_Uganda_2016	SRA:ERX240769.34467823.1	98.684	76	1	0	5282	5357	76	1	2.00e-28	135
CFAV-Zik_Uganda_2016	SRA:ERX240769.34003847.1	98.684	76	1	0	3670	3745	76	1	2.00e-28	135
CFAV-Zik_Uganda_2016	SRA:ERX240769.32975426.1	98.684	76	1	0	6283	6358	1	76	2.00e-28	135
CFAV-Zik_Uganda_2016	SRA:ERX240769.31219310.1	98.684	76	1	0	3927	4002	1	76	2.00e-28	135
CFAV-Zik_Uganda_2016	SRA:ERX240769.31034545.1	98.684	76	1	0	3942	4017	76	1	2.00e-28	135
CFAV-Zik_Uganda_2016	SRA:ERX240769.24261138.1	98.684	76	1	0	5141	5216	1	76	2.00e-28	135
CFAV-Zik_Uganda_2016	SRA:ERX240769.18376281.1	98.684	76	1	0	5173	5248	76	1	2.00e-28	135
CFAV-Zik_Uganda_2016	SRA:ERX240769.9340482.1	98.684	76	1	0	3741	3816	1	76	2.00e-28	135
CFAV-Zik_Uganda_2016	SRA:ERX240769.8911389.1	98.684	76	1	0	3535	3610	76	1	2.00e-28	135
CFAV-Zik_Uganda_2016	SRA:ERX240769.7345402.1	98.684	76	1	0	5767	5842	76	1	2.00e-28	135
CFAV-Zik_Uganda_2016	SRA:ERX240769.783836.1	98.684	76	1	0	6406	6481	76	1	2.00e-28	135
CFAV-Zik_Uganda_2016	SRA:ERX240769.29195312.1	97.368	76	2	0	2080	2155	1	76	9.30e-27	130
CFAV-Zik_Uganda_2016	SRA:ERX240769.26597241.1	97.368	76	2	0	6273	6348	76	1	9.30e-27	130
CFAV-Zik_Uganda_2016	SRA:ERX240769.25513749.1	97.368	76	2	0	3499	3574	1	76	9.30e-27	130
CFAV-Zik_Uganda_2016	SRA:ERX240769.24889516.1	97.368	76	2	0	6209	6284	76	1	9.30e-27	130
CFAV-Zik_Uganda_2016	SRA:ERX240769.21906856.1	97.368	76	2	0	2878	2953	1	76	9.30e-27	130
CFAV-Zik_Uganda_2016	SRA:ERX240769.20802882.1	97.368	76	2	0	2585	2660	1	76	9.30e-27	130
CFAV-Zik_Uganda_2016	SRA:ERX240769.17362052.1	97.368	76	2	0	6452	6527	76	1	9.30e-27	130
CFAV-Zik_Uganda_2016	SRA:ERX240769.10943239.1	97.368	76	2	0	2351	2426	1	76	9.30e-27	130
CFAV-Zik_Uganda_2016	SRA:ERX240769.10055403.1	97.368	76	2	0	6400	6475	76	1	9.30e-27	130
CFAV-Zik_Uganda_2016	SRA:ERX240769.9597301.1	97.368	76	2	0	2599	2674	76	1	9.30e-27	130
CFAV-Zik_Uganda_2016	SRA:ERX240769.6770148.1	97.368	76	2	0	3821	3896	1	76	9.30e-27	130
CFAV-Zik_Uganda_2016	SRA:ERX240769.3240909.1	97.368	76	2	0	2338	2413	76	1	9.30e-27	130
CFAV-Zik_Uganda_2016	SRA:ERX240769.23745728.1	97.333	75	2	0	6100	6174	75	1	3.34e-26	128
CFAV-Zik_Uganda_2016	SRA:ERX240769.13920381.1	97.333	75	2	0	5754	5828	75	1	3.34e-26	128
CFAV-Zik_Uganda_2016	SRA:ERX240769.17566812.1	97.297	74	2	0	899	972	1	74	1.20e-25	126
CFAV-Zik_Uganda_2016	SRA:ERX240769.1627449.1	97.297	74	2	0	2902	2975	76	3	1.20e-25	126
CFAV-Zik_Uganda_2016	SRA:ERX240769.34968069.1	96.053	76	3	0	1998	2073	1	76	4.33e-25	124
CFAV-Zik_Uganda_2016	SRA:ERX240769.27247438.1	96.053	76	3	0	4972	5047	76	1	4.33e-25	124
CFAV-Zik_Uganda_2016	SRA:ERX240769.26629715.1	96.053	76	3	0	2227	2302	1	76	4.33e-25	124
CFAV-Zik_Uganda_2016	SRA:ERX240769.8225840.1	96.053	76	3	0	875	950	1	76	4.33e-25	124
CFAV-Zik_Uganda_2016	SRA:ERX240769.4245333.1	96.053	76	3	0	5818	5893	1	76	4.33e-25	124
CFAV-Zik_Uganda_2016	SRA:ERX240769.766628.1	96.053	76	3	0	961	1036	76	1	4.33e-25	124
CFAV-Zik_Uganda_2016	SRA:ERX240769.25715663.1	96.000	75	3	0	2052	2126	76	2	1.56e-24	122
CFAV-Zik_Uganda_2016	SRA:ERX240769.34622587.1	95.890	73	3	0	2313	2385	73	1	2.01e-23	119
CFAV-Zik_Uganda_2016	SRA:ERX240769.34515825.1	93.421	76	5	0	4391	4466	1	76	9.37e-22	113
CFAV-Zik_Uganda_2016	SRA:ERX240769.23244261.1	93.333	75	5	0	4403	4477	2	76	3.37e-21	111
CFAV-Zik_Uganda_2016	SRA:ERX240769.16440002.1	95.385	65	3	0	2004	2068	76	12	5.64e-19	104
CFAV-Zik_Uganda_2016	SRA:ERX240769.14404531.1	97.778	45	1	0	2839	2883	1	45	3.42e-11	78.7
CFAV-Zik_Uganda_2016	SRA:ERX240769.17259515.1	95.652	46	2	0	1921	1966	46	1	4.42e-10	75.0
