CFAV-Bangkok_Thailand_2015	SRA:ERX240772.30906292.1	100.000	76	0	0	5750	5825	1	76	4.09e-30	141
CFAV-Bangkok_Thailand_2015	SRA:ERX240772.26276828.1	100.000	76	0	0	3600	3675	76	1	4.09e-30	141
CFAV-Bangkok_Thailand_2015	SRA:ERX240772.24365658.1	100.000	76	0	0	3592	3667	76	1	4.09e-30	141
CFAV-Bangkok_Thailand_2015	SRA:ERX240772.23464903.1	100.000	76	0	0	3547	3622	76	1	4.09e-30	141
CFAV-Bangkok_Thailand_2015	SRA:ERX240772.19876485.1	100.000	76	0	0	3939	4014	76	1	4.09e-30	141
CFAV-Bangkok_Thailand_2015	SRA:ERX240772.19034199.1	100.000	76	0	0	3914	3989	76	1	4.09e-30	141
CFAV-Bangkok_Thailand_2015	SRA:ERX240772.18089664.1	100.000	76	0	0	3554	3629	76	1	4.09e-30	141
CFAV-Bangkok_Thailand_2015	SRA:ERX240772.15868665.1	100.000	76	0	0	3566	3641	76	1	4.09e-30	141
CFAV-Bangkok_Thailand_2015	SRA:ERX240772.11326446.1	100.000	76	0	0	3594	3669	76	1	4.09e-30	141
CFAV-Bangkok_Thailand_2015	SRA:ERX240772.11139572.1	100.000	76	0	0	2064	2139	76	1	4.09e-30	141
CFAV-Bangkok_Thailand_2015	SRA:ERX240772.10389476.1	100.000	76	0	0	3569	3644	76	1	4.09e-30	141
CFAV-Bangkok_Thailand_2015	SRA:ERX240772.5040577.1	100.000	76	0	0	3930	4005	76	1	4.09e-30	141
CFAV-Bangkok_Thailand_2015	SRA:ERX240772.3675535.1	100.000	76	0	0	5632	5707	1	76	4.09e-30	141
CFAV-Bangkok_Thailand_2015	SRA:ERX240772.3305806.1	100.000	76	0	0	3900	3975	1	76	4.09e-30	141
CFAV-Bangkok_Thailand_2015	SRA:ERX240772.2202508.1	100.000	76	0	0	3541	3616	1	76	4.09e-30	141
CFAV-Bangkok_Thailand_2015	SRA:ERX240772.1884144.1	100.000	76	0	0	3587	3662	76	1	4.09e-30	141
CFAV-Bangkok_Thailand_2015	SRA:ERX240772.1667795.1	100.000	76	0	0	3588	3663	1	76	4.09e-30	141
CFAV-Bangkok_Thailand_2015	SRA:ERX240772.1032280.1	100.000	76	0	0	3571	3646	1	76	4.09e-30	141
CFAV-Bangkok_Thailand_2015	SRA:ERX240772.13373.1	100.000	76	0	0	3630	3705	76	1	4.09e-30	141
CFAV-Bangkok_Thailand_2015	SRA:ERX240772.6846375.1	100.000	75	0	0	2286	2360	2	76	1.47e-29	139
CFAV-Bangkok_Thailand_2015	SRA:ERX240772.30508422.1	100.000	74	0	0	5620	5693	3	76	5.30e-29	137
CFAV-Bangkok_Thailand_2015	SRA:ERX240772.25696319.1	100.000	74	0	0	3616	3689	74	1	5.30e-29	137
CFAV-Bangkok_Thailand_2015	SRA:ERX240772.32438252.1	98.684	76	1	0	6031	6106	1	76	1.90e-28	135
CFAV-Bangkok_Thailand_2015	SRA:ERX240772.29306504.1	98.684	76	1	0	3751	3826	76	1	1.90e-28	135
CFAV-Bangkok_Thailand_2015	SRA:ERX240772.28634221.1	98.684	76	1	0	3718	3793	1	76	1.90e-28	135
CFAV-Bangkok_Thailand_2015	SRA:ERX240772.27373803.1	98.684	76	1	0	5215	5290	76	1	1.90e-28	135
CFAV-Bangkok_Thailand_2015	SRA:ERX240772.27259082.1	98.684	76	1	0	5516	5591	76	1	1.90e-28	135
CFAV-Bangkok_Thailand_2015	SRA:ERX240772.23722737.1	98.684	76	1	0	5602	5677	1	76	1.90e-28	135
CFAV-Bangkok_Thailand_2015	SRA:ERX240772.23421242.1	98.684	76	1	0	2825	2900	76	1	1.90e-28	135
CFAV-Bangkok_Thailand_2015	SRA:ERX240772.21733603.1	98.684	76	1	0	990	1065	1	76	1.90e-28	135
CFAV-Bangkok_Thailand_2015	SRA:ERX240772.21656874.1	98.684	76	1	0	2155	2230	76	1	1.90e-28	135
CFAV-Bangkok_Thailand_2015	SRA:ERX240772.20459109.1	98.684	76	1	0	5602	5677	76	1	1.90e-28	135
CFAV-Bangkok_Thailand_2015	SRA:ERX240772.18760716.1	98.684	76	1	0	4023	4098	76	1	1.90e-28	135
CFAV-Bangkok_Thailand_2015	SRA:ERX240772.17926955.1	98.684	76	1	0	2083	2158	76	1	1.90e-28	135
CFAV-Bangkok_Thailand_2015	SRA:ERX240772.16755062.1	98.684	76	1	0	2825	2900	1	76	1.90e-28	135
CFAV-Bangkok_Thailand_2015	SRA:ERX240772.15983064.1	98.684	76	1	0	5244	5319	76	1	1.90e-28	135
CFAV-Bangkok_Thailand_2015	SRA:ERX240772.14031183.1	98.684	76	1	0	6130	6205	1	76	1.90e-28	135
CFAV-Bangkok_Thailand_2015	SRA:ERX240772.13148451.1	98.684	76	1	0	3724	3799	1	76	1.90e-28	135
CFAV-Bangkok_Thailand_2015	SRA:ERX240772.12435137.1	98.684	76	1	0	3721	3796	1	76	1.90e-28	135
CFAV-Bangkok_Thailand_2015	SRA:ERX240772.12214703.1	98.684	76	1	0	2315	2390	1	76	1.90e-28	135
CFAV-Bangkok_Thailand_2015	SRA:ERX240772.12112934.1	98.684	76	1	0	5244	5319	76	1	1.90e-28	135
CFAV-Bangkok_Thailand_2015	SRA:ERX240772.11814587.1	98.684	76	1	0	3892	3967	76	1	1.90e-28	135
CFAV-Bangkok_Thailand_2015	SRA:ERX240772.7645169.1	98.684	76	1	0	5597	5672	76	1	1.90e-28	135
CFAV-Bangkok_Thailand_2015	SRA:ERX240772.1624274.1	98.684	76	1	0	2171	2246	76	1	1.90e-28	135
CFAV-Bangkok_Thailand_2015	SRA:ERX240772.266075.1	98.684	76	1	0	3721	3796	1	76	1.90e-28	135
CFAV-Bangkok_Thailand_2015	SRA:ERX240772.28331841.1	98.667	75	1	0	6036	6110	1	75	6.85e-28	134
CFAV-Bangkok_Thailand_2015	SRA:ERX240772.10029167.1	98.667	75	1	0	5845	5919	2	76	6.85e-28	134
CFAV-Bangkok_Thailand_2015	SRA:ERX240772.25925838.1	98.649	74	1	0	4578	4651	1	74	2.46e-27	132
CFAV-Bangkok_Thailand_2015	SRA:ERX240772.6501657.1	98.649	74	1	0	2320	2393	76	3	2.46e-27	132
CFAV-Bangkok_Thailand_2015	SRA:ERX240772.33395308.1	97.368	76	2	0	4055	4130	76	1	8.86e-27	130
CFAV-Bangkok_Thailand_2015	SRA:ERX240772.33296044.1	98.630	73	1	0	3656	3728	1	73	8.86e-27	130
CFAV-Bangkok_Thailand_2015	SRA:ERX240772.32613366.1	97.368	76	2	0	3051	3126	76	1	8.86e-27	130
CFAV-Bangkok_Thailand_2015	SRA:ERX240772.32588789.1	97.368	76	2	0	6326	6401	76	1	8.86e-27	130
CFAV-Bangkok_Thailand_2015	SRA:ERX240772.31987246.1	97.368	76	2	0	4325	4400	76	1	8.86e-27	130
CFAV-Bangkok_Thailand_2015	SRA:ERX240772.31416042.1	97.368	76	2	0	5702	5777	1	76	8.86e-27	130
CFAV-Bangkok_Thailand_2015	SRA:ERX240772.31185630.1	97.368	76	2	0	5566	5641	1	76	8.86e-27	130
CFAV-Bangkok_Thailand_2015	SRA:ERX240772.30776024.1	97.368	76	2	0	6480	6555	1	76	8.86e-27	130
CFAV-Bangkok_Thailand_2015	SRA:ERX240772.30691617.1	97.368	76	2	0	3525	3600	76	1	8.86e-27	130
CFAV-Bangkok_Thailand_2015	SRA:ERX240772.30006620.1	97.368	76	2	0	2222	2297	1	76	8.86e-27	130
CFAV-Bangkok_Thailand_2015	SRA:ERX240772.29489099.1	97.368	76	2	0	2039	2114	76	1	8.86e-27	130
CFAV-Bangkok_Thailand_2015	SRA:ERX240772.28211179.1	97.368	76	2	0	6367	6442	76	1	8.86e-27	130
CFAV-Bangkok_Thailand_2015	SRA:ERX240772.26604696.1	97.368	76	2	0	4554	4629	76	1	8.86e-27	130
CFAV-Bangkok_Thailand_2015	SRA:ERX240772.25379674.1	97.368	76	2	0	5706	5781	1	76	8.86e-27	130
CFAV-Bangkok_Thailand_2015	SRA:ERX240772.24311697.1	97.368	76	2	0	5727	5802	1	76	8.86e-27	130
CFAV-Bangkok_Thailand_2015	SRA:ERX240772.23521597.1	97.368	76	2	0	5706	5781	1	76	8.86e-27	130
CFAV-Bangkok_Thailand_2015	SRA:ERX240772.22749936.1	97.368	76	2	0	5036	5111	76	1	8.86e-27	130
CFAV-Bangkok_Thailand_2015	SRA:ERX240772.22396541.1	97.368	76	2	0	6421	6496	76	1	8.86e-27	130
CFAV-Bangkok_Thailand_2015	SRA:ERX240772.21672110.1	97.368	76	2	0	5838	5913	1	76	8.86e-27	130
CFAV-Bangkok_Thailand_2015	SRA:ERX240772.21553469.1	97.368	76	2	0	2018	2093	76	1	8.86e-27	130
CFAV-Bangkok_Thailand_2015	SRA:ERX240772.20536552.1	97.368	76	2	0	5322	5397	1	76	8.86e-27	130
CFAV-Bangkok_Thailand_2015	SRA:ERX240772.18772601.1	97.368	76	2	0	2208	2283	1	76	8.86e-27	130
CFAV-Bangkok_Thailand_2015	SRA:ERX240772.17703872.1	97.368	76	2	0	6479	6554	1	76	8.86e-27	130
CFAV-Bangkok_Thailand_2015	SRA:ERX240772.17482802.1	97.368	76	2	0	2019	2094	76	1	8.86e-27	130
CFAV-Bangkok_Thailand_2015	SRA:ERX240772.16743733.1	97.368	76	2	0	5889	5964	1	76	8.86e-27	130
CFAV-Bangkok_Thailand_2015	SRA:ERX240772.15482580.1	97.368	76	2	0	3051	3126	76	1	8.86e-27	130
CFAV-Bangkok_Thailand_2015	SRA:ERX240772.15417617.1	97.368	76	2	0	2809	2884	1	76	8.86e-27	130
CFAV-Bangkok_Thailand_2015	SRA:ERX240772.13665303.1	97.368	76	2	0	2037	2112	76	1	8.86e-27	130
CFAV-Bangkok_Thailand_2015	SRA:ERX240772.13564973.1	97.368	76	2	0	4335	4410	1	76	8.86e-27	130
CFAV-Bangkok_Thailand_2015	SRA:ERX240772.13361544.1	97.368	76	2	0	5702	5777	1	76	8.86e-27	130
CFAV-Bangkok_Thailand_2015	SRA:ERX240772.12804740.1	97.368	76	2	0	3285	3360	1	76	8.86e-27	130
CFAV-Bangkok_Thailand_2015	SRA:ERX240772.10247406.1	97.368	76	2	0	6455	6530	76	1	8.86e-27	130
CFAV-Bangkok_Thailand_2015	SRA:ERX240772.10075666.1	97.368	76	2	0	6421	6496	76	1	8.86e-27	130
CFAV-Bangkok_Thailand_2015	SRA:ERX240772.5189349.1	97.368	76	2	0	3183	3258	1	76	8.86e-27	130
CFAV-Bangkok_Thailand_2015	SRA:ERX240772.3757508.1	97.368	76	2	0	3800	3875	76	1	8.86e-27	130
CFAV-Bangkok_Thailand_2015	SRA:ERX240772.3170796.1	97.368	76	2	0	2853	2928	76	1	8.86e-27	130
CFAV-Bangkok_Thailand_2015	SRA:ERX240772.3150579.1	97.368	76	2	0	3076	3151	1	76	8.86e-27	130
CFAV-Bangkok_Thailand_2015	SRA:ERX240772.1896895.1	97.368	76	2	0	5725	5800	1	76	8.86e-27	130
CFAV-Bangkok_Thailand_2015	SRA:ERX240772.1818756.1	97.368	76	2	0	2565	2640	1	76	8.86e-27	130
CFAV-Bangkok_Thailand_2015	SRA:ERX240772.1282199.1	97.368	76	2	0	2802	2877	1	76	8.86e-27	130
CFAV-Bangkok_Thailand_2015	SRA:ERX240772.521405.1	97.368	76	2	0	2812	2887	1	76	8.86e-27	130
CFAV-Bangkok_Thailand_2015	SRA:ERX240772.29692242.1	97.333	75	2	0	745	819	2	76	3.19e-26	128
CFAV-Bangkok_Thailand_2015	SRA:ERX240772.21956794.1	98.611	72	1	0	2970	3041	74	3	3.19e-26	128
CFAV-Bangkok_Thailand_2015	SRA:ERX240772.17632196.1	97.333	75	2	0	3043	3117	2	76	3.19e-26	128
CFAV-Bangkok_Thailand_2015	SRA:ERX240772.33567457.1	97.297	74	2	0	6052	6125	1	74	1.15e-25	126
CFAV-Bangkok_Thailand_2015	SRA:ERX240772.14933167.1	97.297	74	2	0	6331	6404	76	3	1.15e-25	126
CFAV-Bangkok_Thailand_2015	SRA:ERX240772.12633102.1	97.297	74	2	0	4982	5055	3	76	1.15e-25	126
CFAV-Bangkok_Thailand_2015	SRA:ERX240772.5604054.1	97.297	74	2	0	6271	6344	76	3	1.15e-25	126
CFAV-Bangkok_Thailand_2015	SRA:ERX240772.29674226.1	96.053	76	3	0	5553	5628	76	1	4.12e-25	124
CFAV-Bangkok_Thailand_2015	SRA:ERX240772.26703011.1	96.053	76	3	0	3069	3144	1	76	4.12e-25	124
CFAV-Bangkok_Thailand_2015	SRA:ERX240772.22918063.1	96.053	76	3	0	2563	2638	76	1	4.12e-25	124
CFAV-Bangkok_Thailand_2015	SRA:ERX240772.22177868.1	96.053	76	3	0	2498	2573	1	76	4.12e-25	124
CFAV-Bangkok_Thailand_2015	SRA:ERX240772.17772558.1	96.053	76	3	0	3146	3221	1	76	4.12e-25	124
CFAV-Bangkok_Thailand_2015	SRA:ERX240772.11104971.1	96.053	76	3	0	6006	6081	76	1	4.12e-25	124
CFAV-Bangkok_Thailand_2015	SRA:ERX240772.10353815.1	96.053	76	3	0	4540	4615	1	76	4.12e-25	124
CFAV-Bangkok_Thailand_2015	SRA:ERX240772.4404924.1	96.053	76	3	0	6434	6509	76	1	4.12e-25	124
CFAV-Bangkok_Thailand_2015	SRA:ERX240772.3193366.1	97.260	73	2	0	6053	6125	1	73	4.12e-25	124
CFAV-Bangkok_Thailand_2015	SRA:ERX240772.2221634.1	96.053	76	3	0	6150	6225	1	76	4.12e-25	124
CFAV-Bangkok_Thailand_2015	SRA:ERX240772.1416807.1	97.260	73	2	0	4362	4434	76	4	4.12e-25	124
CFAV-Bangkok_Thailand_2015	SRA:ERX240772.32824228.1	96.000	75	3	0	927	1001	2	76	1.48e-24	122
CFAV-Bangkok_Thailand_2015	SRA:ERX240772.16484294.1	96.000	75	3	0	3146	3220	75	1	1.48e-24	122
CFAV-Bangkok_Thailand_2015	SRA:ERX240772.25824767.1	95.946	74	3	0	4309	4382	74	1	5.33e-24	121
CFAV-Bangkok_Thailand_2015	SRA:ERX240772.22361388.1	95.946	74	3	0	5092	5165	1	74	5.33e-24	121
CFAV-Bangkok_Thailand_2015	SRA:ERX240772.10868457.1	95.946	74	3	0	5092	5165	2	75	5.33e-24	121
CFAV-Bangkok_Thailand_2015	SRA:ERX240772.32221493.1	94.737	76	4	0	5367	5442	1	76	1.92e-23	119
CFAV-Bangkok_Thailand_2015	SRA:ERX240772.31976995.1	94.737	76	4	0	3279	3354	1	76	1.92e-23	119
CFAV-Bangkok_Thailand_2015	SRA:ERX240772.30861831.1	95.890	73	3	0	4070	4142	1	73	1.92e-23	119
CFAV-Bangkok_Thailand_2015	SRA:ERX240772.29571810.1	94.737	76	4	0	4157	4232	1	76	1.92e-23	119
CFAV-Bangkok_Thailand_2015	SRA:ERX240772.27776088.1	94.737	76	4	0	3127	3202	1	76	1.92e-23	119
CFAV-Bangkok_Thailand_2015	SRA:ERX240772.26252936.1	94.737	76	4	0	4157	4232	1	76	1.92e-23	119
CFAV-Bangkok_Thailand_2015	SRA:ERX240772.21023912.1	94.737	76	4	0	4475	4550	1	76	1.92e-23	119
CFAV-Bangkok_Thailand_2015	SRA:ERX240772.20912444.1	94.737	76	4	0	4389	4464	76	1	1.92e-23	119
CFAV-Bangkok_Thailand_2015	SRA:ERX240772.19701145.1	94.737	76	4	0	5331	5406	76	1	1.92e-23	119
CFAV-Bangkok_Thailand_2015	SRA:ERX240772.18222862.1	95.890	73	3	0	3163	3235	73	1	1.92e-23	119
CFAV-Bangkok_Thailand_2015	SRA:ERX240772.15380418.1	94.737	76	4	0	4283	4358	76	1	1.92e-23	119
CFAV-Bangkok_Thailand_2015	SRA:ERX240772.13796548.1	94.737	76	4	0	4412	4487	76	1	1.92e-23	119
CFAV-Bangkok_Thailand_2015	SRA:ERX240772.13536577.1	95.890	73	3	0	3114	3186	1	73	1.92e-23	119
CFAV-Bangkok_Thailand_2015	SRA:ERX240772.11911957.1	97.143	70	2	0	859	928	1	70	1.92e-23	119
CFAV-Bangkok_Thailand_2015	SRA:ERX240772.10766469.1	94.737	76	4	0	2389	2464	76	1	1.92e-23	119
CFAV-Bangkok_Thailand_2015	SRA:ERX240772.3430492.1	94.737	76	4	0	5110	5185	1	76	1.92e-23	119
CFAV-Bangkok_Thailand_2015	SRA:ERX240772.2424144.1	94.737	76	4	0	4366	4441	1	76	1.92e-23	119
CFAV-Bangkok_Thailand_2015	SRA:ERX240772.2015982.1	94.737	76	4	0	4390	4465	76	1	1.92e-23	119
CFAV-Bangkok_Thailand_2015	SRA:ERX240772.33286006.1	94.667	75	4	0	4272	4346	76	2	6.90e-23	117
CFAV-Bangkok_Thailand_2015	SRA:ERX240772.31557454.1	95.833	72	3	0	3319	3390	1	72	6.90e-23	117
CFAV-Bangkok_Thailand_2015	SRA:ERX240772.12249606.1	94.667	75	4	0	4158	4232	2	76	6.90e-23	117
CFAV-Bangkok_Thailand_2015	SRA:ERX240772.3870664.1	94.595	74	4	0	4162	4235	1	74	2.48e-22	115
CFAV-Bangkok_Thailand_2015	SRA:ERX240772.82494.1	95.775	71	3	0	727	797	6	76	2.48e-22	115
CFAV-Bangkok_Thailand_2015	SRA:ERX240772.25025336.1	93.421	76	5	0	1821	1896	76	1	8.92e-22	113
CFAV-Bangkok_Thailand_2015	SRA:ERX240772.13270143.1	93.421	76	5	0	4411	4486	76	1	8.92e-22	113
CFAV-Bangkok_Thailand_2015	SRA:ERX240772.1778161.1	93.421	76	5	0	1826	1901	76	1	8.92e-22	113
CFAV-Bangkok_Thailand_2015	SRA:ERX240772.2039139.1	94.444	72	4	0	2003	2074	4	75	3.21e-21	111
CFAV-Bangkok_Thailand_2015	SRA:ERX240772.16898256.1	93.333	75	4	1	4117	4190	76	2	1.15e-20	110
CFAV-Bangkok_Thailand_2015	SRA:ERX240772.7711421.1	92.105	76	6	0	2477	2552	1	76	4.15e-20	108
CFAV-Bangkok_Thailand_2015	SRA:ERX240772.26624785.1	96.721	61	2	0	727	787	16	76	1.93e-18	102
CFAV-Bangkok_Thailand_2015	SRA:ERX240772.28307236.1	96.154	52	1	1	4604	4655	1	51	7.00e-13	84.2
CFAV-Bangkok_Thailand_2015	SRA:ERX240772.21000750.1	97.872	47	1	0	3712	3758	47	1	2.52e-12	82.4
CFAV-Bangkok_Thailand_2015	SRA:ERX240772.2538702.1	97.561	41	1	0	6517	6557	76	36	5.45e-09	71.3
NC_001564	SRA:ERX240772.32221493.1	100.000	76	0	0	5374	5449	1	76	4.10e-30	141
NC_001564	SRA:ERX240772.31416042.1	100.000	76	0	0	5709	5784	1	76	4.10e-30	141
NC_001564	SRA:ERX240772.30691617.1	100.000	76	0	0	3532	3607	76	1	4.10e-30	141
NC_001564	SRA:ERX240772.30508422.1	100.000	76	0	0	5625	5700	1	76	4.10e-30	141
NC_001564	SRA:ERX240772.29692242.1	100.000	76	0	0	751	826	1	76	4.10e-30	141
NC_001564	SRA:ERX240772.29306504.1	100.000	76	0	0	3758	3833	76	1	4.10e-30	141
NC_001564	SRA:ERX240772.27373803.1	100.000	76	0	0	5222	5297	76	1	4.10e-30	141
NC_001564	SRA:ERX240772.26276828.1	100.000	76	0	0	3607	3682	76	1	4.10e-30	141
NC_001564	SRA:ERX240772.25379674.1	100.000	76	0	0	5713	5788	1	76	4.10e-30	141
NC_001564	SRA:ERX240772.24365658.1	100.000	76	0	0	3599	3674	76	1	4.10e-30	141
NC_001564	SRA:ERX240772.23521597.1	100.000	76	0	0	5713	5788	1	76	4.10e-30	141
NC_001564	SRA:ERX240772.23464903.1	100.000	76	0	0	3554	3629	76	1	4.10e-30	141
NC_001564	SRA:ERX240772.22361388.1	100.000	76	0	0	5099	5174	1	76	4.10e-30	141
NC_001564	SRA:ERX240772.21956794.1	100.000	76	0	0	2975	3050	76	1	4.10e-30	141
NC_001564	SRA:ERX240772.19876485.1	100.000	76	0	0	3946	4021	76	1	4.10e-30	141
NC_001564	SRA:ERX240772.18760716.1	100.000	76	0	0	4030	4105	76	1	4.10e-30	141
NC_001564	SRA:ERX240772.18089664.1	100.000	76	0	0	3561	3636	76	1	4.10e-30	141
NC_001564	SRA:ERX240772.15983064.1	100.000	76	0	0	5251	5326	76	1	4.10e-30	141
NC_001564	SRA:ERX240772.15868665.1	100.000	76	0	0	3573	3648	76	1	4.10e-30	141
NC_001564	SRA:ERX240772.13361544.1	100.000	76	0	0	5709	5784	1	76	4.10e-30	141
NC_001564	SRA:ERX240772.12112934.1	100.000	76	0	0	5251	5326	76	1	4.10e-30	141
NC_001564	SRA:ERX240772.11326446.1	100.000	76	0	0	3601	3676	76	1	4.10e-30	141
NC_001564	SRA:ERX240772.10868457.1	100.000	76	0	0	5098	5173	1	76	4.10e-30	141
NC_001564	SRA:ERX240772.10389476.1	100.000	76	0	0	3576	3651	76	1	4.10e-30	141
NC_001564	SRA:ERX240772.3675535.1	100.000	76	0	0	5639	5714	1	76	4.10e-30	141
NC_001564	SRA:ERX240772.3430492.1	100.000	76	0	0	5117	5192	1	76	4.10e-30	141
NC_001564	SRA:ERX240772.2202508.1	100.000	76	0	0	3548	3623	1	76	4.10e-30	141
NC_001564	SRA:ERX240772.1884144.1	100.000	76	0	0	3594	3669	76	1	4.10e-30	141
NC_001564	SRA:ERX240772.1667795.1	100.000	76	0	0	3595	3670	1	76	4.10e-30	141
NC_001564	SRA:ERX240772.1032280.1	100.000	76	0	0	3578	3653	1	76	4.10e-30	141
NC_001564	SRA:ERX240772.13373.1	100.000	76	0	0	3637	3712	76	1	4.10e-30	141
NC_001564	SRA:ERX240772.21733603.1	100.000	75	0	0	998	1072	2	76	1.48e-29	139
NC_001564	SRA:ERX240772.25696319.1	100.000	74	0	0	3623	3696	74	1	5.31e-29	137
NC_001564	SRA:ERX240772.33633407.1	98.684	76	1	0	3117	3192	1	76	1.91e-28	135
NC_001564	SRA:ERX240772.33395308.1	98.684	76	1	0	4062	4137	76	1	1.91e-28	135
NC_001564	SRA:ERX240772.30906292.1	98.684	76	1	0	5757	5832	1	76	1.91e-28	135
NC_001564	SRA:ERX240772.30776024.1	98.684	76	1	0	6487	6562	1	76	1.91e-28	135
NC_001564	SRA:ERX240772.30006620.1	98.684	76	1	0	2229	2304	1	76	1.91e-28	135
NC_001564	SRA:ERX240772.29571810.1	98.684	76	1	0	4164	4239	1	76	1.91e-28	135
NC_001564	SRA:ERX240772.28211179.1	98.684	76	1	0	6374	6449	76	1	1.91e-28	135
NC_001564	SRA:ERX240772.27259082.1	98.684	76	1	0	5523	5598	76	1	1.91e-28	135
NC_001564	SRA:ERX240772.26252936.1	98.684	76	1	0	4164	4239	1	76	1.91e-28	135
NC_001564	SRA:ERX240772.26135169.1	98.684	76	1	0	888	963	1	76	1.91e-28	135
NC_001564	SRA:ERX240772.24311697.1	98.684	76	1	0	5734	5809	1	76	1.91e-28	135
NC_001564	SRA:ERX240772.23722737.1	98.684	76	1	0	5609	5684	1	76	1.91e-28	135
NC_001564	SRA:ERX240772.22396541.1	98.684	76	1	0	6428	6503	76	1	1.91e-28	135
NC_001564	SRA:ERX240772.22177868.1	98.684	76	1	0	2505	2580	1	76	1.91e-28	135
NC_001564	SRA:ERX240772.20459109.1	98.684	76	1	0	5609	5684	76	1	1.91e-28	135
NC_001564	SRA:ERX240772.19034199.1	98.684	76	1	0	3921	3996	76	1	1.91e-28	135
NC_001564	SRA:ERX240772.18772601.1	98.684	76	1	0	2215	2290	1	76	1.91e-28	135
NC_001564	SRA:ERX240772.17703872.1	98.684	76	1	0	6486	6561	1	76	1.91e-28	135
NC_001564	SRA:ERX240772.15417617.1	98.684	76	1	0	2816	2891	1	76	1.91e-28	135
NC_001564	SRA:ERX240772.13536577.1	100.000	73	0	0	3121	3193	1	73	1.91e-28	135
NC_001564	SRA:ERX240772.12214703.1	98.684	76	1	0	2322	2397	1	76	1.91e-28	135
NC_001564	SRA:ERX240772.10075666.1	98.684	76	1	0	6428	6503	76	1	1.91e-28	135
NC_001564	SRA:ERX240772.7711421.1	98.684	76	1	0	2484	2559	1	76	1.91e-28	135
NC_001564	SRA:ERX240772.7645169.1	98.684	76	1	0	5604	5679	76	1	1.91e-28	135
NC_001564	SRA:ERX240772.6501657.1	98.684	76	1	0	2327	2402	76	1	1.91e-28	135
NC_001564	SRA:ERX240772.5040577.1	100.000	73	0	0	3940	4012	73	1	1.91e-28	135
NC_001564	SRA:ERX240772.3870664.1	98.684	76	1	0	4169	4244	1	76	1.91e-28	135
NC_001564	SRA:ERX240772.3757508.1	98.684	76	1	0	3807	3882	76	1	1.91e-28	135
NC_001564	SRA:ERX240772.3150579.1	98.684	76	1	0	3083	3158	1	76	1.91e-28	135
NC_001564	SRA:ERX240772.2280079.1	98.684	76	1	0	888	963	1	76	1.91e-28	135
NC_001564	SRA:ERX240772.1896895.1	98.684	76	1	0	5732	5807	1	76	1.91e-28	135
NC_001564	SRA:ERX240772.1818756.1	98.684	76	1	0	2572	2647	1	76	1.91e-28	135
NC_001564	SRA:ERX240772.1282199.1	98.684	76	1	0	2809	2884	1	76	1.91e-28	135
NC_001564	SRA:ERX240772.521405.1	98.684	76	1	0	2819	2894	1	76	1.91e-28	135
NC_001564	SRA:ERX240772.32824228.1	98.667	75	1	0	934	1008	2	76	6.86e-28	134
NC_001564	SRA:ERX240772.12249606.1	98.667	75	1	0	4165	4239	2	76	6.86e-28	134
NC_001564	SRA:ERX240772.6846375.1	98.667	75	1	0	2293	2367	2	76	6.86e-28	134
NC_001564	SRA:ERX240772.6238895.1	98.667	75	1	0	5394	5468	2	76	6.86e-28	134
NC_001564	SRA:ERX240772.33296044.1	98.649	74	1	0	3663	3736	1	74	2.47e-27	132
NC_001564	SRA:ERX240772.12804740.1	98.649	74	1	0	3294	3367	3	76	2.47e-27	132
NC_001564	SRA:ERX240772.32613366.1	97.368	76	2	0	3058	3133	76	1	8.88e-27	130
NC_001564	SRA:ERX240772.32588789.1	97.368	76	2	0	6333	6408	76	1	8.88e-27	130
NC_001564	SRA:ERX240772.31185630.1	97.368	76	2	0	5573	5648	1	76	8.88e-27	130
NC_001564	SRA:ERX240772.30861831.1	98.630	73	1	0	4077	4149	1	73	8.88e-27	130
NC_001564	SRA:ERX240772.30341682.1	97.368	76	2	0	3391	3466	1	76	8.88e-27	130
NC_001564	SRA:ERX240772.29674226.1	97.368	76	2	0	5560	5635	76	1	8.88e-27	130
NC_001564	SRA:ERX240772.26703011.1	97.368	76	2	0	3076	3151	1	76	8.88e-27	130
NC_001564	SRA:ERX240772.26604696.1	97.368	76	2	0	4561	4636	76	1	8.88e-27	130
NC_001564	SRA:ERX240772.23421242.1	97.368	76	2	0	2832	2907	76	1	8.88e-27	130
NC_001564	SRA:ERX240772.22918063.1	97.368	76	2	0	2570	2645	76	1	8.88e-27	130
NC_001564	SRA:ERX240772.22874902.1	97.368	76	2	0	3037	3112	76	1	8.88e-27	130
NC_001564	SRA:ERX240772.22749936.1	97.368	76	2	0	5043	5118	76	1	8.88e-27	130
NC_001564	SRA:ERX240772.21656874.1	97.368	76	2	0	2162	2237	76	1	8.88e-27	130
NC_001564	SRA:ERX240772.19701145.1	97.368	76	2	0	5338	5413	76	1	8.88e-27	130
NC_001564	SRA:ERX240772.17926955.1	97.368	76	2	0	2090	2165	76	1	8.88e-27	130
NC_001564	SRA:ERX240772.17632196.1	97.368	76	2	0	3049	3124	1	76	8.88e-27	130
NC_001564	SRA:ERX240772.16898256.1	97.368	76	2	0	4124	4199	76	1	8.88e-27	130
NC_001564	SRA:ERX240772.16755062.1	97.368	76	2	0	2832	2907	1	76	8.88e-27	130
NC_001564	SRA:ERX240772.16340835.1	97.368	76	2	0	2672	2747	1	76	8.88e-27	130
NC_001564	SRA:ERX240772.15482580.1	97.368	76	2	0	3058	3133	76	1	8.88e-27	130
NC_001564	SRA:ERX240772.14933167.1	97.368	76	2	0	6338	6413	76	1	8.88e-27	130
NC_001564	SRA:ERX240772.13564973.1	97.368	76	2	0	4342	4417	1	76	8.88e-27	130
NC_001564	SRA:ERX240772.11814587.1	97.368	76	2	0	3899	3974	76	1	8.88e-27	130
NC_001564	SRA:ERX240772.11104971.1	97.368	76	2	0	6013	6088	76	1	8.88e-27	130
NC_001564	SRA:ERX240772.10353815.1	97.368	76	2	0	4547	4622	1	76	8.88e-27	130
NC_001564	SRA:ERX240772.10247406.1	97.368	76	2	0	6462	6537	76	1	8.88e-27	130
NC_001564	SRA:ERX240772.7952946.1	98.630	73	1	0	2468	2540	73	1	8.88e-27	130
NC_001564	SRA:ERX240772.5604054.1	97.368	76	2	0	6278	6353	76	1	8.88e-27	130
NC_001564	SRA:ERX240772.4404924.1	97.368	76	2	0	6441	6516	76	1	8.88e-27	130
NC_001564	SRA:ERX240772.4256134.1	97.368	76	2	0	4495	4570	76	1	8.88e-27	130
NC_001564	SRA:ERX240772.3305806.1	97.368	76	2	0	3907	3982	1	76	8.88e-27	130
NC_001564	SRA:ERX240772.1982779.1	97.368	76	2	0	4495	4570	76	1	8.88e-27	130
NC_001564	SRA:ERX240772.1624274.1	97.368	76	2	0	2178	2253	76	1	8.88e-27	130
NC_001564	SRA:ERX240772.25925838.1	97.333	75	2	0	4585	4659	1	75	3.19e-26	128
NC_001564	SRA:ERX240772.25025336.1	97.333	75	2	0	1829	1903	75	1	3.19e-26	128
NC_001564	SRA:ERX240772.16743733.1	97.333	75	2	0	5897	5971	2	76	3.19e-26	128
NC_001564	SRA:ERX240772.27776088.1	97.297	74	2	0	3134	3207	1	74	1.15e-25	126
NC_001564	SRA:ERX240772.2424144.1	97.297	74	2	0	4373	4446	1	74	1.15e-25	126
NC_001564	SRA:ERX240772.33567457.1	96.053	76	3	0	6059	6134	1	76	4.13e-25	124
NC_001564	SRA:ERX240772.32438252.1	96.053	76	3	0	6038	6113	1	76	4.13e-25	124
NC_001564	SRA:ERX240772.31987246.1	96.053	76	3	0	4332	4407	76	1	4.13e-25	124
NC_001564	SRA:ERX240772.29489099.1	96.053	76	3	0	2046	2121	76	1	4.13e-25	124
NC_001564	SRA:ERX240772.21553469.1	96.053	76	3	0	2025	2100	76	1	4.13e-25	124
NC_001564	SRA:ERX240772.21023912.1	96.053	76	3	0	4482	4557	1	76	4.13e-25	124
NC_001564	SRA:ERX240772.20912444.1	96.053	76	3	0	4396	4471	76	1	4.13e-25	124
NC_001564	SRA:ERX240772.20536552.1	96.053	76	3	0	5329	5404	1	76	4.13e-25	124
NC_001564	SRA:ERX240772.18222862.1	96.053	76	3	0	3167	3242	76	1	4.13e-25	124
NC_001564	SRA:ERX240772.17772558.1	96.053	76	3	0	3153	3228	1	76	4.13e-25	124
NC_001564	SRA:ERX240772.17482802.1	96.053	76	3	0	2026	2101	76	1	4.13e-25	124
NC_001564	SRA:ERX240772.14180037.1	96.053	76	3	0	2891	2966	76	1	4.13e-25	124
NC_001564	SRA:ERX240772.14031183.1	96.053	76	3	0	6137	6212	1	76	4.13e-25	124
NC_001564	SRA:ERX240772.13796548.1	96.053	76	3	0	4419	4494	76	1	4.13e-25	124
NC_001564	SRA:ERX240772.13665303.1	96.053	76	3	0	2044	2119	76	1	4.13e-25	124
NC_001564	SRA:ERX240772.12633102.1	96.053	76	3	0	4987	5062	1	76	4.13e-25	124
NC_001564	SRA:ERX240772.11911957.1	96.053	76	3	0	866	941	1	76	4.13e-25	124
NC_001564	SRA:ERX240772.11139572.1	96.053	76	3	0	2071	2146	76	1	4.13e-25	124
NC_001564	SRA:ERX240772.10766469.1	96.053	76	3	0	2396	2471	76	1	4.13e-25	124
NC_001564	SRA:ERX240772.8573869.1	96.053	76	3	0	2875	2950	1	76	4.13e-25	124
NC_001564	SRA:ERX240772.8281781.1	96.053	76	3	0	5411	5486	76	1	4.13e-25	124
NC_001564	SRA:ERX240772.3193366.1	96.053	76	3	0	6060	6135	1	76	4.13e-25	124
NC_001564	SRA:ERX240772.2221634.1	96.053	76	3	0	6157	6232	1	76	4.13e-25	124
NC_001564	SRA:ERX240772.2015982.1	96.053	76	3	0	4397	4472	76	1	4.13e-25	124
NC_001564	SRA:ERX240772.1778161.1	96.053	76	3	0	1833	1908	76	1	4.13e-25	124
NC_001564	SRA:ERX240772.1416807.1	96.053	76	3	0	4369	4444	76	1	4.13e-25	124
NC_001564	SRA:ERX240772.1189323.1	96.053	76	3	0	5305	5380	1	76	4.13e-25	124
NC_001564	SRA:ERX240772.28331841.1	96.000	75	3	0	6043	6117	1	75	1.49e-24	122
NC_001564	SRA:ERX240772.16484294.1	96.000	75	3	0	3153	3227	75	1	1.49e-24	122
NC_001564	SRA:ERX240772.82494.1	100.000	66	0	0	739	804	11	76	1.49e-24	122
NC_001564	SRA:ERX240772.31976995.1	94.737	76	4	0	3286	3361	1	76	1.92e-23	119
NC_001564	SRA:ERX240772.28634221.1	94.737	76	4	0	3725	3800	1	76	1.92e-23	119
NC_001564	SRA:ERX240772.25432791.1	94.737	76	4	0	4267	4342	76	1	1.92e-23	119
NC_001564	SRA:ERX240772.24753895.1	94.737	76	4	0	2896	2971	76	1	1.92e-23	119
NC_001564	SRA:ERX240772.14851230.1	94.737	76	4	0	1971	2046	76	1	1.92e-23	119
NC_001564	SRA:ERX240772.14462123.1	94.737	76	4	0	4273	4348	76	1	1.92e-23	119
NC_001564	SRA:ERX240772.13270143.1	94.737	76	4	0	4418	4493	76	1	1.92e-23	119
NC_001564	SRA:ERX240772.13148451.1	94.737	76	4	0	3731	3806	1	76	1.92e-23	119
NC_001564	SRA:ERX240772.12435137.1	94.737	76	4	0	3728	3803	1	76	1.92e-23	119
NC_001564	SRA:ERX240772.10029167.1	94.737	76	4	0	5851	5926	1	76	1.92e-23	119
NC_001564	SRA:ERX240772.5189349.1	94.737	76	4	0	3190	3265	1	76	1.92e-23	119
NC_001564	SRA:ERX240772.3170796.1	94.737	76	4	0	2860	2935	76	1	1.92e-23	119
NC_001564	SRA:ERX240772.266075.1	94.737	76	4	0	3728	3803	1	76	1.92e-23	119
NC_001564	SRA:ERX240772.31557454.1	95.833	72	3	0	3326	3397	1	72	6.91e-23	117
NC_001564	SRA:ERX240772.2039139.1	94.444	72	4	0	2010	2081	4	75	3.22e-21	111
NC_001564	SRA:ERX240772.358623.1	93.333	75	5	0	1972	2046	2	76	3.22e-21	111
NC_001564	SRA:ERX240772.26624785.1	100.000	56	0	0	739	794	21	76	5.38e-19	104
NC_001564	SRA:ERX240772.31213754.1	98.246	57	1	0	6313	6369	65	9	6.96e-18	100
NC_001564	SRA:ERX240772.28307236.1	98.276	58	0	1	4611	4667	1	58	6.96e-18	100
NC_001564	SRA:ERX240772.29287700.1	97.674	43	1	0	4953	4995	34	76	4.22e-10	75.0
NC_001564	SRA:ERX240772.2538702.1	100.000	38	0	0	739	776	38	1	5.46e-09	71.3
NC_001564	SRA:ERX240772.2538702.1	97.561	41	1	0	6524	6564	76	36	5.46e-09	71.3
CFAV-Cairns_Australia_2014	SRA:ERX240772.32221493.1	100.000	76	0	0	5373	5448	1	76	4.10e-30	141
CFAV-Cairns_Australia_2014	SRA:ERX240772.31185630.1	100.000	76	0	0	5572	5647	1	76	4.10e-30	141
CFAV-Cairns_Australia_2014	SRA:ERX240772.30906292.1	100.000	76	0	0	5756	5831	1	76	4.10e-30	141
CFAV-Cairns_Australia_2014	SRA:ERX240772.30508422.1	100.000	76	0	0	5624	5699	1	76	4.10e-30	141
CFAV-Cairns_Australia_2014	SRA:ERX240772.29674226.1	100.000	76	0	0	5559	5634	76	1	4.10e-30	141
CFAV-Cairns_Australia_2014	SRA:ERX240772.29571810.1	100.000	76	0	0	4163	4238	1	76	4.10e-30	141
CFAV-Cairns_Australia_2014	SRA:ERX240772.29306504.1	100.000	76	0	0	3757	3832	76	1	4.10e-30	141
CFAV-Cairns_Australia_2014	SRA:ERX240772.28634221.1	100.000	76	0	0	3724	3799	1	76	4.10e-30	141
CFAV-Cairns_Australia_2014	SRA:ERX240772.27373803.1	100.000	76	0	0	5221	5296	76	1	4.10e-30	141
CFAV-Cairns_Australia_2014	SRA:ERX240772.27259082.1	100.000	76	0	0	5522	5597	76	1	4.10e-30	141
CFAV-Cairns_Australia_2014	SRA:ERX240772.26276828.1	100.000	76	0	0	3606	3681	76	1	4.10e-30	141
CFAV-Cairns_Australia_2014	SRA:ERX240772.26252936.1	100.000	76	0	0	4163	4238	1	76	4.10e-30	141
CFAV-Cairns_Australia_2014	SRA:ERX240772.26135169.1	100.000	76	0	0	887	962	1	76	4.10e-30	141
CFAV-Cairns_Australia_2014	SRA:ERX240772.24365658.1	100.000	76	0	0	3598	3673	76	1	4.10e-30	141
CFAV-Cairns_Australia_2014	SRA:ERX240772.24311697.1	100.000	76	0	0	5733	5808	1	76	4.10e-30	141
CFAV-Cairns_Australia_2014	SRA:ERX240772.23722737.1	100.000	76	0	0	5608	5683	1	76	4.10e-30	141
CFAV-Cairns_Australia_2014	SRA:ERX240772.20459109.1	100.000	76	0	0	5608	5683	76	1	4.10e-30	141
CFAV-Cairns_Australia_2014	SRA:ERX240772.18760716.1	100.000	76	0	0	4029	4104	76	1	4.10e-30	141
CFAV-Cairns_Australia_2014	SRA:ERX240772.15417617.1	100.000	76	0	0	2815	2890	1	76	4.10e-30	141
CFAV-Cairns_Australia_2014	SRA:ERX240772.13148451.1	100.000	76	0	0	3730	3805	1	76	4.10e-30	141
CFAV-Cairns_Australia_2014	SRA:ERX240772.12435137.1	100.000	76	0	0	3727	3802	1	76	4.10e-30	141
CFAV-Cairns_Australia_2014	SRA:ERX240772.12214703.1	100.000	76	0	0	2321	2396	1	76	4.10e-30	141
CFAV-Cairns_Australia_2014	SRA:ERX240772.11326446.1	100.000	76	0	0	3600	3675	76	1	4.10e-30	141
CFAV-Cairns_Australia_2014	SRA:ERX240772.7645169.1	100.000	76	0	0	5603	5678	76	1	4.10e-30	141
CFAV-Cairns_Australia_2014	SRA:ERX240772.6501657.1	100.000	76	0	0	2326	2401	76	1	4.10e-30	141
CFAV-Cairns_Australia_2014	SRA:ERX240772.3870664.1	100.000	76	0	0	4168	4243	1	76	4.10e-30	141
CFAV-Cairns_Australia_2014	SRA:ERX240772.3150579.1	100.000	76	0	0	3082	3157	1	76	4.10e-30	141
CFAV-Cairns_Australia_2014	SRA:ERX240772.2280079.1	100.000	76	0	0	887	962	1	76	4.10e-30	141
CFAV-Cairns_Australia_2014	SRA:ERX240772.1896895.1	100.000	76	0	0	5731	5806	1	76	4.10e-30	141
CFAV-Cairns_Australia_2014	SRA:ERX240772.1884144.1	100.000	76	0	0	3593	3668	76	1	4.10e-30	141
CFAV-Cairns_Australia_2014	SRA:ERX240772.1667795.1	100.000	76	0	0	3594	3669	1	76	4.10e-30	141
CFAV-Cairns_Australia_2014	SRA:ERX240772.1282199.1	100.000	76	0	0	2808	2883	1	76	4.10e-30	141
CFAV-Cairns_Australia_2014	SRA:ERX240772.521405.1	100.000	76	0	0	2818	2893	1	76	4.10e-30	141
CFAV-Cairns_Australia_2014	SRA:ERX240772.266075.1	100.000	76	0	0	3727	3802	1	76	4.10e-30	141
CFAV-Cairns_Australia_2014	SRA:ERX240772.13373.1	100.000	76	0	0	3636	3711	76	1	4.10e-30	141
CFAV-Cairns_Australia_2014	SRA:ERX240772.21733603.1	100.000	75	0	0	997	1071	2	76	1.48e-29	139
CFAV-Cairns_Australia_2014	SRA:ERX240772.12249606.1	100.000	75	0	0	4164	4238	2	76	1.48e-29	139
CFAV-Cairns_Australia_2014	SRA:ERX240772.6846375.1	100.000	75	0	0	2292	2366	2	76	1.48e-29	139
CFAV-Cairns_Australia_2014	SRA:ERX240772.6238895.1	100.000	75	0	0	5393	5467	2	76	1.48e-29	139
CFAV-Cairns_Australia_2014	SRA:ERX240772.25696319.1	100.000	74	0	0	3622	3695	74	1	5.31e-29	137
CFAV-Cairns_Australia_2014	SRA:ERX240772.33633407.1	98.684	76	1	0	3116	3191	1	76	1.91e-28	135
CFAV-Cairns_Australia_2014	SRA:ERX240772.33296044.1	98.684	76	1	0	3662	3737	1	76	1.91e-28	135
CFAV-Cairns_Australia_2014	SRA:ERX240772.32588789.1	98.684	76	1	0	6332	6407	76	1	1.91e-28	135
CFAV-Cairns_Australia_2014	SRA:ERX240772.30691617.1	98.684	76	1	0	3531	3606	76	1	1.91e-28	135
CFAV-Cairns_Australia_2014	SRA:ERX240772.30006620.1	98.684	76	1	0	2228	2303	1	76	1.91e-28	135
CFAV-Cairns_Australia_2014	SRA:ERX240772.29692242.1	98.684	76	1	0	750	825	1	76	1.91e-28	135
CFAV-Cairns_Australia_2014	SRA:ERX240772.28211179.1	98.684	76	1	0	6373	6448	76	1	1.91e-28	135
CFAV-Cairns_Australia_2014	SRA:ERX240772.27776088.1	98.684	76	1	0	3133	3208	1	76	1.91e-28	135
CFAV-Cairns_Australia_2014	SRA:ERX240772.26703011.1	98.684	76	1	0	3075	3150	1	76	1.91e-28	135
CFAV-Cairns_Australia_2014	SRA:ERX240772.25432791.1	98.684	76	1	0	4266	4341	76	1	1.91e-28	135
CFAV-Cairns_Australia_2014	SRA:ERX240772.25379674.1	98.684	76	1	0	5712	5787	1	76	1.91e-28	135
CFAV-Cairns_Australia_2014	SRA:ERX240772.23521597.1	98.684	76	1	0	5712	5787	1	76	1.91e-28	135
CFAV-Cairns_Australia_2014	SRA:ERX240772.23464903.1	98.684	76	1	0	3553	3628	76	1	1.91e-28	135
CFAV-Cairns_Australia_2014	SRA:ERX240772.23421242.1	98.684	76	1	0	2831	2906	76	1	1.91e-28	135
CFAV-Cairns_Australia_2014	SRA:ERX240772.22396541.1	98.684	76	1	0	6427	6502	76	1	1.91e-28	135
CFAV-Cairns_Australia_2014	SRA:ERX240772.22361388.1	98.684	76	1	0	5098	5173	1	76	1.91e-28	135
CFAV-Cairns_Australia_2014	SRA:ERX240772.21672110.1	98.684	76	1	0	5844	5919	1	76	1.91e-28	135
CFAV-Cairns_Australia_2014	SRA:ERX240772.21656874.1	98.684	76	1	0	2161	2236	76	1	1.91e-28	135
CFAV-Cairns_Australia_2014	SRA:ERX240772.20912444.1	98.684	76	1	0	4395	4470	76	1	1.91e-28	135
CFAV-Cairns_Australia_2014	SRA:ERX240772.19876485.1	98.684	76	1	0	3945	4020	76	1	1.91e-28	135
CFAV-Cairns_Australia_2014	SRA:ERX240772.19701145.1	98.684	76	1	0	5337	5412	76	1	1.91e-28	135
CFAV-Cairns_Australia_2014	SRA:ERX240772.18772601.1	98.684	76	1	0	2214	2289	1	76	1.91e-28	135
CFAV-Cairns_Australia_2014	SRA:ERX240772.18089664.1	98.684	76	1	0	3560	3635	76	1	1.91e-28	135
CFAV-Cairns_Australia_2014	SRA:ERX240772.17926955.1	98.684	76	1	0	2089	2164	76	1	1.91e-28	135
CFAV-Cairns_Australia_2014	SRA:ERX240772.16755062.1	98.684	76	1	0	2831	2906	1	76	1.91e-28	135
CFAV-Cairns_Australia_2014	SRA:ERX240772.15983064.1	98.684	76	1	0	5250	5325	76	1	1.91e-28	135
CFAV-Cairns_Australia_2014	SRA:ERX240772.15868665.1	98.684	76	1	0	3572	3647	76	1	1.91e-28	135
CFAV-Cairns_Australia_2014	SRA:ERX240772.14933167.1	98.684	76	1	0	6337	6412	76	1	1.91e-28	135
CFAV-Cairns_Australia_2014	SRA:ERX240772.14031183.1	98.684	76	1	0	6136	6211	1	76	1.91e-28	135
CFAV-Cairns_Australia_2014	SRA:ERX240772.13536577.1	100.000	73	0	0	3120	3192	1	73	1.91e-28	135
CFAV-Cairns_Australia_2014	SRA:ERX240772.12633102.1	98.684	76	1	0	4986	5061	1	76	1.91e-28	135
CFAV-Cairns_Australia_2014	SRA:ERX240772.12112934.1	98.684	76	1	0	5250	5325	76	1	1.91e-28	135
CFAV-Cairns_Australia_2014	SRA:ERX240772.10868457.1	98.684	76	1	0	5097	5172	1	76	1.91e-28	135
CFAV-Cairns_Australia_2014	SRA:ERX240772.10389476.1	98.684	76	1	0	3575	3650	76	1	1.91e-28	135
CFAV-Cairns_Australia_2014	SRA:ERX240772.10075666.1	98.684	76	1	0	6427	6502	76	1	1.91e-28	135
CFAV-Cairns_Australia_2014	SRA:ERX240772.10029167.1	98.684	76	1	0	5850	5925	1	76	1.91e-28	135
CFAV-Cairns_Australia_2014	SRA:ERX240772.8281781.1	98.684	76	1	0	5410	5485	76	1	1.91e-28	135
CFAV-Cairns_Australia_2014	SRA:ERX240772.7711421.1	98.684	76	1	0	2483	2558	1	76	1.91e-28	135
CFAV-Cairns_Australia_2014	SRA:ERX240772.5604054.1	98.684	76	1	0	6277	6352	76	1	1.91e-28	135
CFAV-Cairns_Australia_2014	SRA:ERX240772.5040577.1	98.684	76	1	0	3936	4011	76	1	1.91e-28	135
CFAV-Cairns_Australia_2014	SRA:ERX240772.3757508.1	98.684	76	1	0	3806	3881	76	1	1.91e-28	135
CFAV-Cairns_Australia_2014	SRA:ERX240772.3675535.1	98.684	76	1	0	5638	5713	1	76	1.91e-28	135
CFAV-Cairns_Australia_2014	SRA:ERX240772.2424144.1	98.684	76	1	0	4372	4447	1	76	1.91e-28	135
CFAV-Cairns_Australia_2014	SRA:ERX240772.2221634.1	98.684	76	1	0	6156	6231	1	76	1.91e-28	135
CFAV-Cairns_Australia_2014	SRA:ERX240772.2202508.1	98.684	76	1	0	3547	3622	1	76	1.91e-28	135
CFAV-Cairns_Australia_2014	SRA:ERX240772.2015982.1	98.684	76	1	0	4396	4471	76	1	1.91e-28	135
CFAV-Cairns_Australia_2014	SRA:ERX240772.1624274.1	98.684	76	1	0	2177	2252	76	1	1.91e-28	135
CFAV-Cairns_Australia_2014	SRA:ERX240772.1416807.1	98.684	76	1	0	4368	4443	76	1	1.91e-28	135
CFAV-Cairns_Australia_2014	SRA:ERX240772.1032280.1	98.684	76	1	0	3577	3652	1	76	1.91e-28	135
CFAV-Cairns_Australia_2014	SRA:ERX240772.32824228.1	98.667	75	1	0	933	1007	2	76	6.87e-28	134
CFAV-Cairns_Australia_2014	SRA:ERX240772.31416042.1	98.649	74	1	0	5710	5783	3	76	2.47e-27	132
CFAV-Cairns_Australia_2014	SRA:ERX240772.21956794.1	98.649	74	1	0	2976	3049	74	1	2.47e-27	132
CFAV-Cairns_Australia_2014	SRA:ERX240772.13361544.1	98.649	74	1	0	5710	5783	3	76	2.47e-27	132
CFAV-Cairns_Australia_2014	SRA:ERX240772.82494.1	100.000	71	0	0	733	803	6	76	2.47e-27	132
CFAV-Cairns_Australia_2014	SRA:ERX240772.33395308.1	97.368	76	2	0	4061	4136	76	1	8.88e-27	130
CFAV-Cairns_Australia_2014	SRA:ERX240772.32613366.1	97.368	76	2	0	3057	3132	76	1	8.88e-27	130
CFAV-Cairns_Australia_2014	SRA:ERX240772.32438252.1	97.368	76	2	0	6037	6112	1	76	8.88e-27	130
CFAV-Cairns_Australia_2014	SRA:ERX240772.31987246.1	97.368	76	2	0	4331	4406	76	1	8.88e-27	130
CFAV-Cairns_Australia_2014	SRA:ERX240772.25824767.1	97.368	76	2	0	4313	4388	76	1	8.88e-27	130
CFAV-Cairns_Australia_2014	SRA:ERX240772.22749936.1	97.368	76	2	0	5042	5117	76	1	8.88e-27	130
CFAV-Cairns_Australia_2014	SRA:ERX240772.22177868.1	98.630	73	1	0	2504	2576	1	73	8.88e-27	130
CFAV-Cairns_Australia_2014	SRA:ERX240772.20536552.1	97.368	76	2	0	5328	5403	1	76	8.88e-27	130
CFAV-Cairns_Australia_2014	SRA:ERX240772.19034199.1	97.368	76	2	0	3920	3995	76	1	8.88e-27	130
CFAV-Cairns_Australia_2014	SRA:ERX240772.17772558.1	97.368	76	2	0	3152	3227	1	76	8.88e-27	130
CFAV-Cairns_Australia_2014	SRA:ERX240772.17632196.1	97.368	76	2	0	3048	3123	1	76	8.88e-27	130
CFAV-Cairns_Australia_2014	SRA:ERX240772.16898256.1	97.368	76	2	0	4123	4198	76	1	8.88e-27	130
CFAV-Cairns_Australia_2014	SRA:ERX240772.15482580.1	97.368	76	2	0	3057	3132	76	1	8.88e-27	130
CFAV-Cairns_Australia_2014	SRA:ERX240772.14462123.1	97.368	76	2	0	4272	4347	76	1	8.88e-27	130
CFAV-Cairns_Australia_2014	SRA:ERX240772.14180037.1	97.368	76	2	0	2890	2965	76	1	8.88e-27	130
CFAV-Cairns_Australia_2014	SRA:ERX240772.13796548.1	97.368	76	2	0	4418	4493	76	1	8.88e-27	130
CFAV-Cairns_Australia_2014	SRA:ERX240772.13564973.1	97.368	76	2	0	4341	4416	1	76	8.88e-27	130
CFAV-Cairns_Australia_2014	SRA:ERX240772.12804740.1	97.368	76	2	0	3291	3366	1	76	8.88e-27	130
CFAV-Cairns_Australia_2014	SRA:ERX240772.11911957.1	97.368	76	2	0	865	940	1	76	8.88e-27	130
CFAV-Cairns_Australia_2014	SRA:ERX240772.11814587.1	97.368	76	2	0	3898	3973	76	1	8.88e-27	130
CFAV-Cairns_Australia_2014	SRA:ERX240772.8573869.1	97.368	76	2	0	2874	2949	1	76	8.88e-27	130
CFAV-Cairns_Australia_2014	SRA:ERX240772.7952946.1	98.630	73	1	0	2467	2539	73	1	8.88e-27	130
CFAV-Cairns_Australia_2014	SRA:ERX240772.4256134.1	97.368	76	2	0	4494	4569	76	1	8.88e-27	130
CFAV-Cairns_Australia_2014	SRA:ERX240772.3430492.1	97.368	76	2	0	5116	5191	1	76	8.88e-27	130
CFAV-Cairns_Australia_2014	SRA:ERX240772.3305806.1	97.368	76	2	0	3906	3981	1	76	8.88e-27	130
CFAV-Cairns_Australia_2014	SRA:ERX240772.3170796.1	97.368	76	2	0	2859	2934	76	1	8.88e-27	130
CFAV-Cairns_Australia_2014	SRA:ERX240772.1982779.1	97.368	76	2	0	4494	4569	76	1	8.88e-27	130
CFAV-Cairns_Australia_2014	SRA:ERX240772.1818756.1	97.368	76	2	0	2571	2646	1	76	8.88e-27	130
CFAV-Cairns_Australia_2014	SRA:ERX240772.1778161.1	97.368	76	2	0	1832	1907	76	1	8.88e-27	130
CFAV-Cairns_Australia_2014	SRA:ERX240772.33286006.1	97.333	75	2	0	4278	4352	76	2	3.19e-26	128
CFAV-Cairns_Australia_2014	SRA:ERX240772.28331841.1	97.333	75	2	0	6042	6116	1	75	3.19e-26	128
CFAV-Cairns_Australia_2014	SRA:ERX240772.25025336.1	97.333	75	2	0	1828	1902	75	1	3.19e-26	128
CFAV-Cairns_Australia_2014	SRA:ERX240772.16484294.1	97.333	75	2	0	3152	3226	75	1	3.19e-26	128
CFAV-Cairns_Australia_2014	SRA:ERX240772.11139572.1	97.333	75	2	0	2071	2145	75	1	3.19e-26	128
CFAV-Cairns_Australia_2014	SRA:ERX240772.33567457.1	96.053	76	3	0	6058	6133	1	76	4.13e-25	124
CFAV-Cairns_Australia_2014	SRA:ERX240772.30861831.1	97.260	73	2	0	4076	4148	1	73	4.13e-25	124
CFAV-Cairns_Australia_2014	SRA:ERX240772.29489099.1	96.053	76	3	0	2045	2120	76	1	4.13e-25	124
CFAV-Cairns_Australia_2014	SRA:ERX240772.24753895.1	96.053	76	3	0	2895	2970	76	1	4.13e-25	124
CFAV-Cairns_Australia_2014	SRA:ERX240772.22918063.1	96.053	76	3	0	2569	2644	76	1	4.13e-25	124
CFAV-Cairns_Australia_2014	SRA:ERX240772.22874902.1	96.053	76	3	0	3036	3111	76	1	4.13e-25	124
CFAV-Cairns_Australia_2014	SRA:ERX240772.16743733.1	96.053	76	3	0	5895	5970	1	76	4.13e-25	124
CFAV-Cairns_Australia_2014	SRA:ERX240772.15380418.1	96.053	76	3	0	4289	4364	76	1	4.13e-25	124
CFAV-Cairns_Australia_2014	SRA:ERX240772.13665303.1	96.053	76	3	0	2043	2118	76	1	4.13e-25	124
CFAV-Cairns_Australia_2014	SRA:ERX240772.13270143.1	96.053	76	3	0	4417	4492	76	1	4.13e-25	124
CFAV-Cairns_Australia_2014	SRA:ERX240772.10766469.1	96.053	76	3	0	2395	2470	76	1	4.13e-25	124
CFAV-Cairns_Australia_2014	SRA:ERX240772.10353815.1	96.053	76	3	0	4546	4621	1	76	4.13e-25	124
CFAV-Cairns_Australia_2014	SRA:ERX240772.10247406.1	96.053	76	3	0	6461	6536	76	1	4.13e-25	124
CFAV-Cairns_Australia_2014	SRA:ERX240772.4404924.1	96.053	76	3	0	6440	6515	76	1	4.13e-25	124
CFAV-Cairns_Australia_2014	SRA:ERX240772.3193366.1	96.053	76	3	0	6059	6134	1	76	4.13e-25	124
CFAV-Cairns_Australia_2014	SRA:ERX240772.1189323.1	96.053	76	3	0	5304	5379	1	76	4.13e-25	124
CFAV-Cairns_Australia_2014	SRA:ERX240772.31557454.1	97.222	72	2	0	3325	3396	1	72	1.49e-24	122
CFAV-Cairns_Australia_2014	SRA:ERX240772.30341682.1	96.000	75	3	0	3390	3464	1	75	1.49e-24	122
CFAV-Cairns_Australia_2014	SRA:ERX240772.30776024.1	94.737	76	4	0	6486	6561	1	76	1.92e-23	119
CFAV-Cairns_Australia_2014	SRA:ERX240772.25925838.1	95.890	73	3	0	4584	4656	1	73	1.92e-23	119
CFAV-Cairns_Australia_2014	SRA:ERX240772.17703872.1	94.737	76	4	0	6485	6560	1	76	1.92e-23	119
CFAV-Cairns_Australia_2014	SRA:ERX240772.16340835.1	94.737	76	4	0	2671	2746	1	76	1.92e-23	119
CFAV-Cairns_Australia_2014	SRA:ERX240772.11104971.1	94.737	76	4	0	6012	6087	76	1	1.92e-23	119
CFAV-Cairns_Australia_2014	SRA:ERX240772.26624785.1	100.000	61	0	0	733	793	16	76	8.94e-22	113
CFAV-Cairns_Australia_2014	SRA:ERX240772.31213754.1	95.385	65	2	1	6312	6376	65	2	1.94e-18	102
CFAV-Cairns_Australia_2014	SRA:ERX240772.28307236.1	94.828	58	2	1	4610	4666	1	58	1.51e-14	89.8
CFAV-Cairns_Australia_2014	SRA:ERX240772.21000750.1	100.000	47	0	0	3718	3764	47	1	5.42e-14	87.9
CFAV-Cairns_Australia_2014	SRA:ERX240772.2538702.1	100.000	43	0	0	733	775	43	1	9.07e-12	80.5
CFAV-Cairns_Australia_2014	SRA:ERX240772.29287700.1	97.674	43	1	0	4952	4994	34	76	4.22e-10	75.0
CFAV-Macapa2_Brazil_2017	SRA:ERX240772.32221493.1	100.000	76	0	0	5374	5449	1	76	4.10e-30	141
CFAV-Macapa2_Brazil_2017	SRA:ERX240772.28211179.1	100.000	76	0	0	6374	6449	76	1	4.10e-30	141
CFAV-Macapa2_Brazil_2017	SRA:ERX240772.23464903.1	100.000	76	0	0	3554	3629	76	1	4.10e-30	141
CFAV-Macapa2_Brazil_2017	SRA:ERX240772.23421242.1	100.000	76	0	0	2832	2907	76	1	4.10e-30	141
CFAV-Macapa2_Brazil_2017	SRA:ERX240772.21733603.1	100.000	76	0	0	997	1072	1	76	4.10e-30	141
CFAV-Macapa2_Brazil_2017	SRA:ERX240772.18089664.1	100.000	76	0	0	3561	3636	76	1	4.10e-30	141
CFAV-Macapa2_Brazil_2017	SRA:ERX240772.16755062.1	100.000	76	0	0	2832	2907	1	76	4.10e-30	141
CFAV-Macapa2_Brazil_2017	SRA:ERX240772.15417617.1	100.000	76	0	0	2816	2891	1	76	4.10e-30	141
CFAV-Macapa2_Brazil_2017	SRA:ERX240772.2202508.1	100.000	76	0	0	3548	3623	1	76	4.10e-30	141
CFAV-Macapa2_Brazil_2017	SRA:ERX240772.1282199.1	100.000	76	0	0	2809	2884	1	76	4.10e-30	141
CFAV-Macapa2_Brazil_2017	SRA:ERX240772.521405.1	100.000	76	0	0	2819	2894	1	76	4.10e-30	141
CFAV-Macapa2_Brazil_2017	SRA:ERX240772.6238895.1	100.000	75	0	0	5394	5468	2	76	1.48e-29	139
CFAV-Macapa2_Brazil_2017	SRA:ERX240772.30691617.1	100.000	74	0	0	3534	3607	74	1	5.31e-29	137
CFAV-Macapa2_Brazil_2017	SRA:ERX240772.33395308.1	98.684	76	1	0	4062	4137	76	1	1.91e-28	135
CFAV-Macapa2_Brazil_2017	SRA:ERX240772.32588789.1	98.684	76	1	0	6333	6408	76	1	1.91e-28	135
CFAV-Macapa2_Brazil_2017	SRA:ERX240772.31416042.1	98.684	76	1	0	5709	5784	1	76	1.91e-28	135
CFAV-Macapa2_Brazil_2017	SRA:ERX240772.30906292.1	98.684	76	1	0	5757	5832	1	76	1.91e-28	135
CFAV-Macapa2_Brazil_2017	SRA:ERX240772.30776024.1	98.684	76	1	0	6487	6562	1	76	1.91e-28	135
CFAV-Macapa2_Brazil_2017	SRA:ERX240772.30341682.1	98.684	76	1	0	3391	3466	1	76	1.91e-28	135
CFAV-Macapa2_Brazil_2017	SRA:ERX240772.29692242.1	98.684	76	1	0	751	826	1	76	1.91e-28	135
CFAV-Macapa2_Brazil_2017	SRA:ERX240772.27373803.1	98.684	76	1	0	5222	5297	76	1	1.91e-28	135
CFAV-Macapa2_Brazil_2017	SRA:ERX240772.27259082.1	98.684	76	1	0	5523	5598	76	1	1.91e-28	135
CFAV-Macapa2_Brazil_2017	SRA:ERX240772.19876485.1	98.684	76	1	0	3946	4021	76	1	1.91e-28	135
CFAV-Macapa2_Brazil_2017	SRA:ERX240772.17703872.1	98.684	76	1	0	6486	6561	1	76	1.91e-28	135
CFAV-Macapa2_Brazil_2017	SRA:ERX240772.15983064.1	98.684	76	1	0	5251	5326	76	1	1.91e-28	135
CFAV-Macapa2_Brazil_2017	SRA:ERX240772.15868665.1	98.684	76	1	0	3573	3648	76	1	1.91e-28	135
CFAV-Macapa2_Brazil_2017	SRA:ERX240772.14933167.1	98.684	76	1	0	6338	6413	76	1	1.91e-28	135
CFAV-Macapa2_Brazil_2017	SRA:ERX240772.14851230.1	98.684	76	1	0	1971	2046	76	1	1.91e-28	135
CFAV-Macapa2_Brazil_2017	SRA:ERX240772.13361544.1	98.684	76	1	0	5709	5784	1	76	1.91e-28	135
CFAV-Macapa2_Brazil_2017	SRA:ERX240772.12804740.1	98.684	76	1	0	3292	3367	1	76	1.91e-28	135
CFAV-Macapa2_Brazil_2017	SRA:ERX240772.12633102.1	98.684	76	1	0	4987	5062	1	76	1.91e-28	135
CFAV-Macapa2_Brazil_2017	SRA:ERX240772.12112934.1	98.684	76	1	0	5251	5326	76	1	1.91e-28	135
CFAV-Macapa2_Brazil_2017	SRA:ERX240772.8573869.1	98.684	76	1	0	2875	2950	1	76	1.91e-28	135
CFAV-Macapa2_Brazil_2017	SRA:ERX240772.8281781.1	98.684	76	1	0	5411	5486	76	1	1.91e-28	135
CFAV-Macapa2_Brazil_2017	SRA:ERX240772.5604054.1	98.684	76	1	0	6278	6353	76	1	1.91e-28	135
CFAV-Macapa2_Brazil_2017	SRA:ERX240772.3170796.1	98.684	76	1	0	2860	2935	76	1	1.91e-28	135
CFAV-Macapa2_Brazil_2017	SRA:ERX240772.32824228.1	98.667	75	1	0	934	1008	2	76	6.87e-28	134
CFAV-Macapa2_Brazil_2017	SRA:ERX240772.26604696.1	98.667	75	1	0	4562	4636	75	1	6.87e-28	134
CFAV-Macapa2_Brazil_2017	SRA:ERX240772.10029167.1	98.667	75	1	0	5852	5926	2	76	6.87e-28	134
CFAV-Macapa2_Brazil_2017	SRA:ERX240772.14180037.1	98.649	74	1	0	2891	2964	76	3	2.47e-27	132
CFAV-Macapa2_Brazil_2017	SRA:ERX240772.10389476.1	98.649	74	1	0	3576	3649	76	3	2.47e-27	132
CFAV-Macapa2_Brazil_2017	SRA:ERX240772.33633407.1	97.368	76	2	0	3117	3192	1	76	8.88e-27	130
CFAV-Macapa2_Brazil_2017	SRA:ERX240772.31987246.1	97.368	76	2	0	4332	4407	76	1	8.88e-27	130
CFAV-Macapa2_Brazil_2017	SRA:ERX240772.30861831.1	97.368	76	2	0	4077	4152	1	76	8.88e-27	130
CFAV-Macapa2_Brazil_2017	SRA:ERX240772.30508422.1	97.368	76	2	0	5625	5700	1	76	8.88e-27	130
CFAV-Macapa2_Brazil_2017	SRA:ERX240772.30006620.1	97.368	76	2	0	2229	2304	1	76	8.88e-27	130
CFAV-Macapa2_Brazil_2017	SRA:ERX240772.28634221.1	97.368	76	2	0	3725	3800	1	76	8.88e-27	130
CFAV-Macapa2_Brazil_2017	SRA:ERX240772.27776088.1	97.368	76	2	0	3134	3209	1	76	8.88e-27	130
CFAV-Macapa2_Brazil_2017	SRA:ERX240772.25824767.1	97.368	76	2	0	4314	4389	76	1	8.88e-27	130
CFAV-Macapa2_Brazil_2017	SRA:ERX240772.25379674.1	98.630	73	1	0	5713	5785	1	73	8.88e-27	130
CFAV-Macapa2_Brazil_2017	SRA:ERX240772.24311697.1	97.368	76	2	0	5734	5809	1	76	8.88e-27	130
CFAV-Macapa2_Brazil_2017	SRA:ERX240772.23722737.1	97.368	76	2	0	5609	5684	1	76	8.88e-27	130
CFAV-Macapa2_Brazil_2017	SRA:ERX240772.23521597.1	98.630	73	1	0	5713	5785	1	73	8.88e-27	130
CFAV-Macapa2_Brazil_2017	SRA:ERX240772.22396541.1	97.368	76	2	0	6428	6503	76	1	8.88e-27	130
CFAV-Macapa2_Brazil_2017	SRA:ERX240772.22177868.1	97.368	76	2	0	2505	2580	1	76	8.88e-27	130
CFAV-Macapa2_Brazil_2017	SRA:ERX240772.21672110.1	97.368	76	2	0	5845	5920	1	76	8.88e-27	130
CFAV-Macapa2_Brazil_2017	SRA:ERX240772.20536552.1	97.368	76	2	0	5329	5404	1	76	8.88e-27	130
CFAV-Macapa2_Brazil_2017	SRA:ERX240772.20459109.1	97.368	76	2	0	5609	5684	76	1	8.88e-27	130
CFAV-Macapa2_Brazil_2017	SRA:ERX240772.19701145.1	97.368	76	2	0	5338	5413	76	1	8.88e-27	130
CFAV-Macapa2_Brazil_2017	SRA:ERX240772.19034199.1	97.368	76	2	0	3921	3996	76	1	8.88e-27	130
CFAV-Macapa2_Brazil_2017	SRA:ERX240772.18760716.1	97.368	76	2	0	4030	4105	76	1	8.88e-27	130
CFAV-Macapa2_Brazil_2017	SRA:ERX240772.16743733.1	97.368	76	2	0	5896	5971	1	76	8.88e-27	130
CFAV-Macapa2_Brazil_2017	SRA:ERX240772.14031183.1	97.368	76	2	0	6137	6212	1	76	8.88e-27	130
CFAV-Macapa2_Brazil_2017	SRA:ERX240772.13536577.1	98.630	73	1	0	3121	3193	1	73	8.88e-27	130
CFAV-Macapa2_Brazil_2017	SRA:ERX240772.13148451.1	97.368	76	2	0	3731	3806	1	76	8.88e-27	130
CFAV-Macapa2_Brazil_2017	SRA:ERX240772.12435137.1	97.368	76	2	0	3728	3803	1	76	8.88e-27	130
CFAV-Macapa2_Brazil_2017	SRA:ERX240772.11814587.1	97.368	76	2	0	3899	3974	76	1	8.88e-27	130
CFAV-Macapa2_Brazil_2017	SRA:ERX240772.10353815.1	97.368	76	2	0	4547	4622	1	76	8.88e-27	130
CFAV-Macapa2_Brazil_2017	SRA:ERX240772.10247406.1	97.368	76	2	0	6462	6537	76	1	8.88e-27	130
CFAV-Macapa2_Brazil_2017	SRA:ERX240772.10075666.1	97.368	76	2	0	6428	6503	76	1	8.88e-27	130
CFAV-Macapa2_Brazil_2017	SRA:ERX240772.7711421.1	97.368	76	2	0	2484	2559	1	76	8.88e-27	130
CFAV-Macapa2_Brazil_2017	SRA:ERX240772.7645169.1	97.368	76	2	0	5604	5679	76	1	8.88e-27	130
CFAV-Macapa2_Brazil_2017	SRA:ERX240772.6501657.1	97.368	76	2	0	2327	2402	76	1	8.88e-27	130
CFAV-Macapa2_Brazil_2017	SRA:ERX240772.5040577.1	98.630	73	1	0	3940	4012	73	1	8.88e-27	130
CFAV-Macapa2_Brazil_2017	SRA:ERX240772.3757508.1	97.368	76	2	0	3807	3882	76	1	8.88e-27	130
CFAV-Macapa2_Brazil_2017	SRA:ERX240772.3675535.1	97.368	76	2	0	5639	5714	1	76	8.88e-27	130
CFAV-Macapa2_Brazil_2017	SRA:ERX240772.3305806.1	97.368	76	2	0	3907	3982	1	76	8.88e-27	130
CFAV-Macapa2_Brazil_2017	SRA:ERX240772.1896895.1	97.368	76	2	0	5732	5807	1	76	8.88e-27	130
CFAV-Macapa2_Brazil_2017	SRA:ERX240772.1818756.1	97.368	76	2	0	2572	2647	1	76	8.88e-27	130
CFAV-Macapa2_Brazil_2017	SRA:ERX240772.1032280.1	97.368	76	2	0	3578	3653	1	76	8.88e-27	130
CFAV-Macapa2_Brazil_2017	SRA:ERX240772.266075.1	97.368	76	2	0	3728	3803	1	76	8.88e-27	130
CFAV-Macapa2_Brazil_2017	SRA:ERX240772.29674226.1	97.333	75	2	0	5561	5635	75	1	3.19e-26	128
CFAV-Macapa2_Brazil_2017	SRA:ERX240772.6846375.1	97.333	75	2	0	2293	2367	2	76	3.19e-26	128
CFAV-Macapa2_Brazil_2017	SRA:ERX240772.358623.1	97.333	75	2	0	1972	2046	2	76	3.19e-26	128
CFAV-Macapa2_Brazil_2017	SRA:ERX240772.33296044.1	97.297	74	2	0	3665	3738	3	76	1.15e-25	126
CFAV-Macapa2_Brazil_2017	SRA:ERX240772.26135169.1	97.297	74	2	0	890	963	3	76	1.15e-25	126
CFAV-Macapa2_Brazil_2017	SRA:ERX240772.25025336.1	97.297	74	2	0	1828	1901	76	3	1.15e-25	126
CFAV-Macapa2_Brazil_2017	SRA:ERX240772.12214703.1	97.297	74	2	0	2324	2397	3	76	1.15e-25	126
CFAV-Macapa2_Brazil_2017	SRA:ERX240772.2280079.1	97.297	74	2	0	890	963	3	76	1.15e-25	126
CFAV-Macapa2_Brazil_2017	SRA:ERX240772.82494.1	98.592	71	1	0	734	804	6	76	1.15e-25	126
CFAV-Macapa2_Brazil_2017	SRA:ERX240772.31976995.1	96.053	76	3	0	3286	3361	1	76	4.13e-25	124
CFAV-Macapa2_Brazil_2017	SRA:ERX240772.31185630.1	96.053	76	3	0	5573	5648	1	76	4.13e-25	124
CFAV-Macapa2_Brazil_2017	SRA:ERX240772.29571810.1	96.053	76	3	0	4164	4239	1	76	4.13e-25	124
CFAV-Macapa2_Brazil_2017	SRA:ERX240772.29306504.1	97.260	73	2	0	3761	3833	73	1	4.13e-25	124
CFAV-Macapa2_Brazil_2017	SRA:ERX240772.26252936.1	96.053	76	3	0	4164	4239	1	76	4.13e-25	124
CFAV-Macapa2_Brazil_2017	SRA:ERX240772.24753895.1	96.053	76	3	0	2896	2971	76	1	4.13e-25	124
CFAV-Macapa2_Brazil_2017	SRA:ERX240772.24365658.1	96.053	76	3	0	3599	3674	76	1	4.13e-25	124
CFAV-Macapa2_Brazil_2017	SRA:ERX240772.22918063.1	96.053	76	3	0	2570	2645	76	1	4.13e-25	124
CFAV-Macapa2_Brazil_2017	SRA:ERX240772.22749936.1	96.053	76	3	0	5043	5118	76	1	4.13e-25	124
CFAV-Macapa2_Brazil_2017	SRA:ERX240772.22361388.1	96.053	76	3	0	5099	5174	1	76	4.13e-25	124
CFAV-Macapa2_Brazil_2017	SRA:ERX240772.21656874.1	96.053	76	3	0	2162	2237	76	1	4.13e-25	124
CFAV-Macapa2_Brazil_2017	SRA:ERX240772.18772601.1	96.053	76	3	0	2215	2290	1	76	4.13e-25	124
CFAV-Macapa2_Brazil_2017	SRA:ERX240772.11326446.1	96.053	76	3	0	3601	3676	76	1	4.13e-25	124
CFAV-Macapa2_Brazil_2017	SRA:ERX240772.10868457.1	96.053	76	3	0	5098	5173	1	76	4.13e-25	124
CFAV-Macapa2_Brazil_2017	SRA:ERX240772.4404924.1	96.053	76	3	0	6441	6516	76	1	4.13e-25	124
CFAV-Macapa2_Brazil_2017	SRA:ERX240772.3430492.1	96.053	76	3	0	5117	5192	1	76	4.13e-25	124
CFAV-Macapa2_Brazil_2017	SRA:ERX240772.1884144.1	96.053	76	3	0	3594	3669	76	1	4.13e-25	124
CFAV-Macapa2_Brazil_2017	SRA:ERX240772.1778161.1	96.053	76	3	0	1833	1908	76	1	4.13e-25	124
CFAV-Macapa2_Brazil_2017	SRA:ERX240772.1667795.1	96.053	76	3	0	3595	3670	1	76	4.13e-25	124
CFAV-Macapa2_Brazil_2017	SRA:ERX240772.1624274.1	96.053	76	3	0	2178	2253	76	1	4.13e-25	124
CFAV-Macapa2_Brazil_2017	SRA:ERX240772.31557454.1	97.222	72	2	0	3326	3397	1	72	1.49e-24	122
CFAV-Macapa2_Brazil_2017	SRA:ERX240772.25925838.1	97.222	72	2	0	4585	4656	1	72	1.49e-24	122
CFAV-Macapa2_Brazil_2017	SRA:ERX240772.12249606.1	96.000	75	3	0	4165	4239	2	76	1.49e-24	122
CFAV-Macapa2_Brazil_2017	SRA:ERX240772.3870664.1	96.000	75	3	0	4169	4243	1	75	1.49e-24	122
CFAV-Macapa2_Brazil_2017	SRA:ERX240772.15380418.1	95.946	74	3	0	4292	4365	74	1	5.35e-24	121
CFAV-Macapa2_Brazil_2017	SRA:ERX240772.13564973.1	97.183	71	2	0	4342	4412	1	71	5.35e-24	121
CFAV-Macapa2_Brazil_2017	SRA:ERX240772.26276828.1	94.737	76	4	0	3607	3682	76	1	1.92e-23	119
CFAV-Macapa2_Brazil_2017	SRA:ERX240772.21553469.1	94.737	76	4	0	2025	2100	76	1	1.92e-23	119
CFAV-Macapa2_Brazil_2017	SRA:ERX240772.17772558.1	97.143	70	2	0	3153	3222	1	70	1.92e-23	119
CFAV-Macapa2_Brazil_2017	SRA:ERX240772.17482802.1	94.737	76	4	0	2026	2101	76	1	1.92e-23	119
CFAV-Macapa2_Brazil_2017	SRA:ERX240772.16484294.1	95.890	73	3	0	3153	3225	75	3	1.92e-23	119
CFAV-Macapa2_Brazil_2017	SRA:ERX240772.7952946.1	95.890	73	3	0	2468	2540	73	1	1.92e-23	119
CFAV-Macapa2_Brazil_2017	SRA:ERX240772.3150579.1	95.890	73	3	0	3086	3158	4	76	1.92e-23	119
CFAV-Macapa2_Brazil_2017	SRA:ERX240772.2221634.1	94.737	76	4	0	6157	6232	1	76	1.92e-23	119
CFAV-Macapa2_Brazil_2017	SRA:ERX240772.13373.1	94.737	76	4	0	3637	3712	76	1	1.92e-23	119
CFAV-Macapa2_Brazil_2017	SRA:ERX240772.2039139.1	95.833	72	3	0	2010	2081	4	75	6.91e-23	117
CFAV-Macapa2_Brazil_2017	SRA:ERX240772.14462123.1	93.421	76	5	0	4273	4348	76	1	8.94e-22	113
CFAV-Macapa2_Brazil_2017	SRA:ERX240772.11104971.1	94.521	73	4	0	6013	6085	76	4	8.94e-22	113
CFAV-Macapa2_Brazil_2017	SRA:ERX240772.33286006.1	93.333	75	5	0	4279	4353	76	2	3.22e-21	111
CFAV-Macapa2_Brazil_2017	SRA:ERX240772.26624785.1	98.361	61	1	0	734	794	16	76	4.16e-20	108
CFAV-Macapa2_Brazil_2017	SRA:ERX240772.25432791.1	92.105	76	6	0	4267	4342	76	1	4.16e-20	108
CFAV-Macapa2_Brazil_2017	SRA:ERX240772.1416807.1	92.105	76	6	0	4369	4444	76	1	4.16e-20	108
CFAV-Macapa2_Brazil_2017	SRA:ERX240772.2424144.1	91.892	74	6	0	4373	4446	1	74	5.38e-19	104
CFAV-Macapa2_Brazil_2017	SRA:ERX240772.21000750.1	97.872	47	1	0	3719	3765	47	1	2.52e-12	82.4
CFAV-Macapa2_Brazil_2017	SRA:ERX240772.2538702.1	97.561	41	1	0	6524	6564	76	36	5.46e-09	71.3
CFAV-KC_Cambodia_2015	SRA:ERX240772.18760716.1	100.000	76	0	0	4041	4116	76	1	4.11e-30	141
CFAV-KC_Cambodia_2015	SRA:ERX240772.15417617.1	100.000	76	0	0	2827	2902	1	76	4.11e-30	141
CFAV-KC_Cambodia_2015	SRA:ERX240772.1282199.1	100.000	76	0	0	2820	2895	1	76	4.11e-30	141
CFAV-KC_Cambodia_2015	SRA:ERX240772.521405.1	100.000	74	0	0	2830	2903	1	74	5.31e-29	137
CFAV-KC_Cambodia_2015	SRA:ERX240772.33395308.1	98.684	76	1	0	4073	4148	76	1	1.91e-28	135
CFAV-KC_Cambodia_2015	SRA:ERX240772.30906292.1	98.684	76	1	0	5768	5843	1	76	1.91e-28	135
CFAV-KC_Cambodia_2015	SRA:ERX240772.30861831.1	98.684	76	1	0	4088	4163	1	76	1.91e-28	135
CFAV-KC_Cambodia_2015	SRA:ERX240772.30691617.1	98.684	76	1	0	3543	3618	76	1	1.91e-28	135
CFAV-KC_Cambodia_2015	SRA:ERX240772.28634221.1	98.684	76	1	0	3736	3811	1	76	1.91e-28	135
CFAV-KC_Cambodia_2015	SRA:ERX240772.25025336.1	98.684	76	1	0	1839	1914	76	1	1.91e-28	135
CFAV-KC_Cambodia_2015	SRA:ERX240772.23421242.1	98.684	76	1	0	2843	2918	76	1	1.91e-28	135
CFAV-KC_Cambodia_2015	SRA:ERX240772.21733603.1	98.684	76	1	0	1008	1083	1	76	1.91e-28	135
CFAV-KC_Cambodia_2015	SRA:ERX240772.16755062.1	98.684	76	1	0	2843	2918	1	76	1.91e-28	135
CFAV-KC_Cambodia_2015	SRA:ERX240772.16743733.1	98.684	76	1	0	5907	5982	1	76	1.91e-28	135
CFAV-KC_Cambodia_2015	SRA:ERX240772.13564973.1	98.684	76	1	0	4353	4428	1	76	1.91e-28	135
CFAV-KC_Cambodia_2015	SRA:ERX240772.13148451.1	98.684	76	1	0	3742	3817	1	76	1.91e-28	135
CFAV-KC_Cambodia_2015	SRA:ERX240772.12435137.1	98.684	76	1	0	3739	3814	1	76	1.91e-28	135
CFAV-KC_Cambodia_2015	SRA:ERX240772.8281781.1	98.684	76	1	0	5422	5497	76	1	1.91e-28	135
CFAV-KC_Cambodia_2015	SRA:ERX240772.2202508.1	98.684	76	1	0	3559	3634	1	76	1.91e-28	135
CFAV-KC_Cambodia_2015	SRA:ERX240772.1778161.1	98.684	76	1	0	1844	1919	76	1	1.91e-28	135
CFAV-KC_Cambodia_2015	SRA:ERX240772.266075.1	98.684	76	1	0	3739	3814	1	76	1.91e-28	135
CFAV-KC_Cambodia_2015	SRA:ERX240772.32824228.1	98.667	75	1	0	945	1019	2	76	6.87e-28	134
CFAV-KC_Cambodia_2015	SRA:ERX240772.6846375.1	98.667	75	1	0	2304	2378	2	76	6.87e-28	134
CFAV-KC_Cambodia_2015	SRA:ERX240772.6238895.1	98.667	75	1	0	5405	5479	2	76	6.87e-28	134
CFAV-KC_Cambodia_2015	SRA:ERX240772.33296044.1	98.667	75	0	1	3675	3749	3	76	2.47e-27	132
CFAV-KC_Cambodia_2015	SRA:ERX240772.18089664.1	98.649	74	1	0	3574	3647	74	1	2.47e-27	132
CFAV-KC_Cambodia_2015	SRA:ERX240772.32588789.1	97.368	76	2	0	6344	6419	76	1	8.89e-27	130
CFAV-KC_Cambodia_2015	SRA:ERX240772.31987246.1	97.368	76	2	0	4343	4418	76	1	8.89e-27	130
CFAV-KC_Cambodia_2015	SRA:ERX240772.30508422.1	97.368	76	2	0	5636	5711	1	76	8.89e-27	130
CFAV-KC_Cambodia_2015	SRA:ERX240772.30006620.1	97.368	76	2	0	2240	2315	1	76	8.89e-27	130
CFAV-KC_Cambodia_2015	SRA:ERX240772.29306504.1	97.368	76	2	0	3769	3844	76	1	8.89e-27	130
CFAV-KC_Cambodia_2015	SRA:ERX240772.27373803.1	97.368	76	2	0	5233	5308	76	1	8.89e-27	130
CFAV-KC_Cambodia_2015	SRA:ERX240772.26135169.1	97.368	76	2	0	899	974	1	76	8.89e-27	130
CFAV-KC_Cambodia_2015	SRA:ERX240772.25379674.1	97.368	76	2	0	5724	5799	1	76	8.89e-27	130
CFAV-KC_Cambodia_2015	SRA:ERX240772.24311697.1	97.368	76	2	0	5745	5820	1	76	8.89e-27	130
CFAV-KC_Cambodia_2015	SRA:ERX240772.23521597.1	97.368	76	2	0	5724	5799	1	76	8.89e-27	130
CFAV-KC_Cambodia_2015	SRA:ERX240772.23464903.1	97.368	76	2	0	3565	3640	76	1	8.89e-27	130
CFAV-KC_Cambodia_2015	SRA:ERX240772.19876485.1	97.368	76	2	0	3957	4032	76	1	8.89e-27	130
CFAV-KC_Cambodia_2015	SRA:ERX240772.15983064.1	97.368	76	2	0	5262	5337	76	1	8.89e-27	130
CFAV-KC_Cambodia_2015	SRA:ERX240772.15868665.1	97.368	76	2	0	3584	3659	76	1	8.89e-27	130
CFAV-KC_Cambodia_2015	SRA:ERX240772.14933167.1	97.368	76	2	0	6349	6424	76	1	8.89e-27	130
CFAV-KC_Cambodia_2015	SRA:ERX240772.12214703.1	97.368	76	2	0	2333	2408	1	76	8.89e-27	130
CFAV-KC_Cambodia_2015	SRA:ERX240772.12112934.1	97.368	76	2	0	5262	5337	76	1	8.89e-27	130
CFAV-KC_Cambodia_2015	SRA:ERX240772.10389476.1	97.368	76	2	0	3587	3662	76	1	8.89e-27	130
CFAV-KC_Cambodia_2015	SRA:ERX240772.6501657.1	97.368	76	2	0	2338	2413	76	1	8.89e-27	130
CFAV-KC_Cambodia_2015	SRA:ERX240772.5040577.1	97.368	76	2	0	3948	4023	76	1	8.89e-27	130
CFAV-KC_Cambodia_2015	SRA:ERX240772.3757508.1	97.368	76	2	0	3818	3893	76	1	8.89e-27	130
CFAV-KC_Cambodia_2015	SRA:ERX240772.3305806.1	97.368	76	2	0	3918	3993	1	76	8.89e-27	130
CFAV-KC_Cambodia_2015	SRA:ERX240772.3170796.1	97.368	76	2	0	2871	2946	76	1	8.89e-27	130
CFAV-KC_Cambodia_2015	SRA:ERX240772.3150579.1	97.368	76	2	0	3094	3169	1	76	8.89e-27	130
CFAV-KC_Cambodia_2015	SRA:ERX240772.2280079.1	97.368	76	2	0	899	974	1	76	8.89e-27	130
CFAV-KC_Cambodia_2015	SRA:ERX240772.1896895.1	97.368	76	2	0	5743	5818	1	76	8.89e-27	130
CFAV-KC_Cambodia_2015	SRA:ERX240772.1032280.1	97.368	76	2	0	3589	3664	1	76	8.89e-27	130
CFAV-KC_Cambodia_2015	SRA:ERX240772.13373.1	97.368	76	2	0	3648	3723	76	1	8.89e-27	130
CFAV-KC_Cambodia_2015	SRA:ERX240772.11104971.1	97.333	75	2	0	6024	6098	76	2	3.20e-26	128
CFAV-KC_Cambodia_2015	SRA:ERX240772.32438252.1	97.297	74	2	0	6049	6122	1	74	1.15e-25	126
CFAV-KC_Cambodia_2015	SRA:ERX240772.31416042.1	97.297	74	2	0	5722	5795	3	76	1.15e-25	126
CFAV-KC_Cambodia_2015	SRA:ERX240772.25925838.1	97.297	74	2	0	4597	4670	2	75	1.15e-25	126
CFAV-KC_Cambodia_2015	SRA:ERX240772.22361388.1	97.297	74	2	0	5110	5183	1	74	1.15e-25	126
CFAV-KC_Cambodia_2015	SRA:ERX240772.19034199.1	97.297	74	2	0	3934	4007	74	1	1.15e-25	126
CFAV-KC_Cambodia_2015	SRA:ERX240772.13361544.1	97.297	74	2	0	5722	5795	3	76	1.15e-25	126
CFAV-KC_Cambodia_2015	SRA:ERX240772.10868457.1	97.297	74	2	0	5110	5183	2	75	1.15e-25	126
CFAV-KC_Cambodia_2015	SRA:ERX240772.32221493.1	96.053	76	3	0	5385	5460	1	76	4.14e-25	124
CFAV-KC_Cambodia_2015	SRA:ERX240772.30776024.1	96.053	76	3	0	6498	6573	1	76	4.14e-25	124
CFAV-KC_Cambodia_2015	SRA:ERX240772.29571810.1	97.260	73	2	0	4175	4247	1	73	4.14e-25	124
CFAV-KC_Cambodia_2015	SRA:ERX240772.29489099.1	96.053	76	3	0	2057	2132	76	1	4.14e-25	124
CFAV-KC_Cambodia_2015	SRA:ERX240772.26703011.1	96.053	76	3	0	3087	3162	1	76	4.14e-25	124
CFAV-KC_Cambodia_2015	SRA:ERX240772.26252936.1	97.260	73	2	0	4175	4247	1	73	4.14e-25	124
CFAV-KC_Cambodia_2015	SRA:ERX240772.24365658.1	96.053	76	3	0	3610	3685	76	1	4.14e-25	124
CFAV-KC_Cambodia_2015	SRA:ERX240772.23722737.1	96.053	76	3	0	5620	5695	1	76	4.14e-25	124
CFAV-KC_Cambodia_2015	SRA:ERX240772.21672110.1	96.053	76	3	0	5856	5931	1	76	4.14e-25	124
CFAV-KC_Cambodia_2015	SRA:ERX240772.21553469.1	96.053	76	3	0	2036	2111	76	1	4.14e-25	124
CFAV-KC_Cambodia_2015	SRA:ERX240772.20459109.1	96.053	76	3	0	5620	5695	76	1	4.14e-25	124
CFAV-KC_Cambodia_2015	SRA:ERX240772.18772601.1	96.053	76	3	0	2226	2301	1	76	4.14e-25	124
CFAV-KC_Cambodia_2015	SRA:ERX240772.17703872.1	96.053	76	3	0	6497	6572	1	76	4.14e-25	124
CFAV-KC_Cambodia_2015	SRA:ERX240772.17482802.1	96.053	76	3	0	2037	2112	76	1	4.14e-25	124
CFAV-KC_Cambodia_2015	SRA:ERX240772.16898256.1	96.053	76	3	0	4135	4210	76	1	4.14e-25	124
CFAV-KC_Cambodia_2015	SRA:ERX240772.14851230.1	96.053	76	3	0	1982	2057	76	1	4.14e-25	124
CFAV-KC_Cambodia_2015	SRA:ERX240772.13665303.1	96.053	76	3	0	2055	2130	76	1	4.14e-25	124
CFAV-KC_Cambodia_2015	SRA:ERX240772.12804740.1	96.053	76	3	0	3303	3378	1	76	4.14e-25	124
CFAV-KC_Cambodia_2015	SRA:ERX240772.11814587.1	96.053	76	3	0	3910	3985	76	1	4.14e-25	124
CFAV-KC_Cambodia_2015	SRA:ERX240772.10247406.1	96.053	76	3	0	6473	6548	76	1	4.14e-25	124
CFAV-KC_Cambodia_2015	SRA:ERX240772.10029167.1	96.053	76	3	0	5862	5937	1	76	4.14e-25	124
CFAV-KC_Cambodia_2015	SRA:ERX240772.8573869.1	96.053	76	3	0	2886	2961	1	76	4.14e-25	124
CFAV-KC_Cambodia_2015	SRA:ERX240772.1884144.1	96.053	76	3	0	3605	3680	76	1	4.14e-25	124
CFAV-KC_Cambodia_2015	SRA:ERX240772.1818756.1	96.053	76	3	0	2583	2658	1	76	4.14e-25	124
CFAV-KC_Cambodia_2015	SRA:ERX240772.1667795.1	96.053	76	3	0	3606	3681	1	76	4.14e-25	124
CFAV-KC_Cambodia_2015	SRA:ERX240772.12249606.1	97.222	72	2	0	4176	4247	2	73	1.49e-24	122
CFAV-KC_Cambodia_2015	SRA:ERX240772.3870664.1	96.000	75	3	0	4180	4254	1	75	1.49e-24	122
CFAV-KC_Cambodia_2015	SRA:ERX240772.25824767.1	95.946	74	3	0	4327	4400	74	1	5.35e-24	121
CFAV-KC_Cambodia_2015	SRA:ERX240772.25696319.1	95.946	74	3	0	3634	3707	74	1	5.35e-24	121
CFAV-KC_Cambodia_2015	SRA:ERX240772.21656874.1	95.946	74	3	0	2173	2246	76	3	5.35e-24	121
CFAV-KC_Cambodia_2015	SRA:ERX240772.27776088.1	94.737	76	4	0	3145	3220	1	76	1.92e-23	119
CFAV-KC_Cambodia_2015	SRA:ERX240772.26604696.1	94.737	76	4	0	4572	4647	76	1	1.92e-23	119
CFAV-KC_Cambodia_2015	SRA:ERX240772.22749936.1	94.737	76	4	0	5054	5129	76	1	1.92e-23	119
CFAV-KC_Cambodia_2015	SRA:ERX240772.13536577.1	95.890	73	3	0	3132	3204	1	73	1.92e-23	119
CFAV-KC_Cambodia_2015	SRA:ERX240772.11911957.1	94.737	76	4	0	877	952	1	76	1.92e-23	119
CFAV-KC_Cambodia_2015	SRA:ERX240772.7952946.1	95.890	73	3	0	2479	2551	73	1	1.92e-23	119
CFAV-KC_Cambodia_2015	SRA:ERX240772.7645169.1	94.737	76	4	0	5615	5690	76	1	1.92e-23	119
CFAV-KC_Cambodia_2015	SRA:ERX240772.4404924.1	94.737	76	4	0	6452	6527	76	1	1.92e-23	119
CFAV-KC_Cambodia_2015	SRA:ERX240772.3675535.1	94.737	76	4	0	5650	5725	1	76	1.92e-23	119
CFAV-KC_Cambodia_2015	SRA:ERX240772.2221634.1	94.737	76	4	0	6168	6243	1	76	1.92e-23	119
CFAV-KC_Cambodia_2015	SRA:ERX240772.358623.1	94.667	75	4	0	1983	2057	2	76	6.92e-23	117
CFAV-KC_Cambodia_2015	SRA:ERX240772.33633407.1	94.595	74	4	0	3130	3203	3	76	2.49e-22	115
CFAV-KC_Cambodia_2015	SRA:ERX240772.14180037.1	95.775	71	3	0	2905	2975	73	3	2.49e-22	115
CFAV-KC_Cambodia_2015	SRA:ERX240772.10353815.1	94.595	74	4	0	4558	4631	1	74	2.49e-22	115
CFAV-KC_Cambodia_2015	SRA:ERX240772.31976995.1	93.421	76	5	0	3297	3372	1	76	8.95e-22	113
CFAV-KC_Cambodia_2015	SRA:ERX240772.29692242.1	93.421	76	5	0	762	837	1	76	8.95e-22	113
CFAV-KC_Cambodia_2015	SRA:ERX240772.24753895.1	93.421	76	5	0	2907	2982	76	1	8.95e-22	113
CFAV-KC_Cambodia_2015	SRA:ERX240772.5604054.1	94.521	73	4	0	6292	6364	73	1	8.95e-22	113
CFAV-KC_Cambodia_2015	SRA:ERX240772.2424144.1	93.421	76	5	0	4384	4459	1	76	8.95e-22	113
CFAV-KC_Cambodia_2015	SRA:ERX240772.1416807.1	93.421	76	5	0	4380	4455	76	1	8.95e-22	113
CFAV-KC_Cambodia_2015	SRA:ERX240772.11139572.1	93.333	75	5	0	2082	2156	76	2	3.22e-21	111
CFAV-KC_Cambodia_2015	SRA:ERX240772.21023912.1	92.105	76	6	0	4493	4568	1	76	4.17e-20	108
CFAV-KC_Cambodia_2015	SRA:ERX240772.20912444.1	92.105	76	6	0	4407	4482	76	1	4.17e-20	108
CFAV-KC_Cambodia_2015	SRA:ERX240772.16340835.1	92.105	76	6	0	2683	2758	1	76	4.17e-20	108
CFAV-KC_Cambodia_2015	SRA:ERX240772.2015982.1	92.105	76	6	0	4408	4483	76	1	4.17e-20	108
CFAV-KC_Cambodia_2015	SRA:ERX240772.82494.1	91.549	71	6	0	745	815	6	76	2.51e-17	99.0
CFAV-KC_Cambodia_2015	SRA:ERX240772.28307236.1	94.828	58	2	1	4622	4678	1	58	1.51e-14	89.8
CFAV-KC_Cambodia_2015	SRA:ERX240772.21000750.1	100.000	47	0	0	3730	3776	47	1	5.43e-14	87.9
CFAV-Zik_Uganda_2016	SRA:ERX240772.27373803.1	100.000	76	0	0	5233	5308	76	1	4.11e-30	141
CFAV-Zik_Uganda_2016	SRA:ERX240772.27259082.1	100.000	76	0	0	5534	5609	76	1	4.11e-30	141
CFAV-Zik_Uganda_2016	SRA:ERX240772.26604696.1	100.000	76	0	0	4572	4647	76	1	4.11e-30	141
CFAV-Zik_Uganda_2016	SRA:ERX240772.23464903.1	100.000	76	0	0	3565	3640	76	1	4.11e-30	141
CFAV-Zik_Uganda_2016	SRA:ERX240772.22361388.1	100.000	76	0	0	5110	5185	1	76	4.11e-30	141
CFAV-Zik_Uganda_2016	SRA:ERX240772.22177868.1	100.000	76	0	0	2516	2591	1	76	4.11e-30	141
CFAV-Zik_Uganda_2016	SRA:ERX240772.19876485.1	100.000	76	0	0	3957	4032	76	1	4.11e-30	141
CFAV-Zik_Uganda_2016	SRA:ERX240772.18089664.1	100.000	76	0	0	3572	3647	76	1	4.11e-30	141
CFAV-Zik_Uganda_2016	SRA:ERX240772.15983064.1	100.000	76	0	0	5262	5337	76	1	4.11e-30	141
CFAV-Zik_Uganda_2016	SRA:ERX240772.12112934.1	100.000	76	0	0	5262	5337	76	1	4.11e-30	141
CFAV-Zik_Uganda_2016	SRA:ERX240772.10868457.1	100.000	76	0	0	5109	5184	1	76	4.11e-30	141
CFAV-Zik_Uganda_2016	SRA:ERX240772.10353815.1	100.000	76	0	0	4558	4633	1	76	4.11e-30	141
CFAV-Zik_Uganda_2016	SRA:ERX240772.2202508.1	100.000	76	0	0	3559	3634	1	76	4.11e-30	141
CFAV-Zik_Uganda_2016	SRA:ERX240772.29674226.1	100.000	75	0	0	5571	5645	76	2	1.48e-29	139
CFAV-Zik_Uganda_2016	SRA:ERX240772.25925838.1	100.000	75	0	0	4596	4670	1	75	1.48e-29	139
CFAV-Zik_Uganda_2016	SRA:ERX240772.5040577.1	100.000	75	0	0	3949	4023	75	1	1.48e-29	139
CFAV-Zik_Uganda_2016	SRA:ERX240772.3430492.1	100.000	74	0	0	5128	5201	1	74	5.31e-29	137
CFAV-Zik_Uganda_2016	SRA:ERX240772.32221493.1	98.684	76	1	0	5385	5460	1	76	1.91e-28	135
CFAV-Zik_Uganda_2016	SRA:ERX240772.31185630.1	98.684	76	1	0	5584	5659	1	76	1.91e-28	135
CFAV-Zik_Uganda_2016	SRA:ERX240772.30906292.1	98.684	76	1	0	5768	5843	1	76	1.91e-28	135
CFAV-Zik_Uganda_2016	SRA:ERX240772.30691617.1	98.684	76	1	0	3543	3618	76	1	1.91e-28	135
CFAV-Zik_Uganda_2016	SRA:ERX240772.30006620.1	98.684	76	1	0	2240	2315	1	76	1.91e-28	135
CFAV-Zik_Uganda_2016	SRA:ERX240772.29692242.1	98.684	76	1	0	762	837	1	76	1.91e-28	135
CFAV-Zik_Uganda_2016	SRA:ERX240772.28634221.1	98.684	76	1	0	3736	3811	1	76	1.91e-28	135
CFAV-Zik_Uganda_2016	SRA:ERX240772.21956794.1	98.684	76	1	0	2986	3061	76	1	1.91e-28	135
CFAV-Zik_Uganda_2016	SRA:ERX240772.19034199.1	98.684	76	1	0	3932	4007	76	1	1.91e-28	135
CFAV-Zik_Uganda_2016	SRA:ERX240772.18760716.1	98.684	76	1	0	4041	4116	76	1	1.91e-28	135
CFAV-Zik_Uganda_2016	SRA:ERX240772.16743733.1	98.684	76	1	0	5907	5982	1	76	1.91e-28	135
CFAV-Zik_Uganda_2016	SRA:ERX240772.15868665.1	98.684	76	1	0	3584	3659	76	1	1.91e-28	135
CFAV-Zik_Uganda_2016	SRA:ERX240772.14031183.1	98.684	76	1	0	6148	6223	1	76	1.91e-28	135
CFAV-Zik_Uganda_2016	SRA:ERX240772.13148451.1	98.684	76	1	0	3742	3817	1	76	1.91e-28	135
CFAV-Zik_Uganda_2016	SRA:ERX240772.12435137.1	98.684	76	1	0	3739	3814	1	76	1.91e-28	135
CFAV-Zik_Uganda_2016	SRA:ERX240772.11814587.1	98.684	76	1	0	3910	3985	76	1	1.91e-28	135
CFAV-Zik_Uganda_2016	SRA:ERX240772.10389476.1	98.684	76	1	0	3587	3662	76	1	1.91e-28	135
CFAV-Zik_Uganda_2016	SRA:ERX240772.8573869.1	98.684	76	1	0	2886	2961	1	76	1.91e-28	135
CFAV-Zik_Uganda_2016	SRA:ERX240772.5604054.1	98.684	76	1	0	6289	6364	76	1	1.91e-28	135
CFAV-Zik_Uganda_2016	SRA:ERX240772.3305806.1	98.684	76	1	0	3918	3993	1	76	1.91e-28	135
CFAV-Zik_Uganda_2016	SRA:ERX240772.3150579.1	98.684	76	1	0	3094	3169	1	76	1.91e-28	135
CFAV-Zik_Uganda_2016	SRA:ERX240772.2221634.1	98.684	76	1	0	6168	6243	1	76	1.91e-28	135
CFAV-Zik_Uganda_2016	SRA:ERX240772.1032280.1	98.684	76	1	0	3589	3664	1	76	1.91e-28	135
CFAV-Zik_Uganda_2016	SRA:ERX240772.266075.1	98.684	76	1	0	3739	3814	1	76	1.91e-28	135
CFAV-Zik_Uganda_2016	SRA:ERX240772.12633102.1	98.667	75	1	0	4998	5072	1	75	6.87e-28	134
CFAV-Zik_Uganda_2016	SRA:ERX240772.6846375.1	100.000	72	0	0	2304	2375	2	73	6.87e-28	134
CFAV-Zik_Uganda_2016	SRA:ERX240772.33296044.1	98.649	74	1	0	3676	3749	3	76	2.47e-27	132
CFAV-Zik_Uganda_2016	SRA:ERX240772.22396541.1	98.649	74	1	0	6439	6512	76	3	2.47e-27	132
CFAV-Zik_Uganda_2016	SRA:ERX240772.10075666.1	98.649	74	1	0	6439	6512	76	3	2.47e-27	132
CFAV-Zik_Uganda_2016	SRA:ERX240772.33395308.1	97.368	76	2	0	4073	4148	76	1	8.89e-27	130
CFAV-Zik_Uganda_2016	SRA:ERX240772.32613366.1	97.368	76	2	0	3069	3144	76	1	8.89e-27	130
CFAV-Zik_Uganda_2016	SRA:ERX240772.32438252.1	97.368	76	2	0	6049	6124	1	76	8.89e-27	130
CFAV-Zik_Uganda_2016	SRA:ERX240772.30861831.1	98.630	73	1	0	4088	4160	1	73	8.89e-27	130
CFAV-Zik_Uganda_2016	SRA:ERX240772.30776024.1	97.368	76	2	0	6498	6573	1	76	8.89e-27	130
CFAV-Zik_Uganda_2016	SRA:ERX240772.30341682.1	97.368	76	2	0	3402	3477	1	76	8.89e-27	130
CFAV-Zik_Uganda_2016	SRA:ERX240772.29306504.1	97.368	76	2	0	3769	3844	76	1	8.89e-27	130
CFAV-Zik_Uganda_2016	SRA:ERX240772.28211179.1	97.368	76	2	0	6385	6460	76	1	8.89e-27	130
CFAV-Zik_Uganda_2016	SRA:ERX240772.26703011.1	97.368	76	2	0	3087	3162	1	76	8.89e-27	130
CFAV-Zik_Uganda_2016	SRA:ERX240772.26276828.1	97.368	76	2	0	3618	3693	76	1	8.89e-27	130
CFAV-Zik_Uganda_2016	SRA:ERX240772.24365658.1	97.368	76	2	0	3610	3685	76	1	8.89e-27	130
CFAV-Zik_Uganda_2016	SRA:ERX240772.24311697.1	97.368	76	2	0	5745	5820	1	76	8.89e-27	130
CFAV-Zik_Uganda_2016	SRA:ERX240772.23722737.1	97.368	76	2	0	5620	5695	1	76	8.89e-27	130
CFAV-Zik_Uganda_2016	SRA:ERX240772.23421242.1	97.368	76	2	0	2843	2918	76	1	8.89e-27	130
CFAV-Zik_Uganda_2016	SRA:ERX240772.22749936.1	97.368	76	2	0	5054	5129	76	1	8.89e-27	130
CFAV-Zik_Uganda_2016	SRA:ERX240772.21733603.1	97.368	76	2	0	1008	1083	1	76	8.89e-27	130
CFAV-Zik_Uganda_2016	SRA:ERX240772.21672110.1	97.368	76	2	0	5856	5931	1	76	8.89e-27	130
CFAV-Zik_Uganda_2016	SRA:ERX240772.20459109.1	97.368	76	2	0	5620	5695	76	1	8.89e-27	130
CFAV-Zik_Uganda_2016	SRA:ERX240772.19701145.1	97.368	76	2	0	5349	5424	76	1	8.89e-27	130
CFAV-Zik_Uganda_2016	SRA:ERX240772.18772601.1	97.368	76	2	0	2226	2301	1	76	8.89e-27	130
CFAV-Zik_Uganda_2016	SRA:ERX240772.17772558.1	97.368	76	2	0	3164	3239	1	76	8.89e-27	130
CFAV-Zik_Uganda_2016	SRA:ERX240772.17703872.1	97.368	76	2	0	6497	6572	1	76	8.89e-27	130
CFAV-Zik_Uganda_2016	SRA:ERX240772.17632196.1	97.368	76	2	0	3060	3135	1	76	8.89e-27	130
CFAV-Zik_Uganda_2016	SRA:ERX240772.16755062.1	97.368	76	2	0	2843	2918	1	76	8.89e-27	130
CFAV-Zik_Uganda_2016	SRA:ERX240772.15482580.1	97.368	76	2	0	3069	3144	76	1	8.89e-27	130
CFAV-Zik_Uganda_2016	SRA:ERX240772.15417617.1	97.368	76	2	0	2827	2902	1	76	8.89e-27	130
CFAV-Zik_Uganda_2016	SRA:ERX240772.14851230.1	97.368	76	2	0	1982	2057	76	1	8.89e-27	130
CFAV-Zik_Uganda_2016	SRA:ERX240772.12804740.1	97.368	76	2	0	3303	3378	1	76	8.89e-27	130
CFAV-Zik_Uganda_2016	SRA:ERX240772.12214703.1	97.368	76	2	0	2333	2408	1	76	8.89e-27	130
CFAV-Zik_Uganda_2016	SRA:ERX240772.11326446.1	97.368	76	2	0	3612	3687	76	1	8.89e-27	130
CFAV-Zik_Uganda_2016	SRA:ERX240772.11139572.1	97.368	76	2	0	2082	2157	76	1	8.89e-27	130
CFAV-Zik_Uganda_2016	SRA:ERX240772.10766469.1	97.368	76	2	0	2407	2482	76	1	8.89e-27	130
CFAV-Zik_Uganda_2016	SRA:ERX240772.10247406.1	97.368	76	2	0	6473	6548	76	1	8.89e-27	130
CFAV-Zik_Uganda_2016	SRA:ERX240772.10029167.1	97.368	76	2	0	5862	5937	1	76	8.89e-27	130
CFAV-Zik_Uganda_2016	SRA:ERX240772.7711421.1	97.368	76	2	0	2495	2570	1	76	8.89e-27	130
CFAV-Zik_Uganda_2016	SRA:ERX240772.7645169.1	97.368	76	2	0	5615	5690	76	1	8.89e-27	130
CFAV-Zik_Uganda_2016	SRA:ERX240772.6501657.1	97.368	76	2	0	2338	2413	76	1	8.89e-27	130
CFAV-Zik_Uganda_2016	SRA:ERX240772.4404924.1	97.368	76	2	0	6452	6527	76	1	8.89e-27	130
CFAV-Zik_Uganda_2016	SRA:ERX240772.4256134.1	97.368	76	2	0	4506	4581	76	1	8.89e-27	130
CFAV-Zik_Uganda_2016	SRA:ERX240772.3757508.1	97.368	76	2	0	3818	3893	76	1	8.89e-27	130
CFAV-Zik_Uganda_2016	SRA:ERX240772.3170796.1	97.368	76	2	0	2871	2946	76	1	8.89e-27	130
CFAV-Zik_Uganda_2016	SRA:ERX240772.1982779.1	97.368	76	2	0	4506	4581	76	1	8.89e-27	130
CFAV-Zik_Uganda_2016	SRA:ERX240772.1896895.1	97.368	76	2	0	5743	5818	1	76	8.89e-27	130
CFAV-Zik_Uganda_2016	SRA:ERX240772.1884144.1	97.368	76	2	0	3605	3680	76	1	8.89e-27	130
CFAV-Zik_Uganda_2016	SRA:ERX240772.1818756.1	97.368	76	2	0	2583	2658	1	76	8.89e-27	130
CFAV-Zik_Uganda_2016	SRA:ERX240772.1667795.1	97.368	76	2	0	3606	3681	1	76	8.89e-27	130
CFAV-Zik_Uganda_2016	SRA:ERX240772.1282199.1	97.368	76	2	0	2820	2895	1	76	8.89e-27	130
CFAV-Zik_Uganda_2016	SRA:ERX240772.521405.1	97.368	76	2	0	2830	2905	1	76	8.89e-27	130
CFAV-Zik_Uganda_2016	SRA:ERX240772.13373.1	97.368	76	2	0	3648	3723	76	1	8.89e-27	130
CFAV-Zik_Uganda_2016	SRA:ERX240772.32824228.1	97.333	75	2	0	945	1019	2	76	3.20e-26	128
CFAV-Zik_Uganda_2016	SRA:ERX240772.31557454.1	98.611	72	1	0	3337	3408	1	72	3.20e-26	128
CFAV-Zik_Uganda_2016	SRA:ERX240772.28331841.1	97.333	75	2	0	6054	6128	1	75	3.20e-26	128
CFAV-Zik_Uganda_2016	SRA:ERX240772.16484294.1	97.333	75	2	0	3164	3238	75	1	3.20e-26	128
CFAV-Zik_Uganda_2016	SRA:ERX240772.6238895.1	97.333	75	2	0	5405	5479	2	76	3.20e-26	128
CFAV-Zik_Uganda_2016	SRA:ERX240772.1189323.1	97.333	75	2	0	5316	5390	1	75	3.20e-26	128
CFAV-Zik_Uganda_2016	SRA:ERX240772.31416042.1	97.297	74	2	0	5722	5795	3	76	1.15e-25	126
CFAV-Zik_Uganda_2016	SRA:ERX240772.26135169.1	97.297	74	2	0	899	972	1	74	1.15e-25	126
CFAV-Zik_Uganda_2016	SRA:ERX240772.25696319.1	97.297	74	2	0	3634	3707	74	1	1.15e-25	126
CFAV-Zik_Uganda_2016	SRA:ERX240772.14180037.1	97.297	74	2	0	2902	2975	76	3	1.15e-25	126
CFAV-Zik_Uganda_2016	SRA:ERX240772.13361544.1	97.297	74	2	0	5722	5795	3	76	1.15e-25	126
CFAV-Zik_Uganda_2016	SRA:ERX240772.11104971.1	97.297	74	2	0	6024	6097	76	3	1.15e-25	126
CFAV-Zik_Uganda_2016	SRA:ERX240772.2280079.1	97.297	74	2	0	899	972	1	74	1.15e-25	126
CFAV-Zik_Uganda_2016	SRA:ERX240772.33633407.1	96.053	76	3	0	3128	3203	1	76	4.14e-25	124
CFAV-Zik_Uganda_2016	SRA:ERX240772.33567457.1	96.053	76	3	0	6070	6145	1	76	4.14e-25	124
CFAV-Zik_Uganda_2016	SRA:ERX240772.30508422.1	96.053	76	3	0	5636	5711	1	76	4.14e-25	124
CFAV-Zik_Uganda_2016	SRA:ERX240772.25379674.1	97.260	73	2	0	5724	5796	1	73	4.14e-25	124
CFAV-Zik_Uganda_2016	SRA:ERX240772.25025336.1	96.053	76	3	0	1839	1914	76	1	4.14e-25	124
CFAV-Zik_Uganda_2016	SRA:ERX240772.23521597.1	97.260	73	2	0	5724	5796	1	73	4.14e-25	124
CFAV-Zik_Uganda_2016	SRA:ERX240772.22918063.1	96.053	76	3	0	2581	2656	76	1	4.14e-25	124
CFAV-Zik_Uganda_2016	SRA:ERX240772.22874902.1	96.053	76	3	0	3048	3123	76	1	4.14e-25	124
CFAV-Zik_Uganda_2016	SRA:ERX240772.21553469.1	96.053	76	3	0	2036	2111	76	1	4.14e-25	124
CFAV-Zik_Uganda_2016	SRA:ERX240772.20536552.1	96.053	76	3	0	5340	5415	1	76	4.14e-25	124
CFAV-Zik_Uganda_2016	SRA:ERX240772.18222862.1	96.053	76	3	0	3178	3253	76	1	4.14e-25	124
CFAV-Zik_Uganda_2016	SRA:ERX240772.17482802.1	96.053	76	3	0	2037	2112	76	1	4.14e-25	124
CFAV-Zik_Uganda_2016	SRA:ERX240772.8281781.1	96.053	76	3	0	5422	5497	76	1	4.14e-25	124
CFAV-Zik_Uganda_2016	SRA:ERX240772.7952946.1	97.260	73	2	0	2479	2551	73	1	4.14e-25	124
CFAV-Zik_Uganda_2016	SRA:ERX240772.5189349.1	96.053	76	3	0	3201	3276	1	76	4.14e-25	124
CFAV-Zik_Uganda_2016	SRA:ERX240772.3193366.1	96.053	76	3	0	6071	6146	1	76	4.14e-25	124
CFAV-Zik_Uganda_2016	SRA:ERX240772.1778161.1	96.053	76	3	0	1844	1919	76	1	4.14e-25	124
CFAV-Zik_Uganda_2016	SRA:ERX240772.15380418.1	95.946	74	3	0	4301	4374	76	3	5.35e-24	121
CFAV-Zik_Uganda_2016	SRA:ERX240772.82494.1	97.183	71	2	0	745	815	6	76	5.35e-24	121
CFAV-Zik_Uganda_2016	SRA:ERX240772.29489099.1	94.737	76	4	0	2057	2132	76	1	1.92e-23	119
CFAV-Zik_Uganda_2016	SRA:ERX240772.24753895.1	94.737	76	4	0	2907	2982	76	1	1.92e-23	119
CFAV-Zik_Uganda_2016	SRA:ERX240772.13665303.1	94.737	76	4	0	2055	2130	76	1	1.92e-23	119
CFAV-Zik_Uganda_2016	SRA:ERX240772.11911957.1	94.737	76	4	0	877	952	1	76	1.92e-23	119
CFAV-Zik_Uganda_2016	SRA:ERX240772.3675535.1	94.737	76	4	0	5650	5725	1	76	1.92e-23	119
CFAV-Zik_Uganda_2016	SRA:ERX240772.33286006.1	94.667	75	4	0	4290	4364	76	2	6.92e-23	117
CFAV-Zik_Uganda_2016	SRA:ERX240772.2424144.1	97.101	69	2	0	4384	4452	1	69	6.92e-23	117
CFAV-Zik_Uganda_2016	SRA:ERX240772.1416807.1	97.101	69	2	0	4384	4452	72	4	6.92e-23	117
CFAV-Zik_Uganda_2016	SRA:ERX240772.25824767.1	93.421	76	5	0	4325	4400	76	1	8.95e-22	113
CFAV-Zik_Uganda_2016	SRA:ERX240772.21656874.1	93.421	76	5	0	2173	2248	76	1	8.95e-22	113
CFAV-Zik_Uganda_2016	SRA:ERX240772.20912444.1	93.421	76	5	0	4407	4482	76	1	8.95e-22	113
CFAV-Zik_Uganda_2016	SRA:ERX240772.2015982.1	94.521	73	4	0	4411	4483	73	1	8.95e-22	113
CFAV-Zik_Uganda_2016	SRA:ERX240772.1624274.1	93.421	76	5	0	2189	2264	76	1	8.95e-22	113
CFAV-Zik_Uganda_2016	SRA:ERX240772.2039139.1	94.444	72	4	0	2021	2092	4	75	3.22e-21	111
CFAV-Zik_Uganda_2016	SRA:ERX240772.13796548.1	92.105	76	6	0	4430	4505	76	1	4.17e-20	108
CFAV-Zik_Uganda_2016	SRA:ERX240772.13270143.1	91.892	74	6	0	4429	4502	76	3	5.39e-19	104
CFAV-Zik_Uganda_2016	SRA:ERX240772.26624785.1	96.721	61	2	0	745	805	16	76	1.94e-18	102
CFAV-Zik_Uganda_2016	SRA:ERX240772.28307236.1	98.276	58	0	1	4622	4678	1	58	6.97e-18	100
CFAV-Zik_Uganda_2016	SRA:ERX240772.21000750.1	100.000	47	0	0	3730	3776	47	1	5.43e-14	87.9
CFAV-Zik_Uganda_2016	SRA:ERX240772.29287700.1	97.674	43	1	0	4964	5006	34	76	4.23e-10	75.0
CFAV-Zik_Uganda_2016	SRA:ERX240772.2538702.1	97.674	43	1	0	745	787	43	1	4.23e-10	75.0
CFAV-Zik_Uganda_2016	SRA:ERX240772.2538702.1	95.122	41	2	0	6535	6575	76	36	2.54e-07	65.8
