CFAV-Bangkok_Thailand_2015	SRA:ERX240766.33070096.1	100.000	76	0	0	3579	3654	76	1	4.28e-30	141
CFAV-Bangkok_Thailand_2015	SRA:ERX240766.34467250.1	98.684	76	1	0	5038	5113	1	76	1.99e-28	135
CFAV-Bangkok_Thailand_2015	SRA:ERX240766.21849431.1	98.684	76	1	0	3658	3733	1	76	1.99e-28	135
CFAV-Bangkok_Thailand_2015	SRA:ERX240766.5795898.1	98.684	76	1	0	5222	5297	76	1	1.99e-28	135
CFAV-Bangkok_Thailand_2015	SRA:ERX240766.31656568.1	98.649	74	1	0	2821	2894	1	74	2.58e-27	132
CFAV-Bangkok_Thailand_2015	SRA:ERX240766.22461536.1	98.649	74	1	0	2821	2894	1	74	2.58e-27	132
CFAV-Bangkok_Thailand_2015	SRA:ERX240766.25953643.1	97.368	76	2	0	845	920	1	76	9.27e-27	130
CFAV-Bangkok_Thailand_2015	SRA:ERX240766.25149137.1	97.368	76	2	0	6384	6459	76	1	9.27e-27	130
CFAV-Bangkok_Thailand_2015	SRA:ERX240766.20977193.1	97.368	76	2	0	5566	5641	76	1	9.27e-27	130
CFAV-Bangkok_Thailand_2015	SRA:ERX240766.20155585.1	97.368	76	2	0	6385	6460	76	1	9.27e-27	130
CFAV-Bangkok_Thailand_2015	SRA:ERX240766.17459804.1	97.368	76	2	0	5663	5738	76	1	9.27e-27	130
CFAV-Bangkok_Thailand_2015	SRA:ERX240766.13840206.1	97.368	76	2	0	8601	8676	1	76	9.27e-27	130
CFAV-Bangkok_Thailand_2015	SRA:ERX240766.8447963.1	97.368	76	2	0	6347	6422	76	1	9.27e-27	130
CFAV-Bangkok_Thailand_2015	SRA:ERX240766.30758844.1	97.333	75	2	0	8615	8689	1	75	3.33e-26	128
CFAV-Bangkok_Thailand_2015	SRA:ERX240766.4908354.1	97.333	75	2	0	6348	6422	75	1	3.33e-26	128
CFAV-Bangkok_Thailand_2015	SRA:ERX240766.18148010.1	97.297	74	2	0	4361	4434	1	74	1.20e-25	126
CFAV-Bangkok_Thailand_2015	SRA:ERX240766.28307177.1	95.946	74	3	0	5341	5414	76	3	5.58e-24	121
CFAV-Bangkok_Thailand_2015	SRA:ERX240766.26042539.1	98.529	68	1	0	3699	3766	1	68	5.58e-24	121
CFAV-Bangkok_Thailand_2015	SRA:ERX240766.4280088.1	97.183	71	2	0	3091	3161	73	3	5.58e-24	121
CFAV-Bangkok_Thailand_2015	SRA:ERX240766.33900433.1	94.737	76	4	0	5097	5172	1	76	2.01e-23	119
CFAV-Bangkok_Thailand_2015	SRA:ERX240766.31998998.1	94.737	76	4	0	5110	5185	1	76	2.01e-23	119
CFAV-Bangkok_Thailand_2015	SRA:ERX240766.19964397.1	94.737	76	4	0	5110	5185	1	76	2.01e-23	119
CFAV-Bangkok_Thailand_2015	SRA:ERX240766.12790556.1	97.143	70	2	0	5331	5400	1	70	2.01e-23	119
CFAV-Bangkok_Thailand_2015	SRA:ERX240766.7923672.1	97.143	70	2	0	937	1006	1	70	2.01e-23	119
CFAV-Bangkok_Thailand_2015	SRA:ERX240766.31100813.1	93.421	76	5	0	4296	4371	76	1	9.33e-22	113
CFAV-Bangkok_Thailand_2015	SRA:ERX240766.15921574.1	91.667	72	6	0	2429	2500	74	3	7.26e-18	100
NC_001564	SRA:ERX240766.33900433.1	100.000	76	0	0	5104	5179	1	76	4.29e-30	141
NC_001564	SRA:ERX240766.33070096.1	100.000	76	0	0	3586	3661	76	1	4.29e-30	141
NC_001564	SRA:ERX240766.31998998.1	100.000	76	0	0	5117	5192	1	76	4.29e-30	141
NC_001564	SRA:ERX240766.25149137.1	100.000	76	0	0	6391	6466	76	1	4.29e-30	141
NC_001564	SRA:ERX240766.20675972.1	100.000	76	0	0	3001	3076	76	1	4.29e-30	141
NC_001564	SRA:ERX240766.20155585.1	100.000	76	0	0	6392	6467	76	1	4.29e-30	141
NC_001564	SRA:ERX240766.19964397.1	100.000	76	0	0	5117	5192	1	76	4.29e-30	141
NC_001564	SRA:ERX240766.17459804.1	100.000	76	0	0	5670	5745	76	1	4.29e-30	141
NC_001564	SRA:ERX240766.5795898.1	100.000	76	0	0	5229	5304	76	1	4.29e-30	141
NC_001564	SRA:ERX240766.34467250.1	98.684	76	1	0	5045	5120	1	76	2.00e-28	135
NC_001564	SRA:ERX240766.28307177.1	98.684	76	1	0	5348	5423	76	1	2.00e-28	135
NC_001564	SRA:ERX240766.21849431.1	98.684	76	1	0	3665	3740	1	76	2.00e-28	135
NC_001564	SRA:ERX240766.13840206.1	98.684	76	1	0	8608	8683	1	76	2.00e-28	135
NC_001564	SRA:ERX240766.30758844.1	98.667	75	1	0	8622	8696	1	75	7.18e-28	134
NC_001564	SRA:ERX240766.31656568.1	98.649	74	1	0	2828	2901	1	74	2.58e-27	132
NC_001564	SRA:ERX240766.22461536.1	98.649	74	1	0	2828	2901	1	74	2.58e-27	132
NC_001564	SRA:ERX240766.25953643.1	97.368	76	2	0	852	927	1	76	9.29e-27	130
NC_001564	SRA:ERX240766.20977193.1	98.630	73	1	0	5576	5648	73	1	9.29e-27	130
NC_001564	SRA:ERX240766.12790556.1	97.368	76	2	0	5338	5413	1	76	9.29e-27	130
NC_001564	SRA:ERX240766.8447963.1	97.368	76	2	0	6354	6429	76	1	9.29e-27	130
NC_001564	SRA:ERX240766.4280088.1	97.368	76	2	0	3095	3170	76	1	9.29e-27	130
NC_001564	SRA:ERX240766.4908354.1	97.333	75	2	0	6355	6429	75	1	3.34e-26	128
NC_001564	SRA:ERX240766.18148010.1	97.297	74	2	0	4368	4441	1	74	1.20e-25	126
NC_001564	SRA:ERX240766.11141149.1	96.053	76	3	0	2880	2955	1	76	4.32e-25	124
NC_001564	SRA:ERX240766.8520299.1	96.053	76	3	0	6181	6256	1	76	4.32e-25	124
NC_001564	SRA:ERX240766.7923672.1	98.571	70	1	0	944	1013	1	70	4.32e-25	124
NC_001564	SRA:ERX240766.7071976.1	96.053	76	3	0	5814	5889	1	76	4.32e-25	124
NC_001564	SRA:ERX240766.15921574.1	95.946	74	3	0	2436	2509	74	1	5.59e-24	121
NC_001564	SRA:ERX240766.6182851.1	98.333	60	1	0	6185	6244	60	1	1.56e-19	106
NC_001564	SRA:ERX240766.26042539.1	94.118	68	4	0	3706	3773	1	68	5.63e-19	104
NC_001564	SRA:ERX240766.33493155.1	100.000	35	0	0	4953	4987	42	76	2.66e-07	65.8
CFAV-Cairns_Australia_2014	SRA:ERX240766.33070096.1	100.000	76	0	0	3585	3660	76	1	4.29e-30	141
CFAV-Cairns_Australia_2014	SRA:ERX240766.25149137.1	100.000	76	0	0	6390	6465	76	1	4.29e-30	141
CFAV-Cairns_Australia_2014	SRA:ERX240766.21849431.1	100.000	76	0	0	3664	3739	1	76	4.29e-30	141
CFAV-Cairns_Australia_2014	SRA:ERX240766.20977193.1	100.000	76	0	0	5572	5647	76	1	4.29e-30	141
CFAV-Cairns_Australia_2014	SRA:ERX240766.20155585.1	100.000	76	0	0	6391	6466	76	1	4.29e-30	141
CFAV-Cairns_Australia_2014	SRA:ERX240766.5795898.1	100.000	76	0	0	5228	5303	76	1	4.29e-30	141
CFAV-Cairns_Australia_2014	SRA:ERX240766.31656568.1	100.000	74	0	0	2827	2900	1	74	5.55e-29	137
CFAV-Cairns_Australia_2014	SRA:ERX240766.22461536.1	100.000	74	0	0	2827	2900	1	74	5.55e-29	137
CFAV-Cairns_Australia_2014	SRA:ERX240766.34467250.1	98.684	76	1	0	5044	5119	1	76	2.00e-28	135
CFAV-Cairns_Australia_2014	SRA:ERX240766.33900433.1	98.684	76	1	0	5103	5178	1	76	2.00e-28	135
CFAV-Cairns_Australia_2014	SRA:ERX240766.28307177.1	98.684	76	1	0	5347	5422	76	1	2.00e-28	135
CFAV-Cairns_Australia_2014	SRA:ERX240766.25953643.1	98.684	76	1	0	851	926	1	76	2.00e-28	135
CFAV-Cairns_Australia_2014	SRA:ERX240766.18148010.1	98.684	76	1	0	4367	4442	1	76	2.00e-28	135
CFAV-Cairns_Australia_2014	SRA:ERX240766.12790556.1	98.684	76	1	0	5337	5412	1	76	2.00e-28	135
CFAV-Cairns_Australia_2014	SRA:ERX240766.8447963.1	98.684	76	1	0	6353	6428	76	1	2.00e-28	135
CFAV-Cairns_Australia_2014	SRA:ERX240766.7071976.1	98.684	76	1	0	5813	5888	1	76	2.00e-28	135
CFAV-Cairns_Australia_2014	SRA:ERX240766.4280088.1	98.684	76	1	0	3094	3169	76	1	2.00e-28	135
CFAV-Cairns_Australia_2014	SRA:ERX240766.4908354.1	98.667	75	1	0	6354	6428	75	1	7.18e-28	134
CFAV-Cairns_Australia_2014	SRA:ERX240766.31998998.1	97.368	76	2	0	5116	5191	1	76	9.29e-27	130
CFAV-Cairns_Australia_2014	SRA:ERX240766.20675972.1	97.368	76	2	0	3000	3075	76	1	9.29e-27	130
CFAV-Cairns_Australia_2014	SRA:ERX240766.19964397.1	97.368	76	2	0	5116	5191	1	76	9.29e-27	130
CFAV-Cairns_Australia_2014	SRA:ERX240766.17459804.1	97.368	76	2	0	5669	5744	76	1	9.29e-27	130
CFAV-Cairns_Australia_2014	SRA:ERX240766.11141149.1	97.368	76	2	0	2879	2954	1	76	9.29e-27	130
CFAV-Cairns_Australia_2014	SRA:ERX240766.8520299.1	97.368	76	2	0	6180	6255	1	76	9.29e-27	130
CFAV-Cairns_Australia_2014	SRA:ERX240766.26042539.1	100.000	68	0	0	3705	3772	1	68	1.20e-25	126
CFAV-Cairns_Australia_2014	SRA:ERX240766.15921574.1	97.297	74	2	0	2435	2508	74	1	1.20e-25	126
CFAV-Cairns_Australia_2014	SRA:ERX240766.13840206.1	96.053	76	3	0	8607	8682	1	76	4.32e-25	124
CFAV-Cairns_Australia_2014	SRA:ERX240766.7923672.1	98.571	70	1	0	943	1012	1	70	4.32e-25	124
CFAV-Cairns_Australia_2014	SRA:ERX240766.30758844.1	96.000	75	3	0	8621	8695	1	75	1.55e-24	122
CFAV-Cairns_Australia_2014	SRA:ERX240766.31100813.1	94.737	76	4	0	4302	4377	76	1	2.01e-23	119
CFAV-Cairns_Australia_2014	SRA:ERX240766.6182851.1	98.387	62	1	0	6182	6243	62	1	1.21e-20	110
CFAV-Macapa2_Brazil_2017	SRA:ERX240766.31656568.1	100.000	76	0	0	2828	2903	1	76	4.29e-30	141
CFAV-Macapa2_Brazil_2017	SRA:ERX240766.22461536.1	100.000	76	0	0	2828	2903	1	76	4.29e-30	141
CFAV-Macapa2_Brazil_2017	SRA:ERX240766.8447963.1	100.000	74	0	0	6356	6429	74	1	5.55e-29	137
CFAV-Macapa2_Brazil_2017	SRA:ERX240766.5795898.1	100.000	74	0	0	5231	5304	74	1	5.55e-29	137
CFAV-Macapa2_Brazil_2017	SRA:ERX240766.4908354.1	100.000	74	0	0	6356	6429	74	1	5.55e-29	137
CFAV-Macapa2_Brazil_2017	SRA:ERX240766.28307177.1	98.684	76	1	0	5348	5423	76	1	2.00e-28	135
CFAV-Macapa2_Brazil_2017	SRA:ERX240766.25149137.1	98.684	76	1	0	6391	6466	76	1	2.00e-28	135
CFAV-Macapa2_Brazil_2017	SRA:ERX240766.21849431.1	98.684	76	1	0	3665	3740	1	76	2.00e-28	135
CFAV-Macapa2_Brazil_2017	SRA:ERX240766.20155585.1	98.684	76	1	0	6392	6467	76	1	2.00e-28	135
CFAV-Macapa2_Brazil_2017	SRA:ERX240766.17459804.1	98.684	76	1	0	5670	5745	76	1	2.00e-28	135
CFAV-Macapa2_Brazil_2017	SRA:ERX240766.11141149.1	98.684	76	1	0	2880	2955	1	76	2.00e-28	135
CFAV-Macapa2_Brazil_2017	SRA:ERX240766.34467250.1	97.368	76	2	0	5045	5120	1	76	9.29e-27	130
CFAV-Macapa2_Brazil_2017	SRA:ERX240766.33070096.1	97.368	76	2	0	3586	3661	76	1	9.29e-27	130
CFAV-Macapa2_Brazil_2017	SRA:ERX240766.12790556.1	97.368	76	2	0	5338	5413	1	76	9.29e-27	130
CFAV-Macapa2_Brazil_2017	SRA:ERX240766.7071976.1	97.368	76	2	0	5814	5889	1	76	9.29e-27	130
CFAV-Macapa2_Brazil_2017	SRA:ERX240766.20675972.1	97.333	75	2	0	3002	3076	75	1	3.34e-26	128
CFAV-Macapa2_Brazil_2017	SRA:ERX240766.33900433.1	98.592	71	1	0	5108	5178	5	75	1.20e-25	126
CFAV-Macapa2_Brazil_2017	SRA:ERX240766.31998998.1	96.053	76	3	0	5117	5192	1	76	4.32e-25	124
CFAV-Macapa2_Brazil_2017	SRA:ERX240766.31100813.1	96.053	76	3	0	4303	4378	76	1	4.32e-25	124
CFAV-Macapa2_Brazil_2017	SRA:ERX240766.20977193.1	96.053	76	3	0	5573	5648	76	1	4.32e-25	124
CFAV-Macapa2_Brazil_2017	SRA:ERX240766.19964397.1	96.053	76	3	0	5117	5192	1	76	4.32e-25	124
CFAV-Macapa2_Brazil_2017	SRA:ERX240766.7923672.1	98.571	70	1	0	944	1013	1	70	4.32e-25	124
CFAV-Macapa2_Brazil_2017	SRA:ERX240766.4280088.1	96.053	76	3	0	3095	3170	76	1	4.32e-25	124
CFAV-Macapa2_Brazil_2017	SRA:ERX240766.8520299.1	94.737	76	4	0	6181	6256	1	76	2.01e-23	119
CFAV-Macapa2_Brazil_2017	SRA:ERX240766.26042539.1	97.059	68	2	0	3706	3773	1	68	2.60e-22	115
CFAV-Macapa2_Brazil_2017	SRA:ERX240766.15921574.1	94.595	74	4	0	2436	2509	74	1	2.60e-22	115
CFAV-Macapa2_Brazil_2017	SRA:ERX240766.18148010.1	93.243	74	5	0	4368	4441	1	74	1.21e-20	110
CFAV-Macapa2_Brazil_2017	SRA:ERX240766.13840206.1	92.105	76	6	0	8608	8683	1	76	4.35e-20	108
CFAV-Macapa2_Brazil_2017	SRA:ERX240766.6182851.1	95.161	62	3	0	6183	6244	62	1	2.62e-17	99.0
CFAV-KC_Cambodia_2015	SRA:ERX240766.21849431.1	100.000	76	0	0	3676	3751	1	76	4.30e-30	141
CFAV-KC_Cambodia_2015	SRA:ERX240766.31656568.1	98.684	76	1	0	2839	2914	1	76	2.00e-28	135
CFAV-KC_Cambodia_2015	SRA:ERX240766.22461536.1	98.684	76	1	0	2839	2914	1	76	2.00e-28	135
CFAV-KC_Cambodia_2015	SRA:ERX240766.33070096.1	97.368	76	2	0	3597	3672	76	1	9.30e-27	130
CFAV-KC_Cambodia_2015	SRA:ERX240766.25953643.1	97.368	76	2	0	863	938	1	76	9.30e-27	130
CFAV-KC_Cambodia_2015	SRA:ERX240766.8520299.1	97.368	76	2	0	6192	6267	1	76	9.30e-27	130
CFAV-KC_Cambodia_2015	SRA:ERX240766.5795898.1	97.368	76	2	0	5240	5315	76	1	9.30e-27	130
CFAV-KC_Cambodia_2015	SRA:ERX240766.34467250.1	96.053	76	3	0	5056	5131	1	76	4.33e-25	124
CFAV-KC_Cambodia_2015	SRA:ERX240766.33900433.1	96.053	76	3	0	5115	5190	1	76	4.33e-25	124
CFAV-KC_Cambodia_2015	SRA:ERX240766.17459804.1	96.053	76	3	0	5681	5756	76	1	4.33e-25	124
CFAV-KC_Cambodia_2015	SRA:ERX240766.7923672.1	98.571	70	1	0	955	1024	1	70	4.33e-25	124
CFAV-KC_Cambodia_2015	SRA:ERX240766.30758844.1	96.000	75	3	0	8633	8707	1	75	1.56e-24	122
CFAV-KC_Cambodia_2015	SRA:ERX240766.13840206.1	96.000	75	3	0	8620	8694	2	76	1.56e-24	122
CFAV-KC_Cambodia_2015	SRA:ERX240766.26042539.1	98.529	68	1	0	3717	3784	1	68	5.60e-24	121
CFAV-KC_Cambodia_2015	SRA:ERX240766.11141149.1	95.890	73	3	0	2891	2963	1	73	2.01e-23	119
CFAV-KC_Cambodia_2015	SRA:ERX240766.8447963.1	94.737	76	4	0	6365	6440	76	1	2.01e-23	119
CFAV-KC_Cambodia_2015	SRA:ERX240766.7071976.1	94.737	76	4	0	5825	5900	1	76	2.01e-23	119
CFAV-KC_Cambodia_2015	SRA:ERX240766.4280088.1	95.890	73	3	0	3109	3181	73	1	2.01e-23	119
CFAV-KC_Cambodia_2015	SRA:ERX240766.4908354.1	94.667	75	4	0	6366	6440	75	1	7.24e-23	117
CFAV-KC_Cambodia_2015	SRA:ERX240766.18148010.1	94.595	74	4	0	4379	4452	1	74	2.60e-22	115
CFAV-KC_Cambodia_2015	SRA:ERX240766.25149137.1	93.421	76	5	0	6402	6477	76	1	9.36e-22	113
CFAV-KC_Cambodia_2015	SRA:ERX240766.20155585.1	93.421	76	5	0	6403	6478	76	1	9.36e-22	113
CFAV-KC_Cambodia_2015	SRA:ERX240766.15921574.1	95.714	70	3	0	2447	2516	74	5	9.36e-22	113
CFAV-KC_Cambodia_2015	SRA:ERX240766.6182851.1	98.387	62	1	0	6194	6255	62	1	1.21e-20	110
CFAV-KC_Cambodia_2015	SRA:ERX240766.20675972.1	93.056	72	5	0	3016	3087	72	1	1.57e-19	106
CFAV-Zik_Uganda_2016	SRA:ERX240766.33900433.1	100.000	76	0	0	5115	5190	1	76	4.30e-30	141
CFAV-Zik_Uganda_2016	SRA:ERX240766.21849431.1	100.000	76	0	0	3676	3751	1	76	4.30e-30	141
CFAV-Zik_Uganda_2016	SRA:ERX240766.13840206.1	100.000	76	0	0	8619	8694	1	76	4.30e-30	141
CFAV-Zik_Uganda_2016	SRA:ERX240766.5795898.1	100.000	76	0	0	5240	5315	76	1	4.30e-30	141
CFAV-Zik_Uganda_2016	SRA:ERX240766.30758844.1	100.000	75	0	0	8633	8707	1	75	1.54e-29	139
CFAV-Zik_Uganda_2016	SRA:ERX240766.31998998.1	100.000	74	0	0	5128	5201	1	74	5.56e-29	137
CFAV-Zik_Uganda_2016	SRA:ERX240766.19964397.1	100.000	74	0	0	5128	5201	1	74	5.56e-29	137
CFAV-Zik_Uganda_2016	SRA:ERX240766.34467250.1	98.684	76	1	0	5056	5131	1	76	2.00e-28	135
CFAV-Zik_Uganda_2016	SRA:ERX240766.33070096.1	98.684	76	1	0	3597	3672	76	1	2.00e-28	135
CFAV-Zik_Uganda_2016	SRA:ERX240766.20977193.1	98.684	76	1	0	5584	5659	76	1	2.00e-28	135
CFAV-Zik_Uganda_2016	SRA:ERX240766.20675972.1	98.684	76	1	0	3012	3087	76	1	2.00e-28	135
CFAV-Zik_Uganda_2016	SRA:ERX240766.11141149.1	98.684	76	1	0	2891	2966	1	76	2.00e-28	135
CFAV-Zik_Uganda_2016	SRA:ERX240766.31656568.1	97.368	76	2	0	2839	2914	1	76	9.30e-27	130
CFAV-Zik_Uganda_2016	SRA:ERX240766.28307177.1	97.368	76	2	0	5359	5434	76	1	9.30e-27	130
CFAV-Zik_Uganda_2016	SRA:ERX240766.25149137.1	97.368	76	2	0	6402	6477	76	1	9.30e-27	130
CFAV-Zik_Uganda_2016	SRA:ERX240766.22461536.1	97.368	76	2	0	2839	2914	1	76	9.30e-27	130
CFAV-Zik_Uganda_2016	SRA:ERX240766.20155585.1	98.630	73	1	0	6406	6478	73	1	9.30e-27	130
CFAV-Zik_Uganda_2016	SRA:ERX240766.12790556.1	97.368	76	2	0	5349	5424	1	76	9.30e-27	130
CFAV-Zik_Uganda_2016	SRA:ERX240766.7071976.1	97.368	76	2	0	5825	5900	1	76	9.30e-27	130
CFAV-Zik_Uganda_2016	SRA:ERX240766.4280088.1	97.368	76	2	0	3106	3181	76	1	9.30e-27	130
CFAV-Zik_Uganda_2016	SRA:ERX240766.8520299.1	96.053	76	3	0	6192	6267	1	76	4.33e-25	124
CFAV-Zik_Uganda_2016	SRA:ERX240766.26042539.1	98.529	68	1	0	3717	3784	1	68	5.60e-24	121
CFAV-Zik_Uganda_2016	SRA:ERX240766.8447963.1	97.183	71	2	0	6370	6440	71	1	5.60e-24	121
CFAV-Zik_Uganda_2016	SRA:ERX240766.4908354.1	97.183	71	2	0	6370	6440	71	1	5.60e-24	121
CFAV-Zik_Uganda_2016	SRA:ERX240766.7923672.1	97.143	70	2	0	955	1024	1	70	2.01e-23	119
CFAV-Zik_Uganda_2016	SRA:ERX240766.18148010.1	95.833	72	3	0	4381	4452	3	74	7.24e-23	117
CFAV-Zik_Uganda_2016	SRA:ERX240766.15921574.1	94.595	74	4	0	2447	2520	74	1	2.60e-22	115
CFAV-Zik_Uganda_2016	SRA:ERX240766.6182851.1	98.361	61	1	0	6194	6254	62	2	4.36e-20	108
CFAV-Zik_Uganda_2016	SRA:ERX240766.33493155.1	97.143	35	1	0	4964	4998	42	76	1.24e-05	60.2
