CFAV-Bangkok_Thailand_2015	SRA:ERX240773.8871990.1	100.000	76	0	0	3591	3666	1	76	3.63e-30	141
CFAV-Bangkok_Thailand_2015	SRA:ERX240773.8388403.1	100.000	76	0	0	2063	2138	76	1	3.63e-30	141
CFAV-Bangkok_Thailand_2015	SRA:ERX240773.27000279.1	98.684	76	1	0	3692	3767	76	1	1.69e-28	135
CFAV-Bangkok_Thailand_2015	SRA:ERX240773.24041781.1	98.684	76	1	0	3746	3821	76	1	1.69e-28	135
CFAV-Bangkok_Thailand_2015	SRA:ERX240773.22665655.1	98.684	76	1	0	3535	3610	1	76	1.69e-28	135
CFAV-Bangkok_Thailand_2015	SRA:ERX240773.20816126.1	98.684	76	1	0	5029	5104	1	76	1.69e-28	135
CFAV-Bangkok_Thailand_2015	SRA:ERX240773.7061103.1	98.684	76	1	0	3219	3294	1	76	1.69e-28	135
CFAV-Bangkok_Thailand_2015	SRA:ERX240773.14330469.1	98.667	75	1	0	3692	3766	76	2	6.07e-28	134
CFAV-Bangkok_Thailand_2015	SRA:ERX240773.24168312.1	97.368	76	2	0	2931	3006	76	1	7.85e-27	130
CFAV-Bangkok_Thailand_2015	SRA:ERX240773.19842766.1	97.368	76	2	0	943	1018	1	76	7.85e-27	130
CFAV-Bangkok_Thailand_2015	SRA:ERX240773.17041400.1	97.368	76	2	0	2809	2884	1	76	7.85e-27	130
CFAV-Bangkok_Thailand_2015	SRA:ERX240773.15693136.1	97.368	76	2	0	943	1018	1	76	7.85e-27	130
CFAV-Bangkok_Thailand_2015	SRA:ERX240773.13177008.1	97.368	76	2	0	956	1031	1	76	7.85e-27	130
CFAV-Bangkok_Thailand_2015	SRA:ERX240773.7961474.1	97.368	76	2	0	3184	3259	1	76	7.85e-27	130
CFAV-Bangkok_Thailand_2015	SRA:ERX240773.7804897.1	98.630	73	1	0	6218	6290	1	73	7.85e-27	130
CFAV-Bangkok_Thailand_2015	SRA:ERX240773.7530000.1	97.368	76	2	0	6299	6374	76	1	7.85e-27	130
CFAV-Bangkok_Thailand_2015	SRA:ERX240773.628295.1	98.630	73	1	0	6218	6290	1	73	7.85e-27	130
CFAV-Bangkok_Thailand_2015	SRA:ERX240773.23014064.1	97.333	75	2	0	937	1011	2	76	2.82e-26	128
CFAV-Bangkok_Thailand_2015	SRA:ERX240773.13202337.1	100.000	69	0	0	6127	6195	8	76	2.82e-26	128
CFAV-Bangkok_Thailand_2015	SRA:ERX240773.12652025.1	97.333	75	2	0	937	1011	2	76	2.82e-26	128
CFAV-Bangkok_Thailand_2015	SRA:ERX240773.441411.1	97.333	75	2	0	937	1011	2	76	2.82e-26	128
CFAV-Bangkok_Thailand_2015	SRA:ERX240773.16921869.1	97.297	74	2	0	4315	4388	74	1	1.02e-25	126
CFAV-Bangkok_Thailand_2015	SRA:ERX240773.10383108.1	97.297	74	2	0	4315	4388	74	1	1.02e-25	126
CFAV-Bangkok_Thailand_2015	SRA:ERX240773.24296218.1	96.053	76	3	0	3133	3208	1	76	3.65e-25	124
CFAV-Bangkok_Thailand_2015	SRA:ERX240773.19247204.1	96.053	76	3	0	3106	3181	1	76	3.65e-25	124
CFAV-Bangkok_Thailand_2015	SRA:ERX240773.17558970.1	96.053	76	3	0	2754	2829	1	76	3.65e-25	124
CFAV-Bangkok_Thailand_2015	SRA:ERX240773.17078828.1	96.053	76	3	0	858	933	1	76	3.65e-25	124
CFAV-Bangkok_Thailand_2015	SRA:ERX240773.9606027.1	96.053	76	3	0	6199	6274	1	76	3.65e-25	124
CFAV-Bangkok_Thailand_2015	SRA:ERX240773.1775629.1	96.053	76	3	0	5310	5385	76	1	3.65e-25	124
CFAV-Bangkok_Thailand_2015	SRA:ERX240773.16764359.1	98.551	69	1	0	5040	5108	1	69	1.31e-24	122
CFAV-Bangkok_Thailand_2015	SRA:ERX240773.29039254.1	94.737	76	4	0	6371	6446	76	1	1.70e-23	119
CFAV-Bangkok_Thailand_2015	SRA:ERX240773.2755163.1	95.833	72	3	0	6073	6144	5	76	6.11e-23	117
CFAV-Bangkok_Thailand_2015	SRA:ERX240773.8040728.1	93.421	76	5	0	4953	5028	1	76	7.91e-22	113
CFAV-Bangkok_Thailand_2015	SRA:ERX240773.2644964.1	93.421	76	5	0	4953	5028	1	76	7.91e-22	113
CFAV-Bangkok_Thailand_2015	SRA:ERX240773.25493769.1	93.333	75	5	0	4954	5028	2	76	2.84e-21	111
CFAV-Bangkok_Thailand_2015	SRA:ERX240773.6822624.1	92.958	71	5	0	1995	2065	76	6	4.76e-19	104
CFAV-Bangkok_Thailand_2015	SRA:ERX240773.20161810.1	98.077	52	1	0	3777	3828	76	25	3.70e-15	91.6
CFAV-Bangkok_Thailand_2015	SRA:ERX240773.21830307.1	100.000	30	0	0	5286	5315	32	3	1.35e-04	56.5
CFAV-Bangkok_Thailand_2015	SRA:ERX240773.4673581.1	100.000	30	0	0	5286	5315	32	3	1.35e-04	56.5
NC_001564	SRA:ERX240773.24168312.1	100.000	76	0	0	2938	3013	76	1	3.63e-30	141
NC_001564	SRA:ERX240773.22665655.1	100.000	76	0	0	3542	3617	1	76	3.63e-30	141
NC_001564	SRA:ERX240773.17558970.1	100.000	76	0	0	2761	2836	1	76	3.63e-30	141
NC_001564	SRA:ERX240773.8871990.1	100.000	76	0	0	3598	3673	1	76	3.63e-30	141
NC_001564	SRA:ERX240773.23854269.1	98.684	76	1	0	884	959	1	76	1.69e-28	135
NC_001564	SRA:ERX240773.23014064.1	98.684	76	1	0	943	1018	1	76	1.69e-28	135
NC_001564	SRA:ERX240773.20816126.1	98.684	76	1	0	5036	5111	1	76	1.69e-28	135
NC_001564	SRA:ERX240773.19842766.1	98.684	76	1	0	950	1025	1	76	1.69e-28	135
NC_001564	SRA:ERX240773.19247204.1	98.684	76	1	0	3113	3188	1	76	1.69e-28	135
NC_001564	SRA:ERX240773.17763452.1	98.684	76	1	0	3299	3374	1	76	1.69e-28	135
NC_001564	SRA:ERX240773.17041400.1	98.684	76	1	0	2816	2891	1	76	1.69e-28	135
NC_001564	SRA:ERX240773.15693136.1	98.684	76	1	0	950	1025	1	76	1.69e-28	135
NC_001564	SRA:ERX240773.13177008.1	98.684	76	1	0	963	1038	1	76	1.69e-28	135
NC_001564	SRA:ERX240773.12652025.1	98.684	76	1	0	943	1018	1	76	1.69e-28	135
NC_001564	SRA:ERX240773.11325917.1	98.684	76	1	0	3299	3374	1	76	1.69e-28	135
NC_001564	SRA:ERX240773.8132284.1	98.684	76	1	0	2591	2666	1	76	1.69e-28	135
NC_001564	SRA:ERX240773.7530000.1	98.684	76	1	0	6306	6381	76	1	1.69e-28	135
NC_001564	SRA:ERX240773.441411.1	98.684	76	1	0	943	1018	1	76	1.69e-28	135
NC_001564	SRA:ERX240773.267476.1	98.684	76	1	0	5100	5175	1	76	1.69e-28	135
NC_001564	SRA:ERX240773.24041781.1	100.000	71	0	0	3758	3828	71	1	2.19e-27	132
NC_001564	SRA:ERX240773.17078828.1	97.368	76	2	0	865	940	1	76	7.87e-27	130
NC_001564	SRA:ERX240773.7061103.1	97.368	76	2	0	3226	3301	1	76	7.87e-27	130
NC_001564	SRA:ERX240773.29039254.1	96.053	76	3	0	6378	6453	76	1	3.66e-25	124
NC_001564	SRA:ERX240773.24296218.1	96.053	76	3	0	3140	3215	1	76	3.66e-25	124
NC_001564	SRA:ERX240773.9606027.1	96.053	76	3	0	6206	6281	1	76	3.66e-25	124
NC_001564	SRA:ERX240773.8388403.1	96.053	76	3	0	2070	2145	76	1	3.66e-25	124
NC_001564	SRA:ERX240773.8040728.1	96.053	76	3	0	4960	5035	1	76	3.66e-25	124
NC_001564	SRA:ERX240773.2644964.1	96.053	76	3	0	4960	5035	1	76	3.66e-25	124
NC_001564	SRA:ERX240773.1775629.1	96.053	76	3	0	5317	5392	76	1	3.66e-25	124
NC_001564	SRA:ERX240773.25493769.1	96.000	75	3	0	4961	5035	2	76	1.32e-24	122
NC_001564	SRA:ERX240773.16764359.1	98.551	69	1	0	5047	5115	1	69	1.32e-24	122
NC_001564	SRA:ERX240773.27000279.1	94.737	76	4	0	3699	3774	76	1	1.70e-23	119
NC_001564	SRA:ERX240773.7961474.1	94.737	76	4	0	3191	3266	1	76	1.70e-23	119
NC_001564	SRA:ERX240773.14330469.1	94.667	75	4	0	3699	3773	76	2	6.12e-23	117
NC_001564	SRA:ERX240773.2755163.1	95.833	72	3	0	6080	6151	5	76	6.12e-23	117
NC_001564	SRA:ERX240773.13202337.1	95.652	69	3	0	6134	6202	8	76	2.85e-21	111
NC_001564	SRA:ERX240773.6822624.1	94.366	71	4	0	2002	2072	76	6	1.02e-20	110
NC_001564	SRA:ERX240773.20161810.1	100.000	52	0	0	3784	3835	76	25	7.98e-17	97.1
NC_001564	SRA:ERX240773.29550624.1	98.148	54	1	0	5413	5466	76	23	2.87e-16	95.3
NC_001564	SRA:ERX240773.14174345.1	94.737	57	3	0	4272	4328	57	1	1.34e-14	89.8
NC_001564	SRA:ERX240773.14465051.1	97.917	48	1	0	5155	5202	76	29	6.21e-13	84.2
NC_001564	SRA:ERX240773.6781638.1	97.674	43	0	1	4626	4667	1	43	1.34e-09	73.1
NC_001564	SRA:ERX240773.21830307.1	100.000	32	0	0	5293	5324	32	1	1.05e-05	60.2
NC_001564	SRA:ERX240773.4673581.1	100.000	32	0	0	5293	5324	32	1	1.05e-05	60.2
CFAV-Cairns_Australia_2014	SRA:ERX240773.27000279.1	100.000	76	0	0	3698	3773	76	1	3.64e-30	141
CFAV-Cairns_Australia_2014	SRA:ERX240773.24041781.1	100.000	76	0	0	3752	3827	76	1	3.64e-30	141
CFAV-Cairns_Australia_2014	SRA:ERX240773.23854269.1	100.000	76	0	0	883	958	1	76	3.64e-30	141
CFAV-Cairns_Australia_2014	SRA:ERX240773.19247204.1	100.000	76	0	0	3112	3187	1	76	3.64e-30	141
CFAV-Cairns_Australia_2014	SRA:ERX240773.17041400.1	100.000	76	0	0	2815	2890	1	76	3.64e-30	141
CFAV-Cairns_Australia_2014	SRA:ERX240773.8871990.1	100.000	76	0	0	3597	3672	1	76	3.64e-30	141
CFAV-Cairns_Australia_2014	SRA:ERX240773.7530000.1	100.000	76	0	0	6305	6380	76	1	3.64e-30	141
CFAV-Cairns_Australia_2014	SRA:ERX240773.14330469.1	100.000	75	0	0	3698	3772	76	2	1.31e-29	139
CFAV-Cairns_Australia_2014	SRA:ERX240773.24168312.1	98.684	76	1	0	2937	3012	76	1	1.69e-28	135
CFAV-Cairns_Australia_2014	SRA:ERX240773.23014064.1	98.684	76	1	0	942	1017	1	76	1.69e-28	135
CFAV-Cairns_Australia_2014	SRA:ERX240773.22665655.1	98.684	76	1	0	3541	3616	1	76	1.69e-28	135
CFAV-Cairns_Australia_2014	SRA:ERX240773.20816126.1	98.684	76	1	0	5035	5110	1	76	1.69e-28	135
CFAV-Cairns_Australia_2014	SRA:ERX240773.19842766.1	98.684	76	1	0	949	1024	1	76	1.69e-28	135
CFAV-Cairns_Australia_2014	SRA:ERX240773.17078828.1	98.684	76	1	0	864	939	1	76	1.69e-28	135
CFAV-Cairns_Australia_2014	SRA:ERX240773.15693136.1	98.684	76	1	0	949	1024	1	76	1.69e-28	135
CFAV-Cairns_Australia_2014	SRA:ERX240773.13177008.1	98.684	76	1	0	962	1037	1	76	1.69e-28	135
CFAV-Cairns_Australia_2014	SRA:ERX240773.12652025.1	98.684	76	1	0	942	1017	1	76	1.69e-28	135
CFAV-Cairns_Australia_2014	SRA:ERX240773.9606027.1	98.684	76	1	0	6205	6280	1	76	1.69e-28	135
CFAV-Cairns_Australia_2014	SRA:ERX240773.8132284.1	98.684	76	1	0	2590	2665	1	76	1.69e-28	135
CFAV-Cairns_Australia_2014	SRA:ERX240773.441411.1	98.684	76	1	0	942	1017	1	76	1.69e-28	135
CFAV-Cairns_Australia_2014	SRA:ERX240773.17558970.1	98.667	75	1	0	2761	2835	2	76	6.08e-28	134
CFAV-Cairns_Australia_2014	SRA:ERX240773.24296218.1	98.649	74	1	0	3139	3212	1	74	2.19e-27	132
CFAV-Cairns_Australia_2014	SRA:ERX240773.17763452.1	97.368	76	2	0	3298	3373	1	76	7.87e-27	130
CFAV-Cairns_Australia_2014	SRA:ERX240773.16921869.1	97.368	76	2	0	4319	4394	76	1	7.87e-27	130
CFAV-Cairns_Australia_2014	SRA:ERX240773.11325917.1	97.368	76	2	0	3298	3373	1	76	7.87e-27	130
CFAV-Cairns_Australia_2014	SRA:ERX240773.10383108.1	97.368	76	2	0	4319	4394	76	1	7.87e-27	130
CFAV-Cairns_Australia_2014	SRA:ERX240773.8040728.1	97.368	76	2	0	4959	5034	1	76	7.87e-27	130
CFAV-Cairns_Australia_2014	SRA:ERX240773.7804897.1	98.630	73	1	0	6224	6296	1	73	7.87e-27	130
CFAV-Cairns_Australia_2014	SRA:ERX240773.7061103.1	97.368	76	2	0	3225	3300	1	76	7.87e-27	130
CFAV-Cairns_Australia_2014	SRA:ERX240773.2644964.1	97.368	76	2	0	4959	5034	1	76	7.87e-27	130
CFAV-Cairns_Australia_2014	SRA:ERX240773.1775629.1	97.368	76	2	0	5316	5391	76	1	7.87e-27	130
CFAV-Cairns_Australia_2014	SRA:ERX240773.628295.1	98.630	73	1	0	6224	6296	1	73	7.87e-27	130
CFAV-Cairns_Australia_2014	SRA:ERX240773.267476.1	97.368	76	2	0	5099	5174	1	76	7.87e-27	130
CFAV-Cairns_Australia_2014	SRA:ERX240773.25493769.1	97.333	75	2	0	4960	5034	2	76	2.83e-26	128
CFAV-Cairns_Australia_2014	SRA:ERX240773.8388403.1	97.297	74	2	0	2071	2144	74	1	1.02e-25	126
CFAV-Cairns_Australia_2014	SRA:ERX240773.29039254.1	96.053	76	3	0	6377	6452	76	1	3.66e-25	124
CFAV-Cairns_Australia_2014	SRA:ERX240773.7961474.1	96.053	76	3	0	3190	3265	1	76	3.66e-25	124
CFAV-Cairns_Australia_2014	SRA:ERX240773.16764359.1	98.551	69	1	0	5046	5114	1	69	1.32e-24	122
CFAV-Cairns_Australia_2014	SRA:ERX240773.13202337.1	98.551	69	1	0	6133	6201	8	76	1.32e-24	122
CFAV-Cairns_Australia_2014	SRA:ERX240773.2755163.1	95.833	72	3	0	6079	6150	5	76	6.13e-23	117
CFAV-Cairns_Australia_2014	SRA:ERX240773.29550624.1	100.000	54	0	0	5412	5465	76	23	6.17e-18	100
CFAV-Cairns_Australia_2014	SRA:ERX240773.14174345.1	98.246	57	1	0	4271	4327	57	1	6.17e-18	100
CFAV-Cairns_Australia_2014	SRA:ERX240773.20161810.1	100.000	52	0	0	3783	3834	76	25	7.98e-17	97.1
CFAV-Cairns_Australia_2014	SRA:ERX240773.6781638.1	95.122	41	1	1	4627	4666	3	43	8.09e-07	63.9
CFAV-Macapa2_Brazil_2017	SRA:ERX240773.22665655.1	100.000	76	0	0	3542	3617	1	76	3.64e-30	141
CFAV-Macapa2_Brazil_2017	SRA:ERX240773.17041400.1	100.000	76	0	0	2816	2891	1	76	3.64e-30	141
CFAV-Macapa2_Brazil_2017	SRA:ERX240773.23014064.1	98.684	76	1	0	943	1018	1	76	1.69e-28	135
CFAV-Macapa2_Brazil_2017	SRA:ERX240773.19842766.1	98.684	76	1	0	950	1025	1	76	1.69e-28	135
CFAV-Macapa2_Brazil_2017	SRA:ERX240773.17763452.1	98.684	76	1	0	3299	3374	1	76	1.69e-28	135
CFAV-Macapa2_Brazil_2017	SRA:ERX240773.15693136.1	98.684	76	1	0	950	1025	1	76	1.69e-28	135
CFAV-Macapa2_Brazil_2017	SRA:ERX240773.13177008.1	98.684	76	1	0	963	1038	1	76	1.69e-28	135
CFAV-Macapa2_Brazil_2017	SRA:ERX240773.12652025.1	98.684	76	1	0	943	1018	1	76	1.69e-28	135
CFAV-Macapa2_Brazil_2017	SRA:ERX240773.11325917.1	98.684	76	1	0	3299	3374	1	76	1.69e-28	135
CFAV-Macapa2_Brazil_2017	SRA:ERX240773.8132284.1	98.684	76	1	0	2591	2666	1	76	1.69e-28	135
CFAV-Macapa2_Brazil_2017	SRA:ERX240773.7530000.1	98.684	76	1	0	6306	6381	76	1	1.69e-28	135
CFAV-Macapa2_Brazil_2017	SRA:ERX240773.441411.1	98.684	76	1	0	943	1018	1	76	1.69e-28	135
CFAV-Macapa2_Brazil_2017	SRA:ERX240773.29039254.1	97.368	76	2	0	6378	6453	76	1	7.87e-27	130
CFAV-Macapa2_Brazil_2017	SRA:ERX240773.27000279.1	97.368	76	2	0	3699	3774	76	1	7.87e-27	130
CFAV-Macapa2_Brazil_2017	SRA:ERX240773.24296218.1	97.368	76	2	0	3140	3215	1	76	7.87e-27	130
CFAV-Macapa2_Brazil_2017	SRA:ERX240773.24041781.1	97.368	76	2	0	3753	3828	76	1	7.87e-27	130
CFAV-Macapa2_Brazil_2017	SRA:ERX240773.20816126.1	97.368	76	2	0	5036	5111	1	76	7.87e-27	130
CFAV-Macapa2_Brazil_2017	SRA:ERX240773.19247204.1	97.368	76	2	0	3113	3188	1	76	7.87e-27	130
CFAV-Macapa2_Brazil_2017	SRA:ERX240773.16921869.1	97.368	76	2	0	4320	4395	76	1	7.87e-27	130
CFAV-Macapa2_Brazil_2017	SRA:ERX240773.10383108.1	97.368	76	2	0	4320	4395	76	1	7.87e-27	130
CFAV-Macapa2_Brazil_2017	SRA:ERX240773.14330469.1	97.333	75	2	0	3699	3773	76	2	2.83e-26	128
CFAV-Macapa2_Brazil_2017	SRA:ERX240773.7061103.1	97.333	75	2	0	3227	3301	2	76	2.83e-26	128
CFAV-Macapa2_Brazil_2017	SRA:ERX240773.23854269.1	96.053	76	3	0	884	959	1	76	3.66e-25	124
CFAV-Macapa2_Brazil_2017	SRA:ERX240773.17558970.1	96.053	76	3	0	2761	2836	1	76	3.66e-25	124
CFAV-Macapa2_Brazil_2017	SRA:ERX240773.8871990.1	96.053	76	3	0	3598	3673	1	76	3.66e-25	124
CFAV-Macapa2_Brazil_2017	SRA:ERX240773.1775629.1	96.053	76	3	0	5317	5392	76	1	3.66e-25	124
CFAV-Macapa2_Brazil_2017	SRA:ERX240773.8040728.1	94.737	76	4	0	4960	5035	1	76	1.70e-23	119
CFAV-Macapa2_Brazil_2017	SRA:ERX240773.2644964.1	94.737	76	4	0	4960	5035	1	76	1.70e-23	119
CFAV-Macapa2_Brazil_2017	SRA:ERX240773.267476.1	94.737	76	4	0	5100	5175	1	76	1.70e-23	119
CFAV-Macapa2_Brazil_2017	SRA:ERX240773.25493769.1	94.667	75	4	0	4961	5035	2	76	6.13e-23	117
CFAV-Macapa2_Brazil_2017	SRA:ERX240773.16764359.1	97.101	69	2	0	5047	5115	1	69	6.13e-23	117
CFAV-Macapa2_Brazil_2017	SRA:ERX240773.13202337.1	97.101	69	2	0	6134	6202	8	76	6.13e-23	117
CFAV-Macapa2_Brazil_2017	SRA:ERX240773.6822624.1	95.775	71	3	0	2002	2072	76	6	2.20e-22	115
CFAV-Macapa2_Brazil_2017	SRA:ERX240773.7961474.1	93.421	76	5	0	3191	3266	1	76	7.92e-22	113
CFAV-Macapa2_Brazil_2017	SRA:ERX240773.29550624.1	100.000	54	0	0	5413	5466	76	23	6.17e-18	100
CFAV-Macapa2_Brazil_2017	SRA:ERX240773.20161810.1	98.077	52	1	0	3784	3835	76	25	3.71e-15	91.6
CFAV-KC_Cambodia_2015	SRA:ERX240773.17558970.1	100.000	76	0	0	2772	2847	1	76	3.64e-30	141
CFAV-KC_Cambodia_2015	SRA:ERX240773.17041400.1	100.000	76	0	0	2827	2902	1	76	3.64e-30	141
CFAV-KC_Cambodia_2015	SRA:ERX240773.27000279.1	98.684	76	1	0	3710	3785	76	1	1.69e-28	135
CFAV-KC_Cambodia_2015	SRA:ERX240773.23014064.1	98.684	76	1	0	954	1029	1	76	1.69e-28	135
CFAV-KC_Cambodia_2015	SRA:ERX240773.22665655.1	98.684	76	1	0	3553	3628	1	76	1.69e-28	135
CFAV-KC_Cambodia_2015	SRA:ERX240773.12652025.1	98.684	76	1	0	954	1029	1	76	1.69e-28	135
CFAV-KC_Cambodia_2015	SRA:ERX240773.7061103.1	98.684	76	1	0	3237	3312	1	76	1.69e-28	135
CFAV-KC_Cambodia_2015	SRA:ERX240773.441411.1	98.684	76	1	0	954	1029	1	76	1.69e-28	135
CFAV-KC_Cambodia_2015	SRA:ERX240773.14330469.1	98.667	75	1	0	3710	3784	76	2	6.09e-28	134
CFAV-KC_Cambodia_2015	SRA:ERX240773.9606027.1	98.649	74	1	0	6217	6290	1	74	2.19e-27	132
CFAV-KC_Cambodia_2015	SRA:ERX240773.7530000.1	98.649	74	1	0	6319	6392	74	1	2.19e-27	132
CFAV-KC_Cambodia_2015	SRA:ERX240773.24041781.1	97.368	76	2	0	3764	3839	76	1	7.88e-27	130
CFAV-KC_Cambodia_2015	SRA:ERX240773.23854269.1	97.368	76	2	0	895	970	1	76	7.88e-27	130
CFAV-KC_Cambodia_2015	SRA:ERX240773.19842766.1	97.368	76	2	0	961	1036	1	76	7.88e-27	130
CFAV-KC_Cambodia_2015	SRA:ERX240773.15693136.1	97.368	76	2	0	961	1036	1	76	7.88e-27	130
CFAV-KC_Cambodia_2015	SRA:ERX240773.13177008.1	97.368	76	2	0	974	1049	1	76	7.88e-27	130
CFAV-KC_Cambodia_2015	SRA:ERX240773.8132284.1	97.368	76	2	0	2602	2677	1	76	7.88e-27	130
CFAV-KC_Cambodia_2015	SRA:ERX240773.20816126.1	96.053	76	3	0	5047	5122	1	76	3.67e-25	124
CFAV-KC_Cambodia_2015	SRA:ERX240773.17078828.1	96.053	76	3	0	876	951	1	76	3.67e-25	124
CFAV-KC_Cambodia_2015	SRA:ERX240773.16921869.1	96.053	76	3	0	4331	4406	76	1	3.67e-25	124
CFAV-KC_Cambodia_2015	SRA:ERX240773.10383108.1	96.053	76	3	0	4331	4406	76	1	3.67e-25	124
CFAV-KC_Cambodia_2015	SRA:ERX240773.8871990.1	96.053	76	3	0	3609	3684	1	76	3.67e-25	124
CFAV-KC_Cambodia_2015	SRA:ERX240773.19247204.1	95.946	74	3	0	3124	3197	1	74	4.74e-24	121
CFAV-KC_Cambodia_2015	SRA:ERX240773.7804897.1	95.890	73	3	0	6236	6308	1	73	1.71e-23	119
CFAV-KC_Cambodia_2015	SRA:ERX240773.628295.1	95.890	73	3	0	6236	6308	1	73	1.71e-23	119
CFAV-KC_Cambodia_2015	SRA:ERX240773.267476.1	95.890	73	3	0	5111	5183	1	73	1.71e-23	119
CFAV-KC_Cambodia_2015	SRA:ERX240773.29039254.1	93.421	76	5	0	6389	6464	76	1	7.93e-22	113
CFAV-KC_Cambodia_2015	SRA:ERX240773.8388403.1	93.421	76	5	0	2081	2156	76	1	7.93e-22	113
CFAV-KC_Cambodia_2015	SRA:ERX240773.7961474.1	93.421	76	5	0	3202	3277	1	76	7.93e-22	113
CFAV-KC_Cambodia_2015	SRA:ERX240773.16764359.1	95.652	69	3	0	5058	5126	1	69	2.85e-21	111
CFAV-KC_Cambodia_2015	SRA:ERX240773.13202337.1	94.203	69	4	0	6145	6213	8	76	1.33e-19	106
CFAV-KC_Cambodia_2015	SRA:ERX240773.29550624.1	100.000	54	0	0	5424	5477	76	23	6.18e-18	100
CFAV-KC_Cambodia_2015	SRA:ERX240773.20161810.1	98.077	52	1	0	3795	3846	76	25	3.72e-15	91.6
CFAV-KC_Cambodia_2015	SRA:ERX240773.14465051.1	98.000	50	1	0	5166	5215	76	27	4.81e-14	87.9
CFAV-KC_Cambodia_2015	SRA:ERX240773.6781638.1	97.674	43	0	1	4637	4678	1	43	1.35e-09	73.1
CFAV-KC_Cambodia_2015	SRA:ERX240773.21830307.1	100.000	30	0	0	5304	5333	32	3	1.36e-04	56.5
CFAV-KC_Cambodia_2015	SRA:ERX240773.4673581.1	100.000	30	0	0	5304	5333	32	3	1.36e-04	56.5
CFAV-Zik_Uganda_2016	SRA:ERX240773.22665655.1	100.000	76	0	0	3553	3628	1	76	3.64e-30	141
CFAV-Zik_Uganda_2016	SRA:ERX240773.17558970.1	100.000	75	0	0	2773	2847	2	76	1.31e-29	139
CFAV-Zik_Uganda_2016	SRA:ERX240773.27000279.1	98.684	76	1	0	3710	3785	76	1	1.69e-28	135
CFAV-Zik_Uganda_2016	SRA:ERX240773.20816126.1	98.684	76	1	0	5047	5122	1	76	1.69e-28	135
CFAV-Zik_Uganda_2016	SRA:ERX240773.267476.1	98.684	76	1	0	5111	5186	1	76	1.69e-28	135
CFAV-Zik_Uganda_2016	SRA:ERX240773.14330469.1	98.667	75	1	0	3710	3784	76	2	6.09e-28	134
CFAV-Zik_Uganda_2016	SRA:ERX240773.24041781.1	97.368	76	2	0	3764	3839	76	1	7.88e-27	130
CFAV-Zik_Uganda_2016	SRA:ERX240773.23854269.1	97.368	76	2	0	895	970	1	76	7.88e-27	130
CFAV-Zik_Uganda_2016	SRA:ERX240773.19247204.1	97.368	76	2	0	3124	3199	1	76	7.88e-27	130
CFAV-Zik_Uganda_2016	SRA:ERX240773.17763452.1	97.368	76	2	0	3310	3385	1	76	7.88e-27	130
CFAV-Zik_Uganda_2016	SRA:ERX240773.17041400.1	97.368	76	2	0	2827	2902	1	76	7.88e-27	130
CFAV-Zik_Uganda_2016	SRA:ERX240773.13177008.1	97.368	76	2	0	974	1049	1	76	7.88e-27	130
CFAV-Zik_Uganda_2016	SRA:ERX240773.11325917.1	97.368	76	2	0	3310	3385	1	76	7.88e-27	130
CFAV-Zik_Uganda_2016	SRA:ERX240773.9606027.1	97.368	76	2	0	6217	6292	1	76	7.88e-27	130
CFAV-Zik_Uganda_2016	SRA:ERX240773.8871990.1	97.368	76	2	0	3609	3684	1	76	7.88e-27	130
CFAV-Zik_Uganda_2016	SRA:ERX240773.8388403.1	97.368	76	2	0	2081	2156	76	1	7.88e-27	130
CFAV-Zik_Uganda_2016	SRA:ERX240773.8132284.1	97.368	76	2	0	2602	2677	1	76	7.88e-27	130
CFAV-Zik_Uganda_2016	SRA:ERX240773.8040728.1	97.368	76	2	0	4971	5046	1	76	7.88e-27	130
CFAV-Zik_Uganda_2016	SRA:ERX240773.7530000.1	97.368	76	2	0	6317	6392	76	1	7.88e-27	130
CFAV-Zik_Uganda_2016	SRA:ERX240773.7061103.1	97.368	76	2	0	3237	3312	1	76	7.88e-27	130
CFAV-Zik_Uganda_2016	SRA:ERX240773.2644964.1	97.368	76	2	0	4971	5046	1	76	7.88e-27	130
CFAV-Zik_Uganda_2016	SRA:ERX240773.25493769.1	97.333	75	2	0	4972	5046	2	76	2.83e-26	128
CFAV-Zik_Uganda_2016	SRA:ERX240773.23014064.1	97.333	75	2	0	954	1028	1	75	2.83e-26	128
CFAV-Zik_Uganda_2016	SRA:ERX240773.12652025.1	97.333	75	2	0	954	1028	1	75	2.83e-26	128
CFAV-Zik_Uganda_2016	SRA:ERX240773.441411.1	97.333	75	2	0	954	1028	1	75	2.83e-26	128
CFAV-Zik_Uganda_2016	SRA:ERX240773.19842766.1	96.053	76	3	0	961	1036	1	76	3.67e-25	124
CFAV-Zik_Uganda_2016	SRA:ERX240773.17078828.1	96.053	76	3	0	876	951	1	76	3.67e-25	124
CFAV-Zik_Uganda_2016	SRA:ERX240773.15693136.1	96.053	76	3	0	961	1036	1	76	3.67e-25	124
CFAV-Zik_Uganda_2016	SRA:ERX240773.7961474.1	96.053	76	3	0	3202	3277	1	76	3.67e-25	124
CFAV-Zik_Uganda_2016	SRA:ERX240773.7804897.1	97.260	73	2	0	6236	6308	1	73	3.67e-25	124
CFAV-Zik_Uganda_2016	SRA:ERX240773.1775629.1	96.053	76	3	0	5328	5403	76	1	3.67e-25	124
CFAV-Zik_Uganda_2016	SRA:ERX240773.628295.1	97.260	73	2	0	6236	6308	1	73	3.67e-25	124
CFAV-Zik_Uganda_2016	SRA:ERX240773.16764359.1	98.551	69	1	0	5058	5126	1	69	1.32e-24	122
CFAV-Zik_Uganda_2016	SRA:ERX240773.13202337.1	98.551	69	1	0	6145	6213	8	76	1.32e-24	122
CFAV-Zik_Uganda_2016	SRA:ERX240773.29039254.1	94.737	76	4	0	6389	6464	76	1	1.71e-23	119
CFAV-Zik_Uganda_2016	SRA:ERX240773.16921869.1	93.421	76	5	0	4331	4406	76	1	7.93e-22	113
CFAV-Zik_Uganda_2016	SRA:ERX240773.10383108.1	93.421	76	5	0	4331	4406	76	1	7.93e-22	113
CFAV-Zik_Uganda_2016	SRA:ERX240773.2755163.1	94.444	72	4	0	6091	6162	5	76	2.85e-21	111
CFAV-Zik_Uganda_2016	SRA:ERX240773.6822624.1	94.366	71	4	0	2013	2083	76	6	1.03e-20	110
CFAV-Zik_Uganda_2016	SRA:ERX240773.20161810.1	98.077	52	1	0	3795	3846	76	25	3.72e-15	91.6
CFAV-Zik_Uganda_2016	SRA:ERX240773.29550624.1	96.296	54	2	0	5424	5477	76	23	1.34e-14	89.8
CFAV-Zik_Uganda_2016	SRA:ERX240773.14465051.1	98.000	50	1	0	5166	5215	76	27	4.81e-14	87.9
CFAV-Zik_Uganda_2016	SRA:ERX240773.6781638.1	97.674	43	0	1	4637	4678	1	43	1.35e-09	73.1
CFAV-Zik_Uganda_2016	SRA:ERX240773.21830307.1	100.000	32	0	0	5304	5335	32	1	1.05e-05	60.2
CFAV-Zik_Uganda_2016	SRA:ERX240773.4673581.1	100.000	32	0	0	5304	5335	32	1	1.05e-05	60.2
