CFAV-Bangkok_Thailand_2015	SRA:SRX1621254.25255015.1	100.000	92	0	0	1045	1136	1	92	7.63e-39	171
CFAV-Bangkok_Thailand_2015	SRA:SRX1621254.8011946.1	100.000	92	0	0	1045	1136	1	92	7.63e-39	171
CFAV-Bangkok_Thailand_2015	SRA:SRX1621254.4965290.1	100.000	91	0	0	3201	3291	1	91	2.74e-38	169
CFAV-Bangkok_Thailand_2015	SRA:SRX1621254.32664786.1	98.913	92	1	0	1591	1682	1	92	3.55e-37	165
CFAV-Bangkok_Thailand_2015	SRA:SRX1621254.30200902.1	98.913	92	1	0	1550	1641	92	1	3.55e-37	165
CFAV-Bangkok_Thailand_2015	SRA:SRX1621254.30138595.1	98.913	92	1	0	1384	1475	92	1	3.55e-37	165
CFAV-Bangkok_Thailand_2015	SRA:SRX1621254.26563751.1	98.913	92	1	0	1404	1495	92	1	3.55e-37	165
CFAV-Bangkok_Thailand_2015	SRA:SRX1621254.25312532.1	98.913	92	1	0	1191	1282	92	1	3.55e-37	165
CFAV-Bangkok_Thailand_2015	SRA:SRX1621254.23196766.1	98.913	92	1	0	3666	3757	92	1	3.55e-37	165
CFAV-Bangkok_Thailand_2015	SRA:SRX1621254.23093508.1	98.913	92	1	0	3223	3314	1	92	3.55e-37	165
CFAV-Bangkok_Thailand_2015	SRA:SRX1621254.22391761.1	98.913	92	1	0	3951	4042	92	1	3.55e-37	165
CFAV-Bangkok_Thailand_2015	SRA:SRX1621254.22096964.1	98.913	92	1	0	3666	3757	92	1	3.55e-37	165
CFAV-Bangkok_Thailand_2015	SRA:SRX1621254.20592643.1	98.913	92	1	0	3601	3692	92	1	3.55e-37	165
CFAV-Bangkok_Thailand_2015	SRA:SRX1621254.16288824.1	98.913	92	1	0	3240	3331	1	92	3.55e-37	165
CFAV-Bangkok_Thailand_2015	SRA:SRX1621254.14797659.1	98.913	92	1	0	972	1063	92	1	3.55e-37	165
CFAV-Bangkok_Thailand_2015	SRA:SRX1621254.10479964.1	98.913	92	1	0	1042	1133	92	1	3.55e-37	165
CFAV-Bangkok_Thailand_2015	SRA:SRX1621254.9144894.1	98.913	92	1	0	3658	3749	92	1	3.55e-37	165
CFAV-Bangkok_Thailand_2015	SRA:SRX1621254.6611622.1	98.913	92	1	0	3611	3702	1	92	3.55e-37	165
CFAV-Bangkok_Thailand_2015	SRA:SRX1621254.3001043.1	98.913	92	1	0	3599	3690	92	1	3.55e-37	165
CFAV-Bangkok_Thailand_2015	SRA:SRX1621254.2527177.1	98.913	92	1	0	1401	1492	92	1	3.55e-37	165
CFAV-Bangkok_Thailand_2015	SRA:SRX1621254.2341919.1	98.913	92	1	0	1217	1308	1	92	3.55e-37	165
CFAV-Bangkok_Thailand_2015	SRA:SRX1621254.190352.1	98.913	92	1	0	3567	3658	1	92	3.55e-37	165
CFAV-Bangkok_Thailand_2015	SRA:SRX1621254.32287528.1	98.901	91	1	0	1388	1478	92	2	1.28e-36	163
CFAV-Bangkok_Thailand_2015	SRA:SRX1621254.27659759.1	98.901	91	1	0	1591	1681	2	92	1.28e-36	163
CFAV-Bangkok_Thailand_2015	SRA:SRX1621254.23737755.1	98.901	91	1	0	1591	1681	2	92	1.28e-36	163
CFAV-Bangkok_Thailand_2015	SRA:SRX1621254.2510272.1	98.901	91	1	0	3166	3256	91	1	1.28e-36	163
CFAV-Bangkok_Thailand_2015	SRA:SRX1621254.27343632.1	98.889	90	1	0	1389	1478	92	3	4.59e-36	161
CFAV-Bangkok_Thailand_2015	SRA:SRX1621254.1991893.1	98.889	90	1	0	798	887	92	3	4.59e-36	161
CFAV-Bangkok_Thailand_2015	SRA:SRX1621254.36406436.1	97.826	92	2	0	784	875	1	92	1.65e-35	159
CFAV-Bangkok_Thailand_2015	SRA:SRX1621254.34814187.1	97.826	92	2	0	642	733	92	1	1.65e-35	159
CFAV-Bangkok_Thailand_2015	SRA:SRX1621254.33580369.1	97.826	92	2	0	1724	1815	92	1	1.65e-35	159
CFAV-Bangkok_Thailand_2015	SRA:SRX1621254.33185994.1	97.826	92	2	0	2083	2174	92	1	1.65e-35	159
CFAV-Bangkok_Thailand_2015	SRA:SRX1621254.32492925.1	97.826	92	2	0	942	1033	1	92	1.65e-35	159
CFAV-Bangkok_Thailand_2015	SRA:SRX1621254.32282580.1	97.826	92	2	0	3297	3388	92	1	1.65e-35	159
CFAV-Bangkok_Thailand_2015	SRA:SRX1621254.31620775.1	97.826	92	2	0	1703	1794	92	1	1.65e-35	159
CFAV-Bangkok_Thailand_2015	SRA:SRX1621254.30745869.1	97.826	92	2	0	1252	1343	1	92	1.65e-35	159
CFAV-Bangkok_Thailand_2015	SRA:SRX1621254.28645851.1	97.826	92	2	0	2824	2915	1	92	1.65e-35	159
CFAV-Bangkok_Thailand_2015	SRA:SRX1621254.27804212.1	97.826	92	2	0	778	869	92	1	1.65e-35	159
CFAV-Bangkok_Thailand_2015	SRA:SRX1621254.26596946.1	97.826	92	2	0	1709	1800	92	1	1.65e-35	159
CFAV-Bangkok_Thailand_2015	SRA:SRX1621254.24584912.1	97.826	92	2	0	1647	1738	1	92	1.65e-35	159
CFAV-Bangkok_Thailand_2015	SRA:SRX1621254.23309400.1	97.826	92	2	0	941	1032	1	92	1.65e-35	159
CFAV-Bangkok_Thailand_2015	SRA:SRX1621254.22024496.1	97.826	92	2	0	2271	2362	1	92	1.65e-35	159
CFAV-Bangkok_Thailand_2015	SRA:SRX1621254.20495270.1	97.826	92	2	0	1708	1799	92	1	1.65e-35	159
CFAV-Bangkok_Thailand_2015	SRA:SRX1621254.19141299.1	97.826	92	2	0	376	467	92	1	1.65e-35	159
CFAV-Bangkok_Thailand_2015	SRA:SRX1621254.17033838.1	97.826	92	2	0	1703	1794	1	92	1.65e-35	159
CFAV-Bangkok_Thailand_2015	SRA:SRX1621254.16212003.1	97.826	92	2	0	786	877	92	1	1.65e-35	159
CFAV-Bangkok_Thailand_2015	SRA:SRX1621254.15459078.1	97.826	92	2	0	938	1029	1	92	1.65e-35	159
CFAV-Bangkok_Thailand_2015	SRA:SRX1621254.13106571.1	97.826	92	2	0	1703	1794	92	1	1.65e-35	159
CFAV-Bangkok_Thailand_2015	SRA:SRX1621254.10969829.1	97.826	92	2	0	763	854	92	1	1.65e-35	159
CFAV-Bangkok_Thailand_2015	SRA:SRX1621254.9469863.1	97.826	92	2	0	1396	1487	1	92	1.65e-35	159
CFAV-Bangkok_Thailand_2015	SRA:SRX1621254.7953103.1	97.826	92	2	0	1653	1744	92	1	1.65e-35	159
CFAV-Bangkok_Thailand_2015	SRA:SRX1621254.7552377.1	97.826	92	2	0	1709	1800	92	1	1.65e-35	159
CFAV-Bangkok_Thailand_2015	SRA:SRX1621254.7280613.1	97.826	92	2	0	377	468	92	1	1.65e-35	159
CFAV-Bangkok_Thailand_2015	SRA:SRX1621254.6735784.1	97.826	92	2	0	1076	1167	1	92	1.65e-35	159
CFAV-Bangkok_Thailand_2015	SRA:SRX1621254.5456018.1	97.826	92	2	0	799	890	92	1	1.65e-35	159
CFAV-Bangkok_Thailand_2015	SRA:SRX1621254.5060588.1	97.826	92	2	0	687	778	1	92	1.65e-35	159
CFAV-Bangkok_Thailand_2015	SRA:SRX1621254.4532716.1	97.826	92	2	0	1704	1795	92	1	1.65e-35	159
CFAV-Bangkok_Thailand_2015	SRA:SRX1621254.4330103.1	97.826	92	2	0	1391	1482	92	1	1.65e-35	159
CFAV-Bangkok_Thailand_2015	SRA:SRX1621254.3893702.1	97.826	92	2	0	1664	1755	92	1	1.65e-35	159
CFAV-Bangkok_Thailand_2015	SRA:SRX1621254.3404060.1	97.826	92	2	0	2201	2292	1	92	1.65e-35	159
CFAV-Bangkok_Thailand_2015	SRA:SRX1621254.1979179.1	97.826	92	2	0	645	736	92	1	1.65e-35	159
CFAV-Bangkok_Thailand_2015	SRA:SRX1621254.1692781.1	97.826	92	2	0	373	464	92	1	1.65e-35	159
CFAV-Bangkok_Thailand_2015	SRA:SRX1621254.339079.1	97.826	92	2	0	3026	3117	1	92	1.65e-35	159
CFAV-Bangkok_Thailand_2015	SRA:SRX1621254.36797365.1	97.802	91	2	0	937	1027	2	92	5.94e-35	158
CFAV-Bangkok_Thailand_2015	SRA:SRX1621254.30782609.1	97.802	91	2	0	682	772	91	1	5.94e-35	158
CFAV-Bangkok_Thailand_2015	SRA:SRX1621254.29744660.1	97.802	91	2	0	2836	2926	2	92	5.94e-35	158
CFAV-Bangkok_Thailand_2015	SRA:SRX1621254.27007191.1	97.802	91	2	0	2276	2366	92	2	5.94e-35	158
CFAV-Bangkok_Thailand_2015	SRA:SRX1621254.14543124.1	97.802	91	2	0	2836	2926	2	92	5.94e-35	158
CFAV-Bangkok_Thailand_2015	SRA:SRX1621254.13576106.1	97.826	92	1	1	3674	3765	92	2	5.94e-35	158
CFAV-Bangkok_Thailand_2015	SRA:SRX1621254.18734300.1	98.851	87	1	0	333	419	1	87	2.14e-34	156
CFAV-Bangkok_Thailand_2015	SRA:SRX1621254.3571482.1	97.778	90	2	0	2217	2306	1	90	2.14e-34	156
CFAV-Bangkok_Thailand_2015	SRA:SRX1621254.1292671.1	97.778	90	2	0	2847	2936	92	3	2.14e-34	156
CFAV-Bangkok_Thailand_2015	SRA:SRX1621254.35400270.1	96.739	92	3	0	2833	2924	1	92	7.68e-34	154
CFAV-Bangkok_Thailand_2015	SRA:SRX1621254.34938308.1	96.739	92	3	0	2295	2386	92	1	7.68e-34	154
CFAV-Bangkok_Thailand_2015	SRA:SRX1621254.34659473.1	96.739	92	3	0	1157	1248	1	92	7.68e-34	154
CFAV-Bangkok_Thailand_2015	SRA:SRX1621254.33317250.1	97.753	89	2	0	700	788	1	89	7.68e-34	154
CFAV-Bangkok_Thailand_2015	SRA:SRX1621254.33234966.1	96.739	92	3	0	1731	1822	92	1	7.68e-34	154
CFAV-Bangkok_Thailand_2015	SRA:SRX1621254.32988297.1	96.739	92	3	0	786	877	92	1	7.68e-34	154
CFAV-Bangkok_Thailand_2015	SRA:SRX1621254.31945678.1	96.739	92	3	0	1084	1175	1	92	7.68e-34	154
CFAV-Bangkok_Thailand_2015	SRA:SRX1621254.31469759.1	96.739	92	3	0	2155	2246	1	92	7.68e-34	154
CFAV-Bangkok_Thailand_2015	SRA:SRX1621254.26604772.1	96.739	92	3	0	679	770	1	92	7.68e-34	154
CFAV-Bangkok_Thailand_2015	SRA:SRX1621254.25054192.1	96.739	92	3	0	2961	3052	92	1	7.68e-34	154
CFAV-Bangkok_Thailand_2015	SRA:SRX1621254.23458842.1	96.739	92	3	0	827	918	92	1	7.68e-34	154
CFAV-Bangkok_Thailand_2015	SRA:SRX1621254.23393125.1	96.739	92	3	0	1260	1351	1	92	7.68e-34	154
CFAV-Bangkok_Thailand_2015	SRA:SRX1621254.23243992.1	96.739	92	3	0	722	813	1	92	7.68e-34	154
CFAV-Bangkok_Thailand_2015	SRA:SRX1621254.20480070.1	96.739	92	3	0	1745	1836	92	1	7.68e-34	154
CFAV-Bangkok_Thailand_2015	SRA:SRX1621254.19496257.1	96.739	92	3	0	708	799	1	92	7.68e-34	154
CFAV-Bangkok_Thailand_2015	SRA:SRX1621254.19246306.1	96.739	92	3	0	620	711	1	92	7.68e-34	154
CFAV-Bangkok_Thailand_2015	SRA:SRX1621254.17321545.1	96.739	92	3	0	2541	2632	92	1	7.68e-34	154
CFAV-Bangkok_Thailand_2015	SRA:SRX1621254.15424022.1	96.739	92	3	0	1572	1663	1	92	7.68e-34	154
CFAV-Bangkok_Thailand_2015	SRA:SRX1621254.15298837.1	96.739	92	3	0	3515	3606	1	92	7.68e-34	154
CFAV-Bangkok_Thailand_2015	SRA:SRX1621254.14174457.1	96.739	92	3	0	3414	3505	1	92	7.68e-34	154
CFAV-Bangkok_Thailand_2015	SRA:SRX1621254.13744967.1	96.739	92	3	0	710	801	1	92	7.68e-34	154
CFAV-Bangkok_Thailand_2015	SRA:SRX1621254.11517129.1	96.739	92	3	0	2231	2322	1	92	7.68e-34	154
CFAV-Bangkok_Thailand_2015	SRA:SRX1621254.10878390.1	96.739	92	3	0	660	751	1	92	7.68e-34	154
CFAV-Bangkok_Thailand_2015	SRA:SRX1621254.10042915.1	96.739	92	3	0	3155	3246	1	92	7.68e-34	154
CFAV-Bangkok_Thailand_2015	SRA:SRX1621254.9939957.1	96.739	92	3	0	1745	1836	92	1	7.68e-34	154
CFAV-Bangkok_Thailand_2015	SRA:SRX1621254.8858420.1	96.739	92	3	0	2797	2888	92	1	7.68e-34	154
CFAV-Bangkok_Thailand_2015	SRA:SRX1621254.2875713.1	96.739	92	3	0	730	821	92	1	7.68e-34	154
CFAV-Bangkok_Thailand_2015	SRA:SRX1621254.875696.1	96.739	92	3	0	3006	3097	92	1	7.68e-34	154
CFAV-Bangkok_Thailand_2015	SRA:SRX1621254.35142847.1	96.703	91	3	0	3419	3509	92	2	2.76e-33	152
CFAV-Bangkok_Thailand_2015	SRA:SRX1621254.33197360.1	98.824	85	1	0	1238	1322	1	85	2.76e-33	152
CFAV-Bangkok_Thailand_2015	SRA:SRX1621254.26471825.1	96.703	91	3	0	2744	2834	92	2	2.76e-33	152
CFAV-Bangkok_Thailand_2015	SRA:SRX1621254.20795113.1	96.703	91	3	0	3447	3537	92	2	2.76e-33	152
CFAV-Bangkok_Thailand_2015	SRA:SRX1621254.13050724.1	96.703	91	3	0	2792	2882	91	1	2.76e-33	152
CFAV-Bangkok_Thailand_2015	SRA:SRX1621254.8514615.1	97.727	88	2	0	2824	2911	88	1	2.76e-33	152
CFAV-Bangkok_Thailand_2015	SRA:SRX1621254.11680133.1	97.701	87	2	0	1708	1794	87	1	9.94e-33	150
CFAV-Bangkok_Thailand_2015	SRA:SRX1621254.11206423.1	96.667	90	3	0	2745	2834	92	3	9.94e-33	150
CFAV-Bangkok_Thailand_2015	SRA:SRX1621254.6902473.1	96.667	90	3	0	2047	2136	3	92	9.94e-33	150
CFAV-Bangkok_Thailand_2015	SRA:SRX1621254.2526081.1	96.667	90	3	0	666	755	1	90	9.94e-33	150
CFAV-Bangkok_Thailand_2015	SRA:SRX1621254.403170.1	96.667	90	3	0	1749	1838	92	3	9.94e-33	150
CFAV-Bangkok_Thailand_2015	SRA:SRX1621254.35232040.1	95.652	92	4	0	3462	3553	1	92	3.57e-32	148
CFAV-Bangkok_Thailand_2015	SRA:SRX1621254.31026077.1	95.652	92	4	0	2329	2420	1	92	3.57e-32	148
CFAV-Bangkok_Thailand_2015	SRA:SRX1621254.29220989.1	95.652	92	4	0	3460	3551	92	1	3.57e-32	148
CFAV-Bangkok_Thailand_2015	SRA:SRX1621254.29153341.1	95.652	92	4	0	3455	3546	92	1	3.57e-32	148
CFAV-Bangkok_Thailand_2015	SRA:SRX1621254.29007713.1	97.674	86	2	0	3076	3161	1	86	3.57e-32	148
CFAV-Bangkok_Thailand_2015	SRA:SRX1621254.28482113.1	95.652	92	4	0	2747	2838	1	92	3.57e-32	148
CFAV-Bangkok_Thailand_2015	SRA:SRX1621254.27961828.1	95.652	92	4	0	2146	2237	92	1	3.57e-32	148
CFAV-Bangkok_Thailand_2015	SRA:SRX1621254.26949080.1	95.652	92	4	0	1345	1436	1	92	3.57e-32	148
CFAV-Bangkok_Thailand_2015	SRA:SRX1621254.26336904.1	95.652	92	4	0	545	636	1	92	3.57e-32	148
CFAV-Bangkok_Thailand_2015	SRA:SRX1621254.26095328.1	95.652	92	4	0	3491	3582	1	92	3.57e-32	148
CFAV-Bangkok_Thailand_2015	SRA:SRX1621254.26081287.1	95.652	92	4	0	668	759	92	1	3.57e-32	148
CFAV-Bangkok_Thailand_2015	SRA:SRX1621254.23987462.1	95.652	92	4	0	3455	3546	92	1	3.57e-32	148
CFAV-Bangkok_Thailand_2015	SRA:SRX1621254.18361031.1	95.652	92	4	0	1291	1382	1	92	3.57e-32	148
CFAV-Bangkok_Thailand_2015	SRA:SRX1621254.18248186.1	96.629	89	3	0	2150	2238	89	1	3.57e-32	148
CFAV-Bangkok_Thailand_2015	SRA:SRX1621254.18023310.1	95.652	92	4	0	441	532	1	92	3.57e-32	148
CFAV-Bangkok_Thailand_2015	SRA:SRX1621254.14736079.1	95.652	92	4	0	2753	2844	92	1	3.57e-32	148
CFAV-Bangkok_Thailand_2015	SRA:SRX1621254.14332269.1	95.652	92	4	0	2188	2279	1	92	3.57e-32	148
CFAV-Bangkok_Thailand_2015	SRA:SRX1621254.12391189.1	95.652	92	4	0	517	608	92	1	3.57e-32	148
CFAV-Bangkok_Thailand_2015	SRA:SRX1621254.11054905.1	95.652	92	4	0	3462	3553	1	92	3.57e-32	148
CFAV-Bangkok_Thailand_2015	SRA:SRX1621254.7151717.1	96.629	89	3	0	3144	3232	89	1	3.57e-32	148
CFAV-Bangkok_Thailand_2015	SRA:SRX1621254.7065375.1	95.652	92	4	0	2172	2263	92	1	3.57e-32	148
CFAV-Bangkok_Thailand_2015	SRA:SRX1621254.5893806.1	95.652	92	4	0	3476	3567	1	92	3.57e-32	148
CFAV-Bangkok_Thailand_2015	SRA:SRX1621254.5427212.1	95.652	92	4	0	3455	3546	92	1	3.57e-32	148
CFAV-Bangkok_Thailand_2015	SRA:SRX1621254.3441969.1	95.652	92	4	0	1445	1536	1	92	3.57e-32	148
CFAV-Bangkok_Thailand_2015	SRA:SRX1621254.163464.1	95.652	92	4	0	3133	3224	92	1	3.57e-32	148
CFAV-Bangkok_Thailand_2015	SRA:SRX1621254.13809964.1	95.604	91	4	0	2402	2492	92	2	1.29e-31	147
CFAV-Bangkok_Thailand_2015	SRA:SRX1621254.8719067.1	95.604	91	4	0	1323	1413	91	1	1.29e-31	147
CFAV-Bangkok_Thailand_2015	SRA:SRX1621254.7216100.1	95.604	91	4	0	502	592	91	1	1.29e-31	147
CFAV-Bangkok_Thailand_2015	SRA:SRX1621254.23699805.1	95.556	90	4	0	3399	3488	3	92	4.62e-31	145
CFAV-Bangkok_Thailand_2015	SRA:SRX1621254.17133610.1	95.556	90	4	0	1519	1608	3	92	4.62e-31	145
CFAV-Bangkok_Thailand_2015	SRA:SRX1621254.36671751.1	94.565	92	5	0	2407	2498	92	1	1.66e-30	143
CFAV-Bangkok_Thailand_2015	SRA:SRX1621254.33374615.1	94.565	92	5	0	1819	1910	1	92	1.66e-30	143
CFAV-Bangkok_Thailand_2015	SRA:SRX1621254.32367682.1	94.565	92	5	0	3099	3190	92	1	1.66e-30	143
CFAV-Bangkok_Thailand_2015	SRA:SRX1621254.32312009.1	94.565	92	5	0	1867	1958	1	92	1.66e-30	143
CFAV-Bangkok_Thailand_2015	SRA:SRX1621254.31405536.1	94.565	92	5	0	611	702	1	92	1.66e-30	143
CFAV-Bangkok_Thailand_2015	SRA:SRX1621254.29177817.1	94.565	92	5	0	2407	2498	92	1	1.66e-30	143
CFAV-Bangkok_Thailand_2015	SRA:SRX1621254.28952793.1	94.565	92	5	0	1896	1987	1	92	1.66e-30	143
CFAV-Bangkok_Thailand_2015	SRA:SRX1621254.28229688.1	94.565	92	5	0	3329	3420	92	1	1.66e-30	143
CFAV-Bangkok_Thailand_2015	SRA:SRX1621254.26600470.1	94.565	92	5	0	606	697	1	92	1.66e-30	143
CFAV-Bangkok_Thailand_2015	SRA:SRX1621254.26098910.1	95.506	89	4	0	1840	1928	89	1	1.66e-30	143
CFAV-Bangkok_Thailand_2015	SRA:SRX1621254.24443747.1	95.506	89	4	0	1501	1589	1	89	1.66e-30	143
CFAV-Bangkok_Thailand_2015	SRA:SRX1621254.16322093.1	94.565	92	5	0	595	686	92	1	1.66e-30	143
CFAV-Bangkok_Thailand_2015	SRA:SRX1621254.13722451.1	94.565	92	5	0	3380	3471	92	1	1.66e-30	143
CFAV-Bangkok_Thailand_2015	SRA:SRX1621254.9032970.1	95.506	89	4	0	4063	4151	1	89	1.66e-30	143
CFAV-Bangkok_Thailand_2015	SRA:SRX1621254.4209428.1	95.506	89	4	0	1324	1412	89	1	1.66e-30	143
CFAV-Bangkok_Thailand_2015	SRA:SRX1621254.1594294.1	94.565	92	5	0	606	697	1	92	1.66e-30	143
CFAV-Bangkok_Thailand_2015	SRA:SRX1621254.35312412.1	94.505	91	5	0	2005	2095	1	91	5.98e-30	141
CFAV-Bangkok_Thailand_2015	SRA:SRX1621254.32420811.1	94.505	91	5	0	1352	1442	2	92	5.98e-30	141
CFAV-Bangkok_Thailand_2015	SRA:SRX1621254.36164236.1	93.478	92	6	0	1994	2085	92	1	7.74e-29	137
CFAV-Bangkok_Thailand_2015	SRA:SRX1621254.34900968.1	93.478	92	6	0	2428	2519	1	92	7.74e-29	137
CFAV-Bangkok_Thailand_2015	SRA:SRX1621254.34410112.1	93.478	92	6	0	471	562	1	92	7.74e-29	137
CFAV-Bangkok_Thailand_2015	SRA:SRX1621254.34172242.1	93.478	92	6	0	3347	3438	1	92	7.74e-29	137
CFAV-Bangkok_Thailand_2015	SRA:SRX1621254.34085186.1	93.478	92	6	0	1919	2010	1	92	7.74e-29	137
CFAV-Bangkok_Thailand_2015	SRA:SRX1621254.26494074.1	93.478	92	6	0	2478	2569	92	1	7.74e-29	137
CFAV-Bangkok_Thailand_2015	SRA:SRX1621254.25107436.1	93.478	92	6	0	2431	2522	1	92	7.74e-29	137
CFAV-Bangkok_Thailand_2015	SRA:SRX1621254.20283885.1	93.478	92	6	0	1917	2008	1	92	7.74e-29	137
CFAV-Bangkok_Thailand_2015	SRA:SRX1621254.15372521.1	93.478	92	6	0	1923	2014	1	92	7.74e-29	137
CFAV-Bangkok_Thailand_2015	SRA:SRX1621254.7151362.1	93.478	92	6	0	3372	3463	92	1	7.74e-29	137
CFAV-Bangkok_Thailand_2015	SRA:SRX1621254.6413378.1	93.478	92	6	0	1915	2006	1	92	7.74e-29	137
CFAV-Bangkok_Thailand_2015	SRA:SRX1621254.1468953.1	93.478	92	6	0	471	562	1	92	7.74e-29	137
CFAV-Bangkok_Thailand_2015	SRA:SRX1621254.17329403.1	93.407	91	6	0	2639	2729	92	2	2.78e-28	135
CFAV-Bangkok_Thailand_2015	SRA:SRX1621254.12789696.1	93.407	91	6	0	8547	8637	91	1	2.78e-28	135
CFAV-Bangkok_Thailand_2015	SRA:SRX1621254.1286234.1	92.391	92	7	0	2459	2550	92	1	3.60e-27	132
CFAV-Bangkok_Thailand_2015	SRA:SRX1621254.1283068.1	98.630	73	1	0	1071	1143	73	1	1.29e-26	130
CFAV-Bangkok_Thailand_2015	SRA:SRX1621254.2807736.1	98.148	54	1	0	316	369	54	1	4.72e-16	95.3
CFAV-Bangkok_Thailand_2015	SRA:SRX1621254.17586878.1	97.826	46	1	0	8685	8730	1	46	1.32e-11	80.5
CFAV-Bangkok_Thailand_2015	SRA:SRX1621254.8105898.1	97.619	42	1	0	8689	8730	1	42	2.21e-09	73.1
CFAV-Bangkok_Thailand_2015	SRA:SRX1621254.6582773.1	100.000	34	0	0	316	349	34	1	1.33e-06	63.9
CFAV-Bangkok_Thailand_2015	SRA:SRX1621254.9133515.1	94.872	39	2	0	3730	3768	91	53	4.79e-06	62.1
NC_001564	SRA:SRX1621254.26563751.1	100.000	92	0	0	1411	1502	92	1	7.64e-39	171
NC_001564	SRA:SRX1621254.25054192.1	100.000	92	0	0	2968	3059	92	1	7.64e-39	171
NC_001564	SRA:SRX1621254.22391761.1	100.000	92	0	0	3958	4049	92	1	7.64e-39	171
NC_001564	SRA:SRX1621254.9469863.1	100.000	92	0	0	1403	1494	1	92	7.64e-39	171
NC_001564	SRA:SRX1621254.4330103.1	100.000	92	0	0	1398	1489	92	1	7.64e-39	171
NC_001564	SRA:SRX1621254.2527177.1	100.000	92	0	0	1408	1499	92	1	7.64e-39	171
NC_001564	SRA:SRX1621254.875696.1	100.000	92	0	0	3013	3104	92	1	7.64e-39	171
NC_001564	SRA:SRX1621254.27343632.1	100.000	91	0	0	1397	1487	91	1	2.75e-38	169
NC_001564	SRA:SRX1621254.32287528.1	100.000	90	0	0	1397	1486	90	1	9.89e-38	167
NC_001564	SRA:SRX1621254.2875713.1	100.000	90	0	0	739	828	90	1	9.89e-38	167
NC_001564	SRA:SRX1621254.36797365.1	98.913	92	1	0	943	1034	1	92	3.56e-37	165
NC_001564	SRA:SRX1621254.36671751.1	98.913	92	1	0	2414	2505	92	1	3.56e-37	165
NC_001564	SRA:SRX1621254.34659473.1	98.913	92	1	0	1164	1255	1	92	3.56e-37	165
NC_001564	SRA:SRX1621254.32492925.1	98.913	92	1	0	949	1040	1	92	3.56e-37	165
NC_001564	SRA:SRX1621254.31945678.1	98.913	92	1	0	1091	1182	1	92	3.56e-37	165
NC_001564	SRA:SRX1621254.30745869.1	98.913	92	1	0	1259	1350	1	92	3.56e-37	165
NC_001564	SRA:SRX1621254.30138595.1	98.913	92	1	0	1391	1482	92	1	3.56e-37	165
NC_001564	SRA:SRX1621254.29177817.1	98.913	92	1	0	2414	2505	92	1	3.56e-37	165
NC_001564	SRA:SRX1621254.28482113.1	98.913	92	1	0	2754	2845	1	92	3.56e-37	165
NC_001564	SRA:SRX1621254.26494074.1	98.913	92	1	0	2485	2576	92	1	3.56e-37	165
NC_001564	SRA:SRX1621254.26095328.1	98.913	92	1	0	3498	3589	1	92	3.56e-37	165
NC_001564	SRA:SRX1621254.25312532.1	98.913	92	1	0	1198	1289	92	1	3.56e-37	165
NC_001564	SRA:SRX1621254.25255015.1	98.913	92	1	0	1052	1143	1	92	3.56e-37	165
NC_001564	SRA:SRX1621254.23309400.1	98.913	92	1	0	948	1039	1	92	3.56e-37	165
NC_001564	SRA:SRX1621254.20592643.1	98.913	92	1	0	3608	3699	92	1	3.56e-37	165
NC_001564	SRA:SRX1621254.18734300.1	98.913	92	1	0	340	431	1	92	3.56e-37	165
NC_001564	SRA:SRX1621254.17321545.1	98.913	92	1	0	2548	2639	92	1	3.56e-37	165
NC_001564	SRA:SRX1621254.15459078.1	98.913	92	1	0	945	1036	1	92	3.56e-37	165
NC_001564	SRA:SRX1621254.15298837.1	98.913	92	1	0	3522	3613	1	92	3.56e-37	165
NC_001564	SRA:SRX1621254.14797659.1	98.913	92	1	0	979	1070	92	1	3.56e-37	165
NC_001564	SRA:SRX1621254.14736079.1	98.913	92	1	0	2760	2851	92	1	3.56e-37	165
NC_001564	SRA:SRX1621254.13809964.1	98.913	92	1	0	2409	2500	92	1	3.56e-37	165
NC_001564	SRA:SRX1621254.11517129.1	98.913	92	1	0	2238	2329	1	92	3.56e-37	165
NC_001564	SRA:SRX1621254.8011946.1	98.913	92	1	0	1052	1143	1	92	3.56e-37	165
NC_001564	SRA:SRX1621254.7056802.1	98.913	92	1	0	1137	1228	1	92	3.56e-37	165
NC_001564	SRA:SRX1621254.6735784.1	98.913	92	1	0	1083	1174	1	92	3.56e-37	165
NC_001564	SRA:SRX1621254.6611622.1	98.913	92	1	0	3618	3709	1	92	3.56e-37	165
NC_001564	SRA:SRX1621254.5893806.1	98.913	92	1	0	3483	3574	1	92	3.56e-37	165
NC_001564	SRA:SRX1621254.3404060.1	98.913	92	1	0	2208	2299	1	92	3.56e-37	165
NC_001564	SRA:SRX1621254.3001043.1	98.913	92	1	0	3606	3697	92	1	3.56e-37	165
NC_001564	SRA:SRX1621254.2341919.1	98.913	92	1	0	1224	1315	1	92	3.56e-37	165
NC_001564	SRA:SRX1621254.1286234.1	98.913	92	1	0	2466	2557	92	1	3.56e-37	165
NC_001564	SRA:SRX1621254.339079.1	98.913	92	1	0	3033	3124	1	92	3.56e-37	165
NC_001564	SRA:SRX1621254.190352.1	98.913	92	1	0	3574	3665	1	92	3.56e-37	165
NC_001564	SRA:SRX1621254.35232040.1	98.901	91	1	0	3470	3560	2	92	1.28e-36	163
NC_001564	SRA:SRX1621254.26471825.1	100.000	88	0	0	2754	2841	89	2	1.28e-36	163
NC_001564	SRA:SRX1621254.11206423.1	100.000	88	0	0	2754	2841	90	3	1.28e-36	163
NC_001564	SRA:SRX1621254.11054905.1	98.901	91	1	0	3470	3560	2	92	1.28e-36	163
NC_001564	SRA:SRX1621254.3571482.1	98.889	90	1	0	2224	2313	1	90	4.60e-36	161
NC_001564	SRA:SRX1621254.36406436.1	97.826	92	2	0	791	882	1	92	1.65e-35	159
NC_001564	SRA:SRX1621254.35594763.1	97.826	92	2	0	2599	2690	92	1	1.65e-35	159
NC_001564	SRA:SRX1621254.34900968.1	97.826	92	2	0	2435	2526	1	92	1.65e-35	159
NC_001564	SRA:SRX1621254.33317250.1	97.826	92	2	0	707	798	1	92	1.65e-35	159
NC_001564	SRA:SRX1621254.32282580.1	97.826	92	2	0	3304	3395	92	1	1.65e-35	159
NC_001564	SRA:SRX1621254.31405536.1	97.826	92	2	0	618	709	1	92	1.65e-35	159
NC_001564	SRA:SRX1621254.30782609.1	97.826	92	2	0	688	779	92	1	1.65e-35	159
NC_001564	SRA:SRX1621254.29220989.1	98.876	89	1	0	3470	3558	89	1	1.65e-35	159
NC_001564	SRA:SRX1621254.29153341.1	97.826	92	2	0	3462	3553	92	1	1.65e-35	159
NC_001564	SRA:SRX1621254.29054241.1	97.826	92	2	0	887	978	92	1	1.65e-35	159
NC_001564	SRA:SRX1621254.29007713.1	98.876	89	1	0	3083	3171	1	89	1.65e-35	159
NC_001564	SRA:SRX1621254.28521656.1	97.826	92	2	0	2587	2678	92	1	1.65e-35	159
NC_001564	SRA:SRX1621254.27804212.1	97.826	92	2	0	785	876	92	1	1.65e-35	159
NC_001564	SRA:SRX1621254.26949080.1	97.826	92	2	0	1352	1443	1	92	1.65e-35	159
NC_001564	SRA:SRX1621254.26604772.1	97.826	92	2	0	686	777	1	92	1.65e-35	159
NC_001564	SRA:SRX1621254.26600470.1	97.826	92	2	0	613	704	1	92	1.65e-35	159
NC_001564	SRA:SRX1621254.25107436.1	97.826	92	2	0	2438	2529	1	92	1.65e-35	159
NC_001564	SRA:SRX1621254.24584912.1	97.826	92	2	0	1654	1745	1	92	1.65e-35	159
NC_001564	SRA:SRX1621254.23987462.1	97.826	92	2	0	3462	3553	92	1	1.65e-35	159
NC_001564	SRA:SRX1621254.23243992.1	97.826	92	2	0	729	820	1	92	1.65e-35	159
NC_001564	SRA:SRX1621254.22024496.1	97.826	92	2	0	2278	2369	1	92	1.65e-35	159
NC_001564	SRA:SRX1621254.21852721.1	97.826	92	2	0	873	964	1	92	1.65e-35	159
NC_001564	SRA:SRX1621254.20795113.1	97.826	92	2	0	3454	3545	92	1	1.65e-35	159
NC_001564	SRA:SRX1621254.19496257.1	97.826	92	2	0	715	806	1	92	1.65e-35	159
NC_001564	SRA:SRX1621254.19246306.1	97.826	92	2	0	627	718	1	92	1.65e-35	159
NC_001564	SRA:SRX1621254.19141299.1	97.826	92	2	0	383	474	92	1	1.65e-35	159
NC_001564	SRA:SRX1621254.18361031.1	97.826	92	2	0	1298	1389	1	92	1.65e-35	159
NC_001564	SRA:SRX1621254.18023310.1	97.826	92	2	0	448	539	1	92	1.65e-35	159
NC_001564	SRA:SRX1621254.16322093.1	97.826	92	2	0	602	693	92	1	1.65e-35	159
NC_001564	SRA:SRX1621254.16212003.1	97.826	92	2	0	793	884	92	1	1.65e-35	159
NC_001564	SRA:SRX1621254.15424022.1	97.826	92	2	0	1579	1670	1	92	1.65e-35	159
NC_001564	SRA:SRX1621254.14332269.1	97.826	92	2	0	2195	2286	1	92	1.65e-35	159
NC_001564	SRA:SRX1621254.14174457.1	97.826	92	2	0	3421	3512	1	92	1.65e-35	159
NC_001564	SRA:SRX1621254.13744967.1	97.826	92	2	0	717	808	1	92	1.65e-35	159
NC_001564	SRA:SRX1621254.13236646.1	97.826	92	2	0	2347	2438	1	92	1.65e-35	159
NC_001564	SRA:SRX1621254.10969829.1	97.826	92	2	0	770	861	92	1	1.65e-35	159
NC_001564	SRA:SRX1621254.10479964.1	97.826	92	2	0	1049	1140	92	1	1.65e-35	159
NC_001564	SRA:SRX1621254.8858420.1	97.826	92	2	0	2804	2895	92	1	1.65e-35	159
NC_001564	SRA:SRX1621254.7953103.1	97.826	92	2	0	1660	1751	92	1	1.65e-35	159
NC_001564	SRA:SRX1621254.7280613.1	98.876	89	1	0	387	475	89	1	1.65e-35	159
NC_001564	SRA:SRX1621254.5428499.1	97.826	92	2	0	2599	2690	92	1	1.65e-35	159
NC_001564	SRA:SRX1621254.5427212.1	97.826	92	2	0	3462	3553	92	1	1.65e-35	159
NC_001564	SRA:SRX1621254.5060588.1	97.826	92	2	0	694	785	1	92	1.65e-35	159
NC_001564	SRA:SRX1621254.4209428.1	97.826	92	2	0	1328	1419	92	1	1.65e-35	159
NC_001564	SRA:SRX1621254.3893702.1	97.826	92	2	0	1671	1762	92	1	1.65e-35	159
NC_001564	SRA:SRX1621254.1692781.1	97.826	92	2	0	380	471	92	1	1.65e-35	159
NC_001564	SRA:SRX1621254.1594294.1	97.826	92	2	0	613	704	1	92	1.65e-35	159
NC_001564	SRA:SRX1621254.32420811.1	97.802	91	2	0	1359	1449	2	92	5.95e-35	158
NC_001564	SRA:SRX1621254.13050724.1	97.802	91	2	0	2799	2889	91	1	5.95e-35	158
NC_001564	SRA:SRX1621254.34814187.1	98.851	87	1	0	649	735	92	6	2.14e-34	156
NC_001564	SRA:SRX1621254.23393125.1	97.778	90	2	0	1267	1356	1	90	2.14e-34	156
NC_001564	SRA:SRX1621254.9144894.1	97.778	90	2	0	3665	3754	92	3	2.14e-34	156
NC_001564	SRA:SRX1621254.8719067.1	97.778	90	2	0	1331	1420	90	1	2.14e-34	156
NC_001564	SRA:SRX1621254.1991893.1	97.778	90	2	0	805	894	92	3	2.14e-34	156
NC_001564	SRA:SRX1621254.35142847.1	96.739	92	3	0	3426	3517	92	1	7.70e-34	154
NC_001564	SRA:SRX1621254.34938308.1	96.739	92	3	0	2302	2393	92	1	7.70e-34	154
NC_001564	SRA:SRX1621254.34410112.1	96.739	92	3	0	478	569	1	92	7.70e-34	154
NC_001564	SRA:SRX1621254.33580369.1	96.739	92	3	0	1731	1822	92	1	7.70e-34	154
NC_001564	SRA:SRX1621254.33197360.1	98.837	86	1	0	1245	1330	1	86	7.70e-34	154
NC_001564	SRA:SRX1621254.32988297.1	96.739	92	3	0	793	884	92	1	7.70e-34	154
NC_001564	SRA:SRX1621254.31026077.1	96.739	92	3	0	2336	2427	1	92	7.70e-34	154
NC_001564	SRA:SRX1621254.28229688.1	96.739	92	3	0	3336	3427	92	1	7.70e-34	154
NC_001564	SRA:SRX1621254.27007191.1	96.739	92	3	0	2283	2374	92	1	7.70e-34	154
NC_001564	SRA:SRX1621254.26336904.1	96.739	92	3	0	552	643	1	92	7.70e-34	154
NC_001564	SRA:SRX1621254.26081287.1	96.739	92	3	0	675	766	92	1	7.70e-34	154
NC_001564	SRA:SRX1621254.23699805.1	96.739	92	3	0	3404	3495	1	92	7.70e-34	154
NC_001564	SRA:SRX1621254.17329403.1	96.739	92	3	0	2646	2737	92	1	7.70e-34	154
NC_001564	SRA:SRX1621254.16288824.1	96.739	92	3	0	3247	3338	1	92	7.70e-34	154
NC_001564	SRA:SRX1621254.10878390.1	96.739	92	3	0	667	758	1	92	7.70e-34	154
NC_001564	SRA:SRX1621254.9032970.1	97.753	89	2	0	4070	4158	1	89	7.70e-34	154
NC_001564	SRA:SRX1621254.6221381.1	96.739	92	3	0	2904	2995	92	1	7.70e-34	154
NC_001564	SRA:SRX1621254.5456018.1	96.739	92	3	0	806	897	92	1	7.70e-34	154
NC_001564	SRA:SRX1621254.2526081.1	96.739	92	3	0	673	764	1	92	7.70e-34	154
NC_001564	SRA:SRX1621254.1979179.1	96.739	92	3	0	652	743	92	1	7.70e-34	154
NC_001564	SRA:SRX1621254.1468953.1	96.739	92	3	0	478	569	1	92	7.70e-34	154
NC_001564	SRA:SRX1621254.31620775.1	96.703	91	3	0	1710	1800	92	2	2.77e-33	152
NC_001564	SRA:SRX1621254.17033838.1	96.703	91	3	0	1710	1800	1	91	2.77e-33	152
NC_001564	SRA:SRX1621254.15372521.1	96.703	91	3	0	1931	2021	2	92	2.77e-33	152
NC_001564	SRA:SRX1621254.13106571.1	96.703	91	3	0	1710	1800	92	2	2.77e-33	152
NC_001564	SRA:SRX1621254.32367682.1	96.667	90	3	0	3106	3195	92	3	9.96e-33	150
NC_001564	SRA:SRX1621254.13722451.1	96.667	90	3	0	3389	3478	90	1	9.96e-33	150
NC_001564	SRA:SRX1621254.4965290.1	96.667	90	3	0	3209	3298	2	91	9.96e-33	150
NC_001564	SRA:SRX1621254.4532716.1	96.667	90	3	0	1711	1800	92	3	9.96e-33	150
NC_001564	SRA:SRX1621254.34172242.1	95.652	92	4	0	3354	3445	1	92	3.58e-32	148
NC_001564	SRA:SRX1621254.34085186.1	95.652	92	4	0	1926	2017	1	92	3.58e-32	148
NC_001564	SRA:SRX1621254.33374615.1	95.652	92	4	0	1826	1917	1	92	3.58e-32	148
NC_001564	SRA:SRX1621254.32664786.1	95.652	92	4	0	1598	1689	1	92	3.58e-32	148
NC_001564	SRA:SRX1621254.32036464.1	95.652	92	4	0	2893	2984	92	1	3.58e-32	148
NC_001564	SRA:SRX1621254.31469759.1	95.652	92	4	0	2162	2253	1	92	3.58e-32	148
NC_001564	SRA:SRX1621254.30200902.1	95.652	92	4	0	1557	1648	92	1	3.58e-32	148
NC_001564	SRA:SRX1621254.27659759.1	95.652	92	4	0	1597	1688	1	92	3.58e-32	148
NC_001564	SRA:SRX1621254.26596946.1	95.652	92	4	0	1716	1807	92	1	3.58e-32	148
NC_001564	SRA:SRX1621254.26098910.1	95.652	92	4	0	1844	1935	92	1	3.58e-32	148
NC_001564	SRA:SRX1621254.23737755.1	95.652	92	4	0	1597	1688	1	92	3.58e-32	148
NC_001564	SRA:SRX1621254.23458842.1	95.652	92	4	0	834	925	92	1	3.58e-32	148
NC_001564	SRA:SRX1621254.23196766.1	95.652	92	4	0	3673	3764	92	1	3.58e-32	148
NC_001564	SRA:SRX1621254.23093508.1	95.652	92	4	0	3230	3321	1	92	3.58e-32	148
NC_001564	SRA:SRX1621254.22096964.1	95.652	92	4	0	3673	3764	92	1	3.58e-32	148
NC_001564	SRA:SRX1621254.20495270.1	95.652	92	4	0	1715	1806	92	1	3.58e-32	148
NC_001564	SRA:SRX1621254.20283885.1	95.652	92	4	0	1924	2015	1	92	3.58e-32	148
NC_001564	SRA:SRX1621254.19252311.1	95.652	92	4	0	2893	2984	92	1	3.58e-32	148
NC_001564	SRA:SRX1621254.14631321.1	95.652	92	4	0	2881	2972	92	1	3.58e-32	148
NC_001564	SRA:SRX1621254.12391189.1	95.652	92	4	0	524	615	92	1	3.58e-32	148
NC_001564	SRA:SRX1621254.11679285.1	95.652	92	4	0	2671	2762	92	1	3.58e-32	148
NC_001564	SRA:SRX1621254.10905901.1	95.652	92	4	0	2893	2984	92	1	3.58e-32	148
NC_001564	SRA:SRX1621254.10042915.1	95.652	92	4	0	3162	3253	1	92	3.58e-32	148
NC_001564	SRA:SRX1621254.10020526.1	95.652	92	4	0	2709	2800	92	1	3.58e-32	148
NC_001564	SRA:SRX1621254.9044439.1	95.652	92	4	0	2896	2987	92	1	3.58e-32	148
NC_001564	SRA:SRX1621254.7552377.1	95.652	92	4	0	1716	1807	92	1	3.58e-32	148
NC_001564	SRA:SRX1621254.7065375.1	95.652	92	4	0	2179	2270	92	1	3.58e-32	148
NC_001564	SRA:SRX1621254.6413378.1	95.652	92	4	0	1922	2013	1	92	3.58e-32	148
NC_001564	SRA:SRX1621254.1292671.1	95.652	92	4	0	2854	2945	92	1	3.58e-32	148
NC_001564	SRA:SRX1621254.29744660.1	95.604	91	4	0	2843	2933	2	92	1.29e-31	147
NC_001564	SRA:SRX1621254.14543124.1	95.604	91	4	0	2843	2933	2	92	1.29e-31	147
NC_001564	SRA:SRX1621254.12789696.1	95.604	91	4	0	8554	8644	91	1	1.29e-31	147
NC_001564	SRA:SRX1621254.7216100.1	95.604	91	4	0	509	599	91	1	1.29e-31	147
NC_001564	SRA:SRX1621254.2510272.1	95.604	91	4	0	3173	3263	91	1	1.29e-31	147
NC_001564	SRA:SRX1621254.33234966.1	95.556	90	4	0	1738	1827	92	3	4.63e-31	145
NC_001564	SRA:SRX1621254.8514615.1	95.556	90	4	0	2827	2916	92	3	4.63e-31	145
NC_001564	SRA:SRX1621254.7151717.1	96.552	87	3	0	3151	3237	89	3	4.63e-31	145
NC_001564	SRA:SRX1621254.7151362.1	95.556	90	4	0	3379	3468	92	3	4.63e-31	145
NC_001564	SRA:SRX1621254.35400270.1	94.565	92	5	0	2840	2931	1	92	1.67e-30	143
NC_001564	SRA:SRX1621254.28645851.1	94.565	92	5	0	2831	2922	1	92	1.67e-30	143
NC_001564	SRA:SRX1621254.27961828.1	94.565	92	5	0	2153	2244	92	1	1.67e-30	143
NC_001564	SRA:SRX1621254.18248186.1	95.506	89	4	0	2157	2245	89	1	1.67e-30	143
NC_001564	SRA:SRX1621254.11680133.1	96.512	86	3	0	1715	1800	87	2	1.67e-30	143
NC_001564	SRA:SRX1621254.3441969.1	94.565	92	5	0	1452	1543	1	92	1.67e-30	143
NC_001564	SRA:SRX1621254.13576106.1	94.565	92	4	1	3681	3772	92	2	5.99e-30	141
NC_001564	SRA:SRX1621254.20863371.1	94.444	90	5	0	1461	1550	1	90	2.16e-29	139
NC_001564	SRA:SRX1621254.17133610.1	95.349	86	4	0	1526	1611	3	88	7.75e-29	137
NC_001564	SRA:SRX1621254.15149946.1	93.478	92	6	0	1798	1889	92	1	7.75e-29	137
NC_001564	SRA:SRX1621254.13191619.1	93.478	92	6	0	1464	1555	92	1	7.75e-29	137
NC_001564	SRA:SRX1621254.9222008.1	93.478	92	6	0	1462	1553	92	1	7.75e-29	137
NC_001564	SRA:SRX1621254.6902473.1	93.478	92	6	0	2052	2143	1	92	7.75e-29	137
NC_001564	SRA:SRX1621254.15520697.1	98.684	76	1	0	2372	2447	90	15	2.79e-28	135
NC_001564	SRA:SRX1621254.24443747.1	92.391	92	7	0	1508	1599	1	92	3.61e-27	132
NC_001564	SRA:SRX1621254.15023469.1	92.391	92	7	0	1464	1555	92	1	3.61e-27	132
NC_001564	SRA:SRX1621254.1283068.1	98.630	73	1	0	1078	1150	73	1	1.30e-26	130
NC_001564	SRA:SRX1621254.26134563.1	96.104	77	3	0	2884	2960	92	16	1.68e-25	126
NC_001564	SRA:SRX1621254.2807736.1	100.000	54	0	0	323	376	54	1	1.02e-17	100
NC_001564	SRA:SRX1621254.6582773.1	100.000	34	0	0	323	356	34	1	1.33e-06	63.9
CFAV-Cairns_Australia_2014	SRA:SRX1621254.35232040.1	100.000	92	0	0	3468	3559	1	92	7.64e-39	171
CFAV-Cairns_Australia_2014	SRA:SRX1621254.34659473.1	100.000	92	0	0	1163	1254	1	92	7.64e-39	171
CFAV-Cairns_Australia_2014	SRA:SRX1621254.33317250.1	100.000	92	0	0	706	797	1	92	7.64e-39	171
CFAV-Cairns_Australia_2014	SRA:SRX1621254.32664786.1	100.000	92	0	0	1597	1688	1	92	7.64e-39	171
CFAV-Cairns_Australia_2014	SRA:SRX1621254.30200902.1	100.000	92	0	0	1556	1647	92	1	7.64e-39	171
CFAV-Cairns_Australia_2014	SRA:SRX1621254.29220989.1	100.000	92	0	0	3466	3557	92	1	7.64e-39	171
CFAV-Cairns_Australia_2014	SRA:SRX1621254.27659759.1	100.000	92	0	0	1596	1687	1	92	7.64e-39	171
CFAV-Cairns_Australia_2014	SRA:SRX1621254.25312532.1	100.000	92	0	0	1197	1288	92	1	7.64e-39	171
CFAV-Cairns_Australia_2014	SRA:SRX1621254.23737755.1	100.000	92	0	0	1596	1687	1	92	7.64e-39	171
CFAV-Cairns_Australia_2014	SRA:SRX1621254.23196766.1	100.000	92	0	0	3672	3763	92	1	7.64e-39	171
CFAV-Cairns_Australia_2014	SRA:SRX1621254.22096964.1	100.000	92	0	0	3672	3763	92	1	7.64e-39	171
CFAV-Cairns_Australia_2014	SRA:SRX1621254.19496257.1	100.000	92	0	0	714	805	1	92	7.64e-39	171
CFAV-Cairns_Australia_2014	SRA:SRX1621254.19141299.1	100.000	92	0	0	382	473	92	1	7.64e-39	171
CFAV-Cairns_Australia_2014	SRA:SRX1621254.18734300.1	100.000	92	0	0	339	430	1	92	7.64e-39	171
CFAV-Cairns_Australia_2014	SRA:SRX1621254.11054905.1	100.000	92	0	0	3468	3559	1	92	7.64e-39	171
CFAV-Cairns_Australia_2014	SRA:SRX1621254.9144894.1	100.000	92	0	0	3664	3755	92	1	7.64e-39	171
CFAV-Cairns_Australia_2014	SRA:SRX1621254.7280613.1	100.000	92	0	0	383	474	92	1	7.64e-39	171
CFAV-Cairns_Australia_2014	SRA:SRX1621254.7056802.1	100.000	92	0	0	1136	1227	1	92	7.64e-39	171
CFAV-Cairns_Australia_2014	SRA:SRX1621254.5893806.1	100.000	92	0	0	3482	3573	1	92	7.64e-39	171
CFAV-Cairns_Australia_2014	SRA:SRX1621254.5060588.1	100.000	92	0	0	693	784	1	92	7.64e-39	171
CFAV-Cairns_Australia_2014	SRA:SRX1621254.2341919.1	100.000	92	0	0	1223	1314	1	92	7.64e-39	171
CFAV-Cairns_Australia_2014	SRA:SRX1621254.1692781.1	100.000	92	0	0	379	470	92	1	7.64e-39	171
CFAV-Cairns_Australia_2014	SRA:SRX1621254.30782609.1	100.000	91	0	0	688	778	91	1	2.75e-38	169
CFAV-Cairns_Australia_2014	SRA:SRX1621254.13744967.1	100.000	91	0	0	716	806	1	91	2.75e-38	169
CFAV-Cairns_Australia_2014	SRA:SRX1621254.36797365.1	98.913	92	1	0	942	1033	1	92	3.56e-37	165
CFAV-Cairns_Australia_2014	SRA:SRX1621254.36671751.1	98.913	92	1	0	2413	2504	92	1	3.56e-37	165
CFAV-Cairns_Australia_2014	SRA:SRX1621254.34900968.1	98.913	92	1	0	2434	2525	1	92	3.56e-37	165
CFAV-Cairns_Australia_2014	SRA:SRX1621254.34814187.1	98.913	92	1	0	648	739	92	1	3.56e-37	165
CFAV-Cairns_Australia_2014	SRA:SRX1621254.32492925.1	98.913	92	1	0	948	1039	1	92	3.56e-37	165
CFAV-Cairns_Australia_2014	SRA:SRX1621254.31469759.1	98.913	92	1	0	2161	2252	1	92	3.56e-37	165
CFAV-Cairns_Australia_2014	SRA:SRX1621254.30745869.1	98.913	92	1	0	1258	1349	1	92	3.56e-37	165
CFAV-Cairns_Australia_2014	SRA:SRX1621254.29177817.1	98.913	92	1	0	2413	2504	92	1	3.56e-37	165
CFAV-Cairns_Australia_2014	SRA:SRX1621254.29153341.1	98.913	92	1	0	3461	3552	92	1	3.56e-37	165
CFAV-Cairns_Australia_2014	SRA:SRX1621254.29054241.1	98.913	92	1	0	886	977	92	1	3.56e-37	165
CFAV-Cairns_Australia_2014	SRA:SRX1621254.29007713.1	100.000	89	0	0	3082	3170	1	89	3.56e-37	165
CFAV-Cairns_Australia_2014	SRA:SRX1621254.26604772.1	98.913	92	1	0	685	776	1	92	3.56e-37	165
CFAV-Cairns_Australia_2014	SRA:SRX1621254.26494074.1	98.913	92	1	0	2484	2575	92	1	3.56e-37	165
CFAV-Cairns_Australia_2014	SRA:SRX1621254.26095328.1	98.913	92	1	0	3497	3588	1	92	3.56e-37	165
CFAV-Cairns_Australia_2014	SRA:SRX1621254.26081287.1	98.913	92	1	0	674	765	92	1	3.56e-37	165
CFAV-Cairns_Australia_2014	SRA:SRX1621254.25107436.1	98.913	92	1	0	2437	2528	1	92	3.56e-37	165
CFAV-Cairns_Australia_2014	SRA:SRX1621254.23987462.1	98.913	92	1	0	3461	3552	92	1	3.56e-37	165
CFAV-Cairns_Australia_2014	SRA:SRX1621254.23309400.1	98.913	92	1	0	947	1038	1	92	3.56e-37	165
CFAV-Cairns_Australia_2014	SRA:SRX1621254.23243992.1	98.913	92	1	0	728	819	1	92	3.56e-37	165
CFAV-Cairns_Australia_2014	SRA:SRX1621254.22391761.1	98.913	92	1	0	3957	4048	92	1	3.56e-37	165
CFAV-Cairns_Australia_2014	SRA:SRX1621254.22024496.1	98.913	92	1	0	2277	2368	1	92	3.56e-37	165
CFAV-Cairns_Australia_2014	SRA:SRX1621254.21852721.1	98.913	92	1	0	872	963	1	92	3.56e-37	165
CFAV-Cairns_Australia_2014	SRA:SRX1621254.20795113.1	98.913	92	1	0	3453	3544	92	1	3.56e-37	165
CFAV-Cairns_Australia_2014	SRA:SRX1621254.20592643.1	98.913	92	1	0	3607	3698	92	1	3.56e-37	165
CFAV-Cairns_Australia_2014	SRA:SRX1621254.18023310.1	98.913	92	1	0	447	538	1	92	3.56e-37	165
CFAV-Cairns_Australia_2014	SRA:SRX1621254.15459078.1	98.913	92	1	0	944	1035	1	92	3.56e-37	165
CFAV-Cairns_Australia_2014	SRA:SRX1621254.15424022.1	98.913	92	1	0	1578	1669	1	92	3.56e-37	165
CFAV-Cairns_Australia_2014	SRA:SRX1621254.14797659.1	98.913	92	1	0	978	1069	92	1	3.56e-37	165
CFAV-Cairns_Australia_2014	SRA:SRX1621254.14332269.1	98.913	92	1	0	2194	2285	1	92	3.56e-37	165
CFAV-Cairns_Australia_2014	SRA:SRX1621254.13809964.1	98.913	92	1	0	2408	2499	92	1	3.56e-37	165
CFAV-Cairns_Australia_2014	SRA:SRX1621254.10878390.1	98.913	92	1	0	666	757	1	92	3.56e-37	165
CFAV-Cairns_Australia_2014	SRA:SRX1621254.8858420.1	98.913	92	1	0	2803	2894	92	1	3.56e-37	165
CFAV-Cairns_Australia_2014	SRA:SRX1621254.6611622.1	98.913	92	1	0	3617	3708	1	92	3.56e-37	165
CFAV-Cairns_Australia_2014	SRA:SRX1621254.5427212.1	98.913	92	1	0	3461	3552	92	1	3.56e-37	165
CFAV-Cairns_Australia_2014	SRA:SRX1621254.3404060.1	98.913	92	1	0	2207	2298	1	92	3.56e-37	165
CFAV-Cairns_Australia_2014	SRA:SRX1621254.3001043.1	98.913	92	1	0	3605	3696	92	1	3.56e-37	165
CFAV-Cairns_Australia_2014	SRA:SRX1621254.2875713.1	98.913	92	1	0	736	827	92	1	3.56e-37	165
CFAV-Cairns_Australia_2014	SRA:SRX1621254.2526081.1	98.913	92	1	0	672	763	1	92	3.56e-37	165
CFAV-Cairns_Australia_2014	SRA:SRX1621254.1979179.1	98.913	92	1	0	651	742	92	1	3.56e-37	165
CFAV-Cairns_Australia_2014	SRA:SRX1621254.1286234.1	98.913	92	1	0	2465	2556	92	1	3.56e-37	165
CFAV-Cairns_Australia_2014	SRA:SRX1621254.339079.1	98.913	92	1	0	3032	3123	1	92	3.56e-37	165
CFAV-Cairns_Australia_2014	SRA:SRX1621254.13576106.1	98.913	92	0	1	3680	3771	92	2	1.28e-36	163
CFAV-Cairns_Australia_2014	SRA:SRX1621254.2510272.1	98.901	91	1	0	3172	3262	91	1	1.28e-36	163
CFAV-Cairns_Australia_2014	SRA:SRX1621254.3571482.1	98.889	90	1	0	2223	2312	1	90	4.60e-36	161
CFAV-Cairns_Australia_2014	SRA:SRX1621254.36406436.1	97.826	92	2	0	790	881	1	92	1.65e-35	159
CFAV-Cairns_Australia_2014	SRA:SRX1621254.35594763.1	97.826	92	2	0	2598	2689	92	1	1.65e-35	159
CFAV-Cairns_Australia_2014	SRA:SRX1621254.35142847.1	97.826	92	2	0	3425	3516	92	1	1.65e-35	159
CFAV-Cairns_Australia_2014	SRA:SRX1621254.34938308.1	97.826	92	2	0	2301	2392	92	1	1.65e-35	159
CFAV-Cairns_Australia_2014	SRA:SRX1621254.33580369.1	97.826	92	2	0	1730	1821	92	1	1.65e-35	159
CFAV-Cairns_Australia_2014	SRA:SRX1621254.33185994.1	97.826	92	2	0	2089	2180	92	1	1.65e-35	159
CFAV-Cairns_Australia_2014	SRA:SRX1621254.32367682.1	97.826	92	2	0	3105	3196	92	1	1.65e-35	159
CFAV-Cairns_Australia_2014	SRA:SRX1621254.32282580.1	97.826	92	2	0	3303	3394	92	1	1.65e-35	159
CFAV-Cairns_Australia_2014	SRA:SRX1621254.31945678.1	97.826	92	2	0	1090	1181	1	92	1.65e-35	159
CFAV-Cairns_Australia_2014	SRA:SRX1621254.31405536.1	97.826	92	2	0	617	708	1	92	1.65e-35	159
CFAV-Cairns_Australia_2014	SRA:SRX1621254.28521656.1	97.826	92	2	0	2586	2677	92	1	1.65e-35	159
CFAV-Cairns_Australia_2014	SRA:SRX1621254.27961828.1	97.826	92	2	0	2152	2243	92	1	1.65e-35	159
CFAV-Cairns_Australia_2014	SRA:SRX1621254.27804212.1	97.826	92	2	0	784	875	92	1	1.65e-35	159
CFAV-Cairns_Australia_2014	SRA:SRX1621254.27007191.1	97.826	92	2	0	2282	2373	92	1	1.65e-35	159
CFAV-Cairns_Australia_2014	SRA:SRX1621254.26949080.1	97.826	92	2	0	1351	1442	1	92	1.65e-35	159
CFAV-Cairns_Australia_2014	SRA:SRX1621254.26600470.1	97.826	92	2	0	612	703	1	92	1.65e-35	159
CFAV-Cairns_Australia_2014	SRA:SRX1621254.26563751.1	97.826	92	2	0	1410	1501	92	1	1.65e-35	159
CFAV-Cairns_Australia_2014	SRA:SRX1621254.26336904.1	97.826	92	2	0	551	642	1	92	1.65e-35	159
CFAV-Cairns_Australia_2014	SRA:SRX1621254.26098910.1	97.826	92	2	0	1843	1934	92	1	1.65e-35	159
CFAV-Cairns_Australia_2014	SRA:SRX1621254.25255015.1	97.826	92	2	0	1051	1142	1	92	1.65e-35	159
CFAV-Cairns_Australia_2014	SRA:SRX1621254.25054192.1	97.826	92	2	0	2967	3058	92	1	1.65e-35	159
CFAV-Cairns_Australia_2014	SRA:SRX1621254.24584912.1	97.826	92	2	0	1653	1744	1	92	1.65e-35	159
CFAV-Cairns_Australia_2014	SRA:SRX1621254.23458842.1	97.826	92	2	0	833	924	92	1	1.65e-35	159
CFAV-Cairns_Australia_2014	SRA:SRX1621254.19246306.1	97.826	92	2	0	626	717	1	92	1.65e-35	159
CFAV-Cairns_Australia_2014	SRA:SRX1621254.18361031.1	97.826	92	2	0	1297	1388	1	92	1.65e-35	159
CFAV-Cairns_Australia_2014	SRA:SRX1621254.18248186.1	98.876	89	1	0	2156	2244	89	1	1.65e-35	159
CFAV-Cairns_Australia_2014	SRA:SRX1621254.17321545.1	97.826	92	2	0	2547	2638	92	1	1.65e-35	159
CFAV-Cairns_Australia_2014	SRA:SRX1621254.16322093.1	97.826	92	2	0	601	692	92	1	1.65e-35	159
CFAV-Cairns_Australia_2014	SRA:SRX1621254.16212003.1	97.826	92	2	0	792	883	92	1	1.65e-35	159
CFAV-Cairns_Australia_2014	SRA:SRX1621254.15298837.1	97.826	92	2	0	3521	3612	1	92	1.65e-35	159
CFAV-Cairns_Australia_2014	SRA:SRX1621254.14174457.1	97.826	92	2	0	3420	3511	1	92	1.65e-35	159
CFAV-Cairns_Australia_2014	SRA:SRX1621254.11517129.1	97.826	92	2	0	2237	2328	1	92	1.65e-35	159
CFAV-Cairns_Australia_2014	SRA:SRX1621254.10969829.1	97.826	92	2	0	769	860	92	1	1.65e-35	159
CFAV-Cairns_Australia_2014	SRA:SRX1621254.10042915.1	97.826	92	2	0	3161	3252	1	92	1.65e-35	159
CFAV-Cairns_Australia_2014	SRA:SRX1621254.9469863.1	97.826	92	2	0	1402	1493	1	92	1.65e-35	159
CFAV-Cairns_Australia_2014	SRA:SRX1621254.8011946.1	97.826	92	2	0	1051	1142	1	92	1.65e-35	159
CFAV-Cairns_Australia_2014	SRA:SRX1621254.7953103.1	97.826	92	2	0	1659	1750	92	1	1.65e-35	159
CFAV-Cairns_Australia_2014	SRA:SRX1621254.7065375.1	97.826	92	2	0	2178	2269	92	1	1.65e-35	159
CFAV-Cairns_Australia_2014	SRA:SRX1621254.6735784.1	97.826	92	2	0	1082	1173	1	92	1.65e-35	159
CFAV-Cairns_Australia_2014	SRA:SRX1621254.5428499.1	97.826	92	2	0	2598	2689	92	1	1.65e-35	159
CFAV-Cairns_Australia_2014	SRA:SRX1621254.4330103.1	97.826	92	2	0	1397	1488	92	1	1.65e-35	159
CFAV-Cairns_Australia_2014	SRA:SRX1621254.3893702.1	97.826	92	2	0	1670	1761	92	1	1.65e-35	159
CFAV-Cairns_Australia_2014	SRA:SRX1621254.2527177.1	97.826	92	2	0	1407	1498	92	1	1.65e-35	159
CFAV-Cairns_Australia_2014	SRA:SRX1621254.1594294.1	97.826	92	2	0	612	703	1	92	1.65e-35	159
CFAV-Cairns_Australia_2014	SRA:SRX1621254.1292671.1	97.826	92	2	0	2853	2944	92	1	1.65e-35	159
CFAV-Cairns_Australia_2014	SRA:SRX1621254.875696.1	97.826	92	2	0	3012	3103	92	1	1.65e-35	159
CFAV-Cairns_Australia_2014	SRA:SRX1621254.190352.1	97.826	92	2	0	3573	3664	1	92	1.65e-35	159
CFAV-Cairns_Australia_2014	SRA:SRX1621254.33197360.1	100.000	85	0	0	1244	1328	1	85	5.95e-35	158
CFAV-Cairns_Australia_2014	SRA:SRX1621254.32420811.1	97.802	91	2	0	1358	1448	2	92	5.95e-35	158
CFAV-Cairns_Australia_2014	SRA:SRX1621254.31620775.1	97.802	91	2	0	1709	1799	92	2	5.95e-35	158
CFAV-Cairns_Australia_2014	SRA:SRX1621254.29744660.1	97.802	91	2	0	2842	2932	2	92	5.95e-35	158
CFAV-Cairns_Australia_2014	SRA:SRX1621254.27343632.1	97.802	91	2	0	1396	1486	91	1	5.95e-35	158
CFAV-Cairns_Australia_2014	SRA:SRX1621254.26471825.1	97.802	91	2	0	2750	2840	92	2	5.95e-35	158
CFAV-Cairns_Australia_2014	SRA:SRX1621254.17033838.1	97.802	91	2	0	1709	1799	1	91	5.95e-35	158
CFAV-Cairns_Australia_2014	SRA:SRX1621254.14543124.1	97.802	91	2	0	2842	2932	2	92	5.95e-35	158
CFAV-Cairns_Australia_2014	SRA:SRX1621254.13106571.1	97.802	91	2	0	1709	1799	92	2	5.95e-35	158
CFAV-Cairns_Australia_2014	SRA:SRX1621254.13050724.1	97.802	91	2	0	2798	2888	91	1	5.95e-35	158
CFAV-Cairns_Australia_2014	SRA:SRX1621254.8719067.1	97.802	91	2	0	1329	1419	91	1	5.95e-35	158
CFAV-Cairns_Australia_2014	SRA:SRX1621254.4965290.1	97.802	91	2	0	3207	3297	1	91	5.95e-35	158
CFAV-Cairns_Australia_2014	SRA:SRX1621254.33234966.1	97.778	90	2	0	1737	1826	92	3	2.14e-34	156
CFAV-Cairns_Australia_2014	SRA:SRX1621254.32287528.1	97.778	90	2	0	1396	1485	90	1	2.14e-34	156
CFAV-Cairns_Australia_2014	SRA:SRX1621254.23393125.1	97.778	90	2	0	1266	1355	1	90	2.14e-34	156
CFAV-Cairns_Australia_2014	SRA:SRX1621254.14736079.1	97.778	90	2	0	2761	2850	90	1	2.14e-34	156
CFAV-Cairns_Australia_2014	SRA:SRX1621254.11206423.1	97.778	90	2	0	2751	2840	92	3	2.14e-34	156
CFAV-Cairns_Australia_2014	SRA:SRX1621254.4532716.1	97.778	90	2	0	1710	1799	92	3	2.14e-34	156
CFAV-Cairns_Australia_2014	SRA:SRX1621254.1991893.1	97.778	90	2	0	804	893	92	3	2.14e-34	156
CFAV-Cairns_Australia_2014	SRA:SRX1621254.35400270.1	96.739	92	3	0	2839	2930	1	92	7.70e-34	154
CFAV-Cairns_Australia_2014	SRA:SRX1621254.34410112.1	96.739	92	3	0	477	568	1	92	7.70e-34	154
CFAV-Cairns_Australia_2014	SRA:SRX1621254.34085186.1	96.739	92	3	0	1925	2016	1	92	7.70e-34	154
CFAV-Cairns_Australia_2014	SRA:SRX1621254.33374615.1	96.739	92	3	0	1825	1916	1	92	7.70e-34	154
CFAV-Cairns_Australia_2014	SRA:SRX1621254.32312009.1	96.739	92	3	0	1873	1964	1	92	7.70e-34	154
CFAV-Cairns_Australia_2014	SRA:SRX1621254.31026077.1	96.739	92	3	0	2335	2426	1	92	7.70e-34	154
CFAV-Cairns_Australia_2014	SRA:SRX1621254.30138595.1	96.739	92	3	0	1390	1481	92	1	7.70e-34	154
CFAV-Cairns_Australia_2014	SRA:SRX1621254.28645851.1	96.739	92	3	0	2830	2921	1	92	7.70e-34	154
CFAV-Cairns_Australia_2014	SRA:SRX1621254.28482113.1	96.739	92	3	0	2753	2844	1	92	7.70e-34	154
CFAV-Cairns_Australia_2014	SRA:SRX1621254.28229688.1	96.739	92	3	0	3335	3426	92	1	7.70e-34	154
CFAV-Cairns_Australia_2014	SRA:SRX1621254.26596946.1	96.739	92	3	0	1715	1806	92	1	7.70e-34	154
CFAV-Cairns_Australia_2014	SRA:SRX1621254.23093508.1	96.739	92	3	0	3229	3320	1	92	7.70e-34	154
CFAV-Cairns_Australia_2014	SRA:SRX1621254.20495270.1	96.739	92	3	0	1714	1805	92	1	7.70e-34	154
CFAV-Cairns_Australia_2014	SRA:SRX1621254.20480070.1	96.739	92	3	0	1751	1842	92	1	7.70e-34	154
CFAV-Cairns_Australia_2014	SRA:SRX1621254.20283885.1	96.739	92	3	0	1923	2014	1	92	7.70e-34	154
CFAV-Cairns_Australia_2014	SRA:SRX1621254.16288824.1	96.739	92	3	0	3246	3337	1	92	7.70e-34	154
CFAV-Cairns_Australia_2014	SRA:SRX1621254.15372521.1	96.739	92	3	0	1929	2020	1	92	7.70e-34	154
CFAV-Cairns_Australia_2014	SRA:SRX1621254.14631321.1	96.739	92	3	0	2880	2971	92	1	7.70e-34	154
CFAV-Cairns_Australia_2014	SRA:SRX1621254.13236646.1	96.739	92	3	0	2346	2437	1	92	7.70e-34	154
CFAV-Cairns_Australia_2014	SRA:SRX1621254.12391189.1	96.739	92	3	0	523	614	92	1	7.70e-34	154
CFAV-Cairns_Australia_2014	SRA:SRX1621254.10479964.1	96.739	92	3	0	1048	1139	92	1	7.70e-34	154
CFAV-Cairns_Australia_2014	SRA:SRX1621254.9939957.1	96.739	92	3	0	1751	1842	92	1	7.70e-34	154
CFAV-Cairns_Australia_2014	SRA:SRX1621254.8514615.1	96.739	92	3	0	2826	2917	92	1	7.70e-34	154
CFAV-Cairns_Australia_2014	SRA:SRX1621254.7552377.1	96.739	92	3	0	1715	1806	92	1	7.70e-34	154
CFAV-Cairns_Australia_2014	SRA:SRX1621254.7151717.1	97.753	89	2	0	3150	3238	89	1	7.70e-34	154
CFAV-Cairns_Australia_2014	SRA:SRX1621254.6413378.1	96.739	92	3	0	1921	2012	1	92	7.70e-34	154
CFAV-Cairns_Australia_2014	SRA:SRX1621254.6221381.1	96.739	92	3	0	2903	2994	92	1	7.70e-34	154
CFAV-Cairns_Australia_2014	SRA:SRX1621254.5456018.1	97.753	89	2	0	808	896	89	1	7.70e-34	154
CFAV-Cairns_Australia_2014	SRA:SRX1621254.4209428.1	97.753	89	2	0	1330	1418	89	1	7.70e-34	154
CFAV-Cairns_Australia_2014	SRA:SRX1621254.1468953.1	96.739	92	3	0	477	568	1	92	7.70e-34	154
CFAV-Cairns_Australia_2014	SRA:SRX1621254.403170.1	96.739	92	3	0	1755	1846	92	1	7.70e-34	154
CFAV-Cairns_Australia_2014	SRA:SRX1621254.163464.1	96.739	92	3	0	3139	3230	92	1	7.70e-34	154
CFAV-Cairns_Australia_2014	SRA:SRX1621254.7216100.1	96.703	91	3	0	508	598	91	1	2.77e-33	152
CFAV-Cairns_Australia_2014	SRA:SRX1621254.17133610.1	96.667	90	3	0	1525	1614	3	92	9.96e-33	150
CFAV-Cairns_Australia_2014	SRA:SRX1621254.34172242.1	95.652	92	4	0	3353	3444	1	92	3.58e-32	148
CFAV-Cairns_Australia_2014	SRA:SRX1621254.32036464.1	95.652	92	4	0	2892	2983	92	1	3.58e-32	148
CFAV-Cairns_Australia_2014	SRA:SRX1621254.28952793.1	95.652	92	4	0	1902	1993	1	92	3.58e-32	148
CFAV-Cairns_Australia_2014	SRA:SRX1621254.24443747.1	95.652	92	4	0	1507	1598	1	92	3.58e-32	148
CFAV-Cairns_Australia_2014	SRA:SRX1621254.23699805.1	95.652	92	4	0	3403	3494	1	92	3.58e-32	148
CFAV-Cairns_Australia_2014	SRA:SRX1621254.19252311.1	95.652	92	4	0	2892	2983	92	1	3.58e-32	148
CFAV-Cairns_Australia_2014	SRA:SRX1621254.11680133.1	97.674	86	2	0	1714	1799	87	2	3.58e-32	148
CFAV-Cairns_Australia_2014	SRA:SRX1621254.10905901.1	95.652	92	4	0	2892	2983	92	1	3.58e-32	148
CFAV-Cairns_Australia_2014	SRA:SRX1621254.9044439.1	95.652	92	4	0	2895	2986	92	1	3.58e-32	148
CFAV-Cairns_Australia_2014	SRA:SRX1621254.9032970.1	96.629	89	3	0	4069	4157	1	89	3.58e-32	148
CFAV-Cairns_Australia_2014	SRA:SRX1621254.3441969.1	95.652	92	4	0	1451	1542	1	92	3.58e-32	148
CFAV-Cairns_Australia_2014	SRA:SRX1621254.20863371.1	95.556	90	4	0	1460	1549	1	90	4.63e-31	145
CFAV-Cairns_Australia_2014	SRA:SRX1621254.13722451.1	95.556	90	4	0	3388	3477	90	1	4.63e-31	145
CFAV-Cairns_Australia_2014	SRA:SRX1621254.17329403.1	94.565	92	5	0	2645	2736	92	1	1.67e-30	143
CFAV-Cairns_Australia_2014	SRA:SRX1621254.15149946.1	94.565	92	5	0	1797	1888	92	1	1.67e-30	143
CFAV-Cairns_Australia_2014	SRA:SRX1621254.13191619.1	94.565	92	5	0	1463	1554	92	1	1.67e-30	143
CFAV-Cairns_Australia_2014	SRA:SRX1621254.10020526.1	94.565	92	5	0	2708	2799	92	1	1.67e-30	143
CFAV-Cairns_Australia_2014	SRA:SRX1621254.9222008.1	94.565	92	5	0	1461	1552	92	1	1.67e-30	143
CFAV-Cairns_Australia_2014	SRA:SRX1621254.7151362.1	94.565	92	5	0	3378	3469	92	1	1.67e-30	143
CFAV-Cairns_Australia_2014	SRA:SRX1621254.11679285.1	94.444	90	5	0	2670	2759	92	3	2.16e-29	139
CFAV-Cairns_Australia_2014	SRA:SRX1621254.15023469.1	93.478	92	6	0	1463	1554	92	1	7.75e-29	137
CFAV-Cairns_Australia_2014	SRA:SRX1621254.6902473.1	93.478	92	6	0	2051	2142	1	92	7.75e-29	137
CFAV-Cairns_Australia_2014	SRA:SRX1621254.26134563.1	97.403	77	2	0	2883	2959	92	16	3.61e-27	132
CFAV-Cairns_Australia_2014	SRA:SRX1621254.15520697.1	97.368	76	2	0	2371	2446	90	15	1.30e-26	130
CFAV-Cairns_Australia_2014	SRA:SRX1621254.1283068.1	97.260	73	2	0	1077	1149	73	1	6.04e-25	124
CFAV-Cairns_Australia_2014	SRA:SRX1621254.12789696.1	90.110	91	9	0	8553	8643	91	1	2.81e-23	119
CFAV-Cairns_Australia_2014	SRA:SRX1621254.2807736.1	98.148	54	1	0	322	375	54	1	4.73e-16	95.3
CFAV-Cairns_Australia_2014	SRA:SRX1621254.9133515.1	95.000	40	2	0	3735	3774	92	53	1.33e-06	63.9
CFAV-Cairns_Australia_2014	SRA:SRX1621254.6582773.1	97.059	34	1	0	322	355	34	1	6.21e-05	58.4
CFAV-Macapa2_Brazil_2017	SRA:SRX1621254.32664786.1	100.000	92	0	0	1598	1689	1	92	7.64e-39	171
CFAV-Macapa2_Brazil_2017	SRA:SRX1621254.27659759.1	100.000	92	0	0	1597	1688	1	92	7.64e-39	171
CFAV-Macapa2_Brazil_2017	SRA:SRX1621254.23737755.1	100.000	92	0	0	1597	1688	1	92	7.64e-39	171
CFAV-Macapa2_Brazil_2017	SRA:SRX1621254.10969829.1	100.000	92	0	0	770	861	92	1	7.64e-39	171
CFAV-Macapa2_Brazil_2017	SRA:SRX1621254.36797365.1	98.913	92	1	0	943	1034	1	92	3.56e-37	165
CFAV-Macapa2_Brazil_2017	SRA:SRX1621254.32492925.1	98.913	92	1	0	949	1040	1	92	3.56e-37	165
CFAV-Macapa2_Brazil_2017	SRA:SRX1621254.26949080.1	98.913	92	1	0	1352	1443	1	92	3.56e-37	165
CFAV-Macapa2_Brazil_2017	SRA:SRX1621254.26095328.1	98.913	92	1	0	3498	3589	1	92	3.56e-37	165
CFAV-Macapa2_Brazil_2017	SRA:SRX1621254.24584912.1	98.913	92	1	0	1654	1745	1	92	3.56e-37	165
CFAV-Macapa2_Brazil_2017	SRA:SRX1621254.23309400.1	98.913	92	1	0	948	1039	1	92	3.56e-37	165
CFAV-Macapa2_Brazil_2017	SRA:SRX1621254.23243992.1	98.913	92	1	0	729	820	1	92	3.56e-37	165
CFAV-Macapa2_Brazil_2017	SRA:SRX1621254.19496257.1	98.913	92	1	0	715	806	1	92	3.56e-37	165
CFAV-Macapa2_Brazil_2017	SRA:SRX1621254.15459078.1	98.913	92	1	0	945	1036	1	92	3.56e-37	165
CFAV-Macapa2_Brazil_2017	SRA:SRX1621254.15424022.1	98.913	92	1	0	1579	1670	1	92	3.56e-37	165
CFAV-Macapa2_Brazil_2017	SRA:SRX1621254.14797659.1	98.913	92	1	0	979	1070	92	1	3.56e-37	165
CFAV-Macapa2_Brazil_2017	SRA:SRX1621254.13744967.1	98.913	92	1	0	717	808	1	92	3.56e-37	165
CFAV-Macapa2_Brazil_2017	SRA:SRX1621254.9144894.1	98.913	92	1	0	3665	3756	92	1	3.56e-37	165
CFAV-Macapa2_Brazil_2017	SRA:SRX1621254.8858420.1	98.913	92	1	0	2804	2895	92	1	3.56e-37	165
CFAV-Macapa2_Brazil_2017	SRA:SRX1621254.7953103.1	98.913	92	1	0	1660	1751	92	1	3.56e-37	165
CFAV-Macapa2_Brazil_2017	SRA:SRX1621254.2875713.1	98.913	92	1	0	737	828	92	1	3.56e-37	165
CFAV-Macapa2_Brazil_2017	SRA:SRX1621254.2341919.1	98.913	92	1	0	1224	1315	1	92	3.56e-37	165
CFAV-Macapa2_Brazil_2017	SRA:SRX1621254.1292671.1	98.913	92	1	0	2854	2945	92	1	3.56e-37	165
CFAV-Macapa2_Brazil_2017	SRA:SRX1621254.29744660.1	98.901	91	1	0	2843	2933	2	92	1.28e-36	163
CFAV-Macapa2_Brazil_2017	SRA:SRX1621254.14543124.1	98.901	91	1	0	2843	2933	2	92	1.28e-36	163
CFAV-Macapa2_Brazil_2017	SRA:SRX1621254.13050724.1	98.901	91	1	0	2799	2889	91	1	1.28e-36	163
CFAV-Macapa2_Brazil_2017	SRA:SRX1621254.30200902.1	98.889	90	1	0	1559	1648	90	1	4.60e-36	161
CFAV-Macapa2_Brazil_2017	SRA:SRX1621254.190352.1	98.889	90	1	0	3574	3663	1	90	4.60e-36	161
CFAV-Macapa2_Brazil_2017	SRA:SRX1621254.36406436.1	97.826	92	2	0	791	882	1	92	1.65e-35	159
CFAV-Macapa2_Brazil_2017	SRA:SRX1621254.35400270.1	97.826	92	2	0	2840	2931	1	92	1.65e-35	159
CFAV-Macapa2_Brazil_2017	SRA:SRX1621254.34659473.1	97.826	92	2	0	1164	1255	1	92	1.65e-35	159
CFAV-Macapa2_Brazil_2017	SRA:SRX1621254.34085186.1	97.826	92	2	0	1926	2017	1	92	1.65e-35	159
CFAV-Macapa2_Brazil_2017	SRA:SRX1621254.33317250.1	97.826	92	2	0	707	798	1	92	1.65e-35	159
CFAV-Macapa2_Brazil_2017	SRA:SRX1621254.32036464.1	97.826	92	2	0	2893	2984	92	1	1.65e-35	159
CFAV-Macapa2_Brazil_2017	SRA:SRX1621254.31026077.1	97.826	92	2	0	2336	2427	1	92	1.65e-35	159
CFAV-Macapa2_Brazil_2017	SRA:SRX1621254.28645851.1	97.826	92	2	0	2831	2922	1	92	1.65e-35	159
CFAV-Macapa2_Brazil_2017	SRA:SRX1621254.27804212.1	97.826	92	2	0	785	876	92	1	1.65e-35	159
CFAV-Macapa2_Brazil_2017	SRA:SRX1621254.26494074.1	97.826	92	2	0	2485	2576	92	1	1.65e-35	159
CFAV-Macapa2_Brazil_2017	SRA:SRX1621254.26098910.1	97.826	92	2	0	1844	1935	92	1	1.65e-35	159
CFAV-Macapa2_Brazil_2017	SRA:SRX1621254.25312532.1	97.826	92	2	0	1198	1289	92	1	1.65e-35	159
CFAV-Macapa2_Brazil_2017	SRA:SRX1621254.23196766.1	97.826	92	2	0	3673	3764	92	1	1.65e-35	159
CFAV-Macapa2_Brazil_2017	SRA:SRX1621254.23093508.1	97.826	92	2	0	3230	3321	1	92	1.65e-35	159
CFAV-Macapa2_Brazil_2017	SRA:SRX1621254.22096964.1	97.826	92	2	0	3673	3764	92	1	1.65e-35	159
CFAV-Macapa2_Brazil_2017	SRA:SRX1621254.20283885.1	97.826	92	2	0	1924	2015	1	92	1.65e-35	159
CFAV-Macapa2_Brazil_2017	SRA:SRX1621254.19252311.1	97.826	92	2	0	2893	2984	92	1	1.65e-35	159
CFAV-Macapa2_Brazil_2017	SRA:SRX1621254.18361031.1	97.826	92	2	0	1298	1389	1	92	1.65e-35	159
CFAV-Macapa2_Brazil_2017	SRA:SRX1621254.17321545.1	97.826	92	2	0	2548	2639	92	1	1.65e-35	159
CFAV-Macapa2_Brazil_2017	SRA:SRX1621254.16322093.1	97.826	92	2	0	602	693	92	1	1.65e-35	159
CFAV-Macapa2_Brazil_2017	SRA:SRX1621254.16288824.1	97.826	92	2	0	3247	3338	1	92	1.65e-35	159
CFAV-Macapa2_Brazil_2017	SRA:SRX1621254.16212003.1	97.826	92	2	0	793	884	92	1	1.65e-35	159
CFAV-Macapa2_Brazil_2017	SRA:SRX1621254.15372521.1	97.826	92	2	0	1930	2021	1	92	1.65e-35	159
CFAV-Macapa2_Brazil_2017	SRA:SRX1621254.15298837.1	97.826	92	2	0	3522	3613	1	92	1.65e-35	159
CFAV-Macapa2_Brazil_2017	SRA:SRX1621254.14631321.1	97.826	92	2	0	2881	2972	92	1	1.65e-35	159
CFAV-Macapa2_Brazil_2017	SRA:SRX1621254.13722451.1	97.826	92	2	0	3387	3478	92	1	1.65e-35	159
CFAV-Macapa2_Brazil_2017	SRA:SRX1621254.13576106.1	97.826	92	2	0	3681	3772	92	1	1.65e-35	159
CFAV-Macapa2_Brazil_2017	SRA:SRX1621254.13236646.1	97.826	92	2	0	2347	2438	1	92	1.65e-35	159
CFAV-Macapa2_Brazil_2017	SRA:SRX1621254.10905901.1	97.826	92	2	0	2893	2984	92	1	1.65e-35	159
CFAV-Macapa2_Brazil_2017	SRA:SRX1621254.9044439.1	97.826	92	2	0	2896	2987	92	1	1.65e-35	159
CFAV-Macapa2_Brazil_2017	SRA:SRX1621254.8514615.1	97.826	92	2	0	2827	2918	92	1	1.65e-35	159
CFAV-Macapa2_Brazil_2017	SRA:SRX1621254.6413378.1	97.826	92	2	0	1922	2013	1	92	1.65e-35	159
CFAV-Macapa2_Brazil_2017	SRA:SRX1621254.5893806.1	97.826	92	2	0	3483	3574	1	92	1.65e-35	159
CFAV-Macapa2_Brazil_2017	SRA:SRX1621254.4209428.1	97.826	92	2	0	1328	1419	92	1	1.65e-35	159
CFAV-Macapa2_Brazil_2017	SRA:SRX1621254.3893702.1	97.826	92	2	0	1671	1762	92	1	1.65e-35	159
CFAV-Macapa2_Brazil_2017	SRA:SRX1621254.35594763.1	97.778	90	2	0	2599	2688	92	3	2.14e-34	156
CFAV-Macapa2_Brazil_2017	SRA:SRX1621254.31405536.1	97.778	90	2	0	620	709	3	92	2.14e-34	156
CFAV-Macapa2_Brazil_2017	SRA:SRX1621254.18023310.1	97.778	90	2	0	448	537	1	90	2.14e-34	156
CFAV-Macapa2_Brazil_2017	SRA:SRX1621254.8719067.1	97.778	90	2	0	1331	1420	90	1	2.14e-34	156
CFAV-Macapa2_Brazil_2017	SRA:SRX1621254.5428499.1	97.778	90	2	0	2599	2688	92	3	2.14e-34	156
CFAV-Macapa2_Brazil_2017	SRA:SRX1621254.3571482.1	97.778	90	2	0	2224	2313	1	90	2.14e-34	156
CFAV-Macapa2_Brazil_2017	SRA:SRX1621254.36671751.1	96.739	92	3	0	2414	2505	92	1	7.70e-34	154
CFAV-Macapa2_Brazil_2017	SRA:SRX1621254.36164236.1	96.739	92	3	0	2001	2092	92	1	7.70e-34	154
CFAV-Macapa2_Brazil_2017	SRA:SRX1621254.35142847.1	96.739	92	3	0	3426	3517	92	1	7.70e-34	154
CFAV-Macapa2_Brazil_2017	SRA:SRX1621254.34938308.1	96.739	92	3	0	2302	2393	92	1	7.70e-34	154
CFAV-Macapa2_Brazil_2017	SRA:SRX1621254.34900968.1	96.739	92	3	0	2435	2526	1	92	7.70e-34	154
CFAV-Macapa2_Brazil_2017	SRA:SRX1621254.34814187.1	96.739	92	3	0	649	740	92	1	7.70e-34	154
CFAV-Macapa2_Brazil_2017	SRA:SRX1621254.33374615.1	96.739	92	3	0	1826	1917	1	92	7.70e-34	154
CFAV-Macapa2_Brazil_2017	SRA:SRX1621254.33197360.1	98.837	86	1	0	1245	1330	1	86	7.70e-34	154
CFAV-Macapa2_Brazil_2017	SRA:SRX1621254.32988297.1	96.739	92	3	0	793	884	92	1	7.70e-34	154
CFAV-Macapa2_Brazil_2017	SRA:SRX1621254.32312009.1	96.739	92	3	0	1874	1965	1	92	7.70e-34	154
CFAV-Macapa2_Brazil_2017	SRA:SRX1621254.32282580.1	96.739	92	3	0	3304	3395	92	1	7.70e-34	154
CFAV-Macapa2_Brazil_2017	SRA:SRX1621254.31469759.1	96.739	92	3	0	2162	2253	1	92	7.70e-34	154
CFAV-Macapa2_Brazil_2017	SRA:SRX1621254.30745869.1	96.739	92	3	0	1259	1350	1	92	7.70e-34	154
CFAV-Macapa2_Brazil_2017	SRA:SRX1621254.29177817.1	96.739	92	3	0	2414	2505	92	1	7.70e-34	154
CFAV-Macapa2_Brazil_2017	SRA:SRX1621254.28952793.1	96.739	92	3	0	1903	1994	1	92	7.70e-34	154
CFAV-Macapa2_Brazil_2017	SRA:SRX1621254.28521656.1	96.739	92	3	0	2587	2678	92	1	7.70e-34	154
CFAV-Macapa2_Brazil_2017	SRA:SRX1621254.27961828.1	96.739	92	3	0	2153	2244	92	1	7.70e-34	154
CFAV-Macapa2_Brazil_2017	SRA:SRX1621254.27007191.1	96.739	92	3	0	2283	2374	92	1	7.70e-34	154
CFAV-Macapa2_Brazil_2017	SRA:SRX1621254.26600470.1	96.739	92	3	0	613	704	1	92	7.70e-34	154
CFAV-Macapa2_Brazil_2017	SRA:SRX1621254.26336904.1	96.739	92	3	0	552	643	1	92	7.70e-34	154
CFAV-Macapa2_Brazil_2017	SRA:SRX1621254.25107436.1	96.739	92	3	0	2438	2529	1	92	7.70e-34	154
CFAV-Macapa2_Brazil_2017	SRA:SRX1621254.22391761.1	96.739	92	3	0	3958	4049	92	1	7.70e-34	154
CFAV-Macapa2_Brazil_2017	SRA:SRX1621254.22024496.1	96.739	92	3	0	2278	2369	1	92	7.70e-34	154
CFAV-Macapa2_Brazil_2017	SRA:SRX1621254.20592643.1	96.739	92	3	0	3608	3699	92	1	7.70e-34	154
CFAV-Macapa2_Brazil_2017	SRA:SRX1621254.19246306.1	96.739	92	3	0	627	718	1	92	7.70e-34	154
CFAV-Macapa2_Brazil_2017	SRA:SRX1621254.18248186.1	96.739	92	3	0	2154	2245	92	1	7.70e-34	154
CFAV-Macapa2_Brazil_2017	SRA:SRX1621254.14174457.1	96.739	92	3	0	3421	3512	1	92	7.70e-34	154
CFAV-Macapa2_Brazil_2017	SRA:SRX1621254.13809964.1	96.739	92	3	0	2409	2500	92	1	7.70e-34	154
CFAV-Macapa2_Brazil_2017	SRA:SRX1621254.12391189.1	96.739	92	3	0	524	615	92	1	7.70e-34	154
CFAV-Macapa2_Brazil_2017	SRA:SRX1621254.10878390.1	96.739	92	3	0	667	758	1	92	7.70e-34	154
CFAV-Macapa2_Brazil_2017	SRA:SRX1621254.7151362.1	98.837	86	1	0	3383	3468	88	3	7.70e-34	154
CFAV-Macapa2_Brazil_2017	SRA:SRX1621254.7056802.1	96.739	92	3	0	1137	1228	1	92	7.70e-34	154
CFAV-Macapa2_Brazil_2017	SRA:SRX1621254.6611622.1	96.739	92	3	0	3618	3709	1	92	7.70e-34	154
CFAV-Macapa2_Brazil_2017	SRA:SRX1621254.5060588.1	96.739	92	3	0	694	785	1	92	7.70e-34	154
CFAV-Macapa2_Brazil_2017	SRA:SRX1621254.3001043.1	96.739	92	3	0	3606	3697	92	1	7.70e-34	154
CFAV-Macapa2_Brazil_2017	SRA:SRX1621254.1979179.1	96.739	92	3	0	652	743	92	1	7.70e-34	154
CFAV-Macapa2_Brazil_2017	SRA:SRX1621254.1594294.1	96.739	92	3	0	613	704	1	92	7.70e-34	154
CFAV-Macapa2_Brazil_2017	SRA:SRX1621254.1286234.1	96.739	92	3	0	2466	2557	92	1	7.70e-34	154
CFAV-Macapa2_Brazil_2017	SRA:SRX1621254.35232040.1	96.703	91	3	0	3470	3560	2	92	2.77e-33	152
CFAV-Macapa2_Brazil_2017	SRA:SRX1621254.32420811.1	97.727	88	2	0	1359	1446	2	89	2.77e-33	152
CFAV-Macapa2_Brazil_2017	SRA:SRX1621254.30782609.1	96.703	91	3	0	689	779	91	1	2.77e-33	152
CFAV-Macapa2_Brazil_2017	SRA:SRX1621254.26471825.1	96.703	91	3	0	2751	2841	92	2	2.77e-33	152
CFAV-Macapa2_Brazil_2017	SRA:SRX1621254.11054905.1	96.703	91	3	0	3470	3560	2	92	2.77e-33	152
CFAV-Macapa2_Brazil_2017	SRA:SRX1621254.7216100.1	96.703	91	3	0	509	599	91	1	2.77e-33	152
CFAV-Macapa2_Brazil_2017	SRA:SRX1621254.6221381.1	96.703	91	3	0	2904	2994	92	2	2.77e-33	152
CFAV-Macapa2_Brazil_2017	SRA:SRX1621254.4965290.1	96.703	91	3	0	3208	3298	1	91	2.77e-33	152
CFAV-Macapa2_Brazil_2017	SRA:SRX1621254.2510272.1	96.703	91	3	0	3173	3263	91	1	2.77e-33	152
CFAV-Macapa2_Brazil_2017	SRA:SRX1621254.11206423.1	96.667	90	3	0	2752	2841	92	3	9.96e-33	150
CFAV-Macapa2_Brazil_2017	SRA:SRX1621254.3404060.1	96.667	90	3	0	2210	2299	3	92	9.96e-33	150
CFAV-Macapa2_Brazil_2017	SRA:SRX1621254.1991893.1	96.667	90	3	0	805	894	92	3	9.96e-33	150
CFAV-Macapa2_Brazil_2017	SRA:SRX1621254.34410112.1	95.652	92	4	0	478	569	1	92	3.58e-32	148
CFAV-Macapa2_Brazil_2017	SRA:SRX1621254.34172242.1	95.652	92	4	0	3354	3445	1	92	3.58e-32	148
CFAV-Macapa2_Brazil_2017	SRA:SRX1621254.33580369.1	95.652	92	4	0	1731	1822	92	1	3.58e-32	148
CFAV-Macapa2_Brazil_2017	SRA:SRX1621254.33234966.1	95.652	92	4	0	1738	1829	92	1	3.58e-32	148
CFAV-Macapa2_Brazil_2017	SRA:SRX1621254.32287528.1	95.652	92	4	0	1395	1486	92	1	3.58e-32	148
CFAV-Macapa2_Brazil_2017	SRA:SRX1621254.31620775.1	95.652	92	4	0	1710	1801	92	1	3.58e-32	148
CFAV-Macapa2_Brazil_2017	SRA:SRX1621254.30138595.1	95.652	92	4	0	1391	1482	92	1	3.58e-32	148
CFAV-Macapa2_Brazil_2017	SRA:SRX1621254.29220989.1	96.629	89	3	0	3470	3558	89	1	3.58e-32	148
CFAV-Macapa2_Brazil_2017	SRA:SRX1621254.29153341.1	95.652	92	4	0	3462	3553	92	1	3.58e-32	148
CFAV-Macapa2_Brazil_2017	SRA:SRX1621254.29054241.1	96.629	89	3	0	890	978	89	1	3.58e-32	148
CFAV-Macapa2_Brazil_2017	SRA:SRX1621254.28482113.1	95.652	92	4	0	2754	2845	1	92	3.58e-32	148
CFAV-Macapa2_Brazil_2017	SRA:SRX1621254.28229688.1	95.652	92	4	0	3336	3427	92	1	3.58e-32	148
CFAV-Macapa2_Brazil_2017	SRA:SRX1621254.27343632.1	95.652	92	4	0	1396	1487	92	1	3.58e-32	148
CFAV-Macapa2_Brazil_2017	SRA:SRX1621254.26604772.1	95.652	92	4	0	686	777	1	92	3.58e-32	148
CFAV-Macapa2_Brazil_2017	SRA:SRX1621254.26596946.1	95.652	92	4	0	1716	1807	92	1	3.58e-32	148
CFAV-Macapa2_Brazil_2017	SRA:SRX1621254.26081287.1	95.652	92	4	0	675	766	92	1	3.58e-32	148
CFAV-Macapa2_Brazil_2017	SRA:SRX1621254.25255015.1	95.652	92	4	0	1052	1143	1	92	3.58e-32	148
CFAV-Macapa2_Brazil_2017	SRA:SRX1621254.23987462.1	95.652	92	4	0	3462	3553	92	1	3.58e-32	148
CFAV-Macapa2_Brazil_2017	SRA:SRX1621254.23699805.1	95.652	92	4	0	3404	3495	1	92	3.58e-32	148
CFAV-Macapa2_Brazil_2017	SRA:SRX1621254.23393125.1	95.652	92	4	0	1267	1358	1	92	3.58e-32	148
CFAV-Macapa2_Brazil_2017	SRA:SRX1621254.20795113.1	95.652	92	4	0	3454	3545	92	1	3.58e-32	148
CFAV-Macapa2_Brazil_2017	SRA:SRX1621254.20495270.1	95.652	92	4	0	1715	1806	92	1	3.58e-32	148
CFAV-Macapa2_Brazil_2017	SRA:SRX1621254.19141299.1	95.652	92	4	0	383	474	92	1	3.58e-32	148
CFAV-Macapa2_Brazil_2017	SRA:SRX1621254.17033838.1	95.652	92	4	0	1710	1801	1	92	3.58e-32	148
CFAV-Macapa2_Brazil_2017	SRA:SRX1621254.15149946.1	95.652	92	4	0	1798	1889	92	1	3.58e-32	148
CFAV-Macapa2_Brazil_2017	SRA:SRX1621254.14736079.1	95.652	92	4	0	2760	2851	92	1	3.58e-32	148
CFAV-Macapa2_Brazil_2017	SRA:SRX1621254.14332269.1	95.652	92	4	0	2195	2286	1	92	3.58e-32	148
CFAV-Macapa2_Brazil_2017	SRA:SRX1621254.13106571.1	95.652	92	4	0	1710	1801	92	1	3.58e-32	148
CFAV-Macapa2_Brazil_2017	SRA:SRX1621254.11517129.1	95.652	92	4	0	2238	2329	1	92	3.58e-32	148
CFAV-Macapa2_Brazil_2017	SRA:SRX1621254.9469863.1	95.652	92	4	0	1403	1494	1	92	3.58e-32	148
CFAV-Macapa2_Brazil_2017	SRA:SRX1621254.8011946.1	95.652	92	4	0	1052	1143	1	92	3.58e-32	148
CFAV-Macapa2_Brazil_2017	SRA:SRX1621254.7552377.1	95.652	92	4	0	1716	1807	92	1	3.58e-32	148
CFAV-Macapa2_Brazil_2017	SRA:SRX1621254.7280613.1	95.652	92	4	0	384	475	92	1	3.58e-32	148
CFAV-Macapa2_Brazil_2017	SRA:SRX1621254.5456018.1	95.652	92	4	0	806	897	92	1	3.58e-32	148
CFAV-Macapa2_Brazil_2017	SRA:SRX1621254.5427212.1	95.652	92	4	0	3462	3553	92	1	3.58e-32	148
CFAV-Macapa2_Brazil_2017	SRA:SRX1621254.4532716.1	95.652	92	4	0	1711	1802	92	1	3.58e-32	148
CFAV-Macapa2_Brazil_2017	SRA:SRX1621254.4330103.1	95.652	92	4	0	1398	1489	92	1	3.58e-32	148
CFAV-Macapa2_Brazil_2017	SRA:SRX1621254.2526081.1	95.652	92	4	0	673	764	1	92	3.58e-32	148
CFAV-Macapa2_Brazil_2017	SRA:SRX1621254.1692781.1	95.652	92	4	0	380	471	92	1	3.58e-32	148
CFAV-Macapa2_Brazil_2017	SRA:SRX1621254.1468953.1	95.652	92	4	0	478	569	1	92	3.58e-32	148
CFAV-Macapa2_Brazil_2017	SRA:SRX1621254.35312412.1	95.604	91	4	0	2012	2102	1	91	1.29e-31	147
CFAV-Macapa2_Brazil_2017	SRA:SRX1621254.20480070.1	95.604	91	4	0	1752	1842	92	2	1.29e-31	147
CFAV-Macapa2_Brazil_2017	SRA:SRX1621254.9939957.1	95.604	91	4	0	1752	1842	92	2	1.29e-31	147
CFAV-Macapa2_Brazil_2017	SRA:SRX1621254.403170.1	95.604	91	4	0	1757	1847	91	1	1.29e-31	147
CFAV-Macapa2_Brazil_2017	SRA:SRX1621254.32367682.1	95.556	90	4	0	3106	3195	92	3	4.63e-31	145
CFAV-Macapa2_Brazil_2017	SRA:SRX1621254.21852721.1	95.556	90	4	0	875	964	3	92	4.63e-31	145
CFAV-Macapa2_Brazil_2017	SRA:SRX1621254.17133610.1	95.556	90	4	0	1526	1615	3	92	4.63e-31	145
CFAV-Macapa2_Brazil_2017	SRA:SRX1621254.7065375.1	95.556	90	4	0	2179	2268	92	3	4.63e-31	145
CFAV-Macapa2_Brazil_2017	SRA:SRX1621254.31945678.1	94.565	92	5	0	1091	1182	1	92	1.67e-30	143
CFAV-Macapa2_Brazil_2017	SRA:SRX1621254.29007713.1	96.512	86	3	0	3086	3171	4	89	1.67e-30	143
CFAV-Macapa2_Brazil_2017	SRA:SRX1621254.25054192.1	94.565	92	5	0	2968	3059	92	1	1.67e-30	143
CFAV-Macapa2_Brazil_2017	SRA:SRX1621254.18734300.1	94.565	92	5	0	340	431	1	92	1.67e-30	143
CFAV-Macapa2_Brazil_2017	SRA:SRX1621254.11679285.1	94.565	92	5	0	2671	2762	92	1	1.67e-30	143
CFAV-Macapa2_Brazil_2017	SRA:SRX1621254.10479964.1	94.565	92	5	0	1049	1140	92	1	1.67e-30	143
CFAV-Macapa2_Brazil_2017	SRA:SRX1621254.9032970.1	95.506	89	4	0	4070	4158	1	89	1.67e-30	143
CFAV-Macapa2_Brazil_2017	SRA:SRX1621254.6735784.1	94.565	92	5	0	1083	1174	1	92	1.67e-30	143
CFAV-Macapa2_Brazil_2017	SRA:SRX1621254.875696.1	94.565	92	5	0	3013	3104	92	1	1.67e-30	143
CFAV-Macapa2_Brazil_2017	SRA:SRX1621254.339079.1	94.565	92	5	0	3033	3124	1	92	1.67e-30	143
CFAV-Macapa2_Brazil_2017	SRA:SRX1621254.11680133.1	95.402	87	4	0	1715	1801	87	1	2.16e-29	139
CFAV-Macapa2_Brazil_2017	SRA:SRX1621254.26134563.1	98.701	77	1	0	2884	2960	92	16	7.75e-29	137
CFAV-Macapa2_Brazil_2017	SRA:SRX1621254.23458842.1	93.478	92	6	0	834	925	92	1	7.75e-29	137
CFAV-Macapa2_Brazil_2017	SRA:SRX1621254.12789696.1	93.407	91	6	0	8554	8644	91	1	2.79e-28	135
CFAV-Macapa2_Brazil_2017	SRA:SRX1621254.33185994.1	92.391	92	7	0	2090	2181	92	1	3.61e-27	132
CFAV-Macapa2_Brazil_2017	SRA:SRX1621254.15520697.1	96.154	78	3	0	2370	2447	92	15	4.67e-26	128
CFAV-Macapa2_Brazil_2017	SRA:SRX1621254.2807736.1	98.148	54	1	0	323	376	54	1	4.73e-16	95.3
CFAV-KC_Cambodia_2015	SRA:SRX1621254.31405536.1	100.000	92	0	0	629	720	1	92	7.65e-39	171
CFAV-KC_Cambodia_2015	SRA:SRX1621254.26600470.1	100.000	92	0	0	624	715	1	92	7.65e-39	171
CFAV-KC_Cambodia_2015	SRA:SRX1621254.25255015.1	100.000	92	0	0	1063	1154	1	92	7.65e-39	171
CFAV-KC_Cambodia_2015	SRA:SRX1621254.23196766.1	100.000	92	0	0	3684	3775	92	1	7.65e-39	171
CFAV-KC_Cambodia_2015	SRA:SRX1621254.22096964.1	100.000	92	0	0	3684	3775	92	1	7.65e-39	171
CFAV-KC_Cambodia_2015	SRA:SRX1621254.19246306.1	100.000	92	0	0	638	729	1	92	7.65e-39	171
CFAV-KC_Cambodia_2015	SRA:SRX1621254.9144894.1	100.000	92	0	0	3676	3767	92	1	7.65e-39	171
CFAV-KC_Cambodia_2015	SRA:SRX1621254.8011946.1	100.000	92	0	0	1063	1154	1	92	7.65e-39	171
CFAV-KC_Cambodia_2015	SRA:SRX1621254.1594294.1	100.000	92	0	0	624	715	1	92	7.65e-39	171
CFAV-KC_Cambodia_2015	SRA:SRX1621254.26471825.1	100.000	91	0	0	2762	2852	92	2	2.75e-38	169
CFAV-KC_Cambodia_2015	SRA:SRX1621254.34814187.1	100.000	90	0	0	660	749	92	3	9.90e-38	167
CFAV-KC_Cambodia_2015	SRA:SRX1621254.11206423.1	100.000	90	0	0	2763	2852	92	3	9.90e-38	167
CFAV-KC_Cambodia_2015	SRA:SRX1621254.28482113.1	98.913	92	1	0	2765	2856	1	92	3.56e-37	165
CFAV-KC_Cambodia_2015	SRA:SRX1621254.23093508.1	98.913	92	1	0	3241	3332	1	92	3.56e-37	165
CFAV-KC_Cambodia_2015	SRA:SRX1621254.14736079.1	98.913	92	1	0	2771	2862	92	1	3.56e-37	165
CFAV-KC_Cambodia_2015	SRA:SRX1621254.13576106.1	98.913	92	1	0	3692	3783	92	1	3.56e-37	165
CFAV-KC_Cambodia_2015	SRA:SRX1621254.10479964.1	98.913	92	1	0	1060	1151	92	1	3.56e-37	165
CFAV-KC_Cambodia_2015	SRA:SRX1621254.1979179.1	98.913	92	1	0	663	754	92	1	3.56e-37	165
CFAV-KC_Cambodia_2015	SRA:SRX1621254.13050724.1	98.901	91	1	0	2810	2900	91	1	1.28e-36	163
CFAV-KC_Cambodia_2015	SRA:SRX1621254.190352.1	98.889	90	1	0	3585	3674	1	90	4.61e-36	161
CFAV-KC_Cambodia_2015	SRA:SRX1621254.36797365.1	97.826	92	2	0	954	1045	1	92	1.66e-35	159
CFAV-KC_Cambodia_2015	SRA:SRX1621254.35232040.1	97.826	92	2	0	3480	3571	1	92	1.66e-35	159
CFAV-KC_Cambodia_2015	SRA:SRX1621254.32492925.1	97.826	92	2	0	960	1051	1	92	1.66e-35	159
CFAV-KC_Cambodia_2015	SRA:SRX1621254.32282580.1	97.826	92	2	0	3315	3406	92	1	1.66e-35	159
CFAV-KC_Cambodia_2015	SRA:SRX1621254.31945678.1	97.826	92	2	0	1102	1193	1	92	1.66e-35	159
CFAV-KC_Cambodia_2015	SRA:SRX1621254.30200902.1	97.826	92	2	0	1568	1659	92	1	1.66e-35	159
CFAV-KC_Cambodia_2015	SRA:SRX1621254.29220989.1	97.826	92	2	0	3478	3569	92	1	1.66e-35	159
CFAV-KC_Cambodia_2015	SRA:SRX1621254.29153341.1	97.826	92	2	0	3473	3564	92	1	1.66e-35	159
CFAV-KC_Cambodia_2015	SRA:SRX1621254.28645851.1	97.826	92	2	0	2842	2933	1	92	1.66e-35	159
CFAV-KC_Cambodia_2015	SRA:SRX1621254.26949080.1	97.826	92	2	0	1363	1454	1	92	1.66e-35	159
CFAV-KC_Cambodia_2015	SRA:SRX1621254.26095328.1	97.826	92	2	0	3509	3600	1	92	1.66e-35	159
CFAV-KC_Cambodia_2015	SRA:SRX1621254.23987462.1	97.826	92	2	0	3473	3564	92	1	1.66e-35	159
CFAV-KC_Cambodia_2015	SRA:SRX1621254.23309400.1	97.826	92	2	0	959	1050	1	92	1.66e-35	159
CFAV-KC_Cambodia_2015	SRA:SRX1621254.22391761.1	97.826	92	2	0	3969	4060	92	1	1.66e-35	159
CFAV-KC_Cambodia_2015	SRA:SRX1621254.20592643.1	97.826	92	2	0	3619	3710	92	1	1.66e-35	159
CFAV-KC_Cambodia_2015	SRA:SRX1621254.16322093.1	97.826	92	2	0	613	704	92	1	1.66e-35	159
CFAV-KC_Cambodia_2015	SRA:SRX1621254.16288824.1	97.826	92	2	0	3258	3349	1	92	1.66e-35	159
CFAV-KC_Cambodia_2015	SRA:SRX1621254.15459078.1	97.826	92	2	0	956	1047	1	92	1.66e-35	159
CFAV-KC_Cambodia_2015	SRA:SRX1621254.14797659.1	97.826	92	2	0	990	1081	92	1	1.66e-35	159
CFAV-KC_Cambodia_2015	SRA:SRX1621254.11054905.1	97.826	92	2	0	3480	3571	1	92	1.66e-35	159
CFAV-KC_Cambodia_2015	SRA:SRX1621254.8858420.1	97.826	92	2	0	2815	2906	92	1	1.66e-35	159
CFAV-KC_Cambodia_2015	SRA:SRX1621254.8514615.1	97.826	92	2	0	2838	2929	92	1	1.66e-35	159
CFAV-KC_Cambodia_2015	SRA:SRX1621254.6735784.1	97.826	92	2	0	1094	1185	1	92	1.66e-35	159
CFAV-KC_Cambodia_2015	SRA:SRX1621254.6611622.1	97.826	92	2	0	3629	3720	1	92	1.66e-35	159
CFAV-KC_Cambodia_2015	SRA:SRX1621254.5427212.1	97.826	92	2	0	3473	3564	92	1	1.66e-35	159
CFAV-KC_Cambodia_2015	SRA:SRX1621254.3001043.1	97.826	92	2	0	3617	3708	92	1	1.66e-35	159
CFAV-KC_Cambodia_2015	SRA:SRX1621254.2341919.1	97.826	92	2	0	1235	1326	1	92	1.66e-35	159
CFAV-KC_Cambodia_2015	SRA:SRX1621254.29744660.1	97.802	91	2	0	2854	2944	2	92	5.96e-35	158
CFAV-KC_Cambodia_2015	SRA:SRX1621254.15372521.1	97.802	91	2	0	1942	2032	2	92	5.96e-35	158
CFAV-KC_Cambodia_2015	SRA:SRX1621254.14543124.1	97.802	91	2	0	2854	2944	2	92	5.96e-35	158
CFAV-KC_Cambodia_2015	SRA:SRX1621254.9032970.1	100.000	85	0	0	4081	4165	1	85	5.96e-35	158
CFAV-KC_Cambodia_2015	SRA:SRX1621254.8719067.1	97.802	91	2	0	1341	1431	91	1	5.96e-35	158
CFAV-KC_Cambodia_2015	SRA:SRX1621254.15298837.1	97.778	90	2	0	3535	3624	3	92	2.14e-34	156
CFAV-KC_Cambodia_2015	SRA:SRX1621254.36164236.1	96.739	92	3	0	2012	2103	92	1	7.71e-34	154
CFAV-KC_Cambodia_2015	SRA:SRX1621254.35594763.1	96.739	92	3	0	2610	2701	92	1	7.71e-34	154
CFAV-KC_Cambodia_2015	SRA:SRX1621254.35400270.1	96.739	92	3	0	2851	2942	1	92	7.71e-34	154
CFAV-KC_Cambodia_2015	SRA:SRX1621254.34938308.1	96.739	92	3	0	2313	2404	92	1	7.71e-34	154
CFAV-KC_Cambodia_2015	SRA:SRX1621254.34900968.1	96.739	92	3	0	2446	2537	1	92	7.71e-34	154
CFAV-KC_Cambodia_2015	SRA:SRX1621254.34659473.1	96.739	92	3	0	1175	1266	1	92	7.71e-34	154
CFAV-KC_Cambodia_2015	SRA:SRX1621254.34085186.1	96.739	92	3	0	1937	2028	1	92	7.71e-34	154
CFAV-KC_Cambodia_2015	SRA:SRX1621254.33374615.1	98.837	86	1	0	1837	1922	1	86	7.71e-34	154
CFAV-KC_Cambodia_2015	SRA:SRX1621254.30745869.1	96.739	92	3	0	1270	1361	1	92	7.71e-34	154
CFAV-KC_Cambodia_2015	SRA:SRX1621254.29054241.1	96.739	92	3	0	898	989	92	1	7.71e-34	154
CFAV-KC_Cambodia_2015	SRA:SRX1621254.29007713.1	96.739	92	3	0	3094	3185	1	92	7.71e-34	154
CFAV-KC_Cambodia_2015	SRA:SRX1621254.28521656.1	96.739	92	3	0	2598	2689	92	1	7.71e-34	154
CFAV-KC_Cambodia_2015	SRA:SRX1621254.28229688.1	96.739	92	3	0	3347	3438	92	1	7.71e-34	154
CFAV-KC_Cambodia_2015	SRA:SRX1621254.27804212.1	96.739	92	3	0	796	887	92	1	7.71e-34	154
CFAV-KC_Cambodia_2015	SRA:SRX1621254.27007191.1	96.739	92	3	0	2294	2385	92	1	7.71e-34	154
CFAV-KC_Cambodia_2015	SRA:SRX1621254.25312532.1	96.739	92	3	0	1209	1300	92	1	7.71e-34	154
CFAV-KC_Cambodia_2015	SRA:SRX1621254.24443747.1	96.739	92	3	0	1519	1610	1	92	7.71e-34	154
CFAV-KC_Cambodia_2015	SRA:SRX1621254.22024496.1	96.739	92	3	0	2289	2380	1	92	7.71e-34	154
CFAV-KC_Cambodia_2015	SRA:SRX1621254.21852721.1	96.739	92	3	0	884	975	1	92	7.71e-34	154
CFAV-KC_Cambodia_2015	SRA:SRX1621254.20795113.1	96.739	92	3	0	3465	3556	92	1	7.71e-34	154
CFAV-KC_Cambodia_2015	SRA:SRX1621254.20283885.1	96.739	92	3	0	1935	2026	1	92	7.71e-34	154
CFAV-KC_Cambodia_2015	SRA:SRX1621254.18734300.1	96.739	92	3	0	351	442	1	92	7.71e-34	154
CFAV-KC_Cambodia_2015	SRA:SRX1621254.18361031.1	96.739	92	3	0	1309	1400	1	92	7.71e-34	154
CFAV-KC_Cambodia_2015	SRA:SRX1621254.16212003.1	96.739	92	3	0	804	895	92	1	7.71e-34	154
CFAV-KC_Cambodia_2015	SRA:SRX1621254.15424022.1	96.739	92	3	0	1590	1681	1	92	7.71e-34	154
CFAV-KC_Cambodia_2015	SRA:SRX1621254.15149946.1	96.739	92	3	0	1809	1900	92	1	7.71e-34	154
CFAV-KC_Cambodia_2015	SRA:SRX1621254.14332269.1	96.739	92	3	0	2206	2297	1	92	7.71e-34	154
CFAV-KC_Cambodia_2015	SRA:SRX1621254.11517129.1	96.739	92	3	0	2249	2340	1	92	7.71e-34	154
CFAV-KC_Cambodia_2015	SRA:SRX1621254.10878390.1	96.739	92	3	0	678	769	1	92	7.71e-34	154
CFAV-KC_Cambodia_2015	SRA:SRX1621254.6413378.1	96.739	92	3	0	1933	2024	1	92	7.71e-34	154
CFAV-KC_Cambodia_2015	SRA:SRX1621254.5893806.1	96.739	92	3	0	3494	3585	1	92	7.71e-34	154
CFAV-KC_Cambodia_2015	SRA:SRX1621254.5428499.1	96.739	92	3	0	2610	2701	92	1	7.71e-34	154
CFAV-KC_Cambodia_2015	SRA:SRX1621254.4209428.1	97.753	89	2	0	1342	1430	89	1	7.71e-34	154
CFAV-KC_Cambodia_2015	SRA:SRX1621254.2526081.1	96.739	92	3	0	684	775	1	92	7.71e-34	154
CFAV-KC_Cambodia_2015	SRA:SRX1621254.1692781.1	96.739	92	3	0	391	482	92	1	7.71e-34	154
CFAV-KC_Cambodia_2015	SRA:SRX1621254.1292671.1	96.739	92	3	0	2865	2956	92	1	7.71e-34	154
CFAV-KC_Cambodia_2015	SRA:SRX1621254.35312412.1	96.703	91	3	0	2023	2113	1	91	2.77e-33	152
CFAV-KC_Cambodia_2015	SRA:SRX1621254.32420811.1	96.703	91	3	0	1370	1460	2	92	2.77e-33	152
CFAV-KC_Cambodia_2015	SRA:SRX1621254.4965290.1	96.703	91	3	0	3219	3309	1	91	2.77e-33	152
CFAV-KC_Cambodia_2015	SRA:SRX1621254.26081287.1	96.667	90	3	0	686	775	92	3	9.97e-33	150
CFAV-KC_Cambodia_2015	SRA:SRX1621254.1991893.1	96.667	90	3	0	816	905	92	3	9.97e-33	150
CFAV-KC_Cambodia_2015	SRA:SRX1621254.36671751.1	95.652	92	4	0	2425	2516	92	1	3.59e-32	148
CFAV-KC_Cambodia_2015	SRA:SRX1621254.35142847.1	95.652	92	4	0	3437	3528	92	1	3.59e-32	148
CFAV-KC_Cambodia_2015	SRA:SRX1621254.32367682.1	95.652	92	4	0	3117	3208	92	1	3.59e-32	148
CFAV-KC_Cambodia_2015	SRA:SRX1621254.31469759.1	95.652	92	4	0	2173	2264	1	92	3.59e-32	148
CFAV-KC_Cambodia_2015	SRA:SRX1621254.29177817.1	95.652	92	4	0	2425	2516	92	1	3.59e-32	148
CFAV-KC_Cambodia_2015	SRA:SRX1621254.25107436.1	96.629	89	3	0	2449	2537	1	89	3.59e-32	148
CFAV-KC_Cambodia_2015	SRA:SRX1621254.23458842.1	95.652	92	4	0	845	936	92	1	3.59e-32	148
CFAV-KC_Cambodia_2015	SRA:SRX1621254.23393125.1	95.652	92	4	0	1278	1369	1	92	3.59e-32	148
CFAV-KC_Cambodia_2015	SRA:SRX1621254.19141299.1	95.652	92	4	0	394	485	92	1	3.59e-32	148
CFAV-KC_Cambodia_2015	SRA:SRX1621254.18023310.1	95.652	92	4	0	459	550	1	92	3.59e-32	148
CFAV-KC_Cambodia_2015	SRA:SRX1621254.14631321.1	95.652	92	4	0	2892	2983	92	1	3.59e-32	148
CFAV-KC_Cambodia_2015	SRA:SRX1621254.14174457.1	95.652	92	4	0	3432	3523	1	92	3.59e-32	148
CFAV-KC_Cambodia_2015	SRA:SRX1621254.13809964.1	95.652	92	4	0	2420	2511	92	1	3.59e-32	148
CFAV-KC_Cambodia_2015	SRA:SRX1621254.10969829.1	96.629	89	3	0	784	872	89	1	3.59e-32	148
CFAV-KC_Cambodia_2015	SRA:SRX1621254.7280613.1	95.652	92	4	0	395	486	92	1	3.59e-32	148
CFAV-KC_Cambodia_2015	SRA:SRX1621254.7065375.1	95.652	92	4	0	2190	2281	92	1	3.59e-32	148
CFAV-KC_Cambodia_2015	SRA:SRX1621254.7056802.1	95.652	92	4	0	1148	1239	1	92	3.59e-32	148
CFAV-KC_Cambodia_2015	SRA:SRX1621254.5456018.1	95.652	92	4	0	817	908	92	1	3.59e-32	148
CFAV-KC_Cambodia_2015	SRA:SRX1621254.3404060.1	95.652	92	4	0	2219	2310	1	92	3.59e-32	148
CFAV-KC_Cambodia_2015	SRA:SRX1621254.2510272.1	95.652	92	4	0	3183	3274	92	1	3.59e-32	148
CFAV-KC_Cambodia_2015	SRA:SRX1621254.1286234.1	95.652	92	4	0	2477	2568	92	1	3.59e-32	148
CFAV-KC_Cambodia_2015	SRA:SRX1621254.17329403.1	95.604	91	4	0	2657	2747	92	2	1.29e-31	147
CFAV-KC_Cambodia_2015	SRA:SRX1621254.17321545.1	95.604	91	4	0	2560	2650	91	1	1.29e-31	147
CFAV-KC_Cambodia_2015	SRA:SRX1621254.12789696.1	95.604	91	4	0	8565	8655	91	1	1.29e-31	147
CFAV-KC_Cambodia_2015	SRA:SRX1621254.34172242.1	95.556	90	4	0	3367	3456	3	92	4.64e-31	145
CFAV-KC_Cambodia_2015	SRA:SRX1621254.27659759.1	95.556	90	4	0	1608	1697	1	90	4.64e-31	145
CFAV-KC_Cambodia_2015	SRA:SRX1621254.23737755.1	95.556	90	4	0	1608	1697	1	90	4.64e-31	145
CFAV-KC_Cambodia_2015	SRA:SRX1621254.17133610.1	95.556	90	4	0	1537	1626	3	92	4.64e-31	145
CFAV-KC_Cambodia_2015	SRA:SRX1621254.3571482.1	96.552	87	3	0	2235	2321	1	87	4.64e-31	145
CFAV-KC_Cambodia_2015	SRA:SRX1621254.32664786.1	95.506	89	4	0	1609	1697	1	89	1.67e-30	143
CFAV-KC_Cambodia_2015	SRA:SRX1621254.32287528.1	94.565	92	5	0	1406	1497	92	1	1.67e-30	143
CFAV-KC_Cambodia_2015	SRA:SRX1621254.32036464.1	95.506	89	4	0	2905	2993	91	3	1.67e-30	143
CFAV-KC_Cambodia_2015	SRA:SRX1621254.31026077.1	97.590	83	2	0	2347	2429	1	83	1.67e-30	143
CFAV-KC_Cambodia_2015	SRA:SRX1621254.30138595.1	94.565	92	5	0	1402	1493	92	1	1.67e-30	143
CFAV-KC_Cambodia_2015	SRA:SRX1621254.27961828.1	94.565	92	5	0	2164	2255	92	1	1.67e-30	143
CFAV-KC_Cambodia_2015	SRA:SRX1621254.27343632.1	94.565	92	5	0	1407	1498	92	1	1.67e-30	143
CFAV-KC_Cambodia_2015	SRA:SRX1621254.26098910.1	94.565	92	5	0	1855	1946	92	1	1.67e-30	143
CFAV-KC_Cambodia_2015	SRA:SRX1621254.19252311.1	95.506	89	4	0	2905	2993	91	3	1.67e-30	143
CFAV-KC_Cambodia_2015	SRA:SRX1621254.18248186.1	94.565	92	5	0	2165	2256	92	1	1.67e-30	143
CFAV-KC_Cambodia_2015	SRA:SRX1621254.13236646.1	94.565	92	5	0	2358	2449	1	92	1.67e-30	143
CFAV-KC_Cambodia_2015	SRA:SRX1621254.10905901.1	95.506	89	4	0	2905	2993	91	3	1.67e-30	143
CFAV-KC_Cambodia_2015	SRA:SRX1621254.10042915.1	94.565	92	5	0	3173	3264	1	92	1.67e-30	143
CFAV-KC_Cambodia_2015	SRA:SRX1621254.9469863.1	94.565	92	5	0	1414	1505	1	92	1.67e-30	143
CFAV-KC_Cambodia_2015	SRA:SRX1621254.9044439.1	94.565	92	5	0	2907	2998	92	1	1.67e-30	143
CFAV-KC_Cambodia_2015	SRA:SRX1621254.7151362.1	94.565	92	5	0	3390	3481	92	1	1.67e-30	143
CFAV-KC_Cambodia_2015	SRA:SRX1621254.4330103.1	94.565	92	5	0	1409	1500	92	1	1.67e-30	143
CFAV-KC_Cambodia_2015	SRA:SRX1621254.33197360.1	96.471	85	3	0	1256	1340	1	85	6.00e-30	141
CFAV-KC_Cambodia_2015	SRA:SRX1621254.2527177.1	94.444	90	5	0	1419	1508	92	3	2.16e-29	139
CFAV-KC_Cambodia_2015	SRA:SRX1621254.33317250.1	93.478	92	6	0	718	809	1	92	7.76e-29	137
CFAV-KC_Cambodia_2015	SRA:SRX1621254.32312009.1	94.382	89	5	0	1885	1973	1	89	7.76e-29	137
CFAV-KC_Cambodia_2015	SRA:SRX1621254.30782609.1	93.478	92	6	0	699	790	92	1	7.76e-29	137
CFAV-KC_Cambodia_2015	SRA:SRX1621254.26604772.1	93.478	92	6	0	697	788	1	92	7.76e-29	137
CFAV-KC_Cambodia_2015	SRA:SRX1621254.26563751.1	93.478	92	6	0	1422	1513	92	1	7.76e-29	137
CFAV-KC_Cambodia_2015	SRA:SRX1621254.23699805.1	94.382	89	5	0	3415	3503	1	89	7.76e-29	137
CFAV-KC_Cambodia_2015	SRA:SRX1621254.19496257.1	93.478	92	6	0	726	817	1	92	7.76e-29	137
CFAV-KC_Cambodia_2015	SRA:SRX1621254.13744967.1	93.478	92	6	0	728	819	1	92	7.76e-29	137
CFAV-KC_Cambodia_2015	SRA:SRX1621254.11679285.1	93.478	92	6	0	2682	2773	92	1	7.76e-29	137
CFAV-KC_Cambodia_2015	SRA:SRX1621254.10020526.1	93.478	92	6	0	2720	2811	92	1	7.76e-29	137
CFAV-KC_Cambodia_2015	SRA:SRX1621254.5060588.1	93.478	92	6	0	705	796	1	92	7.76e-29	137
CFAV-KC_Cambodia_2015	SRA:SRX1621254.875696.1	93.478	92	6	0	3024	3115	92	1	7.76e-29	137
CFAV-KC_Cambodia_2015	SRA:SRX1621254.6902473.1	93.407	91	6	0	2063	2153	1	91	2.79e-28	135
CFAV-KC_Cambodia_2015	SRA:SRX1621254.34410112.1	93.407	91	5	1	489	579	1	90	1.00e-27	134
CFAV-KC_Cambodia_2015	SRA:SRX1621254.25054192.1	93.333	90	6	0	2979	3068	92	3	1.00e-27	134
CFAV-KC_Cambodia_2015	SRA:SRX1621254.1468953.1	93.407	91	5	1	489	579	1	90	1.00e-27	134
CFAV-KC_Cambodia_2015	SRA:SRX1621254.23243992.1	92.391	92	7	0	740	831	1	92	3.61e-27	132
CFAV-KC_Cambodia_2015	SRA:SRX1621254.2875713.1	93.258	89	6	0	751	839	89	1	3.61e-27	132
CFAV-KC_Cambodia_2015	SRA:SRX1621254.26336904.1	92.222	90	7	0	565	654	3	92	4.67e-26	128
CFAV-KC_Cambodia_2015	SRA:SRX1621254.1283068.1	98.611	72	1	0	1089	1160	73	2	4.67e-26	128
CFAV-KC_Cambodia_2015	SRA:SRX1621254.26134563.1	94.805	77	4	0	2895	2971	92	16	7.82e-24	121
CFAV-KC_Cambodia_2015	SRA:SRX1621254.2807736.1	100.000	54	0	0	334	387	54	1	1.02e-17	100
CFAV-KC_Cambodia_2015	SRA:SRX1621254.17586878.1	97.778	45	1	0	8704	8748	2	46	4.77e-11	78.7
CFAV-KC_Cambodia_2015	SRA:SRX1621254.8105898.1	97.619	42	1	0	8707	8748	1	42	2.22e-09	73.1
CFAV-KC_Cambodia_2015	SRA:SRX1621254.9133515.1	97.500	40	1	0	3747	3786	92	53	2.87e-08	69.4
CFAV-KC_Cambodia_2015	SRA:SRX1621254.6582773.1	100.000	34	0	0	334	367	34	1	1.34e-06	63.9
CFAV-Zik_Uganda_2016	SRA:SRX1621254.34659473.1	100.000	92	0	0	1175	1266	1	92	7.65e-39	171
CFAV-Zik_Uganda_2016	SRA:SRX1621254.31945678.1	100.000	92	0	0	1102	1193	1	92	7.65e-39	171
CFAV-Zik_Uganda_2016	SRA:SRX1621254.23196766.1	100.000	92	0	0	3684	3775	92	1	7.65e-39	171
CFAV-Zik_Uganda_2016	SRA:SRX1621254.22096964.1	100.000	92	0	0	3684	3775	92	1	7.65e-39	171
CFAV-Zik_Uganda_2016	SRA:SRX1621254.9144894.1	100.000	92	0	0	3676	3767	92	1	7.65e-39	171
CFAV-Zik_Uganda_2016	SRA:SRX1621254.7056802.1	100.000	92	0	0	1148	1239	1	92	7.65e-39	171
CFAV-Zik_Uganda_2016	SRA:SRX1621254.6735784.1	100.000	92	0	0	1094	1185	1	92	7.65e-39	171
CFAV-Zik_Uganda_2016	SRA:SRX1621254.32282580.1	100.000	91	0	0	3316	3406	91	1	2.75e-38	169
CFAV-Zik_Uganda_2016	SRA:SRX1621254.10042915.1	100.000	91	0	0	3173	3263	1	91	2.75e-38	169
CFAV-Zik_Uganda_2016	SRA:SRX1621254.190352.1	100.000	90	0	0	3585	3674	1	90	9.90e-38	167
CFAV-Zik_Uganda_2016	SRA:SRX1621254.36406436.1	98.913	92	1	0	802	893	1	92	3.56e-37	165
CFAV-Zik_Uganda_2016	SRA:SRX1621254.35142847.1	98.913	92	1	0	3437	3528	92	1	3.56e-37	165
CFAV-Zik_Uganda_2016	SRA:SRX1621254.32664786.1	98.913	92	1	0	1609	1700	1	92	3.56e-37	165
CFAV-Zik_Uganda_2016	SRA:SRX1621254.30200902.1	98.913	92	1	0	1568	1659	92	1	3.56e-37	165
CFAV-Zik_Uganda_2016	SRA:SRX1621254.29007713.1	98.913	92	1	0	3094	3185	1	92	3.56e-37	165
CFAV-Zik_Uganda_2016	SRA:SRX1621254.28229688.1	98.913	92	1	0	3347	3438	92	1	3.56e-37	165
CFAV-Zik_Uganda_2016	SRA:SRX1621254.27659759.1	98.913	92	1	0	1608	1699	1	92	3.56e-37	165
CFAV-Zik_Uganda_2016	SRA:SRX1621254.25054192.1	98.913	92	1	0	2979	3070	92	1	3.56e-37	165
CFAV-Zik_Uganda_2016	SRA:SRX1621254.23737755.1	98.913	92	1	0	1608	1699	1	92	3.56e-37	165
CFAV-Zik_Uganda_2016	SRA:SRX1621254.23458842.1	98.913	92	1	0	845	936	92	1	3.56e-37	165
CFAV-Zik_Uganda_2016	SRA:SRX1621254.22391761.1	98.913	92	1	0	3969	4060	92	1	3.56e-37	165
CFAV-Zik_Uganda_2016	SRA:SRX1621254.20592643.1	98.913	92	1	0	3619	3710	92	1	3.56e-37	165
CFAV-Zik_Uganda_2016	SRA:SRX1621254.16212003.1	98.913	92	1	0	804	895	92	1	3.56e-37	165
CFAV-Zik_Uganda_2016	SRA:SRX1621254.14174457.1	98.913	92	1	0	3432	3523	1	92	3.56e-37	165
CFAV-Zik_Uganda_2016	SRA:SRX1621254.13576106.1	98.913	92	1	0	3692	3783	92	1	3.56e-37	165
CFAV-Zik_Uganda_2016	SRA:SRX1621254.7151717.1	100.000	89	0	0	3162	3250	89	1	3.56e-37	165
CFAV-Zik_Uganda_2016	SRA:SRX1621254.6611622.1	98.913	92	1	0	3629	3720	1	92	3.56e-37	165
CFAV-Zik_Uganda_2016	SRA:SRX1621254.5456018.1	98.913	92	1	0	817	908	92	1	3.56e-37	165
CFAV-Zik_Uganda_2016	SRA:SRX1621254.3001043.1	98.913	92	1	0	3617	3708	92	1	3.56e-37	165
CFAV-Zik_Uganda_2016	SRA:SRX1621254.2510272.1	98.913	92	1	0	3183	3274	92	1	3.56e-37	165
CFAV-Zik_Uganda_2016	SRA:SRX1621254.1991893.1	98.913	92	1	0	816	907	92	1	3.56e-37	165
CFAV-Zik_Uganda_2016	SRA:SRX1621254.875696.1	98.913	92	1	0	3024	3115	92	1	3.56e-37	165
CFAV-Zik_Uganda_2016	SRA:SRX1621254.339079.1	98.913	92	1	0	3044	3135	1	92	3.56e-37	165
CFAV-Zik_Uganda_2016	SRA:SRX1621254.26471825.1	98.901	91	1	0	2762	2852	92	2	1.28e-36	163
CFAV-Zik_Uganda_2016	SRA:SRX1621254.18023310.1	98.901	91	1	0	460	550	2	92	1.28e-36	163
CFAV-Zik_Uganda_2016	SRA:SRX1621254.5060588.1	98.901	91	1	0	706	796	2	92	1.28e-36	163
CFAV-Zik_Uganda_2016	SRA:SRX1621254.4965290.1	98.901	91	1	0	3219	3309	1	91	1.28e-36	163
CFAV-Zik_Uganda_2016	SRA:SRX1621254.34814187.1	98.889	90	1	0	660	749	92	3	4.61e-36	161
CFAV-Zik_Uganda_2016	SRA:SRX1621254.15298837.1	98.889	90	1	0	3535	3624	3	92	4.61e-36	161
CFAV-Zik_Uganda_2016	SRA:SRX1621254.14736079.1	98.889	90	1	0	2773	2862	90	1	4.61e-36	161
CFAV-Zik_Uganda_2016	SRA:SRX1621254.11206423.1	98.889	90	1	0	2763	2852	92	3	4.61e-36	161
CFAV-Zik_Uganda_2016	SRA:SRX1621254.3571482.1	98.889	90	1	0	2235	2324	1	90	4.61e-36	161
CFAV-Zik_Uganda_2016	SRA:SRX1621254.36671751.1	97.826	92	2	0	2425	2516	92	1	1.66e-35	159
CFAV-Zik_Uganda_2016	SRA:SRX1621254.35232040.1	97.826	92	2	0	3480	3571	1	92	1.66e-35	159
CFAV-Zik_Uganda_2016	SRA:SRX1621254.34938308.1	97.826	92	2	0	2313	2404	92	1	1.66e-35	159
CFAV-Zik_Uganda_2016	SRA:SRX1621254.34900968.1	97.826	92	2	0	2446	2537	1	92	1.66e-35	159
CFAV-Zik_Uganda_2016	SRA:SRX1621254.34410112.1	97.826	92	2	0	489	580	1	92	1.66e-35	159
CFAV-Zik_Uganda_2016	SRA:SRX1621254.34172242.1	97.826	92	2	0	3365	3456	1	92	1.66e-35	159
CFAV-Zik_Uganda_2016	SRA:SRX1621254.33317250.1	97.826	92	2	0	718	809	1	92	1.66e-35	159
CFAV-Zik_Uganda_2016	SRA:SRX1621254.33185994.1	97.826	92	2	0	2101	2192	92	1	1.66e-35	159
CFAV-Zik_Uganda_2016	SRA:SRX1621254.32988297.1	97.826	92	2	0	804	895	92	1	1.66e-35	159
CFAV-Zik_Uganda_2016	SRA:SRX1621254.32367682.1	97.826	92	2	0	3117	3208	92	1	1.66e-35	159
CFAV-Zik_Uganda_2016	SRA:SRX1621254.32036464.1	97.826	92	2	0	2904	2995	92	1	1.66e-35	159
CFAV-Zik_Uganda_2016	SRA:SRX1621254.31405536.1	97.826	92	2	0	629	720	1	92	1.66e-35	159
CFAV-Zik_Uganda_2016	SRA:SRX1621254.31026077.1	97.826	92	2	0	2347	2438	1	92	1.66e-35	159
CFAV-Zik_Uganda_2016	SRA:SRX1621254.30782609.1	97.826	92	2	0	699	790	92	1	1.66e-35	159
CFAV-Zik_Uganda_2016	SRA:SRX1621254.29220989.1	97.826	92	2	0	3478	3569	92	1	1.66e-35	159
CFAV-Zik_Uganda_2016	SRA:SRX1621254.29177817.1	97.826	92	2	0	2425	2516	92	1	1.66e-35	159
CFAV-Zik_Uganda_2016	SRA:SRX1621254.29153341.1	97.826	92	2	0	3473	3564	92	1	1.66e-35	159
CFAV-Zik_Uganda_2016	SRA:SRX1621254.28482113.1	97.826	92	2	0	2765	2856	1	92	1.66e-35	159
CFAV-Zik_Uganda_2016	SRA:SRX1621254.27804212.1	98.876	89	1	0	799	887	89	1	1.66e-35	159
CFAV-Zik_Uganda_2016	SRA:SRX1621254.27007191.1	97.826	92	2	0	2294	2385	92	1	1.66e-35	159
CFAV-Zik_Uganda_2016	SRA:SRX1621254.26949080.1	97.826	92	2	0	1363	1454	1	92	1.66e-35	159
CFAV-Zik_Uganda_2016	SRA:SRX1621254.26604772.1	97.826	92	2	0	697	788	1	92	1.66e-35	159
CFAV-Zik_Uganda_2016	SRA:SRX1621254.26494074.1	97.826	92	2	0	2496	2587	92	1	1.66e-35	159
CFAV-Zik_Uganda_2016	SRA:SRX1621254.26095328.1	97.826	92	2	0	3509	3600	1	92	1.66e-35	159
CFAV-Zik_Uganda_2016	SRA:SRX1621254.26081287.1	97.826	92	2	0	686	777	92	1	1.66e-35	159
CFAV-Zik_Uganda_2016	SRA:SRX1621254.25312532.1	97.826	92	2	0	1209	1300	92	1	1.66e-35	159
CFAV-Zik_Uganda_2016	SRA:SRX1621254.25107436.1	97.826	92	2	0	2449	2540	1	92	1.66e-35	159
CFAV-Zik_Uganda_2016	SRA:SRX1621254.23987462.1	97.826	92	2	0	3473	3564	92	1	1.66e-35	159
CFAV-Zik_Uganda_2016	SRA:SRX1621254.23699805.1	97.826	92	2	0	3415	3506	1	92	1.66e-35	159
CFAV-Zik_Uganda_2016	SRA:SRX1621254.23243992.1	97.826	92	2	0	740	831	1	92	1.66e-35	159
CFAV-Zik_Uganda_2016	SRA:SRX1621254.22024496.1	97.826	92	2	0	2289	2380	1	92	1.66e-35	159
CFAV-Zik_Uganda_2016	SRA:SRX1621254.21852721.1	98.876	89	1	0	884	972	1	89	1.66e-35	159
CFAV-Zik_Uganda_2016	SRA:SRX1621254.20795113.1	97.826	92	2	0	3465	3556	92	1	1.66e-35	159
CFAV-Zik_Uganda_2016	SRA:SRX1621254.19496257.1	97.826	92	2	0	726	817	1	92	1.66e-35	159
CFAV-Zik_Uganda_2016	SRA:SRX1621254.19252311.1	97.826	92	2	0	2904	2995	92	1	1.66e-35	159
CFAV-Zik_Uganda_2016	SRA:SRX1621254.19246306.1	97.826	92	2	0	638	729	1	92	1.66e-35	159
CFAV-Zik_Uganda_2016	SRA:SRX1621254.18734300.1	97.826	92	2	0	351	442	1	92	1.66e-35	159
CFAV-Zik_Uganda_2016	SRA:SRX1621254.17321545.1	97.826	92	2	0	2559	2650	92	1	1.66e-35	159
CFAV-Zik_Uganda_2016	SRA:SRX1621254.15424022.1	97.826	92	2	0	1590	1681	1	92	1.66e-35	159
CFAV-Zik_Uganda_2016	SRA:SRX1621254.14797659.1	97.826	92	2	0	990	1081	92	1	1.66e-35	159
CFAV-Zik_Uganda_2016	SRA:SRX1621254.14631321.1	97.826	92	2	0	2892	2983	92	1	1.66e-35	159
CFAV-Zik_Uganda_2016	SRA:SRX1621254.13809964.1	97.826	92	2	0	2420	2511	92	1	1.66e-35	159
CFAV-Zik_Uganda_2016	SRA:SRX1621254.13744967.1	97.826	92	2	0	728	819	1	92	1.66e-35	159
CFAV-Zik_Uganda_2016	SRA:SRX1621254.13722451.1	97.826	92	2	0	3398	3489	92	1	1.66e-35	159
CFAV-Zik_Uganda_2016	SRA:SRX1621254.13236646.1	97.826	92	2	0	2358	2449	1	92	1.66e-35	159
CFAV-Zik_Uganda_2016	SRA:SRX1621254.11517129.1	97.826	92	2	0	2249	2340	1	92	1.66e-35	159
CFAV-Zik_Uganda_2016	SRA:SRX1621254.11054905.1	97.826	92	2	0	3480	3571	1	92	1.66e-35	159
CFAV-Zik_Uganda_2016	SRA:SRX1621254.10969829.1	97.826	92	2	0	781	872	92	1	1.66e-35	159
CFAV-Zik_Uganda_2016	SRA:SRX1621254.10905901.1	97.826	92	2	0	2904	2995	92	1	1.66e-35	159
CFAV-Zik_Uganda_2016	SRA:SRX1621254.10878390.1	97.826	92	2	0	678	769	1	92	1.66e-35	159
CFAV-Zik_Uganda_2016	SRA:SRX1621254.9044439.1	97.826	92	2	0	2907	2998	92	1	1.66e-35	159
CFAV-Zik_Uganda_2016	SRA:SRX1621254.7151362.1	97.826	92	2	0	3390	3481	92	1	1.66e-35	159
CFAV-Zik_Uganda_2016	SRA:SRX1621254.5893806.1	97.826	92	2	0	3494	3585	1	92	1.66e-35	159
CFAV-Zik_Uganda_2016	SRA:SRX1621254.5427212.1	97.826	92	2	0	3473	3564	92	1	1.66e-35	159
CFAV-Zik_Uganda_2016	SRA:SRX1621254.2875713.1	98.876	89	1	0	751	839	89	1	1.66e-35	159
CFAV-Zik_Uganda_2016	SRA:SRX1621254.2526081.1	97.826	92	2	0	684	775	1	92	1.66e-35	159
CFAV-Zik_Uganda_2016	SRA:SRX1621254.2341919.1	97.826	92	2	0	1235	1326	1	92	1.66e-35	159
CFAV-Zik_Uganda_2016	SRA:SRX1621254.1979179.1	97.826	92	2	0	663	754	92	1	1.66e-35	159
CFAV-Zik_Uganda_2016	SRA:SRX1621254.1468953.1	97.826	92	2	0	489	580	1	92	1.66e-35	159
CFAV-Zik_Uganda_2016	SRA:SRX1621254.1286234.1	97.826	92	2	0	2477	2568	92	1	1.66e-35	159
CFAV-Zik_Uganda_2016	SRA:SRX1621254.163464.1	97.826	92	2	0	3151	3242	92	1	1.66e-35	159
CFAV-Zik_Uganda_2016	SRA:SRX1621254.36797365.1	96.739	92	3	0	954	1045	1	92	7.71e-34	154
CFAV-Zik_Uganda_2016	SRA:SRX1621254.36164236.1	96.739	92	3	0	2012	2103	92	1	7.71e-34	154
CFAV-Zik_Uganda_2016	SRA:SRX1621254.32492925.1	96.739	92	3	0	960	1051	1	92	7.71e-34	154
CFAV-Zik_Uganda_2016	SRA:SRX1621254.32287528.1	96.739	92	3	0	1406	1497	92	1	7.71e-34	154
CFAV-Zik_Uganda_2016	SRA:SRX1621254.30745869.1	96.739	92	3	0	1270	1361	1	92	7.71e-34	154
CFAV-Zik_Uganda_2016	SRA:SRX1621254.30138595.1	96.739	92	3	0	1402	1493	92	1	7.71e-34	154
CFAV-Zik_Uganda_2016	SRA:SRX1621254.29054241.1	96.739	92	3	0	898	989	92	1	7.71e-34	154
CFAV-Zik_Uganda_2016	SRA:SRX1621254.27343632.1	96.739	92	3	0	1407	1498	92	1	7.71e-34	154
CFAV-Zik_Uganda_2016	SRA:SRX1621254.26600470.1	96.739	92	3	0	624	715	1	92	7.71e-34	154
CFAV-Zik_Uganda_2016	SRA:SRX1621254.26563751.1	96.739	92	3	0	1422	1513	92	1	7.71e-34	154
CFAV-Zik_Uganda_2016	SRA:SRX1621254.25255015.1	96.739	92	3	0	1063	1154	1	92	7.71e-34	154
CFAV-Zik_Uganda_2016	SRA:SRX1621254.24584912.1	96.739	92	3	0	1665	1756	1	92	7.71e-34	154
CFAV-Zik_Uganda_2016	SRA:SRX1621254.24443747.1	96.739	92	3	0	1519	1610	1	92	7.71e-34	154
CFAV-Zik_Uganda_2016	SRA:SRX1621254.23309400.1	96.739	92	3	0	959	1050	1	92	7.71e-34	154
CFAV-Zik_Uganda_2016	SRA:SRX1621254.23093508.1	96.739	92	3	0	3241	3332	1	92	7.71e-34	154
CFAV-Zik_Uganda_2016	SRA:SRX1621254.20480070.1	96.739	92	3	0	1763	1854	92	1	7.71e-34	154
CFAV-Zik_Uganda_2016	SRA:SRX1621254.16322093.1	96.739	92	3	0	613	704	92	1	7.71e-34	154
CFAV-Zik_Uganda_2016	SRA:SRX1621254.16288824.1	96.739	92	3	0	3258	3349	1	92	7.71e-34	154
CFAV-Zik_Uganda_2016	SRA:SRX1621254.15459078.1	96.739	92	3	0	956	1047	1	92	7.71e-34	154
CFAV-Zik_Uganda_2016	SRA:SRX1621254.15372521.1	96.739	92	3	0	1941	2032	1	92	7.71e-34	154
CFAV-Zik_Uganda_2016	SRA:SRX1621254.9939957.1	96.739	92	3	0	1763	1854	92	1	7.71e-34	154
CFAV-Zik_Uganda_2016	SRA:SRX1621254.9469863.1	96.739	92	3	0	1414	1505	1	92	7.71e-34	154
CFAV-Zik_Uganda_2016	SRA:SRX1621254.8858420.1	96.739	92	3	0	2815	2906	92	1	7.71e-34	154
CFAV-Zik_Uganda_2016	SRA:SRX1621254.8011946.1	96.739	92	3	0	1063	1154	1	92	7.71e-34	154
CFAV-Zik_Uganda_2016	SRA:SRX1621254.7953103.1	96.739	92	3	0	1671	1762	92	1	7.71e-34	154
CFAV-Zik_Uganda_2016	SRA:SRX1621254.6221381.1	96.739	92	3	0	2915	3006	92	1	7.71e-34	154
CFAV-Zik_Uganda_2016	SRA:SRX1621254.4330103.1	96.739	92	3	0	1409	1500	92	1	7.71e-34	154
CFAV-Zik_Uganda_2016	SRA:SRX1621254.4209428.1	96.739	92	3	0	1339	1430	92	1	7.71e-34	154
CFAV-Zik_Uganda_2016	SRA:SRX1621254.3893702.1	96.739	92	3	0	1682	1773	92	1	7.71e-34	154
CFAV-Zik_Uganda_2016	SRA:SRX1621254.3404060.1	96.739	92	3	0	2219	2310	1	92	7.71e-34	154
CFAV-Zik_Uganda_2016	SRA:SRX1621254.2527177.1	96.739	92	3	0	1419	1510	92	1	7.71e-34	154
CFAV-Zik_Uganda_2016	SRA:SRX1621254.1594294.1	96.739	92	3	0	624	715	1	92	7.71e-34	154
CFAV-Zik_Uganda_2016	SRA:SRX1621254.1292671.1	96.739	92	3	0	2865	2956	92	1	7.71e-34	154
CFAV-Zik_Uganda_2016	SRA:SRX1621254.403170.1	96.739	92	3	0	1767	1858	92	1	7.71e-34	154
CFAV-Zik_Uganda_2016	SRA:SRX1621254.35312412.1	96.703	91	3	0	2023	2113	1	91	2.77e-33	152
CFAV-Zik_Uganda_2016	SRA:SRX1621254.32420811.1	96.703	91	3	0	1370	1460	2	92	2.77e-33	152
CFAV-Zik_Uganda_2016	SRA:SRX1621254.29744660.1	96.703	91	3	0	2854	2944	2	92	2.77e-33	152
CFAV-Zik_Uganda_2016	SRA:SRX1621254.14543124.1	96.703	91	3	0	2854	2944	2	92	2.77e-33	152
CFAV-Zik_Uganda_2016	SRA:SRX1621254.13050724.1	96.703	91	3	0	2810	2900	91	1	2.77e-33	152
CFAV-Zik_Uganda_2016	SRA:SRX1621254.12789696.1	96.703	91	3	0	8565	8655	91	1	2.77e-33	152
CFAV-Zik_Uganda_2016	SRA:SRX1621254.7216100.1	96.703	91	3	0	520	610	91	1	2.77e-33	152
CFAV-Zik_Uganda_2016	SRA:SRX1621254.28521656.1	96.667	90	3	0	2598	2687	92	3	9.97e-33	150
CFAV-Zik_Uganda_2016	SRA:SRX1621254.17133610.1	96.667	90	3	0	1537	1626	3	92	9.97e-33	150
CFAV-Zik_Uganda_2016	SRA:SRX1621254.8719067.1	96.667	90	3	0	1342	1431	90	1	9.97e-33	150
CFAV-Zik_Uganda_2016	SRA:SRX1621254.35400270.1	95.652	92	4	0	2851	2942	1	92	3.59e-32	148
CFAV-Zik_Uganda_2016	SRA:SRX1621254.33374615.1	95.652	92	4	0	1837	1928	1	92	3.59e-32	148
CFAV-Zik_Uganda_2016	SRA:SRX1621254.32312009.1	95.652	92	4	0	1885	1976	1	92	3.59e-32	148
CFAV-Zik_Uganda_2016	SRA:SRX1621254.28645851.1	95.652	92	4	0	2842	2933	1	92	3.59e-32	148
CFAV-Zik_Uganda_2016	SRA:SRX1621254.26098910.1	95.652	92	4	0	1855	1946	92	1	3.59e-32	148
CFAV-Zik_Uganda_2016	SRA:SRX1621254.23393125.1	95.652	92	4	0	1278	1369	1	92	3.59e-32	148
CFAV-Zik_Uganda_2016	SRA:SRX1621254.19141299.1	95.652	92	4	0	394	485	92	1	3.59e-32	148
CFAV-Zik_Uganda_2016	SRA:SRX1621254.18361031.1	95.652	92	4	0	1309	1400	1	92	3.59e-32	148
CFAV-Zik_Uganda_2016	SRA:SRX1621254.14332269.1	95.699	93	3	1	2205	2297	1	92	3.59e-32	148
CFAV-Zik_Uganda_2016	SRA:SRX1621254.12391189.1	95.652	92	4	0	535	626	92	1	3.59e-32	148
CFAV-Zik_Uganda_2016	SRA:SRX1621254.10479964.1	95.652	92	4	0	1060	1151	92	1	3.59e-32	148
CFAV-Zik_Uganda_2016	SRA:SRX1621254.8514615.1	95.652	92	4	0	2838	2929	92	1	3.59e-32	148
CFAV-Zik_Uganda_2016	SRA:SRX1621254.7280613.1	95.652	92	4	0	395	486	92	1	3.59e-32	148
CFAV-Zik_Uganda_2016	SRA:SRX1621254.3441969.1	95.652	92	4	0	1463	1554	1	92	3.59e-32	148
CFAV-Zik_Uganda_2016	SRA:SRX1621254.1692781.1	95.652	92	4	0	391	482	92	1	3.59e-32	148
CFAV-Zik_Uganda_2016	SRA:SRX1621254.6902473.1	95.556	90	4	0	2065	2154	3	92	4.64e-31	145
CFAV-Zik_Uganda_2016	SRA:SRX1621254.33197360.1	96.512	86	3	0	1256	1341	1	86	1.67e-30	143
CFAV-Zik_Uganda_2016	SRA:SRX1621254.31469759.1	94.565	92	5	0	2173	2264	1	92	1.67e-30	143
CFAV-Zik_Uganda_2016	SRA:SRX1621254.28952793.1	94.565	92	5	0	1914	2005	1	92	1.67e-30	143
CFAV-Zik_Uganda_2016	SRA:SRX1621254.27961828.1	94.565	92	5	0	2164	2255	92	1	1.67e-30	143
CFAV-Zik_Uganda_2016	SRA:SRX1621254.18248186.1	94.565	92	5	0	2165	2256	92	1	1.67e-30	143
CFAV-Zik_Uganda_2016	SRA:SRX1621254.15149946.1	94.565	92	5	0	1809	1900	92	1	1.67e-30	143
CFAV-Zik_Uganda_2016	SRA:SRX1621254.35594763.1	94.505	91	5	0	2610	2700	92	2	6.00e-30	141
CFAV-Zik_Uganda_2016	SRA:SRX1621254.5428499.1	94.505	91	5	0	2610	2700	92	2	6.00e-30	141
CFAV-Zik_Uganda_2016	SRA:SRX1621254.20863371.1	94.444	90	5	0	1472	1561	1	90	2.16e-29	139
CFAV-Zik_Uganda_2016	SRA:SRX1621254.15520697.1	98.718	78	1	0	2381	2458	92	15	2.16e-29	139
CFAV-Zik_Uganda_2016	SRA:SRX1621254.13191619.1	93.478	92	6	0	1475	1566	92	1	7.76e-29	137
CFAV-Zik_Uganda_2016	SRA:SRX1621254.9222008.1	93.478	92	6	0	1473	1564	92	1	7.76e-29	137
CFAV-Zik_Uganda_2016	SRA:SRX1621254.9032970.1	94.382	89	5	0	4081	4169	1	89	7.76e-29	137
CFAV-Zik_Uganda_2016	SRA:SRX1621254.7065375.1	93.478	92	6	0	2190	2281	92	1	7.76e-29	137
CFAV-Zik_Uganda_2016	SRA:SRX1621254.17329403.1	93.407	91	6	0	2657	2747	92	2	2.79e-28	135
CFAV-Zik_Uganda_2016	SRA:SRX1621254.26134563.1	97.403	77	2	0	2895	2971	92	16	3.61e-27	132
CFAV-Zik_Uganda_2016	SRA:SRX1621254.15023469.1	92.391	92	7	0	1475	1566	92	1	3.61e-27	132
CFAV-Zik_Uganda_2016	SRA:SRX1621254.10020526.1	92.391	92	7	0	2720	2811	92	1	3.61e-27	132
CFAV-Zik_Uganda_2016	SRA:SRX1621254.1283068.1	98.649	74	0	1	1088	1161	73	1	1.30e-26	130
CFAV-Zik_Uganda_2016	SRA:SRX1621254.11679285.1	91.111	90	8	0	2682	2771	92	3	2.17e-24	122
CFAV-Zik_Uganda_2016	SRA:SRX1621254.2807736.1	100.000	54	0	0	334	387	54	1	1.02e-17	100
CFAV-Zik_Uganda_2016	SRA:SRX1621254.17586878.1	95.652	46	2	0	8703	8748	1	46	6.17e-10	75.0
CFAV-Zik_Uganda_2016	SRA:SRX1621254.9133515.1	97.500	40	1	0	3747	3786	92	53	2.87e-08	69.4
CFAV-Zik_Uganda_2016	SRA:SRX1621254.8105898.1	95.238	42	2	0	8707	8748	1	42	1.03e-07	67.6
CFAV-Zik_Uganda_2016	SRA:SRX1621254.6582773.1	100.000	34	0	0	334	367	34	1	1.34e-06	63.9
