CFAV-Bangkok_Thailand_2015	SRA:SRX1781442.38757401.1	100.000	73	0	0	3182	3254	1	73	2.19e-28	135
CFAV-Bangkok_Thailand_2015	SRA:SRX1781442.34506612.1	100.000	73	0	0	3196	3268	73	1	2.19e-28	135
CFAV-Bangkok_Thailand_2015	SRA:SRX1781442.31396366.1	100.000	73	0	0	2063	2135	73	1	2.19e-28	135
CFAV-Bangkok_Thailand_2015	SRA:SRX1781442.25204127.1	100.000	73	0	0	3217	3289	1	73	2.19e-28	135
CFAV-Bangkok_Thailand_2015	SRA:SRX1781442.22855068.1	100.000	73	0	0	1226	1298	73	1	2.19e-28	135
CFAV-Bangkok_Thailand_2015	SRA:SRX1781442.20363871.1	100.000	73	0	0	3643	3715	73	1	2.19e-28	135
CFAV-Bangkok_Thailand_2015	SRA:SRX1781442.4977854.1	100.000	73	0	0	3551	3623	1	73	2.19e-28	135
CFAV-Bangkok_Thailand_2015	SRA:SRX1781442.1857751.1	100.000	73	0	0	3544	3616	1	73	2.19e-28	135
CFAV-Bangkok_Thailand_2015	SRA:SRX1781442.35688236.1	100.000	72	0	0	3652	3723	72	1	7.87e-28	134
CFAV-Bangkok_Thailand_2015	SRA:SRX1781442.40046747.1	98.630	73	1	0	765	837	73	1	1.02e-26	130
CFAV-Bangkok_Thailand_2015	SRA:SRX1781442.38151150.1	98.630	73	1	0	807	879	1	73	1.02e-26	130
CFAV-Bangkok_Thailand_2015	SRA:SRX1781442.37562719.1	98.630	73	1	0	3240	3312	73	1	1.02e-26	130
CFAV-Bangkok_Thailand_2015	SRA:SRX1781442.37180989.1	98.630	73	1	0	795	867	73	1	1.02e-26	130
CFAV-Bangkok_Thailand_2015	SRA:SRX1781442.35014007.1	98.630	73	1	0	3233	3305	73	1	1.02e-26	130
CFAV-Bangkok_Thailand_2015	SRA:SRX1781442.34675450.1	98.630	73	1	0	2846	2918	73	1	1.02e-26	130
CFAV-Bangkok_Thailand_2015	SRA:SRX1781442.31138861.1	98.630	73	1	0	1387	1459	1	73	1.02e-26	130
CFAV-Bangkok_Thailand_2015	SRA:SRX1781442.26293841.1	98.630	73	1	0	991	1063	1	73	1.02e-26	130
CFAV-Bangkok_Thailand_2015	SRA:SRX1781442.25549133.1	98.630	73	1	0	3660	3732	73	1	1.02e-26	130
CFAV-Bangkok_Thailand_2015	SRA:SRX1781442.25333163.1	98.630	73	1	0	3295	3367	73	1	1.02e-26	130
CFAV-Bangkok_Thailand_2015	SRA:SRX1781442.24946469.1	98.630	73	1	0	1420	1492	1	73	1.02e-26	130
CFAV-Bangkok_Thailand_2015	SRA:SRX1781442.22335895.1	98.630	73	1	0	1560	1632	73	1	1.02e-26	130
CFAV-Bangkok_Thailand_2015	SRA:SRX1781442.20663567.1	98.630	73	1	0	1622	1694	73	1	1.02e-26	130
CFAV-Bangkok_Thailand_2015	SRA:SRX1781442.20456508.1	98.630	73	1	0	3611	3683	1	73	1.02e-26	130
CFAV-Bangkok_Thailand_2015	SRA:SRX1781442.17125649.1	98.630	73	1	0	1602	1674	73	1	1.02e-26	130
CFAV-Bangkok_Thailand_2015	SRA:SRX1781442.16189623.1	98.630	73	1	0	2285	2357	1	73	1.02e-26	130
CFAV-Bangkok_Thailand_2015	SRA:SRX1781442.5345095.1	98.630	73	1	0	3581	3653	1	73	1.02e-26	130
CFAV-Bangkok_Thailand_2015	SRA:SRX1781442.5073425.1	98.630	73	1	0	2071	2143	73	1	1.02e-26	130
CFAV-Bangkok_Thailand_2015	SRA:SRX1781442.923365.1	98.630	73	1	0	3592	3664	1	73	1.02e-26	130
CFAV-Bangkok_Thailand_2015	SRA:SRX1781442.109298.1	98.630	73	1	0	3560	3632	73	1	1.02e-26	130
CFAV-Bangkok_Thailand_2015	SRA:SRX1781442.2249242.1	98.611	72	1	0	3166	3237	72	1	3.66e-26	128
CFAV-Bangkok_Thailand_2015	SRA:SRX1781442.31601888.1	98.592	71	1	0	2528	2598	1	71	1.32e-25	126
CFAV-Bangkok_Thailand_2015	SRA:SRX1781442.17041780.1	98.592	71	1	0	3293	3363	3	73	1.32e-25	126
CFAV-Bangkok_Thailand_2015	SRA:SRX1781442.12704801.1	100.000	68	0	0	3433	3500	69	2	1.32e-25	126
CFAV-Bangkok_Thailand_2015	SRA:SRX1781442.2631566.1	98.592	71	1	0	3293	3363	3	73	1.32e-25	126
CFAV-Bangkok_Thailand_2015	SRA:SRX1781442.34886388.1	97.260	73	2	0	1283	1355	73	1	4.74e-25	124
CFAV-Bangkok_Thailand_2015	SRA:SRX1781442.33338787.1	97.260	73	2	0	1375	1447	73	1	4.74e-25	124
CFAV-Bangkok_Thailand_2015	SRA:SRX1781442.32506876.1	97.260	73	2	0	2316	2388	1	73	4.74e-25	124
CFAV-Bangkok_Thailand_2015	SRA:SRX1781442.30865953.1	97.260	73	2	0	650	722	73	1	4.74e-25	124
CFAV-Bangkok_Thailand_2015	SRA:SRX1781442.28978409.1	97.260	73	2	0	3324	3396	1	73	4.74e-25	124
CFAV-Bangkok_Thailand_2015	SRA:SRX1781442.27284520.1	97.260	73	2	0	2732	2804	73	1	4.74e-25	124
CFAV-Bangkok_Thailand_2015	SRA:SRX1781442.26984913.1	97.260	73	2	0	435	507	73	1	4.74e-25	124
CFAV-Bangkok_Thailand_2015	SRA:SRX1781442.25207573.1	97.260	73	2	0	3571	3643	1	73	4.74e-25	124
CFAV-Bangkok_Thailand_2015	SRA:SRX1781442.23409626.1	97.260	73	2	0	1630	1702	73	1	4.74e-25	124
CFAV-Bangkok_Thailand_2015	SRA:SRX1781442.21460850.1	97.260	73	2	0	2316	2388	1	73	4.74e-25	124
CFAV-Bangkok_Thailand_2015	SRA:SRX1781442.21279908.1	97.260	73	2	0	2055	2127	73	1	4.74e-25	124
CFAV-Bangkok_Thailand_2015	SRA:SRX1781442.21056059.1	97.260	73	2	0	3321	3393	1	73	4.74e-25	124
CFAV-Bangkok_Thailand_2015	SRA:SRX1781442.20506397.1	97.260	73	2	0	3065	3137	73	1	4.74e-25	124
CFAV-Bangkok_Thailand_2015	SRA:SRX1781442.19172214.1	97.260	73	2	0	365	437	73	1	4.74e-25	124
CFAV-Bangkok_Thailand_2015	SRA:SRX1781442.17184805.1	97.260	73	2	0	3445	3517	1	73	4.74e-25	124
CFAV-Bangkok_Thailand_2015	SRA:SRX1781442.14665986.1	97.260	73	2	0	402	474	1	73	4.74e-25	124
CFAV-Bangkok_Thailand_2015	SRA:SRX1781442.14127089.1	97.260	73	2	0	2397	2469	73	1	4.74e-25	124
CFAV-Bangkok_Thailand_2015	SRA:SRX1781442.13026125.1	97.260	73	2	0	2223	2295	73	1	4.74e-25	124
CFAV-Bangkok_Thailand_2015	SRA:SRX1781442.12206522.1	97.260	73	2	0	410	482	1	73	4.74e-25	124
CFAV-Bangkok_Thailand_2015	SRA:SRX1781442.11066224.1	97.260	73	2	0	819	891	1	73	4.74e-25	124
CFAV-Bangkok_Thailand_2015	SRA:SRX1781442.7446742.1	97.260	73	2	0	2264	2336	1	73	4.74e-25	124
CFAV-Bangkok_Thailand_2015	SRA:SRX1781442.5367846.1	97.260	73	2	0	690	762	1	73	4.74e-25	124
CFAV-Bangkok_Thailand_2015	SRA:SRX1781442.4894055.1	97.260	73	2	0	1283	1355	73	1	4.74e-25	124
CFAV-Bangkok_Thailand_2015	SRA:SRX1781442.2275956.1	97.260	73	2	0	1705	1777	73	1	4.74e-25	124
CFAV-Bangkok_Thailand_2015	SRA:SRX1781442.1556020.1	97.260	73	2	0	1091	1163	73	1	4.74e-25	124
CFAV-Bangkok_Thailand_2015	SRA:SRX1781442.1469968.1	97.260	73	2	0	1705	1777	73	1	4.74e-25	124
CFAV-Bangkok_Thailand_2015	SRA:SRX1781442.1266160.1	97.260	73	2	0	3665	3737	73	1	4.74e-25	124
CFAV-Bangkok_Thailand_2015	SRA:SRX1781442.931991.1	97.260	73	2	0	1442	1514	1	73	4.74e-25	124
CFAV-Bangkok_Thailand_2015	SRA:SRX1781442.35654787.1	97.222	72	2	0	2412	2483	1	72	1.70e-24	122
CFAV-Bangkok_Thailand_2015	SRA:SRX1781442.34597898.1	97.222	72	2	0	3511	3582	72	1	1.70e-24	122
CFAV-Bangkok_Thailand_2015	SRA:SRX1781442.3914864.1	97.222	72	2	0	3456	3527	2	73	1.70e-24	122
CFAV-Bangkok_Thailand_2015	SRA:SRX1781442.3754648.1	97.222	72	2	0	3407	3478	72	1	1.70e-24	122
CFAV-Bangkok_Thailand_2015	SRA:SRX1781442.39746327.1	97.183	71	2	0	1375	1445	3	73	6.13e-24	121
CFAV-Bangkok_Thailand_2015	SRA:SRX1781442.37123009.1	97.183	71	2	0	2731	2801	3	73	6.13e-24	121
CFAV-Bangkok_Thailand_2015	SRA:SRX1781442.17903751.1	97.183	71	2	0	2055	2125	73	3	6.13e-24	121
CFAV-Bangkok_Thailand_2015	SRA:SRX1781442.41359435.1	95.890	73	3	0	1847	1919	1	73	2.20e-23	119
CFAV-Bangkok_Thailand_2015	SRA:SRX1781442.40313580.1	95.890	73	3	0	2931	3003	1	73	2.20e-23	119
CFAV-Bangkok_Thailand_2015	SRA:SRX1781442.37472184.1	97.143	70	2	0	1898	1967	1	70	2.20e-23	119
CFAV-Bangkok_Thailand_2015	SRA:SRX1781442.32813632.1	95.890	73	3	0	839	911	73	1	2.20e-23	119
CFAV-Bangkok_Thailand_2015	SRA:SRX1781442.32483045.1	95.890	73	3	0	2806	2878	73	1	2.20e-23	119
CFAV-Bangkok_Thailand_2015	SRA:SRX1781442.31856244.1	97.143	70	2	0	1699	1768	70	1	2.20e-23	119
CFAV-Bangkok_Thailand_2015	SRA:SRX1781442.27109707.1	95.890	73	3	0	1848	1920	73	1	2.20e-23	119
CFAV-Bangkok_Thailand_2015	SRA:SRX1781442.27101541.1	95.890	73	3	0	839	911	73	1	2.20e-23	119
CFAV-Bangkok_Thailand_2015	SRA:SRX1781442.26576878.1	95.890	73	3	0	2792	2864	1	73	2.20e-23	119
CFAV-Bangkok_Thailand_2015	SRA:SRX1781442.24797266.1	95.890	73	3	0	2253	2325	73	1	2.20e-23	119
CFAV-Bangkok_Thailand_2015	SRA:SRX1781442.18164786.1	95.890	73	3	0	3156	3228	1	73	2.20e-23	119
CFAV-Bangkok_Thailand_2015	SRA:SRX1781442.16288909.1	95.890	73	3	0	594	666	73	1	2.20e-23	119
CFAV-Bangkok_Thailand_2015	SRA:SRX1781442.15861454.1	95.890	73	3	0	1848	1920	73	1	2.20e-23	119
CFAV-Bangkok_Thailand_2015	SRA:SRX1781442.12437694.1	95.890	73	3	0	1364	1436	73	1	2.20e-23	119
CFAV-Bangkok_Thailand_2015	SRA:SRX1781442.11436736.1	95.890	73	3	0	387	459	1	73	2.20e-23	119
CFAV-Bangkok_Thailand_2015	SRA:SRX1781442.8676679.1	95.890	73	3	0	946	1018	73	1	2.20e-23	119
CFAV-Bangkok_Thailand_2015	SRA:SRX1781442.4378973.1	95.890	73	3	0	1860	1932	1	73	2.20e-23	119
CFAV-Bangkok_Thailand_2015	SRA:SRX1781442.4200297.1	95.890	73	3	0	2253	2325	73	1	2.20e-23	119
CFAV-Bangkok_Thailand_2015	SRA:SRX1781442.2702336.1	95.890	73	3	0	387	459	1	73	2.20e-23	119
CFAV-Bangkok_Thailand_2015	SRA:SRX1781442.1082302.1	95.890	73	3	0	3140	3212	73	1	2.20e-23	119
CFAV-Bangkok_Thailand_2015	SRA:SRX1781442.423859.1	95.890	73	3	0	3154	3226	1	73	2.20e-23	119
CFAV-Bangkok_Thailand_2015	SRA:SRX1781442.274702.1	95.890	73	3	0	3102	3174	1	73	2.20e-23	119
CFAV-Bangkok_Thailand_2015	SRA:SRX1781442.37377011.1	95.833	72	3	0	1773	1844	73	2	7.93e-23	117
CFAV-Bangkok_Thailand_2015	SRA:SRX1781442.32453530.1	95.833	72	3	0	3105	3176	73	2	7.93e-23	117
CFAV-Bangkok_Thailand_2015	SRA:SRX1781442.30092415.1	95.833	72	3	0	2559	2630	2	73	7.93e-23	117
CFAV-Bangkok_Thailand_2015	SRA:SRX1781442.447243.1	95.833	72	3	0	3407	3478	72	1	7.93e-23	117
CFAV-Bangkok_Thailand_2015	SRA:SRX1781442.33874080.1	94.521	73	4	0	2022	2094	73	1	1.03e-21	113
CFAV-Bangkok_Thailand_2015	SRA:SRX1781442.30577558.1	94.521	73	4	0	2721	2793	73	1	1.03e-21	113
CFAV-Bangkok_Thailand_2015	SRA:SRX1781442.29070815.1	94.521	73	4	0	2033	2105	73	1	1.03e-21	113
CFAV-Bangkok_Thailand_2015	SRA:SRX1781442.25384957.1	94.521	73	4	0	2804	2876	73	1	1.03e-21	113
CFAV-Bangkok_Thailand_2015	SRA:SRX1781442.21336771.1	95.714	70	3	0	2122	2191	1	70	1.03e-21	113
CFAV-Bangkok_Thailand_2015	SRA:SRX1781442.20946554.1	94.521	73	4	0	2331	2403	1	73	1.03e-21	113
CFAV-Bangkok_Thailand_2015	SRA:SRX1781442.20547668.1	94.521	73	4	0	2709	2781	1	73	1.03e-21	113
CFAV-Bangkok_Thailand_2015	SRA:SRX1781442.18793035.1	94.521	73	4	0	3119	3191	73	1	1.03e-21	113
CFAV-Bangkok_Thailand_2015	SRA:SRX1781442.17680416.1	94.521	73	4	0	2037	2109	73	1	1.03e-21	113
CFAV-Bangkok_Thailand_2015	SRA:SRX1781442.17061371.1	94.521	73	4	0	522	594	73	1	1.03e-21	113
CFAV-Bangkok_Thailand_2015	SRA:SRX1781442.9341189.1	94.521	73	4	0	2718	2790	1	73	1.03e-21	113
CFAV-Bangkok_Thailand_2015	SRA:SRX1781442.8323302.1	94.521	73	4	0	2709	2781	1	73	1.03e-21	113
CFAV-Bangkok_Thailand_2015	SRA:SRX1781442.8063829.1	94.521	73	4	0	3498	3570	73	1	1.03e-21	113
CFAV-Bangkok_Thailand_2015	SRA:SRX1781442.7434160.1	97.015	67	2	0	2867	2933	1	67	1.03e-21	113
CFAV-Bangkok_Thailand_2015	SRA:SRX1781442.2531962.1	95.714	70	3	0	1474	1543	1	70	1.03e-21	113
CFAV-Bangkok_Thailand_2015	SRA:SRX1781442.2059472.1	94.521	73	4	0	2692	2764	73	1	1.03e-21	113
CFAV-Bangkok_Thailand_2015	SRA:SRX1781442.29840670.1	94.444	72	4	0	1980	2051	1	72	3.69e-21	111
CFAV-Bangkok_Thailand_2015	SRA:SRX1781442.26288230.1	94.444	72	4	0	1980	2051	73	2	3.69e-21	111
CFAV-Bangkok_Thailand_2015	SRA:SRX1781442.23295392.1	94.444	72	4	0	1974	2045	73	2	3.69e-21	111
CFAV-Bangkok_Thailand_2015	SRA:SRX1781442.18032306.1	94.444	72	4	0	2028	2099	2	73	3.69e-21	111
CFAV-Bangkok_Thailand_2015	SRA:SRX1781442.17645695.1	94.444	72	4	0	2141	2212	2	73	3.69e-21	111
CFAV-Bangkok_Thailand_2015	SRA:SRX1781442.10772229.1	94.444	72	4	0	1939	2010	72	1	3.69e-21	111
CFAV-Bangkok_Thailand_2015	SRA:SRX1781442.33492154.1	94.366	71	3	1	2073	2143	70	1	4.77e-20	108
CFAV-Bangkok_Thailand_2015	SRA:SRX1781442.25265258.1	93.151	73	5	0	478	550	1	73	4.77e-20	108
CFAV-Bangkok_Thailand_2015	SRA:SRX1781442.13027443.1	93.151	73	5	0	1804	1876	73	1	4.77e-20	108
CFAV-Bangkok_Thailand_2015	SRA:SRX1781442.11330264.1	93.151	73	5	0	477	549	1	73	4.77e-20	108
CFAV-Bangkok_Thailand_2015	SRA:SRX1781442.10902535.1	93.151	73	5	0	480	552	73	1	4.77e-20	108
CFAV-Bangkok_Thailand_2015	SRA:SRX1781442.5230406.1	94.286	70	4	0	2017	2086	70	1	4.77e-20	108
CFAV-Bangkok_Thailand_2015	SRA:SRX1781442.1905832.1	94.203	69	4	0	1810	1878	1	69	1.72e-19	106
CFAV-Bangkok_Thailand_2015	SRA:SRX1781442.33021434.1	92.958	71	5	0	2010	2080	3	73	6.17e-19	104
CFAV-Bangkok_Thailand_2015	SRA:SRX1781442.9423539.1	92.308	52	4	0	1930	1981	73	22	4.84e-10	75.0
NC_001564	SRA:SRX1781442.34597898.1	100.000	73	0	0	3517	3589	73	1	2.19e-28	135
NC_001564	SRA:SRX1781442.26293841.1	100.000	73	0	0	998	1070	1	73	2.19e-28	135
NC_001564	SRA:SRX1781442.25333163.1	100.000	73	0	0	3302	3374	73	1	2.19e-28	135
NC_001564	SRA:SRX1781442.24946469.1	100.000	73	0	0	1427	1499	1	73	2.19e-28	135
NC_001564	SRA:SRX1781442.23143215.1	100.000	73	0	0	2236	2308	73	1	2.19e-28	135
NC_001564	SRA:SRX1781442.22855068.1	100.000	73	0	0	1233	1305	73	1	2.19e-28	135
NC_001564	SRA:SRX1781442.20363871.1	100.000	73	0	0	3650	3722	73	1	2.19e-28	135
NC_001564	SRA:SRX1781442.16838578.1	100.000	73	0	0	1118	1190	73	1	2.19e-28	135
NC_001564	SRA:SRX1781442.4977854.1	100.000	73	0	0	3558	3630	1	73	2.19e-28	135
NC_001564	SRA:SRX1781442.1857751.1	100.000	73	0	0	3551	3623	1	73	2.19e-28	135
NC_001564	SRA:SRX1781442.35688236.1	100.000	72	0	0	3659	3730	72	1	7.89e-28	134
NC_001564	SRA:SRX1781442.31601888.1	100.000	71	0	0	2535	2605	1	71	2.84e-27	132
NC_001564	SRA:SRX1781442.17041780.1	100.000	71	0	0	3300	3370	3	73	2.84e-27	132
NC_001564	SRA:SRX1781442.2631566.1	100.000	71	0	0	3300	3370	3	73	2.84e-27	132
NC_001564	SRA:SRX1781442.40313580.1	98.630	73	1	0	2938	3010	1	73	1.02e-26	130
NC_001564	SRA:SRX1781442.40046747.1	98.630	73	1	0	772	844	73	1	1.02e-26	130
NC_001564	SRA:SRX1781442.37123009.1	98.630	73	1	0	2736	2808	1	73	1.02e-26	130
NC_001564	SRA:SRX1781442.35654787.1	98.630	73	1	0	2419	2491	1	73	1.02e-26	130
NC_001564	SRA:SRX1781442.33338787.1	98.630	73	1	0	1382	1454	73	1	1.02e-26	130
NC_001564	SRA:SRX1781442.31138861.1	98.630	73	1	0	1394	1466	1	73	1.02e-26	130
NC_001564	SRA:SRX1781442.30865953.1	98.630	73	1	0	657	729	73	1	1.02e-26	130
NC_001564	SRA:SRX1781442.30577558.1	98.630	73	1	0	2728	2800	73	1	1.02e-26	130
NC_001564	SRA:SRX1781442.28153358.1	98.630	73	1	0	2374	2446	1	73	1.02e-26	130
NC_001564	SRA:SRX1781442.27284520.1	98.630	73	1	0	2739	2811	73	1	1.02e-26	130
NC_001564	SRA:SRX1781442.26984913.1	98.630	73	1	0	442	514	73	1	1.02e-26	130
NC_001564	SRA:SRX1781442.26576878.1	98.630	73	1	0	2799	2871	1	73	1.02e-26	130
NC_001564	SRA:SRX1781442.25549133.1	98.630	73	1	0	3667	3739	73	1	1.02e-26	130
NC_001564	SRA:SRX1781442.24797266.1	98.630	73	1	0	2260	2332	73	1	1.02e-26	130
NC_001564	SRA:SRX1781442.24759945.1	98.630	73	1	0	897	969	1	73	1.02e-26	130
NC_001564	SRA:SRX1781442.23409626.1	98.630	73	1	0	1637	1709	73	1	1.02e-26	130
NC_001564	SRA:SRX1781442.21683807.1	98.630	73	1	0	901	973	73	1	1.02e-26	130
NC_001564	SRA:SRX1781442.20663567.1	98.630	73	1	0	1629	1701	73	1	1.02e-26	130
NC_001564	SRA:SRX1781442.20506397.1	98.630	73	1	0	3072	3144	73	1	1.02e-26	130
NC_001564	SRA:SRX1781442.20456508.1	98.630	73	1	0	3618	3690	1	73	1.02e-26	130
NC_001564	SRA:SRX1781442.19172214.1	98.630	73	1	0	372	444	73	1	1.02e-26	130
NC_001564	SRA:SRX1781442.18693486.1	98.630	73	1	0	2380	2452	1	73	1.02e-26	130
NC_001564	SRA:SRX1781442.16288909.1	98.630	73	1	0	601	673	73	1	1.02e-26	130
NC_001564	SRA:SRX1781442.14960592.1	98.630	73	1	0	2460	2532	1	73	1.02e-26	130
NC_001564	SRA:SRX1781442.14665986.1	98.630	73	1	0	409	481	1	73	1.02e-26	130
NC_001564	SRA:SRX1781442.13026125.1	98.630	73	1	0	2230	2302	73	1	1.02e-26	130
NC_001564	SRA:SRX1781442.12437694.1	98.630	73	1	0	1371	1443	73	1	1.02e-26	130
NC_001564	SRA:SRX1781442.12206522.1	98.630	73	1	0	417	489	1	73	1.02e-26	130
NC_001564	SRA:SRX1781442.10372142.1	98.630	73	1	0	901	973	73	1	1.02e-26	130
NC_001564	SRA:SRX1781442.9341189.1	98.630	73	1	0	2725	2797	1	73	1.02e-26	130
NC_001564	SRA:SRX1781442.8063829.1	98.630	73	1	0	3505	3577	73	1	1.02e-26	130
NC_001564	SRA:SRX1781442.5345095.1	98.630	73	1	0	3588	3660	1	73	1.02e-26	130
NC_001564	SRA:SRX1781442.4200297.1	98.630	73	1	0	2260	2332	73	1	1.02e-26	130
NC_001564	SRA:SRX1781442.1556020.1	98.630	73	1	0	1098	1170	73	1	1.02e-26	130
NC_001564	SRA:SRX1781442.923365.1	98.630	73	1	0	3599	3671	1	73	1.02e-26	130
NC_001564	SRA:SRX1781442.109298.1	98.630	73	1	0	3567	3639	73	1	1.02e-26	130
NC_001564	SRA:SRX1781442.39746327.1	98.611	72	1	0	1381	1452	2	73	3.67e-26	128
NC_001564	SRA:SRX1781442.12704801.1	98.611	72	1	0	3437	3508	72	1	3.67e-26	128
NC_001564	SRA:SRX1781442.10772229.1	98.611	72	1	0	1946	2017	72	1	3.67e-26	128
NC_001564	SRA:SRX1781442.39354658.1	97.260	73	2	0	2346	2418	1	73	4.75e-25	124
NC_001564	SRA:SRX1781442.38151150.1	97.260	73	2	0	814	886	1	73	4.75e-25	124
NC_001564	SRA:SRX1781442.37180989.1	97.260	73	2	0	802	874	73	1	4.75e-25	124
NC_001564	SRA:SRX1781442.34886388.1	97.260	73	2	0	1290	1362	73	1	4.75e-25	124
NC_001564	SRA:SRX1781442.32506876.1	97.260	73	2	0	2323	2395	1	73	4.75e-25	124
NC_001564	SRA:SRX1781442.32483045.1	97.260	73	2	0	2813	2885	73	1	4.75e-25	124
NC_001564	SRA:SRX1781442.32453530.1	97.260	73	2	0	3112	3184	73	1	4.75e-25	124
NC_001564	SRA:SRX1781442.31856244.1	97.260	73	2	0	1703	1775	73	1	4.75e-25	124
NC_001564	SRA:SRX1781442.31426274.1	97.260	73	2	0	3393	3465	73	1	4.75e-25	124
NC_001564	SRA:SRX1781442.31024151.1	97.260	73	2	0	875	947	73	1	4.75e-25	124
NC_001564	SRA:SRX1781442.28978409.1	97.260	73	2	0	3331	3403	1	73	4.75e-25	124
NC_001564	SRA:SRX1781442.25265258.1	97.260	73	2	0	485	557	1	73	4.75e-25	124
NC_001564	SRA:SRX1781442.25207573.1	97.260	73	2	0	3578	3650	1	73	4.75e-25	124
NC_001564	SRA:SRX1781442.23295392.1	97.260	73	2	0	1981	2053	73	1	4.75e-25	124
NC_001564	SRA:SRX1781442.22654891.1	97.260	73	2	0	3393	3465	73	1	4.75e-25	124
NC_001564	SRA:SRX1781442.22483529.1	97.260	73	2	0	1679	1751	1	73	4.75e-25	124
NC_001564	SRA:SRX1781442.21460850.1	97.260	73	2	0	2323	2395	1	73	4.75e-25	124
NC_001564	SRA:SRX1781442.21056059.1	97.260	73	2	0	3328	3400	1	73	4.75e-25	124
NC_001564	SRA:SRX1781442.20547668.1	97.260	73	2	0	2716	2788	1	73	4.75e-25	124
NC_001564	SRA:SRX1781442.18793035.1	97.260	73	2	0	3126	3198	73	1	4.75e-25	124
NC_001564	SRA:SRX1781442.17184805.1	97.260	73	2	0	3452	3524	1	73	4.75e-25	124
NC_001564	SRA:SRX1781442.14127089.1	97.260	73	2	0	2404	2476	73	1	4.75e-25	124
NC_001564	SRA:SRX1781442.11436736.1	97.260	73	2	0	394	466	1	73	4.75e-25	124
NC_001564	SRA:SRX1781442.11330264.1	97.260	73	2	0	484	556	1	73	4.75e-25	124
NC_001564	SRA:SRX1781442.10902535.1	97.260	73	2	0	487	559	73	1	4.75e-25	124
NC_001564	SRA:SRX1781442.8676679.1	97.260	73	2	0	953	1025	73	1	4.75e-25	124
NC_001564	SRA:SRX1781442.8323302.1	97.260	73	2	0	2716	2788	1	73	4.75e-25	124
NC_001564	SRA:SRX1781442.7446742.1	98.571	70	1	0	2271	2340	1	70	4.75e-25	124
NC_001564	SRA:SRX1781442.5367846.1	97.260	73	2	0	697	769	1	73	4.75e-25	124
NC_001564	SRA:SRX1781442.4894055.1	97.260	73	2	0	1290	1362	73	1	4.75e-25	124
NC_001564	SRA:SRX1781442.2702336.1	97.260	73	2	0	394	466	1	73	4.75e-25	124
NC_001564	SRA:SRX1781442.1266160.1	97.260	73	2	0	3672	3744	73	1	4.75e-25	124
NC_001564	SRA:SRX1781442.274702.1	97.260	73	2	0	3109	3181	1	73	4.75e-25	124
NC_001564	SRA:SRX1781442.30092415.1	97.222	72	2	0	2566	2637	2	73	1.71e-24	122
NC_001564	SRA:SRX1781442.29840670.1	97.222	72	2	0	1987	2058	1	72	1.71e-24	122
NC_001564	SRA:SRX1781442.26288230.1	97.222	72	2	0	1987	2058	73	2	1.71e-24	122
NC_001564	SRA:SRX1781442.17125649.1	100.000	66	0	0	1616	1681	66	1	1.71e-24	122
NC_001564	SRA:SRX1781442.3914864.1	97.222	72	2	0	3463	3534	2	73	1.71e-24	122
NC_001564	SRA:SRX1781442.3754648.1	97.222	72	2	0	3414	3485	72	1	1.71e-24	122
NC_001564	SRA:SRX1781442.2275956.1	97.183	71	2	0	1712	1782	73	3	6.14e-24	121
NC_001564	SRA:SRX1781442.1469968.1	97.183	71	2	0	1712	1782	73	3	6.14e-24	121
NC_001564	SRA:SRX1781442.931991.1	97.183	71	2	0	1449	1519	1	71	6.14e-24	121
NC_001564	SRA:SRX1781442.41359435.1	95.890	73	3	0	1854	1926	1	73	2.21e-23	119
NC_001564	SRA:SRX1781442.37562719.1	95.890	73	3	0	3247	3319	73	1	2.21e-23	119
NC_001564	SRA:SRX1781442.35014007.1	95.890	73	3	0	3240	3312	73	1	2.21e-23	119
NC_001564	SRA:SRX1781442.34506612.1	95.890	73	3	0	3203	3275	73	1	2.21e-23	119
NC_001564	SRA:SRX1781442.32813632.1	95.890	73	3	0	846	918	73	1	2.21e-23	119
NC_001564	SRA:SRX1781442.31396366.1	95.890	73	3	0	2070	2142	73	1	2.21e-23	119
NC_001564	SRA:SRX1781442.27109707.1	95.890	73	3	0	1855	1927	73	1	2.21e-23	119
NC_001564	SRA:SRX1781442.27101541.1	95.890	73	3	0	846	918	73	1	2.21e-23	119
NC_001564	SRA:SRX1781442.25384957.1	95.890	73	3	0	2811	2883	73	1	2.21e-23	119
NC_001564	SRA:SRX1781442.25204127.1	95.890	73	3	0	3224	3296	1	73	2.21e-23	119
NC_001564	SRA:SRX1781442.22335895.1	95.890	73	3	0	1567	1639	73	1	2.21e-23	119
NC_001564	SRA:SRX1781442.20946554.1	95.890	73	3	0	2338	2410	1	73	2.21e-23	119
NC_001564	SRA:SRX1781442.15861454.1	95.890	73	3	0	1855	1927	73	1	2.21e-23	119
NC_001564	SRA:SRX1781442.14375364.1	95.890	73	3	0	2885	2957	73	1	2.21e-23	119
NC_001564	SRA:SRX1781442.11066224.1	95.890	73	3	0	826	898	1	73	2.21e-23	119
NC_001564	SRA:SRX1781442.7913642.1	95.890	73	3	0	1354	1426	1	73	2.21e-23	119
NC_001564	SRA:SRX1781442.5073425.1	95.890	73	3	0	2078	2150	73	1	2.21e-23	119
NC_001564	SRA:SRX1781442.4378973.1	95.890	73	3	0	1867	1939	1	73	2.21e-23	119
NC_001564	SRA:SRX1781442.2059472.1	95.890	73	3	0	2699	2771	73	1	2.21e-23	119
NC_001564	SRA:SRX1781442.1905832.1	95.890	73	3	0	1817	1889	1	73	2.21e-23	119
NC_001564	SRA:SRX1781442.2249242.1	95.833	72	3	0	3173	3244	72	1	7.95e-23	117
NC_001564	SRA:SRX1781442.35974763.1	95.775	71	3	0	2894	2964	73	3	2.86e-22	115
NC_001564	SRA:SRX1781442.38757401.1	94.521	73	4	0	3189	3261	1	73	1.03e-21	113
NC_001564	SRA:SRX1781442.34675450.1	94.521	73	4	0	2853	2925	73	1	1.03e-21	113
NC_001564	SRA:SRX1781442.29070815.1	94.521	73	4	0	2040	2112	73	1	1.03e-21	113
NC_001564	SRA:SRX1781442.17061371.1	94.521	73	4	0	529	601	73	1	1.03e-21	113
NC_001564	SRA:SRX1781442.13027443.1	94.521	73	4	0	1811	1883	73	1	1.03e-21	113
NC_001564	SRA:SRX1781442.21279908.1	94.444	72	4	0	2062	2133	73	2	3.70e-21	111
NC_001564	SRA:SRX1781442.37472184.1	95.588	68	3	0	1907	1974	3	70	1.33e-20	110
NC_001564	SRA:SRX1781442.17903751.1	94.366	71	4	0	2062	2132	73	3	1.33e-20	110
NC_001564	SRA:SRX1781442.7434160.1	94.366	71	4	0	2874	2944	1	71	1.33e-20	110
NC_001564	SRA:SRX1781442.17680416.1	93.151	73	5	0	2044	2116	73	1	4.78e-20	108
NC_001564	SRA:SRX1781442.9423539.1	94.231	52	3	0	1937	1988	73	22	1.04e-11	80.5
CFAV-Cairns_Australia_2014	SRA:SRX1781442.26984913.1	100.000	73	0	0	441	513	73	1	2.19e-28	135
CFAV-Cairns_Australia_2014	SRA:SRX1781442.26293841.1	100.000	73	0	0	997	1069	1	73	2.19e-28	135
CFAV-Cairns_Australia_2014	SRA:SRX1781442.25549133.1	100.000	73	0	0	3666	3738	73	1	2.19e-28	135
CFAV-Cairns_Australia_2014	SRA:SRX1781442.24759945.1	100.000	73	0	0	896	968	1	73	2.19e-28	135
CFAV-Cairns_Australia_2014	SRA:SRX1781442.22855068.1	100.000	73	0	0	1232	1304	73	1	2.19e-28	135
CFAV-Cairns_Australia_2014	SRA:SRX1781442.22335895.1	100.000	73	0	0	1566	1638	73	1	2.19e-28	135
CFAV-Cairns_Australia_2014	SRA:SRX1781442.21683807.1	100.000	73	0	0	900	972	73	1	2.19e-28	135
CFAV-Cairns_Australia_2014	SRA:SRX1781442.20506397.1	100.000	73	0	0	3071	3143	73	1	2.19e-28	135
CFAV-Cairns_Australia_2014	SRA:SRX1781442.20363871.1	100.000	73	0	0	3649	3721	73	1	2.19e-28	135
CFAV-Cairns_Australia_2014	SRA:SRX1781442.19172214.1	100.000	73	0	0	371	443	73	1	2.19e-28	135
CFAV-Cairns_Australia_2014	SRA:SRX1781442.17125649.1	100.000	73	0	0	1608	1680	73	1	2.19e-28	135
CFAV-Cairns_Australia_2014	SRA:SRX1781442.16838578.1	100.000	73	0	0	1117	1189	73	1	2.19e-28	135
CFAV-Cairns_Australia_2014	SRA:SRX1781442.14665986.1	100.000	73	0	0	408	480	1	73	2.19e-28	135
CFAV-Cairns_Australia_2014	SRA:SRX1781442.12206522.1	100.000	73	0	0	416	488	1	73	2.19e-28	135
CFAV-Cairns_Australia_2014	SRA:SRX1781442.10372142.1	100.000	73	0	0	900	972	73	1	2.19e-28	135
CFAV-Cairns_Australia_2014	SRA:SRX1781442.8063829.1	100.000	73	0	0	3504	3576	73	1	2.19e-28	135
CFAV-Cairns_Australia_2014	SRA:SRX1781442.5367846.1	100.000	73	0	0	696	768	1	73	2.19e-28	135
CFAV-Cairns_Australia_2014	SRA:SRX1781442.35688236.1	100.000	72	0	0	3658	3729	72	1	7.89e-28	134
CFAV-Cairns_Australia_2014	SRA:SRX1781442.40046747.1	98.630	73	1	0	771	843	73	1	1.02e-26	130
CFAV-Cairns_Australia_2014	SRA:SRX1781442.38757401.1	98.630	73	1	0	3188	3260	1	73	1.02e-26	130
CFAV-Cairns_Australia_2014	SRA:SRX1781442.38151150.1	98.630	73	1	0	813	885	1	73	1.02e-26	130
CFAV-Cairns_Australia_2014	SRA:SRX1781442.35654787.1	98.630	73	1	0	2418	2490	1	73	1.02e-26	130
CFAV-Cairns_Australia_2014	SRA:SRX1781442.34597898.1	98.630	73	1	0	3516	3588	73	1	1.02e-26	130
CFAV-Cairns_Australia_2014	SRA:SRX1781442.34506612.1	98.630	73	1	0	3202	3274	73	1	1.02e-26	130
CFAV-Cairns_Australia_2014	SRA:SRX1781442.32506876.1	98.630	73	1	0	2322	2394	1	73	1.02e-26	130
CFAV-Cairns_Australia_2014	SRA:SRX1781442.32483045.1	98.630	73	1	0	2812	2884	73	1	1.02e-26	130
CFAV-Cairns_Australia_2014	SRA:SRX1781442.32453530.1	98.630	73	1	0	3111	3183	73	1	1.02e-26	130
CFAV-Cairns_Australia_2014	SRA:SRX1781442.31024151.1	98.630	73	1	0	874	946	73	1	1.02e-26	130
CFAV-Cairns_Australia_2014	SRA:SRX1781442.30865953.1	98.630	73	1	0	656	728	73	1	1.02e-26	130
CFAV-Cairns_Australia_2014	SRA:SRX1781442.30577558.1	98.630	73	1	0	2727	2799	73	1	1.02e-26	130
CFAV-Cairns_Australia_2014	SRA:SRX1781442.28978409.1	98.630	73	1	0	3330	3402	1	73	1.02e-26	130
CFAV-Cairns_Australia_2014	SRA:SRX1781442.25333163.1	98.630	73	1	0	3301	3373	73	1	1.02e-26	130
CFAV-Cairns_Australia_2014	SRA:SRX1781442.25204127.1	98.630	73	1	0	3223	3295	1	73	1.02e-26	130
CFAV-Cairns_Australia_2014	SRA:SRX1781442.23409626.1	98.630	73	1	0	1636	1708	73	1	1.02e-26	130
CFAV-Cairns_Australia_2014	SRA:SRX1781442.23143215.1	98.630	73	1	0	2235	2307	73	1	1.02e-26	130
CFAV-Cairns_Australia_2014	SRA:SRX1781442.21460850.1	98.630	73	1	0	2322	2394	1	73	1.02e-26	130
CFAV-Cairns_Australia_2014	SRA:SRX1781442.21056059.1	98.630	73	1	0	3327	3399	1	73	1.02e-26	130
CFAV-Cairns_Australia_2014	SRA:SRX1781442.20663567.1	98.630	73	1	0	1628	1700	73	1	1.02e-26	130
CFAV-Cairns_Australia_2014	SRA:SRX1781442.20456508.1	98.630	73	1	0	3617	3689	1	73	1.02e-26	130
CFAV-Cairns_Australia_2014	SRA:SRX1781442.18793035.1	98.630	73	1	0	3125	3197	73	1	1.02e-26	130
CFAV-Cairns_Australia_2014	SRA:SRX1781442.17184805.1	98.630	73	1	0	3451	3523	1	73	1.02e-26	130
CFAV-Cairns_Australia_2014	SRA:SRX1781442.16288909.1	98.630	73	1	0	600	672	73	1	1.02e-26	130
CFAV-Cairns_Australia_2014	SRA:SRX1781442.16189623.1	98.630	73	1	0	2291	2363	1	73	1.02e-26	130
CFAV-Cairns_Australia_2014	SRA:SRX1781442.14960592.1	98.630	73	1	0	2459	2531	1	73	1.02e-26	130
CFAV-Cairns_Australia_2014	SRA:SRX1781442.13026125.1	98.630	73	1	0	2229	2301	73	1	1.02e-26	130
CFAV-Cairns_Australia_2014	SRA:SRX1781442.12437694.1	98.630	73	1	0	1370	1442	73	1	1.02e-26	130
CFAV-Cairns_Australia_2014	SRA:SRX1781442.11436736.1	98.630	73	1	0	393	465	1	73	1.02e-26	130
CFAV-Cairns_Australia_2014	SRA:SRX1781442.9341189.1	98.630	73	1	0	2724	2796	1	73	1.02e-26	130
CFAV-Cairns_Australia_2014	SRA:SRX1781442.7446742.1	98.630	73	1	0	2270	2342	1	73	1.02e-26	130
CFAV-Cairns_Australia_2014	SRA:SRX1781442.5345095.1	98.630	73	1	0	3587	3659	1	73	1.02e-26	130
CFAV-Cairns_Australia_2014	SRA:SRX1781442.4977854.1	98.630	73	1	0	3557	3629	1	73	1.02e-26	130
CFAV-Cairns_Australia_2014	SRA:SRX1781442.2702336.1	98.630	73	1	0	393	465	1	73	1.02e-26	130
CFAV-Cairns_Australia_2014	SRA:SRX1781442.1857751.1	98.630	73	1	0	3550	3622	1	73	1.02e-26	130
CFAV-Cairns_Australia_2014	SRA:SRX1781442.1266160.1	98.630	73	1	0	3671	3743	73	1	1.02e-26	130
CFAV-Cairns_Australia_2014	SRA:SRX1781442.923365.1	98.630	73	1	0	3598	3670	1	73	1.02e-26	130
CFAV-Cairns_Australia_2014	SRA:SRX1781442.274702.1	98.630	73	1	0	3108	3180	1	73	1.02e-26	130
CFAV-Cairns_Australia_2014	SRA:SRX1781442.12704801.1	98.611	72	1	0	3436	3507	72	1	3.67e-26	128
CFAV-Cairns_Australia_2014	SRA:SRX1781442.10772229.1	98.611	72	1	0	1945	2016	72	1	3.67e-26	128
CFAV-Cairns_Australia_2014	SRA:SRX1781442.3914864.1	98.611	72	1	0	3462	3533	2	73	3.67e-26	128
CFAV-Cairns_Australia_2014	SRA:SRX1781442.2249242.1	98.611	72	1	0	3172	3243	72	1	3.67e-26	128
CFAV-Cairns_Australia_2014	SRA:SRX1781442.31601888.1	98.592	71	1	0	2534	2604	1	71	1.32e-25	126
CFAV-Cairns_Australia_2014	SRA:SRX1781442.17041780.1	98.592	71	1	0	3299	3369	3	73	1.32e-25	126
CFAV-Cairns_Australia_2014	SRA:SRX1781442.2631566.1	98.592	71	1	0	3299	3369	3	73	1.32e-25	126
CFAV-Cairns_Australia_2014	SRA:SRX1781442.1556020.1	98.592	71	1	0	1099	1169	71	1	1.32e-25	126
CFAV-Cairns_Australia_2014	SRA:SRX1781442.41359435.1	97.260	73	2	0	1853	1925	1	73	4.75e-25	124
CFAV-Cairns_Australia_2014	SRA:SRX1781442.40313580.1	97.260	73	2	0	2937	3009	1	73	4.75e-25	124
CFAV-Cairns_Australia_2014	SRA:SRX1781442.39354658.1	97.260	73	2	0	2345	2417	1	73	4.75e-25	124
CFAV-Cairns_Australia_2014	SRA:SRX1781442.37472184.1	97.260	73	2	0	1904	1976	1	73	4.75e-25	124
CFAV-Cairns_Australia_2014	SRA:SRX1781442.37180989.1	97.260	73	2	0	801	873	73	1	4.75e-25	124
CFAV-Cairns_Australia_2014	SRA:SRX1781442.37123009.1	97.260	73	2	0	2735	2807	1	73	4.75e-25	124
CFAV-Cairns_Australia_2014	SRA:SRX1781442.34886388.1	97.260	73	2	0	1289	1361	73	1	4.75e-25	124
CFAV-Cairns_Australia_2014	SRA:SRX1781442.34675450.1	97.260	73	2	0	2852	2924	73	1	4.75e-25	124
CFAV-Cairns_Australia_2014	SRA:SRX1781442.33338787.1	97.260	73	2	0	1381	1453	73	1	4.75e-25	124
CFAV-Cairns_Australia_2014	SRA:SRX1781442.32813632.1	97.260	73	2	0	845	917	73	1	4.75e-25	124
CFAV-Cairns_Australia_2014	SRA:SRX1781442.31856244.1	97.260	73	2	0	1702	1774	73	1	4.75e-25	124
CFAV-Cairns_Australia_2014	SRA:SRX1781442.31138861.1	97.260	73	2	0	1393	1465	1	73	4.75e-25	124
CFAV-Cairns_Australia_2014	SRA:SRX1781442.28153358.1	97.260	73	2	0	2373	2445	1	73	4.75e-25	124
CFAV-Cairns_Australia_2014	SRA:SRX1781442.27284520.1	97.260	73	2	0	2738	2810	73	1	4.75e-25	124
CFAV-Cairns_Australia_2014	SRA:SRX1781442.27109707.1	97.260	73	2	0	1854	1926	73	1	4.75e-25	124
CFAV-Cairns_Australia_2014	SRA:SRX1781442.27101541.1	97.260	73	2	0	845	917	73	1	4.75e-25	124
CFAV-Cairns_Australia_2014	SRA:SRX1781442.26576878.1	97.260	73	2	0	2798	2870	1	73	4.75e-25	124
CFAV-Cairns_Australia_2014	SRA:SRX1781442.25384957.1	97.260	73	2	0	2810	2882	73	1	4.75e-25	124
CFAV-Cairns_Australia_2014	SRA:SRX1781442.25265258.1	97.260	73	2	0	484	556	1	73	4.75e-25	124
CFAV-Cairns_Australia_2014	SRA:SRX1781442.24946469.1	97.260	73	2	0	1426	1498	1	73	4.75e-25	124
CFAV-Cairns_Australia_2014	SRA:SRX1781442.24797266.1	97.260	73	2	0	2259	2331	73	1	4.75e-25	124
CFAV-Cairns_Australia_2014	SRA:SRX1781442.22483529.1	97.260	73	2	0	1678	1750	1	73	4.75e-25	124
CFAV-Cairns_Australia_2014	SRA:SRX1781442.20946554.1	97.260	73	2	0	2337	2409	1	73	4.75e-25	124
CFAV-Cairns_Australia_2014	SRA:SRX1781442.20547668.1	97.260	73	2	0	2715	2787	1	73	4.75e-25	124
CFAV-Cairns_Australia_2014	SRA:SRX1781442.18693486.1	97.260	73	2	0	2379	2451	1	73	4.75e-25	124
CFAV-Cairns_Australia_2014	SRA:SRX1781442.18164786.1	97.260	73	2	0	3162	3234	1	73	4.75e-25	124
CFAV-Cairns_Australia_2014	SRA:SRX1781442.17645695.1	97.260	73	2	0	2146	2218	1	73	4.75e-25	124
CFAV-Cairns_Australia_2014	SRA:SRX1781442.15861454.1	97.260	73	2	0	1854	1926	73	1	4.75e-25	124
CFAV-Cairns_Australia_2014	SRA:SRX1781442.14375364.1	97.260	73	2	0	2884	2956	73	1	4.75e-25	124
CFAV-Cairns_Australia_2014	SRA:SRX1781442.14127089.1	97.260	73	2	0	2403	2475	73	1	4.75e-25	124
CFAV-Cairns_Australia_2014	SRA:SRX1781442.11330264.1	97.260	73	2	0	483	555	1	73	4.75e-25	124
CFAV-Cairns_Australia_2014	SRA:SRX1781442.11066224.1	97.260	73	2	0	825	897	1	73	4.75e-25	124
CFAV-Cairns_Australia_2014	SRA:SRX1781442.10902535.1	97.260	73	2	0	486	558	73	1	4.75e-25	124
CFAV-Cairns_Australia_2014	SRA:SRX1781442.8676679.1	97.260	73	2	0	952	1024	73	1	4.75e-25	124
CFAV-Cairns_Australia_2014	SRA:SRX1781442.8323302.1	97.260	73	2	0	2715	2787	1	73	4.75e-25	124
CFAV-Cairns_Australia_2014	SRA:SRX1781442.5073425.1	97.260	73	2	0	2077	2149	73	1	4.75e-25	124
CFAV-Cairns_Australia_2014	SRA:SRX1781442.4894055.1	97.260	73	2	0	1289	1361	73	1	4.75e-25	124
CFAV-Cairns_Australia_2014	SRA:SRX1781442.4200297.1	97.260	73	2	0	2259	2331	73	1	4.75e-25	124
CFAV-Cairns_Australia_2014	SRA:SRX1781442.2275956.1	97.260	73	2	0	1711	1783	73	1	4.75e-25	124
CFAV-Cairns_Australia_2014	SRA:SRX1781442.1905832.1	97.260	73	2	0	1816	1888	1	73	4.75e-25	124
CFAV-Cairns_Australia_2014	SRA:SRX1781442.1469968.1	97.260	73	2	0	1711	1783	73	1	4.75e-25	124
CFAV-Cairns_Australia_2014	SRA:SRX1781442.1082302.1	97.260	73	2	0	3146	3218	73	1	4.75e-25	124
CFAV-Cairns_Australia_2014	SRA:SRX1781442.423859.1	97.260	73	2	0	3160	3232	1	73	4.75e-25	124
CFAV-Cairns_Australia_2014	SRA:SRX1781442.109298.1	97.260	73	2	0	3566	3638	73	1	4.75e-25	124
CFAV-Cairns_Australia_2014	SRA:SRX1781442.39746327.1	98.551	69	1	0	1380	1448	2	70	1.71e-24	122
CFAV-Cairns_Australia_2014	SRA:SRX1781442.3754648.1	97.222	72	2	0	3413	3484	72	1	1.71e-24	122
CFAV-Cairns_Australia_2014	SRA:SRX1781442.35974763.1	97.183	71	2	0	2893	2963	73	3	6.15e-24	121
CFAV-Cairns_Australia_2014	SRA:SRX1781442.31396366.1	97.183	71	2	0	2071	2141	71	1	6.15e-24	121
CFAV-Cairns_Australia_2014	SRA:SRX1781442.4378973.1	97.183	71	2	0	1868	1938	3	73	6.15e-24	121
CFAV-Cairns_Australia_2014	SRA:SRX1781442.931991.1	97.183	71	2	0	1450	1520	3	73	6.15e-24	121
CFAV-Cairns_Australia_2014	SRA:SRX1781442.37562719.1	95.890	73	3	0	3246	3318	73	1	2.21e-23	119
CFAV-Cairns_Australia_2014	SRA:SRX1781442.35014007.1	95.890	73	3	0	3239	3311	73	1	2.21e-23	119
CFAV-Cairns_Australia_2014	SRA:SRX1781442.31426274.1	95.890	73	3	0	3392	3464	73	1	2.21e-23	119
CFAV-Cairns_Australia_2014	SRA:SRX1781442.25207573.1	95.890	73	3	0	3577	3649	1	73	2.21e-23	119
CFAV-Cairns_Australia_2014	SRA:SRX1781442.22654891.1	95.890	73	3	0	3392	3464	73	1	2.21e-23	119
CFAV-Cairns_Australia_2014	SRA:SRX1781442.21336771.1	95.890	73	3	0	2128	2200	1	73	2.21e-23	119
CFAV-Cairns_Australia_2014	SRA:SRX1781442.17061371.1	95.890	73	3	0	528	600	73	1	2.21e-23	119
CFAV-Cairns_Australia_2014	SRA:SRX1781442.13027443.1	95.890	73	3	0	1810	1882	73	1	2.21e-23	119
CFAV-Cairns_Australia_2014	SRA:SRX1781442.7913642.1	95.890	73	3	0	1353	1425	1	73	2.21e-23	119
CFAV-Cairns_Australia_2014	SRA:SRX1781442.29840670.1	95.775	71	3	0	1987	2057	2	72	2.86e-22	115
CFAV-Cairns_Australia_2014	SRA:SRX1781442.26288230.1	95.775	71	3	0	1987	2057	72	2	2.86e-22	115
CFAV-Cairns_Australia_2014	SRA:SRX1781442.7434160.1	95.775	71	3	0	2873	2943	1	71	2.86e-22	115
CFAV-Cairns_Australia_2014	SRA:SRX1781442.23295392.1	94.521	73	4	0	1980	2052	73	1	1.03e-21	113
CFAV-Cairns_Australia_2014	SRA:SRX1781442.33492154.1	94.366	71	3	1	2079	2149	70	1	4.78e-20	108
CFAV-Cairns_Australia_2014	SRA:SRX1781442.21279908.1	93.151	73	5	0	2061	2133	73	1	4.78e-20	108
CFAV-Cairns_Australia_2014	SRA:SRX1781442.17680416.1	93.151	73	5	0	2043	2115	73	1	4.78e-20	108
CFAV-Cairns_Australia_2014	SRA:SRX1781442.2059472.1	95.522	67	3	0	2704	2770	67	1	4.78e-20	108
CFAV-Cairns_Australia_2014	SRA:SRX1781442.17903751.1	94.203	69	4	0	2061	2129	73	5	1.72e-19	106
CFAV-Cairns_Australia_2014	SRA:SRX1781442.29070815.1	92.958	71	5	0	2041	2111	71	1	6.19e-19	104
CFAV-Cairns_Australia_2014	SRA:SRX1781442.9423539.1	98.000	50	1	0	1936	1985	73	24	6.23e-14	87.9
CFAV-Macapa2_Brazil_2017	SRA:SRX1781442.40046747.1	100.000	73	0	0	772	844	73	1	2.19e-28	135
CFAV-Macapa2_Brazil_2017	SRA:SRX1781442.26293841.1	100.000	73	0	0	998	1070	1	73	2.19e-28	135
CFAV-Macapa2_Brazil_2017	SRA:SRX1781442.25333163.1	100.000	73	0	0	3302	3374	73	1	2.19e-28	135
CFAV-Macapa2_Brazil_2017	SRA:SRX1781442.23295392.1	100.000	73	0	0	1981	2053	73	1	2.19e-28	135
CFAV-Macapa2_Brazil_2017	SRA:SRX1781442.20663567.1	100.000	73	0	0	1629	1701	73	1	2.19e-28	135
CFAV-Macapa2_Brazil_2017	SRA:SRX1781442.17125649.1	100.000	73	0	0	1609	1681	73	1	2.19e-28	135
CFAV-Macapa2_Brazil_2017	SRA:SRX1781442.4977854.1	100.000	73	0	0	3558	3630	1	73	2.19e-28	135
CFAV-Macapa2_Brazil_2017	SRA:SRX1781442.1857751.1	100.000	73	0	0	3551	3623	1	73	2.19e-28	135
CFAV-Macapa2_Brazil_2017	SRA:SRX1781442.29840670.1	100.000	72	0	0	1987	2058	1	72	7.89e-28	134
CFAV-Macapa2_Brazil_2017	SRA:SRX1781442.26288230.1	100.000	72	0	0	1987	2058	73	2	7.89e-28	134
CFAV-Macapa2_Brazil_2017	SRA:SRX1781442.17041780.1	100.000	71	0	0	3300	3370	3	73	2.84e-27	132
CFAV-Macapa2_Brazil_2017	SRA:SRX1781442.2631566.1	100.000	71	0	0	3300	3370	3	73	2.84e-27	132
CFAV-Macapa2_Brazil_2017	SRA:SRX1781442.39354658.1	98.630	73	1	0	2346	2418	1	73	1.02e-26	130
CFAV-Macapa2_Brazil_2017	SRA:SRX1781442.34675450.1	98.630	73	1	0	2853	2925	73	1	1.02e-26	130
CFAV-Macapa2_Brazil_2017	SRA:SRX1781442.34597898.1	98.630	73	1	0	3517	3589	73	1	1.02e-26	130
CFAV-Macapa2_Brazil_2017	SRA:SRX1781442.34126361.1	98.630	73	1	0	3389	3461	73	1	1.02e-26	130
CFAV-Macapa2_Brazil_2017	SRA:SRX1781442.32483045.1	98.630	73	1	0	2813	2885	73	1	1.02e-26	130
CFAV-Macapa2_Brazil_2017	SRA:SRX1781442.31601888.1	98.630	73	1	0	2535	2607	1	73	1.02e-26	130
CFAV-Macapa2_Brazil_2017	SRA:SRX1781442.31426274.1	98.630	73	1	0	3393	3465	73	1	1.02e-26	130
CFAV-Macapa2_Brazil_2017	SRA:SRX1781442.26576878.1	98.630	73	1	0	2799	2871	1	73	1.02e-26	130
CFAV-Macapa2_Brazil_2017	SRA:SRX1781442.25549133.1	98.630	73	1	0	3667	3739	73	1	1.02e-26	130
CFAV-Macapa2_Brazil_2017	SRA:SRX1781442.23409626.1	98.630	73	1	0	1637	1709	73	1	1.02e-26	130
CFAV-Macapa2_Brazil_2017	SRA:SRX1781442.22855068.1	98.630	73	1	0	1233	1305	73	1	1.02e-26	130
CFAV-Macapa2_Brazil_2017	SRA:SRX1781442.22654891.1	98.630	73	1	0	3393	3465	73	1	1.02e-26	130
CFAV-Macapa2_Brazil_2017	SRA:SRX1781442.22483529.1	98.630	73	1	0	1679	1751	1	73	1.02e-26	130
CFAV-Macapa2_Brazil_2017	SRA:SRX1781442.22460762.1	98.630	73	1	0	3387	3459	73	1	1.02e-26	130
CFAV-Macapa2_Brazil_2017	SRA:SRX1781442.22335895.1	98.630	73	1	0	1567	1639	73	1	1.02e-26	130
CFAV-Macapa2_Brazil_2017	SRA:SRX1781442.20946554.1	98.630	73	1	0	2338	2410	1	73	1.02e-26	130
CFAV-Macapa2_Brazil_2017	SRA:SRX1781442.16288909.1	98.630	73	1	0	601	673	73	1	1.02e-26	130
CFAV-Macapa2_Brazil_2017	SRA:SRX1781442.14665986.1	98.630	73	1	0	409	481	1	73	1.02e-26	130
CFAV-Macapa2_Brazil_2017	SRA:SRX1781442.14375364.1	98.630	73	1	0	2885	2957	73	1	1.02e-26	130
CFAV-Macapa2_Brazil_2017	SRA:SRX1781442.12437694.1	98.630	73	1	0	1371	1443	73	1	1.02e-26	130
CFAV-Macapa2_Brazil_2017	SRA:SRX1781442.10772229.1	98.630	73	1	0	1945	2017	73	1	1.02e-26	130
CFAV-Macapa2_Brazil_2017	SRA:SRX1781442.8063829.1	98.630	73	1	0	3505	3577	73	1	1.02e-26	130
CFAV-Macapa2_Brazil_2017	SRA:SRX1781442.7913642.1	98.630	73	1	0	1354	1426	1	73	1.02e-26	130
CFAV-Macapa2_Brazil_2017	SRA:SRX1781442.5345095.1	98.630	73	1	0	3588	3660	1	73	1.02e-26	130
CFAV-Macapa2_Brazil_2017	SRA:SRX1781442.109298.1	98.630	73	1	0	3567	3639	73	1	1.02e-26	130
CFAV-Macapa2_Brazil_2017	SRA:SRX1781442.37180989.1	98.611	72	1	0	802	873	73	2	3.67e-26	128
CFAV-Macapa2_Brazil_2017	SRA:SRX1781442.32506876.1	98.611	72	1	0	2324	2395	2	73	3.67e-26	128
CFAV-Macapa2_Brazil_2017	SRA:SRX1781442.27109707.1	98.611	72	1	0	1856	1927	72	1	3.67e-26	128
CFAV-Macapa2_Brazil_2017	SRA:SRX1781442.25207573.1	98.611	72	1	0	3578	3649	1	72	3.67e-26	128
CFAV-Macapa2_Brazil_2017	SRA:SRX1781442.21460850.1	98.611	72	1	0	2324	2395	2	73	3.67e-26	128
CFAV-Macapa2_Brazil_2017	SRA:SRX1781442.15861454.1	98.611	72	1	0	1856	1927	72	1	3.67e-26	128
CFAV-Macapa2_Brazil_2017	SRA:SRX1781442.4378973.1	98.611	72	1	0	1867	1938	1	72	3.67e-26	128
CFAV-Macapa2_Brazil_2017	SRA:SRX1781442.41359435.1	98.592	71	1	0	1856	1926	3	73	1.32e-25	126
CFAV-Macapa2_Brazil_2017	SRA:SRX1781442.35974763.1	98.592	71	1	0	2894	2964	73	3	1.32e-25	126
CFAV-Macapa2_Brazil_2017	SRA:SRX1781442.38151150.1	97.260	73	2	0	814	886	1	73	4.75e-25	124
CFAV-Macapa2_Brazil_2017	SRA:SRX1781442.37472184.1	97.260	73	2	0	1905	1977	1	73	4.75e-25	124
CFAV-Macapa2_Brazil_2017	SRA:SRX1781442.35014007.1	97.260	73	2	0	3240	3312	73	1	4.75e-25	124
CFAV-Macapa2_Brazil_2017	SRA:SRX1781442.34886388.1	97.260	73	2	0	1290	1362	73	1	4.75e-25	124
CFAV-Macapa2_Brazil_2017	SRA:SRX1781442.33338787.1	97.260	73	2	0	1382	1454	73	1	4.75e-25	124
CFAV-Macapa2_Brazil_2017	SRA:SRX1781442.31856244.1	97.260	73	2	0	1703	1775	73	1	4.75e-25	124
CFAV-Macapa2_Brazil_2017	SRA:SRX1781442.26984913.1	97.260	73	2	0	442	514	73	1	4.75e-25	124
CFAV-Macapa2_Brazil_2017	SRA:SRX1781442.25384957.1	97.260	73	2	0	2811	2883	73	1	4.75e-25	124
CFAV-Macapa2_Brazil_2017	SRA:SRX1781442.25265258.1	97.260	73	2	0	485	557	1	73	4.75e-25	124
CFAV-Macapa2_Brazil_2017	SRA:SRX1781442.25204127.1	97.260	73	2	0	3224	3296	1	73	4.75e-25	124
CFAV-Macapa2_Brazil_2017	SRA:SRX1781442.24759945.1	97.260	73	2	0	897	969	1	73	4.75e-25	124
CFAV-Macapa2_Brazil_2017	SRA:SRX1781442.23143215.1	97.260	73	2	0	2236	2308	73	1	4.75e-25	124
CFAV-Macapa2_Brazil_2017	SRA:SRX1781442.22654722.1	97.260	73	2	0	3393	3465	73	1	4.75e-25	124
CFAV-Macapa2_Brazil_2017	SRA:SRX1781442.21683807.1	97.260	73	2	0	901	973	73	1	4.75e-25	124
CFAV-Macapa2_Brazil_2017	SRA:SRX1781442.16838578.1	97.260	73	2	0	1118	1190	73	1	4.75e-25	124
CFAV-Macapa2_Brazil_2017	SRA:SRX1781442.14960592.1	97.260	73	2	0	2460	2532	1	73	4.75e-25	124
CFAV-Macapa2_Brazil_2017	SRA:SRX1781442.13026125.1	97.260	73	2	0	2230	2302	73	1	4.75e-25	124
CFAV-Macapa2_Brazil_2017	SRA:SRX1781442.12206522.1	97.260	73	2	0	417	489	1	73	4.75e-25	124
CFAV-Macapa2_Brazil_2017	SRA:SRX1781442.11330264.1	97.260	73	2	0	484	556	1	73	4.75e-25	124
CFAV-Macapa2_Brazil_2017	SRA:SRX1781442.10902535.1	97.260	73	2	0	487	559	73	1	4.75e-25	124
CFAV-Macapa2_Brazil_2017	SRA:SRX1781442.10372142.1	97.260	73	2	0	901	973	73	1	4.75e-25	124
CFAV-Macapa2_Brazil_2017	SRA:SRX1781442.8676679.1	97.260	73	2	0	953	1025	73	1	4.75e-25	124
CFAV-Macapa2_Brazil_2017	SRA:SRX1781442.4894055.1	97.260	73	2	0	1290	1362	73	1	4.75e-25	124
CFAV-Macapa2_Brazil_2017	SRA:SRX1781442.1905832.1	97.260	73	2	0	1817	1889	1	73	4.75e-25	124
CFAV-Macapa2_Brazil_2017	SRA:SRX1781442.1266160.1	97.260	73	2	0	3672	3744	73	1	4.75e-25	124
CFAV-Macapa2_Brazil_2017	SRA:SRX1781442.923365.1	97.260	73	2	0	3599	3671	1	73	4.75e-25	124
CFAV-Macapa2_Brazil_2017	SRA:SRX1781442.39746327.1	97.222	72	2	0	1381	1452	2	73	1.71e-24	122
CFAV-Macapa2_Brazil_2017	SRA:SRX1781442.35688236.1	97.222	72	2	0	3659	3730	72	1	1.71e-24	122
CFAV-Macapa2_Brazil_2017	SRA:SRX1781442.20363871.1	97.222	72	2	0	3651	3722	72	1	1.71e-24	122
CFAV-Macapa2_Brazil_2017	SRA:SRX1781442.3754648.1	97.222	72	2	0	3414	3485	72	1	1.71e-24	122
CFAV-Macapa2_Brazil_2017	SRA:SRX1781442.31138861.1	97.183	71	2	0	1394	1464	1	71	6.15e-24	121
CFAV-Macapa2_Brazil_2017	SRA:SRX1781442.18793035.1	97.183	71	2	0	3128	3198	71	1	6.15e-24	121
CFAV-Macapa2_Brazil_2017	SRA:SRX1781442.17784454.1	97.183	71	2	0	509	579	73	3	6.15e-24	121
CFAV-Macapa2_Brazil_2017	SRA:SRX1781442.7434160.1	97.183	71	2	0	2874	2944	1	71	6.15e-24	121
CFAV-Macapa2_Brazil_2017	SRA:SRX1781442.2275956.1	97.183	71	2	0	1712	1782	73	3	6.15e-24	121
CFAV-Macapa2_Brazil_2017	SRA:SRX1781442.1469968.1	97.183	71	2	0	1712	1782	73	3	6.15e-24	121
CFAV-Macapa2_Brazil_2017	SRA:SRX1781442.38757401.1	95.890	73	3	0	3189	3261	1	73	2.21e-23	119
CFAV-Macapa2_Brazil_2017	SRA:SRX1781442.37377011.1	95.890	73	3	0	1780	1852	73	1	2.21e-23	119
CFAV-Macapa2_Brazil_2017	SRA:SRX1781442.37123009.1	95.890	73	3	0	2736	2808	1	73	2.21e-23	119
CFAV-Macapa2_Brazil_2017	SRA:SRX1781442.35654787.1	95.890	73	3	0	2419	2491	1	73	2.21e-23	119
CFAV-Macapa2_Brazil_2017	SRA:SRX1781442.34506612.1	95.890	73	3	0	3203	3275	73	1	2.21e-23	119
CFAV-Macapa2_Brazil_2017	SRA:SRX1781442.32453530.1	95.890	73	3	0	3112	3184	73	1	2.21e-23	119
CFAV-Macapa2_Brazil_2017	SRA:SRX1781442.30865953.1	95.890	73	3	0	657	729	73	1	2.21e-23	119
CFAV-Macapa2_Brazil_2017	SRA:SRX1781442.28978409.1	95.890	73	3	0	3331	3403	1	73	2.21e-23	119
CFAV-Macapa2_Brazil_2017	SRA:SRX1781442.28153358.1	95.890	73	3	0	2374	2446	1	73	2.21e-23	119
CFAV-Macapa2_Brazil_2017	SRA:SRX1781442.27284520.1	95.890	73	3	0	2739	2811	73	1	2.21e-23	119
CFAV-Macapa2_Brazil_2017	SRA:SRX1781442.24797266.1	95.890	73	3	0	2260	2332	73	1	2.21e-23	119
CFAV-Macapa2_Brazil_2017	SRA:SRX1781442.21056059.1	95.890	73	3	0	3328	3400	1	73	2.21e-23	119
CFAV-Macapa2_Brazil_2017	SRA:SRX1781442.20456508.1	95.890	73	3	0	3618	3690	1	73	2.21e-23	119
CFAV-Macapa2_Brazil_2017	SRA:SRX1781442.18693486.1	95.890	73	3	0	2380	2452	1	73	2.21e-23	119
CFAV-Macapa2_Brazil_2017	SRA:SRX1781442.17645695.1	95.890	73	3	0	2147	2219	1	73	2.21e-23	119
CFAV-Macapa2_Brazil_2017	SRA:SRX1781442.17184805.1	95.890	73	3	0	3452	3524	1	73	2.21e-23	119
CFAV-Macapa2_Brazil_2017	SRA:SRX1781442.16189623.1	95.890	73	3	0	2292	2364	1	73	2.21e-23	119
CFAV-Macapa2_Brazil_2017	SRA:SRX1781442.13027443.1	95.890	73	3	0	1811	1883	73	1	2.21e-23	119
CFAV-Macapa2_Brazil_2017	SRA:SRX1781442.12704801.1	95.890	73	3	0	3436	3508	73	1	2.21e-23	119
CFAV-Macapa2_Brazil_2017	SRA:SRX1781442.7446742.1	95.890	73	3	0	2271	2343	1	73	2.21e-23	119
CFAV-Macapa2_Brazil_2017	SRA:SRX1781442.5367846.1	95.890	73	3	0	697	769	1	73	2.21e-23	119
CFAV-Macapa2_Brazil_2017	SRA:SRX1781442.5230406.1	95.890	73	3	0	2021	2093	73	1	2.21e-23	119
CFAV-Macapa2_Brazil_2017	SRA:SRX1781442.4200297.1	95.890	73	3	0	2260	2332	73	1	2.21e-23	119
CFAV-Macapa2_Brazil_2017	SRA:SRX1781442.2059472.1	95.890	73	3	0	2699	2771	73	1	2.21e-23	119
CFAV-Macapa2_Brazil_2017	SRA:SRX1781442.274702.1	95.890	73	3	0	3109	3181	1	73	2.21e-23	119
CFAV-Macapa2_Brazil_2017	SRA:SRX1781442.20547668.1	97.101	69	2	0	2716	2784	1	69	7.95e-23	117
CFAV-Macapa2_Brazil_2017	SRA:SRX1781442.14127089.1	95.833	72	3	0	2404	2475	73	2	7.95e-23	117
CFAV-Macapa2_Brazil_2017	SRA:SRX1781442.11436736.1	95.833	72	3	0	395	466	2	73	7.95e-23	117
CFAV-Macapa2_Brazil_2017	SRA:SRX1781442.8323302.1	97.101	69	2	0	2716	2784	1	69	7.95e-23	117
CFAV-Macapa2_Brazil_2017	SRA:SRX1781442.447243.1	95.833	72	3	0	3414	3485	72	1	7.95e-23	117
CFAV-Macapa2_Brazil_2017	SRA:SRX1781442.33021434.1	95.775	71	3	0	2017	2087	3	73	2.86e-22	115
CFAV-Macapa2_Brazil_2017	SRA:SRX1781442.33874080.1	94.521	73	4	0	2029	2101	73	1	1.03e-21	113
CFAV-Macapa2_Brazil_2017	SRA:SRX1781442.31024151.1	94.521	73	4	0	875	947	73	1	1.03e-21	113
CFAV-Macapa2_Brazil_2017	SRA:SRX1781442.21336771.1	94.521	73	4	0	2129	2201	1	73	1.03e-21	113
CFAV-Macapa2_Brazil_2017	SRA:SRX1781442.18942381.1	94.521	73	4	0	3374	3446	1	73	1.03e-21	113
CFAV-Macapa2_Brazil_2017	SRA:SRX1781442.11066224.1	94.521	73	4	0	826	898	1	73	1.03e-21	113
CFAV-Macapa2_Brazil_2017	SRA:SRX1781442.3914864.1	95.714	70	3	0	3463	3532	2	71	1.03e-21	113
CFAV-Macapa2_Brazil_2017	SRA:SRX1781442.30577558.1	94.286	70	4	0	2731	2800	70	1	4.78e-20	108
CFAV-Macapa2_Brazil_2017	SRA:SRX1781442.9341189.1	94.286	70	4	0	2725	2794	1	70	4.78e-20	108
CFAV-Macapa2_Brazil_2017	SRA:SRX1781442.9423539.1	97.959	49	1	0	1940	1988	70	22	2.24e-13	86.1
CFAV-KC_Cambodia_2015	SRA:SRX1781442.30865953.1	100.000	73	0	0	668	740	73	1	2.20e-28	135
CFAV-KC_Cambodia_2015	SRA:SRX1781442.25549133.1	100.000	73	0	0	3678	3750	73	1	2.20e-28	135
CFAV-KC_Cambodia_2015	SRA:SRX1781442.25204127.1	100.000	73	0	0	3235	3307	1	73	2.20e-28	135
CFAV-KC_Cambodia_2015	SRA:SRX1781442.37562719.1	98.630	73	1	0	3258	3330	73	1	1.02e-26	130
CFAV-KC_Cambodia_2015	SRA:SRX1781442.35014007.1	98.630	73	1	0	3251	3323	73	1	1.02e-26	130
CFAV-KC_Cambodia_2015	SRA:SRX1781442.34675450.1	98.630	73	1	0	2864	2936	73	1	1.02e-26	130
CFAV-KC_Cambodia_2015	SRA:SRX1781442.32506876.1	98.630	73	1	0	2334	2406	1	73	1.02e-26	130
CFAV-KC_Cambodia_2015	SRA:SRX1781442.32483045.1	98.630	73	1	0	2824	2896	73	1	1.02e-26	130
CFAV-KC_Cambodia_2015	SRA:SRX1781442.27284520.1	98.630	73	1	0	2750	2822	73	1	1.02e-26	130
CFAV-KC_Cambodia_2015	SRA:SRX1781442.26576878.1	98.630	73	1	0	2810	2882	1	73	1.02e-26	130
CFAV-KC_Cambodia_2015	SRA:SRX1781442.26293841.1	98.630	73	1	0	1009	1081	1	73	1.02e-26	130
CFAV-KC_Cambodia_2015	SRA:SRX1781442.23295392.1	98.630	73	1	0	1992	2064	73	1	1.02e-26	130
CFAV-KC_Cambodia_2015	SRA:SRX1781442.21460850.1	98.630	73	1	0	2334	2406	1	73	1.02e-26	130
CFAV-KC_Cambodia_2015	SRA:SRX1781442.20363871.1	98.630	73	1	0	3661	3733	73	1	1.02e-26	130
CFAV-KC_Cambodia_2015	SRA:SRX1781442.5345095.1	98.630	73	1	0	3599	3671	1	73	1.02e-26	130
CFAV-KC_Cambodia_2015	SRA:SRX1781442.1857751.1	98.630	73	1	0	3562	3634	1	73	1.02e-26	130
CFAV-KC_Cambodia_2015	SRA:SRX1781442.1266160.1	98.630	73	1	0	3683	3755	73	1	1.02e-26	130
CFAV-KC_Cambodia_2015	SRA:SRX1781442.35688236.1	98.611	72	1	0	3670	3741	72	1	3.68e-26	128
CFAV-KC_Cambodia_2015	SRA:SRX1781442.23143215.1	98.611	72	1	0	2248	2319	72	1	3.68e-26	128
CFAV-KC_Cambodia_2015	SRA:SRX1781442.37123009.1	98.592	71	1	0	2749	2819	3	73	1.32e-25	126
CFAV-KC_Cambodia_2015	SRA:SRX1781442.39354658.1	97.260	73	2	0	2357	2429	1	73	4.76e-25	124
CFAV-KC_Cambodia_2015	SRA:SRX1781442.34597898.1	97.260	73	2	0	3528	3600	73	1	4.76e-25	124
CFAV-KC_Cambodia_2015	SRA:SRX1781442.32453530.1	97.260	73	2	0	3123	3195	73	1	4.76e-25	124
CFAV-KC_Cambodia_2015	SRA:SRX1781442.28978409.1	97.260	73	2	0	3342	3414	1	73	4.76e-25	124
CFAV-KC_Cambodia_2015	SRA:SRX1781442.25384957.1	97.260	73	2	0	2822	2894	73	1	4.76e-25	124
CFAV-KC_Cambodia_2015	SRA:SRX1781442.25333163.1	97.260	73	2	0	3313	3385	73	1	4.76e-25	124
CFAV-KC_Cambodia_2015	SRA:SRX1781442.25207573.1	97.260	73	2	0	3589	3661	1	73	4.76e-25	124
CFAV-KC_Cambodia_2015	SRA:SRX1781442.24759945.1	97.260	73	2	0	908	980	1	73	4.76e-25	124
CFAV-KC_Cambodia_2015	SRA:SRX1781442.22855068.1	97.260	73	2	0	1244	1316	73	1	4.76e-25	124
CFAV-KC_Cambodia_2015	SRA:SRX1781442.22335895.1	97.260	73	2	0	1578	1650	73	1	4.76e-25	124
CFAV-KC_Cambodia_2015	SRA:SRX1781442.21683807.1	97.260	73	2	0	912	984	73	1	4.76e-25	124
CFAV-KC_Cambodia_2015	SRA:SRX1781442.21056059.1	97.260	73	2	0	3339	3411	1	73	4.76e-25	124
CFAV-KC_Cambodia_2015	SRA:SRX1781442.20946554.1	97.260	73	2	0	2349	2421	1	73	4.76e-25	124
CFAV-KC_Cambodia_2015	SRA:SRX1781442.20456508.1	97.260	73	2	0	3629	3701	1	73	4.76e-25	124
CFAV-KC_Cambodia_2015	SRA:SRX1781442.18793035.1	97.260	73	2	0	3137	3209	73	1	4.76e-25	124
CFAV-KC_Cambodia_2015	SRA:SRX1781442.17645695.1	97.260	73	2	0	2158	2230	1	73	4.76e-25	124
CFAV-KC_Cambodia_2015	SRA:SRX1781442.16838578.1	97.260	73	2	0	1129	1201	73	1	4.76e-25	124
CFAV-KC_Cambodia_2015	SRA:SRX1781442.16288909.1	97.260	73	2	0	612	684	73	1	4.76e-25	124
CFAV-KC_Cambodia_2015	SRA:SRX1781442.16189623.1	97.260	73	2	0	2303	2375	1	73	4.76e-25	124
CFAV-KC_Cambodia_2015	SRA:SRX1781442.13027443.1	97.260	73	2	0	1822	1894	73	1	4.76e-25	124
CFAV-KC_Cambodia_2015	SRA:SRX1781442.13026125.1	97.260	73	2	0	2241	2313	73	1	4.76e-25	124
CFAV-KC_Cambodia_2015	SRA:SRX1781442.12437694.1	97.260	73	2	0	1382	1454	73	1	4.76e-25	124
CFAV-KC_Cambodia_2015	SRA:SRX1781442.12206522.1	97.260	73	2	0	428	500	1	73	4.76e-25	124
CFAV-KC_Cambodia_2015	SRA:SRX1781442.10772229.1	97.260	73	2	0	1956	2028	73	1	4.76e-25	124
CFAV-KC_Cambodia_2015	SRA:SRX1781442.10372142.1	97.260	73	2	0	912	984	73	1	4.76e-25	124
CFAV-KC_Cambodia_2015	SRA:SRX1781442.8063829.1	97.260	73	2	0	3516	3588	73	1	4.76e-25	124
CFAV-KC_Cambodia_2015	SRA:SRX1781442.4977854.1	97.260	73	2	0	3569	3641	1	73	4.76e-25	124
CFAV-KC_Cambodia_2015	SRA:SRX1781442.1905832.1	97.260	73	2	0	1828	1900	1	73	4.76e-25	124
CFAV-KC_Cambodia_2015	SRA:SRX1781442.1556020.1	97.260	73	2	0	1109	1181	73	1	4.76e-25	124
CFAV-KC_Cambodia_2015	SRA:SRX1781442.923365.1	97.260	73	2	0	3610	3682	1	73	4.76e-25	124
CFAV-KC_Cambodia_2015	SRA:SRX1781442.274702.1	97.260	73	2	0	3120	3192	1	73	4.76e-25	124
CFAV-KC_Cambodia_2015	SRA:SRX1781442.109298.1	97.260	73	2	0	3578	3650	73	1	4.76e-25	124
CFAV-KC_Cambodia_2015	SRA:SRX1781442.40046747.1	97.222	72	2	0	784	855	72	1	1.71e-24	122
CFAV-KC_Cambodia_2015	SRA:SRX1781442.37377011.1	97.222	72	2	0	1792	1863	72	1	1.71e-24	122
CFAV-KC_Cambodia_2015	SRA:SRX1781442.29840670.1	97.222	72	2	0	1998	2069	1	72	1.71e-24	122
CFAV-KC_Cambodia_2015	SRA:SRX1781442.26288230.1	97.222	72	2	0	1998	2069	73	2	1.71e-24	122
CFAV-KC_Cambodia_2015	SRA:SRX1781442.14665986.1	97.222	72	2	0	420	491	1	72	1.71e-24	122
CFAV-KC_Cambodia_2015	SRA:SRX1781442.11436736.1	97.222	72	2	0	406	477	2	73	1.71e-24	122
CFAV-KC_Cambodia_2015	SRA:SRX1781442.3914864.1	97.222	72	2	0	3474	3545	2	73	1.71e-24	122
CFAV-KC_Cambodia_2015	SRA:SRX1781442.2702336.1	97.222	72	2	0	406	477	2	73	1.71e-24	122
CFAV-KC_Cambodia_2015	SRA:SRX1781442.30577558.1	97.183	71	2	0	2741	2811	71	1	6.15e-24	121
CFAV-KC_Cambodia_2015	SRA:SRX1781442.17184805.1	97.183	71	2	0	3463	3533	1	71	6.15e-24	121
CFAV-KC_Cambodia_2015	SRA:SRX1781442.17041780.1	97.183	71	2	0	3311	3381	3	73	6.15e-24	121
CFAV-KC_Cambodia_2015	SRA:SRX1781442.2631566.1	97.183	71	2	0	3311	3381	3	73	6.15e-24	121
CFAV-KC_Cambodia_2015	SRA:SRX1781442.38757401.1	95.890	73	3	0	3200	3272	1	73	2.21e-23	119
CFAV-KC_Cambodia_2015	SRA:SRX1781442.38151150.1	95.890	73	3	0	825	897	1	73	2.21e-23	119
CFAV-KC_Cambodia_2015	SRA:SRX1781442.35974763.1	95.890	73	3	0	2905	2977	73	1	2.21e-23	119
CFAV-KC_Cambodia_2015	SRA:SRX1781442.34886388.1	95.890	73	3	0	1301	1373	73	1	2.21e-23	119
CFAV-KC_Cambodia_2015	SRA:SRX1781442.34506612.1	95.890	73	3	0	3214	3286	73	1	2.21e-23	119
CFAV-KC_Cambodia_2015	SRA:SRX1781442.33874080.1	95.890	73	3	0	2040	2112	73	1	2.21e-23	119
CFAV-KC_Cambodia_2015	SRA:SRX1781442.33338787.1	95.890	73	3	0	1393	1465	73	1	2.21e-23	119
CFAV-KC_Cambodia_2015	SRA:SRX1781442.32813632.1	95.890	73	3	0	857	929	73	1	2.21e-23	119
CFAV-KC_Cambodia_2015	SRA:SRX1781442.31601888.1	95.890	73	3	0	2546	2618	1	73	2.21e-23	119
CFAV-KC_Cambodia_2015	SRA:SRX1781442.27101541.1	95.890	73	3	0	857	929	73	1	2.21e-23	119
CFAV-KC_Cambodia_2015	SRA:SRX1781442.26984913.1	95.890	73	3	0	453	525	73	1	2.21e-23	119
CFAV-KC_Cambodia_2015	SRA:SRX1781442.25265258.1	95.890	73	3	0	496	568	1	73	2.21e-23	119
CFAV-KC_Cambodia_2015	SRA:SRX1781442.24797266.1	95.890	73	3	0	2271	2343	73	1	2.21e-23	119
CFAV-KC_Cambodia_2015	SRA:SRX1781442.21279908.1	98.507	67	1	0	2073	2139	73	7	2.21e-23	119
CFAV-KC_Cambodia_2015	SRA:SRX1781442.20663567.1	95.890	73	3	0	1640	1712	73	1	2.21e-23	119
CFAV-KC_Cambodia_2015	SRA:SRX1781442.19172214.1	95.890	73	3	0	383	455	73	1	2.21e-23	119
CFAV-KC_Cambodia_2015	SRA:SRX1781442.17903751.1	98.507	67	1	0	2073	2139	73	7	2.21e-23	119
CFAV-KC_Cambodia_2015	SRA:SRX1781442.17680416.1	95.890	73	3	0	2055	2127	73	1	2.21e-23	119
CFAV-KC_Cambodia_2015	SRA:SRX1781442.14960592.1	95.890	73	3	0	2471	2543	1	73	2.21e-23	119
CFAV-KC_Cambodia_2015	SRA:SRX1781442.12704801.1	97.143	70	2	0	3450	3519	70	1	2.21e-23	119
CFAV-KC_Cambodia_2015	SRA:SRX1781442.11330264.1	95.890	73	3	0	495	567	1	73	2.21e-23	119
CFAV-KC_Cambodia_2015	SRA:SRX1781442.11066224.1	95.890	73	3	0	837	909	1	73	2.21e-23	119
CFAV-KC_Cambodia_2015	SRA:SRX1781442.10902535.1	95.890	73	3	0	498	570	73	1	2.21e-23	119
CFAV-KC_Cambodia_2015	SRA:SRX1781442.9341189.1	95.890	73	3	0	2736	2808	1	73	2.21e-23	119
CFAV-KC_Cambodia_2015	SRA:SRX1781442.8676679.1	95.890	73	3	0	964	1036	73	1	2.21e-23	119
CFAV-KC_Cambodia_2015	SRA:SRX1781442.7913642.1	95.890	73	3	0	1365	1437	1	73	2.21e-23	119
CFAV-KC_Cambodia_2015	SRA:SRX1781442.7446742.1	95.890	73	3	0	2282	2354	1	73	2.21e-23	119
CFAV-KC_Cambodia_2015	SRA:SRX1781442.5230406.1	95.890	73	3	0	2032	2104	73	1	2.21e-23	119
CFAV-KC_Cambodia_2015	SRA:SRX1781442.4894055.1	95.890	73	3	0	1301	1373	73	1	2.21e-23	119
CFAV-KC_Cambodia_2015	SRA:SRX1781442.4200297.1	95.890	73	3	0	2271	2343	73	1	2.21e-23	119
CFAV-KC_Cambodia_2015	SRA:SRX1781442.39746327.1	97.101	69	2	0	1392	1460	2	70	7.96e-23	117
CFAV-KC_Cambodia_2015	SRA:SRX1781442.35654787.1	95.833	72	3	0	2431	2502	2	73	7.96e-23	117
CFAV-KC_Cambodia_2015	SRA:SRX1781442.20547668.1	95.833	72	3	0	2728	2799	2	73	7.96e-23	117
CFAV-KC_Cambodia_2015	SRA:SRX1781442.8323302.1	95.833	72	3	0	2728	2799	2	73	7.96e-23	117
CFAV-KC_Cambodia_2015	SRA:SRX1781442.33021434.1	95.775	71	3	0	2028	2098	3	73	2.86e-22	115
CFAV-KC_Cambodia_2015	SRA:SRX1781442.29070815.1	95.775	71	3	0	2053	2123	71	1	2.86e-22	115
CFAV-KC_Cambodia_2015	SRA:SRX1781442.7434160.1	95.775	71	3	0	2885	2955	1	71	2.86e-22	115
CFAV-KC_Cambodia_2015	SRA:SRX1781442.41359435.1	94.521	73	4	0	1865	1937	1	73	1.03e-21	113
CFAV-KC_Cambodia_2015	SRA:SRX1781442.31396366.1	94.521	73	4	0	2081	2153	73	1	1.03e-21	113
CFAV-KC_Cambodia_2015	SRA:SRX1781442.31138861.1	94.521	73	4	0	1405	1477	1	73	1.03e-21	113
CFAV-KC_Cambodia_2015	SRA:SRX1781442.27109707.1	94.521	73	4	0	1866	1938	73	1	1.03e-21	113
CFAV-KC_Cambodia_2015	SRA:SRX1781442.18942381.1	94.521	73	4	0	3385	3457	1	73	1.03e-21	113
CFAV-KC_Cambodia_2015	SRA:SRX1781442.17125649.1	94.521	73	4	0	1620	1692	73	1	1.03e-21	113
CFAV-KC_Cambodia_2015	SRA:SRX1781442.15861454.1	94.521	73	4	0	1866	1938	73	1	1.03e-21	113
CFAV-KC_Cambodia_2015	SRA:SRX1781442.14375364.1	94.521	73	4	0	2896	2968	73	1	1.03e-21	113
CFAV-KC_Cambodia_2015	SRA:SRX1781442.18032306.1	95.652	69	3	0	2046	2114	2	70	3.70e-21	111
CFAV-KC_Cambodia_2015	SRA:SRX1781442.5367846.1	95.588	68	3	0	708	775	1	68	1.33e-20	110
CFAV-KC_Cambodia_2015	SRA:SRX1781442.14127089.1	93.151	73	5	0	2415	2487	73	1	4.79e-20	108
CFAV-KC_Cambodia_2015	SRA:SRX1781442.30092415.1	93.056	72	5	0	2577	2648	2	73	1.72e-19	106
CFAV-KC_Cambodia_2015	SRA:SRX1781442.37472184.1	92.857	70	5	0	1916	1985	1	70	2.23e-18	102
CFAV-Zik_Uganda_2016	SRA:SRX1781442.31138861.1	100.000	73	0	0	1405	1477	1	73	2.20e-28	135
CFAV-Zik_Uganda_2016	SRA:SRX1781442.28978409.1	100.000	73	0	0	3342	3414	1	73	2.20e-28	135
CFAV-Zik_Uganda_2016	SRA:SRX1781442.25549133.1	100.000	73	0	0	3678	3750	73	1	2.20e-28	135
CFAV-Zik_Uganda_2016	SRA:SRX1781442.23409626.1	100.000	73	0	0	1648	1720	73	1	2.20e-28	135
CFAV-Zik_Uganda_2016	SRA:SRX1781442.21056059.1	100.000	73	0	0	3339	3411	1	73	2.20e-28	135
CFAV-Zik_Uganda_2016	SRA:SRX1781442.20663567.1	100.000	73	0	0	1640	1712	73	1	2.20e-28	135
CFAV-Zik_Uganda_2016	SRA:SRX1781442.20506397.1	100.000	73	0	0	3083	3155	73	1	2.20e-28	135
CFAV-Zik_Uganda_2016	SRA:SRX1781442.18164786.1	100.000	73	0	0	3174	3246	1	73	2.20e-28	135
CFAV-Zik_Uganda_2016	SRA:SRX1781442.16838578.1	100.000	73	0	0	1129	1201	73	1	2.20e-28	135
CFAV-Zik_Uganda_2016	SRA:SRX1781442.5345095.1	100.000	73	0	0	3599	3671	1	73	2.20e-28	135
CFAV-Zik_Uganda_2016	SRA:SRX1781442.4977854.1	100.000	73	0	0	3569	3641	1	73	2.20e-28	135
CFAV-Zik_Uganda_2016	SRA:SRX1781442.2249242.1	100.000	73	0	0	3183	3255	73	1	2.20e-28	135
CFAV-Zik_Uganda_2016	SRA:SRX1781442.1857751.1	100.000	73	0	0	3562	3634	1	73	2.20e-28	135
CFAV-Zik_Uganda_2016	SRA:SRX1781442.1556020.1	100.000	73	0	0	1109	1181	73	1	2.20e-28	135
CFAV-Zik_Uganda_2016	SRA:SRX1781442.423859.1	100.000	73	0	0	3172	3244	1	73	2.20e-28	135
CFAV-Zik_Uganda_2016	SRA:SRX1781442.35654787.1	100.000	72	0	0	2430	2501	1	72	7.90e-28	134
CFAV-Zik_Uganda_2016	SRA:SRX1781442.12704801.1	100.000	72	0	0	3448	3519	72	1	7.90e-28	134
CFAV-Zik_Uganda_2016	SRA:SRX1781442.17184805.1	100.000	71	0	0	3463	3533	1	71	2.84e-27	132
CFAV-Zik_Uganda_2016	SRA:SRX1781442.1082302.1	100.000	71	0	0	3160	3230	71	1	2.84e-27	132
CFAV-Zik_Uganda_2016	SRA:SRX1781442.38757401.1	98.630	73	1	0	3200	3272	1	73	1.02e-26	130
CFAV-Zik_Uganda_2016	SRA:SRX1781442.38151150.1	98.630	73	1	0	825	897	1	73	1.02e-26	130
CFAV-Zik_Uganda_2016	SRA:SRX1781442.37180989.1	98.630	73	1	0	813	885	73	1	1.02e-26	130
CFAV-Zik_Uganda_2016	SRA:SRX1781442.34506612.1	98.630	73	1	0	3214	3286	73	1	1.02e-26	130
CFAV-Zik_Uganda_2016	SRA:SRX1781442.33338787.1	100.000	70	0	0	1396	1465	70	1	1.02e-26	130
CFAV-Zik_Uganda_2016	SRA:SRX1781442.32813632.1	98.630	73	1	0	857	929	73	1	1.02e-26	130
CFAV-Zik_Uganda_2016	SRA:SRX1781442.32506876.1	98.630	73	1	0	2334	2406	1	73	1.02e-26	130
CFAV-Zik_Uganda_2016	SRA:SRX1781442.32453530.1	98.630	73	1	0	3123	3195	73	1	1.02e-26	130
CFAV-Zik_Uganda_2016	SRA:SRX1781442.31601888.1	98.630	73	1	0	2546	2618	1	73	1.02e-26	130
CFAV-Zik_Uganda_2016	SRA:SRX1781442.31024151.1	98.630	73	1	0	886	958	73	1	1.02e-26	130
CFAV-Zik_Uganda_2016	SRA:SRX1781442.30865953.1	98.630	73	1	0	668	740	73	1	1.02e-26	130
CFAV-Zik_Uganda_2016	SRA:SRX1781442.28153358.1	98.630	73	1	0	2385	2457	1	73	1.02e-26	130
CFAV-Zik_Uganda_2016	SRA:SRX1781442.27101541.1	98.630	73	1	0	857	929	73	1	1.02e-26	130
CFAV-Zik_Uganda_2016	SRA:SRX1781442.25333163.1	100.000	70	0	0	3316	3385	70	1	1.02e-26	130
CFAV-Zik_Uganda_2016	SRA:SRX1781442.25265258.1	98.630	73	1	0	496	568	1	73	1.02e-26	130
CFAV-Zik_Uganda_2016	SRA:SRX1781442.25207573.1	98.630	73	1	0	3589	3661	1	73	1.02e-26	130
CFAV-Zik_Uganda_2016	SRA:SRX1781442.25204127.1	98.630	73	1	0	3235	3307	1	73	1.02e-26	130
CFAV-Zik_Uganda_2016	SRA:SRX1781442.24797266.1	98.630	73	1	0	2271	2343	73	1	1.02e-26	130
CFAV-Zik_Uganda_2016	SRA:SRX1781442.23143215.1	98.630	73	1	0	2247	2319	73	1	1.02e-26	130
CFAV-Zik_Uganda_2016	SRA:SRX1781442.22335895.1	98.630	73	1	0	1578	1650	73	1	1.02e-26	130
CFAV-Zik_Uganda_2016	SRA:SRX1781442.21460850.1	98.630	73	1	0	2334	2406	1	73	1.02e-26	130
CFAV-Zik_Uganda_2016	SRA:SRX1781442.20456508.1	98.630	73	1	0	3629	3701	1	73	1.02e-26	130
CFAV-Zik_Uganda_2016	SRA:SRX1781442.20363871.1	98.630	73	1	0	3661	3733	73	1	1.02e-26	130
CFAV-Zik_Uganda_2016	SRA:SRX1781442.18793035.1	98.630	73	1	0	3137	3209	73	1	1.02e-26	130
CFAV-Zik_Uganda_2016	SRA:SRX1781442.18693486.1	98.630	73	1	0	2391	2463	1	73	1.02e-26	130
CFAV-Zik_Uganda_2016	SRA:SRX1781442.17784454.1	98.630	73	1	0	520	592	73	1	1.02e-26	130
CFAV-Zik_Uganda_2016	SRA:SRX1781442.17125649.1	98.630	73	1	0	1620	1692	73	1	1.02e-26	130
CFAV-Zik_Uganda_2016	SRA:SRX1781442.16189623.1	98.630	73	1	0	2303	2375	1	73	1.02e-26	130
CFAV-Zik_Uganda_2016	SRA:SRX1781442.14127089.1	98.630	73	1	0	2415	2487	73	1	1.02e-26	130
CFAV-Zik_Uganda_2016	SRA:SRX1781442.13026125.1	98.630	73	1	0	2241	2313	73	1	1.02e-26	130
CFAV-Zik_Uganda_2016	SRA:SRX1781442.11330264.1	98.630	73	1	0	495	567	1	73	1.02e-26	130
CFAV-Zik_Uganda_2016	SRA:SRX1781442.11066224.1	98.630	73	1	0	837	909	1	73	1.02e-26	130
CFAV-Zik_Uganda_2016	SRA:SRX1781442.10902535.1	98.630	73	1	0	498	570	73	1	1.02e-26	130
CFAV-Zik_Uganda_2016	SRA:SRX1781442.7446742.1	98.630	73	1	0	2282	2354	1	73	1.02e-26	130
CFAV-Zik_Uganda_2016	SRA:SRX1781442.5367846.1	98.630	73	1	0	708	780	1	73	1.02e-26	130
CFAV-Zik_Uganda_2016	SRA:SRX1781442.4200297.1	98.630	73	1	0	2271	2343	73	1	1.02e-26	130
CFAV-Zik_Uganda_2016	SRA:SRX1781442.1266160.1	98.630	73	1	0	3683	3755	73	1	1.02e-26	130
CFAV-Zik_Uganda_2016	SRA:SRX1781442.923365.1	98.630	73	1	0	3610	3682	1	73	1.02e-26	130
CFAV-Zik_Uganda_2016	SRA:SRX1781442.274702.1	98.630	73	1	0	3120	3192	1	73	1.02e-26	130
CFAV-Zik_Uganda_2016	SRA:SRX1781442.109298.1	98.630	73	1	0	3578	3650	73	1	1.02e-26	130
CFAV-Zik_Uganda_2016	SRA:SRX1781442.39746327.1	98.611	72	1	0	1392	1463	2	73	3.68e-26	128
CFAV-Zik_Uganda_2016	SRA:SRX1781442.35688236.1	98.611	72	1	0	3670	3741	72	1	3.68e-26	128
CFAV-Zik_Uganda_2016	SRA:SRX1781442.23295392.1	98.611	72	1	0	1992	2063	73	2	3.68e-26	128
CFAV-Zik_Uganda_2016	SRA:SRX1781442.3914864.1	98.611	72	1	0	3474	3545	2	73	3.68e-26	128
CFAV-Zik_Uganda_2016	SRA:SRX1781442.3754648.1	98.611	72	1	0	3425	3496	72	1	3.68e-26	128
CFAV-Zik_Uganda_2016	SRA:SRX1781442.17041780.1	98.592	71	1	0	3311	3381	3	73	1.32e-25	126
CFAV-Zik_Uganda_2016	SRA:SRX1781442.14375364.1	98.592	71	1	0	2896	2966	73	3	1.32e-25	126
CFAV-Zik_Uganda_2016	SRA:SRX1781442.2631566.1	98.592	71	1	0	3311	3381	3	73	1.32e-25	126
CFAV-Zik_Uganda_2016	SRA:SRX1781442.40313580.1	97.260	73	2	0	2949	3021	1	73	4.76e-25	124
CFAV-Zik_Uganda_2016	SRA:SRX1781442.40046747.1	97.260	73	2	0	783	855	73	1	4.76e-25	124
CFAV-Zik_Uganda_2016	SRA:SRX1781442.39354658.1	97.260	73	2	0	2357	2429	1	73	4.76e-25	124
CFAV-Zik_Uganda_2016	SRA:SRX1781442.35974763.1	97.260	73	2	0	2905	2977	73	1	4.76e-25	124
CFAV-Zik_Uganda_2016	SRA:SRX1781442.34886388.1	97.260	73	2	0	1301	1373	73	1	4.76e-25	124
CFAV-Zik_Uganda_2016	SRA:SRX1781442.34597898.1	97.260	73	2	0	3528	3600	73	1	4.76e-25	124
CFAV-Zik_Uganda_2016	SRA:SRX1781442.31426274.1	97.260	73	2	0	3404	3476	73	1	4.76e-25	124
CFAV-Zik_Uganda_2016	SRA:SRX1781442.31396366.1	97.260	73	2	0	2081	2153	73	1	4.76e-25	124
CFAV-Zik_Uganda_2016	SRA:SRX1781442.27284520.1	97.260	73	2	0	2750	2822	73	1	4.76e-25	124
CFAV-Zik_Uganda_2016	SRA:SRX1781442.26984913.1	97.260	73	2	0	453	525	73	1	4.76e-25	124
CFAV-Zik_Uganda_2016	SRA:SRX1781442.26576878.1	97.260	73	2	0	2810	2882	1	73	4.76e-25	124
CFAV-Zik_Uganda_2016	SRA:SRX1781442.26293841.1	97.260	73	2	0	1009	1081	1	73	4.76e-25	124
CFAV-Zik_Uganda_2016	SRA:SRX1781442.24759945.1	97.260	73	2	0	908	980	1	73	4.76e-25	124
CFAV-Zik_Uganda_2016	SRA:SRX1781442.22654891.1	97.260	73	2	0	3404	3476	73	1	4.76e-25	124
CFAV-Zik_Uganda_2016	SRA:SRX1781442.20946554.1	97.260	73	2	0	2349	2421	1	73	4.76e-25	124
CFAV-Zik_Uganda_2016	SRA:SRX1781442.18942381.1	97.260	73	2	0	3385	3457	1	73	4.76e-25	124
CFAV-Zik_Uganda_2016	SRA:SRX1781442.14960592.1	97.260	73	2	0	2471	2543	1	73	4.76e-25	124
CFAV-Zik_Uganda_2016	SRA:SRX1781442.14665986.1	97.260	73	2	0	420	492	1	73	4.76e-25	124
CFAV-Zik_Uganda_2016	SRA:SRX1781442.12437694.1	97.260	73	2	0	1382	1454	73	1	4.76e-25	124
CFAV-Zik_Uganda_2016	SRA:SRX1781442.12206522.1	97.260	73	2	0	428	500	1	73	4.76e-25	124
CFAV-Zik_Uganda_2016	SRA:SRX1781442.8063829.1	97.260	73	2	0	3516	3588	73	1	4.76e-25	124
CFAV-Zik_Uganda_2016	SRA:SRX1781442.5073425.1	97.260	73	2	0	2089	2161	73	1	4.76e-25	124
CFAV-Zik_Uganda_2016	SRA:SRX1781442.4894055.1	97.260	73	2	0	1301	1373	73	1	4.76e-25	124
CFAV-Zik_Uganda_2016	SRA:SRX1781442.1905832.1	97.260	73	2	0	1828	1900	1	73	4.76e-25	124
CFAV-Zik_Uganda_2016	SRA:SRX1781442.29840670.1	97.222	72	2	0	1998	2069	1	72	1.71e-24	122
CFAV-Zik_Uganda_2016	SRA:SRX1781442.26288230.1	97.222	72	2	0	1998	2069	73	2	1.71e-24	122
CFAV-Zik_Uganda_2016	SRA:SRX1781442.21683807.1	97.222	72	2	0	912	983	73	2	1.71e-24	122
CFAV-Zik_Uganda_2016	SRA:SRX1781442.10372142.1	97.222	72	2	0	912	983	73	2	1.71e-24	122
CFAV-Zik_Uganda_2016	SRA:SRX1781442.447243.1	97.222	72	2	0	3425	3496	72	1	1.71e-24	122
CFAV-Zik_Uganda_2016	SRA:SRX1781442.37123009.1	97.183	71	2	0	2749	2819	3	73	6.15e-24	121
CFAV-Zik_Uganda_2016	SRA:SRX1781442.13027443.1	97.183	71	2	0	1822	1892	73	3	6.15e-24	121
CFAV-Zik_Uganda_2016	SRA:SRX1781442.7434160.1	97.183	71	2	0	2885	2955	1	71	6.15e-24	121
CFAV-Zik_Uganda_2016	SRA:SRX1781442.41359435.1	95.890	73	3	0	1865	1937	1	73	2.21e-23	119
CFAV-Zik_Uganda_2016	SRA:SRX1781442.37562719.1	95.890	73	3	0	3258	3330	73	1	2.21e-23	119
CFAV-Zik_Uganda_2016	SRA:SRX1781442.37472184.1	95.890	73	3	0	1916	1988	1	73	2.21e-23	119
CFAV-Zik_Uganda_2016	SRA:SRX1781442.37377011.1	95.890	73	3	0	1791	1863	73	1	2.21e-23	119
CFAV-Zik_Uganda_2016	SRA:SRX1781442.35014007.1	95.890	73	3	0	3251	3323	73	1	2.21e-23	119
CFAV-Zik_Uganda_2016	SRA:SRX1781442.34675450.1	95.890	73	3	0	2864	2936	73	1	2.21e-23	119
CFAV-Zik_Uganda_2016	SRA:SRX1781442.33874080.1	95.890	73	3	0	2040	2112	73	1	2.21e-23	119
CFAV-Zik_Uganda_2016	SRA:SRX1781442.32483045.1	95.890	73	3	0	2824	2896	73	1	2.21e-23	119
CFAV-Zik_Uganda_2016	SRA:SRX1781442.29070815.1	95.890	73	3	0	2051	2123	73	1	2.21e-23	119
CFAV-Zik_Uganda_2016	SRA:SRX1781442.24946469.1	95.890	73	3	0	1438	1510	1	73	2.21e-23	119
CFAV-Zik_Uganda_2016	SRA:SRX1781442.22483529.1	95.890	73	3	0	1690	1762	1	73	2.21e-23	119
CFAV-Zik_Uganda_2016	SRA:SRX1781442.21336771.1	95.890	73	3	0	2140	2212	1	73	2.21e-23	119
CFAV-Zik_Uganda_2016	SRA:SRX1781442.21279908.1	95.890	73	3	0	2073	2145	73	1	2.21e-23	119
CFAV-Zik_Uganda_2016	SRA:SRX1781442.19172214.1	95.890	73	3	0	383	455	73	1	2.21e-23	119
CFAV-Zik_Uganda_2016	SRA:SRX1781442.17061371.1	95.890	73	3	0	540	612	73	1	2.21e-23	119
CFAV-Zik_Uganda_2016	SRA:SRX1781442.16288909.1	95.890	73	3	0	612	684	73	1	2.21e-23	119
CFAV-Zik_Uganda_2016	SRA:SRX1781442.5230406.1	95.890	73	3	0	2032	2104	73	1	2.21e-23	119
CFAV-Zik_Uganda_2016	SRA:SRX1781442.931991.1	95.890	73	3	0	1460	1532	1	73	2.21e-23	119
CFAV-Zik_Uganda_2016	SRA:SRX1781442.30092415.1	95.833	72	3	0	2577	2648	2	73	7.96e-23	117
CFAV-Zik_Uganda_2016	SRA:SRX1781442.18032306.1	95.833	72	3	0	2046	2117	2	73	7.96e-23	117
CFAV-Zik_Uganda_2016	SRA:SRX1781442.17680416.1	95.833	72	3	0	2055	2126	73	2	7.96e-23	117
CFAV-Zik_Uganda_2016	SRA:SRX1781442.4378973.1	95.833	72	3	0	1878	1949	1	72	7.96e-23	117
CFAV-Zik_Uganda_2016	SRA:SRX1781442.33021434.1	95.775	71	3	0	2028	2098	3	73	2.86e-22	115
CFAV-Zik_Uganda_2016	SRA:SRX1781442.17903751.1	95.775	71	3	0	2073	2143	73	3	2.86e-22	115
CFAV-Zik_Uganda_2016	SRA:SRX1781442.30577558.1	94.521	73	4	0	2739	2811	73	1	1.03e-21	113
CFAV-Zik_Uganda_2016	SRA:SRX1781442.9341189.1	94.521	73	4	0	2736	2808	1	73	1.03e-21	113
CFAV-Zik_Uganda_2016	SRA:SRX1781442.8676679.1	94.521	73	4	0	964	1036	73	1	1.03e-21	113
CFAV-Zik_Uganda_2016	SRA:SRX1781442.2531962.1	95.714	70	3	0	1492	1561	1	70	1.03e-21	113
CFAV-Zik_Uganda_2016	SRA:SRX1781442.11436736.1	94.444	72	4	0	406	477	2	73	3.70e-21	111
CFAV-Zik_Uganda_2016	SRA:SRX1781442.2702336.1	94.444	72	4	0	406	477	2	73	3.70e-21	111
CFAV-Zik_Uganda_2016	SRA:SRX1781442.17645695.1	94.366	71	4	0	2158	2228	1	71	1.33e-20	110
CFAV-Zik_Uganda_2016	SRA:SRX1781442.10700829.1	91.781	73	6	0	2664	2736	1	73	2.23e-18	102
