CFAV-Bangkok_Thailand_2015	SRA:SRX2989886.12536670.1	100.000	31	0	0	7359	7389	1	31	8.25e-06	58.4
CFAV-Bangkok_Thailand_2015	SRA:SRX2989886.11740816.1	100.000	29	0	0	4089	4117	29	1	1.07e-04	54.7
CFAV-Bangkok_Thailand_2015	SRA:SRX2989886.7998455.1	100.000	29	0	0	4089	4117	29	1	1.07e-04	54.7
CFAV-Bangkok_Thailand_2015	SRA:SRX2989886.4387325.1	100.000	29	0	0	3949	3977	29	1	1.07e-04	54.7
CFAV-Bangkok_Thailand_2015	SRA:SRX2989886.2533148.1	100.000	29	0	0	3915	3943	29	1	1.07e-04	54.7
CFAV-Bangkok_Thailand_2015	SRA:SRX2989886.1917651.1	96.970	33	0	1	3984	4016	32	1	1.07e-04	54.7
CFAV-Bangkok_Thailand_2015	SRA:SRX2989886.1154531.1	100.000	29	0	0	3915	3943	29	1	1.07e-04	54.7
CFAV-Bangkok_Thailand_2015	SRA:SRX2989886.10943202.1	100.000	28	0	0	4094	4121	28	1	3.84e-04	52.8
NC_001564	SRA:SRX2989886.12536670.1	100.000	31	0	0	7366	7396	1	31	8.27e-06	58.4
NC_001564	SRA:SRX2989886.11740816.1	100.000	29	0	0	4096	4124	29	1	1.07e-04	54.7
NC_001564	SRA:SRX2989886.7998455.1	100.000	29	0	0	4096	4124	29	1	1.07e-04	54.7
NC_001564	SRA:SRX2989886.4387325.1	100.000	29	0	0	3956	3984	29	1	1.07e-04	54.7
NC_001564	SRA:SRX2989886.1917651.1	96.970	33	0	1	3991	4023	32	1	1.07e-04	54.7
NC_001564	SRA:SRX2989886.10943202.1	100.000	28	0	0	4101	4128	28	1	3.85e-04	52.8
CFAV-Cairns_Australia_2014	SRA:SRX2989886.12536670.1	100.000	31	0	0	7365	7395	1	31	8.27e-06	58.4
CFAV-Cairns_Australia_2014	SRA:SRX2989886.1917651.1	96.970	33	0	1	3990	4022	32	1	1.07e-04	54.7
CFAV-Macapa2_Brazil_2017	SRA:SRX2989886.12536670.1	100.000	30	0	0	7366	7395	1	30	2.97e-05	56.5
CFAV-Macapa2_Brazil_2017	SRA:SRX2989886.1917651.1	96.970	33	0	1	3991	4023	32	1	1.07e-04	54.7
CFAV-KC_Cambodia_2015	SRA:SRX2989886.12536670.1	100.000	31	0	0	7377	7407	1	31	8.28e-06	58.4
CFAV-KC_Cambodia_2015	SRA:SRX2989886.11740816.1	100.000	29	0	0	4107	4135	29	1	1.07e-04	54.7
CFAV-KC_Cambodia_2015	SRA:SRX2989886.7998455.1	100.000	29	0	0	4107	4135	29	1	1.07e-04	54.7
CFAV-KC_Cambodia_2015	SRA:SRX2989886.1917651.1	96.970	33	0	1	4002	4034	32	1	1.07e-04	54.7
CFAV-KC_Cambodia_2015	SRA:SRX2989886.10943202.1	100.000	28	0	0	4112	4139	28	1	3.85e-04	52.8
CFAV-KC_Cambodia_2015	SRA:SRX2989886.2533148.1	100.000	28	0	0	3934	3961	28	1	3.85e-04	52.8
CFAV-KC_Cambodia_2015	SRA:SRX2989886.1154531.1	100.000	28	0	0	3934	3961	28	1	3.85e-04	52.8
CFAV-Zik_Uganda_2016	SRA:SRX2989886.4387325.1	100.000	29	0	0	3967	3995	29	1	1.07e-04	54.7
CFAV-Zik_Uganda_2016	SRA:SRX2989886.1917651.1	96.970	33	0	1	4002	4034	32	1	1.07e-04	54.7
