CFAV-Bangkok_Thailand_2015	SRA:SRX2989888.2270584.1	97.959	49	1	0	4047	4095	49	1	3.86e-14	86.1
CFAV-Bangkok_Thailand_2015	SRA:SRX2989888.13676855.1	100.000	32	0	0	3960	3991	32	1	2.34e-06	60.2
CFAV-Bangkok_Thailand_2015	SRA:SRX2989888.11288879.1	100.000	32	0	0	7410	7441	1	32	2.34e-06	60.2
CFAV-Bangkok_Thailand_2015	SRA:SRX2989888.1974242.1	100.000	31	0	0	7403	7433	1	31	8.41e-06	58.4
CFAV-Bangkok_Thailand_2015	SRA:SRX2989888.11744554.1	100.000	30	0	0	3932	3961	30	1	3.03e-05	56.5
NC_001564	SRA:SRX2989888.2270584.1	100.000	49	0	0	4054	4102	49	1	8.31e-16	91.6
NC_001564	SRA:SRX2989888.13676855.1	100.000	32	0	0	3967	3998	32	1	2.34e-06	60.2
NC_001564	SRA:SRX2989888.11603839.1	100.000	31	0	0	4081	4111	31	1	8.43e-06	58.4
NC_001564	SRA:SRX2989888.3723075.1	100.000	31	0	0	4081	4111	31	1	8.43e-06	58.4
NC_001564	SRA:SRX2989888.1974242.1	100.000	31	0	0	7410	7440	1	31	8.43e-06	58.4
NC_001564	SRA:SRX2989888.11744554.1	100.000	29	0	0	3940	3968	29	1	1.09e-04	54.7
CFAV-Cairns_Australia_2014	SRA:SRX2989888.2270584.1	100.000	49	0	0	4053	4101	49	1	8.32e-16	91.6
CFAV-Cairns_Australia_2014	SRA:SRX2989888.11288879.1	100.000	32	0	0	7416	7447	1	32	2.34e-06	60.2
CFAV-Cairns_Australia_2014	SRA:SRX2989888.11603839.1	100.000	31	0	0	4080	4110	31	1	8.43e-06	58.4
CFAV-Cairns_Australia_2014	SRA:SRX2989888.3723075.1	100.000	31	0	0	4080	4110	31	1	8.43e-06	58.4
CFAV-Cairns_Australia_2014	SRA:SRX2989888.1974242.1	100.000	31	0	0	7409	7439	1	31	8.43e-06	58.4
CFAV-Cairns_Australia_2014	SRA:SRX2989888.11744554.1	100.000	30	0	0	3938	3967	30	1	3.03e-05	56.5
CFAV-Cairns_Australia_2014	SRA:SRX2989888.13676855.1	100.000	29	0	0	3969	3997	29	1	1.09e-04	54.7
CFAV-Macapa2_Brazil_2017	SRA:SRX2989888.2270584.1	97.959	49	1	0	4054	4102	49	1	3.87e-14	86.1
CFAV-Macapa2_Brazil_2017	SRA:SRX2989888.13676855.1	100.000	29	0	0	3970	3998	29	1	1.09e-04	54.7
CFAV-Macapa2_Brazil_2017	SRA:SRX2989888.11744554.1	100.000	29	0	0	3940	3968	29	1	1.09e-04	54.7
CFAV-KC_Cambodia_2015	SRA:SRX2989888.2270584.1	100.000	49	0	0	4065	4113	49	1	8.32e-16	91.6
CFAV-KC_Cambodia_2015	SRA:SRX2989888.11603839.1	100.000	31	0	0	4092	4122	31	1	8.44e-06	58.4
CFAV-KC_Cambodia_2015	SRA:SRX2989888.3723075.1	100.000	31	0	0	4092	4122	31	1	8.44e-06	58.4
CFAV-KC_Cambodia_2015	SRA:SRX2989888.11744554.1	100.000	30	0	0	3950	3979	30	1	3.04e-05	56.5
CFAV-Zik_Uganda_2016	SRA:SRX2989888.2270584.1	97.959	49	1	0	4065	4113	49	1	3.87e-14	86.1
CFAV-Zik_Uganda_2016	SRA:SRX2989888.13676855.1	100.000	32	0	0	3978	4009	32	1	2.35e-06	60.2
CFAV-Zik_Uganda_2016	SRA:SRX2989888.11288879.1	100.000	32	0	0	7428	7459	1	32	2.35e-06	60.2
CFAV-Zik_Uganda_2016	SRA:SRX2989888.11603839.1	100.000	31	0	0	4092	4122	31	1	8.44e-06	58.4
CFAV-Zik_Uganda_2016	SRA:SRX2989888.3723075.1	100.000	31	0	0	4092	4122	31	1	8.44e-06	58.4
CFAV-Zik_Uganda_2016	SRA:SRX2989888.1974242.1	100.000	31	0	0	7421	7451	1	31	8.44e-06	58.4
CFAV-Zik_Uganda_2016	SRA:SRX2989888.11744554.1	100.000	30	0	0	3950	3979	30	1	3.04e-05	56.5
