CFAV-Bangkok_Thailand_2015	SRA:SRX2989889.9076832.1	100.000	32	0	0	7400	7431	1	32	2.27e-06	60.2
CFAV-Bangkok_Thailand_2015	SRA:SRX2989889.10929250.1	100.000	29	0	0	3922	3950	29	1	1.05e-04	54.7
CFAV-Bangkok_Thailand_2015	SRA:SRX2989889.3564945.1	100.000	29	0	0	3960	3988	29	1	1.05e-04	54.7
CFAV-Bangkok_Thailand_2015	SRA:SRX2989889.2397000.1	100.000	29	0	0	3922	3950	29	1	1.05e-04	54.7
CFAV-Bangkok_Thailand_2015	SRA:SRX2989889.14127168.1	100.000	28	0	0	3965	3992	28	1	3.79e-04	52.8
CFAV-Bangkok_Thailand_2015	SRA:SRX2989889.8742836.1	92.105	38	2	1	7355	7391	1	38	3.79e-04	52.8
NC_001564	SRA:SRX2989889.9076832.1	100.000	32	0	0	7407	7438	1	32	2.27e-06	60.2
NC_001564	SRA:SRX2989889.3564945.1	100.000	29	0	0	3967	3995	29	1	1.06e-04	54.7
NC_001564	SRA:SRX2989889.14127168.1	100.000	28	0	0	3972	3999	28	1	3.80e-04	52.8
NC_001564	SRA:SRX2989889.8742836.1	92.105	38	2	1	7362	7398	1	38	3.80e-04	52.8
CFAV-Cairns_Australia_2014	SRA:SRX2989889.9076832.1	100.000	32	0	0	7406	7437	1	32	2.27e-06	60.2
CFAV-Cairns_Australia_2014	SRA:SRX2989889.14127168.1	100.000	28	0	0	3971	3998	28	1	3.80e-04	52.8
CFAV-Cairns_Australia_2014	SRA:SRX2989889.8742836.1	92.105	38	2	1	7361	7397	1	38	3.80e-04	52.8
CFAV-Macapa2_Brazil_2017	SRA:SRX2989889.14127168.1	100.000	28	0	0	3972	3999	28	1	3.80e-04	52.8
CFAV-Macapa2_Brazil_2017	SRA:SRX2989889.8742836.1	100.000	28	0	0	7362	7389	1	28	3.80e-04	52.8
CFAV-KC_Cambodia_2015	SRA:SRX2989889.10929250.1	100.000	29	0	0	3940	3968	29	1	1.06e-04	54.7
CFAV-KC_Cambodia_2015	SRA:SRX2989889.9076832.1	94.444	36	1	1	7418	7453	1	35	1.06e-04	54.7
CFAV-KC_Cambodia_2015	SRA:SRX2989889.2397000.1	100.000	29	0	0	3940	3968	29	1	1.06e-04	54.7
CFAV-KC_Cambodia_2015	SRA:SRX2989889.8742836.1	92.105	38	2	1	7373	7409	1	38	3.80e-04	52.8
CFAV-Zik_Uganda_2016	SRA:SRX2989889.9076832.1	100.000	32	0	0	7418	7449	1	32	2.27e-06	60.2
CFAV-Zik_Uganda_2016	SRA:SRX2989889.3564945.1	100.000	29	0	0	3978	4006	29	1	1.06e-04	54.7
CFAV-Zik_Uganda_2016	SRA:SRX2989889.14127168.1	100.000	28	0	0	3983	4010	28	1	3.80e-04	52.8
