CFAV-Bangkok_Thailand_2015	SRA:SRX2989895.9985356.1	100.000	34	0	0	3981	4014	34	1	1.37e-07	63.9
CFAV-Bangkok_Thailand_2015	SRA:SRX2989895.6806549.1	100.000	32	0	0	3981	4012	32	1	1.77e-06	60.2
CFAV-Bangkok_Thailand_2015	SRA:SRX2989895.4328240.1	97.143	35	1	0	3984	4018	35	1	1.77e-06	60.2
CFAV-Bangkok_Thailand_2015	SRA:SRX2989895.1415959.1	97.143	35	1	0	3984	4018	35	1	1.77e-06	60.2
CFAV-Bangkok_Thailand_2015	SRA:SRX2989895.5297228.1	100.000	31	0	0	7359	7389	1	31	6.38e-06	58.4
CFAV-Bangkok_Thailand_2015	SRA:SRX2989895.4239933.1	100.000	30	0	0	7359	7388	1	30	2.29e-05	56.5
CFAV-Bangkok_Thailand_2015	SRA:SRX2989895.1004983.1	100.000	28	0	0	3965	3992	28	1	2.97e-04	52.8
CFAV-Bangkok_Thailand_2015	SRA:SRX2989895.5809539.1	100.000	27	0	0	3974	4000	27	1	0.001	51.0
NC_001564	SRA:SRX2989895.9985356.1	100.000	34	0	0	3988	4021	34	1	1.37e-07	63.9
NC_001564	SRA:SRX2989895.7534336.1	97.222	36	0	1	4107	4142	35	1	1.78e-06	60.2
NC_001564	SRA:SRX2989895.6806549.1	100.000	32	0	0	3988	4019	32	1	1.78e-06	60.2
NC_001564	SRA:SRX2989895.4328240.1	97.143	35	1	0	3991	4025	35	1	1.78e-06	60.2
NC_001564	SRA:SRX2989895.1415959.1	97.143	35	1	0	3991	4025	35	1	1.78e-06	60.2
NC_001564	SRA:SRX2989895.5297228.1	100.000	31	0	0	7366	7396	1	31	6.39e-06	58.4
NC_001564	SRA:SRX2989895.4239933.1	100.000	30	0	0	7366	7395	1	30	2.30e-05	56.5
NC_001564	SRA:SRX2989895.5478398.1	100.000	28	0	0	4189	4216	30	3	2.97e-04	52.8
NC_001564	SRA:SRX2989895.1004983.1	100.000	28	0	0	3972	3999	28	1	2.97e-04	52.8
NC_001564	SRA:SRX2989895.5809539.1	100.000	27	0	0	3981	4007	27	1	0.001	51.0
CFAV-Cairns_Australia_2014	SRA:SRX2989895.9985356.1	100.000	34	0	0	3987	4020	34	1	1.37e-07	63.9
CFAV-Cairns_Australia_2014	SRA:SRX2989895.6806549.1	100.000	32	0	0	3987	4018	32	1	1.78e-06	60.2
CFAV-Cairns_Australia_2014	SRA:SRX2989895.4328240.1	97.143	35	1	0	3990	4024	35	1	1.78e-06	60.2
CFAV-Cairns_Australia_2014	SRA:SRX2989895.1415959.1	97.143	35	1	0	3990	4024	35	1	1.78e-06	60.2
CFAV-Cairns_Australia_2014	SRA:SRX2989895.5297228.1	100.000	31	0	0	7365	7395	1	31	6.39e-06	58.4
CFAV-Cairns_Australia_2014	SRA:SRX2989895.4239933.1	100.000	30	0	0	7365	7394	1	30	2.30e-05	56.5
CFAV-Cairns_Australia_2014	SRA:SRX2989895.5478398.1	100.000	28	0	0	4188	4215	30	3	2.97e-04	52.8
CFAV-Cairns_Australia_2014	SRA:SRX2989895.1004983.1	100.000	28	0	0	3971	3998	28	1	2.97e-04	52.8
CFAV-Cairns_Australia_2014	SRA:SRX2989895.5809539.1	100.000	27	0	0	3980	4006	27	1	0.001	51.0
CFAV-Macapa2_Brazil_2017	SRA:SRX2989895.9985356.1	100.000	34	0	0	3988	4021	34	1	1.37e-07	63.9
CFAV-Macapa2_Brazil_2017	SRA:SRX2989895.6806549.1	100.000	32	0	0	3988	4019	32	1	1.78e-06	60.2
CFAV-Macapa2_Brazil_2017	SRA:SRX2989895.4328240.1	97.143	35	1	0	3991	4025	35	1	1.78e-06	60.2
CFAV-Macapa2_Brazil_2017	SRA:SRX2989895.1415959.1	97.143	35	1	0	3991	4025	35	1	1.78e-06	60.2
CFAV-Macapa2_Brazil_2017	SRA:SRX2989895.4239933.1	100.000	31	0	0	7366	7396	1	31	6.39e-06	58.4
CFAV-Macapa2_Brazil_2017	SRA:SRX2989895.5478398.1	100.000	30	0	0	4189	4218	30	1	2.30e-05	56.5
CFAV-Macapa2_Brazil_2017	SRA:SRX2989895.5297228.1	100.000	30	0	0	7366	7395	1	30	2.30e-05	56.5
CFAV-Macapa2_Brazil_2017	SRA:SRX2989895.1004983.1	100.000	28	0	0	3972	3999	28	1	2.97e-04	52.8
CFAV-Macapa2_Brazil_2017	SRA:SRX2989895.5809539.1	100.000	27	0	0	3981	4007	27	1	0.001	51.0
CFAV-KC_Cambodia_2015	SRA:SRX2989895.9985356.1	100.000	34	0	0	3999	4032	34	1	1.38e-07	63.9
CFAV-KC_Cambodia_2015	SRA:SRX2989895.7534336.1	97.222	36	0	1	4118	4153	35	1	1.78e-06	60.2
CFAV-KC_Cambodia_2015	SRA:SRX2989895.6806549.1	100.000	32	0	0	3999	4030	32	1	1.78e-06	60.2
CFAV-KC_Cambodia_2015	SRA:SRX2989895.4328240.1	97.143	35	1	0	4002	4036	35	1	1.78e-06	60.2
CFAV-KC_Cambodia_2015	SRA:SRX2989895.1415959.1	97.143	35	1	0	4002	4036	35	1	1.78e-06	60.2
CFAV-KC_Cambodia_2015	SRA:SRX2989895.5297228.1	100.000	31	0	0	7377	7407	1	31	6.40e-06	58.4
CFAV-KC_Cambodia_2015	SRA:SRX2989895.4239933.1	100.000	30	0	0	7377	7406	1	30	2.30e-05	56.5
CFAV-Zik_Uganda_2016	SRA:SRX2989895.9985356.1	100.000	34	0	0	3999	4032	34	1	1.38e-07	63.9
CFAV-Zik_Uganda_2016	SRA:SRX2989895.6806549.1	100.000	32	0	0	3999	4030	32	1	1.78e-06	60.2
CFAV-Zik_Uganda_2016	SRA:SRX2989895.4328240.1	97.143	35	1	0	4002	4036	35	1	1.78e-06	60.2
CFAV-Zik_Uganda_2016	SRA:SRX2989895.1415959.1	97.143	35	1	0	4002	4036	35	1	1.78e-06	60.2
CFAV-Zik_Uganda_2016	SRA:SRX2989895.1004983.1	100.000	28	0	0	3983	4010	28	1	2.98e-04	52.8
CFAV-Zik_Uganda_2016	SRA:SRX2989895.5809539.1	100.000	27	0	0	3992	4018	27	1	0.001	51.0
