CFAV-Bangkok_Thailand_2015	SRA:SRX2878346.70819.2	96.575	146	5	0	9397	9542	148	3	2.18e-62	243
CFAV-Bangkok_Thailand_2015	SRA:SRX2878346.70819.1	95.973	149	6	0	9361	9509	2	150	2.18e-62	243
CFAV-Bangkok_Thailand_2015	SRA:SRX2878346.59212.1	95.862	145	6	0	766	910	1	145	3.64e-60	235
CFAV-Bangkok_Thailand_2015	SRA:SRX2878346.59212.2	95.833	144	6	0	766	909	144	1	1.31e-59	233
CFAV-Bangkok_Thailand_2015	SRA:SRX2878346.32899.2	96.183	131	5	0	5798	5928	131	1	4.75e-54	215
CFAV-Bangkok_Thailand_2015	SRA:SRX2878346.32899.1	96.183	131	5	0	5798	5928	1	131	4.75e-54	215
NC_001564	SRA:SRX2878346.55541.2	98.658	149	2	0	5392	5540	149	1	4.66e-69	265
NC_001564	SRA:SRX2878346.55541.1	98.658	149	2	0	5392	5540	1	149	4.66e-69	265
NC_001564	SRA:SRX2878346.59212.1	97.241	145	4	0	773	917	1	145	1.69e-63	246
NC_001564	SRA:SRX2878346.59212.2	97.222	144	4	0	773	916	144	1	6.07e-63	244
NC_001564	SRA:SRX2878346.70819.1	94.631	149	8	0	9368	9516	2	150	4.72e-59	231
NC_001564	SRA:SRX2878346.70819.2	93.919	148	9	0	9402	9549	150	3	7.90e-57	224
NC_001564	SRA:SRX2878346.32899.2	96.183	131	5	0	5805	5935	131	1	4.76e-54	215
NC_001564	SRA:SRX2878346.32899.1	96.183	131	5	0	5805	5935	1	131	4.76e-54	215
CFAV-Cairns_Australia_2014	SRA:SRX2878346.55541.2	100.000	149	0	0	5391	5539	149	1	2.15e-72	276
CFAV-Cairns_Australia_2014	SRA:SRX2878346.55541.1	100.000	149	0	0	5391	5539	1	149	2.15e-72	276
CFAV-Cairns_Australia_2014	SRA:SRX2878346.70819.1	96.644	149	5	0	9367	9515	2	150	4.69e-64	248
CFAV-Cairns_Australia_2014	SRA:SRX2878346.59212.1	96.552	145	5	0	772	916	1	145	7.85e-62	241
CFAV-Cairns_Australia_2014	SRA:SRX2878346.59212.2	96.528	144	5	0	772	915	144	1	2.82e-61	239
CFAV-Cairns_Australia_2014	SRA:SRX2878346.70819.2	95.270	148	7	0	9401	9548	150	3	3.65e-60	235
CFAV-Cairns_Australia_2014	SRA:SRX2878346.44965.2	93.333	150	10	0	8178	8327	150	1	2.84e-56	222
CFAV-Cairns_Australia_2014	SRA:SRX2878346.32899.2	96.947	131	4	0	5804	5934	131	1	1.02e-55	220
CFAV-Cairns_Australia_2014	SRA:SRX2878346.32899.1	96.947	131	4	0	5804	5934	1	131	1.02e-55	220
CFAV-Cairns_Australia_2014	SRA:SRX2878346.44965.1	93.750	144	9	0	8169	8312	1	144	1.32e-54	217
CFAV-Macapa2_Brazil_2017	SRA:SRX2878346.55541.2	100.000	149	0	0	5392	5540	149	1	2.15e-72	276
CFAV-Macapa2_Brazil_2017	SRA:SRX2878346.55541.1	100.000	149	0	0	5392	5540	1	149	2.15e-72	276
CFAV-Macapa2_Brazil_2017	SRA:SRX2878346.70819.1	98.667	150	2	0	9367	9516	1	150	1.29e-69	267
CFAV-Macapa2_Brazil_2017	SRA:SRX2878346.70819.2	98.649	148	2	0	9402	9549	150	3	1.67e-68	263
CFAV-Macapa2_Brazil_2017	SRA:SRX2878346.44965.2	98.000	150	3	0	8179	8328	150	1	6.02e-68	261
CFAV-Macapa2_Brazil_2017	SRA:SRX2878346.44965.1	97.959	147	3	0	8170	8316	1	147	2.80e-66	255
CFAV-Macapa2_Brazil_2017	SRA:SRX2878346.59212.1	97.931	145	3	0	773	917	1	145	3.63e-65	252
CFAV-Macapa2_Brazil_2017	SRA:SRX2878346.59212.2	97.917	144	3	0	773	916	144	1	1.30e-64	250
CFAV-Macapa2_Brazil_2017	SRA:SRX2878346.32899.2	100.000	131	0	0	5805	5935	131	1	2.18e-62	243
CFAV-Macapa2_Brazil_2017	SRA:SRX2878346.32899.1	100.000	131	0	0	5805	5935	1	131	2.18e-62	243
CFAV-KC_Cambodia_2015	SRA:SRX2878346.55541.2	98.649	148	2	0	5404	5551	148	1	1.68e-68	263
CFAV-KC_Cambodia_2015	SRA:SRX2878346.55541.1	98.649	148	2	0	5404	5551	2	149	1.68e-68	263
CFAV-KC_Cambodia_2015	SRA:SRX2878346.70819.2	95.973	149	6	0	9413	9561	150	2	2.18e-62	243
CFAV-KC_Cambodia_2015	SRA:SRX2878346.70819.1	95.973	149	6	0	9379	9527	2	150	2.18e-62	243
CFAV-KC_Cambodia_2015	SRA:SRX2878346.59212.2	95.205	146	7	0	782	927	146	1	4.73e-59	231
CFAV-KC_Cambodia_2015	SRA:SRX2878346.59212.1	95.172	145	7	0	784	928	1	145	1.70e-58	230
CFAV-KC_Cambodia_2015	SRA:SRX2878346.44965.2	92.667	150	11	0	8190	8339	150	1	1.32e-54	217
CFAV-KC_Cambodia_2015	SRA:SRX2878346.44965.1	91.333	150	13	0	8181	8330	1	150	2.87e-51	206
CFAV-KC_Cambodia_2015	SRA:SRX2878346.32899.2	94.656	131	7	0	5816	5946	131	1	1.03e-50	204
CFAV-KC_Cambodia_2015	SRA:SRX2878346.32899.1	94.656	131	7	0	5816	5946	1	131	1.03e-50	204
CFAV-Zik_Uganda_2016	SRA:SRX2878346.55541.2	98.658	149	2	0	5403	5551	149	1	4.66e-69	265
CFAV-Zik_Uganda_2016	SRA:SRX2878346.55541.1	98.658	149	2	0	5403	5551	1	149	4.66e-69	265
CFAV-Zik_Uganda_2016	SRA:SRX2878346.70819.2	95.973	149	6	0	9413	9561	150	2	2.18e-62	243
CFAV-Zik_Uganda_2016	SRA:SRX2878346.70819.1	95.302	149	7	0	9379	9527	2	150	1.02e-60	237
CFAV-Zik_Uganda_2016	SRA:SRX2878346.59212.1	95.172	145	7	0	784	928	1	145	1.70e-58	230
CFAV-Zik_Uganda_2016	SRA:SRX2878346.59212.2	95.139	144	7	0	784	927	144	1	6.12e-58	228
CFAV-Zik_Uganda_2016	SRA:SRX2878346.44965.2	93.793	145	9	0	8195	8339	145	1	3.68e-55	219
CFAV-Zik_Uganda_2016	SRA:SRX2878346.32899.2	96.183	131	5	0	5816	5946	131	1	4.76e-54	215
CFAV-Zik_Uganda_2016	SRA:SRX2878346.32899.1	96.183	131	5	0	5816	5946	1	131	4.76e-54	215
CFAV-Zik_Uganda_2016	SRA:SRX2878346.44965.1	92.517	147	11	0	8181	8327	1	147	6.16e-53	211
