CFAV-Bangkok_Thailand_2015	SRA:SRX2989898.6026270.1	93.750	48	3	0	4137	4184	48	1	2.63e-10	73.1
CFAV-Bangkok_Thailand_2015	SRA:SRX2989898.10760682.1	100.000	32	0	0	7359	7390	1	32	2.05e-06	60.2
CFAV-Bangkok_Thailand_2015	SRA:SRX2989898.4231271.1	100.000	31	0	0	7370	7400	1	31	7.37e-06	58.4
CFAV-Bangkok_Thailand_2015	SRA:SRX2989898.5772817.1	100.000	30	0	0	7361	7390	1	30	2.65e-05	56.5
CFAV-Bangkok_Thailand_2015	SRA:SRX2989898.7460523.1	100.000	29	0	0	3922	3950	29	1	9.53e-05	54.7
CFAV-Bangkok_Thailand_2015	SRA:SRX2989898.8458910.1	100.000	28	0	0	7433	7460	1	28	3.43e-04	52.8
CFAV-Bangkok_Thailand_2015	SRA:SRX2989898.6342130.1	100.000	28	0	0	3922	3949	28	1	3.43e-04	52.8
CFAV-Bangkok_Thailand_2015	SRA:SRX2989898.5772416.1	100.000	28	0	0	4035	4062	28	1	3.43e-04	52.8
CFAV-Bangkok_Thailand_2015	SRA:SRX2989898.2154950.1	100.000	28	0	0	3965	3992	28	1	3.43e-04	52.8
NC_001564	SRA:SRX2989898.6026270.1	93.750	48	3	0	4144	4191	48	1	2.64e-10	73.1
NC_001564	SRA:SRX2989898.10760682.1	100.000	32	0	0	7366	7397	1	32	2.05e-06	60.2
NC_001564	SRA:SRX2989898.4231271.1	100.000	31	0	0	7377	7407	1	31	7.39e-06	58.4
NC_001564	SRA:SRX2989898.5772817.1	100.000	30	0	0	7368	7397	1	30	2.66e-05	56.5
NC_001564	SRA:SRX2989898.4664418.1	100.000	29	0	0	8588	8616	2	30	9.55e-05	54.7
NC_001564	SRA:SRX2989898.5772416.1	100.000	28	0	0	4042	4069	28	1	3.44e-04	52.8
NC_001564	SRA:SRX2989898.2154950.1	100.000	28	0	0	3972	3999	28	1	3.44e-04	52.8
CFAV-Cairns_Australia_2014	SRA:SRX2989898.6026270.1	93.750	48	3	0	4143	4190	48	1	2.64e-10	73.1
CFAV-Cairns_Australia_2014	SRA:SRX2989898.10760682.1	100.000	32	0	0	7365	7396	1	32	2.05e-06	60.2
CFAV-Cairns_Australia_2014	SRA:SRX2989898.8458910.1	100.000	31	0	0	7439	7469	1	31	7.39e-06	58.4
CFAV-Cairns_Australia_2014	SRA:SRX2989898.4231271.1	100.000	31	0	0	7376	7406	1	31	7.39e-06	58.4
CFAV-Cairns_Australia_2014	SRA:SRX2989898.5772817.1	100.000	30	0	0	7367	7396	1	30	2.66e-05	56.5
CFAV-Cairns_Australia_2014	SRA:SRX2989898.5772416.1	100.000	28	0	0	4041	4068	28	1	3.44e-04	52.8
CFAV-Cairns_Australia_2014	SRA:SRX2989898.2154950.1	100.000	28	0	0	3971	3998	28	1	3.44e-04	52.8
CFAV-Macapa2_Brazil_2017	SRA:SRX2989898.10760682.1	100.000	30	0	0	7366	7395	1	30	2.66e-05	56.5
CFAV-Macapa2_Brazil_2017	SRA:SRX2989898.5772817.1	100.000	28	0	0	7368	7395	1	28	3.44e-04	52.8
CFAV-Macapa2_Brazil_2017	SRA:SRX2989898.5772416.1	100.000	28	0	0	4042	4069	28	1	3.44e-04	52.8
CFAV-Macapa2_Brazil_2017	SRA:SRX2989898.2154950.1	100.000	28	0	0	3972	3999	28	1	3.44e-04	52.8
CFAV-KC_Cambodia_2015	SRA:SRX2989898.6026270.1	93.750	48	3	0	4155	4202	48	1	2.64e-10	73.1
CFAV-KC_Cambodia_2015	SRA:SRX2989898.10760682.1	100.000	32	0	0	7377	7408	1	32	2.06e-06	60.2
CFAV-KC_Cambodia_2015	SRA:SRX2989898.4231271.1	100.000	31	0	0	7388	7418	1	31	7.40e-06	58.4
CFAV-KC_Cambodia_2015	SRA:SRX2989898.5772817.1	100.000	30	0	0	7379	7408	1	30	2.66e-05	56.5
CFAV-KC_Cambodia_2015	SRA:SRX2989898.7460523.1	100.000	29	0	0	3940	3968	29	1	9.57e-05	54.7
CFAV-KC_Cambodia_2015	SRA:SRX2989898.6342130.1	100.000	28	0	0	3940	3967	28	1	3.44e-04	52.8
CFAV-KC_Cambodia_2015	SRA:SRX2989898.5772416.1	100.000	28	0	0	4053	4080	28	1	3.44e-04	52.8
CFAV-Zik_Uganda_2016	SRA:SRX2989898.5772416.1	100.000	28	0	0	4053	4080	28	1	3.44e-04	52.8
CFAV-Zik_Uganda_2016	SRA:SRX2989898.2154950.1	100.000	28	0	0	3983	4010	28	1	3.44e-04	52.8
