CFAV-Bangkok_Thailand_2015	SRA:SRX2401865.13922174.1	99.010	101	1	0	3975	4075	101	1	2.40e-42	182
CFAV-Bangkok_Thailand_2015	SRA:SRX2401865.3640700.1	99.010	101	1	0	3941	4041	101	1	2.40e-42	182
CFAV-Bangkok_Thailand_2015	SRA:SRX2401865.3176993.1	96.907	97	3	0	8590	8686	98	2	8.69e-37	163
CFAV-Bangkok_Thailand_2015	SRA:SRX2401865.1856105.1	94.000	100	6	0	8553	8652	1	100	1.88e-33	152
CFAV-Bangkok_Thailand_2015	SRA:SRX2401865.21038189.1	100.000	43	0	0	3907	3949	59	101	9.01e-12	80.5
CFAV-Bangkok_Thailand_2015	SRA:SRX2401865.12054749.1	97.297	37	1	0	8694	8730	101	65	9.07e-07	63.9
NC_001564	SRA:SRX2401865.13922174.1	100.000	101	0	0	3982	4082	101	1	5.17e-44	187
NC_001564	SRA:SRX2401865.3640700.1	100.000	101	0	0	3948	4048	101	1	5.17e-44	187
NC_001564	SRA:SRX2401865.3176993.1	99.000	100	1	0	8594	8693	101	2	8.65e-42	180
NC_001564	SRA:SRX2401865.1856105.1	98.925	93	1	0	8567	8659	8	100	6.73e-38	167
NC_001564	SRA:SRX2401865.21038189.1	98.148	54	1	0	6313	6366	4	57	3.22e-16	95.3
CFAV-Cairns_Australia_2014	SRA:SRX2401865.13922174.1	100.000	101	0	0	3981	4081	101	1	5.17e-44	187
CFAV-Cairns_Australia_2014	SRA:SRX2401865.3640700.1	99.010	101	1	0	3947	4047	101	1	2.41e-42	182
CFAV-Cairns_Australia_2014	SRA:SRX2401865.3176993.1	96.000	100	4	0	8593	8692	101	2	8.71e-37	163
CFAV-Cairns_Australia_2014	SRA:SRX2401865.1856105.1	91.000	100	9	0	8559	8658	1	100	1.90e-28	135
CFAV-Cairns_Australia_2014	SRA:SRX2401865.21038189.1	93.846	65	3	1	6312	6376	4	67	8.96e-17	97.1
CFAV-Macapa2_Brazil_2017	SRA:SRX2401865.13922174.1	98.020	101	2	0	3982	4082	101	1	1.12e-40	176
CFAV-Macapa2_Brazil_2017	SRA:SRX2401865.3640700.1	97.030	101	3	0	3948	4048	101	1	5.21e-39	171
CFAV-Macapa2_Brazil_2017	SRA:SRX2401865.3176993.1	94.000	100	6	0	8594	8693	101	2	1.89e-33	152
CFAV-Macapa2_Brazil_2017	SRA:SRX2401865.1856105.1	93.069	101	7	0	8560	8660	1	101	2.44e-32	148
CFAV-KC_Cambodia_2015	SRA:SRX2401865.13922174.1	99.010	101	1	0	3993	4093	101	1	2.41e-42	182
CFAV-KC_Cambodia_2015	SRA:SRX2401865.3640700.1	98.020	101	2	0	3959	4059	101	1	1.12e-40	176
CFAV-KC_Cambodia_2015	SRA:SRX2401865.3176993.1	95.918	98	4	0	8605	8702	101	4	1.13e-35	159
CFAV-KC_Cambodia_2015	SRA:SRX2401865.1856105.1	95.000	100	5	0	8571	8670	1	100	4.06e-35	158
CFAV-KC_Cambodia_2015	SRA:SRX2401865.21038189.1	97.674	43	1	0	3925	3967	59	101	4.20e-10	75.0
CFAV-KC_Cambodia_2015	SRA:SRX2401865.12054749.1	97.297	37	1	0	8712	8748	101	65	9.10e-07	63.9
CFAV-Zik_Uganda_2016	SRA:SRX2401865.3640700.1	99.010	101	1	0	3959	4059	101	1	2.41e-42	182
CFAV-Zik_Uganda_2016	SRA:SRX2401865.3176993.1	99.000	100	1	0	8605	8704	101	2	8.66e-42	180
CFAV-Zik_Uganda_2016	SRA:SRX2401865.13922174.1	98.020	101	2	0	3993	4093	101	1	1.12e-40	176
CFAV-Zik_Uganda_2016	SRA:SRX2401865.1856105.1	97.030	101	3	0	8571	8671	1	101	5.21e-39	171
CFAV-Zik_Uganda_2016	SRA:SRX2401865.12054749.1	97.059	34	1	0	8715	8748	98	65	4.23e-05	58.4
