CFAV-Bangkok_Thailand_2015	SRA:SRX253219.8220942.2	95.876	97	4	0	4001	4097	1	97	1.14e-34	159
CFAV-Bangkok_Thailand_2015	SRA:SRX253219.8220942.1	95.000	100	5	0	4082	4181	100	1	4.09e-34	158
CFAV-Bangkok_Thailand_2015	SRA:SRX253219.15313678.2	89.899	99	9	1	4149	4246	99	1	1.15e-24	126
CFAV-Bangkok_Thailand_2015	SRA:SRX253219.15313678.1	88.776	98	11	0	4128	4225	1	98	5.36e-23	121
NC_001564	SRA:SRX253219.8220942.2	97.938	97	2	0	4008	4104	1	97	5.26e-38	171
NC_001564	SRA:SRX253219.8220942.1	96.000	100	4	0	4089	4188	100	1	8.80e-36	163
NC_001564	SRA:SRX253219.15313678.2	94.949	99	4	1	4156	4253	99	1	5.30e-33	154
NC_001564	SRA:SRX253219.15313678.1	93.750	96	6	0	4135	4230	1	96	3.19e-30	145
CFAV-Cairns_Australia_2014	SRA:SRX253219.8220942.2	97.938	97	2	0	4007	4103	1	97	5.26e-38	171
CFAV-Cairns_Australia_2014	SRA:SRX253219.15313678.2	95.960	99	3	1	4155	4252	99	1	1.14e-34	159
CFAV-Cairns_Australia_2014	SRA:SRX253219.8220942.1	95.000	100	5	0	4088	4187	100	1	4.10e-34	158
CFAV-Cairns_Australia_2014	SRA:SRX253219.15313678.1	93.878	98	6	0	4134	4231	1	98	2.47e-31	148
CFAV-Macapa2_Brazil_2017	SRA:SRX253219.8220942.2	94.845	97	5	0	4008	4104	1	97	5.30e-33	154
CFAV-Macapa2_Brazil_2017	SRA:SRX253219.8220942.1	93.000	100	7	0	4089	4188	100	1	8.87e-31	147
CFAV-Macapa2_Brazil_2017	SRA:SRX253219.15313678.2	94.624	93	5	0	4156	4248	99	7	3.19e-30	145
CFAV-Macapa2_Brazil_2017	SRA:SRX253219.15313678.1	92.857	98	7	0	4135	4232	1	98	1.15e-29	143
CFAV-KC_Cambodia_2015	SRA:SRX253219.8220942.2	97.938	97	2	0	4019	4115	1	97	5.27e-38	171
CFAV-KC_Cambodia_2015	SRA:SRX253219.8220942.1	96.000	100	4	0	4100	4199	100	1	8.82e-36	163
CFAV-KC_Cambodia_2015	SRA:SRX253219.15313678.1	92.708	96	7	0	4146	4241	1	96	1.49e-28	139
CFAV-KC_Cambodia_2015	SRA:SRX253219.15313678.2	92.632	95	6	1	4171	4264	95	1	1.92e-27	135
CFAV-Zik_Uganda_2016	SRA:SRX253219.15313678.2	96.842	95	3	0	4167	4261	99	5	1.14e-34	159
CFAV-Zik_Uganda_2016	SRA:SRX253219.8220942.2	95.876	97	4	0	4019	4115	1	97	1.14e-34	159
CFAV-Zik_Uganda_2016	SRA:SRX253219.8220942.1	93.000	100	7	0	4100	4199	100	1	8.88e-31	147
