CFAV-Bangkok_Thailand_2015	SRA:SRX2989890.6061573.1	100.000	37	0	0	3981	4017	37	1	3.75e-09	69.4
CFAV-Bangkok_Thailand_2015	SRA:SRX2989890.1533430.1	100.000	32	0	0	3960	3991	32	1	2.26e-06	60.2
CFAV-Bangkok_Thailand_2015	SRA:SRX2989890.593184.1	100.000	30	0	0	7359	7388	1	30	2.92e-05	56.5
NC_001564	SRA:SRX2989890.6061573.1	100.000	37	0	0	3988	4024	37	1	3.76e-09	69.4
NC_001564	SRA:SRX2989890.1533430.1	100.000	32	0	0	3967	3998	32	1	2.26e-06	60.2
NC_001564	SRA:SRX2989890.593184.1	100.000	30	0	0	7366	7395	1	30	2.92e-05	56.5
NC_001564	SRA:SRX2989890.10482208.1	100.000	28	0	0	4084	4111	28	1	3.78e-04	52.8
NC_001564	SRA:SRX2989890.2438140.1	100.000	28	0	0	8588	8615	2	29	3.78e-04	52.8
CFAV-Cairns_Australia_2014	SRA:SRX2989890.6061573.1	100.000	37	0	0	3987	4023	37	1	3.76e-09	69.4
CFAV-Cairns_Australia_2014	SRA:SRX2989890.593184.1	100.000	30	0	0	7365	7394	1	30	2.93e-05	56.5
CFAV-Cairns_Australia_2014	SRA:SRX2989890.1533430.1	100.000	29	0	0	3969	3997	29	1	1.05e-04	54.7
CFAV-Cairns_Australia_2014	SRA:SRX2989890.10482208.1	100.000	28	0	0	4083	4110	28	1	3.78e-04	52.8
CFAV-Macapa2_Brazil_2017	SRA:SRX2989890.6061573.1	100.000	37	0	0	3988	4024	37	1	3.76e-09	69.4
CFAV-Macapa2_Brazil_2017	SRA:SRX2989890.593184.1	100.000	31	0	0	7366	7396	1	31	8.13e-06	58.4
CFAV-Macapa2_Brazil_2017	SRA:SRX2989890.1533430.1	100.000	29	0	0	3970	3998	29	1	1.05e-04	54.7
CFAV-KC_Cambodia_2015	SRA:SRX2989890.6061573.1	100.000	37	0	0	3999	4035	37	1	3.76e-09	69.4
CFAV-KC_Cambodia_2015	SRA:SRX2989890.593184.1	100.000	30	0	0	7377	7406	1	30	2.93e-05	56.5
CFAV-KC_Cambodia_2015	SRA:SRX2989890.10482208.1	100.000	28	0	0	4095	4122	28	1	3.79e-04	52.8
CFAV-Zik_Uganda_2016	SRA:SRX2989890.6061573.1	100.000	37	0	0	3999	4035	37	1	3.76e-09	69.4
CFAV-Zik_Uganda_2016	SRA:SRX2989890.1533430.1	100.000	32	0	0	3978	4009	32	1	2.26e-06	60.2
CFAV-Zik_Uganda_2016	SRA:SRX2989890.10482208.1	100.000	28	0	0	4095	4122	28	1	3.79e-04	52.8
