CFAV-Bangkok_Thailand_2015	SRA:SRX253218.21662492.1	100.000	100	0	0	7342	7441	1	100	2.11e-42	185
CFAV-Bangkok_Thailand_2015	SRA:SRX253218.80847532.2	98.000	100	2	0	3583	3682	100	1	4.56e-39	174
CFAV-Bangkok_Thailand_2015	SRA:SRX253218.60295186.2	98.000	100	2	0	3583	3682	100	1	4.56e-39	174
CFAV-Bangkok_Thailand_2015	SRA:SRX253218.29152665.1	96.000	100	4	0	3802	3901	1	100	9.87e-36	163
CFAV-Bangkok_Thailand_2015	SRA:SRX253218.21662492.2	94.000	100	6	0	8550	8649	100	1	2.14e-32	152
CFAV-Bangkok_Thailand_2015	SRA:SRX253218.29152665.2	86.139	101	12	2	3808	3907	100	1	4.69e-19	108
CFAV-Bangkok_Thailand_2015	SRA:SRX253218.80847532.1	97.561	41	1	0	3578	3618	60	100	6.15e-08	71.3
CFAV-Bangkok_Thailand_2015	SRA:SRX253218.60295186.1	97.561	41	1	0	3578	3618	60	100	6.15e-08	71.3
NC_001564	SRA:SRX253218.29152665.1	100.000	100	0	0	3809	3908	1	100	2.11e-42	185
NC_001564	SRA:SRX253218.21662492.1	99.000	100	1	0	7349	7448	1	100	9.82e-41	180
NC_001564	SRA:SRX253218.80847532.2	98.000	100	2	0	3590	3689	100	1	4.57e-39	174
NC_001564	SRA:SRX253218.60295186.2	98.000	100	2	0	3590	3689	100	1	4.57e-39	174
NC_001564	SRA:SRX253218.21662492.2	96.000	100	4	0	8557	8656	100	1	9.89e-36	163
NC_001564	SRA:SRX253218.29152665.2	88.889	99	9	2	3815	3912	100	3	6.04e-23	121
NC_001564	SRA:SRX253218.80847532.1	97.561	41	1	0	3585	3625	60	100	6.17e-08	71.3
NC_001564	SRA:SRX253218.60295186.1	97.561	41	1	0	3585	3625	60	100	6.17e-08	71.3
CFAV-Cairns_Australia_2014	SRA:SRX253218.29152665.1	100.000	100	0	0	3808	3907	1	100	2.11e-42	185
CFAV-Cairns_Australia_2014	SRA:SRX253218.21662492.1	100.000	100	0	0	7348	7447	1	100	2.11e-42	185
CFAV-Cairns_Australia_2014	SRA:SRX253218.80847532.2	98.000	100	2	0	3589	3688	100	1	4.57e-39	174
CFAV-Cairns_Australia_2014	SRA:SRX253218.60295186.2	98.000	100	2	0	3589	3688	100	1	4.57e-39	174
CFAV-Cairns_Australia_2014	SRA:SRX253218.21662492.2	91.000	100	9	0	8556	8655	100	1	2.16e-27	135
CFAV-Cairns_Australia_2014	SRA:SRX253218.29152665.2	89.109	101	9	2	3814	3913	100	1	4.67e-24	124
CFAV-Cairns_Australia_2014	SRA:SRX253218.80847532.1	97.561	41	1	0	3584	3624	60	100	6.17e-08	71.3
CFAV-Cairns_Australia_2014	SRA:SRX253218.60295186.1	97.561	41	1	0	3584	3624	60	100	6.17e-08	71.3
CFAV-Macapa2_Brazil_2017	SRA:SRX253218.80847532.2	98.000	100	2	0	3590	3689	100	1	4.57e-39	174
CFAV-Macapa2_Brazil_2017	SRA:SRX253218.60295186.2	98.000	100	2	0	3590	3689	100	1	4.57e-39	174
CFAV-Macapa2_Brazil_2017	SRA:SRX253218.29152665.1	98.000	100	2	0	3809	3908	1	100	4.57e-39	174
CFAV-Macapa2_Brazil_2017	SRA:SRX253218.21662492.1	96.000	100	4	0	7349	7448	1	100	9.89e-36	163
CFAV-Macapa2_Brazil_2017	SRA:SRX253218.21662492.2	93.000	100	7	0	8557	8656	100	1	9.96e-31	147
CFAV-Macapa2_Brazil_2017	SRA:SRX253218.29152665.2	87.129	101	11	2	3815	3914	100	1	1.01e-20	113
CFAV-Macapa2_Brazil_2017	SRA:SRX253218.80847532.1	97.561	41	1	0	3585	3625	60	100	6.17e-08	71.3
CFAV-Macapa2_Brazil_2017	SRA:SRX253218.60295186.1	97.561	41	1	0	3585	3625	60	100	6.17e-08	71.3
CFAV-KC_Cambodia_2015	SRA:SRX253218.80847532.2	98.000	100	2	0	3601	3700	100	1	4.57e-39	174
CFAV-KC_Cambodia_2015	SRA:SRX253218.60295186.2	98.000	100	2	0	3601	3700	100	1	4.57e-39	174
CFAV-KC_Cambodia_2015	SRA:SRX253218.21662492.1	98.000	100	2	0	7360	7459	1	100	4.57e-39	174
CFAV-KC_Cambodia_2015	SRA:SRX253218.29152665.1	97.000	100	3	0	3820	3919	1	100	2.13e-37	169
CFAV-KC_Cambodia_2015	SRA:SRX253218.21662492.2	95.000	100	5	0	8568	8667	100	1	4.61e-34	158
CFAV-KC_Cambodia_2015	SRA:SRX253218.29152665.2	87.129	101	11	2	3826	3925	100	1	1.01e-20	113
CFAV-KC_Cambodia_2015	SRA:SRX253218.80847532.1	97.561	41	1	0	3596	3636	60	100	6.17e-08	71.3
CFAV-KC_Cambodia_2015	SRA:SRX253218.60295186.1	97.561	41	1	0	3596	3636	60	100	6.17e-08	71.3
CFAV-Zik_Uganda_2016	SRA:SRX253218.80847532.2	100.000	100	0	0	3601	3700	100	1	2.11e-42	185
CFAV-Zik_Uganda_2016	SRA:SRX253218.60295186.2	100.000	100	0	0	3601	3700	100	1	2.11e-42	185
CFAV-Zik_Uganda_2016	SRA:SRX253218.29152665.1	99.000	100	1	0	3820	3919	1	100	9.83e-41	180
CFAV-Zik_Uganda_2016	SRA:SRX253218.21662492.1	98.000	100	2	0	7360	7459	1	100	4.57e-39	174
CFAV-Zik_Uganda_2016	SRA:SRX253218.21662492.2	97.000	100	3	0	8568	8667	100	1	2.13e-37	169
CFAV-Zik_Uganda_2016	SRA:SRX253218.29152665.2	89.109	101	9	2	3826	3925	100	1	4.67e-24	124
CFAV-Zik_Uganda_2016	SRA:SRX253218.80847532.1	97.561	41	1	0	3596	3636	60	100	6.17e-08	71.3
CFAV-Zik_Uganda_2016	SRA:SRX253218.60295186.1	97.561	41	1	0	3596	3636	60	100	6.17e-08	71.3
