CFAV-Bangkok_Thailand_2015	SRA:SRX2451648.29332367.2	98.684	76	1	0	3683	3758	76	1	4.32e-28	135
CFAV-Bangkok_Thailand_2015	SRA:SRX2451648.28959893.2	96.053	76	3	0	3683	3758	76	1	9.34e-25	124
CFAV-Bangkok_Thailand_2015	SRA:SRX2451648.28959893.1	96.053	76	3	0	3597	3672	1	76	9.34e-25	124
CFAV-Bangkok_Thailand_2015	SRA:SRX2451648.810353.1	96.000	75	3	0	3779	3853	1	75	3.36e-24	122
CFAV-Bangkok_Thailand_2015	SRA:SRX2451648.29332367.1	94.737	76	4	0	3597	3672	1	76	4.35e-23	119
CFAV-Bangkok_Thailand_2015	SRA:SRX2451648.23456798.2	94.737	76	4	0	4090	4165	1	76	4.35e-23	119
NC_001564	SRA:SRX2451648.810353.1	98.667	75	1	0	3786	3860	1	75	1.56e-27	134
NC_001564	SRA:SRX2451648.28959893.1	96.053	76	3	0	3604	3679	1	76	9.36e-25	124
NC_001564	SRA:SRX2451648.23456798.2	96.053	76	3	0	4097	4172	1	76	9.36e-25	124
NC_001564	SRA:SRX2451648.29332367.2	94.737	76	4	0	3690	3765	76	1	4.36e-23	119
NC_001564	SRA:SRX2451648.29332367.1	94.737	76	4	0	3604	3679	1	76	4.36e-23	119
NC_001564	SRA:SRX2451648.23456798.1	94.521	73	3	1	4182	4253	73	1	7.29e-21	111
CFAV-Cairns_Australia_2014	SRA:SRX2451648.29332367.2	100.000	76	0	0	3689	3764	76	1	9.30e-30	141
CFAV-Cairns_Australia_2014	SRA:SRX2451648.810353.1	98.667	75	1	0	3785	3859	1	75	1.56e-27	134
CFAV-Cairns_Australia_2014	SRA:SRX2451648.28959893.2	97.368	76	2	0	3689	3764	76	1	2.01e-26	130
CFAV-Cairns_Australia_2014	SRA:SRX2451648.28959893.1	96.053	76	3	0	3603	3678	1	76	9.36e-25	124
CFAV-Cairns_Australia_2014	SRA:SRX2451648.29332367.1	94.737	76	4	0	3603	3678	1	76	4.36e-23	119
CFAV-Cairns_Australia_2014	SRA:SRX2451648.23456798.2	94.737	76	4	0	4096	4171	1	76	4.36e-23	119
CFAV-Cairns_Australia_2014	SRA:SRX2451648.23456798.1	95.890	73	2	1	4181	4252	73	1	1.57e-22	117
CFAV-Macapa2_Brazil_2017	SRA:SRX2451648.29332367.2	98.684	76	1	0	3690	3765	76	1	4.33e-28	135
CFAV-Macapa2_Brazil_2017	SRA:SRX2451648.28959893.1	97.333	75	2	0	3604	3678	1	75	7.24e-26	128
CFAV-Macapa2_Brazil_2017	SRA:SRX2451648.810353.1	97.333	75	2	0	3786	3860	1	75	7.24e-26	128
CFAV-Macapa2_Brazil_2017	SRA:SRX2451648.28959893.2	96.053	76	3	0	3690	3765	76	1	9.36e-25	124
CFAV-Macapa2_Brazil_2017	SRA:SRX2451648.29332367.1	96.000	75	3	0	3604	3678	1	75	3.37e-24	122
CFAV-Macapa2_Brazil_2017	SRA:SRX2451648.23456798.2	94.737	76	4	0	4097	4172	1	76	4.36e-23	119
CFAV-Macapa2_Brazil_2017	SRA:SRX2451648.23456798.1	95.522	67	3	0	4182	4248	73	7	9.43e-20	108
CFAV-KC_Cambodia_2015	SRA:SRX2451648.29332367.2	100.000	76	0	0	3701	3776	76	1	9.31e-30	141
CFAV-KC_Cambodia_2015	SRA:SRX2451648.28959893.2	97.368	76	2	0	3701	3776	76	1	2.02e-26	130
CFAV-KC_Cambodia_2015	SRA:SRX2451648.810353.1	97.333	75	2	0	3797	3871	1	75	7.25e-26	128
CFAV-KC_Cambodia_2015	SRA:SRX2451648.23456798.2	96.053	76	3	0	4108	4183	1	76	9.38e-25	124
CFAV-Zik_Uganda_2016	SRA:SRX2451648.29332367.2	100.000	76	0	0	3701	3776	76	1	9.31e-30	141
CFAV-Zik_Uganda_2016	SRA:SRX2451648.28959893.1	98.684	76	1	0	3615	3690	1	76	4.33e-28	135
CFAV-Zik_Uganda_2016	SRA:SRX2451648.29332367.1	97.368	76	2	0	3615	3690	1	76	2.02e-26	130
CFAV-Zik_Uganda_2016	SRA:SRX2451648.28959893.2	97.368	76	2	0	3701	3776	76	1	2.02e-26	130
CFAV-Zik_Uganda_2016	SRA:SRX2451648.810353.1	97.333	75	2	0	3797	3871	1	75	7.25e-26	128
CFAV-Zik_Uganda_2016	SRA:SRX2451648.23456798.1	98.551	69	1	0	4193	4261	73	5	3.37e-24	122
CFAV-Zik_Uganda_2016	SRA:SRX2451648.23456798.2	93.421	76	5	0	4108	4183	1	76	2.03e-21	113
