CFAV-Bangkok_Thailand_2015	SRA:SRX2451643.95369012.1	99.275	138	1	0	3906	4043	138	1	9.84e-62	250
CFAV-Bangkok_Thailand_2015	SRA:SRX2451643.95369012.2	97.778	135	3	0	7306	7440	135	1	9.91e-57	233
CFAV-Bangkok_Thailand_2015	SRA:SRX2451643.107124505.2	96.212	132	5	0	8599	8730	136	5	9.98e-52	217
CFAV-Bangkok_Thailand_2015	SRA:SRX2451643.107124505.1	95.556	135	6	0	8596	8730	1	135	9.98e-52	217
NC_001564	SRA:SRX2451643.95369012.1	99.270	137	1	0	3914	4050	137	1	3.55e-61	248
NC_001564	SRA:SRX2451643.95369012.2	97.037	135	4	0	7313	7447	135	1	4.62e-55	228
NC_001564	SRA:SRX2451643.107124505.2	96.970	132	4	0	8606	8737	136	5	2.15e-53	222
NC_001564	SRA:SRX2451643.107124505.1	96.296	135	5	0	8603	8737	1	135	2.15e-53	222
NC_001564	SRA:SRX2451643.92539962.2	95.455	44	0	1	7445	7486	78	35	2.96e-07	69.4
NC_001564	SRA:SRX2451643.92539962.1	93.617	47	1	1	7442	7486	1	47	2.96e-07	69.4
CFAV-Cairns_Australia_2014	SRA:SRX2451643.95369012.1	98.551	138	2	0	3912	4049	138	1	4.59e-60	244
CFAV-Cairns_Australia_2014	SRA:SRX2451643.95369012.2	97.778	135	3	0	7312	7446	135	1	9.94e-57	233
CFAV-Cairns_Australia_2014	SRA:SRX2451643.107124505.2	94.656	131	7	0	8605	8735	136	6	7.79e-48	204
CFAV-Cairns_Australia_2014	SRA:SRX2451643.107124505.1	94.656	131	7	0	8605	8735	4	134	7.79e-48	204
CFAV-Cairns_Australia_2014	SRA:SRX2451643.92539962.2	95.745	47	0	1	7441	7485	81	35	6.37e-09	75.0
CFAV-Cairns_Australia_2014	SRA:SRX2451643.92539962.1	95.745	47	0	1	7441	7485	1	47	6.37e-09	75.0
CFAV-Macapa2_Brazil_2017	SRA:SRX2451643.95369012.1	97.101	138	4	0	3913	4050	138	1	9.94e-57	233
CFAV-Macapa2_Brazil_2017	SRA:SRX2451643.95369012.2	94.074	135	8	0	7313	7447	135	1	2.17e-48	206
CFAV-Macapa2_Brazil_2017	SRA:SRX2451643.107124505.2	94.355	124	7	0	8606	8729	136	13	6.06e-44	191
CFAV-Macapa2_Brazil_2017	SRA:SRX2451643.107124505.1	93.701	127	8	0	8603	8729	1	127	6.06e-44	191
CFAV-KC_Cambodia_2015	SRA:SRX2451643.95369012.1	97.826	138	3	0	3924	4061	138	1	2.14e-58	239
CFAV-KC_Cambodia_2015	SRA:SRX2451643.95369012.2	95.556	135	6	0	7324	7458	135	1	1.00e-51	217
CFAV-KC_Cambodia_2015	SRA:SRX2451643.107124505.2	96.032	126	5	0	8623	8748	130	5	2.17e-48	206
CFAV-KC_Cambodia_2015	SRA:SRX2451643.107124505.1	94.074	135	8	0	8614	8748	1	135	2.17e-48	206
CFAV-KC_Cambodia_2015	SRA:SRX2451643.92539962.2	95.918	49	2	0	8560	8608	49	1	1.37e-10	80.5
CFAV-KC_Cambodia_2015	SRA:SRX2451643.92539962.1	95.918	49	2	0	8560	8608	33	81	1.37e-10	80.5
CFAV-Zik_Uganda_2016	SRA:SRX2451643.95369012.1	98.551	138	2	0	3924	4061	138	1	4.59e-60	244
CFAV-Zik_Uganda_2016	SRA:SRX2451643.107124505.2	97.727	132	3	0	8617	8748	136	5	4.63e-55	228
CFAV-Zik_Uganda_2016	SRA:SRX2451643.107124505.1	97.037	135	4	0	8614	8748	1	135	4.63e-55	228
CFAV-Zik_Uganda_2016	SRA:SRX2451643.95369012.2	94.815	135	7	0	7324	7458	135	1	4.66e-50	211
