CFAV-Bangkok_Thailand_2015	SRA:SRX2989885.13647937.1	100.000	32	0	0	7359	7390	1	32	2.30e-06	60.2
CFAV-Bangkok_Thailand_2015	SRA:SRX2989885.2962225.1	100.000	30	0	0	7359	7388	1	30	2.97e-05	56.5
CFAV-Bangkok_Thailand_2015	SRA:SRX2989885.6259320.1	100.000	29	0	0	3922	3950	29	1	1.07e-04	54.7
CFAV-Bangkok_Thailand_2015	SRA:SRX2989885.6066114.1	100.000	28	0	0	3922	3949	28	1	3.85e-04	52.8
NC_001564	SRA:SRX2989885.13647937.1	100.000	32	0	0	7366	7397	1	32	2.30e-06	60.2
NC_001564	SRA:SRX2989885.3495857.1	100.000	31	0	0	4081	4111	31	1	8.29e-06	58.4
NC_001564	SRA:SRX2989885.2962225.1	100.000	30	0	0	7366	7395	1	30	2.98e-05	56.5
NC_001564	SRA:SRX2989885.10097924.1	100.000	29	0	0	8661	8689	1	29	1.07e-04	54.7
NC_001564	SRA:SRX2989885.1510692.1	100.000	28	0	0	4189	4216	30	3	3.85e-04	52.8
CFAV-Cairns_Australia_2014	SRA:SRX2989885.13647937.1	100.000	32	0	0	7365	7396	1	32	2.30e-06	60.2
CFAV-Cairns_Australia_2014	SRA:SRX2989885.3495857.1	100.000	31	0	0	4080	4110	31	1	8.29e-06	58.4
CFAV-Cairns_Australia_2014	SRA:SRX2989885.2962225.1	100.000	30	0	0	7365	7394	1	30	2.98e-05	56.5
CFAV-Cairns_Australia_2014	SRA:SRX2989885.1510692.1	100.000	28	0	0	4188	4215	30	3	3.86e-04	52.8
CFAV-Macapa2_Brazil_2017	SRA:SRX2989885.2962225.1	100.000	31	0	0	7366	7396	1	31	8.29e-06	58.4
CFAV-Macapa2_Brazil_2017	SRA:SRX2989885.13647937.1	100.000	30	0	0	7366	7395	1	30	2.98e-05	56.5
CFAV-Macapa2_Brazil_2017	SRA:SRX2989885.1510692.1	100.000	30	0	0	4189	4218	30	1	2.98e-05	56.5
CFAV-KC_Cambodia_2015	SRA:SRX2989885.13647937.1	100.000	32	0	0	7377	7408	1	32	2.31e-06	60.2
CFAV-KC_Cambodia_2015	SRA:SRX2989885.3495857.1	100.000	31	0	0	4092	4122	31	1	8.30e-06	58.4
CFAV-KC_Cambodia_2015	SRA:SRX2989885.2962225.1	100.000	30	0	0	7377	7406	1	30	2.98e-05	56.5
CFAV-KC_Cambodia_2015	SRA:SRX2989885.10097924.1	100.000	29	0	0	8672	8700	1	29	1.07e-04	54.7
CFAV-KC_Cambodia_2015	SRA:SRX2989885.6259320.1	100.000	29	0	0	3940	3968	29	1	1.07e-04	54.7
CFAV-KC_Cambodia_2015	SRA:SRX2989885.6066114.1	100.000	28	0	0	3940	3967	28	1	3.86e-04	52.8
CFAV-Zik_Uganda_2016	SRA:SRX2989885.3495857.1	100.000	31	0	0	4092	4122	31	1	8.30e-06	58.4
CFAV-Zik_Uganda_2016	SRA:SRX2989885.10097924.1	100.000	29	0	0	8672	8700	1	29	1.07e-04	54.7
CFAV-Zik_Uganda_2016	SRA:SRX2989885.8184545.1	100.000	29	0	0	8664	8692	1	29	1.07e-04	54.7
