CFAV-Bangkok_Thailand_2015	SRA:SRX2878350.972854.1	99.200	125	1	0	9398	9522	125	1	5.63e-56	226
CFAV-Bangkok_Thailand_2015	SRA:SRX2878350.2000071.1	98.400	125	2	0	5664	5788	125	1	2.62e-54	220
CFAV-Bangkok_Thailand_2015	SRA:SRX2878350.972854.2	98.400	125	2	0	9341	9465	1	125	2.62e-54	220
CFAV-Bangkok_Thailand_2015	SRA:SRX2878350.916060.2	98.387	124	2	0	5666	5789	2	125	9.43e-54	219
CFAV-Bangkok_Thailand_2015	SRA:SRX2878350.794201.1	98.387	124	2	0	4000	4123	1	124	9.43e-54	219
CFAV-Bangkok_Thailand_2015	SRA:SRX2878350.3771790.1	97.600	125	3	0	3919	4043	125	1	1.22e-52	215
CFAV-Bangkok_Thailand_2015	SRA:SRX2878350.2000071.2	97.600	125	3	0	5650	5774	1	125	1.22e-52	215
CFAV-Bangkok_Thailand_2015	SRA:SRX2878350.1867672.1	98.361	122	2	0	9964	10085	3	124	1.22e-52	215
CFAV-Bangkok_Thailand_2015	SRA:SRX2878350.3771790.2	97.581	124	3	0	3909	4032	2	125	4.39e-52	213
CFAV-Bangkok_Thailand_2015	SRA:SRX2878350.916060.1	97.581	124	3	0	5750	5873	125	2	4.39e-52	213
CFAV-Bangkok_Thailand_2015	SRA:SRX2878350.794201.2	97.581	124	3	0	4010	4133	125	2	4.39e-52	213
CFAV-Bangkok_Thailand_2015	SRA:SRX2878350.2475089.2	96.800	125	4	0	8304	8428	1	125	5.67e-51	209
CFAV-Bangkok_Thailand_2015	SRA:SRX2878350.1781237.1	97.541	122	3	0	631	752	124	3	5.67e-51	209
CFAV-Bangkok_Thailand_2015	SRA:SRX2878350.1887689.1	96.774	124	4	0	9327	9450	1	124	2.04e-50	207
CFAV-Bangkok_Thailand_2015	SRA:SRX2878350.934532.2	96.774	124	4	0	9344	9467	125	2	2.04e-50	207
CFAV-Bangkok_Thailand_2015	SRA:SRX2878350.1367682.1	96.748	123	4	0	3376	3498	125	3	7.34e-50	206
CFAV-Bangkok_Thailand_2015	SRA:SRX2878350.1935749.1	96.000	125	5	0	8838	8962	125	1	2.64e-49	204
CFAV-Bangkok_Thailand_2015	SRA:SRX2878350.1781237.2	96.000	125	5	0	613	737	1	125	2.64e-49	204
CFAV-Bangkok_Thailand_2015	SRA:SRX2878350.1261036.1	96.000	125	5	0	3749	3873	1	125	2.64e-49	204
CFAV-Bangkok_Thailand_2015	SRA:SRX2878350.1118254.1	96.000	125	5	0	5663	5787	1	125	2.64e-49	204
CFAV-Bangkok_Thailand_2015	SRA:SRX2878350.934532.1	96.000	125	5	0	9194	9318	1	125	2.64e-49	204
CFAV-Bangkok_Thailand_2015	SRA:SRX2878350.244482.1	96.000	125	5	0	467	591	1	125	2.64e-49	204
CFAV-Bangkok_Thailand_2015	SRA:SRX2878350.1118254.2	95.968	124	5	0	5755	5878	125	2	9.49e-49	202
CFAV-Bangkok_Thailand_2015	SRA:SRX2878350.304852.2	96.694	121	4	0	5534	5654	2	122	9.49e-49	202
CFAV-Bangkok_Thailand_2015	SRA:SRX2878350.304852.1	96.667	120	4	0	5534	5653	120	1	3.41e-48	200
CFAV-Bangkok_Thailand_2015	SRA:SRX2878350.2475089.1	95.200	125	6	0	8475	8599	125	1	1.23e-47	198
CFAV-Bangkok_Thailand_2015	SRA:SRX2878350.2376528.2	95.200	125	6	0	7064	7188	1	125	1.23e-47	198
CFAV-Bangkok_Thailand_2015	SRA:SRX2878350.1935749.2	95.200	125	6	0	8753	8877	1	125	1.23e-47	198
CFAV-Bangkok_Thailand_2015	SRA:SRX2878350.949061.1	95.200	125	6	0	5236	5360	1	125	1.23e-47	198
CFAV-Bangkok_Thailand_2015	SRA:SRX2878350.244482.2	95.902	122	5	0	722	843	125	4	1.23e-47	198
CFAV-Bangkok_Thailand_2015	SRA:SRX2878350.2477688.2	97.391	115	3	0	5785	5899	117	3	4.42e-47	196
CFAV-Bangkok_Thailand_2015	SRA:SRX2878350.2477688.1	97.391	115	3	0	5785	5899	1	115	4.42e-47	196
CFAV-Bangkok_Thailand_2015	SRA:SRX2878350.1887689.2	95.200	125	5	1	9380	9504	125	2	4.42e-47	196
CFAV-Bangkok_Thailand_2015	SRA:SRX2878350.1367682.2	95.122	123	6	0	3331	3453	3	125	1.59e-46	195
CFAV-Bangkok_Thailand_2015	SRA:SRX2878350.2722477.2	94.400	125	7	0	9027	9151	1	125	5.71e-46	193
CFAV-Bangkok_Thailand_2015	SRA:SRX2878350.2722477.1	94.400	125	7	0	9045	9169	125	1	5.71e-46	193
CFAV-Bangkok_Thailand_2015	SRA:SRX2878350.1867672.2	94.400	125	7	0	10136	10260	125	1	5.71e-46	193
CFAV-Bangkok_Thailand_2015	SRA:SRX2878350.1814521.2	94.400	125	7	0	7230	7354	1	125	5.71e-46	193
CFAV-Bangkok_Thailand_2015	SRA:SRX2878350.1632268.1	94.355	124	7	0	9659	9782	125	2	2.05e-45	191
CFAV-Bangkok_Thailand_2015	SRA:SRX2878350.2376528.1	94.262	122	7	0	7112	7233	122	1	2.66e-44	187
CFAV-Bangkok_Thailand_2015	SRA:SRX2878350.1819331.1	93.600	125	8	0	1883	2007	125	1	2.66e-44	187
CFAV-Bangkok_Thailand_2015	SRA:SRX2878350.1241907.1	94.262	122	7	0	2368	2489	1	122	2.66e-44	187
CFAV-Bangkok_Thailand_2015	SRA:SRX2878350.281650.1	93.600	125	8	0	6791	6915	125	1	2.66e-44	187
CFAV-Bangkok_Thailand_2015	SRA:SRX2878350.1814521.1	92.800	125	9	0	7473	7597	125	1	1.24e-42	182
CFAV-Bangkok_Thailand_2015	SRA:SRX2878350.3165847.2	97.170	106	3	0	1552	1657	107	2	4.45e-42	180
CFAV-Bangkok_Thailand_2015	SRA:SRX2878350.3165847.1	97.170	106	3	0	1552	1657	2	107	4.45e-42	180
CFAV-Bangkok_Thailand_2015	SRA:SRX2878350.949061.2	92.683	123	9	0	5345	5467	124	2	1.60e-41	178
CFAV-Bangkok_Thailand_2015	SRA:SRX2878350.308571.2	92.000	125	10	0	97	221	125	1	5.75e-41	176
CFAV-Bangkok_Thailand_2015	SRA:SRX2878350.3500173.1	95.413	109	5	0	4367	4475	109	1	2.07e-40	174
CFAV-Bangkok_Thailand_2015	SRA:SRX2878350.1632268.2	91.935	124	10	0	9648	9771	2	125	2.07e-40	174
CFAV-Bangkok_Thailand_2015	SRA:SRX2878350.191411.2	96.190	105	4	0	8646	8750	1	105	7.44e-40	172
CFAV-Bangkok_Thailand_2015	SRA:SRX2878350.191411.1	96.190	105	4	0	8646	8750	105	1	7.44e-40	172
CFAV-Bangkok_Thailand_2015	SRA:SRX2878350.1261036.2	97.030	101	3	0	3808	3908	122	22	2.68e-39	171
CFAV-Bangkok_Thailand_2015	SRA:SRX2878350.3500173.2	94.393	107	6	0	4367	4473	2	108	1.25e-37	165
CFAV-Bangkok_Thailand_2015	SRA:SRX2878350.308571.1	90.400	125	12	0	80	204	1	125	1.25e-37	165
CFAV-Bangkok_Thailand_2015	SRA:SRX2878350.281650.2	90.323	124	12	0	6733	6856	2	125	4.48e-37	163
CFAV-Bangkok_Thailand_2015	SRA:SRX2878350.1140738.1	90.244	123	12	0	2007	2129	1	123	1.61e-36	161
CFAV-Bangkok_Thailand_2015	SRA:SRX2878350.1140738.2	90.164	122	12	0	2092	2213	124	3	5.79e-36	159
CFAV-Bangkok_Thailand_2015	SRA:SRX2878350.276716.2	94.118	102	6	0	8038	8139	1	102	7.50e-35	156
CFAV-Bangkok_Thailand_2015	SRA:SRX2878350.276716.1	94.118	102	6	0	8038	8139	102	1	7.50e-35	156
CFAV-Bangkok_Thailand_2015	SRA:SRX2878350.574543.2	92.929	99	7	0	9647	9745	99	1	1.62e-31	145
CFAV-Bangkok_Thailand_2015	SRA:SRX2878350.574543.1	92.929	99	7	0	9647	9745	1	99	1.62e-31	145
NC_001564	SRA:SRX2878350.2000071.1	100.000	125	0	0	5671	5795	125	1	1.21e-57	231
NC_001564	SRA:SRX2878350.1867672.2	100.000	125	0	0	10143	10267	125	1	1.21e-57	231
NC_001564	SRA:SRX2878350.916060.2	100.000	124	0	0	5673	5796	2	125	4.36e-57	230
NC_001564	SRA:SRX2878350.2475089.2	99.200	125	1	0	8311	8435	1	125	5.64e-56	226
NC_001564	SRA:SRX2878350.2000071.2	99.200	125	1	0	5657	5781	1	125	5.64e-56	226
NC_001564	SRA:SRX2878350.1935749.2	99.200	125	1	0	8760	8884	1	125	5.64e-56	226
NC_001564	SRA:SRX2878350.2475089.1	98.400	125	2	0	8482	8606	125	1	2.63e-54	220
NC_001564	SRA:SRX2878350.244482.1	99.180	122	1	0	474	595	1	122	2.63e-54	220
NC_001564	SRA:SRX2878350.1261036.1	98.374	123	2	0	3758	3880	3	125	3.40e-53	217
NC_001564	SRA:SRX2878350.3771790.1	97.600	125	3	0	3926	4050	125	1	1.22e-52	215
NC_001564	SRA:SRX2878350.1935749.1	97.600	125	3	0	8845	8969	125	1	1.22e-52	215
NC_001564	SRA:SRX2878350.1118254.1	97.600	125	3	0	5670	5794	1	125	1.22e-52	215
NC_001564	SRA:SRX2878350.972854.2	97.600	125	3	0	9348	9472	1	125	1.22e-52	215
NC_001564	SRA:SRX2878350.3771790.2	97.581	124	3	0	3916	4039	2	125	4.39e-52	213
NC_001564	SRA:SRX2878350.1867672.1	97.581	124	3	0	9969	10092	1	124	4.39e-52	213
NC_001564	SRA:SRX2878350.916060.1	97.581	124	3	0	5757	5880	125	2	4.39e-52	213
NC_001564	SRA:SRX2878350.1367682.2	97.561	123	3	0	3338	3460	3	125	1.58e-51	211
NC_001564	SRA:SRX2878350.1367682.1	97.561	123	3	0	3383	3505	125	3	1.58e-51	211
NC_001564	SRA:SRX2878350.2376528.2	96.800	125	4	0	7071	7195	1	125	5.68e-51	209
NC_001564	SRA:SRX2878350.1241907.1	96.800	125	4	0	2375	2499	1	125	5.68e-51	209
NC_001564	SRA:SRX2878350.949061.1	96.800	125	4	0	5243	5367	1	125	5.68e-51	209
NC_001564	SRA:SRX2878350.281650.1	96.800	125	4	0	6798	6922	125	1	5.68e-51	209
NC_001564	SRA:SRX2878350.244482.2	97.541	122	3	0	729	850	125	4	5.68e-51	209
NC_001564	SRA:SRX2878350.794201.2	96.774	124	4	0	4017	4140	125	2	2.04e-50	207
NC_001564	SRA:SRX2878350.794201.1	96.774	124	4	0	4007	4130	1	124	2.04e-50	207
NC_001564	SRA:SRX2878350.1887689.1	96.748	123	4	0	9335	9457	2	124	7.35e-50	206
NC_001564	SRA:SRX2878350.949061.2	96.748	123	4	0	5352	5474	124	2	7.35e-50	206
NC_001564	SRA:SRX2878350.2376528.1	96.721	122	4	0	7119	7240	122	1	2.64e-49	204
NC_001564	SRA:SRX2878350.1814521.2	96.000	125	5	0	7237	7361	1	125	2.64e-49	204
NC_001564	SRA:SRX2878350.972854.1	96.000	125	5	0	9405	9529	125	1	2.64e-49	204
NC_001564	SRA:SRX2878350.1118254.2	95.968	124	5	0	5762	5885	125	2	9.51e-49	202
NC_001564	SRA:SRX2878350.934532.2	95.968	124	5	0	9351	9474	125	2	9.51e-49	202
NC_001564	SRA:SRX2878350.304852.2	96.694	121	4	0	5541	5661	2	122	9.51e-49	202
NC_001564	SRA:SRX2878350.304852.1	96.667	120	4	0	5541	5660	120	1	3.42e-48	200
NC_001564	SRA:SRX2878350.1781237.2	95.200	125	6	0	620	744	1	125	1.23e-47	198
NC_001564	SRA:SRX2878350.1781237.1	95.902	122	5	0	638	759	124	3	1.23e-47	198
NC_001564	SRA:SRX2878350.1241907.2	95.161	124	6	0	2420	2543	125	2	4.43e-47	196
NC_001564	SRA:SRX2878350.2722477.1	94.400	125	7	0	9052	9176	125	1	5.73e-46	193
NC_001564	SRA:SRX2878350.1819331.1	94.400	125	7	0	1890	2014	125	1	5.73e-46	193
NC_001564	SRA:SRX2878350.1632268.1	95.082	122	6	0	9668	9789	123	2	5.73e-46	193
NC_001564	SRA:SRX2878350.308571.2	94.400	125	7	0	104	228	125	1	5.73e-46	193
NC_001564	SRA:SRX2878350.3500173.1	98.165	109	2	0	4374	4482	109	1	2.06e-45	191
NC_001564	SRA:SRX2878350.2477688.2	96.522	115	4	0	5792	5906	117	3	2.06e-45	191
NC_001564	SRA:SRX2878350.2477688.1	96.522	115	4	0	5792	5906	1	115	2.06e-45	191
NC_001564	SRA:SRX2878350.2722477.2	93.600	125	8	0	9034	9158	1	125	2.66e-44	187
NC_001564	SRA:SRX2878350.1261036.2	99.038	104	1	0	3812	3915	125	22	2.66e-44	187
NC_001564	SRA:SRX2878350.934532.1	93.600	125	8	0	9201	9325	1	125	2.66e-44	187
NC_001564	SRA:SRX2878350.308571.1	93.600	125	8	0	87	211	1	125	2.66e-44	187
NC_001564	SRA:SRX2878350.1887689.2	93.600	125	7	1	9387	9511	125	2	9.58e-44	185
NC_001564	SRA:SRX2878350.1632268.2	93.548	124	8	0	9655	9778	2	125	9.58e-44	185
NC_001564	SRA:SRX2878350.281650.2	93.548	124	8	0	6740	6863	2	125	9.58e-44	185
NC_001564	SRA:SRX2878350.3500173.2	97.196	107	3	0	4374	4480	2	108	1.24e-42	182
NC_001564	SRA:SRX2878350.1814521.1	92.800	125	9	0	7480	7604	125	1	1.24e-42	182
NC_001564	SRA:SRX2878350.191411.2	97.143	105	3	0	8653	8757	1	105	1.60e-41	178
NC_001564	SRA:SRX2878350.191411.1	97.143	105	3	0	8653	8757	105	1	1.60e-41	178
NC_001564	SRA:SRX2878350.1819331.2	92.000	125	10	0	1803	1927	1	125	5.77e-41	176
NC_001564	SRA:SRX2878350.276716.2	97.059	102	3	0	8045	8146	1	102	7.46e-40	172
NC_001564	SRA:SRX2878350.276716.1	97.059	102	3	0	8045	8146	102	1	7.46e-40	172
NC_001564	SRA:SRX2878350.3165847.2	95.283	106	5	0	1559	1664	107	2	9.65e-39	169
NC_001564	SRA:SRX2878350.3165847.1	95.283	106	5	0	1559	1664	2	107	9.65e-39	169
NC_001564	SRA:SRX2878350.1140738.1	91.228	114	10	0	2014	2127	1	114	7.51e-35	156
NC_001564	SRA:SRX2878350.574543.2	94.949	99	5	0	9654	9752	99	1	7.51e-35	156
NC_001564	SRA:SRX2878350.574543.1	94.949	99	5	0	9654	9752	1	99	7.51e-35	156
CFAV-Cairns_Australia_2014	SRA:SRX2878350.916060.1	100.000	124	0	0	5756	5879	125	2	4.36e-57	230
CFAV-Cairns_Australia_2014	SRA:SRX2878350.2475089.2	100.000	123	0	0	8310	8432	1	123	1.57e-56	228
CFAV-Cairns_Australia_2014	SRA:SRX2878350.972854.2	99.200	125	1	0	9347	9471	1	125	5.65e-56	226
CFAV-Cairns_Australia_2014	SRA:SRX2878350.244482.1	99.200	125	1	0	473	597	1	125	5.65e-56	226
CFAV-Cairns_Australia_2014	SRA:SRX2878350.2000071.1	98.400	125	2	0	5670	5794	125	1	2.63e-54	220
CFAV-Cairns_Australia_2014	SRA:SRX2878350.1935749.2	98.400	125	2	0	8759	8883	1	125	2.63e-54	220
CFAV-Cairns_Australia_2014	SRA:SRX2878350.1867672.2	98.400	125	2	0	10142	10266	125	1	2.63e-54	220
CFAV-Cairns_Australia_2014	SRA:SRX2878350.1781237.2	98.400	125	2	0	619	743	1	125	2.63e-54	220
CFAV-Cairns_Australia_2014	SRA:SRX2878350.1781237.1	99.180	122	1	0	637	758	124	3	2.63e-54	220
CFAV-Cairns_Australia_2014	SRA:SRX2878350.1261036.1	98.400	125	2	0	3755	3879	1	125	2.63e-54	220
CFAV-Cairns_Australia_2014	SRA:SRX2878350.1887689.1	98.387	124	2	0	9333	9456	1	124	9.45e-54	219
CFAV-Cairns_Australia_2014	SRA:SRX2878350.972854.1	98.387	124	2	0	9404	9527	125	2	9.45e-54	219
CFAV-Cairns_Australia_2014	SRA:SRX2878350.916060.2	98.387	124	2	0	5672	5795	2	125	9.45e-54	219
CFAV-Cairns_Australia_2014	SRA:SRX2878350.2000071.2	97.600	125	3	0	5656	5780	1	125	1.22e-52	215
CFAV-Cairns_Australia_2014	SRA:SRX2878350.2477688.2	100.000	115	0	0	5791	5905	117	3	4.40e-52	213
CFAV-Cairns_Australia_2014	SRA:SRX2878350.2477688.1	100.000	115	0	0	5791	5905	1	115	4.40e-52	213
CFAV-Cairns_Australia_2014	SRA:SRX2878350.934532.2	97.581	124	3	0	9350	9473	125	2	4.40e-52	213
CFAV-Cairns_Australia_2014	SRA:SRX2878350.304852.2	98.347	121	2	0	5540	5660	2	122	4.40e-52	213
CFAV-Cairns_Australia_2014	SRA:SRX2878350.1367682.2	97.561	123	3	0	3337	3459	3	125	1.58e-51	211
CFAV-Cairns_Australia_2014	SRA:SRX2878350.949061.2	97.561	123	3	0	5351	5473	124	2	1.58e-51	211
CFAV-Cairns_Australia_2014	SRA:SRX2878350.304852.1	98.333	120	2	0	5540	5659	120	1	1.58e-51	211
CFAV-Cairns_Australia_2014	SRA:SRX2878350.3771790.1	96.800	125	4	0	3925	4049	125	1	5.69e-51	209
CFAV-Cairns_Australia_2014	SRA:SRX2878350.2376528.2	96.800	125	4	0	7070	7194	1	125	5.69e-51	209
CFAV-Cairns_Australia_2014	SRA:SRX2878350.1241907.1	96.800	125	4	0	2374	2498	1	125	5.69e-51	209
CFAV-Cairns_Australia_2014	SRA:SRX2878350.949061.1	96.800	125	4	0	5242	5366	1	125	5.69e-51	209
CFAV-Cairns_Australia_2014	SRA:SRX2878350.308571.2	96.800	125	4	0	103	227	125	1	5.69e-51	209
CFAV-Cairns_Australia_2014	SRA:SRX2878350.244482.2	97.541	122	3	0	728	849	125	4	5.69e-51	209
CFAV-Cairns_Australia_2014	SRA:SRX2878350.3771790.2	96.774	124	4	0	3915	4038	2	125	2.05e-50	207
CFAV-Cairns_Australia_2014	SRA:SRX2878350.1118254.2	96.774	124	4	0	5761	5884	125	2	2.05e-50	207
CFAV-Cairns_Australia_2014	SRA:SRX2878350.1367682.1	96.748	123	4	0	3382	3504	125	3	7.36e-50	206
CFAV-Cairns_Australia_2014	SRA:SRX2878350.1935749.1	96.000	125	5	0	8844	8968	125	1	2.65e-49	204
CFAV-Cairns_Australia_2014	SRA:SRX2878350.1819331.1	96.000	125	5	0	1889	2013	125	1	2.65e-49	204
CFAV-Cairns_Australia_2014	SRA:SRX2878350.1118254.1	96.000	125	5	0	5669	5793	1	125	2.65e-49	204
CFAV-Cairns_Australia_2014	SRA:SRX2878350.308571.1	96.000	125	5	0	86	210	1	125	2.65e-49	204
CFAV-Cairns_Australia_2014	SRA:SRX2878350.281650.1	96.000	125	5	0	6797	6921	125	1	2.65e-49	204
CFAV-Cairns_Australia_2014	SRA:SRX2878350.1887689.2	96.000	125	4	1	9386	9510	125	2	9.51e-49	202
CFAV-Cairns_Australia_2014	SRA:SRX2878350.1867672.1	95.968	124	5	0	9968	10091	1	124	9.51e-49	202
CFAV-Cairns_Australia_2014	SRA:SRX2878350.794201.2	95.968	124	5	0	4016	4139	125	2	9.51e-49	202
CFAV-Cairns_Australia_2014	SRA:SRX2878350.794201.1	95.968	124	5	0	4006	4129	1	124	9.51e-49	202
CFAV-Cairns_Australia_2014	SRA:SRX2878350.281650.2	95.968	124	5	0	6739	6862	2	125	9.51e-49	202
CFAV-Cairns_Australia_2014	SRA:SRX2878350.2722477.1	95.200	125	6	0	9051	9175	125	1	1.23e-47	198
CFAV-Cairns_Australia_2014	SRA:SRX2878350.2376528.1	95.902	122	5	0	7118	7239	122	1	1.23e-47	198
CFAV-Cairns_Australia_2014	SRA:SRX2878350.1819331.2	95.200	125	6	0	1802	1926	1	125	1.23e-47	198
CFAV-Cairns_Australia_2014	SRA:SRX2878350.1814521.2	95.200	125	6	0	7236	7360	1	125	1.23e-47	198
CFAV-Cairns_Australia_2014	SRA:SRX2878350.1241907.2	95.868	121	5	0	2422	2542	122	2	4.43e-47	196
CFAV-Cairns_Australia_2014	SRA:SRX2878350.2722477.2	94.400	125	7	0	9033	9157	1	125	5.73e-46	193
CFAV-Cairns_Australia_2014	SRA:SRX2878350.2475089.1	94.400	125	7	0	8481	8605	125	1	5.73e-46	193
CFAV-Cairns_Australia_2014	SRA:SRX2878350.1632268.1	95.082	122	6	0	9667	9788	123	2	5.73e-46	193
CFAV-Cairns_Australia_2014	SRA:SRX2878350.1261036.2	100.000	104	0	0	3811	3914	125	22	5.73e-46	193
CFAV-Cairns_Australia_2014	SRA:SRX2878350.3165847.2	99.057	106	1	0	1558	1663	107	2	2.06e-45	191
CFAV-Cairns_Australia_2014	SRA:SRX2878350.3165847.1	99.057	106	1	0	1558	1663	2	107	2.06e-45	191
CFAV-Cairns_Australia_2014	SRA:SRX2878350.1814521.1	92.800	125	9	0	7479	7603	125	1	1.24e-42	182
CFAV-Cairns_Australia_2014	SRA:SRX2878350.934532.1	92.800	125	9	0	9200	9324	1	125	1.24e-42	182
CFAV-Cairns_Australia_2014	SRA:SRX2878350.3500173.1	96.330	109	4	0	4373	4481	109	1	4.46e-42	180
CFAV-Cairns_Australia_2014	SRA:SRX2878350.1632268.2	92.742	124	9	0	9654	9777	2	125	4.46e-42	180
CFAV-Cairns_Australia_2014	SRA:SRX2878350.1140738.2	92.623	122	9	0	2098	2219	124	3	5.77e-41	176
CFAV-Cairns_Australia_2014	SRA:SRX2878350.3500173.2	95.327	107	5	0	4373	4479	2	108	2.68e-39	171
CFAV-Cairns_Australia_2014	SRA:SRX2878350.276716.2	95.050	101	5	0	8044	8144	1	101	5.81e-36	159
CFAV-Cairns_Australia_2014	SRA:SRX2878350.276716.1	95.050	101	5	0	8044	8144	102	2	5.81e-36	159
CFAV-Macapa2_Brazil_2017	SRA:SRX2878350.3771790.1	100.000	125	0	0	3926	4050	125	1	1.21e-57	231
CFAV-Macapa2_Brazil_2017	SRA:SRX2878350.2722477.2	100.000	125	0	0	9034	9158	1	125	1.21e-57	231
CFAV-Macapa2_Brazil_2017	SRA:SRX2878350.2722477.1	100.000	125	0	0	9052	9176	125	1	1.21e-57	231
CFAV-Macapa2_Brazil_2017	SRA:SRX2878350.2376528.2	100.000	125	0	0	7071	7195	1	125	1.21e-57	231
CFAV-Macapa2_Brazil_2017	SRA:SRX2878350.1118254.1	100.000	125	0	0	5670	5794	1	125	1.21e-57	231
CFAV-Macapa2_Brazil_2017	SRA:SRX2878350.3771790.2	100.000	124	0	0	3916	4039	2	125	4.36e-57	230
CFAV-Macapa2_Brazil_2017	SRA:SRX2878350.1887689.1	100.000	124	0	0	9334	9457	1	124	4.36e-57	230
CFAV-Macapa2_Brazil_2017	SRA:SRX2878350.1118254.2	100.000	124	0	0	5762	5885	125	2	4.36e-57	230
CFAV-Macapa2_Brazil_2017	SRA:SRX2878350.794201.2	100.000	124	0	0	4017	4140	125	2	4.36e-57	230
CFAV-Macapa2_Brazil_2017	SRA:SRX2878350.794201.1	100.000	124	0	0	4007	4130	1	124	4.36e-57	230
CFAV-Macapa2_Brazil_2017	SRA:SRX2878350.1814521.2	99.200	125	1	0	7237	7361	1	125	5.65e-56	226
CFAV-Macapa2_Brazil_2017	SRA:SRX2878350.1814521.1	99.200	125	1	0	7480	7604	125	1	5.65e-56	226
CFAV-Macapa2_Brazil_2017	SRA:SRX2878350.1781237.2	99.200	125	1	0	620	744	1	125	5.65e-56	226
CFAV-Macapa2_Brazil_2017	SRA:SRX2878350.972854.2	99.200	125	1	0	9348	9472	1	125	5.65e-56	226
CFAV-Macapa2_Brazil_2017	SRA:SRX2878350.281650.1	99.200	125	1	0	6798	6922	125	1	5.65e-56	226
CFAV-Macapa2_Brazil_2017	SRA:SRX2878350.2376528.1	99.194	124	1	0	7117	7240	124	1	2.03e-55	224
CFAV-Macapa2_Brazil_2017	SRA:SRX2878350.1140738.2	99.194	124	1	0	2098	2221	125	2	2.03e-55	224
CFAV-Macapa2_Brazil_2017	SRA:SRX2878350.934532.2	99.194	124	1	0	9351	9474	125	2	2.03e-55	224
CFAV-Macapa2_Brazil_2017	SRA:SRX2878350.281650.2	99.194	124	1	0	6740	6863	2	125	2.03e-55	224
CFAV-Macapa2_Brazil_2017	SRA:SRX2878350.1781237.1	99.187	123	1	0	638	760	124	2	7.30e-55	222
CFAV-Macapa2_Brazil_2017	SRA:SRX2878350.1241907.1	98.400	125	2	0	2375	2499	1	125	2.63e-54	220
CFAV-Macapa2_Brazil_2017	SRA:SRX2878350.1887689.2	98.387	124	2	0	9387	9510	125	2	9.45e-54	219
CFAV-Macapa2_Brazil_2017	SRA:SRX2878350.1867672.1	98.387	124	2	0	9969	10092	1	124	9.45e-54	219
CFAV-Macapa2_Brazil_2017	SRA:SRX2878350.1140738.1	98.387	124	2	0	2014	2137	1	124	9.45e-54	219
CFAV-Macapa2_Brazil_2017	SRA:SRX2878350.2000071.2	97.600	125	3	0	5657	5781	1	125	1.22e-52	215
CFAV-Macapa2_Brazil_2017	SRA:SRX2878350.2000071.1	97.600	125	3	0	5671	5795	125	1	1.22e-52	215
CFAV-Macapa2_Brazil_2017	SRA:SRX2878350.1261036.1	97.600	125	3	0	3756	3880	1	125	1.22e-52	215
CFAV-Macapa2_Brazil_2017	SRA:SRX2878350.972854.1	97.600	125	3	0	9405	9529	125	1	1.22e-52	215
CFAV-Macapa2_Brazil_2017	SRA:SRX2878350.934532.1	97.600	125	3	0	9201	9325	1	125	1.22e-52	215
CFAV-Macapa2_Brazil_2017	SRA:SRX2878350.1241907.2	98.347	121	2	0	2423	2543	122	2	4.40e-52	213
CFAV-Macapa2_Brazil_2017	SRA:SRX2878350.916060.2	97.581	124	3	0	5673	5796	2	125	4.40e-52	213
CFAV-Macapa2_Brazil_2017	SRA:SRX2878350.1367682.2	97.561	123	3	0	3338	3460	3	125	1.58e-51	211
CFAV-Macapa2_Brazil_2017	SRA:SRX2878350.1367682.1	97.561	123	3	0	3383	3505	125	3	1.58e-51	211
CFAV-Macapa2_Brazil_2017	SRA:SRX2878350.949061.2	97.561	123	3	0	5352	5474	124	2	1.58e-51	211
CFAV-Macapa2_Brazil_2017	SRA:SRX2878350.1935749.2	96.800	125	4	0	8760	8884	1	125	5.69e-51	209
CFAV-Macapa2_Brazil_2017	SRA:SRX2878350.949061.1	96.800	125	4	0	5243	5367	1	125	5.69e-51	209
CFAV-Macapa2_Brazil_2017	SRA:SRX2878350.244482.2	97.541	122	3	0	729	850	125	4	5.69e-51	209
CFAV-Macapa2_Brazil_2017	SRA:SRX2878350.916060.1	96.774	124	4	0	5757	5880	125	2	2.05e-50	207
CFAV-Macapa2_Brazil_2017	SRA:SRX2878350.1935749.1	96.000	125	5	0	8845	8969	125	1	2.65e-49	204
CFAV-Macapa2_Brazil_2017	SRA:SRX2878350.3165847.2	100.000	107	0	0	1558	1664	108	2	1.23e-47	198
CFAV-Macapa2_Brazil_2017	SRA:SRX2878350.3165847.1	100.000	107	0	0	1558	1664	1	107	1.23e-47	198
CFAV-Macapa2_Brazil_2017	SRA:SRX2878350.2475089.2	95.200	125	6	0	8311	8435	1	125	1.23e-47	198
CFAV-Macapa2_Brazil_2017	SRA:SRX2878350.2475089.1	95.200	125	6	0	8482	8606	125	1	1.23e-47	198
CFAV-Macapa2_Brazil_2017	SRA:SRX2878350.2477688.2	97.391	115	3	0	5792	5906	117	3	4.43e-47	196
CFAV-Macapa2_Brazil_2017	SRA:SRX2878350.2477688.1	97.391	115	3	0	5792	5906	1	115	4.43e-47	196
CFAV-Macapa2_Brazil_2017	SRA:SRX2878350.304852.2	95.868	121	5	0	5541	5661	2	122	4.43e-47	196
CFAV-Macapa2_Brazil_2017	SRA:SRX2878350.304852.1	95.833	120	5	0	5541	5660	120	1	1.59e-46	195
CFAV-Macapa2_Brazil_2017	SRA:SRX2878350.1867672.2	94.400	125	7	0	10143	10267	125	1	5.73e-46	193
CFAV-Macapa2_Brazil_2017	SRA:SRX2878350.1632268.1	95.082	122	6	0	9668	9789	123	2	5.73e-46	193
CFAV-Macapa2_Brazil_2017	SRA:SRX2878350.244482.1	94.400	125	7	0	474	598	1	125	5.73e-46	193
CFAV-Macapa2_Brazil_2017	SRA:SRX2878350.1819331.2	93.600	125	8	0	1803	1927	1	125	2.66e-44	187
CFAV-Macapa2_Brazil_2017	SRA:SRX2878350.1819331.1	93.600	125	8	0	1890	2014	125	1	2.66e-44	187
CFAV-Macapa2_Brazil_2017	SRA:SRX2878350.1261036.2	98.077	104	2	0	3812	3915	125	22	1.24e-42	182
CFAV-Macapa2_Brazil_2017	SRA:SRX2878350.3500173.1	96.330	109	4	0	4374	4482	109	1	4.46e-42	180
CFAV-Macapa2_Brazil_2017	SRA:SRX2878350.1632268.2	92.742	124	9	0	9655	9778	2	125	4.46e-42	180
CFAV-Macapa2_Brazil_2017	SRA:SRX2878350.574543.2	98.990	99	1	0	9654	9752	99	1	1.60e-41	178
CFAV-Macapa2_Brazil_2017	SRA:SRX2878350.574543.1	98.990	99	1	0	9654	9752	1	99	1.60e-41	178
CFAV-Macapa2_Brazil_2017	SRA:SRX2878350.3500173.2	96.226	106	4	0	4374	4479	2	107	2.07e-40	174
CFAV-Macapa2_Brazil_2017	SRA:SRX2878350.276716.2	96.078	102	4	0	8045	8146	1	102	3.47e-38	167
CFAV-Macapa2_Brazil_2017	SRA:SRX2878350.276716.1	96.078	102	4	0	8045	8146	102	1	3.47e-38	167
CFAV-Macapa2_Brazil_2017	SRA:SRX2878350.191411.2	92.381	105	8	0	8653	8757	1	105	3.50e-33	150
CFAV-Macapa2_Brazil_2017	SRA:SRX2878350.191411.1	92.381	105	8	0	8653	8757	105	1	3.50e-33	150
CFAV-KC_Cambodia_2015	SRA:SRX2878350.972854.1	99.194	124	1	0	9416	9539	125	2	2.03e-55	224
CFAV-KC_Cambodia_2015	SRA:SRX2878350.2475089.1	98.400	125	2	0	8493	8617	125	1	2.63e-54	220
CFAV-KC_Cambodia_2015	SRA:SRX2878350.1935749.1	98.400	125	2	0	8856	8980	125	1	2.63e-54	220
CFAV-KC_Cambodia_2015	SRA:SRX2878350.1261036.1	98.400	125	2	0	3767	3891	1	125	2.63e-54	220
CFAV-KC_Cambodia_2015	SRA:SRX2878350.1867672.2	97.600	125	3	0	10154	10278	125	1	1.22e-52	215
CFAV-KC_Cambodia_2015	SRA:SRX2878350.1781237.2	97.600	125	3	0	631	755	1	125	1.22e-52	215
CFAV-KC_Cambodia_2015	SRA:SRX2878350.3771790.1	96.800	125	4	0	3937	4061	125	1	5.69e-51	209
CFAV-KC_Cambodia_2015	SRA:SRX2878350.1935749.2	96.800	125	4	0	8771	8895	1	125	5.69e-51	209
CFAV-KC_Cambodia_2015	SRA:SRX2878350.972854.2	96.800	125	4	0	9359	9483	1	125	5.69e-51	209
CFAV-KC_Cambodia_2015	SRA:SRX2878350.916060.1	97.541	122	3	0	5768	5889	125	4	5.69e-51	209
CFAV-KC_Cambodia_2015	SRA:SRX2878350.281650.1	96.800	125	4	0	6809	6933	125	1	5.69e-51	209
CFAV-KC_Cambodia_2015	SRA:SRX2878350.1887689.2	96.800	125	3	1	9398	9522	125	2	2.05e-50	207
CFAV-KC_Cambodia_2015	SRA:SRX2878350.1887689.1	96.774	124	4	0	9345	9468	1	124	2.05e-50	207
CFAV-KC_Cambodia_2015	SRA:SRX2878350.794201.2	96.774	124	4	0	4028	4151	125	2	2.05e-50	207
CFAV-KC_Cambodia_2015	SRA:SRX2878350.794201.1	96.774	124	4	0	4018	4141	1	124	2.05e-50	207
CFAV-KC_Cambodia_2015	SRA:SRX2878350.2376528.2	96.000	125	5	0	7082	7206	1	125	2.65e-49	204
CFAV-KC_Cambodia_2015	SRA:SRX2878350.2000071.1	96.000	125	5	0	5682	5806	125	1	2.65e-49	204
CFAV-KC_Cambodia_2015	SRA:SRX2878350.3771790.2	95.968	124	5	0	3927	4050	2	125	9.53e-49	202
CFAV-KC_Cambodia_2015	SRA:SRX2878350.1867672.1	95.968	124	5	0	9980	10103	1	124	9.53e-49	202
CFAV-KC_Cambodia_2015	SRA:SRX2878350.934532.2	95.968	124	5	0	9362	9485	125	2	9.53e-49	202
CFAV-KC_Cambodia_2015	SRA:SRX2878350.916060.2	95.968	124	5	0	5684	5807	2	125	9.53e-49	202
CFAV-KC_Cambodia_2015	SRA:SRX2878350.1814521.1	95.200	125	6	0	7491	7615	125	1	1.23e-47	198
CFAV-KC_Cambodia_2015	SRA:SRX2878350.1781237.1	95.902	122	5	0	649	770	124	3	1.23e-47	198
CFAV-KC_Cambodia_2015	SRA:SRX2878350.1118254.1	95.200	125	6	0	5681	5805	1	125	1.23e-47	198
CFAV-KC_Cambodia_2015	SRA:SRX2878350.934532.1	95.200	125	6	0	9212	9336	1	125	1.23e-47	198
CFAV-KC_Cambodia_2015	SRA:SRX2878350.2477688.2	97.391	115	3	0	5803	5917	117	3	4.43e-47	196
CFAV-KC_Cambodia_2015	SRA:SRX2878350.2477688.1	97.391	115	3	0	5803	5917	1	115	4.43e-47	196
CFAV-KC_Cambodia_2015	SRA:SRX2878350.2000071.2	94.400	125	7	0	5668	5792	1	125	5.73e-46	193
CFAV-KC_Cambodia_2015	SRA:SRX2878350.1814521.2	94.400	125	7	0	7248	7372	1	125	5.73e-46	193
CFAV-KC_Cambodia_2015	SRA:SRX2878350.1367682.2	95.082	122	6	0	3349	3470	3	124	5.73e-46	193
CFAV-KC_Cambodia_2015	SRA:SRX2878350.949061.1	94.400	125	7	0	5254	5378	1	125	5.73e-46	193
CFAV-KC_Cambodia_2015	SRA:SRX2878350.308571.2	94.400	125	7	0	115	239	125	1	5.73e-46	193
CFAV-KC_Cambodia_2015	SRA:SRX2878350.244482.1	94.400	125	7	0	485	609	1	125	5.73e-46	193
CFAV-KC_Cambodia_2015	SRA:SRX2878350.281650.2	94.355	124	7	0	6751	6874	2	125	2.06e-45	191
CFAV-KC_Cambodia_2015	SRA:SRX2878350.2475089.2	94.309	123	7	0	8322	8444	1	123	7.42e-45	189
CFAV-KC_Cambodia_2015	SRA:SRX2878350.1367682.1	94.309	123	7	0	3394	3516	125	3	7.42e-45	189
CFAV-KC_Cambodia_2015	SRA:SRX2878350.1241907.1	93.600	125	8	0	2386	2510	1	125	2.67e-44	187
CFAV-KC_Cambodia_2015	SRA:SRX2878350.308571.1	93.600	125	8	0	98	222	1	125	2.67e-44	187
CFAV-KC_Cambodia_2015	SRA:SRX2878350.2722477.1	93.548	124	8	0	9064	9187	124	1	9.59e-44	185
CFAV-KC_Cambodia_2015	SRA:SRX2878350.1118254.2	93.548	124	8	0	5773	5896	125	2	9.59e-44	185
CFAV-KC_Cambodia_2015	SRA:SRX2878350.949061.2	93.548	124	8	0	5362	5485	125	2	9.59e-44	185
CFAV-KC_Cambodia_2015	SRA:SRX2878350.2376528.1	93.443	122	8	0	7130	7251	122	1	1.24e-42	182
CFAV-KC_Cambodia_2015	SRA:SRX2878350.244482.2	93.443	122	8	0	740	861	125	4	1.24e-42	182
CFAV-KC_Cambodia_2015	SRA:SRX2878350.3165847.2	97.115	104	3	0	1570	1673	107	4	5.77e-41	176
CFAV-KC_Cambodia_2015	SRA:SRX2878350.3165847.1	97.115	104	3	0	1570	1673	2	105	5.77e-41	176
CFAV-KC_Cambodia_2015	SRA:SRX2878350.1261036.2	98.020	101	2	0	3826	3926	122	22	5.77e-41	176
CFAV-KC_Cambodia_2015	SRA:SRX2878350.1819331.1	91.200	125	11	0	1901	2025	125	1	2.69e-39	171
CFAV-KC_Cambodia_2015	SRA:SRX2878350.191411.2	96.154	104	4	0	8665	8768	2	105	2.69e-39	171
CFAV-KC_Cambodia_2015	SRA:SRX2878350.191411.1	96.154	104	4	0	8665	8768	104	1	2.69e-39	171
CFAV-KC_Cambodia_2015	SRA:SRX2878350.1241907.2	91.525	118	10	0	2437	2554	119	2	4.49e-37	163
CFAV-KC_Cambodia_2015	SRA:SRX2878350.1819331.2	90.244	123	12	0	1816	1938	3	125	1.62e-36	161
CFAV-KC_Cambodia_2015	SRA:SRX2878350.574543.2	95.960	99	4	0	9665	9763	99	1	1.62e-36	161
CFAV-KC_Cambodia_2015	SRA:SRX2878350.574543.1	95.960	99	4	0	9665	9763	1	99	1.62e-36	161
CFAV-KC_Cambodia_2015	SRA:SRX2878350.276716.2	95.098	102	5	0	8056	8157	1	102	1.62e-36	161
CFAV-KC_Cambodia_2015	SRA:SRX2878350.276716.1	95.098	102	5	0	8056	8157	102	1	1.62e-36	161
CFAV-KC_Cambodia_2015	SRA:SRX2878350.1140738.1	91.228	114	10	0	2025	2138	1	114	7.52e-35	156
CFAV-KC_Cambodia_2015	SRA:SRX2878350.3500173.1	91.743	109	9	0	4385	4493	109	1	9.73e-34	152
CFAV-KC_Cambodia_2015	SRA:SRX2878350.1140738.2	88.525	122	14	0	2110	2231	124	3	1.26e-32	148
CFAV-KC_Cambodia_2015	SRA:SRX2878350.3500173.2	91.346	104	9	0	4385	4488	2	105	5.86e-31	143
CFAV-Zik_Uganda_2016	SRA:SRX2878350.1367682.2	99.187	123	1	0	3349	3471	3	125	7.31e-55	222
CFAV-Zik_Uganda_2016	SRA:SRX2878350.1367682.1	99.187	123	1	0	3394	3516	125	3	7.31e-55	222
CFAV-Zik_Uganda_2016	SRA:SRX2878350.1935749.2	98.400	125	2	0	8771	8895	1	125	2.63e-54	220
CFAV-Zik_Uganda_2016	SRA:SRX2878350.1261036.1	98.400	125	2	0	3767	3891	1	125	2.63e-54	220
CFAV-Zik_Uganda_2016	SRA:SRX2878350.972854.1	98.400	125	2	0	9416	9540	125	1	2.63e-54	220
CFAV-Zik_Uganda_2016	SRA:SRX2878350.916060.1	98.387	124	2	0	5768	5891	125	2	9.46e-54	219
CFAV-Zik_Uganda_2016	SRA:SRX2878350.1118254.1	97.600	125	3	0	5681	5805	1	125	1.22e-52	215
CFAV-Zik_Uganda_2016	SRA:SRX2878350.949061.1	97.600	125	3	0	5254	5378	1	125	1.22e-52	215
CFAV-Zik_Uganda_2016	SRA:SRX2878350.1867672.1	97.581	124	3	0	9980	10103	1	124	4.40e-52	213
CFAV-Zik_Uganda_2016	SRA:SRX2878350.3771790.1	96.800	125	4	0	3937	4061	125	1	5.69e-51	209
CFAV-Zik_Uganda_2016	SRA:SRX2878350.2722477.1	96.800	125	4	0	9063	9187	125	1	5.69e-51	209
CFAV-Zik_Uganda_2016	SRA:SRX2878350.972854.2	96.800	125	4	0	9359	9483	1	125	5.69e-51	209
CFAV-Zik_Uganda_2016	SRA:SRX2878350.281650.1	96.800	125	4	0	6809	6933	125	1	5.69e-51	209
CFAV-Zik_Uganda_2016	SRA:SRX2878350.3771790.2	96.774	124	4	0	3927	4050	2	125	2.05e-50	207
CFAV-Zik_Uganda_2016	SRA:SRX2878350.2477688.2	99.130	115	1	0	5803	5917	117	3	2.05e-50	207
CFAV-Zik_Uganda_2016	SRA:SRX2878350.2477688.1	99.130	115	1	0	5803	5917	1	115	2.05e-50	207
CFAV-Zik_Uganda_2016	SRA:SRX2878350.1118254.2	96.774	124	4	0	5773	5896	125	2	2.05e-50	207
CFAV-Zik_Uganda_2016	SRA:SRX2878350.794201.2	96.774	124	4	0	4028	4151	125	2	2.05e-50	207
CFAV-Zik_Uganda_2016	SRA:SRX2878350.794201.1	96.774	124	4	0	4018	4141	1	124	2.05e-50	207
CFAV-Zik_Uganda_2016	SRA:SRX2878350.304852.2	97.521	121	3	0	5552	5672	2	122	2.05e-50	207
CFAV-Zik_Uganda_2016	SRA:SRX2878350.949061.2	96.748	123	4	0	5363	5485	124	2	7.36e-50	206
CFAV-Zik_Uganda_2016	SRA:SRX2878350.304852.1	97.500	120	3	0	5552	5671	120	1	7.36e-50	206
CFAV-Zik_Uganda_2016	SRA:SRX2878350.2722477.2	96.000	125	5	0	9045	9169	1	125	2.65e-49	204
CFAV-Zik_Uganda_2016	SRA:SRX2878350.2475089.2	96.000	125	5	0	8322	8446	1	125	2.65e-49	204
CFAV-Zik_Uganda_2016	SRA:SRX2878350.2000071.2	96.000	125	5	0	5668	5792	1	125	2.65e-49	204
CFAV-Zik_Uganda_2016	SRA:SRX2878350.1935749.1	96.000	125	5	0	8856	8980	125	1	2.65e-49	204
CFAV-Zik_Uganda_2016	SRA:SRX2878350.1814521.2	96.000	125	5	0	7248	7372	1	125	2.65e-49	204
CFAV-Zik_Uganda_2016	SRA:SRX2878350.1781237.2	96.000	125	5	0	631	755	1	125	2.65e-49	204
CFAV-Zik_Uganda_2016	SRA:SRX2878350.1241907.1	96.000	125	5	0	2386	2510	1	125	2.65e-49	204
CFAV-Zik_Uganda_2016	SRA:SRX2878350.2000071.1	95.200	125	6	0	5682	5806	125	1	1.23e-47	198
CFAV-Zik_Uganda_2016	SRA:SRX2878350.1781237.1	96.639	119	4	0	652	770	121	3	1.23e-47	198
CFAV-Zik_Uganda_2016	SRA:SRX2878350.244482.2	95.902	122	5	0	740	861	125	4	1.23e-47	198
CFAV-Zik_Uganda_2016	SRA:SRX2878350.244482.1	95.200	125	6	0	485	609	1	125	1.23e-47	198
CFAV-Zik_Uganda_2016	SRA:SRX2878350.1887689.2	95.200	125	5	1	9398	9522	125	2	4.43e-47	196
CFAV-Zik_Uganda_2016	SRA:SRX2878350.934532.2	95.161	124	6	0	9362	9485	125	2	4.43e-47	196
CFAV-Zik_Uganda_2016	SRA:SRX2878350.916060.2	95.161	124	6	0	5684	5807	2	125	4.43e-47	196
CFAV-Zik_Uganda_2016	SRA:SRX2878350.2376528.2	94.400	125	7	0	7082	7206	1	125	5.73e-46	193
CFAV-Zik_Uganda_2016	SRA:SRX2878350.1867672.2	94.400	125	7	0	10154	10278	125	1	5.73e-46	193
CFAV-Zik_Uganda_2016	SRA:SRX2878350.1814521.1	94.400	125	7	0	7491	7615	125	1	5.73e-46	193
CFAV-Zik_Uganda_2016	SRA:SRX2878350.1887689.1	94.355	124	7	0	9345	9468	1	124	2.06e-45	191
CFAV-Zik_Uganda_2016	SRA:SRX2878350.1140738.1	94.309	123	7	0	2025	2147	1	123	7.42e-45	189
CFAV-Zik_Uganda_2016	SRA:SRX2878350.2376528.1	94.262	122	7	0	7130	7251	122	1	2.67e-44	187
CFAV-Zik_Uganda_2016	SRA:SRX2878350.1261036.2	100.000	101	0	0	3826	3926	122	22	2.67e-44	187
CFAV-Zik_Uganda_2016	SRA:SRX2878350.3165847.2	98.113	106	2	0	1570	1675	107	2	9.59e-44	185
CFAV-Zik_Uganda_2016	SRA:SRX2878350.3165847.1	98.113	106	2	0	1570	1675	2	107	9.59e-44	185
CFAV-Zik_Uganda_2016	SRA:SRX2878350.1632268.1	94.215	121	7	0	9680	9800	122	2	9.59e-44	185
CFAV-Zik_Uganda_2016	SRA:SRX2878350.1241907.2	93.548	124	8	0	2431	2554	125	2	9.59e-44	185
CFAV-Zik_Uganda_2016	SRA:SRX2878350.281650.2	93.548	124	8	0	6751	6874	2	125	9.59e-44	185
CFAV-Zik_Uganda_2016	SRA:SRX2878350.1819331.2	92.800	125	9	0	1814	1938	1	125	1.24e-42	182
CFAV-Zik_Uganda_2016	SRA:SRX2878350.1819331.1	92.800	125	9	0	1901	2025	125	1	1.24e-42	182
CFAV-Zik_Uganda_2016	SRA:SRX2878350.1140738.2	93.443	122	8	0	2110	2231	124	3	1.24e-42	182
CFAV-Zik_Uganda_2016	SRA:SRX2878350.1632268.2	92.742	124	9	0	9666	9789	2	125	4.46e-42	180
CFAV-Zik_Uganda_2016	SRA:SRX2878350.308571.2	92.000	125	10	0	115	239	125	1	5.77e-41	176
CFAV-Zik_Uganda_2016	SRA:SRX2878350.308571.1	92.000	125	10	0	98	222	1	125	5.77e-41	176
CFAV-Zik_Uganda_2016	SRA:SRX2878350.3500173.1	95.413	109	5	0	4385	4493	109	1	2.08e-40	174
CFAV-Zik_Uganda_2016	SRA:SRX2878350.191411.2	95.238	105	5	0	8664	8768	1	105	3.47e-38	167
CFAV-Zik_Uganda_2016	SRA:SRX2878350.191411.1	95.238	105	5	0	8664	8768	105	1	3.47e-38	167
CFAV-Zik_Uganda_2016	SRA:SRX2878350.3500173.2	94.393	107	6	0	4385	4491	2	108	1.25e-37	165
CFAV-Zik_Uganda_2016	SRA:SRX2878350.574543.2	94.949	99	5	0	9665	9763	99	1	7.52e-35	156
CFAV-Zik_Uganda_2016	SRA:SRX2878350.574543.1	94.949	99	5	0	9665	9763	1	99	7.52e-35	156
CFAV-Zik_Uganda_2016	SRA:SRX2878350.276716.2	93.137	102	7	0	8056	8157	1	102	3.50e-33	150
CFAV-Zik_Uganda_2016	SRA:SRX2878350.276716.1	93.137	102	7	0	8056	8157	102	1	3.50e-33	150
