CFAV-Bangkok_Thailand_2015	SRA:SRX313453.38917718.1	100.000	31	0	0	4020	4050	31	1	6.52e-06	58.4
CFAV-Bangkok_Thailand_2015	SRA:SRX313453.29288444.1	100.000	31	0	0	4020	4050	31	1	6.52e-06	58.4
CFAV-Bangkok_Thailand_2015	SRA:SRX313453.21441371.1	100.000	31	0	0	4020	4050	31	1	6.52e-06	58.4
CFAV-Bangkok_Thailand_2015	SRA:SRX313453.32044756.1	100.000	30	0	0	7401	7430	1	30	2.35e-05	56.5
CFAV-Bangkok_Thailand_2015	SRA:SRX313453.29650843.1	100.000	29	0	0	8695	8723	1	29	8.44e-05	54.7
CFAV-Bangkok_Thailand_2015	SRA:SRX313453.12285932.1	100.000	29	0	0	8695	8723	1	29	8.44e-05	54.7
CFAV-Bangkok_Thailand_2015	SRA:SRX313453.42552318.1	100.000	28	0	0	8688	8715	1	28	3.03e-04	52.8
CFAV-Bangkok_Thailand_2015	SRA:SRX313453.41890575.1	100.000	28	0	0	8609	8636	1	28	3.03e-04	52.8
CFAV-Bangkok_Thailand_2015	SRA:SRX313453.39057227.1	100.000	28	0	0	8609	8636	1	28	3.03e-04	52.8
CFAV-Bangkok_Thailand_2015	SRA:SRX313453.33608886.1	100.000	28	0	0	3927	3954	28	1	3.03e-04	52.8
CFAV-Bangkok_Thailand_2015	SRA:SRX313453.32903115.1	100.000	28	0	0	8688	8715	1	28	3.03e-04	52.8
CFAV-Bangkok_Thailand_2015	SRA:SRX313453.31712057.1	100.000	28	0	0	8609	8636	1	28	3.03e-04	52.8
CFAV-Bangkok_Thailand_2015	SRA:SRX313453.28987995.1	100.000	28	0	0	8609	8636	1	28	3.03e-04	52.8
CFAV-Bangkok_Thailand_2015	SRA:SRX313453.26892695.1	100.000	28	0	0	4021	4048	28	1	3.03e-04	52.8
CFAV-Bangkok_Thailand_2015	SRA:SRX313453.22918463.1	100.000	28	0	0	3927	3954	28	1	3.03e-04	52.8
CFAV-Bangkok_Thailand_2015	SRA:SRX313453.22335034.1	100.000	28	0	0	4021	4048	28	1	3.03e-04	52.8
CFAV-Bangkok_Thailand_2015	SRA:SRX313453.22300332.1	100.000	28	0	0	8609	8636	1	28	3.03e-04	52.8
CFAV-Bangkok_Thailand_2015	SRA:SRX313453.8266409.1	100.000	28	0	0	3927	3954	28	1	3.03e-04	52.8
CFAV-Bangkok_Thailand_2015	SRA:SRX313453.8227946.1	100.000	28	0	0	4021	4048	28	1	3.03e-04	52.8
CFAV-Bangkok_Thailand_2015	SRA:SRX313453.1664576.1	100.000	28	0	0	8688	8715	1	28	3.03e-04	52.8
NC_001564	SRA:SRX313453.41810534.1	100.000	31	0	0	4116	4146	31	1	6.54e-06	58.4
NC_001564	SRA:SRX313453.1221248.1	100.000	31	0	0	4116	4146	31	1	6.54e-06	58.4
NC_001564	SRA:SRX313453.38917718.1	100.000	30	0	0	4028	4057	30	1	2.35e-05	56.5
NC_001564	SRA:SRX313453.32044756.1	100.000	30	0	0	7408	7437	1	30	2.35e-05	56.5
NC_001564	SRA:SRX313453.29288444.1	100.000	30	0	0	4028	4057	30	1	2.35e-05	56.5
NC_001564	SRA:SRX313453.21441371.1	100.000	30	0	0	4028	4057	30	1	2.35e-05	56.5
NC_001564	SRA:SRX313453.3465791.1	96.970	33	1	0	8675	8707	1	33	2.35e-05	56.5
NC_001564	SRA:SRX313453.40421145.1	100.000	29	0	0	8675	8703	1	29	8.46e-05	54.7
NC_001564	SRA:SRX313453.38807963.1	100.000	29	0	0	8680	8708	1	29	8.46e-05	54.7
NC_001564	SRA:SRX313453.24968000.1	100.000	29	0	0	8675	8703	1	29	8.46e-05	54.7
NC_001564	SRA:SRX313453.11037682.1	100.000	29	0	0	8675	8703	1	29	8.46e-05	54.7
NC_001564	SRA:SRX313453.8277053.1	100.000	29	0	0	8675	8703	1	29	8.46e-05	54.7
NC_001564	SRA:SRX313453.41890575.1	100.000	28	0	0	8616	8643	1	28	3.04e-04	52.8
NC_001564	SRA:SRX313453.39057227.1	100.000	28	0	0	8616	8643	1	28	3.04e-04	52.8
NC_001564	SRA:SRX313453.31712057.1	100.000	28	0	0	8616	8643	1	28	3.04e-04	52.8
NC_001564	SRA:SRX313453.28987995.1	100.000	28	0	0	8616	8643	1	28	3.04e-04	52.8
NC_001564	SRA:SRX313453.26892695.1	100.000	28	0	0	4028	4055	28	1	3.04e-04	52.8
NC_001564	SRA:SRX313453.22335034.1	100.000	28	0	0	4028	4055	28	1	3.04e-04	52.8
NC_001564	SRA:SRX313453.22300332.1	100.000	28	0	0	8616	8643	1	28	3.04e-04	52.8
NC_001564	SRA:SRX313453.19439189.1	100.000	28	0	0	4064	4091	28	1	3.04e-04	52.8
NC_001564	SRA:SRX313453.8227946.1	100.000	28	0	0	4028	4055	28	1	3.04e-04	52.8
NC_001564	SRA:SRX313453.146131.1	100.000	27	0	0	4065	4091	27	1	0.001	51.0
CFAV-Cairns_Australia_2014	SRA:SRX313453.38917718.1	100.000	30	0	0	4027	4056	30	1	2.35e-05	56.5
CFAV-Cairns_Australia_2014	SRA:SRX313453.32044756.1	100.000	30	0	0	7407	7436	1	30	2.35e-05	56.5
CFAV-Cairns_Australia_2014	SRA:SRX313453.29288444.1	100.000	30	0	0	4027	4056	30	1	2.35e-05	56.5
CFAV-Cairns_Australia_2014	SRA:SRX313453.21441371.1	100.000	30	0	0	4027	4056	30	1	2.35e-05	56.5
CFAV-Cairns_Australia_2014	SRA:SRX313453.41810534.1	100.000	28	0	0	4118	4145	28	1	3.04e-04	52.8
CFAV-Cairns_Australia_2014	SRA:SRX313453.26892695.1	100.000	28	0	0	4027	4054	28	1	3.04e-04	52.8
CFAV-Cairns_Australia_2014	SRA:SRX313453.22335034.1	100.000	28	0	0	4027	4054	28	1	3.04e-04	52.8
CFAV-Cairns_Australia_2014	SRA:SRX313453.19439189.1	100.000	28	0	0	4063	4090	28	1	3.04e-04	52.8
CFAV-Cairns_Australia_2014	SRA:SRX313453.8227946.1	100.000	28	0	0	4027	4054	28	1	3.04e-04	52.8
CFAV-Cairns_Australia_2014	SRA:SRX313453.1221248.1	100.000	28	0	0	4118	4145	28	1	3.04e-04	52.8
CFAV-Cairns_Australia_2014	SRA:SRX313453.146131.1	100.000	27	0	0	4064	4090	27	1	0.001	51.0
CFAV-Macapa2_Brazil_2017	SRA:SRX313453.41810534.1	100.000	29	0	0	4118	4146	29	1	8.46e-05	54.7
CFAV-Macapa2_Brazil_2017	SRA:SRX313453.1221248.1	100.000	29	0	0	4118	4146	29	1	8.46e-05	54.7
CFAV-Macapa2_Brazil_2017	SRA:SRX313453.38807963.1	100.000	28	0	0	8680	8707	1	28	3.04e-04	52.8
CFAV-KC_Cambodia_2015	SRA:SRX313453.41810534.1	100.000	31	0	0	4127	4157	31	1	6.54e-06	58.4
CFAV-KC_Cambodia_2015	SRA:SRX313453.1221248.1	100.000	31	0	0	4127	4157	31	1	6.54e-06	58.4
CFAV-KC_Cambodia_2015	SRA:SRX313453.38917718.1	100.000	30	0	0	4039	4068	30	1	2.35e-05	56.5
CFAV-KC_Cambodia_2015	SRA:SRX313453.29288444.1	100.000	30	0	0	4039	4068	30	1	2.35e-05	56.5
CFAV-KC_Cambodia_2015	SRA:SRX313453.21441371.1	100.000	30	0	0	4039	4068	30	1	2.35e-05	56.5
CFAV-KC_Cambodia_2015	SRA:SRX313453.29650843.1	100.000	29	0	0	8713	8741	1	29	8.47e-05	54.7
CFAV-KC_Cambodia_2015	SRA:SRX313453.12285932.1	100.000	29	0	0	8713	8741	1	29	8.47e-05	54.7
CFAV-KC_Cambodia_2015	SRA:SRX313453.42552318.1	100.000	28	0	0	8706	8733	1	28	3.04e-04	52.8
CFAV-KC_Cambodia_2015	SRA:SRX313453.41890575.1	100.000	28	0	0	8627	8654	1	28	3.04e-04	52.8
CFAV-KC_Cambodia_2015	SRA:SRX313453.39057227.1	100.000	28	0	0	8627	8654	1	28	3.04e-04	52.8
CFAV-KC_Cambodia_2015	SRA:SRX313453.33608886.1	100.000	28	0	0	3945	3972	28	1	3.04e-04	52.8
CFAV-KC_Cambodia_2015	SRA:SRX313453.32903115.1	100.000	28	0	0	8706	8733	1	28	3.04e-04	52.8
CFAV-KC_Cambodia_2015	SRA:SRX313453.31712057.1	100.000	28	0	0	8627	8654	1	28	3.04e-04	52.8
CFAV-KC_Cambodia_2015	SRA:SRX313453.28987995.1	100.000	28	0	0	8627	8654	1	28	3.04e-04	52.8
CFAV-KC_Cambodia_2015	SRA:SRX313453.26892695.1	100.000	28	0	0	4039	4066	28	1	3.04e-04	52.8
CFAV-KC_Cambodia_2015	SRA:SRX313453.22918463.1	100.000	28	0	0	3945	3972	28	1	3.04e-04	52.8
CFAV-KC_Cambodia_2015	SRA:SRX313453.22335034.1	100.000	28	0	0	4039	4066	28	1	3.04e-04	52.8
CFAV-KC_Cambodia_2015	SRA:SRX313453.22300332.1	100.000	28	0	0	8627	8654	1	28	3.04e-04	52.8
CFAV-KC_Cambodia_2015	SRA:SRX313453.19439189.1	100.000	28	0	0	4075	4102	28	1	3.04e-04	52.8
CFAV-KC_Cambodia_2015	SRA:SRX313453.8266409.1	100.000	28	0	0	3945	3972	28	1	3.04e-04	52.8
CFAV-KC_Cambodia_2015	SRA:SRX313453.8227946.1	100.000	28	0	0	4039	4066	28	1	3.04e-04	52.8
CFAV-KC_Cambodia_2015	SRA:SRX313453.1664576.1	100.000	28	0	0	8706	8733	1	28	3.04e-04	52.8
CFAV-KC_Cambodia_2015	SRA:SRX313453.146131.1	100.000	27	0	0	4076	4102	27	1	0.001	51.0
CFAV-Zik_Uganda_2016	SRA:SRX313453.38917718.1	100.000	31	0	0	4038	4068	31	1	6.54e-06	58.4
CFAV-Zik_Uganda_2016	SRA:SRX313453.29288444.1	100.000	31	0	0	4038	4068	31	1	6.54e-06	58.4
CFAV-Zik_Uganda_2016	SRA:SRX313453.21441371.1	100.000	31	0	0	4038	4068	31	1	6.54e-06	58.4
CFAV-Zik_Uganda_2016	SRA:SRX313453.32044756.1	100.000	30	0	0	7419	7448	1	30	2.35e-05	56.5
CFAV-Zik_Uganda_2016	SRA:SRX313453.41890575.1	100.000	28	0	0	8627	8654	1	28	3.04e-04	52.8
CFAV-Zik_Uganda_2016	SRA:SRX313453.40421145.1	96.875	32	0	1	8686	8717	1	31	3.04e-04	52.8
CFAV-Zik_Uganda_2016	SRA:SRX313453.39057227.1	100.000	28	0	0	8627	8654	1	28	3.04e-04	52.8
CFAV-Zik_Uganda_2016	SRA:SRX313453.31712057.1	100.000	28	0	0	8627	8654	1	28	3.04e-04	52.8
CFAV-Zik_Uganda_2016	SRA:SRX313453.28987995.1	100.000	28	0	0	8627	8654	1	28	3.04e-04	52.8
CFAV-Zik_Uganda_2016	SRA:SRX313453.26892695.1	100.000	28	0	0	4039	4066	28	1	3.04e-04	52.8
CFAV-Zik_Uganda_2016	SRA:SRX313453.24968000.1	100.000	28	0	0	8686	8713	1	28	3.04e-04	52.8
CFAV-Zik_Uganda_2016	SRA:SRX313453.22335034.1	100.000	28	0	0	4039	4066	28	1	3.04e-04	52.8
CFAV-Zik_Uganda_2016	SRA:SRX313453.22300332.1	100.000	28	0	0	8627	8654	1	28	3.04e-04	52.8
CFAV-Zik_Uganda_2016	SRA:SRX313453.11037682.1	100.000	28	0	0	8686	8713	1	28	3.04e-04	52.8
CFAV-Zik_Uganda_2016	SRA:SRX313453.8277053.1	100.000	28	0	0	8686	8713	1	28	3.04e-04	52.8
CFAV-Zik_Uganda_2016	SRA:SRX313453.8227946.1	100.000	28	0	0	4039	4066	28	1	3.04e-04	52.8
CFAV-Zik_Uganda_2016	SRA:SRX313453.3465791.1	100.000	28	0	0	8686	8713	1	28	3.04e-04	52.8
