CFAV-Bangkok_Thailand_2015	SRA:SRX3119669.7896457.1	100.000	36	0	0	3726	3761	36	1	2.20e-08	67.6
CFAV-Bangkok_Thailand_2015	SRA:SRX3119669.6679809.1	97.059	34	1	0	3726	3759	34	1	1.33e-05	58.4
CFAV-Bangkok_Thailand_2015	SRA:SRX3119669.2446019.1	97.143	35	0	1	3726	3759	35	1	1.33e-05	58.4
CFAV-Bangkok_Thailand_2015	SRA:SRX3119669.21248868.1	100.000	30	0	0	3659	3688	30	1	4.77e-05	56.5
CFAV-Bangkok_Thailand_2015	SRA:SRX3119669.19793545.1	100.000	30	0	0	3585	3614	30	1	4.77e-05	56.5
CFAV-Bangkok_Thailand_2015	SRA:SRX3119669.17345347.1	100.000	30	0	0	3662	3691	30	1	4.77e-05	56.5
CFAV-Bangkok_Thailand_2015	SRA:SRX3119669.6387285.1	100.000	30	0	0	3699	3728	30	1	4.77e-05	56.5
CFAV-Bangkok_Thailand_2015	SRA:SRX3119669.5313991.1	100.000	30	0	0	3594	3623	30	1	4.77e-05	56.5
CFAV-Bangkok_Thailand_2015	SRA:SRX3119669.12441188.1	100.000	29	0	0	3731	3759	29	1	1.71e-04	54.7
CFAV-Bangkok_Thailand_2015	SRA:SRX3119669.11116588.1	100.000	29	0	0	3595	3623	29	1	1.71e-04	54.7
CFAV-Bangkok_Thailand_2015	SRA:SRX3119669.7424715.1	100.000	29	0	0	3586	3614	29	1	1.71e-04	54.7
CFAV-Bangkok_Thailand_2015	SRA:SRX3119669.6220040.1	100.000	29	0	0	3658	3686	29	1	1.71e-04	54.7
CFAV-Bangkok_Thailand_2015	SRA:SRX3119669.19886530.1	100.000	28	0	0	3603	3630	29	2	6.17e-04	52.8
CFAV-Bangkok_Thailand_2015	SRA:SRX3119669.16867523.1	100.000	28	0	0	3698	3725	28	1	6.17e-04	52.8
CFAV-Bangkok_Thailand_2015	SRA:SRX3119669.13612590.1	100.000	28	0	0	3698	3725	28	1	6.17e-04	52.8
CFAV-Bangkok_Thailand_2015	SRA:SRX3119669.12512959.1	100.000	28	0	0	3670	3697	28	1	6.17e-04	52.8
CFAV-Bangkok_Thailand_2015	SRA:SRX3119669.10108986.1	100.000	28	0	0	3701	3728	28	1	6.17e-04	52.8
CFAV-Bangkok_Thailand_2015	SRA:SRX3119669.9083812.1	100.000	28	0	0	3584	3611	28	1	6.17e-04	52.8
CFAV-Bangkok_Thailand_2015	SRA:SRX3119669.9003191.1	100.000	28	0	0	3698	3725	28	1	6.17e-04	52.8
CFAV-Bangkok_Thailand_2015	SRA:SRX3119669.6249953.1	100.000	28	0	0	3698	3725	28	1	6.17e-04	52.8
CFAV-Bangkok_Thailand_2015	SRA:SRX3119669.5580548.1	100.000	28	0	0	3661	3688	28	1	6.17e-04	52.8
CFAV-Bangkok_Thailand_2015	SRA:SRX3119669.5577327.1	100.000	28	0	0	3587	3614	28	1	6.17e-04	52.8
CFAV-Bangkok_Thailand_2015	SRA:SRX3119669.5139769.1	96.875	32	0	1	3860	3891	31	1	6.17e-04	52.8
CFAV-Bangkok_Thailand_2015	SRA:SRX3119669.4519711.1	100.000	28	0	0	3817	3844	28	1	6.17e-04	52.8
CFAV-Bangkok_Thailand_2015	SRA:SRX3119669.1951890.1	100.000	28	0	0	3698	3725	28	1	6.17e-04	52.8
CFAV-Bangkok_Thailand_2015	SRA:SRX3119669.1066632.1	100.000	28	0	0	3698	3725	28	1	6.17e-04	52.8
CFAV-Bangkok_Thailand_2015	SRA:SRX3119669.516057.1	100.000	27	0	0	3597	3623	27	1	0.002	51.0
NC_001564	SRA:SRX3119669.6281392.1	100.000	32	0	0	3877	3908	32	1	3.69e-06	60.2
NC_001564	SRA:SRX3119669.1357305.1	100.000	31	0	0	3878	3908	31	1	1.33e-05	58.4
NC_001564	SRA:SRX3119669.23226112.1	100.000	30	0	0	3879	3908	30	1	4.78e-05	56.5
NC_001564	SRA:SRX3119669.21248868.1	100.000	30	0	0	3666	3695	30	1	4.78e-05	56.5
NC_001564	SRA:SRX3119669.19793545.1	100.000	30	0	0	3592	3621	30	1	4.78e-05	56.5
NC_001564	SRA:SRX3119669.17345347.1	100.000	30	0	0	3669	3698	30	1	4.78e-05	56.5
NC_001564	SRA:SRX3119669.9582782.1	94.595	37	1	1	3872	3908	36	1	4.78e-05	56.5
NC_001564	SRA:SRX3119669.6387285.1	100.000	30	0	0	3706	3735	30	1	4.78e-05	56.5
NC_001564	SRA:SRX3119669.5313991.1	100.000	30	0	0	3601	3630	30	1	4.78e-05	56.5
NC_001564	SRA:SRX3119669.5139769.1	100.000	30	0	0	3869	3898	30	1	4.78e-05	56.5
NC_001564	SRA:SRX3119669.22388768.1	100.000	29	0	0	3798	3826	29	1	1.72e-04	54.7
NC_001564	SRA:SRX3119669.11116588.1	100.000	29	0	0	3602	3630	29	1	1.72e-04	54.7
NC_001564	SRA:SRX3119669.7424715.1	100.000	29	0	0	3593	3621	29	1	1.72e-04	54.7
NC_001564	SRA:SRX3119669.6220040.1	100.000	29	0	0	3665	3693	29	1	1.72e-04	54.7
NC_001564	SRA:SRX3119669.2799070.1	100.000	29	0	0	3870	3898	29	1	1.72e-04	54.7
NC_001564	SRA:SRX3119669.1222868.1	100.000	29	0	0	3862	3890	29	1	1.72e-04	54.7
NC_001564	SRA:SRX3119669.23364417.1	100.000	28	0	0	3834	3861	28	1	6.18e-04	52.8
NC_001564	SRA:SRX3119669.23250589.1	100.000	28	0	0	3796	3823	28	1	6.18e-04	52.8
NC_001564	SRA:SRX3119669.22897769.1	100.000	28	0	0	3871	3898	28	1	6.18e-04	52.8
NC_001564	SRA:SRX3119669.20091117.1	100.000	28	0	0	3871	3898	28	1	6.18e-04	52.8
NC_001564	SRA:SRX3119669.19886530.1	100.000	28	0	0	3610	3637	29	2	6.18e-04	52.8
NC_001564	SRA:SRX3119669.19658639.1	100.000	28	0	0	3881	3908	28	1	6.18e-04	52.8
NC_001564	SRA:SRX3119669.17353296.1	100.000	28	0	0	3871	3898	28	1	6.18e-04	52.8
NC_001564	SRA:SRX3119669.16867523.1	100.000	28	0	0	3705	3732	28	1	6.18e-04	52.8
NC_001564	SRA:SRX3119669.13612590.1	100.000	28	0	0	3705	3732	28	1	6.18e-04	52.8
NC_001564	SRA:SRX3119669.12512959.1	100.000	28	0	0	3677	3704	28	1	6.18e-04	52.8
NC_001564	SRA:SRX3119669.10726122.1	100.000	28	0	0	3871	3898	28	1	6.18e-04	52.8
NC_001564	SRA:SRX3119669.10108986.1	100.000	28	0	0	3708	3735	28	1	6.18e-04	52.8
NC_001564	SRA:SRX3119669.9509343.1	100.000	28	0	0	3881	3908	28	1	6.18e-04	52.8
NC_001564	SRA:SRX3119669.9482363.1	100.000	28	0	0	3881	3908	28	1	6.18e-04	52.8
NC_001564	SRA:SRX3119669.9083812.1	100.000	28	0	0	3591	3618	28	1	6.18e-04	52.8
NC_001564	SRA:SRX3119669.9003191.1	100.000	28	0	0	3705	3732	28	1	6.18e-04	52.8
NC_001564	SRA:SRX3119669.6249953.1	100.000	28	0	0	3705	3732	28	1	6.18e-04	52.8
NC_001564	SRA:SRX3119669.5580548.1	100.000	28	0	0	3668	3695	28	1	6.18e-04	52.8
NC_001564	SRA:SRX3119669.5577327.1	100.000	28	0	0	3594	3621	28	1	6.18e-04	52.8
NC_001564	SRA:SRX3119669.4728326.1	100.000	28	0	0	3796	3823	28	1	6.18e-04	52.8
NC_001564	SRA:SRX3119669.4519711.1	100.000	28	0	0	3824	3851	28	1	6.18e-04	52.8
NC_001564	SRA:SRX3119669.1951890.1	100.000	28	0	0	3705	3732	28	1	6.18e-04	52.8
NC_001564	SRA:SRX3119669.1066632.1	100.000	28	0	0	3705	3732	28	1	6.18e-04	52.8
NC_001564	SRA:SRX3119669.19321182.1	100.000	27	0	0	3794	3820	27	1	0.002	51.0
NC_001564	SRA:SRX3119669.516057.1	100.000	27	0	0	3604	3630	27	1	0.002	51.0
CFAV-Cairns_Australia_2014	SRA:SRX3119669.7896457.1	97.222	36	1	0	3732	3767	36	1	1.03e-06	62.1
CFAV-Cairns_Australia_2014	SRA:SRX3119669.6281392.1	100.000	32	0	0	3876	3907	32	1	3.69e-06	60.2
CFAV-Cairns_Australia_2014	SRA:SRX3119669.12441188.1	97.059	34	1	0	3732	3765	34	1	1.33e-05	58.4
CFAV-Cairns_Australia_2014	SRA:SRX3119669.1357305.1	100.000	31	0	0	3877	3907	31	1	1.33e-05	58.4
CFAV-Cairns_Australia_2014	SRA:SRX3119669.23226112.1	100.000	30	0	0	3878	3907	30	1	4.78e-05	56.5
CFAV-Cairns_Australia_2014	SRA:SRX3119669.21248868.1	100.000	30	0	0	3665	3694	30	1	4.78e-05	56.5
CFAV-Cairns_Australia_2014	SRA:SRX3119669.19793545.1	100.000	30	0	0	3591	3620	30	1	4.78e-05	56.5
CFAV-Cairns_Australia_2014	SRA:SRX3119669.17345347.1	100.000	30	0	0	3668	3697	30	1	4.78e-05	56.5
CFAV-Cairns_Australia_2014	SRA:SRX3119669.9582782.1	94.595	37	1	1	3871	3907	36	1	4.78e-05	56.5
CFAV-Cairns_Australia_2014	SRA:SRX3119669.6387285.1	100.000	30	0	0	3705	3734	30	1	4.78e-05	56.5
CFAV-Cairns_Australia_2014	SRA:SRX3119669.5313991.1	100.000	30	0	0	3600	3629	30	1	4.78e-05	56.5
CFAV-Cairns_Australia_2014	SRA:SRX3119669.5139769.1	100.000	30	0	0	3868	3897	30	1	4.78e-05	56.5
CFAV-Cairns_Australia_2014	SRA:SRX3119669.2446019.1	100.000	30	0	0	3736	3765	30	1	4.78e-05	56.5
CFAV-Cairns_Australia_2014	SRA:SRX3119669.22388768.1	100.000	29	0	0	3797	3825	29	1	1.72e-04	54.7
CFAV-Cairns_Australia_2014	SRA:SRX3119669.11116588.1	100.000	29	0	0	3601	3629	29	1	1.72e-04	54.7
CFAV-Cairns_Australia_2014	SRA:SRX3119669.7424715.1	100.000	29	0	0	3592	3620	29	1	1.72e-04	54.7
CFAV-Cairns_Australia_2014	SRA:SRX3119669.6220040.1	100.000	29	0	0	3664	3692	29	1	1.72e-04	54.7
CFAV-Cairns_Australia_2014	SRA:SRX3119669.2799070.1	100.000	29	0	0	3869	3897	29	1	1.72e-04	54.7
CFAV-Cairns_Australia_2014	SRA:SRX3119669.1222868.1	100.000	29	0	0	3861	3889	29	1	1.72e-04	54.7
CFAV-Cairns_Australia_2014	SRA:SRX3119669.23364417.1	100.000	28	0	0	3833	3860	28	1	6.18e-04	52.8
CFAV-Cairns_Australia_2014	SRA:SRX3119669.23250589.1	100.000	28	0	0	3795	3822	28	1	6.18e-04	52.8
CFAV-Cairns_Australia_2014	SRA:SRX3119669.22897769.1	100.000	28	0	0	3870	3897	28	1	6.18e-04	52.8
CFAV-Cairns_Australia_2014	SRA:SRX3119669.20091117.1	100.000	28	0	0	3870	3897	28	1	6.18e-04	52.8
CFAV-Cairns_Australia_2014	SRA:SRX3119669.19886530.1	100.000	28	0	0	3609	3636	29	2	6.18e-04	52.8
CFAV-Cairns_Australia_2014	SRA:SRX3119669.19658639.1	100.000	28	0	0	3880	3907	28	1	6.18e-04	52.8
CFAV-Cairns_Australia_2014	SRA:SRX3119669.17353296.1	100.000	28	0	0	3870	3897	28	1	6.18e-04	52.8
CFAV-Cairns_Australia_2014	SRA:SRX3119669.16867523.1	100.000	28	0	0	3704	3731	28	1	6.18e-04	52.8
CFAV-Cairns_Australia_2014	SRA:SRX3119669.15470932.1	100.000	28	0	0	3715	3742	28	1	6.18e-04	52.8
CFAV-Cairns_Australia_2014	SRA:SRX3119669.13612590.1	100.000	28	0	0	3704	3731	28	1	6.18e-04	52.8
CFAV-Cairns_Australia_2014	SRA:SRX3119669.12512959.1	100.000	28	0	0	3676	3703	28	1	6.18e-04	52.8
CFAV-Cairns_Australia_2014	SRA:SRX3119669.10726122.1	100.000	28	0	0	3870	3897	28	1	6.18e-04	52.8
CFAV-Cairns_Australia_2014	SRA:SRX3119669.10108986.1	100.000	28	0	0	3707	3734	28	1	6.18e-04	52.8
CFAV-Cairns_Australia_2014	SRA:SRX3119669.9509343.1	100.000	28	0	0	3880	3907	28	1	6.18e-04	52.8
CFAV-Cairns_Australia_2014	SRA:SRX3119669.9482363.1	100.000	28	0	0	3880	3907	28	1	6.18e-04	52.8
CFAV-Cairns_Australia_2014	SRA:SRX3119669.9083812.1	100.000	28	0	0	3590	3617	28	1	6.18e-04	52.8
CFAV-Cairns_Australia_2014	SRA:SRX3119669.9003191.1	100.000	28	0	0	3704	3731	28	1	6.18e-04	52.8
CFAV-Cairns_Australia_2014	SRA:SRX3119669.6679809.1	100.000	28	0	0	3738	3765	28	1	6.18e-04	52.8
CFAV-Cairns_Australia_2014	SRA:SRX3119669.6249953.1	100.000	28	0	0	3704	3731	28	1	6.18e-04	52.8
CFAV-Cairns_Australia_2014	SRA:SRX3119669.5580548.1	100.000	28	0	0	3667	3694	28	1	6.18e-04	52.8
CFAV-Cairns_Australia_2014	SRA:SRX3119669.5577327.1	100.000	28	0	0	3593	3620	28	1	6.18e-04	52.8
CFAV-Cairns_Australia_2014	SRA:SRX3119669.4728326.1	100.000	28	0	0	3795	3822	28	1	6.18e-04	52.8
CFAV-Cairns_Australia_2014	SRA:SRX3119669.4519711.1	100.000	28	0	0	3823	3850	28	1	6.18e-04	52.8
CFAV-Cairns_Australia_2014	SRA:SRX3119669.1951890.1	100.000	28	0	0	3704	3731	28	1	6.18e-04	52.8
CFAV-Cairns_Australia_2014	SRA:SRX3119669.1066632.1	100.000	28	0	0	3704	3731	28	1	6.18e-04	52.8
CFAV-Cairns_Australia_2014	SRA:SRX3119669.19321182.1	100.000	27	0	0	3793	3819	27	1	0.002	51.0
CFAV-Cairns_Australia_2014	SRA:SRX3119669.516057.1	100.000	27	0	0	3603	3629	27	1	0.002	51.0
CFAV-Macapa2_Brazil_2017	SRA:SRX3119669.10379225.1	100.000	31	0	0	3762	3792	31	1	1.33e-05	58.4
CFAV-Macapa2_Brazil_2017	SRA:SRX3119669.19793545.1	100.000	30	0	0	3592	3621	30	1	4.78e-05	56.5
CFAV-Macapa2_Brazil_2017	SRA:SRX3119669.6387285.1	100.000	30	0	0	3706	3735	30	1	4.78e-05	56.5
CFAV-Macapa2_Brazil_2017	SRA:SRX3119669.5313991.1	100.000	30	0	0	3601	3630	30	1	4.78e-05	56.5
CFAV-Macapa2_Brazil_2017	SRA:SRX3119669.3652809.1	100.000	30	0	0	3762	3791	30	1	4.78e-05	56.5
CFAV-Macapa2_Brazil_2017	SRA:SRX3119669.22388768.1	100.000	29	0	0	3798	3826	29	1	1.72e-04	54.7
CFAV-Macapa2_Brazil_2017	SRA:SRX3119669.11116588.1	100.000	29	0	0	3602	3630	29	1	1.72e-04	54.7
CFAV-Macapa2_Brazil_2017	SRA:SRX3119669.7424715.1	100.000	29	0	0	3593	3621	29	1	1.72e-04	54.7
CFAV-Macapa2_Brazil_2017	SRA:SRX3119669.23364417.1	100.000	28	0	0	3834	3861	28	1	6.18e-04	52.8
CFAV-Macapa2_Brazil_2017	SRA:SRX3119669.23250589.1	100.000	28	0	0	3796	3823	28	1	6.18e-04	52.8
CFAV-Macapa2_Brazil_2017	SRA:SRX3119669.22041232.1	100.000	28	0	0	3762	3789	28	1	6.18e-04	52.8
CFAV-Macapa2_Brazil_2017	SRA:SRX3119669.19886530.1	100.000	28	0	0	3610	3637	29	2	6.18e-04	52.8
CFAV-Macapa2_Brazil_2017	SRA:SRX3119669.16867523.1	100.000	28	0	0	3705	3732	28	1	6.18e-04	52.8
CFAV-Macapa2_Brazil_2017	SRA:SRX3119669.15470932.1	100.000	28	0	0	3716	3743	28	1	6.18e-04	52.8
CFAV-Macapa2_Brazil_2017	SRA:SRX3119669.13612590.1	100.000	28	0	0	3705	3732	28	1	6.18e-04	52.8
CFAV-Macapa2_Brazil_2017	SRA:SRX3119669.10108986.1	100.000	28	0	0	3708	3735	28	1	6.18e-04	52.8
CFAV-Macapa2_Brazil_2017	SRA:SRX3119669.9083812.1	100.000	28	0	0	3591	3618	28	1	6.18e-04	52.8
CFAV-Macapa2_Brazil_2017	SRA:SRX3119669.9003191.1	100.000	28	0	0	3705	3732	28	1	6.18e-04	52.8
CFAV-Macapa2_Brazil_2017	SRA:SRX3119669.6249953.1	100.000	28	0	0	3705	3732	28	1	6.18e-04	52.8
CFAV-Macapa2_Brazil_2017	SRA:SRX3119669.5577327.1	100.000	28	0	0	3594	3621	28	1	6.18e-04	52.8
CFAV-Macapa2_Brazil_2017	SRA:SRX3119669.4728326.1	100.000	28	0	0	3796	3823	28	1	6.18e-04	52.8
CFAV-Macapa2_Brazil_2017	SRA:SRX3119669.1951890.1	100.000	28	0	0	3705	3732	28	1	6.18e-04	52.8
CFAV-Macapa2_Brazil_2017	SRA:SRX3119669.1066632.1	100.000	28	0	0	3705	3732	28	1	6.18e-04	52.8
CFAV-Macapa2_Brazil_2017	SRA:SRX3119669.19321182.1	100.000	27	0	0	3794	3820	27	1	0.002	51.0
CFAV-Macapa2_Brazil_2017	SRA:SRX3119669.516057.1	100.000	27	0	0	3604	3630	27	1	0.002	51.0
CFAV-Macapa2_Brazil_2017	SRA:SRX3119669.658641.1	100.000	26	0	0	3651	3676	26	1	0.008	49.1
CFAV-KC_Cambodia_2015	SRA:SRX3119669.7896457.1	97.222	36	1	0	3744	3779	36	1	1.03e-06	62.1
CFAV-KC_Cambodia_2015	SRA:SRX3119669.12441188.1	97.059	34	1	0	3744	3777	34	1	1.33e-05	58.4
CFAV-KC_Cambodia_2015	SRA:SRX3119669.10379225.1	100.000	31	0	0	3773	3803	31	1	1.33e-05	58.4
CFAV-KC_Cambodia_2015	SRA:SRX3119669.21248868.1	100.000	30	0	0	3677	3706	30	1	4.78e-05	56.5
CFAV-KC_Cambodia_2015	SRA:SRX3119669.19793545.1	100.000	30	0	0	3603	3632	30	1	4.78e-05	56.5
CFAV-KC_Cambodia_2015	SRA:SRX3119669.17345347.1	100.000	30	0	0	3680	3709	30	1	4.78e-05	56.5
CFAV-KC_Cambodia_2015	SRA:SRX3119669.6387285.1	100.000	30	0	0	3717	3746	30	1	4.78e-05	56.5
CFAV-KC_Cambodia_2015	SRA:SRX3119669.3652809.1	100.000	30	0	0	3773	3802	30	1	4.78e-05	56.5
CFAV-KC_Cambodia_2015	SRA:SRX3119669.2446019.1	100.000	30	0	0	3748	3777	30	1	4.78e-05	56.5
CFAV-KC_Cambodia_2015	SRA:SRX3119669.7424715.1	100.000	29	0	0	3604	3632	29	1	1.72e-04	54.7
CFAV-KC_Cambodia_2015	SRA:SRX3119669.6220040.1	100.000	29	0	0	3676	3704	29	1	1.72e-04	54.7
CFAV-KC_Cambodia_2015	SRA:SRX3119669.1222868.1	100.000	29	0	0	3873	3901	29	1	1.72e-04	54.7
CFAV-KC_Cambodia_2015	SRA:SRX3119669.156013.1	100.000	29	0	0	3764	3792	29	1	1.72e-04	54.7
CFAV-KC_Cambodia_2015	SRA:SRX3119669.23364417.1	100.000	28	0	0	3845	3872	28	1	6.19e-04	52.8
CFAV-KC_Cambodia_2015	SRA:SRX3119669.22041232.1	100.000	28	0	0	3773	3800	28	1	6.19e-04	52.8
CFAV-KC_Cambodia_2015	SRA:SRX3119669.16867523.1	100.000	28	0	0	3716	3743	28	1	6.19e-04	52.8
CFAV-KC_Cambodia_2015	SRA:SRX3119669.15470932.1	100.000	28	0	0	3727	3754	28	1	6.19e-04	52.8
CFAV-KC_Cambodia_2015	SRA:SRX3119669.13612590.1	100.000	28	0	0	3716	3743	28	1	6.19e-04	52.8
CFAV-KC_Cambodia_2015	SRA:SRX3119669.12512959.1	100.000	28	0	0	3688	3715	28	1	6.19e-04	52.8
CFAV-KC_Cambodia_2015	SRA:SRX3119669.10108986.1	100.000	28	0	0	3719	3746	28	1	6.19e-04	52.8
CFAV-KC_Cambodia_2015	SRA:SRX3119669.9083812.1	100.000	28	0	0	3602	3629	28	1	6.19e-04	52.8
CFAV-KC_Cambodia_2015	SRA:SRX3119669.9003191.1	100.000	28	0	0	3716	3743	28	1	6.19e-04	52.8
CFAV-KC_Cambodia_2015	SRA:SRX3119669.6679809.1	100.000	28	0	0	3750	3777	28	1	6.19e-04	52.8
CFAV-KC_Cambodia_2015	SRA:SRX3119669.6249953.1	100.000	28	0	0	3716	3743	28	1	6.19e-04	52.8
CFAV-KC_Cambodia_2015	SRA:SRX3119669.5580548.1	100.000	28	0	0	3679	3706	28	1	6.19e-04	52.8
CFAV-KC_Cambodia_2015	SRA:SRX3119669.5577327.1	100.000	28	0	0	3605	3632	28	1	6.19e-04	52.8
CFAV-KC_Cambodia_2015	SRA:SRX3119669.4519711.1	100.000	28	0	0	3835	3862	28	1	6.19e-04	52.8
CFAV-KC_Cambodia_2015	SRA:SRX3119669.1951890.1	100.000	28	0	0	3716	3743	28	1	6.19e-04	52.8
CFAV-KC_Cambodia_2015	SRA:SRX3119669.1066632.1	100.000	28	0	0	3716	3743	28	1	6.19e-04	52.8
CFAV-Zik_Uganda_2016	SRA:SRX3119669.7896457.1	97.222	36	1	0	3744	3779	36	1	1.03e-06	62.1
CFAV-Zik_Uganda_2016	SRA:SRX3119669.18018427.1	100.000	32	0	0	3653	3684	32	1	3.70e-06	60.2
CFAV-Zik_Uganda_2016	SRA:SRX3119669.6281392.1	100.000	32	0	0	3888	3919	32	1	3.70e-06	60.2
CFAV-Zik_Uganda_2016	SRA:SRX3119669.12441188.1	97.059	34	1	0	3744	3777	34	1	1.33e-05	58.4
CFAV-Zik_Uganda_2016	SRA:SRX3119669.10379225.1	100.000	31	0	0	3773	3803	31	1	1.33e-05	58.4
CFAV-Zik_Uganda_2016	SRA:SRX3119669.1357305.1	100.000	31	0	0	3889	3919	31	1	1.33e-05	58.4
CFAV-Zik_Uganda_2016	SRA:SRX3119669.23226112.1	100.000	30	0	0	3890	3919	30	1	4.78e-05	56.5
CFAV-Zik_Uganda_2016	SRA:SRX3119669.21248868.1	100.000	30	0	0	3677	3706	30	1	4.78e-05	56.5
CFAV-Zik_Uganda_2016	SRA:SRX3119669.19793545.1	100.000	30	0	0	3603	3632	30	1	4.78e-05	56.5
CFAV-Zik_Uganda_2016	SRA:SRX3119669.17345347.1	100.000	30	0	0	3680	3709	30	1	4.78e-05	56.5
CFAV-Zik_Uganda_2016	SRA:SRX3119669.9582782.1	94.595	37	1	1	3883	3919	36	1	4.78e-05	56.5
CFAV-Zik_Uganda_2016	SRA:SRX3119669.7801722.1	100.000	30	0	0	3655	3684	30	1	4.78e-05	56.5
CFAV-Zik_Uganda_2016	SRA:SRX3119669.6387285.1	100.000	30	0	0	3717	3746	30	1	4.78e-05	56.5
CFAV-Zik_Uganda_2016	SRA:SRX3119669.6220040.1	100.000	30	0	0	3675	3704	30	1	4.78e-05	56.5
CFAV-Zik_Uganda_2016	SRA:SRX3119669.5313991.1	100.000	30	0	0	3612	3641	30	1	4.78e-05	56.5
CFAV-Zik_Uganda_2016	SRA:SRX3119669.5139769.1	100.000	30	0	0	3880	3909	30	1	4.78e-05	56.5
CFAV-Zik_Uganda_2016	SRA:SRX3119669.5063886.1	100.000	30	0	0	3655	3684	30	1	4.78e-05	56.5
CFAV-Zik_Uganda_2016	SRA:SRX3119669.3652809.1	100.000	30	0	0	3773	3802	30	1	4.78e-05	56.5
CFAV-Zik_Uganda_2016	SRA:SRX3119669.2446019.1	100.000	30	0	0	3748	3777	30	1	4.78e-05	56.5
CFAV-Zik_Uganda_2016	SRA:SRX3119669.11116588.1	100.000	29	0	0	3613	3641	29	1	1.72e-04	54.7
CFAV-Zik_Uganda_2016	SRA:SRX3119669.7424715.1	100.000	29	0	0	3604	3632	29	1	1.72e-04	54.7
CFAV-Zik_Uganda_2016	SRA:SRX3119669.2799070.1	100.000	29	0	0	3881	3909	29	1	1.72e-04	54.7
CFAV-Zik_Uganda_2016	SRA:SRX3119669.1222868.1	100.000	29	0	0	3873	3901	29	1	1.72e-04	54.7
CFAV-Zik_Uganda_2016	SRA:SRX3119669.156013.1	100.000	29	0	0	3764	3792	29	1	1.72e-04	54.7
CFAV-Zik_Uganda_2016	SRA:SRX3119669.23364417.1	100.000	28	0	0	3845	3872	28	1	6.19e-04	52.8
CFAV-Zik_Uganda_2016	SRA:SRX3119669.22897769.1	100.000	28	0	0	3882	3909	28	1	6.19e-04	52.8
CFAV-Zik_Uganda_2016	SRA:SRX3119669.22041232.1	100.000	28	0	0	3773	3800	28	1	6.19e-04	52.8
CFAV-Zik_Uganda_2016	SRA:SRX3119669.20091117.1	100.000	28	0	0	3882	3909	28	1	6.19e-04	52.8
CFAV-Zik_Uganda_2016	SRA:SRX3119669.19886530.1	100.000	28	0	0	3621	3648	29	2	6.19e-04	52.8
CFAV-Zik_Uganda_2016	SRA:SRX3119669.19658639.1	100.000	28	0	0	3892	3919	28	1	6.19e-04	52.8
CFAV-Zik_Uganda_2016	SRA:SRX3119669.17353296.1	100.000	28	0	0	3882	3909	28	1	6.19e-04	52.8
CFAV-Zik_Uganda_2016	SRA:SRX3119669.16867523.1	100.000	28	0	0	3716	3743	28	1	6.19e-04	52.8
CFAV-Zik_Uganda_2016	SRA:SRX3119669.15470932.1	100.000	28	0	0	3727	3754	28	1	6.19e-04	52.8
CFAV-Zik_Uganda_2016	SRA:SRX3119669.13612590.1	100.000	28	0	0	3716	3743	28	1	6.19e-04	52.8
CFAV-Zik_Uganda_2016	SRA:SRX3119669.12512959.1	100.000	28	0	0	3688	3715	28	1	6.19e-04	52.8
CFAV-Zik_Uganda_2016	SRA:SRX3119669.10726122.1	100.000	28	0	0	3882	3909	28	1	6.19e-04	52.8
CFAV-Zik_Uganda_2016	SRA:SRX3119669.10108986.1	100.000	28	0	0	3719	3746	28	1	6.19e-04	52.8
CFAV-Zik_Uganda_2016	SRA:SRX3119669.9509343.1	100.000	28	0	0	3892	3919	28	1	6.19e-04	52.8
CFAV-Zik_Uganda_2016	SRA:SRX3119669.9482363.1	100.000	28	0	0	3892	3919	28	1	6.19e-04	52.8
CFAV-Zik_Uganda_2016	SRA:SRX3119669.9083812.1	100.000	28	0	0	3602	3629	28	1	6.19e-04	52.8
CFAV-Zik_Uganda_2016	SRA:SRX3119669.9003191.1	100.000	28	0	0	3716	3743	28	1	6.19e-04	52.8
CFAV-Zik_Uganda_2016	SRA:SRX3119669.6679809.1	100.000	28	0	0	3750	3777	28	1	6.19e-04	52.8
CFAV-Zik_Uganda_2016	SRA:SRX3119669.6249953.1	100.000	28	0	0	3716	3743	28	1	6.19e-04	52.8
CFAV-Zik_Uganda_2016	SRA:SRX3119669.5580548.1	100.000	28	0	0	3679	3706	28	1	6.19e-04	52.8
CFAV-Zik_Uganda_2016	SRA:SRX3119669.5577327.1	100.000	28	0	0	3605	3632	28	1	6.19e-04	52.8
CFAV-Zik_Uganda_2016	SRA:SRX3119669.4519711.1	100.000	28	0	0	3835	3862	28	1	6.19e-04	52.8
CFAV-Zik_Uganda_2016	SRA:SRX3119669.1951890.1	100.000	28	0	0	3716	3743	28	1	6.19e-04	52.8
CFAV-Zik_Uganda_2016	SRA:SRX3119669.1066632.1	100.000	28	0	0	3716	3743	28	1	6.19e-04	52.8
CFAV-Zik_Uganda_2016	SRA:SRX3119669.658641.1	100.000	28	0	0	3660	3687	28	1	6.19e-04	52.8
CFAV-Zik_Uganda_2016	SRA:SRX3119669.516057.1	100.000	27	0	0	3615	3641	27	1	0.002	51.0
