CFAV-Bangkok_Thailand_2015	SRA:SRX3113389.26200827.2	100.000	50	0	0	6671	6720	50	1	7.70e-16	93.5
CFAV-Bangkok_Thailand_2015	SRA:SRX3113389.25904972.2	100.000	50	0	0	5239	5288	50	1	7.70e-16	93.5
CFAV-Bangkok_Thailand_2015	SRA:SRX3113389.25210732.2	100.000	50	0	0	3606	3655	1	50	7.70e-16	93.5
CFAV-Bangkok_Thailand_2015	SRA:SRX3113389.24662446.2	100.000	50	0	0	9341	9390	1	50	7.70e-16	93.5
CFAV-Bangkok_Thailand_2015	SRA:SRX3113389.23563674.2	100.000	50	0	0	2282	2331	50	1	7.70e-16	93.5
CFAV-Bangkok_Thailand_2015	SRA:SRX3113389.22992755.2	100.000	50	0	0	7372	7421	1	50	7.70e-16	93.5
CFAV-Bangkok_Thailand_2015	SRA:SRX3113389.22992755.1	100.000	50	0	0	7547	7596	50	1	7.70e-16	93.5
CFAV-Bangkok_Thailand_2015	SRA:SRX3113389.20314046.2	100.000	50	0	0	10181	10230	1	50	7.70e-16	93.5
CFAV-Bangkok_Thailand_2015	SRA:SRX3113389.19755190.2	100.000	50	0	0	7702	7751	1	50	7.70e-16	93.5
CFAV-Bangkok_Thailand_2015	SRA:SRX3113389.19031947.1	100.000	50	0	0	5620	5669	1	50	7.70e-16	93.5
CFAV-Bangkok_Thailand_2015	SRA:SRX3113389.15318361.1	100.000	50	0	0	5620	5669	1	50	7.70e-16	93.5
CFAV-Bangkok_Thailand_2015	SRA:SRX3113389.13240066.1	100.000	50	0	0	1010	1059	50	1	7.70e-16	93.5
CFAV-Bangkok_Thailand_2015	SRA:SRX3113389.12775515.1	100.000	50	0	0	10584	10633	50	1	7.70e-16	93.5
CFAV-Bangkok_Thailand_2015	SRA:SRX3113389.12772961.2	100.000	50	0	0	9486	9535	50	1	7.70e-16	93.5
CFAV-Bangkok_Thailand_2015	SRA:SRX3113389.12068999.1	100.000	50	0	0	7298	7347	1	50	7.70e-16	93.5
CFAV-Bangkok_Thailand_2015	SRA:SRX3113389.11976397.1	100.000	50	0	0	3945	3994	1	50	7.70e-16	93.5
CFAV-Bangkok_Thailand_2015	SRA:SRX3113389.11393087.1	100.000	50	0	0	1202	1251	1	50	7.70e-16	93.5
CFAV-Bangkok_Thailand_2015	SRA:SRX3113389.10082545.2	100.000	50	0	0	7134	7183	50	1	7.70e-16	93.5
CFAV-Bangkok_Thailand_2015	SRA:SRX3113389.9680208.1	100.000	50	0	0	2549	2598	1	50	7.70e-16	93.5
CFAV-Bangkok_Thailand_2015	SRA:SRX3113389.7463613.1	100.000	50	0	0	5621	5670	50	1	7.70e-16	93.5
CFAV-Bangkok_Thailand_2015	SRA:SRX3113389.6869657.1	100.000	50	0	0	5342	5391	50	1	7.70e-16	93.5
CFAV-Bangkok_Thailand_2015	SRA:SRX3113389.6310824.1	100.000	50	0	0	3632	3681	1	50	7.70e-16	93.5
CFAV-Bangkok_Thailand_2015	SRA:SRX3113389.6139058.1	100.000	50	0	0	9121	9170	50	1	7.70e-16	93.5
CFAV-Bangkok_Thailand_2015	SRA:SRX3113389.6095139.1	100.000	50	0	0	3592	3641	1	50	7.70e-16	93.5
CFAV-Bangkok_Thailand_2015	SRA:SRX3113389.4295020.2	100.000	50	0	0	7702	7751	1	50	7.70e-16	93.5
CFAV-Bangkok_Thailand_2015	SRA:SRX3113389.3505756.2	100.000	50	0	0	7267	7316	50	1	7.70e-16	93.5
CFAV-Bangkok_Thailand_2015	SRA:SRX3113389.2099087.1	100.000	50	0	0	9341	9390	1	50	7.70e-16	93.5
CFAV-Bangkok_Thailand_2015	SRA:SRX3113389.631675.1	100.000	50	0	0	9486	9535	50	1	7.70e-16	93.5
CFAV-Bangkok_Thailand_2015	SRA:SRX3113389.21106837.1	100.000	49	0	0	6695	6743	50	2	2.77e-15	91.6
CFAV-Bangkok_Thailand_2015	SRA:SRX3113389.19749845.2	100.000	49	0	0	9106	9154	2	50	2.77e-15	91.6
CFAV-Bangkok_Thailand_2015	SRA:SRX3113389.19230808.2	100.000	49	0	0	10262	10310	1	49	2.77e-15	91.6
CFAV-Bangkok_Thailand_2015	SRA:SRX3113389.23244321.1	100.000	48	0	0	9762	9809	50	3	9.96e-15	89.8
CFAV-Bangkok_Thailand_2015	SRA:SRX3113389.7659553.2	100.000	48	0	0	6695	6742	50	3	9.96e-15	89.8
CFAV-Bangkok_Thailand_2015	SRA:SRX3113389.23648937.1	98.000	50	1	0	9990	10039	50	1	3.58e-14	87.9
CFAV-Bangkok_Thailand_2015	SRA:SRX3113389.22646817.1	98.000	50	1	0	6040	6089	1	50	3.58e-14	87.9
CFAV-Bangkok_Thailand_2015	SRA:SRX3113389.20259128.1	98.000	50	1	0	2314	2363	1	50	3.58e-14	87.9
CFAV-Bangkok_Thailand_2015	SRA:SRX3113389.20083516.1	98.000	50	1	0	7496	7545	1	50	3.58e-14	87.9
CFAV-Bangkok_Thailand_2015	SRA:SRX3113389.20002197.2	98.000	50	1	0	2578	2627	50	1	3.58e-14	87.9
CFAV-Bangkok_Thailand_2015	SRA:SRX3113389.20002197.1	98.000	50	1	0	2306	2355	1	50	3.58e-14	87.9
CFAV-Bangkok_Thailand_2015	SRA:SRX3113389.19791246.2	98.000	50	1	0	8920	8969	50	1	3.58e-14	87.9
CFAV-Bangkok_Thailand_2015	SRA:SRX3113389.19755190.1	98.000	50	1	0	7919	7968	50	1	3.58e-14	87.9
CFAV-Bangkok_Thailand_2015	SRA:SRX3113389.19225139.1	98.000	50	1	0	4102	4151	1	50	3.58e-14	87.9
CFAV-Bangkok_Thailand_2015	SRA:SRX3113389.18710399.1	98.000	50	1	0	2761	2810	1	50	3.58e-14	87.9
CFAV-Bangkok_Thailand_2015	SRA:SRX3113389.16208969.1	98.000	50	1	0	2540	2589	50	1	3.58e-14	87.9
CFAV-Bangkok_Thailand_2015	SRA:SRX3113389.15711439.2	98.000	50	1	0	6	55	1	50	3.58e-14	87.9
CFAV-Bangkok_Thailand_2015	SRA:SRX3113389.15565034.1	98.000	50	1	0	6881	6930	50	1	3.58e-14	87.9
CFAV-Bangkok_Thailand_2015	SRA:SRX3113389.15032739.1	98.000	50	1	0	7496	7545	1	50	3.58e-14	87.9
CFAV-Bangkok_Thailand_2015	SRA:SRX3113389.13337126.2	100.000	47	0	0	1003	1049	47	1	3.58e-14	87.9
CFAV-Bangkok_Thailand_2015	SRA:SRX3113389.13337126.1	98.000	50	1	0	799	848	1	50	3.58e-14	87.9
CFAV-Bangkok_Thailand_2015	SRA:SRX3113389.13240066.2	98.000	50	1	0	820	869	1	50	3.58e-14	87.9
CFAV-Bangkok_Thailand_2015	SRA:SRX3113389.12917435.2	98.000	50	1	0	9470	9519	1	50	3.58e-14	87.9
CFAV-Bangkok_Thailand_2015	SRA:SRX3113389.12775515.2	98.000	50	1	0	10420	10469	1	50	3.58e-14	87.9
CFAV-Bangkok_Thailand_2015	SRA:SRX3113389.12140766.2	98.000	50	1	0	6040	6089	1	50	3.58e-14	87.9
CFAV-Bangkok_Thailand_2015	SRA:SRX3113389.10522332.2	98.000	50	1	0	5	54	1	50	3.58e-14	87.9
CFAV-Bangkok_Thailand_2015	SRA:SRX3113389.10060858.1	98.000	50	1	0	4102	4151	1	50	3.58e-14	87.9
CFAV-Bangkok_Thailand_2015	SRA:SRX3113389.9914009.2	98.000	50	1	0	6843	6892	1	50	3.58e-14	87.9
CFAV-Bangkok_Thailand_2015	SRA:SRX3113389.9914009.1	98.000	50	1	0	7122	7171	50	1	3.58e-14	87.9
CFAV-Bangkok_Thailand_2015	SRA:SRX3113389.9208283.2	98.000	50	1	0	2504	2553	50	1	3.58e-14	87.9
CFAV-Bangkok_Thailand_2015	SRA:SRX3113389.8696869.1	98.000	50	1	0	1691	1740	1	50	3.58e-14	87.9
CFAV-Bangkok_Thailand_2015	SRA:SRX3113389.6517737.1	98.000	50	1	0	3271	3320	50	1	3.58e-14	87.9
CFAV-Bangkok_Thailand_2015	SRA:SRX3113389.6010334.2	98.000	50	1	0	8395	8444	1	50	3.58e-14	87.9
CFAV-Bangkok_Thailand_2015	SRA:SRX3113389.6010334.1	98.000	50	1	0	8597	8646	50	1	3.58e-14	87.9
CFAV-Bangkok_Thailand_2015	SRA:SRX3113389.5627399.1	98.000	50	1	0	6597	6646	1	50	3.58e-14	87.9
CFAV-Bangkok_Thailand_2015	SRA:SRX3113389.5297151.1	100.000	47	0	0	6817	6863	47	1	3.58e-14	87.9
CFAV-Bangkok_Thailand_2015	SRA:SRX3113389.4898737.2	98.000	50	1	0	2504	2553	50	1	3.58e-14	87.9
CFAV-Bangkok_Thailand_2015	SRA:SRX3113389.4615687.1	98.000	50	1	0	1087	1136	50	1	3.58e-14	87.9
CFAV-Bangkok_Thailand_2015	SRA:SRX3113389.4295020.1	98.000	50	1	0	7919	7968	50	1	3.58e-14	87.9
CFAV-Bangkok_Thailand_2015	SRA:SRX3113389.3936885.2	98.000	50	1	0	2964	3013	1	50	3.58e-14	87.9
CFAV-Bangkok_Thailand_2015	SRA:SRX3113389.3771964.2	98.000	50	1	0	5761	5810	50	1	3.58e-14	87.9
CFAV-Bangkok_Thailand_2015	SRA:SRX3113389.3557696.2	98.000	50	1	0	4991	5040	50	1	3.58e-14	87.9
CFAV-Bangkok_Thailand_2015	SRA:SRX3113389.3505756.1	98.000	50	1	0	7115	7164	1	50	3.58e-14	87.9
CFAV-Bangkok_Thailand_2015	SRA:SRX3113389.3352287.1	98.000	50	1	0	4387	4436	50	1	3.58e-14	87.9
CFAV-Bangkok_Thailand_2015	SRA:SRX3113389.1738633.1	98.000	50	1	0	1442	1491	50	1	3.58e-14	87.9
CFAV-Bangkok_Thailand_2015	SRA:SRX3113389.1559403.2	98.000	50	1	0	9526	9575	1	50	3.58e-14	87.9
CFAV-Bangkok_Thailand_2015	SRA:SRX3113389.987426.2	98.000	50	1	0	779	828	50	1	3.58e-14	87.9
CFAV-Bangkok_Thailand_2015	SRA:SRX3113389.26722350.2	97.959	49	1	0	5186	5234	50	2	1.29e-13	86.1
CFAV-Bangkok_Thailand_2015	SRA:SRX3113389.23809806.1	97.959	49	1	0	3232	3280	49	1	1.29e-13	86.1
CFAV-Bangkok_Thailand_2015	SRA:SRX3113389.19230808.1	97.959	49	1	0	10420	10468	50	2	1.29e-13	86.1
CFAV-Bangkok_Thailand_2015	SRA:SRX3113389.13903582.1	97.959	49	1	0	6346	6394	2	50	1.29e-13	86.1
CFAV-Bangkok_Thailand_2015	SRA:SRX3113389.12971613.1	97.959	49	1	0	7665	7713	50	2	1.29e-13	86.1
CFAV-Bangkok_Thailand_2015	SRA:SRX3113389.2445027.1	97.959	49	1	0	9891	9939	49	1	1.29e-13	86.1
CFAV-Bangkok_Thailand_2015	SRA:SRX3113389.26497059.2	97.917	48	1	0	2257	2304	48	1	4.63e-13	84.2
CFAV-Bangkok_Thailand_2015	SRA:SRX3113389.18232235.2	97.917	48	1	0	4389	4436	50	3	4.63e-13	84.2
CFAV-Bangkok_Thailand_2015	SRA:SRX3113389.17629634.2	100.000	45	0	0	38	82	1	45	4.63e-13	84.2
CFAV-Bangkok_Thailand_2015	SRA:SRX3113389.16451460.2	100.000	45	0	0	38	82	1	45	4.63e-13	84.2
CFAV-Bangkok_Thailand_2015	SRA:SRX3113389.959999.1	97.917	48	1	0	7752	7799	1	48	4.63e-13	84.2
CFAV-Bangkok_Thailand_2015	SRA:SRX3113389.26722350.1	96.000	50	2	0	5116	5165	1	50	1.67e-12	82.4
CFAV-Bangkok_Thailand_2015	SRA:SRX3113389.26200827.1	96.000	50	2	0	6269	6318	1	50	1.67e-12	82.4
CFAV-Bangkok_Thailand_2015	SRA:SRX3113389.24915010.2	97.917	48	0	1	6655	6701	3	50	1.67e-12	82.4
CFAV-Bangkok_Thailand_2015	SRA:SRX3113389.24840568.1	96.000	50	2	0	1948	1997	1	50	1.67e-12	82.4
CFAV-Bangkok_Thailand_2015	SRA:SRX3113389.23809806.2	96.000	50	2	0	3053	3102	1	50	1.67e-12	82.4
CFAV-Bangkok_Thailand_2015	SRA:SRX3113389.23648937.2	96.000	50	2	0	9777	9826	1	50	1.67e-12	82.4
CFAV-Bangkok_Thailand_2015	SRA:SRX3113389.23563674.1	96.000	50	2	0	2147	2196	1	50	1.67e-12	82.4
CFAV-Bangkok_Thailand_2015	SRA:SRX3113389.23094452.2	96.000	50	2	0	1632	1681	1	50	1.67e-12	82.4
CFAV-Bangkok_Thailand_2015	SRA:SRX3113389.21106837.2	96.000	50	2	0	6422	6471	1	50	1.67e-12	82.4
CFAV-Bangkok_Thailand_2015	SRA:SRX3113389.20891440.2	96.000	50	2	0	69	118	1	50	1.67e-12	82.4
CFAV-Bangkok_Thailand_2015	SRA:SRX3113389.18372240.2	96.000	50	2	0	75	124	1	50	1.67e-12	82.4
CFAV-Bangkok_Thailand_2015	SRA:SRX3113389.17664987.1	96.000	50	2	0	579	628	1	50	1.67e-12	82.4
CFAV-Bangkok_Thailand_2015	SRA:SRX3113389.17473013.2	96.000	50	2	0	4578	4627	1	50	1.67e-12	82.4
CFAV-Bangkok_Thailand_2015	SRA:SRX3113389.17473013.1	96.000	50	2	0	4661	4710	50	1	1.67e-12	82.4
CFAV-Bangkok_Thailand_2015	SRA:SRX3113389.16204049.2	96.000	50	2	0	2761	2810	1	50	1.67e-12	82.4
CFAV-Bangkok_Thailand_2015	SRA:SRX3113389.13599461.2	96.000	50	2	0	3180	3229	50	1	1.67e-12	82.4
CFAV-Bangkok_Thailand_2015	SRA:SRX3113389.12823486.2	96.000	50	2	0	2868	2917	1	50	1.67e-12	82.4
CFAV-Bangkok_Thailand_2015	SRA:SRX3113389.11984701.1	96.000	50	2	0	1	50	1	50	1.67e-12	82.4
CFAV-Bangkok_Thailand_2015	SRA:SRX3113389.9390251.1	96.000	50	2	0	4431	4480	1	50	1.67e-12	82.4
CFAV-Bangkok_Thailand_2015	SRA:SRX3113389.7311115.1	97.872	47	1	0	361	407	47	1	1.67e-12	82.4
CFAV-Bangkok_Thailand_2015	SRA:SRX3113389.5627399.2	96.000	50	2	0	6800	6849	50	1	1.67e-12	82.4
CFAV-Bangkok_Thailand_2015	SRA:SRX3113389.3771964.1	96.000	50	2	0	5534	5583	1	50	1.67e-12	82.4
CFAV-Bangkok_Thailand_2015	SRA:SRX3113389.3557696.1	96.000	50	2	0	4734	4783	1	50	1.67e-12	82.4
CFAV-Bangkok_Thailand_2015	SRA:SRX3113389.2637999.1	96.000	50	2	0	8195	8244	50	1	1.67e-12	82.4
CFAV-Bangkok_Thailand_2015	SRA:SRX3113389.2445027.2	96.000	50	2	0	9646	9695	1	50	1.67e-12	82.4
CFAV-Bangkok_Thailand_2015	SRA:SRX3113389.1559403.1	96.000	50	2	0	9647	9696	50	1	1.67e-12	82.4
CFAV-Bangkok_Thailand_2015	SRA:SRX3113389.1526252.2	96.000	50	2	0	4431	4480	1	50	1.67e-12	82.4
CFAV-Bangkok_Thailand_2015	SRA:SRX3113389.1192187.2	97.872	47	1	0	361	407	47	1	1.67e-12	82.4
CFAV-Bangkok_Thailand_2015	SRA:SRX3113389.987426.1	96.000	50	2	0	522	571	1	50	1.67e-12	82.4
CFAV-Bangkok_Thailand_2015	SRA:SRX3113389.16708419.2	100.000	43	0	0	1022	1064	1	43	5.99e-12	80.5
CFAV-Bangkok_Thailand_2015	SRA:SRX3113389.16544632.1	95.833	48	2	0	1480	1527	3	50	2.16e-11	78.7
CFAV-Bangkok_Thailand_2015	SRA:SRX3113389.7695663.1	95.833	48	2	0	4426	4473	48	1	2.16e-11	78.7
CFAV-Bangkok_Thailand_2015	SRA:SRX3113389.4675110.1	95.833	48	2	0	150	197	50	3	2.16e-11	78.7
CFAV-Bangkok_Thailand_2015	SRA:SRX3113389.25992812.2	94.000	50	3	0	8188	8237	1	50	7.75e-11	76.8
CFAV-Bangkok_Thailand_2015	SRA:SRX3113389.24585569.1	94.000	50	3	0	1474	1523	50	1	7.75e-11	76.8
CFAV-Bangkok_Thailand_2015	SRA:SRX3113389.20259128.2	94.000	50	3	0	2481	2530	50	1	7.75e-11	76.8
CFAV-Bangkok_Thailand_2015	SRA:SRX3113389.19031947.2	95.745	47	2	0	5797	5843	48	2	7.75e-11	76.8
CFAV-Bangkok_Thailand_2015	SRA:SRX3113389.17664987.2	94.000	50	3	0	640	689	50	1	7.75e-11	76.8
CFAV-Bangkok_Thailand_2015	SRA:SRX3113389.15318361.2	95.745	47	2	0	5797	5843	48	2	7.75e-11	76.8
CFAV-Bangkok_Thailand_2015	SRA:SRX3113389.13170123.2	94.000	50	3	0	8539	8588	50	1	7.75e-11	76.8
CFAV-Bangkok_Thailand_2015	SRA:SRX3113389.4592317.2	95.745	47	2	0	4426	4472	47	1	7.75e-11	76.8
CFAV-Bangkok_Thailand_2015	SRA:SRX3113389.7695663.2	93.878	49	3	0	4192	4240	2	50	2.79e-10	75.0
NC_001564	SRA:SRX3113389.27049077.2	100.000	50	0	0	5491	5540	50	1	7.71e-16	93.5
NC_001564	SRA:SRX3113389.27049077.1	100.000	50	0	0	5402	5451	1	50	7.71e-16	93.5
NC_001564	SRA:SRX3113389.26722350.2	100.000	50	0	0	5193	5242	50	1	7.71e-16	93.5
NC_001564	SRA:SRX3113389.26722350.1	100.000	50	0	0	5123	5172	1	50	7.71e-16	93.5
NC_001564	SRA:SRX3113389.26497059.2	100.000	50	0	0	2262	2311	50	1	7.71e-16	93.5
NC_001564	SRA:SRX3113389.26497059.1	100.000	50	0	0	2091	2140	1	50	7.71e-16	93.5
NC_001564	SRA:SRX3113389.26200827.2	100.000	50	0	0	6678	6727	50	1	7.71e-16	93.5
NC_001564	SRA:SRX3113389.26200827.1	100.000	50	0	0	6276	6325	1	50	7.71e-16	93.5
NC_001564	SRA:SRX3113389.25904972.2	100.000	50	0	0	5246	5295	50	1	7.71e-16	93.5
NC_001564	SRA:SRX3113389.25904972.1	100.000	50	0	0	5044	5093	1	50	7.71e-16	93.5
NC_001564	SRA:SRX3113389.25210732.2	100.000	50	0	0	3613	3662	1	50	7.71e-16	93.5
NC_001564	SRA:SRX3113389.25210732.1	100.000	50	0	0	3717	3766	50	1	7.71e-16	93.5
NC_001564	SRA:SRX3113389.24915010.2	100.000	50	0	0	6659	6708	1	50	7.71e-16	93.5
NC_001564	SRA:SRX3113389.24840568.1	100.000	50	0	0	1955	2004	1	50	7.71e-16	93.5
NC_001564	SRA:SRX3113389.24662446.2	100.000	50	0	0	9348	9397	1	50	7.71e-16	93.5
NC_001564	SRA:SRX3113389.24662446.1	100.000	50	0	0	9565	9614	50	1	7.71e-16	93.5
NC_001564	SRA:SRX3113389.24585569.2	100.000	50	0	0	1966	2015	1	50	7.71e-16	93.5
NC_001564	SRA:SRX3113389.24585569.1	100.000	50	0	0	1481	1530	50	1	7.71e-16	93.5
NC_001564	SRA:SRX3113389.24516439.2	100.000	50	0	0	2721	2770	1	50	7.71e-16	93.5
NC_001564	SRA:SRX3113389.24516439.1	100.000	50	0	0	3027	3076	50	1	7.71e-16	93.5
NC_001564	SRA:SRX3113389.23809806.1	100.000	50	0	0	3238	3287	50	1	7.71e-16	93.5
NC_001564	SRA:SRX3113389.23648937.2	100.000	50	0	0	9784	9833	1	50	7.71e-16	93.5
NC_001564	SRA:SRX3113389.23648937.1	100.000	50	0	0	9997	10046	50	1	7.71e-16	93.5
NC_001564	SRA:SRX3113389.23563674.2	100.000	50	0	0	2289	2338	50	1	7.71e-16	93.5
NC_001564	SRA:SRX3113389.23563674.1	100.000	50	0	0	2154	2203	1	50	7.71e-16	93.5
NC_001564	SRA:SRX3113389.23244321.2	100.000	50	0	0	9542	9591	1	50	7.71e-16	93.5
NC_001564	SRA:SRX3113389.23244321.1	100.000	50	0	0	9769	9818	50	1	7.71e-16	93.5
NC_001564	SRA:SRX3113389.23094452.2	100.000	50	0	0	1639	1688	1	50	7.71e-16	93.5
NC_001564	SRA:SRX3113389.23094452.1	100.000	50	0	0	1840	1889	50	1	7.71e-16	93.5
NC_001564	SRA:SRX3113389.22992755.2	100.000	50	0	0	7379	7428	1	50	7.71e-16	93.5
NC_001564	SRA:SRX3113389.22992755.1	100.000	50	0	0	7554	7603	50	1	7.71e-16	93.5
NC_001564	SRA:SRX3113389.22646817.2	100.000	50	0	0	6162	6211	50	1	7.71e-16	93.5
NC_001564	SRA:SRX3113389.22646817.1	100.000	50	0	0	6047	6096	1	50	7.71e-16	93.5
NC_001564	SRA:SRX3113389.22268155.2	100.000	50	0	0	7888	7937	50	1	7.71e-16	93.5
NC_001564	SRA:SRX3113389.22268155.1	100.000	50	0	0	7797	7846	1	50	7.71e-16	93.5
NC_001564	SRA:SRX3113389.21248453.2	100.000	50	0	0	9978	10027	50	1	7.71e-16	93.5
NC_001564	SRA:SRX3113389.21248453.1	100.000	50	0	0	9791	9840	1	50	7.71e-16	93.5
NC_001564	SRA:SRX3113389.21106837.2	100.000	50	0	0	6429	6478	1	50	7.71e-16	93.5
NC_001564	SRA:SRX3113389.20891440.2	100.000	50	0	0	76	125	1	50	7.71e-16	93.5
NC_001564	SRA:SRX3113389.20891440.1	100.000	50	0	0	237	286	50	1	7.71e-16	93.5
NC_001564	SRA:SRX3113389.20716133.2	100.000	50	0	0	7010	7059	1	50	7.71e-16	93.5
NC_001564	SRA:SRX3113389.20716133.1	100.000	50	0	0	7109	7158	50	1	7.71e-16	93.5
NC_001564	SRA:SRX3113389.20314046.2	100.000	50	0	0	10188	10237	1	50	7.71e-16	93.5
NC_001564	SRA:SRX3113389.20259128.1	100.000	50	0	0	2321	2370	1	50	7.71e-16	93.5
NC_001564	SRA:SRX3113389.20083516.1	100.000	50	0	0	7503	7552	1	50	7.71e-16	93.5
NC_001564	SRA:SRX3113389.20002197.2	100.000	50	0	0	2585	2634	50	1	7.71e-16	93.5
NC_001564	SRA:SRX3113389.20002197.1	100.000	50	0	0	2313	2362	1	50	7.71e-16	93.5
NC_001564	SRA:SRX3113389.19923913.2	100.000	50	0	0	8960	9009	1	50	7.71e-16	93.5
NC_001564	SRA:SRX3113389.19923913.1	100.000	50	0	0	9063	9112	50	1	7.71e-16	93.5
NC_001564	SRA:SRX3113389.19791246.2	100.000	50	0	0	8927	8976	50	1	7.71e-16	93.5
NC_001564	SRA:SRX3113389.19791246.1	100.000	50	0	0	8829	8878	1	50	7.71e-16	93.5
NC_001564	SRA:SRX3113389.19755190.2	100.000	50	0	0	7709	7758	1	50	7.71e-16	93.5
NC_001564	SRA:SRX3113389.19755190.1	100.000	50	0	0	7926	7975	50	1	7.71e-16	93.5
NC_001564	SRA:SRX3113389.19749845.2	100.000	50	0	0	9112	9161	1	50	7.71e-16	93.5
NC_001564	SRA:SRX3113389.19749845.1	100.000	50	0	0	9322	9371	50	1	7.71e-16	93.5
NC_001564	SRA:SRX3113389.19230808.2	100.000	50	0	0	10269	10318	1	50	7.71e-16	93.5
NC_001564	SRA:SRX3113389.19225139.1	100.000	50	0	0	4109	4158	1	50	7.71e-16	93.5
NC_001564	SRA:SRX3113389.19053650.2	100.000	50	0	0	9257	9306	1	50	7.71e-16	93.5
NC_001564	SRA:SRX3113389.19053650.1	100.000	50	0	0	9425	9474	50	1	7.71e-16	93.5
NC_001564	SRA:SRX3113389.19031947.2	100.000	50	0	0	5802	5851	50	1	7.71e-16	93.5
NC_001564	SRA:SRX3113389.19031947.1	100.000	50	0	0	5627	5676	1	50	7.71e-16	93.5
NC_001564	SRA:SRX3113389.18710399.2	100.000	50	0	0	3027	3076	50	1	7.71e-16	93.5
NC_001564	SRA:SRX3113389.18710399.1	100.000	50	0	0	2768	2817	1	50	7.71e-16	93.5
NC_001564	SRA:SRX3113389.18372240.2	100.000	50	0	0	82	131	1	50	7.71e-16	93.5
NC_001564	SRA:SRX3113389.18232235.2	100.000	50	0	0	4396	4445	50	1	7.71e-16	93.5
NC_001564	SRA:SRX3113389.18232235.1	100.000	50	0	0	4240	4289	1	50	7.71e-16	93.5
NC_001564	SRA:SRX3113389.17946469.2	100.000	50	0	0	9179	9228	50	1	7.71e-16	93.5
NC_001564	SRA:SRX3113389.17946469.1	100.000	50	0	0	8986	9035	1	50	7.71e-16	93.5
NC_001564	SRA:SRX3113389.17664987.2	100.000	50	0	0	647	696	50	1	7.71e-16	93.5
NC_001564	SRA:SRX3113389.17629634.2	100.000	50	0	0	45	94	1	50	7.71e-16	93.5
NC_001564	SRA:SRX3113389.17473013.2	100.000	50	0	0	4585	4634	1	50	7.71e-16	93.5
NC_001564	SRA:SRX3113389.17473013.1	100.000	50	0	0	4668	4717	50	1	7.71e-16	93.5
NC_001564	SRA:SRX3113389.16544632.1	100.000	50	0	0	1485	1534	1	50	7.71e-16	93.5
NC_001564	SRA:SRX3113389.16451460.2	100.000	50	0	0	45	94	1	50	7.71e-16	93.5
NC_001564	SRA:SRX3113389.16236690.2	100.000	50	0	0	4564	4613	1	50	7.71e-16	93.5
NC_001564	SRA:SRX3113389.16236690.1	100.000	50	0	0	4780	4829	50	1	7.71e-16	93.5
NC_001564	SRA:SRX3113389.16208969.2	100.000	50	0	0	2409	2458	1	50	7.71e-16	93.5
NC_001564	SRA:SRX3113389.16208969.1	100.000	50	0	0	2547	2596	50	1	7.71e-16	93.5
NC_001564	SRA:SRX3113389.16204049.1	100.000	50	0	0	3088	3137	50	1	7.71e-16	93.5
NC_001564	SRA:SRX3113389.15711439.2	100.000	50	0	0	13	62	1	50	7.71e-16	93.5
NC_001564	SRA:SRX3113389.15608252.1	100.000	50	0	0	1378	1427	50	1	7.71e-16	93.5
NC_001564	SRA:SRX3113389.15318361.2	100.000	50	0	0	5802	5851	50	1	7.71e-16	93.5
NC_001564	SRA:SRX3113389.15318361.1	100.000	50	0	0	5627	5676	1	50	7.71e-16	93.5
NC_001564	SRA:SRX3113389.15032739.1	100.000	50	0	0	7503	7552	1	50	7.71e-16	93.5
NC_001564	SRA:SRX3113389.14630164.2	100.000	50	0	0	9617	9666	50	1	7.71e-16	93.5
NC_001564	SRA:SRX3113389.14630164.1	100.000	50	0	0	9544	9593	1	50	7.71e-16	93.5
NC_001564	SRA:SRX3113389.13903582.1	100.000	50	0	0	6352	6401	1	50	7.71e-16	93.5
NC_001564	SRA:SRX3113389.13599461.2	100.000	50	0	0	3187	3236	50	1	7.71e-16	93.5
NC_001564	SRA:SRX3113389.13599461.1	100.000	50	0	0	3087	3136	1	50	7.71e-16	93.5
NC_001564	SRA:SRX3113389.13337126.2	100.000	50	0	0	1007	1056	50	1	7.71e-16	93.5
NC_001564	SRA:SRX3113389.13337126.1	100.000	50	0	0	806	855	1	50	7.71e-16	93.5
NC_001564	SRA:SRX3113389.13240066.2	100.000	50	0	0	827	876	1	50	7.71e-16	93.5
NC_001564	SRA:SRX3113389.13240066.1	100.000	50	0	0	1017	1066	50	1	7.71e-16	93.5
NC_001564	SRA:SRX3113389.13170123.2	100.000	50	0	0	8546	8595	50	1	7.71e-16	93.5
NC_001564	SRA:SRX3113389.13170123.1	100.000	50	0	0	8469	8518	1	50	7.71e-16	93.5
NC_001564	SRA:SRX3113389.12971613.2	100.000	50	0	0	7468	7517	1	50	7.71e-16	93.5
NC_001564	SRA:SRX3113389.12917435.2	100.000	50	0	0	9477	9526	1	50	7.71e-16	93.5
NC_001564	SRA:SRX3113389.12917435.1	100.000	50	0	0	9580	9629	50	1	7.71e-16	93.5
NC_001564	SRA:SRX3113389.12823486.2	100.000	50	0	0	2875	2924	1	50	7.71e-16	93.5
NC_001564	SRA:SRX3113389.12823486.1	100.000	50	0	0	3011	3060	50	1	7.71e-16	93.5
NC_001564	SRA:SRX3113389.12775515.2	100.000	50	0	0	10427	10476	1	50	7.71e-16	93.5
NC_001564	SRA:SRX3113389.12775515.1	100.000	50	0	0	10591	10640	50	1	7.71e-16	93.5
NC_001564	SRA:SRX3113389.12772961.2	100.000	50	0	0	9493	9542	50	1	7.71e-16	93.5
NC_001564	SRA:SRX3113389.12772961.1	100.000	50	0	0	9207	9256	1	50	7.71e-16	93.5
NC_001564	SRA:SRX3113389.12540805.2	100.000	50	0	0	7969	8018	1	50	7.71e-16	93.5
NC_001564	SRA:SRX3113389.12540805.1	100.000	50	0	0	8272	8321	50	1	7.71e-16	93.5
NC_001564	SRA:SRX3113389.12424763.1	100.000	50	0	0	8873	8922	50	1	7.71e-16	93.5
NC_001564	SRA:SRX3113389.12413124.2	100.000	50	0	0	7425	7474	50	1	7.71e-16	93.5
NC_001564	SRA:SRX3113389.12413124.1	100.000	50	0	0	7234	7283	1	50	7.71e-16	93.5
NC_001564	SRA:SRX3113389.12140766.2	100.000	50	0	0	6047	6096	1	50	7.71e-16	93.5
NC_001564	SRA:SRX3113389.12140766.1	100.000	50	0	0	6162	6211	50	1	7.71e-16	93.5
NC_001564	SRA:SRX3113389.12068999.2	100.000	50	0	0	7443	7492	50	1	7.71e-16	93.5
NC_001564	SRA:SRX3113389.12068999.1	100.000	50	0	0	7305	7354	1	50	7.71e-16	93.5
NC_001564	SRA:SRX3113389.11984701.2	100.000	50	0	0	127	176	50	1	7.71e-16	93.5
NC_001564	SRA:SRX3113389.11984701.1	100.000	50	0	0	8	57	1	50	7.71e-16	93.5
NC_001564	SRA:SRX3113389.11976397.2	100.000	50	0	0	4205	4254	50	1	7.71e-16	93.5
NC_001564	SRA:SRX3113389.11976397.1	100.000	50	0	0	3952	4001	1	50	7.71e-16	93.5
NC_001564	SRA:SRX3113389.11393087.1	100.000	50	0	0	1209	1258	1	50	7.71e-16	93.5
NC_001564	SRA:SRX3113389.11195632.2	100.000	50	0	0	9619	9668	1	50	7.71e-16	93.5
NC_001564	SRA:SRX3113389.11195632.1	100.000	50	0	0	9873	9922	50	1	7.71e-16	93.5
NC_001564	SRA:SRX3113389.10946140.2	100.000	50	0	0	3027	3076	50	1	7.71e-16	93.5
NC_001564	SRA:SRX3113389.10946140.1	100.000	50	0	0	2721	2770	1	50	7.71e-16	93.5
NC_001564	SRA:SRX3113389.10522332.2	100.000	50	0	0	12	61	1	50	7.71e-16	93.5
NC_001564	SRA:SRX3113389.10336670.2	100.000	50	0	0	4340	4389	50	1	7.71e-16	93.5
NC_001564	SRA:SRX3113389.10336670.1	100.000	50	0	0	4235	4284	1	50	7.71e-16	93.5
NC_001564	SRA:SRX3113389.10082545.2	100.000	50	0	0	7141	7190	50	1	7.71e-16	93.5
NC_001564	SRA:SRX3113389.10082545.1	100.000	50	0	0	7002	7051	1	50	7.71e-16	93.5
NC_001564	SRA:SRX3113389.10060858.1	100.000	50	0	0	4109	4158	1	50	7.71e-16	93.5
NC_001564	SRA:SRX3113389.9914009.2	100.000	50	0	0	6850	6899	1	50	7.71e-16	93.5
NC_001564	SRA:SRX3113389.9914009.1	100.000	50	0	0	7129	7178	50	1	7.71e-16	93.5
NC_001564	SRA:SRX3113389.9680208.2	100.000	50	0	0	2665	2714	50	1	7.71e-16	93.5
NC_001564	SRA:SRX3113389.9680208.1	100.000	50	0	0	2556	2605	1	50	7.71e-16	93.5
NC_001564	SRA:SRX3113389.9390251.2	100.000	50	0	0	4756	4805	50	1	7.71e-16	93.5
NC_001564	SRA:SRX3113389.9390251.1	100.000	50	0	0	4438	4487	1	50	7.71e-16	93.5
NC_001564	SRA:SRX3113389.9255330.2	100.000	50	0	0	1817	1866	1	50	7.71e-16	93.5
NC_001564	SRA:SRX3113389.9255330.1	100.000	50	0	0	2019	2068	50	1	7.71e-16	93.5
NC_001564	SRA:SRX3113389.9208283.2	100.000	50	0	0	2511	2560	50	1	7.71e-16	93.5
NC_001564	SRA:SRX3113389.9208283.1	100.000	50	0	0	2409	2458	1	50	7.71e-16	93.5
NC_001564	SRA:SRX3113389.8696869.2	100.000	50	0	0	1890	1939	50	1	7.71e-16	93.5
NC_001564	SRA:SRX3113389.8696869.1	100.000	50	0	0	1698	1747	1	50	7.71e-16	93.5
NC_001564	SRA:SRX3113389.8313265.2	100.000	50	0	0	713	762	50	1	7.71e-16	93.5
NC_001564	SRA:SRX3113389.7695663.2	100.000	50	0	0	4198	4247	1	50	7.71e-16	93.5
NC_001564	SRA:SRX3113389.7695663.1	100.000	50	0	0	4431	4480	50	1	7.71e-16	93.5
NC_001564	SRA:SRX3113389.7659553.2	100.000	50	0	0	6702	6751	50	1	7.71e-16	93.5
NC_001564	SRA:SRX3113389.7659553.1	100.000	50	0	0	6189	6238	1	50	7.71e-16	93.5
NC_001564	SRA:SRX3113389.7463613.2	100.000	50	0	0	5413	5462	1	50	7.71e-16	93.5
NC_001564	SRA:SRX3113389.7463613.1	100.000	50	0	0	5628	5677	50	1	7.71e-16	93.5
NC_001564	SRA:SRX3113389.7311115.2	100.000	50	0	0	213	262	1	50	7.71e-16	93.5
NC_001564	SRA:SRX3113389.7311115.1	100.000	50	0	0	365	414	50	1	7.71e-16	93.5
NC_001564	SRA:SRX3113389.6869657.2	100.000	50	0	0	5081	5130	1	50	7.71e-16	93.5
NC_001564	SRA:SRX3113389.6869657.1	100.000	50	0	0	5349	5398	50	1	7.71e-16	93.5
NC_001564	SRA:SRX3113389.6517737.2	100.000	50	0	0	3023	3072	1	50	7.71e-16	93.5
NC_001564	SRA:SRX3113389.6517737.1	100.000	50	0	0	3278	3327	50	1	7.71e-16	93.5
NC_001564	SRA:SRX3113389.6485475.2	100.000	50	0	0	3503	3552	50	1	7.71e-16	93.5
NC_001564	SRA:SRX3113389.6485475.1	100.000	50	0	0	3387	3436	1	50	7.71e-16	93.5
NC_001564	SRA:SRX3113389.6310824.2	100.000	50	0	0	3879	3928	50	1	7.71e-16	93.5
NC_001564	SRA:SRX3113389.6310824.1	100.000	50	0	0	3639	3688	1	50	7.71e-16	93.5
NC_001564	SRA:SRX3113389.6139058.1	100.000	50	0	0	9128	9177	50	1	7.71e-16	93.5
NC_001564	SRA:SRX3113389.6095139.2	100.000	50	0	0	3717	3766	50	1	7.71e-16	93.5
NC_001564	SRA:SRX3113389.6095139.1	100.000	50	0	0	3599	3648	1	50	7.71e-16	93.5
NC_001564	SRA:SRX3113389.6010334.2	100.000	50	0	0	8402	8451	1	50	7.71e-16	93.5
NC_001564	SRA:SRX3113389.6010334.1	100.000	50	0	0	8604	8653	50	1	7.71e-16	93.5
NC_001564	SRA:SRX3113389.5975693.2	100.000	50	0	0	8809	8858	1	50	7.71e-16	93.5
NC_001564	SRA:SRX3113389.5627399.2	100.000	50	0	0	6807	6856	50	1	7.71e-16	93.5
NC_001564	SRA:SRX3113389.5627399.1	100.000	50	0	0	6604	6653	1	50	7.71e-16	93.5
NC_001564	SRA:SRX3113389.5297151.1	100.000	50	0	0	6821	6870	50	1	7.71e-16	93.5
NC_001564	SRA:SRX3113389.4950421.2	100.000	50	0	0	1766	1815	1	50	7.71e-16	93.5
NC_001564	SRA:SRX3113389.4950421.1	100.000	50	0	0	1980	2029	50	1	7.71e-16	93.5
NC_001564	SRA:SRX3113389.4898737.2	100.000	50	0	0	2511	2560	50	1	7.71e-16	93.5
NC_001564	SRA:SRX3113389.4898737.1	100.000	50	0	0	2409	2458	1	50	7.71e-16	93.5
NC_001564	SRA:SRX3113389.4675110.2	100.000	50	0	0	19	68	1	50	7.71e-16	93.5
NC_001564	SRA:SRX3113389.4675110.1	100.000	50	0	0	157	206	50	1	7.71e-16	93.5
NC_001564	SRA:SRX3113389.4615687.2	100.000	50	0	0	986	1035	1	50	7.71e-16	93.5
NC_001564	SRA:SRX3113389.4615687.1	100.000	50	0	0	1094	1143	50	1	7.71e-16	93.5
NC_001564	SRA:SRX3113389.4592317.2	100.000	50	0	0	4430	4479	50	1	7.71e-16	93.5
NC_001564	SRA:SRX3113389.4592317.1	100.000	50	0	0	4271	4320	1	50	7.71e-16	93.5
NC_001564	SRA:SRX3113389.4295020.2	100.000	50	0	0	7709	7758	1	50	7.71e-16	93.5
NC_001564	SRA:SRX3113389.4295020.1	100.000	50	0	0	7926	7975	50	1	7.71e-16	93.5
NC_001564	SRA:SRX3113389.3962884.2	100.000	50	0	0	3102	3151	50	1	7.71e-16	93.5
NC_001564	SRA:SRX3113389.3962884.1	100.000	50	0	0	3002	3051	1	50	7.71e-16	93.5
NC_001564	SRA:SRX3113389.3936885.2	100.000	50	0	0	2971	3020	1	50	7.71e-16	93.5
NC_001564	SRA:SRX3113389.3936885.1	100.000	50	0	0	3084	3133	50	1	7.71e-16	93.5
NC_001564	SRA:SRX3113389.3771964.2	100.000	50	0	0	5768	5817	50	1	7.71e-16	93.5
NC_001564	SRA:SRX3113389.3771964.1	100.000	50	0	0	5541	5590	1	50	7.71e-16	93.5
NC_001564	SRA:SRX3113389.3557696.2	100.000	50	0	0	4998	5047	50	1	7.71e-16	93.5
NC_001564	SRA:SRX3113389.3557696.1	100.000	50	0	0	4741	4790	1	50	7.71e-16	93.5
NC_001564	SRA:SRX3113389.3505756.2	100.000	50	0	0	7274	7323	50	1	7.71e-16	93.5
NC_001564	SRA:SRX3113389.3505756.1	100.000	50	0	0	7122	7171	1	50	7.71e-16	93.5
NC_001564	SRA:SRX3113389.3352287.2	100.000	50	0	0	4261	4310	1	50	7.71e-16	93.5
NC_001564	SRA:SRX3113389.3352287.1	100.000	50	0	0	4394	4443	50	1	7.71e-16	93.5
NC_001564	SRA:SRX3113389.2637999.2	100.000	50	0	0	7993	8042	1	50	7.71e-16	93.5
NC_001564	SRA:SRX3113389.2637999.1	100.000	50	0	0	8202	8251	50	1	7.71e-16	93.5
NC_001564	SRA:SRX3113389.2445027.2	100.000	50	0	0	9653	9702	1	50	7.71e-16	93.5
NC_001564	SRA:SRX3113389.2445027.1	100.000	50	0	0	9897	9946	50	1	7.71e-16	93.5
NC_001564	SRA:SRX3113389.2124372.2	100.000	50	0	0	713	762	50	1	7.71e-16	93.5
NC_001564	SRA:SRX3113389.2099087.2	100.000	50	0	0	9565	9614	50	1	7.71e-16	93.5
NC_001564	SRA:SRX3113389.2099087.1	100.000	50	0	0	9348	9397	1	50	7.71e-16	93.5
NC_001564	SRA:SRX3113389.1738633.2	100.000	50	0	0	1289	1338	1	50	7.71e-16	93.5
NC_001564	SRA:SRX3113389.1738633.1	100.000	50	0	0	1449	1498	50	1	7.71e-16	93.5
NC_001564	SRA:SRX3113389.1559403.2	100.000	50	0	0	9533	9582	1	50	7.71e-16	93.5
NC_001564	SRA:SRX3113389.1559403.1	100.000	50	0	0	9654	9703	50	1	7.71e-16	93.5
NC_001564	SRA:SRX3113389.1526252.2	100.000	50	0	0	4438	4487	1	50	7.71e-16	93.5
NC_001564	SRA:SRX3113389.1526252.1	100.000	50	0	0	4756	4805	50	1	7.71e-16	93.5
NC_001564	SRA:SRX3113389.1192187.2	100.000	50	0	0	365	414	50	1	7.71e-16	93.5
NC_001564	SRA:SRX3113389.1192187.1	100.000	50	0	0	213	262	1	50	7.71e-16	93.5
NC_001564	SRA:SRX3113389.987426.2	100.000	50	0	0	786	835	50	1	7.71e-16	93.5
NC_001564	SRA:SRX3113389.987426.1	100.000	50	0	0	529	578	1	50	7.71e-16	93.5
NC_001564	SRA:SRX3113389.959999.2	100.000	50	0	0	7973	8022	50	1	7.71e-16	93.5
NC_001564	SRA:SRX3113389.959999.1	100.000	50	0	0	7759	7808	1	50	7.71e-16	93.5
NC_001564	SRA:SRX3113389.631675.2	100.000	50	0	0	9207	9256	1	50	7.71e-16	93.5
NC_001564	SRA:SRX3113389.631675.1	100.000	50	0	0	9493	9542	50	1	7.71e-16	93.5
NC_001564	SRA:SRX3113389.19230808.1	100.000	49	0	0	10427	10475	50	2	2.77e-15	91.6
NC_001564	SRA:SRX3113389.17629634.1	100.000	49	0	0	145	193	50	2	2.77e-15	91.6
NC_001564	SRA:SRX3113389.16451460.1	100.000	49	0	0	145	193	50	2	2.77e-15	91.6
NC_001564	SRA:SRX3113389.15711439.1	100.000	49	0	0	145	193	50	2	2.77e-15	91.6
NC_001564	SRA:SRX3113389.21106837.1	100.000	48	0	0	6702	6749	50	3	9.98e-15	89.8
NC_001564	SRA:SRX3113389.20314046.1	100.000	48	0	0	10434	10481	50	3	9.98e-15	89.8
NC_001564	SRA:SRX3113389.25992812.2	98.000	50	1	0	8195	8244	1	50	3.59e-14	87.9
NC_001564	SRA:SRX3113389.24915010.1	98.000	50	1	0	6764	6813	50	1	3.59e-14	87.9
NC_001564	SRA:SRX3113389.23809806.2	98.000	50	1	0	3060	3109	1	50	3.59e-14	87.9
NC_001564	SRA:SRX3113389.20259128.2	98.000	50	1	0	2488	2537	50	1	3.59e-14	87.9
NC_001564	SRA:SRX3113389.19225139.2	98.000	50	1	0	4192	4241	50	1	3.59e-14	87.9
NC_001564	SRA:SRX3113389.17664987.1	98.000	50	1	0	586	635	1	50	3.59e-14	87.9
NC_001564	SRA:SRX3113389.16544632.2	98.000	50	1	0	1673	1722	50	1	3.59e-14	87.9
NC_001564	SRA:SRX3113389.16204049.2	98.000	50	1	0	2768	2817	1	50	3.59e-14	87.9
NC_001564	SRA:SRX3113389.15565034.2	98.000	50	1	0	6757	6806	1	50	3.59e-14	87.9
NC_001564	SRA:SRX3113389.15565034.1	98.000	50	1	0	6888	6937	50	1	3.59e-14	87.9
NC_001564	SRA:SRX3113389.15032739.2	98.000	50	1	0	7874	7923	50	1	3.59e-14	87.9
NC_001564	SRA:SRX3113389.13903582.2	98.000	50	1	0	6762	6811	50	1	3.59e-14	87.9
NC_001564	SRA:SRX3113389.12424763.2	98.000	50	1	0	8741	8790	1	50	3.59e-14	87.9
NC_001564	SRA:SRX3113389.11393087.2	98.000	50	1	0	1315	1364	50	1	3.59e-14	87.9
NC_001564	SRA:SRX3113389.10060858.2	98.000	50	1	0	4192	4241	50	1	3.59e-14	87.9
NC_001564	SRA:SRX3113389.6139058.2	98.000	50	1	0	8966	9015	1	50	3.59e-14	87.9
NC_001564	SRA:SRX3113389.5975693.1	98.000	50	1	0	8974	9023	50	1	3.59e-14	87.9
NC_001564	SRA:SRX3113389.5297151.2	98.000	50	1	0	6749	6798	1	50	3.59e-14	87.9
NC_001564	SRA:SRX3113389.2124372.1	98.000	50	1	0	439	488	1	50	3.59e-14	87.9
NC_001564	SRA:SRX3113389.12971613.1	97.959	49	1	0	7672	7720	50	2	1.29e-13	86.1
NC_001564	SRA:SRX3113389.21435568.1	100.000	45	0	0	4938	4982	45	1	4.64e-13	84.2
NC_001564	SRA:SRX3113389.16708419.2	100.000	43	0	0	1029	1071	1	43	6.01e-12	80.5
NC_001564	SRA:SRX3113389.24840568.2	100.000	42	0	0	2918	2959	42	1	2.16e-11	78.7
NC_001564	SRA:SRX3113389.18372240.1	100.000	35	0	0	142	176	35	1	1.68e-07	65.8
CFAV-Cairns_Australia_2014	SRA:SRX3113389.27049077.2	100.000	50	0	0	5490	5539	50	1	7.72e-16	93.5
CFAV-Cairns_Australia_2014	SRA:SRX3113389.27049077.1	100.000	50	0	0	5401	5450	1	50	7.72e-16	93.5
CFAV-Cairns_Australia_2014	SRA:SRX3113389.26722350.1	100.000	50	0	0	5122	5171	1	50	7.72e-16	93.5
CFAV-Cairns_Australia_2014	SRA:SRX3113389.26200827.2	100.000	50	0	0	6677	6726	50	1	7.72e-16	93.5
CFAV-Cairns_Australia_2014	SRA:SRX3113389.25904972.2	100.000	50	0	0	5245	5294	50	1	7.72e-16	93.5
CFAV-Cairns_Australia_2014	SRA:SRX3113389.25210732.2	100.000	50	0	0	3612	3661	1	50	7.72e-16	93.5
CFAV-Cairns_Australia_2014	SRA:SRX3113389.24662446.2	100.000	50	0	0	9347	9396	1	50	7.72e-16	93.5
CFAV-Cairns_Australia_2014	SRA:SRX3113389.23563674.2	100.000	50	0	0	2288	2337	50	1	7.72e-16	93.5
CFAV-Cairns_Australia_2014	SRA:SRX3113389.23244321.2	100.000	50	0	0	9541	9590	1	50	7.72e-16	93.5
CFAV-Cairns_Australia_2014	SRA:SRX3113389.23244321.1	100.000	50	0	0	9768	9817	50	1	7.72e-16	93.5
CFAV-Cairns_Australia_2014	SRA:SRX3113389.22992755.2	100.000	50	0	0	7378	7427	1	50	7.72e-16	93.5
CFAV-Cairns_Australia_2014	SRA:SRX3113389.22992755.1	100.000	50	0	0	7553	7602	50	1	7.72e-16	93.5
CFAV-Cairns_Australia_2014	SRA:SRX3113389.20716133.2	100.000	50	0	0	7009	7058	1	50	7.72e-16	93.5
CFAV-Cairns_Australia_2014	SRA:SRX3113389.20716133.1	100.000	50	0	0	7108	7157	50	1	7.72e-16	93.5
CFAV-Cairns_Australia_2014	SRA:SRX3113389.20314046.2	100.000	50	0	0	10187	10236	1	50	7.72e-16	93.5
CFAV-Cairns_Australia_2014	SRA:SRX3113389.20083516.1	100.000	50	0	0	7502	7551	1	50	7.72e-16	93.5
CFAV-Cairns_Australia_2014	SRA:SRX3113389.20002197.2	100.000	50	0	0	2584	2633	50	1	7.72e-16	93.5
CFAV-Cairns_Australia_2014	SRA:SRX3113389.19923913.2	100.000	50	0	0	8959	9008	1	50	7.72e-16	93.5
CFAV-Cairns_Australia_2014	SRA:SRX3113389.19791246.2	100.000	50	0	0	8926	8975	50	1	7.72e-16	93.5
CFAV-Cairns_Australia_2014	SRA:SRX3113389.19749845.2	100.000	50	0	0	9111	9160	1	50	7.72e-16	93.5
CFAV-Cairns_Australia_2014	SRA:SRX3113389.19031947.1	100.000	50	0	0	5626	5675	1	50	7.72e-16	93.5
CFAV-Cairns_Australia_2014	SRA:SRX3113389.18232235.1	100.000	50	0	0	4239	4288	1	50	7.72e-16	93.5
CFAV-Cairns_Australia_2014	SRA:SRX3113389.17946469.2	100.000	50	0	0	9178	9227	50	1	7.72e-16	93.5
CFAV-Cairns_Australia_2014	SRA:SRX3113389.17946469.1	100.000	50	0	0	8985	9034	1	50	7.72e-16	93.5
CFAV-Cairns_Australia_2014	SRA:SRX3113389.17664987.1	100.000	50	0	0	585	634	1	50	7.72e-16	93.5
CFAV-Cairns_Australia_2014	SRA:SRX3113389.17629634.2	100.000	50	0	0	44	93	1	50	7.72e-16	93.5
CFAV-Cairns_Australia_2014	SRA:SRX3113389.16451460.2	100.000	50	0	0	44	93	1	50	7.72e-16	93.5
CFAV-Cairns_Australia_2014	SRA:SRX3113389.15711439.2	100.000	50	0	0	12	61	1	50	7.72e-16	93.5
CFAV-Cairns_Australia_2014	SRA:SRX3113389.15608252.1	100.000	50	0	0	1377	1426	50	1	7.72e-16	93.5
CFAV-Cairns_Australia_2014	SRA:SRX3113389.15318361.1	100.000	50	0	0	5626	5675	1	50	7.72e-16	93.5
CFAV-Cairns_Australia_2014	SRA:SRX3113389.15032739.1	100.000	50	0	0	7502	7551	1	50	7.72e-16	93.5
CFAV-Cairns_Australia_2014	SRA:SRX3113389.14630164.2	100.000	50	0	0	9616	9665	50	1	7.72e-16	93.5
CFAV-Cairns_Australia_2014	SRA:SRX3113389.14630164.1	100.000	50	0	0	9543	9592	1	50	7.72e-16	93.5
CFAV-Cairns_Australia_2014	SRA:SRX3113389.13337126.2	100.000	50	0	0	1006	1055	50	1	7.72e-16	93.5
CFAV-Cairns_Australia_2014	SRA:SRX3113389.13240066.1	100.000	50	0	0	1016	1065	50	1	7.72e-16	93.5
CFAV-Cairns_Australia_2014	SRA:SRX3113389.12971613.2	100.000	50	0	0	7467	7516	1	50	7.72e-16	93.5
CFAV-Cairns_Australia_2014	SRA:SRX3113389.12775515.1	100.000	50	0	0	10590	10639	50	1	7.72e-16	93.5
CFAV-Cairns_Australia_2014	SRA:SRX3113389.12540805.1	100.000	50	0	0	8271	8320	50	1	7.72e-16	93.5
CFAV-Cairns_Australia_2014	SRA:SRX3113389.12068999.1	100.000	50	0	0	7304	7353	1	50	7.72e-16	93.5
CFAV-Cairns_Australia_2014	SRA:SRX3113389.11984701.1	100.000	50	0	0	7	56	1	50	7.72e-16	93.5
CFAV-Cairns_Australia_2014	SRA:SRX3113389.11393087.1	100.000	50	0	0	1208	1257	1	50	7.72e-16	93.5
CFAV-Cairns_Australia_2014	SRA:SRX3113389.10522332.2	100.000	50	0	0	11	60	1	50	7.72e-16	93.5
CFAV-Cairns_Australia_2014	SRA:SRX3113389.10336670.1	100.000	50	0	0	4234	4283	1	50	7.72e-16	93.5
CFAV-Cairns_Australia_2014	SRA:SRX3113389.10082545.2	100.000	50	0	0	7140	7189	50	1	7.72e-16	93.5
CFAV-Cairns_Australia_2014	SRA:SRX3113389.10082545.1	100.000	50	0	0	7001	7050	1	50	7.72e-16	93.5
CFAV-Cairns_Australia_2014	SRA:SRX3113389.9914009.2	100.000	50	0	0	6849	6898	1	50	7.72e-16	93.5
CFAV-Cairns_Australia_2014	SRA:SRX3113389.9914009.1	100.000	50	0	0	7128	7177	50	1	7.72e-16	93.5
CFAV-Cairns_Australia_2014	SRA:SRX3113389.9208283.2	100.000	50	0	0	2510	2559	50	1	7.72e-16	93.5
CFAV-Cairns_Australia_2014	SRA:SRX3113389.8696869.1	100.000	50	0	0	1697	1746	1	50	7.72e-16	93.5
CFAV-Cairns_Australia_2014	SRA:SRX3113389.7659553.1	100.000	50	0	0	6188	6237	1	50	7.72e-16	93.5
CFAV-Cairns_Australia_2014	SRA:SRX3113389.7463613.1	100.000	50	0	0	5627	5676	50	1	7.72e-16	93.5
CFAV-Cairns_Australia_2014	SRA:SRX3113389.6869657.1	100.000	50	0	0	5348	5397	50	1	7.72e-16	93.5
CFAV-Cairns_Australia_2014	SRA:SRX3113389.6310824.1	100.000	50	0	0	3638	3687	1	50	7.72e-16	93.5
CFAV-Cairns_Australia_2014	SRA:SRX3113389.6139058.1	100.000	50	0	0	9127	9176	50	1	7.72e-16	93.5
CFAV-Cairns_Australia_2014	SRA:SRX3113389.6095139.1	100.000	50	0	0	3598	3647	1	50	7.72e-16	93.5
CFAV-Cairns_Australia_2014	SRA:SRX3113389.5975693.2	100.000	50	0	0	8808	8857	1	50	7.72e-16	93.5
CFAV-Cairns_Australia_2014	SRA:SRX3113389.5627399.2	100.000	50	0	0	6806	6855	50	1	7.72e-16	93.5
CFAV-Cairns_Australia_2014	SRA:SRX3113389.5627399.1	100.000	50	0	0	6603	6652	1	50	7.72e-16	93.5
CFAV-Cairns_Australia_2014	SRA:SRX3113389.5297151.1	100.000	50	0	0	6820	6869	50	1	7.72e-16	93.5
CFAV-Cairns_Australia_2014	SRA:SRX3113389.4898737.2	100.000	50	0	0	2510	2559	50	1	7.72e-16	93.5
CFAV-Cairns_Australia_2014	SRA:SRX3113389.4675110.2	100.000	50	0	0	18	67	1	50	7.72e-16	93.5
CFAV-Cairns_Australia_2014	SRA:SRX3113389.4675110.1	100.000	50	0	0	156	205	50	1	7.72e-16	93.5
CFAV-Cairns_Australia_2014	SRA:SRX3113389.4615687.2	100.000	50	0	0	985	1034	1	50	7.72e-16	93.5
CFAV-Cairns_Australia_2014	SRA:SRX3113389.3505756.2	100.000	50	0	0	7273	7322	50	1	7.72e-16	93.5
CFAV-Cairns_Australia_2014	SRA:SRX3113389.3505756.1	100.000	50	0	0	7121	7170	1	50	7.72e-16	93.5
CFAV-Cairns_Australia_2014	SRA:SRX3113389.2445027.1	100.000	50	0	0	9896	9945	50	1	7.72e-16	93.5
CFAV-Cairns_Australia_2014	SRA:SRX3113389.2099087.1	100.000	50	0	0	9347	9396	1	50	7.72e-16	93.5
CFAV-Cairns_Australia_2014	SRA:SRX3113389.1559403.2	100.000	50	0	0	9532	9581	1	50	7.72e-16	93.5
CFAV-Cairns_Australia_2014	SRA:SRX3113389.987426.1	100.000	50	0	0	528	577	1	50	7.72e-16	93.5
CFAV-Cairns_Australia_2014	SRA:SRX3113389.959999.1	100.000	50	0	0	7758	7807	1	50	7.72e-16	93.5
CFAV-Cairns_Australia_2014	SRA:SRX3113389.7659553.2	100.000	49	0	0	6701	6749	50	2	2.78e-15	91.6
CFAV-Cairns_Australia_2014	SRA:SRX3113389.21106837.1	100.000	48	0	0	6701	6748	50	3	9.98e-15	89.8
CFAV-Cairns_Australia_2014	SRA:SRX3113389.19031947.2	100.000	48	0	0	5803	5850	48	1	9.98e-15	89.8
CFAV-Cairns_Australia_2014	SRA:SRX3113389.16236690.1	100.000	48	0	0	4781	4828	48	1	9.98e-15	89.8
CFAV-Cairns_Australia_2014	SRA:SRX3113389.15318361.2	100.000	48	0	0	5803	5850	48	1	9.98e-15	89.8
CFAV-Cairns_Australia_2014	SRA:SRX3113389.12068999.2	100.000	48	0	0	7444	7491	48	1	9.98e-15	89.8
CFAV-Cairns_Australia_2014	SRA:SRX3113389.11195632.2	100.000	48	0	0	9618	9665	1	48	9.98e-15	89.8
CFAV-Cairns_Australia_2014	SRA:SRX3113389.3352287.1	100.000	48	0	0	4393	4440	50	3	9.98e-15	89.8
CFAV-Cairns_Australia_2014	SRA:SRX3113389.26722350.2	98.000	50	1	0	5192	5241	50	1	3.59e-14	87.9
CFAV-Cairns_Australia_2014	SRA:SRX3113389.26497059.2	98.000	50	1	0	2261	2310	50	1	3.59e-14	87.9
CFAV-Cairns_Australia_2014	SRA:SRX3113389.26200827.1	98.000	50	1	0	6275	6324	1	50	3.59e-14	87.9
CFAV-Cairns_Australia_2014	SRA:SRX3113389.24915010.2	98.000	50	1	0	6658	6707	1	50	3.59e-14	87.9
CFAV-Cairns_Australia_2014	SRA:SRX3113389.24662446.1	98.000	50	1	0	9564	9613	50	1	3.59e-14	87.9
CFAV-Cairns_Australia_2014	SRA:SRX3113389.23648937.1	98.000	50	1	0	9996	10045	50	1	3.59e-14	87.9
CFAV-Cairns_Australia_2014	SRA:SRX3113389.23094452.2	98.000	50	1	0	1638	1687	1	50	3.59e-14	87.9
CFAV-Cairns_Australia_2014	SRA:SRX3113389.21248453.2	98.000	50	1	0	9977	10026	50	1	3.59e-14	87.9
CFAV-Cairns_Australia_2014	SRA:SRX3113389.21106837.2	98.000	50	1	0	6428	6477	1	50	3.59e-14	87.9
CFAV-Cairns_Australia_2014	SRA:SRX3113389.20891440.2	98.000	50	1	0	75	124	1	50	3.59e-14	87.9
CFAV-Cairns_Australia_2014	SRA:SRX3113389.20891440.1	98.000	50	1	0	236	285	50	1	3.59e-14	87.9
CFAV-Cairns_Australia_2014	SRA:SRX3113389.20259128.2	98.000	50	1	0	2487	2536	50	1	3.59e-14	87.9
CFAV-Cairns_Australia_2014	SRA:SRX3113389.20259128.1	98.000	50	1	0	2320	2369	1	50	3.59e-14	87.9
CFAV-Cairns_Australia_2014	SRA:SRX3113389.20002197.1	98.000	50	1	0	2312	2361	1	50	3.59e-14	87.9
CFAV-Cairns_Australia_2014	SRA:SRX3113389.19791246.1	98.000	50	1	0	8828	8877	1	50	3.59e-14	87.9
CFAV-Cairns_Australia_2014	SRA:SRX3113389.19755190.2	98.000	50	1	0	7708	7757	1	50	3.59e-14	87.9
CFAV-Cairns_Australia_2014	SRA:SRX3113389.19755190.1	98.000	50	1	0	7925	7974	50	1	3.59e-14	87.9
CFAV-Cairns_Australia_2014	SRA:SRX3113389.19749845.1	98.000	50	1	0	9321	9370	50	1	3.59e-14	87.9
CFAV-Cairns_Australia_2014	SRA:SRX3113389.19225139.1	98.000	50	1	0	4108	4157	1	50	3.59e-14	87.9
CFAV-Cairns_Australia_2014	SRA:SRX3113389.19053650.1	98.000	50	1	0	9424	9473	50	1	3.59e-14	87.9
CFAV-Cairns_Australia_2014	SRA:SRX3113389.18710399.1	98.000	50	1	0	2767	2816	1	50	3.59e-14	87.9
CFAV-Cairns_Australia_2014	SRA:SRX3113389.18372240.2	98.000	50	1	0	81	130	1	50	3.59e-14	87.9
CFAV-Cairns_Australia_2014	SRA:SRX3113389.18232235.2	98.000	50	1	0	4395	4444	50	1	3.59e-14	87.9
CFAV-Cairns_Australia_2014	SRA:SRX3113389.16544632.2	98.000	50	1	0	1672	1721	50	1	3.59e-14	87.9
CFAV-Cairns_Australia_2014	SRA:SRX3113389.16208969.1	98.000	50	1	0	2546	2595	50	1	3.59e-14	87.9
CFAV-Cairns_Australia_2014	SRA:SRX3113389.13903582.1	98.000	50	1	0	6351	6400	1	50	3.59e-14	87.9
CFAV-Cairns_Australia_2014	SRA:SRX3113389.13599461.1	98.000	50	1	0	3086	3135	1	50	3.59e-14	87.9
CFAV-Cairns_Australia_2014	SRA:SRX3113389.13240066.2	98.000	50	1	0	826	875	1	50	3.59e-14	87.9
CFAV-Cairns_Australia_2014	SRA:SRX3113389.12917435.2	98.000	50	1	0	9476	9525	1	50	3.59e-14	87.9
CFAV-Cairns_Australia_2014	SRA:SRX3113389.12823486.2	98.000	50	1	0	2874	2923	1	50	3.59e-14	87.9
CFAV-Cairns_Australia_2014	SRA:SRX3113389.12823486.1	98.000	50	1	0	3010	3059	50	1	3.59e-14	87.9
CFAV-Cairns_Australia_2014	SRA:SRX3113389.12772961.2	98.000	50	1	0	9492	9541	50	1	3.59e-14	87.9
CFAV-Cairns_Australia_2014	SRA:SRX3113389.12424763.2	98.000	50	1	0	8740	8789	1	50	3.59e-14	87.9
CFAV-Cairns_Australia_2014	SRA:SRX3113389.12424763.1	98.000	50	1	0	8872	8921	50	1	3.59e-14	87.9
CFAV-Cairns_Australia_2014	SRA:SRX3113389.12413124.2	98.000	50	1	0	7424	7473	50	1	3.59e-14	87.9
CFAV-Cairns_Australia_2014	SRA:SRX3113389.12413124.1	98.000	50	1	0	7233	7282	1	50	3.59e-14	87.9
CFAV-Cairns_Australia_2014	SRA:SRX3113389.11976397.1	98.000	50	1	0	3951	4000	1	50	3.59e-14	87.9
CFAV-Cairns_Australia_2014	SRA:SRX3113389.10060858.1	98.000	50	1	0	4108	4157	1	50	3.59e-14	87.9
CFAV-Cairns_Australia_2014	SRA:SRX3113389.7695663.2	98.000	50	1	0	4197	4246	1	50	3.59e-14	87.9
CFAV-Cairns_Australia_2014	SRA:SRX3113389.7463613.2	98.000	50	1	0	5412	5461	1	50	3.59e-14	87.9
CFAV-Cairns_Australia_2014	SRA:SRX3113389.7311115.1	98.000	50	1	0	364	413	50	1	3.59e-14	87.9
CFAV-Cairns_Australia_2014	SRA:SRX3113389.6485475.2	98.000	50	1	0	3502	3551	50	1	3.59e-14	87.9
CFAV-Cairns_Australia_2014	SRA:SRX3113389.6485475.1	98.000	50	1	0	3386	3435	1	50	3.59e-14	87.9
CFAV-Cairns_Australia_2014	SRA:SRX3113389.6310824.2	98.000	50	1	0	3878	3927	50	1	3.59e-14	87.9
CFAV-Cairns_Australia_2014	SRA:SRX3113389.6139058.2	98.000	50	1	0	8965	9014	1	50	3.59e-14	87.9
CFAV-Cairns_Australia_2014	SRA:SRX3113389.6010334.2	98.000	50	1	0	8401	8450	1	50	3.59e-14	87.9
CFAV-Cairns_Australia_2014	SRA:SRX3113389.5975693.1	98.000	50	1	0	8973	9022	50	1	3.59e-14	87.9
CFAV-Cairns_Australia_2014	SRA:SRX3113389.4950421.2	98.000	50	1	0	1765	1814	1	50	3.59e-14	87.9
CFAV-Cairns_Australia_2014	SRA:SRX3113389.4950421.1	98.000	50	1	0	1979	2028	50	1	3.59e-14	87.9
CFAV-Cairns_Australia_2014	SRA:SRX3113389.4615687.1	98.000	50	1	0	1093	1142	50	1	3.59e-14	87.9
CFAV-Cairns_Australia_2014	SRA:SRX3113389.4295020.2	98.000	50	1	0	7708	7757	1	50	3.59e-14	87.9
CFAV-Cairns_Australia_2014	SRA:SRX3113389.4295020.1	98.000	50	1	0	7925	7974	50	1	3.59e-14	87.9
CFAV-Cairns_Australia_2014	SRA:SRX3113389.3962884.2	98.000	50	1	0	3101	3150	50	1	3.59e-14	87.9
CFAV-Cairns_Australia_2014	SRA:SRX3113389.3936885.2	98.000	50	1	0	2970	3019	1	50	3.59e-14	87.9
CFAV-Cairns_Australia_2014	SRA:SRX3113389.3936885.1	98.000	50	1	0	3083	3132	50	1	3.59e-14	87.9
CFAV-Cairns_Australia_2014	SRA:SRX3113389.3771964.2	98.000	50	1	0	5767	5816	50	1	3.59e-14	87.9
CFAV-Cairns_Australia_2014	SRA:SRX3113389.3771964.1	98.000	50	1	0	5540	5589	1	50	3.59e-14	87.9
CFAV-Cairns_Australia_2014	SRA:SRX3113389.3557696.2	98.000	50	1	0	4997	5046	50	1	3.59e-14	87.9
CFAV-Cairns_Australia_2014	SRA:SRX3113389.3557696.1	98.000	50	1	0	4740	4789	1	50	3.59e-14	87.9
CFAV-Cairns_Australia_2014	SRA:SRX3113389.3352287.2	98.000	50	1	0	4260	4309	1	50	3.59e-14	87.9
CFAV-Cairns_Australia_2014	SRA:SRX3113389.2099087.2	98.000	50	1	0	9564	9613	50	1	3.59e-14	87.9
CFAV-Cairns_Australia_2014	SRA:SRX3113389.1192187.2	98.000	50	1	0	364	413	50	1	3.59e-14	87.9
CFAV-Cairns_Australia_2014	SRA:SRX3113389.631675.1	98.000	50	1	0	9492	9541	50	1	3.59e-14	87.9
CFAV-Cairns_Australia_2014	SRA:SRX3113389.23809806.1	97.959	49	1	0	3238	3286	49	1	1.29e-13	86.1
CFAV-Cairns_Australia_2014	SRA:SRX3113389.19230808.2	97.959	49	1	0	10268	10316	1	49	1.29e-13	86.1
CFAV-Cairns_Australia_2014	SRA:SRX3113389.16208969.2	97.959	49	1	0	2408	2456	1	49	1.29e-13	86.1
CFAV-Cairns_Australia_2014	SRA:SRX3113389.12971613.1	97.959	49	1	0	7671	7719	50	2	1.29e-13	86.1
CFAV-Cairns_Australia_2014	SRA:SRX3113389.9208283.1	97.959	49	1	0	2408	2456	1	49	1.29e-13	86.1
CFAV-Cairns_Australia_2014	SRA:SRX3113389.6010334.1	97.959	49	1	0	8604	8652	49	1	1.29e-13	86.1
CFAV-Cairns_Australia_2014	SRA:SRX3113389.4898737.1	97.959	49	1	0	2408	2456	1	49	1.29e-13	86.1
CFAV-Cairns_Australia_2014	SRA:SRX3113389.24516439.1	97.917	48	1	0	3028	3075	48	1	4.64e-13	84.2
CFAV-Cairns_Australia_2014	SRA:SRX3113389.18710399.2	97.917	48	1	0	3028	3075	48	1	4.64e-13	84.2
CFAV-Cairns_Australia_2014	SRA:SRX3113389.10946140.2	97.917	48	1	0	3028	3075	48	1	4.64e-13	84.2
CFAV-Cairns_Australia_2014	SRA:SRX3113389.9680208.2	97.917	48	1	0	2664	2711	50	3	4.64e-13	84.2
CFAV-Cairns_Australia_2014	SRA:SRX3113389.1738633.1	97.917	48	1	0	1450	1497	48	1	4.64e-13	84.2
CFAV-Cairns_Australia_2014	SRA:SRX3113389.25992812.2	96.000	50	2	0	8194	8243	1	50	1.67e-12	82.4
CFAV-Cairns_Australia_2014	SRA:SRX3113389.24585569.2	96.000	50	2	0	1965	2014	1	50	1.67e-12	82.4
CFAV-Cairns_Australia_2014	SRA:SRX3113389.24585569.1	96.000	50	2	0	1480	1529	50	1	1.67e-12	82.4
CFAV-Cairns_Australia_2014	SRA:SRX3113389.24516439.2	96.000	50	2	0	2720	2769	1	50	1.67e-12	82.4
CFAV-Cairns_Australia_2014	SRA:SRX3113389.23648937.2	96.000	50	2	0	9783	9832	1	50	1.67e-12	82.4
CFAV-Cairns_Australia_2014	SRA:SRX3113389.23563674.1	96.000	50	2	0	2153	2202	1	50	1.67e-12	82.4
CFAV-Cairns_Australia_2014	SRA:SRX3113389.21248453.1	96.000	50	2	0	9790	9839	1	50	1.67e-12	82.4
CFAV-Cairns_Australia_2014	SRA:SRX3113389.17664987.2	96.000	50	2	0	646	695	50	1	1.67e-12	82.4
CFAV-Cairns_Australia_2014	SRA:SRX3113389.16544632.1	96.000	50	2	0	1484	1533	1	50	1.67e-12	82.4
CFAV-Cairns_Australia_2014	SRA:SRX3113389.13337126.1	96.000	50	2	0	805	854	1	50	1.67e-12	82.4
CFAV-Cairns_Australia_2014	SRA:SRX3113389.12540805.2	96.000	50	2	0	7968	8017	1	50	1.67e-12	82.4
CFAV-Cairns_Australia_2014	SRA:SRX3113389.11393087.2	96.000	50	2	0	1314	1363	50	1	1.67e-12	82.4
CFAV-Cairns_Australia_2014	SRA:SRX3113389.10946140.1	96.000	50	2	0	2720	2769	1	50	1.67e-12	82.4
CFAV-Cairns_Australia_2014	SRA:SRX3113389.9255330.2	96.000	50	2	0	1816	1865	1	50	1.67e-12	82.4
CFAV-Cairns_Australia_2014	SRA:SRX3113389.7695663.1	96.000	50	2	0	4430	4479	50	1	1.67e-12	82.4
CFAV-Cairns_Australia_2014	SRA:SRX3113389.6869657.2	96.000	50	2	0	5080	5129	1	50	1.67e-12	82.4
CFAV-Cairns_Australia_2014	SRA:SRX3113389.6517737.2	96.000	50	2	0	3022	3071	1	50	1.67e-12	82.4
CFAV-Cairns_Australia_2014	SRA:SRX3113389.4592317.2	96.000	50	2	0	4429	4478	50	1	1.67e-12	82.4
CFAV-Cairns_Australia_2014	SRA:SRX3113389.4592317.1	97.872	47	1	0	4270	4316	1	47	1.67e-12	82.4
CFAV-Cairns_Australia_2014	SRA:SRX3113389.2637999.2	96.000	50	2	0	7992	8041	1	50	1.67e-12	82.4
CFAV-Cairns_Australia_2014	SRA:SRX3113389.24840568.2	100.000	43	0	0	2916	2958	43	1	6.01e-12	80.5
CFAV-Cairns_Australia_2014	SRA:SRX3113389.17629634.1	95.918	49	2	0	144	192	50	2	6.01e-12	80.5
CFAV-Cairns_Australia_2014	SRA:SRX3113389.16708419.2	100.000	43	0	0	1028	1070	1	43	6.01e-12	80.5
CFAV-Cairns_Australia_2014	SRA:SRX3113389.16451460.1	95.918	49	2	0	144	192	50	2	6.01e-12	80.5
CFAV-Cairns_Australia_2014	SRA:SRX3113389.15711439.1	95.918	49	2	0	144	192	50	2	6.01e-12	80.5
CFAV-Cairns_Australia_2014	SRA:SRX3113389.9390251.1	95.833	48	2	0	4437	4484	1	48	2.16e-11	78.7
CFAV-Cairns_Australia_2014	SRA:SRX3113389.1526252.2	95.833	48	2	0	4437	4484	1	48	2.16e-11	78.7
CFAV-Cairns_Australia_2014	SRA:SRX3113389.19053650.2	94.000	50	3	0	9256	9305	1	50	7.77e-11	76.8
CFAV-Cairns_Australia_2014	SRA:SRX3113389.15565034.2	94.000	50	3	0	6756	6805	1	50	7.77e-11	76.8
CFAV-Cairns_Australia_2014	SRA:SRX3113389.13903582.2	94.000	50	3	0	6761	6810	50	1	7.77e-11	76.8
CFAV-Cairns_Australia_2014	SRA:SRX3113389.5297151.2	95.652	46	2	0	6748	6793	1	46	2.79e-10	75.0
CFAV-Macapa2_Brazil_2017	SRA:SRX3113389.27049077.2	100.000	50	0	0	5491	5540	50	1	7.72e-16	93.5
CFAV-Macapa2_Brazil_2017	SRA:SRX3113389.27049077.1	100.000	50	0	0	5402	5451	1	50	7.72e-16	93.5
CFAV-Macapa2_Brazil_2017	SRA:SRX3113389.25904972.2	100.000	50	0	0	5246	5295	50	1	7.72e-16	93.5
CFAV-Macapa2_Brazil_2017	SRA:SRX3113389.20716133.2	100.000	50	0	0	7010	7059	1	50	7.72e-16	93.5
CFAV-Macapa2_Brazil_2017	SRA:SRX3113389.19791246.1	100.000	50	0	0	8829	8878	1	50	7.72e-16	93.5
CFAV-Macapa2_Brazil_2017	SRA:SRX3113389.19755190.2	100.000	50	0	0	7709	7758	1	50	7.72e-16	93.5
CFAV-Macapa2_Brazil_2017	SRA:SRX3113389.17946469.2	100.000	50	0	0	9179	9228	50	1	7.72e-16	93.5
CFAV-Macapa2_Brazil_2017	SRA:SRX3113389.13337126.2	100.000	50	0	0	1007	1056	50	1	7.72e-16	93.5
CFAV-Macapa2_Brazil_2017	SRA:SRX3113389.13240066.1	100.000	50	0	0	1017	1066	50	1	7.72e-16	93.5
CFAV-Macapa2_Brazil_2017	SRA:SRX3113389.12775515.1	100.000	50	0	0	10591	10640	50	1	7.72e-16	93.5
CFAV-Macapa2_Brazil_2017	SRA:SRX3113389.12424763.1	100.000	50	0	0	8873	8922	50	1	7.72e-16	93.5
CFAV-Macapa2_Brazil_2017	SRA:SRX3113389.11393087.1	100.000	50	0	0	1209	1258	1	50	7.72e-16	93.5
CFAV-Macapa2_Brazil_2017	SRA:SRX3113389.9914009.2	100.000	50	0	0	6850	6899	1	50	7.72e-16	93.5
CFAV-Macapa2_Brazil_2017	SRA:SRX3113389.6869657.1	100.000	50	0	0	5349	5398	50	1	7.72e-16	93.5
CFAV-Macapa2_Brazil_2017	SRA:SRX3113389.4295020.2	100.000	50	0	0	7709	7758	1	50	7.72e-16	93.5
CFAV-Macapa2_Brazil_2017	SRA:SRX3113389.987426.2	100.000	50	0	0	786	835	50	1	7.72e-16	93.5
CFAV-Macapa2_Brazil_2017	SRA:SRX3113389.10082545.1	100.000	48	0	0	7004	7051	3	50	9.98e-15	89.8
CFAV-Macapa2_Brazil_2017	SRA:SRX3113389.26722350.1	98.000	50	1	0	5123	5172	1	50	3.59e-14	87.9
CFAV-Macapa2_Brazil_2017	SRA:SRX3113389.26497059.2	98.000	50	1	0	2262	2311	50	1	3.59e-14	87.9
CFAV-Macapa2_Brazil_2017	SRA:SRX3113389.26200827.2	100.000	47	0	0	6680	6726	48	2	3.59e-14	87.9
CFAV-Macapa2_Brazil_2017	SRA:SRX3113389.26200827.1	98.000	50	1	0	6276	6325	1	50	3.59e-14	87.9
CFAV-Macapa2_Brazil_2017	SRA:SRX3113389.24840568.1	98.000	50	1	0	1955	2004	1	50	3.59e-14	87.9
CFAV-Macapa2_Brazil_2017	SRA:SRX3113389.24662446.2	98.000	50	1	0	9348	9397	1	50	3.59e-14	87.9
CFAV-Macapa2_Brazil_2017	SRA:SRX3113389.24585569.2	98.000	50	1	0	1966	2015	1	50	3.59e-14	87.9
CFAV-Macapa2_Brazil_2017	SRA:SRX3113389.24516439.1	98.000	50	1	0	3027	3076	50	1	3.59e-14	87.9
CFAV-Macapa2_Brazil_2017	SRA:SRX3113389.23648937.1	98.000	50	1	0	9997	10046	50	1	3.59e-14	87.9
CFAV-Macapa2_Brazil_2017	SRA:SRX3113389.23094452.2	98.000	50	1	0	1639	1688	1	50	3.59e-14	87.9
CFAV-Macapa2_Brazil_2017	SRA:SRX3113389.20891440.2	98.000	50	1	0	76	125	1	50	3.59e-14	87.9
CFAV-Macapa2_Brazil_2017	SRA:SRX3113389.20314046.2	98.000	50	1	0	10188	10237	1	50	3.59e-14	87.9
CFAV-Macapa2_Brazil_2017	SRA:SRX3113389.19031947.2	100.000	47	0	0	5804	5850	48	2	3.59e-14	87.9
CFAV-Macapa2_Brazil_2017	SRA:SRX3113389.18710399.2	98.000	50	1	0	3027	3076	50	1	3.59e-14	87.9
CFAV-Macapa2_Brazil_2017	SRA:SRX3113389.17473013.1	98.000	50	1	0	4668	4717	50	1	3.59e-14	87.9
CFAV-Macapa2_Brazil_2017	SRA:SRX3113389.16208969.1	98.000	50	1	0	2547	2596	50	1	3.59e-14	87.9
CFAV-Macapa2_Brazil_2017	SRA:SRX3113389.15608252.1	98.000	50	1	0	1378	1427	50	1	3.59e-14	87.9
CFAV-Macapa2_Brazil_2017	SRA:SRX3113389.15565034.1	98.000	50	1	0	6888	6937	50	1	3.59e-14	87.9
CFAV-Macapa2_Brazil_2017	SRA:SRX3113389.15318361.2	100.000	47	0	0	5804	5850	48	2	3.59e-14	87.9
CFAV-Macapa2_Brazil_2017	SRA:SRX3113389.13337126.1	98.000	50	1	0	806	855	1	50	3.59e-14	87.9
CFAV-Macapa2_Brazil_2017	SRA:SRX3113389.12540805.1	98.000	50	1	0	8272	8321	50	1	3.59e-14	87.9
CFAV-Macapa2_Brazil_2017	SRA:SRX3113389.12413124.1	98.000	50	1	0	7234	7283	1	50	3.59e-14	87.9
CFAV-Macapa2_Brazil_2017	SRA:SRX3113389.11976397.1	98.000	50	1	0	3952	4001	1	50	3.59e-14	87.9
CFAV-Macapa2_Brazil_2017	SRA:SRX3113389.10946140.2	98.000	50	1	0	3027	3076	50	1	3.59e-14	87.9
CFAV-Macapa2_Brazil_2017	SRA:SRX3113389.9680208.1	98.000	50	1	0	2556	2605	1	50	3.59e-14	87.9
CFAV-Macapa2_Brazil_2017	SRA:SRX3113389.9208283.2	98.000	50	1	0	2511	2560	50	1	3.59e-14	87.9
CFAV-Macapa2_Brazil_2017	SRA:SRX3113389.7463613.2	98.000	50	1	0	5413	5462	1	50	3.59e-14	87.9
CFAV-Macapa2_Brazil_2017	SRA:SRX3113389.6517737.1	98.000	50	1	0	3278	3327	50	1	3.59e-14	87.9
CFAV-Macapa2_Brazil_2017	SRA:SRX3113389.6485475.1	100.000	47	0	0	3389	3435	3	49	3.59e-14	87.9
CFAV-Macapa2_Brazil_2017	SRA:SRX3113389.6139058.1	100.000	47	0	0	9131	9177	47	1	3.59e-14	87.9
CFAV-Macapa2_Brazil_2017	SRA:SRX3113389.6095139.1	100.000	47	0	0	3599	3645	1	47	3.59e-14	87.9
CFAV-Macapa2_Brazil_2017	SRA:SRX3113389.6010334.2	98.000	50	1	0	8402	8451	1	50	3.59e-14	87.9
CFAV-Macapa2_Brazil_2017	SRA:SRX3113389.5627399.1	98.000	50	1	0	6604	6653	1	50	3.59e-14	87.9
CFAV-Macapa2_Brazil_2017	SRA:SRX3113389.4950421.1	98.000	50	1	0	1980	2029	50	1	3.59e-14	87.9
CFAV-Macapa2_Brazil_2017	SRA:SRX3113389.4898737.2	98.000	50	1	0	2511	2560	50	1	3.59e-14	87.9
CFAV-Macapa2_Brazil_2017	SRA:SRX3113389.4592317.2	98.000	50	1	0	4430	4479	50	1	3.59e-14	87.9
CFAV-Macapa2_Brazil_2017	SRA:SRX3113389.3557696.1	98.000	50	1	0	4741	4790	1	50	3.59e-14	87.9
CFAV-Macapa2_Brazil_2017	SRA:SRX3113389.2445027.2	98.000	50	1	0	9653	9702	1	50	3.59e-14	87.9
CFAV-Macapa2_Brazil_2017	SRA:SRX3113389.2099087.1	98.000	50	1	0	9348	9397	1	50	3.59e-14	87.9
CFAV-Macapa2_Brazil_2017	SRA:SRX3113389.1738633.2	98.000	50	1	0	1289	1338	1	50	3.59e-14	87.9
CFAV-Macapa2_Brazil_2017	SRA:SRX3113389.1559403.1	98.000	50	1	0	9654	9703	50	1	3.59e-14	87.9
CFAV-Macapa2_Brazil_2017	SRA:SRX3113389.19230808.2	97.959	49	1	0	10269	10317	1	49	1.29e-13	86.1
CFAV-Macapa2_Brazil_2017	SRA:SRX3113389.7695663.1	97.959	49	1	0	4431	4479	50	2	1.29e-13	86.1
CFAV-Macapa2_Brazil_2017	SRA:SRX3113389.25210732.2	96.000	50	2	0	3613	3662	1	50	1.67e-12	82.4
CFAV-Macapa2_Brazil_2017	SRA:SRX3113389.24915010.2	96.000	50	2	0	6659	6708	1	50	1.67e-12	82.4
CFAV-Macapa2_Brazil_2017	SRA:SRX3113389.23563674.2	96.000	50	2	0	2289	2338	50	1	1.67e-12	82.4
CFAV-Macapa2_Brazil_2017	SRA:SRX3113389.23244321.2	96.000	50	2	0	9542	9591	1	50	1.67e-12	82.4
CFAV-Macapa2_Brazil_2017	SRA:SRX3113389.22268155.2	97.872	47	1	0	7891	7937	47	1	1.67e-12	82.4
CFAV-Macapa2_Brazil_2017	SRA:SRX3113389.21106837.2	96.000	50	2	0	6429	6478	1	50	1.67e-12	82.4
CFAV-Macapa2_Brazil_2017	SRA:SRX3113389.20716133.1	96.000	50	2	0	7109	7158	50	1	1.67e-12	82.4
CFAV-Macapa2_Brazil_2017	SRA:SRX3113389.20259128.2	96.000	50	2	0	2488	2537	50	1	1.67e-12	82.4
CFAV-Macapa2_Brazil_2017	SRA:SRX3113389.19923913.2	97.872	47	1	0	8960	9006	1	47	1.67e-12	82.4
CFAV-Macapa2_Brazil_2017	SRA:SRX3113389.19791246.2	96.000	50	2	0	8927	8976	50	1	1.67e-12	82.4
CFAV-Macapa2_Brazil_2017	SRA:SRX3113389.19749845.1	96.000	50	2	0	9322	9371	50	1	1.67e-12	82.4
CFAV-Macapa2_Brazil_2017	SRA:SRX3113389.19031947.1	96.000	50	2	0	5627	5676	1	50	1.67e-12	82.4
CFAV-Macapa2_Brazil_2017	SRA:SRX3113389.17946469.1	96.000	50	2	0	8986	9035	1	50	1.67e-12	82.4
CFAV-Macapa2_Brazil_2017	SRA:SRX3113389.17664987.2	96.000	50	2	0	647	696	50	1	1.67e-12	82.4
CFAV-Macapa2_Brazil_2017	SRA:SRX3113389.17664987.1	96.000	50	2	0	586	635	1	50	1.67e-12	82.4
CFAV-Macapa2_Brazil_2017	SRA:SRX3113389.16204049.1	96.000	50	2	0	3088	3137	50	1	1.67e-12	82.4
CFAV-Macapa2_Brazil_2017	SRA:SRX3113389.15318361.1	96.000	50	2	0	5627	5676	1	50	1.67e-12	82.4
CFAV-Macapa2_Brazil_2017	SRA:SRX3113389.14630164.1	96.000	50	2	0	9544	9593	1	50	1.67e-12	82.4
CFAV-Macapa2_Brazil_2017	SRA:SRX3113389.13599461.1	96.000	50	2	0	3087	3136	1	50	1.67e-12	82.4
CFAV-Macapa2_Brazil_2017	SRA:SRX3113389.12823486.1	96.000	50	2	0	3011	3060	50	1	1.67e-12	82.4
CFAV-Macapa2_Brazil_2017	SRA:SRX3113389.10082545.2	96.000	50	2	0	7141	7190	50	1	1.67e-12	82.4
CFAV-Macapa2_Brazil_2017	SRA:SRX3113389.9390251.1	96.000	50	2	0	4438	4487	1	50	1.67e-12	82.4
CFAV-Macapa2_Brazil_2017	SRA:SRX3113389.7659553.1	96.000	50	2	0	6189	6238	1	50	1.67e-12	82.4
CFAV-Macapa2_Brazil_2017	SRA:SRX3113389.7463613.1	96.000	50	2	0	5628	5677	50	1	1.67e-12	82.4
CFAV-Macapa2_Brazil_2017	SRA:SRX3113389.6517737.2	96.000	50	2	0	3023	3072	1	50	1.67e-12	82.4
CFAV-Macapa2_Brazil_2017	SRA:SRX3113389.6310824.2	96.000	50	2	0	3879	3928	50	1	1.67e-12	82.4
CFAV-Macapa2_Brazil_2017	SRA:SRX3113389.5975693.2	96.000	50	2	0	8809	8858	1	50	1.67e-12	82.4
CFAV-Macapa2_Brazil_2017	SRA:SRX3113389.5297151.1	96.000	50	2	0	6821	6870	50	1	1.67e-12	82.4
CFAV-Macapa2_Brazil_2017	SRA:SRX3113389.4615687.2	96.000	50	2	0	986	1035	1	50	1.67e-12	82.4
CFAV-Macapa2_Brazil_2017	SRA:SRX3113389.3505756.1	96.000	50	2	0	7122	7171	1	50	1.67e-12	82.4
CFAV-Macapa2_Brazil_2017	SRA:SRX3113389.1559403.2	96.000	50	2	0	9533	9582	1	50	1.67e-12	82.4
CFAV-Macapa2_Brazil_2017	SRA:SRX3113389.1526252.2	96.000	50	2	0	4438	4487	1	50	1.67e-12	82.4
CFAV-Macapa2_Brazil_2017	SRA:SRX3113389.24840568.2	100.000	43	0	0	2917	2959	43	1	6.01e-12	80.5
CFAV-Macapa2_Brazil_2017	SRA:SRX3113389.17629634.2	100.000	43	0	0	52	94	8	50	6.01e-12	80.5
CFAV-Macapa2_Brazil_2017	SRA:SRX3113389.16708419.2	100.000	43	0	0	1029	1071	1	43	6.01e-12	80.5
CFAV-Macapa2_Brazil_2017	SRA:SRX3113389.16451460.2	100.000	43	0	0	52	94	8	50	6.01e-12	80.5
CFAV-Macapa2_Brazil_2017	SRA:SRX3113389.12971613.1	95.918	49	2	0	7672	7720	50	2	6.01e-12	80.5
CFAV-Macapa2_Brazil_2017	SRA:SRX3113389.12068999.1	95.918	49	2	0	7305	7353	1	49	6.01e-12	80.5
CFAV-Macapa2_Brazil_2017	SRA:SRX3113389.11195632.2	95.918	49	2	0	9620	9668	2	50	6.01e-12	80.5
CFAV-Macapa2_Brazil_2017	SRA:SRX3113389.19749845.2	95.833	48	2	0	9114	9161	3	50	2.16e-11	78.7
CFAV-Macapa2_Brazil_2017	SRA:SRX3113389.12068999.2	95.833	48	2	0	7445	7492	48	1	2.16e-11	78.7
CFAV-Macapa2_Brazil_2017	SRA:SRX3113389.3936885.1	95.833	48	2	0	3086	3133	48	1	2.16e-11	78.7
CFAV-Macapa2_Brazil_2017	SRA:SRX3113389.23094452.1	94.000	50	3	0	1840	1889	50	1	7.77e-11	76.8
CFAV-Macapa2_Brazil_2017	SRA:SRX3113389.21435568.1	94.000	50	3	0	4933	4982	50	1	7.77e-11	76.8
CFAV-Macapa2_Brazil_2017	SRA:SRX3113389.20259128.1	94.000	50	3	0	2321	2370	1	50	7.77e-11	76.8
CFAV-Macapa2_Brazil_2017	SRA:SRX3113389.19225139.1	94.000	50	3	0	4109	4158	1	50	7.77e-11	76.8
CFAV-Macapa2_Brazil_2017	SRA:SRX3113389.14630164.2	95.745	47	2	0	9620	9666	47	1	7.77e-11	76.8
CFAV-Macapa2_Brazil_2017	SRA:SRX3113389.10060858.1	94.000	50	3	0	4109	4158	1	50	7.77e-11	76.8
CFAV-Macapa2_Brazil_2017	SRA:SRX3113389.3505756.2	95.745	47	2	0	7277	7323	47	1	7.77e-11	76.8
CFAV-Macapa2_Brazil_2017	SRA:SRX3113389.987426.1	94.000	50	3	0	529	578	1	50	7.77e-11	76.8
CFAV-Macapa2_Brazil_2017	SRA:SRX3113389.9255330.1	93.878	49	3	0	2019	2067	50	2	2.79e-10	75.0
CFAV-Macapa2_Brazil_2017	SRA:SRX3113389.5297151.2	95.652	46	2	0	6749	6794	1	46	2.79e-10	75.0
CFAV-Macapa2_Brazil_2017	SRA:SRX3113389.15565034.2	92.000	50	4	0	6757	6806	1	50	3.62e-09	71.3
CFAV-Macapa2_Brazil_2017	SRA:SRX3113389.13903582.2	92.000	50	4	0	6762	6811	50	1	3.62e-09	71.3
CFAV-Macapa2_Brazil_2017	SRA:SRX3113389.6010334.1	92.000	50	4	0	8604	8653	50	1	3.62e-09	71.3
CFAV-KC_Cambodia_2015	SRA:SRX3113389.24585569.2	100.000	50	0	0	1977	2026	1	50	7.72e-16	93.5
CFAV-KC_Cambodia_2015	SRA:SRX3113389.23648937.2	100.000	50	0	0	9795	9844	1	50	7.72e-16	93.5
CFAV-KC_Cambodia_2015	SRA:SRX3113389.23244321.1	100.000	50	0	0	9780	9829	50	1	7.72e-16	93.5
CFAV-KC_Cambodia_2015	SRA:SRX3113389.22992755.2	100.000	50	0	0	7390	7439	1	50	7.72e-16	93.5
CFAV-KC_Cambodia_2015	SRA:SRX3113389.21248453.1	100.000	50	0	0	9802	9851	1	50	7.72e-16	93.5
CFAV-KC_Cambodia_2015	SRA:SRX3113389.20716133.1	100.000	50	0	0	7120	7169	50	1	7.72e-16	93.5
CFAV-KC_Cambodia_2015	SRA:SRX3113389.20314046.2	100.000	50	0	0	10199	10248	1	50	7.72e-16	93.5
CFAV-KC_Cambodia_2015	SRA:SRX3113389.19791246.1	100.000	50	0	0	8840	8889	1	50	7.72e-16	93.5
CFAV-KC_Cambodia_2015	SRA:SRX3113389.18710399.1	100.000	50	0	0	2779	2828	1	50	7.72e-16	93.5
CFAV-KC_Cambodia_2015	SRA:SRX3113389.17629634.2	100.000	50	0	0	56	105	1	50	7.72e-16	93.5
CFAV-KC_Cambodia_2015	SRA:SRX3113389.16451460.2	100.000	50	0	0	56	105	1	50	7.72e-16	93.5
CFAV-KC_Cambodia_2015	SRA:SRX3113389.13240066.2	100.000	50	0	0	838	887	1	50	7.72e-16	93.5
CFAV-KC_Cambodia_2015	SRA:SRX3113389.9914009.1	100.000	50	0	0	7140	7189	50	1	7.72e-16	93.5
CFAV-KC_Cambodia_2015	SRA:SRX3113389.7659553.1	100.000	50	0	0	6200	6249	1	50	7.72e-16	93.5
CFAV-KC_Cambodia_2015	SRA:SRX3113389.5627399.1	100.000	50	0	0	6615	6664	1	50	7.72e-16	93.5
CFAV-KC_Cambodia_2015	SRA:SRX3113389.3505756.2	100.000	50	0	0	7285	7334	50	1	7.72e-16	93.5
CFAV-KC_Cambodia_2015	SRA:SRX3113389.3505756.1	100.000	50	0	0	7133	7182	1	50	7.72e-16	93.5
CFAV-KC_Cambodia_2015	SRA:SRX3113389.2445027.2	100.000	50	0	0	9664	9713	1	50	7.72e-16	93.5
CFAV-KC_Cambodia_2015	SRA:SRX3113389.2445027.1	100.000	49	0	0	9909	9957	49	1	2.78e-15	91.6
CFAV-KC_Cambodia_2015	SRA:SRX3113389.1559403.1	100.000	49	0	0	9665	9713	50	2	2.78e-15	91.6
CFAV-KC_Cambodia_2015	SRA:SRX3113389.10082545.2	100.000	48	0	0	7152	7199	50	3	9.99e-15	89.8
CFAV-KC_Cambodia_2015	SRA:SRX3113389.27049077.1	98.000	50	1	0	5413	5462	1	50	3.59e-14	87.9
CFAV-KC_Cambodia_2015	SRA:SRX3113389.26200827.2	98.000	50	1	0	6689	6738	50	1	3.59e-14	87.9
CFAV-KC_Cambodia_2015	SRA:SRX3113389.24915010.2	98.000	50	1	0	6670	6719	1	50	3.59e-14	87.9
CFAV-KC_Cambodia_2015	SRA:SRX3113389.24840568.1	98.000	50	1	0	1966	2015	1	50	3.59e-14	87.9
CFAV-KC_Cambodia_2015	SRA:SRX3113389.20891440.2	98.000	50	1	0	87	136	1	50	3.59e-14	87.9
CFAV-KC_Cambodia_2015	SRA:SRX3113389.20891440.1	98.000	50	1	0	248	297	50	1	3.59e-14	87.9
CFAV-KC_Cambodia_2015	SRA:SRX3113389.20259128.1	98.000	50	1	0	2332	2381	1	50	3.59e-14	87.9
CFAV-KC_Cambodia_2015	SRA:SRX3113389.20002197.1	98.000	50	1	0	2324	2373	1	50	3.59e-14	87.9
CFAV-KC_Cambodia_2015	SRA:SRX3113389.19791246.2	98.000	50	1	0	8938	8987	50	1	3.59e-14	87.9
CFAV-KC_Cambodia_2015	SRA:SRX3113389.19755190.2	98.000	50	1	0	7720	7769	1	50	3.59e-14	87.9
CFAV-KC_Cambodia_2015	SRA:SRX3113389.19230808.2	98.000	50	1	0	10280	10329	1	50	3.59e-14	87.9
CFAV-KC_Cambodia_2015	SRA:SRX3113389.17664987.2	98.000	50	1	0	658	707	50	1	3.59e-14	87.9
CFAV-KC_Cambodia_2015	SRA:SRX3113389.16204049.2	98.000	50	1	0	2779	2828	1	50	3.59e-14	87.9
CFAV-KC_Cambodia_2015	SRA:SRX3113389.15711439.2	98.000	50	1	0	24	73	1	50	3.59e-14	87.9
CFAV-KC_Cambodia_2015	SRA:SRX3113389.15565034.1	98.000	50	1	0	6899	6948	50	1	3.59e-14	87.9
CFAV-KC_Cambodia_2015	SRA:SRX3113389.14630164.2	98.000	50	1	0	9628	9677	50	1	3.59e-14	87.9
CFAV-KC_Cambodia_2015	SRA:SRX3113389.13337126.2	98.000	50	1	0	1018	1067	50	1	3.59e-14	87.9
CFAV-KC_Cambodia_2015	SRA:SRX3113389.13337126.1	98.000	50	1	0	817	866	1	50	3.59e-14	87.9
CFAV-KC_Cambodia_2015	SRA:SRX3113389.13240066.1	98.000	50	1	0	1028	1077	50	1	3.59e-14	87.9
CFAV-KC_Cambodia_2015	SRA:SRX3113389.12971613.2	98.000	50	1	0	7479	7528	1	50	3.59e-14	87.9
CFAV-KC_Cambodia_2015	SRA:SRX3113389.12775515.1	98.000	50	1	0	10602	10651	50	1	3.59e-14	87.9
CFAV-KC_Cambodia_2015	SRA:SRX3113389.12772961.2	98.000	50	1	0	9504	9553	50	1	3.59e-14	87.9
CFAV-KC_Cambodia_2015	SRA:SRX3113389.12424763.1	98.000	50	1	0	8884	8933	50	1	3.59e-14	87.9
CFAV-KC_Cambodia_2015	SRA:SRX3113389.12413124.1	98.000	50	1	0	7245	7294	1	50	3.59e-14	87.9
CFAV-KC_Cambodia_2015	SRA:SRX3113389.12068999.1	98.000	50	1	0	7316	7365	1	50	3.59e-14	87.9
CFAV-KC_Cambodia_2015	SRA:SRX3113389.11195632.2	98.000	50	1	0	9630	9679	1	50	3.59e-14	87.9
CFAV-KC_Cambodia_2015	SRA:SRX3113389.10522332.2	98.000	50	1	0	23	72	1	50	3.59e-14	87.9
CFAV-KC_Cambodia_2015	SRA:SRX3113389.10336670.2	98.000	50	1	0	4351	4400	50	1	3.59e-14	87.9
CFAV-KC_Cambodia_2015	SRA:SRX3113389.10082545.1	98.000	50	1	0	7013	7062	1	50	3.59e-14	87.9
CFAV-KC_Cambodia_2015	SRA:SRX3113389.9914009.2	98.000	50	1	0	6861	6910	1	50	3.59e-14	87.9
CFAV-KC_Cambodia_2015	SRA:SRX3113389.7463613.2	98.000	50	1	0	5424	5473	1	50	3.59e-14	87.9
CFAV-KC_Cambodia_2015	SRA:SRX3113389.6517737.1	98.000	50	1	0	3289	3338	50	1	3.59e-14	87.9
CFAV-KC_Cambodia_2015	SRA:SRX3113389.5627399.2	98.000	50	1	0	6818	6867	50	1	3.59e-14	87.9
CFAV-KC_Cambodia_2015	SRA:SRX3113389.5297151.1	98.000	50	1	0	6832	6881	50	1	3.59e-14	87.9
CFAV-KC_Cambodia_2015	SRA:SRX3113389.4950421.1	98.000	50	1	0	1991	2040	50	1	3.59e-14	87.9
CFAV-KC_Cambodia_2015	SRA:SRX3113389.4675110.1	98.000	50	1	0	168	217	50	1	3.59e-14	87.9
CFAV-KC_Cambodia_2015	SRA:SRX3113389.4615687.1	98.000	50	1	0	1105	1154	50	1	3.59e-14	87.9
CFAV-KC_Cambodia_2015	SRA:SRX3113389.4295020.2	98.000	50	1	0	7720	7769	1	50	3.59e-14	87.9
CFAV-KC_Cambodia_2015	SRA:SRX3113389.987426.2	98.000	50	1	0	797	846	50	1	3.59e-14	87.9
CFAV-KC_Cambodia_2015	SRA:SRX3113389.631675.1	98.000	50	1	0	9504	9553	50	1	3.59e-14	87.9
CFAV-KC_Cambodia_2015	SRA:SRX3113389.26497059.2	97.959	49	1	0	2273	2321	50	2	1.29e-13	86.1
CFAV-KC_Cambodia_2015	SRA:SRX3113389.23809806.1	97.959	49	1	0	3250	3298	49	1	1.29e-13	86.1
CFAV-KC_Cambodia_2015	SRA:SRX3113389.12971613.1	97.959	49	1	0	7683	7731	50	2	1.29e-13	86.1
CFAV-KC_Cambodia_2015	SRA:SRX3113389.7659553.2	97.959	49	1	0	6713	6761	50	2	1.29e-13	86.1
CFAV-KC_Cambodia_2015	SRA:SRX3113389.2637999.1	97.959	49	1	0	8213	8261	50	2	1.29e-13	86.1
CFAV-KC_Cambodia_2015	SRA:SRX3113389.21106837.1	97.917	48	1	0	6713	6760	50	3	4.65e-13	84.2
CFAV-KC_Cambodia_2015	SRA:SRX3113389.19225139.1	97.917	48	1	0	4120	4167	1	48	4.65e-13	84.2
CFAV-KC_Cambodia_2015	SRA:SRX3113389.19031947.2	97.917	48	1	0	5815	5862	48	1	4.65e-13	84.2
CFAV-KC_Cambodia_2015	SRA:SRX3113389.16236690.1	97.917	48	1	0	4793	4840	48	1	4.65e-13	84.2
CFAV-KC_Cambodia_2015	SRA:SRX3113389.15318361.2	97.917	48	1	0	5815	5862	48	1	4.65e-13	84.2
CFAV-KC_Cambodia_2015	SRA:SRX3113389.10060858.1	97.917	48	1	0	4120	4167	1	48	4.65e-13	84.2
CFAV-KC_Cambodia_2015	SRA:SRX3113389.3557696.2	97.917	48	1	0	5011	5058	48	1	4.65e-13	84.2
CFAV-KC_Cambodia_2015	SRA:SRX3113389.20716133.2	96.000	50	2	0	7021	7070	1	50	1.67e-12	82.4
CFAV-KC_Cambodia_2015	SRA:SRX3113389.19923913.2	97.872	47	1	0	8971	9017	1	47	1.67e-12	82.4
CFAV-KC_Cambodia_2015	SRA:SRX3113389.19031947.1	96.000	50	2	0	5638	5687	1	50	1.67e-12	82.4
CFAV-KC_Cambodia_2015	SRA:SRX3113389.18372240.2	97.872	47	1	0	93	139	1	47	1.67e-12	82.4
CFAV-KC_Cambodia_2015	SRA:SRX3113389.17946469.2	96.000	50	2	0	9190	9239	50	1	1.67e-12	82.4
CFAV-KC_Cambodia_2015	SRA:SRX3113389.15318361.1	96.000	50	2	0	5638	5687	1	50	1.67e-12	82.4
CFAV-KC_Cambodia_2015	SRA:SRX3113389.12917435.2	96.000	50	2	0	9488	9537	1	50	1.67e-12	82.4
CFAV-KC_Cambodia_2015	SRA:SRX3113389.11984701.1	96.000	50	2	0	19	68	1	50	1.67e-12	82.4
CFAV-KC_Cambodia_2015	SRA:SRX3113389.11393087.1	96.000	50	2	0	1220	1269	1	50	1.67e-12	82.4
CFAV-KC_Cambodia_2015	SRA:SRX3113389.9680208.2	96.000	50	2	0	2676	2725	50	1	1.67e-12	82.4
CFAV-KC_Cambodia_2015	SRA:SRX3113389.7463613.1	96.000	50	2	0	5639	5688	50	1	1.67e-12	82.4
CFAV-KC_Cambodia_2015	SRA:SRX3113389.6869657.2	96.000	50	2	0	5092	5141	1	50	1.67e-12	82.4
CFAV-KC_Cambodia_2015	SRA:SRX3113389.6485475.2	96.000	50	2	0	3514	3563	50	1	1.67e-12	82.4
CFAV-KC_Cambodia_2015	SRA:SRX3113389.6139058.1	96.000	50	2	0	9139	9188	50	1	1.67e-12	82.4
CFAV-KC_Cambodia_2015	SRA:SRX3113389.6095139.1	97.872	47	1	0	3610	3656	1	47	1.67e-12	82.4
CFAV-KC_Cambodia_2015	SRA:SRX3113389.6010334.2	96.000	50	2	0	8413	8462	1	50	1.67e-12	82.4
CFAV-KC_Cambodia_2015	SRA:SRX3113389.5975693.1	96.000	50	2	0	8985	9034	50	1	1.67e-12	82.4
CFAV-KC_Cambodia_2015	SRA:SRX3113389.3962884.2	96.000	50	2	0	3113	3162	50	1	1.67e-12	82.4
CFAV-KC_Cambodia_2015	SRA:SRX3113389.3771964.2	96.000	50	2	0	5779	5828	50	1	1.67e-12	82.4
CFAV-KC_Cambodia_2015	SRA:SRX3113389.16708419.2	100.000	43	0	0	1040	1082	1	43	6.01e-12	80.5
CFAV-KC_Cambodia_2015	SRA:SRX3113389.6010334.1	95.918	49	2	0	8615	8663	50	2	6.01e-12	80.5
CFAV-KC_Cambodia_2015	SRA:SRX3113389.18232235.1	95.833	48	2	0	4251	4298	1	48	2.16e-11	78.7
CFAV-KC_Cambodia_2015	SRA:SRX3113389.12068999.2	95.833	48	2	0	7456	7503	48	1	2.16e-11	78.7
CFAV-KC_Cambodia_2015	SRA:SRX3113389.25992812.2	94.000	50	3	0	8206	8255	1	50	7.78e-11	76.8
CFAV-KC_Cambodia_2015	SRA:SRX3113389.12823486.1	94.000	50	3	0	3022	3071	50	1	7.78e-11	76.8
CFAV-KC_Cambodia_2015	SRA:SRX3113389.12540805.1	94.000	50	3	0	8283	8332	50	1	7.78e-11	76.8
CFAV-KC_Cambodia_2015	SRA:SRX3113389.10336670.1	94.000	50	3	0	4246	4295	1	50	7.78e-11	76.8
CFAV-KC_Cambodia_2015	SRA:SRX3113389.7695663.2	94.000	50	3	0	4209	4258	1	50	7.78e-11	76.8
CFAV-KC_Cambodia_2015	SRA:SRX3113389.5975693.2	94.000	50	3	0	8820	8869	1	50	7.78e-11	76.8
CFAV-KC_Cambodia_2015	SRA:SRX3113389.24516439.1	93.750	48	3	0	3040	3087	48	1	1.01e-09	73.1
CFAV-KC_Cambodia_2015	SRA:SRX3113389.18710399.2	93.750	48	3	0	3040	3087	48	1	1.01e-09	73.1
CFAV-KC_Cambodia_2015	SRA:SRX3113389.10946140.2	93.750	48	3	0	3040	3087	48	1	1.01e-09	73.1
CFAV-KC_Cambodia_2015	SRA:SRX3113389.3352287.1	93.750	48	3	0	4405	4452	50	3	1.01e-09	73.1
CFAV-KC_Cambodia_2015	SRA:SRX3113389.18232235.2	92.000	50	4	0	4407	4456	50	1	3.62e-09	71.3
CFAV-KC_Cambodia_2015	SRA:SRX3113389.9255330.2	92.000	50	4	0	1828	1877	1	50	3.62e-09	71.3
CFAV-KC_Cambodia_2015	SRA:SRX3113389.6517737.2	91.489	47	4	0	3034	3080	1	47	1.68e-07	65.8
CFAV-Zik_Uganda_2016	SRA:SRX3113389.27049077.2	100.000	50	0	0	5502	5551	50	1	7.72e-16	93.5
CFAV-Zik_Uganda_2016	SRA:SRX3113389.27049077.1	100.000	50	0	0	5413	5462	1	50	7.72e-16	93.5
CFAV-Zik_Uganda_2016	SRA:SRX3113389.26722350.1	100.000	50	0	0	5134	5183	1	50	7.72e-16	93.5
CFAV-Zik_Uganda_2016	SRA:SRX3113389.26497059.2	100.000	50	0	0	2273	2322	50	1	7.72e-16	93.5
CFAV-Zik_Uganda_2016	SRA:SRX3113389.25904972.2	100.000	50	0	0	5257	5306	50	1	7.72e-16	93.5
CFAV-Zik_Uganda_2016	SRA:SRX3113389.23563674.2	100.000	50	0	0	2300	2349	50	1	7.72e-16	93.5
CFAV-Zik_Uganda_2016	SRA:SRX3113389.23244321.1	100.000	50	0	0	9780	9829	50	1	7.72e-16	93.5
CFAV-Zik_Uganda_2016	SRA:SRX3113389.19791246.1	100.000	50	0	0	8840	8889	1	50	7.72e-16	93.5
CFAV-Zik_Uganda_2016	SRA:SRX3113389.18710399.1	100.000	50	0	0	2779	2828	1	50	7.72e-16	93.5
CFAV-Zik_Uganda_2016	SRA:SRX3113389.16208969.1	100.000	50	0	0	2558	2607	50	1	7.72e-16	93.5
CFAV-Zik_Uganda_2016	SRA:SRX3113389.15711439.2	100.000	50	0	0	24	73	1	50	7.72e-16	93.5
CFAV-Zik_Uganda_2016	SRA:SRX3113389.12823486.1	100.000	50	0	0	3022	3071	50	1	7.72e-16	93.5
CFAV-Zik_Uganda_2016	SRA:SRX3113389.12775515.1	100.000	50	0	0	10602	10651	50	1	7.72e-16	93.5
CFAV-Zik_Uganda_2016	SRA:SRX3113389.12413124.1	100.000	50	0	0	7245	7294	1	50	7.72e-16	93.5
CFAV-Zik_Uganda_2016	SRA:SRX3113389.11984701.1	100.000	50	0	0	19	68	1	50	7.72e-16	93.5
CFAV-Zik_Uganda_2016	SRA:SRX3113389.11976397.1	100.000	50	0	0	3963	4012	1	50	7.72e-16	93.5
CFAV-Zik_Uganda_2016	SRA:SRX3113389.10522332.2	100.000	50	0	0	23	72	1	50	7.72e-16	93.5
CFAV-Zik_Uganda_2016	SRA:SRX3113389.10082545.1	100.000	50	0	0	7013	7062	1	50	7.72e-16	93.5
CFAV-Zik_Uganda_2016	SRA:SRX3113389.7659553.1	100.000	50	0	0	6200	6249	1	50	7.72e-16	93.5
CFAV-Zik_Uganda_2016	SRA:SRX3113389.6869657.2	100.000	50	0	0	5092	5141	1	50	7.72e-16	93.5
CFAV-Zik_Uganda_2016	SRA:SRX3113389.6010334.1	100.000	50	0	0	8615	8664	50	1	7.72e-16	93.5
CFAV-Zik_Uganda_2016	SRA:SRX3113389.5627399.2	100.000	50	0	0	6818	6867	50	1	7.72e-16	93.5
CFAV-Zik_Uganda_2016	SRA:SRX3113389.5627399.1	100.000	50	0	0	6615	6664	1	50	7.72e-16	93.5
CFAV-Zik_Uganda_2016	SRA:SRX3113389.5297151.1	100.000	50	0	0	6832	6881	50	1	7.72e-16	93.5
CFAV-Zik_Uganda_2016	SRA:SRX3113389.4675110.2	100.000	50	0	0	30	79	1	50	7.72e-16	93.5
CFAV-Zik_Uganda_2016	SRA:SRX3113389.3962884.1	100.000	50	0	0	3013	3062	1	50	7.72e-16	93.5
CFAV-Zik_Uganda_2016	SRA:SRX3113389.2637999.1	100.000	50	0	0	8213	8262	50	1	7.72e-16	93.5
CFAV-Zik_Uganda_2016	SRA:SRX3113389.16208969.2	100.000	49	0	0	2420	2468	1	49	2.78e-15	91.6
CFAV-Zik_Uganda_2016	SRA:SRX3113389.11393087.1	100.000	49	0	0	1220	1268	1	49	2.78e-15	91.6
CFAV-Zik_Uganda_2016	SRA:SRX3113389.9208283.1	100.000	49	0	0	2420	2468	1	49	2.78e-15	91.6
CFAV-Zik_Uganda_2016	SRA:SRX3113389.4898737.1	100.000	49	0	0	2420	2468	1	49	2.78e-15	91.6
CFAV-Zik_Uganda_2016	SRA:SRX3113389.26200827.2	100.000	48	0	0	6691	6738	48	1	9.99e-15	89.8
CFAV-Zik_Uganda_2016	SRA:SRX3113389.21435568.1	100.000	48	0	0	4944	4991	50	3	9.99e-15	89.8
CFAV-Zik_Uganda_2016	SRA:SRX3113389.19031947.2	100.000	48	0	0	5815	5862	48	1	9.99e-15	89.8
CFAV-Zik_Uganda_2016	SRA:SRX3113389.15318361.2	100.000	48	0	0	5815	5862	48	1	9.99e-15	89.8
CFAV-Zik_Uganda_2016	SRA:SRX3113389.6485475.1	100.000	48	0	0	3400	3447	3	50	9.99e-15	89.8
CFAV-Zik_Uganda_2016	SRA:SRX3113389.26200827.1	98.000	50	1	0	6287	6336	1	50	3.59e-14	87.9
CFAV-Zik_Uganda_2016	SRA:SRX3113389.25992812.2	98.000	50	1	0	8206	8255	1	50	3.59e-14	87.9
CFAV-Zik_Uganda_2016	SRA:SRX3113389.25210732.2	98.000	50	1	0	3624	3673	1	50	3.59e-14	87.9
CFAV-Zik_Uganda_2016	SRA:SRX3113389.24516439.1	98.000	50	1	0	3038	3087	50	1	3.59e-14	87.9
CFAV-Zik_Uganda_2016	SRA:SRX3113389.23648937.2	98.000	50	1	0	9795	9844	1	50	3.59e-14	87.9
CFAV-Zik_Uganda_2016	SRA:SRX3113389.23094452.2	98.000	50	1	0	1650	1699	1	50	3.59e-14	87.9
CFAV-Zik_Uganda_2016	SRA:SRX3113389.21248453.1	98.000	50	1	0	9802	9851	1	50	3.59e-14	87.9
CFAV-Zik_Uganda_2016	SRA:SRX3113389.20716133.2	98.000	50	1	0	7021	7070	1	50	3.59e-14	87.9
CFAV-Zik_Uganda_2016	SRA:SRX3113389.20716133.1	98.000	50	1	0	7120	7169	50	1	3.59e-14	87.9
CFAV-Zik_Uganda_2016	SRA:SRX3113389.20314046.2	98.000	50	1	0	10199	10248	1	50	3.59e-14	87.9
CFAV-Zik_Uganda_2016	SRA:SRX3113389.20002197.1	98.000	50	1	0	2324	2373	1	50	3.59e-14	87.9
CFAV-Zik_Uganda_2016	SRA:SRX3113389.19755190.2	98.000	50	1	0	7720	7769	1	50	3.59e-14	87.9
CFAV-Zik_Uganda_2016	SRA:SRX3113389.18710399.2	98.000	50	1	0	3038	3087	50	1	3.59e-14	87.9
CFAV-Zik_Uganda_2016	SRA:SRX3113389.17629634.2	98.000	50	1	0	56	105	1	50	3.59e-14	87.9
CFAV-Zik_Uganda_2016	SRA:SRX3113389.16451460.2	98.000	50	1	0	56	105	1	50	3.59e-14	87.9
CFAV-Zik_Uganda_2016	SRA:SRX3113389.16204049.2	98.000	50	1	0	2779	2828	1	50	3.59e-14	87.9
CFAV-Zik_Uganda_2016	SRA:SRX3113389.15565034.1	98.000	50	1	0	6899	6948	50	1	3.59e-14	87.9
CFAV-Zik_Uganda_2016	SRA:SRX3113389.14630164.2	98.000	50	1	0	9628	9677	50	1	3.59e-14	87.9
CFAV-Zik_Uganda_2016	SRA:SRX3113389.13599461.1	98.000	50	1	0	3098	3147	1	50	3.59e-14	87.9
CFAV-Zik_Uganda_2016	SRA:SRX3113389.12772961.2	98.000	50	1	0	9504	9553	50	1	3.59e-14	87.9
CFAV-Zik_Uganda_2016	SRA:SRX3113389.12540805.1	98.000	50	1	0	8283	8332	50	1	3.59e-14	87.9
CFAV-Zik_Uganda_2016	SRA:SRX3113389.12424763.1	98.000	50	1	0	8884	8933	50	1	3.59e-14	87.9
CFAV-Zik_Uganda_2016	SRA:SRX3113389.10946140.2	98.000	50	1	0	3038	3087	50	1	3.59e-14	87.9
CFAV-Zik_Uganda_2016	SRA:SRX3113389.9914009.2	98.000	50	1	0	6861	6910	1	50	3.59e-14	87.9
CFAV-Zik_Uganda_2016	SRA:SRX3113389.9680208.1	98.000	50	1	0	2567	2616	1	50	3.59e-14	87.9
CFAV-Zik_Uganda_2016	SRA:SRX3113389.9208283.2	98.000	50	1	0	2522	2571	50	1	3.59e-14	87.9
CFAV-Zik_Uganda_2016	SRA:SRX3113389.6869657.1	98.000	50	1	0	5360	5409	50	1	3.59e-14	87.9
CFAV-Zik_Uganda_2016	SRA:SRX3113389.6517737.2	98.000	50	1	0	3034	3083	1	50	3.59e-14	87.9
CFAV-Zik_Uganda_2016	SRA:SRX3113389.6310824.2	98.000	50	1	0	3890	3939	50	1	3.59e-14	87.9
CFAV-Zik_Uganda_2016	SRA:SRX3113389.6139058.1	100.000	47	0	0	9142	9188	47	1	3.59e-14	87.9
CFAV-Zik_Uganda_2016	SRA:SRX3113389.6095139.1	100.000	47	0	0	3610	3656	1	47	3.59e-14	87.9
CFAV-Zik_Uganda_2016	SRA:SRX3113389.4898737.2	98.000	50	1	0	2522	2571	50	1	3.59e-14	87.9
CFAV-Zik_Uganda_2016	SRA:SRX3113389.4615687.1	98.000	50	1	0	1105	1154	50	1	3.59e-14	87.9
CFAV-Zik_Uganda_2016	SRA:SRX3113389.4295020.2	98.000	50	1	0	7720	7769	1	50	3.59e-14	87.9
CFAV-Zik_Uganda_2016	SRA:SRX3113389.3936885.1	98.000	50	1	0	3095	3144	50	1	3.59e-14	87.9
CFAV-Zik_Uganda_2016	SRA:SRX3113389.3771964.1	98.000	50	1	0	5552	5601	1	50	3.59e-14	87.9
CFAV-Zik_Uganda_2016	SRA:SRX3113389.3557696.2	98.000	50	1	0	5009	5058	50	1	3.59e-14	87.9
CFAV-Zik_Uganda_2016	SRA:SRX3113389.3505756.2	98.000	50	1	0	7285	7334	50	1	3.59e-14	87.9
CFAV-Zik_Uganda_2016	SRA:SRX3113389.2637999.2	98.000	50	1	0	8004	8053	1	50	3.59e-14	87.9
CFAV-Zik_Uganda_2016	SRA:SRX3113389.2445027.2	98.000	50	1	0	9664	9713	1	50	3.59e-14	87.9
CFAV-Zik_Uganda_2016	SRA:SRX3113389.1559403.1	98.000	50	1	0	9665	9714	50	1	3.59e-14	87.9
CFAV-Zik_Uganda_2016	SRA:SRX3113389.631675.1	98.000	50	1	0	9504	9553	50	1	3.59e-14	87.9
CFAV-Zik_Uganda_2016	SRA:SRX3113389.19791246.2	97.959	49	1	0	8939	8987	49	1	1.29e-13	86.1
CFAV-Zik_Uganda_2016	SRA:SRX3113389.19230808.2	97.959	49	1	0	10280	10328	1	49	1.29e-13	86.1
CFAV-Zik_Uganda_2016	SRA:SRX3113389.12971613.1	97.959	49	1	0	7683	7731	50	2	1.29e-13	86.1
CFAV-Zik_Uganda_2016	SRA:SRX3113389.11195632.2	97.959	49	1	0	9630	9678	1	49	1.29e-13	86.1
CFAV-Zik_Uganda_2016	SRA:SRX3113389.10082545.2	97.959	49	1	0	7153	7201	49	1	1.29e-13	86.1
CFAV-Zik_Uganda_2016	SRA:SRX3113389.7659553.2	97.959	49	1	0	6713	6761	50	2	1.29e-13	86.1
CFAV-Zik_Uganda_2016	SRA:SRX3113389.3352287.1	97.959	49	1	0	4405	4453	50	2	1.29e-13	86.1
CFAV-Zik_Uganda_2016	SRA:SRX3113389.2445027.1	97.959	49	1	0	9909	9957	49	1	1.29e-13	86.1
CFAV-Zik_Uganda_2016	SRA:SRX3113389.23809806.2	97.917	48	1	0	3073	3120	3	50	4.65e-13	84.2
CFAV-Zik_Uganda_2016	SRA:SRX3113389.21106837.1	97.917	48	1	0	6713	6760	50	3	4.65e-13	84.2
CFAV-Zik_Uganda_2016	SRA:SRX3113389.16236690.1	97.917	48	1	0	4793	4840	48	1	4.65e-13	84.2
CFAV-Zik_Uganda_2016	SRA:SRX3113389.13337126.2	97.917	48	1	0	1018	1065	50	3	4.65e-13	84.2
CFAV-Zik_Uganda_2016	SRA:SRX3113389.13240066.1	97.917	48	1	0	1030	1077	48	1	4.65e-13	84.2
CFAV-Zik_Uganda_2016	SRA:SRX3113389.12971613.2	100.000	45	0	0	7479	7523	1	45	4.65e-13	84.2
CFAV-Zik_Uganda_2016	SRA:SRX3113389.12068999.2	97.917	48	1	0	7456	7503	48	1	4.65e-13	84.2
CFAV-Zik_Uganda_2016	SRA:SRX3113389.987426.2	97.917	48	1	0	799	846	48	1	4.65e-13	84.2
CFAV-Zik_Uganda_2016	SRA:SRX3113389.26722350.2	96.000	50	2	0	5204	5253	50	1	1.67e-12	82.4
CFAV-Zik_Uganda_2016	SRA:SRX3113389.24915010.2	96.000	50	2	0	6670	6719	1	50	1.67e-12	82.4
CFAV-Zik_Uganda_2016	SRA:SRX3113389.24662446.1	96.000	50	2	0	9576	9625	50	1	1.67e-12	82.4
CFAV-Zik_Uganda_2016	SRA:SRX3113389.23648937.1	96.000	50	2	0	10008	10057	50	1	1.67e-12	82.4
CFAV-Zik_Uganda_2016	SRA:SRX3113389.22992755.2	96.000	50	2	0	7390	7439	1	50	1.67e-12	82.4
CFAV-Zik_Uganda_2016	SRA:SRX3113389.21106837.2	96.000	50	2	0	6440	6489	1	50	1.67e-12	82.4
CFAV-Zik_Uganda_2016	SRA:SRX3113389.19225139.1	96.000	50	2	0	4120	4169	1	50	1.67e-12	82.4
CFAV-Zik_Uganda_2016	SRA:SRX3113389.19031947.1	96.000	50	2	0	5638	5687	1	50	1.67e-12	82.4
CFAV-Zik_Uganda_2016	SRA:SRX3113389.18372240.2	96.000	50	2	0	93	142	1	50	1.67e-12	82.4
CFAV-Zik_Uganda_2016	SRA:SRX3113389.18232235.2	96.000	50	2	0	4407	4456	50	1	1.67e-12	82.4
CFAV-Zik_Uganda_2016	SRA:SRX3113389.17664987.2	96.000	50	2	0	658	707	50	1	1.67e-12	82.4
CFAV-Zik_Uganda_2016	SRA:SRX3113389.17473013.2	96.000	50	2	0	4596	4645	1	50	1.67e-12	82.4
CFAV-Zik_Uganda_2016	SRA:SRX3113389.15318361.1	96.000	50	2	0	5638	5687	1	50	1.67e-12	82.4
CFAV-Zik_Uganda_2016	SRA:SRX3113389.13599461.2	96.000	50	2	0	3198	3247	50	1	1.67e-12	82.4
CFAV-Zik_Uganda_2016	SRA:SRX3113389.10060858.1	96.000	50	2	0	4120	4169	1	50	1.67e-12	82.4
CFAV-Zik_Uganda_2016	SRA:SRX3113389.9390251.1	96.000	50	2	0	4449	4498	1	50	1.67e-12	82.4
CFAV-Zik_Uganda_2016	SRA:SRX3113389.8696869.1	96.000	50	2	0	1709	1758	1	50	1.67e-12	82.4
CFAV-Zik_Uganda_2016	SRA:SRX3113389.7695663.1	96.000	50	2	0	4442	4491	50	1	1.67e-12	82.4
CFAV-Zik_Uganda_2016	SRA:SRX3113389.7463613.1	96.000	50	2	0	5639	5688	50	1	1.67e-12	82.4
CFAV-Zik_Uganda_2016	SRA:SRX3113389.6010334.2	96.000	50	2	0	8413	8462	1	50	1.67e-12	82.4
CFAV-Zik_Uganda_2016	SRA:SRX3113389.5975693.2	96.000	50	2	0	8820	8869	1	50	1.67e-12	82.4
CFAV-Zik_Uganda_2016	SRA:SRX3113389.4950421.1	96.000	50	2	0	1991	2040	50	1	1.67e-12	82.4
CFAV-Zik_Uganda_2016	SRA:SRX3113389.4592317.2	96.000	50	2	0	4441	4490	50	1	1.67e-12	82.4
CFAV-Zik_Uganda_2016	SRA:SRX3113389.3962884.2	96.000	50	2	0	3113	3162	50	1	1.67e-12	82.4
CFAV-Zik_Uganda_2016	SRA:SRX3113389.2099087.2	96.000	50	2	0	9576	9625	50	1	1.67e-12	82.4
CFAV-Zik_Uganda_2016	SRA:SRX3113389.1526252.2	96.000	50	2	0	4449	4498	1	50	1.67e-12	82.4
CFAV-Zik_Uganda_2016	SRA:SRX3113389.987426.1	96.000	50	2	0	540	589	1	50	1.67e-12	82.4
CFAV-Zik_Uganda_2016	SRA:SRX3113389.959999.1	96.000	50	2	0	7770	7819	1	50	1.67e-12	82.4
CFAV-Zik_Uganda_2016	SRA:SRX3113389.23809806.1	95.918	49	2	0	3250	3298	49	1	6.01e-12	80.5
CFAV-Zik_Uganda_2016	SRA:SRX3113389.15608252.1	95.833	48	2	0	1391	1438	48	1	2.16e-11	78.7
CFAV-Zik_Uganda_2016	SRA:SRX3113389.24585569.1	94.000	50	3	0	1492	1541	50	1	7.78e-11	76.8
CFAV-Zik_Uganda_2016	SRA:SRX3113389.20891440.1	94.000	50	3	0	248	297	50	1	7.78e-11	76.8
CFAV-Zik_Uganda_2016	SRA:SRX3113389.19749845.2	94.000	50	3	0	9123	9172	1	50	7.78e-11	76.8
CFAV-Zik_Uganda_2016	SRA:SRX3113389.12917435.2	94.000	50	3	0	9488	9537	1	50	7.78e-11	76.8
CFAV-Zik_Uganda_2016	SRA:SRX3113389.7463613.2	100.000	41	0	0	5424	5464	1	41	7.78e-11	76.8
CFAV-Zik_Uganda_2016	SRA:SRX3113389.24840568.2	97.674	43	1	0	2928	2970	43	1	2.80e-10	75.0
CFAV-Zik_Uganda_2016	SRA:SRX3113389.5297151.2	95.455	44	1	1	6760	6802	1	44	1.30e-08	69.4
