CFAV-Bangkok_Thailand_2015	SRA:SRX313438.22513314.1	100.000	31	0	0	4020	4050	31	1	5.31e-06	58.4
CFAV-Bangkok_Thailand_2015	SRA:SRX313438.13411358.1	100.000	30	0	0	4041	4070	30	1	1.91e-05	56.5
CFAV-Bangkok_Thailand_2015	SRA:SRX313438.29559465.1	96.875	32	0	1	3906	3936	32	1	2.47e-04	52.8
CFAV-Bangkok_Thailand_2015	SRA:SRX313438.25820552.1	100.000	28	0	0	4155	4182	28	1	2.47e-04	52.8
CFAV-Bangkok_Thailand_2015	SRA:SRX313438.15870870.1	100.000	28	0	0	3922	3949	28	1	2.47e-04	52.8
CFAV-Bangkok_Thailand_2015	SRA:SRX313438.11422448.1	100.000	28	0	0	4155	4182	28	1	2.47e-04	52.8
CFAV-Bangkok_Thailand_2015	SRA:SRX313438.4106710.1	96.875	32	0	1	3906	3936	32	1	2.47e-04	52.8
CFAV-Bangkok_Thailand_2015	SRA:SRX313438.438170.1	100.000	28	0	0	3922	3949	28	1	2.47e-04	52.8
NC_001564	SRA:SRX313438.22513314.1	100.000	30	0	0	4028	4057	30	1	1.91e-05	56.5
NC_001564	SRA:SRX313438.13411358.1	100.000	30	0	0	4048	4077	30	1	1.91e-05	56.5
NC_001564	SRA:SRX313438.33197673.1	100.000	29	0	0	7449	7477	1	29	6.88e-05	54.7
NC_001564	SRA:SRX313438.32458387.1	100.000	29	0	0	7449	7477	1	29	6.88e-05	54.7
NC_001564	SRA:SRX313438.30706152.1	100.000	29	0	0	7449	7477	1	29	6.88e-05	54.7
NC_001564	SRA:SRX313438.23007362.1	100.000	29	0	0	7449	7477	1	29	6.88e-05	54.7
NC_001564	SRA:SRX313438.12212655.1	100.000	29	0	0	7449	7477	1	29	6.88e-05	54.7
NC_001564	SRA:SRX313438.25820552.1	100.000	28	0	0	4162	4189	28	1	2.48e-04	52.8
NC_001564	SRA:SRX313438.11422448.1	100.000	28	0	0	4162	4189	28	1	2.48e-04	52.8
CFAV-Cairns_Australia_2014	SRA:SRX313438.22513314.1	100.000	30	0	0	4027	4056	30	1	1.91e-05	56.5
CFAV-Cairns_Australia_2014	SRA:SRX313438.13411358.1	100.000	30	0	0	4047	4076	30	1	1.91e-05	56.5
CFAV-Cairns_Australia_2014	SRA:SRX313438.33197673.1	100.000	29	0	0	7448	7476	1	29	6.88e-05	54.7
CFAV-Cairns_Australia_2014	SRA:SRX313438.32458387.1	100.000	29	0	0	7448	7476	1	29	6.88e-05	54.7
CFAV-Cairns_Australia_2014	SRA:SRX313438.30706152.1	100.000	29	0	0	7448	7476	1	29	6.88e-05	54.7
CFAV-Cairns_Australia_2014	SRA:SRX313438.23007362.1	100.000	29	0	0	7448	7476	1	29	6.88e-05	54.7
CFAV-Cairns_Australia_2014	SRA:SRX313438.12212655.1	100.000	29	0	0	7448	7476	1	29	6.88e-05	54.7
CFAV-Cairns_Australia_2014	SRA:SRX313438.25820552.1	100.000	28	0	0	4161	4188	28	1	2.48e-04	52.8
CFAV-Cairns_Australia_2014	SRA:SRX313438.11422448.1	100.000	28	0	0	4161	4188	28	1	2.48e-04	52.8
CFAV-Macapa2_Brazil_2017	SRA:SRX313438.13411358.1	100.000	30	0	0	4048	4077	30	1	1.91e-05	56.5
CFAV-KC_Cambodia_2015	SRA:SRX313438.22513314.1	100.000	30	0	0	4039	4068	30	1	1.92e-05	56.5
CFAV-KC_Cambodia_2015	SRA:SRX313438.13411358.1	100.000	30	0	0	4059	4088	30	1	1.92e-05	56.5
CFAV-KC_Cambodia_2015	SRA:SRX313438.25820552.1	100.000	28	0	0	4173	4200	28	1	2.48e-04	52.8
CFAV-KC_Cambodia_2015	SRA:SRX313438.15870870.1	100.000	28	0	0	3940	3967	28	1	2.48e-04	52.8
CFAV-KC_Cambodia_2015	SRA:SRX313438.11422448.1	100.000	28	0	0	4173	4200	28	1	2.48e-04	52.8
CFAV-KC_Cambodia_2015	SRA:SRX313438.438170.1	100.000	28	0	0	3940	3967	28	1	2.48e-04	52.8
CFAV-Zik_Uganda_2016	SRA:SRX313438.22513314.1	100.000	31	0	0	4038	4068	31	1	5.33e-06	58.4
CFAV-Zik_Uganda_2016	SRA:SRX313438.23821353.1	100.000	28	0	0	4230	4257	28	1	2.48e-04	52.8
