CFAV-Bangkok_Thailand_2015	SRA:SRX3852699.12014445.2	99.010	101	1	0	3660	3760	1	101	3.04e-42	182
CFAV-Bangkok_Thailand_2015	SRA:SRX3852699.12014445.1	97.030	101	3	0	3733	3833	101	1	6.59e-39	171
CFAV-Bangkok_Thailand_2015	SRA:SRX3852699.3737997.2	96.040	101	4	0	3718	3818	1	101	3.07e-37	165
CFAV-Bangkok_Thailand_2015	SRA:SRX3852699.3737997.1	96.040	101	4	0	3768	3868	101	1	3.07e-37	165
CFAV-Bangkok_Thailand_2015	SRA:SRX3852699.13522949.2	97.727	44	1	0	3865	3908	2	45	1.48e-10	76.8
NC_001564	SRA:SRX3852699.3737997.1	99.010	101	1	0	3775	3875	101	1	3.05e-42	182
NC_001564	SRA:SRX3852699.12014445.2	96.040	101	4	0	3667	3767	1	101	3.07e-37	165
NC_001564	SRA:SRX3852699.12014445.1	95.050	101	5	0	3740	3840	101	1	1.43e-35	159
NC_001564	SRA:SRX3852699.3737997.2	94.059	101	6	0	3725	3825	1	101	6.65e-34	154
NC_001564	SRA:SRX3852699.13522949.2	100.000	42	0	0	3871	3912	1	42	4.12e-11	78.7
CFAV-Cairns_Australia_2014	SRA:SRX3852699.12014445.2	100.000	101	0	0	3666	3766	1	101	6.56e-44	187
CFAV-Cairns_Australia_2014	SRA:SRX3852699.3737997.1	99.010	101	1	0	3774	3874	101	1	3.05e-42	182
CFAV-Cairns_Australia_2014	SRA:SRX3852699.12014445.1	98.020	101	2	0	3739	3839	101	1	1.42e-40	176
CFAV-Cairns_Australia_2014	SRA:SRX3852699.3737997.2	98.020	101	2	0	3724	3824	1	101	1.42e-40	176
CFAV-Cairns_Australia_2014	SRA:SRX3852699.13522949.2	100.000	45	0	0	3870	3914	1	45	8.85e-13	84.2
CFAV-Macapa2_Brazil_2017	SRA:SRX3852699.12014445.2	98.020	101	2	0	3667	3767	1	101	1.42e-40	176
CFAV-Macapa2_Brazil_2017	SRA:SRX3852699.3737997.2	98.020	101	2	0	3725	3825	1	101	1.42e-40	176
CFAV-Macapa2_Brazil_2017	SRA:SRX3852699.3737997.1	98.020	101	2	0	3775	3875	101	1	1.42e-40	176
CFAV-Macapa2_Brazil_2017	SRA:SRX3852699.12014445.1	97.030	101	3	0	3740	3840	101	1	6.60e-39	171
CFAV-Macapa2_Brazil_2017	SRA:SRX3852699.13522949.2	97.778	45	1	0	3871	3915	1	45	4.12e-11	78.7
CFAV-KC_Cambodia_2015	SRA:SRX3852699.12014445.2	100.000	101	0	0	3678	3778	1	101	6.57e-44	187
CFAV-KC_Cambodia_2015	SRA:SRX3852699.12014445.1	98.020	101	2	0	3751	3851	101	1	1.42e-40	176
CFAV-KC_Cambodia_2015	SRA:SRX3852699.3737997.2	98.020	101	2	0	3736	3836	1	101	1.42e-40	176
CFAV-KC_Cambodia_2015	SRA:SRX3852699.3737997.1	98.020	101	2	0	3786	3886	101	1	1.42e-40	176
CFAV-Zik_Uganda_2016	SRA:SRX3852699.12014445.2	100.000	101	0	0	3678	3778	1	101	6.57e-44	187
CFAV-Zik_Uganda_2016	SRA:SRX3852699.12014445.1	98.020	101	2	0	3751	3851	101	1	1.42e-40	176
CFAV-Zik_Uganda_2016	SRA:SRX3852699.3737997.2	98.020	101	2	0	3736	3836	1	101	1.42e-40	176
CFAV-Zik_Uganda_2016	SRA:SRX3852699.3737997.1	98.020	101	2	0	3786	3886	101	1	1.42e-40	176
CFAV-Zik_Uganda_2016	SRA:SRX3852699.13522949.2	100.000	45	0	0	3882	3926	1	45	8.86e-13	84.2
