CFAV-Bangkok_Thailand_2015	SRA:SRX313450.40046304.1	100.000	30	0	0	4041	4070	30	1	2.14e-05	56.5
CFAV-Bangkok_Thailand_2015	SRA:SRX313450.30952954.1	100.000	30	0	0	4022	4051	30	1	2.14e-05	56.5
CFAV-Bangkok_Thailand_2015	SRA:SRX313450.22009186.1	100.000	30	0	0	3925	3954	30	1	2.14e-05	56.5
CFAV-Bangkok_Thailand_2015	SRA:SRX313450.15081429.1	100.000	30	0	0	8680	8709	1	30	2.14e-05	56.5
CFAV-Bangkok_Thailand_2015	SRA:SRX313450.15058169.1	100.000	30	0	0	8680	8709	1	30	2.14e-05	56.5
CFAV-Bangkok_Thailand_2015	SRA:SRX313450.13281569.1	100.000	30	0	0	3925	3954	30	1	2.14e-05	56.5
CFAV-Bangkok_Thailand_2015	SRA:SRX313450.5940150.1	100.000	30	0	0	8680	8709	1	30	2.14e-05	56.5
CFAV-Bangkok_Thailand_2015	SRA:SRX313450.34953998.1	96.970	33	0	1	3906	3937	33	1	7.69e-05	54.7
CFAV-Bangkok_Thailand_2015	SRA:SRX313450.30886123.1	96.970	33	0	1	3906	3937	33	1	7.69e-05	54.7
CFAV-Bangkok_Thailand_2015	SRA:SRX313450.27965493.1	96.970	33	0	1	3906	3937	33	1	7.69e-05	54.7
CFAV-Bangkok_Thailand_2015	SRA:SRX313450.24781085.1	96.970	33	0	1	3906	3937	33	1	7.69e-05	54.7
CFAV-Bangkok_Thailand_2015	SRA:SRX313450.22266295.1	96.970	33	0	1	3906	3937	33	1	7.69e-05	54.7
CFAV-Bangkok_Thailand_2015	SRA:SRX313450.10085970.1	100.000	29	0	0	4154	4182	29	1	7.69e-05	54.7
CFAV-Bangkok_Thailand_2015	SRA:SRX313450.4004999.1	96.970	33	0	1	3906	3937	33	1	7.69e-05	54.7
CFAV-Bangkok_Thailand_2015	SRA:SRX313450.1232951.1	100.000	29	0	0	3909	3937	29	1	7.69e-05	54.7
CFAV-Bangkok_Thailand_2015	SRA:SRX313450.39929257.1	100.000	28	0	0	3582	3609	28	1	2.77e-04	52.8
CFAV-Bangkok_Thailand_2015	SRA:SRX313450.36249030.1	100.000	28	0	0	3582	3609	28	1	2.77e-04	52.8
CFAV-Bangkok_Thailand_2015	SRA:SRX313450.35135361.1	100.000	28	0	0	3582	3609	28	1	2.77e-04	52.8
NC_001564	SRA:SRX313450.40046304.1	100.000	30	0	0	4048	4077	30	1	2.14e-05	56.5
NC_001564	SRA:SRX313450.30952954.1	100.000	30	0	0	4029	4058	30	1	2.14e-05	56.5
NC_001564	SRA:SRX313450.32003749.1	100.000	29	0	0	4065	4093	29	1	7.71e-05	54.7
NC_001564	SRA:SRX313450.11870857.1	100.000	29	0	0	4065	4093	29	1	7.71e-05	54.7
NC_001564	SRA:SRX313450.10085970.1	100.000	29	0	0	4161	4189	29	1	7.71e-05	54.7
NC_001564	SRA:SRX313450.39929257.1	100.000	28	0	0	3589	3616	28	1	2.77e-04	52.8
NC_001564	SRA:SRX313450.36249030.1	100.000	28	0	0	3589	3616	28	1	2.77e-04	52.8
NC_001564	SRA:SRX313450.35135361.1	100.000	28	0	0	3589	3616	28	1	2.77e-04	52.8
CFAV-Cairns_Australia_2014	SRA:SRX313450.40046304.1	100.000	30	0	0	4047	4076	30	1	2.14e-05	56.5
CFAV-Cairns_Australia_2014	SRA:SRX313450.30952954.1	100.000	30	0	0	4028	4057	30	1	2.14e-05	56.5
CFAV-Cairns_Australia_2014	SRA:SRX313450.32003749.1	100.000	29	0	0	4064	4092	29	1	7.71e-05	54.7
CFAV-Cairns_Australia_2014	SRA:SRX313450.11870857.1	100.000	29	0	0	4064	4092	29	1	7.71e-05	54.7
CFAV-Cairns_Australia_2014	SRA:SRX313450.10085970.1	100.000	29	0	0	4160	4188	29	1	7.71e-05	54.7
CFAV-Cairns_Australia_2014	SRA:SRX313450.39929257.1	100.000	28	0	0	3588	3615	28	1	2.77e-04	52.8
CFAV-Cairns_Australia_2014	SRA:SRX313450.36249030.1	100.000	28	0	0	3588	3615	28	1	2.77e-04	52.8
CFAV-Cairns_Australia_2014	SRA:SRX313450.35135361.1	100.000	28	0	0	3588	3615	28	1	2.77e-04	52.8
CFAV-Macapa2_Brazil_2017	SRA:SRX313450.40046304.1	100.000	30	0	0	4048	4077	30	1	2.14e-05	56.5
CFAV-Macapa2_Brazil_2017	SRA:SRX313450.39929257.1	100.000	28	0	0	3589	3616	28	1	2.77e-04	52.8
CFAV-Macapa2_Brazil_2017	SRA:SRX313450.36249030.1	100.000	28	0	0	3589	3616	28	1	2.77e-04	52.8
CFAV-Macapa2_Brazil_2017	SRA:SRX313450.35135361.1	100.000	28	0	0	3589	3616	28	1	2.77e-04	52.8
CFAV-Macapa2_Brazil_2017	SRA:SRX313450.17941969.1	100.000	27	0	0	4202	4228	27	1	0.001	51.0
CFAV-KC_Cambodia_2015	SRA:SRX313450.40046304.1	100.000	30	0	0	4059	4088	30	1	2.15e-05	56.5
CFAV-KC_Cambodia_2015	SRA:SRX313450.30952954.1	100.000	30	0	0	4040	4069	30	1	2.15e-05	56.5
CFAV-KC_Cambodia_2015	SRA:SRX313450.22009186.1	100.000	30	0	0	3943	3972	30	1	2.15e-05	56.5
CFAV-KC_Cambodia_2015	SRA:SRX313450.13281569.1	100.000	30	0	0	3943	3972	30	1	2.15e-05	56.5
CFAV-KC_Cambodia_2015	SRA:SRX313450.32003749.1	100.000	29	0	0	4076	4104	29	1	7.72e-05	54.7
CFAV-KC_Cambodia_2015	SRA:SRX313450.11870857.1	100.000	29	0	0	4076	4104	29	1	7.72e-05	54.7
CFAV-KC_Cambodia_2015	SRA:SRX313450.10085970.1	100.000	29	0	0	4172	4200	29	1	7.72e-05	54.7
CFAV-KC_Cambodia_2015	SRA:SRX313450.39929257.1	100.000	28	0	0	3600	3627	28	1	2.78e-04	52.8
CFAV-KC_Cambodia_2015	SRA:SRX313450.36249030.1	100.000	28	0	0	3600	3627	28	1	2.78e-04	52.8
CFAV-KC_Cambodia_2015	SRA:SRX313450.35135361.1	100.000	28	0	0	3600	3627	28	1	2.78e-04	52.8
CFAV-Zik_Uganda_2016	SRA:SRX313450.30952954.1	100.000	30	0	0	4040	4069	30	1	2.15e-05	56.5
CFAV-Zik_Uganda_2016	SRA:SRX313450.30039806.1	100.000	30	0	0	4228	4257	30	1	2.15e-05	56.5
CFAV-Zik_Uganda_2016	SRA:SRX313450.3666224.1	100.000	29	0	0	4229	4257	29	1	7.72e-05	54.7
CFAV-Zik_Uganda_2016	SRA:SRX313450.39929257.1	100.000	28	0	0	3600	3627	28	1	2.78e-04	52.8
CFAV-Zik_Uganda_2016	SRA:SRX313450.36249030.1	100.000	28	0	0	3600	3627	28	1	2.78e-04	52.8
CFAV-Zik_Uganda_2016	SRA:SRX313450.35135361.1	100.000	28	0	0	3600	3627	28	1	2.78e-04	52.8
CFAV-Zik_Uganda_2016	SRA:SRX313450.23682338.1	100.000	28	0	0	4230	4257	28	1	2.78e-04	52.8
CFAV-Zik_Uganda_2016	SRA:SRX313450.14966441.1	100.000	28	0	0	4230	4257	28	1	2.78e-04	52.8
CFAV-Zik_Uganda_2016	SRA:SRX313450.17941969.1	100.000	27	0	0	4213	4239	27	1	0.001	51.0
