CFAV-Bangkok_Thailand_2015	SRA:SRX3852697.9469770.2	98.000	100	2	0	3582	3681	100	1	6.12e-40	174
CFAV-Bangkok_Thailand_2015	SRA:SRX3852697.9747384.2	97.030	101	3	0	3690	3790	101	1	7.91e-39	171
CFAV-Bangkok_Thailand_2015	SRA:SRX3852697.9747384.1	96.040	101	4	0	3597	3697	1	101	3.68e-37	165
CFAV-Bangkok_Thailand_2015	SRA:SRX3852697.9469770.1	97.059	68	2	0	3578	3645	34	101	3.76e-22	115
CFAV-Bangkok_Thailand_2015	SRA:SRX3852697.13443623.2	97.222	36	1	0	3578	3613	36	1	4.97e-06	62.1
NC_001564	SRA:SRX3852697.9469770.2	98.000	100	2	0	3589	3688	100	1	6.13e-40	174
NC_001564	SRA:SRX3852697.9747384.1	96.040	101	4	0	3604	3704	1	101	3.69e-37	165
NC_001564	SRA:SRX3852697.9747384.2	94.059	101	6	0	3697	3797	101	1	7.98e-34	154
NC_001564	SRA:SRX3852697.9469770.1	97.059	68	2	0	3585	3652	34	101	3.77e-22	115
NC_001564	SRA:SRX3852697.13443623.2	97.222	36	1	0	3585	3620	36	1	4.98e-06	62.1
CFAV-Cairns_Australia_2014	SRA:SRX3852697.9747384.2	98.020	101	2	0	3696	3796	101	1	1.70e-40	176
CFAV-Cairns_Australia_2014	SRA:SRX3852697.9469770.2	98.000	100	2	0	3588	3687	100	1	6.13e-40	174
CFAV-Cairns_Australia_2014	SRA:SRX3852697.9747384.1	96.040	101	4	0	3603	3703	1	101	3.69e-37	165
CFAV-Cairns_Australia_2014	SRA:SRX3852697.9469770.1	97.059	68	2	0	3584	3651	34	101	3.77e-22	115
CFAV-Cairns_Australia_2014	SRA:SRX3852697.13443623.2	97.222	36	1	0	3584	3619	36	1	4.98e-06	62.1
CFAV-Macapa2_Brazil_2017	SRA:SRX3852697.9747384.2	98.020	101	2	0	3697	3797	101	1	1.70e-40	176
CFAV-Macapa2_Brazil_2017	SRA:SRX3852697.9469770.2	98.000	100	2	0	3589	3688	100	1	6.13e-40	174
CFAV-Macapa2_Brazil_2017	SRA:SRX3852697.9747384.1	96.040	101	4	0	3604	3704	1	101	3.69e-37	165
CFAV-Macapa2_Brazil_2017	SRA:SRX3852697.9469770.1	98.462	65	1	0	3585	3649	34	98	3.77e-22	115
CFAV-Macapa2_Brazil_2017	SRA:SRX3852697.13443623.2	97.222	36	1	0	3585	3620	36	1	4.98e-06	62.1
CFAV-KC_Cambodia_2015	SRA:SRX3852697.9747384.2	99.010	101	1	0	3708	3808	101	1	3.67e-42	182
CFAV-KC_Cambodia_2015	SRA:SRX3852697.9469770.2	98.000	100	2	0	3600	3699	100	1	6.14e-40	174
CFAV-KC_Cambodia_2015	SRA:SRX3852697.9747384.1	96.040	101	4	0	3615	3715	1	101	3.69e-37	165
CFAV-KC_Cambodia_2015	SRA:SRX3852697.9469770.1	97.059	68	2	0	3596	3663	34	101	3.77e-22	115
CFAV-KC_Cambodia_2015	SRA:SRX3852697.13443623.2	97.222	36	1	0	3596	3631	36	1	4.99e-06	62.1
CFAV-Zik_Uganda_2016	SRA:SRX3852697.9469770.2	100.000	100	0	0	3600	3699	100	1	2.84e-43	185
CFAV-Zik_Uganda_2016	SRA:SRX3852697.9747384.2	99.010	101	1	0	3708	3808	101	1	3.67e-42	182
CFAV-Zik_Uganda_2016	SRA:SRX3852697.9747384.1	98.020	101	2	0	3615	3715	1	101	1.71e-40	176
CFAV-Zik_Uganda_2016	SRA:SRX3852697.9469770.1	98.529	68	1	0	3596	3663	34	101	8.11e-24	121
CFAV-Zik_Uganda_2016	SRA:SRX3852697.13443623.2	97.222	36	1	0	3596	3631	36	1	4.99e-06	62.1
