CFAV-Bangkok_Thailand_2015	SRA:SRX3113387.25598828.2	100.000	50	0	0	9124	9173	1	50	7.28e-16	93.5
CFAV-Bangkok_Thailand_2015	SRA:SRX3113387.24606484.1	100.000	50	0	0	543	592	1	50	7.28e-16	93.5
CFAV-Bangkok_Thailand_2015	SRA:SRX3113387.24449141.1	100.000	50	0	0	1036	1085	1	50	7.28e-16	93.5
CFAV-Bangkok_Thailand_2015	SRA:SRX3113387.21283509.2	100.000	50	0	0	4461	4510	1	50	7.28e-16	93.5
CFAV-Bangkok_Thailand_2015	SRA:SRX3113387.20962660.1	100.000	50	0	0	1720	1769	1	50	7.28e-16	93.5
CFAV-Bangkok_Thailand_2015	SRA:SRX3113387.15594032.1	100.000	50	0	0	9753	9802	1	50	7.28e-16	93.5
CFAV-Bangkok_Thailand_2015	SRA:SRX3113387.13244892.1	100.000	50	0	0	3591	3640	50	1	7.28e-16	93.5
CFAV-Bangkok_Thailand_2015	SRA:SRX3113387.12473985.2	100.000	50	0	0	7539	7588	50	1	7.28e-16	93.5
CFAV-Bangkok_Thailand_2015	SRA:SRX3113387.11121613.2	100.000	50	0	0	3753	3802	50	1	7.28e-16	93.5
CFAV-Bangkok_Thailand_2015	SRA:SRX3113387.8960305.2	100.000	50	0	0	3934	3983	50	1	7.28e-16	93.5
CFAV-Bangkok_Thailand_2015	SRA:SRX3113387.6296989.2	100.000	50	0	0	3594	3643	50	1	7.28e-16	93.5
CFAV-Bangkok_Thailand_2015	SRA:SRX3113387.5382368.1	100.000	50	0	0	10028	10077	50	1	7.28e-16	93.5
CFAV-Bangkok_Thailand_2015	SRA:SRX3113387.5359043.2	100.000	50	0	0	7646	7695	50	1	7.28e-16	93.5
CFAV-Bangkok_Thailand_2015	SRA:SRX3113387.5246613.2	100.000	50	0	0	9133	9182	1	50	7.28e-16	93.5
CFAV-Bangkok_Thailand_2015	SRA:SRX3113387.4044913.1	100.000	50	0	0	7641	7690	50	1	7.28e-16	93.5
CFAV-Bangkok_Thailand_2015	SRA:SRX3113387.10148274.1	100.000	49	0	0	7159	7207	50	2	2.62e-15	91.6
CFAV-Bangkok_Thailand_2015	SRA:SRX3113387.25071064.2	100.000	48	0	0	4798	4845	3	50	9.42e-15	89.8
CFAV-Bangkok_Thailand_2015	SRA:SRX3113387.13244892.2	100.000	48	0	0	3287	3334	3	50	9.42e-15	89.8
CFAV-Bangkok_Thailand_2015	SRA:SRX3113387.11326069.1	100.000	48	0	0	3759	3806	50	3	9.42e-15	89.8
CFAV-Bangkok_Thailand_2015	SRA:SRX3113387.25598828.1	98.000	50	1	0	9331	9380	50	1	3.39e-14	87.9
CFAV-Bangkok_Thailand_2015	SRA:SRX3113387.25354782.2	98.000	50	1	0	3345	3394	1	50	3.39e-14	87.9
CFAV-Bangkok_Thailand_2015	SRA:SRX3113387.25354782.1	98.000	50	1	0	3565	3614	50	1	3.39e-14	87.9
CFAV-Bangkok_Thailand_2015	SRA:SRX3113387.24906380.1	98.000	50	1	0	7168	7217	50	1	3.39e-14	87.9
CFAV-Bangkok_Thailand_2015	SRA:SRX3113387.23204196.2	98.000	50	1	0	3345	3394	1	50	3.39e-14	87.9
CFAV-Bangkok_Thailand_2015	SRA:SRX3113387.23204196.1	98.000	50	1	0	3565	3614	50	1	3.39e-14	87.9
CFAV-Bangkok_Thailand_2015	SRA:SRX3113387.22840611.1	98.000	50	1	0	3271	3320	50	1	3.39e-14	87.9
CFAV-Bangkok_Thailand_2015	SRA:SRX3113387.21705037.2	98.000	50	1	0	3048	3097	50	1	3.39e-14	87.9
CFAV-Bangkok_Thailand_2015	SRA:SRX3113387.21705037.1	98.000	50	1	0	2754	2803	1	50	3.39e-14	87.9
CFAV-Bangkok_Thailand_2015	SRA:SRX3113387.21197823.2	98.000	50	1	0	10348	10397	1	50	3.39e-14	87.9
CFAV-Bangkok_Thailand_2015	SRA:SRX3113387.21028909.1	98.000	50	1	0	5908	5957	50	1	3.39e-14	87.9
CFAV-Bangkok_Thailand_2015	SRA:SRX3113387.19470951.2	98.000	50	1	0	4675	4724	50	1	3.39e-14	87.9
CFAV-Bangkok_Thailand_2015	SRA:SRX3113387.19006971.1	98.000	50	1	0	6828	6877	1	50	3.39e-14	87.9
CFAV-Bangkok_Thailand_2015	SRA:SRX3113387.18497828.2	98.000	50	1	0	3978	4027	1	50	3.39e-14	87.9
CFAV-Bangkok_Thailand_2015	SRA:SRX3113387.17803422.1	98.000	50	1	0	5506	5555	1	50	3.39e-14	87.9
CFAV-Bangkok_Thailand_2015	SRA:SRX3113387.17318409.2	98.000	50	1	0	3565	3614	50	1	3.39e-14	87.9
CFAV-Bangkok_Thailand_2015	SRA:SRX3113387.17318409.1	98.000	50	1	0	3345	3394	1	50	3.39e-14	87.9
CFAV-Bangkok_Thailand_2015	SRA:SRX3113387.17106292.1	98.000	50	1	0	2375	2424	1	50	3.39e-14	87.9
CFAV-Bangkok_Thailand_2015	SRA:SRX3113387.16430424.1	98.000	50	1	0	8420	8469	1	50	3.39e-14	87.9
CFAV-Bangkok_Thailand_2015	SRA:SRX3113387.14130262.2	98.000	50	1	0	2532	2581	1	50	3.39e-14	87.9
CFAV-Bangkok_Thailand_2015	SRA:SRX3113387.11869504.2	98.000	50	1	0	9328	9377	1	50	3.39e-14	87.9
CFAV-Bangkok_Thailand_2015	SRA:SRX3113387.11447660.1	98.000	50	1	0	2847	2896	50	1	3.39e-14	87.9
CFAV-Bangkok_Thailand_2015	SRA:SRX3113387.10585362.2	98.000	50	1	0	10066	10115	50	1	3.39e-14	87.9
CFAV-Bangkok_Thailand_2015	SRA:SRX3113387.9753672.2	98.000	50	1	0	2588	2637	1	50	3.39e-14	87.9
CFAV-Bangkok_Thailand_2015	SRA:SRX3113387.9326910.1	98.000	50	1	0	14	63	1	50	3.39e-14	87.9
CFAV-Bangkok_Thailand_2015	SRA:SRX3113387.7669736.2	100.000	47	0	0	8917	8963	1	47	3.39e-14	87.9
CFAV-Bangkok_Thailand_2015	SRA:SRX3113387.6467087.2	98.000	50	1	0	5023	5072	1	50	3.39e-14	87.9
CFAV-Bangkok_Thailand_2015	SRA:SRX3113387.5866399.1	98.000	50	1	0	9230	9279	50	1	3.39e-14	87.9
CFAV-Bangkok_Thailand_2015	SRA:SRX3113387.5284965.2	98.000	50	1	0	7579	7628	1	50	3.39e-14	87.9
CFAV-Bangkok_Thailand_2015	SRA:SRX3113387.3831178.2	98.000	50	1	0	4486	4535	50	1	3.39e-14	87.9
CFAV-Bangkok_Thailand_2015	SRA:SRX3113387.3266250.1	98.000	50	1	0	2965	3014	1	50	3.39e-14	87.9
CFAV-Bangkok_Thailand_2015	SRA:SRX3113387.3261520.2	98.000	50	1	0	10364	10413	1	50	3.39e-14	87.9
CFAV-Bangkok_Thailand_2015	SRA:SRX3113387.3051492.2	98.000	50	1	0	8321	8370	50	1	3.39e-14	87.9
CFAV-Bangkok_Thailand_2015	SRA:SRX3113387.241330.2	100.000	47	0	0	7570	7616	1	47	3.39e-14	87.9
CFAV-Bangkok_Thailand_2015	SRA:SRX3113387.241330.1	98.000	50	1	0	7726	7775	50	1	3.39e-14	87.9
CFAV-Bangkok_Thailand_2015	SRA:SRX3113387.6288282.1	97.917	48	1	0	5509	5556	3	50	4.38e-13	84.2
CFAV-Bangkok_Thailand_2015	SRA:SRX3113387.4030176.1	97.917	48	1	0	5509	5556	3	50	4.38e-13	84.2
CFAV-Bangkok_Thailand_2015	SRA:SRX3113387.25071064.1	96.000	50	2	0	5055	5104	50	1	1.58e-12	82.4
CFAV-Bangkok_Thailand_2015	SRA:SRX3113387.23858247.1	96.000	50	2	0	5716	5765	1	50	1.58e-12	82.4
CFAV-Bangkok_Thailand_2015	SRA:SRX3113387.21341384.1	96.000	50	2	0	4882	4931	50	1	1.58e-12	82.4
CFAV-Bangkok_Thailand_2015	SRA:SRX3113387.21197823.1	96.000	50	2	0	10467	10516	50	1	1.58e-12	82.4
CFAV-Bangkok_Thailand_2015	SRA:SRX3113387.21028909.2	96.000	50	2	0	5497	5546	1	50	1.58e-12	82.4
CFAV-Bangkok_Thailand_2015	SRA:SRX3113387.20962660.2	96.000	50	2	0	1949	1998	50	1	1.58e-12	82.4
CFAV-Bangkok_Thailand_2015	SRA:SRX3113387.19674560.1	96.000	50	2	0	2925	2974	50	1	1.58e-12	82.4
CFAV-Bangkok_Thailand_2015	SRA:SRX3113387.11447660.2	96.000	50	2	0	2777	2826	1	50	1.58e-12	82.4
CFAV-Bangkok_Thailand_2015	SRA:SRX3113387.10368497.1	96.000	50	2	0	162	211	1	50	1.58e-12	82.4
CFAV-Bangkok_Thailand_2015	SRA:SRX3113387.10148274.2	96.000	50	2	0	6894	6943	1	50	1.58e-12	82.4
CFAV-Bangkok_Thailand_2015	SRA:SRX3113387.7814359.1	96.000	50	2	0	4894	4943	1	50	1.58e-12	82.4
CFAV-Bangkok_Thailand_2015	SRA:SRX3113387.6816251.1	96.000	50	2	0	5716	5765	1	50	1.58e-12	82.4
CFAV-Bangkok_Thailand_2015	SRA:SRX3113387.6296989.1	96.000	50	2	0	3456	3505	1	50	1.58e-12	82.4
CFAV-Bangkok_Thailand_2015	SRA:SRX3113387.5382368.2	96.000	50	2	0	9834	9883	1	50	1.58e-12	82.4
CFAV-Bangkok_Thailand_2015	SRA:SRX3113387.5246613.1	96.000	50	2	0	9324	9373	50	1	1.58e-12	82.4
CFAV-Bangkok_Thailand_2015	SRA:SRX3113387.3261520.1	96.000	50	2	0	10469	10518	50	1	1.58e-12	82.4
CFAV-Bangkok_Thailand_2015	SRA:SRX3113387.6467087.1	95.918	49	2	0	5110	5158	50	2	5.67e-12	80.5
CFAV-Bangkok_Thailand_2015	SRA:SRX3113387.5284965.1	100.000	43	0	0	7554	7596	43	1	5.67e-12	80.5
CFAV-Bangkok_Thailand_2015	SRA:SRX3113387.23530603.1	95.833	48	2	0	6346	6393	3	50	2.04e-11	78.7
CFAV-Bangkok_Thailand_2015	SRA:SRX3113387.18497828.1	95.833	48	2	0	4426	4473	48	1	2.04e-11	78.7
CFAV-Bangkok_Thailand_2015	SRA:SRX3113387.11894046.2	94.000	50	3	0	10209	10258	50	1	7.33e-11	76.8
CFAV-Bangkok_Thailand_2015	SRA:SRX3113387.11307482.1	94.000	50	3	0	8545	8594	1	50	7.33e-11	76.8
CFAV-Bangkok_Thailand_2015	SRA:SRX3113387.8960305.1	94.000	50	3	0	3696	3745	1	50	7.33e-11	76.8
CFAV-Bangkok_Thailand_2015	SRA:SRX3113387.3831178.1	94.000	50	3	0	4324	4373	1	50	7.33e-11	76.8
CFAV-Bangkok_Thailand_2015	SRA:SRX3113387.91606.2	94.000	50	3	0	8875	8924	1	50	7.33e-11	76.8
CFAV-Bangkok_Thailand_2015	SRA:SRX3113387.7113066.1	97.436	39	1	0	10320	10358	1	39	4.41e-08	67.6
CFAV-Bangkok_Thailand_2015	SRA:SRX3113387.21585516.1	100.000	33	0	0	1611	1643	16	48	2.05e-06	62.1
CFAV-Bangkok_Thailand_2015	SRA:SRX3113387.23530603.2	94.737	38	1	1	6401	6438	50	14	2.66e-05	58.4
NC_001564	SRA:SRX3113387.25598828.2	100.000	50	0	0	9131	9180	1	50	7.29e-16	93.5
NC_001564	SRA:SRX3113387.25598828.1	100.000	50	0	0	9338	9387	50	1	7.29e-16	93.5
NC_001564	SRA:SRX3113387.25354782.2	100.000	50	0	0	3352	3401	1	50	7.29e-16	93.5
NC_001564	SRA:SRX3113387.25071064.2	100.000	50	0	0	4803	4852	1	50	7.29e-16	93.5
NC_001564	SRA:SRX3113387.25071064.1	100.000	50	0	0	5062	5111	50	1	7.29e-16	93.5
NC_001564	SRA:SRX3113387.24906380.2	100.000	50	0	0	7037	7086	1	50	7.29e-16	93.5
NC_001564	SRA:SRX3113387.24906380.1	100.000	50	0	0	7175	7224	50	1	7.29e-16	93.5
NC_001564	SRA:SRX3113387.24885424.2	100.000	50	0	0	8485	8534	1	50	7.29e-16	93.5
NC_001564	SRA:SRX3113387.24865529.2	100.000	50	0	0	5851	5900	1	50	7.29e-16	93.5
NC_001564	SRA:SRX3113387.24865529.1	100.000	50	0	0	6033	6082	50	1	7.29e-16	93.5
NC_001564	SRA:SRX3113387.24716391.2	100.000	50	0	0	8660	8709	50	1	7.29e-16	93.5
NC_001564	SRA:SRX3113387.24716391.1	100.000	50	0	0	8452	8501	1	50	7.29e-16	93.5
NC_001564	SRA:SRX3113387.24606484.2	100.000	50	0	0	738	787	50	1	7.29e-16	93.5
NC_001564	SRA:SRX3113387.24449141.2	100.000	50	0	0	1171	1220	50	1	7.29e-16	93.5
NC_001564	SRA:SRX3113387.24449141.1	100.000	50	0	0	1043	1092	1	50	7.29e-16	93.5
NC_001564	SRA:SRX3113387.23936478.2	100.000	50	0	0	1846	1895	1	50	7.29e-16	93.5
NC_001564	SRA:SRX3113387.23858247.1	100.000	50	0	0	5723	5772	1	50	7.29e-16	93.5
NC_001564	SRA:SRX3113387.23733335.1	100.000	50	0	0	1846	1895	1	50	7.29e-16	93.5
NC_001564	SRA:SRX3113387.23204196.2	100.000	50	0	0	3352	3401	1	50	7.29e-16	93.5
NC_001564	SRA:SRX3113387.22840611.2	100.000	50	0	0	3017	3066	1	50	7.29e-16	93.5
NC_001564	SRA:SRX3113387.22840611.1	100.000	50	0	0	3278	3327	50	1	7.29e-16	93.5
NC_001564	SRA:SRX3113387.22325089.2	100.000	50	0	0	4421	4470	1	50	7.29e-16	93.5
NC_001564	SRA:SRX3113387.22325089.1	100.000	50	0	0	4569	4618	50	1	7.29e-16	93.5
NC_001564	SRA:SRX3113387.21705037.2	100.000	50	0	0	3055	3104	50	1	7.29e-16	93.5
NC_001564	SRA:SRX3113387.21705037.1	100.000	50	0	0	2761	2810	1	50	7.29e-16	93.5
NC_001564	SRA:SRX3113387.21341384.1	100.000	50	0	0	4889	4938	50	1	7.29e-16	93.5
NC_001564	SRA:SRX3113387.21283509.2	100.000	50	0	0	4468	4517	1	50	7.29e-16	93.5
NC_001564	SRA:SRX3113387.21283509.1	100.000	50	0	0	4654	4703	50	1	7.29e-16	93.5
NC_001564	SRA:SRX3113387.21197823.2	100.000	50	0	0	10355	10404	1	50	7.29e-16	93.5
NC_001564	SRA:SRX3113387.21197823.1	100.000	50	0	0	10474	10523	50	1	7.29e-16	93.5
NC_001564	SRA:SRX3113387.21028909.2	100.000	50	0	0	5504	5553	1	50	7.29e-16	93.5
NC_001564	SRA:SRX3113387.21028909.1	100.000	50	0	0	5915	5964	50	1	7.29e-16	93.5
NC_001564	SRA:SRX3113387.20962660.1	100.000	50	0	0	1727	1776	1	50	7.29e-16	93.5
NC_001564	SRA:SRX3113387.19674560.2	100.000	50	0	0	2716	2765	1	50	7.29e-16	93.5
NC_001564	SRA:SRX3113387.19674560.1	100.000	50	0	0	2932	2981	50	1	7.29e-16	93.5
NC_001564	SRA:SRX3113387.19470951.2	100.000	50	0	0	4682	4731	50	1	7.29e-16	93.5
NC_001564	SRA:SRX3113387.19470951.1	100.000	50	0	0	4340	4389	1	50	7.29e-16	93.5
NC_001564	SRA:SRX3113387.19006971.1	100.000	50	0	0	6835	6884	1	50	7.29e-16	93.5
NC_001564	SRA:SRX3113387.18497828.2	100.000	50	0	0	3985	4034	1	50	7.29e-16	93.5
NC_001564	SRA:SRX3113387.18497828.1	100.000	50	0	0	4431	4480	50	1	7.29e-16	93.5
NC_001564	SRA:SRX3113387.18397187.2	100.000	50	0	0	5995	6044	50	1	7.29e-16	93.5
NC_001564	SRA:SRX3113387.17803422.1	100.000	50	0	0	5513	5562	1	50	7.29e-16	93.5
NC_001564	SRA:SRX3113387.17318409.1	100.000	50	0	0	3352	3401	1	50	7.29e-16	93.5
NC_001564	SRA:SRX3113387.17106292.2	100.000	50	0	0	2647	2696	50	1	7.29e-16	93.5
NC_001564	SRA:SRX3113387.17106292.1	100.000	50	0	0	2382	2431	1	50	7.29e-16	93.5
NC_001564	SRA:SRX3113387.16430424.2	100.000	50	0	0	8662	8711	50	1	7.29e-16	93.5
NC_001564	SRA:SRX3113387.16430424.1	100.000	50	0	0	8427	8476	1	50	7.29e-16	93.5
NC_001564	SRA:SRX3113387.16240804.1	100.000	50	0	0	2951	3000	1	50	7.29e-16	93.5
NC_001564	SRA:SRX3113387.15752138.2	100.000	50	0	0	2422	2471	50	1	7.29e-16	93.5
NC_001564	SRA:SRX3113387.15752138.1	100.000	50	0	0	2176	2225	1	50	7.29e-16	93.5
NC_001564	SRA:SRX3113387.15594032.2	100.000	50	0	0	9868	9917	50	1	7.29e-16	93.5
NC_001564	SRA:SRX3113387.15594032.1	100.000	50	0	0	9760	9809	1	50	7.29e-16	93.5
NC_001564	SRA:SRX3113387.14615948.1	100.000	50	0	0	7017	7066	1	50	7.29e-16	93.5
NC_001564	SRA:SRX3113387.14130262.2	100.000	50	0	0	2539	2588	1	50	7.29e-16	93.5
NC_001564	SRA:SRX3113387.14130262.1	100.000	50	0	0	2699	2748	50	1	7.29e-16	93.5
NC_001564	SRA:SRX3113387.13244892.2	100.000	50	0	0	3292	3341	1	50	7.29e-16	93.5
NC_001564	SRA:SRX3113387.13244892.1	100.000	50	0	0	3598	3647	50	1	7.29e-16	93.5
NC_001564	SRA:SRX3113387.12561208.2	100.000	50	0	0	2166	2215	1	50	7.29e-16	93.5
NC_001564	SRA:SRX3113387.12561208.1	100.000	50	0	0	2441	2490	50	1	7.29e-16	93.5
NC_001564	SRA:SRX3113387.12473985.2	100.000	50	0	0	7546	7595	50	1	7.29e-16	93.5
NC_001564	SRA:SRX3113387.12473985.1	100.000	50	0	0	7479	7528	1	50	7.29e-16	93.5
NC_001564	SRA:SRX3113387.11894046.2	100.000	50	0	0	10216	10265	50	1	7.29e-16	93.5
NC_001564	SRA:SRX3113387.11869504.2	100.000	50	0	0	9335	9384	1	50	7.29e-16	93.5
NC_001564	SRA:SRX3113387.11869504.1	100.000	50	0	0	9542	9591	50	1	7.29e-16	93.5
NC_001564	SRA:SRX3113387.11447660.2	100.000	50	0	0	2784	2833	1	50	7.29e-16	93.5
NC_001564	SRA:SRX3113387.11447660.1	100.000	50	0	0	2854	2903	50	1	7.29e-16	93.5
NC_001564	SRA:SRX3113387.11326069.2	100.000	50	0	0	3504	3553	1	50	7.29e-16	93.5
NC_001564	SRA:SRX3113387.11326069.1	100.000	50	0	0	3766	3815	50	1	7.29e-16	93.5
NC_001564	SRA:SRX3113387.11307482.2	100.000	50	0	0	8801	8850	50	1	7.29e-16	93.5
NC_001564	SRA:SRX3113387.11307482.1	100.000	50	0	0	8552	8601	1	50	7.29e-16	93.5
NC_001564	SRA:SRX3113387.11121613.2	100.000	50	0	0	3760	3809	50	1	7.29e-16	93.5
NC_001564	SRA:SRX3113387.11121613.1	100.000	50	0	0	3415	3464	1	50	7.29e-16	93.5
NC_001564	SRA:SRX3113387.10585362.2	100.000	50	0	0	10073	10122	50	1	7.29e-16	93.5
NC_001564	SRA:SRX3113387.10585362.1	100.000	50	0	0	9980	10029	1	50	7.29e-16	93.5
NC_001564	SRA:SRX3113387.10523324.2	100.000	50	0	0	1538	1587	50	1	7.29e-16	93.5
NC_001564	SRA:SRX3113387.10523324.1	100.000	50	0	0	1289	1338	1	50	7.29e-16	93.5
NC_001564	SRA:SRX3113387.10368497.2	100.000	50	0	0	361	410	50	1	7.29e-16	93.5
NC_001564	SRA:SRX3113387.10368497.1	100.000	50	0	0	169	218	1	50	7.29e-16	93.5
NC_001564	SRA:SRX3113387.9753672.2	100.000	50	0	0	2595	2644	1	50	7.29e-16	93.5
NC_001564	SRA:SRX3113387.9753672.1	100.000	50	0	0	2687	2736	50	1	7.29e-16	93.5
NC_001564	SRA:SRX3113387.9470968.2	100.000	50	0	0	8005	8054	50	1	7.29e-16	93.5
NC_001564	SRA:SRX3113387.9470968.1	100.000	50	0	0	7894	7943	1	50	7.29e-16	93.5
NC_001564	SRA:SRX3113387.9326910.1	100.000	50	0	0	21	70	1	50	7.29e-16	93.5
NC_001564	SRA:SRX3113387.9230836.2	100.000	50	0	0	5301	5350	50	1	7.29e-16	93.5
NC_001564	SRA:SRX3113387.9230836.1	100.000	50	0	0	4961	5010	1	50	7.29e-16	93.5
NC_001564	SRA:SRX3113387.9195667.2	100.000	50	0	0	8660	8709	50	1	7.29e-16	93.5
NC_001564	SRA:SRX3113387.9195667.1	100.000	50	0	0	8452	8501	1	50	7.29e-16	93.5
NC_001564	SRA:SRX3113387.8960305.2	100.000	50	0	0	3941	3990	50	1	7.29e-16	93.5
NC_001564	SRA:SRX3113387.8960305.1	100.000	50	0	0	3703	3752	1	50	7.29e-16	93.5
NC_001564	SRA:SRX3113387.7814359.2	100.000	50	0	0	5046	5095	50	1	7.29e-16	93.5
NC_001564	SRA:SRX3113387.7814359.1	100.000	50	0	0	4901	4950	1	50	7.29e-16	93.5
NC_001564	SRA:SRX3113387.7669736.2	100.000	50	0	0	8924	8973	1	50	7.29e-16	93.5
NC_001564	SRA:SRX3113387.6816251.1	100.000	50	0	0	5723	5772	1	50	7.29e-16	93.5
NC_001564	SRA:SRX3113387.6598502.2	100.000	50	0	0	2441	2490	50	1	7.29e-16	93.5
NC_001564	SRA:SRX3113387.6598502.1	100.000	50	0	0	2166	2215	1	50	7.29e-16	93.5
NC_001564	SRA:SRX3113387.6467087.2	100.000	50	0	0	5030	5079	1	50	7.29e-16	93.5
NC_001564	SRA:SRX3113387.6467087.1	100.000	50	0	0	5117	5166	50	1	7.29e-16	93.5
NC_001564	SRA:SRX3113387.6296989.2	100.000	50	0	0	3601	3650	50	1	7.29e-16	93.5
NC_001564	SRA:SRX3113387.6296989.1	100.000	50	0	0	3463	3512	1	50	7.29e-16	93.5
NC_001564	SRA:SRX3113387.6288282.2	100.000	50	0	0	5717	5766	50	1	7.29e-16	93.5
NC_001564	SRA:SRX3113387.5866399.2	100.000	50	0	0	9036	9085	1	50	7.29e-16	93.5
NC_001564	SRA:SRX3113387.5866399.1	100.000	50	0	0	9237	9286	50	1	7.29e-16	93.5
NC_001564	SRA:SRX3113387.5382368.2	100.000	50	0	0	9841	9890	1	50	7.29e-16	93.5
NC_001564	SRA:SRX3113387.5382368.1	100.000	50	0	0	10035	10084	50	1	7.29e-16	93.5
NC_001564	SRA:SRX3113387.5359043.2	100.000	50	0	0	7653	7702	50	1	7.29e-16	93.5
NC_001564	SRA:SRX3113387.5359043.1	100.000	50	0	0	7468	7517	1	50	7.29e-16	93.5
NC_001564	SRA:SRX3113387.5284965.2	100.000	50	0	0	7586	7635	1	50	7.29e-16	93.5
NC_001564	SRA:SRX3113387.5246613.2	100.000	50	0	0	9140	9189	1	50	7.29e-16	93.5
NC_001564	SRA:SRX3113387.5246613.1	100.000	50	0	0	9331	9380	50	1	7.29e-16	93.5
NC_001564	SRA:SRX3113387.5227227.2	100.000	50	0	0	3076	3125	1	50	7.29e-16	93.5
NC_001564	SRA:SRX3113387.4188561.2	100.000	50	0	0	3412	3461	1	50	7.29e-16	93.5
NC_001564	SRA:SRX3113387.4044913.2	100.000	50	0	0	7490	7539	1	50	7.29e-16	93.5
NC_001564	SRA:SRX3113387.4044913.1	100.000	50	0	0	7648	7697	50	1	7.29e-16	93.5
NC_001564	SRA:SRX3113387.4030176.2	100.000	50	0	0	5717	5766	50	1	7.29e-16	93.5
NC_001564	SRA:SRX3113387.3831178.2	100.000	50	0	0	4493	4542	50	1	7.29e-16	93.5
NC_001564	SRA:SRX3113387.3831178.1	100.000	50	0	0	4331	4380	1	50	7.29e-16	93.5
NC_001564	SRA:SRX3113387.3266250.1	100.000	50	0	0	2972	3021	1	50	7.29e-16	93.5
NC_001564	SRA:SRX3113387.3261520.2	100.000	50	0	0	10371	10420	1	50	7.29e-16	93.5
NC_001564	SRA:SRX3113387.3261520.1	100.000	50	0	0	10476	10525	50	1	7.29e-16	93.5
NC_001564	SRA:SRX3113387.3051492.2	100.000	50	0	0	8328	8377	50	1	7.29e-16	93.5
NC_001564	SRA:SRX3113387.3051492.1	100.000	50	0	0	8102	8151	1	50	7.29e-16	93.5
NC_001564	SRA:SRX3113387.2645847.2	100.000	50	0	0	8005	8054	50	1	7.29e-16	93.5
NC_001564	SRA:SRX3113387.2645847.1	100.000	50	0	0	7894	7943	1	50	7.29e-16	93.5
NC_001564	SRA:SRX3113387.2599861.2	100.000	50	0	0	5807	5856	1	50	7.29e-16	93.5
NC_001564	SRA:SRX3113387.2599861.1	100.000	50	0	0	5986	6035	50	1	7.29e-16	93.5
NC_001564	SRA:SRX3113387.2210856.2	100.000	50	0	0	1573	1622	1	50	7.29e-16	93.5
NC_001564	SRA:SRX3113387.241330.2	100.000	50	0	0	7577	7626	1	50	7.29e-16	93.5
NC_001564	SRA:SRX3113387.233681.2	100.000	50	0	0	4346	4395	50	1	7.29e-16	93.5
NC_001564	SRA:SRX3113387.233681.1	100.000	50	0	0	4233	4282	1	50	7.29e-16	93.5
NC_001564	SRA:SRX3113387.91606.1	100.000	50	0	0	8974	9023	50	1	7.29e-16	93.5
NC_001564	SRA:SRX3113387.23858247.2	100.000	49	0	0	6013	6061	50	2	2.62e-15	91.6
NC_001564	SRA:SRX3113387.20962660.2	100.000	49	0	0	1956	2004	50	2	2.62e-15	91.6
NC_001564	SRA:SRX3113387.10148274.1	100.000	49	0	0	7166	7214	50	2	2.62e-15	91.6
NC_001564	SRA:SRX3113387.6816251.2	100.000	49	0	0	6013	6061	50	2	2.62e-15	91.6
NC_001564	SRA:SRX3113387.25354782.1	98.000	50	1	0	3572	3621	50	1	3.39e-14	87.9
NC_001564	SRA:SRX3113387.24606484.1	98.000	50	1	0	550	599	1	50	3.39e-14	87.9
NC_001564	SRA:SRX3113387.23936478.1	98.000	50	1	0	2017	2066	50	1	3.39e-14	87.9
NC_001564	SRA:SRX3113387.23733335.2	98.000	50	1	0	2017	2066	50	1	3.39e-14	87.9
NC_001564	SRA:SRX3113387.23530603.1	98.000	50	1	0	6351	6400	1	50	3.39e-14	87.9
NC_001564	SRA:SRX3113387.23204196.1	98.000	50	1	0	3572	3621	50	1	3.39e-14	87.9
NC_001564	SRA:SRX3113387.17318409.2	98.000	50	1	0	3572	3621	50	1	3.39e-14	87.9
NC_001564	SRA:SRX3113387.14615948.2	98.000	50	1	0	7223	7272	50	1	3.39e-14	87.9
NC_001564	SRA:SRX3113387.9326910.2	98.000	50	1	0	134	183	50	1	3.39e-14	87.9
NC_001564	SRA:SRX3113387.7669736.1	98.000	50	1	0	9199	9248	50	1	3.39e-14	87.9
NC_001564	SRA:SRX3113387.6288282.1	98.000	50	1	0	5514	5563	1	50	3.39e-14	87.9
NC_001564	SRA:SRX3113387.5227227.1	98.000	50	1	0	3175	3224	50	1	3.39e-14	87.9
NC_001564	SRA:SRX3113387.4030176.1	98.000	50	1	0	5514	5563	1	50	3.39e-14	87.9
NC_001564	SRA:SRX3113387.2210856.1	98.000	50	1	0	1865	1914	50	1	3.39e-14	87.9
NC_001564	SRA:SRX3113387.241330.1	98.000	50	1	0	7733	7782	50	1	3.39e-14	87.9
NC_001564	SRA:SRX3113387.91606.2	98.000	50	1	0	8882	8931	1	50	3.39e-14	87.9
NC_001564	SRA:SRX3113387.16240804.2	97.959	49	1	0	3022	3070	50	2	1.22e-13	86.1
NC_001564	SRA:SRX3113387.10148274.2	96.000	50	2	0	6901	6950	1	50	1.58e-12	82.4
NC_001564	SRA:SRX3113387.21585516.1	96.000	50	0	1	1605	1652	1	50	5.68e-12	80.5
NC_001564	SRA:SRX3113387.5284965.1	100.000	43	0	0	7561	7603	43	1	5.68e-12	80.5
NC_001564	SRA:SRX3113387.7113066.1	100.000	39	0	0	10327	10365	1	39	9.50e-10	73.1
NC_001564	SRA:SRX3113387.23530603.2	97.368	38	0	1	6408	6445	50	14	5.72e-07	63.9
CFAV-Cairns_Australia_2014	SRA:SRX3113387.25598828.2	100.000	50	0	0	9130	9179	1	50	7.30e-16	93.5
CFAV-Cairns_Australia_2014	SRA:SRX3113387.25598828.1	100.000	50	0	0	9337	9386	50	1	7.30e-16	93.5
CFAV-Cairns_Australia_2014	SRA:SRX3113387.25071064.2	100.000	50	0	0	4802	4851	1	50	7.30e-16	93.5
CFAV-Cairns_Australia_2014	SRA:SRX3113387.24906380.2	100.000	50	0	0	7036	7085	1	50	7.30e-16	93.5
CFAV-Cairns_Australia_2014	SRA:SRX3113387.24606484.1	100.000	50	0	0	549	598	1	50	7.30e-16	93.5
CFAV-Cairns_Australia_2014	SRA:SRX3113387.24449141.1	100.000	50	0	0	1042	1091	1	50	7.30e-16	93.5
CFAV-Cairns_Australia_2014	SRA:SRX3113387.21197823.2	100.000	50	0	0	10354	10403	1	50	7.30e-16	93.5
CFAV-Cairns_Australia_2014	SRA:SRX3113387.21028909.2	100.000	50	0	0	5503	5552	1	50	7.30e-16	93.5
CFAV-Cairns_Australia_2014	SRA:SRX3113387.20962660.1	100.000	50	0	0	1726	1775	1	50	7.30e-16	93.5
CFAV-Cairns_Australia_2014	SRA:SRX3113387.19006971.1	100.000	50	0	0	6834	6883	1	50	7.30e-16	93.5
CFAV-Cairns_Australia_2014	SRA:SRX3113387.18497828.2	100.000	50	0	0	3984	4033	1	50	7.30e-16	93.5
CFAV-Cairns_Australia_2014	SRA:SRX3113387.17803422.1	100.000	50	0	0	5512	5561	1	50	7.30e-16	93.5
CFAV-Cairns_Australia_2014	SRA:SRX3113387.17106292.2	100.000	50	0	0	2646	2695	50	1	7.30e-16	93.5
CFAV-Cairns_Australia_2014	SRA:SRX3113387.15594032.1	100.000	50	0	0	9759	9808	1	50	7.30e-16	93.5
CFAV-Cairns_Australia_2014	SRA:SRX3113387.14615948.1	100.000	50	0	0	7016	7065	1	50	7.30e-16	93.5
CFAV-Cairns_Australia_2014	SRA:SRX3113387.13244892.1	100.000	50	0	0	3597	3646	50	1	7.30e-16	93.5
CFAV-Cairns_Australia_2014	SRA:SRX3113387.12473985.2	100.000	50	0	0	7545	7594	50	1	7.30e-16	93.5
CFAV-Cairns_Australia_2014	SRA:SRX3113387.12473985.1	100.000	50	0	0	7478	7527	1	50	7.30e-16	93.5
CFAV-Cairns_Australia_2014	SRA:SRX3113387.11869504.2	100.000	50	0	0	9334	9383	1	50	7.30e-16	93.5
CFAV-Cairns_Australia_2014	SRA:SRX3113387.11869504.1	100.000	50	0	0	9541	9590	50	1	7.30e-16	93.5
CFAV-Cairns_Australia_2014	SRA:SRX3113387.11326069.1	100.000	50	0	0	3765	3814	50	1	7.30e-16	93.5
CFAV-Cairns_Australia_2014	SRA:SRX3113387.11307482.2	100.000	50	0	0	8800	8849	50	1	7.30e-16	93.5
CFAV-Cairns_Australia_2014	SRA:SRX3113387.11121613.2	100.000	50	0	0	3759	3808	50	1	7.30e-16	93.5
CFAV-Cairns_Australia_2014	SRA:SRX3113387.11121613.1	100.000	50	0	0	3414	3463	1	50	7.30e-16	93.5
CFAV-Cairns_Australia_2014	SRA:SRX3113387.10585362.2	100.000	50	0	0	10072	10121	50	1	7.30e-16	93.5
CFAV-Cairns_Australia_2014	SRA:SRX3113387.10368497.1	100.000	50	0	0	168	217	1	50	7.30e-16	93.5
CFAV-Cairns_Australia_2014	SRA:SRX3113387.9753672.2	100.000	50	0	0	2594	2643	1	50	7.30e-16	93.5
CFAV-Cairns_Australia_2014	SRA:SRX3113387.9326910.1	100.000	50	0	0	20	69	1	50	7.30e-16	93.5
CFAV-Cairns_Australia_2014	SRA:SRX3113387.7669736.2	100.000	50	0	0	8923	8972	1	50	7.30e-16	93.5
CFAV-Cairns_Australia_2014	SRA:SRX3113387.6296989.2	100.000	50	0	0	3600	3649	50	1	7.30e-16	93.5
CFAV-Cairns_Australia_2014	SRA:SRX3113387.5382368.2	100.000	50	0	0	9840	9889	1	50	7.30e-16	93.5
CFAV-Cairns_Australia_2014	SRA:SRX3113387.5382368.1	100.000	50	0	0	10034	10083	50	1	7.30e-16	93.5
CFAV-Cairns_Australia_2014	SRA:SRX3113387.5359043.2	100.000	50	0	0	7652	7701	50	1	7.30e-16	93.5
CFAV-Cairns_Australia_2014	SRA:SRX3113387.5359043.1	100.000	50	0	0	7467	7516	1	50	7.30e-16	93.5
CFAV-Cairns_Australia_2014	SRA:SRX3113387.5246613.2	100.000	50	0	0	9139	9188	1	50	7.30e-16	93.5
CFAV-Cairns_Australia_2014	SRA:SRX3113387.4188561.2	100.000	50	0	0	3411	3460	1	50	7.30e-16	93.5
CFAV-Cairns_Australia_2014	SRA:SRX3113387.4044913.2	100.000	50	0	0	7489	7538	1	50	7.30e-16	93.5
CFAV-Cairns_Australia_2014	SRA:SRX3113387.4044913.1	100.000	50	0	0	7647	7696	50	1	7.30e-16	93.5
CFAV-Cairns_Australia_2014	SRA:SRX3113387.3831178.2	100.000	50	0	0	4492	4541	50	1	7.30e-16	93.5
CFAV-Cairns_Australia_2014	SRA:SRX3113387.3261520.2	100.000	50	0	0	10370	10419	1	50	7.30e-16	93.5
CFAV-Cairns_Australia_2014	SRA:SRX3113387.3051492.2	100.000	50	0	0	8327	8376	50	1	7.30e-16	93.5
CFAV-Cairns_Australia_2014	SRA:SRX3113387.2599861.2	100.000	50	0	0	5806	5855	1	50	7.30e-16	93.5
CFAV-Cairns_Australia_2014	SRA:SRX3113387.241330.2	100.000	50	0	0	7576	7625	1	50	7.30e-16	93.5
CFAV-Cairns_Australia_2014	SRA:SRX3113387.233681.1	100.000	50	0	0	4232	4281	1	50	7.30e-16	93.5
CFAV-Cairns_Australia_2014	SRA:SRX3113387.91606.1	100.000	50	0	0	8973	9022	50	1	7.30e-16	93.5
CFAV-Cairns_Australia_2014	SRA:SRX3113387.24606484.2	100.000	49	0	0	738	786	49	1	2.62e-15	91.6
CFAV-Cairns_Australia_2014	SRA:SRX3113387.10148274.1	100.000	49	0	0	7165	7213	50	2	2.62e-15	91.6
CFAV-Cairns_Australia_2014	SRA:SRX3113387.25354782.2	98.000	50	1	0	3351	3400	1	50	3.39e-14	87.9
CFAV-Cairns_Australia_2014	SRA:SRX3113387.24906380.1	98.000	50	1	0	7174	7223	50	1	3.39e-14	87.9
CFAV-Cairns_Australia_2014	SRA:SRX3113387.24449141.2	98.000	50	1	0	1170	1219	50	1	3.39e-14	87.9
CFAV-Cairns_Australia_2014	SRA:SRX3113387.23858247.1	98.000	50	1	0	5722	5771	1	50	3.39e-14	87.9
CFAV-Cairns_Australia_2014	SRA:SRX3113387.23204196.2	98.000	50	1	0	3351	3400	1	50	3.39e-14	87.9
CFAV-Cairns_Australia_2014	SRA:SRX3113387.21705037.2	98.000	50	1	0	3054	3103	50	1	3.39e-14	87.9
CFAV-Cairns_Australia_2014	SRA:SRX3113387.21283509.2	98.000	50	1	0	4467	4516	1	50	3.39e-14	87.9
CFAV-Cairns_Australia_2014	SRA:SRX3113387.21028909.1	98.000	50	1	0	5914	5963	50	1	3.39e-14	87.9
CFAV-Cairns_Australia_2014	SRA:SRX3113387.19674560.1	98.000	50	1	0	2931	2980	50	1	3.39e-14	87.9
CFAV-Cairns_Australia_2014	SRA:SRX3113387.17318409.1	98.000	50	1	0	3351	3400	1	50	3.39e-14	87.9
CFAV-Cairns_Australia_2014	SRA:SRX3113387.17106292.1	98.000	50	1	0	2381	2430	1	50	3.39e-14	87.9
CFAV-Cairns_Australia_2014	SRA:SRX3113387.14130262.2	98.000	50	1	0	2538	2587	1	50	3.39e-14	87.9
CFAV-Cairns_Australia_2014	SRA:SRX3113387.12561208.1	98.000	50	1	0	2440	2489	50	1	3.39e-14	87.9
CFAV-Cairns_Australia_2014	SRA:SRX3113387.11894046.2	98.000	50	1	0	10215	10264	50	1	3.39e-14	87.9
CFAV-Cairns_Australia_2014	SRA:SRX3113387.11447660.2	98.000	50	1	0	2783	2832	1	50	3.39e-14	87.9
CFAV-Cairns_Australia_2014	SRA:SRX3113387.11447660.1	98.000	50	1	0	2853	2902	50	1	3.39e-14	87.9
CFAV-Cairns_Australia_2014	SRA:SRX3113387.11326069.2	98.000	50	1	0	3503	3552	1	50	3.39e-14	87.9
CFAV-Cairns_Australia_2014	SRA:SRX3113387.10585362.1	98.000	50	1	0	9979	10028	1	50	3.39e-14	87.9
CFAV-Cairns_Australia_2014	SRA:SRX3113387.9470968.2	100.000	47	0	0	8005	8051	49	3	3.39e-14	87.9
CFAV-Cairns_Australia_2014	SRA:SRX3113387.8960305.2	98.000	50	1	0	3940	3989	50	1	3.39e-14	87.9
CFAV-Cairns_Australia_2014	SRA:SRX3113387.7814359.1	98.000	50	1	0	4900	4949	1	50	3.39e-14	87.9
CFAV-Cairns_Australia_2014	SRA:SRX3113387.6816251.1	98.000	50	1	0	5722	5771	1	50	3.39e-14	87.9
CFAV-Cairns_Australia_2014	SRA:SRX3113387.6598502.2	98.000	50	1	0	2440	2489	50	1	3.39e-14	87.9
CFAV-Cairns_Australia_2014	SRA:SRX3113387.6467087.2	98.000	50	1	0	5029	5078	1	50	3.39e-14	87.9
CFAV-Cairns_Australia_2014	SRA:SRX3113387.6467087.1	98.000	50	1	0	5116	5165	50	1	3.39e-14	87.9
CFAV-Cairns_Australia_2014	SRA:SRX3113387.6288282.2	98.000	50	1	0	5716	5765	50	1	3.39e-14	87.9
CFAV-Cairns_Australia_2014	SRA:SRX3113387.6288282.1	98.000	50	1	0	5513	5562	1	50	3.39e-14	87.9
CFAV-Cairns_Australia_2014	SRA:SRX3113387.5284965.2	98.000	50	1	0	7585	7634	1	50	3.39e-14	87.9
CFAV-Cairns_Australia_2014	SRA:SRX3113387.5246613.1	98.000	50	1	0	9330	9379	50	1	3.39e-14	87.9
CFAV-Cairns_Australia_2014	SRA:SRX3113387.5227227.2	98.000	50	1	0	3075	3124	1	50	3.39e-14	87.9
CFAV-Cairns_Australia_2014	SRA:SRX3113387.4030176.2	98.000	50	1	0	5716	5765	50	1	3.39e-14	87.9
CFAV-Cairns_Australia_2014	SRA:SRX3113387.4030176.1	98.000	50	1	0	5513	5562	1	50	3.39e-14	87.9
CFAV-Cairns_Australia_2014	SRA:SRX3113387.3266250.1	98.000	50	1	0	2971	3020	1	50	3.39e-14	87.9
CFAV-Cairns_Australia_2014	SRA:SRX3113387.3051492.1	98.000	50	1	0	8101	8150	1	50	3.39e-14	87.9
CFAV-Cairns_Australia_2014	SRA:SRX3113387.2645847.2	100.000	47	0	0	8005	8051	49	3	3.39e-14	87.9
CFAV-Cairns_Australia_2014	SRA:SRX3113387.22840611.2	97.959	49	1	0	3016	3064	1	49	1.22e-13	86.1
CFAV-Cairns_Australia_2014	SRA:SRX3113387.21705037.1	97.959	49	1	0	2761	2809	2	50	1.22e-13	86.1
CFAV-Cairns_Australia_2014	SRA:SRX3113387.16430424.1	97.959	49	1	0	8426	8474	1	49	1.22e-13	86.1
CFAV-Cairns_Australia_2014	SRA:SRX3113387.15752138.2	97.959	49	1	0	2422	2470	49	1	1.22e-13	86.1
CFAV-Cairns_Australia_2014	SRA:SRX3113387.5866399.1	97.959	49	1	0	9236	9284	50	2	1.22e-13	86.1
CFAV-Cairns_Australia_2014	SRA:SRX3113387.13244892.2	97.917	48	1	0	3293	3340	3	50	4.39e-13	84.2
CFAV-Cairns_Australia_2014	SRA:SRX3113387.25354782.1	96.000	50	2	0	3571	3620	50	1	1.58e-12	82.4
CFAV-Cairns_Australia_2014	SRA:SRX3113387.25071064.1	96.000	50	2	0	5061	5110	50	1	1.58e-12	82.4
CFAV-Cairns_Australia_2014	SRA:SRX3113387.24716391.2	97.872	47	1	0	8662	8708	47	1	1.58e-12	82.4
CFAV-Cairns_Australia_2014	SRA:SRX3113387.23530603.1	96.000	50	2	0	6350	6399	1	50	1.58e-12	82.4
CFAV-Cairns_Australia_2014	SRA:SRX3113387.23204196.1	96.000	50	2	0	3571	3620	50	1	1.58e-12	82.4
CFAV-Cairns_Australia_2014	SRA:SRX3113387.21341384.1	96.000	50	2	0	4888	4937	50	1	1.58e-12	82.4
CFAV-Cairns_Australia_2014	SRA:SRX3113387.21197823.1	96.000	50	2	0	10473	10522	50	1	1.58e-12	82.4
CFAV-Cairns_Australia_2014	SRA:SRX3113387.19674560.2	96.000	50	2	0	2715	2764	1	50	1.58e-12	82.4
CFAV-Cairns_Australia_2014	SRA:SRX3113387.19470951.2	96.000	50	2	0	4681	4730	50	1	1.58e-12	82.4
CFAV-Cairns_Australia_2014	SRA:SRX3113387.18497828.1	96.000	50	2	0	4430	4479	50	1	1.58e-12	82.4
CFAV-Cairns_Australia_2014	SRA:SRX3113387.17318409.2	96.000	50	2	0	3571	3620	50	1	1.58e-12	82.4
CFAV-Cairns_Australia_2014	SRA:SRX3113387.16430424.2	97.872	47	1	0	8662	8708	49	3	1.58e-12	82.4
CFAV-Cairns_Australia_2014	SRA:SRX3113387.14130262.1	97.872	47	1	0	2701	2747	47	1	1.58e-12	82.4
CFAV-Cairns_Australia_2014	SRA:SRX3113387.9470968.1	96.000	50	2	0	7893	7942	1	50	1.58e-12	82.4
CFAV-Cairns_Australia_2014	SRA:SRX3113387.9230836.2	96.000	50	2	0	5300	5349	50	1	1.58e-12	82.4
CFAV-Cairns_Australia_2014	SRA:SRX3113387.9195667.2	97.872	47	1	0	8662	8708	47	1	1.58e-12	82.4
CFAV-Cairns_Australia_2014	SRA:SRX3113387.8960305.1	96.000	50	2	0	3702	3751	1	50	1.58e-12	82.4
CFAV-Cairns_Australia_2014	SRA:SRX3113387.7669736.1	96.000	50	2	0	9198	9247	50	1	1.58e-12	82.4
CFAV-Cairns_Australia_2014	SRA:SRX3113387.6296989.1	96.000	50	2	0	3462	3511	1	50	1.58e-12	82.4
CFAV-Cairns_Australia_2014	SRA:SRX3113387.5227227.1	96.000	50	2	0	3174	3223	50	1	1.58e-12	82.4
CFAV-Cairns_Australia_2014	SRA:SRX3113387.3261520.1	96.000	50	2	0	10475	10524	50	1	1.58e-12	82.4
CFAV-Cairns_Australia_2014	SRA:SRX3113387.2645847.1	96.000	50	2	0	7893	7942	1	50	1.58e-12	82.4
CFAV-Cairns_Australia_2014	SRA:SRX3113387.2599861.1	96.000	50	2	0	5985	6034	50	1	1.58e-12	82.4
CFAV-Cairns_Australia_2014	SRA:SRX3113387.5284965.1	100.000	43	0	0	7560	7602	43	1	5.68e-12	80.5
CFAV-Cairns_Australia_2014	SRA:SRX3113387.10148274.2	94.000	50	3	0	6900	6949	1	50	7.35e-11	76.8
CFAV-Cairns_Australia_2014	SRA:SRX3113387.2210856.2	94.000	50	3	0	1572	1621	1	50	7.35e-11	76.8
CFAV-Cairns_Australia_2014	SRA:SRX3113387.2210856.1	94.000	50	3	0	1864	1913	50	1	7.35e-11	76.8
CFAV-Cairns_Australia_2014	SRA:SRX3113387.23858247.2	93.878	49	3	0	6012	6060	50	2	2.64e-10	75.0
CFAV-Cairns_Australia_2014	SRA:SRX3113387.16240804.2	93.878	49	3	0	3021	3069	50	2	2.64e-10	75.0
CFAV-Cairns_Australia_2014	SRA:SRX3113387.6816251.2	93.878	49	3	0	6012	6060	50	2	2.64e-10	75.0
CFAV-Cairns_Australia_2014	SRA:SRX3113387.7113066.1	100.000	39	0	0	10326	10364	1	39	9.50e-10	73.1
CFAV-Cairns_Australia_2014	SRA:SRX3113387.21585516.1	100.000	35	0	0	1617	1651	16	50	1.59e-07	65.8
CFAV-Cairns_Australia_2014	SRA:SRX3113387.23530603.2	97.368	38	0	1	6407	6444	50	14	5.72e-07	63.9
CFAV-Macapa2_Brazil_2017	SRA:SRX3113387.25598828.2	100.000	50	0	0	9131	9180	1	50	7.30e-16	93.5
CFAV-Macapa2_Brazil_2017	SRA:SRX3113387.24906380.2	100.000	50	0	0	7037	7086	1	50	7.30e-16	93.5
CFAV-Macapa2_Brazil_2017	SRA:SRX3113387.24449141.1	100.000	50	0	0	1043	1092	1	50	7.30e-16	93.5
CFAV-Macapa2_Brazil_2017	SRA:SRX3113387.21197823.2	100.000	50	0	0	10355	10404	1	50	7.30e-16	93.5
CFAV-Macapa2_Brazil_2017	SRA:SRX3113387.21028909.2	100.000	50	0	0	5504	5553	1	50	7.30e-16	93.5
CFAV-Macapa2_Brazil_2017	SRA:SRX3113387.16430424.1	100.000	50	0	0	8427	8476	1	50	7.30e-16	93.5
CFAV-Macapa2_Brazil_2017	SRA:SRX3113387.14615948.1	100.000	50	0	0	7017	7066	1	50	7.30e-16	93.5
CFAV-Macapa2_Brazil_2017	SRA:SRX3113387.14130262.2	100.000	50	0	0	2539	2588	1	50	7.30e-16	93.5
CFAV-Macapa2_Brazil_2017	SRA:SRX3113387.5382368.1	100.000	50	0	0	10035	10084	50	1	7.30e-16	93.5
CFAV-Macapa2_Brazil_2017	SRA:SRX3113387.5246613.2	100.000	50	0	0	9140	9189	1	50	7.30e-16	93.5
CFAV-Macapa2_Brazil_2017	SRA:SRX3113387.3261520.2	100.000	50	0	0	10371	10420	1	50	7.30e-16	93.5
CFAV-Macapa2_Brazil_2017	SRA:SRX3113387.10148274.1	100.000	49	0	0	7166	7214	50	2	2.62e-15	91.6
CFAV-Macapa2_Brazil_2017	SRA:SRX3113387.13244892.2	100.000	48	0	0	3294	3341	3	50	9.44e-15	89.8
CFAV-Macapa2_Brazil_2017	SRA:SRX3113387.13244892.1	100.000	48	0	0	3598	3645	50	3	9.44e-15	89.8
CFAV-Macapa2_Brazil_2017	SRA:SRX3113387.25598828.1	98.000	50	1	0	9338	9387	50	1	3.39e-14	87.9
CFAV-Macapa2_Brazil_2017	SRA:SRX3113387.25354782.1	98.000	50	1	0	3572	3621	50	1	3.39e-14	87.9
CFAV-Macapa2_Brazil_2017	SRA:SRX3113387.24906380.1	98.000	50	1	0	7175	7224	50	1	3.39e-14	87.9
CFAV-Macapa2_Brazil_2017	SRA:SRX3113387.24606484.1	98.000	50	1	0	550	599	1	50	3.39e-14	87.9
CFAV-Macapa2_Brazil_2017	SRA:SRX3113387.23204196.1	98.000	50	1	0	3572	3621	50	1	3.39e-14	87.9
CFAV-Macapa2_Brazil_2017	SRA:SRX3113387.22840611.1	98.000	50	1	0	3278	3327	50	1	3.39e-14	87.9
CFAV-Macapa2_Brazil_2017	SRA:SRX3113387.19674560.1	98.000	50	1	0	2932	2981	50	1	3.39e-14	87.9
CFAV-Macapa2_Brazil_2017	SRA:SRX3113387.18397187.2	98.000	50	1	0	5995	6044	50	1	3.39e-14	87.9
CFAV-Macapa2_Brazil_2017	SRA:SRX3113387.17803422.1	100.000	47	0	0	5513	5559	1	47	3.39e-14	87.9
CFAV-Macapa2_Brazil_2017	SRA:SRX3113387.17318409.2	98.000	50	1	0	3572	3621	50	1	3.39e-14	87.9
CFAV-Macapa2_Brazil_2017	SRA:SRX3113387.17106292.2	98.000	50	1	0	2647	2696	50	1	3.39e-14	87.9
CFAV-Macapa2_Brazil_2017	SRA:SRX3113387.17106292.1	98.000	50	1	0	2382	2431	1	50	3.39e-14	87.9
CFAV-Macapa2_Brazil_2017	SRA:SRX3113387.14615948.2	98.000	50	1	0	7223	7272	50	1	3.39e-14	87.9
CFAV-Macapa2_Brazil_2017	SRA:SRX3113387.11869504.2	98.000	50	1	0	9335	9384	1	50	3.39e-14	87.9
CFAV-Macapa2_Brazil_2017	SRA:SRX3113387.11326069.1	98.000	50	1	0	3766	3815	50	1	3.39e-14	87.9
CFAV-Macapa2_Brazil_2017	SRA:SRX3113387.11121613.1	98.000	50	1	0	3415	3464	1	50	3.39e-14	87.9
CFAV-Macapa2_Brazil_2017	SRA:SRX3113387.10585362.2	98.000	50	1	0	10073	10122	50	1	3.39e-14	87.9
CFAV-Macapa2_Brazil_2017	SRA:SRX3113387.10523324.1	98.000	50	1	0	1289	1338	1	50	3.39e-14	87.9
CFAV-Macapa2_Brazil_2017	SRA:SRX3113387.9470968.1	98.000	50	1	0	7894	7943	1	50	3.39e-14	87.9
CFAV-Macapa2_Brazil_2017	SRA:SRX3113387.8960305.2	98.000	50	1	0	3941	3990	50	1	3.39e-14	87.9
CFAV-Macapa2_Brazil_2017	SRA:SRX3113387.6467087.2	98.000	50	1	0	5030	5079	1	50	3.39e-14	87.9
CFAV-Macapa2_Brazil_2017	SRA:SRX3113387.6467087.1	98.000	50	1	0	5117	5166	50	1	3.39e-14	87.9
CFAV-Macapa2_Brazil_2017	SRA:SRX3113387.6288282.2	98.000	50	1	0	5717	5766	50	1	3.39e-14	87.9
CFAV-Macapa2_Brazil_2017	SRA:SRX3113387.5382368.2	98.000	50	1	0	9841	9890	1	50	3.39e-14	87.9
CFAV-Macapa2_Brazil_2017	SRA:SRX3113387.4030176.2	98.000	50	1	0	5717	5766	50	1	3.39e-14	87.9
CFAV-Macapa2_Brazil_2017	SRA:SRX3113387.3831178.2	98.000	50	1	0	4493	4542	50	1	3.39e-14	87.9
CFAV-Macapa2_Brazil_2017	SRA:SRX3113387.3051492.1	98.000	50	1	0	8102	8151	1	50	3.39e-14	87.9
CFAV-Macapa2_Brazil_2017	SRA:SRX3113387.2645847.1	98.000	50	1	0	7894	7943	1	50	3.39e-14	87.9
CFAV-Macapa2_Brazil_2017	SRA:SRX3113387.2599861.2	98.000	50	1	0	5807	5856	1	50	3.39e-14	87.9
CFAV-Macapa2_Brazil_2017	SRA:SRX3113387.91606.2	98.000	50	1	0	8882	8931	1	50	3.39e-14	87.9
CFAV-Macapa2_Brazil_2017	SRA:SRX3113387.20962660.2	97.959	49	1	0	1956	2004	50	2	1.22e-13	86.1
CFAV-Macapa2_Brazil_2017	SRA:SRX3113387.19006971.1	97.959	49	1	0	6836	6884	2	50	1.22e-13	86.1
CFAV-Macapa2_Brazil_2017	SRA:SRX3113387.18497828.1	97.959	49	1	0	4431	4479	50	2	1.22e-13	86.1
CFAV-Macapa2_Brazil_2017	SRA:SRX3113387.11121613.2	97.959	49	1	0	3761	3809	49	1	1.22e-13	86.1
CFAV-Macapa2_Brazil_2017	SRA:SRX3113387.6296989.2	97.959	49	1	0	3601	3649	50	2	1.22e-13	86.1
CFAV-Macapa2_Brazil_2017	SRA:SRX3113387.18497828.2	97.917	48	1	0	3985	4032	1	48	4.39e-13	84.2
CFAV-Macapa2_Brazil_2017	SRA:SRX3113387.11447660.1	97.917	48	1	0	2854	2901	50	3	4.39e-13	84.2
CFAV-Macapa2_Brazil_2017	SRA:SRX3113387.24716391.1	96.000	50	2	0	8452	8501	1	50	1.58e-12	82.4
CFAV-Macapa2_Brazil_2017	SRA:SRX3113387.22840611.2	96.000	50	2	0	3017	3066	1	50	1.58e-12	82.4
CFAV-Macapa2_Brazil_2017	SRA:SRX3113387.22325089.2	96.000	50	2	0	4421	4470	1	50	1.58e-12	82.4
CFAV-Macapa2_Brazil_2017	SRA:SRX3113387.21197823.1	96.000	50	2	0	10474	10523	50	1	1.58e-12	82.4
CFAV-Macapa2_Brazil_2017	SRA:SRX3113387.19470951.2	96.078	51	1	1	4682	4732	50	1	1.58e-12	82.4
CFAV-Macapa2_Brazil_2017	SRA:SRX3113387.15594032.1	96.000	50	2	0	9760	9809	1	50	1.58e-12	82.4
CFAV-Macapa2_Brazil_2017	SRA:SRX3113387.11869504.1	96.000	50	2	0	9542	9591	50	1	1.58e-12	82.4
CFAV-Macapa2_Brazil_2017	SRA:SRX3113387.10148274.2	96.000	50	2	0	6901	6950	1	50	1.58e-12	82.4
CFAV-Macapa2_Brazil_2017	SRA:SRX3113387.9753672.2	96.000	50	2	0	2595	2644	1	50	1.58e-12	82.4
CFAV-Macapa2_Brazil_2017	SRA:SRX3113387.9195667.1	96.000	50	2	0	8452	8501	1	50	1.58e-12	82.4
CFAV-Macapa2_Brazil_2017	SRA:SRX3113387.8960305.1	96.000	50	2	0	3703	3752	1	50	1.58e-12	82.4
CFAV-Macapa2_Brazil_2017	SRA:SRX3113387.7669736.1	96.000	50	2	0	9199	9248	50	1	1.58e-12	82.4
CFAV-Macapa2_Brazil_2017	SRA:SRX3113387.6288282.1	96.000	50	2	0	5514	5563	1	50	1.58e-12	82.4
CFAV-Macapa2_Brazil_2017	SRA:SRX3113387.5246613.1	96.000	50	2	0	9331	9380	50	1	1.58e-12	82.4
CFAV-Macapa2_Brazil_2017	SRA:SRX3113387.4030176.1	96.000	50	2	0	5514	5563	1	50	1.58e-12	82.4
CFAV-Macapa2_Brazil_2017	SRA:SRX3113387.3261520.1	96.000	50	2	0	10476	10525	50	1	1.58e-12	82.4
CFAV-Macapa2_Brazil_2017	SRA:SRX3113387.2599861.1	96.000	50	2	0	5986	6035	50	1	1.58e-12	82.4
CFAV-Macapa2_Brazil_2017	SRA:SRX3113387.241330.1	96.000	50	2	0	7733	7782	50	1	1.58e-12	82.4
CFAV-Macapa2_Brazil_2017	SRA:SRX3113387.23936478.2	95.918	49	2	0	1846	1894	1	49	5.68e-12	80.5
CFAV-Macapa2_Brazil_2017	SRA:SRX3113387.23858247.2	95.918	49	2	0	6013	6061	50	2	5.68e-12	80.5
CFAV-Macapa2_Brazil_2017	SRA:SRX3113387.23733335.1	95.918	49	2	0	1846	1894	1	49	5.68e-12	80.5
CFAV-Macapa2_Brazil_2017	SRA:SRX3113387.11447660.2	97.826	46	1	0	2788	2833	5	50	5.68e-12	80.5
CFAV-Macapa2_Brazil_2017	SRA:SRX3113387.6816251.2	95.918	49	2	0	6013	6061	50	2	5.68e-12	80.5
CFAV-Macapa2_Brazil_2017	SRA:SRX3113387.23936478.1	95.833	48	2	0	2017	2064	50	3	2.04e-11	78.7
CFAV-Macapa2_Brazil_2017	SRA:SRX3113387.23733335.2	95.833	48	2	0	2017	2064	50	3	2.04e-11	78.7
CFAV-Macapa2_Brazil_2017	SRA:SRX3113387.12473985.2	95.833	48	2	0	7546	7593	50	3	2.04e-11	78.7
CFAV-Macapa2_Brazil_2017	SRA:SRX3113387.25071064.1	94.000	50	3	0	5062	5111	50	1	7.35e-11	76.8
CFAV-Macapa2_Brazil_2017	SRA:SRX3113387.24716391.2	95.745	47	2	0	8661	8707	49	3	7.35e-11	76.8
CFAV-Macapa2_Brazil_2017	SRA:SRX3113387.16240804.2	95.833	48	1	1	3024	3070	49	2	7.35e-11	76.8
CFAV-Macapa2_Brazil_2017	SRA:SRX3113387.11307482.1	94.000	50	3	0	8552	8601	1	50	7.35e-11	76.8
CFAV-Macapa2_Brazil_2017	SRA:SRX3113387.9195667.2	95.745	47	2	0	8661	8707	49	3	7.35e-11	76.8
CFAV-Macapa2_Brazil_2017	SRA:SRX3113387.5227227.2	94.000	50	3	0	3076	3125	1	50	7.35e-11	76.8
CFAV-Macapa2_Brazil_2017	SRA:SRX3113387.21705037.2	93.878	49	3	0	3056	3104	49	1	2.64e-10	75.0
CFAV-Macapa2_Brazil_2017	SRA:SRX3113387.16430424.2	95.652	46	2	0	8662	8707	50	5	2.64e-10	75.0
CFAV-Macapa2_Brazil_2017	SRA:SRX3113387.7113066.1	100.000	39	0	0	10327	10365	1	39	9.50e-10	73.1
CFAV-Macapa2_Brazil_2017	SRA:SRX3113387.2210856.2	92.000	50	4	0	1573	1622	1	50	3.42e-09	71.3
CFAV-Macapa2_Brazil_2017	SRA:SRX3113387.2210856.1	92.000	50	4	0	1865	1914	50	1	3.42e-09	71.3
CFAV-Macapa2_Brazil_2017	SRA:SRX3113387.21585516.1	100.000	35	0	0	1618	1652	16	50	1.59e-07	65.8
CFAV-Macapa2_Brazil_2017	SRA:SRX3113387.23530603.2	97.368	38	0	1	6408	6445	50	14	5.72e-07	63.9
CFAV-KC_Cambodia_2015	SRA:SRX3113387.24449141.1	100.000	50	0	0	1054	1103	1	50	7.30e-16	93.5
CFAV-KC_Cambodia_2015	SRA:SRX3113387.21705037.1	100.000	50	0	0	2772	2821	1	50	7.30e-16	93.5
CFAV-KC_Cambodia_2015	SRA:SRX3113387.17106292.2	100.000	50	0	0	2658	2707	50	1	7.30e-16	93.5
CFAV-KC_Cambodia_2015	SRA:SRX3113387.15594032.1	100.000	50	0	0	9771	9820	1	50	7.30e-16	93.5
CFAV-KC_Cambodia_2015	SRA:SRX3113387.11447660.2	100.000	50	0	0	2795	2844	1	50	7.30e-16	93.5
CFAV-KC_Cambodia_2015	SRA:SRX3113387.10368497.1	100.000	50	0	0	180	229	1	50	7.30e-16	93.5
CFAV-KC_Cambodia_2015	SRA:SRX3113387.5382368.2	100.000	50	0	0	9852	9901	1	50	7.30e-16	93.5
CFAV-KC_Cambodia_2015	SRA:SRX3113387.5382368.1	100.000	50	0	0	10046	10095	50	1	7.30e-16	93.5
CFAV-KC_Cambodia_2015	SRA:SRX3113387.25354782.1	98.000	50	1	0	3583	3632	50	1	3.40e-14	87.9
CFAV-KC_Cambodia_2015	SRA:SRX3113387.25071064.2	98.000	50	1	0	4814	4863	1	50	3.40e-14	87.9
CFAV-KC_Cambodia_2015	SRA:SRX3113387.24716391.2	98.000	50	1	0	8671	8720	50	1	3.40e-14	87.9
CFAV-KC_Cambodia_2015	SRA:SRX3113387.23204196.1	98.000	50	1	0	3583	3632	50	1	3.40e-14	87.9
CFAV-KC_Cambodia_2015	SRA:SRX3113387.22840611.1	98.000	50	1	0	3289	3338	50	1	3.40e-14	87.9
CFAV-KC_Cambodia_2015	SRA:SRX3113387.21283509.2	98.000	50	1	0	4479	4528	1	50	3.40e-14	87.9
CFAV-KC_Cambodia_2015	SRA:SRX3113387.21197823.2	98.000	50	1	0	10366	10415	1	50	3.40e-14	87.9
CFAV-KC_Cambodia_2015	SRA:SRX3113387.21028909.1	98.000	50	1	0	5926	5975	50	1	3.40e-14	87.9
CFAV-KC_Cambodia_2015	SRA:SRX3113387.19470951.2	98.000	50	1	0	4693	4742	50	1	3.40e-14	87.9
CFAV-KC_Cambodia_2015	SRA:SRX3113387.19470951.1	98.000	50	1	0	4351	4400	1	50	3.40e-14	87.9
CFAV-KC_Cambodia_2015	SRA:SRX3113387.19006971.1	98.000	50	1	0	6846	6895	1	50	3.40e-14	87.9
CFAV-KC_Cambodia_2015	SRA:SRX3113387.18497828.2	98.000	50	1	0	3996	4045	1	50	3.40e-14	87.9
CFAV-KC_Cambodia_2015	SRA:SRX3113387.17318409.2	98.000	50	1	0	3583	3632	50	1	3.40e-14	87.9
CFAV-KC_Cambodia_2015	SRA:SRX3113387.14615948.1	98.000	50	1	0	7028	7077	1	50	3.40e-14	87.9
CFAV-KC_Cambodia_2015	SRA:SRX3113387.12561208.1	98.000	50	1	0	2452	2501	50	1	3.40e-14	87.9
CFAV-KC_Cambodia_2015	SRA:SRX3113387.11121613.2	98.000	50	1	0	3771	3820	50	1	3.40e-14	87.9
CFAV-KC_Cambodia_2015	SRA:SRX3113387.9326910.1	98.000	50	1	0	32	81	1	50	3.40e-14	87.9
CFAV-KC_Cambodia_2015	SRA:SRX3113387.9195667.2	98.000	50	1	0	8671	8720	50	1	3.40e-14	87.9
CFAV-KC_Cambodia_2015	SRA:SRX3113387.7669736.2	100.000	47	0	0	8935	8981	1	47	3.40e-14	87.9
CFAV-KC_Cambodia_2015	SRA:SRX3113387.6598502.2	98.000	50	1	0	2452	2501	50	1	3.40e-14	87.9
CFAV-KC_Cambodia_2015	SRA:SRX3113387.6288282.2	98.000	50	1	0	5728	5777	50	1	3.40e-14	87.9
CFAV-KC_Cambodia_2015	SRA:SRX3113387.5866399.1	98.000	50	1	0	9248	9297	50	1	3.40e-14	87.9
CFAV-KC_Cambodia_2015	SRA:SRX3113387.5359043.2	98.000	50	1	0	7664	7713	50	1	3.40e-14	87.9
CFAV-KC_Cambodia_2015	SRA:SRX3113387.5359043.1	98.000	50	1	0	7479	7528	1	50	3.40e-14	87.9
CFAV-KC_Cambodia_2015	SRA:SRX3113387.5284965.2	98.000	50	1	0	7597	7646	1	50	3.40e-14	87.9
CFAV-KC_Cambodia_2015	SRA:SRX3113387.4044913.1	98.000	50	1	0	7659	7708	50	1	3.40e-14	87.9
CFAV-KC_Cambodia_2015	SRA:SRX3113387.4030176.2	98.000	50	1	0	5728	5777	50	1	3.40e-14	87.9
CFAV-KC_Cambodia_2015	SRA:SRX3113387.3831178.2	98.000	50	1	0	4504	4553	50	1	3.40e-14	87.9
CFAV-KC_Cambodia_2015	SRA:SRX3113387.3261520.2	98.000	50	1	0	10382	10431	1	50	3.40e-14	87.9
CFAV-KC_Cambodia_2015	SRA:SRX3113387.91606.1	98.000	50	1	0	8985	9034	50	1	3.40e-14	87.9
CFAV-KC_Cambodia_2015	SRA:SRX3113387.20962660.2	97.959	49	1	0	1967	2015	50	2	1.22e-13	86.1
CFAV-KC_Cambodia_2015	SRA:SRX3113387.3831178.1	97.959	49	1	0	4343	4391	2	50	1.22e-13	86.1
CFAV-KC_Cambodia_2015	SRA:SRX3113387.16430424.2	97.917	48	1	0	8673	8720	50	3	4.40e-13	84.2
CFAV-KC_Cambodia_2015	SRA:SRX3113387.13244892.2	97.917	48	1	0	3305	3352	3	50	4.40e-13	84.2
CFAV-KC_Cambodia_2015	SRA:SRX3113387.13244892.1	97.917	48	1	0	3609	3656	50	3	4.40e-13	84.2
CFAV-KC_Cambodia_2015	SRA:SRX3113387.11326069.1	97.917	48	1	0	3777	3824	50	3	4.40e-13	84.2
CFAV-KC_Cambodia_2015	SRA:SRX3113387.25598828.2	96.000	50	2	0	9142	9191	1	50	1.58e-12	82.4
CFAV-KC_Cambodia_2015	SRA:SRX3113387.24906380.1	96.000	50	2	0	7186	7235	50	1	1.58e-12	82.4
CFAV-KC_Cambodia_2015	SRA:SRX3113387.24716391.1	96.000	50	2	0	8463	8512	1	50	1.58e-12	82.4
CFAV-KC_Cambodia_2015	SRA:SRX3113387.21197823.1	96.000	50	2	0	10485	10534	50	1	1.58e-12	82.4
CFAV-KC_Cambodia_2015	SRA:SRX3113387.11894046.2	96.000	50	2	0	10227	10276	50	1	1.58e-12	82.4
CFAV-KC_Cambodia_2015	SRA:SRX3113387.11326069.2	96.000	50	2	0	3515	3564	1	50	1.58e-12	82.4
CFAV-KC_Cambodia_2015	SRA:SRX3113387.10148274.2	96.000	50	2	0	6912	6961	1	50	1.58e-12	82.4
CFAV-KC_Cambodia_2015	SRA:SRX3113387.9195667.1	96.000	50	2	0	8463	8512	1	50	1.58e-12	82.4
CFAV-KC_Cambodia_2015	SRA:SRX3113387.8960305.2	96.000	50	2	0	3952	4001	50	1	1.58e-12	82.4
CFAV-KC_Cambodia_2015	SRA:SRX3113387.8960305.1	96.000	50	2	0	3714	3763	1	50	1.58e-12	82.4
CFAV-KC_Cambodia_2015	SRA:SRX3113387.5246613.2	96.000	50	2	0	9151	9200	1	50	1.58e-12	82.4
CFAV-KC_Cambodia_2015	SRA:SRX3113387.3261520.1	96.000	50	2	0	10487	10536	50	1	1.58e-12	82.4
CFAV-KC_Cambodia_2015	SRA:SRX3113387.3051492.1	96.000	50	2	0	8113	8162	1	50	1.58e-12	82.4
CFAV-KC_Cambodia_2015	SRA:SRX3113387.241330.2	96.000	50	2	0	7588	7637	1	50	1.58e-12	82.4
CFAV-KC_Cambodia_2015	SRA:SRX3113387.91606.2	96.000	50	2	0	8893	8942	1	50	1.58e-12	82.4
CFAV-KC_Cambodia_2015	SRA:SRX3113387.12473985.1	95.918	49	2	0	7490	7538	1	49	5.69e-12	80.5
CFAV-KC_Cambodia_2015	SRA:SRX3113387.7669736.1	95.918	49	2	0	9211	9259	49	1	5.69e-12	80.5
CFAV-KC_Cambodia_2015	SRA:SRX3113387.24449141.2	95.833	48	2	0	1182	1229	50	3	2.05e-11	78.7
CFAV-KC_Cambodia_2015	SRA:SRX3113387.233681.1	94.000	50	3	0	4244	4293	1	50	7.36e-11	76.8
CFAV-KC_Cambodia_2015	SRA:SRX3113387.2210856.2	100.000	39	0	0	1584	1622	1	39	9.52e-10	73.1
CFAV-KC_Cambodia_2015	SRA:SRX3113387.22840611.2	92.000	50	4	0	3028	3077	1	50	3.42e-09	71.3
CFAV-KC_Cambodia_2015	SRA:SRX3113387.17106292.1	92.000	50	4	0	2393	2442	1	50	3.42e-09	71.3
CFAV-KC_Cambodia_2015	SRA:SRX3113387.16240804.2	95.122	41	2	0	3040	3080	43	3	1.59e-07	65.8
CFAV-KC_Cambodia_2015	SRA:SRX3113387.21585516.1	100.000	34	0	0	1630	1663	17	50	5.73e-07	63.9
CFAV-KC_Cambodia_2015	SRA:SRX3113387.7113066.1	92.308	39	3	0	10338	10376	1	39	9.58e-05	56.5
CFAV-Zik_Uganda_2016	SRA:SRX3113387.25598828.2	100.000	50	0	0	9142	9191	1	50	7.30e-16	93.5
CFAV-Zik_Uganda_2016	SRA:SRX3113387.21028909.2	100.000	50	0	0	5515	5564	1	50	7.30e-16	93.5
CFAV-Zik_Uganda_2016	SRA:SRX3113387.19006971.1	100.000	50	0	0	6846	6895	1	50	7.30e-16	93.5
CFAV-Zik_Uganda_2016	SRA:SRX3113387.17803422.1	100.000	50	0	0	5524	5573	1	50	7.30e-16	93.5
CFAV-Zik_Uganda_2016	SRA:SRX3113387.17106292.1	100.000	50	0	0	2393	2442	1	50	7.30e-16	93.5
CFAV-Zik_Uganda_2016	SRA:SRX3113387.16430424.1	100.000	50	0	0	8438	8487	1	50	7.30e-16	93.5
CFAV-Zik_Uganda_2016	SRA:SRX3113387.14130262.2	100.000	50	0	0	2550	2599	1	50	7.30e-16	93.5
CFAV-Zik_Uganda_2016	SRA:SRX3113387.11447660.2	100.000	50	0	0	2795	2844	1	50	7.30e-16	93.5
CFAV-Zik_Uganda_2016	SRA:SRX3113387.11121613.1	100.000	50	0	0	3426	3475	1	50	7.30e-16	93.5
CFAV-Zik_Uganda_2016	SRA:SRX3113387.9326910.1	100.000	50	0	0	32	81	1	50	7.30e-16	93.5
CFAV-Zik_Uganda_2016	SRA:SRX3113387.8960305.2	100.000	50	0	0	3952	4001	50	1	7.30e-16	93.5
CFAV-Zik_Uganda_2016	SRA:SRX3113387.6467087.1	100.000	50	0	0	5128	5177	50	1	7.30e-16	93.5
CFAV-Zik_Uganda_2016	SRA:SRX3113387.5359043.2	100.000	50	0	0	7664	7713	50	1	7.30e-16	93.5
CFAV-Zik_Uganda_2016	SRA:SRX3113387.5246613.2	100.000	50	0	0	9151	9200	1	50	7.30e-16	93.5
CFAV-Zik_Uganda_2016	SRA:SRX3113387.4188561.2	100.000	50	0	0	3423	3472	1	50	7.30e-16	93.5
CFAV-Zik_Uganda_2016	SRA:SRX3113387.4044913.1	100.000	50	0	0	7659	7708	50	1	7.30e-16	93.5
CFAV-Zik_Uganda_2016	SRA:SRX3113387.3831178.2	100.000	50	0	0	4504	4553	50	1	7.30e-16	93.5
CFAV-Zik_Uganda_2016	SRA:SRX3113387.2599861.2	100.000	50	0	0	5818	5867	1	50	7.30e-16	93.5
CFAV-Zik_Uganda_2016	SRA:SRX3113387.21705037.1	100.000	49	0	0	2773	2821	2	50	2.63e-15	91.6
CFAV-Zik_Uganda_2016	SRA:SRX3113387.10148274.1	100.000	49	0	0	7177	7225	50	2	2.63e-15	91.6
CFAV-Zik_Uganda_2016	SRA:SRX3113387.9470968.2	100.000	49	0	0	8017	8065	49	1	2.63e-15	91.6
CFAV-Zik_Uganda_2016	SRA:SRX3113387.2645847.2	100.000	49	0	0	8017	8065	49	1	2.63e-15	91.6
CFAV-Zik_Uganda_2016	SRA:SRX3113387.13244892.1	100.000	48	0	0	3609	3656	50	3	9.45e-15	89.8
CFAV-Zik_Uganda_2016	SRA:SRX3113387.25354782.1	98.000	50	1	0	3583	3632	50	1	3.40e-14	87.9
CFAV-Zik_Uganda_2016	SRA:SRX3113387.25071064.2	98.000	50	1	0	4814	4863	1	50	3.40e-14	87.9
CFAV-Zik_Uganda_2016	SRA:SRX3113387.24906380.2	98.000	50	1	0	7048	7097	1	50	3.40e-14	87.9
CFAV-Zik_Uganda_2016	SRA:SRX3113387.24606484.2	100.000	47	0	0	751	797	48	2	3.40e-14	87.9
CFAV-Zik_Uganda_2016	SRA:SRX3113387.24449141.2	98.000	50	1	0	1182	1231	50	1	3.40e-14	87.9
CFAV-Zik_Uganda_2016	SRA:SRX3113387.23204196.1	98.000	50	1	0	3583	3632	50	1	3.40e-14	87.9
CFAV-Zik_Uganda_2016	SRA:SRX3113387.22840611.2	98.000	50	1	0	3028	3077	1	50	3.40e-14	87.9
CFAV-Zik_Uganda_2016	SRA:SRX3113387.21705037.2	98.000	50	1	0	3066	3115	50	1	3.40e-14	87.9
CFAV-Zik_Uganda_2016	SRA:SRX3113387.21197823.2	98.000	50	1	0	10366	10415	1	50	3.40e-14	87.9
CFAV-Zik_Uganda_2016	SRA:SRX3113387.21028909.1	98.000	50	1	0	5926	5975	50	1	3.40e-14	87.9
CFAV-Zik_Uganda_2016	SRA:SRX3113387.20962660.1	98.000	50	1	0	1738	1787	1	50	3.40e-14	87.9
CFAV-Zik_Uganda_2016	SRA:SRX3113387.18497828.2	98.000	50	1	0	3996	4045	1	50	3.40e-14	87.9
CFAV-Zik_Uganda_2016	SRA:SRX3113387.17318409.2	98.000	50	1	0	3583	3632	50	1	3.40e-14	87.9
CFAV-Zik_Uganda_2016	SRA:SRX3113387.15752138.2	98.000	50	1	0	2433	2482	50	1	3.40e-14	87.9
CFAV-Zik_Uganda_2016	SRA:SRX3113387.15594032.1	98.000	50	1	0	9771	9820	1	50	3.40e-14	87.9
CFAV-Zik_Uganda_2016	SRA:SRX3113387.14615948.1	98.000	50	1	0	7028	7077	1	50	3.40e-14	87.9
CFAV-Zik_Uganda_2016	SRA:SRX3113387.12561208.1	98.000	50	1	0	2452	2501	50	1	3.40e-14	87.9
CFAV-Zik_Uganda_2016	SRA:SRX3113387.11121613.2	98.000	50	1	0	3771	3820	50	1	3.40e-14	87.9
CFAV-Zik_Uganda_2016	SRA:SRX3113387.10585362.2	98.000	50	1	0	10084	10133	50	1	3.40e-14	87.9
CFAV-Zik_Uganda_2016	SRA:SRX3113387.9230836.2	98.000	50	1	0	5312	5361	50	1	3.40e-14	87.9
CFAV-Zik_Uganda_2016	SRA:SRX3113387.6598502.2	98.000	50	1	0	2452	2501	50	1	3.40e-14	87.9
CFAV-Zik_Uganda_2016	SRA:SRX3113387.6296989.2	98.000	50	1	0	3612	3661	50	1	3.40e-14	87.9
CFAV-Zik_Uganda_2016	SRA:SRX3113387.6296989.1	98.000	50	1	0	3474	3523	1	50	3.40e-14	87.9
CFAV-Zik_Uganda_2016	SRA:SRX3113387.6288282.1	98.000	50	1	0	5525	5574	1	50	3.40e-14	87.9
CFAV-Zik_Uganda_2016	SRA:SRX3113387.5382368.1	98.000	50	1	0	10046	10095	50	1	3.40e-14	87.9
CFAV-Zik_Uganda_2016	SRA:SRX3113387.5227227.2	98.000	50	1	0	3087	3136	1	50	3.40e-14	87.9
CFAV-Zik_Uganda_2016	SRA:SRX3113387.5227227.1	98.000	50	1	0	3186	3235	50	1	3.40e-14	87.9
CFAV-Zik_Uganda_2016	SRA:SRX3113387.4030176.1	98.000	50	1	0	5525	5574	1	50	3.40e-14	87.9
CFAV-Zik_Uganda_2016	SRA:SRX3113387.3261520.2	98.000	50	1	0	10382	10431	1	50	3.40e-14	87.9
CFAV-Zik_Uganda_2016	SRA:SRX3113387.3051492.2	98.000	50	1	0	8339	8388	50	1	3.40e-14	87.9
CFAV-Zik_Uganda_2016	SRA:SRX3113387.25071064.1	97.959	49	1	0	5074	5122	49	1	1.22e-13	86.1
CFAV-Zik_Uganda_2016	SRA:SRX3113387.24716391.2	97.959	49	1	0	8672	8720	49	1	1.22e-13	86.1
CFAV-Zik_Uganda_2016	SRA:SRX3113387.9195667.2	97.959	49	1	0	8672	8720	49	1	1.22e-13	86.1
CFAV-Zik_Uganda_2016	SRA:SRX3113387.16430424.2	97.917	48	1	0	8673	8720	50	3	4.40e-13	84.2
CFAV-Zik_Uganda_2016	SRA:SRX3113387.13244892.2	97.917	48	1	0	3305	3352	3	50	4.40e-13	84.2
CFAV-Zik_Uganda_2016	SRA:SRX3113387.11447660.1	97.917	48	1	0	2865	2912	50	3	4.40e-13	84.2
CFAV-Zik_Uganda_2016	SRA:SRX3113387.11326069.1	97.917	48	1	0	3777	3824	50	3	4.40e-13	84.2
CFAV-Zik_Uganda_2016	SRA:SRX3113387.5359043.1	100.000	45	0	0	7479	7523	1	45	4.40e-13	84.2
CFAV-Zik_Uganda_2016	SRA:SRX3113387.25354782.2	96.000	50	2	0	3363	3412	1	50	1.58e-12	82.4
CFAV-Zik_Uganda_2016	SRA:SRX3113387.24906380.1	96.000	50	2	0	7186	7235	50	1	1.58e-12	82.4
CFAV-Zik_Uganda_2016	SRA:SRX3113387.24716391.1	96.000	50	2	0	8463	8512	1	50	1.58e-12	82.4
CFAV-Zik_Uganda_2016	SRA:SRX3113387.24606484.1	96.000	50	2	0	561	610	1	50	1.58e-12	82.4
CFAV-Zik_Uganda_2016	SRA:SRX3113387.23204196.2	96.000	50	2	0	3363	3412	1	50	1.58e-12	82.4
CFAV-Zik_Uganda_2016	SRA:SRX3113387.21341384.1	97.872	47	1	0	4900	4946	50	4	1.58e-12	82.4
CFAV-Zik_Uganda_2016	SRA:SRX3113387.21197823.1	96.000	50	2	0	10485	10534	50	1	1.58e-12	82.4
CFAV-Zik_Uganda_2016	SRA:SRX3113387.18497828.1	96.000	50	2	0	4442	4491	50	1	1.58e-12	82.4
CFAV-Zik_Uganda_2016	SRA:SRX3113387.17318409.1	96.000	50	2	0	3363	3412	1	50	1.58e-12	82.4
CFAV-Zik_Uganda_2016	SRA:SRX3113387.14615948.2	96.000	50	2	0	7234	7283	50	1	1.58e-12	82.4
CFAV-Zik_Uganda_2016	SRA:SRX3113387.10148274.2	96.000	50	2	0	6912	6961	1	50	1.58e-12	82.4
CFAV-Zik_Uganda_2016	SRA:SRX3113387.9470968.1	96.000	50	2	0	7905	7954	1	50	1.58e-12	82.4
CFAV-Zik_Uganda_2016	SRA:SRX3113387.9195667.1	96.000	50	2	0	8463	8512	1	50	1.58e-12	82.4
CFAV-Zik_Uganda_2016	SRA:SRX3113387.8960305.1	96.000	50	2	0	3714	3763	1	50	1.58e-12	82.4
CFAV-Zik_Uganda_2016	SRA:SRX3113387.7814359.1	96.000	50	2	0	4912	4961	1	50	1.58e-12	82.4
CFAV-Zik_Uganda_2016	SRA:SRX3113387.7669736.2	97.872	47	1	0	8935	8981	1	47	1.58e-12	82.4
CFAV-Zik_Uganda_2016	SRA:SRX3113387.6467087.2	96.000	50	2	0	5041	5090	1	50	1.58e-12	82.4
CFAV-Zik_Uganda_2016	SRA:SRX3113387.5284965.2	96.000	50	2	0	7597	7646	1	50	1.58e-12	82.4
CFAV-Zik_Uganda_2016	SRA:SRX3113387.3261520.1	96.000	50	2	0	10487	10536	50	1	1.58e-12	82.4
CFAV-Zik_Uganda_2016	SRA:SRX3113387.2645847.1	96.000	50	2	0	7905	7954	1	50	1.58e-12	82.4
CFAV-Zik_Uganda_2016	SRA:SRX3113387.2599861.1	96.000	50	2	0	5997	6046	50	1	1.58e-12	82.4
CFAV-Zik_Uganda_2016	SRA:SRX3113387.16240804.2	95.918	49	2	0	3033	3081	50	2	5.69e-12	80.5
CFAV-Zik_Uganda_2016	SRA:SRX3113387.17106292.2	94.000	50	3	0	2658	2707	50	1	7.36e-11	76.8
CFAV-Zik_Uganda_2016	SRA:SRX3113387.3051492.1	94.000	50	3	0	8113	8162	1	50	7.36e-11	76.8
CFAV-Zik_Uganda_2016	SRA:SRX3113387.241330.2	94.000	50	3	0	7588	7637	1	50	7.36e-11	76.8
CFAV-Zik_Uganda_2016	SRA:SRX3113387.23858247.2	93.878	49	3	0	6024	6072	50	2	2.65e-10	75.0
CFAV-Zik_Uganda_2016	SRA:SRX3113387.12473985.1	93.878	49	3	0	7490	7538	1	49	2.65e-10	75.0
CFAV-Zik_Uganda_2016	SRA:SRX3113387.6816251.2	93.878	49	3	0	6024	6072	50	2	2.65e-10	75.0
CFAV-Zik_Uganda_2016	SRA:SRX3113387.11894046.2	97.619	42	1	0	10227	10268	50	9	9.52e-10	73.1
CFAV-Zik_Uganda_2016	SRA:SRX3113387.7113066.1	100.000	39	0	0	10338	10376	1	39	9.52e-10	73.1
CFAV-Zik_Uganda_2016	SRA:SRX3113387.2210856.2	100.000	39	0	0	1584	1622	1	39	9.52e-10	73.1
CFAV-Zik_Uganda_2016	SRA:SRX3113387.23530603.2	97.368	38	0	1	6419	6456	50	14	5.73e-07	63.9
CFAV-Zik_Uganda_2016	SRA:SRX3113387.21585516.1	100.000	34	0	0	1630	1663	17	50	5.73e-07	63.9
