CFAV-Bangkok_Thailand_2015	SRA:SRX313454.33306332.1	96.970	33	0	1	4041	4073	32	1	6.18e-05	54.7
CFAV-Bangkok_Thailand_2015	SRA:SRX313454.32028115.1	96.875	32	1	0	3901	3932	32	1	6.18e-05	54.7
CFAV-Bangkok_Thailand_2015	SRA:SRX313454.30454056.1	100.000	29	0	0	8695	8723	1	29	6.18e-05	54.7
CFAV-Bangkok_Thailand_2015	SRA:SRX313454.29204834.1	96.970	33	0	1	4041	4073	32	1	6.18e-05	54.7
CFAV-Bangkok_Thailand_2015	SRA:SRX313454.28495287.1	96.970	33	0	1	3906	3937	33	1	6.18e-05	54.7
CFAV-Bangkok_Thailand_2015	SRA:SRX313454.28381359.1	96.875	32	1	0	3901	3932	32	1	6.18e-05	54.7
CFAV-Bangkok_Thailand_2015	SRA:SRX313454.23472623.1	96.875	32	1	0	3901	3932	32	1	6.18e-05	54.7
CFAV-Bangkok_Thailand_2015	SRA:SRX313454.20602677.1	100.000	29	0	0	8695	8723	1	29	6.18e-05	54.7
CFAV-Bangkok_Thailand_2015	SRA:SRX313454.17765137.1	100.000	29	0	0	4154	4182	29	1	6.18e-05	54.7
CFAV-Bangkok_Thailand_2015	SRA:SRX313454.16829555.1	96.875	32	1	0	3901	3932	32	1	6.18e-05	54.7
CFAV-Bangkok_Thailand_2015	SRA:SRX313454.15329553.1	96.875	32	1	0	3901	3932	32	1	6.18e-05	54.7
CFAV-Bangkok_Thailand_2015	SRA:SRX313454.14164879.1	100.000	29	0	0	4042	4070	29	1	6.18e-05	54.7
CFAV-Bangkok_Thailand_2015	SRA:SRX313454.13560845.1	96.970	33	0	1	3906	3937	33	1	6.18e-05	54.7
CFAV-Bangkok_Thailand_2015	SRA:SRX313454.31890703.1	100.000	28	0	0	3916	3943	28	1	2.22e-04	52.8
CFAV-Bangkok_Thailand_2015	SRA:SRX313454.30758670.1	100.000	28	0	0	8688	8715	1	28	2.22e-04	52.8
CFAV-Bangkok_Thailand_2015	SRA:SRX313454.28742945.1	100.000	28	0	0	8688	8715	1	28	2.22e-04	52.8
CFAV-Bangkok_Thailand_2015	SRA:SRX313454.19228282.1	100.000	28	0	0	3916	3943	28	1	2.22e-04	52.8
CFAV-Bangkok_Thailand_2015	SRA:SRX313454.15030338.1	100.000	28	0	0	8688	8715	1	28	2.22e-04	52.8
CFAV-Bangkok_Thailand_2015	SRA:SRX313454.7812571.1	100.000	28	0	0	8688	8715	1	28	2.22e-04	52.8
CFAV-Bangkok_Thailand_2015	SRA:SRX313454.24036922.1	100.000	27	0	0	3933	3959	27	1	7.99e-04	51.0
NC_001564	SRA:SRX313454.428612.1	100.000	30	0	0	8675	8704	1	30	1.72e-05	56.5
NC_001564	SRA:SRX313454.33306332.1	96.970	33	0	1	4048	4080	32	1	6.19e-05	54.7
NC_001564	SRA:SRX313454.32451943.1	100.000	29	0	0	8675	8703	1	29	6.19e-05	54.7
NC_001564	SRA:SRX313454.29204834.1	96.970	33	0	1	4048	4080	32	1	6.19e-05	54.7
NC_001564	SRA:SRX313454.17765137.1	100.000	29	0	0	4161	4189	29	1	6.19e-05	54.7
NC_001564	SRA:SRX313454.14164879.1	100.000	29	0	0	4049	4077	29	1	6.19e-05	54.7
NC_001564	SRA:SRX313454.25499592.1	96.875	32	0	1	3935	3966	31	1	2.23e-04	52.8
NC_001564	SRA:SRX313454.24036922.1	96.875	32	0	1	3935	3966	31	1	2.23e-04	52.8
CFAV-Cairns_Australia_2014	SRA:SRX313454.33306332.1	96.970	33	0	1	4047	4079	32	1	6.19e-05	54.7
CFAV-Cairns_Australia_2014	SRA:SRX313454.29204834.1	96.970	33	0	1	4047	4079	32	1	6.19e-05	54.7
CFAV-Cairns_Australia_2014	SRA:SRX313454.17765137.1	100.000	29	0	0	4160	4188	29	1	6.19e-05	54.7
CFAV-Cairns_Australia_2014	SRA:SRX313454.14164879.1	100.000	29	0	0	4048	4076	29	1	6.19e-05	54.7
CFAV-Cairns_Australia_2014	SRA:SRX313454.24036922.1	100.000	27	0	0	3939	3965	27	1	8.01e-04	51.0
CFAV-Macapa2_Brazil_2017	SRA:SRX313454.22539210.1	100.000	32	0	0	4027	4058	32	1	1.33e-06	60.2
CFAV-Macapa2_Brazil_2017	SRA:SRX313454.33306332.1	96.970	33	0	1	4048	4080	32	1	6.19e-05	54.7
CFAV-Macapa2_Brazil_2017	SRA:SRX313454.29204834.1	96.970	33	0	1	4048	4080	32	1	6.19e-05	54.7
CFAV-Macapa2_Brazil_2017	SRA:SRX313454.14164879.1	100.000	29	0	0	4049	4077	29	1	6.19e-05	54.7
CFAV-Macapa2_Brazil_2017	SRA:SRX313454.25499592.1	96.875	32	0	1	3935	3966	31	1	2.23e-04	52.8
CFAV-Macapa2_Brazil_2017	SRA:SRX313454.24036922.1	96.875	32	0	1	3935	3966	31	1	2.23e-04	52.8
CFAV-Macapa2_Brazil_2017	SRA:SRX313454.428612.1	100.000	28	0	0	8677	8704	3	30	2.23e-04	52.8
CFAV-KC_Cambodia_2015	SRA:SRX313454.31890703.1	100.000	30	0	0	3932	3961	30	1	1.72e-05	56.5
CFAV-KC_Cambodia_2015	SRA:SRX313454.19228282.1	100.000	30	0	0	3932	3961	30	1	1.72e-05	56.5
CFAV-KC_Cambodia_2015	SRA:SRX313454.33306332.1	96.970	33	0	1	4059	4091	32	1	6.20e-05	54.7
CFAV-KC_Cambodia_2015	SRA:SRX313454.30454056.1	100.000	29	0	0	8713	8741	1	29	6.20e-05	54.7
CFAV-KC_Cambodia_2015	SRA:SRX313454.29204834.1	96.970	33	0	1	4059	4091	32	1	6.20e-05	54.7
CFAV-KC_Cambodia_2015	SRA:SRX313454.20602677.1	100.000	29	0	0	8713	8741	1	29	6.20e-05	54.7
CFAV-KC_Cambodia_2015	SRA:SRX313454.17765137.1	100.000	29	0	0	4172	4200	29	1	6.20e-05	54.7
CFAV-KC_Cambodia_2015	SRA:SRX313454.14164879.1	100.000	29	0	0	4060	4088	29	1	6.20e-05	54.7
CFAV-KC_Cambodia_2015	SRA:SRX313454.30758670.1	100.000	28	0	0	8706	8733	1	28	2.23e-04	52.8
CFAV-KC_Cambodia_2015	SRA:SRX313454.28742945.1	100.000	28	0	0	8706	8733	1	28	2.23e-04	52.8
CFAV-KC_Cambodia_2015	SRA:SRX313454.15030338.1	100.000	28	0	0	8706	8733	1	28	2.23e-04	52.8
CFAV-KC_Cambodia_2015	SRA:SRX313454.7812571.1	100.000	28	0	0	8706	8733	1	28	2.23e-04	52.8
CFAV-KC_Cambodia_2015	SRA:SRX313454.24036922.1	100.000	27	0	0	3951	3977	27	1	8.02e-04	51.0
CFAV-Zik_Uganda_2016	SRA:SRX313454.32451943.1	96.875	32	0	1	8686	8717	1	31	2.23e-04	52.8
CFAV-Zik_Uganda_2016	SRA:SRX313454.428612.1	100.000	28	0	0	8686	8713	1	28	2.23e-04	52.8
CFAV-Zik_Uganda_2016	SRA:SRX313454.24036922.1	100.000	27	0	0	3951	3977	27	1	8.02e-04	51.0
