CFAV-Bangkok_Thailand_2015	SRA:SRX3119668.1716226.1	100.000	31	0	0	3601	3631	31	1	2.48e-06	58.4
CFAV-Bangkok_Thailand_2015	SRA:SRX3119668.2970726.1	96.970	33	1	0	3859	3891	33	1	8.91e-06	56.5
CFAV-Bangkok_Thailand_2015	SRA:SRX3119668.3568401.1	100.000	29	0	0	3658	3686	29	1	3.21e-05	54.7
CFAV-Bangkok_Thailand_2015	SRA:SRX3119668.2479705.1	100.000	29	0	0	3658	3686	29	1	3.21e-05	54.7
CFAV-Bangkok_Thailand_2015	SRA:SRX3119668.2464519.1	100.000	29	0	0	3658	3686	29	1	3.21e-05	54.7
CFAV-Bangkok_Thailand_2015	SRA:SRX3119668.1472620.1	100.000	29	0	0	3658	3686	29	1	3.21e-05	54.7
CFAV-Bangkok_Thailand_2015	SRA:SRX3119668.366419.1	100.000	29	0	0	3658	3686	29	1	3.21e-05	54.7
CFAV-Bangkok_Thailand_2015	SRA:SRX3119668.3705412.1	96.875	32	0	1	3860	3891	31	1	1.15e-04	52.8
CFAV-Bangkok_Thailand_2015	SRA:SRX3119668.202900.1	100.000	27	0	0	3662	3688	27	1	4.15e-04	51.0
CFAV-Bangkok_Thailand_2015	SRA:SRX3119668.3685222.1	100.000	26	0	0	3610	3635	26	1	0.001	49.1
NC_001564	SRA:SRX3119668.3958181.1	100.000	33	0	0	3866	3898	33	1	1.92e-07	62.1
NC_001564	SRA:SRX3119668.2970726.1	100.000	33	0	0	3866	3898	33	1	1.92e-07	62.1
NC_001564	SRA:SRX3119668.2948920.1	100.000	33	0	0	3866	3898	33	1	1.92e-07	62.1
NC_001564	SRA:SRX3119668.1716226.1	100.000	31	0	0	3608	3638	31	1	2.48e-06	58.4
NC_001564	SRA:SRX3119668.3705412.1	100.000	30	0	0	3869	3898	30	1	8.93e-06	56.5
NC_001564	SRA:SRX3119668.3490369.1	100.000	30	0	0	3869	3898	30	1	8.93e-06	56.5
NC_001564	SRA:SRX3119668.2710463.1	100.000	30	0	0	3869	3898	30	1	8.93e-06	56.5
NC_001564	SRA:SRX3119668.2161103.1	100.000	30	0	0	3869	3898	30	1	8.93e-06	56.5
NC_001564	SRA:SRX3119668.3568401.1	100.000	29	0	0	3665	3693	29	1	3.21e-05	54.7
NC_001564	SRA:SRX3119668.3059441.1	100.000	29	0	0	3880	3908	29	1	3.21e-05	54.7
NC_001564	SRA:SRX3119668.2479705.1	100.000	29	0	0	3665	3693	29	1	3.21e-05	54.7
NC_001564	SRA:SRX3119668.2464519.1	100.000	29	0	0	3665	3693	29	1	3.21e-05	54.7
NC_001564	SRA:SRX3119668.1472620.1	100.000	29	0	0	3665	3693	29	1	3.21e-05	54.7
NC_001564	SRA:SRX3119668.366419.1	100.000	29	0	0	3665	3693	29	1	3.21e-05	54.7
NC_001564	SRA:SRX3119668.3956716.1	100.000	27	0	0	3810	3836	27	1	4.15e-04	51.0
NC_001564	SRA:SRX3119668.202900.1	100.000	27	0	0	3669	3695	27	1	4.15e-04	51.0
NC_001564	SRA:SRX3119668.3685222.1	100.000	26	0	0	3617	3642	26	1	0.001	49.1
CFAV-Cairns_Australia_2014	SRA:SRX3119668.3958181.1	100.000	33	0	0	3865	3897	33	1	1.92e-07	62.1
CFAV-Cairns_Australia_2014	SRA:SRX3119668.2970726.1	100.000	33	0	0	3865	3897	33	1	1.92e-07	62.1
CFAV-Cairns_Australia_2014	SRA:SRX3119668.2948920.1	100.000	33	0	0	3865	3897	33	1	1.92e-07	62.1
CFAV-Cairns_Australia_2014	SRA:SRX3119668.1716226.1	100.000	31	0	0	3607	3637	31	1	2.48e-06	58.4
CFAV-Cairns_Australia_2014	SRA:SRX3119668.3705412.1	100.000	30	0	0	3868	3897	30	1	8.93e-06	56.5
CFAV-Cairns_Australia_2014	SRA:SRX3119668.3490369.1	100.000	30	0	0	3868	3897	30	1	8.93e-06	56.5
CFAV-Cairns_Australia_2014	SRA:SRX3119668.2710463.1	100.000	30	0	0	3868	3897	30	1	8.93e-06	56.5
CFAV-Cairns_Australia_2014	SRA:SRX3119668.2161103.1	100.000	30	0	0	3868	3897	30	1	8.93e-06	56.5
CFAV-Cairns_Australia_2014	SRA:SRX3119668.3568401.1	100.000	29	0	0	3664	3692	29	1	3.21e-05	54.7
CFAV-Cairns_Australia_2014	SRA:SRX3119668.3059441.1	100.000	29	0	0	3879	3907	29	1	3.21e-05	54.7
CFAV-Cairns_Australia_2014	SRA:SRX3119668.2479705.1	100.000	29	0	0	3664	3692	29	1	3.21e-05	54.7
CFAV-Cairns_Australia_2014	SRA:SRX3119668.2464519.1	100.000	29	0	0	3664	3692	29	1	3.21e-05	54.7
CFAV-Cairns_Australia_2014	SRA:SRX3119668.1472620.1	100.000	29	0	0	3664	3692	29	1	3.21e-05	54.7
CFAV-Cairns_Australia_2014	SRA:SRX3119668.366419.1	100.000	29	0	0	3664	3692	29	1	3.21e-05	54.7
CFAV-Cairns_Australia_2014	SRA:SRX3119668.3956716.1	100.000	27	0	0	3809	3835	27	1	4.16e-04	51.0
CFAV-Cairns_Australia_2014	SRA:SRX3119668.202900.1	100.000	27	0	0	3668	3694	27	1	4.16e-04	51.0
CFAV-Cairns_Australia_2014	SRA:SRX3119668.3685222.1	100.000	26	0	0	3616	3641	26	1	0.001	49.1
CFAV-Macapa2_Brazil_2017	SRA:SRX3119668.1716226.1	100.000	31	0	0	3608	3638	31	1	2.48e-06	58.4
CFAV-Macapa2_Brazil_2017	SRA:SRX3119668.3755655.1	100.000	28	0	0	3762	3789	28	1	1.16e-04	52.8
CFAV-Macapa2_Brazil_2017	SRA:SRX3119668.3321247.1	100.000	28	0	0	3762	3789	28	1	1.16e-04	52.8
CFAV-Macapa2_Brazil_2017	SRA:SRX3119668.908576.1	100.000	28	0	0	3762	3789	28	1	1.16e-04	52.8
CFAV-Macapa2_Brazil_2017	SRA:SRX3119668.615216.1	100.000	28	0	0	3762	3789	28	1	1.16e-04	52.8
CFAV-Macapa2_Brazil_2017	SRA:SRX3119668.3685222.1	100.000	26	0	0	3617	3642	26	1	0.001	49.1
CFAV-KC_Cambodia_2015	SRA:SRX3119668.4069913.1	100.000	30	0	0	3762	3791	30	1	8.94e-06	56.5
CFAV-KC_Cambodia_2015	SRA:SRX3119668.2783411.1	100.000	30	0	0	3762	3791	30	1	8.94e-06	56.5
CFAV-KC_Cambodia_2015	SRA:SRX3119668.2645285.1	100.000	30	0	0	3762	3791	30	1	8.94e-06	56.5
CFAV-KC_Cambodia_2015	SRA:SRX3119668.2493178.1	100.000	30	0	0	3762	3791	30	1	8.94e-06	56.5
CFAV-KC_Cambodia_2015	SRA:SRX3119668.1389801.1	100.000	30	0	0	3762	3791	30	1	8.94e-06	56.5
CFAV-KC_Cambodia_2015	SRA:SRX3119668.3568401.1	100.000	29	0	0	3676	3704	29	1	3.22e-05	54.7
CFAV-KC_Cambodia_2015	SRA:SRX3119668.2479705.1	100.000	29	0	0	3676	3704	29	1	3.22e-05	54.7
CFAV-KC_Cambodia_2015	SRA:SRX3119668.2464519.1	100.000	29	0	0	3676	3704	29	1	3.22e-05	54.7
CFAV-KC_Cambodia_2015	SRA:SRX3119668.1472620.1	100.000	29	0	0	3676	3704	29	1	3.22e-05	54.7
CFAV-KC_Cambodia_2015	SRA:SRX3119668.366419.1	100.000	29	0	0	3676	3704	29	1	3.22e-05	54.7
CFAV-KC_Cambodia_2015	SRA:SRX3119668.3755655.1	96.875	32	0	1	3769	3800	31	1	1.16e-04	52.8
CFAV-KC_Cambodia_2015	SRA:SRX3119668.3321247.1	96.875	32	0	1	3769	3800	31	1	1.16e-04	52.8
CFAV-KC_Cambodia_2015	SRA:SRX3119668.908576.1	96.875	32	0	1	3769	3800	31	1	1.16e-04	52.8
CFAV-KC_Cambodia_2015	SRA:SRX3119668.615216.1	96.875	32	0	1	3769	3800	31	1	1.16e-04	52.8
CFAV-KC_Cambodia_2015	SRA:SRX3119668.202900.1	100.000	27	0	0	3680	3706	27	1	4.16e-04	51.0
CFAV-Zik_Uganda_2016	SRA:SRX3119668.3958181.1	100.000	33	0	0	3877	3909	33	1	1.92e-07	62.1
CFAV-Zik_Uganda_2016	SRA:SRX3119668.2970726.1	100.000	33	0	0	3877	3909	33	1	1.92e-07	62.1
CFAV-Zik_Uganda_2016	SRA:SRX3119668.2948920.1	100.000	33	0	0	3877	3909	33	1	1.92e-07	62.1
CFAV-Zik_Uganda_2016	SRA:SRX3119668.3568401.1	100.000	31	0	0	3674	3704	31	1	2.49e-06	58.4
CFAV-Zik_Uganda_2016	SRA:SRX3119668.2479705.1	100.000	31	0	0	3674	3704	31	1	2.49e-06	58.4
CFAV-Zik_Uganda_2016	SRA:SRX3119668.2464519.1	100.000	31	0	0	3674	3704	31	1	2.49e-06	58.4
CFAV-Zik_Uganda_2016	SRA:SRX3119668.1716226.1	100.000	31	0	0	3619	3649	31	1	2.49e-06	58.4
CFAV-Zik_Uganda_2016	SRA:SRX3119668.1472620.1	100.000	31	0	0	3674	3704	31	1	2.49e-06	58.4
CFAV-Zik_Uganda_2016	SRA:SRX3119668.366419.1	100.000	31	0	0	3674	3704	31	1	2.49e-06	58.4
CFAV-Zik_Uganda_2016	SRA:SRX3119668.4069913.1	100.000	30	0	0	3762	3791	30	1	8.94e-06	56.5
CFAV-Zik_Uganda_2016	SRA:SRX3119668.3705412.1	100.000	30	0	0	3880	3909	30	1	8.94e-06	56.5
CFAV-Zik_Uganda_2016	SRA:SRX3119668.3490369.1	100.000	30	0	0	3880	3909	30	1	8.94e-06	56.5
CFAV-Zik_Uganda_2016	SRA:SRX3119668.2783411.1	100.000	30	0	0	3762	3791	30	1	8.94e-06	56.5
CFAV-Zik_Uganda_2016	SRA:SRX3119668.2710463.1	100.000	30	0	0	3880	3909	30	1	8.94e-06	56.5
CFAV-Zik_Uganda_2016	SRA:SRX3119668.2645285.1	100.000	30	0	0	3762	3791	30	1	8.94e-06	56.5
CFAV-Zik_Uganda_2016	SRA:SRX3119668.2493178.1	100.000	30	0	0	3762	3791	30	1	8.94e-06	56.5
CFAV-Zik_Uganda_2016	SRA:SRX3119668.2161103.1	100.000	30	0	0	3880	3909	30	1	8.94e-06	56.5
CFAV-Zik_Uganda_2016	SRA:SRX3119668.1389801.1	100.000	30	0	0	3762	3791	30	1	8.94e-06	56.5
CFAV-Zik_Uganda_2016	SRA:SRX3119668.3059441.1	100.000	29	0	0	3891	3919	29	1	3.22e-05	54.7
CFAV-Zik_Uganda_2016	SRA:SRX3119668.3755655.1	96.875	32	0	1	3769	3800	31	1	1.16e-04	52.8
CFAV-Zik_Uganda_2016	SRA:SRX3119668.3321247.1	96.875	32	0	1	3769	3800	31	1	1.16e-04	52.8
CFAV-Zik_Uganda_2016	SRA:SRX3119668.1337884.1	96.774	31	1	0	3674	3704	31	1	1.16e-04	52.8
CFAV-Zik_Uganda_2016	SRA:SRX3119668.908576.1	96.875	32	0	1	3769	3800	31	1	1.16e-04	52.8
CFAV-Zik_Uganda_2016	SRA:SRX3119668.615216.1	96.875	32	0	1	3769	3800	31	1	1.16e-04	52.8
CFAV-Zik_Uganda_2016	SRA:SRX3119668.202900.1	100.000	27	0	0	3680	3706	27	1	4.16e-04	51.0
CFAV-Zik_Uganda_2016	SRA:SRX3119668.3685222.1	100.000	26	0	0	3628	3653	26	1	0.001	49.1
