CFAV-Bangkok_Thailand_2015	SRA:SRX313445.32119926.1	100.000	29	0	0	4154	4182	29	1	7.07e-05	54.7
CFAV-Bangkok_Thailand_2015	SRA:SRX313445.31277593.1	100.000	29	0	0	7365	7393	1	29	7.07e-05	54.7
CFAV-Bangkok_Thailand_2015	SRA:SRX313445.31277584.1	100.000	29	0	0	7365	7393	1	29	7.07e-05	54.7
CFAV-Bangkok_Thailand_2015	SRA:SRX313445.28387874.1	100.000	29	0	0	4154	4182	29	1	7.07e-05	54.7
CFAV-Bangkok_Thailand_2015	SRA:SRX313445.21696319.1	100.000	29	0	0	7429	7457	1	29	7.07e-05	54.7
CFAV-Bangkok_Thailand_2015	SRA:SRX313445.3341302.1	100.000	29	0	0	7365	7393	1	29	7.07e-05	54.7
NC_001564	SRA:SRX313445.32119926.1	100.000	29	0	0	4161	4189	29	1	7.08e-05	54.7
NC_001564	SRA:SRX313445.31277593.1	100.000	29	0	0	7372	7400	1	29	7.08e-05	54.7
NC_001564	SRA:SRX313445.31277584.1	100.000	29	0	0	7372	7400	1	29	7.08e-05	54.7
NC_001564	SRA:SRX313445.28387874.1	100.000	29	0	0	4161	4189	29	1	7.08e-05	54.7
NC_001564	SRA:SRX313445.3341302.1	100.000	29	0	0	7372	7400	1	29	7.08e-05	54.7
CFAV-Cairns_Australia_2014	SRA:SRX313445.32119926.1	100.000	29	0	0	4160	4188	29	1	7.09e-05	54.7
CFAV-Cairns_Australia_2014	SRA:SRX313445.31277593.1	100.000	29	0	0	7371	7399	1	29	7.09e-05	54.7
CFAV-Cairns_Australia_2014	SRA:SRX313445.31277584.1	100.000	29	0	0	7371	7399	1	29	7.09e-05	54.7
CFAV-Cairns_Australia_2014	SRA:SRX313445.28387874.1	100.000	29	0	0	4160	4188	29	1	7.09e-05	54.7
CFAV-Cairns_Australia_2014	SRA:SRX313445.21696319.1	100.000	29	0	0	7435	7463	1	29	7.09e-05	54.7
CFAV-Cairns_Australia_2014	SRA:SRX313445.3341302.1	100.000	29	0	0	7371	7399	1	29	7.09e-05	54.7
CFAV-KC_Cambodia_2015	SRA:SRX313445.32119926.1	100.000	29	0	0	4172	4200	29	1	7.09e-05	54.7
CFAV-KC_Cambodia_2015	SRA:SRX313445.31277593.1	100.000	29	0	0	7383	7411	1	29	7.09e-05	54.7
CFAV-KC_Cambodia_2015	SRA:SRX313445.31277584.1	100.000	29	0	0	7383	7411	1	29	7.09e-05	54.7
CFAV-KC_Cambodia_2015	SRA:SRX313445.28387874.1	100.000	29	0	0	4172	4200	29	1	7.09e-05	54.7
CFAV-KC_Cambodia_2015	SRA:SRX313445.3341302.1	100.000	29	0	0	7383	7411	1	29	7.09e-05	54.7
CFAV-Zik_Uganda_2016	SRA:SRX313445.22002096.1	100.000	28	0	0	4230	4257	28	1	2.55e-04	52.8
