CFAV-Bangkok_Thailand_2015	SRA:SRX313447.37494623.1	100.000	30	0	0	3936	3965	30	1	2.39e-05	56.5
CFAV-Bangkok_Thailand_2015	SRA:SRX313447.12239206.1	100.000	30	0	0	3936	3965	30	1	2.39e-05	56.5
CFAV-Bangkok_Thailand_2015	SRA:SRX313447.27509009.1	96.970	33	0	1	4092	4124	32	1	8.58e-05	54.7
CFAV-Bangkok_Thailand_2015	SRA:SRX313447.26699464.1	100.000	29	0	0	3909	3937	29	1	8.58e-05	54.7
CFAV-Bangkok_Thailand_2015	SRA:SRX313447.14598468.1	100.000	29	0	0	7359	7387	1	29	8.58e-05	54.7
CFAV-Bangkok_Thailand_2015	SRA:SRX313447.12263983.1	96.970	33	0	1	4092	4124	32	1	8.58e-05	54.7
CFAV-Bangkok_Thailand_2015	SRA:SRX313447.46120949.1	96.875	32	0	1	3951	3982	31	1	3.09e-04	52.8
NC_001564	SRA:SRX313447.37494623.1	100.000	30	0	0	3943	3972	30	1	2.39e-05	56.5
NC_001564	SRA:SRX313447.12239206.1	100.000	30	0	0	3943	3972	30	1	2.39e-05	56.5
NC_001564	SRA:SRX313447.41943755.1	100.000	29	0	0	4118	4146	29	1	8.60e-05	54.7
NC_001564	SRA:SRX313447.27509009.1	96.970	33	0	1	4099	4131	32	1	8.60e-05	54.7
NC_001564	SRA:SRX313447.14598468.1	100.000	29	0	0	7366	7394	1	29	8.60e-05	54.7
NC_001564	SRA:SRX313447.12263983.1	96.970	33	0	1	4099	4131	32	1	8.60e-05	54.7
NC_001564	SRA:SRX313447.46120949.1	96.875	32	0	1	3958	3989	31	1	3.09e-04	52.8
NC_001564	SRA:SRX313447.5971210.1	100.000	27	0	0	8680	8706	1	27	0.001	51.0
CFAV-Cairns_Australia_2014	SRA:SRX313447.14598468.1	100.000	29	0	0	7365	7393	1	29	8.60e-05	54.7
CFAV-Cairns_Australia_2014	SRA:SRX313447.41943755.1	100.000	28	0	0	4118	4145	28	1	3.09e-04	52.8
CFAV-Macapa2_Brazil_2017	SRA:SRX313447.41943755.1	100.000	29	0	0	4118	4146	29	1	8.60e-05	54.7
CFAV-Macapa2_Brazil_2017	SRA:SRX313447.14598468.1	100.000	29	0	0	7366	7394	1	29	8.60e-05	54.7
CFAV-Macapa2_Brazil_2017	SRA:SRX313447.5971210.1	100.000	27	0	0	8680	8706	1	27	0.001	51.0
CFAV-KC_Cambodia_2015	SRA:SRX313447.41943755.1	100.000	29	0	0	4129	4157	29	1	8.61e-05	54.7
CFAV-KC_Cambodia_2015	SRA:SRX313447.27509009.1	96.970	33	0	1	4110	4142	32	1	8.61e-05	54.7
CFAV-KC_Cambodia_2015	SRA:SRX313447.14598468.1	100.000	29	0	0	7377	7405	1	29	8.61e-05	54.7
CFAV-KC_Cambodia_2015	SRA:SRX313447.12263983.1	96.970	33	0	1	4110	4142	32	1	8.61e-05	54.7
CFAV-Zik_Uganda_2016	SRA:SRX313447.37494623.1	100.000	30	0	0	3954	3983	30	1	2.39e-05	56.5
CFAV-Zik_Uganda_2016	SRA:SRX313447.12239206.1	100.000	30	0	0	3954	3983	30	1	2.39e-05	56.5
CFAV-Zik_Uganda_2016	SRA:SRX313447.46120949.1	96.875	32	0	1	3969	4000	31	1	3.10e-04	52.8
