CFAV-Bangkok_Thailand_2015	SRA:SRX3852696.9698851.2	98.020	101	2	0	3611	3711	1	101	1.79e-40	176
CFAV-Bangkok_Thailand_2015	SRA:SRX3852696.9698851.1	98.020	101	2	0	3676	3776	101	1	1.79e-40	176
CFAV-Bangkok_Thailand_2015	SRA:SRX3852696.9298480.2	98.020	101	2	0	3673	3773	1	101	1.79e-40	176
CFAV-Bangkok_Thailand_2015	SRA:SRX3852696.11425631.1	98.969	97	1	0	3658	3754	97	1	6.42e-40	174
CFAV-Bangkok_Thailand_2015	SRA:SRX3852696.6283242.2	97.030	101	3	0	3602	3702	1	101	8.31e-39	171
CFAV-Bangkok_Thailand_2015	SRA:SRX3852696.6283242.1	97.030	101	3	0	3632	3732	101	1	8.31e-39	171
CFAV-Bangkok_Thailand_2015	SRA:SRX3852696.11425631.2	97.938	97	2	0	3658	3754	2	98	2.99e-38	169
CFAV-Bangkok_Thailand_2015	SRA:SRX3852696.9298480.1	96.040	101	4	0	3715	3815	101	1	3.87e-37	165
NC_001564	SRA:SRX3852696.9698851.2	98.020	101	2	0	3618	3718	1	101	1.79e-40	176
NC_001564	SRA:SRX3852696.6283242.2	97.030	101	3	0	3609	3709	1	101	8.33e-39	171
NC_001564	SRA:SRX3852696.6283242.1	97.030	101	3	0	3639	3739	101	1	8.33e-39	171
NC_001564	SRA:SRX3852696.9698851.1	95.050	101	5	0	3683	3783	101	1	1.80e-35	159
NC_001564	SRA:SRX3852696.9298480.2	95.050	101	5	0	3680	3780	1	101	1.80e-35	159
NC_001564	SRA:SRX3852696.11425631.1	95.876	97	4	0	3665	3761	97	1	6.48e-35	158
NC_001564	SRA:SRX3852696.9298480.1	94.059	101	6	0	3722	3822	101	1	8.39e-34	154
NC_001564	SRA:SRX3852696.11425631.2	94.845	97	5	0	3665	3761	2	98	3.02e-33	152
CFAV-Cairns_Australia_2014	SRA:SRX3852696.9698851.1	99.010	101	1	0	3682	3782	101	1	3.85e-42	182
CFAV-Cairns_Australia_2014	SRA:SRX3852696.9298480.2	99.010	101	1	0	3679	3779	1	101	3.85e-42	182
CFAV-Cairns_Australia_2014	SRA:SRX3852696.11425631.1	100.000	97	0	0	3664	3760	97	1	1.38e-41	180
CFAV-Cairns_Australia_2014	SRA:SRX3852696.9698851.2	98.020	101	2	0	3617	3717	1	101	1.79e-40	176
CFAV-Cairns_Australia_2014	SRA:SRX3852696.9298480.1	98.020	101	2	0	3721	3821	101	1	1.79e-40	176
CFAV-Cairns_Australia_2014	SRA:SRX3852696.6283242.1	98.020	101	2	0	3638	3738	101	1	1.79e-40	176
CFAV-Cairns_Australia_2014	SRA:SRX3852696.11425631.2	98.969	97	1	0	3664	3760	2	98	6.44e-40	174
CFAV-Cairns_Australia_2014	SRA:SRX3852696.6283242.2	97.030	101	3	0	3608	3708	1	101	8.33e-39	171
CFAV-Macapa2_Brazil_2017	SRA:SRX3852696.9698851.1	99.010	101	1	0	3683	3783	101	1	3.85e-42	182
CFAV-Macapa2_Brazil_2017	SRA:SRX3852696.9298480.2	99.010	101	1	0	3680	3780	1	101	3.85e-42	182
CFAV-Macapa2_Brazil_2017	SRA:SRX3852696.9698851.2	98.020	101	2	0	3618	3718	1	101	1.79e-40	176
CFAV-Macapa2_Brazil_2017	SRA:SRX3852696.9298480.1	98.020	101	2	0	3722	3822	101	1	1.79e-40	176
CFAV-Macapa2_Brazil_2017	SRA:SRX3852696.6283242.1	98.020	101	2	0	3639	3739	101	1	1.79e-40	176
CFAV-Macapa2_Brazil_2017	SRA:SRX3852696.11425631.1	98.958	96	1	0	3664	3759	98	3	2.32e-39	172
CFAV-Macapa2_Brazil_2017	SRA:SRX3852696.6283242.2	97.030	101	3	0	3609	3709	1	101	8.33e-39	171
CFAV-Macapa2_Brazil_2017	SRA:SRX3852696.11425631.2	97.917	96	2	0	3664	3759	1	96	1.08e-37	167
CFAV-KC_Cambodia_2015	SRA:SRX3852696.9698851.1	100.000	101	0	0	3694	3794	101	1	8.28e-44	187
CFAV-KC_Cambodia_2015	SRA:SRX3852696.9298480.2	100.000	101	0	0	3691	3791	1	101	8.28e-44	187
CFAV-KC_Cambodia_2015	SRA:SRX3852696.6283242.1	99.010	101	1	0	3650	3750	101	1	3.85e-42	182
CFAV-KC_Cambodia_2015	SRA:SRX3852696.11425631.1	100.000	97	0	0	3676	3772	97	1	1.39e-41	180
CFAV-KC_Cambodia_2015	SRA:SRX3852696.9698851.2	98.020	101	2	0	3629	3729	1	101	1.79e-40	176
CFAV-KC_Cambodia_2015	SRA:SRX3852696.9298480.1	98.020	101	2	0	3733	3833	101	1	1.79e-40	176
CFAV-KC_Cambodia_2015	SRA:SRX3852696.11425631.2	98.969	97	1	0	3676	3772	2	98	6.45e-40	174
CFAV-KC_Cambodia_2015	SRA:SRX3852696.6283242.2	97.030	101	3	0	3620	3720	1	101	8.34e-39	171
CFAV-Zik_Uganda_2016	SRA:SRX3852696.9698851.2	100.000	101	0	0	3629	3729	1	101	8.28e-44	187
CFAV-Zik_Uganda_2016	SRA:SRX3852696.9698851.1	100.000	101	0	0	3694	3794	101	1	8.28e-44	187
CFAV-Zik_Uganda_2016	SRA:SRX3852696.9298480.2	100.000	101	0	0	3691	3791	1	101	8.28e-44	187
CFAV-Zik_Uganda_2016	SRA:SRX3852696.6283242.1	100.000	101	0	0	3650	3750	101	1	8.28e-44	187
CFAV-Zik_Uganda_2016	SRA:SRX3852696.11425631.1	100.000	98	0	0	3675	3772	98	1	3.85e-42	182
CFAV-Zik_Uganda_2016	SRA:SRX3852696.6283242.2	99.010	101	1	0	3620	3720	1	101	3.85e-42	182
CFAV-Zik_Uganda_2016	SRA:SRX3852696.11425631.2	98.980	98	1	0	3675	3772	1	98	1.79e-40	176
CFAV-Zik_Uganda_2016	SRA:SRX3852696.9298480.1	98.020	101	2	0	3733	3833	101	1	1.79e-40	176
