CFAV-Bangkok_Thailand_2015	SRA:SRX3113388.22208487.2	100.000	50	0	0	550	599	50	1	6.83e-16	93.5
CFAV-Bangkok_Thailand_2015	SRA:SRX3113388.22186960.1	100.000	50	0	0	7134	7183	50	1	6.83e-16	93.5
CFAV-Bangkok_Thailand_2015	SRA:SRX3113388.21471046.2	100.000	50	0	0	7145	7194	50	1	6.83e-16	93.5
CFAV-Bangkok_Thailand_2015	SRA:SRX3113388.20934110.1	100.000	50	0	0	550	599	50	1	6.83e-16	93.5
CFAV-Bangkok_Thailand_2015	SRA:SRX3113388.20516536.2	100.000	50	0	0	7846	7895	50	1	6.83e-16	93.5
CFAV-Bangkok_Thailand_2015	SRA:SRX3113388.20510405.1	100.000	50	0	0	8904	8953	50	1	6.83e-16	93.5
CFAV-Bangkok_Thailand_2015	SRA:SRX3113388.20076399.2	100.000	50	0	0	6052	6101	1	50	6.83e-16	93.5
CFAV-Bangkok_Thailand_2015	SRA:SRX3113388.19860330.2	100.000	50	0	0	8900	8949	50	1	6.83e-16	93.5
CFAV-Bangkok_Thailand_2015	SRA:SRX3113388.19559818.2	100.000	50	0	0	7699	7748	1	50	6.83e-16	93.5
CFAV-Bangkok_Thailand_2015	SRA:SRX3113388.19559818.1	100.000	50	0	0	7849	7898	50	1	6.83e-16	93.5
CFAV-Bangkok_Thailand_2015	SRA:SRX3113388.19266909.1	100.000	50	0	0	7849	7898	50	1	6.83e-16	93.5
CFAV-Bangkok_Thailand_2015	SRA:SRX3113388.18188579.2	100.000	50	0	0	1719	1768	50	1	6.83e-16	93.5
CFAV-Bangkok_Thailand_2015	SRA:SRX3113388.17194129.1	100.000	50	0	0	5743	5792	1	50	6.83e-16	93.5
CFAV-Bangkok_Thailand_2015	SRA:SRX3113388.16614770.2	100.000	50	0	0	7816	7865	1	50	6.83e-16	93.5
CFAV-Bangkok_Thailand_2015	SRA:SRX3113388.15548964.1	100.000	50	0	0	7288	7337	1	50	6.83e-16	93.5
CFAV-Bangkok_Thailand_2015	SRA:SRX3113388.14729647.2	100.000	50	0	0	7846	7895	50	1	6.83e-16	93.5
CFAV-Bangkok_Thailand_2015	SRA:SRX3113388.14193325.2	100.000	50	0	0	1020	1069	50	1	6.83e-16	93.5
CFAV-Bangkok_Thailand_2015	SRA:SRX3113388.13777512.1	100.000	50	0	0	8622	8671	50	1	6.83e-16	93.5
CFAV-Bangkok_Thailand_2015	SRA:SRX3113388.13383816.1	100.000	50	0	0	3665	3714	1	50	6.83e-16	93.5
CFAV-Bangkok_Thailand_2015	SRA:SRX3113388.12081138.2	100.000	50	0	0	3965	4014	50	1	6.83e-16	93.5
CFAV-Bangkok_Thailand_2015	SRA:SRX3113388.11438830.2	100.000	50	0	0	7288	7337	1	50	6.83e-16	93.5
CFAV-Bangkok_Thailand_2015	SRA:SRX3113388.10422841.2	100.000	50	0	0	543	592	1	50	6.83e-16	93.5
CFAV-Bangkok_Thailand_2015	SRA:SRX3113388.9302858.2	100.000	50	0	0	3650	3699	50	1	6.83e-16	93.5
CFAV-Bangkok_Thailand_2015	SRA:SRX3113388.7412678.2	100.000	50	0	0	8614	8663	1	50	6.83e-16	93.5
CFAV-Bangkok_Thailand_2015	SRA:SRX3113388.7328764.1	100.000	50	0	0	9493	9542	50	1	6.83e-16	93.5
CFAV-Bangkok_Thailand_2015	SRA:SRX3113388.4671196.1	100.000	50	0	0	4838	4887	1	50	6.83e-16	93.5
CFAV-Bangkok_Thailand_2015	SRA:SRX3113388.4087154.1	100.000	50	0	0	7260	7309	50	1	6.83e-16	93.5
CFAV-Bangkok_Thailand_2015	SRA:SRX3113388.3534913.2	100.000	50	0	0	7655	7704	1	50	6.83e-16	93.5
CFAV-Bangkok_Thailand_2015	SRA:SRX3113388.3534913.1	100.000	50	0	0	7828	7877	50	1	6.83e-16	93.5
CFAV-Bangkok_Thailand_2015	SRA:SRX3113388.3124122.1	100.000	50	0	0	7282	7331	1	50	6.83e-16	93.5
CFAV-Bangkok_Thailand_2015	SRA:SRX3113388.21496451.2	100.000	49	0	0	3933	3981	49	1	2.46e-15	91.6
CFAV-Bangkok_Thailand_2015	SRA:SRX3113388.16057473.1	100.000	49	0	0	7365	7413	50	2	2.46e-15	91.6
CFAV-Bangkok_Thailand_2015	SRA:SRX3113388.17193712.2	100.000	48	0	0	9664	9711	3	50	8.84e-15	89.8
CFAV-Bangkok_Thailand_2015	SRA:SRX3113388.16883075.2	100.000	48	0	0	1699	1746	3	50	8.84e-15	89.8
CFAV-Bangkok_Thailand_2015	SRA:SRX3113388.646152.1	100.000	48	0	0	2574	2621	50	3	8.84e-15	89.8
CFAV-Bangkok_Thailand_2015	SRA:SRX3113388.23904387.1	100.000	47	0	0	36	82	1	47	3.18e-14	87.9
CFAV-Bangkok_Thailand_2015	SRA:SRX3113388.23756732.1	98.000	50	1	0	5168	5217	1	50	3.18e-14	87.9
CFAV-Bangkok_Thailand_2015	SRA:SRX3113388.22670130.1	98.000	50	1	0	3533	3582	50	1	3.18e-14	87.9
CFAV-Bangkok_Thailand_2015	SRA:SRX3113388.21650712.1	98.000	50	1	0	28	77	1	50	3.18e-14	87.9
CFAV-Bangkok_Thailand_2015	SRA:SRX3113388.21496451.1	98.000	50	1	0	3790	3839	1	50	3.18e-14	87.9
CFAV-Bangkok_Thailand_2015	SRA:SRX3113388.20533771.1	98.000	50	1	0	9154	9203	1	50	3.18e-14	87.9
CFAV-Bangkok_Thailand_2015	SRA:SRX3113388.20473787.2	100.000	47	0	0	7744	7790	1	47	3.18e-14	87.9
CFAV-Bangkok_Thailand_2015	SRA:SRX3113388.20473787.1	98.000	50	1	0	7919	7968	50	1	3.18e-14	87.9
CFAV-Bangkok_Thailand_2015	SRA:SRX3113388.19878869.2	98.000	50	1	0	7097	7146	1	50	3.18e-14	87.9
CFAV-Bangkok_Thailand_2015	SRA:SRX3113388.19686612.1	98.000	50	1	0	4095	4144	1	50	3.18e-14	87.9
CFAV-Bangkok_Thailand_2015	SRA:SRX3113388.19266909.2	98.000	50	1	0	7750	7799	1	50	3.18e-14	87.9
CFAV-Bangkok_Thailand_2015	SRA:SRX3113388.18982188.2	98.000	50	1	0	5168	5217	1	50	3.18e-14	87.9
CFAV-Bangkok_Thailand_2015	SRA:SRX3113388.18698875.2	98.000	50	1	0	10420	10469	50	1	3.18e-14	87.9
CFAV-Bangkok_Thailand_2015	SRA:SRX3113388.17384113.2	98.000	50	1	0	6409	6458	1	50	3.18e-14	87.9
CFAV-Bangkok_Thailand_2015	SRA:SRX3113388.17273435.1	98.000	50	1	0	628	677	1	50	3.18e-14	87.9
CFAV-Bangkok_Thailand_2015	SRA:SRX3113388.16700260.1	98.000	50	1	0	828	877	50	1	3.18e-14	87.9
CFAV-Bangkok_Thailand_2015	SRA:SRX3113388.15568442.1	98.000	50	1	0	1690	1739	50	1	3.18e-14	87.9
CFAV-Bangkok_Thailand_2015	SRA:SRX3113388.15548964.2	98.000	50	1	0	7578	7627	50	1	3.18e-14	87.9
CFAV-Bangkok_Thailand_2015	SRA:SRX3113388.15336818.1	98.000	50	1	0	7382	7431	50	1	3.18e-14	87.9
CFAV-Bangkok_Thailand_2015	SRA:SRX3113388.15242776.1	100.000	47	0	0	1003	1049	47	1	3.18e-14	87.9
CFAV-Bangkok_Thailand_2015	SRA:SRX3113388.14489313.2	98.000	50	1	0	2205	2254	1	50	3.18e-14	87.9
CFAV-Bangkok_Thailand_2015	SRA:SRX3113388.14026120.1	98.000	50	1	0	6045	6094	1	50	3.18e-14	87.9
CFAV-Bangkok_Thailand_2015	SRA:SRX3113388.13566368.2	98.000	50	1	0	9467	9516	50	1	3.18e-14	87.9
CFAV-Bangkok_Thailand_2015	SRA:SRX3113388.13383816.2	98.000	50	1	0	4036	4085	50	1	3.18e-14	87.9
CFAV-Bangkok_Thailand_2015	SRA:SRX3113388.13079194.1	98.000	50	1	0	6265	6314	1	50	3.18e-14	87.9
CFAV-Bangkok_Thailand_2015	SRA:SRX3113388.12081138.1	98.000	50	1	0	3808	3857	1	50	3.18e-14	87.9
CFAV-Bangkok_Thailand_2015	SRA:SRX3113388.11438830.1	98.000	50	1	0	7578	7627	50	1	3.18e-14	87.9
CFAV-Bangkok_Thailand_2015	SRA:SRX3113388.11272348.2	98.000	50	1	0	2592	2641	50	1	3.18e-14	87.9
CFAV-Bangkok_Thailand_2015	SRA:SRX3113388.10645726.1	98.000	50	1	0	8395	8444	1	50	3.18e-14	87.9
CFAV-Bangkok_Thailand_2015	SRA:SRX3113388.9624177.1	98.000	50	1	0	2851	2900	1	50	3.18e-14	87.9
CFAV-Bangkok_Thailand_2015	SRA:SRX3113388.9537804.2	98.000	50	1	0	8605	8654	1	50	3.18e-14	87.9
CFAV-Bangkok_Thailand_2015	SRA:SRX3113388.7343292.1	98.000	50	1	0	1071	1120	1	50	3.18e-14	87.9
CFAV-Bangkok_Thailand_2015	SRA:SRX3113388.7177934.2	98.000	50	1	0	8685	8734	50	1	3.18e-14	87.9
CFAV-Bangkok_Thailand_2015	SRA:SRX3113388.7177934.1	98.000	50	1	0	8383	8432	1	50	3.18e-14	87.9
CFAV-Bangkok_Thailand_2015	SRA:SRX3113388.7172666.2	98.000	50	1	0	9975	10024	1	50	3.18e-14	87.9
CFAV-Bangkok_Thailand_2015	SRA:SRX3113388.6923619.1	98.000	50	1	0	4097	4146	1	50	3.18e-14	87.9
CFAV-Bangkok_Thailand_2015	SRA:SRX3113388.4901722.2	98.000	50	1	0	3276	3325	1	50	3.18e-14	87.9
CFAV-Bangkok_Thailand_2015	SRA:SRX3113388.4877865.2	98.000	50	1	0	8398	8447	1	50	3.18e-14	87.9
CFAV-Bangkok_Thailand_2015	SRA:SRX3113388.4671196.2	98.000	50	1	0	4990	5039	50	1	3.18e-14	87.9
CFAV-Bangkok_Thailand_2015	SRA:SRX3113388.4474729.1	98.000	50	1	0	4016	4065	1	50	3.18e-14	87.9
CFAV-Bangkok_Thailand_2015	SRA:SRX3113388.3149413.1	98.000	50	1	0	436	485	1	50	3.18e-14	87.9
CFAV-Bangkok_Thailand_2015	SRA:SRX3113388.3124122.2	98.000	50	1	0	7501	7550	50	1	3.18e-14	87.9
CFAV-Bangkok_Thailand_2015	SRA:SRX3113388.2510762.1	98.000	50	1	0	3271	3320	50	1	3.18e-14	87.9
CFAV-Bangkok_Thailand_2015	SRA:SRX3113388.1055844.1	98.000	50	1	0	3536	3585	1	50	3.18e-14	87.9
CFAV-Bangkok_Thailand_2015	SRA:SRX3113388.770336.1	98.000	50	1	0	2527	2576	1	50	3.18e-14	87.9
CFAV-Bangkok_Thailand_2015	SRA:SRX3113388.646152.2	98.000	50	1	0	2375	2424	1	50	3.18e-14	87.9
CFAV-Bangkok_Thailand_2015	SRA:SRX3113388.502694.1	98.000	50	1	0	4096	4145	50	1	3.18e-14	87.9
CFAV-Bangkok_Thailand_2015	SRA:SRX3113388.487980.1	98.000	50	1	0	9223	9272	1	50	3.18e-14	87.9
CFAV-Bangkok_Thailand_2015	SRA:SRX3113388.212518.2	98.000	50	1	0	6059	6108	1	50	3.18e-14	87.9
CFAV-Bangkok_Thailand_2015	SRA:SRX3113388.18889999.1	97.959	49	1	0	2318	2366	50	2	1.14e-13	86.1
CFAV-Bangkok_Thailand_2015	SRA:SRX3113388.16614770.1	97.959	49	1	0	7932	7980	50	2	1.14e-13	86.1
CFAV-Bangkok_Thailand_2015	SRA:SRX3113388.12365185.2	97.959	49	1	0	3332	3380	1	49	1.14e-13	86.1
CFAV-Bangkok_Thailand_2015	SRA:SRX3113388.4087154.2	97.959	49	1	0	7172	7220	1	49	1.14e-13	86.1
CFAV-Bangkok_Thailand_2015	SRA:SRX3113388.3149413.2	100.000	46	0	0	682	727	46	1	1.14e-13	86.1
CFAV-Bangkok_Thailand_2015	SRA:SRX3113388.20533771.2	97.917	48	1	0	9332	9379	50	3	4.11e-13	84.2
CFAV-Bangkok_Thailand_2015	SRA:SRX3113388.19004697.1	97.917	48	1	0	2257	2304	48	1	4.11e-13	84.2
CFAV-Bangkok_Thailand_2015	SRA:SRX3113388.14867967.2	97.917	48	1	0	5503	5550	3	50	4.11e-13	84.2
CFAV-Bangkok_Thailand_2015	SRA:SRX3113388.12320395.2	97.917	48	1	0	4669	4716	3	50	4.11e-13	84.2
CFAV-Bangkok_Thailand_2015	SRA:SRX3113388.3649647.1	97.917	48	1	0	4669	4716	3	50	4.11e-13	84.2
CFAV-Bangkok_Thailand_2015	SRA:SRX3113388.22670130.2	96.000	50	2	0	3121	3170	1	50	1.48e-12	82.4
CFAV-Bangkok_Thailand_2015	SRA:SRX3113388.20510405.2	96.000	50	2	0	8730	8779	1	50	1.48e-12	82.4
CFAV-Bangkok_Thailand_2015	SRA:SRX3113388.20365360.2	96.000	50	2	0	7239	7288	1	50	1.48e-12	82.4
CFAV-Bangkok_Thailand_2015	SRA:SRX3113388.19357223.1	96.000	50	2	0	2136	2185	50	1	1.48e-12	82.4
CFAV-Bangkok_Thailand_2015	SRA:SRX3113388.17250323.1	100.000	44	0	0	573	616	1	44	1.48e-12	82.4
CFAV-Bangkok_Thailand_2015	SRA:SRX3113388.17194129.2	96.000	50	2	0	5954	6003	50	1	1.48e-12	82.4
CFAV-Bangkok_Thailand_2015	SRA:SRX3113388.17193712.1	96.000	50	2	0	9738	9787	50	1	1.48e-12	82.4
CFAV-Bangkok_Thailand_2015	SRA:SRX3113388.16700260.2	96.000	50	2	0	588	637	1	50	1.48e-12	82.4
CFAV-Bangkok_Thailand_2015	SRA:SRX3113388.15336818.2	96.000	50	2	0	7223	7272	1	50	1.48e-12	82.4
CFAV-Bangkok_Thailand_2015	SRA:SRX3113388.14529125.2	96.000	50	2	0	8185	8234	50	1	1.48e-12	82.4
CFAV-Bangkok_Thailand_2015	SRA:SRX3113388.14489313.1	96.000	50	2	0	2331	2380	50	1	1.48e-12	82.4
CFAV-Bangkok_Thailand_2015	SRA:SRX3113388.14384782.1	96.000	50	2	0	4661	4710	50	1	1.48e-12	82.4
CFAV-Bangkok_Thailand_2015	SRA:SRX3113388.14026120.2	96.000	50	2	0	6226	6275	50	1	1.48e-12	82.4
CFAV-Bangkok_Thailand_2015	SRA:SRX3113388.12365185.1	96.000	50	2	0	3457	3506	50	1	1.48e-12	82.4
CFAV-Bangkok_Thailand_2015	SRA:SRX3113388.11849096.1	96.000	50	2	0	2040	2089	1	50	1.48e-12	82.4
CFAV-Bangkok_Thailand_2015	SRA:SRX3113388.11272348.1	96.000	50	2	0	2215	2264	1	50	1.48e-12	82.4
CFAV-Bangkok_Thailand_2015	SRA:SRX3113388.11081605.1	96.000	50	2	0	9410	9459	50	1	1.48e-12	82.4
CFAV-Bangkok_Thailand_2015	SRA:SRX3113388.10422841.1	96.000	50	2	0	631	680	50	1	1.48e-12	82.4
CFAV-Bangkok_Thailand_2015	SRA:SRX3113388.9624177.2	96.000	50	2	0	3240	3289	50	1	1.48e-12	82.4
CFAV-Bangkok_Thailand_2015	SRA:SRX3113388.9537804.1	96.000	50	2	0	8837	8886	50	1	1.48e-12	82.4
CFAV-Bangkok_Thailand_2015	SRA:SRX3113388.8368367.1	96.000	50	2	0	7184	7233	50	1	1.48e-12	82.4
CFAV-Bangkok_Thailand_2015	SRA:SRX3113388.7643921.1	96.000	50	2	0	2122	2171	1	50	1.48e-12	82.4
CFAV-Bangkok_Thailand_2015	SRA:SRX3113388.7033128.1	96.000	50	2	0	6940	6989	50	1	1.48e-12	82.4
CFAV-Bangkok_Thailand_2015	SRA:SRX3113388.5722164.2	96.000	50	2	0	2868	2917	1	50	1.48e-12	82.4
CFAV-Bangkok_Thailand_2015	SRA:SRX3113388.4859415.1	96.000	50	2	0	8690	8739	50	1	1.48e-12	82.4
CFAV-Bangkok_Thailand_2015	SRA:SRX3113388.4380266.2	96.000	50	2	0	3517	3566	50	1	1.48e-12	82.4
CFAV-Bangkok_Thailand_2015	SRA:SRX3113388.2425082.2	96.000	50	2	0	9532	9581	50	1	1.48e-12	82.4
CFAV-Bangkok_Thailand_2015	SRA:SRX3113388.2405145.2	96.000	50	2	0	8605	8654	1	50	1.48e-12	82.4
CFAV-Bangkok_Thailand_2015	SRA:SRX3113388.2405145.1	96.000	50	2	0	8837	8886	50	1	1.48e-12	82.4
CFAV-Bangkok_Thailand_2015	SRA:SRX3113388.1826148.2	96.000	50	2	0	8752	8801	1	50	1.48e-12	82.4
CFAV-Bangkok_Thailand_2015	SRA:SRX3113388.1826148.1	96.000	50	2	0	8875	8924	50	1	1.48e-12	82.4
CFAV-Bangkok_Thailand_2015	SRA:SRX3113388.1644833.2	96.000	50	2	0	10469	10518	50	1	1.48e-12	82.4
CFAV-Bangkok_Thailand_2015	SRA:SRX3113388.1618417.2	96.000	50	2	0	6940	6989	50	1	1.48e-12	82.4
CFAV-Bangkok_Thailand_2015	SRA:SRX3113388.1618417.1	96.000	50	2	0	6804	6853	1	50	1.48e-12	82.4
CFAV-Bangkok_Thailand_2015	SRA:SRX3113388.770336.2	96.000	50	2	0	2930	2979	50	1	1.48e-12	82.4
CFAV-Bangkok_Thailand_2015	SRA:SRX3113388.430695.1	96.000	50	2	0	9410	9459	50	1	1.48e-12	82.4
CFAV-Bangkok_Thailand_2015	SRA:SRX3113388.23883087.1	95.918	49	2	0	745	793	2	50	5.32e-12	80.5
CFAV-Bangkok_Thailand_2015	SRA:SRX3113388.19778162.1	95.833	48	2	0	745	792	3	50	1.91e-11	78.7
CFAV-Bangkok_Thailand_2015	SRA:SRX3113388.1055844.2	95.833	48	2	0	3858	3905	50	3	1.91e-11	78.7
CFAV-Bangkok_Thailand_2015	SRA:SRX3113388.18698875.1	94.000	50	3	0	10230	10279	1	50	6.88e-11	76.8
CFAV-Bangkok_Thailand_2015	SRA:SRX3113388.18003130.2	94.000	50	3	0	8552	8601	1	50	6.88e-11	76.8
CFAV-Bangkok_Thailand_2015	SRA:SRX3113388.17806052.1	94.000	50	3	0	4883	4932	50	1	6.88e-11	76.8
CFAV-Bangkok_Thailand_2015	SRA:SRX3113388.10645726.2	94.000	50	3	0	8550	8599	50	1	6.88e-11	76.8
CFAV-Bangkok_Thailand_2015	SRA:SRX3113388.10007164.1	94.000	50	3	0	8082	8131	1	50	6.88e-11	76.8
CFAV-Bangkok_Thailand_2015	SRA:SRX3113388.264321.2	94.000	50	3	0	8552	8601	1	50	6.88e-11	76.8
CFAV-Bangkok_Thailand_2015	SRA:SRX3113388.22186960.2	95.556	45	2	0	7043	7087	6	50	8.90e-10	73.1
CFAV-Bangkok_Thailand_2015	SRA:SRX3113388.11707034.1	93.750	48	3	0	5148	5195	1	48	8.90e-10	73.1
CFAV-Bangkok_Thailand_2015	SRA:SRX3113388.5403332.1	93.750	48	3	0	1591	1638	48	1	8.90e-10	73.1
CFAV-Bangkok_Thailand_2015	SRA:SRX3113388.9302858.1	92.000	50	4	0	3423	3472	1	50	3.20e-09	71.3
CFAV-Bangkok_Thailand_2015	SRA:SRX3113388.4901722.1	92.000	50	4	0	3415	3464	50	1	3.20e-09	71.3
CFAV-Bangkok_Thailand_2015	SRA:SRX3113388.2425082.1	92.000	50	4	0	9398	9447	1	50	3.20e-09	71.3
CFAV-Bangkok_Thailand_2015	SRA:SRX3113388.487980.2	92.000	50	4	0	9710	9759	50	1	3.20e-09	71.3
CFAV-Bangkok_Thailand_2015	SRA:SRX3113388.11005134.1	92.000	50	3	1	1593	1641	1	50	1.15e-08	69.4
CFAV-Bangkok_Thailand_2015	SRA:SRX3113388.1580522.2	93.478	46	1	1	1	46	7	50	4.14e-08	67.6
CFAV-Bangkok_Thailand_2015	SRA:SRX3113388.7328764.2	91.489	47	4	0	9391	9437	1	47	1.49e-07	65.8
CFAV-Bangkok_Thailand_2015	SRA:SRX3113388.16057473.2	100.000	32	0	0	7720	7751	1	32	6.93e-06	60.2
CFAV-Bangkok_Thailand_2015	SRA:SRX3113388.6983979.2	96.875	32	1	0	8553	8584	17	48	3.22e-04	54.7
NC_001564	SRA:SRX3113388.23904387.2	100.000	50	0	0	178	227	50	1	6.85e-16	93.5
NC_001564	SRA:SRX3113388.23904387.1	100.000	50	0	0	43	92	1	50	6.85e-16	93.5
NC_001564	SRA:SRX3113388.23883087.2	100.000	50	0	0	911	960	50	1	6.85e-16	93.5
NC_001564	SRA:SRX3113388.23883087.1	100.000	50	0	0	751	800	1	50	6.85e-16	93.5
NC_001564	SRA:SRX3113388.23868678.2	100.000	50	0	0	7022	7071	1	50	6.85e-16	93.5
NC_001564	SRA:SRX3113388.23868678.1	100.000	50	0	0	7197	7246	50	1	6.85e-16	93.5
NC_001564	SRA:SRX3113388.23756732.2	100.000	50	0	0	5394	5443	50	1	6.85e-16	93.5
NC_001564	SRA:SRX3113388.23756732.1	100.000	50	0	0	5175	5224	1	50	6.85e-16	93.5
NC_001564	SRA:SRX3113388.23754313.1	100.000	50	0	0	8360	8409	1	50	6.85e-16	93.5
NC_001564	SRA:SRX3113388.23563599.2	100.000	50	0	0	8125	8174	50	1	6.85e-16	93.5
NC_001564	SRA:SRX3113388.23563599.1	100.000	50	0	0	7964	8013	1	50	6.85e-16	93.5
NC_001564	SRA:SRX3113388.23511004.2	100.000	50	0	0	6261	6310	1	50	6.85e-16	93.5
NC_001564	SRA:SRX3113388.23511004.1	100.000	50	0	0	6467	6516	50	1	6.85e-16	93.5
NC_001564	SRA:SRX3113388.23224394.2	100.000	50	0	0	1170	1219	1	50	6.85e-16	93.5
NC_001564	SRA:SRX3113388.23224394.1	100.000	50	0	0	1338	1387	50	1	6.85e-16	93.5
NC_001564	SRA:SRX3113388.23065722.2	100.000	50	0	0	2707	2756	1	50	6.85e-16	93.5
NC_001564	SRA:SRX3113388.23065722.1	100.000	50	0	0	2912	2961	50	1	6.85e-16	93.5
NC_001564	SRA:SRX3113388.22670130.2	100.000	50	0	0	3128	3177	1	50	6.85e-16	93.5
NC_001564	SRA:SRX3113388.22670130.1	100.000	50	0	0	3540	3589	50	1	6.85e-16	93.5
NC_001564	SRA:SRX3113388.22208487.1	100.000	50	0	0	470	519	1	50	6.85e-16	93.5
NC_001564	SRA:SRX3113388.22186960.2	100.000	50	0	0	7045	7094	1	50	6.85e-16	93.5
NC_001564	SRA:SRX3113388.22186960.1	100.000	50	0	0	7141	7190	50	1	6.85e-16	93.5
NC_001564	SRA:SRX3113388.21650712.2	100.000	50	0	0	129	178	50	1	6.85e-16	93.5
NC_001564	SRA:SRX3113388.21650712.1	100.000	50	0	0	35	84	1	50	6.85e-16	93.5
NC_001564	SRA:SRX3113388.21496451.2	100.000	50	0	0	3939	3988	50	1	6.85e-16	93.5
NC_001564	SRA:SRX3113388.21496451.1	100.000	50	0	0	3797	3846	1	50	6.85e-16	93.5
NC_001564	SRA:SRX3113388.21471046.2	100.000	50	0	0	7152	7201	50	1	6.85e-16	93.5
NC_001564	SRA:SRX3113388.21471046.1	100.000	50	0	0	6960	7009	1	50	6.85e-16	93.5
NC_001564	SRA:SRX3113388.21003185.2	100.000	50	0	0	4945	4994	1	50	6.85e-16	93.5
NC_001564	SRA:SRX3113388.21003185.1	100.000	50	0	0	5092	5141	50	1	6.85e-16	93.5
NC_001564	SRA:SRX3113388.20934110.2	100.000	50	0	0	364	413	1	50	6.85e-16	93.5
NC_001564	SRA:SRX3113388.20885633.2	100.000	50	0	0	3101	3150	1	50	6.85e-16	93.5
NC_001564	SRA:SRX3113388.20885633.1	100.000	50	0	0	3326	3375	50	1	6.85e-16	93.5
NC_001564	SRA:SRX3113388.20533771.1	100.000	50	0	0	9161	9210	1	50	6.85e-16	93.5
NC_001564	SRA:SRX3113388.20516536.2	100.000	50	0	0	7853	7902	50	1	6.85e-16	93.5
NC_001564	SRA:SRX3113388.20516536.1	100.000	50	0	0	7796	7845	1	50	6.85e-16	93.5
NC_001564	SRA:SRX3113388.20510405.2	100.000	50	0	0	8737	8786	1	50	6.85e-16	93.5
NC_001564	SRA:SRX3113388.20510405.1	100.000	50	0	0	8911	8960	50	1	6.85e-16	93.5
NC_001564	SRA:SRX3113388.20473787.2	100.000	50	0	0	7751	7800	1	50	6.85e-16	93.5
NC_001564	SRA:SRX3113388.20473787.1	100.000	50	0	0	7926	7975	50	1	6.85e-16	93.5
NC_001564	SRA:SRX3113388.20437179.2	100.000	50	0	0	5302	5351	1	50	6.85e-16	93.5
NC_001564	SRA:SRX3113388.20437179.1	100.000	50	0	0	5598	5647	50	1	6.85e-16	93.5
NC_001564	SRA:SRX3113388.20365360.2	100.000	50	0	0	7246	7295	1	50	6.85e-16	93.5
NC_001564	SRA:SRX3113388.20365360.1	100.000	50	0	0	7796	7845	50	1	6.85e-16	93.5
NC_001564	SRA:SRX3113388.20289950.2	100.000	50	0	0	1170	1219	1	50	6.85e-16	93.5
NC_001564	SRA:SRX3113388.20289950.1	100.000	50	0	0	1338	1387	50	1	6.85e-16	93.5
NC_001564	SRA:SRX3113388.20212367.1	100.000	50	0	0	7906	7955	50	1	6.85e-16	93.5
NC_001564	SRA:SRX3113388.20076399.2	100.000	50	0	0	6059	6108	1	50	6.85e-16	93.5
NC_001564	SRA:SRX3113388.20027104.2	100.000	50	0	0	8275	8324	50	1	6.85e-16	93.5
NC_001564	SRA:SRX3113388.20027104.1	100.000	50	0	0	8037	8086	1	50	6.85e-16	93.5
NC_001564	SRA:SRX3113388.19878869.2	100.000	50	0	0	7104	7153	1	50	6.85e-16	93.5
NC_001564	SRA:SRX3113388.19878869.1	100.000	50	0	0	7198	7247	50	1	6.85e-16	93.5
NC_001564	SRA:SRX3113388.19860330.2	100.000	50	0	0	8907	8956	50	1	6.85e-16	93.5
NC_001564	SRA:SRX3113388.19860330.1	100.000	50	0	0	8811	8860	1	50	6.85e-16	93.5
NC_001564	SRA:SRX3113388.19778162.2	100.000	50	0	0	942	991	50	1	6.85e-16	93.5
NC_001564	SRA:SRX3113388.19778162.1	100.000	50	0	0	750	799	1	50	6.85e-16	93.5
NC_001564	SRA:SRX3113388.19727932.2	100.000	50	0	0	3174	3223	50	1	6.85e-16	93.5
NC_001564	SRA:SRX3113388.19727932.1	100.000	50	0	0	3096	3145	1	50	6.85e-16	93.5
NC_001564	SRA:SRX3113388.19686612.2	100.000	50	0	0	4343	4392	50	1	6.85e-16	93.5
NC_001564	SRA:SRX3113388.19686612.1	100.000	50	0	0	4102	4151	1	50	6.85e-16	93.5
NC_001564	SRA:SRX3113388.19559818.2	100.000	50	0	0	7706	7755	1	50	6.85e-16	93.5
NC_001564	SRA:SRX3113388.19559818.1	100.000	50	0	0	7856	7905	50	1	6.85e-16	93.5
NC_001564	SRA:SRX3113388.19357223.2	100.000	50	0	0	1827	1876	1	50	6.85e-16	93.5
NC_001564	SRA:SRX3113388.19357223.1	100.000	50	0	0	2143	2192	50	1	6.85e-16	93.5
NC_001564	SRA:SRX3113388.19266909.2	100.000	50	0	0	7757	7806	1	50	6.85e-16	93.5
NC_001564	SRA:SRX3113388.19266909.1	100.000	50	0	0	7856	7905	50	1	6.85e-16	93.5
NC_001564	SRA:SRX3113388.19004697.2	100.000	50	0	0	2164	2213	1	50	6.85e-16	93.5
NC_001564	SRA:SRX3113388.19004697.1	100.000	50	0	0	2262	2311	50	1	6.85e-16	93.5
NC_001564	SRA:SRX3113388.18982188.2	100.000	50	0	0	5175	5224	1	50	6.85e-16	93.5
NC_001564	SRA:SRX3113388.18982188.1	100.000	50	0	0	5394	5443	50	1	6.85e-16	93.5
NC_001564	SRA:SRX3113388.18889999.2	100.000	50	0	0	2087	2136	1	50	6.85e-16	93.5
NC_001564	SRA:SRX3113388.18889999.1	100.000	50	0	0	2325	2374	50	1	6.85e-16	93.5
NC_001564	SRA:SRX3113388.18698875.2	100.000	50	0	0	10427	10476	50	1	6.85e-16	93.5
NC_001564	SRA:SRX3113388.18698875.1	100.000	50	0	0	10237	10286	1	50	6.85e-16	93.5
NC_001564	SRA:SRX3113388.18448839.2	100.000	50	0	0	6105	6154	50	1	6.85e-16	93.5
NC_001564	SRA:SRX3113388.18448839.1	100.000	50	0	0	5988	6037	1	50	6.85e-16	93.5
NC_001564	SRA:SRX3113388.18188579.2	100.000	50	0	0	1726	1775	50	1	6.85e-16	93.5
NC_001564	SRA:SRX3113388.18188579.1	100.000	50	0	0	1573	1622	1	50	6.85e-16	93.5
NC_001564	SRA:SRX3113388.18142591.1	100.000	50	0	0	8772	8821	1	50	6.85e-16	93.5
NC_001564	SRA:SRX3113388.18003130.2	100.000	50	0	0	8559	8608	1	50	6.85e-16	93.5
NC_001564	SRA:SRX3113388.17972110.2	100.000	50	0	0	2912	2961	50	1	6.85e-16	93.5
NC_001564	SRA:SRX3113388.17972110.1	100.000	50	0	0	2707	2756	1	50	6.85e-16	93.5
NC_001564	SRA:SRX3113388.17806052.2	100.000	50	0	0	4266	4315	1	50	6.85e-16	93.5
NC_001564	SRA:SRX3113388.17384113.2	100.000	50	0	0	6416	6465	1	50	6.85e-16	93.5
NC_001564	SRA:SRX3113388.17273435.1	100.000	50	0	0	635	684	1	50	6.85e-16	93.5
NC_001564	SRA:SRX3113388.17194129.2	100.000	50	0	0	5961	6010	50	1	6.85e-16	93.5
NC_001564	SRA:SRX3113388.17194129.1	100.000	50	0	0	5750	5799	1	50	6.85e-16	93.5
NC_001564	SRA:SRX3113388.17193712.2	100.000	50	0	0	9669	9718	1	50	6.85e-16	93.5
NC_001564	SRA:SRX3113388.17193712.1	100.000	50	0	0	9745	9794	50	1	6.85e-16	93.5
NC_001564	SRA:SRX3113388.16883075.2	100.000	50	0	0	1704	1753	1	50	6.85e-16	93.5
NC_001564	SRA:SRX3113388.16883075.1	100.000	50	0	0	1821	1870	50	1	6.85e-16	93.5
NC_001564	SRA:SRX3113388.16721553.2	100.000	50	0	0	9084	9133	50	1	6.85e-16	93.5
NC_001564	SRA:SRX3113388.16721553.1	100.000	50	0	0	8957	9006	1	50	6.85e-16	93.5
NC_001564	SRA:SRX3113388.16700260.1	100.000	50	0	0	835	884	50	1	6.85e-16	93.5
NC_001564	SRA:SRX3113388.16619793.2	100.000	50	0	0	5937	5986	1	50	6.85e-16	93.5
NC_001564	SRA:SRX3113388.16614770.2	100.000	50	0	0	7823	7872	1	50	6.85e-16	93.5
NC_001564	SRA:SRX3113388.16420104.2	100.000	50	0	0	1499	1548	50	1	6.85e-16	93.5
NC_001564	SRA:SRX3113388.16420104.1	100.000	50	0	0	1348	1397	1	50	6.85e-16	93.5
NC_001564	SRA:SRX3113388.15568442.2	100.000	50	0	0	1589	1638	1	50	6.85e-16	93.5
NC_001564	SRA:SRX3113388.15568442.1	100.000	50	0	0	1697	1746	50	1	6.85e-16	93.5
NC_001564	SRA:SRX3113388.15548964.2	100.000	50	0	0	7585	7634	50	1	6.85e-16	93.5
NC_001564	SRA:SRX3113388.15548964.1	100.000	50	0	0	7295	7344	1	50	6.85e-16	93.5
NC_001564	SRA:SRX3113388.15336818.2	100.000	50	0	0	7230	7279	1	50	6.85e-16	93.5
NC_001564	SRA:SRX3113388.15242776.2	100.000	50	0	0	935	984	1	50	6.85e-16	93.5
NC_001564	SRA:SRX3113388.15242776.1	100.000	50	0	0	1007	1056	50	1	6.85e-16	93.5
NC_001564	SRA:SRX3113388.14953369.2	100.000	50	0	0	4537	4586	1	50	6.85e-16	93.5
NC_001564	SRA:SRX3113388.14953369.1	100.000	50	0	0	4781	4830	50	1	6.85e-16	93.5
NC_001564	SRA:SRX3113388.14867967.2	100.000	50	0	0	5508	5557	1	50	6.85e-16	93.5
NC_001564	SRA:SRX3113388.14867967.1	100.000	50	0	0	5712	5761	50	1	6.85e-16	93.5
NC_001564	SRA:SRX3113388.14729647.2	100.000	50	0	0	7853	7902	50	1	6.85e-16	93.5
NC_001564	SRA:SRX3113388.14729647.1	100.000	50	0	0	7796	7845	1	50	6.85e-16	93.5
NC_001564	SRA:SRX3113388.14529125.2	100.000	50	0	0	8192	8241	50	1	6.85e-16	93.5
NC_001564	SRA:SRX3113388.14529125.1	100.000	50	0	0	7976	8025	1	50	6.85e-16	93.5
NC_001564	SRA:SRX3113388.14489313.2	100.000	50	0	0	2212	2261	1	50	6.85e-16	93.5
NC_001564	SRA:SRX3113388.14489313.1	100.000	50	0	0	2338	2387	50	1	6.85e-16	93.5
NC_001564	SRA:SRX3113388.14384782.2	100.000	50	0	0	4425	4474	1	50	6.85e-16	93.5
NC_001564	SRA:SRX3113388.14384782.1	100.000	50	0	0	4668	4717	50	1	6.85e-16	93.5
NC_001564	SRA:SRX3113388.14193325.2	100.000	50	0	0	1027	1076	50	1	6.85e-16	93.5
NC_001564	SRA:SRX3113388.14193325.1	100.000	50	0	0	971	1020	1	50	6.85e-16	93.5
NC_001564	SRA:SRX3113388.14026120.2	100.000	50	0	0	6233	6282	50	1	6.85e-16	93.5
NC_001564	SRA:SRX3113388.14026120.1	100.000	50	0	0	6052	6101	1	50	6.85e-16	93.5
NC_001564	SRA:SRX3113388.13887559.2	100.000	50	0	0	8132	8181	1	50	6.85e-16	93.5
NC_001564	SRA:SRX3113388.13887559.1	100.000	50	0	0	8216	8265	50	1	6.85e-16	93.5
NC_001564	SRA:SRX3113388.13777512.2	100.000	50	0	0	8452	8501	1	50	6.85e-16	93.5
NC_001564	SRA:SRX3113388.13777512.1	100.000	50	0	0	8629	8678	50	1	6.85e-16	93.5
NC_001564	SRA:SRX3113388.13566368.2	100.000	50	0	0	9474	9523	50	1	6.85e-16	93.5
NC_001564	SRA:SRX3113388.13566368.1	100.000	50	0	0	9386	9435	1	50	6.85e-16	93.5
NC_001564	SRA:SRX3113388.13383816.2	100.000	50	0	0	4043	4092	50	1	6.85e-16	93.5
NC_001564	SRA:SRX3113388.13383816.1	100.000	50	0	0	3672	3721	1	50	6.85e-16	93.5
NC_001564	SRA:SRX3113388.13079194.2	100.000	50	0	0	6438	6487	50	1	6.85e-16	93.5
NC_001564	SRA:SRX3113388.13079194.1	100.000	50	0	0	6272	6321	1	50	6.85e-16	93.5
NC_001564	SRA:SRX3113388.13015544.2	100.000	50	0	0	9793	9842	50	1	6.85e-16	93.5
NC_001564	SRA:SRX3113388.13015544.1	100.000	50	0	0	9644	9693	1	50	6.85e-16	93.5
NC_001564	SRA:SRX3113388.12470454.1	100.000	50	0	0	8251	8300	50	1	6.85e-16	93.5
NC_001564	SRA:SRX3113388.12365185.2	100.000	50	0	0	3339	3388	1	50	6.85e-16	93.5
NC_001564	SRA:SRX3113388.12365185.1	100.000	50	0	0	3464	3513	50	1	6.85e-16	93.5
NC_001564	SRA:SRX3113388.12320395.2	100.000	50	0	0	4674	4723	1	50	6.85e-16	93.5
NC_001564	SRA:SRX3113388.12320395.1	100.000	50	0	0	4780	4829	50	1	6.85e-16	93.5
NC_001564	SRA:SRX3113388.12265387.1	100.000	50	0	0	2365	2414	50	1	6.85e-16	93.5
NC_001564	SRA:SRX3113388.12081138.2	100.000	50	0	0	3972	4021	50	1	6.85e-16	93.5
NC_001564	SRA:SRX3113388.12081138.1	100.000	50	0	0	3815	3864	1	50	6.85e-16	93.5
NC_001564	SRA:SRX3113388.11849096.2	100.000	50	0	0	2173	2222	50	1	6.85e-16	93.5
NC_001564	SRA:SRX3113388.11849096.1	100.000	50	0	0	2047	2096	1	50	6.85e-16	93.5
NC_001564	SRA:SRX3113388.11707034.2	100.000	50	0	0	5462	5511	50	1	6.85e-16	93.5
NC_001564	SRA:SRX3113388.11707034.1	100.000	50	0	0	5155	5204	1	50	6.85e-16	93.5
NC_001564	SRA:SRX3113388.11438830.2	100.000	50	0	0	7295	7344	1	50	6.85e-16	93.5
NC_001564	SRA:SRX3113388.11438830.1	100.000	50	0	0	7585	7634	50	1	6.85e-16	93.5
NC_001564	SRA:SRX3113388.11272348.2	100.000	50	0	0	2599	2648	50	1	6.85e-16	93.5
NC_001564	SRA:SRX3113388.11272348.1	100.000	50	0	0	2222	2271	1	50	6.85e-16	93.5
NC_001564	SRA:SRX3113388.11168916.2	100.000	50	0	0	3178	3227	1	50	6.85e-16	93.5
NC_001564	SRA:SRX3113388.11168916.1	100.000	50	0	0	3324	3373	50	1	6.85e-16	93.5
NC_001564	SRA:SRX3113388.11081605.2	100.000	50	0	0	9172	9221	1	50	6.85e-16	93.5
NC_001564	SRA:SRX3113388.11081605.1	100.000	50	0	0	9417	9466	50	1	6.85e-16	93.5
NC_001564	SRA:SRX3113388.11005134.2	100.000	50	0	0	1865	1914	50	1	6.85e-16	93.5
NC_001564	SRA:SRX3113388.10645726.2	100.000	50	0	0	8557	8606	50	1	6.85e-16	93.5
NC_001564	SRA:SRX3113388.10645726.1	100.000	50	0	0	8402	8451	1	50	6.85e-16	93.5
NC_001564	SRA:SRX3113388.10422841.1	100.000	50	0	0	638	687	50	1	6.85e-16	93.5
NC_001564	SRA:SRX3113388.10007164.2	100.000	50	0	0	8214	8263	50	1	6.85e-16	93.5
NC_001564	SRA:SRX3113388.10007164.1	100.000	50	0	0	8089	8138	1	50	6.85e-16	93.5
NC_001564	SRA:SRX3113388.9714091.1	100.000	50	0	0	1530	1579	1	50	6.85e-16	93.5
NC_001564	SRA:SRX3113388.9624177.2	100.000	50	0	0	3247	3296	50	1	6.85e-16	93.5
NC_001564	SRA:SRX3113388.9624177.1	100.000	50	0	0	2858	2907	1	50	6.85e-16	93.5
NC_001564	SRA:SRX3113388.9537804.2	100.000	50	0	0	8612	8661	1	50	6.85e-16	93.5
NC_001564	SRA:SRX3113388.9537804.1	100.000	50	0	0	8844	8893	50	1	6.85e-16	93.5
NC_001564	SRA:SRX3113388.9302858.2	100.000	50	0	0	3657	3706	50	1	6.85e-16	93.5
NC_001564	SRA:SRX3113388.9302858.1	100.000	50	0	0	3430	3479	1	50	6.85e-16	93.5
NC_001564	SRA:SRX3113388.9072756.2	100.000	50	0	0	2613	2662	1	50	6.85e-16	93.5
NC_001564	SRA:SRX3113388.9072756.1	100.000	50	0	0	1973	2022	50	1	6.85e-16	93.5
NC_001564	SRA:SRX3113388.8662059.2	100.000	50	0	0	6166	6215	50	1	6.85e-16	93.5
NC_001564	SRA:SRX3113388.8368367.2	100.000	50	0	0	7013	7062	1	50	6.85e-16	93.5
NC_001564	SRA:SRX3113388.8368367.1	100.000	50	0	0	7191	7240	50	1	6.85e-16	93.5
NC_001564	SRA:SRX3113388.8052777.2	100.000	50	0	0	5301	5350	1	50	6.85e-16	93.5
NC_001564	SRA:SRX3113388.8052777.1	100.000	50	0	0	5457	5506	50	1	6.85e-16	93.5
NC_001564	SRA:SRX3113388.7643921.1	100.000	50	0	0	2129	2178	1	50	6.85e-16	93.5
NC_001564	SRA:SRX3113388.7412678.2	100.000	50	0	0	8621	8670	1	50	6.85e-16	93.5
NC_001564	SRA:SRX3113388.7412678.1	100.000	50	0	0	8877	8926	50	1	6.85e-16	93.5
NC_001564	SRA:SRX3113388.7343292.2	100.000	50	0	0	1380	1429	50	1	6.85e-16	93.5
NC_001564	SRA:SRX3113388.7343292.1	100.000	50	0	0	1078	1127	1	50	6.85e-16	93.5
NC_001564	SRA:SRX3113388.7328764.1	100.000	50	0	0	9500	9549	50	1	6.85e-16	93.5
NC_001564	SRA:SRX3113388.7177934.2	100.000	50	0	0	8692	8741	50	1	6.85e-16	93.5
NC_001564	SRA:SRX3113388.7177934.1	100.000	50	0	0	8390	8439	1	50	6.85e-16	93.5
NC_001564	SRA:SRX3113388.7172666.2	100.000	50	0	0	9982	10031	1	50	6.85e-16	93.5
NC_001564	SRA:SRX3113388.7172666.1	100.000	50	0	0	10096	10145	50	1	6.85e-16	93.5
NC_001564	SRA:SRX3113388.7033128.2	100.000	50	0	0	6784	6833	1	50	6.85e-16	93.5
NC_001564	SRA:SRX3113388.7033128.1	100.000	50	0	0	6947	6996	50	1	6.85e-16	93.5
NC_001564	SRA:SRX3113388.6923619.2	100.000	50	0	0	4413	4462	50	1	6.85e-16	93.5
NC_001564	SRA:SRX3113388.6923619.1	100.000	50	0	0	4104	4153	1	50	6.85e-16	93.5
NC_001564	SRA:SRX3113388.5722164.2	100.000	50	0	0	2875	2924	1	50	6.85e-16	93.5
NC_001564	SRA:SRX3113388.5722164.1	100.000	50	0	0	3001	3050	50	1	6.85e-16	93.5
NC_001564	SRA:SRX3113388.5685092.2	100.000	50	0	0	5986	6035	1	50	6.85e-16	93.5
NC_001564	SRA:SRX3113388.5685092.1	100.000	50	0	0	6105	6154	50	1	6.85e-16	93.5
NC_001564	SRA:SRX3113388.5403332.2	100.000	50	0	0	1307	1356	1	50	6.85e-16	93.5
NC_001564	SRA:SRX3113388.5403332.1	100.000	50	0	0	1596	1645	50	1	6.85e-16	93.5
NC_001564	SRA:SRX3113388.4901722.2	100.000	50	0	0	3283	3332	1	50	6.85e-16	93.5
NC_001564	SRA:SRX3113388.4901722.1	100.000	50	0	0	3422	3471	50	1	6.85e-16	93.5
NC_001564	SRA:SRX3113388.4877865.2	100.000	50	0	0	8405	8454	1	50	6.85e-16	93.5
NC_001564	SRA:SRX3113388.4877865.1	100.000	50	0	0	8667	8716	50	1	6.85e-16	93.5
NC_001564	SRA:SRX3113388.4859415.2	100.000	50	0	0	8450	8499	1	50	6.85e-16	93.5
NC_001564	SRA:SRX3113388.4859415.1	100.000	50	0	0	8697	8746	50	1	6.85e-16	93.5
NC_001564	SRA:SRX3113388.4831462.2	100.000	50	0	0	8273	8322	50	1	6.85e-16	93.5
NC_001564	SRA:SRX3113388.4831462.1	100.000	50	0	0	7953	8002	1	50	6.85e-16	93.5
NC_001564	SRA:SRX3113388.4671196.2	100.000	50	0	0	4997	5046	50	1	6.85e-16	93.5
NC_001564	SRA:SRX3113388.4671196.1	100.000	50	0	0	4845	4894	1	50	6.85e-16	93.5
NC_001564	SRA:SRX3113388.4474729.2	100.000	50	0	0	4275	4324	50	1	6.85e-16	93.5
NC_001564	SRA:SRX3113388.4474729.1	100.000	50	0	0	4023	4072	1	50	6.85e-16	93.5
NC_001564	SRA:SRX3113388.4380266.2	100.000	50	0	0	3524	3573	50	1	6.85e-16	93.5
NC_001564	SRA:SRX3113388.4363241.2	100.000	50	0	0	964	1013	50	1	6.85e-16	93.5
NC_001564	SRA:SRX3113388.4363241.1	100.000	50	0	0	713	762	1	50	6.85e-16	93.5
NC_001564	SRA:SRX3113388.4087154.2	100.000	50	0	0	7179	7228	1	50	6.85e-16	93.5
NC_001564	SRA:SRX3113388.4087154.1	100.000	50	0	0	7267	7316	50	1	6.85e-16	93.5
NC_001564	SRA:SRX3113388.3652676.2	100.000	50	0	0	3837	3886	1	50	6.85e-16	93.5
NC_001564	SRA:SRX3113388.3652676.1	100.000	50	0	0	4302	4351	50	1	6.85e-16	93.5
NC_001564	SRA:SRX3113388.3649647.2	100.000	50	0	0	4780	4829	50	1	6.85e-16	93.5
NC_001564	SRA:SRX3113388.3649647.1	100.000	50	0	0	4674	4723	1	50	6.85e-16	93.5
NC_001564	SRA:SRX3113388.3642554.2	100.000	50	0	0	118	167	1	50	6.85e-16	93.5
NC_001564	SRA:SRX3113388.3642554.1	100.000	50	0	0	196	245	50	1	6.85e-16	93.5
NC_001564	SRA:SRX3113388.3534913.2	100.000	50	0	0	7662	7711	1	50	6.85e-16	93.5
NC_001564	SRA:SRX3113388.3534913.1	100.000	50	0	0	7835	7884	50	1	6.85e-16	93.5
NC_001564	SRA:SRX3113388.3149413.2	100.000	50	0	0	685	734	50	1	6.85e-16	93.5
NC_001564	SRA:SRX3113388.3149413.1	100.000	50	0	0	443	492	1	50	6.85e-16	93.5
NC_001564	SRA:SRX3113388.3124122.2	100.000	50	0	0	7508	7557	50	1	6.85e-16	93.5
NC_001564	SRA:SRX3113388.3124122.1	100.000	50	0	0	7289	7338	1	50	6.85e-16	93.5
NC_001564	SRA:SRX3113388.2590560.2	100.000	50	0	0	2738	2787	50	1	6.85e-16	93.5
NC_001564	SRA:SRX3113388.2590560.1	100.000	50	0	0	2608	2657	1	50	6.85e-16	93.5
NC_001564	SRA:SRX3113388.2510762.2	100.000	50	0	0	3153	3202	1	50	6.85e-16	93.5
NC_001564	SRA:SRX3113388.2510762.1	100.000	50	0	0	3278	3327	50	1	6.85e-16	93.5
NC_001564	SRA:SRX3113388.2425082.2	100.000	50	0	0	9539	9588	50	1	6.85e-16	93.5
NC_001564	SRA:SRX3113388.2405145.1	100.000	50	0	0	8844	8893	50	1	6.85e-16	93.5
NC_001564	SRA:SRX3113388.2088924.2	100.000	50	0	0	2027	2076	50	1	6.85e-16	93.5
NC_001564	SRA:SRX3113388.2088924.1	100.000	50	0	0	1836	1885	1	50	6.85e-16	93.5
NC_001564	SRA:SRX3113388.1826148.2	100.000	50	0	0	8759	8808	1	50	6.85e-16	93.5
NC_001564	SRA:SRX3113388.1826148.1	100.000	50	0	0	8882	8931	50	1	6.85e-16	93.5
NC_001564	SRA:SRX3113388.1644833.2	100.000	50	0	0	10476	10525	50	1	6.85e-16	93.5
NC_001564	SRA:SRX3113388.1618417.2	100.000	50	0	0	6947	6996	50	1	6.85e-16	93.5
NC_001564	SRA:SRX3113388.1618417.1	100.000	50	0	0	6811	6860	1	50	6.85e-16	93.5
NC_001564	SRA:SRX3113388.1580522.1	100.000	50	0	0	141	190	50	1	6.85e-16	93.5
NC_001564	SRA:SRX3113388.1370978.2	100.000	50	0	0	8216	8265	50	1	6.85e-16	93.5
NC_001564	SRA:SRX3113388.1370978.1	100.000	50	0	0	8132	8181	1	50	6.85e-16	93.5
NC_001564	SRA:SRX3113388.1055844.2	100.000	50	0	0	3865	3914	50	1	6.85e-16	93.5
NC_001564	SRA:SRX3113388.1055844.1	100.000	50	0	0	3543	3592	1	50	6.85e-16	93.5
NC_001564	SRA:SRX3113388.770336.2	100.000	50	0	0	2937	2986	50	1	6.85e-16	93.5
NC_001564	SRA:SRX3113388.770336.1	100.000	50	0	0	2534	2583	1	50	6.85e-16	93.5
NC_001564	SRA:SRX3113388.646152.2	100.000	50	0	0	2382	2431	1	50	6.85e-16	93.5
NC_001564	SRA:SRX3113388.646152.1	100.000	50	0	0	2581	2630	50	1	6.85e-16	93.5
NC_001564	SRA:SRX3113388.502694.1	100.000	50	0	0	4103	4152	50	1	6.85e-16	93.5
NC_001564	SRA:SRX3113388.487980.2	100.000	50	0	0	9717	9766	50	1	6.85e-16	93.5
NC_001564	SRA:SRX3113388.487980.1	100.000	50	0	0	9230	9279	1	50	6.85e-16	93.5
NC_001564	SRA:SRX3113388.430695.2	100.000	50	0	0	9172	9221	1	50	6.85e-16	93.5
NC_001564	SRA:SRX3113388.430695.1	100.000	50	0	0	9417	9466	50	1	6.85e-16	93.5
NC_001564	SRA:SRX3113388.264321.2	100.000	50	0	0	8559	8608	1	50	6.85e-16	93.5
NC_001564	SRA:SRX3113388.212518.2	100.000	50	0	0	6066	6115	1	50	6.85e-16	93.5
NC_001564	SRA:SRX3113388.212518.1	100.000	50	0	0	6195	6244	50	1	6.85e-16	93.5
NC_001564	SRA:SRX3113388.16614770.1	100.000	49	0	0	7939	7987	50	2	2.46e-15	91.6
NC_001564	SRA:SRX3113388.16057473.1	100.000	49	0	0	7372	7420	50	2	2.46e-15	91.6
NC_001564	SRA:SRX3113388.20533771.2	100.000	48	0	0	9339	9386	50	3	8.85e-15	89.8
NC_001564	SRA:SRX3113388.16700260.2	100.000	48	0	0	597	644	3	50	8.85e-15	89.8
NC_001564	SRA:SRX3113388.12470454.2	100.000	48	0	0	7995	8042	3	50	8.85e-15	89.8
NC_001564	SRA:SRX3113388.23754313.2	98.000	50	1	0	8530	8579	50	1	3.18e-14	87.9
NC_001564	SRA:SRX3113388.22208487.2	98.000	50	1	0	557	606	50	1	3.18e-14	87.9
NC_001564	SRA:SRX3113388.20934110.1	98.000	50	1	0	557	606	50	1	3.18e-14	87.9
NC_001564	SRA:SRX3113388.18142591.2	98.000	50	1	0	8875	8924	50	1	3.18e-14	87.9
NC_001564	SRA:SRX3113388.18003130.1	98.000	50	1	0	8736	8785	50	1	3.18e-14	87.9
NC_001564	SRA:SRX3113388.17806052.1	98.000	50	1	0	4890	4939	50	1	3.18e-14	87.9
NC_001564	SRA:SRX3113388.17250323.1	98.000	50	1	0	580	629	1	50	3.18e-14	87.9
NC_001564	SRA:SRX3113388.15336818.1	98.000	50	1	0	7389	7438	50	1	3.18e-14	87.9
NC_001564	SRA:SRX3113388.10422841.2	98.000	50	1	0	550	599	1	50	3.18e-14	87.9
NC_001564	SRA:SRX3113388.7328764.2	98.000	50	1	0	9398	9447	1	50	3.18e-14	87.9
NC_001564	SRA:SRX3113388.2425082.1	98.000	50	1	0	9405	9454	1	50	3.18e-14	87.9
NC_001564	SRA:SRX3113388.2405145.2	98.000	50	1	0	8612	8661	1	50	3.18e-14	87.9
NC_001564	SRA:SRX3113388.264321.1	98.000	50	1	0	8736	8785	50	1	3.18e-14	87.9
NC_001564	SRA:SRX3113388.11005134.1	98.000	50	0	1	1600	1648	1	50	1.15e-13	86.1
NC_001564	SRA:SRX3113388.1580522.2	96.154	52	0	2	2	53	1	50	4.12e-13	84.2
NC_001564	SRA:SRX3113388.6983979.2	100.000	34	0	0	8560	8593	17	50	5.37e-07	63.9
NC_001564	SRA:SRX3113388.16057473.2	100.000	32	0	0	7727	7758	1	32	6.94e-06	60.2
NC_001564	SRA:SRX3113388.17250323.2	100.000	28	0	0	665	692	50	23	0.001	52.8
CFAV-Cairns_Australia_2014	SRA:SRX3113388.23904387.2	100.000	50	0	0	177	226	50	1	6.85e-16	93.5
CFAV-Cairns_Australia_2014	SRA:SRX3113388.23904387.1	100.000	50	0	0	42	91	1	50	6.85e-16	93.5
CFAV-Cairns_Australia_2014	SRA:SRX3113388.23883087.2	100.000	50	0	0	910	959	50	1	6.85e-16	93.5
CFAV-Cairns_Australia_2014	SRA:SRX3113388.23883087.1	100.000	50	0	0	750	799	1	50	6.85e-16	93.5
CFAV-Cairns_Australia_2014	SRA:SRX3113388.23868678.2	100.000	50	0	0	7021	7070	1	50	6.85e-16	93.5
CFAV-Cairns_Australia_2014	SRA:SRX3113388.23756732.2	100.000	50	0	0	5393	5442	50	1	6.85e-16	93.5
CFAV-Cairns_Australia_2014	SRA:SRX3113388.23224394.1	100.000	50	0	0	1337	1386	50	1	6.85e-16	93.5
CFAV-Cairns_Australia_2014	SRA:SRX3113388.22670130.2	100.000	50	0	0	3127	3176	1	50	6.85e-16	93.5
CFAV-Cairns_Australia_2014	SRA:SRX3113388.22208487.2	100.000	50	0	0	556	605	50	1	6.85e-16	93.5
CFAV-Cairns_Australia_2014	SRA:SRX3113388.22208487.1	100.000	50	0	0	469	518	1	50	6.85e-16	93.5
CFAV-Cairns_Australia_2014	SRA:SRX3113388.22186960.2	100.000	50	0	0	7044	7093	1	50	6.85e-16	93.5
CFAV-Cairns_Australia_2014	SRA:SRX3113388.22186960.1	100.000	50	0	0	7140	7189	50	1	6.85e-16	93.5
CFAV-Cairns_Australia_2014	SRA:SRX3113388.21650712.1	100.000	50	0	0	34	83	1	50	6.85e-16	93.5
CFAV-Cairns_Australia_2014	SRA:SRX3113388.21496451.1	100.000	50	0	0	3796	3845	1	50	6.85e-16	93.5
CFAV-Cairns_Australia_2014	SRA:SRX3113388.21471046.2	100.000	50	0	0	7151	7200	50	1	6.85e-16	93.5
CFAV-Cairns_Australia_2014	SRA:SRX3113388.20934110.1	100.000	50	0	0	556	605	50	1	6.85e-16	93.5
CFAV-Cairns_Australia_2014	SRA:SRX3113388.20885633.1	100.000	50	0	0	3325	3374	50	1	6.85e-16	93.5
CFAV-Cairns_Australia_2014	SRA:SRX3113388.20533771.1	100.000	50	0	0	9160	9209	1	50	6.85e-16	93.5
CFAV-Cairns_Australia_2014	SRA:SRX3113388.20510405.1	100.000	50	0	0	8910	8959	50	1	6.85e-16	93.5
CFAV-Cairns_Australia_2014	SRA:SRX3113388.20473787.2	100.000	50	0	0	7750	7799	1	50	6.85e-16	93.5
CFAV-Cairns_Australia_2014	SRA:SRX3113388.20289950.1	100.000	50	0	0	1337	1386	50	1	6.85e-16	93.5
CFAV-Cairns_Australia_2014	SRA:SRX3113388.20027104.2	100.000	50	0	0	8274	8323	50	1	6.85e-16	93.5
CFAV-Cairns_Australia_2014	SRA:SRX3113388.19878869.2	100.000	50	0	0	7103	7152	1	50	6.85e-16	93.5
CFAV-Cairns_Australia_2014	SRA:SRX3113388.19860330.2	100.000	50	0	0	8906	8955	50	1	6.85e-16	93.5
CFAV-Cairns_Australia_2014	SRA:SRX3113388.19778162.2	100.000	50	0	0	941	990	50	1	6.85e-16	93.5
CFAV-Cairns_Australia_2014	SRA:SRX3113388.19778162.1	100.000	50	0	0	749	798	1	50	6.85e-16	93.5
CFAV-Cairns_Australia_2014	SRA:SRX3113388.19266909.2	100.000	50	0	0	7756	7805	1	50	6.85e-16	93.5
CFAV-Cairns_Australia_2014	SRA:SRX3113388.18982188.1	100.000	50	0	0	5393	5442	50	1	6.85e-16	93.5
CFAV-Cairns_Australia_2014	SRA:SRX3113388.18188579.2	100.000	50	0	0	1725	1774	50	1	6.85e-16	93.5
CFAV-Cairns_Australia_2014	SRA:SRX3113388.18142591.1	100.000	50	0	0	8771	8820	1	50	6.85e-16	93.5
CFAV-Cairns_Australia_2014	SRA:SRX3113388.17384113.2	100.000	50	0	0	6415	6464	1	50	6.85e-16	93.5
CFAV-Cairns_Australia_2014	SRA:SRX3113388.17273435.1	100.000	50	0	0	634	683	1	50	6.85e-16	93.5
CFAV-Cairns_Australia_2014	SRA:SRX3113388.17250323.1	100.000	50	0	0	579	628	1	50	6.85e-16	93.5
CFAV-Cairns_Australia_2014	SRA:SRX3113388.17194129.2	100.000	50	0	0	5960	6009	50	1	6.85e-16	93.5
CFAV-Cairns_Australia_2014	SRA:SRX3113388.17194129.1	100.000	50	0	0	5749	5798	1	50	6.85e-16	93.5
CFAV-Cairns_Australia_2014	SRA:SRX3113388.16883075.2	100.000	50	0	0	1703	1752	1	50	6.85e-16	93.5
CFAV-Cairns_Australia_2014	SRA:SRX3113388.16721553.1	100.000	50	0	0	8956	9005	1	50	6.85e-16	93.5
CFAV-Cairns_Australia_2014	SRA:SRX3113388.16700260.2	100.000	50	0	0	594	643	1	50	6.85e-16	93.5
CFAV-Cairns_Australia_2014	SRA:SRX3113388.16614770.2	100.000	50	0	0	7822	7871	1	50	6.85e-16	93.5
CFAV-Cairns_Australia_2014	SRA:SRX3113388.16420104.1	100.000	50	0	0	1347	1396	1	50	6.85e-16	93.5
CFAV-Cairns_Australia_2014	SRA:SRX3113388.15568442.1	100.000	50	0	0	1696	1745	50	1	6.85e-16	93.5
CFAV-Cairns_Australia_2014	SRA:SRX3113388.15548964.1	100.000	50	0	0	7294	7343	1	50	6.85e-16	93.5
CFAV-Cairns_Australia_2014	SRA:SRX3113388.15242776.2	100.000	50	0	0	934	983	1	50	6.85e-16	93.5
CFAV-Cairns_Australia_2014	SRA:SRX3113388.15242776.1	100.000	50	0	0	1006	1055	50	1	6.85e-16	93.5
CFAV-Cairns_Australia_2014	SRA:SRX3113388.14867967.2	100.000	50	0	0	5507	5556	1	50	6.85e-16	93.5
CFAV-Cairns_Australia_2014	SRA:SRX3113388.14193325.2	100.000	50	0	0	1026	1075	50	1	6.85e-16	93.5
CFAV-Cairns_Australia_2014	SRA:SRX3113388.14193325.1	100.000	50	0	0	970	1019	1	50	6.85e-16	93.5
CFAV-Cairns_Australia_2014	SRA:SRX3113388.13383816.2	100.000	50	0	0	4042	4091	50	1	6.85e-16	93.5
CFAV-Cairns_Australia_2014	SRA:SRX3113388.13383816.1	100.000	50	0	0	3671	3720	1	50	6.85e-16	93.5
CFAV-Cairns_Australia_2014	SRA:SRX3113388.12265387.1	100.000	50	0	0	2364	2413	50	1	6.85e-16	93.5
CFAV-Cairns_Australia_2014	SRA:SRX3113388.12081138.2	100.000	50	0	0	3971	4020	50	1	6.85e-16	93.5
CFAV-Cairns_Australia_2014	SRA:SRX3113388.12081138.1	100.000	50	0	0	3814	3863	1	50	6.85e-16	93.5
CFAV-Cairns_Australia_2014	SRA:SRX3113388.11438830.2	100.000	50	0	0	7294	7343	1	50	6.85e-16	93.5
CFAV-Cairns_Australia_2014	SRA:SRX3113388.11272348.2	100.000	50	0	0	2598	2647	50	1	6.85e-16	93.5
CFAV-Cairns_Australia_2014	SRA:SRX3113388.11168916.1	100.000	50	0	0	3323	3372	50	1	6.85e-16	93.5
CFAV-Cairns_Australia_2014	SRA:SRX3113388.11081605.2	100.000	50	0	0	9171	9220	1	50	6.85e-16	93.5
CFAV-Cairns_Australia_2014	SRA:SRX3113388.10422841.2	100.000	50	0	0	549	598	1	50	6.85e-16	93.5
CFAV-Cairns_Australia_2014	SRA:SRX3113388.9302858.2	100.000	50	0	0	3656	3705	50	1	6.85e-16	93.5
CFAV-Cairns_Australia_2014	SRA:SRX3113388.9072756.2	100.000	50	0	0	2612	2661	1	50	6.85e-16	93.5
CFAV-Cairns_Australia_2014	SRA:SRX3113388.8368367.2	100.000	50	0	0	7012	7061	1	50	6.85e-16	93.5
CFAV-Cairns_Australia_2014	SRA:SRX3113388.7343292.2	100.000	50	0	0	1379	1428	50	1	6.85e-16	93.5
CFAV-Cairns_Australia_2014	SRA:SRX3113388.4831462.2	100.000	50	0	0	8272	8321	50	1	6.85e-16	93.5
CFAV-Cairns_Australia_2014	SRA:SRX3113388.4474729.1	100.000	50	0	0	4022	4071	1	50	6.85e-16	93.5
CFAV-Cairns_Australia_2014	SRA:SRX3113388.4380266.2	100.000	50	0	0	3523	3572	50	1	6.85e-16	93.5
CFAV-Cairns_Australia_2014	SRA:SRX3113388.4363241.2	100.000	50	0	0	963	1012	50	1	6.85e-16	93.5
CFAV-Cairns_Australia_2014	SRA:SRX3113388.3652676.2	100.000	50	0	0	3836	3885	1	50	6.85e-16	93.5
CFAV-Cairns_Australia_2014	SRA:SRX3113388.3534913.2	100.000	50	0	0	7661	7710	1	50	6.85e-16	93.5
CFAV-Cairns_Australia_2014	SRA:SRX3113388.3534913.1	100.000	50	0	0	7834	7883	50	1	6.85e-16	93.5
CFAV-Cairns_Australia_2014	SRA:SRX3113388.3124122.2	100.000	50	0	0	7507	7556	50	1	6.85e-16	93.5
CFAV-Cairns_Australia_2014	SRA:SRX3113388.3124122.1	100.000	50	0	0	7288	7337	1	50	6.85e-16	93.5
CFAV-Cairns_Australia_2014	SRA:SRX3113388.2590560.1	100.000	50	0	0	2607	2656	1	50	6.85e-16	93.5
CFAV-Cairns_Australia_2014	SRA:SRX3113388.2425082.2	100.000	50	0	0	9538	9587	50	1	6.85e-16	93.5
CFAV-Cairns_Australia_2014	SRA:SRX3113388.1826148.2	100.000	50	0	0	8758	8807	1	50	6.85e-16	93.5
CFAV-Cairns_Australia_2014	SRA:SRX3113388.1618417.1	100.000	50	0	0	6810	6859	1	50	6.85e-16	93.5
CFAV-Cairns_Australia_2014	SRA:SRX3113388.646152.1	100.000	50	0	0	2580	2629	50	1	6.85e-16	93.5
CFAV-Cairns_Australia_2014	SRA:SRX3113388.430695.2	100.000	50	0	0	9171	9220	1	50	6.85e-16	93.5
CFAV-Cairns_Australia_2014	SRA:SRX3113388.212518.1	100.000	50	0	0	6194	6243	50	1	6.85e-16	93.5
CFAV-Cairns_Australia_2014	SRA:SRX3113388.20510405.2	100.000	49	0	0	8737	8785	2	50	2.46e-15	91.6
CFAV-Cairns_Australia_2014	SRA:SRX3113388.19860330.1	100.000	49	0	0	8810	8858	1	49	2.46e-15	91.6
CFAV-Cairns_Australia_2014	SRA:SRX3113388.16057473.1	100.000	49	0	0	7371	7419	50	2	2.46e-15	91.6
CFAV-Cairns_Australia_2014	SRA:SRX3113388.14953369.1	100.000	49	0	0	4781	4829	49	1	2.46e-15	91.6
CFAV-Cairns_Australia_2014	SRA:SRX3113388.4671196.1	100.000	49	0	0	4844	4892	1	49	2.46e-15	91.6
CFAV-Cairns_Australia_2014	SRA:SRX3113388.20533771.2	100.000	48	0	0	9338	9385	50	3	8.86e-15	89.8
CFAV-Cairns_Australia_2014	SRA:SRX3113388.12320395.1	100.000	48	0	0	4781	4828	48	1	8.86e-15	89.8
CFAV-Cairns_Australia_2014	SRA:SRX3113388.3649647.2	100.000	48	0	0	4781	4828	48	1	8.86e-15	89.8
CFAV-Cairns_Australia_2014	SRA:SRX3113388.1055844.2	100.000	48	0	0	3864	3911	50	3	8.86e-15	89.8
CFAV-Cairns_Australia_2014	SRA:SRX3113388.23868678.1	98.000	50	1	0	7196	7245	50	1	3.19e-14	87.9
CFAV-Cairns_Australia_2014	SRA:SRX3113388.23754313.1	98.000	50	1	0	8359	8408	1	50	3.19e-14	87.9
CFAV-Cairns_Australia_2014	SRA:SRX3113388.23563599.2	98.000	50	1	0	8124	8173	50	1	3.19e-14	87.9
CFAV-Cairns_Australia_2014	SRA:SRX3113388.23224394.2	98.000	50	1	0	1169	1218	1	50	3.19e-14	87.9
CFAV-Cairns_Australia_2014	SRA:SRX3113388.23065722.1	98.000	50	1	0	2911	2960	50	1	3.19e-14	87.9
CFAV-Cairns_Australia_2014	SRA:SRX3113388.22670130.1	98.000	50	1	0	3539	3588	50	1	3.19e-14	87.9
CFAV-Cairns_Australia_2014	SRA:SRX3113388.21003185.1	98.000	50	1	0	5091	5140	50	1	3.19e-14	87.9
CFAV-Cairns_Australia_2014	SRA:SRX3113388.20885633.2	98.000	50	1	0	3100	3149	1	50	3.19e-14	87.9
CFAV-Cairns_Australia_2014	SRA:SRX3113388.20516536.2	98.000	50	1	0	7852	7901	50	1	3.19e-14	87.9
CFAV-Cairns_Australia_2014	SRA:SRX3113388.20473787.1	98.000	50	1	0	7925	7974	50	1	3.19e-14	87.9
CFAV-Cairns_Australia_2014	SRA:SRX3113388.20437179.1	98.000	50	1	0	5597	5646	50	1	3.19e-14	87.9
CFAV-Cairns_Australia_2014	SRA:SRX3113388.20289950.2	98.000	50	1	0	1169	1218	1	50	3.19e-14	87.9
CFAV-Cairns_Australia_2014	SRA:SRX3113388.19878869.1	98.000	50	1	0	7197	7246	50	1	3.19e-14	87.9
CFAV-Cairns_Australia_2014	SRA:SRX3113388.19727932.1	98.000	50	1	0	3095	3144	1	50	3.19e-14	87.9
CFAV-Cairns_Australia_2014	SRA:SRX3113388.19686612.1	98.000	50	1	0	4101	4150	1	50	3.19e-14	87.9
CFAV-Cairns_Australia_2014	SRA:SRX3113388.19559818.2	98.000	50	1	0	7705	7754	1	50	3.19e-14	87.9
CFAV-Cairns_Australia_2014	SRA:SRX3113388.19559818.1	98.000	50	1	0	7855	7904	50	1	3.19e-14	87.9
CFAV-Cairns_Australia_2014	SRA:SRX3113388.19357223.1	98.000	50	1	0	2142	2191	50	1	3.19e-14	87.9
CFAV-Cairns_Australia_2014	SRA:SRX3113388.19266909.1	98.000	50	1	0	7855	7904	50	1	3.19e-14	87.9
CFAV-Cairns_Australia_2014	SRA:SRX3113388.19004697.1	98.000	50	1	0	2261	2310	50	1	3.19e-14	87.9
CFAV-Cairns_Australia_2014	SRA:SRX3113388.18889999.1	98.000	50	1	0	2324	2373	50	1	3.19e-14	87.9
CFAV-Cairns_Australia_2014	SRA:SRX3113388.18448839.2	98.000	50	1	0	6104	6153	50	1	3.19e-14	87.9
CFAV-Cairns_Australia_2014	SRA:SRX3113388.17972110.2	98.000	50	1	0	2911	2960	50	1	3.19e-14	87.9
CFAV-Cairns_Australia_2014	SRA:SRX3113388.17806052.2	98.000	50	1	0	4265	4314	1	50	3.19e-14	87.9
CFAV-Cairns_Australia_2014	SRA:SRX3113388.17193712.2	98.000	50	1	0	9668	9717	1	50	3.19e-14	87.9
CFAV-Cairns_Australia_2014	SRA:SRX3113388.17193712.1	98.000	50	1	0	9744	9793	50	1	3.19e-14	87.9
CFAV-Cairns_Australia_2014	SRA:SRX3113388.16721553.2	98.000	50	1	0	9083	9132	50	1	3.19e-14	87.9
CFAV-Cairns_Australia_2014	SRA:SRX3113388.16700260.1	98.000	50	1	0	834	883	50	1	3.19e-14	87.9
CFAV-Cairns_Australia_2014	SRA:SRX3113388.16619793.2	98.000	50	1	0	5936	5985	1	50	3.19e-14	87.9
CFAV-Cairns_Australia_2014	SRA:SRX3113388.15548964.2	98.000	50	1	0	7584	7633	50	1	3.19e-14	87.9
CFAV-Cairns_Australia_2014	SRA:SRX3113388.15336818.2	98.000	50	1	0	7229	7278	1	50	3.19e-14	87.9
CFAV-Cairns_Australia_2014	SRA:SRX3113388.15336818.1	98.000	50	1	0	7388	7437	50	1	3.19e-14	87.9
CFAV-Cairns_Australia_2014	SRA:SRX3113388.14953369.2	98.000	50	1	0	4536	4585	1	50	3.19e-14	87.9
CFAV-Cairns_Australia_2014	SRA:SRX3113388.14867967.1	98.000	50	1	0	5711	5760	50	1	3.19e-14	87.9
CFAV-Cairns_Australia_2014	SRA:SRX3113388.14729647.2	98.000	50	1	0	7852	7901	50	1	3.19e-14	87.9
CFAV-Cairns_Australia_2014	SRA:SRX3113388.14529125.2	98.000	50	1	0	8191	8240	50	1	3.19e-14	87.9
CFAV-Cairns_Australia_2014	SRA:SRX3113388.14489313.2	98.000	50	1	0	2211	2260	1	50	3.19e-14	87.9
CFAV-Cairns_Australia_2014	SRA:SRX3113388.14489313.1	98.000	50	1	0	2337	2386	50	1	3.19e-14	87.9
CFAV-Cairns_Australia_2014	SRA:SRX3113388.13887559.2	98.000	50	1	0	8131	8180	1	50	3.19e-14	87.9
CFAV-Cairns_Australia_2014	SRA:SRX3113388.13566368.2	98.000	50	1	0	9473	9522	50	1	3.19e-14	87.9
CFAV-Cairns_Australia_2014	SRA:SRX3113388.13566368.1	98.000	50	1	0	9385	9434	1	50	3.19e-14	87.9
CFAV-Cairns_Australia_2014	SRA:SRX3113388.13079194.2	98.000	50	1	0	6437	6486	50	1	3.19e-14	87.9
CFAV-Cairns_Australia_2014	SRA:SRX3113388.13079194.1	98.000	50	1	0	6271	6320	1	50	3.19e-14	87.9
CFAV-Cairns_Australia_2014	SRA:SRX3113388.12365185.2	98.000	50	1	0	3338	3387	1	50	3.19e-14	87.9
CFAV-Cairns_Australia_2014	SRA:SRX3113388.11707034.2	98.000	50	1	0	5461	5510	50	1	3.19e-14	87.9
CFAV-Cairns_Australia_2014	SRA:SRX3113388.11438830.1	98.000	50	1	0	7584	7633	50	1	3.19e-14	87.9
CFAV-Cairns_Australia_2014	SRA:SRX3113388.11081605.1	98.000	50	1	0	9416	9465	50	1	3.19e-14	87.9
CFAV-Cairns_Australia_2014	SRA:SRX3113388.10645726.1	98.000	50	1	0	8401	8450	1	50	3.19e-14	87.9
CFAV-Cairns_Australia_2014	SRA:SRX3113388.10422841.1	98.000	50	1	0	637	686	50	1	3.19e-14	87.9
CFAV-Cairns_Australia_2014	SRA:SRX3113388.10007164.1	98.000	50	1	0	8088	8137	1	50	3.19e-14	87.9
CFAV-Cairns_Australia_2014	SRA:SRX3113388.9624177.1	98.000	50	1	0	2857	2906	1	50	3.19e-14	87.9
CFAV-Cairns_Australia_2014	SRA:SRX3113388.9537804.1	98.000	50	1	0	8843	8892	50	1	3.19e-14	87.9
CFAV-Cairns_Australia_2014	SRA:SRX3113388.8052777.1	98.000	50	1	0	5456	5505	50	1	3.19e-14	87.9
CFAV-Cairns_Australia_2014	SRA:SRX3113388.7412678.1	98.000	50	1	0	8876	8925	50	1	3.19e-14	87.9
CFAV-Cairns_Australia_2014	SRA:SRX3113388.7343292.1	98.000	50	1	0	1077	1126	1	50	3.19e-14	87.9
CFAV-Cairns_Australia_2014	SRA:SRX3113388.7328764.1	98.000	50	1	0	9499	9548	50	1	3.19e-14	87.9
CFAV-Cairns_Australia_2014	SRA:SRX3113388.7177934.1	98.000	50	1	0	8389	8438	1	50	3.19e-14	87.9
CFAV-Cairns_Australia_2014	SRA:SRX3113388.7172666.2	98.000	50	1	0	9981	10030	1	50	3.19e-14	87.9
CFAV-Cairns_Australia_2014	SRA:SRX3113388.6923619.1	98.000	50	1	0	4103	4152	1	50	3.19e-14	87.9
CFAV-Cairns_Australia_2014	SRA:SRX3113388.5722164.2	98.000	50	1	0	2874	2923	1	50	3.19e-14	87.9
CFAV-Cairns_Australia_2014	SRA:SRX3113388.5685092.1	98.000	50	1	0	6104	6153	50	1	3.19e-14	87.9
CFAV-Cairns_Australia_2014	SRA:SRX3113388.4877865.2	98.000	50	1	0	8404	8453	1	50	3.19e-14	87.9
CFAV-Cairns_Australia_2014	SRA:SRX3113388.4831462.1	98.000	50	1	0	7952	8001	1	50	3.19e-14	87.9
CFAV-Cairns_Australia_2014	SRA:SRX3113388.4671196.2	98.000	50	1	0	4996	5045	50	1	3.19e-14	87.9
CFAV-Cairns_Australia_2014	SRA:SRX3113388.4087154.2	98.000	50	1	0	7178	7227	1	50	3.19e-14	87.9
CFAV-Cairns_Australia_2014	SRA:SRX3113388.4087154.1	98.000	50	1	0	7266	7315	50	1	3.19e-14	87.9
CFAV-Cairns_Australia_2014	SRA:SRX3113388.3149413.1	98.000	50	1	0	442	491	1	50	3.19e-14	87.9
CFAV-Cairns_Australia_2014	SRA:SRX3113388.2510762.2	98.000	50	1	0	3152	3201	1	50	3.19e-14	87.9
CFAV-Cairns_Australia_2014	SRA:SRX3113388.2405145.1	98.000	50	1	0	8843	8892	50	1	3.19e-14	87.9
CFAV-Cairns_Australia_2014	SRA:SRX3113388.1370978.1	98.000	50	1	0	8131	8180	1	50	3.19e-14	87.9
CFAV-Cairns_Australia_2014	SRA:SRX3113388.1055844.1	98.000	50	1	0	3542	3591	1	50	3.19e-14	87.9
CFAV-Cairns_Australia_2014	SRA:SRX3113388.770336.2	98.000	50	1	0	2936	2985	50	1	3.19e-14	87.9
CFAV-Cairns_Australia_2014	SRA:SRX3113388.770336.1	98.000	50	1	0	2533	2582	1	50	3.19e-14	87.9
CFAV-Cairns_Australia_2014	SRA:SRX3113388.646152.2	98.000	50	1	0	2381	2430	1	50	3.19e-14	87.9
CFAV-Cairns_Australia_2014	SRA:SRX3113388.502694.1	98.000	50	1	0	4102	4151	50	1	3.19e-14	87.9
CFAV-Cairns_Australia_2014	SRA:SRX3113388.487980.2	98.000	50	1	0	9716	9765	50	1	3.19e-14	87.9
CFAV-Cairns_Australia_2014	SRA:SRX3113388.430695.1	98.000	50	1	0	9416	9465	50	1	3.19e-14	87.9
CFAV-Cairns_Australia_2014	SRA:SRX3113388.21496451.2	97.959	49	1	0	3939	3987	49	1	1.15e-13	86.1
CFAV-Cairns_Australia_2014	SRA:SRX3113388.16614770.1	97.959	49	1	0	7938	7986	50	2	1.15e-13	86.1
CFAV-Cairns_Australia_2014	SRA:SRX3113388.3149413.2	100.000	46	0	0	688	733	46	1	1.15e-13	86.1
CFAV-Cairns_Australia_2014	SRA:SRX3113388.18003130.1	97.917	48	1	0	8737	8784	48	1	4.12e-13	84.2
CFAV-Cairns_Australia_2014	SRA:SRX3113388.8662059.2	97.917	48	1	0	6167	6214	48	1	4.12e-13	84.2
CFAV-Cairns_Australia_2014	SRA:SRX3113388.1580522.2	96.154	52	0	2	1	52	1	50	4.12e-13	84.2
CFAV-Cairns_Australia_2014	SRA:SRX3113388.264321.1	97.917	48	1	0	8737	8784	48	1	4.12e-13	84.2
CFAV-Cairns_Australia_2014	SRA:SRX3113388.23563599.1	96.000	50	2	0	7963	8012	1	50	1.48e-12	82.4
CFAV-Cairns_Australia_2014	SRA:SRX3113388.23065722.2	96.000	50	2	0	2706	2755	1	50	1.48e-12	82.4
CFAV-Cairns_Australia_2014	SRA:SRX3113388.20437179.2	96.000	50	2	0	5301	5350	1	50	1.48e-12	82.4
CFAV-Cairns_Australia_2014	SRA:SRX3113388.20212367.1	96.000	50	2	0	7905	7954	50	1	1.48e-12	82.4
CFAV-Cairns_Australia_2014	SRA:SRX3113388.19357223.2	96.000	50	2	0	1826	1875	1	50	1.48e-12	82.4
CFAV-Cairns_Australia_2014	SRA:SRX3113388.18698875.1	96.000	50	2	0	10236	10285	1	50	1.48e-12	82.4
CFAV-Cairns_Australia_2014	SRA:SRX3113388.18448839.1	96.000	50	2	0	5987	6036	1	50	1.48e-12	82.4
CFAV-Cairns_Australia_2014	SRA:SRX3113388.18142591.2	96.000	50	2	0	8874	8923	50	1	1.48e-12	82.4
CFAV-Cairns_Australia_2014	SRA:SRX3113388.17972110.1	96.000	50	2	0	2706	2755	1	50	1.48e-12	82.4
CFAV-Cairns_Australia_2014	SRA:SRX3113388.14026120.2	96.000	50	2	0	6232	6281	50	1	1.48e-12	82.4
CFAV-Cairns_Australia_2014	SRA:SRX3113388.13015544.2	96.000	50	2	0	9792	9841	50	1	1.48e-12	82.4
CFAV-Cairns_Australia_2014	SRA:SRX3113388.12365185.1	100.000	44	0	0	3469	3512	44	1	1.48e-12	82.4
CFAV-Cairns_Australia_2014	SRA:SRX3113388.11272348.1	96.000	50	2	0	2221	2270	1	50	1.48e-12	82.4
CFAV-Cairns_Australia_2014	SRA:SRX3113388.11005134.2	96.000	50	2	0	1864	1913	50	1	1.48e-12	82.4
CFAV-Cairns_Australia_2014	SRA:SRX3113388.9302858.1	96.000	50	2	0	3429	3478	1	50	1.48e-12	82.4
CFAV-Cairns_Australia_2014	SRA:SRX3113388.9072756.1	97.872	47	1	0	1975	2021	47	1	1.48e-12	82.4
CFAV-Cairns_Australia_2014	SRA:SRX3113388.8052777.2	96.000	50	2	0	5300	5349	1	50	1.48e-12	82.4
CFAV-Cairns_Australia_2014	SRA:SRX3113388.7643921.1	96.000	50	2	0	2128	2177	1	50	1.48e-12	82.4
CFAV-Cairns_Australia_2014	SRA:SRX3113388.7172666.1	96.000	50	2	0	10095	10144	50	1	1.48e-12	82.4
CFAV-Cairns_Australia_2014	SRA:SRX3113388.7033128.2	96.000	50	2	0	6783	6832	1	50	1.48e-12	82.4
CFAV-Cairns_Australia_2014	SRA:SRX3113388.7033128.1	96.000	50	2	0	6946	6995	50	1	1.48e-12	82.4
CFAV-Cairns_Australia_2014	SRA:SRX3113388.6923619.2	96.000	50	2	0	4412	4461	50	1	1.48e-12	82.4
CFAV-Cairns_Australia_2014	SRA:SRX3113388.5685092.2	96.000	50	2	0	5985	6034	1	50	1.48e-12	82.4
CFAV-Cairns_Australia_2014	SRA:SRX3113388.4901722.1	96.000	50	2	0	3421	3470	50	1	1.48e-12	82.4
CFAV-Cairns_Australia_2014	SRA:SRX3113388.4877865.1	96.000	50	2	0	8666	8715	50	1	1.48e-12	82.4
CFAV-Cairns_Australia_2014	SRA:SRX3113388.3642554.1	96.000	50	2	0	195	244	50	1	1.48e-12	82.4
CFAV-Cairns_Australia_2014	SRA:SRX3113388.1644833.2	96.000	50	2	0	10475	10524	50	1	1.48e-12	82.4
CFAV-Cairns_Australia_2014	SRA:SRX3113388.1618417.2	96.000	50	2	0	6946	6995	50	1	1.48e-12	82.4
CFAV-Cairns_Australia_2014	SRA:SRX3113388.1580522.1	96.000	50	2	0	140	189	50	1	1.48e-12	82.4
CFAV-Cairns_Australia_2014	SRA:SRX3113388.12470454.2	95.833	48	2	0	7994	8041	3	50	1.92e-11	78.7
CFAV-Cairns_Australia_2014	SRA:SRX3113388.18188579.1	94.000	50	3	0	1572	1621	1	50	6.90e-11	76.8
CFAV-Cairns_Australia_2014	SRA:SRX3113388.17806052.1	94.000	50	3	0	4889	4938	50	1	6.90e-11	76.8
CFAV-Cairns_Australia_2014	SRA:SRX3113388.16883075.1	94.000	50	3	0	1820	1869	50	1	6.90e-11	76.8
CFAV-Cairns_Australia_2014	SRA:SRX3113388.12470454.1	97.727	44	1	0	8256	8299	44	1	6.90e-11	76.8
CFAV-Cairns_Australia_2014	SRA:SRX3113388.9624177.2	94.000	50	3	0	3246	3295	50	1	6.90e-11	76.8
CFAV-Cairns_Australia_2014	SRA:SRX3113388.7328764.2	95.745	47	2	0	9397	9443	1	47	6.90e-11	76.8
CFAV-Cairns_Australia_2014	SRA:SRX3113388.5403332.1	94.000	50	3	0	1595	1644	50	1	6.90e-11	76.8
CFAV-Cairns_Australia_2014	SRA:SRX3113388.2425082.1	94.000	50	3	0	9404	9453	1	50	6.90e-11	76.8
CFAV-Cairns_Australia_2014	SRA:SRX3113388.2088924.2	92.000	50	4	0	2026	2075	50	1	3.21e-09	71.3
CFAV-Cairns_Australia_2014	SRA:SRX3113388.11005134.1	92.000	50	3	1	1599	1647	1	50	1.15e-08	69.4
CFAV-Macapa2_Brazil_2017	SRA:SRX3113388.23868678.2	100.000	50	0	0	7022	7071	1	50	6.85e-16	93.5
CFAV-Macapa2_Brazil_2017	SRA:SRX3113388.23756732.2	100.000	50	0	0	5394	5443	50	1	6.85e-16	93.5
CFAV-Macapa2_Brazil_2017	SRA:SRX3113388.22670130.2	100.000	50	0	0	3128	3177	1	50	6.85e-16	93.5
CFAV-Macapa2_Brazil_2017	SRA:SRX3113388.22670130.1	100.000	50	0	0	3540	3589	50	1	6.85e-16	93.5
CFAV-Macapa2_Brazil_2017	SRA:SRX3113388.20885633.1	100.000	50	0	0	3326	3375	50	1	6.85e-16	93.5
CFAV-Macapa2_Brazil_2017	SRA:SRX3113388.20533771.1	100.000	50	0	0	9161	9210	1	50	6.85e-16	93.5
CFAV-Macapa2_Brazil_2017	SRA:SRX3113388.20027104.1	100.000	50	0	0	8037	8086	1	50	6.85e-16	93.5
CFAV-Macapa2_Brazil_2017	SRA:SRX3113388.19559818.2	100.000	50	0	0	7706	7755	1	50	6.85e-16	93.5
CFAV-Macapa2_Brazil_2017	SRA:SRX3113388.18982188.1	100.000	50	0	0	5394	5443	50	1	6.85e-16	93.5
CFAV-Macapa2_Brazil_2017	SRA:SRX3113388.18003130.1	100.000	50	0	0	8736	8785	50	1	6.85e-16	93.5
CFAV-Macapa2_Brazil_2017	SRA:SRX3113388.17273435.1	100.000	50	0	0	635	684	1	50	6.85e-16	93.5
CFAV-Macapa2_Brazil_2017	SRA:SRX3113388.16614770.2	100.000	50	0	0	7823	7872	1	50	6.85e-16	93.5
CFAV-Macapa2_Brazil_2017	SRA:SRX3113388.15242776.2	100.000	50	0	0	935	984	1	50	6.85e-16	93.5
CFAV-Macapa2_Brazil_2017	SRA:SRX3113388.15242776.1	100.000	50	0	0	1007	1056	50	1	6.85e-16	93.5
CFAV-Macapa2_Brazil_2017	SRA:SRX3113388.14867967.2	100.000	50	0	0	5508	5557	1	50	6.85e-16	93.5
CFAV-Macapa2_Brazil_2017	SRA:SRX3113388.14193325.2	100.000	50	0	0	1027	1076	50	1	6.85e-16	93.5
CFAV-Macapa2_Brazil_2017	SRA:SRX3113388.12081138.2	100.000	50	0	0	3972	4021	50	1	6.85e-16	93.5
CFAV-Macapa2_Brazil_2017	SRA:SRX3113388.11168916.1	100.000	50	0	0	3324	3373	50	1	6.85e-16	93.5
CFAV-Macapa2_Brazil_2017	SRA:SRX3113388.11081605.2	100.000	50	0	0	9172	9221	1	50	6.85e-16	93.5
CFAV-Macapa2_Brazil_2017	SRA:SRX3113388.9537804.1	100.000	50	0	0	8844	8893	50	1	6.85e-16	93.5
CFAV-Macapa2_Brazil_2017	SRA:SRX3113388.8368367.2	100.000	50	0	0	7013	7062	1	50	6.85e-16	93.5
CFAV-Macapa2_Brazil_2017	SRA:SRX3113388.7412678.1	100.000	50	0	0	8877	8926	50	1	6.85e-16	93.5
CFAV-Macapa2_Brazil_2017	SRA:SRX3113388.4877865.2	100.000	50	0	0	8405	8454	1	50	6.85e-16	93.5
CFAV-Macapa2_Brazil_2017	SRA:SRX3113388.2510762.2	100.000	50	0	0	3153	3202	1	50	6.85e-16	93.5
CFAV-Macapa2_Brazil_2017	SRA:SRX3113388.2405145.1	100.000	50	0	0	8844	8893	50	1	6.85e-16	93.5
CFAV-Macapa2_Brazil_2017	SRA:SRX3113388.1826148.1	100.000	50	0	0	8882	8931	50	1	6.85e-16	93.5
CFAV-Macapa2_Brazil_2017	SRA:SRX3113388.1055844.1	100.000	50	0	0	3543	3592	1	50	6.85e-16	93.5
CFAV-Macapa2_Brazil_2017	SRA:SRX3113388.770336.1	100.000	50	0	0	2534	2583	1	50	6.85e-16	93.5
CFAV-Macapa2_Brazil_2017	SRA:SRX3113388.430695.2	100.000	50	0	0	9172	9221	1	50	6.85e-16	93.5
CFAV-Macapa2_Brazil_2017	SRA:SRX3113388.264321.1	100.000	50	0	0	8736	8785	50	1	6.85e-16	93.5
CFAV-Macapa2_Brazil_2017	SRA:SRX3113388.19778162.2	100.000	49	0	0	942	990	50	2	2.46e-15	91.6
CFAV-Macapa2_Brazil_2017	SRA:SRX3113388.9072756.2	100.000	48	0	0	2615	2662	3	50	8.86e-15	89.8
CFAV-Macapa2_Brazil_2017	SRA:SRX3113388.23883087.2	98.000	50	1	0	911	960	50	1	3.19e-14	87.9
CFAV-Macapa2_Brazil_2017	SRA:SRX3113388.23883087.1	98.000	50	1	0	751	800	1	50	3.19e-14	87.9
CFAV-Macapa2_Brazil_2017	SRA:SRX3113388.23563599.2	98.000	50	1	0	8125	8174	50	1	3.19e-14	87.9
CFAV-Macapa2_Brazil_2017	SRA:SRX3113388.22186960.2	98.000	50	1	0	7045	7094	1	50	3.19e-14	87.9
CFAV-Macapa2_Brazil_2017	SRA:SRX3113388.21496451.2	98.000	50	1	0	3939	3988	50	1	3.19e-14	87.9
CFAV-Macapa2_Brazil_2017	SRA:SRX3113388.21496451.1	98.000	50	1	0	3797	3846	1	50	3.19e-14	87.9
CFAV-Macapa2_Brazil_2017	SRA:SRX3113388.20510405.2	98.000	50	1	0	8737	8786	1	50	3.19e-14	87.9
CFAV-Macapa2_Brazil_2017	SRA:SRX3113388.20365360.2	98.000	50	1	0	7246	7295	1	50	3.19e-14	87.9
CFAV-Macapa2_Brazil_2017	SRA:SRX3113388.20027104.2	98.000	50	1	0	8275	8324	50	1	3.19e-14	87.9
CFAV-Macapa2_Brazil_2017	SRA:SRX3113388.19878869.1	98.000	50	1	0	7198	7247	50	1	3.19e-14	87.9
CFAV-Macapa2_Brazil_2017	SRA:SRX3113388.19778162.1	98.000	50	1	0	750	799	1	50	3.19e-14	87.9
CFAV-Macapa2_Brazil_2017	SRA:SRX3113388.19727932.1	98.000	50	1	0	3096	3145	1	50	3.19e-14	87.9
CFAV-Macapa2_Brazil_2017	SRA:SRX3113388.19004697.1	98.000	50	1	0	2262	2311	50	1	3.19e-14	87.9
CFAV-Macapa2_Brazil_2017	SRA:SRX3113388.18142591.2	98.000	50	1	0	8875	8924	50	1	3.19e-14	87.9
CFAV-Macapa2_Brazil_2017	SRA:SRX3113388.17384113.2	98.000	50	1	0	6416	6465	1	50	3.19e-14	87.9
CFAV-Macapa2_Brazil_2017	SRA:SRX3113388.17194129.1	98.000	50	1	0	5750	5799	1	50	3.19e-14	87.9
CFAV-Macapa2_Brazil_2017	SRA:SRX3113388.17193712.2	98.000	50	1	0	9669	9718	1	50	3.19e-14	87.9
CFAV-Macapa2_Brazil_2017	SRA:SRX3113388.16721553.1	98.000	50	1	0	8957	9006	1	50	3.19e-14	87.9
CFAV-Macapa2_Brazil_2017	SRA:SRX3113388.15336818.2	98.000	50	1	0	7230	7279	1	50	3.19e-14	87.9
CFAV-Macapa2_Brazil_2017	SRA:SRX3113388.14867967.1	98.000	50	1	0	5712	5761	50	1	3.19e-14	87.9
CFAV-Macapa2_Brazil_2017	SRA:SRX3113388.14384782.1	98.000	50	1	0	4668	4717	50	1	3.19e-14	87.9
CFAV-Macapa2_Brazil_2017	SRA:SRX3113388.13566368.1	98.000	50	1	0	9386	9435	1	50	3.19e-14	87.9
CFAV-Macapa2_Brazil_2017	SRA:SRX3113388.13383816.2	98.000	50	1	0	4043	4092	50	1	3.19e-14	87.9
CFAV-Macapa2_Brazil_2017	SRA:SRX3113388.13383816.1	98.000	50	1	0	3672	3721	1	50	3.19e-14	87.9
CFAV-Macapa2_Brazil_2017	SRA:SRX3113388.12320395.2	98.000	50	1	0	4674	4723	1	50	3.19e-14	87.9
CFAV-Macapa2_Brazil_2017	SRA:SRX3113388.12265387.1	98.000	50	1	0	2365	2414	50	1	3.19e-14	87.9
CFAV-Macapa2_Brazil_2017	SRA:SRX3113388.12081138.1	98.000	50	1	0	3815	3864	1	50	3.19e-14	87.9
CFAV-Macapa2_Brazil_2017	SRA:SRX3113388.11707034.2	98.000	50	1	0	5462	5511	50	1	3.19e-14	87.9
CFAV-Macapa2_Brazil_2017	SRA:SRX3113388.10645726.1	98.000	50	1	0	8402	8451	1	50	3.19e-14	87.9
CFAV-Macapa2_Brazil_2017	SRA:SRX3113388.10422841.2	98.000	50	1	0	550	599	1	50	3.19e-14	87.9
CFAV-Macapa2_Brazil_2017	SRA:SRX3113388.10422841.1	98.000	50	1	0	638	687	50	1	3.19e-14	87.9
CFAV-Macapa2_Brazil_2017	SRA:SRX3113388.10007164.1	98.000	50	1	0	8089	8138	1	50	3.19e-14	87.9
CFAV-Macapa2_Brazil_2017	SRA:SRX3113388.9072756.1	100.000	47	0	0	1976	2022	47	1	3.19e-14	87.9
CFAV-Macapa2_Brazil_2017	SRA:SRX3113388.8368367.1	98.000	50	1	0	7191	7240	50	1	3.19e-14	87.9
CFAV-Macapa2_Brazil_2017	SRA:SRX3113388.8052777.1	98.000	50	1	0	5457	5506	50	1	3.19e-14	87.9
CFAV-Macapa2_Brazil_2017	SRA:SRX3113388.7343292.2	98.000	50	1	0	1380	1429	50	1	3.19e-14	87.9
CFAV-Macapa2_Brazil_2017	SRA:SRX3113388.7033128.1	98.000	50	1	0	6947	6996	50	1	3.19e-14	87.9
CFAV-Macapa2_Brazil_2017	SRA:SRX3113388.4901722.2	98.000	50	1	0	3283	3332	1	50	3.19e-14	87.9
CFAV-Macapa2_Brazil_2017	SRA:SRX3113388.4831462.2	98.000	50	1	0	8273	8322	50	1	3.19e-14	87.9
CFAV-Macapa2_Brazil_2017	SRA:SRX3113388.4831462.1	98.000	50	1	0	7953	8002	1	50	3.19e-14	87.9
CFAV-Macapa2_Brazil_2017	SRA:SRX3113388.4380266.2	98.000	50	1	0	3524	3573	50	1	3.19e-14	87.9
CFAV-Macapa2_Brazil_2017	SRA:SRX3113388.4087154.2	98.000	50	1	0	7179	7228	1	50	3.19e-14	87.9
CFAV-Macapa2_Brazil_2017	SRA:SRX3113388.3652676.2	98.000	50	1	0	3837	3886	1	50	3.19e-14	87.9
CFAV-Macapa2_Brazil_2017	SRA:SRX3113388.3649647.1	98.000	50	1	0	4674	4723	1	50	3.19e-14	87.9
CFAV-Macapa2_Brazil_2017	SRA:SRX3113388.3534913.2	98.000	50	1	0	7662	7711	1	50	3.19e-14	87.9
CFAV-Macapa2_Brazil_2017	SRA:SRX3113388.3534913.1	98.000	50	1	0	7835	7884	50	1	3.19e-14	87.9
CFAV-Macapa2_Brazil_2017	SRA:SRX3113388.2590560.1	98.000	50	1	0	2608	2657	1	50	3.19e-14	87.9
CFAV-Macapa2_Brazil_2017	SRA:SRX3113388.2510762.1	98.000	50	1	0	3278	3327	50	1	3.19e-14	87.9
CFAV-Macapa2_Brazil_2017	SRA:SRX3113388.1618417.2	98.000	50	1	0	6947	6996	50	1	3.19e-14	87.9
CFAV-Macapa2_Brazil_2017	SRA:SRX3113388.770336.2	98.000	50	1	0	2937	2986	50	1	3.19e-14	87.9
CFAV-Macapa2_Brazil_2017	SRA:SRX3113388.646152.2	98.000	50	1	0	2382	2431	1	50	3.19e-14	87.9
CFAV-Macapa2_Brazil_2017	SRA:SRX3113388.23065722.1	97.959	49	1	0	2913	2961	49	1	1.15e-13	86.1
CFAV-Macapa2_Brazil_2017	SRA:SRX3113388.19878869.2	97.959	49	1	0	7104	7152	1	49	1.15e-13	86.1
CFAV-Macapa2_Brazil_2017	SRA:SRX3113388.19727932.2	97.959	49	1	0	3174	3222	50	2	1.15e-13	86.1
CFAV-Macapa2_Brazil_2017	SRA:SRX3113388.17972110.2	97.959	49	1	0	2913	2961	49	1	1.15e-13	86.1
CFAV-Macapa2_Brazil_2017	SRA:SRX3113388.17250323.1	97.959	49	1	0	581	629	2	50	1.15e-13	86.1
CFAV-Macapa2_Brazil_2017	SRA:SRX3113388.13079194.1	97.959	49	1	0	6273	6321	2	50	1.15e-13	86.1
CFAV-Macapa2_Brazil_2017	SRA:SRX3113388.21471046.2	97.917	48	1	0	7154	7201	48	1	4.12e-13	84.2
CFAV-Macapa2_Brazil_2017	SRA:SRX3113388.20533771.2	97.917	48	1	0	9339	9386	50	3	4.12e-13	84.2
CFAV-Macapa2_Brazil_2017	SRA:SRX3113388.18448839.1	97.917	48	1	0	5990	6037	3	50	4.12e-13	84.2
CFAV-Macapa2_Brazil_2017	SRA:SRX3113388.16420104.1	97.917	48	1	0	1348	1395	1	48	4.12e-13	84.2
CFAV-Macapa2_Brazil_2017	SRA:SRX3113388.8662059.2	97.917	48	1	0	6168	6215	48	1	4.12e-13	84.2
CFAV-Macapa2_Brazil_2017	SRA:SRX3113388.1055844.2	97.917	48	1	0	3865	3912	50	3	4.12e-13	84.2
CFAV-Macapa2_Brazil_2017	SRA:SRX3113388.22186960.1	96.000	50	2	0	7141	7190	50	1	1.48e-12	82.4
CFAV-Macapa2_Brazil_2017	SRA:SRX3113388.20510405.1	96.000	50	2	0	8911	8960	50	1	1.48e-12	82.4
CFAV-Macapa2_Brazil_2017	SRA:SRX3113388.19860330.2	96.000	50	2	0	8907	8956	50	1	1.48e-12	82.4
CFAV-Macapa2_Brazil_2017	SRA:SRX3113388.19860330.1	96.000	50	2	0	8811	8860	1	50	1.48e-12	82.4
CFAV-Macapa2_Brazil_2017	SRA:SRX3113388.17193712.1	96.000	50	2	0	9745	9794	50	1	1.48e-12	82.4
CFAV-Macapa2_Brazil_2017	SRA:SRX3113388.16619793.2	96.000	50	2	0	5937	5986	1	50	1.48e-12	82.4
CFAV-Macapa2_Brazil_2017	SRA:SRX3113388.14489313.1	96.000	50	2	0	2338	2387	50	1	1.48e-12	82.4
CFAV-Macapa2_Brazil_2017	SRA:SRX3113388.13777512.2	96.000	50	2	0	8452	8501	1	50	1.48e-12	82.4
CFAV-Macapa2_Brazil_2017	SRA:SRX3113388.13015544.1	96.000	50	2	0	9644	9693	1	50	1.48e-12	82.4
CFAV-Macapa2_Brazil_2017	SRA:SRX3113388.11849096.1	96.000	50	2	0	2047	2096	1	50	1.48e-12	82.4
CFAV-Macapa2_Brazil_2017	SRA:SRX3113388.11272348.2	96.000	50	2	0	2599	2648	50	1	1.48e-12	82.4
CFAV-Macapa2_Brazil_2017	SRA:SRX3113388.11081605.1	96.000	50	2	0	9417	9466	50	1	1.48e-12	82.4
CFAV-Macapa2_Brazil_2017	SRA:SRX3113388.9624177.1	96.000	50	2	0	2858	2907	1	50	1.48e-12	82.4
CFAV-Macapa2_Brazil_2017	SRA:SRX3113388.9302858.1	96.000	50	2	0	3430	3479	1	50	1.48e-12	82.4
CFAV-Macapa2_Brazil_2017	SRA:SRX3113388.7177934.1	96.000	50	2	0	8390	8439	1	50	1.48e-12	82.4
CFAV-Macapa2_Brazil_2017	SRA:SRX3113388.5685092.2	96.000	50	2	0	5986	6035	1	50	1.48e-12	82.4
CFAV-Macapa2_Brazil_2017	SRA:SRX3113388.4901722.1	96.000	50	2	0	3422	3471	50	1	1.48e-12	82.4
CFAV-Macapa2_Brazil_2017	SRA:SRX3113388.4859415.2	100.000	44	0	0	8450	8493	1	44	1.48e-12	82.4
CFAV-Macapa2_Brazil_2017	SRA:SRX3113388.4671196.1	96.000	50	2	0	4845	4894	1	50	1.48e-12	82.4
CFAV-Macapa2_Brazil_2017	SRA:SRX3113388.4474729.1	96.000	50	2	0	4023	4072	1	50	1.48e-12	82.4
CFAV-Macapa2_Brazil_2017	SRA:SRX3113388.4087154.1	96.000	50	2	0	7267	7316	50	1	1.48e-12	82.4
CFAV-Macapa2_Brazil_2017	SRA:SRX3113388.2590560.2	97.872	47	1	0	2738	2784	50	4	1.48e-12	82.4
CFAV-Macapa2_Brazil_2017	SRA:SRX3113388.2425082.2	96.000	50	2	0	9539	9588	50	1	1.48e-12	82.4
CFAV-Macapa2_Brazil_2017	SRA:SRX3113388.1826148.2	96.000	50	2	0	8759	8808	1	50	1.48e-12	82.4
CFAV-Macapa2_Brazil_2017	SRA:SRX3113388.1644833.2	96.000	50	2	0	10476	10525	50	1	1.48e-12	82.4
CFAV-Macapa2_Brazil_2017	SRA:SRX3113388.430695.1	96.000	50	2	0	9417	9466	50	1	1.48e-12	82.4
CFAV-Macapa2_Brazil_2017	SRA:SRX3113388.16614770.1	95.918	49	2	0	7939	7987	50	2	5.33e-12	80.5
CFAV-Macapa2_Brazil_2017	SRA:SRX3113388.14384782.2	95.918	49	2	0	4426	4474	2	50	5.33e-12	80.5
CFAV-Macapa2_Brazil_2017	SRA:SRX3113388.23224394.1	97.778	45	1	0	1343	1387	45	1	1.92e-11	78.7
CFAV-Macapa2_Brazil_2017	SRA:SRX3113388.20289950.1	97.778	45	1	0	1343	1387	45	1	1.92e-11	78.7
CFAV-Macapa2_Brazil_2017	SRA:SRX3113388.19686612.1	97.778	45	1	0	4102	4146	1	45	1.92e-11	78.7
CFAV-Macapa2_Brazil_2017	SRA:SRX3113388.11168916.2	97.778	45	1	0	3178	3222	1	45	1.92e-11	78.7
CFAV-Macapa2_Brazil_2017	SRA:SRX3113388.23904387.1	100.000	41	0	0	52	92	10	50	6.90e-11	76.8
CFAV-Macapa2_Brazil_2017	SRA:SRX3113388.21003185.1	94.000	50	3	0	5092	5141	50	1	6.90e-11	76.8
CFAV-Macapa2_Brazil_2017	SRA:SRX3113388.20212367.1	94.000	50	3	0	7906	7955	50	1	6.90e-11	76.8
CFAV-Macapa2_Brazil_2017	SRA:SRX3113388.18889999.1	94.000	50	3	0	2325	2374	50	1	6.90e-11	76.8
CFAV-Macapa2_Brazil_2017	SRA:SRX3113388.18448839.2	94.000	50	3	0	6105	6154	50	1	6.90e-11	76.8
CFAV-Macapa2_Brazil_2017	SRA:SRX3113388.18003130.2	94.000	50	3	0	8559	8608	1	50	6.90e-11	76.8
CFAV-Macapa2_Brazil_2017	SRA:SRX3113388.14026120.2	94.000	50	3	0	6233	6282	50	1	6.90e-11	76.8
CFAV-Macapa2_Brazil_2017	SRA:SRX3113388.12470454.1	97.727	44	1	0	8257	8300	44	1	6.90e-11	76.8
CFAV-Macapa2_Brazil_2017	SRA:SRX3113388.11005134.2	94.000	50	3	0	1865	1914	50	1	6.90e-11	76.8
CFAV-Macapa2_Brazil_2017	SRA:SRX3113388.10645726.2	94.000	50	3	0	8557	8606	50	1	6.90e-11	76.8
CFAV-Macapa2_Brazil_2017	SRA:SRX3113388.7328764.2	95.745	47	2	0	9398	9444	1	47	6.90e-11	76.8
CFAV-Macapa2_Brazil_2017	SRA:SRX3113388.6923619.2	95.745	47	2	0	4416	4462	47	1	6.90e-11	76.8
CFAV-Macapa2_Brazil_2017	SRA:SRX3113388.6923619.1	94.000	50	3	0	4104	4153	1	50	6.90e-11	76.8
CFAV-Macapa2_Brazil_2017	SRA:SRX3113388.5685092.1	94.000	50	3	0	6105	6154	50	1	6.90e-11	76.8
CFAV-Macapa2_Brazil_2017	SRA:SRX3113388.5403332.2	94.000	50	3	0	1307	1356	1	50	6.90e-11	76.8
CFAV-Macapa2_Brazil_2017	SRA:SRX3113388.5403332.1	94.000	50	3	0	1596	1645	50	1	6.90e-11	76.8
CFAV-Macapa2_Brazil_2017	SRA:SRX3113388.4877865.1	94.000	50	3	0	8667	8716	50	1	6.90e-11	76.8
CFAV-Macapa2_Brazil_2017	SRA:SRX3113388.3124122.2	94.000	50	3	0	7508	7557	50	1	6.90e-11	76.8
CFAV-Macapa2_Brazil_2017	SRA:SRX3113388.2088924.2	94.000	50	3	0	2027	2076	50	1	6.90e-11	76.8
CFAV-Macapa2_Brazil_2017	SRA:SRX3113388.502694.1	94.000	50	3	0	4103	4152	50	1	6.90e-11	76.8
CFAV-Macapa2_Brazil_2017	SRA:SRX3113388.487980.2	94.000	50	3	0	9717	9766	50	1	6.90e-11	76.8
CFAV-Macapa2_Brazil_2017	SRA:SRX3113388.264321.2	94.000	50	3	0	8559	8608	1	50	6.90e-11	76.8
CFAV-Macapa2_Brazil_2017	SRA:SRX3113388.12365185.2	93.878	49	3	0	3339	3387	1	49	2.48e-10	75.0
CFAV-Macapa2_Brazil_2017	SRA:SRX3113388.9537804.2	97.674	43	1	0	8617	8659	6	48	2.48e-10	75.0
CFAV-Macapa2_Brazil_2017	SRA:SRX3113388.23754313.2	92.000	50	4	0	8530	8579	50	1	3.21e-09	71.3
CFAV-Macapa2_Brazil_2017	SRA:SRX3113388.18188579.1	92.000	50	4	0	1573	1622	1	50	3.21e-09	71.3
CFAV-Macapa2_Brazil_2017	SRA:SRX3113388.2425082.1	92.000	50	4	0	9405	9454	1	50	3.21e-09	71.3
CFAV-Macapa2_Brazil_2017	SRA:SRX3113388.11005134.1	92.000	50	3	1	1600	1648	1	50	1.15e-08	69.4
CFAV-Macapa2_Brazil_2017	SRA:SRX3113388.2405145.2	95.349	43	2	0	8617	8659	6	48	1.15e-08	69.4
CFAV-Macapa2_Brazil_2017	SRA:SRX3113388.21650712.1	100.000	33	0	0	52	84	18	50	1.93e-06	62.1
CFAV-Macapa2_Brazil_2017	SRA:SRX3113388.16057473.2	100.000	32	0	0	7727	7758	1	32	6.94e-06	60.2
CFAV-KC_Cambodia_2015	SRA:SRX3113388.23904387.2	100.000	50	0	0	189	238	50	1	6.85e-16	93.5
CFAV-KC_Cambodia_2015	SRA:SRX3113388.23904387.1	100.000	50	0	0	54	103	1	50	6.85e-16	93.5
CFAV-KC_Cambodia_2015	SRA:SRX3113388.20516536.2	100.000	50	0	0	7864	7913	50	1	6.85e-16	93.5
CFAV-KC_Cambodia_2015	SRA:SRX3113388.20510405.1	100.000	50	0	0	8922	8971	50	1	6.85e-16	93.5
CFAV-KC_Cambodia_2015	SRA:SRX3113388.20027104.1	100.000	50	0	0	8048	8097	1	50	6.85e-16	93.5
CFAV-KC_Cambodia_2015	SRA:SRX3113388.19878869.2	100.000	50	0	0	7115	7164	1	50	6.85e-16	93.5
CFAV-KC_Cambodia_2015	SRA:SRX3113388.19860330.2	100.000	50	0	0	8918	8967	50	1	6.85e-16	93.5
CFAV-KC_Cambodia_2015	SRA:SRX3113388.19559818.1	100.000	50	0	0	7867	7916	50	1	6.85e-16	93.5
CFAV-KC_Cambodia_2015	SRA:SRX3113388.19266909.1	100.000	50	0	0	7867	7916	50	1	6.85e-16	93.5
CFAV-KC_Cambodia_2015	SRA:SRX3113388.18142591.1	100.000	50	0	0	8783	8832	1	50	6.85e-16	93.5
CFAV-KC_Cambodia_2015	SRA:SRX3113388.17273435.1	100.000	50	0	0	646	695	1	50	6.85e-16	93.5
CFAV-KC_Cambodia_2015	SRA:SRX3113388.16700260.1	100.000	50	0	0	846	895	50	1	6.85e-16	93.5
CFAV-KC_Cambodia_2015	SRA:SRX3113388.15242776.2	100.000	50	0	0	946	995	1	50	6.85e-16	93.5
CFAV-KC_Cambodia_2015	SRA:SRX3113388.14729647.2	100.000	50	0	0	7864	7913	50	1	6.85e-16	93.5
CFAV-KC_Cambodia_2015	SRA:SRX3113388.14193325.2	100.000	50	0	0	1038	1087	50	1	6.85e-16	93.5
CFAV-KC_Cambodia_2015	SRA:SRX3113388.13383816.2	100.000	50	0	0	4054	4103	50	1	6.85e-16	93.5
CFAV-KC_Cambodia_2015	SRA:SRX3113388.13383816.1	100.000	50	0	0	3683	3732	1	50	6.85e-16	93.5
CFAV-KC_Cambodia_2015	SRA:SRX3113388.13015544.2	100.000	50	0	0	9804	9853	50	1	6.85e-16	93.5
CFAV-KC_Cambodia_2015	SRA:SRX3113388.13015544.1	100.000	50	0	0	9655	9704	1	50	6.85e-16	93.5
CFAV-KC_Cambodia_2015	SRA:SRX3113388.12081138.1	100.000	50	0	0	3826	3875	1	50	6.85e-16	93.5
CFAV-KC_Cambodia_2015	SRA:SRX3113388.9537804.1	100.000	50	0	0	8855	8904	50	1	6.85e-16	93.5
CFAV-KC_Cambodia_2015	SRA:SRX3113388.9072756.1	100.000	50	0	0	1984	2033	50	1	6.85e-16	93.5
CFAV-KC_Cambodia_2015	SRA:SRX3113388.4474729.1	100.000	50	0	0	4034	4083	1	50	6.85e-16	93.5
CFAV-KC_Cambodia_2015	SRA:SRX3113388.3652676.2	100.000	50	0	0	3848	3897	1	50	6.85e-16	93.5
CFAV-KC_Cambodia_2015	SRA:SRX3113388.3124122.1	100.000	50	0	0	7300	7349	1	50	6.85e-16	93.5
CFAV-KC_Cambodia_2015	SRA:SRX3113388.2405145.1	100.000	50	0	0	8855	8904	50	1	6.85e-16	93.5
CFAV-KC_Cambodia_2015	SRA:SRX3113388.212518.1	100.000	50	0	0	6206	6255	50	1	6.85e-16	93.5
CFAV-KC_Cambodia_2015	SRA:SRX3113388.19778162.2	100.000	49	0	0	953	1001	50	2	2.47e-15	91.6
CFAV-KC_Cambodia_2015	SRA:SRX3113388.16057473.1	100.000	49	0	0	7383	7431	50	2	2.47e-15	91.6
CFAV-KC_Cambodia_2015	SRA:SRX3113388.3149413.2	100.000	49	0	0	697	745	49	1	2.47e-15	91.6
CFAV-KC_Cambodia_2015	SRA:SRX3113388.22186960.1	100.000	48	0	0	7152	7199	50	3	8.87e-15	89.8
CFAV-KC_Cambodia_2015	SRA:SRX3113388.19686612.1	100.000	48	0	0	4113	4160	1	48	8.87e-15	89.8
CFAV-KC_Cambodia_2015	SRA:SRX3113388.23756732.2	98.000	50	1	0	5405	5454	50	1	3.19e-14	87.9
CFAV-KC_Cambodia_2015	SRA:SRX3113388.23224394.1	98.000	50	1	0	1349	1398	50	1	3.19e-14	87.9
CFAV-KC_Cambodia_2015	SRA:SRX3113388.21650712.1	98.000	50	1	0	46	95	1	50	3.19e-14	87.9
CFAV-KC_Cambodia_2015	SRA:SRX3113388.21496451.1	98.000	50	1	0	3808	3857	1	50	3.19e-14	87.9
CFAV-KC_Cambodia_2015	SRA:SRX3113388.21471046.2	98.000	50	1	0	7163	7212	50	1	3.19e-14	87.9
CFAV-KC_Cambodia_2015	SRA:SRX3113388.20289950.1	98.000	50	1	0	1349	1398	50	1	3.19e-14	87.9
CFAV-KC_Cambodia_2015	SRA:SRX3113388.19686612.2	98.000	50	1	0	4354	4403	50	1	3.19e-14	87.9
CFAV-KC_Cambodia_2015	SRA:SRX3113388.19559818.2	98.000	50	1	0	7717	7766	1	50	3.19e-14	87.9
CFAV-KC_Cambodia_2015	SRA:SRX3113388.18982188.1	98.000	50	1	0	5405	5454	50	1	3.19e-14	87.9
CFAV-KC_Cambodia_2015	SRA:SRX3113388.18003130.1	98.000	50	1	0	8747	8796	50	1	3.19e-14	87.9
CFAV-KC_Cambodia_2015	SRA:SRX3113388.17193712.2	98.000	50	1	0	9680	9729	1	50	3.19e-14	87.9
CFAV-KC_Cambodia_2015	SRA:SRX3113388.16721553.1	98.000	50	1	0	8968	9017	1	50	3.19e-14	87.9
CFAV-KC_Cambodia_2015	SRA:SRX3113388.16614770.2	98.000	50	1	0	7834	7883	1	50	3.19e-14	87.9
CFAV-KC_Cambodia_2015	SRA:SRX3113388.15548964.2	98.000	50	1	0	7596	7645	50	1	3.19e-14	87.9
CFAV-KC_Cambodia_2015	SRA:SRX3113388.15548964.1	98.000	50	1	0	7306	7355	1	50	3.19e-14	87.9
CFAV-KC_Cambodia_2015	SRA:SRX3113388.15242776.1	98.000	50	1	0	1018	1067	50	1	3.19e-14	87.9
CFAV-KC_Cambodia_2015	SRA:SRX3113388.14867967.1	98.000	50	1	0	5723	5772	50	1	3.19e-14	87.9
CFAV-KC_Cambodia_2015	SRA:SRX3113388.13566368.1	98.000	50	1	0	9397	9446	1	50	3.19e-14	87.9
CFAV-KC_Cambodia_2015	SRA:SRX3113388.12081138.2	98.000	50	1	0	3983	4032	50	1	3.19e-14	87.9
CFAV-KC_Cambodia_2015	SRA:SRX3113388.11707034.2	98.000	50	1	0	5473	5522	50	1	3.19e-14	87.9
CFAV-KC_Cambodia_2015	SRA:SRX3113388.11438830.2	98.000	50	1	0	7306	7355	1	50	3.19e-14	87.9
CFAV-KC_Cambodia_2015	SRA:SRX3113388.11438830.1	98.000	50	1	0	7596	7645	50	1	3.19e-14	87.9
CFAV-KC_Cambodia_2015	SRA:SRX3113388.10422841.1	98.000	50	1	0	649	698	50	1	3.19e-14	87.9
CFAV-KC_Cambodia_2015	SRA:SRX3113388.9537804.2	98.000	50	1	0	8623	8672	1	50	3.19e-14	87.9
CFAV-KC_Cambodia_2015	SRA:SRX3113388.9302858.2	98.000	50	1	0	3668	3717	50	1	3.19e-14	87.9
CFAV-KC_Cambodia_2015	SRA:SRX3113388.9072756.2	98.000	50	1	0	2624	2673	1	50	3.19e-14	87.9
CFAV-KC_Cambodia_2015	SRA:SRX3113388.8052777.1	98.000	50	1	0	5468	5517	50	1	3.19e-14	87.9
CFAV-KC_Cambodia_2015	SRA:SRX3113388.7412678.2	98.000	50	1	0	8632	8681	1	50	3.19e-14	87.9
CFAV-KC_Cambodia_2015	SRA:SRX3113388.7343292.1	98.000	50	1	0	1089	1138	1	50	3.19e-14	87.9
CFAV-KC_Cambodia_2015	SRA:SRX3113388.7328764.1	98.000	50	1	0	9511	9560	50	1	3.19e-14	87.9
CFAV-KC_Cambodia_2015	SRA:SRX3113388.6923619.1	98.000	50	1	0	4115	4164	1	50	3.19e-14	87.9
CFAV-KC_Cambodia_2015	SRA:SRX3113388.4901722.2	98.000	50	1	0	3294	3343	1	50	3.19e-14	87.9
CFAV-KC_Cambodia_2015	SRA:SRX3113388.4877865.2	98.000	50	1	0	8416	8465	1	50	3.19e-14	87.9
CFAV-KC_Cambodia_2015	SRA:SRX3113388.4671196.1	98.000	50	1	0	4856	4905	1	50	3.19e-14	87.9
CFAV-KC_Cambodia_2015	SRA:SRX3113388.4380266.2	98.000	50	1	0	3535	3584	50	1	3.19e-14	87.9
CFAV-KC_Cambodia_2015	SRA:SRX3113388.4087154.1	98.000	50	1	0	7278	7327	50	1	3.19e-14	87.9
CFAV-KC_Cambodia_2015	SRA:SRX3113388.3534913.2	98.000	50	1	0	7673	7722	1	50	3.19e-14	87.9
CFAV-KC_Cambodia_2015	SRA:SRX3113388.3534913.1	100.000	47	0	0	7849	7895	47	1	3.19e-14	87.9
CFAV-KC_Cambodia_2015	SRA:SRX3113388.2510762.1	98.000	50	1	0	3289	3338	50	1	3.19e-14	87.9
CFAV-KC_Cambodia_2015	SRA:SRX3113388.1826148.2	98.000	50	1	0	8770	8819	1	50	3.19e-14	87.9
CFAV-KC_Cambodia_2015	SRA:SRX3113388.1826148.1	98.000	50	1	0	8893	8942	50	1	3.19e-14	87.9
CFAV-KC_Cambodia_2015	SRA:SRX3113388.1618417.1	98.000	50	1	0	6822	6871	1	50	3.19e-14	87.9
CFAV-KC_Cambodia_2015	SRA:SRX3113388.1055844.1	98.000	50	1	0	3554	3603	1	50	3.19e-14	87.9
CFAV-KC_Cambodia_2015	SRA:SRX3113388.502694.1	98.000	50	1	0	4114	4163	50	1	3.19e-14	87.9
CFAV-KC_Cambodia_2015	SRA:SRX3113388.487980.1	98.000	50	1	0	9241	9290	1	50	3.19e-14	87.9
CFAV-KC_Cambodia_2015	SRA:SRX3113388.264321.1	98.000	50	1	0	8747	8796	50	1	3.19e-14	87.9
CFAV-KC_Cambodia_2015	SRA:SRX3113388.19004697.1	97.959	49	1	0	2273	2321	50	2	1.15e-13	86.1
CFAV-KC_Cambodia_2015	SRA:SRX3113388.15336818.1	100.000	46	0	0	7400	7445	50	5	1.15e-13	86.1
CFAV-KC_Cambodia_2015	SRA:SRX3113388.14953369.1	97.959	49	1	0	4793	4841	49	1	1.15e-13	86.1
CFAV-KC_Cambodia_2015	SRA:SRX3113388.7177934.2	97.959	49	1	0	8704	8752	49	1	1.15e-13	86.1
CFAV-KC_Cambodia_2015	SRA:SRX3113388.19357223.2	97.917	48	1	0	1840	1887	3	50	4.13e-13	84.2
CFAV-KC_Cambodia_2015	SRA:SRX3113388.16420104.1	97.917	48	1	0	1359	1406	1	48	4.13e-13	84.2
CFAV-KC_Cambodia_2015	SRA:SRX3113388.12320395.1	97.917	48	1	0	4793	4840	48	1	4.13e-13	84.2
CFAV-KC_Cambodia_2015	SRA:SRX3113388.3649647.2	97.917	48	1	0	4793	4840	48	1	4.13e-13	84.2
CFAV-KC_Cambodia_2015	SRA:SRX3113388.23883087.2	97.872	47	1	0	925	971	47	1	1.48e-12	82.4
CFAV-KC_Cambodia_2015	SRA:SRX3113388.23868678.2	97.872	47	1	0	7033	7079	1	47	1.48e-12	82.4
CFAV-KC_Cambodia_2015	SRA:SRX3113388.23754313.2	96.000	50	2	0	8541	8590	50	1	1.48e-12	82.4
CFAV-KC_Cambodia_2015	SRA:SRX3113388.22670130.2	96.000	50	2	0	3139	3188	1	50	1.48e-12	82.4
CFAV-KC_Cambodia_2015	SRA:SRX3113388.21496451.2	97.872	47	1	0	3951	3997	49	3	1.48e-12	82.4
CFAV-KC_Cambodia_2015	SRA:SRX3113388.20885633.2	96.000	50	2	0	3112	3161	1	50	1.48e-12	82.4
CFAV-KC_Cambodia_2015	SRA:SRX3113388.18889999.1	96.000	50	2	0	2336	2385	50	1	1.48e-12	82.4
CFAV-KC_Cambodia_2015	SRA:SRX3113388.17193712.1	96.000	50	2	0	9756	9805	50	1	1.48e-12	82.4
CFAV-KC_Cambodia_2015	SRA:SRX3113388.16619793.2	96.000	50	2	0	5948	5997	1	50	1.48e-12	82.4
CFAV-KC_Cambodia_2015	SRA:SRX3113388.15336818.2	96.000	50	2	0	7241	7290	1	50	1.48e-12	82.4
CFAV-KC_Cambodia_2015	SRA:SRX3113388.14529125.2	96.000	50	2	0	8203	8252	50	1	1.48e-12	82.4
CFAV-KC_Cambodia_2015	SRA:SRX3113388.14489313.1	96.000	50	2	0	2349	2398	50	1	1.48e-12	82.4
CFAV-KC_Cambodia_2015	SRA:SRX3113388.13777512.2	96.000	50	2	0	8463	8512	1	50	1.48e-12	82.4
CFAV-KC_Cambodia_2015	SRA:SRX3113388.13566368.2	96.000	50	2	0	9485	9534	50	1	1.48e-12	82.4
CFAV-KC_Cambodia_2015	SRA:SRX3113388.12320395.2	96.000	50	2	0	4685	4734	1	50	1.48e-12	82.4
CFAV-KC_Cambodia_2015	SRA:SRX3113388.10645726.1	96.000	50	2	0	8413	8462	1	50	1.48e-12	82.4
CFAV-KC_Cambodia_2015	SRA:SRX3113388.9624177.2	96.000	50	2	0	3258	3307	50	1	1.48e-12	82.4
CFAV-KC_Cambodia_2015	SRA:SRX3113388.8368367.2	96.000	50	2	0	7024	7073	1	50	1.48e-12	82.4
CFAV-KC_Cambodia_2015	SRA:SRX3113388.7177934.1	96.000	50	2	0	8401	8450	1	50	1.48e-12	82.4
CFAV-KC_Cambodia_2015	SRA:SRX3113388.4859415.2	96.000	50	2	0	8461	8510	1	50	1.48e-12	82.4
CFAV-KC_Cambodia_2015	SRA:SRX3113388.4859415.1	96.000	50	2	0	8708	8757	50	1	1.48e-12	82.4
CFAV-KC_Cambodia_2015	SRA:SRX3113388.4671196.2	97.872	47	1	0	5011	5057	47	1	1.48e-12	82.4
CFAV-KC_Cambodia_2015	SRA:SRX3113388.3649647.1	96.000	50	2	0	4685	4734	1	50	1.48e-12	82.4
CFAV-KC_Cambodia_2015	SRA:SRX3113388.2590560.2	96.000	50	2	0	2749	2798	50	1	1.48e-12	82.4
CFAV-KC_Cambodia_2015	SRA:SRX3113388.2590560.1	96.000	50	2	0	2619	2668	1	50	1.48e-12	82.4
CFAV-KC_Cambodia_2015	SRA:SRX3113388.2405145.2	96.000	50	2	0	8623	8672	1	50	1.48e-12	82.4
CFAV-KC_Cambodia_2015	SRA:SRX3113388.1644833.2	96.000	50	2	0	10487	10536	50	1	1.48e-12	82.4
CFAV-KC_Cambodia_2015	SRA:SRX3113388.23224394.2	95.918	49	2	0	1181	1229	1	49	5.34e-12	80.5
CFAV-KC_Cambodia_2015	SRA:SRX3113388.20289950.2	95.918	49	2	0	1181	1229	1	49	5.34e-12	80.5
CFAV-KC_Cambodia_2015	SRA:SRX3113388.8662059.2	97.826	46	1	0	6181	6226	46	1	5.34e-12	80.5
CFAV-KC_Cambodia_2015	SRA:SRX3113388.21003185.1	95.833	48	2	0	5105	5152	48	1	1.92e-11	78.7
CFAV-KC_Cambodia_2015	SRA:SRX3113388.1580522.2	94.231	52	1	1	13	64	1	50	1.92e-11	78.7
CFAV-KC_Cambodia_2015	SRA:SRX3113388.1055844.2	95.833	48	2	0	3876	3923	50	3	1.92e-11	78.7
CFAV-KC_Cambodia_2015	SRA:SRX3113388.20027104.2	94.000	50	3	0	8286	8335	50	1	6.90e-11	76.8
CFAV-KC_Cambodia_2015	SRA:SRX3113388.19860330.1	94.000	50	3	0	8822	8871	1	50	6.90e-11	76.8
CFAV-KC_Cambodia_2015	SRA:SRX3113388.18448839.2	94.000	50	3	0	6116	6165	50	1	6.90e-11	76.8
CFAV-KC_Cambodia_2015	SRA:SRX3113388.16883075.1	94.000	50	3	0	1832	1881	50	1	6.90e-11	76.8
CFAV-KC_Cambodia_2015	SRA:SRX3113388.14026120.2	94.000	50	3	0	6244	6293	50	1	6.90e-11	76.8
CFAV-KC_Cambodia_2015	SRA:SRX3113388.11081605.1	94.000	50	3	0	9428	9477	50	1	6.90e-11	76.8
CFAV-KC_Cambodia_2015	SRA:SRX3113388.8368367.1	94.000	50	3	0	7202	7251	50	1	6.90e-11	76.8
CFAV-KC_Cambodia_2015	SRA:SRX3113388.7328764.2	95.745	47	2	0	9409	9455	1	47	6.90e-11	76.8
CFAV-KC_Cambodia_2015	SRA:SRX3113388.5685092.1	94.000	50	3	0	6116	6165	50	1	6.90e-11	76.8
CFAV-KC_Cambodia_2015	SRA:SRX3113388.4831462.2	94.000	50	3	0	8284	8333	50	1	6.90e-11	76.8
CFAV-KC_Cambodia_2015	SRA:SRX3113388.4087154.2	94.000	50	3	0	7190	7239	1	50	6.90e-11	76.8
CFAV-KC_Cambodia_2015	SRA:SRX3113388.3642554.1	94.000	50	3	0	207	256	50	1	6.90e-11	76.8
CFAV-KC_Cambodia_2015	SRA:SRX3113388.3124122.2	94.000	50	3	0	7519	7568	50	1	6.90e-11	76.8
CFAV-KC_Cambodia_2015	SRA:SRX3113388.430695.1	94.000	50	3	0	9428	9477	50	1	6.90e-11	76.8
CFAV-KC_Cambodia_2015	SRA:SRX3113388.11272348.1	93.878	49	3	0	2234	2282	2	50	2.48e-10	75.0
CFAV-KC_Cambodia_2015	SRA:SRX3113388.18188579.1	100.000	39	0	0	1584	1622	1	39	8.93e-10	73.1
CFAV-KC_Cambodia_2015	SRA:SRX3113388.23883087.1	92.000	50	4	0	762	811	1	50	3.21e-09	71.3
CFAV-KC_Cambodia_2015	SRA:SRX3113388.23563599.2	92.000	50	4	0	8136	8185	50	1	3.21e-09	71.3
CFAV-KC_Cambodia_2015	SRA:SRX3113388.17384113.2	92.000	50	4	0	6427	6476	1	50	3.21e-09	71.3
CFAV-KC_Cambodia_2015	SRA:SRX3113388.2425082.1	92.000	50	4	0	9416	9465	1	50	3.21e-09	71.3
CFAV-KC_Cambodia_2015	SRA:SRX3113388.646152.2	92.000	50	4	0	2393	2442	1	50	3.21e-09	71.3
CFAV-KC_Cambodia_2015	SRA:SRX3113388.11005134.1	90.000	50	4	1	1611	1659	1	50	5.37e-07	63.9
CFAV-Zik_Uganda_2016	SRA:SRX3113388.23883087.2	100.000	50	0	0	922	971	50	1	6.85e-16	93.5
CFAV-Zik_Uganda_2016	SRA:SRX3113388.23756732.2	100.000	50	0	0	5405	5454	50	1	6.85e-16	93.5
CFAV-Zik_Uganda_2016	SRA:SRX3113388.22670130.1	100.000	50	0	0	3551	3600	50	1	6.85e-16	93.5
CFAV-Zik_Uganda_2016	SRA:SRX3113388.21003185.1	100.000	50	0	0	5103	5152	50	1	6.85e-16	93.5
CFAV-Zik_Uganda_2016	SRA:SRX3113388.20885633.1	100.000	50	0	0	3337	3386	50	1	6.85e-16	93.5
CFAV-Zik_Uganda_2016	SRA:SRX3113388.20365360.2	100.000	50	0	0	7257	7306	1	50	6.85e-16	93.5
CFAV-Zik_Uganda_2016	SRA:SRX3113388.20027104.1	100.000	50	0	0	8048	8097	1	50	6.85e-16	93.5
CFAV-Zik_Uganda_2016	SRA:SRX3113388.19004697.1	100.000	50	0	0	2273	2322	50	1	6.85e-16	93.5
CFAV-Zik_Uganda_2016	SRA:SRX3113388.18982188.1	100.000	50	0	0	5405	5454	50	1	6.85e-16	93.5
CFAV-Zik_Uganda_2016	SRA:SRX3113388.17194129.2	100.000	50	0	0	5972	6021	50	1	6.85e-16	93.5
CFAV-Zik_Uganda_2016	SRA:SRX3113388.17193712.2	100.000	50	0	0	9680	9729	1	50	6.85e-16	93.5
CFAV-Zik_Uganda_2016	SRA:SRX3113388.14953369.2	100.000	50	0	0	4548	4597	1	50	6.85e-16	93.5
CFAV-Zik_Uganda_2016	SRA:SRX3113388.14867967.2	100.000	50	0	0	5519	5568	1	50	6.85e-16	93.5
CFAV-Zik_Uganda_2016	SRA:SRX3113388.14529125.2	100.000	50	0	0	8203	8252	50	1	6.85e-16	93.5
CFAV-Zik_Uganda_2016	SRA:SRX3113388.13383816.1	100.000	50	0	0	3683	3732	1	50	6.85e-16	93.5
CFAV-Zik_Uganda_2016	SRA:SRX3113388.12081138.2	100.000	50	0	0	3983	4032	50	1	6.85e-16	93.5
CFAV-Zik_Uganda_2016	SRA:SRX3113388.12081138.1	100.000	50	0	0	3826	3875	1	50	6.85e-16	93.5
CFAV-Zik_Uganda_2016	SRA:SRX3113388.11168916.1	100.000	50	0	0	3335	3384	50	1	6.85e-16	93.5
CFAV-Zik_Uganda_2016	SRA:SRX3113388.7328764.1	100.000	50	0	0	9511	9560	50	1	6.85e-16	93.5
CFAV-Zik_Uganda_2016	SRA:SRX3113388.5722164.1	100.000	50	0	0	3012	3061	50	1	6.85e-16	93.5
CFAV-Zik_Uganda_2016	SRA:SRX3113388.4087154.1	100.000	50	0	0	7278	7327	50	1	6.85e-16	93.5
CFAV-Zik_Uganda_2016	SRA:SRX3113388.3652676.2	100.000	50	0	0	3848	3897	1	50	6.85e-16	93.5
CFAV-Zik_Uganda_2016	SRA:SRX3113388.3534913.2	100.000	50	0	0	7673	7722	1	50	6.85e-16	93.5
CFAV-Zik_Uganda_2016	SRA:SRX3113388.1618417.1	100.000	50	0	0	6822	6871	1	50	6.85e-16	93.5
CFAV-Zik_Uganda_2016	SRA:SRX3113388.1055844.1	100.000	50	0	0	3554	3603	1	50	6.85e-16	93.5
CFAV-Zik_Uganda_2016	SRA:SRX3113388.770336.1	100.000	50	0	0	2545	2594	1	50	6.85e-16	93.5
CFAV-Zik_Uganda_2016	SRA:SRX3113388.646152.2	100.000	50	0	0	2393	2442	1	50	6.85e-16	93.5
CFAV-Zik_Uganda_2016	SRA:SRX3113388.21650712.1	100.000	49	0	0	46	94	1	49	2.47e-15	91.6
CFAV-Zik_Uganda_2016	SRA:SRX3113388.21496451.2	100.000	49	0	0	3951	3999	49	1	2.47e-15	91.6
CFAV-Zik_Uganda_2016	SRA:SRX3113388.19559818.2	100.000	49	0	0	7717	7765	1	49	2.47e-15	91.6
CFAV-Zik_Uganda_2016	SRA:SRX3113388.18142591.1	100.000	49	0	0	8783	8831	1	49	2.47e-15	91.6
CFAV-Zik_Uganda_2016	SRA:SRX3113388.1826148.2	100.000	49	0	0	8771	8819	2	50	2.47e-15	91.6
CFAV-Zik_Uganda_2016	SRA:SRX3113388.212518.1	100.000	49	0	0	6206	6254	50	2	2.47e-15	91.6
CFAV-Zik_Uganda_2016	SRA:SRX3113388.9537804.2	100.000	48	0	0	8623	8670	1	48	8.87e-15	89.8
CFAV-Zik_Uganda_2016	SRA:SRX3113388.1055844.2	100.000	48	0	0	3876	3923	50	3	8.87e-15	89.8
CFAV-Zik_Uganda_2016	SRA:SRX3113388.23904387.1	98.000	50	1	0	54	103	1	50	3.19e-14	87.9
CFAV-Zik_Uganda_2016	SRA:SRX3113388.23883087.1	98.000	50	1	0	762	811	1	50	3.19e-14	87.9
CFAV-Zik_Uganda_2016	SRA:SRX3113388.23868678.2	98.000	50	1	0	7033	7082	1	50	3.19e-14	87.9
CFAV-Zik_Uganda_2016	SRA:SRX3113388.23224394.2	98.000	50	1	0	1181	1230	1	50	3.19e-14	87.9
CFAV-Zik_Uganda_2016	SRA:SRX3113388.22208487.1	98.000	50	1	0	481	530	1	50	3.19e-14	87.9
CFAV-Zik_Uganda_2016	SRA:SRX3113388.22186960.2	98.000	50	1	0	7056	7105	1	50	3.19e-14	87.9
CFAV-Zik_Uganda_2016	SRA:SRX3113388.21496451.1	98.000	50	1	0	3808	3857	1	50	3.19e-14	87.9
CFAV-Zik_Uganda_2016	SRA:SRX3113388.21471046.2	98.000	50	1	0	7163	7212	50	1	3.19e-14	87.9
CFAV-Zik_Uganda_2016	SRA:SRX3113388.20533771.1	98.000	50	1	0	9172	9221	1	50	3.19e-14	87.9
CFAV-Zik_Uganda_2016	SRA:SRX3113388.20510405.1	98.000	50	1	0	8922	8971	50	1	3.19e-14	87.9
CFAV-Zik_Uganda_2016	SRA:SRX3113388.20437179.2	98.000	50	1	0	5313	5362	1	50	3.19e-14	87.9
CFAV-Zik_Uganda_2016	SRA:SRX3113388.20289950.2	98.000	50	1	0	1181	1230	1	50	3.19e-14	87.9
CFAV-Zik_Uganda_2016	SRA:SRX3113388.20027104.2	98.000	50	1	0	8286	8335	50	1	3.19e-14	87.9
CFAV-Zik_Uganda_2016	SRA:SRX3113388.19878869.2	98.000	50	1	0	7115	7164	1	50	3.19e-14	87.9
CFAV-Zik_Uganda_2016	SRA:SRX3113388.19860330.2	98.000	50	1	0	8918	8967	50	1	3.19e-14	87.9
CFAV-Zik_Uganda_2016	SRA:SRX3113388.19778162.1	98.000	50	1	0	761	810	1	50	3.19e-14	87.9
CFAV-Zik_Uganda_2016	SRA:SRX3113388.19727932.1	98.000	50	1	0	3107	3156	1	50	3.19e-14	87.9
CFAV-Zik_Uganda_2016	SRA:SRX3113388.18448839.2	98.000	50	1	0	6116	6165	50	1	3.19e-14	87.9
CFAV-Zik_Uganda_2016	SRA:SRX3113388.18188579.2	98.000	50	1	0	1737	1786	50	1	3.19e-14	87.9
CFAV-Zik_Uganda_2016	SRA:SRX3113388.17384113.2	98.000	50	1	0	6427	6476	1	50	3.19e-14	87.9
CFAV-Zik_Uganda_2016	SRA:SRX3113388.17273435.1	98.000	50	1	0	646	695	1	50	3.19e-14	87.9
CFAV-Zik_Uganda_2016	SRA:SRX3113388.17194129.1	98.000	50	1	0	5761	5810	1	50	3.19e-14	87.9
CFAV-Zik_Uganda_2016	SRA:SRX3113388.16619793.2	98.000	50	1	0	5948	5997	1	50	3.19e-14	87.9
CFAV-Zik_Uganda_2016	SRA:SRX3113388.16614770.2	98.000	50	1	0	7834	7883	1	50	3.19e-14	87.9
CFAV-Zik_Uganda_2016	SRA:SRX3113388.15336818.2	98.000	50	1	0	7241	7290	1	50	3.19e-14	87.9
CFAV-Zik_Uganda_2016	SRA:SRX3113388.14384782.2	98.000	50	1	0	4436	4485	1	50	3.19e-14	87.9
CFAV-Zik_Uganda_2016	SRA:SRX3113388.13777512.1	98.000	50	1	0	8640	8689	50	1	3.19e-14	87.9
CFAV-Zik_Uganda_2016	SRA:SRX3113388.13383816.2	98.000	50	1	0	4054	4103	50	1	3.19e-14	87.9
CFAV-Zik_Uganda_2016	SRA:SRX3113388.13079194.1	98.000	50	1	0	6283	6332	1	50	3.19e-14	87.9
CFAV-Zik_Uganda_2016	SRA:SRX3113388.13015544.2	98.000	50	1	0	9804	9853	50	1	3.19e-14	87.9
CFAV-Zik_Uganda_2016	SRA:SRX3113388.12365185.1	98.000	50	1	0	3475	3524	50	1	3.19e-14	87.9
CFAV-Zik_Uganda_2016	SRA:SRX3113388.11707034.2	98.000	50	1	0	5473	5522	50	1	3.19e-14	87.9
CFAV-Zik_Uganda_2016	SRA:SRX3113388.10007164.2	98.000	50	1	0	8225	8274	50	1	3.19e-14	87.9
CFAV-Zik_Uganda_2016	SRA:SRX3113388.9624177.1	98.000	50	1	0	2869	2918	1	50	3.19e-14	87.9
CFAV-Zik_Uganda_2016	SRA:SRX3113388.9537804.1	98.000	50	1	0	8855	8904	50	1	3.19e-14	87.9
CFAV-Zik_Uganda_2016	SRA:SRX3113388.9302858.2	98.000	50	1	0	3668	3717	50	1	3.19e-14	87.9
CFAV-Zik_Uganda_2016	SRA:SRX3113388.9302858.1	98.000	50	1	0	3441	3490	1	50	3.19e-14	87.9
CFAV-Zik_Uganda_2016	SRA:SRX3113388.9072756.2	98.000	50	1	0	2624	2673	1	50	3.19e-14	87.9
CFAV-Zik_Uganda_2016	SRA:SRX3113388.8368367.2	98.000	50	1	0	7024	7073	1	50	3.19e-14	87.9
CFAV-Zik_Uganda_2016	SRA:SRX3113388.8052777.2	98.000	50	1	0	5312	5361	1	50	3.19e-14	87.9
CFAV-Zik_Uganda_2016	SRA:SRX3113388.7412678.2	98.000	50	1	0	8632	8681	1	50	3.19e-14	87.9
CFAV-Zik_Uganda_2016	SRA:SRX3113388.7412678.1	98.000	50	1	0	8888	8937	50	1	3.19e-14	87.9
CFAV-Zik_Uganda_2016	SRA:SRX3113388.6923619.2	98.000	50	1	0	4424	4473	50	1	3.19e-14	87.9
CFAV-Zik_Uganda_2016	SRA:SRX3113388.5685092.1	98.000	50	1	0	6116	6165	50	1	3.19e-14	87.9
CFAV-Zik_Uganda_2016	SRA:SRX3113388.4901722.1	98.000	50	1	0	3433	3482	50	1	3.19e-14	87.9
CFAV-Zik_Uganda_2016	SRA:SRX3113388.4877865.2	98.000	50	1	0	8416	8465	1	50	3.19e-14	87.9
CFAV-Zik_Uganda_2016	SRA:SRX3113388.4831462.2	98.000	50	1	0	8284	8333	50	1	3.19e-14	87.9
CFAV-Zik_Uganda_2016	SRA:SRX3113388.4671196.2	98.000	50	1	0	5008	5057	50	1	3.19e-14	87.9
CFAV-Zik_Uganda_2016	SRA:SRX3113388.4380266.2	98.000	50	1	0	3535	3584	50	1	3.19e-14	87.9
CFAV-Zik_Uganda_2016	SRA:SRX3113388.3534913.1	98.000	50	1	0	7846	7895	50	1	3.19e-14	87.9
CFAV-Zik_Uganda_2016	SRA:SRX3113388.2590560.1	98.000	50	1	0	2619	2668	1	50	3.19e-14	87.9
CFAV-Zik_Uganda_2016	SRA:SRX3113388.2405145.1	98.000	50	1	0	8855	8904	50	1	3.19e-14	87.9
CFAV-Zik_Uganda_2016	SRA:SRX3113388.22186960.1	97.959	49	1	0	7153	7201	49	1	1.15e-13	86.1
CFAV-Zik_Uganda_2016	SRA:SRX3113388.14953369.1	97.959	49	1	0	4793	4841	49	1	1.15e-13	86.1
CFAV-Zik_Uganda_2016	SRA:SRX3113388.13887559.1	97.959	49	1	0	8227	8275	50	2	1.15e-13	86.1
CFAV-Zik_Uganda_2016	SRA:SRX3113388.12365185.2	97.959	49	1	0	3350	3398	1	49	1.15e-13	86.1
CFAV-Zik_Uganda_2016	SRA:SRX3113388.12265387.1	97.959	49	1	0	2377	2425	49	1	1.15e-13	86.1
CFAV-Zik_Uganda_2016	SRA:SRX3113388.4474729.1	97.959	49	1	0	4034	4082	1	49	1.15e-13	86.1
CFAV-Zik_Uganda_2016	SRA:SRX3113388.3149413.2	97.959	49	1	0	697	745	49	1	1.15e-13	86.1
CFAV-Zik_Uganda_2016	SRA:SRX3113388.1370978.2	97.959	49	1	0	8227	8275	50	2	1.15e-13	86.1
CFAV-Zik_Uganda_2016	SRA:SRX3113388.15242776.1	97.917	48	1	0	1018	1065	50	3	4.13e-13	84.2
CFAV-Zik_Uganda_2016	SRA:SRX3113388.12470454.2	97.917	48	1	0	8006	8053	3	50	4.13e-13	84.2
CFAV-Zik_Uganda_2016	SRA:SRX3113388.12320395.1	97.917	48	1	0	4793	4840	48	1	4.13e-13	84.2
CFAV-Zik_Uganda_2016	SRA:SRX3113388.8662059.2	97.917	48	1	0	6179	6226	48	1	4.13e-13	84.2
CFAV-Zik_Uganda_2016	SRA:SRX3113388.3649647.2	97.917	48	1	0	4793	4840	48	1	4.13e-13	84.2
CFAV-Zik_Uganda_2016	SRA:SRX3113388.2405145.2	97.917	48	1	0	8623	8670	1	48	4.13e-13	84.2
CFAV-Zik_Uganda_2016	SRA:SRX3113388.1580522.2	96.154	52	0	2	13	64	1	50	4.13e-13	84.2
CFAV-Zik_Uganda_2016	SRA:SRX3113388.23904387.2	96.000	50	2	0	189	238	50	1	1.48e-12	82.4
CFAV-Zik_Uganda_2016	SRA:SRX3113388.23563599.2	96.000	50	2	0	8136	8185	50	1	1.48e-12	82.4
CFAV-Zik_Uganda_2016	SRA:SRX3113388.21003185.2	96.000	50	2	0	4956	5005	1	50	1.48e-12	82.4
CFAV-Zik_Uganda_2016	SRA:SRX3113388.20885633.2	97.872	47	1	0	3112	3158	1	47	1.48e-12	82.4
CFAV-Zik_Uganda_2016	SRA:SRX3113388.20516536.2	96.000	50	2	0	7864	7913	50	1	1.48e-12	82.4
CFAV-Zik_Uganda_2016	SRA:SRX3113388.19860330.1	96.000	50	2	0	8822	8871	1	50	1.48e-12	82.4
CFAV-Zik_Uganda_2016	SRA:SRX3113388.19686612.1	96.000	50	2	0	4113	4162	1	50	1.48e-12	82.4
CFAV-Zik_Uganda_2016	SRA:SRX3113388.19559818.1	96.000	50	2	0	7867	7916	50	1	1.48e-12	82.4
CFAV-Zik_Uganda_2016	SRA:SRX3113388.19266909.2	96.000	50	2	0	7768	7817	1	50	1.48e-12	82.4
CFAV-Zik_Uganda_2016	SRA:SRX3113388.19266909.1	96.000	50	2	0	7867	7916	50	1	1.48e-12	82.4
CFAV-Zik_Uganda_2016	SRA:SRX3113388.18448839.1	96.000	50	2	0	5999	6048	1	50	1.48e-12	82.4
CFAV-Zik_Uganda_2016	SRA:SRX3113388.18142591.2	96.000	50	2	0	8886	8935	50	1	1.48e-12	82.4
CFAV-Zik_Uganda_2016	SRA:SRX3113388.17193712.1	96.000	50	2	0	9756	9805	50	1	1.48e-12	82.4
CFAV-Zik_Uganda_2016	SRA:SRX3113388.16883075.2	96.000	50	2	0	1715	1764	1	50	1.48e-12	82.4
CFAV-Zik_Uganda_2016	SRA:SRX3113388.15568442.1	96.000	50	2	0	1708	1757	50	1	1.48e-12	82.4
CFAV-Zik_Uganda_2016	SRA:SRX3113388.15548964.2	96.000	50	2	0	7596	7645	50	1	1.48e-12	82.4
CFAV-Zik_Uganda_2016	SRA:SRX3113388.15336818.1	96.000	50	2	0	7400	7449	50	1	1.48e-12	82.4
CFAV-Zik_Uganda_2016	SRA:SRX3113388.14729647.2	96.000	50	2	0	7864	7913	50	1	1.48e-12	82.4
CFAV-Zik_Uganda_2016	SRA:SRX3113388.14193325.2	96.000	50	2	0	1038	1087	50	1	1.48e-12	82.4
CFAV-Zik_Uganda_2016	SRA:SRX3113388.13777512.2	96.000	50	2	0	8463	8512	1	50	1.48e-12	82.4
CFAV-Zik_Uganda_2016	SRA:SRX3113388.12470454.1	96.000	50	2	0	8262	8311	50	1	1.48e-12	82.4
CFAV-Zik_Uganda_2016	SRA:SRX3113388.11438830.1	96.000	50	2	0	7596	7645	50	1	1.48e-12	82.4
CFAV-Zik_Uganda_2016	SRA:SRX3113388.11081605.1	96.000	50	2	0	9428	9477	50	1	1.48e-12	82.4
CFAV-Zik_Uganda_2016	SRA:SRX3113388.10645726.1	96.000	50	2	0	8413	8462	1	50	1.48e-12	82.4
CFAV-Zik_Uganda_2016	SRA:SRX3113388.10422841.2	96.000	50	2	0	561	610	1	50	1.48e-12	82.4
CFAV-Zik_Uganda_2016	SRA:SRX3113388.10422841.1	97.872	47	1	0	652	698	47	1	1.48e-12	82.4
CFAV-Zik_Uganda_2016	SRA:SRX3113388.9072756.1	97.872	47	1	0	1987	2033	47	1	1.48e-12	82.4
CFAV-Zik_Uganda_2016	SRA:SRX3113388.8052777.1	97.872	47	1	0	5471	5517	47	1	1.48e-12	82.4
CFAV-Zik_Uganda_2016	SRA:SRX3113388.7343292.2	96.000	50	2	0	1391	1440	50	1	1.48e-12	82.4
CFAV-Zik_Uganda_2016	SRA:SRX3113388.7328764.2	97.872	47	1	0	9409	9455	1	47	1.48e-12	82.4
CFAV-Zik_Uganda_2016	SRA:SRX3113388.7177934.2	96.000	50	2	0	8703	8752	50	1	1.48e-12	82.4
CFAV-Zik_Uganda_2016	SRA:SRX3113388.7177934.1	96.000	50	2	0	8401	8450	1	50	1.48e-12	82.4
CFAV-Zik_Uganda_2016	SRA:SRX3113388.7033128.1	96.000	50	2	0	6958	7007	50	1	1.48e-12	82.4
CFAV-Zik_Uganda_2016	SRA:SRX3113388.6923619.1	96.000	50	2	0	4115	4164	1	50	1.48e-12	82.4
CFAV-Zik_Uganda_2016	SRA:SRX3113388.5685092.2	96.000	50	2	0	5997	6046	1	50	1.48e-12	82.4
CFAV-Zik_Uganda_2016	SRA:SRX3113388.4901722.2	96.000	50	2	0	3294	3343	1	50	1.48e-12	82.4
CFAV-Zik_Uganda_2016	SRA:SRX3113388.4877865.1	96.000	50	2	0	8678	8727	50	1	1.48e-12	82.4
CFAV-Zik_Uganda_2016	SRA:SRX3113388.4859415.2	100.000	44	0	0	8461	8504	1	44	1.48e-12	82.4
CFAV-Zik_Uganda_2016	SRA:SRX3113388.4087154.2	96.000	50	2	0	7190	7239	1	50	1.48e-12	82.4
CFAV-Zik_Uganda_2016	SRA:SRX3113388.3149413.1	96.000	50	2	0	454	503	1	50	1.48e-12	82.4
CFAV-Zik_Uganda_2016	SRA:SRX3113388.3124122.1	96.000	50	2	0	7300	7349	1	50	1.48e-12	82.4
CFAV-Zik_Uganda_2016	SRA:SRX3113388.1826148.1	96.000	50	2	0	8893	8942	50	1	1.48e-12	82.4
CFAV-Zik_Uganda_2016	SRA:SRX3113388.1644833.2	96.000	50	2	0	10487	10536	50	1	1.48e-12	82.4
CFAV-Zik_Uganda_2016	SRA:SRX3113388.1618417.2	96.000	50	2	0	6958	7007	50	1	1.48e-12	82.4
CFAV-Zik_Uganda_2016	SRA:SRX3113388.502694.1	96.000	50	2	0	4114	4163	50	1	1.48e-12	82.4
CFAV-Zik_Uganda_2016	SRA:SRX3113388.430695.1	96.000	50	2	0	9428	9477	50	1	1.48e-12	82.4
CFAV-Zik_Uganda_2016	SRA:SRX3113388.4671196.1	95.918	49	2	0	4856	4904	1	49	5.34e-12	80.5
CFAV-Zik_Uganda_2016	SRA:SRX3113388.11707034.1	95.833	48	2	0	5166	5213	1	48	1.92e-11	78.7
CFAV-Zik_Uganda_2016	SRA:SRX3113388.3642554.1	95.833	48	2	0	208	255	49	2	1.92e-11	78.7
CFAV-Zik_Uganda_2016	SRA:SRX3113388.23511004.1	95.745	47	2	0	6481	6527	47	1	6.90e-11	76.8
CFAV-Zik_Uganda_2016	SRA:SRX3113388.23065722.1	97.727	44	1	0	2929	2972	44	1	6.90e-11	76.8
CFAV-Zik_Uganda_2016	SRA:SRX3113388.20473787.2	95.745	47	2	0	7762	7808	1	47	6.90e-11	76.8
CFAV-Zik_Uganda_2016	SRA:SRX3113388.20212367.1	94.000	50	3	0	7917	7966	50	1	6.90e-11	76.8
CFAV-Zik_Uganda_2016	SRA:SRX3113388.17972110.2	97.727	44	1	0	2929	2972	44	1	6.90e-11	76.8
CFAV-Zik_Uganda_2016	SRA:SRX3113388.11272348.2	94.000	50	3	0	2610	2659	50	1	6.90e-11	76.8
CFAV-Zik_Uganda_2016	SRA:SRX3113388.9624177.2	94.000	50	3	0	3258	3307	50	1	6.90e-11	76.8
CFAV-Zik_Uganda_2016	SRA:SRX3113388.8368367.1	94.000	50	3	0	7202	7251	50	1	6.90e-11	76.8
CFAV-Zik_Uganda_2016	SRA:SRX3113388.4859415.1	94.000	50	3	0	8708	8757	50	1	6.90e-11	76.8
CFAV-Zik_Uganda_2016	SRA:SRX3113388.2425082.1	94.000	50	3	0	9416	9465	1	50	6.90e-11	76.8
CFAV-Zik_Uganda_2016	SRA:SRX3113388.17806052.1	95.652	46	2	0	4901	4946	50	5	2.48e-10	75.0
CFAV-Zik_Uganda_2016	SRA:SRX3113388.18188579.1	100.000	39	0	0	1584	1622	1	39	8.93e-10	73.1
CFAV-Zik_Uganda_2016	SRA:SRX3113388.7172666.1	92.000	50	4	0	10107	10156	50	1	3.21e-09	71.3
CFAV-Zik_Uganda_2016	SRA:SRX3113388.7033128.2	92.000	50	3	1	6795	6844	2	50	1.16e-08	69.4
CFAV-Zik_Uganda_2016	SRA:SRX3113388.487980.2	91.837	49	4	0	9728	9776	50	2	1.16e-08	69.4
CFAV-Zik_Uganda_2016	SRA:SRX3113388.3124122.2	90.000	50	5	0	7519	7568	50	1	1.49e-07	65.8
CFAV-Zik_Uganda_2016	SRA:SRX3113388.11005134.1	90.000	50	4	1	1611	1659	1	50	5.37e-07	63.9
CFAV-Zik_Uganda_2016	SRA:SRX3113388.16057473.2	96.875	32	1	0	7738	7769	1	32	3.23e-04	54.7
