CFAV-Bangkok_Thailand_2015	SRA:SRX313449.4714402.1	96.774	31	1	0	3906	3936	31	1	3.26e-04	52.8
NC_001564	SRA:SRX313449.47832683.1	96.970	33	1	0	8675	8707	1	33	2.52e-05	56.5
NC_001564	SRA:SRX313449.40156426.1	100.000	30	0	0	8680	8709	1	30	2.52e-05	56.5
NC_001564	SRA:SRX313449.20206811.1	100.000	29	0	0	8680	8708	1	29	9.08e-05	54.7
NC_001564	SRA:SRX313449.13805885.1	100.000	28	0	0	8680	8707	1	28	3.26e-04	52.8
NC_001564	SRA:SRX313449.8056675.1	100.000	28	0	0	8680	8707	1	28	3.26e-04	52.8
CFAV-Macapa2_Brazil_2017	SRA:SRX313449.23229916.1	100.000	31	0	0	4201	4231	31	1	7.02e-06	58.4
CFAV-Macapa2_Brazil_2017	SRA:SRX313449.14262182.1	100.000	31	0	0	4201	4231	31	1	7.02e-06	58.4
CFAV-Macapa2_Brazil_2017	SRA:SRX313449.726067.1	100.000	31	0	0	4201	4231	31	1	7.02e-06	58.4
CFAV-Macapa2_Brazil_2017	SRA:SRX313449.44968810.1	100.000	29	0	0	4201	4229	29	1	9.08e-05	54.7
CFAV-Macapa2_Brazil_2017	SRA:SRX313449.18124374.1	100.000	29	0	0	4201	4229	29	1	9.08e-05	54.7
CFAV-Macapa2_Brazil_2017	SRA:SRX313449.17889339.1	100.000	29	0	0	4201	4229	29	1	9.08e-05	54.7
CFAV-Macapa2_Brazil_2017	SRA:SRX313449.40156426.1	100.000	28	0	0	8680	8707	1	28	3.27e-04	52.8
CFAV-Macapa2_Brazil_2017	SRA:SRX313449.20206811.1	100.000	28	0	0	8680	8707	1	28	3.27e-04	52.8
CFAV-Macapa2_Brazil_2017	SRA:SRX313449.13805885.1	100.000	28	0	0	8680	8707	1	28	3.27e-04	52.8
CFAV-Macapa2_Brazil_2017	SRA:SRX313449.8056675.1	100.000	28	0	0	8680	8707	1	28	3.27e-04	52.8
CFAV-Zik_Uganda_2016	SRA:SRX313449.23229916.1	100.000	31	0	0	4212	4242	31	1	7.03e-06	58.4
CFAV-Zik_Uganda_2016	SRA:SRX313449.14262182.1	100.000	31	0	0	4212	4242	31	1	7.03e-06	58.4
CFAV-Zik_Uganda_2016	SRA:SRX313449.726067.1	100.000	31	0	0	4212	4242	31	1	7.03e-06	58.4
CFAV-Zik_Uganda_2016	SRA:SRX313449.44968810.1	100.000	29	0	0	4212	4240	29	1	9.09e-05	54.7
CFAV-Zik_Uganda_2016	SRA:SRX313449.18124374.1	100.000	29	0	0	4212	4240	29	1	9.09e-05	54.7
CFAV-Zik_Uganda_2016	SRA:SRX313449.17889339.1	100.000	29	0	0	4212	4240	29	1	9.09e-05	54.7
CFAV-Zik_Uganda_2016	SRA:SRX313449.47832683.1	100.000	28	0	0	8686	8713	1	28	3.27e-04	52.8
