CFAV-Bangkok_Thailand_2015	SRA:SRX313439.16941997.1	100.000	30	0	0	4021	4050	30	1	1.77e-05	56.5
CFAV-Bangkok_Thailand_2015	SRA:SRX313439.12903401.1	100.000	30	0	0	4021	4050	30	1	1.77e-05	56.5
CFAV-Bangkok_Thailand_2015	SRA:SRX313439.1784135.1	100.000	30	0	0	3962	3991	30	1	1.77e-05	56.5
CFAV-Bangkok_Thailand_2015	SRA:SRX313439.613348.1	100.000	30	0	0	4088	4117	30	1	1.77e-05	56.5
CFAV-Bangkok_Thailand_2015	SRA:SRX313439.26841589.1	100.000	29	0	0	7419	7447	1	29	6.37e-05	54.7
CFAV-Bangkok_Thailand_2015	SRA:SRX313439.25805072.1	100.000	29	0	0	7419	7447	1	29	6.37e-05	54.7
CFAV-Bangkok_Thailand_2015	SRA:SRX313439.25202354.1	100.000	29	0	0	7419	7447	1	29	6.37e-05	54.7
CFAV-Bangkok_Thailand_2015	SRA:SRX313439.20707737.1	100.000	29	0	0	4154	4182	29	1	6.37e-05	54.7
CFAV-Bangkok_Thailand_2015	SRA:SRX313439.19392311.1	100.000	29	0	0	4154	4182	29	1	6.37e-05	54.7
CFAV-Bangkok_Thailand_2015	SRA:SRX313439.12037465.1	100.000	29	0	0	4154	4182	29	1	6.37e-05	54.7
CFAV-Bangkok_Thailand_2015	SRA:SRX313439.10692302.1	100.000	29	0	0	7419	7447	1	29	6.37e-05	54.7
CFAV-Bangkok_Thailand_2015	SRA:SRX313439.3700524.1	100.000	29	0	0	4154	4182	29	1	6.37e-05	54.7
CFAV-Bangkok_Thailand_2015	SRA:SRX313439.26630037.1	100.000	28	0	0	8688	8715	1	28	2.29e-04	52.8
CFAV-Bangkok_Thailand_2015	SRA:SRX313439.6276975.1	100.000	28	0	0	8688	8715	1	28	2.29e-04	52.8
CFAV-Bangkok_Thailand_2015	SRA:SRX313439.21518587.1	100.000	26	0	0	7344	7369	1	26	0.003	49.1
NC_001564	SRA:SRX313439.16941997.1	100.000	30	0	0	4028	4057	30	1	1.77e-05	56.5
NC_001564	SRA:SRX313439.12903401.1	100.000	30	0	0	4028	4057	30	1	1.77e-05	56.5
NC_001564	SRA:SRX313439.1784135.1	100.000	30	0	0	3969	3998	30	1	1.77e-05	56.5
NC_001564	SRA:SRX313439.613348.1	100.000	30	0	0	4095	4124	30	1	1.77e-05	56.5
NC_001564	SRA:SRX313439.23951730.1	100.000	29	0	0	8680	8708	1	29	6.38e-05	54.7
NC_001564	SRA:SRX313439.20707737.1	100.000	29	0	0	4161	4189	29	1	6.38e-05	54.7
NC_001564	SRA:SRX313439.19392311.1	100.000	29	0	0	4161	4189	29	1	6.38e-05	54.7
NC_001564	SRA:SRX313439.12037465.1	100.000	29	0	0	4161	4189	29	1	6.38e-05	54.7
NC_001564	SRA:SRX313439.8290904.1	100.000	29	0	0	8680	8708	1	29	6.38e-05	54.7
NC_001564	SRA:SRX313439.3700524.1	100.000	29	0	0	4161	4189	29	1	6.38e-05	54.7
NC_001564	SRA:SRX313439.21518587.1	100.000	26	0	0	7351	7376	1	26	0.003	49.1
CFAV-Cairns_Australia_2014	SRA:SRX313439.16941997.1	100.000	30	0	0	4027	4056	30	1	1.77e-05	56.5
CFAV-Cairns_Australia_2014	SRA:SRX313439.12903401.1	100.000	30	0	0	4027	4056	30	1	1.77e-05	56.5
CFAV-Cairns_Australia_2014	SRA:SRX313439.26841589.1	100.000	29	0	0	7425	7453	1	29	6.38e-05	54.7
CFAV-Cairns_Australia_2014	SRA:SRX313439.25805072.1	100.000	29	0	0	7425	7453	1	29	6.38e-05	54.7
CFAV-Cairns_Australia_2014	SRA:SRX313439.25202354.1	100.000	29	0	0	7425	7453	1	29	6.38e-05	54.7
CFAV-Cairns_Australia_2014	SRA:SRX313439.20707737.1	100.000	29	0	0	4160	4188	29	1	6.38e-05	54.7
CFAV-Cairns_Australia_2014	SRA:SRX313439.19392311.1	100.000	29	0	0	4160	4188	29	1	6.38e-05	54.7
CFAV-Cairns_Australia_2014	SRA:SRX313439.12037465.1	100.000	29	0	0	4160	4188	29	1	6.38e-05	54.7
CFAV-Cairns_Australia_2014	SRA:SRX313439.10692302.1	100.000	29	0	0	7425	7453	1	29	6.38e-05	54.7
CFAV-Cairns_Australia_2014	SRA:SRX313439.3700524.1	100.000	29	0	0	4160	4188	29	1	6.38e-05	54.7
CFAV-Cairns_Australia_2014	SRA:SRX313439.1784135.1	100.000	29	0	0	3969	3997	29	1	6.38e-05	54.7
CFAV-Cairns_Australia_2014	SRA:SRX313439.21518587.1	100.000	26	0	0	7350	7375	1	26	0.003	49.1
CFAV-Macapa2_Brazil_2017	SRA:SRX313439.1784135.1	100.000	29	0	0	3970	3998	29	1	6.38e-05	54.7
CFAV-Macapa2_Brazil_2017	SRA:SRX313439.23951730.1	100.000	28	0	0	8680	8707	1	28	2.30e-04	52.8
CFAV-Macapa2_Brazil_2017	SRA:SRX313439.8290904.1	100.000	28	0	0	8680	8707	1	28	2.30e-04	52.8
CFAV-KC_Cambodia_2015	SRA:SRX313439.16941997.1	100.000	30	0	0	4039	4068	30	1	1.78e-05	56.5
CFAV-KC_Cambodia_2015	SRA:SRX313439.12903401.1	100.000	30	0	0	4039	4068	30	1	1.78e-05	56.5
CFAV-KC_Cambodia_2015	SRA:SRX313439.613348.1	100.000	30	0	0	4106	4135	30	1	1.78e-05	56.5
CFAV-KC_Cambodia_2015	SRA:SRX313439.20707737.1	100.000	29	0	0	4172	4200	29	1	6.39e-05	54.7
CFAV-KC_Cambodia_2015	SRA:SRX313439.19392311.1	100.000	29	0	0	4172	4200	29	1	6.39e-05	54.7
CFAV-KC_Cambodia_2015	SRA:SRX313439.12037465.1	100.000	29	0	0	4172	4200	29	1	6.39e-05	54.7
CFAV-KC_Cambodia_2015	SRA:SRX313439.3700524.1	100.000	29	0	0	4172	4200	29	1	6.39e-05	54.7
CFAV-KC_Cambodia_2015	SRA:SRX313439.26630037.1	100.000	28	0	0	8706	8733	1	28	2.30e-04	52.8
CFAV-KC_Cambodia_2015	SRA:SRX313439.6276975.1	100.000	28	0	0	8706	8733	1	28	2.30e-04	52.8
CFAV-KC_Cambodia_2015	SRA:SRX313439.21518587.1	100.000	26	0	0	7362	7387	1	26	0.003	49.1
CFAV-Zik_Uganda_2016	SRA:SRX313439.16941997.1	100.000	30	0	0	4039	4068	30	1	1.78e-05	56.5
CFAV-Zik_Uganda_2016	SRA:SRX313439.12903401.1	100.000	30	0	0	4039	4068	30	1	1.78e-05	56.5
CFAV-Zik_Uganda_2016	SRA:SRX313439.1784135.1	100.000	30	0	0	3980	4009	30	1	1.78e-05	56.5
CFAV-Zik_Uganda_2016	SRA:SRX313439.26841589.1	100.000	29	0	0	7437	7465	1	29	6.39e-05	54.7
CFAV-Zik_Uganda_2016	SRA:SRX313439.25805072.1	100.000	29	0	0	7437	7465	1	29	6.39e-05	54.7
CFAV-Zik_Uganda_2016	SRA:SRX313439.25202354.1	100.000	29	0	0	7437	7465	1	29	6.39e-05	54.7
CFAV-Zik_Uganda_2016	SRA:SRX313439.10692302.1	100.000	29	0	0	7437	7465	1	29	6.39e-05	54.7
CFAV-Zik_Uganda_2016	SRA:SRX313439.21518587.1	100.000	26	0	0	7362	7387	1	26	0.003	49.1
