CFAV-Bangkok_Thailand_2015	SRA:SRX313440.16358078.1	100.000	32	0	0	4026	4057	32	1	1.63e-06	60.2
CFAV-Bangkok_Thailand_2015	SRA:SRX313440.12341754.1	100.000	32	0	0	3943	3974	32	1	1.63e-06	60.2
CFAV-Bangkok_Thailand_2015	SRA:SRX313440.36406458.1	100.000	29	0	0	4154	4182	29	1	7.57e-05	54.7
CFAV-Bangkok_Thailand_2015	SRA:SRX313440.21342703.1	100.000	29	0	0	4022	4050	29	1	7.57e-05	54.7
CFAV-Bangkok_Thailand_2015	SRA:SRX313440.12075993.1	100.000	29	0	0	4022	4050	29	1	7.57e-05	54.7
CFAV-Bangkok_Thailand_2015	SRA:SRX313440.10533679.1	100.000	29	0	0	4022	4050	29	1	7.57e-05	54.7
CFAV-Bangkok_Thailand_2015	SRA:SRX313440.7431104.1	100.000	29	0	0	3963	3991	29	1	7.57e-05	54.7
CFAV-Bangkok_Thailand_2015	SRA:SRX313440.1938580.1	100.000	29	0	0	3954	3982	29	1	7.57e-05	54.7
CFAV-Bangkok_Thailand_2015	SRA:SRX313440.26984749.1	100.000	28	0	0	3955	3982	28	1	2.72e-04	52.8
CFAV-Bangkok_Thailand_2015	SRA:SRX313440.11139361.1	100.000	28	0	0	3989	4016	28	1	2.72e-04	52.8
NC_001564	SRA:SRX313440.16358078.1	100.000	32	0	0	4033	4064	32	1	1.63e-06	60.2
NC_001564	SRA:SRX313440.12341754.1	100.000	32	0	0	3950	3981	32	1	1.63e-06	60.2
NC_001564	SRA:SRX313440.36406458.1	100.000	29	0	0	4161	4189	29	1	7.59e-05	54.7
NC_001564	SRA:SRX313440.21936224.1	100.000	29	0	0	7448	7476	1	29	7.59e-05	54.7
NC_001564	SRA:SRX313440.21342703.1	100.000	29	0	0	4029	4057	29	1	7.59e-05	54.7
NC_001564	SRA:SRX313440.19381412.1	100.000	29	0	0	7448	7476	1	29	7.59e-05	54.7
NC_001564	SRA:SRX313440.12075993.1	100.000	29	0	0	4029	4057	29	1	7.59e-05	54.7
NC_001564	SRA:SRX313440.10533679.1	100.000	29	0	0	4029	4057	29	1	7.59e-05	54.7
NC_001564	SRA:SRX313440.7431104.1	100.000	29	0	0	3970	3998	29	1	7.59e-05	54.7
NC_001564	SRA:SRX313440.2682536.1	100.000	29	0	0	4118	4146	29	1	7.59e-05	54.7
NC_001564	SRA:SRX313440.1938580.1	100.000	29	0	0	3961	3989	29	1	7.59e-05	54.7
NC_001564	SRA:SRX313440.26984749.1	100.000	28	0	0	3962	3989	28	1	2.73e-04	52.8
NC_001564	SRA:SRX313440.21812885.1	100.000	28	0	0	4010	4037	28	1	2.73e-04	52.8
NC_001564	SRA:SRX313440.21812880.1	100.000	28	0	0	4010	4037	28	1	2.73e-04	52.8
NC_001564	SRA:SRX313440.11139361.1	100.000	28	0	0	3996	4023	28	1	2.73e-04	52.8
NC_001564	SRA:SRX313440.8612679.1	100.000	27	0	0	8663	8689	27	1	0.001	51.0
CFAV-Cairns_Australia_2014	SRA:SRX313440.16358078.1	100.000	32	0	0	4032	4063	32	1	1.63e-06	60.2
CFAV-Cairns_Australia_2014	SRA:SRX313440.36406458.1	100.000	29	0	0	4160	4188	29	1	7.59e-05	54.7
CFAV-Cairns_Australia_2014	SRA:SRX313440.21936224.1	100.000	29	0	0	7447	7475	1	29	7.59e-05	54.7
CFAV-Cairns_Australia_2014	SRA:SRX313440.21342703.1	100.000	29	0	0	4028	4056	29	1	7.59e-05	54.7
CFAV-Cairns_Australia_2014	SRA:SRX313440.19381412.1	100.000	29	0	0	7447	7475	1	29	7.59e-05	54.7
CFAV-Cairns_Australia_2014	SRA:SRX313440.12075993.1	100.000	29	0	0	4028	4056	29	1	7.59e-05	54.7
CFAV-Cairns_Australia_2014	SRA:SRX313440.10533679.1	100.000	29	0	0	4028	4056	29	1	7.59e-05	54.7
CFAV-Cairns_Australia_2014	SRA:SRX313440.7431104.1	100.000	29	0	0	3969	3997	29	1	7.59e-05	54.7
CFAV-Cairns_Australia_2014	SRA:SRX313440.21812885.1	100.000	28	0	0	4009	4036	28	1	2.73e-04	52.8
CFAV-Cairns_Australia_2014	SRA:SRX313440.21812880.1	100.000	28	0	0	4009	4036	28	1	2.73e-04	52.8
CFAV-Cairns_Australia_2014	SRA:SRX313440.18513068.1	100.000	28	0	0	8661	8688	28	1	2.73e-04	52.8
CFAV-Cairns_Australia_2014	SRA:SRX313440.11139361.1	100.000	28	0	0	3995	4022	28	1	2.73e-04	52.8
CFAV-Cairns_Australia_2014	SRA:SRX313440.8612679.1	100.000	28	0	0	8661	8688	28	1	2.73e-04	52.8
CFAV-Cairns_Australia_2014	SRA:SRX313440.2682536.1	100.000	28	0	0	4118	4145	28	1	2.73e-04	52.8
CFAV-Macapa2_Brazil_2017	SRA:SRX313440.16358078.1	100.000	31	0	0	4034	4064	31	1	5.87e-06	58.4
CFAV-Macapa2_Brazil_2017	SRA:SRX313440.37606947.1	100.000	29	0	0	4201	4229	29	1	7.59e-05	54.7
CFAV-Macapa2_Brazil_2017	SRA:SRX313440.7431104.1	100.000	29	0	0	3970	3998	29	1	7.59e-05	54.7
CFAV-Macapa2_Brazil_2017	SRA:SRX313440.6063543.1	100.000	29	0	0	4201	4229	29	1	7.59e-05	54.7
CFAV-Macapa2_Brazil_2017	SRA:SRX313440.2682536.1	100.000	29	0	0	4118	4146	29	1	7.59e-05	54.7
CFAV-Macapa2_Brazil_2017	SRA:SRX313440.11139361.1	100.000	28	0	0	3996	4023	28	1	2.73e-04	52.8
CFAV-KC_Cambodia_2015	SRA:SRX313440.16358078.1	100.000	32	0	0	4044	4075	32	1	1.63e-06	60.2
CFAV-KC_Cambodia_2015	SRA:SRX313440.36406458.1	100.000	29	0	0	4172	4200	29	1	7.60e-05	54.7
CFAV-KC_Cambodia_2015	SRA:SRX313440.21342703.1	100.000	29	0	0	4040	4068	29	1	7.60e-05	54.7
CFAV-KC_Cambodia_2015	SRA:SRX313440.12075993.1	100.000	29	0	0	4040	4068	29	1	7.60e-05	54.7
CFAV-KC_Cambodia_2015	SRA:SRX313440.10533679.1	100.000	29	0	0	4040	4068	29	1	7.60e-05	54.7
CFAV-KC_Cambodia_2015	SRA:SRX313440.2682536.1	100.000	29	0	0	4129	4157	29	1	7.60e-05	54.7
CFAV-KC_Cambodia_2015	SRA:SRX313440.21812885.1	100.000	28	0	0	4021	4048	28	1	2.73e-04	52.8
CFAV-KC_Cambodia_2015	SRA:SRX313440.21812880.1	100.000	28	0	0	4021	4048	28	1	2.73e-04	52.8
CFAV-KC_Cambodia_2015	SRA:SRX313440.11139361.1	100.000	28	0	0	4007	4034	28	1	2.73e-04	52.8
CFAV-KC_Cambodia_2015	SRA:SRX313440.8612679.1	100.000	27	0	0	8674	8700	27	1	0.001	51.0
CFAV-Zik_Uganda_2016	SRA:SRX313440.16358078.1	100.000	32	0	0	4044	4075	32	1	1.63e-06	60.2
CFAV-Zik_Uganda_2016	SRA:SRX313440.12341754.1	100.000	32	0	0	3961	3992	32	1	1.63e-06	60.2
CFAV-Zik_Uganda_2016	SRA:SRX313440.37606947.1	100.000	29	0	0	4212	4240	29	1	7.60e-05	54.7
CFAV-Zik_Uganda_2016	SRA:SRX313440.21342703.1	100.000	29	0	0	4040	4068	29	1	7.60e-05	54.7
CFAV-Zik_Uganda_2016	SRA:SRX313440.12075993.1	100.000	29	0	0	4040	4068	29	1	7.60e-05	54.7
CFAV-Zik_Uganda_2016	SRA:SRX313440.10533679.1	100.000	29	0	0	4040	4068	29	1	7.60e-05	54.7
CFAV-Zik_Uganda_2016	SRA:SRX313440.7431104.1	100.000	29	0	0	3981	4009	29	1	7.60e-05	54.7
CFAV-Zik_Uganda_2016	SRA:SRX313440.6063543.1	100.000	29	0	0	4212	4240	29	1	7.60e-05	54.7
CFAV-Zik_Uganda_2016	SRA:SRX313440.1938580.1	100.000	29	0	0	3972	4000	29	1	7.60e-05	54.7
CFAV-Zik_Uganda_2016	SRA:SRX313440.30022936.1	100.000	28	0	0	4226	4253	28	1	2.73e-04	52.8
CFAV-Zik_Uganda_2016	SRA:SRX313440.26984749.1	100.000	28	0	0	3973	4000	28	1	2.73e-04	52.8
CFAV-Zik_Uganda_2016	SRA:SRX313440.11139361.1	100.000	28	0	0	4007	4034	28	1	2.73e-04	52.8
CFAV-Zik_Uganda_2016	SRA:SRX313440.8612679.1	100.000	27	0	0	8674	8700	27	1	0.001	51.0
