CFAV-Bangkok_Thailand_2015	SRA:SRX313451.25212646.1	100.000	31	0	0	7400	7430	1	31	6.26e-06	58.4
CFAV-Bangkok_Thailand_2015	SRA:SRX313451.42020010.1	100.000	29	0	0	4022	4050	29	1	8.09e-05	54.7
CFAV-Bangkok_Thailand_2015	SRA:SRX313451.33944171.1	100.000	29	0	0	4022	4050	29	1	8.09e-05	54.7
CFAV-Bangkok_Thailand_2015	SRA:SRX313451.27494157.1	100.000	29	0	0	4022	4050	29	1	8.09e-05	54.7
CFAV-Bangkok_Thailand_2015	SRA:SRX313451.27468542.1	100.000	29	0	0	8681	8709	1	29	8.09e-05	54.7
CFAV-Bangkok_Thailand_2015	SRA:SRX313451.25569715.1	100.000	29	0	0	4022	4050	29	1	8.09e-05	54.7
CFAV-Bangkok_Thailand_2015	SRA:SRX313451.23590995.1	100.000	29	0	0	4022	4050	29	1	8.09e-05	54.7
CFAV-Bangkok_Thailand_2015	SRA:SRX313451.8496369.1	100.000	29	0	0	4154	4182	29	1	8.09e-05	54.7
CFAV-Bangkok_Thailand_2015	SRA:SRX313451.7298804.1	100.000	29	0	0	8688	8716	1	29	8.09e-05	54.7
CFAV-Bangkok_Thailand_2015	SRA:SRX313451.36722195.1	100.000	28	0	0	3922	3949	28	1	2.91e-04	52.8
CFAV-Bangkok_Thailand_2015	SRA:SRX313451.32826795.1	96.875	32	0	1	7426	7456	32	1	2.91e-04	52.8
CFAV-Bangkok_Thailand_2015	SRA:SRX313451.17453851.1	100.000	28	0	0	4023	4050	28	1	2.91e-04	52.8
CFAV-Bangkok_Thailand_2015	SRA:SRX313451.16782380.1	100.000	28	0	0	4023	4050	28	1	2.91e-04	52.8
CFAV-Bangkok_Thailand_2015	SRA:SRX313451.7830721.1	100.000	28	0	0	3922	3949	28	1	2.91e-04	52.8
CFAV-Bangkok_Thailand_2015	SRA:SRX313451.1187307.1	100.000	28	0	0	4097	4124	28	1	2.91e-04	52.8
NC_001564	SRA:SRX313451.25212646.1	100.000	31	0	0	7407	7437	1	31	6.27e-06	58.4
NC_001564	SRA:SRX313451.42020010.1	100.000	29	0	0	4029	4057	29	1	8.11e-05	54.7
NC_001564	SRA:SRX313451.33944171.1	100.000	29	0	0	4029	4057	29	1	8.11e-05	54.7
NC_001564	SRA:SRX313451.27494157.1	100.000	29	0	0	4029	4057	29	1	8.11e-05	54.7
NC_001564	SRA:SRX313451.25569715.1	100.000	29	0	0	4029	4057	29	1	8.11e-05	54.7
NC_001564	SRA:SRX313451.23590995.1	100.000	29	0	0	4029	4057	29	1	8.11e-05	54.7
NC_001564	SRA:SRX313451.18296046.1	100.000	29	0	0	4011	4039	29	1	8.11e-05	54.7
NC_001564	SRA:SRX313451.8496369.1	100.000	29	0	0	4161	4189	29	1	8.11e-05	54.7
NC_001564	SRA:SRX313451.43533078.1	100.000	28	0	0	4010	4037	28	1	2.92e-04	52.8
NC_001564	SRA:SRX313451.40265358.1	96.774	31	1	0	4115	4145	31	1	2.92e-04	52.8
NC_001564	SRA:SRX313451.17453851.1	100.000	28	0	0	4030	4057	28	1	2.92e-04	52.8
NC_001564	SRA:SRX313451.16782380.1	100.000	28	0	0	4030	4057	28	1	2.92e-04	52.8
NC_001564	SRA:SRX313451.9748922.1	100.000	28	0	0	4010	4037	28	1	2.92e-04	52.8
NC_001564	SRA:SRX313451.1187307.1	100.000	28	0	0	4104	4131	28	1	2.92e-04	52.8
CFAV-Cairns_Australia_2014	SRA:SRX313451.40265358.1	100.000	31	0	0	4114	4144	31	1	6.27e-06	58.4
CFAV-Cairns_Australia_2014	SRA:SRX313451.25212646.1	100.000	31	0	0	7406	7436	1	31	6.27e-06	58.4
CFAV-Cairns_Australia_2014	SRA:SRX313451.42020010.1	100.000	29	0	0	4028	4056	29	1	8.11e-05	54.7
CFAV-Cairns_Australia_2014	SRA:SRX313451.33944171.1	100.000	29	0	0	4028	4056	29	1	8.11e-05	54.7
CFAV-Cairns_Australia_2014	SRA:SRX313451.27494157.1	100.000	29	0	0	4028	4056	29	1	8.11e-05	54.7
CFAV-Cairns_Australia_2014	SRA:SRX313451.25569715.1	100.000	29	0	0	4028	4056	29	1	8.11e-05	54.7
CFAV-Cairns_Australia_2014	SRA:SRX313451.23590995.1	100.000	29	0	0	4028	4056	29	1	8.11e-05	54.7
CFAV-Cairns_Australia_2014	SRA:SRX313451.18296046.1	100.000	29	0	0	4010	4038	29	1	8.11e-05	54.7
CFAV-Cairns_Australia_2014	SRA:SRX313451.8496369.1	100.000	29	0	0	4160	4188	29	1	8.11e-05	54.7
CFAV-Cairns_Australia_2014	SRA:SRX313451.43533078.1	100.000	28	0	0	4009	4036	28	1	2.92e-04	52.8
CFAV-Cairns_Australia_2014	SRA:SRX313451.32826795.1	96.875	32	0	1	7432	7462	32	1	2.92e-04	52.8
CFAV-Cairns_Australia_2014	SRA:SRX313451.17453851.1	100.000	28	0	0	4029	4056	28	1	2.92e-04	52.8
CFAV-Cairns_Australia_2014	SRA:SRX313451.16782380.1	100.000	28	0	0	4029	4056	28	1	2.92e-04	52.8
CFAV-Cairns_Australia_2014	SRA:SRX313451.9748922.1	100.000	28	0	0	4009	4036	28	1	2.92e-04	52.8
CFAV-Macapa2_Brazil_2017	SRA:SRX313451.40265358.1	100.000	27	0	0	4119	4145	27	1	0.001	51.0
CFAV-KC_Cambodia_2015	SRA:SRX313451.42020010.1	100.000	29	0	0	4040	4068	29	1	8.12e-05	54.7
CFAV-KC_Cambodia_2015	SRA:SRX313451.33944171.1	100.000	29	0	0	4040	4068	29	1	8.12e-05	54.7
CFAV-KC_Cambodia_2015	SRA:SRX313451.27494157.1	100.000	29	0	0	4040	4068	29	1	8.12e-05	54.7
CFAV-KC_Cambodia_2015	SRA:SRX313451.25569715.1	100.000	29	0	0	4040	4068	29	1	8.12e-05	54.7
CFAV-KC_Cambodia_2015	SRA:SRX313451.23590995.1	100.000	29	0	0	4040	4068	29	1	8.12e-05	54.7
CFAV-KC_Cambodia_2015	SRA:SRX313451.18296046.1	100.000	29	0	0	4022	4050	29	1	8.12e-05	54.7
CFAV-KC_Cambodia_2015	SRA:SRX313451.8496369.1	100.000	29	0	0	4172	4200	29	1	8.12e-05	54.7
CFAV-KC_Cambodia_2015	SRA:SRX313451.7298804.1	100.000	29	0	0	8706	8734	1	29	8.12e-05	54.7
CFAV-KC_Cambodia_2015	SRA:SRX313451.43533078.1	100.000	28	0	0	4021	4048	28	1	2.92e-04	52.8
CFAV-KC_Cambodia_2015	SRA:SRX313451.40265358.1	96.774	31	1	0	4126	4156	31	1	2.92e-04	52.8
CFAV-KC_Cambodia_2015	SRA:SRX313451.36722195.1	100.000	28	0	0	3940	3967	28	1	2.92e-04	52.8
CFAV-KC_Cambodia_2015	SRA:SRX313451.25212646.1	100.000	28	0	0	7418	7445	1	28	2.92e-04	52.8
CFAV-KC_Cambodia_2015	SRA:SRX313451.17453851.1	100.000	28	0	0	4041	4068	28	1	2.92e-04	52.8
CFAV-KC_Cambodia_2015	SRA:SRX313451.16782380.1	100.000	28	0	0	4041	4068	28	1	2.92e-04	52.8
CFAV-KC_Cambodia_2015	SRA:SRX313451.9748922.1	100.000	28	0	0	4021	4048	28	1	2.92e-04	52.8
CFAV-KC_Cambodia_2015	SRA:SRX313451.7830721.1	100.000	28	0	0	3940	3967	28	1	2.92e-04	52.8
CFAV-KC_Cambodia_2015	SRA:SRX313451.1187307.1	100.000	28	0	0	4115	4142	28	1	2.92e-04	52.8
CFAV-Zik_Uganda_2016	SRA:SRX313451.25212646.1	100.000	31	0	0	7418	7448	1	31	6.28e-06	58.4
CFAV-Zik_Uganda_2016	SRA:SRX313451.42020010.1	100.000	29	0	0	4040	4068	29	1	8.12e-05	54.7
CFAV-Zik_Uganda_2016	SRA:SRX313451.33944171.1	100.000	29	0	0	4040	4068	29	1	8.12e-05	54.7
CFAV-Zik_Uganda_2016	SRA:SRX313451.27494157.1	100.000	29	0	0	4040	4068	29	1	8.12e-05	54.7
CFAV-Zik_Uganda_2016	SRA:SRX313451.25569715.1	100.000	29	0	0	4040	4068	29	1	8.12e-05	54.7
CFAV-Zik_Uganda_2016	SRA:SRX313451.23590995.1	100.000	29	0	0	4040	4068	29	1	8.12e-05	54.7
CFAV-Zik_Uganda_2016	SRA:SRX313451.17453851.1	100.000	28	0	0	4041	4068	28	1	2.92e-04	52.8
CFAV-Zik_Uganda_2016	SRA:SRX313451.16782380.1	100.000	28	0	0	4041	4068	28	1	2.92e-04	52.8
