CFAV-Bangkok_Thailand_2015	SRA:SRX4590303.21249963.1	100.000	101	0	0	8516	8616	1	101	5.31e-44	187
CFAV-Bangkok_Thailand_2015	SRA:SRX4590303.16670657.1	100.000	101	0	0	7665	7765	1	101	5.31e-44	187
CFAV-Bangkok_Thailand_2015	SRA:SRX4590303.11093784.1	100.000	101	0	0	795	895	1	101	5.31e-44	187
CFAV-Bangkok_Thailand_2015	SRA:SRX4590303.10990963.1	100.000	101	0	0	1493	1593	1	101	5.31e-44	187
CFAV-Bangkok_Thailand_2015	SRA:SRX4590303.10611997.1	100.000	101	0	0	795	895	1	101	5.31e-44	187
CFAV-Bangkok_Thailand_2015	SRA:SRX4590303.5919338.1	100.000	101	0	0	8849	8949	1	101	5.31e-44	187
CFAV-Bangkok_Thailand_2015	SRA:SRX4590303.3543037.1	100.000	101	0	0	8375	8475	1	101	5.31e-44	187
CFAV-Bangkok_Thailand_2015	SRA:SRX4590303.3104199.1	100.000	101	0	0	9063	9163	1	101	5.31e-44	187
CFAV-Bangkok_Thailand_2015	SRA:SRX4590303.244594.1	100.000	100	0	0	8485	8584	2	101	1.91e-43	185
CFAV-Bangkok_Thailand_2015	SRA:SRX4590303.19450757.1	100.000	99	0	0	10363	10461	3	101	6.87e-43	183
CFAV-Bangkok_Thailand_2015	SRA:SRX4590303.16853309.1	100.000	99	0	0	5656	5754	3	101	6.87e-43	183
CFAV-Bangkok_Thailand_2015	SRA:SRX4590303.14783172.1	100.000	99	0	0	7643	7741	3	101	6.87e-43	183
CFAV-Bangkok_Thailand_2015	SRA:SRX4590303.13262493.1	100.000	99	0	0	5624	5722	3	101	6.87e-43	183
CFAV-Bangkok_Thailand_2015	SRA:SRX4590303.18350831.1	99.010	101	1	0	9027	9127	1	101	2.47e-42	182
CFAV-Bangkok_Thailand_2015	SRA:SRX4590303.15335624.1	99.010	101	1	0	8375	8475	1	101	2.47e-42	182
CFAV-Bangkok_Thailand_2015	SRA:SRX4590303.14282808.1	100.000	98	0	0	5562	5659	4	101	2.47e-42	182
CFAV-Bangkok_Thailand_2015	SRA:SRX4590303.12871158.1	99.010	101	1	0	4910	5010	1	101	2.47e-42	182
CFAV-Bangkok_Thailand_2015	SRA:SRX4590303.12116444.1	99.010	101	1	0	3069	3169	1	101	2.47e-42	182
CFAV-Bangkok_Thailand_2015	SRA:SRX4590303.10802110.1	100.000	98	0	0	8653	8750	4	101	2.47e-42	182
CFAV-Bangkok_Thailand_2015	SRA:SRX4590303.10407639.1	99.010	101	1	0	3069	3169	1	101	2.47e-42	182
CFAV-Bangkok_Thailand_2015	SRA:SRX4590303.5921174.1	100.000	98	0	0	8645	8742	4	101	2.47e-42	182
CFAV-Bangkok_Thailand_2015	SRA:SRX4590303.4384012.1	99.010	101	1	0	4919	5019	1	101	2.47e-42	182
CFAV-Bangkok_Thailand_2015	SRA:SRX4590303.4278937.1	99.010	101	1	0	9027	9127	1	101	2.47e-42	182
CFAV-Bangkok_Thailand_2015	SRA:SRX4590303.3386663.1	99.010	101	1	0	4910	5010	1	101	2.47e-42	182
CFAV-Bangkok_Thailand_2015	SRA:SRX4590303.3100770.1	99.010	101	1	0	4907	5007	1	101	2.47e-42	182
CFAV-Bangkok_Thailand_2015	SRA:SRX4590303.19532667.1	100.000	97	0	0	1	97	5	101	8.89e-42	180
CFAV-Bangkok_Thailand_2015	SRA:SRX4590303.17883896.1	100.000	97	0	0	1	97	5	101	8.89e-42	180
CFAV-Bangkok_Thailand_2015	SRA:SRX4590303.4579711.1	100.000	97	0	0	6162	6258	5	101	8.89e-42	180
CFAV-Bangkok_Thailand_2015	SRA:SRX4590303.20631317.1	100.000	96	0	0	6138	6233	6	101	3.20e-41	178
CFAV-Bangkok_Thailand_2015	SRA:SRX4590303.18769733.1	98.990	99	1	0	4921	5019	3	101	3.20e-41	178
CFAV-Bangkok_Thailand_2015	SRA:SRX4590303.17574039.1	100.000	96	0	0	1	96	6	101	3.20e-41	178
CFAV-Bangkok_Thailand_2015	SRA:SRX4590303.17393552.1	98.990	99	1	0	3053	3151	3	101	3.20e-41	178
CFAV-Bangkok_Thailand_2015	SRA:SRX4590303.13880179.1	98.990	99	1	0	4921	5019	3	101	3.20e-41	178
CFAV-Bangkok_Thailand_2015	SRA:SRX4590303.13084960.1	100.000	96	0	0	1	96	6	101	3.20e-41	178
CFAV-Bangkok_Thailand_2015	SRA:SRX4590303.10517523.1	100.000	96	0	0	9970	10065	6	101	3.20e-41	178
CFAV-Bangkok_Thailand_2015	SRA:SRX4590303.7534254.1	100.000	96	0	0	2	97	3	98	3.20e-41	178
CFAV-Bangkok_Thailand_2015	SRA:SRX4590303.3375167.1	98.990	99	1	0	4905	5003	3	101	3.20e-41	178
CFAV-Bangkok_Thailand_2015	SRA:SRX4590303.2620174.1	100.000	96	0	0	1	96	6	101	3.20e-41	178
CFAV-Bangkok_Thailand_2015	SRA:SRX4590303.18753502.1	100.000	95	0	0	1	95	7	101	1.15e-40	176
CFAV-Bangkok_Thailand_2015	SRA:SRX4590303.11295528.1	98.039	102	1	1	4917	5018	1	101	1.15e-40	176
CFAV-Bangkok_Thailand_2015	SRA:SRX4590303.10502580.1	98.020	101	2	0	700	800	1	101	1.15e-40	176
CFAV-Bangkok_Thailand_2015	SRA:SRX4590303.9575143.1	100.000	95	0	0	9969	10063	7	101	1.15e-40	176
CFAV-Bangkok_Thailand_2015	SRA:SRX4590303.5057698.1	100.000	95	0	0	1	95	7	101	1.15e-40	176
CFAV-Bangkok_Thailand_2015	SRA:SRX4590303.574221.1	98.039	102	1	1	8671	8772	1	101	1.15e-40	176
CFAV-Bangkok_Thailand_2015	SRA:SRX4590303.18483519.1	100.000	94	0	0	1	94	8	101	4.14e-40	174
CFAV-Bangkok_Thailand_2015	SRA:SRX4590303.8580671.1	98.969	97	1	0	5	101	1	97	4.14e-40	174
CFAV-Bangkok_Thailand_2015	SRA:SRX4590303.5540965.1	98.000	100	2	0	4903	5002	2	101	4.14e-40	174
CFAV-Bangkok_Thailand_2015	SRA:SRX4590303.722080.1	98.969	97	1	0	1	97	3	99	4.14e-40	174
CFAV-Bangkok_Thailand_2015	SRA:SRX4590303.18212470.1	100.000	93	0	0	1	93	9	101	1.49e-39	172
CFAV-Bangkok_Thailand_2015	SRA:SRX4590303.9025355.1	98.958	96	1	0	4898	4993	6	101	1.49e-39	172
CFAV-Bangkok_Thailand_2015	SRA:SRX4590303.16925682.1	97.030	101	3	0	4842	4942	1	101	5.35e-39	171
CFAV-Bangkok_Thailand_2015	SRA:SRX4590303.9440995.1	100.000	92	0	0	1	92	10	101	5.35e-39	171
CFAV-Bangkok_Thailand_2015	SRA:SRX4590303.5868178.1	100.000	92	0	0	1	92	10	101	5.35e-39	171
CFAV-Bangkok_Thailand_2015	SRA:SRX4590303.16374768.1	97.917	96	2	0	1	96	6	101	6.92e-38	167
CFAV-Bangkok_Thailand_2015	SRA:SRX4590303.20461844.1	97.895	95	2	0	4928	5022	1	95	2.49e-37	165
CFAV-Bangkok_Thailand_2015	SRA:SRX4590303.18584702.1	98.913	92	1	0	4937	5028	3	94	2.49e-37	165
CFAV-Bangkok_Thailand_2015	SRA:SRX4590303.12124689.1	98.901	91	1	0	4271	4361	4	94	8.95e-37	163
CFAV-Bangkok_Thailand_2015	SRA:SRX4590303.15909213.1	98.824	85	1	0	7665	7749	1	85	1.94e-33	152
CFAV-Bangkok_Thailand_2015	SRA:SRX4590303.21783156.1	97.674	86	2	0	475	560	1	86	2.51e-32	148
CFAV-Bangkok_Thailand_2015	SRA:SRX4590303.21368298.1	98.734	79	0	1	19	97	1	78	1.51e-29	139
CFAV-Bangkok_Thailand_2015	SRA:SRX4590303.7474281.1	96.429	84	3	0	4945	5028	4	87	1.51e-29	139
CFAV-Bangkok_Thailand_2015	SRA:SRX4590303.18830466.1	96.341	82	3	0	4947	5028	1	82	1.95e-28	135
CFAV-Bangkok_Thailand_2015	SRA:SRX4590303.16445120.1	98.667	75	1	0	4948	5022	1	75	7.02e-28	134
CFAV-Bangkok_Thailand_2015	SRA:SRX4590303.6801419.1	98.611	72	1	0	9240	9311	1	72	3.27e-26	128
CFAV-Bangkok_Thailand_2015	SRA:SRX4590303.7074336.1	97.059	68	0	2	5783	5849	1	67	9.14e-22	113
CFAV-Bangkok_Thailand_2015	SRA:SRX4590303.11756459.1	95.652	69	3	0	104	172	1	69	3.29e-21	111
CFAV-Bangkok_Thailand_2015	SRA:SRX4590303.10924401.1	95.082	61	2	1	9136	9195	5	65	3.31e-16	95.3
CFAV-Bangkok_Thailand_2015	SRA:SRX4590303.19067494.1	95.745	47	1	1	1571	1616	1	47	4.31e-10	75.0
CFAV-Bangkok_Thailand_2015	SRA:SRX4590303.16484099.1	100.000	28	0	0	4995	5022	1	28	0.002	52.8
NC_001564	SRA:SRX4590303.16670657.1	100.000	101	0	0	7672	7772	1	101	5.32e-44	187
NC_001564	SRA:SRX4590303.14783172.1	100.000	99	0	0	7650	7748	3	101	6.89e-43	183
NC_001564	SRA:SRX4590303.13262493.1	100.000	99	0	0	5631	5729	3	101	6.89e-43	183
NC_001564	SRA:SRX4590303.11093784.1	99.010	101	1	0	802	902	1	101	2.48e-42	182
NC_001564	SRA:SRX4590303.10611997.1	99.010	101	1	0	802	902	1	101	2.48e-42	182
NC_001564	SRA:SRX4590303.5919338.1	98.020	101	2	0	8856	8956	1	101	1.15e-40	176
NC_001564	SRA:SRX4590303.3104199.1	98.020	101	2	0	9070	9170	1	101	1.15e-40	176
NC_001564	SRA:SRX4590303.19450757.1	97.980	99	2	0	10370	10468	3	101	1.49e-39	172
NC_001564	SRA:SRX4590303.16853309.1	97.980	99	2	0	5663	5761	3	101	1.49e-39	172
NC_001564	SRA:SRX4590303.16925682.1	97.030	101	3	0	4849	4949	1	101	5.36e-39	171
NC_001564	SRA:SRX4590303.3543037.1	97.030	101	3	0	8382	8482	1	101	5.36e-39	171
NC_001564	SRA:SRX4590303.10517523.1	97.917	96	2	0	9977	10072	6	101	6.93e-38	167
NC_001564	SRA:SRX4590303.19532667.1	96.040	101	4	0	4	104	1	101	2.49e-37	165
NC_001564	SRA:SRX4590303.15335624.1	96.040	101	4	0	8382	8482	1	101	2.49e-37	165
NC_001564	SRA:SRX4590303.13084960.1	96.040	101	4	0	3	103	1	101	2.49e-37	165
NC_001564	SRA:SRX4590303.12871158.1	96.040	101	4	0	4917	5017	1	101	2.49e-37	165
NC_001564	SRA:SRX4590303.10802110.1	96.939	98	3	0	8660	8757	4	101	2.49e-37	165
NC_001564	SRA:SRX4590303.5921174.1	96.939	98	3	0	8652	8749	4	101	2.49e-37	165
NC_001564	SRA:SRX4590303.4384012.1	96.040	101	4	0	4926	5026	1	101	2.49e-37	165
NC_001564	SRA:SRX4590303.3386663.1	96.040	101	4	0	4917	5017	1	101	2.49e-37	165
NC_001564	SRA:SRX4590303.3100770.1	96.040	101	4	0	4914	5014	1	101	2.49e-37	165
NC_001564	SRA:SRX4590303.2620174.1	96.040	101	4	0	3	103	1	101	2.49e-37	165
NC_001564	SRA:SRX4590303.9575143.1	97.872	94	2	0	9977	10070	8	101	8.97e-37	163
NC_001564	SRA:SRX4590303.5057698.1	96.000	100	4	0	3	102	2	101	8.97e-37	163
NC_001564	SRA:SRX4590303.18769733.1	95.960	99	4	0	4928	5026	3	101	3.23e-36	161
NC_001564	SRA:SRX4590303.18483519.1	95.960	99	4	0	3	101	3	101	3.23e-36	161
NC_001564	SRA:SRX4590303.17883896.1	95.960	99	4	0	6	104	3	101	3.23e-36	161
NC_001564	SRA:SRX4590303.13880179.1	95.960	99	4	0	4928	5026	3	101	3.23e-36	161
NC_001564	SRA:SRX4590303.5868178.1	95.960	99	4	0	1	99	3	101	3.23e-36	161
NC_001564	SRA:SRX4590303.18753502.1	95.918	98	4	0	5	102	4	101	1.16e-35	159
NC_001564	SRA:SRX4590303.17574039.1	95.918	98	4	0	6	103	4	101	1.16e-35	159
NC_001564	SRA:SRX4590303.12116444.1	95.050	101	5	0	3076	3176	1	101	1.16e-35	159
NC_001564	SRA:SRX4590303.11295528.1	95.098	102	4	1	4924	5025	1	101	1.16e-35	159
NC_001564	SRA:SRX4590303.10990963.1	95.050	101	5	0	1500	1600	1	101	1.16e-35	159
NC_001564	SRA:SRX4590303.10502580.1	95.050	101	5	0	707	807	1	101	1.16e-35	159
NC_001564	SRA:SRX4590303.10407639.1	95.050	101	5	0	3076	3176	1	101	1.16e-35	159
NC_001564	SRA:SRX4590303.9440995.1	95.876	97	4	0	3	99	5	101	4.17e-35	158
NC_001564	SRA:SRX4590303.9025355.1	95.050	101	4	1	4901	5000	1	101	4.17e-35	158
NC_001564	SRA:SRX4590303.8580671.1	95.876	97	4	0	12	108	1	97	4.17e-35	158
NC_001564	SRA:SRX4590303.244594.1	95.000	100	5	0	8492	8591	2	101	4.17e-35	158
NC_001564	SRA:SRX4590303.7534254.1	95.833	96	4	0	9	104	3	98	1.50e-34	156
NC_001564	SRA:SRX4590303.722080.1	94.949	99	5	0	6	104	1	99	1.50e-34	156
NC_001564	SRA:SRX4590303.574221.1	96.774	93	3	0	8687	8779	9	101	1.50e-34	156
NC_001564	SRA:SRX4590303.18212470.1	95.789	95	4	0	6	100	7	101	5.40e-34	154
NC_001564	SRA:SRX4590303.16374768.1	94.059	101	6	0	3	103	1	101	5.40e-34	154
NC_001564	SRA:SRX4590303.14282808.1	94.898	98	5	0	5569	5666	4	101	5.40e-34	154
NC_001564	SRA:SRX4590303.15909213.1	98.824	85	1	0	7672	7756	1	85	1.94e-33	152
NC_001564	SRA:SRX4590303.21249963.1	93.939	99	6	0	8525	8623	3	101	6.98e-33	150
NC_001564	SRA:SRX4590303.20461844.1	95.652	92	4	0	4937	5028	3	94	2.51e-32	148
NC_001564	SRA:SRX4590303.18584702.1	95.652	92	4	0	4944	5035	3	94	2.51e-32	148
NC_001564	SRA:SRX4590303.4579711.1	94.624	93	5	0	6169	6261	5	97	3.25e-31	145
NC_001564	SRA:SRX4590303.21783156.1	95.349	86	4	0	482	567	1	86	5.44e-29	137
NC_001564	SRA:SRX4590303.12124689.1	93.103	87	6	0	4278	4364	4	90	3.27e-26	128
NC_001564	SRA:SRX4590303.16445120.1	97.297	74	2	0	4955	5028	1	74	1.18e-25	126
NC_001564	SRA:SRX4590303.18830466.1	94.937	79	4	0	4957	5035	4	82	4.23e-25	124
NC_001564	SRA:SRX4590303.21368298.1	94.937	79	3	1	26	104	1	78	1.52e-24	122
NC_001564	SRA:SRX4590303.7474281.1	92.857	84	6	0	4952	5035	4	87	1.52e-24	122
NC_001564	SRA:SRX4590303.6801419.1	94.444	72	4	0	9247	9318	1	72	3.30e-21	111
NC_001564	SRA:SRX4590303.10924401.1	98.148	54	1	0	9143	9196	5	58	3.32e-16	95.3
NC_001564	SRA:SRX4590303.7074336.1	91.176	68	4	2	5790	5856	1	67	4.29e-15	91.6
CFAV-Cairns_Australia_2014	SRA:SRX4590303.14783172.1	100.000	99	0	0	7649	7747	3	101	6.89e-43	183
CFAV-Cairns_Australia_2014	SRA:SRX4590303.16670657.1	99.010	101	1	0	7671	7771	1	101	2.48e-42	182
CFAV-Cairns_Australia_2014	SRA:SRX4590303.11093784.1	99.010	101	1	0	801	901	1	101	2.48e-42	182
CFAV-Cairns_Australia_2014	SRA:SRX4590303.10990963.1	99.010	101	1	0	1499	1599	1	101	2.48e-42	182
CFAV-Cairns_Australia_2014	SRA:SRX4590303.10611997.1	99.010	101	1	0	801	901	1	101	2.48e-42	182
CFAV-Cairns_Australia_2014	SRA:SRX4590303.3104199.1	99.010	101	1	0	9069	9169	1	101	2.48e-42	182
CFAV-Cairns_Australia_2014	SRA:SRX4590303.19450757.1	97.980	99	2	0	10369	10467	3	101	1.49e-39	172
CFAV-Cairns_Australia_2014	SRA:SRX4590303.13262493.1	97.980	99	2	0	5630	5728	3	101	1.49e-39	172
CFAV-Cairns_Australia_2014	SRA:SRX4590303.18350831.1	97.030	101	3	0	9033	9133	1	101	5.36e-39	171
CFAV-Cairns_Australia_2014	SRA:SRX4590303.10502580.1	97.030	101	3	0	706	806	1	101	5.36e-39	171
CFAV-Cairns_Australia_2014	SRA:SRX4590303.4278937.1	97.030	101	3	0	9033	9133	1	101	5.36e-39	171
CFAV-Cairns_Australia_2014	SRA:SRX4590303.19532667.1	96.040	101	4	0	3	103	1	101	2.49e-37	165
CFAV-Cairns_Australia_2014	SRA:SRX4590303.16925682.1	96.040	101	4	0	4848	4948	1	101	2.49e-37	165
CFAV-Cairns_Australia_2014	SRA:SRX4590303.14282808.1	96.939	98	3	0	5568	5665	4	101	2.49e-37	165
CFAV-Cairns_Australia_2014	SRA:SRX4590303.13084960.1	96.040	101	4	0	2	102	1	101	2.49e-37	165
CFAV-Cairns_Australia_2014	SRA:SRX4590303.12116444.1	96.040	101	4	0	3075	3175	1	101	2.49e-37	165
CFAV-Cairns_Australia_2014	SRA:SRX4590303.10407639.1	96.040	101	4	0	3075	3175	1	101	2.49e-37	165
CFAV-Cairns_Australia_2014	SRA:SRX4590303.5919338.1	96.040	101	4	0	8855	8955	1	101	2.49e-37	165
CFAV-Cairns_Australia_2014	SRA:SRX4590303.2620174.1	96.040	101	4	0	2	102	1	101	2.49e-37	165
CFAV-Cairns_Australia_2014	SRA:SRX4590303.5057698.1	96.000	100	4	0	2	101	2	101	8.97e-37	163
CFAV-Cairns_Australia_2014	SRA:SRX4590303.18483519.1	95.960	99	4	0	2	100	3	101	3.23e-36	161
CFAV-Cairns_Australia_2014	SRA:SRX4590303.17883896.1	95.960	99	4	0	5	103	3	101	3.23e-36	161
CFAV-Cairns_Australia_2014	SRA:SRX4590303.17393552.1	95.960	99	4	0	3059	3157	3	101	3.23e-36	161
CFAV-Cairns_Australia_2014	SRA:SRX4590303.16853309.1	95.960	99	4	0	5662	5760	3	101	3.23e-36	161
CFAV-Cairns_Australia_2014	SRA:SRX4590303.18753502.1	95.918	98	4	0	4	101	4	101	1.16e-35	159
CFAV-Cairns_Australia_2014	SRA:SRX4590303.17574039.1	95.918	98	4	0	5	102	4	101	1.16e-35	159
CFAV-Cairns_Australia_2014	SRA:SRX4590303.5868178.1	95.918	98	4	0	1	98	4	101	1.16e-35	159
CFAV-Cairns_Australia_2014	SRA:SRX4590303.3543037.1	95.050	101	5	0	8381	8481	1	101	1.16e-35	159
CFAV-Cairns_Australia_2014	SRA:SRX4590303.9440995.1	95.876	97	4	0	2	98	5	101	4.17e-35	158
CFAV-Cairns_Australia_2014	SRA:SRX4590303.8580671.1	95.876	97	4	0	11	107	1	97	4.17e-35	158
CFAV-Cairns_Australia_2014	SRA:SRX4590303.4579711.1	95.876	97	4	0	6168	6264	5	101	4.17e-35	158
CFAV-Cairns_Australia_2014	SRA:SRX4590303.20631317.1	95.833	96	4	0	6144	6239	6	101	1.50e-34	156
CFAV-Cairns_Australia_2014	SRA:SRX4590303.10517523.1	95.833	96	4	0	9976	10071	6	101	1.50e-34	156
CFAV-Cairns_Australia_2014	SRA:SRX4590303.7534254.1	95.833	96	4	0	8	103	3	98	1.50e-34	156
CFAV-Cairns_Australia_2014	SRA:SRX4590303.722080.1	94.949	99	5	0	5	103	1	99	1.50e-34	156
CFAV-Cairns_Australia_2014	SRA:SRX4590303.18212470.1	95.789	95	4	0	5	99	7	101	5.40e-34	154
CFAV-Cairns_Australia_2014	SRA:SRX4590303.16374768.1	94.059	101	6	0	2	102	1	101	5.40e-34	154
CFAV-Cairns_Australia_2014	SRA:SRX4590303.15335624.1	94.059	101	6	0	8381	8481	1	101	5.40e-34	154
CFAV-Cairns_Australia_2014	SRA:SRX4590303.4384012.1	94.059	101	6	0	4925	5025	1	101	5.40e-34	154
CFAV-Cairns_Australia_2014	SRA:SRX4590303.244594.1	94.898	98	5	0	8491	8588	2	99	5.40e-34	154
CFAV-Cairns_Australia_2014	SRA:SRX4590303.9575143.1	95.745	94	4	0	9976	10069	8	101	1.94e-33	152
CFAV-Cairns_Australia_2014	SRA:SRX4590303.18769733.1	93.939	99	6	0	4927	5025	3	101	6.98e-33	150
CFAV-Cairns_Australia_2014	SRA:SRX4590303.13880179.1	93.939	99	6	0	4927	5025	3	101	6.98e-33	150
CFAV-Cairns_Australia_2014	SRA:SRX4590303.11295528.1	93.137	102	6	1	4923	5024	1	101	2.51e-32	148
CFAV-Cairns_Australia_2014	SRA:SRX4590303.15909213.1	97.647	85	2	0	7671	7755	1	85	9.04e-32	147
CFAV-Cairns_Australia_2014	SRA:SRX4590303.9025355.1	93.069	101	6	1	4900	4999	1	101	9.04e-32	147
CFAV-Cairns_Australia_2014	SRA:SRX4590303.18584702.1	94.565	92	5	0	4943	5034	3	94	1.17e-30	143
CFAV-Cairns_Australia_2014	SRA:SRX4590303.20461844.1	93.548	93	6	0	4936	5028	3	95	1.51e-29	139
CFAV-Cairns_Australia_2014	SRA:SRX4590303.21783156.1	95.349	86	4	0	481	566	1	86	5.44e-29	137
CFAV-Cairns_Australia_2014	SRA:SRX4590303.21368298.1	94.937	79	3	1	25	103	1	78	1.52e-24	122
CFAV-Cairns_Australia_2014	SRA:SRX4590303.18830466.1	93.671	79	5	0	4956	5034	4	82	1.97e-23	119
CFAV-Cairns_Australia_2014	SRA:SRX4590303.16445120.1	94.667	75	4	0	4954	5028	1	75	7.08e-23	117
CFAV-Cairns_Australia_2014	SRA:SRX4590303.7474281.1	91.667	84	7	0	4951	5034	4	87	7.08e-23	117
CFAV-Cairns_Australia_2014	SRA:SRX4590303.7074336.1	92.647	68	3	2	5789	5855	1	67	9.23e-17	97.1
CFAV-Cairns_Australia_2014	SRA:SRX4590303.10924401.1	98.148	54	1	0	9142	9195	5	58	3.32e-16	95.3
CFAV-Cairns_Australia_2014	SRA:SRX4590303.16484099.1	100.000	28	0	0	5001	5028	1	28	0.002	52.8
CFAV-Macapa2_Brazil_2017	SRA:SRX4590303.14783172.1	98.990	99	1	0	7650	7748	3	101	3.20e-41	178
CFAV-Macapa2_Brazil_2017	SRA:SRX4590303.16670657.1	98.020	101	2	0	7672	7772	1	101	1.15e-40	176
CFAV-Macapa2_Brazil_2017	SRA:SRX4590303.19450757.1	96.970	99	3	0	10370	10468	3	101	6.94e-38	167
CFAV-Macapa2_Brazil_2017	SRA:SRX4590303.13262493.1	96.970	99	3	0	5631	5729	3	101	6.94e-38	167
CFAV-Macapa2_Brazil_2017	SRA:SRX4590303.10517523.1	97.917	96	2	0	9977	10072	6	101	6.94e-38	167
CFAV-Macapa2_Brazil_2017	SRA:SRX4590303.11093784.1	96.040	101	4	0	802	902	1	101	2.49e-37	165
CFAV-Macapa2_Brazil_2017	SRA:SRX4590303.10611997.1	96.040	101	4	0	802	902	1	101	2.49e-37	165
CFAV-Macapa2_Brazil_2017	SRA:SRX4590303.9575143.1	97.895	95	2	0	9976	10070	7	101	2.49e-37	165
CFAV-Macapa2_Brazil_2017	SRA:SRX4590303.5919338.1	96.040	101	4	0	8856	8956	1	101	2.49e-37	165
CFAV-Macapa2_Brazil_2017	SRA:SRX4590303.16853309.1	95.960	99	4	0	5663	5761	3	101	3.23e-36	161
CFAV-Macapa2_Brazil_2017	SRA:SRX4590303.10502580.1	96.875	96	3	0	712	807	6	101	3.23e-36	161
CFAV-Macapa2_Brazil_2017	SRA:SRX4590303.16925682.1	95.050	101	5	0	4849	4949	1	101	1.16e-35	159
CFAV-Macapa2_Brazil_2017	SRA:SRX4590303.3543037.1	95.050	101	5	0	8382	8482	1	101	1.16e-35	159
CFAV-Macapa2_Brazil_2017	SRA:SRX4590303.15335624.1	94.059	101	6	0	8382	8482	1	101	5.40e-34	154
CFAV-Macapa2_Brazil_2017	SRA:SRX4590303.3104199.1	94.059	101	6	0	9070	9170	1	101	5.40e-34	154
CFAV-Macapa2_Brazil_2017	SRA:SRX4590303.4579711.1	94.845	97	5	0	6169	6265	5	101	1.94e-33	152
CFAV-Macapa2_Brazil_2017	SRA:SRX4590303.15909213.1	97.647	85	2	0	7672	7756	1	85	9.04e-32	147
CFAV-Macapa2_Brazil_2017	SRA:SRX4590303.12116444.1	91.089	101	9	0	3076	3176	1	101	5.44e-29	137
CFAV-Macapa2_Brazil_2017	SRA:SRX4590303.10407639.1	91.089	101	9	0	3076	3176	1	101	5.44e-29	137
CFAV-Macapa2_Brazil_2017	SRA:SRX4590303.12124689.1	93.103	87	6	0	4278	4364	4	90	3.27e-26	128
CFAV-Macapa2_Brazil_2017	SRA:SRX4590303.21783156.1	91.765	85	7	0	483	567	2	86	1.97e-23	119
CFAV-Macapa2_Brazil_2017	SRA:SRX4590303.6801419.1	94.444	72	4	0	9247	9318	1	72	3.30e-21	111
CFAV-Macapa2_Brazil_2017	SRA:SRX4590303.8580671.1	87.500	88	11	0	21	108	10	97	1.98e-18	102
CFAV-Macapa2_Brazil_2017	SRA:SRX4590303.7074336.1	94.118	68	2	2	5790	5856	1	67	1.98e-18	102
CFAV-Macapa2_Brazil_2017	SRA:SRX4590303.19532667.1	87.805	82	10	0	21	102	18	99	9.23e-17	97.1
CFAV-Macapa2_Brazil_2017	SRA:SRX4590303.18753502.1	87.805	82	10	0	21	102	20	101	9.23e-17	97.1
CFAV-Macapa2_Brazil_2017	SRA:SRX4590303.17883896.1	87.805	82	10	0	21	102	18	99	9.23e-17	97.1
CFAV-Macapa2_Brazil_2017	SRA:SRX4590303.17574039.1	87.805	82	10	0	21	102	19	100	9.23e-17	97.1
CFAV-Macapa2_Brazil_2017	SRA:SRX4590303.13084960.1	87.805	82	10	0	21	102	19	100	9.23e-17	97.1
CFAV-Macapa2_Brazil_2017	SRA:SRX4590303.7534254.1	87.805	82	10	0	21	102	15	96	9.23e-17	97.1
CFAV-Macapa2_Brazil_2017	SRA:SRX4590303.5057698.1	87.805	82	10	0	21	102	20	101	9.23e-17	97.1
CFAV-Macapa2_Brazil_2017	SRA:SRX4590303.2620174.1	87.805	82	10	0	21	102	19	100	9.23e-17	97.1
CFAV-Macapa2_Brazil_2017	SRA:SRX4590303.722080.1	87.805	82	10	0	21	102	16	97	9.23e-17	97.1
CFAV-Macapa2_Brazil_2017	SRA:SRX4590303.18483519.1	87.654	81	10	0	21	101	21	101	3.32e-16	95.3
CFAV-Macapa2_Brazil_2017	SRA:SRX4590303.10924401.1	98.148	54	1	0	9143	9196	5	58	3.32e-16	95.3
CFAV-Macapa2_Brazil_2017	SRA:SRX4590303.18212470.1	87.500	80	10	0	21	100	22	101	1.19e-15	93.5
CFAV-Macapa2_Brazil_2017	SRA:SRX4590303.21368298.1	88.312	77	8	1	26	102	1	76	4.29e-15	91.6
CFAV-Macapa2_Brazil_2017	SRA:SRX4590303.9440995.1	87.342	79	10	0	21	99	23	101	4.29e-15	91.6
CFAV-Macapa2_Brazil_2017	SRA:SRX4590303.5868178.1	87.342	79	10	0	21	99	23	101	4.29e-15	91.6
CFAV-KC_Cambodia_2015	SRA:SRX4590303.19450757.1	98.990	99	1	0	10381	10479	3	101	3.21e-41	178
CFAV-KC_Cambodia_2015	SRA:SRX4590303.14783172.1	98.990	99	1	0	7661	7759	3	101	3.21e-41	178
CFAV-KC_Cambodia_2015	SRA:SRX4590303.19532667.1	98.020	101	2	0	15	115	1	101	1.15e-40	176
CFAV-KC_Cambodia_2015	SRA:SRX4590303.16670657.1	98.020	101	2	0	7683	7783	1	101	1.15e-40	176
CFAV-KC_Cambodia_2015	SRA:SRX4590303.13084960.1	98.020	101	2	0	14	114	1	101	1.15e-40	176
CFAV-KC_Cambodia_2015	SRA:SRX4590303.11093784.1	98.020	101	2	0	813	913	1	101	1.15e-40	176
CFAV-KC_Cambodia_2015	SRA:SRX4590303.10990963.1	98.020	101	2	0	1511	1611	1	101	1.15e-40	176
CFAV-KC_Cambodia_2015	SRA:SRX4590303.10611997.1	98.020	101	2	0	813	913	1	101	1.15e-40	176
CFAV-KC_Cambodia_2015	SRA:SRX4590303.5919338.1	98.020	101	2	0	8867	8967	1	101	1.15e-40	176
CFAV-KC_Cambodia_2015	SRA:SRX4590303.5868178.1	98.020	101	2	0	10	110	1	101	1.15e-40	176
CFAV-KC_Cambodia_2015	SRA:SRX4590303.2620174.1	98.020	101	2	0	14	114	1	101	1.15e-40	176
CFAV-KC_Cambodia_2015	SRA:SRX4590303.5057698.1	98.000	100	2	0	14	113	2	101	4.15e-40	174
CFAV-KC_Cambodia_2015	SRA:SRX4590303.18483519.1	97.980	99	2	0	14	112	3	101	1.49e-39	172
CFAV-KC_Cambodia_2015	SRA:SRX4590303.17883896.1	97.980	99	2	0	17	115	3	101	1.49e-39	172
CFAV-KC_Cambodia_2015	SRA:SRX4590303.18753502.1	97.959	98	2	0	16	113	4	101	5.37e-39	171
CFAV-KC_Cambodia_2015	SRA:SRX4590303.17574039.1	97.959	98	2	0	17	114	4	101	5.37e-39	171
CFAV-KC_Cambodia_2015	SRA:SRX4590303.10802110.1	97.959	98	2	0	8671	8768	4	101	5.37e-39	171
CFAV-KC_Cambodia_2015	SRA:SRX4590303.9440995.1	97.059	102	2	1	9	110	1	101	5.37e-39	171
CFAV-KC_Cambodia_2015	SRA:SRX4590303.244594.1	97.000	100	3	0	8503	8602	2	101	1.93e-38	169
CFAV-KC_Cambodia_2015	SRA:SRX4590303.7534254.1	97.917	96	2	0	20	115	3	98	6.94e-38	167
CFAV-KC_Cambodia_2015	SRA:SRX4590303.5921174.1	97.917	96	2	0	8665	8760	6	101	6.94e-38	167
CFAV-KC_Cambodia_2015	SRA:SRX4590303.722080.1	96.970	99	3	0	17	115	1	99	6.94e-38	167
CFAV-KC_Cambodia_2015	SRA:SRX4590303.18212470.1	97.895	95	2	0	17	111	7	101	2.50e-37	165
CFAV-KC_Cambodia_2015	SRA:SRX4590303.16925682.1	96.040	101	4	0	4860	4960	1	101	2.50e-37	165
CFAV-KC_Cambodia_2015	SRA:SRX4590303.16374768.1	96.040	101	4	0	14	114	1	101	2.50e-37	165
CFAV-KC_Cambodia_2015	SRA:SRX4590303.8580671.1	96.907	97	3	0	23	119	1	97	8.98e-37	163
CFAV-KC_Cambodia_2015	SRA:SRX4590303.17393552.1	95.876	97	4	0	3073	3169	5	101	4.18e-35	158
CFAV-KC_Cambodia_2015	SRA:SRX4590303.13262493.1	94.949	99	5	0	5642	5740	3	101	1.50e-34	156
CFAV-KC_Cambodia_2015	SRA:SRX4590303.4579711.1	95.833	96	4	0	6181	6276	6	101	1.50e-34	156
CFAV-KC_Cambodia_2015	SRA:SRX4590303.574221.1	96.774	93	3	0	8698	8790	9	101	1.50e-34	156
CFAV-KC_Cambodia_2015	SRA:SRX4590303.12116444.1	94.059	101	6	0	3087	3187	1	101	5.41e-34	154
CFAV-KC_Cambodia_2015	SRA:SRX4590303.10407639.1	94.059	101	6	0	3087	3187	1	101	5.41e-34	154
CFAV-KC_Cambodia_2015	SRA:SRX4590303.3104199.1	94.898	98	5	0	9082	9179	2	99	5.41e-34	154
CFAV-KC_Cambodia_2015	SRA:SRX4590303.16853309.1	94.000	100	6	0	5673	5772	2	101	1.94e-33	152
CFAV-KC_Cambodia_2015	SRA:SRX4590303.15909213.1	98.824	85	0	1	7683	7767	1	84	6.99e-33	150
CFAV-KC_Cambodia_2015	SRA:SRX4590303.10517523.1	94.792	96	5	0	9988	10083	6	101	6.99e-33	150
CFAV-KC_Cambodia_2015	SRA:SRX4590303.9575143.1	94.737	95	5	0	9987	10081	7	101	2.52e-32	148
CFAV-KC_Cambodia_2015	SRA:SRX4590303.21249963.1	92.079	101	8	0	8534	8634	1	101	1.17e-30	143
CFAV-KC_Cambodia_2015	SRA:SRX4590303.18584702.1	93.478	92	6	0	4955	5046	3	94	5.44e-29	137
CFAV-KC_Cambodia_2015	SRA:SRX4590303.14282808.1	91.837	98	8	0	5580	5677	4	101	5.44e-29	137
CFAV-KC_Cambodia_2015	SRA:SRX4590303.10502580.1	91.089	101	9	0	718	818	1	101	5.44e-29	137
CFAV-KC_Cambodia_2015	SRA:SRX4590303.12124689.1	94.253	87	5	0	4289	4375	4	90	7.04e-28	134
CFAV-KC_Cambodia_2015	SRA:SRX4590303.20461844.1	91.579	95	8	0	4946	5040	1	95	2.53e-27	132
CFAV-KC_Cambodia_2015	SRA:SRX4590303.21368298.1	96.203	79	2	1	37	115	1	78	3.28e-26	128
CFAV-KC_Cambodia_2015	SRA:SRX4590303.21783156.1	90.909	88	8	0	493	580	1	88	1.97e-23	119
CFAV-KC_Cambodia_2015	SRA:SRX4590303.6801419.1	95.833	72	3	0	9258	9329	1	72	7.09e-23	117
CFAV-KC_Cambodia_2015	SRA:SRX4590303.7474281.1	90.476	84	8	0	4963	5046	4	87	3.30e-21	111
CFAV-KC_Cambodia_2015	SRA:SRX4590303.18830466.1	90.244	82	8	0	4965	5046	1	82	4.27e-20	108
CFAV-KC_Cambodia_2015	SRA:SRX4590303.16445120.1	92.000	75	6	0	4966	5040	1	75	1.54e-19	106
CFAV-KC_Cambodia_2015	SRA:SRX4590303.7074336.1	92.647	68	3	2	5801	5867	1	67	9.24e-17	97.1
CFAV-KC_Cambodia_2015	SRA:SRX4590303.16484099.1	100.000	28	0	0	5013	5040	1	28	0.002	52.8
CFAV-Zik_Uganda_2016	SRA:SRX4590303.14783172.1	100.000	99	0	0	7661	7759	3	101	6.89e-43	183
CFAV-Zik_Uganda_2016	SRA:SRX4590303.19450757.1	98.990	99	1	0	10381	10479	3	101	3.21e-41	178
CFAV-Zik_Uganda_2016	SRA:SRX4590303.16670657.1	98.020	101	2	0	7683	7783	1	101	1.15e-40	176
CFAV-Zik_Uganda_2016	SRA:SRX4590303.11093784.1	97.030	101	3	0	813	913	1	101	5.37e-39	171
CFAV-Zik_Uganda_2016	SRA:SRX4590303.10611997.1	97.030	101	3	0	813	913	1	101	5.37e-39	171
CFAV-Zik_Uganda_2016	SRA:SRX4590303.10802110.1	97.938	97	2	0	8672	8768	5	101	1.93e-38	169
CFAV-Zik_Uganda_2016	SRA:SRX4590303.16925682.1	96.040	101	4	0	4860	4960	1	101	2.50e-37	165
CFAV-Zik_Uganda_2016	SRA:SRX4590303.10990963.1	96.040	101	4	0	1511	1611	1	101	2.50e-37	165
CFAV-Zik_Uganda_2016	SRA:SRX4590303.5921174.1	96.939	98	3	0	8663	8760	4	101	2.50e-37	165
CFAV-Zik_Uganda_2016	SRA:SRX4590303.5919338.1	96.040	101	4	0	8867	8967	1	101	2.50e-37	165
CFAV-Zik_Uganda_2016	SRA:SRX4590303.10517523.1	96.875	96	3	0	9988	10083	6	101	3.23e-36	161
CFAV-Zik_Uganda_2016	SRA:SRX4590303.14282808.1	95.918	98	4	0	5580	5677	4	101	1.16e-35	159
CFAV-Zik_Uganda_2016	SRA:SRX4590303.10502580.1	95.050	101	5	0	718	818	1	101	1.16e-35	159
CFAV-Zik_Uganda_2016	SRA:SRX4590303.9575143.1	96.842	95	3	0	9987	10081	7	101	1.16e-35	159
CFAV-Zik_Uganda_2016	SRA:SRX4590303.5868178.1	95.050	101	5	0	10	110	1	101	1.16e-35	159
CFAV-Zik_Uganda_2016	SRA:SRX4590303.3543037.1	95.050	101	5	0	8393	8493	1	101	1.16e-35	159
CFAV-Zik_Uganda_2016	SRA:SRX4590303.3104199.1	95.050	101	5	0	9081	9181	1	101	1.16e-35	159
CFAV-Zik_Uganda_2016	SRA:SRX4590303.17393552.1	95.876	97	4	0	3073	3169	5	101	4.18e-35	158
CFAV-Zik_Uganda_2016	SRA:SRX4590303.20631317.1	95.833	96	4	0	6156	6251	6	101	1.50e-34	156
CFAV-Zik_Uganda_2016	SRA:SRX4590303.18483519.1	94.949	99	5	0	14	112	3	101	1.50e-34	156
CFAV-Zik_Uganda_2016	SRA:SRX4590303.13084960.1	94.949	99	5	0	14	112	1	99	1.50e-34	156
CFAV-Zik_Uganda_2016	SRA:SRX4590303.5057698.1	94.949	99	5	0	14	112	2	100	1.50e-34	156
CFAV-Zik_Uganda_2016	SRA:SRX4590303.2620174.1	94.949	99	5	0	14	112	1	99	1.50e-34	156
CFAV-Zik_Uganda_2016	SRA:SRX4590303.574221.1	96.774	93	3	0	8698	8790	9	101	1.50e-34	156
CFAV-Zik_Uganda_2016	SRA:SRX4590303.19532667.1	94.898	98	5	0	15	112	1	98	5.41e-34	154
CFAV-Zik_Uganda_2016	SRA:SRX4590303.15335624.1	94.059	101	6	0	8393	8493	1	101	5.41e-34	154
CFAV-Zik_Uganda_2016	SRA:SRX4590303.12116444.1	94.059	101	6	0	3087	3187	1	101	5.41e-34	154
CFAV-Zik_Uganda_2016	SRA:SRX4590303.10407639.1	94.059	101	6	0	3087	3187	1	101	5.41e-34	154
CFAV-Zik_Uganda_2016	SRA:SRX4590303.9440995.1	94.118	102	5	1	9	110	1	101	5.41e-34	154
CFAV-Zik_Uganda_2016	SRA:SRX4590303.4384012.1	94.059	101	6	0	4937	5037	1	101	5.41e-34	154
CFAV-Zik_Uganda_2016	SRA:SRX4590303.18753502.1	94.845	97	5	0	16	112	4	100	1.94e-33	152
CFAV-Zik_Uganda_2016	SRA:SRX4590303.13262493.1	94.845	97	5	0	5642	5738	3	99	1.94e-33	152
CFAV-Zik_Uganda_2016	SRA:SRX4590303.18769733.1	93.939	99	6	0	4939	5037	3	101	6.99e-33	150
CFAV-Zik_Uganda_2016	SRA:SRX4590303.17883896.1	94.792	96	5	0	17	112	3	98	6.99e-33	150
CFAV-Zik_Uganda_2016	SRA:SRX4590303.17574039.1	94.792	96	5	0	17	112	4	99	6.99e-33	150
CFAV-Zik_Uganda_2016	SRA:SRX4590303.13880179.1	93.939	99	6	0	4939	5037	3	101	6.99e-33	150
CFAV-Zik_Uganda_2016	SRA:SRX4590303.18350831.1	93.069	101	7	0	9045	9145	1	101	2.52e-32	148
CFAV-Zik_Uganda_2016	SRA:SRX4590303.18212470.1	94.737	95	5	0	17	111	7	101	2.52e-32	148
CFAV-Zik_Uganda_2016	SRA:SRX4590303.15909213.1	98.795	83	1	0	7683	7765	1	83	2.52e-32	148
CFAV-Zik_Uganda_2016	SRA:SRX4590303.11295528.1	93.137	102	6	1	4935	5036	1	101	2.52e-32	148
CFAV-Zik_Uganda_2016	SRA:SRX4590303.4278937.1	93.069	101	7	0	9045	9145	1	101	2.52e-32	148
CFAV-Zik_Uganda_2016	SRA:SRX4590303.9025355.1	93.069	101	6	1	4912	5011	1	101	9.05e-32	147
CFAV-Zik_Uganda_2016	SRA:SRX4590303.8580671.1	93.814	97	6	0	23	119	1	97	9.05e-32	147
CFAV-Zik_Uganda_2016	SRA:SRX4590303.16374768.1	92.929	99	7	0	14	112	1	99	3.25e-31	145
CFAV-Zik_Uganda_2016	SRA:SRX4590303.7534254.1	93.814	97	5	1	20	115	3	99	3.25e-31	145
CFAV-Zik_Uganda_2016	SRA:SRX4590303.722080.1	93.000	100	6	1	17	115	1	100	3.25e-31	145
CFAV-Zik_Uganda_2016	SRA:SRX4590303.18584702.1	94.565	92	5	0	4955	5046	3	94	1.17e-30	143
CFAV-Zik_Uganda_2016	SRA:SRX4590303.20461844.1	92.632	95	7	0	4946	5040	1	95	5.44e-29	137
CFAV-Zik_Uganda_2016	SRA:SRX4590303.21783156.1	93.023	86	6	0	493	578	1	86	1.18e-25	126
CFAV-Zik_Uganda_2016	SRA:SRX4590303.12124689.1	93.023	86	6	0	4289	4374	4	89	1.18e-25	126
CFAV-Zik_Uganda_2016	SRA:SRX4590303.18830466.1	93.671	79	5	0	4968	5046	4	82	1.97e-23	119
CFAV-Zik_Uganda_2016	SRA:SRX4590303.16445120.1	94.667	75	4	0	4966	5040	1	75	7.09e-23	117
CFAV-Zik_Uganda_2016	SRA:SRX4590303.7474281.1	91.667	84	7	0	4963	5046	4	87	7.09e-23	117
CFAV-Zik_Uganda_2016	SRA:SRX4590303.21368298.1	92.500	80	4	2	37	115	1	79	9.17e-22	113
CFAV-Zik_Uganda_2016	SRA:SRX4590303.7074336.1	92.647	68	3	2	5801	5867	1	67	9.24e-17	97.1
CFAV-Zik_Uganda_2016	SRA:SRX4590303.10924401.1	95.082	61	2	1	9154	9213	5	65	3.32e-16	95.3
CFAV-Zik_Uganda_2016	SRA:SRX4590303.16484099.1	100.000	28	0	0	5013	5040	1	28	0.002	52.8
