CFAV-Bangkok_Thailand_2015	SRA:SRX4590312.21247379.1	100.000	101	0	0	7189	7289	1	101	5.23e-44	187
CFAV-Bangkok_Thailand_2015	SRA:SRX4590312.19321159.1	100.000	101	0	0	7657	7757	1	101	5.23e-44	187
CFAV-Bangkok_Thailand_2015	SRA:SRX4590312.17972566.1	100.000	101	0	0	195	295	1	101	5.23e-44	187
CFAV-Bangkok_Thailand_2015	SRA:SRX4590312.17222182.1	100.000	101	0	0	8683	8783	1	101	5.23e-44	187
CFAV-Bangkok_Thailand_2015	SRA:SRX4590312.16836122.1	100.000	101	0	0	8647	8747	1	101	5.23e-44	187
CFAV-Bangkok_Thailand_2015	SRA:SRX4590312.16030847.1	100.000	101	0	0	9057	9157	1	101	5.23e-44	187
CFAV-Bangkok_Thailand_2015	SRA:SRX4590312.14397552.1	100.000	101	0	0	6138	6238	1	101	5.23e-44	187
CFAV-Bangkok_Thailand_2015	SRA:SRX4590312.11797731.1	100.000	101	0	0	9057	9157	1	101	5.23e-44	187
CFAV-Bangkok_Thailand_2015	SRA:SRX4590312.10497501.1	100.000	101	0	0	604	704	1	101	5.23e-44	187
CFAV-Bangkok_Thailand_2015	SRA:SRX4590312.8438666.1	100.000	101	0	0	5658	5758	1	101	5.23e-44	187
CFAV-Bangkok_Thailand_2015	SRA:SRX4590312.7755681.1	100.000	101	0	0	7657	7757	1	101	5.23e-44	187
CFAV-Bangkok_Thailand_2015	SRA:SRX4590312.4369671.1	100.000	101	0	0	604	704	1	101	5.23e-44	187
CFAV-Bangkok_Thailand_2015	SRA:SRX4590312.3921481.1	100.000	101	0	0	7664	7764	1	101	5.23e-44	187
CFAV-Bangkok_Thailand_2015	SRA:SRX4590312.2551699.1	100.000	101	0	0	7189	7289	1	101	5.23e-44	187
CFAV-Bangkok_Thailand_2015	SRA:SRX4590312.21026804.1	100.000	100	0	0	8947	9046	1	100	1.88e-43	185
CFAV-Bangkok_Thailand_2015	SRA:SRX4590312.19439351.1	100.000	100	0	0	8674	8773	2	101	1.88e-43	185
CFAV-Bangkok_Thailand_2015	SRA:SRX4590312.15278340.1	100.000	100	0	0	8638	8737	2	101	1.88e-43	185
CFAV-Bangkok_Thailand_2015	SRA:SRX4590312.11012498.1	100.000	100	0	0	8674	8773	2	101	1.88e-43	185
CFAV-Bangkok_Thailand_2015	SRA:SRX4590312.10790590.1	100.000	100	0	0	10362	10461	2	101	1.88e-43	185
CFAV-Bangkok_Thailand_2015	SRA:SRX4590312.7900493.1	100.000	100	0	0	8664	8763	2	101	1.88e-43	185
CFAV-Bangkok_Thailand_2015	SRA:SRX4590312.7464791.1	100.000	100	0	0	7650	7749	1	100	1.88e-43	185
CFAV-Bangkok_Thailand_2015	SRA:SRX4590312.20113651.1	100.000	99	0	0	5964	6062	3	101	6.76e-43	183
CFAV-Bangkok_Thailand_2015	SRA:SRX4590312.9369598.1	100.000	99	0	0	4640	4738	1	99	6.76e-43	183
CFAV-Bangkok_Thailand_2015	SRA:SRX4590312.9027463.1	100.000	99	0	0	5964	6062	3	101	6.76e-43	183
CFAV-Bangkok_Thailand_2015	SRA:SRX4590312.7943176.1	100.000	99	0	0	8371	8469	3	101	6.76e-43	183
CFAV-Bangkok_Thailand_2015	SRA:SRX4590312.5744321.1	100.000	99	0	0	6082	6180	3	101	6.76e-43	183
CFAV-Bangkok_Thailand_2015	SRA:SRX4590312.5002389.1	100.000	99	0	0	8681	8779	3	101	6.76e-43	183
CFAV-Bangkok_Thailand_2015	SRA:SRX4590312.2760780.1	100.000	99	0	0	8362	8460	3	101	6.76e-43	183
CFAV-Bangkok_Thailand_2015	SRA:SRX4590312.21595811.1	99.010	101	1	0	4901	5001	1	101	2.43e-42	182
CFAV-Bangkok_Thailand_2015	SRA:SRX4590312.21170737.1	99.010	101	1	0	4923	5023	1	101	2.43e-42	182
CFAV-Bangkok_Thailand_2015	SRA:SRX4590312.20685644.1	99.010	101	1	0	8661	8761	1	101	2.43e-42	182
CFAV-Bangkok_Thailand_2015	SRA:SRX4590312.19545735.1	99.010	101	1	0	2252	2352	1	101	2.43e-42	182
CFAV-Bangkok_Thailand_2015	SRA:SRX4590312.16893873.1	99.010	101	1	0	7393	7493	1	101	2.43e-42	182
CFAV-Bangkok_Thailand_2015	SRA:SRX4590312.16305770.1	99.020	102	0	1	1231	1332	1	101	2.43e-42	182
CFAV-Bangkok_Thailand_2015	SRA:SRX4590312.14528226.1	99.010	101	1	0	4917	5017	1	101	2.43e-42	182
CFAV-Bangkok_Thailand_2015	SRA:SRX4590312.12505064.1	99.010	101	1	0	4925	5025	1	101	2.43e-42	182
CFAV-Bangkok_Thailand_2015	SRA:SRX4590312.11976313.1	100.000	98	0	0	1	98	4	101	2.43e-42	182
CFAV-Bangkok_Thailand_2015	SRA:SRX4590312.11879599.1	100.000	98	0	0	5682	5779	1	98	2.43e-42	182
CFAV-Bangkok_Thailand_2015	SRA:SRX4590312.11406992.1	99.010	101	1	0	4906	5006	1	101	2.43e-42	182
CFAV-Bangkok_Thailand_2015	SRA:SRX4590312.11354647.1	99.010	101	1	0	4906	5006	1	101	2.43e-42	182
CFAV-Bangkok_Thailand_2015	SRA:SRX4590312.9482018.1	99.010	101	1	0	8938	9038	1	101	2.43e-42	182
CFAV-Bangkok_Thailand_2015	SRA:SRX4590312.8470548.1	99.020	102	0	1	8938	9039	1	101	2.43e-42	182
CFAV-Bangkok_Thailand_2015	SRA:SRX4590312.6380373.1	99.010	101	1	0	8441	8541	1	101	2.43e-42	182
CFAV-Bangkok_Thailand_2015	SRA:SRX4590312.5847095.1	99.010	101	1	0	74	174	1	101	2.43e-42	182
CFAV-Bangkok_Thailand_2015	SRA:SRX4590312.4928859.1	99.010	101	1	0	780	880	1	101	2.43e-42	182
CFAV-Bangkok_Thailand_2015	SRA:SRX4590312.4641531.1	99.010	101	1	0	4906	5006	1	101	2.43e-42	182
CFAV-Bangkok_Thailand_2015	SRA:SRX4590312.3138704.1	99.010	101	1	0	8666	8766	1	101	2.43e-42	182
CFAV-Bangkok_Thailand_2015	SRA:SRX4590312.2548697.1	99.010	101	1	0	780	880	1	101	2.43e-42	182
CFAV-Bangkok_Thailand_2015	SRA:SRX4590312.2531664.1	99.010	101	1	0	4906	5006	1	101	2.43e-42	182
CFAV-Bangkok_Thailand_2015	SRA:SRX4590312.2046196.1	99.010	101	1	0	8441	8541	1	101	2.43e-42	182
CFAV-Bangkok_Thailand_2015	SRA:SRX4590312.1691501.1	99.010	101	1	0	4922	5022	1	101	2.43e-42	182
CFAV-Bangkok_Thailand_2015	SRA:SRX4590312.1684192.1	99.010	101	1	0	9894	9994	1	101	2.43e-42	182
CFAV-Bangkok_Thailand_2015	SRA:SRX4590312.964469.1	100.000	98	0	0	503	600	4	101	2.43e-42	182
CFAV-Bangkok_Thailand_2015	SRA:SRX4590312.433872.1	99.010	101	1	0	6162	6262	1	101	2.43e-42	182
CFAV-Bangkok_Thailand_2015	SRA:SRX4590312.19800682.1	99.000	100	1	0	6686	6785	2	101	8.75e-42	180
CFAV-Bangkok_Thailand_2015	SRA:SRX4590312.17845572.1	100.000	97	0	0	2	98	5	101	8.75e-42	180
CFAV-Bangkok_Thailand_2015	SRA:SRX4590312.17088592.1	100.000	97	0	0	2	98	5	101	8.75e-42	180
CFAV-Bangkok_Thailand_2015	SRA:SRX4590312.11741624.1	99.000	100	1	0	4923	5022	1	100	8.75e-42	180
CFAV-Bangkok_Thailand_2015	SRA:SRX4590312.10482412.1	99.000	100	1	0	4897	4996	2	101	8.75e-42	180
CFAV-Bangkok_Thailand_2015	SRA:SRX4590312.8604512.1	99.000	100	1	0	4905	5004	2	101	8.75e-42	180
CFAV-Bangkok_Thailand_2015	SRA:SRX4590312.3952794.1	100.000	97	0	0	1	97	4	100	8.75e-42	180
CFAV-Bangkok_Thailand_2015	SRA:SRX4590312.2480302.1	99.000	100	1	0	4907	5006	2	101	8.75e-42	180
CFAV-Bangkok_Thailand_2015	SRA:SRX4590312.2156493.1	99.000	100	1	0	5920	6019	2	101	8.75e-42	180
CFAV-Bangkok_Thailand_2015	SRA:SRX4590312.1356861.1	100.000	97	0	0	2	98	5	101	8.75e-42	180
CFAV-Bangkok_Thailand_2015	SRA:SRX4590312.21613867.1	100.000	96	0	0	4645	4740	6	101	3.15e-41	178
CFAV-Bangkok_Thailand_2015	SRA:SRX4590312.17117061.1	98.990	99	1	0	4905	5003	3	101	3.15e-41	178
CFAV-Bangkok_Thailand_2015	SRA:SRX4590312.16722654.1	100.000	96	0	0	10	105	6	101	3.15e-41	178
CFAV-Bangkok_Thailand_2015	SRA:SRX4590312.14724071.1	100.000	96	0	0	2	97	4	99	3.15e-41	178
CFAV-Bangkok_Thailand_2015	SRA:SRX4590312.13661433.1	100.000	96	0	0	2	97	4	99	3.15e-41	178
CFAV-Bangkok_Thailand_2015	SRA:SRX4590312.9329653.1	98.990	99	1	0	8669	8767	3	101	3.15e-41	178
CFAV-Bangkok_Thailand_2015	SRA:SRX4590312.9089450.1	98.990	99	1	0	4882	4980	3	101	3.15e-41	178
CFAV-Bangkok_Thailand_2015	SRA:SRX4590312.6104492.1	100.000	96	0	0	10	105	6	101	3.15e-41	178
CFAV-Bangkok_Thailand_2015	SRA:SRX4590312.5490800.1	98.990	99	1	0	4882	4980	3	101	3.15e-41	178
CFAV-Bangkok_Thailand_2015	SRA:SRX4590312.2918623.1	98.990	99	1	0	8669	8767	3	101	3.15e-41	178
CFAV-Bangkok_Thailand_2015	SRA:SRX4590312.845278.1	98.990	99	1	0	4897	4995	3	101	3.15e-41	178
CFAV-Bangkok_Thailand_2015	SRA:SRX4590312.21030758.1	98.020	101	2	0	4879	4979	1	101	1.13e-40	176
CFAV-Bangkok_Thailand_2015	SRA:SRX4590312.20483335.1	98.980	98	1	0	7405	7502	4	101	1.13e-40	176
CFAV-Bangkok_Thailand_2015	SRA:SRX4590312.19764037.1	98.020	101	2	0	5383	5483	1	101	1.13e-40	176
CFAV-Bangkok_Thailand_2015	SRA:SRX4590312.19538445.1	98.980	98	1	0	10314	10411	4	101	1.13e-40	176
CFAV-Bangkok_Thailand_2015	SRA:SRX4590312.19003721.1	100.000	95	0	0	1	95	7	101	1.13e-40	176
CFAV-Bangkok_Thailand_2015	SRA:SRX4590312.18904579.1	98.020	101	2	0	6686	6786	1	101	1.13e-40	176
CFAV-Bangkok_Thailand_2015	SRA:SRX4590312.18868349.1	98.980	98	1	0	4925	5022	1	98	1.13e-40	176
CFAV-Bangkok_Thailand_2015	SRA:SRX4590312.18856891.1	100.000	95	0	0	1	95	7	101	1.13e-40	176
CFAV-Bangkok_Thailand_2015	SRA:SRX4590312.18704865.1	98.020	101	2	0	4921	5021	1	101	1.13e-40	176
CFAV-Bangkok_Thailand_2015	SRA:SRX4590312.16836807.1	98.980	98	1	0	4905	5002	4	101	1.13e-40	176
CFAV-Bangkok_Thailand_2015	SRA:SRX4590312.16407351.1	98.020	101	2	0	8640	8740	1	101	1.13e-40	176
CFAV-Bangkok_Thailand_2015	SRA:SRX4590312.14129830.1	98.020	101	2	0	8661	8761	1	101	1.13e-40	176
CFAV-Bangkok_Thailand_2015	SRA:SRX4590312.14102172.1	98.980	98	1	0	4905	5002	4	101	1.13e-40	176
CFAV-Bangkok_Thailand_2015	SRA:SRX4590312.13955180.1	100.000	95	0	0	1	95	7	101	1.13e-40	176
CFAV-Bangkok_Thailand_2015	SRA:SRX4590312.12393880.1	98.980	98	1	0	7652	7749	3	100	1.13e-40	176
CFAV-Bangkok_Thailand_2015	SRA:SRX4590312.12024779.1	100.000	95	0	0	538	632	7	101	1.13e-40	176
CFAV-Bangkok_Thailand_2015	SRA:SRX4590312.10804584.1	98.020	101	2	0	7955	8055	1	101	1.13e-40	176
CFAV-Bangkok_Thailand_2015	SRA:SRX4590312.10549589.1	100.000	95	0	0	538	632	7	101	1.13e-40	176
CFAV-Bangkok_Thailand_2015	SRA:SRX4590312.7688650.1	98.020	101	2	0	4906	5006	1	101	1.13e-40	176
CFAV-Bangkok_Thailand_2015	SRA:SRX4590312.7645620.1	98.039	102	1	1	9707	9808	1	101	1.13e-40	176
CFAV-Bangkok_Thailand_2015	SRA:SRX4590312.7385862.1	98.020	101	2	0	4906	5006	1	101	1.13e-40	176
CFAV-Bangkok_Thailand_2015	SRA:SRX4590312.6214771.1	98.980	98	1	0	4925	5022	1	98	1.13e-40	176
CFAV-Bangkok_Thailand_2015	SRA:SRX4590312.5789680.1	98.980	98	1	0	7652	7749	3	100	1.13e-40	176
CFAV-Bangkok_Thailand_2015	SRA:SRX4590312.5349008.1	98.020	101	2	0	4888	4988	1	101	1.13e-40	176
CFAV-Bangkok_Thailand_2015	SRA:SRX4590312.5309881.1	100.000	95	0	0	1	95	7	101	1.13e-40	176
CFAV-Bangkok_Thailand_2015	SRA:SRX4590312.4310663.1	98.020	101	2	0	8661	8761	1	101	1.13e-40	176
CFAV-Bangkok_Thailand_2015	SRA:SRX4590312.2614849.1	98.980	98	1	0	4905	5002	4	101	1.13e-40	176
CFAV-Bangkok_Thailand_2015	SRA:SRX4590312.1137271.1	98.980	98	1	0	9137	9234	4	101	1.13e-40	176
CFAV-Bangkok_Thailand_2015	SRA:SRX4590312.912799.1	98.020	101	2	0	4906	5006	1	101	1.13e-40	176
CFAV-Bangkok_Thailand_2015	SRA:SRX4590312.524754.1	100.000	95	0	0	1	95	7	101	1.13e-40	176
CFAV-Bangkok_Thailand_2015	SRA:SRX4590312.19181376.1	98.969	97	1	0	4926	5022	1	97	4.07e-40	174
CFAV-Bangkok_Thailand_2015	SRA:SRX4590312.18406303.1	98.000	100	2	0	5384	5483	2	101	4.07e-40	174
CFAV-Bangkok_Thailand_2015	SRA:SRX4590312.7798769.1	98.000	100	2	0	4841	4940	2	101	4.07e-40	174
CFAV-Bangkok_Thailand_2015	SRA:SRX4590312.7528353.1	98.969	97	1	0	1	97	5	101	4.07e-40	174
CFAV-Bangkok_Thailand_2015	SRA:SRX4590312.3122672.1	98.969	97	1	0	4897	4993	5	101	4.07e-40	174
CFAV-Bangkok_Thailand_2015	SRA:SRX4590312.1926783.1	98.969	97	1	0	1	97	3	99	4.07e-40	174
CFAV-Bangkok_Thailand_2015	SRA:SRX4590312.1006673.1	98.969	97	1	0	4923	5019	5	101	4.07e-40	174
CFAV-Bangkok_Thailand_2015	SRA:SRX4590312.19756142.1	97.980	99	2	0	4820	4918	3	101	1.46e-39	172
CFAV-Bangkok_Thailand_2015	SRA:SRX4590312.14457899.1	98.958	96	1	0	10379	10474	6	101	1.46e-39	172
CFAV-Bangkok_Thailand_2015	SRA:SRX4590312.13494431.1	97.980	99	2	0	3894	3992	1	99	1.46e-39	172
CFAV-Bangkok_Thailand_2015	SRA:SRX4590312.11954484.1	97.980	99	2	0	4897	4995	3	101	1.46e-39	172
CFAV-Bangkok_Thailand_2015	SRA:SRX4590312.8243168.1	97.980	99	2	0	4849	4947	3	101	1.46e-39	172
CFAV-Bangkok_Thailand_2015	SRA:SRX4590312.7418011.1	97.980	99	2	0	4887	4985	3	101	1.46e-39	172
CFAV-Bangkok_Thailand_2015	SRA:SRX4590312.7209052.1	97.980	99	2	0	4897	4995	3	101	1.46e-39	172
CFAV-Bangkok_Thailand_2015	SRA:SRX4590312.4920989.1	100.000	93	0	0	1	93	9	101	1.46e-39	172
CFAV-Bangkok_Thailand_2015	SRA:SRX4590312.4880059.1	97.980	99	2	0	4810	4908	3	101	1.46e-39	172
CFAV-Bangkok_Thailand_2015	SRA:SRX4590312.20420240.1	97.959	98	2	0	69	166	1	98	5.27e-39	171
CFAV-Bangkok_Thailand_2015	SRA:SRX4590312.20349848.1	100.000	92	0	0	1	92	10	101	5.27e-39	171
CFAV-Bangkok_Thailand_2015	SRA:SRX4590312.16911376.1	97.030	101	3	0	4820	4920	1	101	5.27e-39	171
CFAV-Bangkok_Thailand_2015	SRA:SRX4590312.13102452.1	97.030	101	3	0	4807	4907	1	101	5.27e-39	171
CFAV-Bangkok_Thailand_2015	SRA:SRX4590312.8357418.1	100.000	92	0	0	1	92	10	101	5.27e-39	171
CFAV-Bangkok_Thailand_2015	SRA:SRX4590312.4121400.1	97.030	101	3	0	4917	5017	1	101	5.27e-39	171
CFAV-Bangkok_Thailand_2015	SRA:SRX4590312.20748432.1	98.936	94	1	0	4925	5018	3	96	1.89e-38	169
CFAV-Bangkok_Thailand_2015	SRA:SRX4590312.17339858.1	98.936	94	1	0	4925	5018	3	96	1.89e-38	169
CFAV-Bangkok_Thailand_2015	SRA:SRX4590312.13501999.1	97.000	100	3	0	4836	4935	2	101	1.89e-38	169
CFAV-Bangkok_Thailand_2015	SRA:SRX4590312.13345634.1	98.936	94	1	0	4929	5022	1	94	1.89e-38	169
CFAV-Bangkok_Thailand_2015	SRA:SRX4590312.11768780.1	100.000	91	0	0	1	91	11	101	1.89e-38	169
CFAV-Bangkok_Thailand_2015	SRA:SRX4590312.12227377.1	100.000	90	0	0	1	90	12	101	6.81e-38	167
CFAV-Bangkok_Thailand_2015	SRA:SRX4590312.7139695.1	100.000	90	0	0	1	90	12	101	6.81e-38	167
CFAV-Bangkok_Thailand_2015	SRA:SRX4590312.2255708.1	98.925	93	1	0	1907	1999	9	101	6.81e-38	167
CFAV-Bangkok_Thailand_2015	SRA:SRX4590312.21552677.1	100.000	89	0	0	1	89	13	101	2.45e-37	165
CFAV-Bangkok_Thailand_2015	SRA:SRX4590312.3787009.1	98.913	92	1	0	4897	4988	10	101	2.45e-37	165
CFAV-Bangkok_Thailand_2015	SRA:SRX4590312.8890766.1	97.872	94	2	0	4929	5022	1	94	8.81e-37	163
CFAV-Bangkok_Thailand_2015	SRA:SRX4590312.18607886.1	98.889	90	1	0	8	97	3	92	3.17e-36	161
CFAV-Bangkok_Thailand_2015	SRA:SRX4590312.10483919.1	98.889	90	1	0	8	97	3	92	3.17e-36	161
CFAV-Bangkok_Thailand_2015	SRA:SRX4590312.18835896.1	95.050	101	5	0	6638	6738	1	101	1.14e-35	159
CFAV-Bangkok_Thailand_2015	SRA:SRX4590312.10464054.1	97.826	92	2	0	4931	5022	1	92	1.14e-35	159
CFAV-Bangkok_Thailand_2015	SRA:SRX4590312.17296679.1	98.864	88	1	0	4941	5028	1	88	4.10e-35	158
CFAV-Bangkok_Thailand_2015	SRA:SRX4590312.9356915.1	98.864	88	1	0	4941	5028	1	88	4.10e-35	158
CFAV-Bangkok_Thailand_2015	SRA:SRX4590312.12546531.1	100.000	83	0	0	10521	10603	2	84	5.30e-34	154
CFAV-Bangkok_Thailand_2015	SRA:SRX4590312.7519996.1	100.000	83	0	0	15	97	1	83	5.30e-34	154
CFAV-Bangkok_Thailand_2015	SRA:SRX4590312.5969292.1	100.000	83	0	0	8534	8616	2	84	5.30e-34	154
CFAV-Bangkok_Thailand_2015	SRA:SRX4590312.5568084.1	100.000	83	0	0	8534	8616	2	84	5.30e-34	154
CFAV-Bangkok_Thailand_2015	SRA:SRX4590312.18065049.1	97.753	89	1	1	4945	5033	1	88	1.91e-33	152
CFAV-Bangkok_Thailand_2015	SRA:SRX4590312.9965683.1	100.000	82	0	0	1	82	20	101	1.91e-33	152
CFAV-Bangkok_Thailand_2015	SRA:SRX4590312.8582666.1	100.000	82	0	0	1	82	20	101	1.91e-33	152
CFAV-Bangkok_Thailand_2015	SRA:SRX4590312.2912398.1	98.824	85	1	0	87	171	4	88	1.91e-33	152
CFAV-Bangkok_Thailand_2015	SRA:SRX4590312.1525200.1	100.000	82	0	0	8684	8765	4	85	1.91e-33	152
CFAV-Bangkok_Thailand_2015	SRA:SRX4590312.18975268.1	100.000	81	0	0	6037	6117	1	81	6.86e-33	150
CFAV-Bangkok_Thailand_2015	SRA:SRX4590312.18802852.1	98.810	84	1	0	7666	7749	3	86	6.86e-33	150
CFAV-Bangkok_Thailand_2015	SRA:SRX4590312.13004686.1	98.810	84	1	0	7666	7749	3	86	6.86e-33	150
CFAV-Bangkok_Thailand_2015	SRA:SRX4590312.1998030.1	98.824	85	0	1	14	97	3	87	6.86e-33	150
CFAV-Bangkok_Thailand_2015	SRA:SRX4590312.18786183.1	98.795	83	1	0	4946	5028	1	83	2.47e-32	148
CFAV-Bangkok_Thailand_2015	SRA:SRX4590312.19054126.1	98.780	82	1	0	4947	5028	1	82	8.88e-32	147
CFAV-Bangkok_Thailand_2015	SRA:SRX4590312.18380659.1	98.780	82	1	0	4947	5028	1	82	8.88e-32	147
CFAV-Bangkok_Thailand_2015	SRA:SRX4590312.5897408.1	100.000	79	0	0	19	97	1	79	8.88e-32	147
CFAV-Bangkok_Thailand_2015	SRA:SRX4590312.20769584.1	97.619	84	2	0	4945	5028	2	85	3.19e-31	145
CFAV-Bangkok_Thailand_2015	SRA:SRX4590312.16978165.1	97.619	84	2	0	7666	7749	3	86	3.19e-31	145
CFAV-Bangkok_Thailand_2015	SRA:SRX4590312.16976856.1	97.619	84	2	0	4945	5028	2	85	3.19e-31	145
CFAV-Bangkok_Thailand_2015	SRA:SRX4590312.14043006.1	97.619	84	2	0	4945	5028	2	85	3.19e-31	145
CFAV-Bangkok_Thailand_2015	SRA:SRX4590312.9025488.1	97.647	85	1	1	8681	8764	6	90	3.19e-31	145
CFAV-Bangkok_Thailand_2015	SRA:SRX4590312.17213593.1	100.000	77	0	0	21	97	1	77	1.15e-30	143
CFAV-Bangkok_Thailand_2015	SRA:SRX4590312.13287857.1	97.590	83	2	0	10521	10603	2	84	1.15e-30	143
CFAV-Bangkok_Thailand_2015	SRA:SRX4590312.13728648.1	98.734	79	1	0	19	97	1	79	4.13e-30	141
CFAV-Bangkok_Thailand_2015	SRA:SRX4590312.20828295.1	96.471	85	2	1	4945	5028	2	86	1.49e-29	139
CFAV-Bangkok_Thailand_2015	SRA:SRX4590312.19965303.1	98.718	78	1	0	4982	5059	4	81	1.49e-29	139
CFAV-Bangkok_Thailand_2015	SRA:SRX4590312.16678691.1	96.429	84	3	0	4945	5028	1	84	1.49e-29	139
CFAV-Bangkok_Thailand_2015	SRA:SRX4590312.6935128.1	98.718	78	1	0	4945	5022	1	78	1.49e-29	139
CFAV-Bangkok_Thailand_2015	SRA:SRX4590312.20582942.1	98.701	77	1	0	4946	5022	1	77	5.34e-29	137
CFAV-Bangkok_Thailand_2015	SRA:SRX4590312.20733585.1	98.684	76	1	0	4947	5022	3	78	1.92e-28	135
CFAV-Bangkok_Thailand_2015	SRA:SRX4590312.7390216.1	97.468	79	2	0	19	97	1	79	1.92e-28	135
CFAV-Bangkok_Thailand_2015	SRA:SRX4590312.1834626.1	97.468	79	2	0	5406	5484	1	79	1.92e-28	135
CFAV-Bangkok_Thailand_2015	SRA:SRX4590312.2710643.1	97.436	78	2	0	114	191	1	78	6.91e-28	134
CFAV-Bangkok_Thailand_2015	SRA:SRX4590312.17282786.1	100.000	71	0	0	4795	4865	31	101	2.49e-27	132
CFAV-Bangkok_Thailand_2015	SRA:SRX4590312.17282786.1	100.000	34	0	0	4270	4303	1	34	9.20e-07	63.9
CFAV-Bangkok_Thailand_2015	SRA:SRX4590312.8230057.1	100.000	71	0	0	4795	4865	31	101	2.49e-27	132
CFAV-Bangkok_Thailand_2015	SRA:SRX4590312.8230057.1	100.000	34	0	0	4270	4303	1	34	9.20e-07	63.9
CFAV-Bangkok_Thailand_2015	SRA:SRX4590312.6148191.1	97.403	77	2	0	115	191	1	77	2.49e-27	132
CFAV-Bangkok_Thailand_2015	SRA:SRX4590312.7488510.1	97.403	77	1	1	4947	5022	1	77	8.94e-27	130
CFAV-Bangkok_Thailand_2015	SRA:SRX4590312.13579747.1	98.611	72	1	0	4947	5018	1	72	3.21e-26	128
CFAV-Bangkok_Thailand_2015	SRA:SRX4590312.2091057.1	100.000	69	0	0	8727	8795	1	69	3.21e-26	128
CFAV-Bangkok_Thailand_2015	SRA:SRX4590312.666247.1	98.571	70	1	0	102	171	2	71	4.16e-25	124
CFAV-Bangkok_Thailand_2015	SRA:SRX4590312.13801266.1	100.000	66	0	0	32	97	1	66	1.50e-24	122
CFAV-Bangkok_Thailand_2015	SRA:SRX4590312.5826684.1	100.000	66	0	0	8730	8795	2	67	1.50e-24	122
CFAV-Bangkok_Thailand_2015	SRA:SRX4590312.3623576.1	100.000	66	0	0	1422	1487	36	101	1.50e-24	122
CFAV-Bangkok_Thailand_2015	SRA:SRX4590312.3623576.1	97.222	36	1	0	2182	2217	1	36	3.31e-06	62.1
CFAV-Bangkok_Thailand_2015	SRA:SRX4590312.539873.1	94.937	79	3	1	115	192	2	80	1.50e-24	122
CFAV-Bangkok_Thailand_2015	SRA:SRX4590312.19126462.1	100.000	65	0	0	8731	8795	5	69	5.38e-24	121
CFAV-Bangkok_Thailand_2015	SRA:SRX4590312.4744978.1	98.529	68	1	0	8992	9059	1	68	5.38e-24	121
CFAV-Bangkok_Thailand_2015	SRA:SRX4590312.15786309.1	98.485	66	1	0	32	97	1	66	6.96e-23	117
CFAV-Bangkok_Thailand_2015	SRA:SRX4590312.2917292.1	100.000	62	0	0	36	97	4	65	2.50e-22	115
CFAV-Bangkok_Thailand_2015	SRA:SRX4590312.19242767.1	100.000	61	0	0	2185	2245	1	61	9.00e-22	113
CFAV-Bangkok_Thailand_2015	SRA:SRX4590312.8062584.1	100.000	60	0	0	7480	7539	5	64	3.24e-21	111
CFAV-Bangkok_Thailand_2015	SRA:SRX4590312.18619098.1	98.333	60	1	0	38	97	1	60	1.51e-19	106
CFAV-Bangkok_Thailand_2015	SRA:SRX4590312.9867420.1	98.333	60	1	0	38	97	1	60	1.51e-19	106
CFAV-Bangkok_Thailand_2015	SRA:SRX4590312.8357135.1	98.333	60	1	0	7565	7624	1	60	1.51e-19	106
CFAV-Bangkok_Thailand_2015	SRA:SRX4590312.14366471.1	96.774	62	2	0	763	824	1	62	5.42e-19	104
CFAV-Bangkok_Thailand_2015	SRA:SRX4590312.12956323.1	98.276	58	0	1	36	93	1	57	7.01e-18	100
CFAV-Bangkok_Thailand_2015	SRA:SRX4590312.1003236.1	100.000	51	0	0	8566	8616	1	51	3.26e-16	95.3
CFAV-Bangkok_Thailand_2015	SRA:SRX4590312.8122052.1	96.429	56	2	0	775	830	2	57	1.17e-15	93.5
CFAV-Bangkok_Thailand_2015	SRA:SRX4590312.20021220.1	100.000	48	0	0	7126	7173	4	51	1.52e-14	89.8
CFAV-Bangkok_Thailand_2015	SRA:SRX4590312.5135298.1	97.917	48	0	1	36	83	1	47	2.54e-12	82.4
CFAV-Bangkok_Thailand_2015	SRA:SRX4590312.16372127.1	97.826	46	1	0	131	176	4	49	9.13e-12	80.5
CFAV-Bangkok_Thailand_2015	SRA:SRX4590312.16950410.1	97.778	45	1	0	503	547	5	49	3.28e-11	78.7
CFAV-Bangkok_Thailand_2015	SRA:SRX4590312.6129210.1	95.833	48	2	0	1210	1257	1	48	3.28e-11	78.7
CFAV-Bangkok_Thailand_2015	SRA:SRX4590312.330460.1	95.833	48	2	0	1210	1257	1	48	3.28e-11	78.7
CFAV-Bangkok_Thailand_2015	SRA:SRX4590312.2740909.1	100.000	40	0	0	9958	9997	1	40	4.25e-10	75.0
CFAV-Bangkok_Thailand_2015	SRA:SRX4590312.10894264.1	95.556	45	2	0	7659	7703	1	45	1.53e-09	73.1
CFAV-Bangkok_Thailand_2015	SRA:SRX4590312.4618732.1	100.000	36	0	0	9962	9997	65	100	7.11e-08	67.6
CFAV-Bangkok_Thailand_2015	SRA:SRX4590312.15822882.1	100.000	33	0	0	136	168	10	42	3.31e-06	62.1
CFAV-Bangkok_Thailand_2015	SRA:SRX4590312.3409036.1	97.297	37	0	1	4679	4714	1	37	3.31e-06	62.1
CFAV-Bangkok_Thailand_2015	SRA:SRX4590312.19282685.1	96.970	33	1	0	4996	5028	3	35	1.54e-04	56.5
NC_001564	SRA:SRX4590312.19321159.1	100.000	101	0	0	7664	7764	1	101	5.24e-44	187
NC_001564	SRA:SRX4590312.7755681.1	100.000	101	0	0	7664	7764	1	101	5.24e-44	187
NC_001564	SRA:SRX4590312.3921481.1	100.000	101	0	0	7671	7771	1	101	5.24e-44	187
NC_001564	SRA:SRX4590312.7464791.1	100.000	100	0	0	7657	7756	1	100	1.88e-43	185
NC_001564	SRA:SRX4590312.4928859.1	99.010	101	1	0	787	887	1	101	2.44e-42	182
NC_001564	SRA:SRX4590312.2548697.1	99.010	101	1	0	787	887	1	101	2.44e-42	182
NC_001564	SRA:SRX4590312.19756142.1	98.990	99	1	0	4827	4925	3	101	3.15e-41	178
NC_001564	SRA:SRX4590312.4880059.1	98.990	99	1	0	4817	4915	3	101	3.15e-41	178
NC_001564	SRA:SRX4590312.16911376.1	98.020	101	2	0	4827	4927	1	101	1.13e-40	176
NC_001564	SRA:SRX4590312.16893873.1	98.020	101	2	0	7400	7500	1	101	1.13e-40	176
NC_001564	SRA:SRX4590312.16030847.1	98.020	101	2	0	9064	9164	1	101	1.13e-40	176
NC_001564	SRA:SRX4590312.13102452.1	98.020	101	2	0	4814	4914	1	101	1.13e-40	176
NC_001564	SRA:SRX4590312.12393880.1	98.980	98	1	0	7659	7756	3	100	1.13e-40	176
NC_001564	SRA:SRX4590312.11797731.1	98.020	101	2	0	9064	9164	1	101	1.13e-40	176
NC_001564	SRA:SRX4590312.8438666.1	98.020	101	2	0	5665	5765	1	101	1.13e-40	176
NC_001564	SRA:SRX4590312.5789680.1	98.980	98	1	0	7659	7756	3	100	1.13e-40	176
NC_001564	SRA:SRX4590312.10790590.1	98.000	100	2	0	10369	10468	2	101	4.08e-40	174
NC_001564	SRA:SRX4590312.7798769.1	98.000	100	2	0	4848	4947	2	101	4.08e-40	174
NC_001564	SRA:SRX4590312.20483335.1	97.959	98	2	0	7412	7509	4	101	5.28e-39	171
NC_001564	SRA:SRX4590312.17222182.1	97.030	101	3	0	8690	8790	1	101	5.28e-39	171
NC_001564	SRA:SRX4590312.16836122.1	97.030	101	3	0	8654	8754	1	101	5.28e-39	171
NC_001564	SRA:SRX4590312.15278340.1	97.959	98	2	0	8645	8742	2	99	5.28e-39	171
NC_001564	SRA:SRX4590312.11879599.1	97.959	98	2	0	5689	5786	1	98	5.28e-39	171
NC_001564	SRA:SRX4590312.8243168.1	97.959	98	2	0	4856	4953	3	100	5.28e-39	171
NC_001564	SRA:SRX4590312.13501999.1	97.000	100	3	0	4843	4942	2	101	1.90e-38	169
NC_001564	SRA:SRX4590312.13494431.1	96.970	99	3	0	3901	3999	1	99	6.83e-38	167
NC_001564	SRA:SRX4590312.5002389.1	96.970	99	3	0	8688	8786	3	101	6.83e-38	167
NC_001564	SRA:SRX4590312.2760780.1	96.970	99	3	0	8369	8467	3	101	6.83e-38	167
NC_001564	SRA:SRX4590312.21595811.1	96.040	101	4	0	4908	5008	1	101	2.46e-37	165
NC_001564	SRA:SRX4590312.21247379.1	96.040	101	4	0	7196	7296	1	101	2.46e-37	165
NC_001564	SRA:SRX4590312.19545735.1	96.040	101	4	0	2259	2359	1	101	2.46e-37	165
NC_001564	SRA:SRX4590312.19538445.1	96.939	98	3	0	10321	10418	4	101	2.46e-37	165
NC_001564	SRA:SRX4590312.16305770.1	96.078	102	3	1	1238	1339	1	101	2.46e-37	165
NC_001564	SRA:SRX4590312.14528226.1	96.040	101	4	0	4924	5024	1	101	2.46e-37	165
NC_001564	SRA:SRX4590312.14457899.1	97.895	95	2	0	10387	10481	7	101	2.46e-37	165
NC_001564	SRA:SRX4590312.11976313.1	96.040	101	4	0	5	105	1	101	2.46e-37	165
NC_001564	SRA:SRX4590312.11406992.1	96.040	101	4	0	4913	5013	1	101	2.46e-37	165
NC_001564	SRA:SRX4590312.11354647.1	96.040	101	4	0	4913	5013	1	101	2.46e-37	165
NC_001564	SRA:SRX4590312.10804584.1	96.040	101	4	0	7962	8062	1	101	2.46e-37	165
NC_001564	SRA:SRX4590312.7645620.1	96.078	102	3	1	9714	9815	1	101	2.46e-37	165
NC_001564	SRA:SRX4590312.6380373.1	96.040	101	4	0	8448	8548	1	101	2.46e-37	165
NC_001564	SRA:SRX4590312.5349008.1	96.040	101	4	0	4895	4995	1	101	2.46e-37	165
NC_001564	SRA:SRX4590312.4641531.1	96.040	101	4	0	4913	5013	1	101	2.46e-37	165
NC_001564	SRA:SRX4590312.2551699.1	96.040	101	4	0	7196	7296	1	101	2.46e-37	165
NC_001564	SRA:SRX4590312.2531664.1	96.040	101	4	0	4913	5013	1	101	2.46e-37	165
NC_001564	SRA:SRX4590312.2046196.1	96.040	101	4	0	8448	8548	1	101	2.46e-37	165
NC_001564	SRA:SRX4590312.964469.1	96.939	98	3	0	510	607	4	101	2.46e-37	165
NC_001564	SRA:SRX4590312.845278.1	96.040	101	4	0	4902	5002	1	101	2.46e-37	165
NC_001564	SRA:SRX4590312.19439351.1	96.000	100	4	0	8681	8780	2	101	8.83e-37	163
NC_001564	SRA:SRX4590312.19003721.1	96.000	100	4	0	3	102	2	101	8.83e-37	163
NC_001564	SRA:SRX4590312.18856891.1	96.000	100	4	0	3	102	2	101	8.83e-37	163
NC_001564	SRA:SRX4590312.11012498.1	96.000	100	4	0	8681	8780	2	101	8.83e-37	163
NC_001564	SRA:SRX4590312.10482412.1	96.000	100	4	0	4904	5003	2	101	8.83e-37	163
NC_001564	SRA:SRX4590312.7900493.1	96.000	100	4	0	8671	8770	2	101	8.83e-37	163
NC_001564	SRA:SRX4590312.4920989.1	96.000	100	4	0	1	100	2	101	8.83e-37	163
NC_001564	SRA:SRX4590312.3952794.1	96.000	100	4	0	5	104	1	100	8.83e-37	163
NC_001564	SRA:SRX4590312.2480302.1	96.000	100	4	0	4914	5013	2	101	8.83e-37	163
NC_001564	SRA:SRX4590312.1691501.1	96.000	100	4	0	4929	5028	1	100	8.83e-37	163
NC_001564	SRA:SRX4590312.21170737.1	95.960	99	4	0	4930	5028	1	99	3.18e-36	161
NC_001564	SRA:SRX4590312.20349848.1	95.960	99	4	0	1	99	3	101	3.18e-36	161
NC_001564	SRA:SRX4590312.20113651.1	95.960	99	4	0	5971	6069	3	101	3.18e-36	161
NC_001564	SRA:SRX4590312.16722654.1	96.875	96	3	0	17	112	6	101	3.18e-36	161
NC_001564	SRA:SRX4590312.11741624.1	95.960	99	4	0	4930	5028	1	99	3.18e-36	161
NC_001564	SRA:SRX4590312.9089450.1	95.960	99	4	0	4889	4987	3	101	3.18e-36	161
NC_001564	SRA:SRX4590312.9027463.1	95.960	99	4	0	5971	6069	3	101	3.18e-36	161
NC_001564	SRA:SRX4590312.7943176.1	95.960	99	4	0	8378	8476	3	101	3.18e-36	161
NC_001564	SRA:SRX4590312.7418011.1	95.960	99	4	0	4894	4992	3	101	3.18e-36	161
NC_001564	SRA:SRX4590312.6104492.1	96.875	96	3	0	17	112	6	101	3.18e-36	161
NC_001564	SRA:SRX4590312.5744321.1	95.960	99	4	0	6089	6187	3	101	3.18e-36	161
NC_001564	SRA:SRX4590312.5490800.1	95.960	99	4	0	4889	4987	3	101	3.18e-36	161
NC_001564	SRA:SRX4590312.524754.1	95.960	99	4	0	4	102	3	101	3.18e-36	161
NC_001564	SRA:SRX4590312.21030758.1	95.918	98	4	0	4886	4983	1	98	1.14e-35	159
NC_001564	SRA:SRX4590312.20685644.1	95.050	101	5	0	8668	8768	1	101	1.14e-35	159
NC_001564	SRA:SRX4590312.18704865.1	95.050	101	5	0	4928	5028	1	101	1.14e-35	159
NC_001564	SRA:SRX4590312.17845572.1	95.050	101	5	0	5	105	1	101	1.14e-35	159
NC_001564	SRA:SRX4590312.17088592.1	95.050	101	5	0	5	105	1	101	1.14e-35	159
NC_001564	SRA:SRX4590312.16407351.1	95.050	101	5	0	8647	8747	1	101	1.14e-35	159
NC_001564	SRA:SRX4590312.12505064.1	95.050	101	5	0	4932	5032	1	101	1.14e-35	159
NC_001564	SRA:SRX4590312.12024779.1	96.842	95	3	0	545	639	7	101	1.14e-35	159
NC_001564	SRA:SRX4590312.11768780.1	95.918	98	4	0	1	98	4	101	1.14e-35	159
NC_001564	SRA:SRX4590312.10549589.1	96.842	95	3	0	545	639	7	101	1.14e-35	159
NC_001564	SRA:SRX4590312.10497501.1	95.050	101	5	0	611	711	1	101	1.14e-35	159
NC_001564	SRA:SRX4590312.7528353.1	95.050	101	5	0	4	104	1	101	1.14e-35	159
NC_001564	SRA:SRX4590312.4369671.1	95.050	101	5	0	611	711	1	101	1.14e-35	159
NC_001564	SRA:SRX4590312.3138704.1	95.050	101	5	0	8673	8773	1	101	1.14e-35	159
NC_001564	SRA:SRX4590312.3122672.1	95.918	98	4	0	4903	5000	4	101	1.14e-35	159
NC_001564	SRA:SRX4590312.2156493.1	95.918	98	4	0	5927	6024	2	99	1.14e-35	159
NC_001564	SRA:SRX4590312.1356861.1	95.050	101	5	0	5	105	1	101	1.14e-35	159
NC_001564	SRA:SRX4590312.1137271.1	95.918	98	4	0	9144	9241	4	101	1.14e-35	159
NC_001564	SRA:SRX4590312.19800682.1	95.876	97	4	0	6693	6789	2	98	4.11e-35	158
NC_001564	SRA:SRX4590312.18868349.1	95.876	97	4	0	4932	5028	1	97	4.11e-35	158
NC_001564	SRA:SRX4590312.13955180.1	95.876	97	4	0	6	102	5	101	4.11e-35	158
NC_001564	SRA:SRX4590312.9369598.1	95.876	97	4	0	4647	4743	1	97	4.11e-35	158
NC_001564	SRA:SRX4590312.6214771.1	95.876	97	4	0	4932	5028	1	97	4.11e-35	158
NC_001564	SRA:SRX4590312.5309881.1	95.876	97	4	0	6	102	5	101	4.11e-35	158
NC_001564	SRA:SRX4590312.1006673.1	95.876	97	4	0	4930	5026	5	101	4.11e-35	158
NC_001564	SRA:SRX4590312.21552677.1	95.833	96	4	0	1	96	6	101	1.48e-34	156
NC_001564	SRA:SRX4590312.19181376.1	95.833	96	4	0	4933	5028	1	96	1.48e-34	156
NC_001564	SRA:SRX4590312.14724071.1	94.949	99	5	0	6	104	1	99	1.48e-34	156
NC_001564	SRA:SRX4590312.13661433.1	94.949	99	5	0	6	104	1	99	1.48e-34	156
NC_001564	SRA:SRX4590312.11954484.1	94.949	99	5	0	4904	5002	3	101	1.48e-34	156
NC_001564	SRA:SRX4590312.9329653.1	94.949	99	5	0	8676	8774	3	101	1.48e-34	156
NC_001564	SRA:SRX4590312.7209052.1	94.949	99	5	0	4904	5002	3	101	1.48e-34	156
NC_001564	SRA:SRX4590312.2918623.1	94.949	99	5	0	8676	8774	3	101	1.48e-34	156
NC_001564	SRA:SRX4590312.1926783.1	94.949	99	5	0	6	104	1	99	1.48e-34	156
NC_001564	SRA:SRX4590312.19764037.1	94.059	101	6	0	5390	5490	1	101	5.32e-34	154
NC_001564	SRA:SRX4590312.18904579.1	94.059	101	6	0	6693	6793	1	101	5.32e-34	154
NC_001564	SRA:SRX4590312.14129830.1	94.059	101	6	0	8668	8768	1	101	5.32e-34	154
NC_001564	SRA:SRX4590312.13345634.1	96.739	92	3	0	4937	5028	2	93	5.32e-34	154
NC_001564	SRA:SRX4590312.12546531.1	100.000	83	0	0	10528	10610	2	84	5.32e-34	154
NC_001564	SRA:SRX4590312.9965683.1	97.753	89	2	0	1	89	13	101	5.32e-34	154
NC_001564	SRA:SRX4590312.8582666.1	97.753	89	2	0	1	89	13	101	5.32e-34	154
NC_001564	SRA:SRX4590312.4310663.1	94.059	101	6	0	8668	8768	1	101	5.32e-34	154
NC_001564	SRA:SRX4590312.4121400.1	94.059	101	6	0	4924	5024	1	101	5.32e-34	154
NC_001564	SRA:SRX4590312.1684192.1	94.059	101	6	0	9901	10001	1	101	5.32e-34	154
NC_001564	SRA:SRX4590312.20748432.1	95.745	94	4	0	4932	5025	3	96	1.91e-33	152
NC_001564	SRA:SRX4590312.18406303.1	94.000	100	6	0	5391	5490	2	101	1.91e-33	152
NC_001564	SRA:SRX4590312.17339858.1	95.745	94	4	0	4932	5025	3	96	1.91e-33	152
NC_001564	SRA:SRX4590312.8357418.1	95.745	94	4	0	6	99	8	101	1.91e-33	152
NC_001564	SRA:SRX4590312.21613867.1	94.792	96	5	0	4652	4747	6	101	6.88e-33	150
NC_001564	SRA:SRX4590312.18802852.1	98.810	84	1	0	7673	7756	3	86	6.88e-33	150
NC_001564	SRA:SRX4590312.13004686.1	98.810	84	1	0	7673	7756	3	86	6.88e-33	150
NC_001564	SRA:SRX4590312.12227377.1	95.652	92	4	0	6	97	10	101	2.47e-32	148
NC_001564	SRA:SRX4590312.8890766.1	96.629	89	3	0	4937	5025	2	90	2.47e-32	148
NC_001564	SRA:SRX4590312.7139695.1	95.652	92	4	0	6	97	10	101	2.47e-32	148
NC_001564	SRA:SRX4590312.3787009.1	95.652	92	4	0	4904	4995	10	101	2.47e-32	148
NC_001564	SRA:SRX4590312.10464054.1	95.604	91	4	0	4938	5028	1	91	8.89e-32	147
NC_001564	SRA:SRX4590312.2255708.1	95.604	91	4	0	1914	2004	9	99	8.89e-32	147
NC_001564	SRA:SRX4590312.18607886.1	95.556	90	4	0	15	104	3	92	3.20e-31	145
NC_001564	SRA:SRX4590312.16978165.1	97.619	84	2	0	7673	7756	3	86	3.20e-31	145
NC_001564	SRA:SRX4590312.10483919.1	95.556	90	4	0	15	104	3	92	3.20e-31	145
NC_001564	SRA:SRX4590312.13287857.1	97.590	83	2	0	10528	10610	2	84	1.15e-30	143
NC_001564	SRA:SRX4590312.5847095.1	92.079	101	8	0	81	181	1	101	1.15e-30	143
NC_001564	SRA:SRX4590312.433872.1	92.079	101	8	0	6169	6269	1	101	1.15e-30	143
NC_001564	SRA:SRX4590312.17296679.1	95.455	88	4	0	4948	5035	1	88	4.14e-30	141
NC_001564	SRA:SRX4590312.9356915.1	95.455	88	4	0	4948	5035	1	88	4.14e-30	141
NC_001564	SRA:SRX4590312.18975268.1	97.531	81	2	0	6044	6124	1	81	1.49e-29	139
NC_001564	SRA:SRX4590312.7519996.1	96.386	83	3	0	22	104	1	83	5.35e-29	137
NC_001564	SRA:SRX4590312.18065049.1	94.382	89	4	1	4952	5040	1	88	1.93e-28	135
NC_001564	SRA:SRX4590312.1525200.1	96.341	82	3	0	8691	8772	4	85	1.93e-28	135
NC_001564	SRA:SRX4590312.19965303.1	97.436	78	2	0	4989	5066	4	81	6.92e-28	134
NC_001564	SRA:SRX4590312.19054126.1	96.296	81	3	0	4955	5035	2	82	6.92e-28	134
NC_001564	SRA:SRX4590312.18786183.1	96.296	81	3	0	4955	5035	3	83	6.92e-28	134
NC_001564	SRA:SRX4590312.18380659.1	96.296	81	3	0	4955	5035	2	82	6.92e-28	134
NC_001564	SRA:SRX4590312.1998030.1	95.294	85	3	1	21	104	3	87	6.92e-28	134
NC_001564	SRA:SRX4590312.20420240.1	90.816	98	9	0	76	173	1	98	2.49e-27	132
NC_001564	SRA:SRX4590312.5897408.1	96.203	79	3	0	26	104	1	79	8.96e-27	130
NC_001564	SRA:SRX4590312.20769584.1	94.048	84	5	0	4952	5035	2	85	3.22e-26	128
NC_001564	SRA:SRX4590312.16976856.1	94.048	84	5	0	4952	5035	2	85	3.22e-26	128
NC_001564	SRA:SRX4590312.14043006.1	94.048	84	5	0	4952	5035	2	85	3.22e-26	128
NC_001564	SRA:SRX4590312.9025488.1	94.118	85	4	1	8688	8771	6	90	3.22e-26	128
NC_001564	SRA:SRX4590312.20733585.1	97.297	74	2	0	4955	5028	4	77	1.16e-25	126
NC_001564	SRA:SRX4590312.20582942.1	97.297	74	2	0	4955	5028	3	76	1.16e-25	126
NC_001564	SRA:SRX4590312.17282786.1	98.592	71	1	0	4802	4872	31	101	1.16e-25	126
NC_001564	SRA:SRX4590312.17213593.1	96.104	77	3	0	28	104	1	77	1.16e-25	126
NC_001564	SRA:SRX4590312.8230057.1	98.592	71	1	0	4802	4872	31	101	1.16e-25	126
NC_001564	SRA:SRX4590312.6935128.1	96.104	77	3	0	4952	5028	1	77	1.16e-25	126
NC_001564	SRA:SRX4590312.20828295.1	94.937	79	4	0	4957	5035	8	86	4.17e-25	124
NC_001564	SRA:SRX4590312.13728648.1	94.937	79	4	0	26	104	1	79	4.17e-25	124
NC_001564	SRA:SRX4590312.2912398.1	92.941	85	6	0	94	178	4	88	4.17e-25	124
NC_001564	SRA:SRX4590312.1834626.1	94.937	79	4	0	5413	5491	1	79	4.17e-25	124
NC_001564	SRA:SRX4590312.16678691.1	92.857	84	6	0	4952	5035	1	84	1.50e-24	122
NC_001564	SRA:SRX4590312.13579747.1	97.183	71	2	0	4955	5025	2	72	5.39e-24	121
NC_001564	SRA:SRX4590312.7488510.1	96.000	75	2	1	4955	5028	2	76	5.39e-24	121
NC_001564	SRA:SRX4590312.5969292.1	92.771	83	6	0	8541	8623	2	84	5.39e-24	121
NC_001564	SRA:SRX4590312.5568084.1	92.771	83	6	0	8541	8623	2	84	5.39e-24	121
NC_001564	SRA:SRX4590312.3623576.1	98.485	66	1	0	1429	1494	36	101	6.97e-23	117
NC_001564	SRA:SRX4590312.8357135.1	100.000	60	0	0	7572	7631	1	60	3.24e-21	111
NC_001564	SRA:SRX4590312.2710643.1	91.358	81	7	0	121	201	1	81	3.24e-21	111
NC_001564	SRA:SRX4590312.14366471.1	98.387	62	1	0	770	831	1	62	1.17e-20	110
NC_001564	SRA:SRX4590312.6148191.1	91.250	80	7	0	122	201	1	80	1.17e-20	110
NC_001564	SRA:SRX4590312.8062584.1	98.361	61	1	0	7486	7546	4	64	4.20e-20	108
NC_001564	SRA:SRX4590312.13801266.1	95.455	66	3	0	39	104	1	66	1.51e-19	106
NC_001564	SRA:SRX4590312.2091057.1	94.203	69	4	0	8734	8802	1	69	1.51e-19	106
NC_001564	SRA:SRX4590312.2917292.1	96.774	62	2	0	43	104	4	65	5.43e-19	104
NC_001564	SRA:SRX4590312.19242767.1	96.721	61	2	0	2192	2252	1	61	1.95e-18	102
NC_001564	SRA:SRX4590312.8122052.1	98.276	58	1	0	782	839	2	59	1.95e-18	102
NC_001564	SRA:SRX4590312.15786309.1	93.939	66	4	0	39	104	1	66	7.02e-18	100
NC_001564	SRA:SRX4590312.5826684.1	93.939	66	4	0	8737	8802	2	67	7.02e-18	100
NC_001564	SRA:SRX4590312.19126462.1	93.846	65	4	0	8738	8802	5	69	2.53e-17	99.0
NC_001564	SRA:SRX4590312.18619098.1	95.000	60	3	0	45	104	1	60	3.27e-16	95.3
NC_001564	SRA:SRX4590312.9867420.1	95.000	60	3	0	45	104	1	60	3.27e-16	95.3
NC_001564	SRA:SRX4590312.12956323.1	94.828	58	2	1	43	100	1	57	1.52e-14	89.8
NC_001564	SRA:SRX4590312.20021220.1	97.917	48	1	0	7133	7180	4	51	7.07e-13	84.2
NC_001564	SRA:SRX4590312.5135298.1	97.872	47	0	1	43	89	1	46	9.15e-12	80.5
NC_001564	SRA:SRX4590312.6129210.1	95.833	48	2	0	1217	1264	1	48	3.29e-11	78.7
NC_001564	SRA:SRX4590312.330460.1	95.833	48	2	0	1217	1264	1	48	3.29e-11	78.7
NC_001564	SRA:SRX4590312.10894264.1	95.556	45	2	0	7666	7710	1	45	1.53e-09	73.1
NC_001564	SRA:SRX4590312.3409036.1	97.297	37	0	1	4686	4721	1	37	3.31e-06	62.1
CFAV-Cairns_Australia_2014	SRA:SRX4590312.19321159.1	99.010	101	1	0	7663	7763	1	101	2.44e-42	182
CFAV-Cairns_Australia_2014	SRA:SRX4590312.16893873.1	99.010	101	1	0	7399	7499	1	101	2.44e-42	182
CFAV-Cairns_Australia_2014	SRA:SRX4590312.16030847.1	99.010	101	1	0	9063	9163	1	101	2.44e-42	182
CFAV-Cairns_Australia_2014	SRA:SRX4590312.11797731.1	99.010	101	1	0	9063	9163	1	101	2.44e-42	182
CFAV-Cairns_Australia_2014	SRA:SRX4590312.7755681.1	99.010	101	1	0	7663	7763	1	101	2.44e-42	182
CFAV-Cairns_Australia_2014	SRA:SRX4590312.4928859.1	99.010	101	1	0	786	886	1	101	2.44e-42	182
CFAV-Cairns_Australia_2014	SRA:SRX4590312.3921481.1	99.010	101	1	0	7670	7770	1	101	2.44e-42	182
CFAV-Cairns_Australia_2014	SRA:SRX4590312.2548697.1	99.010	101	1	0	786	886	1	101	2.44e-42	182
CFAV-Cairns_Australia_2014	SRA:SRX4590312.7464791.1	99.000	100	1	0	7656	7755	1	100	8.77e-42	180
CFAV-Cairns_Australia_2014	SRA:SRX4590312.13494431.1	98.990	99	1	0	3900	3998	1	99	3.15e-41	178
CFAV-Cairns_Australia_2014	SRA:SRX4590312.5744321.1	98.990	99	1	0	6088	6186	3	101	3.15e-41	178
CFAV-Cairns_Australia_2014	SRA:SRX4590312.20483335.1	98.980	98	1	0	7411	7508	4	101	1.13e-40	176
CFAV-Cairns_Australia_2014	SRA:SRX4590312.16305770.1	98.039	102	1	1	1237	1338	1	101	1.13e-40	176
CFAV-Cairns_Australia_2014	SRA:SRX4590312.10790590.1	98.000	100	2	0	10368	10467	2	101	4.08e-40	174
CFAV-Cairns_Australia_2014	SRA:SRX4590312.19756142.1	97.980	99	2	0	4826	4924	3	101	1.47e-39	172
CFAV-Cairns_Australia_2014	SRA:SRX4590312.4880059.1	97.980	99	2	0	4816	4914	3	101	1.47e-39	172
CFAV-Cairns_Australia_2014	SRA:SRX4590312.16911376.1	97.030	101	3	0	4826	4926	1	101	5.28e-39	171
CFAV-Cairns_Australia_2014	SRA:SRX4590312.13102452.1	97.030	101	3	0	4813	4913	1	101	5.28e-39	171
CFAV-Cairns_Australia_2014	SRA:SRX4590312.12393880.1	97.959	98	2	0	7658	7755	3	100	5.28e-39	171
CFAV-Cairns_Australia_2014	SRA:SRX4590312.10497501.1	97.030	101	3	0	610	710	1	101	5.28e-39	171
CFAV-Cairns_Australia_2014	SRA:SRX4590312.7645620.1	97.059	102	2	1	9713	9814	1	101	5.28e-39	171
CFAV-Cairns_Australia_2014	SRA:SRX4590312.5789680.1	97.959	98	2	0	7658	7755	3	100	5.28e-39	171
CFAV-Cairns_Australia_2014	SRA:SRX4590312.4369671.1	97.030	101	3	0	610	710	1	101	5.28e-39	171
CFAV-Cairns_Australia_2014	SRA:SRX4590312.964469.1	97.959	98	2	0	509	606	4	101	5.28e-39	171
CFAV-Cairns_Australia_2014	SRA:SRX4590312.19800682.1	97.000	100	3	0	6692	6791	2	101	1.90e-38	169
CFAV-Cairns_Australia_2014	SRA:SRX4590312.7798769.1	97.000	100	3	0	4847	4946	2	101	1.90e-38	169
CFAV-Cairns_Australia_2014	SRA:SRX4590312.6380373.1	97.938	97	2	0	8447	8543	1	97	1.90e-38	169
CFAV-Cairns_Australia_2014	SRA:SRX4590312.2046196.1	97.938	97	2	0	8447	8543	1	97	1.90e-38	169
CFAV-Cairns_Australia_2014	SRA:SRX4590312.20113651.1	96.970	99	3	0	5970	6068	3	101	6.83e-38	167
CFAV-Cairns_Australia_2014	SRA:SRX4590312.9027463.1	96.970	99	3	0	5970	6068	3	101	6.83e-38	167
CFAV-Cairns_Australia_2014	SRA:SRX4590312.19764037.1	96.040	101	4	0	5389	5489	1	101	2.46e-37	165
CFAV-Cairns_Australia_2014	SRA:SRX4590312.19545735.1	96.040	101	4	0	2258	2358	1	101	2.46e-37	165
CFAV-Cairns_Australia_2014	SRA:SRX4590312.19538445.1	96.939	98	3	0	10320	10417	4	101	2.46e-37	165
CFAV-Cairns_Australia_2014	SRA:SRX4590312.18904579.1	96.040	101	4	0	6692	6792	1	101	2.46e-37	165
CFAV-Cairns_Australia_2014	SRA:SRX4590312.14457899.1	97.895	95	2	0	10386	10480	7	101	2.46e-37	165
CFAV-Cairns_Australia_2014	SRA:SRX4590312.14397552.1	96.040	101	4	0	6144	6244	1	101	2.46e-37	165
CFAV-Cairns_Australia_2014	SRA:SRX4590312.12024779.1	97.895	95	2	0	544	638	7	101	2.46e-37	165
CFAV-Cairns_Australia_2014	SRA:SRX4590312.11976313.1	96.040	101	4	0	4	104	1	101	2.46e-37	165
CFAV-Cairns_Australia_2014	SRA:SRX4590312.10549589.1	97.895	95	2	0	544	638	7	101	2.46e-37	165
CFAV-Cairns_Australia_2014	SRA:SRX4590312.8438666.1	96.040	101	4	0	5664	5764	1	101	2.46e-37	165
CFAV-Cairns_Australia_2014	SRA:SRX4590312.8243168.1	96.939	98	3	0	4855	4952	3	100	2.46e-37	165
CFAV-Cairns_Australia_2014	SRA:SRX4590312.1137271.1	96.939	98	3	0	9143	9240	4	101	2.46e-37	165
CFAV-Cairns_Australia_2014	SRA:SRX4590312.19003721.1	96.000	100	4	0	2	101	2	101	8.83e-37	163
CFAV-Cairns_Australia_2014	SRA:SRX4590312.18856891.1	96.000	100	4	0	2	101	2	101	8.83e-37	163
CFAV-Cairns_Australia_2014	SRA:SRX4590312.18406303.1	96.000	100	4	0	5390	5489	2	101	8.83e-37	163
CFAV-Cairns_Australia_2014	SRA:SRX4590312.13501999.1	96.000	100	4	0	4842	4941	2	101	8.83e-37	163
CFAV-Cairns_Australia_2014	SRA:SRX4590312.3952794.1	96.000	100	4	0	4	103	1	100	8.83e-37	163
CFAV-Cairns_Australia_2014	SRA:SRX4590312.16722654.1	96.875	96	3	0	16	111	6	101	3.18e-36	161
CFAV-Cairns_Australia_2014	SRA:SRX4590312.6104492.1	96.875	96	3	0	16	111	6	101	3.18e-36	161
CFAV-Cairns_Australia_2014	SRA:SRX4590312.4920989.1	95.960	99	4	0	1	99	3	101	3.18e-36	161
CFAV-Cairns_Australia_2014	SRA:SRX4590312.2760780.1	95.960	99	4	0	8368	8466	3	101	3.18e-36	161
CFAV-Cairns_Australia_2014	SRA:SRX4590312.524754.1	95.960	99	4	0	3	101	3	101	3.18e-36	161
CFAV-Cairns_Australia_2014	SRA:SRX4590312.20349848.1	95.918	98	4	0	1	98	4	101	1.14e-35	159
CFAV-Cairns_Australia_2014	SRA:SRX4590312.17845572.1	95.050	101	5	0	4	104	1	101	1.14e-35	159
CFAV-Cairns_Australia_2014	SRA:SRX4590312.17222182.1	95.050	101	5	0	8689	8789	1	101	1.14e-35	159
CFAV-Cairns_Australia_2014	SRA:SRX4590312.17088592.1	95.050	101	5	0	4	104	1	101	1.14e-35	159
CFAV-Cairns_Australia_2014	SRA:SRX4590312.11879599.1	95.918	98	4	0	5688	5785	1	98	1.14e-35	159
CFAV-Cairns_Australia_2014	SRA:SRX4590312.10804584.1	95.050	101	5	0	7961	8061	1	101	1.14e-35	159
CFAV-Cairns_Australia_2014	SRA:SRX4590312.7528353.1	95.050	101	5	0	3	103	1	101	1.14e-35	159
CFAV-Cairns_Australia_2014	SRA:SRX4590312.1356861.1	95.050	101	5	0	4	104	1	101	1.14e-35	159
CFAV-Cairns_Australia_2014	SRA:SRX4590312.433872.1	95.050	101	5	0	6168	6268	1	101	1.14e-35	159
CFAV-Cairns_Australia_2014	SRA:SRX4590312.13955180.1	95.876	97	4	0	5	101	5	101	4.11e-35	158
CFAV-Cairns_Australia_2014	SRA:SRX4590312.11768780.1	95.876	97	4	0	1	97	5	101	4.11e-35	158
CFAV-Cairns_Australia_2014	SRA:SRX4590312.5309881.1	95.876	97	4	0	5	101	5	101	4.11e-35	158
CFAV-Cairns_Australia_2014	SRA:SRX4590312.14724071.1	94.949	99	5	0	5	103	1	99	1.48e-34	156
CFAV-Cairns_Australia_2014	SRA:SRX4590312.13661433.1	94.949	99	5	0	5	103	1	99	1.48e-34	156
CFAV-Cairns_Australia_2014	SRA:SRX4590312.5002389.1	94.949	99	5	0	8687	8785	3	101	1.48e-34	156
CFAV-Cairns_Australia_2014	SRA:SRX4590312.1926783.1	94.949	99	5	0	5	103	1	99	1.48e-34	156
CFAV-Cairns_Australia_2014	SRA:SRX4590312.21595811.1	94.059	101	6	0	4907	5007	1	101	5.32e-34	154
CFAV-Cairns_Australia_2014	SRA:SRX4590312.21552677.1	95.789	95	4	0	1	95	7	101	5.32e-34	154
CFAV-Cairns_Australia_2014	SRA:SRX4590312.21247379.1	94.059	101	6	0	7195	7295	1	101	5.32e-34	154
CFAV-Cairns_Australia_2014	SRA:SRX4590312.21170737.1	94.059	101	6	0	4929	5029	1	101	5.32e-34	154
CFAV-Cairns_Australia_2014	SRA:SRX4590312.17972566.1	94.059	101	6	0	201	301	1	101	5.32e-34	154
CFAV-Cairns_Australia_2014	SRA:SRX4590312.14528226.1	94.059	101	6	0	4923	5023	1	101	5.32e-34	154
CFAV-Cairns_Australia_2014	SRA:SRX4590312.12546531.1	100.000	83	0	0	10527	10609	2	84	5.32e-34	154
CFAV-Cairns_Australia_2014	SRA:SRX4590312.12505064.1	94.059	101	6	0	4931	5031	1	101	5.32e-34	154
CFAV-Cairns_Australia_2014	SRA:SRX4590312.7943176.1	95.789	95	4	0	8377	8471	3	97	5.32e-34	154
CFAV-Cairns_Australia_2014	SRA:SRX4590312.5349008.1	94.059	101	6	0	4894	4994	1	101	5.32e-34	154
CFAV-Cairns_Australia_2014	SRA:SRX4590312.2551699.1	94.059	101	6	0	7195	7295	1	101	5.32e-34	154
CFAV-Cairns_Australia_2014	SRA:SRX4590312.1691501.1	94.059	101	6	0	4928	5028	1	101	5.32e-34	154
CFAV-Cairns_Australia_2014	SRA:SRX4590312.845278.1	94.059	101	6	0	4901	5001	1	101	5.32e-34	154
CFAV-Cairns_Australia_2014	SRA:SRX4590312.11741624.1	94.000	100	6	0	4929	5028	1	100	1.91e-33	152
CFAV-Cairns_Australia_2014	SRA:SRX4590312.10482412.1	94.000	100	6	0	4903	5002	2	101	1.91e-33	152
CFAV-Cairns_Australia_2014	SRA:SRX4590312.9965683.1	97.727	88	2	0	1	88	14	101	1.91e-33	152
CFAV-Cairns_Australia_2014	SRA:SRX4590312.8582666.1	97.727	88	2	0	1	88	14	101	1.91e-33	152
CFAV-Cairns_Australia_2014	SRA:SRX4590312.8357418.1	95.745	94	4	0	5	98	8	101	1.91e-33	152
CFAV-Cairns_Australia_2014	SRA:SRX4590312.2156493.1	94.000	100	6	0	5926	6025	2	101	1.91e-33	152
CFAV-Cairns_Australia_2014	SRA:SRX4590312.9089450.1	93.939	99	6	0	4888	4986	3	101	6.88e-33	150
CFAV-Cairns_Australia_2014	SRA:SRX4590312.7418011.1	94.792	96	5	0	4894	4989	4	99	6.88e-33	150
CFAV-Cairns_Australia_2014	SRA:SRX4590312.5490800.1	93.939	99	6	0	4888	4986	3	101	6.88e-33	150
CFAV-Cairns_Australia_2014	SRA:SRX4590312.21030758.1	93.878	98	6	0	4885	4982	1	98	2.47e-32	148
CFAV-Cairns_Australia_2014	SRA:SRX4590312.18868349.1	93.878	98	6	0	4931	5028	1	98	2.47e-32	148
CFAV-Cairns_Australia_2014	SRA:SRX4590312.18704865.1	93.069	101	7	0	4927	5027	1	101	2.47e-32	148
CFAV-Cairns_Australia_2014	SRA:SRX4590312.12227377.1	95.652	92	4	0	5	96	10	101	2.47e-32	148
CFAV-Cairns_Australia_2014	SRA:SRX4590312.7139695.1	95.652	92	4	0	5	96	10	101	2.47e-32	148
CFAV-Cairns_Australia_2014	SRA:SRX4590312.6214771.1	93.878	98	6	0	4931	5028	1	98	2.47e-32	148
CFAV-Cairns_Australia_2014	SRA:SRX4590312.3122672.1	93.878	98	6	0	4902	4999	4	101	2.47e-32	148
CFAV-Cairns_Australia_2014	SRA:SRX4590312.1684192.1	93.069	101	7	0	9900	10000	1	101	2.47e-32	148
CFAV-Cairns_Australia_2014	SRA:SRX4590312.19181376.1	93.814	97	6	0	4932	5028	1	97	8.90e-32	147
CFAV-Cairns_Australia_2014	SRA:SRX4590312.9369598.1	93.814	97	6	0	4646	4742	1	97	8.90e-32	147
CFAV-Cairns_Australia_2014	SRA:SRX4590312.1006673.1	93.814	97	6	0	4929	5025	5	101	8.90e-32	147
CFAV-Cairns_Australia_2014	SRA:SRX4590312.18975268.1	98.765	81	1	0	6043	6123	1	81	3.20e-31	145
CFAV-Cairns_Australia_2014	SRA:SRX4590312.18802852.1	97.619	84	2	0	7672	7755	3	86	3.20e-31	145
CFAV-Cairns_Australia_2014	SRA:SRX4590312.18607886.1	95.556	90	4	0	14	103	3	92	3.20e-31	145
CFAV-Cairns_Australia_2014	SRA:SRX4590312.13345634.1	94.624	93	5	0	4936	5028	2	94	3.20e-31	145
CFAV-Cairns_Australia_2014	SRA:SRX4590312.13004686.1	97.619	84	2	0	7672	7755	3	86	3.20e-31	145
CFAV-Cairns_Australia_2014	SRA:SRX4590312.11954484.1	92.929	99	7	0	4903	5001	3	101	3.20e-31	145
CFAV-Cairns_Australia_2014	SRA:SRX4590312.10483919.1	95.556	90	4	0	14	103	3	92	3.20e-31	145
CFAV-Cairns_Australia_2014	SRA:SRX4590312.7209052.1	92.929	99	7	0	4903	5001	3	101	3.20e-31	145
CFAV-Cairns_Australia_2014	SRA:SRX4590312.13287857.1	97.590	83	2	0	10527	10609	2	84	1.15e-30	143
CFAV-Cairns_Australia_2014	SRA:SRX4590312.4121400.1	92.079	101	8	0	4923	5023	1	101	1.15e-30	143
CFAV-Cairns_Australia_2014	SRA:SRX4590312.20748432.1	93.617	94	6	0	4931	5024	3	96	4.14e-30	141
CFAV-Cairns_Australia_2014	SRA:SRX4590312.17339858.1	93.617	94	6	0	4931	5024	3	96	4.14e-30	141
CFAV-Cairns_Australia_2014	SRA:SRX4590312.2255708.1	94.505	91	5	0	1913	2003	9	99	4.14e-30	141
CFAV-Cairns_Australia_2014	SRA:SRX4590312.21613867.1	92.708	96	7	0	4651	4746	6	101	1.49e-29	139
CFAV-Cairns_Australia_2014	SRA:SRX4590312.16978165.1	96.429	84	3	0	7672	7755	3	86	1.49e-29	139
CFAV-Cairns_Australia_2014	SRA:SRX4590312.8890766.1	93.548	93	6	0	4936	5028	2	94	1.49e-29	139
CFAV-Cairns_Australia_2014	SRA:SRX4590312.10464054.1	93.478	92	6	0	4937	5028	1	92	5.35e-29	137
CFAV-Cairns_Australia_2014	SRA:SRX4590312.7519996.1	96.386	83	3	0	21	103	1	83	5.35e-29	137
CFAV-Cairns_Australia_2014	SRA:SRX4590312.3787009.1	93.478	92	6	0	4903	4994	10	101	5.35e-29	137
CFAV-Cairns_Australia_2014	SRA:SRX4590312.17296679.1	94.318	88	5	0	4947	5034	1	88	1.93e-28	135
CFAV-Cairns_Australia_2014	SRA:SRX4590312.9356915.1	94.318	88	5	0	4947	5034	1	88	1.93e-28	135
CFAV-Cairns_Australia_2014	SRA:SRX4590312.1834626.1	97.468	79	2	0	5412	5490	1	79	1.93e-28	135
CFAV-Cairns_Australia_2014	SRA:SRX4590312.19965303.1	97.436	78	2	0	4988	5065	4	81	6.93e-28	134
CFAV-Cairns_Australia_2014	SRA:SRX4590312.1998030.1	95.294	85	3	1	20	103	3	87	6.93e-28	134
CFAV-Cairns_Australia_2014	SRA:SRX4590312.18065049.1	93.258	89	5	1	4951	5039	1	88	8.96e-27	130
CFAV-Cairns_Australia_2014	SRA:SRX4590312.5897408.1	96.203	79	3	0	25	103	1	79	8.96e-27	130
CFAV-Cairns_Australia_2014	SRA:SRX4590312.19054126.1	95.062	81	4	0	4954	5034	2	82	3.22e-26	128
CFAV-Cairns_Australia_2014	SRA:SRX4590312.18786183.1	95.062	81	4	0	4954	5034	3	83	3.22e-26	128
CFAV-Cairns_Australia_2014	SRA:SRX4590312.18380659.1	95.062	81	4	0	4954	5034	2	82	3.22e-26	128
CFAV-Cairns_Australia_2014	SRA:SRX4590312.17282786.1	98.592	71	1	0	4801	4871	31	101	1.16e-25	126
CFAV-Cairns_Australia_2014	SRA:SRX4590312.17213593.1	96.104	77	3	0	27	103	1	77	1.16e-25	126
CFAV-Cairns_Australia_2014	SRA:SRX4590312.8230057.1	98.592	71	1	0	4801	4871	31	101	1.16e-25	126
CFAV-Cairns_Australia_2014	SRA:SRX4590312.13728648.1	94.937	79	4	0	25	103	1	79	4.17e-25	124
CFAV-Cairns_Australia_2014	SRA:SRX4590312.20769584.1	92.857	84	6	0	4951	5034	2	85	1.50e-24	122
CFAV-Cairns_Australia_2014	SRA:SRX4590312.16976856.1	92.857	84	6	0	4951	5034	2	85	1.50e-24	122
CFAV-Cairns_Australia_2014	SRA:SRX4590312.14043006.1	92.857	84	6	0	4951	5034	2	85	1.50e-24	122
CFAV-Cairns_Australia_2014	SRA:SRX4590312.2710643.1	94.872	78	4	0	123	200	4	81	1.50e-24	122
CFAV-Cairns_Australia_2014	SRA:SRX4590312.6148191.1	93.750	80	5	0	121	200	1	80	5.39e-24	121
CFAV-Cairns_Australia_2014	SRA:SRX4590312.20828295.1	93.671	79	5	0	4956	5034	8	86	1.94e-23	119
CFAV-Cairns_Australia_2014	SRA:SRX4590312.20733585.1	94.667	75	4	0	4954	5028	4	78	6.98e-23	117
CFAV-Cairns_Australia_2014	SRA:SRX4590312.20582942.1	94.667	75	4	0	4954	5028	3	77	6.98e-23	117
CFAV-Cairns_Australia_2014	SRA:SRX4590312.16678691.1	91.667	84	7	0	4951	5034	1	84	6.98e-23	117
CFAV-Cairns_Australia_2014	SRA:SRX4590312.6935128.1	93.590	78	5	0	4951	5028	1	78	6.98e-23	117
CFAV-Cairns_Australia_2014	SRA:SRX4590312.7488510.1	93.421	76	4	1	4954	5028	2	77	3.25e-21	111
CFAV-Cairns_Australia_2014	SRA:SRX4590312.13579747.1	94.366	71	4	0	4954	5024	2	72	1.17e-20	110
CFAV-Cairns_Australia_2014	SRA:SRX4590312.8357135.1	100.000	58	0	0	7571	7628	1	58	4.20e-20	108
CFAV-Cairns_Australia_2014	SRA:SRX4590312.8062584.1	98.361	61	1	0	7485	7545	4	64	4.20e-20	108
CFAV-Cairns_Australia_2014	SRA:SRX4590312.13801266.1	95.455	66	3	0	38	103	1	66	1.51e-19	106
CFAV-Cairns_Australia_2014	SRA:SRX4590312.3623576.1	95.455	66	3	0	1428	1493	36	101	1.51e-19	106
CFAV-Cairns_Australia_2014	SRA:SRX4590312.14366471.1	96.774	62	2	0	769	830	1	62	5.43e-19	104
CFAV-Cairns_Australia_2014	SRA:SRX4590312.2917292.1	96.774	62	2	0	42	103	4	65	5.43e-19	104
CFAV-Cairns_Australia_2014	SRA:SRX4590312.19242767.1	96.721	61	2	0	2191	2251	1	61	1.95e-18	102
CFAV-Cairns_Australia_2014	SRA:SRX4590312.15786309.1	93.939	66	4	0	38	103	1	66	7.02e-18	100
CFAV-Cairns_Australia_2014	SRA:SRX4590312.2091057.1	92.754	69	5	0	8733	8801	1	69	7.02e-18	100
CFAV-Cairns_Australia_2014	SRA:SRX4590312.19126462.1	93.846	65	4	0	8737	8801	5	69	2.53e-17	99.0
CFAV-Cairns_Australia_2014	SRA:SRX4590312.5826684.1	93.846	65	4	0	8737	8801	3	67	2.53e-17	99.0
CFAV-Cairns_Australia_2014	SRA:SRX4590312.18619098.1	95.000	60	3	0	44	103	1	60	3.27e-16	95.3
CFAV-Cairns_Australia_2014	SRA:SRX4590312.9867420.1	95.000	60	3	0	44	103	1	60	3.27e-16	95.3
CFAV-Cairns_Australia_2014	SRA:SRX4590312.12956323.1	94.828	58	2	1	42	99	1	57	1.52e-14	89.8
CFAV-Cairns_Australia_2014	SRA:SRX4590312.20021220.1	97.917	48	1	0	7132	7179	4	51	7.07e-13	84.2
CFAV-Cairns_Australia_2014	SRA:SRX4590312.5135298.1	97.872	47	0	1	42	88	1	46	9.15e-12	80.5
CFAV-Cairns_Australia_2014	SRA:SRX4590312.6129210.1	95.833	48	2	0	1216	1263	1	48	3.29e-11	78.7
CFAV-Cairns_Australia_2014	SRA:SRX4590312.330460.1	95.833	48	2	0	1216	1263	1	48	3.29e-11	78.7
CFAV-Cairns_Australia_2014	SRA:SRX4590312.10894264.1	95.556	45	2	0	7665	7709	1	45	1.53e-09	73.1
CFAV-Cairns_Australia_2014	SRA:SRX4590312.19282685.1	96.970	33	1	0	5002	5034	3	35	1.54e-04	56.5
CFAV-Macapa2_Brazil_2017	SRA:SRX4590312.19321159.1	99.010	101	1	0	7664	7764	1	101	2.44e-42	182
CFAV-Macapa2_Brazil_2017	SRA:SRX4590312.7755681.1	99.010	101	1	0	7664	7764	1	101	2.44e-42	182
CFAV-Macapa2_Brazil_2017	SRA:SRX4590312.7464791.1	99.000	100	1	0	7657	7756	1	100	8.77e-42	180
CFAV-Macapa2_Brazil_2017	SRA:SRX4590312.13494431.1	98.990	99	1	0	3901	3999	1	99	3.15e-41	178
CFAV-Macapa2_Brazil_2017	SRA:SRX4590312.3921481.1	98.020	101	2	0	7671	7771	1	101	1.13e-40	176
CFAV-Macapa2_Brazil_2017	SRA:SRX4590312.12393880.1	97.959	98	2	0	7659	7756	3	100	5.28e-39	171
CFAV-Macapa2_Brazil_2017	SRA:SRX4590312.5789680.1	97.959	98	2	0	7659	7756	3	100	5.28e-39	171
CFAV-Macapa2_Brazil_2017	SRA:SRX4590312.4928859.1	97.030	101	3	0	787	887	1	101	5.28e-39	171
CFAV-Macapa2_Brazil_2017	SRA:SRX4590312.2548697.1	97.030	101	3	0	787	887	1	101	5.28e-39	171
CFAV-Macapa2_Brazil_2017	SRA:SRX4590312.10790590.1	97.000	100	3	0	10369	10468	2	101	1.90e-38	169
CFAV-Macapa2_Brazil_2017	SRA:SRX4590312.5002389.1	96.970	99	3	0	8688	8786	3	101	6.83e-38	167
CFAV-Macapa2_Brazil_2017	SRA:SRX4590312.4880059.1	96.970	99	3	0	4817	4915	3	101	6.83e-38	167
CFAV-Macapa2_Brazil_2017	SRA:SRX4590312.19764037.1	96.040	101	4	0	5390	5490	1	101	2.46e-37	165
CFAV-Macapa2_Brazil_2017	SRA:SRX4590312.19538445.1	96.939	98	3	0	10321	10418	4	101	2.46e-37	165
CFAV-Macapa2_Brazil_2017	SRA:SRX4590312.17222182.1	96.939	98	3	0	8690	8787	1	98	2.46e-37	165
CFAV-Macapa2_Brazil_2017	SRA:SRX4590312.16911376.1	96.040	101	4	0	4827	4927	1	101	2.46e-37	165
CFAV-Macapa2_Brazil_2017	SRA:SRX4590312.13102452.1	96.040	101	4	0	4814	4914	1	101	2.46e-37	165
CFAV-Macapa2_Brazil_2017	SRA:SRX4590312.8438666.1	96.040	101	4	0	5665	5765	1	101	2.46e-37	165
CFAV-Macapa2_Brazil_2017	SRA:SRX4590312.1137271.1	96.939	98	3	0	9144	9241	4	101	2.46e-37	165
CFAV-Macapa2_Brazil_2017	SRA:SRX4590312.21026804.1	96.000	100	4	0	8954	9053	1	100	8.83e-37	163
CFAV-Macapa2_Brazil_2017	SRA:SRX4590312.18406303.1	96.000	100	4	0	5391	5490	2	101	8.83e-37	163
CFAV-Macapa2_Brazil_2017	SRA:SRX4590312.16305770.1	96.040	101	3	1	1238	1338	1	100	8.83e-37	163
CFAV-Macapa2_Brazil_2017	SRA:SRX4590312.7798769.1	96.000	100	4	0	4848	4947	2	101	8.83e-37	163
CFAV-Macapa2_Brazil_2017	SRA:SRX4590312.5744321.1	96.000	100	4	0	6088	6187	2	101	8.83e-37	163
CFAV-Macapa2_Brazil_2017	SRA:SRX4590312.19756142.1	95.960	99	4	0	4827	4925	3	101	3.18e-36	161
CFAV-Macapa2_Brazil_2017	SRA:SRX4590312.2760780.1	95.960	99	4	0	8369	8467	3	101	3.18e-36	161
CFAV-Macapa2_Brazil_2017	SRA:SRX4590312.14457899.1	96.842	95	3	0	10387	10481	7	101	1.14e-35	159
CFAV-Macapa2_Brazil_2017	SRA:SRX4590312.8243168.1	95.918	98	4	0	4856	4953	3	100	1.14e-35	159
CFAV-Macapa2_Brazil_2017	SRA:SRX4590312.7645620.1	95.918	98	4	0	9718	9815	4	101	1.14e-35	159
CFAV-Macapa2_Brazil_2017	SRA:SRX4590312.13501999.1	95.000	100	5	0	4843	4942	2	101	4.11e-35	158
CFAV-Macapa2_Brazil_2017	SRA:SRX4590312.11879599.1	95.876	97	4	0	5689	5785	1	97	4.11e-35	158
CFAV-Macapa2_Brazil_2017	SRA:SRX4590312.8470548.1	94.949	99	5	0	8948	9046	3	101	1.48e-34	156
CFAV-Macapa2_Brazil_2017	SRA:SRX4590312.7943176.1	94.949	99	5	0	8378	8476	3	101	1.48e-34	156
CFAV-Macapa2_Brazil_2017	SRA:SRX4590312.21247379.1	94.059	101	6	0	7196	7296	1	101	5.32e-34	154
CFAV-Macapa2_Brazil_2017	SRA:SRX4590312.16030847.1	94.059	101	6	0	9064	9164	1	101	5.32e-34	154
CFAV-Macapa2_Brazil_2017	SRA:SRX4590312.12546531.1	100.000	83	0	0	10528	10610	2	84	5.32e-34	154
CFAV-Macapa2_Brazil_2017	SRA:SRX4590312.11797731.1	94.059	101	6	0	9064	9164	1	101	5.32e-34	154
CFAV-Macapa2_Brazil_2017	SRA:SRX4590312.10804584.1	94.059	101	6	0	7962	8062	1	101	5.32e-34	154
CFAV-Macapa2_Brazil_2017	SRA:SRX4590312.9482018.1	94.059	101	6	0	8945	9045	1	101	5.32e-34	154
CFAV-Macapa2_Brazil_2017	SRA:SRX4590312.2551699.1	94.059	101	6	0	7196	7296	1	101	5.32e-34	154
CFAV-Macapa2_Brazil_2017	SRA:SRX4590312.2156493.1	95.833	96	3	1	5929	6024	5	99	5.32e-34	154
CFAV-Macapa2_Brazil_2017	SRA:SRX4590312.964469.1	94.898	98	5	0	510	607	4	101	5.32e-34	154
CFAV-Macapa2_Brazil_2017	SRA:SRX4590312.433872.1	94.059	101	6	0	6169	6269	1	101	5.32e-34	154
CFAV-Macapa2_Brazil_2017	SRA:SRX4590312.19800682.1	94.000	100	6	0	6693	6792	2	101	1.91e-33	152
CFAV-Macapa2_Brazil_2017	SRA:SRX4590312.10497501.1	94.000	100	6	0	611	710	1	100	1.91e-33	152
CFAV-Macapa2_Brazil_2017	SRA:SRX4590312.4369671.1	94.000	100	6	0	611	710	1	100	1.91e-33	152
CFAV-Macapa2_Brazil_2017	SRA:SRX4590312.20113651.1	93.939	99	6	0	5971	6069	3	101	6.88e-33	150
CFAV-Macapa2_Brazil_2017	SRA:SRX4590312.9027463.1	93.939	99	6	0	5971	6069	3	101	6.88e-33	150
CFAV-Macapa2_Brazil_2017	SRA:SRX4590312.18904579.1	93.069	101	7	0	6693	6793	1	101	2.47e-32	148
CFAV-Macapa2_Brazil_2017	SRA:SRX4590312.18802852.1	97.619	84	2	0	7673	7756	3	86	3.20e-31	145
CFAV-Macapa2_Brazil_2017	SRA:SRX4590312.13004686.1	97.619	84	2	0	7673	7756	3	86	3.20e-31	145
CFAV-Macapa2_Brazil_2017	SRA:SRX4590312.13287857.1	97.590	83	2	0	10528	10610	2	84	1.15e-30	143
CFAV-Macapa2_Brazil_2017	SRA:SRX4590312.12024779.1	93.684	95	6	0	545	639	7	101	1.15e-30	143
CFAV-Macapa2_Brazil_2017	SRA:SRX4590312.10549589.1	93.684	95	6	0	545	639	7	101	1.15e-30	143
CFAV-Macapa2_Brazil_2017	SRA:SRX4590312.16978165.1	96.429	84	3	0	7673	7756	3	86	1.49e-29	139
CFAV-Macapa2_Brazil_2017	SRA:SRX4590312.9369598.1	91.753	97	8	0	4647	4743	1	97	1.93e-28	135
CFAV-Macapa2_Brazil_2017	SRA:SRX4590312.1834626.1	97.468	79	2	0	5413	5491	1	79	1.93e-28	135
CFAV-Macapa2_Brazil_2017	SRA:SRX4590312.21613867.1	90.625	96	9	0	4652	4747	6	101	3.22e-26	128
CFAV-Macapa2_Brazil_2017	SRA:SRX4590312.19965303.1	94.872	78	4	0	4989	5066	4	81	1.50e-24	122
CFAV-Macapa2_Brazil_2017	SRA:SRX4590312.17282786.1	94.366	71	4	0	4802	4872	31	101	1.17e-20	110
CFAV-Macapa2_Brazil_2017	SRA:SRX4590312.16722654.1	88.043	92	11	0	21	112	10	101	1.17e-20	110
CFAV-Macapa2_Brazil_2017	SRA:SRX4590312.14366471.1	98.387	62	1	0	770	831	1	62	1.17e-20	110
CFAV-Macapa2_Brazil_2017	SRA:SRX4590312.8230057.1	94.366	71	4	0	4802	4872	31	101	1.17e-20	110
CFAV-Macapa2_Brazil_2017	SRA:SRX4590312.6104492.1	88.043	92	11	0	21	112	10	101	1.17e-20	110
CFAV-Macapa2_Brazil_2017	SRA:SRX4590312.4744978.1	95.588	68	3	0	8999	9066	1	68	1.17e-20	110
CFAV-Macapa2_Brazil_2017	SRA:SRX4590312.2091057.1	92.857	70	4	1	8734	8802	1	70	7.02e-18	100
CFAV-Macapa2_Brazil_2017	SRA:SRX4590312.8122052.1	98.214	56	1	0	782	837	2	57	2.53e-17	99.0
CFAV-Macapa2_Brazil_2017	SRA:SRX4590312.19003721.1	87.805	82	10	0	21	102	20	101	9.09e-17	97.1
CFAV-Macapa2_Brazil_2017	SRA:SRX4590312.18856891.1	87.805	82	10	0	21	102	20	101	9.09e-17	97.1
CFAV-Macapa2_Brazil_2017	SRA:SRX4590312.18607886.1	87.805	82	10	0	21	102	9	90	9.09e-17	97.1
CFAV-Macapa2_Brazil_2017	SRA:SRX4590312.17845572.1	87.805	82	10	0	21	102	17	98	9.09e-17	97.1
CFAV-Macapa2_Brazil_2017	SRA:SRX4590312.17088592.1	87.805	82	10	0	21	102	17	98	9.09e-17	97.1
CFAV-Macapa2_Brazil_2017	SRA:SRX4590312.14724071.1	87.805	82	10	0	21	102	16	97	9.09e-17	97.1
CFAV-Macapa2_Brazil_2017	SRA:SRX4590312.13955180.1	87.805	82	10	0	21	102	20	101	9.09e-17	97.1
CFAV-Macapa2_Brazil_2017	SRA:SRX4590312.13661433.1	87.805	82	10	0	21	102	16	97	9.09e-17	97.1
CFAV-Macapa2_Brazil_2017	SRA:SRX4590312.11976313.1	87.805	82	10	0	21	102	17	98	9.09e-17	97.1
CFAV-Macapa2_Brazil_2017	SRA:SRX4590312.10483919.1	87.805	82	10	0	21	102	9	90	9.09e-17	97.1
CFAV-Macapa2_Brazil_2017	SRA:SRX4590312.5309881.1	87.805	82	10	0	21	102	20	101	9.09e-17	97.1
CFAV-Macapa2_Brazil_2017	SRA:SRX4590312.3952794.1	87.805	82	10	0	21	102	17	98	9.09e-17	97.1
CFAV-Macapa2_Brazil_2017	SRA:SRX4590312.1356861.1	87.805	82	10	0	21	102	17	98	9.09e-17	97.1
CFAV-Macapa2_Brazil_2017	SRA:SRX4590312.524754.1	87.805	82	10	0	21	102	20	101	9.09e-17	97.1
CFAV-Macapa2_Brazil_2017	SRA:SRX4590312.7519996.1	87.654	81	10	0	22	102	1	81	3.27e-16	95.3
CFAV-Macapa2_Brazil_2017	SRA:SRX4590312.5826684.1	92.537	67	4	1	8737	8802	2	68	3.27e-16	95.3
CFAV-Macapa2_Brazil_2017	SRA:SRX4590312.19126462.1	92.424	66	4	1	8738	8802	5	70	1.18e-15	93.5
CFAV-Macapa2_Brazil_2017	SRA:SRX4590312.5897408.1	88.312	77	9	0	26	102	1	77	1.18e-15	93.5
CFAV-Macapa2_Brazil_2017	SRA:SRX4590312.4920989.1	87.500	80	10	0	21	100	22	101	1.18e-15	93.5
CFAV-Macapa2_Brazil_2017	SRA:SRX4590312.1998030.1	86.905	84	10	1	20	102	2	85	1.18e-15	93.5
CFAV-Macapa2_Brazil_2017	SRA:SRX4590312.20349848.1	87.342	79	10	0	21	99	23	101	4.23e-15	91.6
CFAV-Macapa2_Brazil_2017	SRA:SRX4590312.19242767.1	93.443	61	4	0	2192	2252	1	61	4.23e-15	91.6
CFAV-Macapa2_Brazil_2017	SRA:SRX4590312.8357418.1	87.342	79	10	0	21	99	23	101	4.23e-15	91.6
CFAV-Macapa2_Brazil_2017	SRA:SRX4590312.7528353.1	86.585	82	11	0	21	102	18	99	4.23e-15	91.6
CFAV-Macapa2_Brazil_2017	SRA:SRX4590312.1926783.1	86.585	82	11	0	21	102	16	97	4.23e-15	91.6
CFAV-Macapa2_Brazil_2017	SRA:SRX4590312.17213593.1	88.000	75	9	0	28	102	1	75	1.52e-14	89.8
CFAV-Macapa2_Brazil_2017	SRA:SRX4590312.11768780.1	87.179	78	10	0	21	98	24	101	1.52e-14	89.8
CFAV-Macapa2_Brazil_2017	SRA:SRX4590312.13728648.1	87.013	77	10	0	26	102	1	77	5.47e-14	87.9
CFAV-Macapa2_Brazil_2017	SRA:SRX4590312.12227377.1	87.013	77	10	0	21	97	25	101	5.47e-14	87.9
CFAV-Macapa2_Brazil_2017	SRA:SRX4590312.7139695.1	87.013	77	10	0	21	97	25	101	5.47e-14	87.9
CFAV-Macapa2_Brazil_2017	SRA:SRX4590312.21552677.1	86.842	76	10	0	21	96	26	101	1.97e-13	86.1
CFAV-Macapa2_Brazil_2017	SRA:SRX4590312.18619098.1	96.078	51	2	0	52	102	8	58	7.07e-13	84.2
CFAV-Macapa2_Brazil_2017	SRA:SRX4590312.15786309.1	96.078	51	2	0	52	102	14	64	7.07e-13	84.2
CFAV-Macapa2_Brazil_2017	SRA:SRX4590312.13801266.1	96.078	51	2	0	52	102	14	64	7.07e-13	84.2
CFAV-Macapa2_Brazil_2017	SRA:SRX4590312.9965683.1	88.406	69	8	0	21	89	33	101	7.07e-13	84.2
CFAV-Macapa2_Brazil_2017	SRA:SRX4590312.9867420.1	96.078	51	2	0	52	102	8	58	7.07e-13	84.2
CFAV-Macapa2_Brazil_2017	SRA:SRX4590312.8582666.1	88.406	69	8	0	21	89	33	101	7.07e-13	84.2
CFAV-Macapa2_Brazil_2017	SRA:SRX4590312.2917292.1	96.078	51	2	0	52	102	13	63	7.07e-13	84.2
CFAV-Macapa2_Brazil_2017	SRA:SRX4590312.12956323.1	95.918	49	2	0	52	100	9	57	9.15e-12	80.5
CFAV-Macapa2_Brazil_2017	SRA:SRX4590312.6129210.1	95.833	48	2	0	1217	1264	1	48	3.29e-11	78.7
CFAV-Macapa2_Brazil_2017	SRA:SRX4590312.330460.1	95.833	48	2	0	1217	1264	1	48	3.29e-11	78.7
CFAV-Macapa2_Brazil_2017	SRA:SRX4590312.5135298.1	100.000	38	0	0	52	89	9	46	5.51e-09	71.3
CFAV-Macapa2_Brazil_2017	SRA:SRX4590312.3409036.1	97.297	37	0	1	4686	4721	1	37	3.31e-06	62.1
CFAV-KC_Cambodia_2015	SRA:SRX4590312.10790590.1	99.000	100	1	0	10380	10479	2	101	8.78e-42	180
CFAV-KC_Cambodia_2015	SRA:SRX4590312.9965683.1	99.000	100	1	0	1	100	2	101	8.78e-42	180
CFAV-KC_Cambodia_2015	SRA:SRX4590312.8582666.1	99.000	100	1	0	1	100	2	101	8.78e-42	180
CFAV-KC_Cambodia_2015	SRA:SRX4590312.19756142.1	98.990	99	1	0	4838	4936	3	101	3.16e-41	178
CFAV-KC_Cambodia_2015	SRA:SRX4590312.4880059.1	98.990	99	1	0	4828	4926	3	101	3.16e-41	178
CFAV-KC_Cambodia_2015	SRA:SRX4590312.19321159.1	98.020	101	2	0	7675	7775	1	101	1.14e-40	176
CFAV-KC_Cambodia_2015	SRA:SRX4590312.16836122.1	98.020	101	2	0	8665	8765	1	101	1.14e-40	176
CFAV-KC_Cambodia_2015	SRA:SRX4590312.13102452.1	98.980	98	1	0	4828	4925	4	101	1.14e-40	176
CFAV-KC_Cambodia_2015	SRA:SRX4590312.11976313.1	98.020	101	2	0	16	116	1	101	1.14e-40	176
CFAV-KC_Cambodia_2015	SRA:SRX4590312.11768780.1	98.020	101	2	0	9	109	1	101	1.14e-40	176
CFAV-KC_Cambodia_2015	SRA:SRX4590312.7755681.1	98.020	101	2	0	7675	7775	1	101	1.14e-40	176
CFAV-KC_Cambodia_2015	SRA:SRX4590312.4928859.1	98.020	101	2	0	798	898	1	101	1.14e-40	176
CFAV-KC_Cambodia_2015	SRA:SRX4590312.3921481.1	98.020	101	2	0	7682	7782	1	101	1.14e-40	176
CFAV-KC_Cambodia_2015	SRA:SRX4590312.2548697.1	98.020	101	2	0	798	898	1	101	1.14e-40	176
CFAV-KC_Cambodia_2015	SRA:SRX4590312.20349848.1	98.000	100	2	0	11	110	2	101	4.09e-40	174
CFAV-KC_Cambodia_2015	SRA:SRX4590312.19003721.1	98.000	100	2	0	14	113	2	101	4.09e-40	174
CFAV-KC_Cambodia_2015	SRA:SRX4590312.18856891.1	98.000	100	2	0	14	113	2	101	4.09e-40	174
CFAV-KC_Cambodia_2015	SRA:SRX4590312.16911376.1	98.000	100	2	0	4838	4937	1	100	4.09e-40	174
CFAV-KC_Cambodia_2015	SRA:SRX4590312.7464791.1	98.000	100	2	0	7668	7767	1	100	4.09e-40	174
CFAV-KC_Cambodia_2015	SRA:SRX4590312.4920989.1	98.000	100	2	0	12	111	2	101	4.09e-40	174
CFAV-KC_Cambodia_2015	SRA:SRX4590312.3952794.1	98.000	100	2	0	16	115	1	100	4.09e-40	174
CFAV-KC_Cambodia_2015	SRA:SRX4590312.524754.1	97.980	99	2	0	15	113	3	101	1.47e-39	172
CFAV-KC_Cambodia_2015	SRA:SRX4590312.21552677.1	97.959	98	2	0	10	107	4	101	5.28e-39	171
CFAV-KC_Cambodia_2015	SRA:SRX4590312.17845572.1	97.030	101	3	0	16	116	1	101	5.28e-39	171
CFAV-KC_Cambodia_2015	SRA:SRX4590312.17222182.1	97.030	101	3	0	8701	8801	1	101	5.28e-39	171
CFAV-KC_Cambodia_2015	SRA:SRX4590312.17088592.1	97.030	101	3	0	16	116	1	101	5.28e-39	171
CFAV-KC_Cambodia_2015	SRA:SRX4590312.7528353.1	97.030	101	3	0	15	115	1	101	5.28e-39	171
CFAV-KC_Cambodia_2015	SRA:SRX4590312.6380373.1	97.030	101	3	0	8459	8559	1	101	5.28e-39	171
CFAV-KC_Cambodia_2015	SRA:SRX4590312.2046196.1	97.030	101	3	0	8459	8559	1	101	5.28e-39	171
CFAV-KC_Cambodia_2015	SRA:SRX4590312.1356861.1	97.030	101	3	0	16	116	1	101	5.28e-39	171
CFAV-KC_Cambodia_2015	SRA:SRX4590312.15278340.1	97.000	100	3	0	8656	8755	2	101	1.90e-38	169
CFAV-KC_Cambodia_2015	SRA:SRX4590312.13955180.1	97.938	97	2	0	17	113	5	101	1.90e-38	169
CFAV-KC_Cambodia_2015	SRA:SRX4590312.12393880.1	97.959	98	1	1	7670	7767	3	99	1.90e-38	169
CFAV-KC_Cambodia_2015	SRA:SRX4590312.7798769.1	97.000	100	3	0	4859	4958	2	101	1.90e-38	169
CFAV-KC_Cambodia_2015	SRA:SRX4590312.5789680.1	97.959	98	1	1	7670	7767	3	99	1.90e-38	169
CFAV-KC_Cambodia_2015	SRA:SRX4590312.5309881.1	97.938	97	2	0	17	113	5	101	1.90e-38	169
CFAV-KC_Cambodia_2015	SRA:SRX4590312.16722654.1	97.917	96	2	0	28	123	6	101	6.84e-38	167
CFAV-KC_Cambodia_2015	SRA:SRX4590312.14724071.1	96.970	99	3	0	17	115	1	99	6.84e-38	167
CFAV-KC_Cambodia_2015	SRA:SRX4590312.14457899.1	97.917	96	2	0	10397	10492	6	101	6.84e-38	167
CFAV-KC_Cambodia_2015	SRA:SRX4590312.13661433.1	96.970	99	3	0	17	115	1	99	6.84e-38	167
CFAV-KC_Cambodia_2015	SRA:SRX4590312.13494431.1	96.970	99	3	0	3912	4010	1	99	6.84e-38	167
CFAV-KC_Cambodia_2015	SRA:SRX4590312.8243168.1	96.970	99	3	0	4867	4965	3	101	6.84e-38	167
CFAV-KC_Cambodia_2015	SRA:SRX4590312.6104492.1	97.917	96	2	0	28	123	6	101	6.84e-38	167
CFAV-KC_Cambodia_2015	SRA:SRX4590312.5002389.1	96.970	99	3	0	8699	8797	3	101	6.84e-38	167
CFAV-KC_Cambodia_2015	SRA:SRX4590312.1926783.1	96.970	99	3	0	17	115	1	99	6.84e-38	167
CFAV-KC_Cambodia_2015	SRA:SRX4590312.16305770.1	96.078	102	3	1	1249	1350	1	101	2.46e-37	165
CFAV-KC_Cambodia_2015	SRA:SRX4590312.9482018.1	96.040	101	4	0	8956	9056	1	101	2.46e-37	165
CFAV-KC_Cambodia_2015	SRA:SRX4590312.8470548.1	96.078	102	3	1	8956	9057	1	101	2.46e-37	165
CFAV-KC_Cambodia_2015	SRA:SRX4590312.8357418.1	96.040	101	4	0	10	110	1	101	2.46e-37	165
CFAV-KC_Cambodia_2015	SRA:SRX4590312.7645620.1	96.078	102	3	1	9725	9826	1	101	2.46e-37	165
CFAV-KC_Cambodia_2015	SRA:SRX4590312.19439351.1	96.000	100	4	0	8692	8791	2	101	8.84e-37	163
CFAV-KC_Cambodia_2015	SRA:SRX4590312.16407351.1	97.872	94	2	0	8665	8758	8	101	8.84e-37	163
CFAV-KC_Cambodia_2015	SRA:SRX4590312.13501999.1	96.000	100	4	0	4854	4953	2	101	8.84e-37	163
CFAV-KC_Cambodia_2015	SRA:SRX4590312.11012498.1	96.000	100	4	0	8692	8791	2	101	8.84e-37	163
CFAV-KC_Cambodia_2015	SRA:SRX4590312.7900493.1	96.000	100	4	0	8682	8781	2	101	8.84e-37	163
CFAV-KC_Cambodia_2015	SRA:SRX4590312.20685644.1	95.960	99	4	0	8679	8777	1	99	3.18e-36	161
CFAV-KC_Cambodia_2015	SRA:SRX4590312.2760780.1	95.960	99	4	0	8380	8478	3	101	3.18e-36	161
CFAV-KC_Cambodia_2015	SRA:SRX4590312.21026804.1	95.960	99	3	1	8965	9062	1	99	1.14e-35	159
CFAV-KC_Cambodia_2015	SRA:SRX4590312.19545735.1	95.050	101	5	0	2270	2370	1	101	1.14e-35	159
CFAV-KC_Cambodia_2015	SRA:SRX4590312.16893873.1	95.050	101	5	0	7411	7511	1	101	1.14e-35	159
CFAV-KC_Cambodia_2015	SRA:SRX4590312.12227377.1	97.826	92	2	0	17	108	10	101	1.14e-35	159
CFAV-KC_Cambodia_2015	SRA:SRX4590312.10497501.1	95.050	101	5	0	622	722	1	101	1.14e-35	159
CFAV-KC_Cambodia_2015	SRA:SRX4590312.7139695.1	97.826	92	2	0	17	108	10	101	1.14e-35	159
CFAV-KC_Cambodia_2015	SRA:SRX4590312.4369671.1	95.050	101	5	0	622	722	1	101	1.14e-35	159
CFAV-KC_Cambodia_2015	SRA:SRX4590312.3138704.1	95.050	101	5	0	8684	8784	1	101	1.14e-35	159
CFAV-KC_Cambodia_2015	SRA:SRX4590312.1137271.1	95.918	98	4	0	9155	9252	4	101	1.14e-35	159
CFAV-KC_Cambodia_2015	SRA:SRX4590312.433872.1	95.918	98	4	0	6183	6280	4	101	1.14e-35	159
CFAV-KC_Cambodia_2015	SRA:SRX4590312.14129830.1	94.949	99	5	0	8679	8777	1	99	1.48e-34	156
CFAV-KC_Cambodia_2015	SRA:SRX4590312.9329653.1	94.949	99	5	0	8687	8785	3	101	1.48e-34	156
CFAV-KC_Cambodia_2015	SRA:SRX4590312.4310663.1	94.949	99	5	0	8679	8777	1	99	1.48e-34	156
CFAV-KC_Cambodia_2015	SRA:SRX4590312.2918623.1	94.949	99	5	0	8687	8785	3	101	1.48e-34	156
CFAV-KC_Cambodia_2015	SRA:SRX4590312.21247379.1	94.059	101	6	0	7207	7307	1	101	5.32e-34	154
CFAV-KC_Cambodia_2015	SRA:SRX4590312.20483335.1	94.898	98	5	0	7423	7520	4	101	5.32e-34	154
CFAV-KC_Cambodia_2015	SRA:SRX4590312.19764037.1	94.059	101	6	0	5401	5501	1	101	5.32e-34	154
CFAV-KC_Cambodia_2015	SRA:SRX4590312.19538445.1	94.898	98	5	0	10332	10429	4	101	5.32e-34	154
CFAV-KC_Cambodia_2015	SRA:SRX4590312.18406303.1	94.898	98	5	0	5404	5501	4	101	5.32e-34	154
CFAV-KC_Cambodia_2015	SRA:SRX4590312.16030847.1	94.059	101	6	0	9075	9175	1	101	5.32e-34	154
CFAV-KC_Cambodia_2015	SRA:SRX4590312.11797731.1	94.059	101	6	0	9075	9175	1	101	5.32e-34	154
CFAV-KC_Cambodia_2015	SRA:SRX4590312.8438666.1	94.059	101	6	0	5676	5776	1	101	5.32e-34	154
CFAV-KC_Cambodia_2015	SRA:SRX4590312.2551699.1	94.059	101	6	0	7207	7307	1	101	5.32e-34	154
CFAV-KC_Cambodia_2015	SRA:SRX4590312.1684192.1	94.059	101	6	0	9912	10012	1	101	5.32e-34	154
CFAV-KC_Cambodia_2015	SRA:SRX4590312.19800682.1	94.000	100	6	0	6704	6803	2	101	1.91e-33	152
CFAV-KC_Cambodia_2015	SRA:SRX4590312.5744321.1	94.000	100	6	0	6099	6198	2	101	1.91e-33	152
CFAV-KC_Cambodia_2015	SRA:SRX4590312.18607886.1	96.667	90	3	0	26	115	3	92	6.89e-33	150
CFAV-KC_Cambodia_2015	SRA:SRX4590312.10483919.1	96.667	90	3	0	26	115	3	92	6.89e-33	150
CFAV-KC_Cambodia_2015	SRA:SRX4590312.21170737.1	93.069	101	7	0	4941	5041	1	101	2.48e-32	148
CFAV-KC_Cambodia_2015	SRA:SRX4590312.18904579.1	93.069	101	7	0	6704	6804	1	101	2.48e-32	148
CFAV-KC_Cambodia_2015	SRA:SRX4590312.18802852.1	98.810	84	0	1	7684	7767	3	85	2.48e-32	148
CFAV-KC_Cambodia_2015	SRA:SRX4590312.13004686.1	98.810	84	0	1	7684	7767	3	85	2.48e-32	148
CFAV-KC_Cambodia_2015	SRA:SRX4590312.12546531.1	98.795	83	1	0	10539	10621	2	84	2.48e-32	148
CFAV-KC_Cambodia_2015	SRA:SRX4590312.12505064.1	93.069	101	7	0	4943	5043	1	101	2.48e-32	148
CFAV-KC_Cambodia_2015	SRA:SRX4590312.1691501.1	93.069	101	7	0	4940	5040	1	101	2.48e-32	148
CFAV-KC_Cambodia_2015	SRA:SRX4590312.11741624.1	93.000	100	7	0	4941	5040	1	100	8.91e-32	147
CFAV-KC_Cambodia_2015	SRA:SRX4590312.9369598.1	93.814	97	6	0	4658	4754	1	97	8.91e-32	147
CFAV-KC_Cambodia_2015	SRA:SRX4590312.18868349.1	92.857	98	7	0	4943	5040	1	98	1.15e-30	143
CFAV-KC_Cambodia_2015	SRA:SRX4590312.18704865.1	92.079	101	8	0	4939	5039	1	101	1.15e-30	143
CFAV-KC_Cambodia_2015	SRA:SRX4590312.16978165.1	97.619	84	1	1	7684	7767	3	85	1.15e-30	143
CFAV-KC_Cambodia_2015	SRA:SRX4590312.7519996.1	97.590	83	2	0	33	115	1	83	1.15e-30	143
CFAV-KC_Cambodia_2015	SRA:SRX4590312.6214771.1	92.857	98	7	0	4943	5040	1	98	1.15e-30	143
CFAV-KC_Cambodia_2015	SRA:SRX4590312.2156493.1	92.857	98	7	0	5938	6035	2	99	1.15e-30	143
CFAV-KC_Cambodia_2015	SRA:SRX4590312.19181376.1	92.784	97	7	0	4944	5040	1	97	4.14e-30	141
CFAV-KC_Cambodia_2015	SRA:SRX4590312.1998030.1	96.471	85	2	1	32	115	3	87	1.49e-29	139
CFAV-KC_Cambodia_2015	SRA:SRX4590312.21613867.1	93.478	92	6	0	4663	4754	6	97	5.36e-29	137
CFAV-KC_Cambodia_2015	SRA:SRX4590312.13345634.1	93.478	92	6	0	4949	5040	3	94	5.36e-29	137
CFAV-KC_Cambodia_2015	SRA:SRX4590312.13287857.1	96.386	83	3	0	10539	10621	2	84	5.36e-29	137
CFAV-KC_Cambodia_2015	SRA:SRX4590312.1525200.1	97.500	80	2	0	8704	8783	6	85	5.36e-29	137
CFAV-KC_Cambodia_2015	SRA:SRX4590312.5897408.1	97.468	79	2	0	37	115	1	79	1.93e-28	135
CFAV-KC_Cambodia_2015	SRA:SRX4590312.1834626.1	97.468	79	2	0	5424	5502	1	79	1.93e-28	135
CFAV-KC_Cambodia_2015	SRA:SRX4590312.20113651.1	91.667	96	8	0	5982	6077	3	98	6.93e-28	134
CFAV-KC_Cambodia_2015	SRA:SRX4590312.9027463.1	91.667	96	8	0	5982	6077	3	98	6.93e-28	134
CFAV-KC_Cambodia_2015	SRA:SRX4590312.9025488.1	95.294	85	3	1	8699	8782	6	90	6.93e-28	134
CFAV-KC_Cambodia_2015	SRA:SRX4590312.17213593.1	97.403	77	2	0	39	115	1	77	2.49e-27	132
CFAV-KC_Cambodia_2015	SRA:SRX4590312.10804584.1	90.099	101	10	0	7973	8073	1	101	2.49e-27	132
CFAV-KC_Cambodia_2015	SRA:SRX4590312.10464054.1	92.391	92	7	0	4949	5040	1	92	2.49e-27	132
CFAV-KC_Cambodia_2015	SRA:SRX4590312.17296679.1	93.182	88	6	0	4959	5046	1	88	8.97e-27	130
CFAV-KC_Cambodia_2015	SRA:SRX4590312.13728648.1	96.203	79	3	0	37	115	1	79	8.97e-27	130
CFAV-KC_Cambodia_2015	SRA:SRX4590312.9356915.1	93.182	88	6	0	4959	5046	1	88	8.97e-27	130
CFAV-KC_Cambodia_2015	SRA:SRX4590312.18065049.1	92.135	89	6	1	4963	5051	1	88	4.17e-25	124
CFAV-KC_Cambodia_2015	SRA:SRX4590312.19965303.1	94.872	78	4	0	5000	5077	4	81	1.50e-24	122
CFAV-KC_Cambodia_2015	SRA:SRX4590312.18786183.1	92.771	83	6	0	4964	5046	1	83	5.40e-24	121
CFAV-KC_Cambodia_2015	SRA:SRX4590312.17282786.1	97.183	71	2	0	4813	4883	31	101	5.40e-24	121
CFAV-KC_Cambodia_2015	SRA:SRX4590312.8230057.1	97.183	71	2	0	4813	4883	31	101	5.40e-24	121
CFAV-KC_Cambodia_2015	SRA:SRX4590312.19054126.1	92.683	82	6	0	4965	5046	1	82	1.94e-23	119
CFAV-KC_Cambodia_2015	SRA:SRX4590312.18380659.1	92.683	82	6	0	4965	5046	1	82	1.94e-23	119
CFAV-KC_Cambodia_2015	SRA:SRX4590312.20769584.1	91.667	84	7	0	4963	5046	2	85	6.98e-23	117
CFAV-KC_Cambodia_2015	SRA:SRX4590312.16976856.1	91.667	84	7	0	4963	5046	2	85	6.98e-23	117
CFAV-KC_Cambodia_2015	SRA:SRX4590312.14043006.1	91.667	84	7	0	4963	5046	2	85	6.98e-23	117
CFAV-KC_Cambodia_2015	SRA:SRX4590312.20828295.1	90.588	85	7	1	4963	5046	2	86	3.25e-21	111
CFAV-KC_Cambodia_2015	SRA:SRX4590312.16678691.1	90.476	84	8	0	4963	5046	1	84	3.25e-21	111
CFAV-KC_Cambodia_2015	SRA:SRX4590312.13801266.1	96.970	66	2	0	50	115	1	66	3.25e-21	111
CFAV-KC_Cambodia_2015	SRA:SRX4590312.6935128.1	92.308	78	6	0	4963	5040	1	78	3.25e-21	111
CFAV-KC_Cambodia_2015	SRA:SRX4590312.2710643.1	92.308	78	6	0	135	212	4	81	3.25e-21	111
CFAV-KC_Cambodia_2015	SRA:SRX4590312.20582942.1	92.208	77	6	0	4964	5040	1	77	1.17e-20	110
CFAV-KC_Cambodia_2015	SRA:SRX4590312.6148191.1	91.250	80	7	0	133	212	1	80	1.17e-20	110
CFAV-KC_Cambodia_2015	SRA:SRX4590312.5969292.1	90.361	83	8	0	8552	8634	2	84	1.17e-20	110
CFAV-KC_Cambodia_2015	SRA:SRX4590312.5568084.1	90.361	83	8	0	8552	8634	2	84	1.17e-20	110
CFAV-KC_Cambodia_2015	SRA:SRX4590312.20733585.1	92.105	76	6	0	4965	5040	3	78	4.20e-20	108
CFAV-KC_Cambodia_2015	SRA:SRX4590312.15786309.1	95.455	66	3	0	50	115	1	66	1.51e-19	106
CFAV-KC_Cambodia_2015	SRA:SRX4590312.2917292.1	96.774	62	2	0	54	115	4	65	5.44e-19	104
CFAV-KC_Cambodia_2015	SRA:SRX4590312.8062584.1	96.721	61	2	0	7497	7557	4	64	1.96e-18	102
CFAV-KC_Cambodia_2015	SRA:SRX4590312.7488510.1	90.909	77	6	1	4965	5040	1	77	1.96e-18	102
CFAV-KC_Cambodia_2015	SRA:SRX4590312.8357135.1	96.667	60	2	0	7583	7642	1	60	7.03e-18	100
CFAV-KC_Cambodia_2015	SRA:SRX4590312.14366471.1	95.161	62	3	0	781	842	1	62	2.53e-17	99.0
CFAV-KC_Cambodia_2015	SRA:SRX4590312.8122052.1	96.552	58	2	0	793	850	2	59	9.10e-17	97.1
CFAV-KC_Cambodia_2015	SRA:SRX4590312.18619098.1	95.000	60	3	0	56	115	1	60	3.27e-16	95.3
CFAV-KC_Cambodia_2015	SRA:SRX4590312.9867420.1	95.000	60	3	0	56	115	1	60	3.27e-16	95.3
CFAV-KC_Cambodia_2015	SRA:SRX4590312.12956323.1	94.828	58	2	1	54	111	1	57	1.52e-14	89.8
CFAV-KC_Cambodia_2015	SRA:SRX4590312.20021220.1	97.917	48	1	0	7144	7191	4	51	7.08e-13	84.2
CFAV-KC_Cambodia_2015	SRA:SRX4590312.5135298.1	97.872	47	0	1	54	100	1	46	9.16e-12	80.5
CFAV-KC_Cambodia_2015	SRA:SRX4590312.10894264.1	93.333	45	3	0	7677	7721	1	45	7.13e-08	67.6
CFAV-KC_Cambodia_2015	SRA:SRX4590312.19282685.1	96.970	33	1	0	5014	5046	3	35	1.54e-04	56.5
CFAV-Zik_Uganda_2016	SRA:SRX4590312.19321159.1	99.010	101	1	0	7675	7775	1	101	2.44e-42	182
CFAV-Zik_Uganda_2016	SRA:SRX4590312.7755681.1	99.010	101	1	0	7675	7775	1	101	2.44e-42	182
CFAV-Zik_Uganda_2016	SRA:SRX4590312.7464791.1	100.000	98	0	0	7668	7765	1	98	2.44e-42	182
CFAV-Zik_Uganda_2016	SRA:SRX4590312.10790590.1	99.000	100	1	0	10380	10479	2	101	8.78e-42	180
CFAV-Zik_Uganda_2016	SRA:SRX4590312.5744321.1	99.000	100	1	0	6099	6198	2	101	8.78e-42	180
CFAV-Zik_Uganda_2016	SRA:SRX4590312.16893873.1	98.020	101	2	0	7411	7511	1	101	1.14e-40	176
CFAV-Zik_Uganda_2016	SRA:SRX4590312.3921481.1	98.020	101	2	0	7682	7782	1	101	1.14e-40	176
CFAV-Zik_Uganda_2016	SRA:SRX4590312.4928859.1	98.000	100	2	0	799	898	2	101	4.09e-40	174
CFAV-Zik_Uganda_2016	SRA:SRX4590312.2548697.1	98.000	100	2	0	799	898	2	101	4.09e-40	174
CFAV-Zik_Uganda_2016	SRA:SRX4590312.1137271.1	98.969	97	1	0	9155	9251	4	100	4.09e-40	174
CFAV-Zik_Uganda_2016	SRA:SRX4590312.19756142.1	97.980	99	2	0	4838	4936	3	101	1.47e-39	172
CFAV-Zik_Uganda_2016	SRA:SRX4590312.13494431.1	97.980	99	2	0	3912	4010	1	99	1.47e-39	172
CFAV-Zik_Uganda_2016	SRA:SRX4590312.12393880.1	98.958	96	1	0	7670	7765	3	98	1.47e-39	172
CFAV-Zik_Uganda_2016	SRA:SRX4590312.5789680.1	98.958	96	1	0	7670	7765	3	98	1.47e-39	172
CFAV-Zik_Uganda_2016	SRA:SRX4590312.4880059.1	97.980	99	2	0	4828	4926	3	101	1.47e-39	172
CFAV-Zik_Uganda_2016	SRA:SRX4590312.20483335.1	97.959	98	2	0	7423	7520	4	101	5.28e-39	171
CFAV-Zik_Uganda_2016	SRA:SRX4590312.19545735.1	97.030	101	3	0	2270	2370	1	101	5.28e-39	171
CFAV-Zik_Uganda_2016	SRA:SRX4590312.19538445.1	97.959	98	2	0	10332	10429	4	101	5.28e-39	171
CFAV-Zik_Uganda_2016	SRA:SRX4590312.17222182.1	97.030	101	3	0	8701	8801	1	101	5.28e-39	171
CFAV-Zik_Uganda_2016	SRA:SRX4590312.16911376.1	97.030	101	3	0	4838	4938	1	101	5.28e-39	171
CFAV-Zik_Uganda_2016	SRA:SRX4590312.16836122.1	97.030	101	3	0	8665	8765	1	101	5.28e-39	171
CFAV-Zik_Uganda_2016	SRA:SRX4590312.13102452.1	97.030	101	3	0	4825	4925	1	101	5.28e-39	171
CFAV-Zik_Uganda_2016	SRA:SRX4590312.9482018.1	97.030	101	3	0	8956	9056	1	101	5.28e-39	171
CFAV-Zik_Uganda_2016	SRA:SRX4590312.8470548.1	97.059	102	2	1	8956	9057	1	101	5.28e-39	171
CFAV-Zik_Uganda_2016	SRA:SRX4590312.7645620.1	97.059	102	2	1	9725	9826	1	101	5.28e-39	171
CFAV-Zik_Uganda_2016	SRA:SRX4590312.21026804.1	97.030	101	2	1	8965	9064	1	101	1.90e-38	169
CFAV-Zik_Uganda_2016	SRA:SRX4590312.15278340.1	97.000	100	3	0	8656	8755	2	101	1.90e-38	169
CFAV-Zik_Uganda_2016	SRA:SRX4590312.7798769.1	97.000	100	3	0	4859	4958	2	101	1.90e-38	169
CFAV-Zik_Uganda_2016	SRA:SRX4590312.20113651.1	96.970	99	3	0	5982	6080	3	101	6.84e-38	167
CFAV-Zik_Uganda_2016	SRA:SRX4590312.14457899.1	97.917	96	2	0	10397	10492	6	101	6.84e-38	167
CFAV-Zik_Uganda_2016	SRA:SRX4590312.9027463.1	96.970	99	3	0	5982	6080	3	101	6.84e-38	167
CFAV-Zik_Uganda_2016	SRA:SRX4590312.5002389.1	96.970	99	3	0	8699	8797	3	101	6.84e-38	167
CFAV-Zik_Uganda_2016	SRA:SRX4590312.10804584.1	96.040	101	4	0	7973	8073	1	101	2.46e-37	165
CFAV-Zik_Uganda_2016	SRA:SRX4590312.8243168.1	96.939	98	3	0	4867	4964	3	100	2.46e-37	165
CFAV-Zik_Uganda_2016	SRA:SRX4590312.19439351.1	96.000	100	4	0	8692	8791	2	101	8.84e-37	163
CFAV-Zik_Uganda_2016	SRA:SRX4590312.13501999.1	96.000	100	4	0	4854	4953	2	101	8.84e-37	163
CFAV-Zik_Uganda_2016	SRA:SRX4590312.11012498.1	96.000	100	4	0	8692	8791	2	101	8.84e-37	163
CFAV-Zik_Uganda_2016	SRA:SRX4590312.9965683.1	96.000	100	4	0	1	100	2	101	8.84e-37	163
CFAV-Zik_Uganda_2016	SRA:SRX4590312.8582666.1	96.000	100	4	0	1	100	2	101	8.84e-37	163
CFAV-Zik_Uganda_2016	SRA:SRX4590312.7900493.1	96.000	100	4	0	8682	8781	2	101	8.84e-37	163
CFAV-Zik_Uganda_2016	SRA:SRX4590312.2156493.1	96.000	100	4	0	5938	6037	2	101	8.84e-37	163
CFAV-Zik_Uganda_2016	SRA:SRX4590312.14397552.1	95.960	99	4	0	6156	6254	1	99	3.18e-36	161
CFAV-Zik_Uganda_2016	SRA:SRX4590312.21247379.1	95.050	101	5	0	7207	7307	1	101	1.14e-35	159
CFAV-Zik_Uganda_2016	SRA:SRX4590312.20685644.1	95.050	101	5	0	8679	8779	1	101	1.14e-35	159
CFAV-Zik_Uganda_2016	SRA:SRX4590312.16407351.1	95.050	101	5	0	8658	8758	1	101	1.14e-35	159
CFAV-Zik_Uganda_2016	SRA:SRX4590312.16030847.1	95.050	101	5	0	9075	9175	1	101	1.14e-35	159
CFAV-Zik_Uganda_2016	SRA:SRX4590312.11797731.1	95.050	101	5	0	9075	9175	1	101	1.14e-35	159
CFAV-Zik_Uganda_2016	SRA:SRX4590312.11768780.1	95.050	101	5	0	9	109	1	101	1.14e-35	159
CFAV-Zik_Uganda_2016	SRA:SRX4590312.3138704.1	95.050	101	5	0	8684	8784	1	101	1.14e-35	159
CFAV-Zik_Uganda_2016	SRA:SRX4590312.2551699.1	95.050	101	5	0	7207	7307	1	101	1.14e-35	159
CFAV-Zik_Uganda_2016	SRA:SRX4590312.20349848.1	95.000	100	5	0	11	110	2	101	4.11e-35	158
CFAV-Zik_Uganda_2016	SRA:SRX4590312.19800682.1	95.000	100	5	0	6704	6803	2	101	4.11e-35	158
CFAV-Zik_Uganda_2016	SRA:SRX4590312.4920989.1	95.000	100	5	0	12	111	2	101	4.11e-35	158
CFAV-Zik_Uganda_2016	SRA:SRX4590312.19003721.1	94.949	99	5	0	14	112	2	100	1.48e-34	156
CFAV-Zik_Uganda_2016	SRA:SRX4590312.18856891.1	94.949	99	5	0	14	112	2	100	1.48e-34	156
CFAV-Zik_Uganda_2016	SRA:SRX4590312.9329653.1	94.949	99	5	0	8687	8785	3	101	1.48e-34	156
CFAV-Zik_Uganda_2016	SRA:SRX4590312.7943176.1	94.949	99	5	0	8389	8487	3	101	1.48e-34	156
CFAV-Zik_Uganda_2016	SRA:SRX4590312.2918623.1	94.949	99	5	0	8687	8785	3	101	1.48e-34	156
CFAV-Zik_Uganda_2016	SRA:SRX4590312.2760780.1	94.949	99	5	0	8380	8478	3	101	1.48e-34	156
CFAV-Zik_Uganda_2016	SRA:SRX4590312.21595811.1	94.059	101	6	0	4919	5019	1	101	5.32e-34	154
CFAV-Zik_Uganda_2016	SRA:SRX4590312.21552677.1	94.898	98	5	0	10	107	4	101	5.32e-34	154
CFAV-Zik_Uganda_2016	SRA:SRX4590312.21170737.1	94.059	101	6	0	4941	5041	1	101	5.32e-34	154
CFAV-Zik_Uganda_2016	SRA:SRX4590312.21030758.1	95.789	95	4	0	4897	4991	1	95	5.32e-34	154
CFAV-Zik_Uganda_2016	SRA:SRX4590312.19764037.1	94.059	101	6	0	5401	5501	1	101	5.32e-34	154
CFAV-Zik_Uganda_2016	SRA:SRX4590312.14528226.1	94.059	101	6	0	4935	5035	1	101	5.32e-34	154
CFAV-Zik_Uganda_2016	SRA:SRX4590312.14129830.1	94.059	101	6	0	8679	8779	1	101	5.32e-34	154
CFAV-Zik_Uganda_2016	SRA:SRX4590312.12546531.1	100.000	83	0	0	10539	10621	2	84	5.32e-34	154
CFAV-Zik_Uganda_2016	SRA:SRX4590312.12505064.1	94.059	101	6	0	4943	5043	1	101	5.32e-34	154
CFAV-Zik_Uganda_2016	SRA:SRX4590312.11976313.1	94.059	101	6	0	16	116	1	101	5.32e-34	154
CFAV-Zik_Uganda_2016	SRA:SRX4590312.5349008.1	94.059	101	6	0	4906	5006	1	101	5.32e-34	154
CFAV-Zik_Uganda_2016	SRA:SRX4590312.4310663.1	94.059	101	6	0	8679	8779	1	101	5.32e-34	154
CFAV-Zik_Uganda_2016	SRA:SRX4590312.1691501.1	94.059	101	6	0	4940	5040	1	101	5.32e-34	154
CFAV-Zik_Uganda_2016	SRA:SRX4590312.964469.1	94.898	98	5	0	521	618	4	101	5.32e-34	154
CFAV-Zik_Uganda_2016	SRA:SRX4590312.845278.1	94.059	101	6	0	4913	5013	1	101	5.32e-34	154
CFAV-Zik_Uganda_2016	SRA:SRX4590312.524754.1	94.898	98	5	0	15	112	3	100	5.32e-34	154
CFAV-Zik_Uganda_2016	SRA:SRX4590312.18904579.1	94.000	100	6	0	6704	6803	1	100	1.91e-33	152
CFAV-Zik_Uganda_2016	SRA:SRX4590312.18406303.1	94.000	100	6	0	5402	5501	2	101	1.91e-33	152
CFAV-Zik_Uganda_2016	SRA:SRX4590312.11741624.1	94.000	100	6	0	4941	5040	1	100	1.91e-33	152
CFAV-Zik_Uganda_2016	SRA:SRX4590312.10482412.1	94.000	100	6	0	4915	5014	2	101	1.91e-33	152
CFAV-Zik_Uganda_2016	SRA:SRX4590312.9089450.1	94.000	100	6	0	4899	4998	2	101	1.91e-33	152
CFAV-Zik_Uganda_2016	SRA:SRX4590312.5490800.1	94.000	100	6	0	4899	4998	2	101	1.91e-33	152
CFAV-Zik_Uganda_2016	SRA:SRX4590312.3952794.1	94.059	101	5	1	16	115	1	101	1.91e-33	152
CFAV-Zik_Uganda_2016	SRA:SRX4590312.16722654.1	94.792	96	5	0	28	123	6	101	6.89e-33	150
CFAV-Zik_Uganda_2016	SRA:SRX4590312.13955180.1	94.792	96	5	0	17	112	5	100	6.89e-33	150
CFAV-Zik_Uganda_2016	SRA:SRX4590312.7418011.1	94.792	96	5	0	4906	5001	4	99	6.89e-33	150
CFAV-Zik_Uganda_2016	SRA:SRX4590312.6104492.1	94.792	96	5	0	28	123	6	101	6.89e-33	150
CFAV-Zik_Uganda_2016	SRA:SRX4590312.5309881.1	94.792	96	5	0	17	112	5	100	6.89e-33	150
CFAV-Zik_Uganda_2016	SRA:SRX4590312.18868349.1	93.878	98	6	0	4943	5040	1	98	2.48e-32	148
CFAV-Zik_Uganda_2016	SRA:SRX4590312.18704865.1	93.069	101	7	0	4939	5039	1	101	2.48e-32	148
CFAV-Zik_Uganda_2016	SRA:SRX4590312.17845572.1	93.069	101	7	0	16	116	1	101	2.48e-32	148
CFAV-Zik_Uganda_2016	SRA:SRX4590312.17088592.1	93.069	101	7	0	16	116	1	101	2.48e-32	148
CFAV-Zik_Uganda_2016	SRA:SRX4590312.8357418.1	93.069	101	7	0	10	110	1	101	2.48e-32	148
CFAV-Zik_Uganda_2016	SRA:SRX4590312.7528353.1	94.737	95	5	0	15	109	1	95	2.48e-32	148
CFAV-Zik_Uganda_2016	SRA:SRX4590312.6214771.1	93.878	98	6	0	4943	5040	1	98	2.48e-32	148
CFAV-Zik_Uganda_2016	SRA:SRX4590312.3122672.1	93.878	98	6	0	4914	5011	4	101	2.48e-32	148
CFAV-Zik_Uganda_2016	SRA:SRX4590312.1356861.1	93.069	101	7	0	16	116	1	101	2.48e-32	148
CFAV-Zik_Uganda_2016	SRA:SRX4590312.19181376.1	93.814	97	6	0	4944	5040	1	97	8.91e-32	147
CFAV-Zik_Uganda_2016	SRA:SRX4590312.18802852.1	98.780	82	1	0	7684	7765	3	84	8.91e-32	147
CFAV-Zik_Uganda_2016	SRA:SRX4590312.13004686.1	98.780	82	1	0	7684	7765	3	84	8.91e-32	147
CFAV-Zik_Uganda_2016	SRA:SRX4590312.1006673.1	93.814	97	6	0	4941	5037	5	101	8.91e-32	147
CFAV-Zik_Uganda_2016	SRA:SRX4590312.14724071.1	93.000	100	6	1	17	115	1	100	3.20e-31	145
CFAV-Zik_Uganda_2016	SRA:SRX4590312.13661433.1	93.000	100	6	1	17	115	1	100	3.20e-31	145
CFAV-Zik_Uganda_2016	SRA:SRX4590312.11954484.1	92.929	99	7	0	4915	5013	3	101	3.20e-31	145
CFAV-Zik_Uganda_2016	SRA:SRX4590312.7209052.1	92.929	99	7	0	4915	5013	3	101	3.20e-31	145
CFAV-Zik_Uganda_2016	SRA:SRX4590312.1926783.1	93.000	100	6	1	17	115	1	100	3.20e-31	145
CFAV-Zik_Uganda_2016	SRA:SRX4590312.13345634.1	94.565	92	5	0	4949	5040	3	94	1.15e-30	143
CFAV-Zik_Uganda_2016	SRA:SRX4590312.13287857.1	97.590	83	2	0	10539	10621	2	84	1.15e-30	143
CFAV-Zik_Uganda_2016	SRA:SRX4590312.12227377.1	94.565	92	5	0	17	108	10	101	1.15e-30	143
CFAV-Zik_Uganda_2016	SRA:SRX4590312.10497501.1	92.079	101	8	0	622	722	1	101	1.15e-30	143
CFAV-Zik_Uganda_2016	SRA:SRX4590312.7139695.1	94.565	92	5	0	17	108	10	101	1.15e-30	143
CFAV-Zik_Uganda_2016	SRA:SRX4590312.4369671.1	92.079	101	8	0	622	722	1	101	1.15e-30	143
CFAV-Zik_Uganda_2016	SRA:SRX4590312.4121400.1	92.079	101	8	0	4935	5035	1	101	1.15e-30	143
CFAV-Zik_Uganda_2016	SRA:SRX4590312.20748432.1	93.617	94	6	0	4943	5036	3	96	4.14e-30	141
CFAV-Zik_Uganda_2016	SRA:SRX4590312.17339858.1	93.617	94	6	0	4943	5036	3	96	4.14e-30	141
CFAV-Zik_Uganda_2016	SRA:SRX4590312.16978165.1	97.561	82	2	0	7684	7765	3	84	4.14e-30	141
CFAV-Zik_Uganda_2016	SRA:SRX4590312.11879599.1	92.784	97	7	0	5700	5796	1	97	4.14e-30	141
CFAV-Zik_Uganda_2016	SRA:SRX4590312.10464054.1	93.478	92	6	0	4949	5040	1	92	5.36e-29	137
CFAV-Zik_Uganda_2016	SRA:SRX4590312.8890766.1	93.478	92	6	0	4949	5040	3	94	5.36e-29	137
CFAV-Zik_Uganda_2016	SRA:SRX4590312.5847095.1	91.089	101	9	0	92	192	1	101	5.36e-29	137
CFAV-Zik_Uganda_2016	SRA:SRX4590312.3787009.1	93.478	92	6	0	4915	5006	10	101	5.36e-29	137
CFAV-Zik_Uganda_2016	SRA:SRX4590312.17296679.1	94.318	88	5	0	4959	5046	1	88	1.93e-28	135
CFAV-Zik_Uganda_2016	SRA:SRX4590312.9356915.1	94.318	88	5	0	4959	5046	1	88	1.93e-28	135
CFAV-Zik_Uganda_2016	SRA:SRX4590312.1525200.1	96.341	82	3	0	8702	8783	4	85	1.93e-28	135
CFAV-Zik_Uganda_2016	SRA:SRX4590312.18975268.1	96.296	81	3	0	6055	6135	1	81	6.93e-28	134
CFAV-Zik_Uganda_2016	SRA:SRX4590312.18607886.1	93.407	91	5	1	26	115	3	93	6.93e-28	134
CFAV-Zik_Uganda_2016	SRA:SRX4590312.10483919.1	93.407	91	5	1	26	115	3	93	6.93e-28	134
CFAV-Zik_Uganda_2016	SRA:SRX4590312.12024779.1	91.579	95	8	0	556	650	7	101	2.49e-27	132
CFAV-Zik_Uganda_2016	SRA:SRX4590312.10549589.1	91.579	95	8	0	556	650	7	101	2.49e-27	132
CFAV-Zik_Uganda_2016	SRA:SRX4590312.19965303.1	98.630	73	1	0	5000	5072	4	76	8.97e-27	130
CFAV-Zik_Uganda_2016	SRA:SRX4590312.18065049.1	93.258	89	5	1	4963	5051	1	88	8.97e-27	130
CFAV-Zik_Uganda_2016	SRA:SRX4590312.19054126.1	95.062	81	4	0	4966	5046	2	82	3.23e-26	128
CFAV-Zik_Uganda_2016	SRA:SRX4590312.18786183.1	95.062	81	4	0	4966	5046	3	83	3.23e-26	128
CFAV-Zik_Uganda_2016	SRA:SRX4590312.18380659.1	95.062	81	4	0	4966	5046	2	82	3.23e-26	128
CFAV-Zik_Uganda_2016	SRA:SRX4590312.9025488.1	94.118	85	4	1	8699	8782	6	90	3.23e-26	128
CFAV-Zik_Uganda_2016	SRA:SRX4590312.20420240.1	89.796	98	10	0	87	184	1	98	1.16e-25	126
CFAV-Zik_Uganda_2016	SRA:SRX4590312.7519996.1	94.048	84	4	1	33	115	1	84	1.16e-25	126
CFAV-Zik_Uganda_2016	SRA:SRX4590312.2912398.1	92.941	85	6	0	105	189	4	88	4.17e-25	124
CFAV-Zik_Uganda_2016	SRA:SRX4590312.1998030.1	93.023	86	4	2	32	115	3	88	4.17e-25	124
CFAV-Zik_Uganda_2016	SRA:SRX4590312.1834626.1	94.937	79	4	0	5424	5502	1	79	4.17e-25	124
CFAV-Zik_Uganda_2016	SRA:SRX4590312.20769584.1	92.857	84	6	0	4963	5046	2	85	1.50e-24	122
CFAV-Zik_Uganda_2016	SRA:SRX4590312.16976856.1	92.857	84	6	0	4963	5046	2	85	1.50e-24	122
CFAV-Zik_Uganda_2016	SRA:SRX4590312.14043006.1	92.857	84	6	0	4963	5046	2	85	1.50e-24	122
CFAV-Zik_Uganda_2016	SRA:SRX4590312.17282786.1	97.183	71	2	0	4813	4883	31	101	5.40e-24	121
CFAV-Zik_Uganda_2016	SRA:SRX4590312.8230057.1	97.183	71	2	0	4813	4883	31	101	5.40e-24	121
CFAV-Zik_Uganda_2016	SRA:SRX4590312.20828295.1	93.671	79	5	0	4968	5046	8	86	1.94e-23	119
CFAV-Zik_Uganda_2016	SRA:SRX4590312.5897408.1	93.750	80	4	1	37	115	1	80	1.94e-23	119
CFAV-Zik_Uganda_2016	SRA:SRX4590312.20733585.1	94.667	75	4	0	4966	5040	4	78	6.98e-23	117
CFAV-Zik_Uganda_2016	SRA:SRX4590312.20582942.1	94.667	75	4	0	4966	5040	3	77	6.98e-23	117
CFAV-Zik_Uganda_2016	SRA:SRX4590312.16678691.1	91.667	84	7	0	4963	5046	1	84	6.98e-23	117
CFAV-Zik_Uganda_2016	SRA:SRX4590312.6935128.1	93.590	78	5	0	4963	5040	1	78	6.98e-23	117
CFAV-Zik_Uganda_2016	SRA:SRX4590312.17213593.1	93.590	78	4	1	39	115	1	78	2.51e-22	115
CFAV-Zik_Uganda_2016	SRA:SRX4590312.4744978.1	97.059	68	2	0	9010	9077	1	68	2.51e-22	115
CFAV-Zik_Uganda_2016	SRA:SRX4590312.13728648.1	92.500	80	5	1	37	115	1	80	9.03e-22	113
CFAV-Zik_Uganda_2016	SRA:SRX4590312.7488510.1	93.421	76	4	1	4966	5040	2	77	3.25e-21	111
CFAV-Zik_Uganda_2016	SRA:SRX4590312.13579747.1	94.366	71	4	0	4966	5036	2	72	1.17e-20	110
CFAV-Zik_Uganda_2016	SRA:SRX4590312.2091057.1	94.203	69	4	0	8745	8813	1	69	1.51e-19	106
CFAV-Zik_Uganda_2016	SRA:SRX4590312.14366471.1	98.246	57	1	0	781	837	1	57	7.03e-18	100
CFAV-Zik_Uganda_2016	SRA:SRX4590312.5826684.1	93.939	66	4	0	8748	8813	2	67	7.03e-18	100
CFAV-Zik_Uganda_2016	SRA:SRX4590312.3623576.1	93.939	66	4	0	1440	1505	36	101	7.03e-18	100
CFAV-Zik_Uganda_2016	SRA:SRX4590312.19126462.1	93.846	65	4	0	8749	8813	5	69	2.53e-17	99.0
CFAV-Zik_Uganda_2016	SRA:SRX4590312.13801266.1	92.537	67	4	1	50	115	1	67	3.27e-16	95.3
CFAV-Zik_Uganda_2016	SRA:SRX4590312.8357135.1	95.000	60	3	0	7583	7642	1	60	3.27e-16	95.3
CFAV-Zik_Uganda_2016	SRA:SRX4590312.2917292.1	93.651	63	3	1	54	115	4	66	1.18e-15	93.5
CFAV-Zik_Uganda_2016	SRA:SRX4590312.8062584.1	93.443	61	4	0	7497	7557	4	64	4.23e-15	91.6
CFAV-Zik_Uganda_2016	SRA:SRX4590312.15786309.1	91.045	67	5	1	50	115	1	67	1.52e-14	89.8
CFAV-Zik_Uganda_2016	SRA:SRX4590312.8122052.1	94.643	56	3	0	793	848	2	57	5.48e-14	87.9
CFAV-Zik_Uganda_2016	SRA:SRX4590312.19242767.1	91.935	62	4	1	2202	2263	1	61	1.97e-13	86.1
CFAV-Zik_Uganda_2016	SRA:SRX4590312.12956323.1	91.935	62	4	1	54	115	1	61	1.97e-13	86.1
CFAV-Zik_Uganda_2016	SRA:SRX4590312.18619098.1	91.803	61	4	1	56	115	1	61	7.08e-13	84.2
CFAV-Zik_Uganda_2016	SRA:SRX4590312.9867420.1	91.803	61	4	1	56	115	1	61	7.08e-13	84.2
CFAV-Zik_Uganda_2016	SRA:SRX4590312.5135298.1	95.745	47	1	1	54	100	1	46	4.26e-10	75.0
CFAV-Zik_Uganda_2016	SRA:SRX4590312.10894264.1	95.556	45	2	0	7677	7721	1	45	1.53e-09	73.1
CFAV-Zik_Uganda_2016	SRA:SRX4590312.6129210.1	93.750	48	3	0	1228	1275	1	48	1.53e-09	73.1
CFAV-Zik_Uganda_2016	SRA:SRX4590312.330460.1	93.750	48	3	0	1228	1275	1	48	1.53e-09	73.1
CFAV-Zik_Uganda_2016	SRA:SRX4590312.19282685.1	96.970	33	1	0	5014	5046	3	35	1.54e-04	56.5
