CFAV-Bangkok_Thailand_2015	SRA:SRX4963706.222849.1	96.000	125	5	0	8838	8962	125	1	3.45e-50	204
CFAV-Bangkok_Thailand_2015	SRA:SRX4963706.9746.1	96.000	125	5	0	8838	8962	125	1	3.45e-50	204
CFAV-Bangkok_Thailand_2015	SRA:SRX4963706.314110.1	95.200	125	6	0	8844	8968	125	1	1.61e-48	198
CFAV-Bangkok_Thailand_2015	SRA:SRX4963706.9746.2	95.200	125	6	0	8753	8877	1	125	1.61e-48	198
CFAV-Bangkok_Thailand_2015	SRA:SRX4963706.222849.2	94.400	125	7	0	8753	8877	1	125	7.47e-47	193
CFAV-Bangkok_Thailand_2015	SRA:SRX4963706.314110.2	94.309	123	7	0	8806	8928	3	125	9.66e-46	189
CFAV-Bangkok_Thailand_2015	SRA:SRX4963706.135410.2	94.309	123	7	0	8802	8924	2	124	9.66e-46	189
CFAV-Bangkok_Thailand_2015	SRA:SRX4963706.135410.1	93.600	125	8	0	8803	8927	125	1	3.47e-45	187
CFAV-Bangkok_Thailand_2015	SRA:SRX4963706.110586.2	93.458	107	7	0	8803	8909	107	1	7.57e-37	159
CFAV-Bangkok_Thailand_2015	SRA:SRX4963706.110586.1	93.458	107	7	0	8803	8909	1	107	7.57e-37	159
NC_001564	SRA:SRX4963706.9746.2	99.200	125	1	0	8760	8884	1	125	7.38e-57	226
NC_001564	SRA:SRX4963706.222849.2	98.400	125	2	0	8760	8884	1	125	3.43e-55	220
NC_001564	SRA:SRX4963706.314110.1	97.600	125	3	0	8851	8975	125	1	1.60e-53	215
NC_001564	SRA:SRX4963706.222849.1	97.600	125	3	0	8845	8969	125	1	1.60e-53	215
NC_001564	SRA:SRX4963706.9746.1	97.600	125	3	0	8845	8969	125	1	1.60e-53	215
NC_001564	SRA:SRX4963706.314110.2	97.561	123	3	0	8813	8935	3	125	2.07e-52	211
NC_001564	SRA:SRX4963706.135410.2	97.561	123	3	0	8809	8931	2	124	2.07e-52	211
NC_001564	SRA:SRX4963706.135410.1	96.800	125	4	0	8810	8934	125	1	7.43e-52	209
NC_001564	SRA:SRX4963706.110586.2	97.196	107	3	0	8810	8916	107	1	1.62e-43	182
NC_001564	SRA:SRX4963706.110586.1	97.196	107	3	0	8810	8916	1	107	1.62e-43	182
CFAV-Cairns_Australia_2014	SRA:SRX4963706.9746.2	98.400	125	2	0	8759	8883	1	125	3.43e-55	220
CFAV-Cairns_Australia_2014	SRA:SRX4963706.222849.2	97.600	125	3	0	8759	8883	1	125	1.60e-53	215
CFAV-Cairns_Australia_2014	SRA:SRX4963706.314110.1	96.000	125	5	0	8850	8974	125	1	3.46e-50	204
CFAV-Cairns_Australia_2014	SRA:SRX4963706.222849.1	96.000	125	5	0	8844	8968	125	1	3.46e-50	204
CFAV-Cairns_Australia_2014	SRA:SRX4963706.9746.1	96.000	125	5	0	8844	8968	125	1	3.46e-50	204
CFAV-Cairns_Australia_2014	SRA:SRX4963706.314110.2	95.935	123	5	0	8812	8934	3	125	4.47e-49	200
CFAV-Cairns_Australia_2014	SRA:SRX4963706.135410.2	95.935	123	5	0	8808	8930	2	124	4.47e-49	200
CFAV-Cairns_Australia_2014	SRA:SRX4963706.135410.1	95.200	125	6	0	8809	8933	125	1	1.61e-48	198
CFAV-Cairns_Australia_2014	SRA:SRX4963706.110586.2	95.327	107	5	0	8809	8915	107	1	3.51e-40	171
CFAV-Cairns_Australia_2014	SRA:SRX4963706.110586.1	95.327	107	5	0	8809	8915	1	107	3.51e-40	171
CFAV-Macapa2_Brazil_2017	SRA:SRX4963706.135410.2	99.187	123	1	0	8809	8931	2	124	9.55e-56	222
CFAV-Macapa2_Brazil_2017	SRA:SRX4963706.135410.1	98.400	125	2	0	8810	8934	125	1	3.43e-55	220
CFAV-Macapa2_Brazil_2017	SRA:SRX4963706.9746.2	96.800	125	4	0	8760	8884	1	125	7.43e-52	209
CFAV-Macapa2_Brazil_2017	SRA:SRX4963706.314110.2	96.748	123	4	0	8813	8935	3	125	9.61e-51	206
CFAV-Macapa2_Brazil_2017	SRA:SRX4963706.314110.1	96.000	125	5	0	8851	8975	125	1	3.46e-50	204
CFAV-Macapa2_Brazil_2017	SRA:SRX4963706.222849.2	96.000	125	5	0	8760	8884	1	125	3.46e-50	204
CFAV-Macapa2_Brazil_2017	SRA:SRX4963706.222849.1	96.000	125	5	0	8845	8969	125	1	3.46e-50	204
CFAV-Macapa2_Brazil_2017	SRA:SRX4963706.9746.1	96.000	125	5	0	8845	8969	125	1	3.46e-50	204
CFAV-Macapa2_Brazil_2017	SRA:SRX4963706.110586.2	99.065	107	1	0	8810	8916	107	1	7.49e-47	193
CFAV-Macapa2_Brazil_2017	SRA:SRX4963706.110586.1	99.065	107	1	0	8810	8916	1	107	7.49e-47	193
CFAV-KC_Cambodia_2015	SRA:SRX4963706.222849.1	98.400	125	2	0	8856	8980	125	1	3.44e-55	220
CFAV-KC_Cambodia_2015	SRA:SRX4963706.9746.1	98.400	125	2	0	8856	8980	125	1	3.44e-55	220
CFAV-KC_Cambodia_2015	SRA:SRX4963706.314110.1	97.600	125	3	0	8862	8986	125	1	1.60e-53	215
CFAV-KC_Cambodia_2015	SRA:SRX4963706.135410.2	97.561	123	3	0	8820	8942	2	124	2.07e-52	211
CFAV-KC_Cambodia_2015	SRA:SRX4963706.135410.1	96.800	125	4	0	8821	8945	125	1	7.44e-52	209
CFAV-KC_Cambodia_2015	SRA:SRX4963706.9746.2	96.800	125	4	0	8771	8895	1	125	7.44e-52	209
CFAV-KC_Cambodia_2015	SRA:SRX4963706.314110.2	96.748	123	4	0	8824	8946	3	125	9.63e-51	206
CFAV-KC_Cambodia_2015	SRA:SRX4963706.222849.2	96.000	125	5	0	8771	8895	1	125	3.46e-50	204
CFAV-KC_Cambodia_2015	SRA:SRX4963706.110586.2	97.196	107	3	0	8821	8927	107	1	1.62e-43	182
CFAV-KC_Cambodia_2015	SRA:SRX4963706.110586.1	97.196	107	3	0	8821	8927	1	107	1.62e-43	182
CFAV-Zik_Uganda_2016	SRA:SRX4963706.9746.2	98.400	125	2	0	8771	8895	1	125	3.44e-55	220
CFAV-Zik_Uganda_2016	SRA:SRX4963706.222849.2	97.600	125	3	0	8771	8895	1	125	1.60e-53	215
CFAV-Zik_Uganda_2016	SRA:SRX4963706.135410.2	97.561	123	3	0	8820	8942	2	124	2.07e-52	211
CFAV-Zik_Uganda_2016	SRA:SRX4963706.135410.1	96.800	125	4	0	8821	8945	125	1	7.44e-52	209
CFAV-Zik_Uganda_2016	SRA:SRX4963706.222849.1	96.000	125	5	0	8856	8980	125	1	3.46e-50	204
CFAV-Zik_Uganda_2016	SRA:SRX4963706.9746.1	96.000	125	5	0	8856	8980	125	1	3.46e-50	204
CFAV-Zik_Uganda_2016	SRA:SRX4963706.314110.1	95.200	125	6	0	8862	8986	125	1	1.61e-48	198
CFAV-Zik_Uganda_2016	SRA:SRX4963706.314110.2	95.122	123	6	0	8824	8946	3	125	2.08e-47	195
CFAV-Zik_Uganda_2016	SRA:SRX4963706.110586.2	98.131	107	2	0	8821	8927	107	1	3.49e-45	187
CFAV-Zik_Uganda_2016	SRA:SRX4963706.110586.1	98.131	107	2	0	8821	8927	1	107	3.49e-45	187
