CFAV-Bangkok_Thailand_2015	SRA:SRX4229297.2962938.1	100.000	74	0	0	3583	3656	74	1	4.43e-29	137
CFAV-Bangkok_Thailand_2015	SRA:SRX4229297.5595663.2	98.684	76	1	0	9066	9141	1	76	1.59e-28	135
CFAV-Bangkok_Thailand_2015	SRA:SRX4229297.2962938.2	98.684	76	1	0	3550	3625	1	76	1.59e-28	135
CFAV-Bangkok_Thailand_2015	SRA:SRX4229297.407139.1	98.684	76	1	0	2829	2904	1	76	1.59e-28	135
CFAV-Bangkok_Thailand_2015	SRA:SRX4229297.7504748.1	96.053	76	3	0	162	237	1	76	3.45e-25	124
CFAV-Bangkok_Thailand_2015	SRA:SRX4229297.6316867.1	96.053	76	3	0	6294	6369	1	76	3.45e-25	124
CFAV-Bangkok_Thailand_2015	SRA:SRX4229297.4203437.1	97.260	73	2	0	619	691	73	1	3.45e-25	124
CFAV-Bangkok_Thailand_2015	SRA:SRX4229297.613944.1	96.053	76	3	0	2022	2097	1	76	3.45e-25	124
CFAV-Bangkok_Thailand_2015	SRA:SRX4229297.8075108.2	94.737	76	4	0	156	231	76	1	1.60e-23	119
CFAV-Bangkok_Thailand_2015	SRA:SRX4229297.6316867.2	94.737	76	4	0	6297	6372	76	1	1.60e-23	119
CFAV-Bangkok_Thailand_2015	SRA:SRX4229297.5595663.1	94.737	76	4	0	9146	9221	76	1	1.60e-23	119
CFAV-Bangkok_Thailand_2015	SRA:SRX4229297.5455129.1	94.737	76	4	0	8836	8911	76	1	1.60e-23	119
CFAV-Bangkok_Thailand_2015	SRA:SRX4229297.407139.2	94.737	76	4	0	2970	3045	76	1	1.60e-23	119
CFAV-Bangkok_Thailand_2015	SRA:SRX4229297.12098405.1	92.105	76	6	0	9451	9526	76	1	3.47e-20	108
NC_001564	SRA:SRX4229297.2962938.1	100.000	74	0	0	3590	3663	74	1	4.44e-29	137
NC_001564	SRA:SRX4229297.8075108.2	98.684	76	1	0	163	238	76	1	1.60e-28	135
NC_001564	SRA:SRX4229297.5595663.2	98.684	76	1	0	9073	9148	1	76	1.60e-28	135
NC_001564	SRA:SRX4229297.5455129.1	98.684	76	1	0	8843	8918	76	1	1.60e-28	135
NC_001564	SRA:SRX4229297.4203437.1	98.684	76	1	0	623	698	76	1	1.60e-28	135
NC_001564	SRA:SRX4229297.2962938.2	98.684	76	1	0	3557	3632	1	76	1.60e-28	135
NC_001564	SRA:SRX4229297.407139.1	98.684	76	1	0	2836	2911	1	76	1.60e-28	135
NC_001564	SRA:SRX4229297.7504748.1	97.368	76	2	0	169	244	1	76	7.42e-27	130
NC_001564	SRA:SRX4229297.6899533.2	97.368	76	2	0	5084	5159	76	1	7.42e-27	130
NC_001564	SRA:SRX4229297.6316867.1	97.368	76	2	0	6301	6376	1	76	7.42e-27	130
NC_001564	SRA:SRX4229297.5595663.1	97.368	76	2	0	9153	9228	76	1	7.42e-27	130
NC_001564	SRA:SRX4229297.5455129.2	97.368	76	2	0	8587	8662	1	76	7.42e-27	130
NC_001564	SRA:SRX4229297.613944.1	97.368	76	2	0	2029	2104	1	76	7.42e-27	130
NC_001564	SRA:SRX4229297.407139.2	97.368	76	2	0	2977	3052	76	1	7.42e-27	130
NC_001564	SRA:SRX4229297.12098405.2	96.053	76	3	0	9230	9305	1	76	3.45e-25	124
NC_001564	SRA:SRX4229297.6316867.2	96.053	76	3	0	6304	6379	76	1	3.45e-25	124
NC_001564	SRA:SRX4229297.2958153.2	96.053	76	3	0	4490	4565	1	76	3.45e-25	124
NC_001564	SRA:SRX4229297.6899533.1	94.737	76	4	0	5036	5111	1	76	1.61e-23	119
NC_001564	SRA:SRX4229297.7504748.2	94.444	72	4	0	242	313	73	2	2.69e-21	111
NC_001564	SRA:SRX4229297.12098405.1	92.105	76	6	0	9458	9533	76	1	3.48e-20	108
NC_001564	SRA:SRX4229297.613944.2	90.541	74	7	0	2120	2193	76	3	2.09e-17	99.0
NC_001564	SRA:SRX4229297.8075108.1	100.000	40	0	0	80	119	1	40	3.53e-10	75.0
NC_001564	SRA:SRX4229297.8075108.1	91.111	45	4	0	144	188	32	76	2.75e-06	62.1
CFAV-Cairns_Australia_2014	SRA:SRX4229297.8075108.2	100.000	76	0	0	162	237	76	1	3.43e-30	141
CFAV-Cairns_Australia_2014	SRA:SRX4229297.7504748.1	100.000	76	0	0	168	243	1	76	3.43e-30	141
CFAV-Cairns_Australia_2014	SRA:SRX4229297.5595663.2	100.000	76	0	0	9072	9147	1	76	3.43e-30	141
CFAV-Cairns_Australia_2014	SRA:SRX4229297.407139.1	100.000	76	0	0	2835	2910	1	76	3.43e-30	141
CFAV-Cairns_Australia_2014	SRA:SRX4229297.2962938.1	100.000	74	0	0	3589	3662	74	1	4.44e-29	137
CFAV-Cairns_Australia_2014	SRA:SRX4229297.6316867.1	98.684	76	1	0	6300	6375	1	76	1.60e-28	135
CFAV-Cairns_Australia_2014	SRA:SRX4229297.4203437.1	98.684	76	1	0	622	697	76	1	1.60e-28	135
CFAV-Cairns_Australia_2014	SRA:SRX4229297.6316867.2	97.368	76	2	0	6303	6378	76	1	7.43e-27	130
CFAV-Cairns_Australia_2014	SRA:SRX4229297.5595663.1	97.368	76	2	0	9152	9227	76	1	7.43e-27	130
CFAV-Cairns_Australia_2014	SRA:SRX4229297.2962938.2	97.368	76	2	0	3556	3631	1	76	7.43e-27	130
CFAV-Cairns_Australia_2014	SRA:SRX4229297.6899533.2	96.053	76	3	0	5083	5158	76	1	3.46e-25	124
CFAV-Cairns_Australia_2014	SRA:SRX4229297.2958153.2	96.053	76	3	0	4489	4564	1	76	3.46e-25	124
CFAV-Cairns_Australia_2014	SRA:SRX4229297.407139.2	96.053	76	3	0	2976	3051	76	1	3.46e-25	124
CFAV-Cairns_Australia_2014	SRA:SRX4229297.2958153.1	96.000	75	3	0	4563	4637	76	2	1.24e-24	122
CFAV-Cairns_Australia_2014	SRA:SRX4229297.12098405.2	94.737	76	4	0	9229	9304	1	76	1.61e-23	119
CFAV-Cairns_Australia_2014	SRA:SRX4229297.6899533.1	94.737	76	4	0	5035	5110	1	76	1.61e-23	119
CFAV-Cairns_Australia_2014	SRA:SRX4229297.613944.1	94.737	76	4	0	2028	2103	1	76	1.61e-23	119
CFAV-Cairns_Australia_2014	SRA:SRX4229297.5455129.2	93.333	75	5	0	8586	8660	1	75	2.69e-21	111
CFAV-Cairns_Australia_2014	SRA:SRX4229297.613944.2	91.892	74	6	0	2119	2192	76	3	4.50e-19	104
CFAV-Cairns_Australia_2014	SRA:SRX4229297.12098405.1	90.789	76	7	0	9457	9532	76	1	1.62e-18	102
CFAV-Cairns_Australia_2014	SRA:SRX4229297.8075108.1	100.000	40	0	0	79	118	1	40	3.53e-10	75.0
CFAV-Cairns_Australia_2014	SRA:SRX4229297.8075108.1	91.489	47	3	1	141	187	31	76	7.64e-07	63.9
CFAV-Macapa2_Brazil_2017	SRA:SRX4229297.5455129.1	98.684	76	1	0	8843	8918	76	1	1.60e-28	135
CFAV-Macapa2_Brazil_2017	SRA:SRX4229297.2962938.2	98.684	76	1	0	3557	3632	1	76	1.60e-28	135
CFAV-Macapa2_Brazil_2017	SRA:SRX4229297.6316867.1	97.368	76	2	0	6301	6376	1	76	7.43e-27	130
CFAV-Macapa2_Brazil_2017	SRA:SRX4229297.5595663.1	97.368	76	2	0	9153	9228	76	1	7.43e-27	130
CFAV-Macapa2_Brazil_2017	SRA:SRX4229297.4203437.1	97.368	76	2	0	623	698	76	1	7.43e-27	130
CFAV-Macapa2_Brazil_2017	SRA:SRX4229297.407139.1	97.368	76	2	0	2836	2911	1	76	7.43e-27	130
CFAV-Macapa2_Brazil_2017	SRA:SRX4229297.2962938.1	97.297	74	2	0	3590	3663	74	1	9.61e-26	126
CFAV-Macapa2_Brazil_2017	SRA:SRX4229297.6316867.2	96.053	76	3	0	6304	6379	76	1	3.46e-25	124
CFAV-Macapa2_Brazil_2017	SRA:SRX4229297.12098405.2	94.737	76	4	0	9230	9305	1	76	1.61e-23	119
CFAV-Macapa2_Brazil_2017	SRA:SRX4229297.613944.1	94.737	76	4	0	2029	2104	1	76	1.61e-23	119
CFAV-Macapa2_Brazil_2017	SRA:SRX4229297.2958153.1	94.667	75	4	0	4564	4638	76	2	5.78e-23	117
CFAV-Macapa2_Brazil_2017	SRA:SRX4229297.6899533.2	93.421	76	5	0	5084	5159	76	1	7.48e-22	113
CFAV-Macapa2_Brazil_2017	SRA:SRX4229297.2958153.2	92.105	76	6	0	4490	4565	1	76	3.48e-20	108
CFAV-Macapa2_Brazil_2017	SRA:SRX4229297.7504748.2	93.056	72	5	0	242	313	73	2	1.25e-19	106
CFAV-KC_Cambodia_2015	SRA:SRX4229297.7504748.1	98.684	76	1	0	180	255	1	76	1.60e-28	135
CFAV-KC_Cambodia_2015	SRA:SRX4229297.4203437.1	98.684	76	1	0	634	709	76	1	1.60e-28	135
CFAV-KC_Cambodia_2015	SRA:SRX4229297.6316867.1	98.649	74	1	0	6314	6387	3	76	2.07e-27	132
CFAV-KC_Cambodia_2015	SRA:SRX4229297.8075108.2	97.368	76	2	0	174	249	76	1	7.43e-27	130
CFAV-KC_Cambodia_2015	SRA:SRX4229297.6316867.2	97.368	76	2	0	6315	6390	76	1	7.43e-27	130
CFAV-KC_Cambodia_2015	SRA:SRX4229297.5455129.1	97.368	76	2	0	8854	8929	76	1	7.43e-27	130
CFAV-KC_Cambodia_2015	SRA:SRX4229297.2962938.1	97.297	74	2	0	3601	3674	74	1	9.62e-26	126
CFAV-KC_Cambodia_2015	SRA:SRX4229297.2962938.2	96.053	76	3	0	3568	3643	1	76	3.46e-25	124
CFAV-KC_Cambodia_2015	SRA:SRX4229297.407139.1	96.053	76	3	0	2847	2922	1	76	3.46e-25	124
CFAV-KC_Cambodia_2015	SRA:SRX4229297.6899533.2	92.105	76	6	0	5095	5170	76	1	3.48e-20	108
CFAV-KC_Cambodia_2015	SRA:SRX4229297.8075108.1	100.000	40	0	0	91	130	1	40	3.53e-10	75.0
CFAV-Zik_Uganda_2016	SRA:SRX4229297.2962938.2	98.684	76	1	0	3568	3643	1	76	1.60e-28	135
CFAV-Zik_Uganda_2016	SRA:SRX4229297.2962938.1	98.649	74	1	0	3601	3674	74	1	2.07e-27	132
CFAV-Zik_Uganda_2016	SRA:SRX4229297.7504748.1	97.368	76	2	0	180	255	1	76	7.43e-27	130
CFAV-Zik_Uganda_2016	SRA:SRX4229297.6899533.2	97.368	76	2	0	5095	5170	76	1	7.43e-27	130
CFAV-Zik_Uganda_2016	SRA:SRX4229297.5455129.1	97.368	76	2	0	8854	8929	76	1	7.43e-27	130
CFAV-Zik_Uganda_2016	SRA:SRX4229297.8075108.2	96.053	76	3	0	174	249	76	1	3.46e-25	124
CFAV-Zik_Uganda_2016	SRA:SRX4229297.6316867.1	96.053	76	3	0	6312	6387	1	76	3.46e-25	124
CFAV-Zik_Uganda_2016	SRA:SRX4229297.4203437.1	96.053	76	3	0	634	709	76	1	3.46e-25	124
CFAV-Zik_Uganda_2016	SRA:SRX4229297.2958153.1	96.000	75	3	0	4575	4649	76	2	1.24e-24	122
CFAV-Zik_Uganda_2016	SRA:SRX4229297.6899533.1	94.737	76	4	0	5047	5122	1	76	1.61e-23	119
CFAV-Zik_Uganda_2016	SRA:SRX4229297.6316867.2	94.737	76	4	0	6315	6390	76	1	1.61e-23	119
CFAV-Zik_Uganda_2016	SRA:SRX4229297.5595663.1	94.737	76	4	0	9164	9239	76	1	1.61e-23	119
CFAV-Zik_Uganda_2016	SRA:SRX4229297.2958153.2	94.737	76	4	0	4501	4576	1	76	1.61e-23	119
CFAV-Zik_Uganda_2016	SRA:SRX4229297.407139.1	94.737	76	4	0	2847	2922	1	76	1.61e-23	119
CFAV-Zik_Uganda_2016	SRA:SRX4229297.5455129.2	95.833	72	3	0	8599	8670	2	73	5.79e-23	117
CFAV-Zik_Uganda_2016	SRA:SRX4229297.7504748.2	92.000	75	6	0	250	324	76	2	1.25e-19	106
