CFAV-Bangkok_Thailand_2015	SRA:SRX423184.58328296.1	98.020	101	2	0	2218	2318	101	1	3.62e-40	176
CFAV-Bangkok_Thailand_2015	SRA:SRX423184.38573521.1	98.020	101	2	0	2218	2318	101	1	3.62e-40	176
CFAV-Bangkok_Thailand_2015	SRA:SRX423184.53825564.1	96.040	101	4	0	5126	5226	1	101	7.83e-37	165
CFAV-Bangkok_Thailand_2015	SRA:SRX423184.55142055.1	95.050	101	5	0	4584	4684	101	1	3.64e-35	159
CFAV-Bangkok_Thailand_2015	SRA:SRX423184.45688573.1	95.050	101	5	0	2109	2209	1	101	3.64e-35	159
CFAV-Bangkok_Thailand_2015	SRA:SRX423184.34164882.1	95.050	101	5	0	2132	2232	1	101	3.64e-35	159
CFAV-Bangkok_Thailand_2015	SRA:SRX423184.26448212.1	95.050	101	5	0	2132	2232	1	101	3.64e-35	159
CFAV-Bangkok_Thailand_2015	SRA:SRX423184.17550520.1	95.050	101	5	0	2109	2209	1	101	3.64e-35	159
NC_001564	SRA:SRX423184.58328296.1	99.010	101	1	0	2225	2325	101	1	7.79e-42	182
NC_001564	SRA:SRX423184.55142055.1	99.010	101	1	0	4591	4691	101	1	7.79e-42	182
NC_001564	SRA:SRX423184.38573521.1	99.010	101	1	0	2225	2325	101	1	7.79e-42	182
NC_001564	SRA:SRX423184.53825564.1	98.020	101	2	0	5133	5233	1	101	3.63e-40	176
NC_001564	SRA:SRX423184.34164882.1	95.050	101	5	0	2139	2239	1	101	3.65e-35	159
NC_001564	SRA:SRX423184.26448212.1	95.050	101	5	0	2139	2239	1	101	3.65e-35	159
NC_001564	SRA:SRX423184.31712476.1	91.489	94	6	2	4729	4822	92	1	1.03e-25	128
CFAV-Cairns_Australia_2014	SRA:SRX423184.58328296.1	99.010	101	1	0	2224	2324	101	1	7.80e-42	182
CFAV-Cairns_Australia_2014	SRA:SRX423184.38573521.1	99.010	101	1	0	2224	2324	101	1	7.80e-42	182
CFAV-Cairns_Australia_2014	SRA:SRX423184.34164882.1	98.020	101	2	0	2138	2238	1	101	3.63e-40	176
CFAV-Cairns_Australia_2014	SRA:SRX423184.26448212.1	98.020	101	2	0	2138	2238	1	101	3.63e-40	176
CFAV-Cairns_Australia_2014	SRA:SRX423184.45688573.1	97.030	101	3	0	2115	2215	1	101	1.69e-38	171
CFAV-Cairns_Australia_2014	SRA:SRX423184.17550520.1	97.030	101	3	0	2115	2215	1	101	1.69e-38	171
CFAV-Cairns_Australia_2014	SRA:SRX423184.53825564.1	96.040	101	4	0	5132	5232	1	101	7.85e-37	165
CFAV-Cairns_Australia_2014	SRA:SRX423184.55142055.1	95.050	101	5	0	4590	4690	101	1	3.65e-35	159
CFAV-Cairns_Australia_2014	SRA:SRX423184.31712476.1	95.122	82	4	0	4740	4821	82	1	2.86e-26	130
CFAV-Macapa2_Brazil_2017	SRA:SRX423184.58328296.1	97.030	101	3	0	2225	2325	101	1	1.69e-38	171
CFAV-Macapa2_Brazil_2017	SRA:SRX423184.38573521.1	97.030	101	3	0	2225	2325	101	1	1.69e-38	171
CFAV-Macapa2_Brazil_2017	SRA:SRX423184.55142055.1	96.040	101	4	0	4591	4691	101	1	7.85e-37	165
CFAV-Macapa2_Brazil_2017	SRA:SRX423184.34164882.1	96.040	101	4	0	2139	2239	1	101	7.85e-37	165
CFAV-Macapa2_Brazil_2017	SRA:SRX423184.26448212.1	96.040	101	4	0	2139	2239	1	101	7.85e-37	165
CFAV-Macapa2_Brazil_2017	SRA:SRX423184.53825564.1	95.050	101	5	0	5133	5233	1	101	3.65e-35	159
CFAV-Macapa2_Brazil_2017	SRA:SRX423184.45688573.1	94.000	100	6	0	2117	2216	2	101	6.11e-33	152
CFAV-Macapa2_Brazil_2017	SRA:SRX423184.17550520.1	94.000	100	6	0	2117	2216	2	101	6.11e-33	152
CFAV-KC_Cambodia_2015	SRA:SRX423184.55142055.1	96.970	99	3	0	4602	4700	101	3	2.19e-37	167
CFAV-KC_Cambodia_2015	SRA:SRX423184.58328296.1	96.078	102	3	1	2235	2336	101	1	7.86e-37	165
CFAV-KC_Cambodia_2015	SRA:SRX423184.53825564.1	96.040	101	4	0	5144	5244	1	101	7.86e-37	165
CFAV-KC_Cambodia_2015	SRA:SRX423184.38573521.1	96.078	102	3	1	2235	2336	101	1	7.86e-37	165
CFAV-KC_Cambodia_2015	SRA:SRX423184.45688573.1	95.050	101	5	0	2127	2227	1	101	3.66e-35	159
CFAV-KC_Cambodia_2015	SRA:SRX423184.34164882.1	95.050	101	5	0	2150	2250	1	101	3.66e-35	159
CFAV-KC_Cambodia_2015	SRA:SRX423184.26448212.1	95.050	101	5	0	2150	2250	1	101	3.66e-35	159
CFAV-KC_Cambodia_2015	SRA:SRX423184.17550520.1	95.050	101	5	0	2127	2227	1	101	3.66e-35	159
CFAV-KC_Cambodia_2015	SRA:SRX423184.31712476.1	89.362	94	8	2	4740	4833	92	1	2.23e-22	117
CFAV-Zik_Uganda_2016	SRA:SRX423184.58328296.1	99.010	101	1	0	2236	2336	101	1	7.80e-42	182
CFAV-Zik_Uganda_2016	SRA:SRX423184.53825564.1	99.010	101	1	0	5144	5244	1	101	7.80e-42	182
CFAV-Zik_Uganda_2016	SRA:SRX423184.38573521.1	99.010	101	1	0	2236	2336	101	1	7.80e-42	182
CFAV-Zik_Uganda_2016	SRA:SRX423184.55142055.1	98.990	99	1	0	4602	4700	101	3	1.01e-40	178
CFAV-Zik_Uganda_2016	SRA:SRX423184.34164882.1	95.050	101	5	0	2150	2250	1	101	3.66e-35	159
CFAV-Zik_Uganda_2016	SRA:SRX423184.26448212.1	95.050	101	5	0	2150	2250	1	101	3.66e-35	159
CFAV-Zik_Uganda_2016	SRA:SRX423184.45688573.1	95.000	100	5	0	2128	2227	2	101	1.32e-34	158
CFAV-Zik_Uganda_2016	SRA:SRX423184.17550520.1	95.000	100	5	0	2128	2227	2	101	1.32e-34	158
CFAV-Zik_Uganda_2016	SRA:SRX423184.31712476.1	93.023	86	6	0	4748	4833	86	1	3.71e-25	126
