CFAV-Bangkok_Thailand_2015	SRA:SRX4590305.18862177.1	100.000	101	0	0	8683	8783	1	101	5.14e-44	187
CFAV-Bangkok_Thailand_2015	SRA:SRX4590305.18736366.1	100.000	101	0	0	8507	8607	1	101	5.14e-44	187
CFAV-Bangkok_Thailand_2015	SRA:SRX4590305.17905387.1	100.000	101	0	0	5655	5755	1	101	5.14e-44	187
CFAV-Bangkok_Thailand_2015	SRA:SRX4590305.17301191.1	100.000	101	0	0	195	295	1	101	5.14e-44	187
CFAV-Bangkok_Thailand_2015	SRA:SRX4590305.15076037.1	100.000	101	0	0	8489	8589	1	101	5.14e-44	187
CFAV-Bangkok_Thailand_2015	SRA:SRX4590305.14494024.1	100.000	101	0	0	8683	8783	1	101	5.14e-44	187
CFAV-Bangkok_Thailand_2015	SRA:SRX4590305.11292739.1	100.000	101	0	0	195	295	1	101	5.14e-44	187
CFAV-Bangkok_Thailand_2015	SRA:SRX4590305.5340774.1	100.000	101	0	0	10362	10462	1	101	5.14e-44	187
CFAV-Bangkok_Thailand_2015	SRA:SRX4590305.3470278.1	100.000	101	0	0	10362	10462	1	101	5.14e-44	187
CFAV-Bangkok_Thailand_2015	SRA:SRX4590305.403305.1	100.000	101	0	0	5655	5755	1	101	5.14e-44	187
CFAV-Bangkok_Thailand_2015	SRA:SRX4590305.19548204.1	100.000	100	0	0	6018	6117	1	100	1.85e-43	185
CFAV-Bangkok_Thailand_2015	SRA:SRX4590305.18118016.1	100.000	100	0	0	9641	9740	2	101	1.85e-43	185
CFAV-Bangkok_Thailand_2015	SRA:SRX4590305.17396607.1	100.000	100	0	0	6086	6185	2	101	1.85e-43	185
CFAV-Bangkok_Thailand_2015	SRA:SRX4590305.14633183.1	100.000	100	0	0	9968	10067	2	101	1.85e-43	185
CFAV-Bangkok_Thailand_2015	SRA:SRX4590305.12384708.1	100.000	100	0	0	6086	6185	2	101	1.85e-43	185
CFAV-Bangkok_Thailand_2015	SRA:SRX4590305.5814914.1	100.000	100	0	0	5725	5824	2	101	1.85e-43	185
CFAV-Bangkok_Thailand_2015	SRA:SRX4590305.16166968.1	100.000	99	0	0	5665	5763	3	101	6.65e-43	183
CFAV-Bangkok_Thailand_2015	SRA:SRX4590305.9926193.1	100.000	99	0	0	7720	7818	3	101	6.65e-43	183
CFAV-Bangkok_Thailand_2015	SRA:SRX4590305.8150067.1	100.000	99	0	0	7720	7818	3	101	6.65e-43	183
CFAV-Bangkok_Thailand_2015	SRA:SRX4590305.4870796.1	100.000	99	0	0	8678	8776	3	101	6.65e-43	183
CFAV-Bangkok_Thailand_2015	SRA:SRX4590305.4238785.1	100.000	99	0	0	8678	8776	3	101	6.65e-43	183
CFAV-Bangkok_Thailand_2015	SRA:SRX4590305.18046995.1	99.020	102	0	1	247	348	1	101	2.39e-42	182
CFAV-Bangkok_Thailand_2015	SRA:SRX4590305.12272521.1	99.010	101	1	0	64	164	1	101	2.39e-42	182
CFAV-Bangkok_Thailand_2015	SRA:SRX4590305.7183241.1	99.010	101	1	0	9028	9128	1	101	2.39e-42	182
CFAV-Bangkok_Thailand_2015	SRA:SRX4590305.5699987.1	99.020	102	0	1	5971	6072	1	101	2.39e-42	182
CFAV-Bangkok_Thailand_2015	SRA:SRX4590305.5315456.1	99.010	101	1	0	9188	9288	1	101	2.39e-42	182
CFAV-Bangkok_Thailand_2015	SRA:SRX4590305.5002269.1	99.020	102	0	1	9035	9136	1	101	2.39e-42	182
CFAV-Bangkok_Thailand_2015	SRA:SRX4590305.20999841.1	100.000	97	0	0	1	97	5	101	8.61e-42	180
CFAV-Bangkok_Thailand_2015	SRA:SRX4590305.18002089.1	100.000	97	0	0	1	97	5	101	8.61e-42	180
CFAV-Bangkok_Thailand_2015	SRA:SRX4590305.11765561.1	100.000	97	0	0	8693	8789	5	101	8.61e-42	180
CFAV-Bangkok_Thailand_2015	SRA:SRX4590305.10949772.1	99.010	101	0	1	8676	8775	1	101	8.61e-42	180
CFAV-Bangkok_Thailand_2015	SRA:SRX4590305.10114721.1	100.000	97	0	0	8676	8772	5	101	8.61e-42	180
CFAV-Bangkok_Thailand_2015	SRA:SRX4590305.9505368.1	99.000	100	1	0	4904	5003	2	101	8.61e-42	180
CFAV-Bangkok_Thailand_2015	SRA:SRX4590305.4103622.1	100.000	97	0	0	1	97	3	99	8.61e-42	180
CFAV-Bangkok_Thailand_2015	SRA:SRX4590305.3981609.1	99.000	100	1	0	4906	5005	2	101	8.61e-42	180
CFAV-Bangkok_Thailand_2015	SRA:SRX4590305.327387.1	100.000	97	0	0	1	97	3	99	8.61e-42	180
CFAV-Bangkok_Thailand_2015	SRA:SRX4590305.168227.1	99.000	100	1	0	4897	4996	2	101	8.61e-42	180
CFAV-Bangkok_Thailand_2015	SRA:SRX4590305.15391409.1	98.990	99	1	0	8650	8748	3	101	3.10e-41	178
CFAV-Bangkok_Thailand_2015	SRA:SRX4590305.12895718.1	100.000	96	0	0	1	96	6	101	3.10e-41	178
CFAV-Bangkok_Thailand_2015	SRA:SRX4590305.11693224.1	98.990	99	1	0	4882	4980	3	101	3.10e-41	178
CFAV-Bangkok_Thailand_2015	SRA:SRX4590305.11603622.1	100.000	96	0	0	1	96	6	101	3.10e-41	178
CFAV-Bangkok_Thailand_2015	SRA:SRX4590305.9922510.1	100.000	96	0	0	2	97	5	100	3.10e-41	178
CFAV-Bangkok_Thailand_2015	SRA:SRX4590305.7687254.1	100.000	96	0	0	2735	2830	6	101	3.10e-41	178
CFAV-Bangkok_Thailand_2015	SRA:SRX4590305.6126181.1	98.990	99	1	0	9136	9234	3	101	3.10e-41	178
CFAV-Bangkok_Thailand_2015	SRA:SRX4590305.5776106.1	98.990	99	1	0	9136	9234	3	101	3.10e-41	178
CFAV-Bangkok_Thailand_2015	SRA:SRX4590305.2723765.1	100.000	96	0	0	2	97	5	100	3.10e-41	178
CFAV-Bangkok_Thailand_2015	SRA:SRX4590305.2145590.1	98.990	99	1	0	4882	4980	3	101	3.10e-41	178
CFAV-Bangkok_Thailand_2015	SRA:SRX4590305.1577113.1	100.000	96	0	0	2	97	6	101	3.10e-41	178
CFAV-Bangkok_Thailand_2015	SRA:SRX4590305.1419454.1	100.000	96	0	0	1	96	6	101	3.10e-41	178
CFAV-Bangkok_Thailand_2015	SRA:SRX4590305.563626.1	98.990	99	1	0	8650	8748	3	101	3.10e-41	178
CFAV-Bangkok_Thailand_2015	SRA:SRX4590305.21155523.1	98.990	99	0	1	6019	6117	2	99	1.11e-40	176
CFAV-Bangkok_Thailand_2015	SRA:SRX4590305.20531333.1	98.020	101	2	0	4928	5028	1	101	1.11e-40	176
CFAV-Bangkok_Thailand_2015	SRA:SRX4590305.20159146.1	98.020	101	2	0	4913	5013	1	101	1.11e-40	176
CFAV-Bangkok_Thailand_2015	SRA:SRX4590305.18623600.1	100.000	95	0	0	7229	7323	7	101	1.11e-40	176
CFAV-Bangkok_Thailand_2015	SRA:SRX4590305.17023088.1	98.020	101	2	0	9194	9294	1	101	1.11e-40	176
CFAV-Bangkok_Thailand_2015	SRA:SRX4590305.14452034.1	98.990	99	0	1	6019	6117	2	99	1.11e-40	176
CFAV-Bangkok_Thailand_2015	SRA:SRX4590305.13667409.1	98.020	101	2	0	4919	5019	1	101	1.11e-40	176
CFAV-Bangkok_Thailand_2015	SRA:SRX4590305.10861823.1	98.020	101	2	0	4885	4985	1	101	1.11e-40	176
CFAV-Bangkok_Thailand_2015	SRA:SRX4590305.9468765.1	98.020	101	2	0	412	512	1	101	1.11e-40	176
CFAV-Bangkok_Thailand_2015	SRA:SRX4590305.8219306.1	98.020	101	2	0	4847	4947	1	101	1.11e-40	176
CFAV-Bangkok_Thailand_2015	SRA:SRX4590305.1774280.1	98.020	101	2	0	4918	5018	1	101	1.11e-40	176
CFAV-Bangkok_Thailand_2015	SRA:SRX4590305.1474224.1	98.020	101	2	0	4853	4953	1	101	1.11e-40	176
CFAV-Bangkok_Thailand_2015	SRA:SRX4590305.917823.1	98.990	99	0	1	6019	6117	2	99	1.11e-40	176
CFAV-Bangkok_Thailand_2015	SRA:SRX4590305.452250.1	98.020	101	2	0	4894	4994	1	101	1.11e-40	176
CFAV-Bangkok_Thailand_2015	SRA:SRX4590305.8163426.1	100.000	94	0	0	1	94	8	101	4.01e-40	174
CFAV-Bangkok_Thailand_2015	SRA:SRX4590305.863663.1	98.969	97	1	0	1	97	5	101	4.01e-40	174
CFAV-Bangkok_Thailand_2015	SRA:SRX4590305.18223612.1	100.000	93	0	0	1	93	9	101	1.44e-39	172
CFAV-Bangkok_Thailand_2015	SRA:SRX4590305.14608488.1	100.000	93	0	0	6025	6117	6	98	1.44e-39	172
CFAV-Bangkok_Thailand_2015	SRA:SRX4590305.10016538.1	98.958	96	1	0	4923	5018	1	96	1.44e-39	172
CFAV-Bangkok_Thailand_2015	SRA:SRX4590305.9274962.1	100.000	93	0	0	5257	5349	3	95	1.44e-39	172
CFAV-Bangkok_Thailand_2015	SRA:SRX4590305.8468096.1	98.958	96	1	0	9196	9291	6	101	1.44e-39	172
CFAV-Bangkok_Thailand_2015	SRA:SRX4590305.6562472.1	98.958	96	1	0	9196	9291	6	101	1.44e-39	172
CFAV-Bangkok_Thailand_2015	SRA:SRX4590305.6104076.1	100.000	93	0	0	1	93	9	101	1.44e-39	172
CFAV-Bangkok_Thailand_2015	SRA:SRX4590305.2390710.1	98.958	96	1	0	4927	5022	1	96	1.44e-39	172
CFAV-Bangkok_Thailand_2015	SRA:SRX4590305.8458356.1	100.000	92	0	0	1	92	10	101	5.18e-39	171
CFAV-Bangkok_Thailand_2015	SRA:SRX4590305.8369702.1	100.000	92	0	0	1	92	10	101	5.18e-39	171
CFAV-Bangkok_Thailand_2015	SRA:SRX4590305.6375721.1	97.030	101	3	0	4928	5028	1	101	5.18e-39	171
CFAV-Bangkok_Thailand_2015	SRA:SRX4590305.5061650.1	98.947	95	1	0	3	97	3	97	5.18e-39	171
CFAV-Bangkok_Thailand_2015	SRA:SRX4590305.14570999.1	100.000	91	0	0	1	91	11	101	1.86e-38	169
CFAV-Bangkok_Thailand_2015	SRA:SRX4590305.7486010.1	100.000	91	0	0	1	91	11	101	1.86e-38	169
CFAV-Bangkok_Thailand_2015	SRA:SRX4590305.7021348.1	97.938	97	2	0	4897	4993	5	101	1.86e-38	169
CFAV-Bangkok_Thailand_2015	SRA:SRX4590305.6492121.1	98.936	94	1	0	4	97	2	95	1.86e-38	169
CFAV-Bangkok_Thailand_2015	SRA:SRX4590305.3317340.1	100.000	91	0	0	1	91	11	101	1.86e-38	169
CFAV-Bangkok_Thailand_2015	SRA:SRX4590305.779935.1	97.000	100	3	0	4818	4917	2	101	1.86e-38	169
CFAV-Bangkok_Thailand_2015	SRA:SRX4590305.20296958.1	100.000	90	0	0	1	90	12	101	6.70e-38	167
CFAV-Bangkok_Thailand_2015	SRA:SRX4590305.16987726.1	96.970	99	3	0	4890	4988	3	101	6.70e-38	167
CFAV-Bangkok_Thailand_2015	SRA:SRX4590305.14354806.1	100.000	90	0	0	10514	10603	1	90	6.70e-38	167
CFAV-Bangkok_Thailand_2015	SRA:SRX4590305.4340564.1	100.000	90	0	0	10396	10485	1	90	6.70e-38	167
CFAV-Bangkok_Thailand_2015	SRA:SRX4590305.3259066.1	96.939	98	3	0	9190	9287	4	101	2.41e-37	165
CFAV-Bangkok_Thailand_2015	SRA:SRX4590305.11770256.1	97.826	92	1	1	7	97	1	92	4.03e-35	158
CFAV-Bangkok_Thailand_2015	SRA:SRX4590305.16838789.1	100.000	81	0	0	1	81	21	101	6.75e-33	150
CFAV-Bangkok_Thailand_2015	SRA:SRX4590305.15100714.1	100.000	81	0	0	1	81	21	101	6.75e-33	150
CFAV-Bangkok_Thailand_2015	SRA:SRX4590305.1821651.1	100.000	81	0	0	1	81	21	101	6.75e-33	150
CFAV-Bangkok_Thailand_2015	SRA:SRX4590305.17457094.1	100.000	79	0	0	1	79	23	101	8.73e-32	147
CFAV-Bangkok_Thailand_2015	SRA:SRX4590305.10006462.1	100.000	79	0	0	5692	5770	6	84	8.73e-32	147
CFAV-Bangkok_Thailand_2015	SRA:SRX4590305.5299153.1	98.780	82	1	0	8535	8616	4	85	8.73e-32	147
CFAV-Bangkok_Thailand_2015	SRA:SRX4590305.5266981.1	100.000	79	0	0	5692	5770	6	84	8.73e-32	147
CFAV-Bangkok_Thailand_2015	SRA:SRX4590305.688713.1	100.000	79	0	0	5692	5770	6	84	8.73e-32	147
CFAV-Bangkok_Thailand_2015	SRA:SRX4590305.131979.1	100.000	79	0	0	1	79	23	101	8.73e-32	147
CFAV-Bangkok_Thailand_2015	SRA:SRX4590305.6491229.1	98.649	74	1	0	98	171	1	74	2.44e-27	132
CFAV-Bangkok_Thailand_2015	SRA:SRX4590305.2083095.1	97.368	76	2	0	4947	5022	1	76	8.79e-27	130
CFAV-Bangkok_Thailand_2015	SRA:SRX4590305.17440922.1	94.937	79	3	1	95	172	1	79	1.47e-24	122
CFAV-Bangkok_Thailand_2015	SRA:SRX4590305.9520122.1	97.101	69	2	0	106	174	1	69	6.85e-23	117
CFAV-Bangkok_Thailand_2015	SRA:SRX4590305.9103909.1	97.101	69	2	0	106	174	1	69	6.85e-23	117
CFAV-Bangkok_Thailand_2015	SRA:SRX4590305.8693385.1	98.485	66	1	0	8941	9006	1	66	6.85e-23	117
CFAV-Bangkok_Thailand_2015	SRA:SRX4590305.16263570.1	98.413	63	1	0	679	741	1	63	3.19e-21	111
CFAV-Bangkok_Thailand_2015	SRA:SRX4590305.4760783.1	98.413	63	1	0	679	741	1	63	3.19e-21	111
CFAV-Bangkok_Thailand_2015	SRA:SRX4590305.1465798.1	98.413	63	1	0	679	741	1	63	3.19e-21	111
CFAV-Bangkok_Thailand_2015	SRA:SRX4590305.7775446.1	100.000	57	0	0	9916	9972	45	101	1.48e-19	106
CFAV-Bangkok_Thailand_2015	SRA:SRX4590305.7775446.1	96.154	52	1	1	9970	10020	2	53	6.94e-13	84.2
CFAV-Bangkok_Thailand_2015	SRA:SRX4590305.4541841.1	92.958	71	4	1	114	184	1	70	1.92e-18	102
CFAV-Bangkok_Thailand_2015	SRA:SRX4590305.4717932.1	95.161	62	3	0	3712	3773	1	62	2.48e-17	99.0
CFAV-Bangkok_Thailand_2015	SRA:SRX4590305.16914745.1	97.917	48	1	0	8748	8795	1	48	6.94e-13	84.2
CFAV-Bangkok_Thailand_2015	SRA:SRX4590305.19728043.1	100.000	29	0	0	8740	8768	5	33	5.44e-04	54.7
NC_001564	SRA:SRX4590305.17905387.1	98.020	101	2	0	5662	5762	1	101	1.12e-40	176
NC_001564	SRA:SRX4590305.5340774.1	98.020	101	2	0	10369	10469	1	101	1.12e-40	176
NC_001564	SRA:SRX4590305.3470278.1	98.020	101	2	0	10369	10469	1	101	1.12e-40	176
NC_001564	SRA:SRX4590305.403305.1	98.020	101	2	0	5662	5762	1	101	1.12e-40	176
NC_001564	SRA:SRX4590305.8219306.1	98.000	100	2	0	4854	4953	1	100	4.01e-40	174
NC_001564	SRA:SRX4590305.779935.1	98.000	100	2	0	4825	4924	2	101	4.01e-40	174
NC_001564	SRA:SRX4590305.16166968.1	97.980	99	2	0	5672	5770	3	101	1.44e-39	172
NC_001564	SRA:SRX4590305.18862177.1	97.030	101	3	0	8690	8790	1	101	5.19e-39	171
NC_001564	SRA:SRX4590305.18046995.1	97.059	102	2	1	254	355	1	101	5.19e-39	171
NC_001564	SRA:SRX4590305.14633183.1	97.959	98	2	0	9977	10074	4	101	5.19e-39	171
NC_001564	SRA:SRX4590305.14494024.1	97.030	101	3	0	8690	8790	1	101	5.19e-39	171
NC_001564	SRA:SRX4590305.1474224.1	97.030	101	3	0	4860	4960	1	101	5.19e-39	171
NC_001564	SRA:SRX4590305.5814914.1	97.000	100	3	0	5732	5831	2	101	1.87e-38	169
NC_001564	SRA:SRX4590305.19548204.1	96.970	99	3	0	6026	6124	2	100	6.72e-38	167
NC_001564	SRA:SRX4590305.14354806.1	100.000	90	0	0	10521	10610	1	90	6.72e-38	167
NC_001564	SRA:SRX4590305.9926193.1	96.970	99	3	0	7727	7825	3	101	6.72e-38	167
NC_001564	SRA:SRX4590305.8150067.1	96.970	99	3	0	7727	7825	3	101	6.72e-38	167
NC_001564	SRA:SRX4590305.18623600.1	97.895	95	2	0	7236	7330	7	101	2.42e-37	165
NC_001564	SRA:SRX4590305.14608488.1	96.939	98	3	0	6027	6124	1	98	2.42e-37	165
NC_001564	SRA:SRX4590305.11603622.1	96.040	101	4	0	3	103	1	101	2.42e-37	165
NC_001564	SRA:SRX4590305.10861823.1	96.040	101	4	0	4892	4992	1	101	2.42e-37	165
NC_001564	SRA:SRX4590305.1419454.1	96.040	101	4	0	3	103	1	101	2.42e-37	165
NC_001564	SRA:SRX4590305.452250.1	96.040	101	4	0	4901	5001	1	101	2.42e-37	165
NC_001564	SRA:SRX4590305.18118016.1	96.000	100	4	0	9648	9747	2	101	8.69e-37	163
NC_001564	SRA:SRX4590305.12895718.1	96.000	100	4	0	4	103	2	101	8.69e-37	163
NC_001564	SRA:SRX4590305.10949772.1	96.040	101	3	1	8683	8782	1	101	8.69e-37	163
NC_001564	SRA:SRX4590305.4870796.1	96.907	97	3	0	8687	8783	5	101	8.69e-37	163
NC_001564	SRA:SRX4590305.4238785.1	96.907	97	3	0	8687	8783	5	101	8.69e-37	163
NC_001564	SRA:SRX4590305.3981609.1	96.000	100	4	0	4913	5012	2	101	8.69e-37	163
NC_001564	SRA:SRX4590305.168227.1	96.000	100	4	0	4904	5003	2	101	8.69e-37	163
NC_001564	SRA:SRX4590305.21155523.1	97.849	93	2	0	6032	6124	7	99	3.12e-36	161
NC_001564	SRA:SRX4590305.18002089.1	95.960	99	4	0	6	104	3	101	3.12e-36	161
NC_001564	SRA:SRX4590305.15391409.1	95.960	99	4	0	8657	8755	3	101	3.12e-36	161
NC_001564	SRA:SRX4590305.14452034.1	97.849	93	2	0	6032	6124	7	99	3.12e-36	161
NC_001564	SRA:SRX4590305.11693224.1	95.960	99	4	0	4889	4987	3	101	3.12e-36	161
NC_001564	SRA:SRX4590305.6126181.1	95.960	99	4	0	9143	9241	3	101	3.12e-36	161
NC_001564	SRA:SRX4590305.5776106.1	95.960	99	4	0	9143	9241	3	101	3.12e-36	161
NC_001564	SRA:SRX4590305.4103622.1	95.960	99	4	0	6	104	1	99	3.12e-36	161
NC_001564	SRA:SRX4590305.2145590.1	95.960	99	4	0	4889	4987	3	101	3.12e-36	161
NC_001564	SRA:SRX4590305.917823.1	97.849	93	2	0	6032	6124	7	99	3.12e-36	161
NC_001564	SRA:SRX4590305.563626.1	95.960	99	4	0	8657	8755	3	101	3.12e-36	161
NC_001564	SRA:SRX4590305.327387.1	95.960	99	4	0	6	104	1	99	3.12e-36	161
NC_001564	SRA:SRX4590305.20999841.1	95.918	98	4	0	7	104	4	101	1.12e-35	159
NC_001564	SRA:SRX4590305.20159146.1	95.050	101	5	0	4920	5020	1	101	1.12e-35	159
NC_001564	SRA:SRX4590305.14570999.1	95.918	98	4	0	1	98	4	101	1.12e-35	159
NC_001564	SRA:SRX4590305.13667409.1	95.050	101	5	0	4926	5026	1	101	1.12e-35	159
NC_001564	SRA:SRX4590305.9468765.1	95.050	101	5	0	419	519	1	101	1.12e-35	159
NC_001564	SRA:SRX4590305.8163426.1	95.918	98	4	0	4	101	4	101	1.12e-35	159
NC_001564	SRA:SRX4590305.7486010.1	95.918	98	4	0	1	98	4	101	1.12e-35	159
NC_001564	SRA:SRX4590305.3317340.1	95.918	98	4	0	1	98	4	101	1.12e-35	159
NC_001564	SRA:SRX4590305.1774280.1	95.050	101	5	0	4925	5025	1	101	1.12e-35	159
NC_001564	SRA:SRX4590305.17396607.1	95.876	97	4	0	6093	6189	2	98	4.04e-35	158
NC_001564	SRA:SRX4590305.15076037.1	95.000	100	5	0	8496	8595	1	100	4.04e-35	158
NC_001564	SRA:SRX4590305.12384708.1	95.876	97	4	0	6093	6189	2	98	4.04e-35	158
NC_001564	SRA:SRX4590305.10114721.1	95.876	97	4	0	8683	8779	5	101	4.04e-35	158
NC_001564	SRA:SRX4590305.9922510.1	95.000	100	5	0	5	104	1	100	4.04e-35	158
NC_001564	SRA:SRX4590305.8458356.1	95.876	97	4	0	3	99	5	101	4.04e-35	158
NC_001564	SRA:SRX4590305.8369702.1	95.876	97	4	0	3	99	5	101	4.04e-35	158
NC_001564	SRA:SRX4590305.5315456.1	95.000	100	5	0	9195	9294	1	100	4.04e-35	158
NC_001564	SRA:SRX4590305.2723765.1	95.000	100	5	0	5	104	1	100	4.04e-35	158
NC_001564	SRA:SRX4590305.20531333.1	94.949	99	5	0	4937	5035	3	101	1.45e-34	156
NC_001564	SRA:SRX4590305.16987726.1	94.949	99	5	0	4897	4995	3	101	1.45e-34	156
NC_001564	SRA:SRX4590305.10016538.1	95.833	96	4	0	4930	5025	1	96	1.45e-34	156
NC_001564	SRA:SRX4590305.4340564.1	97.778	90	2	0	10403	10492	1	90	1.45e-34	156
NC_001564	SRA:SRX4590305.1577113.1	94.949	99	5	0	6	104	3	101	1.45e-34	156
NC_001564	SRA:SRX4590305.863663.1	94.949	99	5	0	6	104	3	101	1.45e-34	156
NC_001564	SRA:SRX4590305.18223612.1	95.789	95	4	0	6	100	7	101	5.23e-34	154
NC_001564	SRA:SRX4590305.17023088.1	94.059	101	6	0	9201	9301	1	101	5.23e-34	154
NC_001564	SRA:SRX4590305.7021348.1	94.059	101	6	0	4900	5000	1	101	5.23e-34	154
NC_001564	SRA:SRX4590305.6104076.1	95.789	95	4	0	6	100	7	101	5.23e-34	154
NC_001564	SRA:SRX4590305.5002269.1	94.118	102	5	1	9042	9143	1	101	5.23e-34	154
NC_001564	SRA:SRX4590305.2390710.1	95.789	95	4	0	4934	5028	1	95	5.23e-34	154
NC_001564	SRA:SRX4590305.20296958.1	94.845	97	5	0	1	97	5	101	1.88e-33	152
NC_001564	SRA:SRX4590305.18736366.1	94.000	100	6	0	8514	8613	1	100	1.88e-33	152
NC_001564	SRA:SRX4590305.16838789.1	97.727	88	2	0	1	88	14	101	1.88e-33	152
NC_001564	SRA:SRX4590305.15100714.1	97.727	88	2	0	1	88	14	101	1.88e-33	152
NC_001564	SRA:SRX4590305.11765561.1	96.703	91	3	0	8700	8790	5	95	1.88e-33	152
NC_001564	SRA:SRX4590305.7687254.1	95.745	94	4	0	2744	2837	8	101	1.88e-33	152
NC_001564	SRA:SRX4590305.6492121.1	96.703	91	3	0	14	104	5	95	1.88e-33	152
NC_001564	SRA:SRX4590305.5061650.1	96.703	91	3	0	14	104	7	97	1.88e-33	152
NC_001564	SRA:SRX4590305.1821651.1	97.727	88	2	0	1	88	14	101	1.88e-33	152
NC_001564	SRA:SRX4590305.9274962.1	95.699	93	4	0	5264	5356	3	95	6.76e-33	150
NC_001564	SRA:SRX4590305.8468096.1	94.792	96	5	0	9203	9298	6	101	6.76e-33	150
NC_001564	SRA:SRX4590305.6562472.1	94.792	96	5	0	9203	9298	6	101	6.76e-33	150
NC_001564	SRA:SRX4590305.17457094.1	97.674	86	2	0	1	86	16	101	2.43e-32	148
NC_001564	SRA:SRX4590305.3259066.1	95.652	92	4	0	9203	9294	10	101	2.43e-32	148
NC_001564	SRA:SRX4590305.131979.1	97.674	86	2	0	1	86	16	101	2.43e-32	148
NC_001564	SRA:SRX4590305.12272521.1	92.079	101	8	0	71	171	1	101	1.13e-30	143
NC_001564	SRA:SRX4590305.11770256.1	94.565	92	4	1	14	104	1	92	4.07e-30	141
NC_001564	SRA:SRX4590305.10006462.1	97.468	79	2	0	5699	5777	6	84	1.89e-28	135
NC_001564	SRA:SRX4590305.5266981.1	97.468	79	2	0	5699	5777	6	84	1.89e-28	135
NC_001564	SRA:SRX4590305.688713.1	97.468	79	2	0	5699	5777	6	84	1.89e-28	135
NC_001564	SRA:SRX4590305.2083095.1	97.222	72	2	0	4957	5028	4	75	1.47e-24	122
NC_001564	SRA:SRX4590305.5299153.1	91.463	82	7	0	8542	8623	4	85	8.87e-22	113
NC_001564	SRA:SRX4590305.6491229.1	91.892	74	6	0	105	178	1	74	5.34e-19	104
NC_001564	SRA:SRX4590305.17440922.1	88.608	79	8	1	102	179	1	79	3.21e-16	95.3
NC_001564	SRA:SRX4590305.16263570.1	93.651	63	4	0	686	748	1	63	3.21e-16	95.3
NC_001564	SRA:SRX4590305.4760783.1	93.651	63	4	0	686	748	1	63	3.21e-16	95.3
NC_001564	SRA:SRX4590305.1465798.1	93.651	63	4	0	686	748	1	63	3.21e-16	95.3
CFAV-Cairns_Australia_2014	SRA:SRX4590305.5340774.1	98.020	101	2	0	10368	10468	1	101	1.12e-40	176
CFAV-Cairns_Australia_2014	SRA:SRX4590305.3470278.1	98.020	101	2	0	10368	10468	1	101	1.12e-40	176
CFAV-Cairns_Australia_2014	SRA:SRX4590305.19548204.1	98.000	100	2	0	6024	6123	1	100	4.01e-40	174
CFAV-Cairns_Australia_2014	SRA:SRX4590305.17396607.1	98.969	97	1	0	6092	6188	2	98	4.01e-40	174
CFAV-Cairns_Australia_2014	SRA:SRX4590305.12384708.1	98.969	97	1	0	6092	6188	2	98	4.01e-40	174
CFAV-Cairns_Australia_2014	SRA:SRX4590305.5814914.1	98.000	100	2	0	5731	5830	2	101	4.01e-40	174
CFAV-Cairns_Australia_2014	SRA:SRX4590305.14608488.1	97.959	98	2	0	6026	6123	1	98	5.19e-39	171
CFAV-Cairns_Australia_2014	SRA:SRX4590305.7183241.1	97.030	101	3	0	9034	9134	1	101	5.19e-39	171
CFAV-Cairns_Australia_2014	SRA:SRX4590305.5002269.1	97.059	102	2	1	9041	9142	1	101	5.19e-39	171
CFAV-Cairns_Australia_2014	SRA:SRX4590305.8219306.1	97.000	100	3	0	4853	4952	1	100	1.87e-38	169
CFAV-Cairns_Australia_2014	SRA:SRX4590305.779935.1	97.000	100	3	0	4824	4923	2	101	1.87e-38	169
CFAV-Cairns_Australia_2014	SRA:SRX4590305.21155523.1	98.925	93	1	0	6031	6123	7	99	6.72e-38	167
CFAV-Cairns_Australia_2014	SRA:SRX4590305.14452034.1	98.925	93	1	0	6031	6123	7	99	6.72e-38	167
CFAV-Cairns_Australia_2014	SRA:SRX4590305.14354806.1	100.000	90	0	0	10520	10609	1	90	6.72e-38	167
CFAV-Cairns_Australia_2014	SRA:SRX4590305.9926193.1	96.970	99	3	0	7726	7824	3	101	6.72e-38	167
CFAV-Cairns_Australia_2014	SRA:SRX4590305.8150067.1	96.970	99	3	0	7726	7824	3	101	6.72e-38	167
CFAV-Cairns_Australia_2014	SRA:SRX4590305.6126181.1	96.970	99	3	0	9142	9240	3	101	6.72e-38	167
CFAV-Cairns_Australia_2014	SRA:SRX4590305.5776106.1	96.970	99	3	0	9142	9240	3	101	6.72e-38	167
CFAV-Cairns_Australia_2014	SRA:SRX4590305.917823.1	98.925	93	1	0	6031	6123	7	99	6.72e-38	167
CFAV-Cairns_Australia_2014	SRA:SRX4590305.17905387.1	96.040	101	4	0	5661	5761	1	101	2.42e-37	165
CFAV-Cairns_Australia_2014	SRA:SRX4590305.11603622.1	96.040	101	4	0	2	102	1	101	2.42e-37	165
CFAV-Cairns_Australia_2014	SRA:SRX4590305.9468765.1	96.040	101	4	0	418	518	1	101	2.42e-37	165
CFAV-Cairns_Australia_2014	SRA:SRX4590305.5699987.1	96.078	102	3	1	5977	6078	1	101	2.42e-37	165
CFAV-Cairns_Australia_2014	SRA:SRX4590305.1474224.1	96.040	101	4	0	4859	4959	1	101	2.42e-37	165
CFAV-Cairns_Australia_2014	SRA:SRX4590305.1419454.1	96.040	101	4	0	2	102	1	101	2.42e-37	165
CFAV-Cairns_Australia_2014	SRA:SRX4590305.403305.1	96.040	101	4	0	5661	5761	1	101	2.42e-37	165
CFAV-Cairns_Australia_2014	SRA:SRX4590305.12895718.1	96.000	100	4	0	3	102	2	101	8.69e-37	163
CFAV-Cairns_Australia_2014	SRA:SRX4590305.18002089.1	95.960	99	4	0	5	103	3	101	3.13e-36	161
CFAV-Cairns_Australia_2014	SRA:SRX4590305.16166968.1	95.960	99	4	0	5671	5769	3	101	3.13e-36	161
CFAV-Cairns_Australia_2014	SRA:SRX4590305.4340564.1	98.889	90	1	0	10402	10491	1	90	3.13e-36	161
CFAV-Cairns_Australia_2014	SRA:SRX4590305.4103622.1	95.960	99	4	0	5	103	1	99	3.13e-36	161
CFAV-Cairns_Australia_2014	SRA:SRX4590305.327387.1	95.960	99	4	0	5	103	1	99	3.13e-36	161
CFAV-Cairns_Australia_2014	SRA:SRX4590305.20999841.1	95.918	98	4	0	6	103	4	101	1.12e-35	159
CFAV-Cairns_Australia_2014	SRA:SRX4590305.18862177.1	95.050	101	5	0	8689	8789	1	101	1.12e-35	159
CFAV-Cairns_Australia_2014	SRA:SRX4590305.18623600.1	96.842	95	3	0	7235	7329	7	101	1.12e-35	159
CFAV-Cairns_Australia_2014	SRA:SRX4590305.18046995.1	95.098	102	4	1	253	354	1	101	1.12e-35	159
CFAV-Cairns_Australia_2014	SRA:SRX4590305.14633183.1	95.918	98	4	0	9976	10073	4	101	1.12e-35	159
CFAV-Cairns_Australia_2014	SRA:SRX4590305.14494024.1	95.050	101	5	0	8689	8789	1	101	1.12e-35	159
CFAV-Cairns_Australia_2014	SRA:SRX4590305.8163426.1	95.918	98	4	0	3	100	4	101	1.12e-35	159
CFAV-Cairns_Australia_2014	SRA:SRX4590305.18118016.1	95.000	100	5	0	9647	9746	2	101	4.04e-35	158
CFAV-Cairns_Australia_2014	SRA:SRX4590305.14570999.1	95.876	97	4	0	1	97	5	101	4.04e-35	158
CFAV-Cairns_Australia_2014	SRA:SRX4590305.9922510.1	95.000	100	5	0	4	103	1	100	4.04e-35	158
CFAV-Cairns_Australia_2014	SRA:SRX4590305.8458356.1	95.876	97	4	0	2	98	5	101	4.04e-35	158
CFAV-Cairns_Australia_2014	SRA:SRX4590305.8369702.1	95.876	97	4	0	2	98	5	101	4.04e-35	158
CFAV-Cairns_Australia_2014	SRA:SRX4590305.7486010.1	95.876	97	4	0	1	97	5	101	4.04e-35	158
CFAV-Cairns_Australia_2014	SRA:SRX4590305.3317340.1	95.876	97	4	0	1	97	5	101	4.04e-35	158
CFAV-Cairns_Australia_2014	SRA:SRX4590305.2723765.1	95.000	100	5	0	4	103	1	100	4.04e-35	158
CFAV-Cairns_Australia_2014	SRA:SRX4590305.1577113.1	94.949	99	5	0	5	103	3	101	1.45e-34	156
CFAV-Cairns_Australia_2014	SRA:SRX4590305.863663.1	94.949	99	5	0	5	103	3	101	1.45e-34	156
CFAV-Cairns_Australia_2014	SRA:SRX4590305.18223612.1	95.789	95	4	0	5	99	7	101	5.23e-34	154
CFAV-Cairns_Australia_2014	SRA:SRX4590305.17301191.1	94.059	101	6	0	201	301	1	101	5.23e-34	154
CFAV-Cairns_Australia_2014	SRA:SRX4590305.11292739.1	94.059	101	6	0	201	301	1	101	5.23e-34	154
CFAV-Cairns_Australia_2014	SRA:SRX4590305.6104076.1	95.789	95	4	0	5	99	7	101	5.23e-34	154
CFAV-Cairns_Australia_2014	SRA:SRX4590305.452250.1	94.059	101	6	0	4900	5000	1	101	5.23e-34	154
CFAV-Cairns_Australia_2014	SRA:SRX4590305.6492121.1	96.703	91	3	0	13	103	5	95	1.88e-33	152
CFAV-Cairns_Australia_2014	SRA:SRX4590305.5315456.1	94.000	100	6	0	9194	9293	1	100	1.88e-33	152
CFAV-Cairns_Australia_2014	SRA:SRX4590305.5061650.1	96.703	91	3	0	13	103	7	97	1.88e-33	152
CFAV-Cairns_Australia_2014	SRA:SRX4590305.168227.1	94.000	100	6	0	4903	5002	2	101	1.88e-33	152
CFAV-Cairns_Australia_2014	SRA:SRX4590305.20531333.1	93.939	99	6	0	4936	5034	3	101	6.77e-33	150
CFAV-Cairns_Australia_2014	SRA:SRX4590305.20296958.1	94.792	96	5	0	1	96	6	101	6.77e-33	150
CFAV-Cairns_Australia_2014	SRA:SRX4590305.16838789.1	97.701	87	2	0	1	87	15	101	6.77e-33	150
CFAV-Cairns_Australia_2014	SRA:SRX4590305.15100714.1	97.701	87	2	0	1	87	15	101	6.77e-33	150
CFAV-Cairns_Australia_2014	SRA:SRX4590305.11693224.1	93.939	99	6	0	4888	4986	3	101	6.77e-33	150
CFAV-Cairns_Australia_2014	SRA:SRX4590305.10861823.1	93.939	99	6	0	4891	4989	1	99	6.77e-33	150
CFAV-Cairns_Australia_2014	SRA:SRX4590305.9274962.1	95.699	93	4	0	5263	5355	3	95	6.77e-33	150
CFAV-Cairns_Australia_2014	SRA:SRX4590305.2145590.1	93.939	99	6	0	4888	4986	3	101	6.77e-33	150
CFAV-Cairns_Australia_2014	SRA:SRX4590305.1821651.1	97.701	87	2	0	1	87	15	101	6.77e-33	150
CFAV-Cairns_Australia_2014	SRA:SRX4590305.20159146.1	93.069	101	7	0	4919	5019	1	101	2.43e-32	148
CFAV-Cairns_Australia_2014	SRA:SRX4590305.13667409.1	93.069	101	7	0	4925	5025	1	101	2.43e-32	148
CFAV-Cairns_Australia_2014	SRA:SRX4590305.1774280.1	93.069	101	7	0	4924	5024	1	101	2.43e-32	148
CFAV-Cairns_Australia_2014	SRA:SRX4590305.17457094.1	97.647	85	2	0	1	85	17	101	8.75e-32	147
CFAV-Cairns_Australia_2014	SRA:SRX4590305.11765561.1	95.604	91	4	0	8699	8789	5	95	8.75e-32	147
CFAV-Cairns_Australia_2014	SRA:SRX4590305.131979.1	97.647	85	2	0	1	85	17	101	8.75e-32	147
CFAV-Cairns_Australia_2014	SRA:SRX4590305.16987726.1	92.929	99	7	0	4896	4994	3	101	3.15e-31	145
CFAV-Cairns_Australia_2014	SRA:SRX4590305.10016538.1	93.750	96	6	0	4929	5024	1	96	3.15e-31	145
CFAV-Cairns_Australia_2014	SRA:SRX4590305.8468096.1	93.750	96	6	0	9202	9297	6	101	3.15e-31	145
CFAV-Cairns_Australia_2014	SRA:SRX4590305.6562472.1	93.750	96	6	0	9202	9297	6	101	3.15e-31	145
CFAV-Cairns_Australia_2014	SRA:SRX4590305.6375721.1	92.929	99	7	0	4936	5034	3	101	3.15e-31	145
CFAV-Cairns_Australia_2014	SRA:SRX4590305.2390710.1	93.750	96	6	0	4933	5028	1	96	3.15e-31	145
CFAV-Cairns_Australia_2014	SRA:SRX4590305.17023088.1	92.857	98	7	0	9200	9297	1	98	1.13e-30	143
CFAV-Cairns_Australia_2014	SRA:SRX4590305.7021348.1	92.079	101	8	0	4899	4999	1	101	1.13e-30	143
CFAV-Cairns_Australia_2014	SRA:SRX4590305.3259066.1	94.565	92	5	0	9202	9293	10	101	1.13e-30	143
CFAV-Cairns_Australia_2014	SRA:SRX4590305.11770256.1	94.565	92	4	1	13	103	1	92	4.07e-30	141
CFAV-Cairns_Australia_2014	SRA:SRX4590305.10006462.1	94.937	79	4	0	5698	5776	6	84	4.10e-25	124
CFAV-Cairns_Australia_2014	SRA:SRX4590305.5266981.1	94.937	79	4	0	5698	5776	6	84	4.10e-25	124
CFAV-Cairns_Australia_2014	SRA:SRX4590305.688713.1	94.937	79	4	0	5698	5776	6	84	4.10e-25	124
CFAV-Cairns_Australia_2014	SRA:SRX4590305.2083095.1	94.521	73	4	0	4956	5028	4	76	8.88e-22	113
CFAV-Cairns_Australia_2014	SRA:SRX4590305.16263570.1	98.413	63	1	0	685	747	1	63	3.19e-21	111
CFAV-Cairns_Australia_2014	SRA:SRX4590305.4760783.1	98.413	63	1	0	685	747	1	63	3.19e-21	111
CFAV-Cairns_Australia_2014	SRA:SRX4590305.1465798.1	98.413	63	1	0	685	747	1	63	3.19e-21	111
CFAV-Cairns_Australia_2014	SRA:SRX4590305.4717932.1	96.774	62	2	0	3718	3779	1	62	5.34e-19	104
CFAV-Macapa2_Brazil_2017	SRA:SRX4590305.14633183.1	98.000	100	2	0	9975	10074	2	101	4.01e-40	174
CFAV-Macapa2_Brazil_2017	SRA:SRX4590305.5340774.1	97.030	101	3	0	10369	10469	1	101	5.19e-39	171
CFAV-Macapa2_Brazil_2017	SRA:SRX4590305.3470278.1	97.030	101	3	0	10369	10469	1	101	5.19e-39	171
CFAV-Macapa2_Brazil_2017	SRA:SRX4590305.14354806.1	100.000	90	0	0	10521	10610	1	90	6.72e-38	167
CFAV-Macapa2_Brazil_2017	SRA:SRX4590305.9926193.1	96.970	99	3	0	7727	7825	3	101	6.72e-38	167
CFAV-Macapa2_Brazil_2017	SRA:SRX4590305.8150067.1	96.970	99	3	0	7727	7825	3	101	6.72e-38	167
CFAV-Macapa2_Brazil_2017	SRA:SRX4590305.6126181.1	96.970	99	3	0	9143	9241	3	101	6.72e-38	167
CFAV-Macapa2_Brazil_2017	SRA:SRX4590305.5776106.1	96.970	99	3	0	9143	9241	3	101	6.72e-38	167
CFAV-Macapa2_Brazil_2017	SRA:SRX4590305.18862177.1	96.939	98	3	0	8690	8787	1	98	2.42e-37	165
CFAV-Macapa2_Brazil_2017	SRA:SRX4590305.17905387.1	96.040	101	4	0	5662	5762	1	101	2.42e-37	165
CFAV-Macapa2_Brazil_2017	SRA:SRX4590305.14494024.1	96.939	98	3	0	8690	8787	1	98	2.42e-37	165
CFAV-Macapa2_Brazil_2017	SRA:SRX4590305.1474224.1	96.040	101	4	0	4860	4960	1	101	2.42e-37	165
CFAV-Macapa2_Brazil_2017	SRA:SRX4590305.403305.1	96.040	101	4	0	5662	5762	1	101	2.42e-37	165
CFAV-Macapa2_Brazil_2017	SRA:SRX4590305.8219306.1	96.000	100	4	0	4854	4953	1	100	8.69e-37	163
CFAV-Macapa2_Brazil_2017	SRA:SRX4590305.5814914.1	96.000	100	4	0	5732	5831	2	101	8.69e-37	163
CFAV-Macapa2_Brazil_2017	SRA:SRX4590305.16166968.1	95.960	99	4	0	5672	5770	3	101	3.13e-36	161
CFAV-Macapa2_Brazil_2017	SRA:SRX4590305.17023088.1	95.050	101	5	0	9201	9301	1	101	1.12e-35	159
CFAV-Macapa2_Brazil_2017	SRA:SRX4590305.5315456.1	95.050	101	5	0	9195	9295	1	101	1.12e-35	159
CFAV-Macapa2_Brazil_2017	SRA:SRX4590305.17396607.1	95.876	97	4	0	6093	6189	2	98	4.04e-35	158
CFAV-Macapa2_Brazil_2017	SRA:SRX4590305.12384708.1	95.876	97	4	0	6093	6189	2	98	4.04e-35	158
CFAV-Macapa2_Brazil_2017	SRA:SRX4590305.779935.1	95.000	100	5	0	4825	4924	2	101	4.04e-35	158
CFAV-Macapa2_Brazil_2017	SRA:SRX4590305.8468096.1	95.833	96	4	0	9203	9298	6	101	1.45e-34	156
CFAV-Macapa2_Brazil_2017	SRA:SRX4590305.6562472.1	95.833	96	4	0	9203	9298	6	101	1.45e-34	156
CFAV-Macapa2_Brazil_2017	SRA:SRX4590305.4340564.1	97.778	90	2	0	10403	10492	1	90	1.45e-34	156
CFAV-Macapa2_Brazil_2017	SRA:SRX4590305.18046995.1	94.118	102	5	1	254	355	1	101	5.23e-34	154
CFAV-Macapa2_Brazil_2017	SRA:SRX4590305.9468765.1	94.059	101	6	0	419	519	1	101	5.23e-34	154
CFAV-Macapa2_Brazil_2017	SRA:SRX4590305.9274962.1	95.699	93	4	0	5264	5356	3	95	6.77e-33	150
CFAV-Macapa2_Brazil_2017	SRA:SRX4590305.18623600.1	94.737	95	5	0	7236	7330	7	101	2.43e-32	148
CFAV-Macapa2_Brazil_2017	SRA:SRX4590305.3259066.1	95.652	92	4	0	9203	9294	10	101	2.43e-32	148
CFAV-Macapa2_Brazil_2017	SRA:SRX4590305.18118016.1	93.000	100	7	0	9648	9747	2	101	8.75e-32	147
CFAV-Macapa2_Brazil_2017	SRA:SRX4590305.11765561.1	96.591	88	3	0	8700	8787	5	92	8.75e-32	147
CFAV-Macapa2_Brazil_2017	SRA:SRX4590305.7687254.1	93.617	94	6	0	2744	2837	8	101	4.07e-30	141
CFAV-Macapa2_Brazil_2017	SRA:SRX4590305.5699987.1	92.784	97	7	0	5982	6078	4	100	4.07e-30	141
CFAV-Macapa2_Brazil_2017	SRA:SRX4590305.10006462.1	94.937	79	4	0	5699	5777	6	84	4.10e-25	124
CFAV-Macapa2_Brazil_2017	SRA:SRX4590305.5266981.1	94.937	79	4	0	5699	5777	6	84	4.10e-25	124
CFAV-Macapa2_Brazil_2017	SRA:SRX4590305.688713.1	94.937	79	4	0	5699	5777	6	84	4.10e-25	124
CFAV-Macapa2_Brazil_2017	SRA:SRX4590305.4717932.1	96.774	62	2	0	3719	3780	1	62	5.34e-19	104
CFAV-Macapa2_Brazil_2017	SRA:SRX4590305.16263570.1	95.238	63	3	0	686	748	1	63	6.91e-18	100
CFAV-Macapa2_Brazil_2017	SRA:SRX4590305.4760783.1	95.238	63	3	0	686	748	1	63	6.91e-18	100
CFAV-Macapa2_Brazil_2017	SRA:SRX4590305.1465798.1	95.238	63	3	0	686	748	1	63	6.91e-18	100
CFAV-Macapa2_Brazil_2017	SRA:SRX4590305.11770256.1	87.952	83	10	0	20	102	8	90	2.49e-17	99.0
CFAV-Macapa2_Brazil_2017	SRA:SRX4590305.20999841.1	87.805	82	10	0	21	102	18	99	8.94e-17	97.1
CFAV-Macapa2_Brazil_2017	SRA:SRX4590305.18002089.1	87.805	82	10	0	21	102	18	99	8.94e-17	97.1
CFAV-Macapa2_Brazil_2017	SRA:SRX4590305.12895718.1	87.805	82	10	0	21	102	19	100	8.94e-17	97.1
CFAV-Macapa2_Brazil_2017	SRA:SRX4590305.11603622.1	87.805	82	10	0	21	102	19	100	8.94e-17	97.1
CFAV-Macapa2_Brazil_2017	SRA:SRX4590305.9922510.1	87.805	82	10	0	21	102	17	98	8.94e-17	97.1
CFAV-Macapa2_Brazil_2017	SRA:SRX4590305.6492121.1	87.805	82	10	0	21	102	12	93	8.94e-17	97.1
CFAV-Macapa2_Brazil_2017	SRA:SRX4590305.5061650.1	87.805	82	10	0	21	102	14	95	8.94e-17	97.1
CFAV-Macapa2_Brazil_2017	SRA:SRX4590305.4103622.1	87.805	82	10	0	21	102	16	97	8.94e-17	97.1
CFAV-Macapa2_Brazil_2017	SRA:SRX4590305.2723765.1	87.805	82	10	0	21	102	17	98	8.94e-17	97.1
CFAV-Macapa2_Brazil_2017	SRA:SRX4590305.1577113.1	87.805	82	10	0	21	102	18	99	8.94e-17	97.1
CFAV-Macapa2_Brazil_2017	SRA:SRX4590305.1419454.1	87.805	82	10	0	21	102	19	100	8.94e-17	97.1
CFAV-Macapa2_Brazil_2017	SRA:SRX4590305.863663.1	87.805	82	10	0	21	102	18	99	8.94e-17	97.1
CFAV-Macapa2_Brazil_2017	SRA:SRX4590305.327387.1	87.805	82	10	0	21	102	16	97	8.94e-17	97.1
CFAV-Macapa2_Brazil_2017	SRA:SRX4590305.8163426.1	87.654	81	10	0	21	101	21	101	3.22e-16	95.3
CFAV-Macapa2_Brazil_2017	SRA:SRX4590305.18223612.1	87.500	80	10	0	21	100	22	101	1.16e-15	93.5
CFAV-Macapa2_Brazil_2017	SRA:SRX4590305.6104076.1	87.500	80	10	0	21	100	22	101	1.16e-15	93.5
CFAV-Macapa2_Brazil_2017	SRA:SRX4590305.8458356.1	87.342	79	10	0	21	99	23	101	4.16e-15	91.6
CFAV-Macapa2_Brazil_2017	SRA:SRX4590305.8369702.1	87.342	79	10	0	21	99	23	101	4.16e-15	91.6
CFAV-Macapa2_Brazil_2017	SRA:SRX4590305.14570999.1	87.179	78	10	0	21	98	24	101	1.50e-14	89.8
CFAV-Macapa2_Brazil_2017	SRA:SRX4590305.7486010.1	87.179	78	10	0	21	98	24	101	1.50e-14	89.8
CFAV-Macapa2_Brazil_2017	SRA:SRX4590305.3317340.1	87.179	78	10	0	21	98	24	101	1.50e-14	89.8
CFAV-Macapa2_Brazil_2017	SRA:SRX4590305.20296958.1	87.013	77	10	0	21	97	25	101	5.38e-14	87.9
CFAV-Macapa2_Brazil_2017	SRA:SRX4590305.16838789.1	88.235	68	8	0	21	88	34	101	2.50e-12	82.4
CFAV-Macapa2_Brazil_2017	SRA:SRX4590305.15100714.1	88.235	68	8	0	21	88	34	101	2.50e-12	82.4
CFAV-Macapa2_Brazil_2017	SRA:SRX4590305.1821651.1	88.235	68	8	0	21	88	34	101	2.50e-12	82.4
CFAV-Macapa2_Brazil_2017	SRA:SRX4590305.17457094.1	87.879	66	8	0	21	86	36	101	3.24e-11	78.7
CFAV-Macapa2_Brazil_2017	SRA:SRX4590305.131979.1	87.879	66	8	0	21	86	36	101	3.24e-11	78.7
CFAV-KC_Cambodia_2015	SRA:SRX4590305.16838789.1	100.000	99	0	0	1	99	3	101	6.68e-43	183
CFAV-KC_Cambodia_2015	SRA:SRX4590305.15100714.1	100.000	99	0	0	1	99	3	101	6.68e-43	183
CFAV-KC_Cambodia_2015	SRA:SRX4590305.1821651.1	100.000	99	0	0	1	99	3	101	6.68e-43	183
CFAV-KC_Cambodia_2015	SRA:SRX4590305.5340774.1	99.010	101	1	0	10380	10480	1	101	2.40e-42	182
CFAV-KC_Cambodia_2015	SRA:SRX4590305.3470278.1	99.010	101	1	0	10380	10480	1	101	2.40e-42	182
CFAV-KC_Cambodia_2015	SRA:SRX4590305.17457094.1	100.000	97	0	0	1	97	5	101	8.64e-42	180
CFAV-KC_Cambodia_2015	SRA:SRX4590305.131979.1	100.000	97	0	0	1	97	5	101	8.64e-42	180
CFAV-KC_Cambodia_2015	SRA:SRX4590305.14570999.1	98.020	101	2	0	9	109	1	101	1.12e-40	176
CFAV-KC_Cambodia_2015	SRA:SRX4590305.11603622.1	98.020	101	2	0	14	114	1	101	1.12e-40	176
CFAV-KC_Cambodia_2015	SRA:SRX4590305.7486010.1	98.020	101	2	0	9	109	1	101	1.12e-40	176
CFAV-KC_Cambodia_2015	SRA:SRX4590305.1419454.1	98.020	101	2	0	14	114	1	101	1.12e-40	176
CFAV-KC_Cambodia_2015	SRA:SRX4590305.12895718.1	98.000	100	2	0	15	114	2	101	4.02e-40	174
CFAV-KC_Cambodia_2015	SRA:SRX4590305.779935.1	98.000	100	2	0	4836	4935	2	101	4.02e-40	174
CFAV-KC_Cambodia_2015	SRA:SRX4590305.18002089.1	97.980	99	2	0	17	115	3	101	1.45e-39	172
CFAV-KC_Cambodia_2015	SRA:SRX4590305.4103622.1	97.980	99	2	0	17	115	1	99	1.45e-39	172
CFAV-KC_Cambodia_2015	SRA:SRX4590305.3317340.1	97.980	99	2	0	11	109	3	101	1.45e-39	172
CFAV-KC_Cambodia_2015	SRA:SRX4590305.327387.1	97.980	99	2	0	17	115	1	99	1.45e-39	172
CFAV-KC_Cambodia_2015	SRA:SRX4590305.20999841.1	97.959	98	2	0	18	115	4	101	5.20e-39	171
CFAV-KC_Cambodia_2015	SRA:SRX4590305.20296958.1	97.030	101	3	0	8	108	1	101	5.20e-39	171
CFAV-KC_Cambodia_2015	SRA:SRX4590305.18862177.1	97.030	101	3	0	8701	8801	1	101	5.20e-39	171
CFAV-KC_Cambodia_2015	SRA:SRX4590305.14494024.1	97.030	101	3	0	8701	8801	1	101	5.20e-39	171
CFAV-KC_Cambodia_2015	SRA:SRX4590305.8219306.1	97.030	101	3	0	4865	4965	1	101	5.20e-39	171
CFAV-KC_Cambodia_2015	SRA:SRX4590305.8163426.1	97.959	98	2	0	15	112	4	101	5.20e-39	171
CFAV-KC_Cambodia_2015	SRA:SRX4590305.1474224.1	97.030	101	3	0	4871	4971	1	101	5.20e-39	171
CFAV-KC_Cambodia_2015	SRA:SRX4590305.9922510.1	97.000	100	3	0	16	115	1	100	1.87e-38	169
CFAV-KC_Cambodia_2015	SRA:SRX4590305.8458356.1	97.938	97	2	0	14	110	5	101	1.87e-38	169
CFAV-KC_Cambodia_2015	SRA:SRX4590305.8369702.1	97.938	97	2	0	14	110	5	101	1.87e-38	169
CFAV-KC_Cambodia_2015	SRA:SRX4590305.2723765.1	97.000	100	3	0	16	115	1	100	1.87e-38	169
CFAV-KC_Cambodia_2015	SRA:SRX4590305.15391409.1	96.970	99	3	0	8668	8766	3	101	6.73e-38	167
CFAV-KC_Cambodia_2015	SRA:SRX4590305.1577113.1	96.970	99	3	0	17	115	3	101	6.73e-38	167
CFAV-KC_Cambodia_2015	SRA:SRX4590305.863663.1	96.970	99	3	0	17	115	3	101	6.73e-38	167
CFAV-KC_Cambodia_2015	SRA:SRX4590305.563626.1	96.970	99	3	0	8668	8766	3	101	6.73e-38	167
CFAV-KC_Cambodia_2015	SRA:SRX4590305.18223612.1	96.040	101	4	0	11	111	1	101	2.42e-37	165
CFAV-KC_Cambodia_2015	SRA:SRX4590305.18046995.1	96.078	102	3	1	265	366	1	101	2.42e-37	165
CFAV-KC_Cambodia_2015	SRA:SRX4590305.6104076.1	96.040	101	4	0	11	111	1	101	2.42e-37	165
CFAV-KC_Cambodia_2015	SRA:SRX4590305.5315456.1	96.040	101	4	0	9206	9306	1	101	2.42e-37	165
CFAV-KC_Cambodia_2015	SRA:SRX4590305.15076037.1	96.000	100	4	0	8507	8606	1	100	8.70e-37	163
CFAV-KC_Cambodia_2015	SRA:SRX4590305.10949772.1	96.040	101	3	1	8694	8793	1	101	8.70e-37	163
CFAV-KC_Cambodia_2015	SRA:SRX4590305.5814914.1	96.000	100	4	0	5743	5842	2	101	8.70e-37	163
CFAV-KC_Cambodia_2015	SRA:SRX4590305.4870796.1	96.907	97	3	0	8698	8794	5	101	8.70e-37	163
CFAV-KC_Cambodia_2015	SRA:SRX4590305.4238785.1	96.907	97	3	0	8698	8794	5	101	8.70e-37	163
CFAV-KC_Cambodia_2015	SRA:SRX4590305.14354806.1	98.889	90	1	0	10532	10621	1	90	3.13e-36	161
CFAV-KC_Cambodia_2015	SRA:SRX4590305.9926193.1	95.960	99	4	0	7738	7836	3	101	3.13e-36	161
CFAV-KC_Cambodia_2015	SRA:SRX4590305.8150067.1	95.960	99	4	0	7738	7836	3	101	3.13e-36	161
CFAV-KC_Cambodia_2015	SRA:SRX4590305.6126181.1	95.960	99	4	0	9154	9252	3	101	3.13e-36	161
CFAV-KC_Cambodia_2015	SRA:SRX4590305.5776106.1	95.960	99	4	0	9154	9252	3	101	3.13e-36	161
CFAV-KC_Cambodia_2015	SRA:SRX4590305.4340564.1	98.889	90	1	0	10414	10503	1	90	3.13e-36	161
CFAV-KC_Cambodia_2015	SRA:SRX4590305.18623600.1	96.842	95	3	0	7247	7341	7	101	1.13e-35	159
CFAV-KC_Cambodia_2015	SRA:SRX4590305.17023088.1	95.050	101	5	0	9212	9312	1	101	1.13e-35	159
CFAV-KC_Cambodia_2015	SRA:SRX4590305.5061650.1	96.842	95	3	0	21	115	3	97	1.13e-35	159
CFAV-KC_Cambodia_2015	SRA:SRX4590305.18118016.1	95.000	100	5	0	9659	9758	2	101	4.05e-35	158
CFAV-KC_Cambodia_2015	SRA:SRX4590305.14633183.1	95.000	100	5	0	9986	10085	2	101	4.05e-35	158
CFAV-KC_Cambodia_2015	SRA:SRX4590305.11765561.1	97.802	91	2	0	8711	8801	5	95	4.05e-35	158
CFAV-KC_Cambodia_2015	SRA:SRX4590305.10114721.1	95.876	97	4	0	8694	8790	5	101	4.05e-35	158
CFAV-KC_Cambodia_2015	SRA:SRX4590305.6492121.1	96.809	94	3	0	22	115	2	95	4.05e-35	158
CFAV-KC_Cambodia_2015	SRA:SRX4590305.9274962.1	96.774	93	3	0	5275	5367	3	95	1.46e-34	156
CFAV-KC_Cambodia_2015	SRA:SRX4590305.8468096.1	95.833	96	4	0	9214	9309	6	101	1.46e-34	156
CFAV-KC_Cambodia_2015	SRA:SRX4590305.6562472.1	95.833	96	4	0	9214	9309	6	101	1.46e-34	156
CFAV-KC_Cambodia_2015	SRA:SRX4590305.17905387.1	94.000	100	6	0	5674	5773	2	101	1.88e-33	152
CFAV-KC_Cambodia_2015	SRA:SRX4590305.7687254.1	95.745	94	4	0	2755	2848	8	101	1.88e-33	152
CFAV-KC_Cambodia_2015	SRA:SRX4590305.403305.1	94.000	100	6	0	5674	5773	2	101	1.88e-33	152
CFAV-KC_Cambodia_2015	SRA:SRX4590305.16166968.1	93.939	99	6	0	5683	5781	3	101	6.77e-33	150
CFAV-KC_Cambodia_2015	SRA:SRX4590305.14608488.1	95.652	92	4	0	6042	6133	5	96	2.44e-32	148
CFAV-KC_Cambodia_2015	SRA:SRX4590305.9468765.1	93.069	101	7	0	430	530	1	101	2.44e-32	148
CFAV-KC_Cambodia_2015	SRA:SRX4590305.3259066.1	93.878	98	6	0	9208	9305	4	101	2.44e-32	148
CFAV-KC_Cambodia_2015	SRA:SRX4590305.21155523.1	95.604	91	4	0	6043	6133	7	97	8.76e-32	147
CFAV-KC_Cambodia_2015	SRA:SRX4590305.19548204.1	93.814	97	6	0	6037	6133	2	98	8.76e-32	147
CFAV-KC_Cambodia_2015	SRA:SRX4590305.18736366.1	94.681	94	5	0	8525	8618	1	94	8.76e-32	147
CFAV-KC_Cambodia_2015	SRA:SRX4590305.17396607.1	93.814	97	6	0	6104	6200	2	98	8.76e-32	147
CFAV-KC_Cambodia_2015	SRA:SRX4590305.14452034.1	95.604	91	4	0	6043	6133	7	97	8.76e-32	147
CFAV-KC_Cambodia_2015	SRA:SRX4590305.12384708.1	93.814	97	6	0	6104	6200	2	98	8.76e-32	147
CFAV-KC_Cambodia_2015	SRA:SRX4590305.11770256.1	95.652	92	3	1	25	115	1	92	8.76e-32	147
CFAV-KC_Cambodia_2015	SRA:SRX4590305.917823.1	95.604	91	4	0	6043	6133	7	97	8.76e-32	147
CFAV-KC_Cambodia_2015	SRA:SRX4590305.20531333.1	92.079	101	8	0	4946	5046	1	101	1.13e-30	143
CFAV-KC_Cambodia_2015	SRA:SRX4590305.2390710.1	92.708	96	7	0	4945	5040	1	96	1.47e-29	139
CFAV-KC_Cambodia_2015	SRA:SRX4590305.6375721.1	91.089	101	9	0	4946	5046	1	101	5.27e-29	137
CFAV-KC_Cambodia_2015	SRA:SRX4590305.5699987.1	90.625	96	9	0	5995	6090	6	101	3.17e-26	128
CFAV-KC_Cambodia_2015	SRA:SRX4590305.8693385.1	96.970	66	2	0	8959	9024	1	66	3.20e-21	111
CFAV-KC_Cambodia_2015	SRA:SRX4590305.4717932.1	98.387	62	1	0	3730	3791	1	62	1.15e-20	110
CFAV-KC_Cambodia_2015	SRA:SRX4590305.5299153.1	89.024	82	9	0	8553	8634	4	85	1.92e-18	102
CFAV-KC_Cambodia_2015	SRA:SRX4590305.2083095.1	90.789	76	7	0	4965	5040	1	76	1.92e-18	102
CFAV-KC_Cambodia_2015	SRA:SRX4590305.7775446.1	98.246	57	1	0	9934	9990	45	101	6.92e-18	100
CFAV-KC_Cambodia_2015	SRA:SRX4590305.16263570.1	96.610	59	2	0	697	755	1	59	2.49e-17	99.0
CFAV-KC_Cambodia_2015	SRA:SRX4590305.4760783.1	96.610	59	2	0	697	755	1	59	2.49e-17	99.0
CFAV-KC_Cambodia_2015	SRA:SRX4590305.1465798.1	96.610	59	2	0	697	755	1	59	2.49e-17	99.0
CFAV-Zik_Uganda_2016	SRA:SRX4590305.5340774.1	99.010	101	1	0	10380	10480	1	101	2.40e-42	182
CFAV-Zik_Uganda_2016	SRA:SRX4590305.3470278.1	99.010	101	1	0	10380	10480	1	101	2.40e-42	182
CFAV-Zik_Uganda_2016	SRA:SRX4590305.6126181.1	98.980	98	1	0	9154	9251	3	100	1.12e-40	176
CFAV-Zik_Uganda_2016	SRA:SRX4590305.5776106.1	98.980	98	1	0	9154	9251	3	100	1.12e-40	176
CFAV-Zik_Uganda_2016	SRA:SRX4590305.17396607.1	98.969	97	1	0	6104	6200	2	98	4.02e-40	174
CFAV-Zik_Uganda_2016	SRA:SRX4590305.12384708.1	98.969	97	1	0	6104	6200	2	98	4.02e-40	174
CFAV-Zik_Uganda_2016	SRA:SRX4590305.18862177.1	97.030	101	3	0	8701	8801	1	101	5.20e-39	171
CFAV-Zik_Uganda_2016	SRA:SRX4590305.14494024.1	97.030	101	3	0	8701	8801	1	101	5.20e-39	171
CFAV-Zik_Uganda_2016	SRA:SRX4590305.14633183.1	97.000	100	3	0	9986	10085	2	101	1.87e-38	169
CFAV-Zik_Uganda_2016	SRA:SRX4590305.8219306.1	97.000	100	3	0	4865	4964	1	100	1.87e-38	169
CFAV-Zik_Uganda_2016	SRA:SRX4590305.779935.1	97.000	100	3	0	4836	4935	2	101	1.87e-38	169
CFAV-Zik_Uganda_2016	SRA:SRX4590305.16838789.1	96.970	99	3	0	1	99	3	101	6.73e-38	167
CFAV-Zik_Uganda_2016	SRA:SRX4590305.15100714.1	96.970	99	3	0	1	99	3	101	6.73e-38	167
CFAV-Zik_Uganda_2016	SRA:SRX4590305.14354806.1	100.000	90	0	0	10532	10621	1	90	6.73e-38	167
CFAV-Zik_Uganda_2016	SRA:SRX4590305.1821651.1	96.970	99	3	0	1	99	3	101	6.73e-38	167
CFAV-Zik_Uganda_2016	SRA:SRX4590305.18046995.1	96.078	102	3	1	265	366	1	101	2.42e-37	165
CFAV-Zik_Uganda_2016	SRA:SRX4590305.1474224.1	96.040	101	4	0	4871	4971	1	101	2.42e-37	165
CFAV-Zik_Uganda_2016	SRA:SRX4590305.19548204.1	96.000	100	4	0	6036	6135	1	100	8.70e-37	163
CFAV-Zik_Uganda_2016	SRA:SRX4590305.18118016.1	96.000	100	4	0	9659	9758	2	101	8.70e-37	163
CFAV-Zik_Uganda_2016	SRA:SRX4590305.17457094.1	97.872	94	2	0	1	94	5	98	8.70e-37	163
CFAV-Zik_Uganda_2016	SRA:SRX4590305.15391409.1	97.872	94	2	0	8673	8766	8	101	8.70e-37	163
CFAV-Zik_Uganda_2016	SRA:SRX4590305.10949772.1	96.040	101	3	1	8694	8793	1	101	8.70e-37	163
CFAV-Zik_Uganda_2016	SRA:SRX4590305.5814914.1	96.000	100	4	0	5743	5842	2	101	8.70e-37	163
CFAV-Zik_Uganda_2016	SRA:SRX4590305.4870796.1	96.907	97	3	0	8698	8794	5	101	8.70e-37	163
CFAV-Zik_Uganda_2016	SRA:SRX4590305.4238785.1	96.907	97	3	0	8698	8794	5	101	8.70e-37	163
CFAV-Zik_Uganda_2016	SRA:SRX4590305.563626.1	97.872	94	2	0	8673	8766	8	101	8.70e-37	163
CFAV-Zik_Uganda_2016	SRA:SRX4590305.131979.1	97.872	94	2	0	1	94	5	98	8.70e-37	163
CFAV-Zik_Uganda_2016	SRA:SRX4590305.9926193.1	95.960	99	4	0	7738	7836	3	101	3.13e-36	161
CFAV-Zik_Uganda_2016	SRA:SRX4590305.8150067.1	95.960	99	4	0	7738	7836	3	101	3.13e-36	161
CFAV-Zik_Uganda_2016	SRA:SRX4590305.4340564.1	98.889	90	1	0	10414	10503	1	90	3.13e-36	161
CFAV-Zik_Uganda_2016	SRA:SRX4590305.14608488.1	95.918	98	4	0	6038	6135	1	98	1.13e-35	159
CFAV-Zik_Uganda_2016	SRA:SRX4590305.14570999.1	95.050	101	5	0	9	109	1	101	1.13e-35	159
CFAV-Zik_Uganda_2016	SRA:SRX4590305.7486010.1	95.050	101	5	0	9	109	1	101	1.13e-35	159
CFAV-Zik_Uganda_2016	SRA:SRX4590305.5699987.1	95.098	102	4	1	5989	6090	1	101	1.13e-35	159
CFAV-Zik_Uganda_2016	SRA:SRX4590305.10114721.1	95.876	97	4	0	8694	8790	5	101	4.05e-35	158
CFAV-Zik_Uganda_2016	SRA:SRX4590305.21155523.1	96.774	93	3	0	6043	6135	7	99	1.46e-34	156
CFAV-Zik_Uganda_2016	SRA:SRX4590305.14452034.1	96.774	93	3	0	6043	6135	7	99	1.46e-34	156
CFAV-Zik_Uganda_2016	SRA:SRX4590305.11603622.1	94.949	99	5	0	14	112	1	99	1.46e-34	156
CFAV-Zik_Uganda_2016	SRA:SRX4590305.9274962.1	96.774	93	3	0	5275	5367	3	95	1.46e-34	156
CFAV-Zik_Uganda_2016	SRA:SRX4590305.3317340.1	94.949	99	5	0	11	109	3	101	1.46e-34	156
CFAV-Zik_Uganda_2016	SRA:SRX4590305.1419454.1	94.949	99	5	0	14	112	1	99	1.46e-34	156
CFAV-Zik_Uganda_2016	SRA:SRX4590305.917823.1	96.774	93	3	0	6043	6135	7	99	1.46e-34	156
CFAV-Zik_Uganda_2016	SRA:SRX4590305.20296958.1	94.059	101	6	0	8	108	1	101	5.24e-34	154
CFAV-Zik_Uganda_2016	SRA:SRX4590305.18623600.1	95.789	95	4	0	7247	7341	7	101	5.24e-34	154
CFAV-Zik_Uganda_2016	SRA:SRX4590305.12895718.1	94.898	98	5	0	15	112	2	99	5.24e-34	154
CFAV-Zik_Uganda_2016	SRA:SRX4590305.11693224.1	94.059	101	6	0	4898	4998	1	101	5.24e-34	154
CFAV-Zik_Uganda_2016	SRA:SRX4590305.8163426.1	94.898	98	5	0	15	112	4	101	5.24e-34	154
CFAV-Zik_Uganda_2016	SRA:SRX4590305.5315456.1	94.059	101	6	0	9206	9306	1	101	5.24e-34	154
CFAV-Zik_Uganda_2016	SRA:SRX4590305.2145590.1	94.059	101	6	0	4898	4998	1	101	5.24e-34	154
CFAV-Zik_Uganda_2016	SRA:SRX4590305.452250.1	94.059	101	6	0	4912	5012	1	101	5.24e-34	154
CFAV-Zik_Uganda_2016	SRA:SRX4590305.11765561.1	96.703	91	3	0	8711	8801	5	95	1.88e-33	152
CFAV-Zik_Uganda_2016	SRA:SRX4590305.8458356.1	94.845	97	5	0	14	110	5	101	1.88e-33	152
CFAV-Zik_Uganda_2016	SRA:SRX4590305.8369702.1	94.845	97	5	0	14	110	5	101	1.88e-33	152
CFAV-Zik_Uganda_2016	SRA:SRX4590305.168227.1	94.000	100	6	0	4915	5014	2	101	1.88e-33	152
CFAV-Zik_Uganda_2016	SRA:SRX4590305.18002089.1	94.792	96	5	0	17	112	3	98	6.77e-33	150
CFAV-Zik_Uganda_2016	SRA:SRX4590305.10861823.1	93.939	99	6	0	4903	5001	1	99	6.77e-33	150
CFAV-Zik_Uganda_2016	SRA:SRX4590305.4103622.1	94.000	100	5	1	17	115	1	100	6.77e-33	150
CFAV-Zik_Uganda_2016	SRA:SRX4590305.327387.1	94.000	100	5	1	17	115	1	100	6.77e-33	150
CFAV-Zik_Uganda_2016	SRA:SRX4590305.20999841.1	94.737	95	5	0	18	112	4	98	2.44e-32	148
CFAV-Zik_Uganda_2016	SRA:SRX4590305.20531333.1	93.069	101	7	0	4946	5046	1	101	2.44e-32	148
CFAV-Zik_Uganda_2016	SRA:SRX4590305.20159146.1	93.069	101	7	0	4931	5031	1	101	2.44e-32	148
CFAV-Zik_Uganda_2016	SRA:SRX4590305.18223612.1	93.069	101	7	0	11	111	1	101	2.44e-32	148
CFAV-Zik_Uganda_2016	SRA:SRX4590305.13667409.1	93.069	101	7	0	4937	5037	1	101	2.44e-32	148
CFAV-Zik_Uganda_2016	SRA:SRX4590305.9468765.1	93.069	101	7	0	430	530	1	101	2.44e-32	148
CFAV-Zik_Uganda_2016	SRA:SRX4590305.7183241.1	93.069	101	7	0	9046	9146	1	101	2.44e-32	148
CFAV-Zik_Uganda_2016	SRA:SRX4590305.6104076.1	93.069	101	7	0	11	111	1	101	2.44e-32	148
CFAV-Zik_Uganda_2016	SRA:SRX4590305.5002269.1	93.137	102	6	1	9053	9154	1	101	2.44e-32	148
CFAV-Zik_Uganda_2016	SRA:SRX4590305.1774280.1	93.069	101	7	0	4936	5036	1	101	2.44e-32	148
CFAV-Zik_Uganda_2016	SRA:SRX4590305.9922510.1	93.069	101	6	1	16	115	1	101	8.76e-32	147
CFAV-Zik_Uganda_2016	SRA:SRX4590305.7687254.1	94.681	94	5	0	2755	2848	8	101	8.76e-32	147
CFAV-Zik_Uganda_2016	SRA:SRX4590305.2723765.1	93.069	101	6	1	16	115	1	101	8.76e-32	147
CFAV-Zik_Uganda_2016	SRA:SRX4590305.16987726.1	92.929	99	7	0	4908	5006	3	101	3.15e-31	145
CFAV-Zik_Uganda_2016	SRA:SRX4590305.10016538.1	93.750	96	6	0	4941	5036	1	96	3.15e-31	145
CFAV-Zik_Uganda_2016	SRA:SRX4590305.2390710.1	93.750	96	6	0	4945	5040	1	96	3.15e-31	145
CFAV-Zik_Uganda_2016	SRA:SRX4590305.1577113.1	93.750	96	6	0	17	112	3	98	3.15e-31	145
CFAV-Zik_Uganda_2016	SRA:SRX4590305.863663.1	93.750	96	6	0	17	112	3	98	3.15e-31	145
CFAV-Zik_Uganda_2016	SRA:SRX4590305.7021348.1	92.079	101	8	0	4911	5011	1	101	1.13e-30	143
CFAV-Zik_Uganda_2016	SRA:SRX4590305.6375721.1	92.079	101	8	0	4946	5046	1	101	1.13e-30	143
CFAV-Zik_Uganda_2016	SRA:SRX4590305.6492121.1	94.565	92	4	1	25	115	5	96	4.08e-30	141
CFAV-Zik_Uganda_2016	SRA:SRX4590305.5061650.1	94.565	92	4	1	25	115	7	98	4.08e-30	141
CFAV-Zik_Uganda_2016	SRA:SRX4590305.12272521.1	91.089	101	9	0	82	182	1	101	5.27e-29	137
CFAV-Zik_Uganda_2016	SRA:SRX4590305.11770256.1	92.473	93	5	2	25	115	1	93	2.45e-27	132
CFAV-Zik_Uganda_2016	SRA:SRX4590305.10006462.1	92.405	79	6	0	5710	5788	6	84	8.89e-22	113
CFAV-Zik_Uganda_2016	SRA:SRX4590305.5266981.1	92.405	79	6	0	5710	5788	6	84	8.89e-22	113
CFAV-Zik_Uganda_2016	SRA:SRX4590305.2083095.1	94.521	73	4	0	4968	5040	4	76	8.89e-22	113
CFAV-Zik_Uganda_2016	SRA:SRX4590305.688713.1	92.405	79	6	0	5710	5788	6	84	8.89e-22	113
CFAV-Zik_Uganda_2016	SRA:SRX4590305.6491229.1	93.243	74	5	0	116	189	1	74	1.15e-20	110
CFAV-Zik_Uganda_2016	SRA:SRX4590305.4717932.1	98.387	62	1	0	3730	3791	1	62	1.15e-20	110
CFAV-Zik_Uganda_2016	SRA:SRX4590305.8693385.1	95.455	66	3	0	8959	9024	1	66	1.49e-19	106
CFAV-Zik_Uganda_2016	SRA:SRX4590305.16263570.1	93.651	63	4	0	697	759	1	63	3.22e-16	95.3
CFAV-Zik_Uganda_2016	SRA:SRX4590305.4760783.1	93.651	63	4	0	697	759	1	63	3.22e-16	95.3
CFAV-Zik_Uganda_2016	SRA:SRX4590305.1465798.1	93.651	63	4	0	697	759	1	63	3.22e-16	95.3
CFAV-Zik_Uganda_2016	SRA:SRX4590305.7775446.1	92.308	52	3	1	9988	10038	2	53	1.51e-09	73.1
