CFAV-Bangkok_Thailand_2015	SRA:SRX423173.12502319.1	100.000	76	0	0	3581	3656	1	76	2.65e-30	141
CFAV-Bangkok_Thailand_2015	SRA:SRX423173.8859038.1	100.000	76	0	0	5635	5710	1	76	2.65e-30	141
CFAV-Bangkok_Thailand_2015	SRA:SRX423173.1744881.1	100.000	76	0	0	3598	3673	76	1	2.65e-30	141
CFAV-Bangkok_Thailand_2015	SRA:SRX423173.5232611.1	100.000	74	0	0	5242	5315	76	3	3.43e-29	137
CFAV-Bangkok_Thailand_2015	SRA:SRX423173.4154802.1	100.000	74	0	0	3581	3654	1	74	3.43e-29	137
CFAV-Bangkok_Thailand_2015	SRA:SRX423173.3832184.1	100.000	74	0	0	3733	3806	76	3	3.43e-29	137
CFAV-Bangkok_Thailand_2015	SRA:SRX423173.21422691.1	98.684	76	1	0	6409	6484	1	76	1.23e-28	135
CFAV-Bangkok_Thailand_2015	SRA:SRX423173.20910481.1	98.684	76	1	0	2999	3074	76	1	1.23e-28	135
CFAV-Bangkok_Thailand_2015	SRA:SRX423173.19850158.1	98.684	76	1	0	2106	2181	1	76	1.23e-28	135
CFAV-Bangkok_Thailand_2015	SRA:SRX423173.10242510.1	98.684	76	1	0	5027	5102	76	1	1.23e-28	135
CFAV-Bangkok_Thailand_2015	SRA:SRX423173.10205935.1	98.684	76	1	0	5216	5291	76	1	1.23e-28	135
CFAV-Bangkok_Thailand_2015	SRA:SRX423173.10055640.1	98.684	76	1	0	3711	3786	76	1	1.23e-28	135
CFAV-Bangkok_Thailand_2015	SRA:SRX423173.9076680.1	98.684	76	1	0	5247	5322	76	1	1.23e-28	135
CFAV-Bangkok_Thailand_2015	SRA:SRX423173.5628097.1	98.684	76	1	0	2262	2337	1	76	1.23e-28	135
CFAV-Bangkok_Thailand_2015	SRA:SRX423173.5348706.1	98.684	76	1	0	5226	5301	1	76	1.23e-28	135
CFAV-Bangkok_Thailand_2015	SRA:SRX423173.4183585.1	98.684	76	1	0	5206	5281	76	1	1.23e-28	135
CFAV-Bangkok_Thailand_2015	SRA:SRX423173.2853140.1	98.684	76	1	0	3900	3975	76	1	1.23e-28	135
CFAV-Bangkok_Thailand_2015	SRA:SRX423173.1951550.1	98.684	76	1	0	6122	6197	76	1	1.23e-28	135
CFAV-Bangkok_Thailand_2015	SRA:SRX423173.459035.1	98.684	76	1	0	818	893	1	76	1.23e-28	135
CFAV-Bangkok_Thailand_2015	SRA:SRX423173.349343.1	98.684	76	1	0	5247	5322	1	76	1.23e-28	135
CFAV-Bangkok_Thailand_2015	SRA:SRX423173.218729.1	98.684	76	1	0	3970	4045	1	76	1.23e-28	135
CFAV-Bangkok_Thailand_2015	SRA:SRX423173.10055429.1	98.667	75	1	0	2257	2331	75	1	4.43e-28	134
CFAV-Bangkok_Thailand_2015	SRA:SRX423173.19047093.1	98.649	74	1	0	3699	3772	1	74	1.59e-27	132
CFAV-Bangkok_Thailand_2015	SRA:SRX423173.7168375.1	98.649	74	1	0	1894	1967	76	3	1.59e-27	132
CFAV-Bangkok_Thailand_2015	SRA:SRX423173.2053190.1	98.649	74	1	0	2293	2366	1	74	1.59e-27	132
CFAV-Bangkok_Thailand_2015	SRA:SRX423173.485416.1	100.000	71	0	0	3570	3640	6	76	1.59e-27	132
CFAV-Bangkok_Thailand_2015	SRA:SRX423173.21063884.1	97.368	76	2	0	2179	2254	1	76	5.73e-27	130
CFAV-Bangkok_Thailand_2015	SRA:SRX423173.15562307.1	97.368	76	2	0	939	1014	1	76	5.73e-27	130
CFAV-Bangkok_Thailand_2015	SRA:SRX423173.12816534.1	98.630	73	1	0	1003	1075	75	3	5.73e-27	130
CFAV-Bangkok_Thailand_2015	SRA:SRX423173.12266335.1	97.368	76	2	0	2144	2219	76	1	5.73e-27	130
CFAV-Bangkok_Thailand_2015	SRA:SRX423173.12251391.1	97.368	76	2	0	2040	2115	1	76	5.73e-27	130
CFAV-Bangkok_Thailand_2015	SRA:SRX423173.12149918.1	97.368	76	2	0	2815	2890	76	1	5.73e-27	130
CFAV-Bangkok_Thailand_2015	SRA:SRX423173.12022910.1	97.368	76	2	0	5265	5340	76	1	5.73e-27	130
CFAV-Bangkok_Thailand_2015	SRA:SRX423173.11595749.1	98.630	73	1	0	5219	5291	73	1	5.73e-27	130
CFAV-Bangkok_Thailand_2015	SRA:SRX423173.11231864.1	97.368	76	2	0	3533	3608	76	1	5.73e-27	130
CFAV-Bangkok_Thailand_2015	SRA:SRX423173.10859260.1	97.368	76	2	0	4319	4394	1	76	5.73e-27	130
CFAV-Bangkok_Thailand_2015	SRA:SRX423173.9913627.1	97.368	76	2	0	6292	6367	76	1	5.73e-27	130
CFAV-Bangkok_Thailand_2015	SRA:SRX423173.9906811.1	97.368	76	2	0	5319	5394	76	1	5.73e-27	130
CFAV-Bangkok_Thailand_2015	SRA:SRX423173.9480383.1	97.368	76	2	0	6245	6320	76	1	5.73e-27	130
CFAV-Bangkok_Thailand_2015	SRA:SRX423173.8873772.1	97.368	76	2	0	6471	6546	1	76	5.73e-27	130
CFAV-Bangkok_Thailand_2015	SRA:SRX423173.8649396.1	97.368	76	2	0	3866	3941	1	76	5.73e-27	130
CFAV-Bangkok_Thailand_2015	SRA:SRX423173.8239994.1	98.630	73	1	0	4007	4079	1	73	5.73e-27	130
CFAV-Bangkok_Thailand_2015	SRA:SRX423173.6970756.1	97.368	76	2	0	5270	5345	1	76	5.73e-27	130
CFAV-Bangkok_Thailand_2015	SRA:SRX423173.6427840.1	97.368	76	2	0	5675	5750	76	1	5.73e-27	130
CFAV-Bangkok_Thailand_2015	SRA:SRX423173.5957429.1	97.368	76	2	0	4341	4416	1	76	5.73e-27	130
CFAV-Bangkok_Thailand_2015	SRA:SRX423173.5685361.1	97.368	76	2	0	2562	2637	1	76	5.73e-27	130
CFAV-Bangkok_Thailand_2015	SRA:SRX423173.5046713.1	97.368	76	2	0	2218	2293	76	1	5.73e-27	130
CFAV-Bangkok_Thailand_2015	SRA:SRX423173.4876662.1	97.368	76	2	0	5216	5291	1	76	5.73e-27	130
CFAV-Bangkok_Thailand_2015	SRA:SRX423173.3772642.1	97.368	76	2	0	3100	3175	1	76	5.73e-27	130
CFAV-Bangkok_Thailand_2015	SRA:SRX423173.3679833.1	97.368	76	2	0	5894	5969	1	76	5.73e-27	130
CFAV-Bangkok_Thailand_2015	SRA:SRX423173.3669903.1	97.368	76	2	0	5222	5297	76	1	5.73e-27	130
CFAV-Bangkok_Thailand_2015	SRA:SRX423173.2303206.1	97.368	76	2	0	5582	5657	1	76	5.73e-27	130
CFAV-Bangkok_Thailand_2015	SRA:SRX423173.755574.1	97.368	76	2	0	2071	2146	1	76	5.73e-27	130
CFAV-Bangkok_Thailand_2015	SRA:SRX423173.314394.1	97.368	76	2	0	4324	4399	1	76	5.73e-27	130
CFAV-Bangkok_Thailand_2015	SRA:SRX423173.14605979.1	98.611	72	1	0	3581	3652	1	72	2.06e-26	128
CFAV-Bangkok_Thailand_2015	SRA:SRX423173.14384149.1	100.000	69	0	0	1019	1087	76	8	2.06e-26	128
CFAV-Bangkok_Thailand_2015	SRA:SRX423173.9551612.1	100.000	69	0	0	5745	5813	69	1	2.06e-26	128
CFAV-Bangkok_Thailand_2015	SRA:SRX423173.6415027.1	97.333	75	2	0	5566	5640	2	76	2.06e-26	128
CFAV-Bangkok_Thailand_2015	SRA:SRX423173.16765897.1	97.297	74	2	0	5584	5657	3	76	7.42e-26	126
CFAV-Bangkok_Thailand_2015	SRA:SRX423173.12859430.1	98.592	71	1	0	6139	6209	1	71	7.42e-26	126
CFAV-Bangkok_Thailand_2015	SRA:SRX423173.12142284.1	97.297	74	2	0	3154	3227	74	1	7.42e-26	126
CFAV-Bangkok_Thailand_2015	SRA:SRX423173.12046017.1	97.297	74	2	0	3926	3999	74	1	7.42e-26	126
CFAV-Bangkok_Thailand_2015	SRA:SRX423173.11793596.1	96.053	76	3	0	3887	3962	1	76	7.42e-26	126
CFAV-Bangkok_Thailand_2015	SRA:SRX423173.11780237.1	96.053	76	3	0	5222	5297	76	1	7.42e-26	126
CFAV-Bangkok_Thailand_2015	SRA:SRX423173.8880854.1	97.297	74	2	0	2749	2822	76	3	7.42e-26	126
CFAV-Bangkok_Thailand_2015	SRA:SRX423173.6791017.1	97.297	74	2	0	3737	3810	1	74	7.42e-26	126
CFAV-Bangkok_Thailand_2015	SRA:SRX423173.2556943.1	97.297	74	2	0	1889	1962	3	76	7.42e-26	126
CFAV-Bangkok_Thailand_2015	SRA:SRX423173.557196.1	98.592	71	1	0	4438	4508	71	1	7.42e-26	126
CFAV-Bangkok_Thailand_2015	SRA:SRX423173.21717587.1	96.053	76	3	0	5187	5262	1	76	2.67e-25	124
CFAV-Bangkok_Thailand_2015	SRA:SRX423173.21589721.1	96.053	76	3	0	2959	3034	76	1	2.67e-25	124
CFAV-Bangkok_Thailand_2015	SRA:SRX423173.21236505.1	96.053	76	3	0	6001	6076	1	76	2.67e-25	124
CFAV-Bangkok_Thailand_2015	SRA:SRX423173.20968913.1	97.260	73	2	0	857	929	1	73	2.67e-25	124
CFAV-Bangkok_Thailand_2015	SRA:SRX423173.20906733.1	96.053	76	3	0	5287	5362	1	76	2.67e-25	124
CFAV-Bangkok_Thailand_2015	SRA:SRX423173.20098986.1	96.053	76	3	0	937	1012	76	1	2.67e-25	124
CFAV-Bangkok_Thailand_2015	SRA:SRX423173.16216757.1	96.053	76	3	0	6005	6080	76	1	2.67e-25	124
CFAV-Bangkok_Thailand_2015	SRA:SRX423173.11487438.1	96.053	76	3	0	3691	3766	76	1	2.67e-25	124
CFAV-Bangkok_Thailand_2015	SRA:SRX423173.10104846.1	96.053	76	3	0	818	893	1	76	2.67e-25	124
CFAV-Bangkok_Thailand_2015	SRA:SRX423173.9911930.1	96.053	76	3	0	5548	5623	76	1	2.67e-25	124
CFAV-Bangkok_Thailand_2015	SRA:SRX423173.8317854.1	96.053	76	3	0	5743	5818	1	76	2.67e-25	124
CFAV-Bangkok_Thailand_2015	SRA:SRX423173.8085245.1	96.053	76	3	0	5286	5361	1	76	2.67e-25	124
CFAV-Bangkok_Thailand_2015	SRA:SRX423173.8076434.1	96.053	76	3	0	5979	6054	1	76	2.67e-25	124
CFAV-Bangkok_Thailand_2015	SRA:SRX423173.7760211.1	96.053	76	3	0	2762	2837	1	76	2.67e-25	124
CFAV-Bangkok_Thailand_2015	SRA:SRX423173.5564384.1	96.053	76	3	0	2901	2976	76	1	2.67e-25	124
CFAV-Bangkok_Thailand_2015	SRA:SRX423173.5170806.1	96.053	76	3	0	5779	5854	76	1	2.67e-25	124
CFAV-Bangkok_Thailand_2015	SRA:SRX423173.2157910.1	96.053	76	3	0	2497	2572	1	76	2.67e-25	124
CFAV-Bangkok_Thailand_2015	SRA:SRX423173.791425.1	96.053	76	3	0	5313	5388	1	76	2.67e-25	124
CFAV-Bangkok_Thailand_2015	SRA:SRX423173.657050.1	96.053	76	3	0	4356	4431	76	1	2.67e-25	124
CFAV-Bangkok_Thailand_2015	SRA:SRX423173.633462.1	97.260	73	2	0	857	929	1	73	2.67e-25	124
CFAV-Bangkok_Thailand_2015	SRA:SRX423173.489083.1	96.053	76	3	0	2911	2986	76	1	2.67e-25	124
CFAV-Bangkok_Thailand_2015	SRA:SRX423173.424520.1	96.053	76	3	0	3010	3085	1	76	2.67e-25	124
CFAV-Bangkok_Thailand_2015	SRA:SRX423173.16016386.1	95.946	74	3	0	5242	5315	76	3	9.59e-25	122
CFAV-Bangkok_Thailand_2015	SRA:SRX423173.14433363.1	97.222	72	2	0	2249	2320	72	1	9.59e-25	122
CFAV-Bangkok_Thailand_2015	SRA:SRX423173.13568104.1	98.551	69	1	0	4985	5053	69	1	9.59e-25	122
CFAV-Bangkok_Thailand_2015	SRA:SRX423173.6703794.1	96.000	75	3	0	927	1001	76	2	9.59e-25	122
CFAV-Bangkok_Thailand_2015	SRA:SRX423173.1080133.1	96.000	75	3	0	5356	5430	2	76	9.59e-25	122
CFAV-Bangkok_Thailand_2015	SRA:SRX423173.20921065.1	95.946	74	3	0	5092	5165	76	3	3.45e-24	121
CFAV-Bangkok_Thailand_2015	SRA:SRX423173.19689589.1	95.890	73	3	0	5865	5937	1	73	3.45e-24	121
CFAV-Bangkok_Thailand_2015	SRA:SRX423173.16506638.1	95.890	73	3	0	980	1052	73	1	3.45e-24	121
CFAV-Bangkok_Thailand_2015	SRA:SRX423173.12418602.1	95.946	74	3	0	1849	1922	1	74	3.45e-24	121
CFAV-Bangkok_Thailand_2015	SRA:SRX423173.9200318.1	95.946	74	3	0	3016	3089	76	3	3.45e-24	121
CFAV-Bangkok_Thailand_2015	SRA:SRX423173.3285546.1	95.946	74	3	0	2749	2822	76	3	3.45e-24	121
CFAV-Bangkok_Thailand_2015	SRA:SRX423173.21687360.1	94.737	76	4	0	2512	2587	76	1	1.24e-23	119
CFAV-Bangkok_Thailand_2015	SRA:SRX423173.19969843.1	94.737	76	4	0	5673	5748	1	76	1.24e-23	119
CFAV-Bangkok_Thailand_2015	SRA:SRX423173.17607373.1	95.890	73	3	0	5984	6056	1	73	1.24e-23	119
CFAV-Bangkok_Thailand_2015	SRA:SRX423173.16658718.1	94.737	76	4	0	5163	5238	1	76	1.24e-23	119
CFAV-Bangkok_Thailand_2015	SRA:SRX423173.15910076.1	94.737	76	4	0	3894	3969	1	76	1.24e-23	119
CFAV-Bangkok_Thailand_2015	SRA:SRX423173.15721899.1	94.737	76	4	0	5827	5902	76	1	1.24e-23	119
CFAV-Bangkok_Thailand_2015	SRA:SRX423173.15434677.1	97.143	70	2	0	937	1006	70	1	1.24e-23	119
CFAV-Bangkok_Thailand_2015	SRA:SRX423173.14449247.1	94.737	76	4	0	5353	5428	1	76	1.24e-23	119
CFAV-Bangkok_Thailand_2015	SRA:SRX423173.13968694.1	94.737	76	4	0	2762	2837	1	76	1.24e-23	119
CFAV-Bangkok_Thailand_2015	SRA:SRX423173.11285419.1	97.143	70	2	0	5331	5400	1	70	1.24e-23	119
CFAV-Bangkok_Thailand_2015	SRA:SRX423173.11229813.1	94.737	76	4	0	4327	4402	76	1	1.24e-23	119
CFAV-Bangkok_Thailand_2015	SRA:SRX423173.9672763.1	94.737	76	4	0	4398	4473	76	1	1.24e-23	119
CFAV-Bangkok_Thailand_2015	SRA:SRX423173.9249309.1	94.737	76	4	0	5098	5173	76	1	1.24e-23	119
CFAV-Bangkok_Thailand_2015	SRA:SRX423173.8721313.1	94.737	76	4	0	865	940	1	76	1.24e-23	119
CFAV-Bangkok_Thailand_2015	SRA:SRX423173.7660972.1	94.737	76	4	0	5094	5169	76	1	1.24e-23	119
CFAV-Bangkok_Thailand_2015	SRA:SRX423173.7268323.1	94.737	76	4	0	5962	6037	76	1	1.24e-23	119
CFAV-Bangkok_Thailand_2015	SRA:SRX423173.6217123.1	94.737	76	4	0	5099	5174	1	76	1.24e-23	119
CFAV-Bangkok_Thailand_2015	SRA:SRX423173.4429292.1	97.143	70	2	0	5331	5400	1	70	1.24e-23	119
CFAV-Bangkok_Thailand_2015	SRA:SRX423173.3991114.1	95.890	73	3	0	3067	3139	73	1	1.24e-23	119
CFAV-Bangkok_Thailand_2015	SRA:SRX423173.1315401.1	97.143	70	2	0	5331	5400	1	70	1.24e-23	119
CFAV-Bangkok_Thailand_2015	SRA:SRX423173.811586.1	94.737	76	4	0	5586	5661	1	76	1.24e-23	119
CFAV-Bangkok_Thailand_2015	SRA:SRX423173.12518438.1	94.667	75	4	0	5287	5361	1	75	4.46e-23	117
CFAV-Bangkok_Thailand_2015	SRA:SRX423173.6901016.1	94.667	75	4	0	6323	6397	2	76	4.46e-23	117
CFAV-Bangkok_Thailand_2015	SRA:SRX423173.14728457.1	94.595	74	4	0	3157	3230	76	3	1.61e-22	115
CFAV-Bangkok_Thailand_2015	SRA:SRX423173.12502303.1	97.059	68	2	0	6214	6281	73	6	1.61e-22	115
CFAV-Bangkok_Thailand_2015	SRA:SRX423173.12258892.1	94.595	74	4	0	4337	4410	74	1	1.61e-22	115
CFAV-Bangkok_Thailand_2015	SRA:SRX423173.11927534.1	93.421	76	5	0	2754	2829	1	76	1.61e-22	115
CFAV-Bangkok_Thailand_2015	SRA:SRX423173.21378178.1	94.521	73	4	0	4076	4148	1	73	5.77e-22	113
CFAV-Bangkok_Thailand_2015	SRA:SRX423173.13558373.1	93.421	76	5	0	5143	5218	1	76	5.77e-22	113
CFAV-Bangkok_Thailand_2015	SRA:SRX423173.9199499.1	93.421	76	5	0	4442	4517	76	1	5.77e-22	113
CFAV-Bangkok_Thailand_2015	SRA:SRX423173.7929860.1	93.421	76	5	0	5343	5418	1	76	5.77e-22	113
CFAV-Bangkok_Thailand_2015	SRA:SRX423173.7746187.1	93.421	76	5	0	1921	1996	76	1	5.77e-22	113
CFAV-Bangkok_Thailand_2015	SRA:SRX423173.3088278.1	93.421	76	5	0	1980	2055	1	76	5.77e-22	113
CFAV-Bangkok_Thailand_2015	SRA:SRX423173.20362950.1	94.444	72	4	0	3663	3734	72	1	2.08e-21	111
CFAV-Bangkok_Thailand_2015	SRA:SRX423173.9819152.1	95.652	69	3	0	3504	3572	69	1	2.08e-21	111
CFAV-Bangkok_Thailand_2015	SRA:SRX423173.18598378.1	96.923	65	2	0	997	1061	66	2	7.47e-21	110
CFAV-Bangkok_Thailand_2015	SRA:SRX423173.8522258.1	93.243	74	5	0	4132	4205	3	76	7.47e-21	110
CFAV-Bangkok_Thailand_2015	SRA:SRX423173.21796870.1	92.105	76	6	0	4176	4251	1	76	2.69e-20	108
CFAV-Bangkok_Thailand_2015	SRA:SRX423173.16447514.1	96.875	64	2	0	1024	1087	76	13	2.69e-20	108
CFAV-Bangkok_Thailand_2015	SRA:SRX423173.10113518.1	95.522	67	3	0	5160	5226	67	1	2.69e-20	108
CFAV-Bangkok_Thailand_2015	SRA:SRX423173.7251188.1	92.105	76	6	0	836	911	76	1	2.69e-20	108
CFAV-Bangkok_Thailand_2015	SRA:SRX423173.2043006.1	94.286	70	4	0	4948	5017	7	76	2.69e-20	108
CFAV-Bangkok_Thailand_2015	SRA:SRX423173.1138931.1	92.105	76	6	0	5985	6060	76	1	2.69e-20	108
CFAV-Bangkok_Thailand_2015	SRA:SRX423173.6172396.1	92.000	75	6	0	5616	5690	75	1	9.66e-20	106
CFAV-Bangkok_Thailand_2015	SRA:SRX423173.1217682.1	98.333	60	1	0	1889	1948	3	62	9.66e-20	106
CFAV-Bangkok_Thailand_2015	SRA:SRX423173.9226058.1	95.455	66	2	1	801	866	76	12	3.47e-19	104
CFAV-Bangkok_Thailand_2015	SRA:SRX423173.20098222.1	92.857	70	5	0	4379	4448	1	70	1.25e-18	102
CFAV-Bangkok_Thailand_2015	SRA:SRX423173.18850061.1	96.721	61	2	0	6254	6314	1	61	1.25e-18	102
CFAV-Bangkok_Thailand_2015	SRA:SRX423173.15594346.1	95.082	61	3	0	6396	6456	76	16	5.81e-17	97.1
CFAV-Bangkok_Thailand_2015	SRA:SRX423173.16381685.1	88.312	77	8	1	4355	4431	76	1	2.71e-15	91.6
CFAV-Bangkok_Thailand_2015	SRA:SRX423173.17662091.1	88.732	71	8	0	4132	4202	74	4	3.50e-14	87.9
CFAV-Bangkok_Thailand_2015	SRA:SRX423173.16501942.1	94.231	52	3	0	5364	5415	11	62	5.86e-12	80.5
CFAV-Bangkok_Thailand_2015	SRA:SRX423173.19298075.1	84.211	76	12	0	3988	4063	76	1	7.57e-11	76.8
NC_001564	SRA:SRX423173.20921065.1	100.000	76	0	0	5099	5174	76	1	2.65e-30	141
NC_001564	SRA:SRX423173.12502319.1	100.000	76	0	0	3588	3663	1	76	2.65e-30	141
NC_001564	SRA:SRX423173.10205935.1	100.000	76	0	0	5223	5298	76	1	2.65e-30	141
NC_001564	SRA:SRX423173.10055429.1	100.000	76	0	0	2263	2338	76	1	2.65e-30	141
NC_001564	SRA:SRX423173.9249309.1	100.000	76	0	0	5105	5180	76	1	2.65e-30	141
NC_001564	SRA:SRX423173.9076680.1	100.000	76	0	0	5254	5329	76	1	2.65e-30	141
NC_001564	SRA:SRX423173.8880854.1	100.000	76	0	0	2756	2831	76	1	2.65e-30	141
NC_001564	SRA:SRX423173.8859038.1	100.000	76	0	0	5642	5717	1	76	2.65e-30	141
NC_001564	SRA:SRX423173.8239994.1	100.000	76	0	0	4014	4089	1	76	2.65e-30	141
NC_001564	SRA:SRX423173.7760211.1	100.000	76	0	0	2769	2844	1	76	2.65e-30	141
NC_001564	SRA:SRX423173.7660972.1	100.000	76	0	0	5101	5176	76	1	2.65e-30	141
NC_001564	SRA:SRX423173.6427840.1	100.000	76	0	0	5682	5757	76	1	2.65e-30	141
NC_001564	SRA:SRX423173.6217123.1	100.000	76	0	0	5106	5181	1	76	2.65e-30	141
NC_001564	SRA:SRX423173.5348706.1	100.000	76	0	0	5233	5308	1	76	2.65e-30	141
NC_001564	SRA:SRX423173.5232611.1	100.000	76	0	0	5249	5324	76	1	2.65e-30	141
NC_001564	SRA:SRX423173.4183585.1	100.000	76	0	0	5213	5288	76	1	2.65e-30	141
NC_001564	SRA:SRX423173.1744881.1	100.000	76	0	0	3605	3680	76	1	2.65e-30	141
NC_001564	SRA:SRX423173.838359.1	100.000	76	0	0	912	987	76	1	2.65e-30	141
NC_001564	SRA:SRX423173.725282.1	100.000	76	0	0	2609	2684	76	1	2.65e-30	141
NC_001564	SRA:SRX423173.489083.1	100.000	76	0	0	2918	2993	76	1	2.65e-30	141
NC_001564	SRA:SRX423173.349343.1	100.000	76	0	0	5254	5329	1	76	2.65e-30	141
NC_001564	SRA:SRX423173.218729.1	100.000	76	0	0	3977	4052	1	76	2.65e-30	141
NC_001564	SRA:SRX423173.1080133.1	100.000	75	0	0	5363	5437	2	76	9.55e-30	139
NC_001564	SRA:SRX423173.4154802.1	100.000	74	0	0	3588	3661	1	74	3.43e-29	137
NC_001564	SRA:SRX423173.21796870.1	98.684	76	1	0	4183	4258	1	76	1.23e-28	135
NC_001564	SRA:SRX423173.21589721.1	98.684	76	1	0	2966	3041	76	1	1.23e-28	135
NC_001564	SRA:SRX423173.21422691.1	98.684	76	1	0	6416	6491	1	76	1.23e-28	135
NC_001564	SRA:SRX423173.21164577.1	98.684	76	1	0	3299	3374	1	76	1.23e-28	135
NC_001564	SRA:SRX423173.20910481.1	98.684	76	1	0	3006	3081	76	1	1.23e-28	135
NC_001564	SRA:SRX423173.15562307.1	98.684	76	1	0	946	1021	1	76	1.23e-28	135
NC_001564	SRA:SRX423173.14449247.1	98.684	76	1	0	5360	5435	1	76	1.23e-28	135
NC_001564	SRA:SRX423173.12149918.1	98.684	76	1	0	2822	2897	76	1	1.23e-28	135
NC_001564	SRA:SRX423173.11595749.1	100.000	73	0	0	5226	5298	73	1	1.23e-28	135
NC_001564	SRA:SRX423173.11231864.1	98.684	76	1	0	3540	3615	76	1	1.23e-28	135
NC_001564	SRA:SRX423173.10242510.1	98.684	76	1	0	5034	5109	76	1	1.23e-28	135
NC_001564	SRA:SRX423173.9913627.1	98.684	76	1	0	6299	6374	76	1	1.23e-28	135
NC_001564	SRA:SRX423173.8873772.1	98.684	76	1	0	6478	6553	1	76	1.23e-28	135
NC_001564	SRA:SRX423173.8076434.1	98.684	76	1	0	5986	6061	1	76	1.23e-28	135
NC_001564	SRA:SRX423173.7268323.1	98.684	76	1	0	5969	6044	76	1	1.23e-28	135
NC_001564	SRA:SRX423173.6703794.1	98.684	76	1	0	934	1009	76	1	1.23e-28	135
NC_001564	SRA:SRX423173.5685361.1	98.684	76	1	0	2569	2644	1	76	1.23e-28	135
NC_001564	SRA:SRX423173.5628097.1	98.684	76	1	0	2269	2344	1	76	1.23e-28	135
NC_001564	SRA:SRX423173.5170806.1	98.684	76	1	0	5786	5861	76	1	1.23e-28	135
NC_001564	SRA:SRX423173.5046713.1	98.684	76	1	0	2225	2300	76	1	1.23e-28	135
NC_001564	SRA:SRX423173.4876662.1	98.684	76	1	0	5223	5298	1	76	1.23e-28	135
NC_001564	SRA:SRX423173.3772642.1	98.684	76	1	0	3107	3182	1	76	1.23e-28	135
NC_001564	SRA:SRX423173.3669903.1	98.684	76	1	0	5229	5304	76	1	1.23e-28	135
NC_001564	SRA:SRX423173.3285546.1	98.684	76	1	0	2756	2831	76	1	1.23e-28	135
NC_001564	SRA:SRX423173.2886724.1	98.684	76	1	0	899	974	76	1	1.23e-28	135
NC_001564	SRA:SRX423173.2303206.1	98.684	76	1	0	5589	5664	1	76	1.23e-28	135
NC_001564	SRA:SRX423173.2157910.1	98.684	76	1	0	2504	2579	1	76	1.23e-28	135
NC_001564	SRA:SRX423173.424520.1	98.684	76	1	0	3017	3092	1	76	1.23e-28	135
NC_001564	SRA:SRX423173.14433363.1	100.000	72	0	0	2256	2327	72	1	4.44e-28	134
NC_001564	SRA:SRX423173.5564384.1	98.667	75	1	0	2909	2983	75	1	4.44e-28	134
NC_001564	SRA:SRX423173.19502866.1	100.000	71	0	0	913	983	71	1	1.60e-27	132
NC_001564	SRA:SRX423173.16765897.1	98.649	74	1	0	5591	5664	3	76	1.60e-27	132
NC_001564	SRA:SRX423173.12816534.1	98.649	74	1	0	1009	1082	76	3	1.60e-27	132
NC_001564	SRA:SRX423173.11927534.1	97.368	76	2	0	2761	2836	1	76	1.60e-27	132
NC_001564	SRA:SRX423173.11780237.1	97.368	76	2	0	5229	5304	76	1	1.60e-27	132
NC_001564	SRA:SRX423173.9332827.1	98.649	74	1	0	5463	5536	74	1	1.60e-27	132
NC_001564	SRA:SRX423173.485416.1	100.000	71	0	0	3577	3647	6	76	1.60e-27	132
NC_001564	SRA:SRX423173.21236505.1	97.368	76	2	0	6008	6083	1	76	5.75e-27	130
NC_001564	SRA:SRX423173.21063884.1	97.368	76	2	0	2186	2261	1	76	5.75e-27	130
NC_001564	SRA:SRX423173.20968913.1	97.368	76	2	0	864	939	1	76	5.75e-27	130
NC_001564	SRA:SRX423173.20098986.1	97.368	76	2	0	944	1019	76	1	5.75e-27	130
NC_001564	SRA:SRX423173.19969843.1	97.368	76	2	0	5680	5755	1	76	5.75e-27	130
NC_001564	SRA:SRX423173.17607373.1	98.630	73	1	0	5991	6063	1	73	5.75e-27	130
NC_001564	SRA:SRX423173.16216757.1	97.368	76	2	0	6012	6087	76	1	5.75e-27	130
NC_001564	SRA:SRX423173.15434677.1	98.630	73	1	0	941	1013	73	1	5.75e-27	130
NC_001564	SRA:SRX423173.14463892.1	98.630	73	1	0	2468	2540	73	1	5.75e-27	130
NC_001564	SRA:SRX423173.12266335.1	97.368	76	2	0	2151	2226	76	1	5.75e-27	130
NC_001564	SRA:SRX423173.12022910.1	97.368	76	2	0	5272	5347	76	1	5.75e-27	130
NC_001564	SRA:SRX423173.11285419.1	97.368	76	2	0	5338	5413	1	76	5.75e-27	130
NC_001564	SRA:SRX423173.9911930.1	97.368	76	2	0	5555	5630	76	1	5.75e-27	130
NC_001564	SRA:SRX423173.9200318.1	97.368	76	2	0	3023	3098	76	1	5.75e-27	130
NC_001564	SRA:SRX423173.9083644.1	97.368	76	2	0	4165	4240	1	76	5.75e-27	130
NC_001564	SRA:SRX423173.8721313.1	97.368	76	2	0	872	947	1	76	5.75e-27	130
NC_001564	SRA:SRX423173.8522258.1	97.368	76	2	0	4137	4212	1	76	5.75e-27	130
NC_001564	SRA:SRX423173.8065842.1	97.368	76	2	0	5413	5488	1	76	5.75e-27	130
NC_001564	SRA:SRX423173.7929860.1	97.368	76	2	0	5350	5425	1	76	5.75e-27	130
NC_001564	SRA:SRX423173.6970756.1	97.368	76	2	0	5277	5352	1	76	5.75e-27	130
NC_001564	SRA:SRX423173.6415027.1	97.368	76	2	0	5572	5647	1	76	5.75e-27	130
NC_001564	SRA:SRX423173.5957429.1	97.368	76	2	0	4348	4423	1	76	5.75e-27	130
NC_001564	SRA:SRX423173.4616963.1	97.368	76	2	0	5418	5493	76	1	5.75e-27	130
NC_001564	SRA:SRX423173.4429292.1	97.368	76	2	0	5338	5413	1	76	5.75e-27	130
NC_001564	SRA:SRX423173.3679833.1	97.368	76	2	0	5901	5976	1	76	5.75e-27	130
NC_001564	SRA:SRX423173.2053190.1	97.368	76	2	0	2300	2375	1	76	5.75e-27	130
NC_001564	SRA:SRX423173.1315401.1	97.368	76	2	0	5338	5413	1	76	5.75e-27	130
NC_001564	SRA:SRX423173.657050.1	97.368	76	2	0	4363	4438	76	1	5.75e-27	130
NC_001564	SRA:SRX423173.459035.1	97.368	76	2	0	825	900	1	76	5.75e-27	130
NC_001564	SRA:SRX423173.19850158.1	97.333	75	2	0	2114	2188	2	76	2.07e-26	128
NC_001564	SRA:SRX423173.18701587.1	97.333	75	2	0	4196	4270	76	2	2.07e-26	128
NC_001564	SRA:SRX423173.14605979.1	98.611	72	1	0	3588	3659	1	72	2.07e-26	128
NC_001564	SRA:SRX423173.14384149.1	100.000	69	0	0	1026	1094	76	8	2.07e-26	128
NC_001564	SRA:SRX423173.14047108.1	97.333	75	2	0	941	1015	1	75	2.07e-26	128
NC_001564	SRA:SRX423173.11824384.1	97.297	74	2	0	4075	4148	1	74	2.07e-26	128
NC_001564	SRA:SRX423173.2043006.1	98.611	72	1	0	4953	5024	5	76	2.07e-26	128
NC_001564	SRA:SRX423173.633462.1	97.333	75	2	0	864	938	1	75	2.07e-26	128
NC_001564	SRA:SRX423173.17056390.1	97.297	74	2	0	5464	5537	1	74	7.43e-26	126
NC_001564	SRA:SRX423173.16016386.1	96.053	76	3	0	5249	5324	76	1	7.43e-26	126
NC_001564	SRA:SRX423173.12258892.1	97.297	74	2	0	4344	4417	74	1	7.43e-26	126
NC_001564	SRA:SRX423173.11834093.1	96.053	76	3	0	2592	2667	1	76	7.43e-26	126
NC_001564	SRA:SRX423173.21717587.1	96.053	76	3	0	5194	5269	1	76	2.67e-25	124
NC_001564	SRA:SRX423173.21687360.1	96.053	76	3	0	2519	2594	76	1	2.67e-25	124
NC_001564	SRA:SRX423173.21378178.1	97.260	73	2	0	4083	4155	1	73	2.67e-25	124
NC_001564	SRA:SRX423173.20906733.1	96.053	76	3	0	5294	5369	1	76	2.67e-25	124
NC_001564	SRA:SRX423173.16658718.1	96.053	76	3	0	5170	5245	1	76	2.67e-25	124
NC_001564	SRA:SRX423173.12859430.1	96.053	76	3	0	6146	6221	1	76	2.67e-25	124
NC_001564	SRA:SRX423173.12251391.1	96.053	76	3	0	2047	2122	1	76	2.67e-25	124
NC_001564	SRA:SRX423173.10859260.1	96.053	76	3	0	4326	4401	1	76	2.67e-25	124
NC_001564	SRA:SRX423173.9906811.1	96.053	76	3	0	5326	5401	76	1	2.67e-25	124
NC_001564	SRA:SRX423173.9819152.1	97.260	73	2	0	3507	3579	73	1	2.67e-25	124
NC_001564	SRA:SRX423173.9672763.1	96.053	76	3	0	4405	4480	76	1	2.67e-25	124
NC_001564	SRA:SRX423173.8649396.1	96.053	76	3	0	3873	3948	1	76	2.67e-25	124
NC_001564	SRA:SRX423173.8085245.1	96.053	76	3	0	5293	5368	1	76	2.67e-25	124
NC_001564	SRA:SRX423173.5538532.1	96.053	76	3	0	5452	5527	76	1	2.67e-25	124
NC_001564	SRA:SRX423173.3991114.1	97.260	73	2	0	3074	3146	73	1	2.67e-25	124
NC_001564	SRA:SRX423173.3832184.1	96.053	76	3	0	3740	3815	76	1	2.67e-25	124
NC_001564	SRA:SRX423173.3275968.1	96.053	76	3	0	4259	4334	76	1	2.67e-25	124
NC_001564	SRA:SRX423173.3088278.1	96.053	76	3	0	1987	2062	1	76	2.67e-25	124
NC_001564	SRA:SRX423173.2853140.1	96.053	76	3	0	3907	3982	76	1	2.67e-25	124
NC_001564	SRA:SRX423173.1951550.1	96.053	76	3	0	6129	6204	76	1	2.67e-25	124
NC_001564	SRA:SRX423173.1180721.1	96.053	76	3	0	2891	2966	76	1	2.67e-25	124
NC_001564	SRA:SRX423173.811586.1	96.053	76	3	0	5593	5668	1	76	2.67e-25	124
NC_001564	SRA:SRX423173.791425.1	96.053	76	3	0	5320	5395	1	76	2.67e-25	124
NC_001564	SRA:SRX423173.314394.1	96.053	76	3	0	4331	4406	1	76	2.67e-25	124
NC_001564	SRA:SRX423173.9551612.1	98.551	69	1	0	5752	5820	69	1	9.61e-25	122
NC_001564	SRA:SRX423173.19300995.1	94.737	76	4	0	4119	4194	1	76	3.46e-24	121
NC_001564	SRA:SRX423173.16506638.1	95.890	73	3	0	987	1059	73	1	3.46e-24	121
NC_001564	SRA:SRX423173.12418602.1	95.946	74	3	0	1856	1929	1	74	3.46e-24	121
NC_001564	SRA:SRX423173.12361684.1	95.946	74	3	0	4101	4174	1	74	3.46e-24	121
NC_001564	SRA:SRX423173.12046017.1	95.946	74	3	0	3933	4006	74	1	3.46e-24	121
NC_001564	SRA:SRX423173.11793596.1	94.737	76	4	0	3894	3969	1	76	3.46e-24	121
NC_001564	SRA:SRX423173.7168375.1	95.946	74	3	0	1901	1974	76	3	3.46e-24	121
NC_001564	SRA:SRX423173.557196.1	98.529	68	1	0	4448	4515	68	1	3.46e-24	121
NC_001564	SRA:SRX423173.14728457.1	94.737	76	4	0	3164	3239	76	1	1.24e-23	119
NC_001564	SRA:SRX423173.13968694.1	94.737	76	4	0	2769	2844	1	76	1.24e-23	119
NC_001564	SRA:SRX423173.13568104.1	94.737	76	4	0	4985	5060	76	1	1.24e-23	119
NC_001564	SRA:SRX423173.10104846.1	94.737	76	4	0	825	900	1	76	1.24e-23	119
NC_001564	SRA:SRX423173.10055640.1	94.737	76	4	0	3718	3793	76	1	1.24e-23	119
NC_001564	SRA:SRX423173.9480383.1	94.737	76	4	0	6252	6327	76	1	1.24e-23	119
NC_001564	SRA:SRX423173.8317854.1	94.737	76	4	0	5750	5825	1	76	1.24e-23	119
NC_001564	SRA:SRX423173.7746187.1	95.890	73	3	0	1931	2003	73	1	1.24e-23	119
NC_001564	SRA:SRX423173.1138931.1	94.737	76	4	0	5992	6067	76	1	1.24e-23	119
NC_001564	SRA:SRX423173.755574.1	94.737	76	4	0	2078	2153	1	76	1.24e-23	119
NC_001564	SRA:SRX423173.12518438.1	94.667	75	4	0	5294	5368	1	75	4.47e-23	117
NC_001564	SRA:SRX423173.6901016.1	94.667	75	4	0	6330	6404	2	76	4.47e-23	117
NC_001564	SRA:SRX423173.19047093.1	94.595	74	4	0	3706	3779	1	74	1.61e-22	115
NC_001564	SRA:SRX423173.18598378.1	98.462	65	1	0	1004	1068	66	2	1.61e-22	115
NC_001564	SRA:SRX423173.16047128.1	94.521	73	4	0	2756	2828	1	73	1.61e-22	115
NC_001564	SRA:SRX423173.6791017.1	94.595	74	4	0	3744	3817	1	74	1.61e-22	115
NC_001564	SRA:SRX423173.15910076.1	93.421	76	5	0	3901	3976	1	76	5.79e-22	113
NC_001564	SRA:SRX423173.14345929.1	93.421	76	5	0	4165	4240	1	76	5.79e-22	113
NC_001564	SRA:SRX423173.13750138.1	94.521	73	4	0	5194	5266	1	73	5.79e-22	113
NC_001564	SRA:SRX423173.11229813.1	94.521	73	4	0	4337	4409	73	1	5.79e-22	113
NC_001564	SRA:SRX423173.9199499.1	93.421	76	5	0	4449	4524	76	1	5.79e-22	113
NC_001564	SRA:SRX423173.8301199.1	93.506	77	3	2	5135	5210	1	76	5.79e-22	113
NC_001564	SRA:SRX423173.6626890.1	94.521	73	4	0	5466	5538	76	4	5.79e-22	113
NC_001564	SRA:SRX423173.6472225.1	93.421	76	5	0	3299	3374	1	76	5.79e-22	113
NC_001564	SRA:SRX423173.2457428.1	93.421	76	5	0	4267	4342	1	76	5.79e-22	113
NC_001564	SRA:SRX423173.3980.1	95.775	71	2	1	6439	6508	1	71	5.79e-22	113
NC_001564	SRA:SRX423173.20362950.1	94.444	72	4	0	3670	3741	72	1	2.08e-21	111
NC_001564	SRA:SRX423173.10113518.1	94.444	72	4	0	5162	5233	72	1	2.08e-21	111
NC_001564	SRA:SRX423173.6172396.1	93.333	75	5	0	5623	5697	75	1	2.08e-21	111
NC_001564	SRA:SRX423173.4766811.1	93.333	75	5	0	5400	5474	2	76	2.08e-21	111
NC_001564	SRA:SRX423173.12147297.1	93.243	74	5	0	2454	2527	74	1	7.48e-21	110
NC_001564	SRA:SRX423173.6268967.1	98.387	62	1	0	4953	5014	15	76	7.48e-21	110
NC_001564	SRA:SRX423173.20098222.1	94.286	70	4	0	4386	4455	1	70	2.69e-20	108
NC_001564	SRA:SRX423173.16447514.1	96.875	64	2	0	1031	1094	76	13	2.69e-20	108
NC_001564	SRA:SRX423173.11425327.1	92.105	76	6	0	4142	4217	76	1	2.69e-20	108
NC_001564	SRA:SRX423173.7251188.1	92.105	76	6	0	843	918	76	1	2.69e-20	108
NC_001564	SRA:SRX423173.17662091.1	92.958	71	5	0	4139	4209	74	4	3.48e-19	104
NC_001564	SRA:SRX423173.16381685.1	90.909	77	6	1	4362	4438	76	1	1.25e-18	102
NC_001564	SRA:SRX423173.15594346.1	96.721	61	2	0	6403	6463	76	16	1.25e-18	102
NC_001564	SRA:SRX423173.9226058.1	93.939	66	3	1	808	873	76	12	1.62e-17	99.0
NC_001564	SRA:SRX423173.19049175.1	95.082	61	3	0	5057	5117	76	16	5.83e-17	97.1
NC_001564	SRA:SRX423173.17258649.1	94.828	58	3	0	1816	1873	58	1	2.71e-15	91.6
NC_001564	SRA:SRX423173.18842936.1	89.855	69	7	0	4211	4279	69	1	9.75e-15	89.8
NC_001564	SRA:SRX423173.16501942.1	98.039	51	1	0	5371	5421	11	61	9.75e-15	89.8
NC_001564	SRA:SRX423173.19298075.1	85.526	76	11	0	3995	4070	76	1	1.63e-12	82.4
NC_001564	SRA:SRX423173.1606802.1	97.778	45	1	0	4953	4997	45	1	2.11e-11	78.7
CFAV-Cairns_Australia_2014	SRA:SRX423173.21796870.1	100.000	76	0	0	4182	4257	1	76	2.65e-30	141
CFAV-Cairns_Australia_2014	SRA:SRX423173.12502319.1	100.000	76	0	0	3587	3662	1	76	2.65e-30	141
CFAV-Cairns_Australia_2014	SRA:SRX423173.12149918.1	100.000	76	0	0	2821	2896	76	1	2.65e-30	141
CFAV-Cairns_Australia_2014	SRA:SRX423173.10205935.1	100.000	76	0	0	5222	5297	76	1	2.65e-30	141
CFAV-Cairns_Australia_2014	SRA:SRX423173.10055640.1	100.000	76	0	0	3717	3792	76	1	2.65e-30	141
CFAV-Cairns_Australia_2014	SRA:SRX423173.9913627.1	100.000	76	0	0	6298	6373	76	1	2.65e-30	141
CFAV-Cairns_Australia_2014	SRA:SRX423173.9911930.1	100.000	76	0	0	5554	5629	76	1	2.65e-30	141
CFAV-Cairns_Australia_2014	SRA:SRX423173.8649396.1	100.000	76	0	0	3872	3947	1	76	2.65e-30	141
CFAV-Cairns_Australia_2014	SRA:SRX423173.8239994.1	100.000	76	0	0	4013	4088	1	76	2.65e-30	141
CFAV-Cairns_Australia_2014	SRA:SRX423173.8065842.1	100.000	76	0	0	5412	5487	1	76	2.65e-30	141
CFAV-Cairns_Australia_2014	SRA:SRX423173.6415027.1	100.000	76	0	0	5571	5646	1	76	2.65e-30	141
CFAV-Cairns_Australia_2014	SRA:SRX423173.5628097.1	100.000	76	0	0	2268	2343	1	76	2.65e-30	141
CFAV-Cairns_Australia_2014	SRA:SRX423173.5348706.1	100.000	76	0	0	5232	5307	1	76	2.65e-30	141
CFAV-Cairns_Australia_2014	SRA:SRX423173.5170806.1	100.000	76	0	0	5785	5860	76	1	2.65e-30	141
CFAV-Cairns_Australia_2014	SRA:SRX423173.4616963.1	100.000	76	0	0	5417	5492	76	1	2.65e-30	141
CFAV-Cairns_Australia_2014	SRA:SRX423173.4183585.1	100.000	76	0	0	5212	5287	76	1	2.65e-30	141
CFAV-Cairns_Australia_2014	SRA:SRX423173.3832184.1	100.000	76	0	0	3739	3814	76	1	2.65e-30	141
CFAV-Cairns_Australia_2014	SRA:SRX423173.3772642.1	100.000	76	0	0	3106	3181	1	76	2.65e-30	141
CFAV-Cairns_Australia_2014	SRA:SRX423173.2886724.1	100.000	76	0	0	898	973	76	1	2.65e-30	141
CFAV-Cairns_Australia_2014	SRA:SRX423173.2303206.1	100.000	76	0	0	5588	5663	1	76	2.65e-30	141
CFAV-Cairns_Australia_2014	SRA:SRX423173.1744881.1	100.000	76	0	0	3604	3679	76	1	2.65e-30	141
CFAV-Cairns_Australia_2014	SRA:SRX423173.838359.1	100.000	76	0	0	911	986	76	1	2.65e-30	141
CFAV-Cairns_Australia_2014	SRA:SRX423173.725282.1	100.000	76	0	0	2608	2683	76	1	2.65e-30	141
CFAV-Cairns_Australia_2014	SRA:SRX423173.218729.1	100.000	76	0	0	3976	4051	1	76	2.65e-30	141
CFAV-Cairns_Australia_2014	SRA:SRX423173.1080133.1	100.000	75	0	0	5362	5436	2	76	9.55e-30	139
CFAV-Cairns_Australia_2014	SRA:SRX423173.21422691.1	100.000	74	0	0	6415	6488	1	74	3.43e-29	137
CFAV-Cairns_Australia_2014	SRA:SRX423173.19047093.1	100.000	74	0	0	3705	3778	1	74	3.43e-29	137
CFAV-Cairns_Australia_2014	SRA:SRX423173.16765897.1	100.000	74	0	0	5590	5663	3	76	3.43e-29	137
CFAV-Cairns_Australia_2014	SRA:SRX423173.9332827.1	100.000	74	0	0	5462	5535	74	1	3.43e-29	137
CFAV-Cairns_Australia_2014	SRA:SRX423173.4154802.1	100.000	74	0	0	3587	3660	1	74	3.43e-29	137
CFAV-Cairns_Australia_2014	SRA:SRX423173.20968913.1	98.684	76	1	0	863	938	1	76	1.24e-28	135
CFAV-Cairns_Australia_2014	SRA:SRX423173.20921065.1	98.684	76	1	0	5098	5173	76	1	1.24e-28	135
CFAV-Cairns_Australia_2014	SRA:SRX423173.19850158.1	98.684	76	1	0	2112	2187	1	76	1.24e-28	135
CFAV-Cairns_Australia_2014	SRA:SRX423173.15562307.1	98.684	76	1	0	945	1020	1	76	1.24e-28	135
CFAV-Cairns_Australia_2014	SRA:SRX423173.14449247.1	98.684	76	1	0	5359	5434	1	76	1.24e-28	135
CFAV-Cairns_Australia_2014	SRA:SRX423173.12859430.1	98.684	76	1	0	6145	6220	1	76	1.24e-28	135
CFAV-Cairns_Australia_2014	SRA:SRX423173.11595749.1	100.000	73	0	0	5225	5297	73	1	1.24e-28	135
CFAV-Cairns_Australia_2014	SRA:SRX423173.11285419.1	98.684	76	1	0	5337	5412	1	76	1.24e-28	135
CFAV-Cairns_Australia_2014	SRA:SRX423173.10242510.1	98.684	76	1	0	5033	5108	76	1	1.24e-28	135
CFAV-Cairns_Australia_2014	SRA:SRX423173.10055429.1	98.684	76	1	0	2262	2337	76	1	1.24e-28	135
CFAV-Cairns_Australia_2014	SRA:SRX423173.9672763.1	98.684	76	1	0	4404	4479	76	1	1.24e-28	135
CFAV-Cairns_Australia_2014	SRA:SRX423173.9480383.1	98.684	76	1	0	6251	6326	76	1	1.24e-28	135
CFAV-Cairns_Australia_2014	SRA:SRX423173.9249309.1	98.684	76	1	0	5104	5179	76	1	1.24e-28	135
CFAV-Cairns_Australia_2014	SRA:SRX423173.9083644.1	98.684	76	1	0	4164	4239	1	76	1.24e-28	135
CFAV-Cairns_Australia_2014	SRA:SRX423173.9076680.1	98.684	76	1	0	5253	5328	76	1	1.24e-28	135
CFAV-Cairns_Australia_2014	SRA:SRX423173.8859038.1	98.684	76	1	0	5641	5716	1	76	1.24e-28	135
CFAV-Cairns_Australia_2014	SRA:SRX423173.8721313.1	98.684	76	1	0	871	946	1	76	1.24e-28	135
CFAV-Cairns_Australia_2014	SRA:SRX423173.7760211.1	98.684	76	1	0	2768	2843	1	76	1.24e-28	135
CFAV-Cairns_Australia_2014	SRA:SRX423173.7660972.1	98.684	76	1	0	5100	5175	76	1	1.24e-28	135
CFAV-Cairns_Australia_2014	SRA:SRX423173.7168375.1	98.684	76	1	0	1900	1975	76	1	1.24e-28	135
CFAV-Cairns_Australia_2014	SRA:SRX423173.6703794.1	98.684	76	1	0	933	1008	76	1	1.24e-28	135
CFAV-Cairns_Australia_2014	SRA:SRX423173.6217123.1	98.684	76	1	0	5105	5180	1	76	1.24e-28	135
CFAV-Cairns_Australia_2014	SRA:SRX423173.5957429.1	98.684	76	1	0	4347	4422	1	76	1.24e-28	135
CFAV-Cairns_Australia_2014	SRA:SRX423173.5538532.1	98.684	76	1	0	5451	5526	76	1	1.24e-28	135
CFAV-Cairns_Australia_2014	SRA:SRX423173.5232611.1	98.684	76	1	0	5248	5323	76	1	1.24e-28	135
CFAV-Cairns_Australia_2014	SRA:SRX423173.5046713.1	98.684	76	1	0	2224	2299	76	1	1.24e-28	135
CFAV-Cairns_Australia_2014	SRA:SRX423173.4876662.1	98.684	76	1	0	5222	5297	1	76	1.24e-28	135
CFAV-Cairns_Australia_2014	SRA:SRX423173.4429292.1	98.684	76	1	0	5337	5412	1	76	1.24e-28	135
CFAV-Cairns_Australia_2014	SRA:SRX423173.3669903.1	98.684	76	1	0	5228	5303	76	1	1.24e-28	135
CFAV-Cairns_Australia_2014	SRA:SRX423173.3275968.1	98.684	76	1	0	4258	4333	76	1	1.24e-28	135
CFAV-Cairns_Australia_2014	SRA:SRX423173.2053190.1	98.684	76	1	0	2299	2374	1	76	1.24e-28	135
CFAV-Cairns_Australia_2014	SRA:SRX423173.1951550.1	98.684	76	1	0	6128	6203	76	1	1.24e-28	135
CFAV-Cairns_Australia_2014	SRA:SRX423173.1315401.1	98.684	76	1	0	5337	5412	1	76	1.24e-28	135
CFAV-Cairns_Australia_2014	SRA:SRX423173.657050.1	98.684	76	1	0	4362	4437	76	1	1.24e-28	135
CFAV-Cairns_Australia_2014	SRA:SRX423173.489083.1	98.684	76	1	0	2917	2992	76	1	1.24e-28	135
CFAV-Cairns_Australia_2014	SRA:SRX423173.459035.1	98.684	76	1	0	824	899	1	76	1.24e-28	135
CFAV-Cairns_Australia_2014	SRA:SRX423173.349343.1	98.684	76	1	0	5253	5328	1	76	1.24e-28	135
CFAV-Cairns_Australia_2014	SRA:SRX423173.18701587.1	98.667	75	1	0	4195	4269	76	2	4.44e-28	134
CFAV-Cairns_Australia_2014	SRA:SRX423173.5564384.1	98.667	75	1	0	2908	2982	75	1	4.44e-28	134
CFAV-Cairns_Australia_2014	SRA:SRX423173.633462.1	98.667	75	1	0	863	937	1	75	4.44e-28	134
CFAV-Cairns_Australia_2014	SRA:SRX423173.19502866.1	100.000	71	0	0	912	982	71	1	1.60e-27	132
CFAV-Cairns_Australia_2014	SRA:SRX423173.12816534.1	98.649	74	1	0	1008	1081	76	3	1.60e-27	132
CFAV-Cairns_Australia_2014	SRA:SRX423173.11780237.1	97.368	76	2	0	5228	5303	76	1	1.60e-27	132
CFAV-Cairns_Australia_2014	SRA:SRX423173.6791017.1	98.649	74	1	0	3743	3816	1	74	1.60e-27	132
CFAV-Cairns_Australia_2014	SRA:SRX423173.2157910.1	98.649	74	1	0	2503	2576	1	74	1.60e-27	132
CFAV-Cairns_Australia_2014	SRA:SRX423173.21164577.1	97.368	76	2	0	3298	3373	1	76	5.75e-27	130
CFAV-Cairns_Australia_2014	SRA:SRX423173.21063884.1	97.368	76	2	0	2185	2260	1	76	5.75e-27	130
CFAV-Cairns_Australia_2014	SRA:SRX423173.20098986.1	97.368	76	2	0	943	1018	76	1	5.75e-27	130
CFAV-Cairns_Australia_2014	SRA:SRX423173.15721899.1	97.368	76	2	0	5833	5908	76	1	5.75e-27	130
CFAV-Cairns_Australia_2014	SRA:SRX423173.15434677.1	98.630	73	1	0	940	1012	73	1	5.75e-27	130
CFAV-Cairns_Australia_2014	SRA:SRX423173.14463892.1	98.630	73	1	0	2467	2539	73	1	5.75e-27	130
CFAV-Cairns_Australia_2014	SRA:SRX423173.13568104.1	97.368	76	2	0	4984	5059	76	1	5.75e-27	130
CFAV-Cairns_Australia_2014	SRA:SRX423173.12266335.1	97.368	76	2	0	2150	2225	76	1	5.75e-27	130
CFAV-Cairns_Australia_2014	SRA:SRX423173.12022910.1	97.368	76	2	0	5271	5346	76	1	5.75e-27	130
CFAV-Cairns_Australia_2014	SRA:SRX423173.11487438.1	97.368	76	2	0	3697	3772	76	1	5.75e-27	130
CFAV-Cairns_Australia_2014	SRA:SRX423173.11231864.1	97.368	76	2	0	3539	3614	76	1	5.75e-27	130
CFAV-Cairns_Australia_2014	SRA:SRX423173.10859260.1	97.368	76	2	0	4325	4400	1	76	5.75e-27	130
CFAV-Cairns_Australia_2014	SRA:SRX423173.9906811.1	97.368	76	2	0	5325	5400	76	1	5.75e-27	130
CFAV-Cairns_Australia_2014	SRA:SRX423173.9819152.1	98.630	73	1	0	3506	3578	73	1	5.75e-27	130
CFAV-Cairns_Australia_2014	SRA:SRX423173.8880854.1	97.368	76	2	0	2755	2830	76	1	5.75e-27	130
CFAV-Cairns_Australia_2014	SRA:SRX423173.8522258.1	97.368	76	2	0	4136	4211	1	76	5.75e-27	130
CFAV-Cairns_Australia_2014	SRA:SRX423173.8076434.1	97.368	76	2	0	5985	6060	1	76	5.75e-27	130
CFAV-Cairns_Australia_2014	SRA:SRX423173.7929860.1	97.368	76	2	0	5349	5424	1	76	5.75e-27	130
CFAV-Cairns_Australia_2014	SRA:SRX423173.6970756.1	97.368	76	2	0	5276	5351	1	76	5.75e-27	130
CFAV-Cairns_Australia_2014	SRA:SRX423173.6427840.1	97.368	76	2	0	5681	5756	76	1	5.75e-27	130
CFAV-Cairns_Australia_2014	SRA:SRX423173.5685361.1	97.368	76	2	0	2568	2643	1	76	5.75e-27	130
CFAV-Cairns_Australia_2014	SRA:SRX423173.3991114.1	98.630	73	1	0	3073	3145	73	1	5.75e-27	130
CFAV-Cairns_Australia_2014	SRA:SRX423173.2457428.1	97.368	76	2	0	4266	4341	1	76	5.75e-27	130
CFAV-Cairns_Australia_2014	SRA:SRX423173.1180721.1	97.368	76	2	0	2890	2965	76	1	5.75e-27	130
CFAV-Cairns_Australia_2014	SRA:SRX423173.811586.1	97.368	76	2	0	5592	5667	1	76	5.75e-27	130
CFAV-Cairns_Australia_2014	SRA:SRX423173.791425.1	97.368	76	2	0	5319	5394	1	76	5.75e-27	130
CFAV-Cairns_Australia_2014	SRA:SRX423173.314394.1	97.368	76	2	0	4330	4405	1	76	5.75e-27	130
CFAV-Cairns_Australia_2014	SRA:SRX423173.14605979.1	98.611	72	1	0	3587	3658	1	72	2.07e-26	128
CFAV-Cairns_Australia_2014	SRA:SRX423173.14433363.1	98.611	72	1	0	2255	2326	72	1	2.07e-26	128
CFAV-Cairns_Australia_2014	SRA:SRX423173.14384149.1	100.000	69	0	0	1025	1093	76	8	2.07e-26	128
CFAV-Cairns_Australia_2014	SRA:SRX423173.14047108.1	97.333	75	2	0	940	1014	1	75	2.07e-26	128
CFAV-Cairns_Australia_2014	SRA:SRX423173.9551612.1	100.000	69	0	0	5751	5819	69	1	2.07e-26	128
CFAV-Cairns_Australia_2014	SRA:SRX423173.2043006.1	98.611	72	1	0	4952	5023	5	76	2.07e-26	128
CFAV-Cairns_Australia_2014	SRA:SRX423173.12418602.1	97.297	74	2	0	1855	1928	1	74	7.43e-26	126
CFAV-Cairns_Australia_2014	SRA:SRX423173.11834093.1	96.053	76	3	0	2591	2666	1	76	7.43e-26	126
CFAV-Cairns_Australia_2014	SRA:SRX423173.2556943.1	97.297	74	2	0	1895	1968	3	76	7.43e-26	126
CFAV-Cairns_Australia_2014	SRA:SRX423173.485416.1	98.592	71	1	0	3576	3646	6	76	7.43e-26	126
CFAV-Cairns_Australia_2014	SRA:SRX423173.21589721.1	96.053	76	3	0	2965	3040	76	1	2.67e-25	124
CFAV-Cairns_Australia_2014	SRA:SRX423173.20910481.1	96.053	76	3	0	3005	3080	76	1	2.67e-25	124
CFAV-Cairns_Australia_2014	SRA:SRX423173.20906733.1	96.053	76	3	0	5293	5368	1	76	2.67e-25	124
CFAV-Cairns_Australia_2014	SRA:SRX423173.17607373.1	97.260	73	2	0	5990	6062	1	73	2.67e-25	124
CFAV-Cairns_Australia_2014	SRA:SRX423173.12251391.1	96.053	76	3	0	2046	2121	1	76	2.67e-25	124
CFAV-Cairns_Australia_2014	SRA:SRX423173.11793596.1	96.000	75	3	0	3893	3967	1	75	2.67e-25	124
CFAV-Cairns_Australia_2014	SRA:SRX423173.10104846.1	96.053	76	3	0	824	899	1	76	2.67e-25	124
CFAV-Cairns_Australia_2014	SRA:SRX423173.9200318.1	96.053	76	3	0	3022	3097	76	1	2.67e-25	124
CFAV-Cairns_Australia_2014	SRA:SRX423173.8317854.1	96.053	76	3	0	5749	5824	1	76	2.67e-25	124
CFAV-Cairns_Australia_2014	SRA:SRX423173.8085245.1	96.053	76	3	0	5292	5367	1	76	2.67e-25	124
CFAV-Cairns_Australia_2014	SRA:SRX423173.7746187.1	96.053	76	3	0	1927	2002	76	1	2.67e-25	124
CFAV-Cairns_Australia_2014	SRA:SRX423173.7268323.1	96.053	76	3	0	5968	6043	76	1	2.67e-25	124
CFAV-Cairns_Australia_2014	SRA:SRX423173.3679833.1	96.053	76	3	0	5900	5975	1	76	2.67e-25	124
CFAV-Cairns_Australia_2014	SRA:SRX423173.3285546.1	96.053	76	3	0	2755	2830	76	1	2.67e-25	124
CFAV-Cairns_Australia_2014	SRA:SRX423173.2853140.1	96.053	76	3	0	3906	3981	76	1	2.67e-25	124
CFAV-Cairns_Australia_2014	SRA:SRX423173.755574.1	96.053	76	3	0	2077	2152	1	76	2.67e-25	124
CFAV-Cairns_Australia_2014	SRA:SRX423173.557196.1	96.053	76	3	0	4439	4514	76	1	2.67e-25	124
CFAV-Cairns_Australia_2014	SRA:SRX423173.424520.1	96.053	76	3	0	3016	3091	1	76	2.67e-25	124
CFAV-Cairns_Australia_2014	SRA:SRX423173.11824384.1	95.946	74	3	0	4074	4147	1	74	9.62e-25	122
CFAV-Cairns_Australia_2014	SRA:SRX423173.6901016.1	96.000	75	3	0	6329	6403	2	76	9.62e-25	122
CFAV-Cairns_Australia_2014	SRA:SRX423173.21236505.1	95.946	74	3	0	6007	6080	1	74	3.46e-24	121
CFAV-Cairns_Australia_2014	SRA:SRX423173.19689589.1	95.890	73	3	0	5871	5943	1	73	3.46e-24	121
CFAV-Cairns_Australia_2014	SRA:SRX423173.19300995.1	94.737	76	4	0	4118	4193	1	76	3.46e-24	121
CFAV-Cairns_Australia_2014	SRA:SRX423173.17056390.1	95.946	74	3	0	5463	5536	1	74	3.46e-24	121
CFAV-Cairns_Australia_2014	SRA:SRX423173.16506638.1	95.890	73	3	0	986	1058	73	1	3.46e-24	121
CFAV-Cairns_Australia_2014	SRA:SRX423173.16016386.1	94.737	76	4	0	5248	5323	76	1	3.46e-24	121
CFAV-Cairns_Australia_2014	SRA:SRX423173.14728457.1	95.946	74	3	0	3163	3236	76	3	3.46e-24	121
CFAV-Cairns_Australia_2014	SRA:SRX423173.21763055.1	95.890	73	3	0	4280	4352	1	73	1.24e-23	119
CFAV-Cairns_Australia_2014	SRA:SRX423173.21717587.1	94.737	76	4	0	5193	5268	1	76	1.24e-23	119
CFAV-Cairns_Australia_2014	SRA:SRX423173.21687360.1	94.737	76	4	0	2518	2593	76	1	1.24e-23	119
CFAV-Cairns_Australia_2014	SRA:SRX423173.21378178.1	95.890	73	3	0	4082	4154	1	73	1.24e-23	119
CFAV-Cairns_Australia_2014	SRA:SRX423173.20098222.1	97.143	70	2	0	4385	4454	1	70	1.24e-23	119
CFAV-Cairns_Australia_2014	SRA:SRX423173.19969843.1	94.737	76	4	0	5679	5754	1	76	1.24e-23	119
CFAV-Cairns_Australia_2014	SRA:SRX423173.16216757.1	94.737	76	4	0	6011	6086	76	1	1.24e-23	119
CFAV-Cairns_Australia_2014	SRA:SRX423173.14345929.1	94.737	76	4	0	4164	4239	1	76	1.24e-23	119
CFAV-Cairns_Australia_2014	SRA:SRX423173.11229813.1	94.737	76	4	0	4333	4408	76	1	1.24e-23	119
CFAV-Cairns_Australia_2014	SRA:SRX423173.9369810.1	94.737	76	4	0	5305	5380	76	1	1.24e-23	119
CFAV-Cairns_Australia_2014	SRA:SRX423173.8873772.1	94.737	76	4	0	6477	6552	1	76	1.24e-23	119
CFAV-Cairns_Australia_2014	SRA:SRX423173.6626890.1	95.890	73	3	0	5465	5537	76	4	1.24e-23	119
CFAV-Cairns_Australia_2014	SRA:SRX423173.20362950.1	95.833	72	3	0	3669	3740	72	1	4.47e-23	117
CFAV-Cairns_Australia_2014	SRA:SRX423173.12518438.1	94.667	75	4	0	5293	5367	1	75	4.47e-23	117
CFAV-Cairns_Australia_2014	SRA:SRX423173.12502303.1	97.101	69	2	0	6219	6287	74	6	4.47e-23	117
CFAV-Cairns_Australia_2014	SRA:SRX423173.12258892.1	95.833	72	3	0	4345	4416	72	1	4.47e-23	117
CFAV-Cairns_Australia_2014	SRA:SRX423173.4766811.1	94.667	75	4	0	5399	5473	2	76	4.47e-23	117
CFAV-Cairns_Australia_2014	SRA:SRX423173.18598378.1	98.462	65	1	0	1003	1067	66	2	1.61e-22	115
CFAV-Cairns_Australia_2014	SRA:SRX423173.12361684.1	94.595	74	4	0	4100	4173	1	74	1.61e-22	115
CFAV-Cairns_Australia_2014	SRA:SRX423173.12147297.1	94.595	74	4	0	2453	2526	74	1	1.61e-22	115
CFAV-Cairns_Australia_2014	SRA:SRX423173.12046017.1	94.595	74	4	0	3932	4005	74	1	1.61e-22	115
CFAV-Cairns_Australia_2014	SRA:SRX423173.16658718.1	93.421	76	5	0	5169	5244	1	76	5.79e-22	113
CFAV-Cairns_Australia_2014	SRA:SRX423173.15910076.1	93.421	76	5	0	3900	3975	1	76	5.79e-22	113
CFAV-Cairns_Australia_2014	SRA:SRX423173.13968694.1	93.421	76	5	0	2768	2843	1	76	5.79e-22	113
CFAV-Cairns_Australia_2014	SRA:SRX423173.7251188.1	93.421	76	5	0	842	917	76	1	5.79e-22	113
CFAV-Cairns_Australia_2014	SRA:SRX423173.1138931.1	93.421	76	5	0	5991	6066	76	1	5.79e-22	113
CFAV-Cairns_Australia_2014	SRA:SRX423173.3980.1	95.775	71	2	1	6438	6507	1	71	5.79e-22	113
CFAV-Cairns_Australia_2014	SRA:SRX423173.6172396.1	93.333	75	5	0	5622	5696	75	1	2.08e-21	111
CFAV-Cairns_Australia_2014	SRA:SRX423173.6268967.1	98.387	62	1	0	4952	5013	15	76	7.49e-21	110
CFAV-Cairns_Australia_2014	SRA:SRX423173.16447514.1	96.875	64	2	0	1030	1093	76	13	2.69e-20	108
CFAV-Cairns_Australia_2014	SRA:SRX423173.13750138.1	93.151	73	5	0	5193	5265	1	73	2.69e-20	108
CFAV-Cairns_Australia_2014	SRA:SRX423173.11425327.1	92.105	76	6	0	4141	4216	76	1	2.69e-20	108
CFAV-Cairns_Australia_2014	SRA:SRX423173.9199499.1	92.105	76	6	0	4448	4523	76	1	2.69e-20	108
CFAV-Cairns_Australia_2014	SRA:SRX423173.6472225.1	92.105	76	6	0	3298	3373	1	76	2.69e-20	108
CFAV-Cairns_Australia_2014	SRA:SRX423173.1217682.1	98.333	60	1	0	1895	1954	3	62	9.68e-20	106
CFAV-Cairns_Australia_2014	SRA:SRX423173.18850061.1	96.774	62	2	0	6260	6321	1	62	3.48e-19	104
CFAV-Cairns_Australia_2014	SRA:SRX423173.17662091.1	92.958	71	5	0	4138	4208	74	4	3.48e-19	104
CFAV-Cairns_Australia_2014	SRA:SRX423173.16047128.1	91.781	73	6	0	2755	2827	1	73	3.48e-19	104
CFAV-Cairns_Australia_2014	SRA:SRX423173.15594346.1	96.721	61	2	0	6402	6462	76	16	1.25e-18	102
CFAV-Cairns_Australia_2014	SRA:SRX423173.9226058.1	96.774	62	1	1	811	872	72	12	1.25e-18	102
CFAV-Cairns_Australia_2014	SRA:SRX423173.8301199.1	90.789	76	7	0	5134	5209	1	76	1.25e-18	102
CFAV-Cairns_Australia_2014	SRA:SRX423173.10113518.1	91.667	72	6	0	5161	5232	72	1	4.51e-18	100
CFAV-Cairns_Australia_2014	SRA:SRX423173.19049175.1	95.082	61	3	0	5056	5116	76	16	5.83e-17	97.1
CFAV-Cairns_Australia_2014	SRA:SRX423173.17258649.1	96.552	58	2	0	1815	1872	58	1	5.83e-17	97.1
CFAV-Cairns_Australia_2014	SRA:SRX423173.16381685.1	89.610	77	7	1	4361	4437	76	1	5.83e-17	97.1
CFAV-Cairns_Australia_2014	SRA:SRX423173.18842936.1	91.304	69	6	0	4210	4278	69	1	2.10e-16	95.3
CFAV-Cairns_Australia_2014	SRA:SRX423173.16501942.1	98.039	51	1	0	5370	5420	11	61	9.75e-15	89.8
CFAV-Cairns_Australia_2014	SRA:SRX423173.19298075.1	85.526	76	11	0	3994	4069	76	1	1.63e-12	82.4
CFAV-Cairns_Australia_2014	SRA:SRX423173.1606802.1	97.778	45	1	0	4952	4996	45	1	2.11e-11	78.7
CFAV-Macapa2_Brazil_2017	SRA:SRX423173.12149918.1	100.000	76	0	0	2822	2897	76	1	2.65e-30	141
CFAV-Macapa2_Brazil_2017	SRA:SRX423173.8065842.1	100.000	76	0	0	5413	5488	1	76	2.65e-30	141
CFAV-Macapa2_Brazil_2017	SRA:SRX423173.5348706.1	100.000	76	0	0	5233	5308	1	76	2.65e-30	141
CFAV-Macapa2_Brazil_2017	SRA:SRX423173.4616963.1	100.000	76	0	0	5418	5493	76	1	2.65e-30	141
CFAV-Macapa2_Brazil_2017	SRA:SRX423173.1080133.1	100.000	75	0	0	5363	5437	2	76	9.55e-30	139
CFAV-Macapa2_Brazil_2017	SRA:SRX423173.9332827.1	100.000	74	0	0	5463	5536	74	1	3.43e-29	137
CFAV-Macapa2_Brazil_2017	SRA:SRX423173.21164577.1	98.684	76	1	0	3299	3374	1	76	1.24e-28	135
CFAV-Macapa2_Brazil_2017	SRA:SRX423173.15562307.1	98.684	76	1	0	946	1021	1	76	1.24e-28	135
CFAV-Macapa2_Brazil_2017	SRA:SRX423173.14449247.1	98.684	76	1	0	5360	5435	1	76	1.24e-28	135
CFAV-Macapa2_Brazil_2017	SRA:SRX423173.11231864.1	98.684	76	1	0	3540	3615	76	1	1.24e-28	135
CFAV-Macapa2_Brazil_2017	SRA:SRX423173.10205935.1	98.684	76	1	0	5223	5298	76	1	1.24e-28	135
CFAV-Macapa2_Brazil_2017	SRA:SRX423173.9913627.1	98.684	76	1	0	6299	6374	76	1	1.24e-28	135
CFAV-Macapa2_Brazil_2017	SRA:SRX423173.9076680.1	98.684	76	1	0	5254	5329	76	1	1.24e-28	135
CFAV-Macapa2_Brazil_2017	SRA:SRX423173.8859038.1	98.684	76	1	0	5642	5717	1	76	1.24e-28	135
CFAV-Macapa2_Brazil_2017	SRA:SRX423173.6703794.1	98.684	76	1	0	934	1009	76	1	1.24e-28	135
CFAV-Macapa2_Brazil_2017	SRA:SRX423173.5538532.1	98.684	76	1	0	5452	5527	76	1	1.24e-28	135
CFAV-Macapa2_Brazil_2017	SRA:SRX423173.5232611.1	98.684	76	1	0	5249	5324	76	1	1.24e-28	135
CFAV-Macapa2_Brazil_2017	SRA:SRX423173.4183585.1	98.684	76	1	0	5213	5288	76	1	1.24e-28	135
CFAV-Macapa2_Brazil_2017	SRA:SRX423173.3088278.1	98.684	76	1	0	1987	2062	1	76	1.24e-28	135
CFAV-Macapa2_Brazil_2017	SRA:SRX423173.838359.1	98.684	76	1	0	912	987	76	1	1.24e-28	135
CFAV-Macapa2_Brazil_2017	SRA:SRX423173.725282.1	98.684	76	1	0	2609	2684	76	1	1.24e-28	135
CFAV-Macapa2_Brazil_2017	SRA:SRX423173.349343.1	98.684	76	1	0	5254	5329	1	76	1.24e-28	135
CFAV-Macapa2_Brazil_2017	SRA:SRX423173.5170806.1	98.667	75	1	0	5787	5861	75	1	4.44e-28	134
CFAV-Macapa2_Brazil_2017	SRA:SRX423173.12816534.1	98.649	74	1	0	1009	1082	76	3	1.60e-27	132
CFAV-Macapa2_Brazil_2017	SRA:SRX423173.12418602.1	98.649	74	1	0	1856	1929	1	74	1.60e-27	132
CFAV-Macapa2_Brazil_2017	SRA:SRX423173.10242510.1	100.000	71	0	0	5034	5104	76	6	1.60e-27	132
CFAV-Macapa2_Brazil_2017	SRA:SRX423173.3669903.1	98.649	74	1	0	5231	5304	74	1	1.60e-27	132
CFAV-Macapa2_Brazil_2017	SRA:SRX423173.1180721.1	98.649	74	1	0	2891	2964	76	3	1.60e-27	132
CFAV-Macapa2_Brazil_2017	SRA:SRX423173.489083.1	98.649	74	1	0	2918	2991	76	3	1.60e-27	132
CFAV-Macapa2_Brazil_2017	SRA:SRX423173.21422691.1	97.368	76	2	0	6416	6491	1	76	5.75e-27	130
CFAV-Macapa2_Brazil_2017	SRA:SRX423173.20098986.1	97.368	76	2	0	944	1019	76	1	5.75e-27	130
CFAV-Macapa2_Brazil_2017	SRA:SRX423173.15434677.1	98.630	73	1	0	941	1013	73	1	5.75e-27	130
CFAV-Macapa2_Brazil_2017	SRA:SRX423173.13568104.1	97.368	76	2	0	4985	5060	76	1	5.75e-27	130
CFAV-Macapa2_Brazil_2017	SRA:SRX423173.12502319.1	97.368	76	2	0	3588	3663	1	76	5.75e-27	130
CFAV-Macapa2_Brazil_2017	SRA:SRX423173.12022910.1	97.368	76	2	0	5272	5347	76	1	5.75e-27	130
CFAV-Macapa2_Brazil_2017	SRA:SRX423173.11595749.1	98.630	73	1	0	5226	5298	73	1	5.75e-27	130
CFAV-Macapa2_Brazil_2017	SRA:SRX423173.11285419.1	97.368	76	2	0	5338	5413	1	76	5.75e-27	130
CFAV-Macapa2_Brazil_2017	SRA:SRX423173.10859260.1	97.368	76	2	0	4326	4401	1	76	5.75e-27	130
CFAV-Macapa2_Brazil_2017	SRA:SRX423173.10055640.1	97.368	76	2	0	3718	3793	76	1	5.75e-27	130
CFAV-Macapa2_Brazil_2017	SRA:SRX423173.9911930.1	97.368	76	2	0	5555	5630	76	1	5.75e-27	130
CFAV-Macapa2_Brazil_2017	SRA:SRX423173.9906811.1	97.368	76	2	0	5326	5401	76	1	5.75e-27	130
CFAV-Macapa2_Brazil_2017	SRA:SRX423173.8873772.1	97.368	76	2	0	6478	6553	1	76	5.75e-27	130
CFAV-Macapa2_Brazil_2017	SRA:SRX423173.7929860.1	97.368	76	2	0	5350	5425	1	76	5.75e-27	130
CFAV-Macapa2_Brazil_2017	SRA:SRX423173.6970756.1	97.368	76	2	0	5277	5352	1	76	5.75e-27	130
CFAV-Macapa2_Brazil_2017	SRA:SRX423173.6427840.1	97.368	76	2	0	5682	5757	76	1	5.75e-27	130
CFAV-Macapa2_Brazil_2017	SRA:SRX423173.5685361.1	97.368	76	2	0	2569	2644	1	76	5.75e-27	130
CFAV-Macapa2_Brazil_2017	SRA:SRX423173.5564384.1	97.368	76	2	0	2908	2983	76	1	5.75e-27	130
CFAV-Macapa2_Brazil_2017	SRA:SRX423173.5046713.1	97.368	76	2	0	2225	2300	76	1	5.75e-27	130
CFAV-Macapa2_Brazil_2017	SRA:SRX423173.4876662.1	97.368	76	2	0	5223	5298	1	76	5.75e-27	130
CFAV-Macapa2_Brazil_2017	SRA:SRX423173.4429292.1	97.368	76	2	0	5338	5413	1	76	5.75e-27	130
CFAV-Macapa2_Brazil_2017	SRA:SRX423173.3832184.1	97.368	76	2	0	3740	3815	76	1	5.75e-27	130
CFAV-Macapa2_Brazil_2017	SRA:SRX423173.3772642.1	97.368	76	2	0	3107	3182	1	76	5.75e-27	130
CFAV-Macapa2_Brazil_2017	SRA:SRX423173.3679833.1	97.368	76	2	0	5901	5976	1	76	5.75e-27	130
CFAV-Macapa2_Brazil_2017	SRA:SRX423173.2886724.1	97.368	76	2	0	899	974	76	1	5.75e-27	130
CFAV-Macapa2_Brazil_2017	SRA:SRX423173.2157910.1	97.368	76	2	0	2504	2579	1	76	5.75e-27	130
CFAV-Macapa2_Brazil_2017	SRA:SRX423173.1951550.1	97.368	76	2	0	6129	6204	76	1	5.75e-27	130
CFAV-Macapa2_Brazil_2017	SRA:SRX423173.1315401.1	97.368	76	2	0	5338	5413	1	76	5.75e-27	130
CFAV-Macapa2_Brazil_2017	SRA:SRX423173.314394.1	97.368	76	2	0	4331	4406	1	76	5.75e-27	130
CFAV-Macapa2_Brazil_2017	SRA:SRX423173.218729.1	97.368	76	2	0	3977	4052	1	76	5.75e-27	130
CFAV-Macapa2_Brazil_2017	SRA:SRX423173.14384149.1	100.000	69	0	0	1026	1094	76	8	2.07e-26	128
CFAV-Macapa2_Brazil_2017	SRA:SRX423173.14047108.1	97.333	75	2	0	941	1015	1	75	2.07e-26	128
CFAV-Macapa2_Brazil_2017	SRA:SRX423173.11780237.1	97.297	74	2	0	5231	5304	74	1	2.07e-26	128
CFAV-Macapa2_Brazil_2017	SRA:SRX423173.5628097.1	97.333	75	2	0	2270	2344	2	76	2.07e-26	128
CFAV-Macapa2_Brazil_2017	SRA:SRX423173.791425.1	97.333	75	2	0	5321	5395	2	76	2.07e-26	128
CFAV-Macapa2_Brazil_2017	SRA:SRX423173.485416.1	100.000	69	0	0	3577	3645	6	74	2.07e-26	128
CFAV-Macapa2_Brazil_2017	SRA:SRX423173.19502866.1	98.592	71	1	0	913	983	71	1	7.43e-26	126
CFAV-Macapa2_Brazil_2017	SRA:SRX423173.19047093.1	97.297	74	2	0	3706	3779	1	74	7.43e-26	126
CFAV-Macapa2_Brazil_2017	SRA:SRX423173.12859430.1	97.297	74	2	0	6146	6219	1	74	7.43e-26	126
CFAV-Macapa2_Brazil_2017	SRA:SRX423173.12361684.1	97.297	74	2	0	4101	4174	1	74	7.43e-26	126
CFAV-Macapa2_Brazil_2017	SRA:SRX423173.11834093.1	96.053	76	3	0	2592	2667	1	76	7.43e-26	126
CFAV-Macapa2_Brazil_2017	SRA:SRX423173.9249309.1	98.592	71	1	0	5108	5178	73	3	7.43e-26	126
CFAV-Macapa2_Brazil_2017	SRA:SRX423173.6217123.1	98.592	71	1	0	5108	5178	3	73	7.43e-26	126
CFAV-Macapa2_Brazil_2017	SRA:SRX423173.4154802.1	97.297	74	2	0	3588	3661	1	74	7.43e-26	126
CFAV-Macapa2_Brazil_2017	SRA:SRX423173.21717587.1	96.053	76	3	0	5194	5269	1	76	2.67e-25	124
CFAV-Macapa2_Brazil_2017	SRA:SRX423173.21378178.1	97.260	73	2	0	4083	4155	1	73	2.67e-25	124
CFAV-Macapa2_Brazil_2017	SRA:SRX423173.20921065.1	96.053	76	3	0	5099	5174	76	1	2.67e-25	124
CFAV-Macapa2_Brazil_2017	SRA:SRX423173.20910481.1	96.053	76	3	0	3006	3081	76	1	2.67e-25	124
CFAV-Macapa2_Brazil_2017	SRA:SRX423173.15721899.1	96.053	76	3	0	5834	5909	76	1	2.67e-25	124
CFAV-Macapa2_Brazil_2017	SRA:SRX423173.11824384.1	97.222	72	2	0	4075	4146	1	72	2.67e-25	124
CFAV-Macapa2_Brazil_2017	SRA:SRX423173.11793596.1	96.000	75	3	0	3894	3968	1	75	2.67e-25	124
CFAV-Macapa2_Brazil_2017	SRA:SRX423173.10055429.1	96.053	76	3	0	2263	2338	76	1	2.67e-25	124
CFAV-Macapa2_Brazil_2017	SRA:SRX423173.9819152.1	97.260	73	2	0	3507	3579	73	1	2.67e-25	124
CFAV-Macapa2_Brazil_2017	SRA:SRX423173.9480383.1	96.053	76	3	0	6252	6327	76	1	2.67e-25	124
CFAV-Macapa2_Brazil_2017	SRA:SRX423173.8880854.1	96.053	76	3	0	2756	2831	76	1	2.67e-25	124
CFAV-Macapa2_Brazil_2017	SRA:SRX423173.8721313.1	96.053	76	3	0	872	947	1	76	2.67e-25	124
CFAV-Macapa2_Brazil_2017	SRA:SRX423173.8649396.1	96.053	76	3	0	3873	3948	1	76	2.67e-25	124
CFAV-Macapa2_Brazil_2017	SRA:SRX423173.8239994.1	97.260	73	2	0	4014	4086	1	73	2.67e-25	124
CFAV-Macapa2_Brazil_2017	SRA:SRX423173.7760211.1	96.053	76	3	0	2769	2844	1	76	2.67e-25	124
CFAV-Macapa2_Brazil_2017	SRA:SRX423173.7660972.1	96.053	76	3	0	5101	5176	76	1	2.67e-25	124
CFAV-Macapa2_Brazil_2017	SRA:SRX423173.6415027.1	96.053	76	3	0	5572	5647	1	76	2.67e-25	124
CFAV-Macapa2_Brazil_2017	SRA:SRX423173.2853140.1	96.053	76	3	0	3907	3982	76	1	2.67e-25	124
CFAV-Macapa2_Brazil_2017	SRA:SRX423173.2303206.1	96.053	76	3	0	5589	5664	1	76	2.67e-25	124
CFAV-Macapa2_Brazil_2017	SRA:SRX423173.459035.1	96.053	76	3	0	825	900	1	76	2.67e-25	124
CFAV-Macapa2_Brazil_2017	SRA:SRX423173.9551612.1	98.551	69	1	0	5752	5820	69	1	9.62e-25	122
CFAV-Macapa2_Brazil_2017	SRA:SRX423173.6901016.1	96.000	75	3	0	6330	6404	2	76	9.62e-25	122
CFAV-Macapa2_Brazil_2017	SRA:SRX423173.6134493.1	96.000	75	3	0	3355	3429	2	76	9.62e-25	122
CFAV-Macapa2_Brazil_2017	SRA:SRX423173.19689589.1	95.890	73	3	0	5872	5944	1	73	3.46e-24	121
CFAV-Macapa2_Brazil_2017	SRA:SRX423173.17056390.1	95.946	74	3	0	5464	5537	1	74	3.46e-24	121
CFAV-Macapa2_Brazil_2017	SRA:SRX423173.16765897.1	95.946	74	3	0	5591	5664	3	76	3.46e-24	121
CFAV-Macapa2_Brazil_2017	SRA:SRX423173.16506638.1	95.890	73	3	0	987	1059	73	1	3.46e-24	121
CFAV-Macapa2_Brazil_2017	SRA:SRX423173.16016386.1	94.737	76	4	0	5249	5324	76	1	3.46e-24	121
CFAV-Macapa2_Brazil_2017	SRA:SRX423173.7168375.1	95.946	74	3	0	1903	1976	74	1	3.46e-24	121
CFAV-Macapa2_Brazil_2017	SRA:SRX423173.6791017.1	95.946	74	3	0	3744	3817	1	74	3.46e-24	121
CFAV-Macapa2_Brazil_2017	SRA:SRX423173.1744881.1	95.946	74	3	0	3605	3678	76	3	3.46e-24	121
CFAV-Macapa2_Brazil_2017	SRA:SRX423173.21796870.1	94.737	76	4	0	4183	4258	1	76	1.24e-23	119
CFAV-Macapa2_Brazil_2017	SRA:SRX423173.21236505.1	94.737	76	4	0	6008	6083	1	76	1.24e-23	119
CFAV-Macapa2_Brazil_2017	SRA:SRX423173.19969843.1	94.737	76	4	0	5680	5755	1	76	1.24e-23	119
CFAV-Macapa2_Brazil_2017	SRA:SRX423173.17607373.1	95.890	73	3	0	5991	6063	1	73	1.24e-23	119
CFAV-Macapa2_Brazil_2017	SRA:SRX423173.14463892.1	95.890	73	3	0	2468	2540	73	1	1.24e-23	119
CFAV-Macapa2_Brazil_2017	SRA:SRX423173.14433363.1	97.143	70	2	0	2258	2327	70	1	1.24e-23	119
CFAV-Macapa2_Brazil_2017	SRA:SRX423173.11487438.1	94.737	76	4	0	3698	3773	76	1	1.24e-23	119
CFAV-Macapa2_Brazil_2017	SRA:SRX423173.11229813.1	94.737	76	4	0	4334	4409	76	1	1.24e-23	119
CFAV-Macapa2_Brazil_2017	SRA:SRX423173.8317854.1	94.737	76	4	0	5750	5825	1	76	1.24e-23	119
CFAV-Macapa2_Brazil_2017	SRA:SRX423173.8076434.1	94.737	76	4	0	5986	6061	1	76	1.24e-23	119
CFAV-Macapa2_Brazil_2017	SRA:SRX423173.7746187.1	94.737	76	4	0	1928	2003	76	1	1.24e-23	119
CFAV-Macapa2_Brazil_2017	SRA:SRX423173.7268323.1	94.737	76	4	0	5969	6044	76	1	1.24e-23	119
CFAV-Macapa2_Brazil_2017	SRA:SRX423173.6626890.1	95.890	73	3	0	5466	5538	76	4	1.24e-23	119
CFAV-Macapa2_Brazil_2017	SRA:SRX423173.5957429.1	94.737	76	4	0	4348	4423	1	76	1.24e-23	119
CFAV-Macapa2_Brazil_2017	SRA:SRX423173.3285546.1	94.737	76	4	0	2756	2831	76	1	1.24e-23	119
CFAV-Macapa2_Brazil_2017	SRA:SRX423173.2053190.1	94.737	76	4	0	2300	2375	1	76	1.24e-23	119
CFAV-Macapa2_Brazil_2017	SRA:SRX423173.20362950.1	95.890	73	1	2	3670	3741	72	1	4.47e-23	117
CFAV-Macapa2_Brazil_2017	SRA:SRX423173.14605979.1	95.833	72	3	0	3588	3659	1	72	4.47e-23	117
CFAV-Macapa2_Brazil_2017	SRA:SRX423173.4766811.1	94.667	75	4	0	5400	5474	2	76	4.47e-23	117
CFAV-Macapa2_Brazil_2017	SRA:SRX423173.18598378.1	98.462	65	1	0	1004	1068	66	2	1.61e-22	115
CFAV-Macapa2_Brazil_2017	SRA:SRX423173.16216757.1	94.595	74	4	0	6012	6085	76	3	1.61e-22	115
CFAV-Macapa2_Brazil_2017	SRA:SRX423173.12046017.1	94.595	74	4	0	3933	4006	74	1	1.61e-22	115
CFAV-Macapa2_Brazil_2017	SRA:SRX423173.21687360.1	93.421	76	5	0	2519	2594	76	1	5.79e-22	113
CFAV-Macapa2_Brazil_2017	SRA:SRX423173.15910076.1	93.421	76	5	0	3901	3976	1	76	5.79e-22	113
CFAV-Macapa2_Brazil_2017	SRA:SRX423173.10104846.1	93.421	76	5	0	825	900	1	76	5.79e-22	113
CFAV-Macapa2_Brazil_2017	SRA:SRX423173.6472225.1	93.421	76	5	0	3299	3374	1	76	5.79e-22	113
CFAV-Macapa2_Brazil_2017	SRA:SRX423173.2556943.1	93.421	76	5	0	1894	1969	1	76	5.79e-22	113
CFAV-Macapa2_Brazil_2017	SRA:SRX423173.811586.1	93.421	76	5	0	5593	5668	1	76	5.79e-22	113
CFAV-Macapa2_Brazil_2017	SRA:SRX423173.657050.1	93.421	76	5	0	4363	4438	76	1	5.79e-22	113
CFAV-Macapa2_Brazil_2017	SRA:SRX423173.2043006.1	94.444	72	4	0	4953	5024	5	76	2.08e-21	111
CFAV-Macapa2_Brazil_2017	SRA:SRX423173.19300995.1	92.105	76	6	0	4119	4194	1	76	7.49e-21	110
CFAV-Macapa2_Brazil_2017	SRA:SRX423173.14728457.1	93.243	74	5	0	3164	3237	76	3	7.49e-21	110
CFAV-Macapa2_Brazil_2017	SRA:SRX423173.12147297.1	93.243	74	5	0	2454	2527	74	1	7.49e-21	110
CFAV-Macapa2_Brazil_2017	SRA:SRX423173.424520.1	96.923	65	2	0	3017	3081	1	65	7.49e-21	110
CFAV-Macapa2_Brazil_2017	SRA:SRX423173.19850158.1	92.105	76	6	0	2113	2188	1	76	2.69e-20	108
CFAV-Macapa2_Brazil_2017	SRA:SRX423173.16447514.1	96.875	64	2	0	1031	1094	76	13	2.69e-20	108
CFAV-Macapa2_Brazil_2017	SRA:SRX423173.3275968.1	92.105	76	6	0	4259	4334	76	1	2.69e-20	108
CFAV-Macapa2_Brazil_2017	SRA:SRX423173.1138931.1	92.105	76	6	0	5992	6067	76	1	2.69e-20	108
CFAV-Macapa2_Brazil_2017	SRA:SRX423173.12258892.1	94.203	69	4	0	4344	4412	74	6	9.68e-20	106
CFAV-Macapa2_Brazil_2017	SRA:SRX423173.14749507.1	91.892	74	6	0	2001	2074	74	1	3.48e-19	104
CFAV-Macapa2_Brazil_2017	SRA:SRX423173.21763055.1	92.857	70	5	0	4281	4350	1	70	1.25e-18	102
CFAV-Macapa2_Brazil_2017	SRA:SRX423173.14345929.1	90.789	76	7	0	4165	4240	1	76	1.25e-18	102
CFAV-Macapa2_Brazil_2017	SRA:SRX423173.6172396.1	90.667	75	7	0	5623	5697	75	1	4.51e-18	100
CFAV-Macapa2_Brazil_2017	SRA:SRX423173.16047128.1	90.411	73	7	0	2756	2828	1	73	1.62e-17	99.0
CFAV-Macapa2_Brazil_2017	SRA:SRX423173.15594346.1	95.082	61	3	0	6403	6463	76	16	5.83e-17	97.1
CFAV-Macapa2_Brazil_2017	SRA:SRX423173.8301199.1	89.474	76	8	0	5135	5210	1	76	5.83e-17	97.1
CFAV-Macapa2_Brazil_2017	SRA:SRX423173.1217682.1	95.000	60	3	0	1894	1953	1	60	2.10e-16	95.3
CFAV-Macapa2_Brazil_2017	SRA:SRX423173.6268967.1	93.548	62	4	0	4953	5014	15	76	7.54e-16	93.5
CFAV-Macapa2_Brazil_2017	SRA:SRX423173.19049175.1	93.443	61	4	0	5057	5117	76	16	2.71e-15	91.6
CFAV-Macapa2_Brazil_2017	SRA:SRX423173.16501942.1	98.039	51	1	0	5371	5421	11	61	9.75e-15	89.8
CFAV-Macapa2_Brazil_2017	SRA:SRX423173.19298075.1	82.895	76	13	0	3995	4070	76	1	3.53e-09	71.3
CFAV-KC_Cambodia_2015	SRA:SRX423173.8880854.1	100.000	76	0	0	2767	2842	76	1	2.66e-30	141
CFAV-KC_Cambodia_2015	SRA:SRX423173.8239994.1	100.000	76	0	0	4025	4100	1	76	2.66e-30	141
CFAV-KC_Cambodia_2015	SRA:SRX423173.8065842.1	100.000	76	0	0	5424	5499	1	76	2.66e-30	141
CFAV-KC_Cambodia_2015	SRA:SRX423173.7760211.1	100.000	76	0	0	2780	2855	1	76	2.66e-30	141
CFAV-KC_Cambodia_2015	SRA:SRX423173.4616963.1	100.000	76	0	0	5429	5504	76	1	2.66e-30	141
CFAV-KC_Cambodia_2015	SRA:SRX423173.12149918.1	98.684	76	1	0	2833	2908	76	1	1.24e-28	135
CFAV-KC_Cambodia_2015	SRA:SRX423173.12022910.1	98.684	76	1	0	5283	5358	76	1	1.24e-28	135
CFAV-KC_Cambodia_2015	SRA:SRX423173.10055640.1	98.684	76	1	0	3729	3804	76	1	1.24e-28	135
CFAV-KC_Cambodia_2015	SRA:SRX423173.6703794.1	98.684	76	1	0	945	1020	76	1	1.24e-28	135
CFAV-KC_Cambodia_2015	SRA:SRX423173.5957429.1	98.684	76	1	0	4359	4434	1	76	1.24e-28	135
CFAV-KC_Cambodia_2015	SRA:SRX423173.5170806.1	98.684	76	1	0	5797	5872	76	1	1.24e-28	135
CFAV-KC_Cambodia_2015	SRA:SRX423173.3679833.1	98.684	76	1	0	5912	5987	1	76	1.24e-28	135
CFAV-KC_Cambodia_2015	SRA:SRX423173.3285546.1	98.684	76	1	0	2767	2842	76	1	1.24e-28	135
CFAV-KC_Cambodia_2015	SRA:SRX423173.218729.1	98.684	76	1	0	3988	4063	1	76	1.24e-28	135
CFAV-KC_Cambodia_2015	SRA:SRX423173.15562307.1	98.667	75	1	0	957	1031	1	75	4.45e-28	134
CFAV-KC_Cambodia_2015	SRA:SRX423173.19047093.1	98.649	74	1	0	3717	3790	1	74	1.60e-27	132
CFAV-KC_Cambodia_2015	SRA:SRX423173.11927534.1	97.368	76	2	0	2772	2847	1	76	1.60e-27	132
CFAV-KC_Cambodia_2015	SRA:SRX423173.9332827.1	98.649	74	1	0	5474	5547	74	1	1.60e-27	132
CFAV-KC_Cambodia_2015	SRA:SRX423173.6970756.1	98.649	74	1	0	5288	5361	1	74	1.60e-27	132
CFAV-KC_Cambodia_2015	SRA:SRX423173.5232611.1	98.649	74	1	0	5260	5333	76	3	1.60e-27	132
CFAV-KC_Cambodia_2015	SRA:SRX423173.3832184.1	98.649	74	1	0	3751	3824	76	3	1.60e-27	132
CFAV-KC_Cambodia_2015	SRA:SRX423173.838359.1	98.649	74	1	0	925	998	74	1	1.60e-27	132
CFAV-KC_Cambodia_2015	SRA:SRX423173.21378178.1	98.630	73	1	0	4094	4166	1	73	5.75e-27	130
CFAV-KC_Cambodia_2015	SRA:SRX423173.21236505.1	97.368	76	2	0	6019	6094	1	76	5.75e-27	130
CFAV-KC_Cambodia_2015	SRA:SRX423173.20098986.1	97.368	76	2	0	955	1030	76	1	5.75e-27	130
CFAV-KC_Cambodia_2015	SRA:SRX423173.16216757.1	97.368	76	2	0	6023	6098	76	1	5.75e-27	130
CFAV-KC_Cambodia_2015	SRA:SRX423173.15434677.1	98.630	73	1	0	952	1024	73	1	5.75e-27	130
CFAV-KC_Cambodia_2015	SRA:SRX423173.12502319.1	97.368	76	2	0	3599	3674	1	76	5.75e-27	130
CFAV-KC_Cambodia_2015	SRA:SRX423173.11231864.1	97.368	76	2	0	3551	3626	76	1	5.75e-27	130
CFAV-KC_Cambodia_2015	SRA:SRX423173.10205935.1	97.368	76	2	0	5234	5309	76	1	5.75e-27	130
CFAV-KC_Cambodia_2015	SRA:SRX423173.10055429.1	97.368	76	2	0	2274	2349	76	1	5.75e-27	130
CFAV-KC_Cambodia_2015	SRA:SRX423173.9076680.1	97.368	76	2	0	5265	5340	76	1	5.75e-27	130
CFAV-KC_Cambodia_2015	SRA:SRX423173.8085245.1	97.368	76	2	0	5304	5379	1	76	5.75e-27	130
CFAV-KC_Cambodia_2015	SRA:SRX423173.5628097.1	97.368	76	2	0	2280	2355	1	76	5.75e-27	130
CFAV-KC_Cambodia_2015	SRA:SRX423173.5538532.1	97.368	76	2	0	5463	5538	76	1	5.75e-27	130
CFAV-KC_Cambodia_2015	SRA:SRX423173.5348706.1	97.368	76	2	0	5244	5319	1	76	5.75e-27	130
CFAV-KC_Cambodia_2015	SRA:SRX423173.2886724.1	97.368	76	2	0	910	985	76	1	5.75e-27	130
CFAV-KC_Cambodia_2015	SRA:SRX423173.725282.1	97.403	77	1	1	2619	2695	76	1	5.75e-27	130
CFAV-KC_Cambodia_2015	SRA:SRX423173.459035.1	97.368	76	2	0	836	911	1	76	5.75e-27	130
CFAV-KC_Cambodia_2015	SRA:SRX423173.349343.1	97.368	76	2	0	5265	5340	1	76	5.75e-27	130
CFAV-KC_Cambodia_2015	SRA:SRX423173.20906733.1	97.333	75	2	0	5305	5379	1	75	2.07e-26	128
CFAV-KC_Cambodia_2015	SRA:SRX423173.14384149.1	100.000	69	0	0	1037	1105	76	8	2.07e-26	128
CFAV-KC_Cambodia_2015	SRA:SRX423173.14047108.1	97.333	75	2	0	952	1026	1	75	2.07e-26	128
CFAV-KC_Cambodia_2015	SRA:SRX423173.11824384.1	97.297	74	2	0	4086	4159	1	74	2.07e-26	128
CFAV-KC_Cambodia_2015	SRA:SRX423173.314394.1	97.333	75	2	0	4343	4417	2	76	2.07e-26	128
CFAV-KC_Cambodia_2015	SRA:SRX423173.20921065.1	97.297	74	2	0	5110	5183	76	3	7.44e-26	126
CFAV-KC_Cambodia_2015	SRA:SRX423173.12816534.1	97.297	74	2	0	1020	1093	76	3	7.44e-26	126
CFAV-KC_Cambodia_2015	SRA:SRX423173.4154802.1	97.297	74	2	0	3599	3672	1	74	7.44e-26	126
CFAV-KC_Cambodia_2015	SRA:SRX423173.20968913.1	96.053	76	3	0	875	950	1	76	2.68e-25	124
CFAV-KC_Cambodia_2015	SRA:SRX423173.19502866.1	97.297	74	1	1	921	994	73	1	2.68e-25	124
CFAV-KC_Cambodia_2015	SRA:SRX423173.12518438.1	96.053	76	3	0	5305	5380	1	76	2.68e-25	124
CFAV-KC_Cambodia_2015	SRA:SRX423173.12251391.1	96.053	76	3	0	2058	2133	1	76	2.68e-25	124
CFAV-KC_Cambodia_2015	SRA:SRX423173.11595749.1	97.260	73	2	0	5237	5309	73	1	2.68e-25	124
CFAV-KC_Cambodia_2015	SRA:SRX423173.11487438.1	96.053	76	3	0	3709	3784	76	1	2.68e-25	124
CFAV-KC_Cambodia_2015	SRA:SRX423173.10859260.1	96.053	76	3	0	4337	4412	1	76	2.68e-25	124
CFAV-KC_Cambodia_2015	SRA:SRX423173.10242510.1	96.053	76	3	0	5045	5120	76	1	2.68e-25	124
CFAV-KC_Cambodia_2015	SRA:SRX423173.9913627.1	96.053	76	3	0	6310	6385	76	1	2.68e-25	124
CFAV-KC_Cambodia_2015	SRA:SRX423173.9249309.1	96.053	76	3	0	5116	5191	76	1	2.68e-25	124
CFAV-KC_Cambodia_2015	SRA:SRX423173.8721313.1	96.053	76	3	0	883	958	1	76	2.68e-25	124
CFAV-KC_Cambodia_2015	SRA:SRX423173.8522258.1	96.053	76	3	0	4148	4223	1	76	2.68e-25	124
CFAV-KC_Cambodia_2015	SRA:SRX423173.7660972.1	96.053	76	3	0	5112	5187	76	1	2.68e-25	124
CFAV-KC_Cambodia_2015	SRA:SRX423173.6217123.1	96.053	76	3	0	5117	5192	1	76	2.68e-25	124
CFAV-KC_Cambodia_2015	SRA:SRX423173.5046713.1	96.104	77	2	1	2235	2311	76	1	2.68e-25	124
CFAV-KC_Cambodia_2015	SRA:SRX423173.4183585.1	97.260	73	2	0	5227	5299	73	1	2.68e-25	124
CFAV-KC_Cambodia_2015	SRA:SRX423173.3772642.1	96.053	76	3	0	3118	3193	1	76	2.68e-25	124
CFAV-KC_Cambodia_2015	SRA:SRX423173.3669903.1	96.053	76	3	0	5240	5315	76	1	2.68e-25	124
CFAV-KC_Cambodia_2015	SRA:SRX423173.3088278.1	96.053	76	3	0	1998	2073	1	76	2.68e-25	124
CFAV-KC_Cambodia_2015	SRA:SRX423173.2853140.1	96.053	76	3	0	3918	3993	76	1	2.68e-25	124
CFAV-KC_Cambodia_2015	SRA:SRX423173.2053190.1	96.053	76	3	0	2311	2386	1	76	2.68e-25	124
CFAV-KC_Cambodia_2015	SRA:SRX423173.21717587.1	96.000	75	3	0	5205	5279	1	75	9.63e-25	122
CFAV-KC_Cambodia_2015	SRA:SRX423173.16658718.1	96.000	75	3	0	5181	5255	1	75	9.63e-25	122
CFAV-KC_Cambodia_2015	SRA:SRX423173.14433363.1	97.222	72	2	0	2267	2338	72	1	9.63e-25	122
CFAV-KC_Cambodia_2015	SRA:SRX423173.9551612.1	98.551	69	1	0	5763	5831	69	1	9.63e-25	122
CFAV-KC_Cambodia_2015	SRA:SRX423173.5685361.1	96.000	75	3	0	2581	2655	2	76	9.63e-25	122
CFAV-KC_Cambodia_2015	SRA:SRX423173.633462.1	96.000	75	3	0	875	949	1	75	9.63e-25	122
CFAV-KC_Cambodia_2015	SRA:SRX423173.485416.1	98.551	69	1	0	3588	3656	6	74	9.63e-25	122
CFAV-KC_Cambodia_2015	SRA:SRX423173.12361684.1	95.946	74	3	0	4112	4185	1	74	3.46e-24	121
CFAV-KC_Cambodia_2015	SRA:SRX423173.12258892.1	95.946	74	3	0	4355	4428	74	1	3.46e-24	121
CFAV-KC_Cambodia_2015	SRA:SRX423173.11780237.1	94.737	76	4	0	5240	5315	76	1	3.46e-24	121
CFAV-KC_Cambodia_2015	SRA:SRX423173.6791017.1	95.946	74	3	0	3755	3828	1	74	3.46e-24	121
CFAV-KC_Cambodia_2015	SRA:SRX423173.6134493.1	95.946	74	3	0	3367	3440	3	76	3.46e-24	121
CFAV-KC_Cambodia_2015	SRA:SRX423173.21796870.1	94.737	76	4	0	4194	4269	1	76	1.25e-23	119
CFAV-KC_Cambodia_2015	SRA:SRX423173.15721899.1	94.737	76	4	0	5845	5920	76	1	1.25e-23	119
CFAV-KC_Cambodia_2015	SRA:SRX423173.14463892.1	95.890	73	3	0	2479	2551	73	1	1.25e-23	119
CFAV-KC_Cambodia_2015	SRA:SRX423173.14449247.1	94.737	76	4	0	5371	5446	1	76	1.25e-23	119
CFAV-KC_Cambodia_2015	SRA:SRX423173.13968694.1	94.737	76	4	0	2780	2855	1	76	1.25e-23	119
CFAV-KC_Cambodia_2015	SRA:SRX423173.13558373.1	94.737	76	4	0	5161	5236	1	76	1.25e-23	119
CFAV-KC_Cambodia_2015	SRA:SRX423173.12859430.1	94.737	76	4	0	6157	6232	1	76	1.25e-23	119
CFAV-KC_Cambodia_2015	SRA:SRX423173.11229813.1	95.890	73	3	0	4348	4420	73	1	1.25e-23	119
CFAV-KC_Cambodia_2015	SRA:SRX423173.10104846.1	94.737	76	4	0	836	911	1	76	1.25e-23	119
CFAV-KC_Cambodia_2015	SRA:SRX423173.9819152.1	95.890	73	3	0	3518	3590	73	1	1.25e-23	119
CFAV-KC_Cambodia_2015	SRA:SRX423173.8859038.1	94.737	76	4	0	5653	5728	1	76	1.25e-23	119
CFAV-KC_Cambodia_2015	SRA:SRX423173.8076434.1	94.737	76	4	0	5997	6072	1	76	1.25e-23	119
CFAV-KC_Cambodia_2015	SRA:SRX423173.6427840.1	94.737	76	4	0	5693	5768	76	1	1.25e-23	119
CFAV-KC_Cambodia_2015	SRA:SRX423173.3991114.1	95.890	73	3	0	3085	3157	73	1	1.25e-23	119
CFAV-KC_Cambodia_2015	SRA:SRX423173.2303206.1	95.890	73	3	0	5600	5672	1	73	1.25e-23	119
CFAV-KC_Cambodia_2015	SRA:SRX423173.1951550.1	94.737	76	4	0	6140	6215	76	1	1.25e-23	119
CFAV-KC_Cambodia_2015	SRA:SRX423173.1080133.1	94.737	76	4	0	5373	5448	1	76	1.25e-23	119
CFAV-KC_Cambodia_2015	SRA:SRX423173.657050.1	94.737	76	4	0	4374	4449	76	1	1.25e-23	119
CFAV-KC_Cambodia_2015	SRA:SRX423173.20362950.1	95.833	72	3	0	3681	3752	72	1	4.48e-23	117
CFAV-KC_Cambodia_2015	SRA:SRX423173.16016386.1	94.595	74	4	0	5260	5333	76	3	4.48e-23	117
CFAV-KC_Cambodia_2015	SRA:SRX423173.14605979.1	95.833	72	3	0	3599	3670	1	72	4.48e-23	117
CFAV-KC_Cambodia_2015	SRA:SRX423173.8873772.1	94.667	75	4	0	6490	6564	2	76	4.48e-23	117
CFAV-KC_Cambodia_2015	SRA:SRX423173.6901016.1	94.667	75	4	0	6341	6415	2	76	4.48e-23	117
CFAV-KC_Cambodia_2015	SRA:SRX423173.19689589.1	94.521	73	4	0	5883	5955	1	73	1.61e-22	115
CFAV-KC_Cambodia_2015	SRA:SRX423173.19300995.1	94.521	73	4	0	4130	4202	1	73	1.61e-22	115
CFAV-KC_Cambodia_2015	SRA:SRX423173.17056390.1	94.595	74	4	0	5475	5548	1	74	1.61e-22	115
CFAV-KC_Cambodia_2015	SRA:SRX423173.16765897.1	95.775	71	3	0	5602	5672	3	73	1.61e-22	115
CFAV-KC_Cambodia_2015	SRA:SRX423173.16506638.1	94.521	73	4	0	998	1070	73	1	1.61e-22	115
CFAV-KC_Cambodia_2015	SRA:SRX423173.16047128.1	94.521	73	4	0	2767	2839	1	73	1.61e-22	115
CFAV-KC_Cambodia_2015	SRA:SRX423173.12418602.1	94.595	74	4	0	1867	1940	1	74	1.61e-22	115
CFAV-KC_Cambodia_2015	SRA:SRX423173.12046017.1	94.595	74	4	0	3944	4017	74	1	1.61e-22	115
CFAV-KC_Cambodia_2015	SRA:SRX423173.1180721.1	95.775	71	3	0	2905	2975	73	3	1.61e-22	115
CFAV-KC_Cambodia_2015	SRA:SRX423173.557196.1	95.775	71	3	0	4456	4526	71	1	1.61e-22	115
CFAV-KC_Cambodia_2015	SRA:SRX423173.17607373.1	94.521	73	4	0	6002	6074	1	73	5.79e-22	113
CFAV-KC_Cambodia_2015	SRA:SRX423173.15910076.1	93.421	76	5	0	3912	3987	1	76	5.79e-22	113
CFAV-KC_Cambodia_2015	SRA:SRX423173.9480383.1	93.421	76	5	0	6263	6338	76	1	5.79e-22	113
CFAV-KC_Cambodia_2015	SRA:SRX423173.7746187.1	94.521	73	4	0	1942	2014	73	1	5.79e-22	113
CFAV-KC_Cambodia_2015	SRA:SRX423173.12502303.1	95.652	69	3	0	6231	6299	74	6	2.08e-21	111
CFAV-KC_Cambodia_2015	SRA:SRX423173.10113518.1	94.444	72	4	0	5173	5244	72	1	2.08e-21	111
CFAV-KC_Cambodia_2015	SRA:SRX423173.4766811.1	93.333	75	5	0	5411	5485	2	76	2.08e-21	111
CFAV-KC_Cambodia_2015	SRA:SRX423173.18598378.1	96.923	65	2	0	1015	1079	66	2	7.49e-21	110
CFAV-KC_Cambodia_2015	SRA:SRX423173.21422691.1	92.105	76	6	0	6427	6502	1	76	2.70e-20	108
CFAV-KC_Cambodia_2015	SRA:SRX423173.20910481.1	92.105	76	6	0	3017	3092	76	1	2.70e-20	108
CFAV-KC_Cambodia_2015	SRA:SRX423173.16447514.1	96.875	64	2	0	1042	1105	76	13	2.70e-20	108
CFAV-KC_Cambodia_2015	SRA:SRX423173.12147297.1	93.151	73	5	0	2465	2537	74	2	2.70e-20	108
CFAV-KC_Cambodia_2015	SRA:SRX423173.7251188.1	92.105	76	6	0	854	929	76	1	2.70e-20	108
CFAV-KC_Cambodia_2015	SRA:SRX423173.424520.1	92.105	76	6	0	3028	3103	1	76	2.70e-20	108
CFAV-KC_Cambodia_2015	SRA:SRX423173.9200318.1	94.118	68	4	0	3040	3107	70	3	3.49e-19	104
CFAV-KC_Cambodia_2015	SRA:SRX423173.1138931.1	95.385	65	3	0	6013	6077	66	2	3.49e-19	104
CFAV-KC_Cambodia_2015	SRA:SRX423173.19850158.1	90.789	76	7	0	2124	2199	1	76	1.25e-18	102
CFAV-KC_Cambodia_2015	SRA:SRX423173.17258649.1	98.276	58	1	0	1827	1884	58	1	1.25e-18	102
CFAV-KC_Cambodia_2015	SRA:SRX423173.4272270.1	90.789	76	7	0	5153	5228	76	1	1.25e-18	102
CFAV-KC_Cambodia_2015	SRA:SRX423173.17662091.1	91.549	71	6	0	4150	4220	74	4	1.62e-17	99.0
CFAV-KC_Cambodia_2015	SRA:SRX423173.6172396.1	90.541	74	7	0	5635	5708	74	1	1.62e-17	99.0
CFAV-KC_Cambodia_2015	SRA:SRX423173.20098222.1	91.429	70	6	0	4397	4466	1	70	5.83e-17	97.1
CFAV-KC_Cambodia_2015	SRA:SRX423173.9226058.1	92.424	66	4	1	819	884	76	12	7.55e-16	93.5
CFAV-KC_Cambodia_2015	SRA:SRX423173.16381685.1	87.013	77	9	1	4373	4449	76	1	1.26e-13	86.1
CFAV-KC_Cambodia_2015	SRA:SRX423173.19298075.1	85.526	76	11	0	4006	4081	76	1	1.63e-12	82.4
CFAV-KC_Cambodia_2015	SRA:SRX423173.15594346.1	90.164	61	6	0	6414	6474	76	16	5.88e-12	80.5
CFAV-KC_Cambodia_2015	SRA:SRX423173.18842936.1	85.507	69	10	0	4222	4290	69	1	9.83e-10	73.1
CFAV-Zik_Uganda_2016	SRA:SRX423173.20921065.1	100.000	76	0	0	5110	5185	76	1	2.66e-30	141
CFAV-Zik_Uganda_2016	SRA:SRX423173.10205935.1	100.000	76	0	0	5234	5309	76	1	2.66e-30	141
CFAV-Zik_Uganda_2016	SRA:SRX423173.10055429.1	100.000	76	0	0	2274	2349	76	1	2.66e-30	141
CFAV-Zik_Uganda_2016	SRA:SRX423173.9911930.1	100.000	76	0	0	5566	5641	76	1	2.66e-30	141
CFAV-Zik_Uganda_2016	SRA:SRX423173.9249309.1	100.000	76	0	0	5116	5191	76	1	2.66e-30	141
CFAV-Zik_Uganda_2016	SRA:SRX423173.9076680.1	100.000	76	0	0	5265	5340	76	1	2.66e-30	141
CFAV-Zik_Uganda_2016	SRA:SRX423173.7760211.1	100.000	76	0	0	2780	2855	1	76	2.66e-30	141
CFAV-Zik_Uganda_2016	SRA:SRX423173.7660972.1	100.000	76	0	0	5112	5187	76	1	2.66e-30	141
CFAV-Zik_Uganda_2016	SRA:SRX423173.6217123.1	100.000	76	0	0	5117	5192	1	76	2.66e-30	141
CFAV-Zik_Uganda_2016	SRA:SRX423173.5628097.1	100.000	76	0	0	2280	2355	1	76	2.66e-30	141
CFAV-Zik_Uganda_2016	SRA:SRX423173.5348706.1	100.000	76	0	0	5244	5319	1	76	2.66e-30	141
CFAV-Zik_Uganda_2016	SRA:SRX423173.5232611.1	100.000	76	0	0	5260	5335	76	1	2.66e-30	141
CFAV-Zik_Uganda_2016	SRA:SRX423173.4183585.1	100.000	76	0	0	5224	5299	76	1	2.66e-30	141
CFAV-Zik_Uganda_2016	SRA:SRX423173.2157910.1	100.000	76	0	0	2515	2590	1	76	2.66e-30	141
CFAV-Zik_Uganda_2016	SRA:SRX423173.349343.1	100.000	76	0	0	5265	5340	1	76	2.66e-30	141
CFAV-Zik_Uganda_2016	SRA:SRX423173.5170806.1	100.000	75	0	0	5798	5872	75	1	9.56e-30	139
CFAV-Zik_Uganda_2016	SRA:SRX423173.9332827.1	100.000	74	0	0	5474	5547	74	1	3.44e-29	137
CFAV-Zik_Uganda_2016	SRA:SRX423173.21717587.1	98.684	76	1	0	5205	5280	1	76	1.24e-28	135
CFAV-Zik_Uganda_2016	SRA:SRX423173.21422691.1	98.684	76	1	0	6427	6502	1	76	1.24e-28	135
CFAV-Zik_Uganda_2016	SRA:SRX423173.12859430.1	98.684	76	1	0	6157	6232	1	76	1.24e-28	135
CFAV-Zik_Uganda_2016	SRA:SRX423173.12502319.1	98.684	76	1	0	3599	3674	1	76	1.24e-28	135
CFAV-Zik_Uganda_2016	SRA:SRX423173.12022910.1	98.684	76	1	0	5283	5358	76	1	1.24e-28	135
CFAV-Zik_Uganda_2016	SRA:SRX423173.11595749.1	100.000	73	0	0	5237	5309	73	1	1.24e-28	135
CFAV-Zik_Uganda_2016	SRA:SRX423173.11231864.1	98.684	76	1	0	3551	3626	76	1	1.24e-28	135
CFAV-Zik_Uganda_2016	SRA:SRX423173.10242510.1	98.684	76	1	0	5045	5120	76	1	1.24e-28	135
CFAV-Zik_Uganda_2016	SRA:SRX423173.10055640.1	98.684	76	1	0	3729	3804	76	1	1.24e-28	135
CFAV-Zik_Uganda_2016	SRA:SRX423173.9480383.1	98.684	76	1	0	6263	6338	76	1	1.24e-28	135
CFAV-Zik_Uganda_2016	SRA:SRX423173.8880854.1	98.684	76	1	0	2767	2842	76	1	1.24e-28	135
CFAV-Zik_Uganda_2016	SRA:SRX423173.6970756.1	98.684	76	1	0	5288	5363	1	76	1.24e-28	135
CFAV-Zik_Uganda_2016	SRA:SRX423173.6415027.1	98.684	76	1	0	5583	5658	1	76	1.24e-28	135
CFAV-Zik_Uganda_2016	SRA:SRX423173.5046713.1	98.684	76	1	0	2236	2311	76	1	1.24e-28	135
CFAV-Zik_Uganda_2016	SRA:SRX423173.4876662.1	98.684	76	1	0	5234	5309	1	76	1.24e-28	135
CFAV-Zik_Uganda_2016	SRA:SRX423173.3679833.1	98.684	76	1	0	5912	5987	1	76	1.24e-28	135
CFAV-Zik_Uganda_2016	SRA:SRX423173.3669903.1	98.684	76	1	0	5240	5315	76	1	1.24e-28	135
CFAV-Zik_Uganda_2016	SRA:SRX423173.2303206.1	98.684	76	1	0	5600	5675	1	76	1.24e-28	135
CFAV-Zik_Uganda_2016	SRA:SRX423173.1951550.1	98.684	76	1	0	6140	6215	76	1	1.24e-28	135
CFAV-Zik_Uganda_2016	SRA:SRX423173.218729.1	98.684	76	1	0	3988	4063	1	76	1.24e-28	135
CFAV-Zik_Uganda_2016	SRA:SRX423173.1080133.1	98.667	75	1	0	5374	5448	2	76	4.45e-28	134
CFAV-Zik_Uganda_2016	SRA:SRX423173.19047093.1	98.649	74	1	0	3717	3790	1	74	1.60e-27	132
CFAV-Zik_Uganda_2016	SRA:SRX423173.16765897.1	98.649	74	1	0	5602	5675	3	76	1.60e-27	132
CFAV-Zik_Uganda_2016	SRA:SRX423173.11780237.1	97.368	76	2	0	5240	5315	76	1	1.60e-27	132
CFAV-Zik_Uganda_2016	SRA:SRX423173.4154802.1	98.649	74	1	0	3599	3672	1	74	1.60e-27	132
CFAV-Zik_Uganda_2016	SRA:SRX423173.3832184.1	98.649	74	1	0	3751	3824	76	3	1.60e-27	132
CFAV-Zik_Uganda_2016	SRA:SRX423173.21687360.1	97.368	76	2	0	2530	2605	76	1	5.75e-27	130
CFAV-Zik_Uganda_2016	SRA:SRX423173.21236505.1	97.368	76	2	0	6019	6094	1	76	5.75e-27	130
CFAV-Zik_Uganda_2016	SRA:SRX423173.21164577.1	97.368	76	2	0	3310	3385	1	76	5.75e-27	130
CFAV-Zik_Uganda_2016	SRA:SRX423173.20910481.1	97.368	76	2	0	3017	3092	76	1	5.75e-27	130
CFAV-Zik_Uganda_2016	SRA:SRX423173.20906733.1	97.368	76	2	0	5305	5380	1	76	5.75e-27	130
CFAV-Zik_Uganda_2016	SRA:SRX423173.16658718.1	97.368	76	2	0	5181	5256	1	76	5.75e-27	130
CFAV-Zik_Uganda_2016	SRA:SRX423173.14449247.1	97.368	76	2	0	5371	5446	1	76	5.75e-27	130
CFAV-Zik_Uganda_2016	SRA:SRX423173.14433363.1	100.000	70	0	0	2269	2338	70	1	5.75e-27	130
CFAV-Zik_Uganda_2016	SRA:SRX423173.13568104.1	97.368	76	2	0	4996	5071	76	1	5.75e-27	130
CFAV-Zik_Uganda_2016	SRA:SRX423173.13558373.1	97.368	76	2	0	5161	5236	1	76	5.75e-27	130
CFAV-Zik_Uganda_2016	SRA:SRX423173.12149918.1	97.368	76	2	0	2833	2908	76	1	5.75e-27	130
CFAV-Zik_Uganda_2016	SRA:SRX423173.11927534.1	97.333	75	2	0	2773	2847	2	76	5.75e-27	130
CFAV-Zik_Uganda_2016	SRA:SRX423173.11285419.1	97.368	76	2	0	5349	5424	1	76	5.75e-27	130
CFAV-Zik_Uganda_2016	SRA:SRX423173.9913627.1	97.368	76	2	0	6310	6385	76	1	5.75e-27	130
CFAV-Zik_Uganda_2016	SRA:SRX423173.8649396.1	97.368	76	2	0	3884	3959	1	76	5.75e-27	130
CFAV-Zik_Uganda_2016	SRA:SRX423173.8239994.1	97.368	76	2	0	4025	4100	1	76	5.75e-27	130
CFAV-Zik_Uganda_2016	SRA:SRX423173.8085245.1	97.368	76	2	0	5304	5379	1	76	5.75e-27	130
CFAV-Zik_Uganda_2016	SRA:SRX423173.8076434.1	97.368	76	2	0	5997	6072	1	76	5.75e-27	130
CFAV-Zik_Uganda_2016	SRA:SRX423173.8065842.1	97.368	76	2	0	5424	5499	1	76	5.75e-27	130
CFAV-Zik_Uganda_2016	SRA:SRX423173.6703794.1	97.368	76	2	0	945	1020	76	1	5.75e-27	130
CFAV-Zik_Uganda_2016	SRA:SRX423173.5685361.1	97.368	76	2	0	2580	2655	1	76	5.75e-27	130
CFAV-Zik_Uganda_2016	SRA:SRX423173.4616963.1	97.368	76	2	0	5429	5504	76	1	5.75e-27	130
CFAV-Zik_Uganda_2016	SRA:SRX423173.4429292.1	97.368	76	2	0	5349	5424	1	76	5.75e-27	130
CFAV-Zik_Uganda_2016	SRA:SRX423173.3991114.1	98.630	73	1	0	3085	3157	73	1	5.75e-27	130
CFAV-Zik_Uganda_2016	SRA:SRX423173.3772642.1	97.368	76	2	0	3118	3193	1	76	5.75e-27	130
CFAV-Zik_Uganda_2016	SRA:SRX423173.3285546.1	97.368	76	2	0	2767	2842	76	1	5.75e-27	130
CFAV-Zik_Uganda_2016	SRA:SRX423173.2853140.1	97.368	76	2	0	3918	3993	76	1	5.75e-27	130
CFAV-Zik_Uganda_2016	SRA:SRX423173.1744881.1	97.368	76	2	0	3616	3691	76	1	5.75e-27	130
CFAV-Zik_Uganda_2016	SRA:SRX423173.1315401.1	97.368	76	2	0	5349	5424	1	76	5.75e-27	130
CFAV-Zik_Uganda_2016	SRA:SRX423173.838359.1	97.368	76	2	0	923	998	76	1	5.75e-27	130
CFAV-Zik_Uganda_2016	SRA:SRX423173.725282.1	97.368	76	2	0	2620	2695	76	1	5.75e-27	130
CFAV-Zik_Uganda_2016	SRA:SRX423173.424520.1	97.368	76	2	0	3028	3103	1	76	5.75e-27	130
CFAV-Zik_Uganda_2016	SRA:SRX423173.16216757.1	97.333	75	2	0	6023	6097	76	2	2.07e-26	128
CFAV-Zik_Uganda_2016	SRA:SRX423173.11824384.1	97.297	74	2	0	4086	4159	1	74	2.07e-26	128
CFAV-Zik_Uganda_2016	SRA:SRX423173.6134493.1	97.333	75	2	0	3366	3440	2	76	2.07e-26	128
CFAV-Zik_Uganda_2016	SRA:SRX423173.2043006.1	98.611	72	1	0	4964	5035	5	76	2.07e-26	128
CFAV-Zik_Uganda_2016	SRA:SRX423173.485416.1	100.000	69	0	0	3588	3656	6	74	2.07e-26	128
CFAV-Zik_Uganda_2016	SRA:SRX423173.16016386.1	96.053	76	3	0	5260	5335	76	1	7.44e-26	126
CFAV-Zik_Uganda_2016	SRA:SRX423173.11793596.1	96.053	76	3	0	3905	3980	1	76	7.44e-26	126
CFAV-Zik_Uganda_2016	SRA:SRX423173.2886724.1	97.297	74	2	0	910	983	76	3	7.44e-26	126
CFAV-Zik_Uganda_2016	SRA:SRX423173.1180721.1	97.297	74	2	0	2902	2975	76	3	7.44e-26	126
CFAV-Zik_Uganda_2016	SRA:SRX423173.21378178.1	97.260	73	2	0	4094	4166	1	73	2.68e-25	124
CFAV-Zik_Uganda_2016	SRA:SRX423173.20968913.1	96.053	76	3	0	875	950	1	76	2.68e-25	124
CFAV-Zik_Uganda_2016	SRA:SRX423173.19850158.1	96.053	76	3	0	2124	2199	1	76	2.68e-25	124
CFAV-Zik_Uganda_2016	SRA:SRX423173.17607373.1	97.260	73	2	0	6002	6074	1	73	2.68e-25	124
CFAV-Zik_Uganda_2016	SRA:SRX423173.15721899.1	96.053	76	3	0	5845	5920	76	1	2.68e-25	124
CFAV-Zik_Uganda_2016	SRA:SRX423173.15562307.1	96.053	76	3	0	957	1032	1	76	2.68e-25	124
CFAV-Zik_Uganda_2016	SRA:SRX423173.15434677.1	97.260	73	2	0	952	1024	73	1	2.68e-25	124
CFAV-Zik_Uganda_2016	SRA:SRX423173.14463892.1	97.260	73	2	0	2479	2551	73	1	2.68e-25	124
CFAV-Zik_Uganda_2016	SRA:SRX423173.13750138.1	97.260	73	2	0	5205	5277	1	73	2.68e-25	124
CFAV-Zik_Uganda_2016	SRA:SRX423173.11487438.1	96.053	76	3	0	3709	3784	76	1	2.68e-25	124
CFAV-Zik_Uganda_2016	SRA:SRX423173.9906811.1	96.053	76	3	0	5337	5412	76	1	2.68e-25	124
CFAV-Zik_Uganda_2016	SRA:SRX423173.9200318.1	96.053	76	3	0	3034	3109	76	1	2.68e-25	124
CFAV-Zik_Uganda_2016	SRA:SRX423173.8721313.1	96.053	76	3	0	883	958	1	76	2.68e-25	124
CFAV-Zik_Uganda_2016	SRA:SRX423173.7929860.1	96.053	76	3	0	5361	5436	1	76	2.68e-25	124
CFAV-Zik_Uganda_2016	SRA:SRX423173.7268323.1	96.053	76	3	0	5980	6055	76	1	2.68e-25	124
CFAV-Zik_Uganda_2016	SRA:SRX423173.5564384.1	96.053	76	3	0	2919	2994	76	1	2.68e-25	124
CFAV-Zik_Uganda_2016	SRA:SRX423173.5538532.1	97.260	73	2	0	5466	5538	73	1	2.68e-25	124
CFAV-Zik_Uganda_2016	SRA:SRX423173.3088278.1	96.053	76	3	0	1998	2073	1	76	2.68e-25	124
CFAV-Zik_Uganda_2016	SRA:SRX423173.2053190.1	96.053	76	3	0	2311	2386	1	76	2.68e-25	124
CFAV-Zik_Uganda_2016	SRA:SRX423173.791425.1	96.053	76	3	0	5331	5406	1	76	2.68e-25	124
CFAV-Zik_Uganda_2016	SRA:SRX423173.755574.1	96.053	76	3	0	2089	2164	1	76	2.68e-25	124
CFAV-Zik_Uganda_2016	SRA:SRX423173.489083.1	96.053	76	3	0	2929	3004	76	1	2.68e-25	124
CFAV-Zik_Uganda_2016	SRA:SRX423173.14605979.1	97.222	72	2	0	3599	3670	1	72	9.63e-25	122
CFAV-Zik_Uganda_2016	SRA:SRX423173.12518438.1	96.000	75	3	0	5305	5379	1	75	9.63e-25	122
CFAV-Zik_Uganda_2016	SRA:SRX423173.9551612.1	98.551	69	1	0	5763	5831	69	1	9.63e-25	122
CFAV-Zik_Uganda_2016	SRA:SRX423173.811586.1	96.000	75	3	0	5604	5678	1	75	9.63e-25	122
CFAV-Zik_Uganda_2016	SRA:SRX423173.633462.1	96.000	75	3	0	875	949	1	75	9.63e-25	122
CFAV-Zik_Uganda_2016	SRA:SRX423173.20098986.1	95.946	74	3	0	955	1028	76	3	3.46e-24	121
CFAV-Zik_Uganda_2016	SRA:SRX423173.19689589.1	95.890	73	3	0	5883	5955	1	73	3.46e-24	121
CFAV-Zik_Uganda_2016	SRA:SRX423173.19502866.1	97.183	71	2	0	924	994	71	1	3.46e-24	121
CFAV-Zik_Uganda_2016	SRA:SRX423173.17056390.1	95.946	74	3	0	5475	5548	1	74	3.46e-24	121
CFAV-Zik_Uganda_2016	SRA:SRX423173.14728457.1	95.946	74	3	0	3175	3248	76	3	3.46e-24	121
CFAV-Zik_Uganda_2016	SRA:SRX423173.12361684.1	95.946	74	3	0	4112	4185	1	74	3.46e-24	121
CFAV-Zik_Uganda_2016	SRA:SRX423173.12142284.1	95.946	74	3	0	3172	3245	74	1	3.46e-24	121
CFAV-Zik_Uganda_2016	SRA:SRX423173.12046017.1	95.946	74	3	0	3944	4017	74	1	3.46e-24	121
CFAV-Zik_Uganda_2016	SRA:SRX423173.11834093.1	94.737	76	4	0	2603	2678	1	76	3.46e-24	121
CFAV-Zik_Uganda_2016	SRA:SRX423173.6791017.1	95.946	74	3	0	3755	3828	1	74	3.46e-24	121
CFAV-Zik_Uganda_2016	SRA:SRX423173.15910076.1	94.737	76	4	0	3912	3987	1	76	1.25e-23	119
CFAV-Zik_Uganda_2016	SRA:SRX423173.13968694.1	94.737	76	4	0	2780	2855	1	76	1.25e-23	119
CFAV-Zik_Uganda_2016	SRA:SRX423173.12251391.1	94.737	76	4	0	2058	2133	1	76	1.25e-23	119
CFAV-Zik_Uganda_2016	SRA:SRX423173.9819152.1	95.890	73	3	0	3518	3590	73	1	1.25e-23	119
CFAV-Zik_Uganda_2016	SRA:SRX423173.8317854.1	94.737	76	4	0	5761	5836	1	76	1.25e-23	119
CFAV-Zik_Uganda_2016	SRA:SRX423173.7168375.1	94.737	76	4	0	1912	1987	76	1	1.25e-23	119
CFAV-Zik_Uganda_2016	SRA:SRX423173.6626890.1	95.890	73	3	0	5477	5549	76	4	1.25e-23	119
CFAV-Zik_Uganda_2016	SRA:SRX423173.20362950.1	95.833	72	3	0	3681	3752	72	1	4.48e-23	117
CFAV-Zik_Uganda_2016	SRA:SRX423173.10113518.1	95.833	72	3	0	5173	5244	72	1	4.48e-23	117
CFAV-Zik_Uganda_2016	SRA:SRX423173.16506638.1	94.521	73	4	0	998	1070	73	1	1.61e-22	115
CFAV-Zik_Uganda_2016	SRA:SRX423173.9369810.1	94.595	74	4	0	5317	5390	76	3	1.61e-22	115
CFAV-Zik_Uganda_2016	SRA:SRX423173.657050.1	94.595	74	4	0	4376	4449	74	1	1.61e-22	115
CFAV-Zik_Uganda_2016	SRA:SRX423173.10859260.1	94.521	73	4	0	4337	4409	1	73	5.79e-22	113
CFAV-Zik_Uganda_2016	SRA:SRX423173.9672763.1	93.421	76	5	0	4416	4491	76	1	5.79e-22	113
CFAV-Zik_Uganda_2016	SRA:SRX423173.8301199.1	93.421	76	5	0	5146	5221	1	76	5.79e-22	113
CFAV-Zik_Uganda_2016	SRA:SRX423173.1138931.1	93.421	76	5	0	6003	6078	76	1	5.79e-22	113
CFAV-Zik_Uganda_2016	SRA:SRX423173.19300995.1	93.243	74	5	0	4132	4205	3	76	2.08e-21	111
CFAV-Zik_Uganda_2016	SRA:SRX423173.14384149.1	95.652	69	3	0	1037	1105	76	8	2.08e-21	111
CFAV-Zik_Uganda_2016	SRA:SRX423173.12816534.1	94.444	72	4	0	1020	1091	76	5	2.08e-21	111
CFAV-Zik_Uganda_2016	SRA:SRX423173.12502303.1	95.652	69	3	0	6231	6299	74	6	2.08e-21	111
CFAV-Zik_Uganda_2016	SRA:SRX423173.2556943.1	95.652	69	3	0	1907	1975	3	71	2.08e-21	111
CFAV-Zik_Uganda_2016	SRA:SRX423173.3980.1	95.652	69	3	0	6450	6518	1	69	2.08e-21	111
CFAV-Zik_Uganda_2016	SRA:SRX423173.16047128.1	93.151	73	5	0	2767	2839	1	73	7.49e-21	110
CFAV-Zik_Uganda_2016	SRA:SRX423173.12258892.1	93.243	74	5	0	4355	4428	74	1	7.49e-21	110
CFAV-Zik_Uganda_2016	SRA:SRX423173.6268967.1	98.387	62	1	0	4964	5025	15	76	7.49e-21	110
CFAV-Zik_Uganda_2016	SRA:SRX423173.557196.1	95.588	68	3	0	4459	4526	68	1	7.49e-21	110
CFAV-Zik_Uganda_2016	SRA:SRX423173.6472225.1	92.105	76	6	0	3310	3385	1	76	2.70e-20	108
CFAV-Zik_Uganda_2016	SRA:SRX423173.6172396.1	92.000	75	6	0	5634	5708	75	1	9.69e-20	106
CFAV-Zik_Uganda_2016	SRA:SRX423173.4766811.1	92.000	75	6	0	5411	5485	2	76	9.69e-20	106
CFAV-Zik_Uganda_2016	SRA:SRX423173.18850061.1	96.774	62	2	0	6272	6333	1	62	3.49e-19	104
CFAV-Zik_Uganda_2016	SRA:SRX423173.18598378.1	95.385	65	3	0	1015	1079	66	2	3.49e-19	104
CFAV-Zik_Uganda_2016	SRA:SRX423173.21063884.1	90.789	76	7	0	2197	2272	1	76	1.25e-18	102
CFAV-Zik_Uganda_2016	SRA:SRX423173.17258649.1	98.276	58	1	0	1827	1884	58	1	1.25e-18	102
CFAV-Zik_Uganda_2016	SRA:SRX423173.14749507.1	90.541	74	7	0	2012	2085	74	1	1.62e-17	99.0
CFAV-Zik_Uganda_2016	SRA:SRX423173.20098222.1	91.429	70	6	0	4397	4466	1	70	5.83e-17	97.1
CFAV-Zik_Uganda_2016	SRA:SRX423173.19049175.1	98.182	55	1	0	5074	5128	70	16	5.83e-17	97.1
CFAV-Zik_Uganda_2016	SRA:SRX423173.15594346.1	95.082	61	3	0	6414	6474	76	16	5.83e-17	97.1
CFAV-Zik_Uganda_2016	SRA:SRX423173.1217682.1	95.000	60	3	0	1907	1966	3	62	2.10e-16	95.3
CFAV-Zik_Uganda_2016	SRA:SRX423173.16501942.1	96.078	51	2	0	5382	5432	11	61	4.54e-13	84.2
CFAV-Zik_Uganda_2016	SRA:SRX423173.1606802.1	97.778	45	1	0	4964	5008	45	1	2.11e-11	78.7
CFAV-Zik_Uganda_2016	SRA:SRX423173.19298075.1	84.211	76	12	0	4006	4081	76	1	7.60e-11	76.8
