CFAV-Bangkok_Thailand_2015	SRA:SRX423176.6146399.1	97.368	76	2	0	2196	2271	76	1	4.73e-27	130
CFAV-Bangkok_Thailand_2015	SRA:SRX423176.14319709.1	98.592	71	1	0	2201	2271	71	1	6.12e-26	126
CFAV-Bangkok_Thailand_2015	SRA:SRX423176.9751980.1	96.053	76	3	0	2109	2184	1	76	2.20e-25	124
CFAV-Bangkok_Thailand_2015	SRA:SRX423176.6601278.1	96.053	76	3	0	2109	2184	1	76	2.20e-25	124
CFAV-Bangkok_Thailand_2015	SRA:SRX423176.1713763.1	96.053	76	3	0	2196	2271	76	1	2.20e-25	124
CFAV-Bangkok_Thailand_2015	SRA:SRX423176.1102400.1	91.803	61	2	2	4552	4612	19	76	1.34e-12	82.4
NC_001564	SRA:SRX423176.6146399.1	97.368	76	2	0	2203	2278	76	1	4.74e-27	130
NC_001564	SRA:SRX423176.14319709.1	98.592	71	1	0	2208	2278	71	1	6.14e-26	126
NC_001564	SRA:SRX423176.1713763.1	96.053	76	3	0	2203	2278	76	1	2.21e-25	124
CFAV-Cairns_Australia_2014	SRA:SRX423176.6146399.1	97.368	76	2	0	2202	2277	76	1	4.74e-27	130
CFAV-Cairns_Australia_2014	SRA:SRX423176.14319709.1	98.592	71	1	0	2207	2277	71	1	6.14e-26	126
CFAV-Cairns_Australia_2014	SRA:SRX423176.9751980.1	96.053	76	3	0	2115	2190	1	76	2.21e-25	124
CFAV-Cairns_Australia_2014	SRA:SRX423176.6601278.1	96.053	76	3	0	2115	2190	1	76	2.21e-25	124
CFAV-Cairns_Australia_2014	SRA:SRX423176.1713763.1	96.053	76	3	0	2202	2277	76	1	2.21e-25	124
CFAV-Cairns_Australia_2014	SRA:SRX423176.1102400.1	91.803	61	2	2	4558	4618	19	76	1.35e-12	82.4
CFAV-Macapa2_Brazil_2017	SRA:SRX423176.6146399.1	93.421	76	5	0	2203	2278	76	1	4.78e-22	113
CFAV-Macapa2_Brazil_2017	SRA:SRX423176.14319709.1	95.652	69	3	0	2210	2278	69	1	1.72e-21	111
CFAV-Macapa2_Brazil_2017	SRA:SRX423176.9751980.1	93.333	75	5	0	2117	2191	2	76	1.72e-21	111
CFAV-Macapa2_Brazil_2017	SRA:SRX423176.6601278.1	93.333	75	5	0	2117	2191	2	76	1.72e-21	111
CFAV-Macapa2_Brazil_2017	SRA:SRX423176.1713763.1	92.105	76	6	0	2203	2278	76	1	2.22e-20	108
CFAV-Macapa2_Brazil_2017	SRA:SRX423176.1387319.1	90.667	75	7	0	2117	2191	2	76	3.72e-18	100
CFAV-Macapa2_Brazil_2017	SRA:SRX423176.1102400.1	97.959	49	1	0	4571	4619	28	76	1.04e-13	86.1
CFAV-KC_Cambodia_2015	SRA:SRX423176.6146399.1	94.737	76	4	0	2214	2289	76	1	1.03e-23	119
CFAV-KC_Cambodia_2015	SRA:SRX423176.14319709.1	95.775	71	3	0	2219	2289	71	1	1.33e-22	115
CFAV-KC_Cambodia_2015	SRA:SRX423176.9751980.1	93.421	76	5	0	2127	2202	1	76	4.78e-22	113
CFAV-KC_Cambodia_2015	SRA:SRX423176.6601278.1	93.421	76	5	0	2127	2202	1	76	4.78e-22	113
CFAV-KC_Cambodia_2015	SRA:SRX423176.1713763.1	93.421	76	5	0	2214	2289	76	1	4.78e-22	113
CFAV-KC_Cambodia_2015	SRA:SRX423176.1102400.1	88.525	61	4	2	4570	4630	19	76	2.92e-09	71.3
CFAV-Zik_Uganda_2016	SRA:SRX423176.9751980.1	97.297	74	2	0	2128	2201	2	75	6.14e-26	126
CFAV-Zik_Uganda_2016	SRA:SRX423176.6601278.1	97.297	74	2	0	2128	2201	2	75	6.14e-26	126
CFAV-Zik_Uganda_2016	SRA:SRX423176.6146399.1	94.737	76	4	0	2214	2289	76	1	1.03e-23	119
CFAV-Zik_Uganda_2016	SRA:SRX423176.14319709.1	95.775	71	3	0	2219	2289	71	1	1.33e-22	115
CFAV-Zik_Uganda_2016	SRA:SRX423176.1387319.1	94.595	74	4	0	2128	2201	2	75	1.33e-22	115
CFAV-Zik_Uganda_2016	SRA:SRX423176.1713763.1	93.421	76	5	0	2214	2289	76	1	4.78e-22	113
CFAV-Zik_Uganda_2016	SRA:SRX423176.1102400.1	93.443	61	1	2	4570	4630	19	76	2.90e-14	87.9
