CFAV-Bangkok_Thailand_2015	SRA:SRX4229312.36902608.1	100.000	76	0	0	3212	3287	1	76	9.75e-30	141
CFAV-Bangkok_Thailand_2015	SRA:SRX4229312.29430187.2	100.000	76	0	0	7651	7726	1	76	9.75e-30	141
CFAV-Bangkok_Thailand_2015	SRA:SRX4229312.29230797.2	100.000	76	0	0	3616	3691	1	76	9.75e-30	141
CFAV-Bangkok_Thailand_2015	SRA:SRX4229312.29230797.1	100.000	76	0	0	3640	3715	76	1	9.75e-30	141
CFAV-Bangkok_Thailand_2015	SRA:SRX4229312.10010411.1	100.000	76	0	0	3940	4015	1	76	9.75e-30	141
CFAV-Bangkok_Thailand_2015	SRA:SRX4229312.6441053.1	100.000	76	0	0	2824	2899	1	76	9.75e-30	141
CFAV-Bangkok_Thailand_2015	SRA:SRX4229312.36902608.2	98.684	76	1	0	3274	3349	76	1	4.54e-28	135
CFAV-Bangkok_Thailand_2015	SRA:SRX4229312.35671320.1	98.684	76	1	0	10332	10407	1	76	4.54e-28	135
CFAV-Bangkok_Thailand_2015	SRA:SRX4229312.30159634.2	98.684	76	1	0	3276	3351	1	76	4.54e-28	135
CFAV-Bangkok_Thailand_2015	SRA:SRX4229312.23161060.2	98.684	76	1	0	8658	8733	1	76	4.54e-28	135
CFAV-Bangkok_Thailand_2015	SRA:SRX4229312.22523165.2	98.684	76	1	0	3291	3366	1	76	4.54e-28	135
CFAV-Bangkok_Thailand_2015	SRA:SRX4229312.20105536.1	98.684	76	1	0	8658	8733	1	76	4.54e-28	135
CFAV-Bangkok_Thailand_2015	SRA:SRX4229312.14151927.2	98.684	76	1	0	8658	8733	1	76	4.54e-28	135
CFAV-Bangkok_Thailand_2015	SRA:SRX4229312.13360349.2	98.684	76	1	0	263	338	1	76	4.54e-28	135
CFAV-Bangkok_Thailand_2015	SRA:SRX4229312.11241085.2	98.684	76	1	0	10389	10464	1	76	4.54e-28	135
CFAV-Bangkok_Thailand_2015	SRA:SRX4229312.11241085.1	98.684	76	1	0	10459	10534	76	1	4.54e-28	135
CFAV-Bangkok_Thailand_2015	SRA:SRX4229312.10438605.2	98.684	76	1	0	812	887	76	1	4.54e-28	135
CFAV-Bangkok_Thailand_2015	SRA:SRX4229312.3461301.1	98.684	76	1	0	2745	2820	1	76	4.54e-28	135
CFAV-Bangkok_Thailand_2015	SRA:SRX4229312.1305998.2	98.684	76	1	0	263	338	1	76	4.54e-28	135
CFAV-Bangkok_Thailand_2015	SRA:SRX4229312.38795601.1	97.368	76	2	0	6845	6920	1	76	2.11e-26	130
CFAV-Bangkok_Thailand_2015	SRA:SRX4229312.36214933.2	97.368	76	2	0	9671	9746	76	1	2.11e-26	130
CFAV-Bangkok_Thailand_2015	SRA:SRX4229312.29885103.1	97.368	76	2	0	6003	6078	1	76	2.11e-26	130
CFAV-Bangkok_Thailand_2015	SRA:SRX4229312.26993634.2	97.368	76	2	0	5201	5276	1	76	2.11e-26	130
CFAV-Bangkok_Thailand_2015	SRA:SRX4229312.22245640.2	97.368	76	2	0	8596	8671	76	1	2.11e-26	130
CFAV-Bangkok_Thailand_2015	SRA:SRX4229312.13943429.2	97.368	76	2	0	6006	6081	1	76	2.11e-26	130
CFAV-Bangkok_Thailand_2015	SRA:SRX4229312.13360349.1	97.368	76	2	0	320	395	76	1	2.11e-26	130
CFAV-Bangkok_Thailand_2015	SRA:SRX4229312.1305998.1	97.368	76	2	0	320	395	76	1	2.11e-26	130
CFAV-Bangkok_Thailand_2015	SRA:SRX4229312.2980983.1	97.297	74	2	0	2320	2393	1	74	2.73e-25	126
CFAV-Bangkok_Thailand_2015	SRA:SRX4229312.39825122.2	96.053	76	3	0	1412	1487	76	1	9.82e-25	124
CFAV-Bangkok_Thailand_2015	SRA:SRX4229312.35671320.2	97.297	74	1	1	10380	10453	73	1	9.82e-25	124
CFAV-Bangkok_Thailand_2015	SRA:SRX4229312.26993634.1	96.053	76	3	0	5257	5332	76	1	9.82e-25	124
CFAV-Bangkok_Thailand_2015	SRA:SRX4229312.26714212.1	96.053	76	3	0	4952	5027	1	76	9.82e-25	124
CFAV-Bangkok_Thailand_2015	SRA:SRX4229312.20288503.2	97.260	73	2	0	9319	9391	76	4	9.82e-25	124
CFAV-Bangkok_Thailand_2015	SRA:SRX4229312.19676693.1	96.053	76	3	0	340	415	76	1	9.82e-25	124
CFAV-Bangkok_Thailand_2015	SRA:SRX4229312.19199091.2	96.053	76	3	0	9679	9754	1	76	9.82e-25	124
CFAV-Bangkok_Thailand_2015	SRA:SRX4229312.9190576.2	96.053	76	3	0	4968	5043	76	1	9.82e-25	124
CFAV-Bangkok_Thailand_2015	SRA:SRX4229312.5820175.2	96.053	76	3	0	7998	8073	1	76	9.82e-25	124
CFAV-Bangkok_Thailand_2015	SRA:SRX4229312.4442034.1	96.000	75	3	0	8391	8465	1	75	3.53e-24	122
CFAV-Bangkok_Thailand_2015	SRA:SRX4229312.24495183.2	95.890	73	3	0	9520	9592	3	75	4.57e-23	119
CFAV-Bangkok_Thailand_2015	SRA:SRX4229312.23161060.1	94.737	76	4	0	8716	8791	76	1	4.57e-23	119
CFAV-Bangkok_Thailand_2015	SRA:SRX4229312.22523165.1	94.737	76	4	0	3343	3418	76	1	4.57e-23	119
CFAV-Bangkok_Thailand_2015	SRA:SRX4229312.16576727.2	94.737	76	4	0	959	1034	76	1	4.57e-23	119
CFAV-Bangkok_Thailand_2015	SRA:SRX4229312.16576727.1	94.737	76	4	0	926	1001	1	76	4.57e-23	119
CFAV-Bangkok_Thailand_2015	SRA:SRX4229312.15063809.1	94.737	76	4	0	1865	1940	76	1	4.57e-23	119
CFAV-Bangkok_Thailand_2015	SRA:SRX4229312.14151927.1	94.737	76	4	0	8716	8791	76	1	4.57e-23	119
CFAV-Bangkok_Thailand_2015	SRA:SRX4229312.10010411.2	97.143	70	2	0	4084	4153	70	1	4.57e-23	119
CFAV-Bangkok_Thailand_2015	SRA:SRX4229312.6441053.2	94.737	76	4	0	2871	2946	76	1	4.57e-23	119
CFAV-Bangkok_Thailand_2015	SRA:SRX4229312.4442034.2	94.737	76	4	0	8419	8494	76	1	4.57e-23	119
CFAV-Bangkok_Thailand_2015	SRA:SRX4229312.3263709.2	94.737	76	4	0	7430	7505	76	1	4.57e-23	119
CFAV-Bangkok_Thailand_2015	SRA:SRX4229312.30159634.1	94.595	74	4	0	3343	3416	74	1	5.91e-22	115
CFAV-Bangkok_Thailand_2015	SRA:SRX4229312.29885103.2	94.595	74	4	0	6139	6212	76	3	5.91e-22	115
CFAV-Bangkok_Thailand_2015	SRA:SRX4229312.34712229.1	93.421	76	5	0	5307	5382	1	76	2.13e-21	113
CFAV-Bangkok_Thailand_2015	SRA:SRX4229312.19676693.2	93.421	76	5	0	204	279	1	76	2.13e-21	113
CFAV-Bangkok_Thailand_2015	SRA:SRX4229312.15697309.2	93.421	76	5	0	10182	10257	1	76	2.13e-21	113
CFAV-Bangkok_Thailand_2015	SRA:SRX4229312.3263709.1	93.421	76	5	0	7415	7490	1	76	2.13e-21	113
CFAV-Bangkok_Thailand_2015	SRA:SRX4229312.18528071.2	93.333	75	5	0	201	275	76	2	7.65e-21	111
CFAV-Bangkok_Thailand_2015	SRA:SRX4229312.18263084.1	92.105	76	6	0	9438	9513	1	76	9.89e-20	108
CFAV-Bangkok_Thailand_2015	SRA:SRX4229312.13943429.1	92.105	76	6	0	6176	6251	76	1	9.89e-20	108
CFAV-Bangkok_Thailand_2015	SRA:SRX4229312.5820175.1	92.105	76	6	0	8197	8272	76	1	9.89e-20	108
CFAV-Bangkok_Thailand_2015	SRA:SRX4229312.19850271.2	98.276	58	1	0	9119	9176	58	1	4.60e-18	102
CFAV-Bangkok_Thailand_2015	SRA:SRX4229312.19850271.1	96.610	59	2	0	9116	9174	17	75	5.95e-17	99.0
CFAV-Bangkok_Thailand_2015	SRA:SRX4229312.18528071.1	92.453	53	3	1	136	188	25	76	1.00e-09	75.0
CFAV-Bangkok_Thailand_2015	SRA:SRX4229312.10438605.1	100.000	36	0	0	793	828	41	76	1.68e-07	67.6
NC_001564	SRA:SRX4229312.36214933.2	100.000	76	0	0	9678	9753	76	1	9.77e-30	141
NC_001564	SRA:SRX4229312.35671320.1	100.000	76	0	0	10339	10414	1	76	9.77e-30	141
NC_001564	SRA:SRX4229312.29430187.2	100.000	76	0	0	7658	7733	1	76	9.77e-30	141
NC_001564	SRA:SRX4229312.29230797.2	100.000	76	0	0	3623	3698	1	76	9.77e-30	141
NC_001564	SRA:SRX4229312.29230797.1	100.000	76	0	0	3647	3722	76	1	9.77e-30	141
NC_001564	SRA:SRX4229312.23161060.1	100.000	76	0	0	8723	8798	76	1	9.77e-30	141
NC_001564	SRA:SRX4229312.22523165.2	100.000	76	0	0	3298	3373	1	76	9.77e-30	141
NC_001564	SRA:SRX4229312.20105536.2	100.000	76	0	0	8765	8840	76	1	9.77e-30	141
NC_001564	SRA:SRX4229312.14151927.1	100.000	76	0	0	8723	8798	76	1	9.77e-30	141
NC_001564	SRA:SRX4229312.13360349.2	100.000	76	0	0	270	345	1	76	9.77e-30	141
NC_001564	SRA:SRX4229312.10010411.1	100.000	76	0	0	3947	4022	1	76	9.77e-30	141
NC_001564	SRA:SRX4229312.1305998.2	100.000	76	0	0	270	345	1	76	9.77e-30	141
NC_001564	SRA:SRX4229312.39825122.1	98.684	76	1	0	1331	1406	1	76	4.55e-28	135
NC_001564	SRA:SRX4229312.38795601.1	98.684	76	1	0	6852	6927	1	76	4.55e-28	135
NC_001564	SRA:SRX4229312.36902608.2	98.684	76	1	0	3281	3356	76	1	4.55e-28	135
NC_001564	SRA:SRX4229312.36214933.1	98.684	76	1	0	9593	9668	1	76	4.55e-28	135
NC_001564	SRA:SRX4229312.30159634.2	98.684	76	1	0	3283	3358	1	76	4.55e-28	135
NC_001564	SRA:SRX4229312.30159634.1	98.684	76	1	0	3348	3423	76	1	4.55e-28	135
NC_001564	SRA:SRX4229312.29885103.1	98.684	76	1	0	6010	6085	1	76	4.55e-28	135
NC_001564	SRA:SRX4229312.26993634.2	98.684	76	1	0	5208	5283	1	76	4.55e-28	135
NC_001564	SRA:SRX4229312.26993634.1	98.684	76	1	0	5264	5339	76	1	4.55e-28	135
NC_001564	SRA:SRX4229312.24495183.1	98.684	76	1	0	9576	9651	76	1	4.55e-28	135
NC_001564	SRA:SRX4229312.23161060.2	98.684	76	1	0	8665	8740	1	76	4.55e-28	135
NC_001564	SRA:SRX4229312.22523165.1	98.684	76	1	0	3350	3425	76	1	4.55e-28	135
NC_001564	SRA:SRX4229312.22245640.2	98.684	76	1	0	8603	8678	76	1	4.55e-28	135
NC_001564	SRA:SRX4229312.20105536.1	98.684	76	1	0	8665	8740	1	76	4.55e-28	135
NC_001564	SRA:SRX4229312.19199091.2	98.684	76	1	0	9686	9761	1	76	4.55e-28	135
NC_001564	SRA:SRX4229312.14151927.2	98.684	76	1	0	8665	8740	1	76	4.55e-28	135
NC_001564	SRA:SRX4229312.13943429.2	98.684	76	1	0	6013	6088	1	76	4.55e-28	135
NC_001564	SRA:SRX4229312.11241085.2	98.684	76	1	0	10396	10471	1	76	4.55e-28	135
NC_001564	SRA:SRX4229312.6441053.1	98.684	76	1	0	2831	2906	1	76	4.55e-28	135
NC_001564	SRA:SRX4229312.3461301.1	100.000	73	0	0	2754	2826	3	75	4.55e-28	135
NC_001564	SRA:SRX4229312.5820175.2	98.667	75	1	0	8006	8080	2	76	1.64e-27	134
NC_001564	SRA:SRX4229312.24495183.2	98.649	74	1	0	9527	9600	3	76	5.88e-27	132
NC_001564	SRA:SRX4229312.9280884.2	98.649	74	1	0	4914	4987	1	74	5.88e-27	132
NC_001564	SRA:SRX4229312.39825122.2	97.368	76	2	0	1419	1494	76	1	2.12e-26	130
NC_001564	SRA:SRX4229312.35671320.2	97.403	77	1	1	10384	10460	76	1	2.12e-26	130
NC_001564	SRA:SRX4229312.26714212.2	97.368	76	2	0	5070	5145	76	1	2.12e-26	130
NC_001564	SRA:SRX4229312.20288503.1	97.368	76	2	0	9248	9323	1	76	2.12e-26	130
NC_001564	SRA:SRX4229312.18263084.2	97.403	77	1	1	9617	9693	76	1	2.12e-26	130
NC_001564	SRA:SRX4229312.16576727.1	97.368	76	2	0	933	1008	1	76	2.12e-26	130
NC_001564	SRA:SRX4229312.15697309.2	97.368	76	2	0	10189	10264	1	76	2.12e-26	130
NC_001564	SRA:SRX4229312.15063809.2	97.368	76	2	0	1791	1866	1	76	2.12e-26	130
NC_001564	SRA:SRX4229312.13360349.1	97.368	76	2	0	327	402	76	1	2.12e-26	130
NC_001564	SRA:SRX4229312.10438605.2	97.368	76	2	0	819	894	76	1	2.12e-26	130
NC_001564	SRA:SRX4229312.10010411.2	97.368	76	2	0	4085	4160	76	1	2.12e-26	130
NC_001564	SRA:SRX4229312.9280884.1	97.368	76	2	0	5176	5251	76	1	2.12e-26	130
NC_001564	SRA:SRX4229312.6441053.2	97.368	76	2	0	2878	2953	76	1	2.12e-26	130
NC_001564	SRA:SRX4229312.4442034.1	97.368	76	2	0	8398	8473	1	76	2.12e-26	130
NC_001564	SRA:SRX4229312.2980983.1	97.368	76	2	0	2327	2402	1	76	2.12e-26	130
NC_001564	SRA:SRX4229312.1305998.1	97.368	76	2	0	327	402	76	1	2.12e-26	130
NC_001564	SRA:SRX4229312.36902608.1	97.297	74	2	0	3219	3292	1	74	2.74e-25	126
NC_001564	SRA:SRX4229312.13943429.1	97.297	74	2	0	6185	6258	74	1	2.74e-25	126
NC_001564	SRA:SRX4229312.34712229.1	96.053	76	3	0	5314	5389	1	76	9.84e-25	124
NC_001564	SRA:SRX4229312.26714212.1	96.053	76	3	0	4959	5034	1	76	9.84e-25	124
NC_001564	SRA:SRX4229312.20288503.2	97.260	73	2	0	9326	9398	76	4	9.84e-25	124
NC_001564	SRA:SRX4229312.16576727.2	96.053	76	3	0	966	1041	76	1	9.84e-25	124
NC_001564	SRA:SRX4229312.11241085.1	96.053	76	3	0	10466	10541	76	1	9.84e-25	124
NC_001564	SRA:SRX4229312.4442034.2	96.053	76	3	0	8426	8501	76	1	9.84e-25	124
NC_001564	SRA:SRX4229312.3263709.2	96.053	76	3	0	7437	7512	76	1	9.84e-25	124
NC_001564	SRA:SRX4229312.2980983.2	96.053	76	3	0	2399	2474	76	1	9.84e-25	124
NC_001564	SRA:SRX4229312.9190576.1	95.946	74	3	0	4955	5028	2	75	1.27e-23	121
NC_001564	SRA:SRX4229312.38795601.2	94.805	77	3	1	6966	7042	76	1	4.58e-23	119
NC_001564	SRA:SRX4229312.22245640.1	94.805	77	3	1	8521	8597	1	76	4.58e-23	119
NC_001564	SRA:SRX4229312.19199091.1	94.737	76	4	0	9847	9922	76	1	4.58e-23	119
NC_001564	SRA:SRX4229312.9190576.2	94.737	76	4	0	4975	5050	76	1	4.58e-23	119
NC_001564	SRA:SRX4229312.3263709.1	94.737	76	4	0	7422	7497	1	76	4.58e-23	119
NC_001564	SRA:SRX4229312.18263084.1	93.333	75	5	0	9446	9520	2	76	7.66e-21	111
NC_001564	SRA:SRX4229312.5820175.1	92.105	76	6	0	8204	8279	76	1	9.91e-20	108
NC_001564	SRA:SRX4229312.19850271.2	98.276	58	1	0	9126	9183	58	1	4.61e-18	102
NC_001564	SRA:SRX4229312.19850271.1	96.610	59	2	0	9123	9181	17	75	5.97e-17	99.0
NC_001564	SRA:SRX4229312.18528071.1	92.308	52	4	0	144	195	25	76	1.01e-09	75.0
NC_001564	SRA:SRX4229312.18528071.1	100.000	33	0	0	87	119	1	33	7.83e-06	62.1
NC_001564	SRA:SRX4229312.10438605.1	100.000	36	0	0	800	835	41	76	1.68e-07	67.6
CFAV-Cairns_Australia_2014	SRA:SRX4229312.35671320.1	100.000	76	0	0	10338	10413	1	76	9.77e-30	141
CFAV-Cairns_Australia_2014	SRA:SRX4229312.29430187.2	100.000	76	0	0	7657	7732	1	76	9.77e-30	141
CFAV-Cairns_Australia_2014	SRA:SRX4229312.29230797.2	100.000	76	0	0	3622	3697	1	76	9.77e-30	141
CFAV-Cairns_Australia_2014	SRA:SRX4229312.29230797.1	100.000	76	0	0	3646	3721	76	1	9.77e-30	141
CFAV-Cairns_Australia_2014	SRA:SRX4229312.24495183.1	100.000	76	0	0	9575	9650	76	1	9.77e-30	141
CFAV-Cairns_Australia_2014	SRA:SRX4229312.20105536.2	100.000	76	0	0	8764	8839	76	1	9.77e-30	141
CFAV-Cairns_Australia_2014	SRA:SRX4229312.15063809.2	100.000	76	0	0	1790	1865	1	76	9.77e-30	141
CFAV-Cairns_Australia_2014	SRA:SRX4229312.11241085.2	100.000	76	0	0	10395	10470	1	76	9.77e-30	141
CFAV-Cairns_Australia_2014	SRA:SRX4229312.6441053.1	100.000	76	0	0	2830	2905	1	76	9.77e-30	141
CFAV-Cairns_Australia_2014	SRA:SRX4229312.36214933.1	100.000	74	0	0	9592	9665	1	74	1.26e-28	137
CFAV-Cairns_Australia_2014	SRA:SRX4229312.39825122.1	98.684	76	1	0	1330	1405	1	76	4.55e-28	135
CFAV-Cairns_Australia_2014	SRA:SRX4229312.36902608.1	98.684	76	1	0	3218	3293	1	76	4.55e-28	135
CFAV-Cairns_Australia_2014	SRA:SRX4229312.36214933.2	98.684	76	1	0	9677	9752	76	1	4.55e-28	135
CFAV-Cairns_Australia_2014	SRA:SRX4229312.35671320.2	98.701	77	0	1	10383	10459	76	1	4.55e-28	135
CFAV-Cairns_Australia_2014	SRA:SRX4229312.34712229.2	98.684	76	1	0	5422	5497	76	1	4.55e-28	135
CFAV-Cairns_Australia_2014	SRA:SRX4229312.30159634.1	98.684	76	1	0	3347	3422	76	1	4.55e-28	135
CFAV-Cairns_Australia_2014	SRA:SRX4229312.29885103.2	98.684	76	1	0	6145	6220	76	1	4.55e-28	135
CFAV-Cairns_Australia_2014	SRA:SRX4229312.26993634.2	98.684	76	1	0	5207	5282	1	76	4.55e-28	135
CFAV-Cairns_Australia_2014	SRA:SRX4229312.26993634.1	98.684	76	1	0	5263	5338	76	1	4.55e-28	135
CFAV-Cairns_Australia_2014	SRA:SRX4229312.22523165.2	98.684	76	1	0	3297	3372	1	76	4.55e-28	135
CFAV-Cairns_Australia_2014	SRA:SRX4229312.22523165.1	98.684	76	1	0	3349	3424	76	1	4.55e-28	135
CFAV-Cairns_Australia_2014	SRA:SRX4229312.19199091.2	98.684	76	1	0	9685	9760	1	76	4.55e-28	135
CFAV-Cairns_Australia_2014	SRA:SRX4229312.15697309.2	98.684	76	1	0	10188	10263	1	76	4.55e-28	135
CFAV-Cairns_Australia_2014	SRA:SRX4229312.11241085.1	98.684	76	1	0	10465	10540	76	1	4.55e-28	135
CFAV-Cairns_Australia_2014	SRA:SRX4229312.10438605.2	98.684	76	1	0	818	893	76	1	4.55e-28	135
CFAV-Cairns_Australia_2014	SRA:SRX4229312.10010411.1	98.684	76	1	0	3946	4021	1	76	4.55e-28	135
CFAV-Cairns_Australia_2014	SRA:SRX4229312.6441053.2	98.684	76	1	0	2877	2952	76	1	4.55e-28	135
CFAV-Cairns_Australia_2014	SRA:SRX4229312.5820175.2	98.684	76	1	0	8004	8079	1	76	4.55e-28	135
CFAV-Cairns_Australia_2014	SRA:SRX4229312.4442034.1	98.684	76	1	0	8397	8472	1	76	4.55e-28	135
CFAV-Cairns_Australia_2014	SRA:SRX4229312.2980983.1	98.684	76	1	0	2326	2401	1	76	4.55e-28	135
CFAV-Cairns_Australia_2014	SRA:SRX4229312.15697309.1	98.667	75	1	0	10227	10301	76	2	1.64e-27	134
CFAV-Cairns_Australia_2014	SRA:SRX4229312.13360349.1	98.649	74	1	0	328	401	74	1	5.88e-27	132
CFAV-Cairns_Australia_2014	SRA:SRX4229312.1305998.1	98.649	74	1	0	328	401	74	1	5.88e-27	132
CFAV-Cairns_Australia_2014	SRA:SRX4229312.38795601.2	97.403	77	1	1	6965	7041	76	1	2.12e-26	130
CFAV-Cairns_Australia_2014	SRA:SRX4229312.38795601.1	97.368	76	2	0	6851	6926	1	76	2.12e-26	130
CFAV-Cairns_Australia_2014	SRA:SRX4229312.36902608.2	97.368	76	2	0	3280	3355	76	1	2.12e-26	130
CFAV-Cairns_Australia_2014	SRA:SRX4229312.34712229.1	97.368	76	2	0	5313	5388	1	76	2.12e-26	130
CFAV-Cairns_Australia_2014	SRA:SRX4229312.30159634.2	97.368	76	2	0	3282	3357	1	76	2.12e-26	130
CFAV-Cairns_Australia_2014	SRA:SRX4229312.26714212.1	97.368	76	2	0	4958	5033	1	76	2.12e-26	130
CFAV-Cairns_Australia_2014	SRA:SRX4229312.23161060.1	98.630	73	1	0	8725	8797	73	1	2.12e-26	130
CFAV-Cairns_Australia_2014	SRA:SRX4229312.20288503.2	98.630	73	1	0	9325	9397	76	4	2.12e-26	130
CFAV-Cairns_Australia_2014	SRA:SRX4229312.19676693.2	97.368	76	2	0	210	285	1	76	2.12e-26	130
CFAV-Cairns_Australia_2014	SRA:SRX4229312.19676693.1	97.368	76	2	0	346	421	76	1	2.12e-26	130
CFAV-Cairns_Australia_2014	SRA:SRX4229312.16576727.1	97.368	76	2	0	932	1007	1	76	2.12e-26	130
CFAV-Cairns_Australia_2014	SRA:SRX4229312.15063809.1	97.368	76	2	0	1871	1946	76	1	2.12e-26	130
CFAV-Cairns_Australia_2014	SRA:SRX4229312.14151927.1	98.630	73	1	0	8725	8797	73	1	2.12e-26	130
CFAV-Cairns_Australia_2014	SRA:SRX4229312.13943429.1	97.368	76	2	0	6182	6257	76	1	2.12e-26	130
CFAV-Cairns_Australia_2014	SRA:SRX4229312.13360349.2	97.368	76	2	0	269	344	1	76	2.12e-26	130
CFAV-Cairns_Australia_2014	SRA:SRX4229312.9190576.2	97.368	76	2	0	4974	5049	76	1	2.12e-26	130
CFAV-Cairns_Australia_2014	SRA:SRX4229312.4442034.2	97.368	76	2	0	8425	8500	76	1	2.12e-26	130
CFAV-Cairns_Australia_2014	SRA:SRX4229312.3263709.2	97.368	76	2	0	7436	7511	76	1	2.12e-26	130
CFAV-Cairns_Australia_2014	SRA:SRX4229312.1305998.2	97.368	76	2	0	269	344	1	76	2.12e-26	130
CFAV-Cairns_Australia_2014	SRA:SRX4229312.18528071.2	97.333	75	2	0	207	281	76	2	7.61e-26	128
CFAV-Cairns_Australia_2014	SRA:SRX4229312.3461301.1	97.333	75	2	0	2751	2825	1	75	7.61e-26	128
CFAV-Cairns_Australia_2014	SRA:SRX4229312.24495183.2	97.297	74	2	0	9526	9599	3	76	2.74e-25	126
CFAV-Cairns_Australia_2014	SRA:SRX4229312.29885103.1	96.053	76	3	0	6009	6084	1	76	9.84e-25	124
CFAV-Cairns_Australia_2014	SRA:SRX4229312.23161060.2	96.053	76	3	0	8664	8739	1	76	9.84e-25	124
CFAV-Cairns_Australia_2014	SRA:SRX4229312.20105536.1	96.053	76	3	0	8664	8739	1	76	9.84e-25	124
CFAV-Cairns_Australia_2014	SRA:SRX4229312.19199091.1	96.053	76	3	0	9846	9921	76	1	9.84e-25	124
CFAV-Cairns_Australia_2014	SRA:SRX4229312.16576727.2	96.053	76	3	0	965	1040	76	1	9.84e-25	124
CFAV-Cairns_Australia_2014	SRA:SRX4229312.14151927.2	96.053	76	3	0	8664	8739	1	76	9.84e-25	124
CFAV-Cairns_Australia_2014	SRA:SRX4229312.13943429.2	96.053	76	3	0	6012	6087	1	76	9.84e-25	124
CFAV-Cairns_Australia_2014	SRA:SRX4229312.10010411.2	96.053	76	3	0	4084	4159	76	1	9.84e-25	124
CFAV-Cairns_Australia_2014	SRA:SRX4229312.3263709.1	96.053	76	3	0	7421	7496	1	76	9.84e-25	124
CFAV-Cairns_Australia_2014	SRA:SRX4229312.22245640.2	95.946	74	3	0	8604	8677	74	1	1.27e-23	121
CFAV-Cairns_Australia_2014	SRA:SRX4229312.39825122.2	94.737	76	4	0	1418	1493	76	1	4.58e-23	119
CFAV-Cairns_Australia_2014	SRA:SRX4229312.20288503.1	94.737	76	4	0	9247	9322	1	76	4.58e-23	119
CFAV-Cairns_Australia_2014	SRA:SRX4229312.18263084.2	94.805	77	3	1	9616	9692	76	1	4.58e-23	119
CFAV-Cairns_Australia_2014	SRA:SRX4229312.9280884.1	94.737	76	4	0	5175	5250	76	1	4.58e-23	119
CFAV-Cairns_Australia_2014	SRA:SRX4229312.18263084.1	93.421	76	5	0	9444	9519	1	76	2.13e-21	113
CFAV-Cairns_Australia_2014	SRA:SRX4229312.19850271.2	98.276	58	1	0	9125	9182	58	1	4.61e-18	102
CFAV-Cairns_Australia_2014	SRA:SRX4229312.19850271.1	96.610	59	2	0	9122	9180	17	75	5.97e-17	99.0
CFAV-Cairns_Australia_2014	SRA:SRX4229312.18528071.1	92.593	54	3	1	141	194	24	76	2.80e-10	76.8
CFAV-Cairns_Australia_2014	SRA:SRX4229312.18528071.1	100.000	33	0	0	86	118	1	33	7.83e-06	62.1
CFAV-Macapa2_Brazil_2017	SRA:SRX4229312.36902608.2	100.000	76	0	0	3281	3356	76	1	9.77e-30	141
CFAV-Macapa2_Brazil_2017	SRA:SRX4229312.35671320.1	100.000	76	0	0	10339	10414	1	76	9.77e-30	141
CFAV-Macapa2_Brazil_2017	SRA:SRX4229312.30159634.2	100.000	76	0	0	3283	3358	1	76	9.77e-30	141
CFAV-Macapa2_Brazil_2017	SRA:SRX4229312.22523165.2	100.000	76	0	0	3298	3373	1	76	9.77e-30	141
CFAV-Macapa2_Brazil_2017	SRA:SRX4229312.38795601.1	98.684	76	1	0	6852	6927	1	76	4.55e-28	135
CFAV-Macapa2_Brazil_2017	SRA:SRX4229312.34712229.2	98.684	76	1	0	5423	5498	76	1	4.55e-28	135
CFAV-Macapa2_Brazil_2017	SRA:SRX4229312.29430187.2	98.684	76	1	0	7658	7733	1	76	4.55e-28	135
CFAV-Macapa2_Brazil_2017	SRA:SRX4229312.20288503.2	100.000	73	0	0	9326	9398	76	4	4.55e-28	135
CFAV-Macapa2_Brazil_2017	SRA:SRX4229312.11241085.2	98.684	76	1	0	10396	10471	1	76	4.55e-28	135
CFAV-Macapa2_Brazil_2017	SRA:SRX4229312.11241085.1	98.684	76	1	0	10466	10541	76	1	4.55e-28	135
CFAV-Macapa2_Brazil_2017	SRA:SRX4229312.10010411.1	98.684	76	1	0	3947	4022	1	76	4.55e-28	135
CFAV-Macapa2_Brazil_2017	SRA:SRX4229312.6441053.1	98.684	76	1	0	2831	2906	1	76	4.55e-28	135
CFAV-Macapa2_Brazil_2017	SRA:SRX4229312.35671320.2	97.403	77	1	1	10384	10460	76	1	2.12e-26	130
CFAV-Macapa2_Brazil_2017	SRA:SRX4229312.26993634.2	97.368	76	2	0	5208	5283	1	76	2.12e-26	130
CFAV-Macapa2_Brazil_2017	SRA:SRX4229312.24495183.1	97.368	76	2	0	9576	9651	76	1	2.12e-26	130
CFAV-Macapa2_Brazil_2017	SRA:SRX4229312.16576727.1	97.368	76	2	0	933	1008	1	76	2.12e-26	130
CFAV-Macapa2_Brazil_2017	SRA:SRX4229312.13943429.1	97.368	76	2	0	6183	6258	76	1	2.12e-26	130
CFAV-Macapa2_Brazil_2017	SRA:SRX4229312.13360349.2	98.630	73	1	0	270	342	1	73	2.12e-26	130
CFAV-Macapa2_Brazil_2017	SRA:SRX4229312.1305998.2	98.630	73	1	0	270	342	1	73	2.12e-26	130
CFAV-Macapa2_Brazil_2017	SRA:SRX4229312.29885103.2	97.297	74	2	0	6146	6219	76	3	2.74e-25	126
CFAV-Macapa2_Brazil_2017	SRA:SRX4229312.39825122.1	96.053	76	3	0	1331	1406	1	76	9.84e-25	124
CFAV-Macapa2_Brazil_2017	SRA:SRX4229312.36902608.1	96.053	76	3	0	3219	3294	1	76	9.84e-25	124
CFAV-Macapa2_Brazil_2017	SRA:SRX4229312.36214933.2	96.053	76	3	0	9678	9753	76	1	9.84e-25	124
CFAV-Macapa2_Brazil_2017	SRA:SRX4229312.36214933.1	96.053	76	3	0	9593	9668	1	76	9.84e-25	124
CFAV-Macapa2_Brazil_2017	SRA:SRX4229312.29230797.1	96.053	76	3	0	3647	3722	76	1	9.84e-25	124
CFAV-Macapa2_Brazil_2017	SRA:SRX4229312.26993634.1	96.053	76	3	0	5264	5339	76	1	9.84e-25	124
CFAV-Macapa2_Brazil_2017	SRA:SRX4229312.23161060.1	96.053	76	3	0	8723	8798	76	1	9.84e-25	124
CFAV-Macapa2_Brazil_2017	SRA:SRX4229312.19199091.2	96.053	76	3	0	9686	9761	1	76	9.84e-25	124
CFAV-Macapa2_Brazil_2017	SRA:SRX4229312.16576727.2	96.053	76	3	0	966	1041	76	1	9.84e-25	124
CFAV-Macapa2_Brazil_2017	SRA:SRX4229312.14151927.1	96.053	76	3	0	8723	8798	76	1	9.84e-25	124
CFAV-Macapa2_Brazil_2017	SRA:SRX4229312.4442034.2	96.053	76	3	0	8426	8501	76	1	9.84e-25	124
CFAV-Macapa2_Brazil_2017	SRA:SRX4229312.4442034.1	96.053	76	3	0	8398	8473	1	76	9.84e-25	124
CFAV-Macapa2_Brazil_2017	SRA:SRX4229312.2980983.1	96.053	76	3	0	2327	2402	1	76	9.84e-25	124
CFAV-Macapa2_Brazil_2017	SRA:SRX4229312.23161060.2	96.000	75	3	0	8666	8740	2	76	3.54e-24	122
CFAV-Macapa2_Brazil_2017	SRA:SRX4229312.20105536.1	96.000	75	3	0	8666	8740	2	76	3.54e-24	122
CFAV-Macapa2_Brazil_2017	SRA:SRX4229312.14151927.2	96.000	75	3	0	8666	8740	2	76	3.54e-24	122
CFAV-Macapa2_Brazil_2017	SRA:SRX4229312.3461301.1	96.000	75	3	0	2752	2826	1	75	3.54e-24	122
CFAV-Macapa2_Brazil_2017	SRA:SRX4229312.39825122.2	94.737	76	4	0	1419	1494	76	1	4.58e-23	119
CFAV-Macapa2_Brazil_2017	SRA:SRX4229312.30159634.1	94.737	76	4	0	3348	3423	76	1	4.58e-23	119
CFAV-Macapa2_Brazil_2017	SRA:SRX4229312.22523165.1	94.737	76	4	0	3350	3425	76	1	4.58e-23	119
CFAV-Macapa2_Brazil_2017	SRA:SRX4229312.6441053.2	94.737	76	4	0	2878	2953	76	1	4.58e-23	119
CFAV-Macapa2_Brazil_2017	SRA:SRX4229312.15697309.1	94.667	75	4	0	10228	10302	76	2	1.65e-22	117
CFAV-Macapa2_Brazil_2017	SRA:SRX4229312.24495183.2	94.595	74	4	0	9527	9600	3	76	5.92e-22	115
CFAV-Macapa2_Brazil_2017	SRA:SRX4229312.3263709.1	94.595	74	4	0	7424	7497	3	76	5.92e-22	115
CFAV-Macapa2_Brazil_2017	SRA:SRX4229312.34712229.1	93.421	76	5	0	5314	5389	1	76	2.13e-21	113
CFAV-Macapa2_Brazil_2017	SRA:SRX4229312.29885103.1	93.421	76	5	0	6010	6085	1	76	2.13e-21	113
CFAV-Macapa2_Brazil_2017	SRA:SRX4229312.26714212.2	93.421	76	5	0	5070	5145	76	1	2.13e-21	113
CFAV-Macapa2_Brazil_2017	SRA:SRX4229312.19199091.1	93.421	76	5	0	9847	9922	76	1	2.13e-21	113
CFAV-Macapa2_Brazil_2017	SRA:SRX4229312.18263084.2	94.595	74	3	1	9620	9693	73	1	2.13e-21	113
CFAV-Macapa2_Brazil_2017	SRA:SRX4229312.15697309.2	93.421	76	5	0	10189	10264	1	76	2.13e-21	113
CFAV-Macapa2_Brazil_2017	SRA:SRX4229312.15063809.1	93.421	76	5	0	1872	1947	76	1	2.13e-21	113
CFAV-Macapa2_Brazil_2017	SRA:SRX4229312.13360349.1	93.421	76	5	0	327	402	76	1	2.13e-21	113
CFAV-Macapa2_Brazil_2017	SRA:SRX4229312.10438605.2	93.421	76	5	0	819	894	76	1	2.13e-21	113
CFAV-Macapa2_Brazil_2017	SRA:SRX4229312.1305998.1	93.421	76	5	0	327	402	76	1	2.13e-21	113
CFAV-Macapa2_Brazil_2017	SRA:SRX4229312.13943429.2	93.151	73	5	0	6013	6085	1	73	9.91e-20	108
CFAV-Macapa2_Brazil_2017	SRA:SRX4229312.10010411.2	94.286	70	4	0	4091	4160	70	1	9.91e-20	108
CFAV-Macapa2_Brazil_2017	SRA:SRX4229312.19850271.2	96.552	58	2	0	9126	9183	58	1	2.15e-16	97.1
CFAV-Macapa2_Brazil_2017	SRA:SRX4229312.19850271.1	94.915	59	3	0	9123	9181	17	75	2.78e-15	93.5
CFAV-Macapa2_Brazil_2017	SRA:SRX4229312.10438605.1	100.000	36	0	0	800	835	41	76	1.68e-07	67.6
CFAV-KC_Cambodia_2015	SRA:SRX4229312.11241085.2	100.000	76	0	0	10407	10482	1	76	9.79e-30	141
CFAV-KC_Cambodia_2015	SRA:SRX4229312.3461301.1	100.000	75	0	0	2763	2837	1	75	3.52e-29	139
CFAV-KC_Cambodia_2015	SRA:SRX4229312.36902608.1	100.000	74	0	0	3232	3305	3	76	1.27e-28	137
CFAV-KC_Cambodia_2015	SRA:SRX4229312.39825122.1	98.684	76	1	0	1342	1417	1	76	4.55e-28	135
CFAV-KC_Cambodia_2015	SRA:SRX4229312.35671320.1	98.684	76	1	0	10350	10425	1	76	4.55e-28	135
CFAV-KC_Cambodia_2015	SRA:SRX4229312.34712229.2	98.684	76	1	0	5434	5509	76	1	4.55e-28	135
CFAV-KC_Cambodia_2015	SRA:SRX4229312.29430187.2	98.684	76	1	0	7669	7744	1	76	4.55e-28	135
CFAV-KC_Cambodia_2015	SRA:SRX4229312.29230797.1	98.684	76	1	0	3658	3733	76	1	4.55e-28	135
CFAV-KC_Cambodia_2015	SRA:SRX4229312.23161060.2	98.684	76	1	0	8676	8751	1	76	4.55e-28	135
CFAV-KC_Cambodia_2015	SRA:SRX4229312.20105536.1	98.684	76	1	0	8676	8751	1	76	4.55e-28	135
CFAV-KC_Cambodia_2015	SRA:SRX4229312.14151927.2	98.684	76	1	0	8676	8751	1	76	4.55e-28	135
CFAV-KC_Cambodia_2015	SRA:SRX4229312.13360349.2	98.684	76	1	0	281	356	1	76	4.55e-28	135
CFAV-KC_Cambodia_2015	SRA:SRX4229312.11241085.1	98.684	76	1	0	10477	10552	76	1	4.55e-28	135
CFAV-KC_Cambodia_2015	SRA:SRX4229312.1305998.2	98.684	76	1	0	281	356	1	76	4.55e-28	135
CFAV-KC_Cambodia_2015	SRA:SRX4229312.36902608.2	98.649	74	1	0	3292	3365	76	3	5.89e-27	132
CFAV-KC_Cambodia_2015	SRA:SRX4229312.38795601.1	97.368	76	2	0	6863	6938	1	76	2.12e-26	130
CFAV-KC_Cambodia_2015	SRA:SRX4229312.36214933.1	97.368	76	2	0	9604	9679	1	76	2.12e-26	130
CFAV-KC_Cambodia_2015	SRA:SRX4229312.35671320.2	98.649	74	0	1	10398	10471	73	1	2.12e-26	130
CFAV-KC_Cambodia_2015	SRA:SRX4229312.30159634.2	97.368	76	2	0	3294	3369	1	76	2.12e-26	130
CFAV-KC_Cambodia_2015	SRA:SRX4229312.24495183.1	97.368	76	2	0	9587	9662	76	1	2.12e-26	130
CFAV-KC_Cambodia_2015	SRA:SRX4229312.23161060.1	97.368	76	2	0	8734	8809	76	1	2.12e-26	130
CFAV-KC_Cambodia_2015	SRA:SRX4229312.22523165.2	97.368	76	2	0	3309	3384	1	76	2.12e-26	130
CFAV-KC_Cambodia_2015	SRA:SRX4229312.16576727.1	97.368	76	2	0	944	1019	1	76	2.12e-26	130
CFAV-KC_Cambodia_2015	SRA:SRX4229312.14151927.1	97.368	76	2	0	8734	8809	76	1	2.12e-26	130
CFAV-KC_Cambodia_2015	SRA:SRX4229312.13943429.1	97.368	76	2	0	6194	6269	76	1	2.12e-26	130
CFAV-KC_Cambodia_2015	SRA:SRX4229312.10438605.2	97.368	76	2	0	830	905	76	1	2.12e-26	130
CFAV-KC_Cambodia_2015	SRA:SRX4229312.10010411.1	97.368	76	2	0	3958	4033	1	76	2.12e-26	130
CFAV-KC_Cambodia_2015	SRA:SRX4229312.6441053.1	97.368	76	2	0	2842	2917	1	76	2.12e-26	130
CFAV-KC_Cambodia_2015	SRA:SRX4229312.4442034.2	97.368	76	2	0	8437	8512	76	1	2.12e-26	130
CFAV-KC_Cambodia_2015	SRA:SRX4229312.38795601.2	96.104	77	2	1	6977	7053	76	1	9.86e-25	124
CFAV-KC_Cambodia_2015	SRA:SRX4229312.29885103.1	96.053	76	3	0	6021	6096	1	76	9.86e-25	124
CFAV-KC_Cambodia_2015	SRA:SRX4229312.29230797.2	96.053	76	3	0	3634	3709	1	76	9.86e-25	124
CFAV-KC_Cambodia_2015	SRA:SRX4229312.13360349.1	96.053	76	3	0	338	413	76	1	9.86e-25	124
CFAV-KC_Cambodia_2015	SRA:SRX4229312.4442034.1	96.053	76	3	0	8409	8484	1	76	9.86e-25	124
CFAV-KC_Cambodia_2015	SRA:SRX4229312.2980983.1	96.053	76	3	0	2338	2413	1	76	9.86e-25	124
CFAV-KC_Cambodia_2015	SRA:SRX4229312.1305998.1	96.053	76	3	0	338	413	76	1	9.86e-25	124
CFAV-KC_Cambodia_2015	SRA:SRX4229312.13943429.2	96.000	75	3	0	6024	6098	1	75	3.54e-24	122
CFAV-KC_Cambodia_2015	SRA:SRX4229312.10010411.2	97.222	72	2	0	4096	4167	76	5	3.54e-24	122
CFAV-KC_Cambodia_2015	SRA:SRX4229312.29885103.2	94.737	76	4	0	6157	6232	76	1	4.59e-23	119
CFAV-KC_Cambodia_2015	SRA:SRX4229312.26993634.1	94.737	76	4	0	5275	5350	76	1	4.59e-23	119
CFAV-KC_Cambodia_2015	SRA:SRX4229312.26714212.1	94.737	76	4	0	4970	5045	1	76	4.59e-23	119
CFAV-KC_Cambodia_2015	SRA:SRX4229312.20105536.2	95.890	73	3	0	8779	8851	73	1	4.59e-23	119
CFAV-KC_Cambodia_2015	SRA:SRX4229312.19199091.1	94.737	76	4	0	9858	9933	76	1	4.59e-23	119
CFAV-KC_Cambodia_2015	SRA:SRX4229312.15697309.2	95.946	74	2	1	10200	10273	1	73	4.59e-23	119
CFAV-KC_Cambodia_2015	SRA:SRX4229312.15063809.2	94.737	76	4	0	1802	1877	1	76	4.59e-23	119
CFAV-KC_Cambodia_2015	SRA:SRX4229312.15697309.1	94.667	75	4	0	10239	10313	76	2	1.65e-22	117
CFAV-KC_Cambodia_2015	SRA:SRX4229312.9190576.2	94.595	74	4	0	4986	5059	76	3	5.93e-22	115
CFAV-KC_Cambodia_2015	SRA:SRX4229312.39825122.2	93.421	76	5	0	1430	1505	76	1	2.13e-21	113
CFAV-KC_Cambodia_2015	SRA:SRX4229312.30159634.1	93.421	76	5	0	3359	3434	76	1	2.13e-21	113
CFAV-KC_Cambodia_2015	SRA:SRX4229312.26714212.2	93.421	76	5	0	5081	5156	76	1	2.13e-21	113
CFAV-KC_Cambodia_2015	SRA:SRX4229312.22523165.1	93.421	76	5	0	3361	3436	76	1	2.13e-21	113
CFAV-KC_Cambodia_2015	SRA:SRX4229312.18528071.1	92.593	54	3	1	153	206	24	76	2.80e-10	76.8
CFAV-KC_Cambodia_2015	SRA:SRX4229312.18528071.1	100.000	33	0	0	98	130	1	33	7.84e-06	62.1
CFAV-Zik_Uganda_2016	SRA:SRX4229312.29430187.2	100.000	76	0	0	7669	7744	1	76	9.79e-30	141
CFAV-Zik_Uganda_2016	SRA:SRX4229312.11241085.2	100.000	76	0	0	10407	10482	1	76	9.79e-30	141
CFAV-Zik_Uganda_2016	SRA:SRX4229312.10010411.1	100.000	76	0	0	3958	4033	1	76	9.79e-30	141
CFAV-Zik_Uganda_2016	SRA:SRX4229312.36902608.2	98.684	76	1	0	3292	3367	76	1	4.55e-28	135
CFAV-Zik_Uganda_2016	SRA:SRX4229312.36902608.1	98.684	76	1	0	3230	3305	1	76	4.55e-28	135
CFAV-Zik_Uganda_2016	SRA:SRX4229312.35671320.1	98.684	76	1	0	10350	10425	1	76	4.55e-28	135
CFAV-Zik_Uganda_2016	SRA:SRX4229312.30159634.2	98.684	76	1	0	3294	3369	1	76	4.55e-28	135
CFAV-Zik_Uganda_2016	SRA:SRX4229312.30159634.1	98.684	76	1	0	3359	3434	76	1	4.55e-28	135
CFAV-Zik_Uganda_2016	SRA:SRX4229312.29885103.2	98.684	76	1	0	6157	6232	76	1	4.55e-28	135
CFAV-Zik_Uganda_2016	SRA:SRX4229312.29230797.1	98.684	76	1	0	3658	3733	76	1	4.55e-28	135
CFAV-Zik_Uganda_2016	SRA:SRX4229312.26993634.2	98.684	76	1	0	5219	5294	1	76	4.55e-28	135
CFAV-Zik_Uganda_2016	SRA:SRX4229312.26993634.1	98.684	76	1	0	5275	5350	76	1	4.55e-28	135
CFAV-Zik_Uganda_2016	SRA:SRX4229312.24495183.1	98.684	76	1	0	9587	9662	76	1	4.55e-28	135
CFAV-Zik_Uganda_2016	SRA:SRX4229312.23161060.2	98.684	76	1	0	8676	8751	1	76	4.55e-28	135
CFAV-Zik_Uganda_2016	SRA:SRX4229312.22523165.2	98.684	76	1	0	3309	3384	1	76	4.55e-28	135
CFAV-Zik_Uganda_2016	SRA:SRX4229312.22523165.1	98.684	76	1	0	3361	3436	76	1	4.55e-28	135
CFAV-Zik_Uganda_2016	SRA:SRX4229312.20105536.1	98.684	76	1	0	8676	8751	1	76	4.55e-28	135
CFAV-Zik_Uganda_2016	SRA:SRX4229312.14151927.2	98.684	76	1	0	8676	8751	1	76	4.55e-28	135
CFAV-Zik_Uganda_2016	SRA:SRX4229312.13360349.2	98.684	76	1	0	281	356	1	76	4.55e-28	135
CFAV-Zik_Uganda_2016	SRA:SRX4229312.11241085.1	98.684	76	1	0	10477	10552	76	1	4.55e-28	135
CFAV-Zik_Uganda_2016	SRA:SRX4229312.5820175.2	98.684	76	1	0	8016	8091	1	76	4.55e-28	135
CFAV-Zik_Uganda_2016	SRA:SRX4229312.1305998.2	98.684	76	1	0	281	356	1	76	4.55e-28	135
CFAV-Zik_Uganda_2016	SRA:SRX4229312.36214933.1	98.667	75	1	0	9604	9678	1	75	1.64e-27	134
CFAV-Zik_Uganda_2016	SRA:SRX4229312.3461301.1	98.667	75	1	0	2763	2837	1	75	1.64e-27	134
CFAV-Zik_Uganda_2016	SRA:SRX4229312.38795601.1	97.368	76	2	0	6863	6938	1	76	2.12e-26	130
CFAV-Zik_Uganda_2016	SRA:SRX4229312.35671320.2	98.649	74	0	1	10398	10471	73	1	2.12e-26	130
CFAV-Zik_Uganda_2016	SRA:SRX4229312.29230797.2	97.368	76	2	0	3634	3709	1	76	2.12e-26	130
CFAV-Zik_Uganda_2016	SRA:SRX4229312.26714212.2	97.368	76	2	0	5081	5156	76	1	2.12e-26	130
CFAV-Zik_Uganda_2016	SRA:SRX4229312.26714212.1	97.368	76	2	0	4970	5045	1	76	2.12e-26	130
CFAV-Zik_Uganda_2016	SRA:SRX4229312.23161060.1	97.368	76	2	0	8734	8809	76	1	2.12e-26	130
CFAV-Zik_Uganda_2016	SRA:SRX4229312.22245640.2	97.368	76	2	0	8614	8689	76	1	2.12e-26	130
CFAV-Zik_Uganda_2016	SRA:SRX4229312.20105536.2	97.368	76	2	0	8776	8851	76	1	2.12e-26	130
CFAV-Zik_Uganda_2016	SRA:SRX4229312.14151927.1	97.368	76	2	0	8734	8809	76	1	2.12e-26	130
CFAV-Zik_Uganda_2016	SRA:SRX4229312.13360349.1	97.297	74	2	0	338	411	76	3	2.74e-25	126
CFAV-Zik_Uganda_2016	SRA:SRX4229312.1305998.1	97.297	74	2	0	338	411	76	3	2.74e-25	126
CFAV-Zik_Uganda_2016	SRA:SRX4229312.36214933.2	96.053	76	3	0	9689	9764	76	1	9.86e-25	124
CFAV-Zik_Uganda_2016	SRA:SRX4229312.34712229.2	96.053	76	3	0	5434	5509	76	1	9.86e-25	124
CFAV-Zik_Uganda_2016	SRA:SRX4229312.34712229.1	96.053	76	3	0	5325	5400	1	76	9.86e-25	124
CFAV-Zik_Uganda_2016	SRA:SRX4229312.29885103.1	96.053	76	3	0	6021	6096	1	76	9.86e-25	124
CFAV-Zik_Uganda_2016	SRA:SRX4229312.19199091.2	96.053	76	3	0	9697	9772	1	76	9.86e-25	124
CFAV-Zik_Uganda_2016	SRA:SRX4229312.16576727.1	96.053	76	3	0	944	1019	1	76	9.86e-25	124
CFAV-Zik_Uganda_2016	SRA:SRX4229312.9190576.2	96.053	76	3	0	4986	5061	76	1	9.86e-25	124
CFAV-Zik_Uganda_2016	SRA:SRX4229312.6441053.1	96.053	76	3	0	2842	2917	1	76	9.86e-25	124
CFAV-Zik_Uganda_2016	SRA:SRX4229312.4442034.2	96.053	76	3	0	8437	8512	76	1	9.86e-25	124
CFAV-Zik_Uganda_2016	SRA:SRX4229312.2980983.2	96.053	76	3	0	2410	2485	76	1	9.86e-25	124
CFAV-Zik_Uganda_2016	SRA:SRX4229312.2980983.1	96.053	76	3	0	2338	2413	1	76	9.86e-25	124
CFAV-Zik_Uganda_2016	SRA:SRX4229312.13943429.2	95.946	74	3	0	6024	6097	1	74	1.27e-23	121
CFAV-Zik_Uganda_2016	SRA:SRX4229312.19676693.2	94.737	76	4	0	222	297	1	76	4.59e-23	119
CFAV-Zik_Uganda_2016	SRA:SRX4229312.10010411.2	94.737	76	4	0	4096	4171	76	1	4.59e-23	119
CFAV-Zik_Uganda_2016	SRA:SRX4229312.6441053.2	94.737	76	4	0	2889	2964	76	1	4.59e-23	119
CFAV-Zik_Uganda_2016	SRA:SRX4229312.5820175.1	94.737	76	4	0	8215	8290	76	1	4.59e-23	119
CFAV-Zik_Uganda_2016	SRA:SRX4229312.4442034.1	94.737	76	4	0	8409	8484	1	76	4.59e-23	119
CFAV-Zik_Uganda_2016	SRA:SRX4229312.18528071.2	94.667	75	4	0	219	293	76	2	1.65e-22	117
CFAV-Zik_Uganda_2016	SRA:SRX4229312.39825122.2	93.421	76	5	0	1430	1505	76	1	2.13e-21	113
CFAV-Zik_Uganda_2016	SRA:SRX4229312.15697309.2	94.521	73	4	0	10200	10272	1	73	2.13e-21	113
CFAV-Zik_Uganda_2016	SRA:SRX4229312.19199091.1	93.333	75	5	0	9859	9933	75	1	7.67e-21	111
CFAV-Zik_Uganda_2016	SRA:SRX4229312.15063809.1	92.105	76	6	0	1883	1958	76	1	9.93e-20	108
CFAV-Zik_Uganda_2016	SRA:SRX4229312.19850271.2	96.552	58	2	0	9137	9194	58	1	2.15e-16	97.1
CFAV-Zik_Uganda_2016	SRA:SRX4229312.19850271.1	94.915	59	3	0	9134	9192	17	75	2.78e-15	93.5
CFAV-Zik_Uganda_2016	SRA:SRX4229312.10438605.1	97.222	36	1	0	811	846	41	76	7.84e-06	62.1
