CFAV-Bangkok_Thailand_2015	SRA:SRX655680.1882007.1	100.000	36	0	0	4084	4119	36	1	2.49e-09	67.6
CFAV-Bangkok_Thailand_2015	SRA:SRX655680.5792851.1	100.000	29	0	0	4022	4050	29	1	1.94e-05	54.7
CFAV-Bangkok_Thailand_2015	SRA:SRX655680.4034798.1	100.000	29	0	0	3965	3993	29	1	1.94e-05	54.7
CFAV-Bangkok_Thailand_2015	SRA:SRX655680.3613063.1	100.000	29	0	0	4037	4065	29	1	1.94e-05	54.7
CFAV-Bangkok_Thailand_2015	SRA:SRX655680.642708.1	100.000	29	0	0	3965	3993	29	1	1.94e-05	54.7
CFAV-Bangkok_Thailand_2015	SRA:SRX655680.5120311.1	100.000	28	0	0	4023	4050	28	1	6.97e-05	52.8
CFAV-Bangkok_Thailand_2015	SRA:SRX655680.4466166.1	100.000	28	0	0	10470	10497	1	28	6.97e-05	52.8
CFAV-Bangkok_Thailand_2015	SRA:SRX655680.1610698.1	100.000	28	0	0	3910	3937	28	1	6.97e-05	52.8
CFAV-Bangkok_Thailand_2015	SRA:SRX655680.551243.1	100.000	28	0	0	4023	4050	28	1	6.97e-05	52.8
NC_001564	SRA:SRX655680.1882007.1	100.000	36	0	0	4091	4126	36	1	2.49e-09	67.6
NC_001564	SRA:SRX655680.5792851.1	100.000	29	0	0	4029	4057	29	1	1.94e-05	54.7
NC_001564	SRA:SRX655680.4034798.1	100.000	29	0	0	3972	4000	29	1	1.94e-05	54.7
NC_001564	SRA:SRX655680.3613063.1	100.000	29	0	0	4044	4072	29	1	1.94e-05	54.7
NC_001564	SRA:SRX655680.2339467.1	100.000	29	0	0	8661	8689	1	29	1.94e-05	54.7
NC_001564	SRA:SRX655680.642708.1	100.000	29	0	0	3972	4000	29	1	1.94e-05	54.7
NC_001564	SRA:SRX655680.5120311.1	100.000	28	0	0	4030	4057	28	1	6.98e-05	52.8
NC_001564	SRA:SRX655680.551243.1	100.000	28	0	0	4030	4057	28	1	6.98e-05	52.8
CFAV-Cairns_Australia_2014	SRA:SRX655680.5792851.1	100.000	29	0	0	4028	4056	29	1	1.94e-05	54.7
CFAV-Cairns_Australia_2014	SRA:SRX655680.4034798.1	100.000	29	0	0	3971	3999	29	1	1.94e-05	54.7
CFAV-Cairns_Australia_2014	SRA:SRX655680.3613063.1	100.000	29	0	0	4043	4071	29	1	1.94e-05	54.7
CFAV-Cairns_Australia_2014	SRA:SRX655680.642708.1	100.000	29	0	0	3971	3999	29	1	1.94e-05	54.7
CFAV-Cairns_Australia_2014	SRA:SRX655680.5120311.1	100.000	28	0	0	4029	4056	28	1	6.99e-05	52.8
CFAV-Cairns_Australia_2014	SRA:SRX655680.4466166.1	100.000	28	0	0	10476	10503	1	28	6.99e-05	52.8
CFAV-Cairns_Australia_2014	SRA:SRX655680.551243.1	100.000	28	0	0	4029	4056	28	1	6.99e-05	52.8
CFAV-Macapa2_Brazil_2017	SRA:SRX655680.4034798.1	100.000	29	0	0	3972	4000	29	1	1.94e-05	54.7
CFAV-Macapa2_Brazil_2017	SRA:SRX655680.3613063.1	100.000	29	0	0	4044	4072	29	1	1.94e-05	54.7
CFAV-Macapa2_Brazil_2017	SRA:SRX655680.642708.1	100.000	29	0	0	3972	4000	29	1	1.94e-05	54.7
CFAV-Macapa2_Brazil_2017	SRA:SRX655680.4466166.1	100.000	28	0	0	10477	10504	1	28	6.99e-05	52.8
CFAV-KC_Cambodia_2015	SRA:SRX655680.1882007.1	100.000	36	0	0	4102	4137	36	1	2.50e-09	67.6
CFAV-KC_Cambodia_2015	SRA:SRX655680.5792851.1	100.000	29	0	0	4040	4068	29	1	1.94e-05	54.7
CFAV-KC_Cambodia_2015	SRA:SRX655680.3613063.1	100.000	29	0	0	4055	4083	29	1	1.94e-05	54.7
CFAV-KC_Cambodia_2015	SRA:SRX655680.2339467.1	100.000	29	0	0	8672	8700	1	29	1.94e-05	54.7
CFAV-KC_Cambodia_2015	SRA:SRX655680.5120311.1	100.000	28	0	0	4041	4068	28	1	6.99e-05	52.8
CFAV-KC_Cambodia_2015	SRA:SRX655680.4466166.1	100.000	28	0	0	10488	10515	1	28	6.99e-05	52.8
CFAV-KC_Cambodia_2015	SRA:SRX655680.551243.1	100.000	28	0	0	4041	4068	28	1	6.99e-05	52.8
CFAV-Zik_Uganda_2016	SRA:SRX655680.5792851.1	100.000	29	0	0	4040	4068	29	1	1.94e-05	54.7
CFAV-Zik_Uganda_2016	SRA:SRX655680.4034798.1	100.000	29	0	0	3983	4011	29	1	1.94e-05	54.7
CFAV-Zik_Uganda_2016	SRA:SRX655680.2339467.1	100.000	29	0	0	8672	8700	1	29	1.94e-05	54.7
CFAV-Zik_Uganda_2016	SRA:SRX655680.642708.1	100.000	29	0	0	3983	4011	29	1	1.94e-05	54.7
CFAV-Zik_Uganda_2016	SRA:SRX655680.6377033.1	100.000	28	0	0	8655	8682	1	28	6.99e-05	52.8
CFAV-Zik_Uganda_2016	SRA:SRX655680.5120311.1	100.000	28	0	0	4041	4068	28	1	6.99e-05	52.8
CFAV-Zik_Uganda_2016	SRA:SRX655680.4466166.1	100.000	28	0	0	10488	10515	1	28	6.99e-05	52.8
CFAV-Zik_Uganda_2016	SRA:SRX655680.3613063.1	100.000	28	0	0	4055	4082	29	2	6.99e-05	52.8
CFAV-Zik_Uganda_2016	SRA:SRX655680.551243.1	100.000	28	0	0	4041	4068	28	1	6.99e-05	52.8
